
 afxDebug_w32.c:394
  AfxAttachDebugTerminal()
      ::::::::  :::       :::     :::     :::::::::  :::::::::   ::::::::      
     :+:    :+: :+:       :+:   :+: :+:   :+:    :+: :+:    :+: :+:    :+:     
     +:+    +:+ +:+       +:+  +:+   +:+  +:+    +:+ +:+    +:+ +:+    +:+     
     +#+    +:+ +#+  +:+  +#+ +#++:++#++: +#+    +:+ +#++:++#:  +#+    +:+     
     +#+  # +#+ +#+ +#+#+ +#+ +#+     +#+ +#+    +#+ +#+    +#+ +#+    +#+     
     #+#   +#+   #+#+# #+#+#  #+#     #+# #+#    #+# #+#    #+# #+#    #+#     
      ###### ###  ###   ###   ###     ### #########  ###    ###  ########      
                                                                               
              Q W A D R O   E X E C U T I O N   E C O S Y S T E M              
                                                                               
                               Public Test Build                               
              (c) 2017 SIGMA Technology Group --- Federacao SIGMA              
                                www.sigmaco.org                                
                                                                               
 Installing Qwadro Execution Ecosystem at 10030728...
 afxClass<Qwadro Execution Ecosystem>::ConstructObject(006617b0)
 afxSystem_w32.c:317
  _AfxSysCtor(sys=006617b0)
 Installing Thread Execution Unit at 00662ef0 by 006627f8...
 Entering the Thread Execution Environment 5636
 afxClass<Thread Execution Unit>::ConstructObject(006338c0)
 afxTxu_w32.c:399
  _AfxTxuCtor(006338c0)
 Installing Memory Management Unit at 0066280c by 006627f8...
 Installing Thread at 00662e2c by 006627f8...
 Installing Device at 00662fb4 by 006627f8...
 Installing Autonomous Service at 00663078 by 006627f8...
 Installing File at 006632c4 by 006627f8...
 Installing I/O Stream at 0066313c by 006627f8...
 Installing Codec at 00663200 by 006627f8...
 Installing File Archive at 00663388 by 006627f8 over 006632c4...
 Installing Executable & Linkable Module at 00662994 by 006627f8...
 Installing Installable Client Driver at 00662a58 by 006627f8 over 00662994...
 Installing File System at 0066344c by 006627f8...
 Installing Application at 006635d4 by 006627f8...
 Installing Human Input Device at 00662b1c by 006627f8 over 00662fb4...
 Installing Keyboard at 00662be0 by 006627f8 over 00662b1c...
 Installing Mouse at 00662ca4 by 006627f8 over 00662b1c...
 Installing Controller at 00662d68 by 006627f8 over 00662b1c...
 Installing String Catalog at 006628d0 by 006627f8...
 Installing Simulation at 00663510 by 006627f8...
 [!] afxSystem_w32.c:500?_AfxSysCtor
  Memory page size: 4096
 [!] afxSystem_w32.c:501?_AfxSysCtor
  Logical processor count: 1
 afxClass<Memory Management Unit>::ConstructObject(00660370)
 afxArena.c:768
  AfxAllocateArena(aren=00663704)
 afxArena.c:769
  AfxAllocateArena(spec=00000000,hint="afxSystem_w32.c:514!_AfxSysCtor")
 afxClass<File System>::ConstructObject(00665ad0)