
 afxDebug.c:363?AfxAttachDebugTerminal()
      ::::::::  :::       :::     :::     :::::::::  :::::::::   ::::::::      
     :+:    :+: :+:       :+:   :+: :+:   :+:    :+: :+:    :+: :+:    :+:     
     +:+    +:+ +:+       +:+  +:+   +:+  +:+    +:+ +:+    +:+ +:+    +:+     
     +#+    +:+ +#+  +:+  +#+ +#++:++#++: +#+    +:+ +#++:++#:  +#+    +:+     
     +#+  # +#+ +#+ +#+#+ +#+ +#+     +#+ +#+    +#+ +#+    +#+ +#+    +#+     
     #+#   +#+   #+#+# #+#+#  #+#     #+# #+#    #+# #+#    #+# #+#    #+#     
      ###### ###  ###   ###   ###     ### #########  ###    ###  ########      
                                                                               
             S I G M A   C O . ,   T E C H N O L O G Y   G R O U P             
                                                                             
                                    4D AFX                                   
                              Public Test Build                              
                     (c) 2017 SIGMA Co., Technology Group                    
                               www.sigmaco.org                               
                                                                             
                                                                             
 Core Execution System class registered.
 Class[Core Execution System].ConstructInstances(1, 000000000026e4d0, 000000000026e4d8)
 Constructing instance 0000000000442220 of Core Execution System.
 afxSystem.c:802?_AfxSysCtor(sys=0000000000442220)
 ADV afxSystem.c:818?_AfxSysCtor
    Memoy page size: 4096
 ADV afxSystem.c:819?_AfxSysCtor
    Logical processor count: 2
 Allocator class registered.
 Memory Arena class registered.
 afxAllocator.c:244?AfxSystemAcquireAllocator(sys=0000000000442220,strategy=000000000026cae0,hint="afxSystem.c:837!_AfxSysCtor")
 Class[Allocator].ConstructInstances(1, 000000000026c760, 000000000026c768)
 Constructing instance 000000000043d0b0 of Allocator.
 afxAllocator.c:281?_AfxAllCtor(all=000000000043d0b0)
 Instance 000000000043d0b0[all]^1 built.
 Thread class registered.
 File System class registered.
 afxFileSystem.c:500?AfxSystemAcquireFileSystem(AfxSystem[0000000000442220].AcquireFileSystem(5,000000000026cdc0))
 Class[File System].ConstructInstances(1, 000000000026c760, 000000000026c768)
 Constructing instance 0000000000444260 of File System.
 afxFileSystem.c:548?_AfxFsysCtor(fsys=0000000000444260)
 I/O Stream class registered.
 File class registered.
 Archive class registered.
 Resource class registered.
 Uniform Resource Dictionary class registered.
 Point "." rwx[1,0,0] mounted -> "E:/qwadro/afx".
 Point "system" rwx[1,0,0] mounted -> "E:/qwadro/afx/system64".
 Point "art" rwx[1,0,0] mounted -> "E:/qwadro/afx/art".
 Point "data" rwx[1,0,0] mounted -> "E:/qwadro/afx/data".
 Point "sound" rwx[1,0,0] mounted -> "E:/qwadro/afx/sound".
 Instance 0000000000444260[fsys]^1 built.
 Module class registered.
 afxModule.c:72?AfxSystemAcquireModule(sys=0000000000442220,uri=system/e2coree.dll)
 Class[Module].ConstructInstances(1, 000000000026c6a0, 000000000026c6a8)
 Constructing instance 0000000000445b00 of Module.
 afxModule.c:123?_AfxMdleCtor(uri:system/e2coree.dll)
 Instance 0000000000445b00[mdle]^1 built.
 HID class registered.
 Keyboard class registered.
 Mouse class registered.
 Draw System class registered.
 Application class registered.
 afxKeyboard.c:163?AfxSystemAcquireKeyboard(sys=0000000000442220,port=0)
 Class[Keyboard].ConstructInstances(1, 000000000026c7a0, 000000000026c7a8)
 Constructing instance 0000000000445c20 of Keyboard : HID.
 Constructing instance 0000000000445c20 of HID.
 afxHid.c:56?_AfxHidCtor(hid=0000000000445c20)
 Constructing instance 0000000000445c20 of Keyboard.
 afxKeyboard.c:203?_AfxKbdCtor(kbd=0000000000445c20)
 Instance 0000000000445c20[kbd]^1 built.
 Instance 0000000000442220[sys]^1 built.
 afxDrawSystem.c:318?AfxSystemAcquireDrawSystem(sys=0000000000442220)
 Class[Draw System].ConstructInstances(1, 000000000026e4e0, 000000000026e4e8)
 Constructing instance 0000000000446510 of Draw System.
 afxDrawSystem.c:399?_AfxDsysCtor(dsys=0000000000446510)
 Draw Driver class registered.
New texture codec registered.
Name: SIGGL
Author: SIGMA Technology Group
Version: 0.5.1
Note: 
    :::::::::::     :::     :::::::::   ::::::::      :::        
        :+:       :+: :+:   :+:    :+: :+:    :+:   :+: :+:      
        +:+      +:+   +:+  +:+    +:+ +:+         +:+   +:+     
        +#+     +#++:++#++: +#++:++#:  :#:        +#++:++#++:    
        +#+     +#+     +#+ +#+    +#+ +#+   +#+# +#+     +#+    
        #+#     #+#     #+# #+#    #+# #+#    #+# #+#     #+#    
        ###     ###     ### ###    ###  ########  ###     ###    
                                                                 
                      SIGMA Technology Group                     
 Truecolor Targa texture serializer installed!
 afxModule.c:72?AfxSystemAcquireModule(sys=0000000000442220,uri=e2draw.icd)
 Class[Module].ConstructInstances(1, 000000000026db10, 000000000026db18)
 Constructing instance 0000000000446760 of Module.
 afxModule.c:123?_AfxMdleCtor(uri:e2draw.icd)
 Instance 0000000000446760[mdle]^1 built.
 Listing all available display devices...

 #0 = Intel(R) HD Graphics (\\.\DISPLAY1) 8000005
 #1 = RDPDD Chained DD (\\.\DISPLAYV1) 200008
 #2 = RDP Encoder Mirror Driver (\\.\DISPLAYV2) 200008
 #3 = RDP Reflector Display Driver (\\.\DISPLAYV3) 200008
 sglDriver.c:1251?_SglCreateCombinedDeviceContext(oglWndClss=000000000044aa10,shareCtx=0000000000000000,phwnd=000000000044aa60,phdc=000000000044aa68,phrc=000000000044aa78)
 sglDriver.c:770?_SglLoadVmt(vmt=000000000044aa80,verMajor=1,verMinor=0)
 glCullFace @ 0 found.
 glFrontFace @ 1 found.
 glHint @ 2 found.
 glLineWidth @ 3 found.
 glPointSize @ 4 found.
 glPolygonMode @ 5 found.
 glScissor @ 6 found.
 glTexParameterf @ 7 found.
 glTexParameterfv @ 8 found.
 glTexParameteri @ 9 found.
 glTexParameteriv @ 10 found.
 glTexImage1D @ 11 found.
 glTexImage2D @ 12 found.
 glDrawBuffer @ 13 found.
 glClear @ 14 found.
 glClearColor @ 15 found.
 glClearStencil @ 16 found.
 glClearDepth @ 17 found.
 glStencilMask @ 18 found.
 glColorMask @ 19 found.
 glDepthMask @ 20 found.
 glDisable @ 21 found.
 glEnable @ 22 found.
 glFinish @ 23 found.
 glFlush @ 24 found.
 glBlendFunc @ 25 found.
 glLogicOp @ 26 found.
 glStencilFunc @ 27 found.
 glStencilOp @ 28 found.
 glDepthFunc @ 29 found.
 glPixelStoref @ 30 found.
 glPixelStorei @ 31 found.
 glReadBuffer @ 32 found.
 glReadPixels @ 33 found.
 glGetBooleanv @ 34 found.
 glGetDoublev @ 35 found.
 glGetError @ 36 found.
 glGetFloatv @ 37 found.
 glGetIntegerv @ 38 found.
 glGetString @ 39 found.
 glGetTexImage @ 40 found.
 glGetTexParameterfv @ 41 found.
 glGetTexParameteriv @ 42 found.
 glGetTexLevelParameterfv @ 43 found.
 glGetTexLevelParameteriv @ 44 found.
 glIsEnabled @ 45 found.
 glDepthRange @ 46 found.
 glViewport @ 47 found.
 sglDriver.c:770?_SglLoadVmt(vmt=000000000044aa80,verMajor=4,verMinor=6)
 glCullFace @ 0 found.
 glFrontFace @ 1 found.
 glHint @ 2 found.
 glLineWidth @ 3 found.
 glPointSize @ 4 found.
 glPolygonMode @ 5 found.
 glScissor @ 6 found.
 glTexParameterf @ 7 found.
 glTexParameterfv @ 8 found.
 glTexParameteri @ 9 found.
 glTexParameteriv @ 10 found.
 glTexImage1D @ 11 found.
 glTexImage2D @ 12 found.
 glDrawBuffer @ 13 found.
 glClear @ 14 found.
 glClearColor @ 15 found.
 glClearStencil @ 16 found.
 glClearDepth @ 17 found.
 glStencilMask @ 18 found.
 glColorMask @ 19 found.
 glDepthMask @ 20 found.
 glDisable @ 21 found.
 glEnable @ 22 found.
 glFinish @ 23 found.
 glFlush @ 24 found.
 glBlendFunc @ 25 found.
 glLogicOp @ 26 found.
 glStencilFunc @ 27 found.
 glStencilOp @ 28 found.
 glDepthFunc @ 29 found.
 glPixelStoref @ 30 found.
 glPixelStorei @ 31 found.
 glReadBuffer @ 32 found.
 glReadPixels @ 33 found.
 glGetBooleanv @ 34 found.
 glGetDoublev @ 35 found.
 glGetError @ 36 found.
 glGetFloatv @ 37 found.
 glGetIntegerv @ 38 found.
 glGetString @ 39 found.
 glGetTexImage @ 40 found.
 glGetTexParameterfv @ 41 found.
 glGetTexParameteriv @ 42 found.
 glGetTexLevelParameterfv @ 43 found.
 glGetTexLevelParameteriv @ 44 found.
 glIsEnabled @ 45 found.
 glDepthRange @ 46 found.
 glViewport @ 47 found.
 glDrawArrays @ 48 found.
 glDrawElements @ 49 found.
 glGetPointerv @ 50 found.
 glPolygonOffset @ 51 found.
 glCopyTexImage1D @ 52 found.
 glCopyTexImage2D @ 53 found.
 glCopyTexSubImage1D @ 54 found.
 glCopyTexSubImage2D @ 55 found.
 glTexSubImage1D @ 56 found.
 glTexSubImage2D @ 57 found.
 glBindTexture @ 58 found.
 glDeleteTextures @ 59 found.
 glGenTextures @ 60 found.
 glIsTexture @ 61 found.
 glDrawRangeElements @ 62 found.
 glTexImage3D @ 63 found.
 glTexSubImage3D @ 64 found.
 glCopyTexSubImage3D @ 65 found.
 glActiveTexture @ 66 found.
 glSampleCoverage @ 67 found.
 glCompressedTexImage3D @ 68 found.
 glCompressedTexImage2D @ 69 found.
 glCompressedTexImage1D @ 70 found.
 glCompressedTexSubImage3D @ 71 found.
 glCompressedTexSubImage2D @ 72 found.
 glCompressedTexSubImage1D @ 73 found.
 glGetCompressedTexImage @ 74 found.
 glBlendFuncSeparate @ 75 found.
 glMultiDrawArrays @ 76 found.
 glMultiDrawElements @ 77 found.
 glPointParameterf @ 78 found.
 glPointParameterfv @ 79 found.
 glPointParameteri @ 80 found.
 glPointParameteriv @ 81 found.
 glBlendColor @ 82 found.
 glBlendEquation @ 83 found.
 glGenQueries @ 84 found.
 glDeleteQueries @ 85 found.
 glIsQuery @ 86 found.
 glBeginQuery @ 87 found.
 glEndQuery @ 88 found.
 glGetQueryiv @ 89 found.
 glGetQueryObjectiv @ 90 found.
 glGetQueryObjectuiv @ 91 found.
 glBindBuffer @ 92 found.
 glDeleteBuffers @ 93 found.
 glGenBuffers @ 94 found.
 glIsBuffer @ 95 found.
 glBufferData @ 96 found.
 glBufferSubData @ 97 found.
 glGetBufferSubData @ 98 found.
 glMapBuffer @ 99 found.
 glUnmapBuffer @ 100 found.
 glGetBufferParameteriv @ 101 found.
 glGetBufferPointerv @ 102 found.
 glBlendEquationSeparate @ 103 found.
 glDrawBuffers @ 104 found.
 glStencilOpSeparate @ 105 found.
 glStencilFuncSeparate @ 106 found.
 glStencilMaskSeparate @ 107 found.
 glAttachShader @ 108 found.
 glBindAttribLocation @ 109 found.
 glCompileShader @ 110 found.
 glCreateProgram @ 111 found.
 glCreateShader @ 112 found.
 glDeleteProgram @ 113 found.
 glDeleteShader @ 114 found.
 glDetachShader @ 115 found.
 glDisableVertexAttribArray @ 116 found.
 glEnableVertexAttribArray @ 117 found.
 glGetActiveAttrib @ 118 found.
 glGetActiveUniform @ 119 found.
 glGetAttachedShaders @ 120 found.
 glGetAttribLocation @ 121 found.
 glGetProgramiv @ 122 found.
 glGetProgramInfoLog @ 123 found.
 glGetShaderiv @ 124 found.
 glGetShaderInfoLog @ 125 found.
 glGetShaderSource @ 126 found.
 glGetUniformLocation @ 127 found.
 glGetUniformfv @ 128 found.
 glGetUniformiv @ 129 found.
 glGetVertexAttribdv @ 130 found.
 glGetVertexAttribfv @ 131 found.
 glGetVertexAttribiv @ 132 found.
 glGetVertexAttribPointerv @ 133 found.
 glIsProgram @ 134 found.
 glIsShader @ 135 found.
 glLinkProgram @ 136 found.
 glShaderSource @ 137 found.
 glUseProgram @ 138 found.
 glUniform1f @ 139 found.
 glUniform2f @ 140 found.
 glUniform3f @ 141 found.
 glUniform4f @ 142 found.
 glUniform1i @ 143 found.
 glUniform2i @ 144 found.
 glUniform3i @ 145 found.
 glUniform4i @ 146 found.
 glUniform1fv @ 147 found.
 glUniform2fv @ 148 found.
 glUniform3fv @ 149 found.
 glUniform4fv @ 150 found.
 glUniform1iv @ 151 found.
 glUniform2iv @ 152 found.
 glUniform3iv @ 153 found.
 glUniform4iv @ 154 found.
 glUniformMatrix2fv @ 155 found.
 glUniformMatrix3fv @ 156 found.
 glUniformMatrix4fv @ 157 found.
 glValidateProgram @ 158 found.
 glVertexAttrib1d @ 159 found.
 glVertexAttrib1dv @ 160 found.
 glVertexAttrib1f @ 161 found.
 glVertexAttrib1fv @ 162 found.
 glVertexAttrib1s @ 163 found.
 glVertexAttrib1sv @ 164 found.
 glVertexAttrib2d @ 165 found.
 glVertexAttrib2dv @ 166 found.
 glVertexAttrib2f @ 167 found.
 glVertexAttrib2fv @ 168 found.
 glVertexAttrib2s @ 169 found.
 glVertexAttrib2sv @ 170 found.
 glVertexAttrib3d @ 171 found.
 glVertexAttrib3dv @ 172 found.
 glVertexAttrib3f @ 173 found.
 glVertexAttrib3fv @ 174 found.
 glVertexAttrib3s @ 175 found.
 glVertexAttrib3sv @ 176 found.
 glVertexAttrib4Nbv @ 177 found.
 glVertexAttrib4Niv @ 178 found.
 glVertexAttrib4Nsv @ 179 found.
 glVertexAttrib4Nub @ 180 found.
 glVertexAttrib4Nubv @ 181 found.
 glVertexAttrib4Nuiv @ 182 found.
 glVertexAttrib4Nusv @ 183 found.
 glVertexAttrib4bv @ 184 found.
 glVertexAttrib4d @ 185 found.
 glVertexAttrib4dv @ 186 found.
 glVertexAttrib4f @ 187 found.
 glVertexAttrib4fv @ 188 found.
 glVertexAttrib4iv @ 189 found.
 glVertexAttrib4s @ 190 found.
 glVertexAttrib4sv @ 191 found.
 glVertexAttrib4ubv @ 192 found.
 glVertexAttrib4uiv @ 193 found.
 glVertexAttrib4usv @ 194 found.
 glVertexAttribPointer @ 195 found.
 glUniformMatrix2x3fv @ 196 found.
 glUniformMatrix3x2fv @ 197 found.
 glUniformMatrix2x4fv @ 198 found.
 glUniformMatrix4x2fv @ 199 found.
 glUniformMatrix3x4fv @ 200 found.
 glUniformMatrix4x3fv @ 201 found.
 glColorMaski @ 202 found.
 glGetBooleani_v @ 203 found.
 glGetIntegeri_v @ 204 found.
 glEnablei @ 205 found.
 glDisablei @ 206 found.
 glIsEnabledi @ 207 found.
 glBeginTransformFeedback @ 208 found.
 glEndTransformFeedback @ 209 found.
 glBindBufferRange @ 210 found.
 glBindBufferBase @ 211 found.
 glTransformFeedbackVaryings @ 212 found.
 glGetTransformFeedbackVarying @ 213 found.
 glClampColor @ 214 found.
 glBeginConditionalRender @ 215 found.
 glEndConditionalRender @ 216 found.
 glVertexAttribIPointer @ 217 found.
 glGetVertexAttribIiv @ 218 found.
 glGetVertexAttribIuiv @ 219 found.
 glVertexAttribI1i @ 220 found.
 glVertexAttribI2i @ 221 found.
 glVertexAttribI3i @ 222 found.
 glVertexAttribI4i @ 223 found.
 glVertexAttribI1ui @ 224 found.
 glVertexAttribI2ui @ 225 found.
 glVertexAttribI3ui @ 226 found.
 glVertexAttribI4ui @ 227 found.
 glVertexAttribI1iv @ 228 found.
 glVertexAttribI2iv @ 229 found.
 glVertexAttribI3iv @ 230 found.
 glVertexAttribI4iv @ 231 found.
 glVertexAttribI1uiv @ 232 found.
 glVertexAttribI2uiv @ 233 found.
 glVertexAttribI3uiv @ 234 found.
 glVertexAttribI4uiv @ 235 found.
 glVertexAttribI4bv @ 236 found.
 glVertexAttribI4sv @ 237 found.
 glVertexAttribI4ubv @ 238 found.
 glVertexAttribI4usv @ 239 found.
 glGetUniformuiv @ 240 found.
 glBindFragDataLocation @ 241 found.
 glGetFragDataLocation @ 242 found.
 glUniform1ui @ 243 found.
 glUniform2ui @ 244 found.
 glUniform3ui @ 245 found.
 glUniform4ui @ 246 found.
 glUniform1uiv @ 247 found.
 glUniform2uiv @ 248 found.
 glUniform3uiv @ 249 found.
 glUniform4uiv @ 250 found.
 glTexParameterIiv @ 251 found.
 glTexParameterIuiv @ 252 found.
 glGetTexParameterIiv @ 253 found.
 glGetTexParameterIuiv @ 254 found.
 glClearBufferiv @ 255 found.
 glClearBufferuiv @ 256 found.
 glClearBufferfv @ 257 found.
 glClearBufferfi @ 258 found.
 glGetStringi @ 259 found.
 glIsRenderbuffer @ 260 found.
 glBindRenderbuffer @ 261 found.
 glDeleteRenderbuffers @ 262 found.
 glGenRenderbuffers @ 263 found.
 glRenderbufferStorage @ 264 found.
 glGetRenderbufferParameteriv @ 265 found.
 glIsFramebuffer @ 266 found.
 glBindFramebuffer @ 267 found.
 glDeleteFramebuffers @ 268 found.
 glGenFramebuffers @ 269 found.
 glCheckFramebufferStatus @ 270 found.
 glFramebufferTexture1D @ 271 found.
 glFramebufferTexture2D @ 272 found.
 glFramebufferTexture3D @ 273 found.
 glFramebufferRenderbuffer @ 274 found.
 glGetFramebufferAttachmentParameteriv @ 275 found.
 glGenerateMipmap @ 276 found.
 glBlitFramebuffer @ 277 found.
 glRenderbufferStorageMultisample @ 278 found.
 glFramebufferTextureLayer @ 279 found.
 glMapBufferRange @ 280 found.
 glFlushMappedBufferRange @ 281 found.
 glBindVertexArray @ 282 found.
 glDeleteVertexArrays @ 283 found.
 glGenVertexArrays @ 284 found.
 glIsVertexArray @ 285 found.
 glDrawArraysInstanced @ 286 found.
 glDrawElementsInstanced @ 287 found.
 glTexBuffer @ 288 found.
 glPrimitiveRestartIndex @ 289 found.
 glCopyBufferSubData @ 290 found.
 glGetUniformIndices @ 291 found.
 glGetActiveUniformsiv @ 292 found.
 glGetActiveUniformName @ 293 found.
 glGetUniformBlockIndex @ 294 found.
 glGetActiveUniformBlockiv @ 295 found.
 glGetActiveUniformBlockName @ 296 found.
 glUniformBlockBinding @ 297 found.
 glDrawElementsBaseVertex @ 298 found.
 glDrawRangeElementsBaseVertex @ 299 found.
 glDrawElementsInstancedBaseVertex @ 300 found.
 glMultiDrawElementsBaseVertex @ 301 found.
 glProvokingVertex @ 302 found.
 glFenceSync @ 303 found.
 glIsSync @ 304 found.
 glDeleteSync @ 305 found.
 glClientWaitSync @ 306 found.
 glWaitSync @ 307 found.
 glGetInteger64v @ 308 found.
 glGetSynciv @ 309 found.
 glGetInteger64i_v @ 310 found.
 glGetBufferParameteri64v @ 311 found.
 glFramebufferTexture @ 312 found.
 glTexImage2DMultisample @ 313 found.
 glTexImage3DMultisample @ 314 found.
 glGetMultisamplefv @ 315 found.
 glSampleMaski @ 316 found.
 glBindFragDataLocationIndexed @ 317 found.
 glGetFragDataIndex @ 318 found.
 glGenSamplers @ 319 found.
 glDeleteSamplers @ 320 found.
 glIsSampler @ 321 found.
 glBindSampler @ 322 found.
 glSamplerParameteri @ 323 found.
 glSamplerParameteriv @ 324 found.
 glSamplerParameterf @ 325 found.
 glSamplerParameterfv @ 326 found.
 glSamplerParameterIiv @ 327 found.
 glSamplerParameterIuiv @ 328 found.
 glGetSamplerParameteriv @ 329 found.
 glGetSamplerParameterIiv @ 330 found.
 glGetSamplerParameterfv @ 331 found.
 glGetSamplerParameterIuiv @ 332 found.
 glQueryCounter @ 333 found.
 glGetQueryObjecti64v @ 334 found.
 glGetQueryObjectui64v @ 335 found.
 glVertexAttribDivisor @ 336 found.
 glVertexAttribP1ui @ 337 found.
 glVertexAttribP1uiv @ 338 found.
 glVertexAttribP2ui @ 339 found.
 glVertexAttribP2uiv @ 340 found.
 glVertexAttribP3ui @ 341 found.
 glVertexAttribP3uiv @ 342 found.
 glVertexAttribP4ui @ 343 found.
 glVertexAttribP4uiv @ 344 found.
 glMinSampleShading @ 345 found.
 glBlendEquationi @ 346 found.
 glBlendEquationSeparatei @ 347 found.
 glBlendFunci @ 348 found.
 glBlendFuncSeparatei @ 349 found.
 glDrawArraysIndirect @ 350 found.
 glDrawElementsIndirect @ 351 found.
 glUniform1d @ 352 found.
 glUniform2d @ 353 found.
 glUniform3d @ 354 found.
 glUniform4d @ 355 found.
 glUniform1dv @ 356 found.
 glUniform2dv @ 357 found.
 glUniform3dv @ 358 found.
 glUniform4dv @ 359 found.
 glUniformMatrix2dv @ 360 found.
 glUniformMatrix3dv @ 361 found.
 glUniformMatrix4dv @ 362 found.
 glUniformMatrix2x3dv @ 363 found.
 glUniformMatrix2x4dv @ 364 found.
 glUniformMatrix3x2dv @ 365 found.
 glUniformMatrix3x4dv @ 366 found.
 glUniformMatrix4x2dv @ 367 found.
 glUniformMatrix4x3dv @ 368 found.
 glGetUniformdv @ 369 found.
 glGetSubroutineUniformLocation @ 370 found.
 glGetSubroutineIndex @ 371 found.
 glGetActiveSubroutineUniformiv @ 372 found.
 glGetActiveSubroutineUniformName @ 373 found.
 glGetActiveSubroutineName @ 374 found.
 glUniformSubroutinesuiv @ 375 found.
 glGetUniformSubroutineuiv @ 376 found.
 glGetProgramStageiv @ 377 found.
 glPatchParameteri @ 378 found.
 glPatchParameterfv @ 379 found.
 glBindTransformFeedback @ 380 found.
 glDeleteTransformFeedbacks @ 381 found.
 glGenTransformFeedbacks @ 382 found.
 glIsTransformFeedback @ 383 found.
 glPauseTransformFeedback @ 384 found.
 glResumeTransformFeedback @ 385 found.
 glDrawTransformFeedback @ 386 found.
 glDrawTransformFeedbackStream @ 387 found.
 glBeginQueryIndexed @ 388 found.
 glEndQueryIndexed @ 389 found.
 glGetQueryIndexediv @ 390 found.
 glReleaseShaderCompiler @ 391 found.
 glShaderBinary @ 392 found.
 glGetShaderPrecisionFormat @ 393 found.
 glDepthRangef @ 394 found.
 glClearDepthf @ 395 found.
 glGetProgramBinary @ 396 found.
 glProgramBinary @ 397 found.
 glProgramParameteri @ 398 found.
 glUseProgramStages @ 399 found.
 glActiveShaderProgram @ 400 found.
 glCreateShaderProgramv @ 401 found.
 glBindProgramPipeline @ 402 found.
 glDeleteProgramPipelines @ 403 found.
 glGenProgramPipelines @ 404 found.
 glIsProgramPipeline @ 405 found.
 glGetProgramPipelineiv @ 406 found.
 glProgramUniform1i @ 407 found.
 glProgramUniform1iv @ 408 found.
 glProgramUniform1f @ 409 found.
 glProgramUniform1fv @ 410 found.
 glProgramUniform1d @ 411 found.
 glProgramUniform1dv @ 412 found.
 glProgramUniform1ui @ 413 found.
 glProgramUniform1uiv @ 414 found.
 glProgramUniform2i @ 415 found.
 glProgramUniform2iv @ 416 found.
 glProgramUniform2f @ 417 found.
 glProgramUniform2fv @ 418 found.
 glProgramUniform2d @ 419 found.
 glProgramUniform2dv @ 420 found.
 glProgramUniform2ui @ 421 found.
 glProgramUniform2uiv @ 422 found.
 glProgramUniform3i @ 423 found.
 glProgramUniform3iv @ 424 found.
 glProgramUniform3f @ 425 found.
 glProgramUniform3fv @ 426 found.
 glProgramUniform3d @ 427 found.
 glProgramUniform3dv @ 428 found.
 glProgramUniform3ui @ 429 found.
 glProgramUniform3uiv @ 430 found.
 glProgramUniform4i @ 431 found.
 glProgramUniform4iv @ 432 found.
 glProgramUniform4f @ 433 found.
 glProgramUniform4fv @ 434 found.
 glProgramUniform4d @ 435 found.
 glProgramUniform4dv @ 436 found.
 glProgramUniform4ui @ 437 found.
 glProgramUniform4uiv @ 438 found.
 glProgramUniformMatrix2fv @ 439 found.
 glProgramUniformMatrix3fv @ 440 found.
 glProgramUniformMatrix4fv @ 441 found.
 glProgramUniformMatrix2dv @ 442 found.
 glProgramUniformMatrix3dv @ 443 found.
 glProgramUniformMatrix4dv @ 444 found.
 glProgramUniformMatrix2x3fv @ 445 found.
 glProgramUniformMatrix3x2fv @ 446 found.
 glProgramUniformMatrix2x4fv @ 447 found.
 glProgramUniformMatrix4x2fv @ 448 found.
 glProgramUniformMatrix3x4fv @ 449 found.
 glProgramUniformMatrix4x3fv @ 450 found.
 glProgramUniformMatrix2x3dv @ 451 found.
 glProgramUniformMatrix3x2dv @ 452 found.
 glProgramUniformMatrix2x4dv @ 453 found.
 glProgramUniformMatrix4x2dv @ 454 found.
 glProgramUniformMatrix3x4dv @ 455 found.
 glProgramUniformMatrix4x3dv @ 456 found.
 glValidateProgramPipeline @ 457 found.
 glGetProgramPipelineInfoLog @ 458 found.
 glVertexAttribL1d @ 459 found.
 glVertexAttribL2d @ 460 found.
 glVertexAttribL3d @ 461 found.
 glVertexAttribL4d @ 462 found.
 glVertexAttribL1dv @ 463 found.
 glVertexAttribL2dv @ 464 found.
 glVertexAttribL3dv @ 465 found.
 glVertexAttribL4dv @ 466 found.
 glVertexAttribLPointer @ 467 found.
 glGetVertexAttribLdv @ 468 found.
 glViewportArrayv @ 469 found.
 glViewportIndexedf @ 470 found.
 glViewportIndexedfv @ 471 found.
 glScissorArrayv @ 472 found.
 glScissorIndexed @ 473 found.
 glScissorIndexedv @ 474 found.
 glDepthRangeArrayv @ 475 found.
 glDepthRangeIndexed @ 476 found.
 glGetFloati_v @ 477 found.
 glGetDoublei_v @ 478 found.
 glDrawArraysInstancedBaseInstance @ 479 found.
 glDrawElementsInstancedBaseInstance @ 480 found.
 glDrawElementsInstancedBaseVertexBaseInstance @ 481 found.
 glGetInternalformativ @ 482 found.
 glGetActiveAtomicCounterBufferiv @ 483 found.
 glBindImageTexture @ 484 found.
 glMemoryBarrier @ 485 found.
 glTexStorage1D @ 486 found.
 glTexStorage2D @ 487 found.
 glTexStorage3D @ 488 found.
 glDrawTransformFeedbackInstanced @ 489 found.
 glDrawTransformFeedbackStreamInstanced @ 490 found.
 glDispatchCompute @ 493 found.
 glDispatchComputeIndirect @ 494 found.
 glFramebufferParameteri @ 496 found.
 glGetFramebufferParameteriv @ 497 found.
 glGetInternalformati64v @ 498 found.
 glInvalidateFramebuffer @ 503 found.
 glInvalidateSubFramebuffer @ 504 found.
 glMultiDrawArraysIndirect @ 505 found.
 glMultiDrawElementsIndirect @ 506 found.
 glGetProgramInterfaceiv @ 507 found.
 glGetProgramResourceIndex @ 508 found.
 glGetProgramResourceName @ 509 found.
 glGetProgramResourceiv @ 510 found.
 glGetProgramResourceLocation @ 511 found.
 glGetProgramResourceLocationIndex @ 512 found.
 glShaderStorageBlockBinding @ 513 found.
 glTexBufferRange @ 514 found.
 glTexStorage2DMultisample @ 515 found.
 glTexStorage3DMultisample @ 516 found.
 glBindVertexBuffer @ 518 found.
 glVertexAttribFormat @ 519 found.
 glVertexAttribIFormat @ 520 found.
 glVertexAttribLFormat @ 521 found.
 glVertexAttribBinding @ 522 found.
 glVertexBindingDivisor @ 523 found.
 glDebugMessageControl @ 524 found.
 glDebugMessageInsert @ 525 found.
 glDebugMessageCallback @ 526 found.
 glGetDebugMessageLog @ 527 found.
 glPushDebugGroup @ 528 found.
 glPopDebugGroup @ 529 found.
 glObjectLabel @ 530 found.
 glGetObjectLabel @ 531 found.
 glObjectPtrLabel @ 532 found.
 glGetObjectPtrLabel @ 533 found.
 glBufferStorage @ 534 found.
 glClipControl @ 543 found.
 glNamedBufferStorage @ 551 found.
 glTextureBufferRange @ 589 found.
 glTextureParameteri @ 606 found.
 glMemoryBarrierByRegion @ 641 found.
 glGetGraphicsResetStatus @ 644 found.
 glGetnCompressedTexImage @ 645 found.
 glGetnTexImage @ 646 found.
 glGetnUniformdv @ 647 found.
 glGetnUniformfv @ 648 found.
 glGetnUniformiv @ 649 found.
 glGetnUniformuiv @ 650 found.
 glReadnPixels @ 651 found.
 afxDrawDriver.c:77?AfxDrawSystemRegisterDriver(dsys=0000000000446510,mdle=0000000000446760,spec=000000000026d968)
 Class[Draw Driver].ConstructInstances(1, 000000000026d6b0, 000000000026d6b8)
 Constructing instance 0000000002b54090 of Draw Driver.
 afxDrawDriver.c:119?_AfxDdrvCtor(ddrv=0000000002b54090)
 Draw Context class registered.
New draw driver registered.
Name: SIGGL
Author: SIGMA Technology Group
Version: 0.7.2
Note: 
 ad88888ba   88    ,ad8888ba,     ,ad8888ba,   88           
d8"     "8b  88   d8"'    `"8b   d8"'    `"8b  88           
Y8,          88  d8'            d8'            88           
`Y8aaaaa,    88  88             88             88           
  `"""""8b,  88  88      88888  88      88888  88
        `8b  88  Y8,        88  Y8,        88  88           
Y8a     a8P  88   Y8a.    .a88   Y8a.    .a88  88           
 "Y88888P"   88    `"Y88888P"     `"Y88888P"   88888888888  
 Instance 0000000002b54090[ddrv]^1 built.
 Loading draw ICDs...
 afxModule.c:72?AfxSystemAcquireModule(sys=0000000000442220,uri=e2draw.icd)
 afxModule.c:72?AfxSystemAcquireModule(sys=0000000000442220,uri=e2newton.icd)
 Class[Module].ConstructInstances(1, 000000000026d840, 000000000026d848)
 Constructing instance 0000000002c5f920 of Module.
 afxModule.c:123?_AfxMdleCtor(uri:e2newton.icd)
 Instance 0000000002c5f920[mdle]^1 built.
 Instance 0000000000446510[dsys]^1 built.
 afxDrawContext.c:266?AfxDrawSystemAcquireContext(dsys=0000000000446510,spec=000000000026e6f8)
 Class[Draw Context].ConstructInstances(1, 000000000026e460, 000000000026e468)
 Constructing instance 0000000002ad1370 of Draw Context.
 sglDrawContext.c:389?_AfxDctxCtor(dctx=0000000002ad1370)
 Draw Script class registered.
 Draw Input class registered.
 Draw Queue class registered.
 Buffer class registered.
 Vertex Buffer class registered.
 Index Buffer class registered.
 Sampler class registered.
 Texture class registered.
 Surface class registered.
 Canvas class registered.
 Pipeline Module class registered.
 Pipeline Rig class registered.
 Pipeline class registered.
 Lego class registered.
 Draw Output class registered.
 sglDrawQueue.c:1769?_AfxDrawContextAcquireQueue(dctx=0000000002ad1370)
 Class[Draw Queue].ConstructInstances(1, 000000000026dc00, 000000000026dc08)
 Constructing instance 0000000002ae4cb0 of Draw Queue.
 sglDrawQueue.c:1820?_AfxDqueCtor(dque=0000000002ae4cb0)
 afxUniformPipelineDescriptor.c:603?_AfxDrawContextUploadPipelineUrd(dctx=0000000002ad1370,uri=data/pipeline/rgbaToRgbaYFlipped.pip.urd)
 afxUniformPipelineDescriptor.c:559?_AfxLoadAndParsePipelineUrd(dctx=0000000002ad1370)
 afxUrd.c:1111?AfxFileSystemLoadUrd(uri=data/pipeline/rgbaToRgbaYFlipped.pip.urdp)
 Class[Uniform Resource Dictionary].ConstructInstances(1, 0000000000263e90, 0000000000263e98)
 Constructing instance 000000000042c790 of Uniform Resource Dictionary.
 afxUrd.c:1068?_AfxUrdCtor(uri:data/pipeline/rgbaToRgbaYFlipped.pip.urd)
 afxFile.c:170?AfxFileSystemOpenFile(fsys:0000000000444260,rwx=[1,0,0],uri:data/pipeline/rgbaToRgbaYFlipped.pip.urd)
 Class[File].ConstructInstances(1, 0000000000263780, 0000000000263788)
 Constructing instance 0000000002f24580 of File : I/O Stream.
 Constructing instance 0000000002f24580 of I/O Stream.
 Constructing instance 0000000002f24580 of File.
 Instance 0000000002f24580[file]^1 built.
 Class[File].DestructInstances(1, 0000000000263958, 0000000002c663b0)
 Destructing instance 0000000002f24580 of File class.
 Destructing instance 0000000002f24580 of File : I/O Stream class.
 Destructing instance 0000000002f24580 of I/O Stream class.
 Instance 0000000002f24580[file]^0 destroyed.
 Instance 000000000042c790[urd]^1 built.
 Class[Uniform Resource Dictionary].DestructInstances(1, 0000000000263ff8, 0000000173797366)
 Destructing instance 000000000042c790 of Uniform Resource Dictionary class.
 afxUrd.c:1047?_AfxUrdDtor(urd=000000000042c790)
 Instance 000000000042c790[urd]^0 destroyed.
 Class[Pipeline].ConstructInstances(1, 00000000002640f0, 00000000002640f8)
 Constructing instance 0000000002afd800 of Pipeline : Resource.
 Constructing instance 0000000002afd800 of Resource.
 afxResource.c:100?_AfxResCtor(res=0000000002afd800)
 Constructing instance 0000000002afd800 of Pipeline.
 sglPipeline.c:637?_AfxPipCtor(pip=0000000002afd800)
 afxPipelineModule.c:58?AfxDrawContextBuildPipelineModule(dctx=0000000002ad1370,code=0000000000264a10,len=560)
 sglPipelineModule.c:202?_AfxDrawContextBuildPipelineModule(dctx=0000000002ad1370,code=0000000000264a10,len=560)
 Class[Pipeline Module].ConstructInstances(1, 00000000002636d0, 00000000002636d8)
 Constructing instance 0000000002c550f0 of Pipeline Module.
 sglPipelineModule.c:160?_AfxPipmCtor(pipm=0000000002c550f0)
 Instance 0000000002c550f0[pipm]^1 built.
 Taking connection 0000000002afd998 connecting 0000000002c550f0?pipm#1 to holder 0000000002afd800?pip#1.
 afxPipelineModule.c:58?AfxDrawContextBuildPipelineModule(dctx=0000000002ad1370,code=0000000000265a30,len=398)
 sglPipelineModule.c:202?_AfxDrawContextBuildPipelineModule(dctx=0000000002ad1370,code=0000000000265a30,len=398)
 Class[Pipeline Module].ConstructInstances(1, 00000000002636d0, 00000000002636d8)
 Constructing instance 0000000002c551f0 of Pipeline Module.
 sglPipelineModule.c:160?_AfxPipmCtor(pipm=0000000002c551f0)
 Instance 0000000002c551f0[pipm]^1 built.
 Taking connection 0000000002afd9f8 connecting 0000000002c551f0?pipm#1 to holder 0000000002afd800?pip#1.
 Class[Pipeline Rig].ConstructInstances(1, 00000000002637a0, 00000000002637a8)
 Constructing instance 0000000002f29be0 of Pipeline Rig.
 sglPipelineRig.c:100?_AfxPiprCtor(pipr=0000000002f29be0)
 Instance 0000000002f29be0[pipa]^1 built.
 Instance 0000000002afd800[pip]^1 built.
 sglSampler.c:120?_AfxDrawContextAcquireSampler(dctx=0000000002ad1370,spec=000000000026d760)
 Class[Sampler].ConstructInstances(1, 000000000026d1d0, 000000000026d1d8)
 Constructing instance 00000000027dfd80 of Sampler.
 sglSampler.c:167?_AfxSmpCtor(smp=00000000027dfd80)
 Instance 00000000027dfd80[smp]^1 built.
 Class[Lego].ConstructInstances(1, 000000000026d2a0, 000000000026d2a8)
 Constructing instance 0000000002c529f0 of Lego.
 sglLego.c:147?_AfxLegoCtor(lego=0000000002c529f0)
 Instance 0000000002c529f0[bset]^1 built.
 Class[Vertex Buffer].ConstructInstances(1, 000000000026d260, 000000000026d268)
 Constructing instance 0000000002ac4b50 of Vertex Buffer : Buffer.
 Constructing instance 0000000002ac4b50 of Buffer.
 sglBuffer.c:440?_AfxBufCtor(buf=0000000002ac4b50)
 Constructing instance 0000000002ac4b50 of Vertex Buffer.
 afxVertexBuffer.c:251?_AfxVbufCtor(vbuf=0000000002ac4b50)
 Instance 0000000002ac4b50[vbuf]^1 built.
 Instance 0000000002ae4cb0[dque]^1 built.
 Instance 0000000002ad1370[dctx]^1 built.
 afxApplication.c:385?AfxSystemAcquireApplication(sys=000078514aeb595f,spec=0000000000000000)
 Class[Application].ConstructInstances(1, 000000000026e4c0, 000000000026e4c8)
 Constructing instance 0000000002b061f0 of Application.
 afxApplication.c:472?_AfxAppCtor(app=0000000002b061f0)
 afxMouse.c:232?AfxSystemAcquireMouse(sys=0000000000442220,port=0)
 Class[Mouse].ConstructInstances(1, 000000000026dcd0, 000000000026dcd8)
 Constructing instance 00000000027e0ec0 of Mouse : HID.
 Constructing instance 00000000027e0ec0 of HID.
 afxHid.c:56?_AfxHidCtor(hid=00000000027e0ec0)
 Constructing instance 00000000027e0ec0 of Mouse.
 afxMouse.c:270?_AfxMseCtor(mse=00000000027e0ec0)
 Instance 00000000027e0ec0[mse]^1 built.
 Taking connection 0000000002b062c8 connecting 00000000027e0ec0?mse#1 to holder 0000000002b061f0?app#1.
 afxAllocator.c:244?AfxSystemAcquireAllocator(sys=0000000000442220,strategy=000000000026dfd0,hint="afxApplication.c:507!_AfxAppCtor")
 Class[Allocator].ConstructInstances(1, 000000000026dc90, 000000000026dc98)
 Constructing instance 0000000002c50b50 of Allocator.
 afxAllocator.c:281?_AfxAllCtor(all=0000000002c50b50)
 Instance 0000000002c50b50[all]^1 built.
 Taking connection 0000000002b06270 connecting 0000000002c50b50?all#1 to holder 0000000002b061f0?app#1.
 sglDrawInput.c:203?_AfxDrawContextAcquireInput(dctx=0000000002ad1370,spec=000000000026dfa0)
 Class[Draw Input].ConstructInstances(1, 000000000026dc60, 000000000026dc68)
 Constructing instance 0000000002e19550 of Draw Input.
 sglDrawInput.c:252?_AfxDinCtor(din=0000000002e19550)
 afxAllocator.c:244?AfxSystemAcquireAllocator(sys=0000000000442220,strategy=000000000026d6e0,hint="sglDrawInput.c:287!_AfxDinCtor")
 Class[Allocator].ConstructInstances(1, 000000000026d450, 000000000026d458)
 Constructing instance 0000000002aeffa0 of Allocator.
 afxAllocator.c:281?_AfxAllCtor(all=0000000002aeffa0)
 Instance 0000000002aeffa0[all]^1 built.
 Instance 0000000002e19550[din]^1 built.
 Taking connection 0000000002b06800 connecting 0000000002e19550?din#1 to holder 0000000002b061f0?app#1.
 Widget class registered.
 Simulation class registered.
 Instance 0000000002b061f0[app]^1 built.
 afxApplication.c:337?AfxApplicationExecute(app=0000000002b061f0)
 mmplayer.c:94?AfxEnterApplication(app=0000000002b061f0)
 afxFile.c:170?AfxFileSystemOpenFile(fsys:0000000000444260,rwx=[1,0,0],uri:art/world.tga)
 Class[File].ConstructInstances(1, 000000000026c9a0, 000000000026c9a8)
 Constructing instance 0000000002b1f660 of File : I/O Stream.
 Constructing instance 0000000002b1f660 of I/O Stream.
 Constructing instance 0000000002b1f660 of File.
 Instance 0000000002b1f660[file]^1 built.
 ADV afxTextureBlueprint.c:23?AfxTextureBlueprintDeploy
    texb->fcc == AFX_FCC_TEXB
 sglTexture.c:1091?_AfxDrawContextBuildTextures(dctx=0000000002ad1370,fmt=4,whd=[512,512,1],lodCnt=1,usage=0)
 Class[Texture].ConstructInstances(1, 000000000026c770, 000000000026c778)
 Constructing instance 0000000002c5b060 of Texture : Resource.
 Constructing instance 0000000002c5b060 of Resource.
 afxResource.c:100?_AfxResCtor(res=0000000002c5b060)
 Constructing instance 0000000002c5b060 of Texture.
 sglTexture.c:988?_AfxTexCtor(tex=0000000002c5b060)
 Instance 0000000002c5b060[tex]^1 built.
 Class[File].DestructInstances(1, 000000000026cb78, 006c6c61006c6c61)
 Destructing instance 0000000002b1f660 of File class.
 Destructing instance 0000000002b1f660 of File : I/O Stream class.
 Destructing instance 0000000002b1f660 of I/O Stream class.
 Instance 0000000002b1f660[file]^0 destroyed.
 afxFile.c:170?AfxFileSystemOpenFile(fsys:0000000000444260,rwx=[0,1,0],uri:system/world2.tga)
 Class[File].ConstructInstances(1, 000000000026dd90, 000000000026dd98)
 Constructing instance 0000000002b1f660 of File : I/O Stream.
 Constructing instance 0000000002b1f660 of I/O Stream.
 Constructing instance 0000000002b1f660 of File.
 Instance 0000000002b1f660[file]^1 built.
 Class[File].DestructInstances(1, 000000000026df68, 006c6c61006c6c61)
 Destructing instance 0000000002b1f660 of File class.
 Destructing instance 0000000002b1f660 of File : I/O Stream class.
 Destructing instance 0000000002b1f660 of I/O Stream class.
 Instance 0000000002b1f660[file]^0 destroyed.
 Class[Texture].DestructInstances(1, 000000000026e248, 000000000043d0b0)
 Destructing instance 0000000002c5b060 of Texture class.
 sglTexture.c:943?_AfxTexDtor(tex=0000000002c5b060)
 Destructing instance 0000000002c5b060 of Texture : Resource class.
 Destructing instance 0000000002c5b060 of Resource class.
 afxResource.c:89?_AfxResDtor(res=0000000002c5b060)
 Instance 0000000002c5b060[tex]^0 destroyed.
 afxDrawOutput.c:134?AfxDrawContextAcquireOutput(dctx=0000000002ad1370,extent=000000000026e520,spec=000000000026e3c8)
 sglDrawOutput.c:255?_AfxDrawContextAcquireOutput(dctx=0000000002ad1370,extent=000000000026e520,spec=000000000026e3c8)
 Class[Draw Output].ConstructInstances(1, 000000000026e050, 000000000026e058)
 Constructing instance 0000000002b55580 of Draw Output.
 sglDrawOutput.c:509?_AfxDoutCtor(dout=0000000002b55580)
 sglSurface.c:75?_AfxDrawContextAcquireSurface(dctx=0000000002ad1370,fmt=4,whd=[1280,720,1],usage=16)
 ADV afxTextureBlueprint.c:23?AfxTextureBlueprintDeploy
    texb->fcc == AFX_FCC_TEXB
 Class[Surface].ConstructInstances(1, 000000000026c680, 000000000026c688)
 Constructing instance 0000000002af0270 of Surface : Texture.
 Constructing instance 0000000002af0270 of Texture : Resource.
 Constructing instance 0000000002af0270 of Resource.
 afxResource.c:100?_AfxResCtor(res=0000000002af0270)
 Constructing instance 0000000002af0270 of Texture.
 sglTexture.c:988?_AfxTexCtor(tex=0000000002af0270)
 Constructing instance 0000000002af0270 of Surface.
 sglSurface.c:131?_AfxSurfCtor(surf=0000000002af0270)
 Instance 0000000002af0270[surf]^1 built.
 sglSurface.c:75?_AfxDrawContextAcquireSurface(dctx=0000000002ad1370,fmt=4,whd=[1280,720,1],usage=16)
 ADV afxTextureBlueprint.c:23?AfxTextureBlueprintDeploy
    texb->fcc == AFX_FCC_TEXB
 Class[Surface].ConstructInstances(1, 000000000026c680, 000000000026c688)
 Constructing instance 0000000002af0540 of Surface : Texture.
 Constructing instance 0000000002af0540 of Texture : Resource.
 Constructing instance 0000000002af0540 of Resource.
 afxResource.c:100?_AfxResCtor(res=0000000002af0540)
 Constructing instance 0000000002af0540 of Texture.
 sglTexture.c:988?_AfxTexCtor(tex=0000000002af0540)
 Constructing instance 0000000002af0540 of Surface.
 sglSurface.c:131?_AfxSurfCtor(surf=0000000002af0540)
 Instance 0000000002af0540[surf]^1 built.
 sglDrawOutput.c:462?_AfxStdDoutImplCtor(dout=0000000002b55580,uri=window)
 sglDrawOutput.c:313?_AfxStdDoutImplCtorWnd(dout=0000000002b55580)
 Extent readjusted. (dout)0000000002b55580 -> 1272, 0.000001 of 2343656984; 693 0.000041 of 16843007
 Instance 0000000002b55580[dout]^1 built.
 sglCanvas.c:274?_AfxDrawContextAcquireCanvas(dctx=0000000002ad1370,extent=[1272,693,1],surfaceCnt=2)
 Class[Canvas].ConstructInstances(1, 000000000026dac0, 000000000026dac8)
 Constructing instance 0000000002c664e0 of Canvas.
 sglCanvas.c:357?_AfxCanvCtor(canv=0000000002c664e0)
 sglSurface.c:75?_AfxDrawContextAcquireSurface(dctx=0000000002ad1370,fmt=24,whd=[1272,693,1],usage=32)
 ADV afxTextureBlueprint.c:23?AfxTextureBlueprintDeploy
    texb->fcc == AFX_FCC_TEXB
 Class[Surface].ConstructInstances(1, 000000000026bfd0, 000000000026bfd8)
 Constructing instance 0000000002af0810 of Surface : Texture.
 Constructing instance 0000000002af0810 of Texture : Resource.
 Constructing instance 0000000002af0810 of Resource.
 afxResource.c:100?_AfxResCtor(res=0000000002af0810)
 Constructing instance 0000000002af0810 of Texture.
 sglTexture.c:988?_AfxTexCtor(tex=0000000002af0810)
 Constructing instance 0000000002af0810 of Surface.
 sglSurface.c:131?_AfxSurfCtor(surf=0000000002af0810)
 Instance 0000000002af0810[surf]^1 built.
 Instance 0000000002c664e0[canv]^1 built.
 sglCanvas.c:274?_AfxDrawContextAcquireCanvas(dctx=0000000002ad1370,extent=[1272,693,1],surfaceCnt=2)
 Class[Canvas].ConstructInstances(1, 000000000026dac0, 000000000026dac8)
 Constructing instance 00000000027e4410 of Canvas.
 sglCanvas.c:357?_AfxCanvCtor(canv=00000000027e4410)
 sglSurface.c:75?_AfxDrawContextAcquireSurface(dctx=0000000002ad1370,fmt=24,whd=[1272,693,1],usage=32)
 ADV afxTextureBlueprint.c:23?AfxTextureBlueprintDeploy
    texb->fcc == AFX_FCC_TEXB
 Class[Surface].ConstructInstances(1, 000000000026bfd0, 000000000026bfd8)
 Constructing instance 0000000002af0ae0 of Surface : Texture.
 Constructing instance 0000000002af0ae0 of Texture : Resource.
 Constructing instance 0000000002af0ae0 of Resource.
 afxResource.c:100?_AfxResCtor(res=0000000002af0ae0)
 Constructing instance 0000000002af0ae0 of Texture.
 sglTexture.c:988?_AfxTexCtor(tex=0000000002af0ae0)
 Constructing instance 0000000002af0ae0 of Surface.
 sglSurface.c:131?_AfxSurfCtor(surf=0000000002af0ae0)
 Instance 0000000002af0ae0[surf]^1 built.
 Instance 00000000027e4410[canv]^1 built.
 sglDrawInput.c:203?_AfxDrawContextAcquireInput(dctx=0000000002ad1370,spec=000000000026e388)
 Class[Draw Input].ConstructInstances(1, 000000000026e080, 000000000026e088)
 Constructing instance 00000000027e4550 of Draw Input.
 sglDrawInput.c:252?_AfxDinCtor(din=00000000027e4550)
 afxAllocator.c:244?AfxSystemAcquireAllocator(sys=0000000000442220,strategy=000000000026db00,hint="sglDrawInput.c:287!_AfxDinCtor")
 Class[Allocator].ConstructInstances(1, 000000000026d870, 000000000026d878)
 Constructing instance 0000000002af0db0 of Allocator.
 afxAllocator.c:281?_AfxAllCtor(all=0000000002af0db0)
 Instance 0000000002af0db0[all]^1 built.
 Instance 00000000027e4550[din]^1 built.
 afxModule.c:72?AfxSystemAcquireModule(sys=0000000000442220,uri=binkw64.dll)
 Class[Module].ConstructInstances(1, 000000000026dda0, 000000000026dda8)
 Constructing instance 0000000002c5fec0 of Module.
 afxModule.c:123?_AfxMdleCtor(uri:binkw64.dll)
 Instance 0000000002c5fec0[mdle]^1 built.
 sglSampler.c:120?_AfxDrawContextAcquireSampler(dctx=0000000002ad1370,spec=000000000026e230)
 Class[Sampler].ConstructInstances(1, 000000000026dd20, 000000000026dd28)
 Constructing instance 0000000002f28790 of Sampler.
 sglSampler.c:167?_AfxSmpCtor(smp=0000000002f28790)
 Instance 0000000002f28790[smp]^1 built.
 afxUniformPipelineDescriptor.c:603?_AfxDrawContextUploadPipelineUrd(dctx=0000000002ad1370,uri=data/pipeline/yv12ToRgba.pip.urd)
 afxUniformPipelineDescriptor.c:559?_AfxLoadAndParsePipelineUrd(dctx=0000000002ad1370)
 afxUrd.c:1111?AfxFileSystemLoadUrd(uri=data/pipeline/yv12ToRgba.pip.urdp)
 Class[Uniform Resource Dictionary].ConstructInstances(1, 00000000002649e0, 00000000002649e8)
 Constructing instance 0000000002ad8230 of Uniform Resource Dictionary.
 afxUrd.c:1068?_AfxUrdCtor(uri:data/pipeline/yv12ToRgba.pip.urd)
 afxFile.c:170?AfxFileSystemOpenFile(fsys:0000000000444260,rwx=[1,0,0],uri:data/pipeline/yv12ToRgba.pip.urd)
 Class[File].ConstructInstances(1, 00000000002642d0, 00000000002642d8)
 Constructing instance 0000000002ae3050 of File : I/O Stream.
 Constructing instance 0000000002ae3050 of I/O Stream.
 Constructing instance 0000000002ae3050 of File.
 Instance 0000000002ae3050[file]^1 built.
 Class[File].DestructInstances(1, 00000000002644a8, 0000000002b95bb0)
 Destructing instance 0000000002ae3050 of File class.
 Destructing instance 0000000002ae3050 of File : I/O Stream class.
 Destructing instance 0000000002ae3050 of I/O Stream class.
 Instance 0000000002ae3050[file]^0 destroyed.
 Instance 0000000002ad8230[urd]^1 built.
 Class[Uniform Resource Dictionary].DestructInstances(1, 0000000000264b48, 0000000173797366)
 Destructing instance 0000000002ad8230 of Uniform Resource Dictionary class.
 afxUrd.c:1047?_AfxUrdDtor(urd=0000000002ad8230)
 Instance 0000000002ad8230[urd]^0 destroyed.
 Class[Pipeline].ConstructInstances(1, 0000000000264c40, 0000000000264c48)
 Constructing instance 0000000002ae3050 of Pipeline : Resource.
 Constructing instance 0000000002ae3050 of Resource.
 afxResource.c:100?_AfxResCtor(res=0000000002ae3050)
 Constructing instance 0000000002ae3050 of Pipeline.
 sglPipeline.c:637?_AfxPipCtor(pip=0000000002ae3050)
 afxPipelineModule.c:58?AfxDrawContextBuildPipelineModule(dctx=0000000002ad1370,code=0000000000265560,len=442)
 sglPipelineModule.c:202?_AfxDrawContextBuildPipelineModule(dctx=0000000002ad1370,code=0000000000265560,len=442)
 Class[Pipeline Module].ConstructInstances(1, 0000000000264220, 0000000000264228)
 Constructing instance 0000000002c55cf0 of Pipeline Module.
 sglPipelineModule.c:160?_AfxPipmCtor(pipm=0000000002c55cf0)
 Instance 0000000002c55cf0[pipm]^1 built.
 Taking connection 0000000002ae31e8 connecting 0000000002c55cf0?pipm#1 to holder 0000000002ae3050?pip#1.
 afxPipelineModule.c:58?AfxDrawContextBuildPipelineModule(dctx=0000000002ad1370,code=0000000000266580,len=828)
 sglPipelineModule.c:202?_AfxDrawContextBuildPipelineModule(dctx=0000000002ad1370,code=0000000000266580,len=828)
 Class[Pipeline Module].ConstructInstances(1, 0000000000264220, 0000000000264228)
 Constructing instance 0000000002c55df0 of Pipeline Module.
 sglPipelineModule.c:160?_AfxPipmCtor(pipm=0000000002c55df0)
 Instance 0000000002c55df0[pipm]^1 built.
 Taking connection 0000000002ae3248 connecting 0000000002c55df0?pipm#1 to holder 0000000002ae3050?pip#1.
 Class[Pipeline Rig].ConstructInstances(1, 00000000002642f0, 00000000002642f8)
 Constructing instance 0000000002f2fe30 of Pipeline Rig.
 sglPipelineRig.c:100?_AfxPiprCtor(pipr=0000000002f2fe30)
 Instance 0000000002f2fe30[pipa]^1 built.
 Instance 0000000002ae3050[pip]^1 built.
 Class[Vertex Buffer].ConstructInstances(1, 000000000026ddb0, 000000000026ddb8)
 Constructing instance 0000000002b95f70 of Vertex Buffer : Buffer.
 Constructing instance 0000000002b95f70 of Buffer.
 sglBuffer.c:440?_AfxBufCtor(buf=0000000002b95f70)
 Constructing instance 0000000002b95f70 of Vertex Buffer.
 afxVertexBuffer.c:251?_AfxVbufCtor(vbuf=0000000002b95f70)
 Instance 0000000002b95f70[vbuf]^1 built.
 sglSurface.c:75?_AfxDrawContextAcquireSurface(dctx=0000000002ad1370,fmt=1,whd=[688,384,1],usage=16)
 ADV afxTextureBlueprint.c:23?AfxTextureBlueprintDeploy
    texb->fcc == AFX_FCC_TEXB
 Class[Surface].ConstructInstances(1, 000000000026b840, 000000000026b848)
 Constructing instance 0000000002af1350 of Surface : Texture.
 Constructing instance 0000000002af1350 of Texture : Resource.
 Constructing instance 0000000002af1350 of Resource.
 afxResource.c:100?_AfxResCtor(res=0000000002af1350)
 Constructing instance 0000000002af1350 of Texture.
 sglTexture.c:988?_AfxTexCtor(tex=0000000002af1350)
 Constructing instance 0000000002af1350 of Surface.
 sglSurface.c:131?_AfxSurfCtor(surf=0000000002af1350)
 Instance 0000000002af1350[surf]^1 built.
 sglSurface.c:75?_AfxDrawContextAcquireSurface(dctx=0000000002ad1370,fmt=1,whd=[344,192,1],usage=16)
 ADV afxTextureBlueprint.c:23?AfxTextureBlueprintDeploy
    texb->fcc == AFX_FCC_TEXB
 Class[Surface].ConstructInstances(1, 000000000026b840, 000000000026b848)
 Constructing instance 0000000002af1080 of Surface : Texture.
 Constructing instance 0000000002af1080 of Texture : Resource.
 Constructing instance 0000000002af1080 of Resource.
 afxResource.c:100?_AfxResCtor(res=0000000002af1080)
 Constructing instance 0000000002af1080 of Texture.
 sglTexture.c:988?_AfxTexCtor(tex=0000000002af1080)
 Constructing instance 0000000002af1080 of Surface.
 sglSurface.c:131?_AfxSurfCtor(surf=0000000002af1080)
 Instance 0000000002af1080[surf]^1 built.
 sglSurface.c:75?_AfxDrawContextAcquireSurface(dctx=0000000002ad1370,fmt=1,whd=[344,192,1],usage=16)
 ADV afxTextureBlueprint.c:23?AfxTextureBlueprintDeploy
    texb->fcc == AFX_FCC_TEXB
 Class[Surface].ConstructInstances(1, 000000000026b840, 000000000026b848)
 Constructing instance 0000000002af1620 of Surface : Texture.
 Constructing instance 0000000002af1620 of Texture : Resource.
 Constructing instance 0000000002af1620 of Resource.
 afxResource.c:100?_AfxResCtor(res=0000000002af1620)
 Constructing instance 0000000002af1620 of Texture.
 sglTexture.c:988?_AfxTexCtor(tex=0000000002af1620)
 Constructing instance 0000000002af1620 of Surface.
 sglSurface.c:131?_AfxSurfCtor(surf=0000000002af1620)
 Instance 0000000002af1620[surf]^1 built.
 Class[Lego].ConstructInstances(1, 000000000026ca50, 000000000026ca58)
 Constructing instance 00000000027ec640 of Lego.
 sglLego.c:147?_AfxLegoCtor(lego=00000000027ec640)
 Instance 00000000027ec640[bset]^1 built.
 sglCanvas.c:274?_AfxDrawContextAcquireCanvas(dctx=0000000002ad1370,extent=[688,384,1],surfaceCnt=1)
 Class[Canvas].ConstructInstances(1, 000000000026c7b0, 000000000026c7b8)
 Constructing instance 0000000002f31c40 of Canvas.
 sglCanvas.c:357?_AfxCanvCtor(canv=0000000002f31c40)
 sglSurface.c:75?_AfxDrawContextAcquireSurface(dctx=0000000002ad1370,fmt=4,whd=[688,384,1],usage=16)
 ADV afxTextureBlueprint.c:23?AfxTextureBlueprintDeploy
    texb->fcc == AFX_FCC_TEXB
 Class[Surface].ConstructInstances(1, 000000000026acc0, 000000000026acc8)
 Constructing instance 0000000002af18f0 of Surface : Texture.
 Constructing instance 0000000002af18f0 of Texture : Resource.
 Constructing instance 0000000002af18f0 of Resource.
 afxResource.c:100?_AfxResCtor(res=0000000002af18f0)
 Constructing instance 0000000002af18f0 of Texture.
 sglTexture.c:988?_AfxTexCtor(tex=0000000002af18f0)
 Constructing instance 0000000002af18f0 of Surface.
 sglSurface.c:131?_AfxSurfCtor(surf=0000000002af18f0)
 Instance 0000000002af18f0[surf]^1 built.
 Instance 0000000002f31c40[canv]^1 built.
 sglSurface.c:75?_AfxDrawContextAcquireSurface(dctx=0000000002ad1370,fmt=1,whd=[688,384,1],usage=16)
 ADV afxTextureBlueprint.c:23?AfxTextureBlueprintDeploy
    texb->fcc == AFX_FCC_TEXB
 Class[Surface].ConstructInstances(1, 000000000026b840, 000000000026b848)
 Constructing instance 0000000002af1bc0 of Surface : Texture.
 Constructing instance 0000000002af1bc0 of Texture : Resource.
 Constructing instance 0000000002af1bc0 of Resource.
 afxResource.c:100?_AfxResCtor(res=0000000002af1bc0)
 Constructing instance 0000000002af1bc0 of Texture.
 sglTexture.c:988?_AfxTexCtor(tex=0000000002af1bc0)
 Constructing instance 0000000002af1bc0 of Surface.
 sglSurface.c:131?_AfxSurfCtor(surf=0000000002af1bc0)
 Instance 0000000002af1bc0[surf]^1 built.
 sglSurface.c:75?_AfxDrawContextAcquireSurface(dctx=0000000002ad1370,fmt=1,whd=[344,192,1],usage=16)
 ADV afxTextureBlueprint.c:23?AfxTextureBlueprintDeploy
    texb->fcc == AFX_FCC_TEXB
 Class[Surface].ConstructInstances(1, 000000000026b840, 000000000026b848)
 Constructing instance 0000000002af1e90 of Surface : Texture.
 Constructing instance 0000000002af1e90 of Texture : Resource.
 Constructing instance 0000000002af1e90 of Resource.
 afxResource.c:100?_AfxResCtor(res=0000000002af1e90)
 Constructing instance 0000000002af1e90 of Texture.
 sglTexture.c:988?_AfxTexCtor(tex=0000000002af1e90)
 Constructing instance 0000000002af1e90 of Surface.
 sglSurface.c:131?_AfxSurfCtor(surf=0000000002af1e90)
 Instance 0000000002af1e90[surf]^1 built.
 sglSurface.c:75?_AfxDrawContextAcquireSurface(dctx=0000000002ad1370,fmt=1,whd=[344,192,1],usage=16)
 ADV afxTextureBlueprint.c:23?AfxTextureBlueprintDeploy
    texb->fcc == AFX_FCC_TEXB
 Class[Surface].ConstructInstances(1, 000000000026b840, 000000000026b848)
 Constructing instance 0000000002af2160 of Surface : Texture.
 Constructing instance 0000000002af2160 of Texture : Resource.
 Constructing instance 0000000002af2160 of Resource.
 afxResource.c:100?_AfxResCtor(res=0000000002af2160)
 Constructing instance 0000000002af2160 of Texture.
 sglTexture.c:988?_AfxTexCtor(tex=0000000002af2160)
 Constructing instance 0000000002af2160 of Surface.
 sglSurface.c:131?_AfxSurfCtor(surf=0000000002af2160)
 Instance 0000000002af2160[surf]^1 built.
 Class[Lego].ConstructInstances(1, 000000000026ca50, 000000000026ca58)
 Constructing instance 00000000027ec990 of Lego.
 sglLego.c:147?_AfxLegoCtor(lego=00000000027ec990)
 Instance 00000000027ec990[bset]^1 built.
 sglCanvas.c:274?_AfxDrawContextAcquireCanvas(dctx=0000000002ad1370,extent=[688,384,1],surfaceCnt=1)
 Class[Canvas].ConstructInstances(1, 000000000026c7b0, 000000000026c7b8)
 Constructing instance 0000000002b960a0 of Canvas.
 sglCanvas.c:357?_AfxCanvCtor(canv=0000000002b960a0)
 sglSurface.c:75?_AfxDrawContextAcquireSurface(dctx=0000000002ad1370,fmt=4,whd=[688,384,1],usage=16)
 ADV afxTextureBlueprint.c:23?AfxTextureBlueprintDeploy
    texb->fcc == AFX_FCC_TEXB
 Class[Surface].ConstructInstances(1, 000000000026acc0, 000000000026acc8)
 Constructing instance 0000000002af2430 of Surface : Texture.
 Constructing instance 0000000002af2430 of Texture : Resource.
 Constructing instance 0000000002af2430 of Resource.
 afxResource.c:100?_AfxResCtor(res=0000000002af2430)
 Constructing instance 0000000002af2430 of Texture.
 sglTexture.c:988?_AfxTexCtor(tex=0000000002af2430)
 Constructing instance 0000000002af2430 of Surface.
 sglSurface.c:131?_AfxSurfCtor(surf=0000000002af2430)
 Instance 0000000002af2430[surf]^1 built.
 Instance 0000000002b960a0[canv]^1 built.
 Extent readjusted. (dout)0000000002b55580 -> 1366, 0.001484 of 920755; 768 0.000000 of 4294965264
 sglDrawScript.c:399?_AfxDrawInputAcquireScript(din=00000000027e4550)
 Class[Draw Script].ConstructInstances(1, 000000000026dc00, 000000000026dc08)
 Constructing instance 0000000002e65560 of Draw Script.
 sglDrawScript.c:417?_AfxDscrCtor(dscr=0000000002e65560)
 Instance 0000000002e65560[dscr]^1 built.
 ADV sglTexture.c:430?_SglTexInstDevice
    tex 0000000000000de1, gl/target 8058, gl/intFmt 1908, gl/fmt 1401, gl/type 1908
 tex 0000000002af0270, instanced.
 ADV sglTexture.c:430?_SglTexInstDevice
    tex 0000000000000de1, gl/target 88f0, gl/intFmt 84f9, gl/fmt 84fa, gl/type 84f9
 tex 0000000002af0810, instanced.
 canv 0000000002c664e0, reinstanced.
 Shader 0000000002c55cf0 reinstanced.
 Shader 0000000002c55df0 reinstanced.
 Draw pipeline 0000000002ae3050 reinstanced.
 buf 0000000002b95f70, instanced.
 ADV sglTexture.c:430?_SglTexInstDevice
    tex 0000000000000de1, gl/target 8229, gl/intFmt 1903, gl/fmt 1401, gl/type 1903
 tex 0000000002af1350, instanced.
 ADV sglTexture.c:430?_SglTexInstDevice
    tex 0000000000000de1, gl/target 8229, gl/intFmt 1903, gl/fmt 1401, gl/type 1903
 tex 0000000002af1080, instanced.
 ADV sglTexture.c:430?_SglTexInstDevice
    tex 0000000000000de1, gl/target 8229, gl/intFmt 1903, gl/fmt 1401, gl/type 1903
 tex 0000000002af1620, instanced.
 Shader 0000000002c550f0 reinstanced.
 Shader 0000000002c551f0 reinstanced.
 Draw pipeline 0000000002afd800 reinstanced.
 buf 0000000002ac4b50, instanced.
 ADV sglTexture.c:430?_SglTexInstDevice
    tex 0000000000000de1, gl/target 8058, gl/intFmt 1908, gl/fmt 1401, gl/type 1908
 tex 0000000002af0540, instanced.
 ADV sglTexture.c:430?_SglTexInstDevice
    tex 0000000000000de1, gl/target 88f0, gl/intFmt 84f9, gl/fmt 84fa, gl/type 84f9
 tex 0000000002af0ae0, instanced.
 canv 00000000027e4410, reinstanced.
 ADV sglTexture.c:430?_SglTexInstDevice
    tex 0000000000000de1, gl/target 8229, gl/intFmt 1903, gl/fmt 1401, gl/type 1903
 tex 0000000002af1bc0, instanced.
 ADV sglTexture.c:430?_SglTexInstDevice
    tex 0000000000000de1, gl/target 8229, gl/intFmt 1903, gl/fmt 1401, gl/type 1903
 tex 0000000002af1e90, instanced.
 ADV sglTexture.c:430?_SglTexInstDevice
    tex 0000000000000de1, gl/target 8229, gl/intFmt 1903, gl/fmt 1401, gl/type 1903
 tex 0000000002af2160, instanced.
 ADV afxSystem.c:574?AfxSystemProcess
    User input requested application break.
 afxApplication.c:310?AfxApplicationExit(app=0000000002b061f0)
 mmplayer.c:212?AfxLeaveApplication(app=0000000002b061f0)
 aaaaaaaaaaaa
 Class[Draw Input].DestructInstances(1, 000000000026e4a8, 000007fed85ff8ca)
 Destructing instance 00000000027e4550 of Draw Input class.
 sglDrawInput.c:215?_AfxDinDtor(din=00000000027e4550)
 Instance 00000000027e4550[din]^0 destroyed.
 Class[Canvas].DestructInstances(1, 000000000026e3a8, 0000000000000000)
 Destructing instance 0000000002f31c40 of Canvas class.
 sglCanvas.c:335?_AfxCanvDtor(canv=0000000002f31c40)
 sglCanvas.c:309?_AfxCanvDropAllSurfaces(canv=0000000002f31c40)
 Class[Surface].DestructInstances(1, 000000000026de28, 0000000000000000)
 Destructing instance 0000000002af18f0 of Surface class.
 sglSurface.c:98?_AfxSurfDtor(surf=0000000002af18f0)
 Destructing instance 0000000002af18f0 of Surface : Texture class.
 Destructing instance 0000000002af18f0 of Texture class.
 sglTexture.c:943?_AfxTexDtor(tex=0000000002af18f0)
 Destructing instance 0000000002af18f0 of Texture : Resource class.
 Destructing instance 0000000002af18f0 of Resource class.
 afxResource.c:89?_AfxResDtor(res=0000000002af18f0)
 Instance 0000000002af18f0[surf]^0 destroyed.
 Instance 0000000002f31c40[canv]^0 destroyed.
 Class[Lego].DestructInstances(1, 000000000026e3a8, 0000000000000001)
 Destructing instance 00000000027ec640 of Lego class.
 sglLego.c:130?_AfxLegoDtor(pipa=00000000027ec640)
 Instance 00000000027ec640[bset]^0 destroyed.
 Class[Surface].DestructInstances(1, 000000000026e3a8, 0000000000000001)
 Destructing instance 0000000002af1350 of Surface class.
 sglSurface.c:98?_AfxSurfDtor(surf=0000000002af1350)
 Destructing instance 0000000002af1350 of Surface : Texture class.
 Destructing instance 0000000002af1350 of Texture class.
 sglTexture.c:943?_AfxTexDtor(tex=0000000002af1350)
 Destructing instance 0000000002af1350 of Texture : Resource class.
 Destructing instance 0000000002af1350 of Resource class.
 afxResource.c:89?_AfxResDtor(res=0000000002af1350)
 Instance 0000000002af1350[surf]^0 destroyed.
 Class[Surface].DestructInstances(1, 000000000026e3a8, 0000000000000001)
 Destructing instance 0000000002af1080 of Surface class.
 sglSurface.c:98?_AfxSurfDtor(surf=0000000002af1080)
 Destructing instance 0000000002af1080 of Surface : Texture class.
 Destructing instance 0000000002af1080 of Texture class.
 sglTexture.c:943?_AfxTexDtor(tex=0000000002af1080)
 Destructing instance 0000000002af1080 of Texture : Resource class.
 Destructing instance 0000000002af1080 of Resource class.
 afxResource.c:89?_AfxResDtor(res=0000000002af1080)
 Instance 0000000002af1080[surf]^0 destroyed.
 Class[Surface].DestructInstances(1, 000000000026e3a8, 0000000000000001)
 Destructing instance 0000000002af1620 of Surface class.
 sglSurface.c:98?_AfxSurfDtor(surf=0000000002af1620)
 Destructing instance 0000000002af1620 of Surface : Texture class.
 Destructing instance 0000000002af1620 of Texture class.
 sglTexture.c:943?_AfxTexDtor(tex=0000000002af1620)
 Destructing instance 0000000002af1620 of Texture : Resource class.
 Destructing instance 0000000002af1620 of Resource class.
 afxResource.c:89?_AfxResDtor(res=0000000002af1620)
 Instance 0000000002af1620[surf]^0 destroyed.
 Class[Canvas].DestructInstances(1, 000000000026e3a8, 0000000000000001)
 Destructing instance 0000000002b960a0 of Canvas class.
 sglCanvas.c:335?_AfxCanvDtor(canv=0000000002b960a0)
 sglCanvas.c:309?_AfxCanvDropAllSurfaces(canv=0000000002b960a0)
 Class[Surface].DestructInstances(1, 000000000026de28, 0000000000000000)
 Destructing instance 0000000002af2430 of Surface class.
 sglSurface.c:98?_AfxSurfDtor(surf=0000000002af2430)
 Destructing instance 0000000002af2430 of Surface : Texture class.
 Destructing instance 0000000002af2430 of Texture class.
 sglTexture.c:943?_AfxTexDtor(tex=0000000002af2430)
 Destructing instance 0000000002af2430 of Texture : Resource class.
 Destructing instance 0000000002af2430 of Resource class.
 afxResource.c:89?_AfxResDtor(res=0000000002af2430)
 Instance 0000000002af2430[surf]^0 destroyed.
 Instance 0000000002b960a0[canv]^0 destroyed.
 Class[Lego].DestructInstances(1, 000000000026e3a8, 0000000000000001)
 Destructing instance 00000000027ec990 of Lego class.
 sglLego.c:130?_AfxLegoDtor(pipa=00000000027ec990)
 Instance 00000000027ec990[bset]^0 destroyed.
 Class[Surface].DestructInstances(1, 000000000026e3a8, 0000000000000001)
 Destructing instance 0000000002af1bc0 of Surface class.
 sglSurface.c:98?_AfxSurfDtor(surf=0000000002af1bc0)
 Destructing instance 0000000002af1bc0 of Surface : Texture class.
 Destructing instance 0000000002af1bc0 of Texture class.
 sglTexture.c:943?_AfxTexDtor(tex=0000000002af1bc0)
 Destructing instance 0000000002af1bc0 of Texture : Resource class.
 Destructing instance 0000000002af1bc0 of Resource class.
 afxResource.c:89?_AfxResDtor(res=0000000002af1bc0)
 Instance 0000000002af1bc0[surf]^0 destroyed.
 Class[Surface].DestructInstances(1, 000000000026e3a8, 0000000000000001)
 Destructing instance 0000000002af1e90 of Surface class.
 sglSurface.c:98?_AfxSurfDtor(surf=0000000002af1e90)
 Destructing instance 0000000002af1e90 of Surface : Texture class.
 Destructing instance 0000000002af1e90 of Texture class.
 sglTexture.c:943?_AfxTexDtor(tex=0000000002af1e90)
 Destructing instance 0000000002af1e90 of Texture : Resource class.
 Destructing instance 0000000002af1e90 of Resource class.
 afxResource.c:89?_AfxResDtor(res=0000000002af1e90)
 Instance 0000000002af1e90[surf]^0 destroyed.
 Class[Surface].DestructInstances(1, 000000000026e3a8, 0000000000000001)
 Destructing instance 0000000002af2160 of Surface class.
 sglSurface.c:98?_AfxSurfDtor(surf=0000000002af2160)
 Destructing instance 0000000002af2160 of Surface : Texture class.
 Destructing instance 0000000002af2160 of Texture class.
 sglTexture.c:943?_AfxTexDtor(tex=0000000002af2160)
 Destructing instance 0000000002af2160 of Texture : Resource class.
 Destructing instance 0000000002af2160 of Resource class.
 afxResource.c:89?_AfxResDtor(res=0000000002af2160)
 Instance 0000000002af2160[surf]^0 destroyed.
 Class[Module].DestructInstances(1, 000000000026e468, 000000000026e210)
 Destructing instance 0000000002c5fec0 of Module class.
 afxModule.c:107?_AfxMdleDtor(mdle=0000000002c5fec0)
 Instance 0000000002c5fec0[mdle]^0 destroyed.
 Class[Sampler].DestructInstances(1, 000000000026e468, 0000000000000001)
 Destructing instance 0000000002f28790 of Sampler class.
 sglSampler.c:140?_AfxSmpDtor(smp=0000000002f28790)
 Instance 0000000002f28790[smp]^0 destroyed.
 Class[Pipeline].DestructInstances(1, 000000000026e468, 0000000000000001)
 Dropping connection 0000000002ae3248 from 0000000002c55df0?pipm#1 to holder 0000000002ae3050?pip#0.
 Dropping connection 0000000002ae31e8 from 0000000002c55cf0?pipm#1 to holder 0000000002ae3050?pip#0.
 Destructing instance 0000000002ae3050 of Pipeline class.
 sglPipeline.c:566?_AfxPipDtor(pip=0000000002ae3050)
 Class[Pipeline Rig].DestructInstances(1, 000000000026df18, 0000000000000000)
 Destructing instance 0000000002f2fe30 of Pipeline Rig class.
 sglPipelineRig.c:82?_AfxPiprDtor(pipr=0000000002f2fe30)
 Instance 0000000002f2fe30[pipa]^0 destroyed.
 Destructing instance 0000000002ae3050 of Pipeline : Resource class.
 Destructing instance 0000000002ae3050 of Resource class.
 afxResource.c:89?_AfxResDtor(res=0000000002ae3050)
 Instance 0000000002ae3050[pip]^0 destroyed.
 Class[Vertex Buffer].DestructInstances(1, 000000000026e468, 0000000000000001)
 Destructing instance 0000000002b95f70 of Vertex Buffer class.
 afxVertexBuffer.c:233?_AfxVbufDtor(vbuf=0000000002b95f70)
 Destructing instance 0000000002b95f70 of Vertex Buffer : Buffer class.
 Destructing instance 0000000002b95f70 of Buffer class.
 sglBuffer.c:401?_AfxBufDtor(buf=0000000002b95f70)
 Instance 0000000002b95f70[vbuf]^0 destroyed.
 Class[Application].DestructInstances(1, 000000000026e5c8, 000000000026e468)
 Dropping connection 0000000002b06800 from 0000000002e19550?din#1 to holder 0000000002b061f0?app#0.
 Dropping connection 0000000002b06270 from 0000000002c50b50?all#1 to holder 0000000002b061f0?app#0.
 Dropping connection 0000000002b062c8 from 00000000027e0ec0?mse#1 to holder 0000000002b061f0?app#0.
 Destructing instance 0000000002b061f0 of Application class.
 afxApplication.c:399?_AfxAppDtor(app=0000000002b061f0)
 Deregistering Simulation class...
 Simulation class deregistered.
 Deregistering Widget class...
 Widget class deregistered.
 Instance 0000000002b061f0[app]^0 destroyed.
 Class[Draw System].DestructInstances(1, 000000000026e5c8, 0000000000000001)
 Destructing instance 0000000000446510 of Draw System class.
 afxDrawSystem.c:330?_AfxDsysDtor(dsys=0000000000446510)
 Deregistering Draw Driver class...
 Class[Draw Driver].DestructInstances(1, 000000000026de58, 0000000002b95f10)
 Destructing instance 0000000002b54090 of Draw Driver class.
 afxDrawDriver.c:97?_AfxDdrvDtor(ddrv=0000000002b54090)
 Deregistering Draw Context class...
 Class[Draw Context].DestructInstances(1, 000000000026d708, 0000000000000000)
 Destructing instance 0000000002ad1370 of Draw Context class.
 sglDrawContext.c:309?_AfxDctxDtor(dctx=0000000002ad1370)
 Deregistering Draw Output class...
 Class[Draw Output].DestructInstances(1, 000000000026cff8, 0024000000020800)
 Destructing instance 0000000002b55580 of Draw Output class.
 sglDrawOutput.c:275?_AfxDoutDtor(dout=0000000002b55580)
 Extent readjusted. (dout)0000000002b55580 -> 1272, 0.000001 of 2341114012; 693 0.000041 of 16843007
 sglDrawOutput.c:229?_AfxDoutDropAllSurfaces(dout=0000000002b55580)
 Instance 0000000002b55580[dout]^0 destroyed.
 Draw Output class deregistered.
 Deregistering Lego class...
 Class[Lego].DestructInstances(1, 000000000026cff8, 0000000000000001)
 Destructing instance 0000000002c529f0 of Lego class.
 sglLego.c:130?_AfxLegoDtor(pipa=0000000002c529f0)
 Instance 0000000002c529f0[bset]^0 destroyed.
 Lego class deregistered.
 Deregistering Pipeline class...
 Class[Pipeline].DestructInstances(1, 000000000026cff8, 0000000000000001)
 Dropping connection 0000000002afd9f8 from 0000000002c551f0?pipm#1 to holder 0000000002afd800?pip#0.
 Dropping connection 0000000002afd998 from 0000000002c550f0?pipm#1 to holder 0000000002afd800?pip#0.
 Destructing instance 0000000002afd800 of Pipeline class.
 sglPipeline.c:566?_AfxPipDtor(pip=0000000002afd800)
 Class[Pipeline Rig].DestructInstances(1, 000000000026caa8, 0000000000000000)
 Destructing instance 0000000002f29be0 of Pipeline Rig class.
 sglPipelineRig.c:82?_AfxPiprDtor(pipr=0000000002f29be0)
 Instance 0000000002f29be0[pipa]^0 destroyed.
 Destructing instance 0000000002afd800 of Pipeline : Resource class.
 Destructing instance 0000000002afd800 of Resource class.
 afxResource.c:89?_AfxResDtor(res=0000000002afd800)
 Instance 0000000002afd800[pip]^0 destroyed.
 Pipeline class deregistered.
 Deregistering Pipeline Rig class...
 Pipeline Rig class deregistered.
 Deregistering Pipeline Module class...
 Class[Pipeline Module].DestructInstances(1, 000000000026cff8, 0000000000000001)
 Destructing instance 0000000002c55df0 of Pipeline Module class.
 Instance 0000000002c55df0[pipm]^0 destroyed.
 Class[Pipeline Module].DestructInstances(1, 000000000026cff8, 0000000000000001)
 Destructing instance 0000000002c55cf0 of Pipeline Module class.
 Instance 0000000002c55cf0[pipm]^0 destroyed.
 Class[Pipeline Module].DestructInstances(1, 000000000026cff8, 0000000000000001)
 Destructing instance 0000000002c551f0 of Pipeline Module class.
 Instance 0000000002c551f0[pipm]^0 destroyed.
 Class[Pipeline Module].DestructInstances(1, 000000000026cff8, 0000000000000001)
 Destructing instance 0000000002c550f0 of Pipeline Module class.
 Instance 0000000002c550f0[pipm]^0 destroyed.
 Pipeline Module class deregistered.
 Deregistering Canvas class...
 Class[Canvas].DestructInstances(1, 000000000026cff8, 0000000000000001)
 Destructing instance 00000000027e4410 of Canvas class.
 sglCanvas.c:335?_AfxCanvDtor(canv=00000000027e4410)
 sglCanvas.c:309?_AfxCanvDropAllSurfaces(canv=00000000027e4410)
 Class[Surface].DestructInstances(1, 000000000026ca78, 0000000000000000)
 Destructing instance 0000000002af0540 of Surface class.
 sglSurface.c:98?_AfxSurfDtor(surf=0000000002af0540)
 Destructing instance 0000000002af0540 of Surface : Texture class.
 Destructing instance 0000000002af0540 of Texture class.
 sglTexture.c:943?_AfxTexDtor(tex=0000000002af0540)
 Destructing instance 0000000002af0540 of Texture : Resource class.
 Destructing instance 0000000002af0540 of Resource class.
 afxResource.c:89?_AfxResDtor(res=0000000002af0540)
 Instance 0000000002af0540[surf]^0 destroyed.
 Class[Surface].DestructInstances(1, 000000000026ca78, 0000000000000001)
 Destructing instance 0000000002af0ae0 of Surface class.
 sglSurface.c:98?_AfxSurfDtor(surf=0000000002af0ae0)
 Destructing instance 0000000002af0ae0 of Surface : Texture class.
 Destructing instance 0000000002af0ae0 of Texture class.
 sglTexture.c:943?_AfxTexDtor(tex=0000000002af0ae0)
 Destructing instance 0000000002af0ae0 of Texture : Resource class.
 Destructing instance 0000000002af0ae0 of Resource class.
 afxResource.c:89?_AfxResDtor(res=0000000002af0ae0)
 Instance 0000000002af0ae0[surf]^0 destroyed.
 Instance 00000000027e4410[canv]^0 destroyed.
 Class[Canvas].DestructInstances(1, 000000000026cff8, 0000000000000001)
 Destructing instance 0000000002c664e0 of Canvas class.
 sglCanvas.c:335?_AfxCanvDtor(canv=0000000002c664e0)
 sglCanvas.c:309?_AfxCanvDropAllSurfaces(canv=0000000002c664e0)
 Class[Surface].DestructInstances(1, 000000000026ca78, 0000000000000000)
 Destructing instance 0000000002af0270 of Surface class.
 sglSurface.c:98?_AfxSurfDtor(surf=0000000002af0270)
 Destructing instance 0000000002af0270 of Surface : Texture class.
 Destructing instance 0000000002af0270 of Texture class.
 sglTexture.c:943?_AfxTexDtor(tex=0000000002af0270)
 Destructing instance 0000000002af0270 of Texture : Resource class.
 Destructing instance 0000000002af0270 of Resource class.
 afxResource.c:89?_AfxResDtor(res=0000000002af0270)
 Instance 0000000002af0270[surf]^0 destroyed.
 Class[Surface].DestructInstances(1, 000000000026ca78, 0000000000000001)
 Destructing instance 0000000002af0810 of Surface class.
 sglSurface.c:98?_AfxSurfDtor(surf=0000000002af0810)
 Destructing instance 0000000002af0810 of Surface : Texture class.
 Destructing instance 0000000002af0810 of Texture class.
 sglTexture.c:943?_AfxTexDtor(tex=0000000002af0810)
 Destructing instance 0000000002af0810 of Texture : Resource class.
 Destructing instance 0000000002af0810 of Resource class.
 afxResource.c:89?_AfxResDtor(res=0000000002af0810)
 Instance 0000000002af0810[surf]^0 destroyed.
 Instance 0000000002c664e0[canv]^0 destroyed.
 Canvas class deregistered.
 Deregistering Surface class...
 Surface class deregistered.
 Deregistering Texture class...
 Texture class deregistered.
 Deregistering Sampler class...
 Class[Sampler].DestructInstances(1, 000000000026cff8, 0000000000000001)
 Destructing instance 00000000027dfd80 of Sampler class.
 sglSampler.c:140?_AfxSmpDtor(smp=00000000027dfd80)
 Instance 00000000027dfd80[smp]^0 destroyed.
 Sampler class deregistered.
 Deregistering Index Buffer class...
 Index Buffer class deregistered.
 Deregistering Vertex Buffer class...
 Class[Vertex Buffer].DestructInstances(1, 000000000026cff8, 0000000000000001)
 Destructing instance 0000000002ac4b50 of Vertex Buffer class.
 afxVertexBuffer.c:233?_AfxVbufDtor(vbuf=0000000002ac4b50)
 Destructing instance 0000000002ac4b50 of Vertex Buffer : Buffer class.
 Destructing instance 0000000002ac4b50 of Buffer class.
 sglBuffer.c:401?_AfxBufDtor(buf=0000000002ac4b50)
 Instance 0000000002ac4b50[vbuf]^0 destroyed.
 Vertex Buffer class deregistered.
 Deregistering Buffer class...
 Buffer class deregistered.
 Deregistering Draw Queue class...
 Class[Draw Queue].DestructInstances(1, 000000000026cff8, 0000000000000001)
 Destructing instance 0000000002ae4cb0 of Draw Queue class.
 sglDrawQueue.c:1787?_AfxDqueDtor(dque=0000000002ae4cb0)
 Instance 0000000002ae4cb0[dque]^0 destroyed.
 Draw Queue class deregistered.
 Deregistering Draw Input class...
 Class[Draw Input].DestructInstances(1, 000000000026cff8, 0000000000000001)
 Destructing instance 0000000002e19550 of Draw Input class.
 sglDrawInput.c:215?_AfxDinDtor(din=0000000002e19550)
 Instance 0000000002e19550[din]^0 destroyed.
 Draw Input class deregistered.
 Deregistering Draw Script class...
 Class[Draw Script].DestructInstances(1, 000000000026cff8, 0000000000000001)
 Destructing instance 0000000002e65560 of Draw Script class.
 sglDrawScript.c:432?_AfxDscrDtor(dscr=0000000002e65560)
 Instance 0000000002e65560[dscr]^0 destroyed.
 Draw Script class deregistered.
 Instance 0000000002ad1370[dctx]^0 destroyed.
 Draw Context class deregistered.
 Instance 0000000002b54090[ddrv]^0 destroyed.
 Draw Driver class deregistered.
 Instance 0000000000446510[dsys]^0 destroyed.
 Class[Core Execution System].DestructInstances(1, 000000000026e5c8, 0000000000000001)
 Destructing instance 0000000000442220 of Core Execution System class.
 afxSystem.c:782?_AfxSysDtor(sys=0000000000442220)
 Deregistering Application class...
 Application class deregistered.
 Deregistering Draw System class...
 Draw System class deregistered.
 Deregistering Mouse class...
 Class[Mouse].DestructInstances(1, 000000000026deb8, 0000000000446401)
 Destructing instance 00000000027e0ec0 of Mouse class.
 afxMouse.c:261?_AfxMseDtor(mse=00000000027e0ec0)
 Destructing instance 00000000027e0ec0 of Mouse : HID class.
 Destructing instance 00000000027e0ec0 of HID class.
 afxHid.c:47?_AfxHidDtor(hid=00000000027e0ec0)
 Instance 00000000027e0ec0[mse]^0 destroyed.
 Mouse class deregistered.
 Deregistering Keyboard class...
 Class[Keyboard].DestructInstances(1, 000000000026deb8, 0000000000000001)
 Destructing instance 0000000000445c20 of Keyboard class.
 afxKeyboard.c:193?_AfxKbdDtor(kbd=0000000000445c20)
 Destructing instance 0000000000445c20 of Keyboard : HID class.
 Destructing instance 0000000000445c20 of HID class.
 afxHid.c:47?_AfxHidDtor(hid=0000000000445c20)
 Instance 0000000000445c20[kbd]^0 destroyed.
 Keyboard class deregistered.
 Deregistering HID class...
 HID class deregistered.
 Deregistering Module class...
 Class[Module].DestructInstances(1, 000000000026deb8, 0000000000000001)
 Destructing instance 0000000002c5f920 of Module class.
 afxModule.c:107?_AfxMdleDtor(mdle=0000000002c5f920)
 Instance 0000000002c5f920[mdle]^0 destroyed.
 Class[Module].DestructInstances(1, 000000000026deb8, 0000000000000001)
 Destructing instance 0000000000446760 of Module class.
 afxModule.c:107?_AfxMdleDtor(mdle=0000000000446760)
 Instance 0000000000446760[mdle]^0 destroyed.
 Class[Module].DestructInstances(1, 000000000026deb8, 0000000000000001)
 Destructing instance 0000000000445b00 of Module class.
 afxModule.c:107?_AfxMdleDtor(mdle=0000000000445b00)
 Instance 0000000000445b00[mdle]^0 destroyed.
 Module class deregistered.
 Deregistering File System class...
 Class[File System].DestructInstances(1, 000000000026deb8, 0000000000000001)
 Destructing instance 0000000000444260 of File System class.
 afxFileSystem.c:519?_AfxFsysDtor(fsys=0000000000444260)
 Point "sound" rwx[1,0,0] unmounted -> "E:/qwadro/afx/sound".
 Point "data" rwx[1,0,0] unmounted -> "E:/qwadro/afx/data".
 Point "art" rwx[1,0,0] unmounted -> "E:/qwadro/afx/art".
 Point "system" rwx[1,0,0] unmounted -> "E:/qwadro/afx/system64".
 Point "." rwx[1,0,0] unmounted -> "E:/qwadro/afx".
 Deregistering Uniform Resource Dictionary class...
 Uniform Resource Dictionary class deregistered.
 Deregistering Resource class...
 Resource class deregistered.
 Deregistering Archive class...
 Archive class deregistered.
 Deregistering File class...
 File class deregistered.
 Deregistering I/O Stream class...
 I/O Stream class deregistered.
 Instance 0000000000444260[fsys]^0 destroyed.
 File System class deregistered.
 Deregistering Thread class...
 Thread class deregistered.
 Deregistering Memory Arena class...
 Memory Arena class deregistered.
 Deregistering Allocator class...
 Class[Allocator].DestructInstances(1, 000000000026deb8, 0000000000000001)
 Destructing instance 0000000002af0db0 of Allocator class.
 afxAllocator.c:265?_AfxAllDtor(all=0000000002af0db0)
 Instance 0000000002af0db0[all]^0 destroyed.
 Class[Allocator].DestructInstances(1, 000000000026deb8, 0000000000000001)
 Destructing instance 0000000002aeffa0 of Allocator class.
 afxAllocator.c:265?_AfxAllDtor(all=0000000002aeffa0)
 Instance 0000000002aeffa0[all]^0 destroyed.
 Class[Allocator].DestructInstances(1, 000000000026deb8, 0000000000000001)
 Destructing instance 0000000002c50b50 of Allocator class.
 afxAllocator.c:265?_AfxAllDtor(all=0000000002c50b50)
 Instance 0000000002c50b50[all]^0 destroyed.
 Class[Allocator].DestructInstances(1, 000000000026deb8, 0000000000000001)
 Destructing instance 000000000043d0b0 of Allocator class.
 afxAllocator.c:265?_AfxAllDtor(all=000000000043d0b0)
 Instance 000000000043d0b0[all]^0 destroyed.
 Allocator class deregistered.
 Instance 0000000000442220[sys]^0 destroyed.