
 afxDebug.c:363?AfxAttachDebugTerminal()
      ::::::::  :::       :::     :::     :::::::::  :::::::::   ::::::::      
     :+:    :+: :+:       :+:   :+: :+:   :+:    :+: :+:    :+: :+:    :+:     
     +:+    +:+ +:+       +:+  +:+   +:+  +:+    +:+ +:+    +:+ +:+    +:+     
     +#+    +:+ +#+  +:+  +#+ +#++:++#++: +#+    +:+ +#++:++#:  +#+    +:+     
     +#+  # +#+ +#+ +#+#+ +#+ +#+     +#+ +#+    +#+ +#+    +#+ +#+    +#+     
     #+#   +#+   #+#+# #+#+#  #+#     #+# #+#    #+# #+#    #+# #+#    #+#     
      ###### ###  ###   ###   ###     ### #########  ###    ###  ########      
                                                                               
             S I G M A   C O . ,   T E C H N O L O G Y   G R O U P             
                                                                             
                                    4D AFX                                   
                              Public Test Build                              
                     (c) 2017 SIGMA Co., Technology Group                    
                               www.sigmaco.org                               
                                                                             
                                                                             
 Core Execution System class registered.
 Class[Core Execution System].ConstructInstances(1, 00000000001ee9a0, 00000000001ee9a8)
 Constructing instance 00000000003a2280 of Core Execution System.
 afxSystem.c:1199?_AfxSysCtor(sys=00000000003a2280)
 ADV afxSystem.c:1215?_AfxSysCtor
    Memoy page size: 4096
 ADV afxSystem.c:1216?_AfxSysCtor
    Logical processor count: 2
 Allocator class registered.
 afxAllocator.c:471?AfxSystemAcquireAllocator(sys=00000000003a2280,strategy=00000000001ec428,hint="afxSystem.c:1231!_AfxSysCtor")
 Class[Allocator].ConstructInstances(1, 00000000001ec0e0, 00000000001ec0e8)
 Constructing instance 000000000039d070 of Allocator.
 afxAllocator.c:258?_AfxAllCtor(all=000000000039d070)
 Instance 000000000039d070[all]^1 built.
 Point "." rwx[1,0,0] mounted -> "E:/qwadro/afx/system64/..".
 Point "system" rwx[1,0,0] mounted -> "E:/qwadro/afx/system64".
 Point "art" rwx[1,0,0] mounted -> "E:/qwadro/afx/system64/../art".
 Point "data" rwx[1,0,0] mounted -> "E:/qwadro/afx/system64/../data".
 Point "sound" rwx[1,0,0] mounted -> "E:/qwadro/afx/system64/../sound".
 Thread class registered.
 Module class registered.
 afxModule.c:63?AfxSystemAcquireModule(sys=00000000003a2280,uri=system/e2coree.dll)
 Class[Module].ConstructInstances(1, 00000000001ec030, 00000000001ec038)
 Constructing instance 00000000003a6400 of Module.
 afxModule.c:129?_AfxMdleCtor(uri:system/e2coree.dll)
 Instance 00000000003a6400[mdle]^1 built.
 I/O Stream class registered.
 Archive class registered.
 Resource class registered.
 Uniform Resource Dictionary class registered.
 HID class registered.
 Keyboard class registered.
 Mouse class registered.
 Draw System class registered.
 Application class registered.
 afxKeyboard.c:163?AfxSystemAcquireKeyboard(sys=00000000003a2280,port=0)
 Class[Keyboard].ConstructInstances(1, 00000000001ec180, 00000000001ec188)
 Constructing instance 00000000003aa050 of Keyboard : HID.
 Constructing instance 00000000003aa050 of HID.
 afxHid.c:55?_AfxHidCtor(hid=00000000003aa050)
 Constructing instance 00000000003aa050 of Keyboard.
 afxKeyboard.c:191?_AfxKbdCtor(kbd=00000000003aa050)
 Instance 00000000003aa050[kbd]^1 built.
 Instance 00000000003a2280[sys]^1 built.
 afxDrawSystem.c:212?AfxSystemAcquireDrawSystem(sys=00000000003a2280)
 Class[Draw System].ConstructInstances(1, 00000000001ee9c0, 00000000001ee9c8)
 Constructing instance 00000000003a6540 of Draw System.
 afxDrawSystem.c:293?_AfxDsysCtor(dsys=00000000003a6540)
 afxAllocator.c:471?AfxSystemAcquireAllocator(sys=00000000003a2280,strategy=00000000001ee4e8,hint="afxDrawSystem.c:312!_AfxDsysCtor")
 Class[Allocator].ConstructInstances(1, 00000000001ee0f0, 00000000001ee0f8)
 Constructing instance 00000000003a67a0 of Allocator.
 afxAllocator.c:258?_AfxAllCtor(all=00000000003a67a0)
 Instance 00000000003a67a0[all]^1 built.
 Draw Driver class registered.
New texture codec registered.
Name: SIGGL
Author: SIGMA Technology Group
Version: 0.5.1
Note: 
    :::::::::::     :::     :::::::::   ::::::::      :::        
        :+:       :+: :+:   :+:    :+: :+:    :+:   :+: :+:      
        +:+      +:+   +:+  +:+    +:+ +:+         +:+   +:+     
        +#+     +#++:++#++: +#++:++#:  :#:        +#++:++#++:    
        +#+     +#+     +#+ +#+    +#+ +#+   +#+# +#+     +#+    
        #+#     #+#     #+# #+#    #+# #+#    #+# #+#     #+#    
        ###     ###     ### ###    ###  ########  ###     ###    
                                                                 
                      SIGMA Technology Group                     
 Truecolor Targa texture serializer installed!
 afxModule.c:63?AfxSystemAcquireModule(sys=00000000003a2280,uri=e2draw.icd)
 Class[Module].ConstructInstances(1, 00000000001ee040, 00000000001ee048)
 Constructing instance 00000000003abd50 of Module.
 afxModule.c:129?_AfxMdleCtor(uri:e2draw.icd)
 Instance 00000000003abd50[mdle]^1 built.
 Listing all available display devices...

 #0 = Intel(R) HD Graphics (\\.\DISPLAY1) 8000005
 #1 = RDPDD Chained DD (\\.\DISPLAYV1) 200008
 #2 = RDP Encoder Mirror Driver (\\.\DISPLAYV2) 200008
 #3 = RDP Reflector Display Driver (\\.\DISPLAYV3) 200008
 sglDriver.c:1225?_SglGlCtxW32Create(oglWndClss=00000000003acae0,shareCtx=0000000000000000,phwnd=00000000003acb30,phdc=00000000003acb38,phrc=00000000003acb48)