
 afxDebug.c:363?AfxAttachDebugTerminal()
      ::::::::  :::       :::     :::     :::::::::  :::::::::   ::::::::      
     :+:    :+: :+:       :+:   :+: :+:   :+:    :+: :+:    :+: :+:    :+:     
     +:+    +:+ +:+       +:+  +:+   +:+  +:+    +:+ +:+    +:+ +:+    +:+     
     +#+    +:+ +#+  +:+  +#+ +#++:++#++: +#+    +:+ +#++:++#:  +#+    +:+     
     +#+  # +#+ +#+ +#+#+ +#+ +#+     +#+ +#+    +#+ +#+    +#+ +#+    +#+     
     #+#   +#+   #+#+# #+#+#  #+#     #+# #+#    #+# #+#    #+# #+#    #+#     
      ###### ###  ###   ###   ###     ### #########  ###    ###  ########      
                                                                               
             S I G M A   C O . ,   T E C H N O L O G Y   G R O U P             
                                                                             
                                    4D AFX                                   
                              Public Test Build                              
                     (c) 2017 SIGMA Co., Technology Group                    
                               www.sigmaco.org                               
                                                                             
                                                                             
 Core Execution System class registered.
 Class[Core Execution System].ConstructInstances(1, 00000000001ee500, 00000000001ee508)
 Constructing instance 00000000002b2240 of Core Execution System.
 afxSystem.c:1199?_AfxSysCtor(sys=00000000002b2240)
 ADV afxSystem.c:1215?_AfxSysCtor
    Memoy page size: 4096
 ADV afxSystem.c:1216?_AfxSysCtor
    Logical processor count: 2
 Allocator class registered.
 afxAllocator.c:471?AfxSystemAcquireAllocator(sys=00000000002b2240,strategy=00000000001ebf88,hint="afxSystem.c:1231!_AfxSysCtor")
 Class[Allocator].ConstructInstances(1, 00000000001ebc40, 00000000001ebc48)
 Constructing instance 00000000002ad0d0 of Allocator.
 afxAllocator.c:258?_AfxAllCtor(all=00000000002ad0d0)
 Instance 00000000002ad0d0[all]^1 built.
 Point "." rwx[1,0,0] mounted -> "E:/qwadro/afx/system64/..".
 Point "system" rwx[1,0,0] mounted -> "E:/qwadro/afx/system64".
 Point "art" rwx[1,0,0] mounted -> "E:/qwadro/afx/system64/../art".
 Point "data" rwx[1,0,0] mounted -> "E:/qwadro/afx/system64/../data".
 Point "sound" rwx[1,0,0] mounted -> "E:/qwadro/afx/system64/../sound".
 Thread class registered.
 Module class registered.
 afxModule.c:64?AfxSystemAcquireModule(sys=00000000002b2240,uri=system/e2coree.dll)
 Class[Module].ConstructInstances(1, 00000000001ebb90, 00000000001ebb98)
 Constructing instance 00000000002b63c0 of Module.
 afxModule.c:130?_AfxMdleCtor(uri:system/e2coree.dll)
 Instance 00000000002b63c0[mdle]^1 built.
 I/O Stream class registered.
 Archive class registered.
 Resource class registered.
 Uniform Resource Dictionary class registered.
 HID class registered.
 Keyboard class registered.
 Mouse class registered.
 Draw System class registered.
 Application class registered.
 afxKeyboard.c:163?AfxSystemAcquireKeyboard(sys=00000000002b2240,port=0)
 Class[Keyboard].ConstructInstances(1, 00000000001ebce0, 00000000001ebce8)
 Constructing instance 00000000002ba000 of Keyboard : HID.
 Constructing instance 00000000002ba000 of HID.
 afxHid.c:55?_AfxHidCtor(hid=00000000002ba000)
 Constructing instance 00000000002ba000 of Keyboard.
 afxKeyboard.c:191?_AfxKbdCtor(kbd=00000000002ba000)
 Instance 00000000002ba000[kbd]^1 built.
 Instance 00000000002b2240[sys]^1 built.
 afxDrawSystem.c:212?AfxSystemAcquireDrawSystem(sys=00000000002b2240)
 Class[Draw System].ConstructInstances(1, 00000000001ee520, 00000000001ee528)
 Constructing instance 00000000002b6500 of Draw System.
 afxDrawSystem.c:292?_AfxDsysCtor(dsys=00000000002b6500)
 afxAllocator.c:471?AfxSystemAcquireAllocator(sys=00000000002b2240,strategy=00000000001ee048,hint="afxDrawSystem.c:311!_AfxDsysCtor")
 Class[Allocator].ConstructInstances(1, 00000000001edc50, 00000000001edc58)
 Constructing instance 00000000002b6760 of Allocator.
 afxAllocator.c:258?_AfxAllCtor(all=00000000002b6760)
 Instance 00000000002b6760[all]^1 built.
 Draw Driver class registered.
New texture codec registered.
Name: SIGGL
Author: SIGMA Technology Group
Version: 0.5.1
Note: 
    :::::::::::     :::     :::::::::   ::::::::      :::        
        :+:       :+: :+:   :+:    :+: :+:    :+:   :+: :+:      
        +:+      +:+   +:+  +:+    +:+ +:+         +:+   +:+     
        +#+     +#++:++#++: +#++:++#:  :#:        +#++:++#++:    
        +#+     +#+     +#+ +#+    +#+ +#+   +#+# +#+     +#+    
        #+#     #+#     #+# #+#    #+# #+#    #+# #+#     #+#    
        ###     ###     ### ###    ###  ########  ###     ###    
                                                                 
                      SIGMA Technology Group                     
 Truecolor Targa texture serializer installed!
 afxModule.c:64?AfxSystemAcquireModule(sys=00000000002b2240,uri=e2draw.icd)
 Class[Module].ConstructInstances(1, 00000000001edba0, 00000000001edba8)
 Constructing instance 00000000002bbd00 of Module.
 afxModule.c:130?_AfxMdleCtor(uri:e2draw.icd)
 Instance 00000000002bbd00[mdle]^1 built.
 Listing all available display devices...

 #0 = Intel(R) HD Graphics (\\.\DISPLAY1) 8000005
 #1 = RDPDD Chained DD (\\.\DISPLAYV1) 200008
 #2 = RDP Encoder Mirror Driver (\\.\DISPLAYV2) 200008
 #3 = RDP Reflector Display Driver (\\.\DISPLAYV3) 200008
 sglDriver.c:1225?_SglGlCtxW32Create(oglWndClss=00000000002bca90,shareCtx=0000000000000000,phwnd=00000000002bcae0,phdc=00000000002bcae8,phrc=00000000002bcaf8)
 sglDriver.c:770?_SglLoadVmt(vmt=00000000002bcb00,verMajor=1,verMinor=0)
 glCullFace @ 0 found.
 glFrontFace @ 1 found.
 glHint @ 2 found.
 glLineWidth @ 3 found.
 glPointSize @ 4 found.
 glPolygonMode @ 5 found.
 glScissor @ 6 found.
 glTexParameterf @ 7 found.
 glTexParameterfv @ 8 found.
 glTexParameteri @ 9 found.
 glTexParameteriv @ 10 found.
 glTexImage1D @ 11 found.
 glTexImage2D @ 12 found.
 glDrawBuffer @ 13 found.
 glClear @ 14 found.
 glClearColor @ 15 found.
 glClearStencil @ 16 found.
 glClearDepth @ 17 found.
 glStencilMask @ 18 found.
 glColorMask @ 19 found.
 glDepthMask @ 20 found.
 glDisable @ 21 found.
 glEnable @ 22 found.
 glFinish @ 23 found.
 glFlush @ 24 found.
 glBlendFunc @ 25 found.
 glLogicOp @ 26 found.
 glStencilFunc @ 27 found.
 glStencilOp @ 28 found.
 glDepthFunc @ 29 found.
 glPixelStoref @ 30 found.
 glPixelStorei @ 31 found.
 glReadBuffer @ 32 found.
 glReadPixels @ 33 found.
 glGetBooleanv @ 34 found.
 glGetDoublev @ 35 found.
 glGetError @ 36 found.
 glGetFloatv @ 37 found.
 glGetIntegerv @ 38 found.
 glGetString @ 39 found.
 glGetTexImage @ 40 found.
 glGetTexParameterfv @ 41 found.
 glGetTexParameteriv @ 42 found.
 glGetTexLevelParameterfv @ 43 found.
 glGetTexLevelParameteriv @ 44 found.
 glIsEnabled @ 45 found.
 glDepthRange @ 46 found.
 glViewport @ 47 found.
 sglDriver.c:770?_SglLoadVmt(vmt=00000000002bcb00,verMajor=4,verMinor=6)
 glCullFace @ 0 found.
 glFrontFace @ 1 found.
 glHint @ 2 found.
 glLineWidth @ 3 found.
 glPointSize @ 4 found.
 glPolygonMode @ 5 found.
 glScissor @ 6 found.
 glTexParameterf @ 7 found.
 glTexParameterfv @ 8 found.
 glTexParameteri @ 9 found.
 glTexParameteriv @ 10 found.
 glTexImage1D @ 11 found.
 glTexImage2D @ 12 found.
 glDrawBuffer @ 13 found.
 glClear @ 14 found.
 glClearColor @ 15 found.
 glClearStencil @ 16 found.
 glClearDepth @ 17 found.
 glStencilMask @ 18 found.
 glColorMask @ 19 found.
 glDepthMask @ 20 found.
 glDisable @ 21 found.
 glEnable @ 22 found.
 glFinish @ 23 found.
 glFlush @ 24 found.
 glBlendFunc @ 25 found.
 glLogicOp @ 26 found.
 glStencilFunc @ 27 found.
 glStencilOp @ 28 found.
 glDepthFunc @ 29 found.
 glPixelStoref @ 30 found.
 glPixelStorei @ 31 found.
 glReadBuffer @ 32 found.
 glReadPixels @ 33 found.
 glGetBooleanv @ 34 found.
 glGetDoublev @ 35 found.
 glGetError @ 36 found.
 glGetFloatv @ 37 found.
 glGetIntegerv @ 38 found.
 glGetString @ 39 found.
 glGetTexImage @ 40 found.
 glGetTexParameterfv @ 41 found.
 glGetTexParameteriv @ 42 found.
 glGetTexLevelParameterfv @ 43 found.
 glGetTexLevelParameteriv @ 44 found.
 glIsEnabled @ 45 found.
 glDepthRange @ 46 found.
 glViewport @ 47 found.
 glDrawArrays @ 48 found.
 glDrawElements @ 49 found.
 glGetPointerv @ 50 found.
 glPolygonOffset @ 51 found.
 glCopyTexImage1D @ 52 found.
 glCopyTexImage2D @ 53 found.
 glCopyTexSubImage1D @ 54 found.
 glCopyTexSubImage2D @ 55 found.
 glTexSubImage1D @ 56 found.
 glTexSubImage2D @ 57 found.
 glBindTexture @ 58 found.
 glDeleteTextures @ 59 found.
 glGenTextures @ 60 found.
 glIsTexture @ 61 found.
 glDrawRangeElements @ 62 found.
 glTexImage3D @ 63 found.
 glTexSubImage3D @ 64 found.
 glCopyTexSubImage3D @ 65 found.
 glActiveTexture @ 66 found.
 glSampleCoverage @ 67 found.
 glCompressedTexImage3D @ 68 found.
 glCompressedTexImage2D @ 69 found.
 glCompressedTexImage1D @ 70 found.
 glCompressedTexSubImage3D @ 71 found.
 glCompressedTexSubImage2D @ 72 found.
 glCompressedTexSubImage1D @ 73 found.
 glGetCompressedTexImage @ 74 found.
 glBlendFuncSeparate @ 75 found.
 glMultiDrawArrays @ 76 found.
 glMultiDrawElements @ 77 found.
 glPointParameterf @ 78 found.
 glPointParameterfv @ 79 found.
 glPointParameteri @ 80 found.
 glPointParameteriv @ 81 found.
 glBlendColor @ 82 found.
 glBlendEquation @ 83 found.
 glGenQueries @ 84 found.
 glDeleteQueries @ 85 found.
 glIsQuery @ 86 found.
 glBeginQuery @ 87 found.
 glEndQuery @ 88 found.
 glGetQueryiv @ 89 found.
 glGetQueryObjectiv @ 90 found.
 glGetQueryObjectuiv @ 91 found.
 glBindBuffer @ 92 found.
 glDeleteBuffers @ 93 found.
 glGenBuffers @ 94 found.
 glIsBuffer @ 95 found.
 glBufferData @ 96 found.
 glBufferSubData @ 97 found.
 glGetBufferSubData @ 98 found.
 glMapBuffer @ 99 found.
 glUnmapBuffer @ 100 found.
 glGetBufferParameteriv @ 101 found.
 glGetBufferPointerv @ 102 found.
 glBlendEquationSeparate @ 103 found.
 glDrawBuffers @ 104 found.
 glStencilOpSeparate @ 105 found.
 glStencilFuncSeparate @ 106 found.
 glStencilMaskSeparate @ 107 found.
 glAttachShader @ 108 found.
 glBindAttribLocation @ 109 found.
 glCompileShader @ 110 found.
 glCreateProgram @ 111 found.
 glCreateShader @ 112 found.
 glDeleteProgram @ 113 found.
 glDeleteShader @ 114 found.
 glDetachShader @ 115 found.
 glDisableVertexAttribArray @ 116 found.
 glEnableVertexAttribArray @ 117 found.
 glGetActiveAttrib @ 118 found.
 glGetActiveUniform @ 119 found.
 glGetAttachedShaders @ 120 found.
 glGetAttribLocation @ 121 found.
 glGetProgramiv @ 122 found.
 glGetProgramInfoLog @ 123 found.
 glGetShaderiv @ 124 found.
 glGetShaderInfoLog @ 125 found.
 glGetShaderSource @ 126 found.
 glGetUniformLocation @ 127 found.
 glGetUniformfv @ 128 found.
 glGetUniformiv @ 129 found.
 glGetVertexAttribdv @ 130 found.
 glGetVertexAttribfv @ 131 found.
 glGetVertexAttribiv @ 132 found.
 glGetVertexAttribPointerv @ 133 found.
 glIsProgram @ 134 found.
 glIsShader @ 135 found.
 glLinkProgram @ 136 found.
 glShaderSource @ 137 found.
 glUseProgram @ 138 found.
 glUniform1f @ 139 found.
 glUniform2f @ 140 found.
 glUniform3f @ 141 found.
 glUniform4f @ 142 found.
 glUniform1i @ 143 found.
 glUniform2i @ 144 found.
 glUniform3i @ 145 found.
 glUniform4i @ 146 found.
 glUniform1fv @ 147 found.
 glUniform2fv @ 148 found.
 glUniform3fv @ 149 found.
 glUniform4fv @ 150 found.
 glUniform1iv @ 151 found.
 glUniform2iv @ 152 found.
 glUniform3iv @ 153 found.
 glUniform4iv @ 154 found.
 glUniformMatrix2fv @ 155 found.
 glUniformMatrix3fv @ 156 found.
 glUniformMatrix4fv @ 157 found.
 glValidateProgram @ 158 found.
 glVertexAttrib1d @ 159 found.
 glVertexAttrib1dv @ 160 found.
 glVertexAttrib1f @ 161 found.
 glVertexAttrib1fv @ 162 found.
 glVertexAttrib1s @ 163 found.
 glVertexAttrib1sv @ 164 found.
 glVertexAttrib2d @ 165 found.
 glVertexAttrib2dv @ 166 found.
 glVertexAttrib2f @ 167 found.
 glVertexAttrib2fv @ 168 found.
 glVertexAttrib2s @ 169 found.
 glVertexAttrib2sv @ 170 found.
 glVertexAttrib3d @ 171 found.
 glVertexAttrib3dv @ 172 found.
 glVertexAttrib3f @ 173 found.
 glVertexAttrib3fv @ 174 found.
 glVertexAttrib3s @ 175 found.
 glVertexAttrib3sv @ 176 found.
 glVertexAttrib4Nbv @ 177 found.
 glVertexAttrib4Niv @ 178 found.
 glVertexAttrib4Nsv @ 179 found.
 glVertexAttrib4Nub @ 180 found.
 glVertexAttrib4Nubv @ 181 found.
 glVertexAttrib4Nuiv @ 182 found.
 glVertexAttrib4Nusv @ 183 found.
 glVertexAttrib4bv @ 184 found.
 glVertexAttrib4d @ 185 found.
 glVertexAttrib4dv @ 186 found.
 glVertexAttrib4f @ 187 found.
 glVertexAttrib4fv @ 188 found.
 glVertexAttrib4iv @ 189 found.
 glVertexAttrib4s @ 190 found.
 glVertexAttrib4sv @ 191 found.
 glVertexAttrib4ubv @ 192 found.
 glVertexAttrib4uiv @ 193 found.
 glVertexAttrib4usv @ 194 found.
 glVertexAttribPointer @ 195 found.
 glUniformMatrix2x3fv @ 196 found.
 glUniformMatrix3x2fv @ 197 found.
 glUniformMatrix2x4fv @ 198 found.
 glUniformMatrix4x2fv @ 199 found.
 glUniformMatrix3x4fv @ 200 found.
 glUniformMatrix4x3fv @ 201 found.
 glColorMaski @ 202 found.
 glGetBooleani_v @ 203 found.
 glGetIntegeri_v @ 204 found.
 glEnablei @ 205 found.
 glDisablei @ 206 found.
 glIsEnabledi @ 207 found.
 glBeginTransformFeedback @ 208 found.
 glEndTransformFeedback @ 209 found.
 glBindBufferRange @ 210 found.
 glBindBufferBase @ 211 found.
 glTransformFeedbackVaryings @ 212 found.
 glGetTransformFeedbackVarying @ 213 found.
 glClampColor @ 214 found.
 glBeginConditionalRender @ 215 found.
 glEndConditionalRender @ 216 found.
 glVertexAttribIPointer @ 217 found.
 glGetVertexAttribIiv @ 218 found.
 glGetVertexAttribIuiv @ 219 found.
 glVertexAttribI1i @ 220 found.
 glVertexAttribI2i @ 221 found.
 glVertexAttribI3i @ 222 found.
 glVertexAttribI4i @ 223 found.
 glVertexAttribI1ui @ 224 found.
 glVertexAttribI2ui @ 225 found.
 glVertexAttribI3ui @ 226 found.
 glVertexAttribI4ui @ 227 found.
 glVertexAttribI1iv @ 228 found.
 glVertexAttribI2iv @ 229 found.
 glVertexAttribI3iv @ 230 found.
 glVertexAttribI4iv @ 231 found.
 glVertexAttribI1uiv @ 232 found.
 glVertexAttribI2uiv @ 233 found.
 glVertexAttribI3uiv @ 234 found.
 glVertexAttribI4uiv @ 235 found.
 glVertexAttribI4bv @ 236 found.
 glVertexAttribI4sv @ 237 found.
 glVertexAttribI4ubv @ 238 found.
 glVertexAttribI4usv @ 239 found.
 glGetUniformuiv @ 240 found.
 glBindFragDataLocation @ 241 found.
 glGetFragDataLocation @ 242 found.
 glUniform1ui @ 243 found.
 glUniform2ui @ 244 found.
 glUniform3ui @ 245 found.
 glUniform4ui @ 246 found.
 glUniform1uiv @ 247 found.
 glUniform2uiv @ 248 found.
 glUniform3uiv @ 249 found.
 glUniform4uiv @ 250 found.
 glTexParameterIiv @ 251 found.
 glTexParameterIuiv @ 252 found.
 glGetTexParameterIiv @ 253 found.
 glGetTexParameterIuiv @ 254 found.
 glClearBufferiv @ 255 found.
 glClearBufferuiv @ 256 found.
 glClearBufferfv @ 257 found.
 glClearBufferfi @ 258 found.
 glGetStringi @ 259 found.
 glIsRenderbuffer @ 260 found.
 glBindRenderbuffer @ 261 found.
 glDeleteRenderbuffers @ 262 found.
 glGenRenderbuffers @ 263 found.
 glRenderbufferStorage @ 264 found.
 glGetRenderbufferParameteriv @ 265 found.
 glIsFramebuffer @ 266 found.
 glBindFramebuffer @ 267 found.
 glDeleteFramebuffers @ 268 found.
 glGenFramebuffers @ 269 found.
 glCheckFramebufferStatus @ 270 found.
 glFramebufferTexture1D @ 271 found.
 glFramebufferTexture2D @ 272 found.
 glFramebufferTexture3D @ 273 found.
 glFramebufferRenderbuffer @ 274 found.
 glGetFramebufferAttachmentParameteriv @ 275 found.
 glGenerateMipmap @ 276 found.
 glBlitFramebuffer @ 277 found.
 glRenderbufferStorageMultisample @ 278 found.
 glFramebufferTextureLayer @ 279 found.
 glMapBufferRange @ 280 found.
 glFlushMappedBufferRange @ 281 found.
 glBindVertexArray @ 282 found.
 glDeleteVertexArrays @ 283 found.
 glGenVertexArrays @ 284 found.
 glIsVertexArray @ 285 found.
 glDrawArraysInstanced @ 286 found.
 glDrawElementsInstanced @ 287 found.
 glTexBuffer @ 288 found.
 glPrimitiveRestartIndex @ 289 found.
 glCopyBufferSubData @ 290 found.
 glGetUniformIndices @ 291 found.
 glGetActiveUniformsiv @ 292 found.
 glGetActiveUniformName @ 293 found.
 glGetUniformBlockIndex @ 294 found.
 glGetActiveUniformBlockiv @ 295 found.
 glGetActiveUniformBlockName @ 296 found.
 glUniformBlockBinding @ 297 found.
 glDrawElementsBaseVertex @ 298 found.
 glDrawRangeElementsBaseVertex @ 299 found.
 glDrawElementsInstancedBaseVertex @ 300 found.
 glMultiDrawElementsBaseVertex @ 301 found.
 glProvokingVertex @ 302 found.
 glFenceSync @ 303 found.
 glIsSync @ 304 found.
 glDeleteSync @ 305 found.
 glClientWaitSync @ 306 found.
 glWaitSync @ 307 found.
 glGetInteger64v @ 308 found.
 glGetSynciv @ 309 found.
 glGetInteger64i_v @ 310 found.
 glGetBufferParameteri64v @ 311 found.
 glFramebufferTexture @ 312 found.
 glTexImage2DMultisample @ 313 found.
 glTexImage3DMultisample @ 314 found.
 glGetMultisamplefv @ 315 found.
 glSampleMaski @ 316 found.
 glBindFragDataLocationIndexed @ 317 found.
 glGetFragDataIndex @ 318 found.
 glGenSamplers @ 319 found.
 glDeleteSamplers @ 320 found.
 glIsSampler @ 321 found.
 glBindSampler @ 322 found.
 glSamplerParameteri @ 323 found.
 glSamplerParameteriv @ 324 found.
 glSamplerParameterf @ 325 found.
 glSamplerParameterfv @ 326 found.
 glSamplerParameterIiv @ 327 found.
 glSamplerParameterIuiv @ 328 found.
 glGetSamplerParameteriv @ 329 found.
 glGetSamplerParameterIiv @ 330 found.
 glGetSamplerParameterfv @ 331 found.
 glGetSamplerParameterIuiv @ 332 found.
 glQueryCounter @ 333 found.
 glGetQueryObjecti64v @ 334 found.
 glGetQueryObjectui64v @ 335 found.
 glVertexAttribDivisor @ 336 found.
 glVertexAttribP1ui @ 337 found.
 glVertexAttribP1uiv @ 338 found.
 glVertexAttribP2ui @ 339 found.
 glVertexAttribP2uiv @ 340 found.
 glVertexAttribP3ui @ 341 found.
 glVertexAttribP3uiv @ 342 found.
 glVertexAttribP4ui @ 343 found.
 glVertexAttribP4uiv @ 344 found.
 glMinSampleShading @ 345 found.
 glBlendEquationi @ 346 found.
 glBlendEquationSeparatei @ 347 found.
 glBlendFunci @ 348 found.
 glBlendFuncSeparatei @ 349 found.
 glDrawArraysIndirect @ 350 found.
 glDrawElementsIndirect @ 351 found.
 glUniform1d @ 352 found.
 glUniform2d @ 353 found.
 glUniform3d @ 354 found.
 glUniform4d @ 355 found.
 glUniform1dv @ 356 found.
 glUniform2dv @ 357 found.
 glUniform3dv @ 358 found.
 glUniform4dv @ 359 found.
 glUniformMatrix2dv @ 360 found.
 glUniformMatrix3dv @ 361 found.
 glUniformMatrix4dv @ 362 found.
 glUniformMatrix2x3dv @ 363 found.
 glUniformMatrix2x4dv @ 364 found.
 glUniformMatrix3x2dv @ 365 found.
 glUniformMatrix3x4dv @ 366 found.
 glUniformMatrix4x2dv @ 367 found.
 glUniformMatrix4x3dv @ 368 found.
 glGetUniformdv @ 369 found.
 glGetSubroutineUniformLocation @ 370 found.
 glGetSubroutineIndex @ 371 found.
 glGetActiveSubroutineUniformiv @ 372 found.
 glGetActiveSubroutineUniformName @ 373 found.
 glGetActiveSubroutineName @ 374 found.
 glUniformSubroutinesuiv @ 375 found.
 glGetUniformSubroutineuiv @ 376 found.
 glGetProgramStageiv @ 377 found.
 glPatchParameteri @ 378 found.
 glPatchParameterfv @ 379 found.
 glBindTransformFeedback @ 380 found.
 glDeleteTransformFeedbacks @ 381 found.
 glGenTransformFeedbacks @ 382 found.
 glIsTransformFeedback @ 383 found.
 glPauseTransformFeedback @ 384 found.
 glResumeTransformFeedback @ 385 found.
 glDrawTransformFeedback @ 386 found.
 glDrawTransformFeedbackStream @ 387 found.
 glBeginQueryIndexed @ 388 found.
 glEndQueryIndexed @ 389 found.
 glGetQueryIndexediv @ 390 found.
 glReleaseShaderCompiler @ 391 found.
 glShaderBinary @ 392 found.
 glGetShaderPrecisionFormat @ 393 found.
 glDepthRangef @ 394 found.
 glClearDepthf @ 395 found.
 glGetProgramBinary @ 396 found.
 glProgramBinary @ 397 found.
 glProgramParameteri @ 398 found.
 glUseProgramStages @ 399 found.
 glActiveShaderProgram @ 400 found.
 glCreateShaderProgramv @ 401 found.
 glBindProgramPipeline @ 402 found.
 glDeleteProgramPipelines @ 403 found.
 glGenProgramPipelines @ 404 found.
 glIsProgramPipeline @ 405 found.
 glGetProgramPipelineiv @ 406 found.
 glProgramUniform1i @ 407 found.
 glProgramUniform1iv @ 408 found.
 glProgramUniform1f @ 409 found.
 glProgramUniform1fv @ 410 found.
 glProgramUniform1d @ 411 found.
 glProgramUniform1dv @ 412 found.
 glProgramUniform1ui @ 413 found.
 glProgramUniform1uiv @ 414 found.
 glProgramUniform2i @ 415 found.
 glProgramUniform2iv @ 416 found.
 glProgramUniform2f @ 417 found.
 glProgramUniform2fv @ 418 found.
 glProgramUniform2d @ 419 found.
 glProgramUniform2dv @ 420 found.
 glProgramUniform2ui @ 421 found.
 glProgramUniform2uiv @ 422 found.
 glProgramUniform3i @ 423 found.
 glProgramUniform3iv @ 424 found.
 glProgramUniform3f @ 425 found.
 glProgramUniform3fv @ 426 found.
 glProgramUniform3d @ 427 found.
 glProgramUniform3dv @ 428 found.
 glProgramUniform3ui @ 429 found.
 glProgramUniform3uiv @ 430 found.
 glProgramUniform4i @ 431 found.
 glProgramUniform4iv @ 432 found.
 glProgramUniform4f @ 433 found.
 glProgramUniform4fv @ 434 found.
 glProgramUniform4d @ 435 found.
 glProgramUniform4dv @ 436 found.
 glProgramUniform4ui @ 437 found.
 glProgramUniform4uiv @ 438 found.
 glProgramUniformMatrix2fv @ 439 found.
 glProgramUniformMatrix3fv @ 440 found.
 glProgramUniformMatrix4fv @ 441 found.
 glProgramUniformMatrix2dv @ 442 found.
 glProgramUniformMatrix3dv @ 443 found.
 glProgramUniformMatrix4dv @ 444 found.
 glProgramUniformMatrix2x3fv @ 445 found.
 glProgramUniformMatrix3x2fv @ 446 found.
 glProgramUniformMatrix2x4fv @ 447 found.
 glProgramUniformMatrix4x2fv @ 448 found.
 glProgramUniformMatrix3x4fv @ 449 found.
 glProgramUniformMatrix4x3fv @ 450 found.
 glProgramUniformMatrix2x3dv @ 451 found.
 glProgramUniformMatrix3x2dv @ 452 found.
 glProgramUniformMatrix2x4dv @ 453 found.
 glProgramUniformMatrix4x2dv @ 454 found.
 glProgramUniformMatrix3x4dv @ 455 found.
 glProgramUniformMatrix4x3dv @ 456 found.
 glValidateProgramPipeline @ 457 found.
 glGetProgramPipelineInfoLog @ 458 found.
 glVertexAttribL1d @ 459 found.
 glVertexAttribL2d @ 460 found.
 glVertexAttribL3d @ 461 found.
 glVertexAttribL4d @ 462 found.
 glVertexAttribL1dv @ 463 found.
 glVertexAttribL2dv @ 464 found.
 glVertexAttribL3dv @ 465 found.
 glVertexAttribL4dv @ 466 found.
 glVertexAttribLPointer @ 467 found.
 glGetVertexAttribLdv @ 468 found.
 glViewportArrayv @ 469 found.
 glViewportIndexedf @ 470 found.
 glViewportIndexedfv @ 471 found.
 glScissorArrayv @ 472 found.
 glScissorIndexed @ 473 found.
 glScissorIndexedv @ 474 found.
 glDepthRangeArrayv @ 475 found.
 glDepthRangeIndexed @ 476 found.
 glGetFloati_v @ 477 found.
 glGetDoublei_v @ 478 found.
 glDrawArraysInstancedBaseInstance @ 479 found.
 glDrawElementsInstancedBaseInstance @ 480 found.
 glDrawElementsInstancedBaseVertexBaseInstance @ 481 found.
 glGetInternalformativ @ 482 found.
 glGetActiveAtomicCounterBufferiv @ 483 found.
 glBindImageTexture @ 484 found.
 glMemoryBarrier @ 485 found.
 glTexStorage1D @ 486 found.
 glTexStorage2D @ 487 found.
 glTexStorage3D @ 488 found.
 glDrawTransformFeedbackInstanced @ 489 found.
 glDrawTransformFeedbackStreamInstanced @ 490 found.
 glDispatchCompute @ 493 found.
 glDispatchComputeIndirect @ 494 found.
 glFramebufferParameteri @ 496 found.
 glGetFramebufferParameteriv @ 497 found.
 glGetInternalformati64v @ 498 found.
 glInvalidateFramebuffer @ 503 found.
 glInvalidateSubFramebuffer @ 504 found.
 glMultiDrawArraysIndirect @ 505 found.
 glMultiDrawElementsIndirect @ 506 found.
 glGetProgramInterfaceiv @ 507 found.
 glGetProgramResourceIndex @ 508 found.
 glGetProgramResourceName @ 509 found.
 glGetProgramResourceiv @ 510 found.
 glGetProgramResourceLocation @ 511 found.
 glGetProgramResourceLocationIndex @ 512 found.
 glShaderStorageBlockBinding @ 513 found.
 glTexBufferRange @ 514 found.
 glTexStorage2DMultisample @ 515 found.
 glTexStorage3DMultisample @ 516 found.
 glBindVertexBuffer @ 518 found.
 glVertexAttribFormat @ 519 found.
 glVertexAttribIFormat @ 520 found.
 glVertexAttribLFormat @ 521 found.
 glVertexAttribBinding @ 522 found.
 glVertexBindingDivisor @ 523 found.
 glDebugMessageControl @ 524 found.
 glDebugMessageInsert @ 525 found.
 glDebugMessageCallback @ 526 found.
 glGetDebugMessageLog @ 527 found.
 glPushDebugGroup @ 528 found.
 glPopDebugGroup @ 529 found.
 glObjectLabel @ 530 found.
 glGetObjectLabel @ 531 found.
 glObjectPtrLabel @ 532 found.
 glGetObjectPtrLabel @ 533 found.
 glBufferStorage @ 534 found.
 glClipControl @ 543 found.
 glNamedBufferStorage @ 551 found.
 glTextureBufferRange @ 589 found.
 glTextureParameteri @ 606 found.
 glMemoryBarrierByRegion @ 641 found.
 glGetGraphicsResetStatus @ 644 found.
 glGetnCompressedTexImage @ 645 found.
 glGetnTexImage @ 646 found.
 glGetnUniformdv @ 647 found.
 glGetnUniformfv @ 648 found.
 glGetnUniformiv @ 649 found.
 glGetnUniformuiv @ 650 found.
 glReadnPixels @ 651 found.
 afxDrawDriver.c:68?AfxDrawSystemRegisterDriver(dsys=00000000002b6500,mdle=00000000002bbd00,spec=00000000001eda00)
 Class[Draw Driver].ConstructInstances(1, 00000000001ed740, 00000000001ed748)
 Constructing instance 00000000045e6e30 of Draw Driver.
 afxDrawDriver.c:110?_AfxDdrvCtor(ddrv=00000000045e6e30)
 Draw Context class registered.
New draw driver registered.
Name: SIGGL
Author: SIGMA Technology Group
Version: 0.7.2
Note: 
 ad88888ba   88    ,ad8888ba,     ,ad8888ba,   88           
d8"     "8b  88   d8"'    `"8b   d8"'    `"8b  88           
Y8,          88  d8'            d8'            88           
`Y8aaaaa,    88  88             88             88           
  `"""""8b,  88  88      88888  88      88888  88
        `8b  88  Y8,        88  Y8,        88  88           
Y8a     a8P  88   Y8a.    .a88   Y8a.    .a88  88           
 "Y88888P"   88    `"Y88888P"     `"Y88888P"   88888888888  
 Instance 00000000045e6e30[ddrv]^1 built.
 Loading draw ICDs...
 afxModule.c:64?AfxSystemAcquireModule(sys=00000000002b2240,uri=e2draw.icd)
 Reacquired. (mdle)00000000002bbd00^3
 afxModule.c:64?AfxSystemAcquireModule(sys=00000000002b2240,uri=e2newton.icd)
 Class[Module].ConstructInstances(1, 00000000001ed8d0, 00000000001ed8d8)
 Constructing instance 00000000044d9410 of Module.
 afxModule.c:130?_AfxMdleCtor(uri:e2newton.icd)
 Instance 00000000044d9410[mdle]^1 built.
 Instance 00000000002b6500[dsys]^1 built.
 afxDrawContext.c:266?AfxDrawSystemAcquireContext(dsys=00000000002b6500,spec=00000000001ee720)
 Class[Draw Context].ConstructInstances(1, 00000000001ee490, 00000000001ee498)
 Constructing instance 00000000029ae090 of Draw Context.
 sglDrawContext.c:390?_AfxDctxCtor(dctx=00000000029ae090)
 afxAllocator.c:471?AfxSystemAcquireAllocator(sys=00000000002b2240,strategy=00000000001edf28,hint="sglDrawContext.c:413!_AfxDctxCtor")
 Class[Allocator].ConstructInstances(1, 00000000001edbf0, 00000000001edbf8)
 Constructing instance 00000000042c5710 of Allocator.
 afxAllocator.c:258?_AfxAllCtor(all=00000000042c5710)
 Instance 00000000042c5710[all]^1 built.
 Draw Script class registered.
 Draw Input class registered.
 Draw Engine class registered.
 Buffer class registered.
 Vertex Buffer class registered.
 Index Buffer class registered.
 Sampler class registered.
 Texture class registered.
 Surface class registered.
 Canvas class registered.
 Pipeline Module class registered.
 Pipeline Rig class registered.
 Pipeline class registered.
 Lego class registered.
 Draw Output class registered.
 sglDrawEngine.c:1741?_AfxDrawContextAcquireEngine(dctx=00000000029ae090)
 Class[Draw Engine].ConstructInstances(1, 00000000001edc70, 00000000001edc78)
 Constructing instance 0000000003004c70 of Draw Engine.
 sglDrawEngine.c:1792?_AfxDengCtor(deng=0000000003004c70)
 afxUniformPipelineDescriptor.c:603?_AfxDrawContextUploadPipelineUrd(dctx=00000000029ae090,uri=data/pipeline/rgbaToRgbaYFlipped.pip.urd)
 afxUniformPipelineDescriptor.c:559?_AfxLoadAndParsePipelineUrd(dctx=00000000029ae090)
 afxUrd.c:1086?AfxSystemUploadUrd(uri=data/pipeline/rgbaToRgbaYFlipped.pip.urdp)
 Class[Uniform Resource Dictionary].ConstructInstances(1, 00000000001e3f00, 00000000001e3f08)
 Constructing instance 00000000042e5370 of Uniform Resource Dictionary.
 afxUrd.c:1059?_AfxUrdCtor(uri:data/pipeline/rgbaToRgbaYFlipped.pip.urd)
 afxStream.c:668?AfxSystemAcquireStream(sys:00000000002b2240,uri:data/pipeline/rgbaToRgbaYFlipped.pip.urd,access=r)
 Class[I/O Stream].ConstructInstances(1, 00000000001e3870, 00000000001e3878)
 Constructing instance 000000000036ab10 of I/O Stream.
 Acquired. (ios)000000000036ab10^1 <-> "E:/qwadro/afx/data/pipeline/rgbaToRgbaYFlipped.pip.urd"
 Instance 000000000036ab10[ios]^1 built.
 Class[I/O Stream].DestructInstances(1, 00000000001e39f8, 0000100000000008)
 Destructing instance 000000000036ab10 of I/O Stream class.
 Instance 000000000036ab10[ios]^0 destroyed.
 Instance 00000000042e5370[urd]^1 built.
 Class[Uniform Resource Dictionary].DestructInstances(1, 00000000001e4068, 0000000100737973)
 Destructing instance 00000000042e5370 of Uniform Resource Dictionary class.
 afxUrd.c:1040?_AfxUrdDtor(urd=00000000042e5370)
 Instance 00000000042e5370[urd]^0 destroyed.
 Class[Pipeline].ConstructInstances(1, 00000000001e4160, 00000000001e4168)
 Constructing instance 0000000002fc50c0 of Pipeline : Resource.
 Constructing instance 0000000002fc50c0 of Resource.
 afxResource.c:127?_AfxResCtor(res=0000000002fc50c0)
 Constructing instance 0000000002fc50c0 of Pipeline.
 sglPipeline.c:636?_AfxPipCtor(pip=0000000002fc50c0)
 afxPipelineModule.c:58?AfxDrawContextBuildPipelineModule(dctx=00000000029ae090,code=00000000001e4a80,len=695)
 sglPipelineModule.c:182?_AfxDrawContextBuildPipelineModule(dctx=00000000029ae090,code=00000000001e4a80,len=695)
 Class[Pipeline Module].ConstructInstances(1, 00000000001e3740, 00000000001e3748)
 Constructing instance 0000000002f95f30 of Pipeline Module.
 sglPipelineModule.c:145?_AfxPipmCtor(pipm=0000000002f95f30)
 Instance 0000000002f95f30[pipm]^1 built.
 Taking connection 0000000002fc5258 connecting 0000000002f95f30?pipm#1 to holder 0000000002fc50c0?pip#1.
 afxPipelineModule.c:58?AfxDrawContextBuildPipelineModule(dctx=00000000029ae090,code=00000000001e5aa0,len=398)
 sglPipelineModule.c:182?_AfxDrawContextBuildPipelineModule(dctx=00000000029ae090,code=00000000001e5aa0,len=398)
 Class[Pipeline Module].ConstructInstances(1, 00000000001e3740, 00000000001e3748)
 Constructing instance 00000000029a0e80 of Pipeline Module.
 sglPipelineModule.c:145?_AfxPipmCtor(pipm=00000000029a0e80)
 Instance 00000000029a0e80[pipm]^1 built.
 Taking connection 0000000002fc52b8 connecting 00000000029a0e80?pipm#1 to holder 0000000002fc50c0?pip#1.
 Class[Pipeline Rig].ConstructInstances(1, 00000000001e3810, 00000000001e3818)
 Constructing instance 00000000045dadb0 of Pipeline Rig.
 sglPipelineRig.c:100?_AfxPiprCtor(pipr=00000000045dadb0)
 Instance 00000000045dadb0[pipa]^1 built.
 Instance 0000000002fc50c0[pip]^1 built.
 sglSampler.c:119?_AfxDrawContextAcquireSampler(dctx=00000000029ae090,spec=00000000001ed7d0)
 Class[Sampler].ConstructInstances(1, 00000000001ed240, 00000000001ed248)
 Constructing instance 00000000042d6c80 of Sampler.
 sglSampler.c:166?_AfxSmpCtor(smp=00000000042d6c80)
 Instance 00000000042d6c80[smp]^1 built.
 Class[Lego].ConstructInstances(1, 00000000001ed310, 00000000001ed318)
 Constructing instance 00000000029a2cc0 of Lego.
 sglLego.c:147?_AfxLegoCtor(lego=00000000029a2cc0)
 Instance 00000000029a2cc0[bset]^1 built.
 Class[Vertex Buffer].ConstructInstances(1, 00000000001ed160, 00000000001ed168)
 Constructing instance 00000000042d6dd0 of Vertex Buffer : Buffer.
 Constructing instance 00000000042d6dd0 of Buffer.
 sglBuffer.c:417?_AfxBufCtor(buf=00000000042d6dd0)
 Constructing instance 00000000042d6dd0 of Vertex Buffer.
 sglVertexBuffer.c:262?_AfxVbufCtor(vbuf=00000000042d6dd0)
 Instance 00000000042d6dd0[vbuf]^1 built.
 Instance 0000000003004c70[deng]^1 built.
 Instance 00000000029ae090[dctx]^1 built.
 afxApplication.c:385?AfxSystemAcquireApplication(sys=000013fc15fbcd43,spec=0000000000000000)
 Class[Application].ConstructInstances(1, 00000000001ee4f0, 00000000001ee4f8)
 Constructing instance 0000000002fbc6d0 of Application.
 afxApplication.c:472?_AfxAppCtor(app=0000000002fbc6d0)
 afxMouse.c:232?AfxSystemAcquireMouse(sys=00000000002b2240,port=0)
 Class[Mouse].ConstructInstances(1, 00000000001edd60, 00000000001edd68)
 Constructing instance 00000000042c6250 of Mouse : HID.
 Constructing instance 00000000042c6250 of HID.
 afxHid.c:55?_AfxHidCtor(hid=00000000042c6250)
 Constructing instance 00000000042c6250 of Mouse.
 afxMouse.c:259?_AfxMseCtor(mse=00000000042c6250)
 Instance 00000000042c6250[mse]^1 built.
 Taking connection 0000000002fbc7a8 connecting 00000000042c6250?mse#1 to holder 0000000002fbc6d0?app#1.
 afxAllocator.c:471?AfxSystemAcquireAllocator(sys=00000000002b2240,strategy=00000000001ee000,hint="afxApplication.c:507!_AfxAppCtor")
 Class[Allocator].ConstructInstances(1, 00000000001edcc0, 00000000001edcc8)
 Constructing instance 00000000042c2c50 of Allocator.
 afxAllocator.c:258?_AfxAllCtor(all=00000000042c2c50)
 Instance 00000000042c2c50[all]^1 built.
 Taking connection 0000000002fbc750 connecting 00000000042c2c50?all#1 to holder 0000000002fbc6d0?app#1.
 sglDrawInput.c:203?_AfxDrawContextAcquireInput(dctx=00000000029ae090,spec=00000000001edfd0)
 Class[Draw Input].ConstructInstances(1, 00000000001edc90, 00000000001edc98)
 Constructing instance 00000000042e7030 of Draw Input.
 sglDrawInput.c:252?_AfxDinCtor(din=00000000042e7030)
 afxAllocator.c:471?AfxSystemAcquireAllocator(sys=00000000002b2240,strategy=00000000001ed710,hint="sglDrawInput.c:287!_AfxDinCtor")
 Class[Allocator].ConstructInstances(1, 00000000001ed480, 00000000001ed488)
 Constructing instance 00000000045e8340 of Allocator.
 afxAllocator.c:258?_AfxAllCtor(all=00000000045e8340)
 Instance 00000000045e8340[all]^1 built.
 Instance 00000000042e7030[din]^1 built.
 Taking connection 0000000002fbcce0 connecting 00000000042e7030?din#1 to holder 0000000002fbc6d0?app#1.
 Widget class registered.
 Simulation class registered.
 Instance 0000000002fbc6d0[app]^1 built.
 afxApplication.c:337?AfxApplicationExecute(app=0000000002fbc6d0)
 mmplayer.c:94?AfxEnterApplication(app=0000000002fbc6d0)
 afxStream.c:668?AfxSystemAcquireStream(sys:00000000002b2240,uri:art/world.tga,access=r)
 Class[I/O Stream].ConstructInstances(1, 00000000001ecab0, 00000000001ecab8)
 Constructing instance 000000000036b5b0 of I/O Stream.
 Acquired. (ios)000000000036b5b0^1 <-> "E:/qwadro/afx/art/world.tga"
 Instance 000000000036b5b0[ios]^1 built.
 ADV afxTextureBlueprint.c:23?AfxTextureBlueprintDeploy
    texb->fcc == AFX_FCC_TEXB
 sglTexture.c:1080?_AfxDrawContextBuildTextures(dctx=00000000029ae090,fmt=4,whd=[512,512,1],lodCnt=1,usage=0)
 Class[Texture].ConstructInstances(1, 00000000001ec830, 00000000001ec838)
 Constructing instance 00000000042c6920 of Texture : Resource.
 Constructing instance 00000000042c6920 of Resource.
 afxResource.c:127?_AfxResCtor(res=00000000042c6920)
 Constructing instance 00000000042c6920 of Texture.
 sglTexture.c:977?_AfxTexCtor(tex=00000000042c6920)
 Instance 00000000042c6920[tex]^1 built.
 Class[I/O Stream].DestructInstances(1, 00000000001ecc38, 00000000001ecdb0)
 Destructing instance 000000000036b5b0 of I/O Stream class.
 Instance 000000000036b5b0[ios]^0 destroyed.
 afxStream.c:668?AfxSystemAcquireStream(sys:00000000002b2240,uri:system/world2.tga,access=w)
 Class[I/O Stream].ConstructInstances(1, 00000000001ede90, 00000000001ede98)
 Constructing instance 000000000036b5b0 of I/O Stream.
 Acquired. (ios)000000000036b5b0^1 <-> "E:/qwadro/afx/system64/world2.tga"
 Instance 000000000036b5b0[ios]^1 built.
 Class[I/O Stream].DestructInstances(1, 00000000001ee018, 0000000001010101)
 Destructing instance 000000000036b5b0 of I/O Stream class.
 Instance 000000000036b5b0[ios]^0 destroyed.
 Class[Texture].DestructInstances(1, 00000000001ee2a8, 0000000000000000)
 Destructing instance 00000000042c6920 of Texture class.
 sglTexture.c:932?_AfxTexDtor(tex=00000000042c6920)
 Destructing instance 00000000042c6920 of Texture : Resource class.
 Destructing instance 00000000042c6920 of Resource class.
 afxResource.c:93?_AfxResDtor(res=00000000042c6920)
 Instance 00000000042c6920[tex]^0 destroyed.
 afxDrawOutput.c:92?AfxDrawContextAcquireOutput(dctx=00000000029ae090,extent=00000000001ee550,spec=00000000001ee410)
 sglDrawOutput.c:304?_AfxDrawContextAcquireOutput(dctx=00000000029ae090,extent=00000000001ee550,spec=00000000001ee410)
 Class[Draw Output].ConstructInstances(1, 00000000001ee0b0, 00000000001ee0b8)
 Constructing instance 00000000029a40c0 of Draw Output.
 sglDrawOutput.c:557?_AfxDoutCtor(dout=00000000029a40c0)
 sglSurface.c:71?_AfxDrawContextAcquireSurface(dctx=00000000029ae090,fmt=4,whd=[1280,720,1],usage=16)
 ADV afxTextureBlueprint.c:23?AfxTextureBlueprintDeploy
    texb->fcc == AFX_FCC_TEXB
 Class[Surface].ConstructInstances(1, 00000000001ec6e0, 00000000001ec6e8)
 Constructing instance 00000000042c6920 of Surface : Texture.
 Constructing instance 00000000042c6920 of Texture : Resource.
 Constructing instance 00000000042c6920 of Resource.
 afxResource.c:127?_AfxResCtor(res=00000000042c6920)
 Constructing instance 00000000042c6920 of Texture.
 sglTexture.c:977?_AfxTexCtor(tex=00000000042c6920)
 Constructing instance 00000000042c6920 of Surface.
 sglSurface.c:127?_AfxSurfCtor(surf=00000000042c6920)
 Instance 00000000042c6920[surf]^1 built.
 sglSurface.c:71?_AfxDrawContextAcquireSurface(dctx=00000000029ae090,fmt=4,whd=[1280,720,1],usage=16)
 ADV afxTextureBlueprint.c:23?AfxTextureBlueprintDeploy
    texb->fcc == AFX_FCC_TEXB
 Class[Surface].ConstructInstances(1, 00000000001ec6e0, 00000000001ec6e8)
 Constructing instance 0000000000341a00 of Surface : Texture.
 Constructing instance 0000000000341a00 of Texture : Resource.
 Constructing instance 0000000000341a00 of Resource.
 afxResource.c:127?_AfxResCtor(res=0000000000341a00)
 Constructing instance 0000000000341a00 of Texture.
 sglTexture.c:977?_AfxTexCtor(tex=0000000000341a00)
 Constructing instance 0000000000341a00 of Surface.
 sglSurface.c:127?_AfxSurfCtor(surf=0000000000341a00)
 Instance 0000000000341a00[surf]^1 built.
 sglSurface.c:71?_AfxDrawContextAcquireSurface(dctx=00000000029ae090,fmt=4,whd=[1280,720,1],usage=16)
 ADV afxTextureBlueprint.c:23?AfxTextureBlueprintDeploy
    texb->fcc == AFX_FCC_TEXB
 Class[Surface].ConstructInstances(1, 00000000001ec6e0, 00000000001ec6e8)
 Constructing instance 00000000029afc20 of Surface : Texture.
 Constructing instance 00000000029afc20 of Texture : Resource.
 Constructing instance 00000000029afc20 of Resource.
 afxResource.c:127?_AfxResCtor(res=00000000029afc20)
 Constructing instance 00000000029afc20 of Texture.
 sglTexture.c:977?_AfxTexCtor(tex=00000000029afc20)
 Constructing instance 00000000029afc20 of Surface.
 sglSurface.c:127?_AfxSurfCtor(surf=00000000029afc20)
 Instance 00000000029afc20[surf]^1 built.
 sglDrawOutput.c:510?_AfxStdDoutImplCtor(dout=00000000029a40c0,uri=window)
 sglDrawOutput.c:362?_AfxStdDoutImplCtorWnd(dout=00000000029a40c0)
 ERR sglTexture.c:707?_AfxTextureSetExtent
    
 ERR sglTexture.c:707?_AfxTextureSetExtent
    (extent[2] != tex->whd[2])
    Invalid
 ERR sglTexture.c:707?_AfxTextureSetExtent
    
 ERR sglTexture.c:707?_AfxTextureSetExtent
    (extent[2] != tex->whd[2])
    Invalid
 ERR sglTexture.c:707?_AfxTextureSetExtent
    
 ERR sglTexture.c:707?_AfxTextureSetExtent
    (extent[2] != tex->whd[2])
    Invalid
 Extent readjusted. (dout)00000000029a40c0 -> 1272, 0.662500 of 1920; 693 0.641667 of 1080
 Instance 00000000029a40c0[dout]^1 built.
 sglCanvas.c:278?_AfxDrawContextAcquireCanvas(dctx=00000000029ae090,extent=[1272,693,1],surfaceCnt=1)
 Class[Canvas].ConstructInstances(1, 00000000001ede00, 00000000001ede08)
 Constructing instance 000000000450e900 of Canvas.
 sglCanvas.c:361?_AfxCanvCtor(canv=000000000450e900)
 Instance 000000000450e900[canv]^1 built.
 sglCanvas.c:278?_AfxDrawContextAcquireCanvas(dctx=00000000029ae090,extent=[1272,693,1],surfaceCnt=1)
 Class[Canvas].ConstructInstances(1, 00000000001ede00, 00000000001ede08)
 Constructing instance 000000000450ea60 of Canvas.
 sglCanvas.c:361?_AfxCanvCtor(canv=000000000450ea60)
 Instance 000000000450ea60[canv]^1 built.
 sglCanvas.c:278?_AfxDrawContextAcquireCanvas(dctx=00000000029ae090,extent=[1272,693,1],surfaceCnt=1)
 Class[Canvas].ConstructInstances(1, 00000000001ede00, 00000000001ede08)
 Constructing instance 000000000450ebc0 of Canvas.
 sglCanvas.c:361?_AfxCanvCtor(canv=000000000450ebc0)
 Instance 000000000450ebc0[canv]^1 built.
 sglDrawInput.c:203?_AfxDrawContextAcquireInput(dctx=00000000029ae090,spec=00000000001ee3e0)
 Class[Draw Input].ConstructInstances(1, 00000000001ee0e0, 00000000001ee0e8)
 Constructing instance 00000000042e6e20 of Draw Input.
 sglDrawInput.c:252?_AfxDinCtor(din=00000000042e6e20)
 afxAllocator.c:471?AfxSystemAcquireAllocator(sys=00000000002b2240,strategy=00000000001edb60,hint="sglDrawInput.c:287!_AfxDinCtor")
 Class[Allocator].ConstructInstances(1, 00000000001ed8d0, 00000000001ed8d8)
 Constructing instance 00000000003345d0 of Allocator.
 afxAllocator.c:258?_AfxAllCtor(all=00000000003345d0)
 Instance 00000000003345d0[all]^1 built.
 Instance 00000000042e6e20[din]^1 built.
 afxModule.c:64?AfxSystemAcquireModule(sys=00000000002b2240,uri=binkw64.dll)
 Class[Module].ConstructInstances(1, 00000000001ede70, 00000000001ede78)
 Constructing instance 0000000000333640 of Module.
 afxModule.c:130?_AfxMdleCtor(uri:binkw64.dll)
 Instance 0000000000333640[mdle]^1 built.
 sglSampler.c:119?_AfxDrawContextAcquireSampler(dctx=00000000029ae090,spec=00000000001ee290)
 Class[Sampler].ConstructInstances(1, 00000000001edde0, 00000000001edde8)
 Constructing instance 0000000000335ee0 of Sampler.
 sglSampler.c:166?_AfxSmpCtor(smp=0000000000335ee0)
 Instance 0000000000335ee0[smp]^1 built.
 afxUniformPipelineDescriptor.c:603?_AfxDrawContextUploadPipelineUrd(dctx=00000000029ae090,uri=data/pipeline/yv12ToRgba.pip.urd)
 afxUniformPipelineDescriptor.c:559?_AfxLoadAndParsePipelineUrd(dctx=00000000029ae090)
 afxUrd.c:1086?AfxSystemUploadUrd(uri=data/pipeline/yv12ToRgba.pip.urdp)
 Class[Uniform Resource Dictionary].ConstructInstances(1, 00000000001e4aa0, 00000000001e4aa8)
 Constructing instance 00000000042e5260 of Uniform Resource Dictionary.
 afxUrd.c:1059?_AfxUrdCtor(uri:data/pipeline/yv12ToRgba.pip.urd)
 afxStream.c:668?AfxSystemAcquireStream(sys:00000000002b2240,uri:data/pipeline/yv12ToRgba.pip.urd,access=r)
 Class[I/O Stream].ConstructInstances(1, 00000000001e4410, 00000000001e4418)
 Constructing instance 00000000045de200 of I/O Stream.
 Acquired. (ios)00000000045de200^1 <-> "E:/qwadro/afx/data/pipeline/yv12ToRgba.pip.urd"
 Instance 00000000045de200[ios]^1 built.
 Class[I/O Stream].DestructInstances(1, 00000000001e4598, 0000100000000008)
 Destructing instance 00000000045de200 of I/O Stream class.
 Instance 00000000045de200[ios]^0 destroyed.
 Instance 00000000042e5260[urd]^1 built.
 Class[Uniform Resource Dictionary].DestructInstances(1, 00000000001e4c08, 0000000100737973)
 Destructing instance 00000000042e5260 of Uniform Resource Dictionary class.
 afxUrd.c:1040?_AfxUrdDtor(urd=00000000042e5260)
 Instance 00000000042e5260[urd]^0 destroyed.
 Class[Pipeline].ConstructInstances(1, 00000000001e4d00, 00000000001e4d08)
 Constructing instance 00000000045e0ef0 of Pipeline : Resource.
 Constructing instance 00000000045e0ef0 of Resource.
 afxResource.c:127?_AfxResCtor(res=00000000045e0ef0)
 Constructing instance 00000000045e0ef0 of Pipeline.
 sglPipeline.c:636?_AfxPipCtor(pip=00000000045e0ef0)
 afxPipelineModule.c:58?AfxDrawContextBuildPipelineModule(dctx=00000000029ae090,code=00000000001e5620,len=516)
 sglPipelineModule.c:182?_AfxDrawContextBuildPipelineModule(dctx=00000000029ae090,code=00000000001e5620,len=516)
 Class[Pipeline Module].ConstructInstances(1, 00000000001e42e0, 00000000001e42e8)
 Constructing instance 000000000298dba0 of Pipeline Module.
 sglPipelineModule.c:145?_AfxPipmCtor(pipm=000000000298dba0)
 Instance 000000000298dba0[pipm]^1 built.
 Taking connection 00000000045e1088 connecting 000000000298dba0?pipm#1 to holder 00000000045e0ef0?pip#1.
 afxPipelineModule.c:58?AfxDrawContextBuildPipelineModule(dctx=00000000029ae090,code=00000000001e6640,len=828)
 sglPipelineModule.c:182?_AfxDrawContextBuildPipelineModule(dctx=00000000029ae090,code=00000000001e6640,len=828)
 Class[Pipeline Module].ConstructInstances(1, 00000000001e42e0, 00000000001e42e8)
 Constructing instance 000000000298dcc0 of Pipeline Module.
 sglPipelineModule.c:145?_AfxPipmCtor(pipm=000000000298dcc0)
 Instance 000000000298dcc0[pipm]^1 built.
 Taking connection 00000000045e10e8 connecting 000000000298dcc0?pipm#1 to holder 00000000045e0ef0?pip#1.
 Class[Pipeline Rig].ConstructInstances(1, 00000000001e43b0, 00000000001e43b8)
 Constructing instance 00000000045de200 of Pipeline Rig.
 sglPipelineRig.c:100?_AfxPiprCtor(pipr=00000000045de200)
 Instance 00000000045de200[pipa]^1 built.
 Instance 00000000045e0ef0[pip]^1 built.
 sglSurface.c:71?_AfxDrawContextAcquireSurface(dctx=00000000029ae090,fmt=1,whd=[688,384,1],usage=16)
 ADV afxTextureBlueprint.c:23?AfxTextureBlueprintDeploy
    texb->fcc == AFX_FCC_TEXB
 Class[Surface].ConstructInstances(1, 00000000001eb8a0, 00000000001eb8a8)
 Constructing instance 0000000002fb8390 of Surface : Texture.
 Constructing instance 0000000002fb8390 of Texture : Resource.
 Constructing instance 0000000002fb8390 of Resource.
 afxResource.c:127?_AfxResCtor(res=0000000002fb8390)
 Constructing instance 0000000002fb8390 of Texture.
 sglTexture.c:977?_AfxTexCtor(tex=0000000002fb8390)
 Constructing instance 0000000002fb8390 of Surface.
 sglSurface.c:127?_AfxSurfCtor(surf=0000000002fb8390)
 Instance 0000000002fb8390[surf]^1 built.
 sglSurface.c:71?_AfxDrawContextAcquireSurface(dctx=00000000029ae090,fmt=1,whd=[344,192,1],usage=16)
 ADV afxTextureBlueprint.c:23?AfxTextureBlueprintDeploy
    texb->fcc == AFX_FCC_TEXB
 Class[Surface].ConstructInstances(1, 00000000001eb8a0, 00000000001eb8a8)
 Constructing instance 00000000029a9de0 of Surface : Texture.
 Constructing instance 00000000029a9de0 of Texture : Resource.
 Constructing instance 00000000029a9de0 of Resource.
 afxResource.c:127?_AfxResCtor(res=00000000029a9de0)
 Constructing instance 00000000029a9de0 of Texture.
 sglTexture.c:977?_AfxTexCtor(tex=00000000029a9de0)
 Constructing instance 00000000029a9de0 of Surface.
 sglSurface.c:127?_AfxSurfCtor(surf=00000000029a9de0)
 Instance 00000000029a9de0[surf]^1 built.
 sglSurface.c:71?_AfxDrawContextAcquireSurface(dctx=00000000029ae090,fmt=1,whd=[344,192,1],usage=16)
 ADV afxTextureBlueprint.c:23?AfxTextureBlueprintDeploy
    texb->fcc == AFX_FCC_TEXB
 Class[Surface].ConstructInstances(1, 00000000001eb8a0, 00000000001eb8a8)
 Constructing instance 00000000042c09a0 of Surface : Texture.
 Constructing instance 00000000042c09a0 of Texture : Resource.
 Constructing instance 00000000042c09a0 of Resource.
 afxResource.c:127?_AfxResCtor(res=00000000042c09a0)
 Constructing instance 00000000042c09a0 of Texture.
 sglTexture.c:977?_AfxTexCtor(tex=00000000042c09a0)
 Constructing instance 00000000042c09a0 of Surface.
 sglSurface.c:127?_AfxSurfCtor(surf=00000000042c09a0)
 Instance 00000000042c09a0[surf]^1 built.
 Class[Lego].ConstructInstances(1, 00000000001ecab0, 00000000001ecab8)
 Constructing instance 00000000042c0c80 of Lego.
 sglLego.c:147?_AfxLegoCtor(lego=00000000042c0c80)
 Instance 00000000042c0c80[bset]^1 built.
 sglCanvas.c:278?_AfxDrawContextAcquireCanvas(dctx=00000000029ae090,extent=[688,384,1],surfaceCnt=1)
 Class[Canvas].ConstructInstances(1, 00000000001ec810, 00000000001ec818)
 Constructing instance 000000000450f140 of Canvas.
 sglCanvas.c:361?_AfxCanvCtor(canv=000000000450f140)
 sglSurface.c:71?_AfxDrawContextAcquireSurface(dctx=00000000029ae090,fmt=4,whd=[688,384,1],usage=16)
 ADV afxTextureBlueprint.c:23?AfxTextureBlueprintDeploy
    texb->fcc == AFX_FCC_TEXB
 Class[Surface].ConstructInstances(1, 00000000001ead20, 00000000001ead28)
 Constructing instance 0000000002fac9a0 of Surface : Texture.
 Constructing instance 0000000002fac9a0 of Texture : Resource.
 Constructing instance 0000000002fac9a0 of Resource.
 afxResource.c:127?_AfxResCtor(res=0000000002fac9a0)
 Constructing instance 0000000002fac9a0 of Texture.
 sglTexture.c:977?_AfxTexCtor(tex=0000000002fac9a0)
 Constructing instance 0000000002fac9a0 of Surface.
 sglSurface.c:127?_AfxSurfCtor(surf=0000000002fac9a0)
 Instance 0000000002fac9a0[surf]^1 built.
 Instance 000000000450f140[canv]^1 built.
 sglSurface.c:71?_AfxDrawContextAcquireSurface(dctx=00000000029ae090,fmt=1,whd=[688,384,1],usage=16)
 ADV afxTextureBlueprint.c:23?AfxTextureBlueprintDeploy
    texb->fcc == AFX_FCC_TEXB
 Class[Surface].ConstructInstances(1, 00000000001eb8a0, 00000000001eb8a8)
 Constructing instance 0000000002facc80 of Surface : Texture.
 Constructing instance 0000000002facc80 of Texture : Resource.
 Constructing instance 0000000002facc80 of Resource.
 afxResource.c:127?_AfxResCtor(res=0000000002facc80)
 Constructing instance 0000000002facc80 of Texture.
 sglTexture.c:977?_AfxTexCtor(tex=0000000002facc80)
 Constructing instance 0000000002facc80 of Surface.
 sglSurface.c:127?_AfxSurfCtor(surf=0000000002facc80)
 Instance 0000000002facc80[surf]^1 built.
 sglSurface.c:71?_AfxDrawContextAcquireSurface(dctx=00000000029ae090,fmt=1,whd=[344,192,1],usage=16)
 ADV afxTextureBlueprint.c:23?AfxTextureBlueprintDeploy
    texb->fcc == AFX_FCC_TEXB
 Class[Surface].ConstructInstances(1, 00000000001eb8a0, 00000000001eb8a8)
 Constructing instance 0000000002facf60 of Surface : Texture.
 Constructing instance 0000000002facf60 of Texture : Resource.
 Constructing instance 0000000002facf60 of Resource.
 afxResource.c:127?_AfxResCtor(res=0000000002facf60)
 Constructing instance 0000000002facf60 of Texture.
 sglTexture.c:977?_AfxTexCtor(tex=0000000002facf60)
 Constructing instance 0000000002facf60 of Surface.
 sglSurface.c:127?_AfxSurfCtor(surf=0000000002facf60)
 Instance 0000000002facf60[surf]^1 built.
 sglSurface.c:71?_AfxDrawContextAcquireSurface(dctx=00000000029ae090,fmt=1,whd=[344,192,1],usage=16)
 ADV afxTextureBlueprint.c:23?AfxTextureBlueprintDeploy
    texb->fcc == AFX_FCC_TEXB
 Class[Surface].ConstructInstances(1, 00000000001eb8a0, 00000000001eb8a8)
 Constructing instance 0000000002fad240 of Surface : Texture.
 Constructing instance 0000000002fad240 of Texture : Resource.
 Constructing instance 0000000002fad240 of Resource.
 afxResource.c:127?_AfxResCtor(res=0000000002fad240)
 Constructing instance 0000000002fad240 of Texture.
 sglTexture.c:977?_AfxTexCtor(tex=0000000002fad240)
 Constructing instance 0000000002fad240 of Surface.
 sglSurface.c:127?_AfxSurfCtor(surf=0000000002fad240)
 Instance 0000000002fad240[surf]^1 built.
 Class[Lego].ConstructInstances(1, 00000000001ecab0, 00000000001ecab8)
 Constructing instance 0000000002fad520 of Lego.
 sglLego.c:147?_AfxLegoCtor(lego=0000000002fad520)
 Instance 0000000002fad520[bset]^1 built.
 sglCanvas.c:278?_AfxDrawContextAcquireCanvas(dctx=00000000029ae090,extent=[688,384,1],surfaceCnt=1)
 Class[Canvas].ConstructInstances(1, 00000000001ec810, 00000000001ec818)
 Constructing instance 000000000450f6c0 of Canvas.
 sglCanvas.c:361?_AfxCanvCtor(canv=000000000450f6c0)
 sglSurface.c:71?_AfxDrawContextAcquireSurface(dctx=00000000029ae090,fmt=4,whd=[688,384,1],usage=16)
 ADV afxTextureBlueprint.c:23?AfxTextureBlueprintDeploy
    texb->fcc == AFX_FCC_TEXB
 Class[Surface].ConstructInstances(1, 00000000001ead20, 00000000001ead28)
 Constructing instance 0000000002fad890 of Surface : Texture.
 Constructing instance 0000000002fad890 of Texture : Resource.
 Constructing instance 0000000002fad890 of Resource.
 afxResource.c:127?_AfxResCtor(res=0000000002fad890)
 Constructing instance 0000000002fad890 of Texture.
 sglTexture.c:977?_AfxTexCtor(tex=0000000002fad890)
 Constructing instance 0000000002fad890 of Surface.
 sglSurface.c:127?_AfxSurfCtor(surf=0000000002fad890)
 Instance 0000000002fad890[surf]^1 built.
 Instance 000000000450f6c0[canv]^1 built.
 ERR sglTexture.c:707?_AfxTextureSetExtent
    
 ERR sglTexture.c:707?_AfxTextureSetExtent
    (extent[2] != tex->whd[2])
    Invalid
 ERR sglTexture.c:707?_AfxTextureSetExtent
    
 ERR sglTexture.c:707?_AfxTextureSetExtent
    (extent[2] != tex->whd[2])
    Invalid
 ERR sglTexture.c:707?_AfxTextureSetExtent
    
 ERR sglTexture.c:707?_AfxTextureSetExtent
    (extent[2] != tex->whd[2])
    Invalid
 Extent readjusted. (dout)00000000029a40c0 -> 1366, 0.711458 of 1920; 768 0.711111 of 1080
 sglDrawScript.c:394?_AfxDrawInputAcquireScript(din=00000000042e6e20)
 Class[Draw Script].ConstructInstances(1, 00000000001edad0, 00000000001edad8)
 Constructing instance 0000000002fadb70 of Draw Script.
 sglDrawScript.c:412?_AfxDscrCtor(dscr=0000000002fadb70)
 Instance 0000000002fadb70[dscr]^1 built.
 ERR sglTexture.c:598?_SglTexBindAndSync
    
 ERR sglTexture.c:598?_SglTexBindAndSync
    (tex->glHandle)
    Invalid
 ERR sglTexture.c:599?_SglTexBindAndSync
    
 ERR sglTexture.c:599?_SglTexBindAndSync
    (tex->glTarget)
    Invalid