
 afxDebug.c:391
  AfxAttachDebugTerminal()
      ::::::::  :::       :::     :::     :::::::::  :::::::::   ::::::::      
     :+:    :+: :+:       :+:   :+: :+:   :+:    :+: :+:    :+: :+:    :+:     
     +:+    +:+ +:+       +:+  +:+   +:+  +:+    +:+ +:+    +:+ +:+    +:+     
     +#+    +:+ +#+  +:+  +#+ +#++:++#++: +#+    +:+ +#++:++#:  +#+    +:+     
     +#+  # +#+ +#+ +#+#+ +#+ +#+     +#+ +#+    +#+ +#+    +#+ +#+    +#+     
     #+#   +#+   #+#+# #+#+#  #+#     #+# #+#    #+# #+#    #+# #+#    #+#     
      ###### ###  ###   ###   ###     ### #########  ###    ###  ########      
                                                                               
          T H E   Q W A D R O   E X E C U T I O N   E C O S Y S T E M          
                                                                               
                               Public Test Build                               
              (c) 2017 SIGMA Technology Group --- Federacao SIGMA              
                                www.sigmaco.org                                
                                                                               
 Installing Basic I/O System at 77fe17dc by 00000000 over 00000000 with 77fdf1c0)
 afxClass<Basic I/O System>::ConstructObject(004d8090)
 afxSystem.c:1007
  _AfxSysCtor(sys=004d8090)
 Installing Context at 004d80cc by 004d80b8 over 00000000 with 77fdf7a4)
 Installing Module at 004d818c by 004d80b8 over 00000000 with 77fdf080)
 Installing Thread at 004d83cc by 004d80b8 over 00000000 with 77fdf1f0)
 Installing File at 004d854c by 004d80b8 over 00000000 with 77fdf314)
 Installing Archive at 004d860c by 004d80b8 over 00000000 with 77fdf2e4)
 Installing Application at 004d848c by 004d80b8 over 00000000 with 77fdf000)
 Installing Keyboard at 004d824c by 004d80b8 over 00000000 with 77fdf344)
 Installing Mouse at 004d830c by 004d80b8 over 00000000 with 77fdf374)
 Installing Draw System at 004d86cc by 004d80b8 over 00000000 with 77fe0074)
 [!] afxSystem.c:1091?_AfxSysCtor
  Memory page size: 4096
 [!] afxSystem.c:1092?_AfxSysCtor
  Logical processor count: 2
 afxContext.c:202
  AfxAcquireContexts(cnt=1,app=004d878c,strategy=0018e05c)
 afxClass<Context>::ConstructObject(004d88f0)
 afxContext.c:166
  _AfxCtxCtor(ctx=004d88f0)
 afxArena.c:767
  AfxAcquireArena(aren=004d87e8)
 afxArena.c:768
  AfxAcquireArena(spec=00000000,hint="afxSystem.c:1144!_AfxSysCtor")
 afxSystem.c:752
  AfxMountStoragePoints(6,0018e1b4)
 Point "." 5 mounted -> "E:/qwadro/afx".
 Point "system" 5 mounted -> "E:/qwadro/afx/system32".
 Point "sound" 5 mounted -> "E:/qwadro/afx/sound".
 Point "data" 5 mounted -> "E:/qwadro/afx/data".
 Point "art" 5 mounted -> "E:/qwadro/afx/art".
 Point "tmp" 7 mounted -> "E:/qwadro/afx/tmp".
 afxModule.c:169
  AfxAcquireModules(cnt=1,mdle=004d87b8,uri=0018e0ec)
 afxClass<Module>::ConstructObject(004dd560)
 afxModule.c:125
  _AfxMdleCtor(uri:system/e2coree.dll)
 E:/qwadro/afx/system32/e2coree.dll
 afxKeyboard.c:317
  AfxAcquireKeyboards(cnt=1,kbd=004d87bc,port=0018e034)
 afxClass<Keyboard>::ConstructObject(004dd660)
 afxKeyboard.c:281
  _AfxKbdCtor(kbd=004dd660)
 Entering the Threading Execution Environment  0
 afxClass<Draw System>::ConstructObject(004de060)
 afxDrawSystem.c:763
  _AfxDsysCtor(dsys=004de060)
 Installing Draw Thread at 004de48c by 004de0b8 over 00000000 with 0018eb28)
 Installing Installable Client (Draw) Driver at 004de0cc by 004de0b8 over 00000000 with 0018eaf8)
 Installing Draw Device at 004de18c by 004de0b8 over 00000000 with 0018eac8)
 Installing Draw Context at 004de24c by 004de0b8 over 00000000 with 0018ea98)
 Entering the Threading Execution Environment  1
 afxSystem.c:988
  startCbOnSysProcUnit(Threading Execution Environment 1 started)
 Entering the Threading Execution Environment  0
 Installing Draw Output at 004de30c by 004de0b8 over 00000000 with 0018ea68)
 Installing Draw Input at 004de3cc by 004de0b8 over 00000000 with 0018ea38)
New texture codec registered.
Name: SIGGL
Author: SIGMA Technology Group
Version: 0.5.1
Note: 
 Truecolor Targa texture serializer installed!
 Loading draw ICD system/e2draw.icd
 afxModule.c:169
  AfxAcquireModules(cnt=1,mdle=0018e864,uri=0018e86c)
 afxClass<Module>::ConstructObject(004dffe0)
 afxModule.c:125
  _AfxMdleCtor(uri:e2draw.icd)
 afxClass<Installable Client (Draw) Driver>::ConstructObject(004e0aa0)
 afxDrawSystem.c:323
  _AfxDdrvCtor(ddrv=004e0aa0)
Installing 'e2draw.icd' ICD on draw system 004de060...
	OpenGL/Vulkan Continuous Integration 0.7.2
	Vendor: SIGMA Technology Group <www.sigmaco.org>
	Note: 
       ::::::::    :::::::::::    ::::::::    ::::     ::::       :::          
      :+:    :+:       :+:       :+:    :+:   +:+:+: :+:+:+     :+: :+:        
      +:+              +:+       +:+          +:+ +:+:+ +:+    +:+   +:+       
      +#++:++#++       +#+       :#:          +#+  +:+  +#+   +#++:++#++:      
             +#+       +#+       +#+   +#+#   +#+       +#+   +#+     +#+      
      #+#    #+#       #+#       #+#    #+#   #+#       #+#   #+#     #+#      
       ########    ###########    ########    ###       ###   ###     ###      
                                                                               
          T H E   Q W A D R O   E X E C U T I O N   E C O S Y S T E M          
                                                                               
                               Public Test Build                               
              (c) 2017 SIGMA Technology Group --- Federacao SIGMA              
                                www.sigmaco.org                                
                                                                               
 Installing Draw Device at 004e0ab4 by 004e0aa0 over 004de18c with 0018e06c)
 afxClass<Draw Device, Draw Device>ConstructingObject(004e0c30)
 afxClass<Draw Device>::ConstructObject(004e0c30)
 afxDrawSystem.c:263
  _AfxDdevCtor(ddev=004e0c30)
 Installing Draw Context at 004e0c48 by 004e0c34 over 004de24c with 518a90c0)
 Installing Draw Output at 004e0d08 by 004e0c34 over 004de30c with 518a91a8)
 Installing Draw Input at 004e0dc8 by 004e0c34 over 004de3cc with 518a9160)
 afxClass<Draw Device>::ConstructObject(004e0c30)
 sglDrawDriver.c:1965
  _SglDdevCtor(ddev=004e0c30)
 Listing mem available display devices...

 #0 = Intel(R) HD Graphics (\\.\DISPLAY1) 8000005
 #1 = RDPDD Chained DD (\\.\DISPLAYV1) 200008
 #2 = RDP Encoder Mirror Driver (\\.\DISPLAYV2) 200008
 #3 = RDP Reflector Display Driver (\\.\DISPLAYV3) 200008
 Creating temp OpenGL context