
 afxDebug.c:363?AfxAttachDebugTerminal()
      ::::::::  :::       :::     :::     :::::::::  :::::::::   ::::::::      
     :+:    :+: :+:       :+:   :+: :+:   :+:    :+: :+:    :+: :+:    :+:     
     +:+    +:+ +:+       +:+  +:+   +:+  +:+    +:+ +:+    +:+ +:+    +:+     
     +#+    +:+ +#+  +:+  +#+ +#++:++#++: +#+    +:+ +#++:++#:  +#+    +:+     
     +#+  # +#+ +#+ +#+#+ +#+ +#+     +#+ +#+    +#+ +#+    +#+ +#+    +#+     
     #+#   +#+   #+#+# #+#+#  #+#     #+# #+#    #+# #+#    #+# #+#    #+#     
      ###### ###  ###   ###   ###     ### #########  ###    ###  ########      
                                                                               
             S I G M A   C O . ,   T E C H N O L O G Y   G R O U P             
                                                                             
                                    4D AFX                                   
                              Public Test Build                              
                     (c) 2017 SIGMA Co., Technology Group                    
                               www.sigmaco.org                               
                                                                             
                                                                             
 Core Execution System class registered.
 Class[Core Execution System].ConstructInstances(1, 000000000012e890, 000000000012e898)
 Constructing instance 00000000002d20d0 of Core Execution System.
 afxSystem.c:802?_AfxSysCtor(sys=00000000002d20d0)
 ADV afxSystem.c:818?_AfxSysCtor
    Memoy page size: 4096
 ADV afxSystem.c:819?_AfxSysCtor
    Logical processor count: 2
 Memory Context class registered.
 Memory Arena class registered.
 afxMemory.c:259?AfxSystemAcquireMemory(sys=00000000002d20d0,strategy=000000000012d068,hint="afxSystem.c:837!_AfxSysCtor")
 Class[Memory Context].ConstructInstances(1, 000000000012cd10, 000000000012cd18)
 Constructing instance 00000000002cce00 of Memory Context.
 afxMemory.c:298?_AfxMemCtor(mem=00000000002cce00)
 Instance 00000000002cce00[mem]^1 built.
 Thread class registered.
 File System class registered.
 afxFileSystem.c:545?AfxSystemAcquireFileSystem(Afx.System.AcquireFileSystem(00000000002d20d0,5,000000000012d320))
 Class[File System].ConstructInstances(1, 000000000012cd10, 000000000012cd18)
 Constructing instance 00000000002d40f0 of File System.
 afxFileSystem.c:593?_AfxFsysCtor(fsys=00000000002d40f0)
 I/O Stream class registered.
 File class registered.
 ZIP-compatible Archive class registered.
 Resource class registered.
 Uniform Resource Dictionary class registered.
 afxFileSystem.c:376?AfxFileSystemMountStoragePoints(Afx.FileSystem.MountStoragePoints(00000000002d40f0,5,000000000012d320))
 Point "." 5 mounted -> "E:/qwadro/afx".
 Point "system" 7 mounted -> "E:/qwadro/afx/system64".
 Point "art" 5 mounted -> "E:/qwadro/afx/art".
 Point "data" 5 mounted -> "E:/qwadro/afx/data".
 Point "sound" 5 mounted -> "E:/qwadro/afx/sound".
 Instance 00000000002d40f0[fsys]^1 built.
 Module class registered.
 afxModule.c:72?AfxSystemAcquireModule(sys=00000000002d20d0,uri=system/e2coree.dll)
 Class[Module].ConstructInstances(1, 000000000012cc80, 000000000012cc88)
 Constructing instance 00000000002d65d0 of Module.
 afxModule.c:123?_AfxMdleCtor(uri:system/e2coree.dll)
 Instance 00000000002d65d0[mdle]^1 built.
 HID class registered.
 Keyboard class registered.
 Mouse class registered.
 Draw System class registered.
 Application class registered.
 afxKeyboard.c:163?AfxSystemAcquireKeyboard(sys=00000000002d20d0,port=0)
 Class[Keyboard].ConstructInstances(1, 000000000012cd50, 000000000012cd58)
 Constructing instance 00000000002d7f90 of Keyboard : HID.
 Constructing instance 00000000002d7f90 of HID.
 afxHid.c:56?_AfxHidCtor(hid=00000000002d7f90)
 Constructing instance 00000000002d7f90 of Keyboard.
 afxKeyboard.c:203?_AfxKbdCtor(kbd=00000000002d7f90)
 Instance 00000000002d7f90[kbd]^1 built.
 Instance 00000000002d20d0[sys]^1 built.
 afxDrawSystem.c:320?AfxSystemAcquireDrawSystem(sys=00000000002d20d0)
 Class[Draw System].ConstructInstances(1, 000000000012e8a0, 000000000012e8a8)
 Constructing instance 00000000002d66f0 of Draw System.
 afxDrawSystem.c:399?_AfxDsysCtor(dsys=00000000002d66f0)
 Draw Driver class registered.
New texture codec registered.
Name: SIGGL
Author: SIGMA Technology Group
Version: 0.5.1
Note: 
    :::::::::::     :::     :::::::::   ::::::::      :::        
        :+:       :+: :+:   :+:    :+: :+:    :+:   :+: :+:      
        +:+      +:+   +:+  +:+    +:+ +:+         +:+   +:+     
        +#+     +#++:++#++: +#++:++#:  :#:        +#++:++#++:    
        +#+     +#+     +#+ +#+    +#+ +#+   +#+# +#+     +#+    
        #+#     #+#     #+# #+#    #+# #+#    #+# #+#     #+#    
        ###     ###     ### ###    ###  ########  ###     ###    
                                                                 
                      SIGMA Technology Group                     
 Truecolor Targa texture serializer installed!
 afxModule.c:72?AfxSystemAcquireModule(sys=00000000002d20d0,uri=e2draw.icd)
 Class[Module].ConstructInstances(1, 000000000012df30, 000000000012df38)
 Constructing instance 00000000002d6940 of Module.
 afxModule.c:123?_AfxMdleCtor(uri:e2draw.icd)
 Instance 00000000002d6940[mdle]^1 built.
 Listing mem available display devices...

 #0 = Intel(R) HD Graphics (\\.\DISPLAY1) 8000005
 #1 = RDPDD Chained DD (\\.\DISPLAYV1) 200008
 #2 = RDP Encoder Mirror Driver (\\.\DISPLAYV2) 200008
 #3 = RDP Reflector Display Driver (\\.\DISPLAYV3) 200008
 sglDriver.c:1268?_SglCreateCombinedDeviceContext(oglWndClss=00000000002da690,shareCtx=0000000000000000,phwnd=00000000002da6e0,phdc=00000000002da6e8,phrc=00000000002da6f8)
 sglDriver.c:786?_SglLoadVmt(vmt=00000000002da700,verMajor=1,verMinor=0)
 glCullFace @ 0 found.
 glFrontFace @ 1 found.
 glHint @ 2 found.
 glLineWidth @ 3 found.
 glPointSize @ 4 found.
 glPolygonMode @ 5 found.
 glScissor @ 6 found.
 glTexParameterf @ 7 found.
 glTexParameterfv @ 8 found.
 glTexParameteri @ 9 found.
 glTexParameteriv @ 10 found.
 glTexImage1D @ 11 found.
 glTexImage2D @ 12 found.
 glDrawBuffer @ 13 found.
 glClear @ 14 found.
 glClearColor @ 15 found.
 glClearStencil @ 16 found.
 glClearDepth @ 17 found.
 glStencilMask @ 18 found.
 glColorMask @ 19 found.
 glDepthMask @ 20 found.
 glDisable @ 21 found.
 glEnable @ 22 found.
 glFinish @ 23 found.
 glFlush @ 24 found.
 glBlendFunc @ 25 found.
 glLogicOp @ 26 found.
 glStencilFunc @ 27 found.
 glStencilOp @ 28 found.
 glDepthFunc @ 29 found.
 glPixelStoref @ 30 found.
 glPixelStorei @ 31 found.
 glReadBuffer @ 32 found.
 glReadPixels @ 33 found.
 glGetBooleanv @ 34 found.
 glGetDoublev @ 35 found.
 glGetError @ 36 found.
 glGetFloatv @ 37 found.
 glGetIntegerv @ 38 found.
 glGetString @ 39 found.
 glGetTexImage @ 40 found.
 glGetTexParameterfv @ 41 found.
 glGetTexParameteriv @ 42 found.
 glGetTexLevelParameterfv @ 43 found.
 glGetTexLevelParameteriv @ 44 found.
 glIsEnabled @ 45 found.
 glDepthRange @ 46 found.
 glViewport @ 47 found.
 sglDriver.c:786?_SglLoadVmt(vmt=00000000002da700,verMajor=4,verMinor=6)
 glCullFace @ 0 found.
 glFrontFace @ 1 found.
 glHint @ 2 found.
 glLineWidth @ 3 found.
 glPointSize @ 4 found.
 glPolygonMode @ 5 found.
 glScissor @ 6 found.
 glTexParameterf @ 7 found.
 glTexParameterfv @ 8 found.
 glTexParameteri @ 9 found.
 glTexParameteriv @ 10 found.
 glTexImage1D @ 11 found.
 glTexImage2D @ 12 found.
 glDrawBuffer @ 13 found.
 glClear @ 14 found.
 glClearColor @ 15 found.
 glClearStencil @ 16 found.
 glClearDepth @ 17 found.
 glStencilMask @ 18 found.
 glColorMask @ 19 found.
 glDepthMask @ 20 found.
 glDisable @ 21 found.
 glEnable @ 22 found.
 glFinish @ 23 found.
 glFlush @ 24 found.
 glBlendFunc @ 25 found.
 glLogicOp @ 26 found.
 glStencilFunc @ 27 found.
 glStencilOp @ 28 found.
 glDepthFunc @ 29 found.
 glPixelStoref @ 30 found.
 glPixelStorei @ 31 found.
 glReadBuffer @ 32 found.
 glReadPixels @ 33 found.
 glGetBooleanv @ 34 found.
 glGetDoublev @ 35 found.
 glGetError @ 36 found.
 glGetFloatv @ 37 found.
 glGetIntegerv @ 38 found.
 glGetString @ 39 found.
 glGetTexImage @ 40 found.
 glGetTexParameterfv @ 41 found.
 glGetTexParameteriv @ 42 found.
 glGetTexLevelParameterfv @ 43 found.
 glGetTexLevelParameteriv @ 44 found.
 glIsEnabled @ 45 found.
 glDepthRange @ 46 found.
 glViewport @ 47 found.
 glDrawArrays @ 48 found.
 glDrawElements @ 49 found.
 glGetPointerv @ 50 found.
 glPolygonOffset @ 51 found.
 glCopyTexImage1D @ 52 found.
 glCopyTexImage2D @ 53 found.
 glCopyTexSubImage1D @ 54 found.
 glCopyTexSubImage2D @ 55 found.
 glTexSubImage1D @ 56 found.
 glTexSubImage2D @ 57 found.
 glBindTexture @ 58 found.
 glDeleteTextures @ 59 found.
 glGenTextures @ 60 found.
 glIsTexture @ 61 found.
 glDrawRangeElements @ 62 found.
 glTexImage3D @ 63 found.
 glTexSubImage3D @ 64 found.
 glCopyTexSubImage3D @ 65 found.
 glActiveTexture @ 66 found.
 glSampleCoverage @ 67 found.
 glCompressedTexImage3D @ 68 found.
 glCompressedTexImage2D @ 69 found.
 glCompressedTexImage1D @ 70 found.
 glCompressedTexSubImage3D @ 71 found.
 glCompressedTexSubImage2D @ 72 found.
 glCompressedTexSubImage1D @ 73 found.
 glGetCompressedTexImage @ 74 found.
 glBlendFuncSeparate @ 75 found.
 glMultiDrawArrays @ 76 found.
 glMultiDrawElements @ 77 found.
 glPointParameterf @ 78 found.
 glPointParameterfv @ 79 found.
 glPointParameteri @ 80 found.
 glPointParameteriv @ 81 found.
 glBlendColor @ 82 found.
 glBlendEquation @ 83 found.
 glGenQueries @ 84 found.
 glDeleteQueries @ 85 found.
 glIsQuery @ 86 found.
 glBeginQuery @ 87 found.
 glEndQuery @ 88 found.
 glGetQueryiv @ 89 found.
 glGetQueryObjectiv @ 90 found.
 glGetQueryObjectuiv @ 91 found.
 glBindBuffer @ 92 found.
 glDeleteBuffers @ 93 found.
 glGenBuffers @ 94 found.
 glIsBuffer @ 95 found.
 glBufferData @ 96 found.
 glBufferSubData @ 97 found.
 glGetBufferSubData @ 98 found.
 glMapBuffer @ 99 found.
 glUnmapBuffer @ 100 found.
 glGetBufferParameteriv @ 101 found.
 glGetBufferPointerv @ 102 found.
 glBlendEquationSeparate @ 103 found.
 glDrawBuffers @ 104 found.
 glStencilOpSeparate @ 105 found.
 glStencilFuncSeparate @ 106 found.
 glStencilMaskSeparate @ 107 found.
 glAttachShader @ 108 found.
 glBindAttribLocation @ 109 found.
 glCompileShader @ 110 found.
 glCreateProgram @ 111 found.
 glCreateShader @ 112 found.
 glDeleteProgram @ 113 found.
 glDeleteShader @ 114 found.
 glDetachShader @ 115 found.
 glDisableVertexAttribArray @ 116 found.
 glEnableVertexAttribArray @ 117 found.
 glGetActiveAttrib @ 118 found.
 glGetActiveUniform @ 119 found.
 glGetAttachedShaders @ 120 found.
 glGetAttribLocation @ 121 found.
 glGetProgramiv @ 122 found.
 glGetProgramInfoLog @ 123 found.
 glGetShaderiv @ 124 found.
 glGetShaderInfoLog @ 125 found.
 glGetShaderSource @ 126 found.
 glGetUniformLocation @ 127 found.
 glGetUniformfv @ 128 found.
 glGetUniformiv @ 129 found.
 glGetVertexAttribdv @ 130 found.
 glGetVertexAttribfv @ 131 found.
 glGetVertexAttribiv @ 132 found.
 glGetVertexAttribPointerv @ 133 found.
 glIsProgram @ 134 found.
 glIsShader @ 135 found.
 glLinkProgram @ 136 found.
 glShaderSource @ 137 found.
 glUseProgram @ 138 found.
 glUniform1f @ 139 found.
 glUniform2f @ 140 found.
 glUniform3f @ 141 found.
 glUniform4f @ 142 found.
 glUniform1i @ 143 found.
 glUniform2i @ 144 found.
 glUniform3i @ 145 found.
 glUniform4i @ 146 found.
 glUniform1fv @ 147 found.
 glUniform2fv @ 148 found.
 glUniform3fv @ 149 found.
 glUniform4fv @ 150 found.
 glUniform1iv @ 151 found.
 glUniform2iv @ 152 found.
 glUniform3iv @ 153 found.
 glUniform4iv @ 154 found.
 glUniformMatrix2fv @ 155 found.
 glUniformMatrix3fv @ 156 found.
 glUniformMatrix4fv @ 157 found.
 glValidateProgram @ 158 found.
 glVertexAttrib1d @ 159 found.
 glVertexAttrib1dv @ 160 found.
 glVertexAttrib1f @ 161 found.
 glVertexAttrib1fv @ 162 found.
 glVertexAttrib1s @ 163 found.
 glVertexAttrib1sv @ 164 found.
 glVertexAttrib2d @ 165 found.
 glVertexAttrib2dv @ 166 found.
 glVertexAttrib2f @ 167 found.
 glVertexAttrib2fv @ 168 found.
 glVertexAttrib2s @ 169 found.
 glVertexAttrib2sv @ 170 found.
 glVertexAttrib3d @ 171 found.
 glVertexAttrib3dv @ 172 found.
 glVertexAttrib3f @ 173 found.
 glVertexAttrib3fv @ 174 found.
 glVertexAttrib3s @ 175 found.
 glVertexAttrib3sv @ 176 found.
 glVertexAttrib4Nbv @ 177 found.
 glVertexAttrib4Niv @ 178 found.
 glVertexAttrib4Nsv @ 179 found.
 glVertexAttrib4Nub @ 180 found.
 glVertexAttrib4Nubv @ 181 found.
 glVertexAttrib4Nuiv @ 182 found.
 glVertexAttrib4Nusv @ 183 found.
 glVertexAttrib4bv @ 184 found.
 glVertexAttrib4d @ 185 found.
 glVertexAttrib4dv @ 186 found.
 glVertexAttrib4f @ 187 found.
 glVertexAttrib4fv @ 188 found.
 glVertexAttrib4iv @ 189 found.
 glVertexAttrib4s @ 190 found.
 glVertexAttrib4sv @ 191 found.
 glVertexAttrib4ubv @ 192 found.
 glVertexAttrib4uiv @ 193 found.
 glVertexAttrib4usv @ 194 found.
 glVertexAttribPointer @ 195 found.
 glUniformMatrix2x3fv @ 196 found.
 glUniformMatrix3x2fv @ 197 found.
 glUniformMatrix2x4fv @ 198 found.
 glUniformMatrix4x2fv @ 199 found.
 glUniformMatrix3x4fv @ 200 found.
 glUniformMatrix4x3fv @ 201 found.
 glColorMaski @ 202 found.
 glGetBooleani_v @ 203 found.
 glGetIntegeri_v @ 204 found.
 glEnablei @ 205 found.
 glDisablei @ 206 found.
 glIsEnabledi @ 207 found.
 glBeginTransformFeedback @ 208 found.
 glEndTransformFeedback @ 209 found.
 glBindBufferRange @ 210 found.
 glBindBufferBase @ 211 found.
 glTransformFeedbackVaryings @ 212 found.
 glGetTransformFeedbackVarying @ 213 found.
 glClampColor @ 214 found.
 glBeginConditionalRender @ 215 found.
 glEndConditionalRender @ 216 found.
 glVertexAttribIPointer @ 217 found.
 glGetVertexAttribIiv @ 218 found.
 glGetVertexAttribIuiv @ 219 found.
 glVertexAttribI1i @ 220 found.
 glVertexAttribI2i @ 221 found.
 glVertexAttribI3i @ 222 found.
 glVertexAttribI4i @ 223 found.
 glVertexAttribI1ui @ 224 found.
 glVertexAttribI2ui @ 225 found.
 glVertexAttribI3ui @ 226 found.
 glVertexAttribI4ui @ 227 found.
 glVertexAttribI1iv @ 228 found.
 glVertexAttribI2iv @ 229 found.
 glVertexAttribI3iv @ 230 found.
 glVertexAttribI4iv @ 231 found.
 glVertexAttribI1uiv @ 232 found.
 glVertexAttribI2uiv @ 233 found.
 glVertexAttribI3uiv @ 234 found.
 glVertexAttribI4uiv @ 235 found.
 glVertexAttribI4bv @ 236 found.
 glVertexAttribI4sv @ 237 found.
 glVertexAttribI4ubv @ 238 found.
 glVertexAttribI4usv @ 239 found.
 glGetUniformuiv @ 240 found.
 glBindFragDataLocation @ 241 found.
 glGetFragDataLocation @ 242 found.
 glUniform1ui @ 243 found.
 glUniform2ui @ 244 found.
 glUniform3ui @ 245 found.
 glUniform4ui @ 246 found.
 glUniform1uiv @ 247 found.
 glUniform2uiv @ 248 found.
 glUniform3uiv @ 249 found.
 glUniform4uiv @ 250 found.
 glTexParameterIiv @ 251 found.
 glTexParameterIuiv @ 252 found.
 glGetTexParameterIiv @ 253 found.
 glGetTexParameterIuiv @ 254 found.
 glClearBufferiv @ 255 found.
 glClearBufferuiv @ 256 found.
 glClearBufferfv @ 257 found.
 glClearBufferfi @ 258 found.
 glGetStringi @ 259 found.
 glIsRenderbuffer @ 260 found.
 glBindRenderbuffer @ 261 found.
 glDeleteRenderbuffers @ 262 found.
 glGenRenderbuffers @ 263 found.
 glRenderbufferStorage @ 264 found.
 glGetRenderbufferParameteriv @ 265 found.
 glIsFramebuffer @ 266 found.
 glBindFramebuffer @ 267 found.
 glDeleteFramebuffers @ 268 found.
 glGenFramebuffers @ 269 found.
 glCheckFramebufferStatus @ 270 found.
 glFramebufferTexture1D @ 271 found.
 glFramebufferTexture2D @ 272 found.
 glFramebufferTexture3D @ 273 found.
 glFramebufferRenderbuffer @ 274 found.
 glGetFramebufferAttachmentParameteriv @ 275 found.
 glGenerateMipmap @ 276 found.
 glBlitFramebuffer @ 277 found.
 glRenderbufferStorageMultisample @ 278 found.
 glFramebufferTextureLayer @ 279 found.
 glMapBufferRange @ 280 found.
 glFlushMappedBufferRange @ 281 found.
 glBindVertexArray @ 282 found.
 glDeleteVertexArrays @ 283 found.
 glGenVertexArrays @ 284 found.
 glIsVertexArray @ 285 found.
 glDrawArraysInstanced @ 286 found.
 glDrawElementsInstanced @ 287 found.
 glTexBuffer @ 288 found.
 glPrimitiveRestartIndex @ 289 found.
 glCopyBufferSubData @ 290 found.
 glGetUniformIndices @ 291 found.
 glGetActiveUniformsiv @ 292 found.
 glGetActiveUniformName @ 293 found.
 glGetUniformBlockIndex @ 294 found.
 glGetActiveUniformBlockiv @ 295 found.
 glGetActiveUniformBlockName @ 296 found.
 glUniformBlockBinding @ 297 found.
 glDrawElementsBaseVertex @ 298 found.
 glDrawRangeElementsBaseVertex @ 299 found.
 glDrawElementsInstancedBaseVertex @ 300 found.
 glMultiDrawElementsBaseVertex @ 301 found.
 glProvokingVertex @ 302 found.
 glFenceSync @ 303 found.
 glIsSync @ 304 found.
 glDeleteSync @ 305 found.
 glClientWaitSync @ 306 found.
 glWaitSync @ 307 found.
 glGetInteger64v @ 308 found.
 glGetSynciv @ 309 found.
 glGetInteger64i_v @ 310 found.
 glGetBufferParameteri64v @ 311 found.
 glFramebufferTexture @ 312 found.
 glTexImage2DMultisample @ 313 found.
 glTexImage3DMultisample @ 314 found.
 glGetMultisamplefv @ 315 found.
 glSampleMaski @ 316 found.
 glBindFragDataLocationIndexed @ 317 found.
 glGetFragDataIndex @ 318 found.
 glGenSamplers @ 319 found.
 glDeleteSamplers @ 320 found.
 glIsSampler @ 321 found.
 glBindSampler @ 322 found.
 glSamplerParameteri @ 323 found.
 glSamplerParameteriv @ 324 found.
 glSamplerParameterf @ 325 found.
 glSamplerParameterfv @ 326 found.
 glSamplerParameterIiv @ 327 found.
 glSamplerParameterIuiv @ 328 found.
 glGetSamplerParameteriv @ 329 found.
 glGetSamplerParameterIiv @ 330 found.
 glGetSamplerParameterfv @ 331 found.
 glGetSamplerParameterIuiv @ 332 found.
 glQueryCounter @ 333 found.
 glGetQueryObjecti64v @ 334 found.
 glGetQueryObjectui64v @ 335 found.
 glVertexAttribDivisor @ 336 found.
 glVertexAttribP1ui @ 337 found.
 glVertexAttribP1uiv @ 338 found.
 glVertexAttribP2ui @ 339 found.
 glVertexAttribP2uiv @ 340 found.
 glVertexAttribP3ui @ 341 found.
 glVertexAttribP3uiv @ 342 found.
 glVertexAttribP4ui @ 343 found.
 glVertexAttribP4uiv @ 344 found.
 glMinSampleShading @ 345 found.
 glBlendEquationi @ 346 found.
 glBlendEquationSeparatei @ 347 found.
 glBlendFunci @ 348 found.
 glBlendFuncSeparatei @ 349 found.
 glDrawArraysIndirect @ 350 found.
 glDrawElementsIndirect @ 351 found.
 glUniform1d @ 352 found.
 glUniform2d @ 353 found.
 glUniform3d @ 354 found.
 glUniform4d @ 355 found.
 glUniform1dv @ 356 found.
 glUniform2dv @ 357 found.
 glUniform3dv @ 358 found.
 glUniform4dv @ 359 found.
 glUniformMatrix2dv @ 360 found.
 glUniformMatrix3dv @ 361 found.
 glUniformMatrix4dv @ 362 found.
 glUniformMatrix2x3dv @ 363 found.
 glUniformMatrix2x4dv @ 364 found.
 glUniformMatrix3x2dv @ 365 found.
 glUniformMatrix3x4dv @ 366 found.
 glUniformMatrix4x2dv @ 367 found.
 glUniformMatrix4x3dv @ 368 found.
 glGetUniformdv @ 369 found.
 glGetSubroutineUniformLocation @ 370 found.
 glGetSubroutineIndex @ 371 found.
 glGetActiveSubroutineUniformiv @ 372 found.
 glGetActiveSubroutineUniformName @ 373 found.
 glGetActiveSubroutineName @ 374 found.
 glUniformSubroutinesuiv @ 375 found.
 glGetUniformSubroutineuiv @ 376 found.
 glGetProgramStageiv @ 377 found.
 glPatchParameteri @ 378 found.
 glPatchParameterfv @ 379 found.
 glBindTransformFeedback @ 380 found.
 glDeleteTransformFeedbacks @ 381 found.
 glGenTransformFeedbacks @ 382 found.
 glIsTransformFeedback @ 383 found.
 glPauseTransformFeedback @ 384 found.
 glResumeTransformFeedback @ 385 found.
 glDrawTransformFeedback @ 386 found.
 glDrawTransformFeedbackStream @ 387 found.
 glBeginQueryIndexed @ 388 found.
 glEndQueryIndexed @ 389 found.
 glGetQueryIndexediv @ 390 found.
 glReleaseShaderCompiler @ 391 found.
 glShaderBinary @ 392 found.
 glGetShaderPrecisionFormat @ 393 found.
 glDepthRangef @ 394 found.
 glClearDepthf @ 395 found.
 glGetProgramBinary @ 396 found.
 glProgramBinary @ 397 found.
 glProgramParameteri @ 398 found.
 glUseProgramStages @ 399 found.
 glActiveShaderProgram @ 400 found.
 glCreateShaderProgramv @ 401 found.
 glBindProgramPipeline @ 402 found.
 glDeleteProgramPipelines @ 403 found.
 glGenProgramPipelines @ 404 found.
 glIsProgramPipeline @ 405 found.
 glGetProgramPipelineiv @ 406 found.
 glProgramUniform1i @ 407 found.
 glProgramUniform1iv @ 408 found.
 glProgramUniform1f @ 409 found.
 glProgramUniform1fv @ 410 found.
 glProgramUniform1d @ 411 found.
 glProgramUniform1dv @ 412 found.
 glProgramUniform1ui @ 413 found.
 glProgramUniform1uiv @ 414 found.
 glProgramUniform2i @ 415 found.
 glProgramUniform2iv @ 416 found.
 glProgramUniform2f @ 417 found.
 glProgramUniform2fv @ 418 found.
 glProgramUniform2d @ 419 found.
 glProgramUniform2dv @ 420 found.
 glProgramUniform2ui @ 421 found.
 glProgramUniform2uiv @ 422 found.
 glProgramUniform3i @ 423 found.
 glProgramUniform3iv @ 424 found.
 glProgramUniform3f @ 425 found.
 glProgramUniform3fv @ 426 found.
 glProgramUniform3d @ 427 found.
 glProgramUniform3dv @ 428 found.
 glProgramUniform3ui @ 429 found.
 glProgramUniform3uiv @ 430 found.
 glProgramUniform4i @ 431 found.
 glProgramUniform4iv @ 432 found.
 glProgramUniform4f @ 433 found.
 glProgramUniform4fv @ 434 found.
 glProgramUniform4d @ 435 found.
 glProgramUniform4dv @ 436 found.
 glProgramUniform4ui @ 437 found.
 glProgramUniform4uiv @ 438 found.
 glProgramUniformMatrix2fv @ 439 found.
 glProgramUniformMatrix3fv @ 440 found.
 glProgramUniformMatrix4fv @ 441 found.
 glProgramUniformMatrix2dv @ 442 found.
 glProgramUniformMatrix3dv @ 443 found.
 glProgramUniformMatrix4dv @ 444 found.
 glProgramUniformMatrix2x3fv @ 445 found.
 glProgramUniformMatrix3x2fv @ 446 found.
 glProgramUniformMatrix2x4fv @ 447 found.
 glProgramUniformMatrix4x2fv @ 448 found.
 glProgramUniformMatrix3x4fv @ 449 found.
 glProgramUniformMatrix4x3fv @ 450 found.
 glProgramUniformMatrix2x3dv @ 451 found.
 glProgramUniformMatrix3x2dv @ 452 found.
 glProgramUniformMatrix2x4dv @ 453 found.
 glProgramUniformMatrix4x2dv @ 454 found.
 glProgramUniformMatrix3x4dv @ 455 found.
 glProgramUniformMatrix4x3dv @ 456 found.
 glValidateProgramPipeline @ 457 found.
 glGetProgramPipelineInfoLog @ 458 found.
 glVertexAttribL1d @ 459 found.
 glVertexAttribL2d @ 460 found.
 glVertexAttribL3d @ 461 found.
 glVertexAttribL4d @ 462 found.
 glVertexAttribL1dv @ 463 found.
 glVertexAttribL2dv @ 464 found.
 glVertexAttribL3dv @ 465 found.
 glVertexAttribL4dv @ 466 found.
 glVertexAttribLPointer @ 467 found.
 glGetVertexAttribLdv @ 468 found.
 glViewportArrayv @ 469 found.
 glViewportIndexedf @ 470 found.
 glViewportIndexedfv @ 471 found.
 glScissorArrayv @ 472 found.
 glScissorIndexed @ 473 found.
 glScissorIndexedv @ 474 found.
 glDepthRangeArrayv @ 475 found.
 glDepthRangeIndexed @ 476 found.
 glGetFloati_v @ 477 found.
 glGetDoublei_v @ 478 found.
 glDrawArraysInstancedBaseInstance @ 479 found.
 glDrawElementsInstancedBaseInstance @ 480 found.
 glDrawElementsInstancedBaseVertexBaseInstance @ 481 found.
 glGetInternalformativ @ 482 found.
 glGetActiveAtomicCounterBufferiv @ 483 found.
 glBindImageTexture @ 484 found.
 glMemoryBarrier @ 485 found.
 glTexStorage1D @ 486 found.
 glTexStorage2D @ 487 found.
 glTexStorage3D @ 488 found.
 glDrawTransformFeedbackInstanced @ 489 found.
 glDrawTransformFeedbackStreamInstanced @ 490 found.
 glDispatchCompute @ 493 found.
 glDispatchComputeIndirect @ 494 found.
 glFramebufferParameteri @ 496 found.
 glGetFramebufferParameteriv @ 497 found.
 glGetInternalformati64v @ 498 found.
 glInvalidateFramebuffer @ 503 found.
 glInvalidateSubFramebuffer @ 504 found.
 glMultiDrawArraysIndirect @ 505 found.
 glMultiDrawElementsIndirect @ 506 found.
 glGetProgramInterfaceiv @ 507 found.
 glGetProgramResourceIndex @ 508 found.
 glGetProgramResourceName @ 509 found.
 glGetProgramResourceiv @ 510 found.
 glGetProgramResourceLocation @ 511 found.
 glGetProgramResourceLocationIndex @ 512 found.
 glShaderStorageBlockBinding @ 513 found.
 glTexBufferRange @ 514 found.
 glTexStorage2DMultisample @ 515 found.
 glTexStorage3DMultisample @ 516 found.
 glBindVertexBuffer @ 518 found.
 glVertexAttribFormat @ 519 found.
 glVertexAttribIFormat @ 520 found.
 glVertexAttribLFormat @ 521 found.
 glVertexAttribBinding @ 522 found.
 glVertexBindingDivisor @ 523 found.
 glDebugMessageControl @ 524 found.
 glDebugMessageInsert @ 525 found.
 glDebugMessageCallback @ 526 found.
 glGetDebugMessageLog @ 527 found.
 glPushDebugGroup @ 528 found.
 glPopDebugGroup @ 529 found.
 glObjectLabel @ 530 found.
 glGetObjectLabel @ 531 found.
 glObjectPtrLabel @ 532 found.
 glGetObjectPtrLabel @ 533 found.
 glBufferStorage @ 534 found.
 glClipControl @ 543 found.
 glNamedBufferStorage @ 551 found.
 glTextureBufferRange @ 589 found.
 glTextureParameteri @ 606 found.
 glMemoryBarrierByRegion @ 641 found.
 glGetGraphicsResetStatus @ 644 found.
 glGetnCompressedTexImage @ 645 found.
 glGetnTexImage @ 646 found.
 glGetnUniformdv @ 647 found.
 glGetnUniformfv @ 648 found.
 glGetnUniformiv @ 649 found.
 glGetnUniformuiv @ 650 found.
 glReadnPixels @ 651 found.
 afxDrawDriver.c:77?AfxDrawSystemRegisterDriver(dsys=00000000002d66f0,mdle=00000000002d6940,spec=000000000012dd58)
 Class[Draw Driver].ConstructInstances(1, 000000000012daa0, 000000000012daa8)
 Constructing instance 00000000003781e0 of Draw Driver.
 afxDrawDriver.c:119?_AfxDdrvCtor(ddrv=00000000003781e0)
 Draw Context class registered.
New draw driver registered.
Name: SIGGL
Author: SIGMA Technology Group
Version: 0.7.2
Note: 
 ad88888ba   88    ,ad8888ba,     ,ad8888ba,   88           
d8"     "8b  88   d8"'    `"8b   d8"'    `"8b  88           
Y8,          88  d8'            d8'            88           
`Y8aaaaa,    88  88             88             88           
  `"""""8b,  88  88      88888  88      88888  88
        `8b  88  Y8,        88  Y8,        88  88           
Y8a     a8P  88   Y8a.    .a88   Y8a.    .a88  88           
 "Y88888P"   88    `"Y88888P"     `"Y88888P"   88888888888  
 Instance 00000000003781e0[ddrv]^1 built.
 Loading draw ICDs...
 afxModule.c:72?AfxSystemAcquireModule(sys=00000000002d20d0,uri=e2draw.icd)
 afxModule.c:72?AfxSystemAcquireModule(sys=00000000002d20d0,uri=e2newton.icd)
 Class[Module].ConstructInstances(1, 000000000012dcb0, 000000000012dcb8)
 Constructing instance 0000000002e12bd0 of Module.
 afxModule.c:123?_AfxMdleCtor(uri:e2newton.icd)
 Instance 0000000002e12bd0[mdle]^1 built.
 Instance 00000000002d66f0[dsys]^1 built.
 afxDrawContext.c:276?AfxDrawSystemAcquireContext(dsys=00000000002d66f0,spec=000000000012ead0)
 Class[Draw Context].ConstructInstances(1, 000000000012e820, 000000000012e828)
 Constructing instance 0000000002deca40 of Draw Context.
 sglDrawContext.c:423?_AfxDctxCtor(dctx=0000000002deca40)
 Draw Script class registered.
 Draw Input class registered.
 Draw Queue class registered.
 Buffer class registered.
 Vertex Buffer class registered.
 Index Buffer class registered.
 Sampler class registered.
 Texture class registered.
 Surface class registered.
 Canvas class registered.
 Pipeline Module class registered.
 Pipeline Rig class registered.
 Pipeline class registered.
 Draw Technique class registered.
 Lego class registered.
 Draw Output class registered.
 sglDrawQueue.c:1793?_AfxDrawContextAcquireQueue(dctx=0000000002deca40)
 Class[Draw Queue].ConstructInstances(1, 000000000012dfb0, 000000000012dfb8)
 Constructing instance 0000000002df3b30 of Draw Queue.
 sglDrawQueue.c:1844?_AfxDqueCtor(dque=0000000002df3b30)
 afxUniformPipelineDescriptor.c:603?_AfxDrawContextUploadPipelineUrd(dctx=0000000002deca40,uri=data/pipeline/rgbaToRgbaYFlipped.pip.urd)
 afxUniformPipelineDescriptor.c:559?_AfxLoadAndParsePipelineUrd(dctx=0000000002deca40)
 afxUrd.c:1109?AfxFileSystemLoadUrd(uri=data/pipeline/rgbaToRgbaYFlipped.pip.urdp)
 Class[Uniform Resource Dictionary].ConstructInstances(1, 00000000001242c0, 00000000001242c8)
 Constructing instance 00000000002bc4e0 of Uniform Resource Dictionary.
 afxUrd.c:1068?_AfxUrdCtor(uri:data/pipeline/rgbaToRgbaYFlipped.pip.urd)
 afxFile.c:253?AfxFileSystemOpenFile(Afx.FileSystem.OpenFile(00000000002d40f0,0000000000000001,data/pipeline/rgbaToRgbaYFlipped.pip.urd))
 Class[File].ConstructInstances(1, 0000000000123bf0, 0000000000123bf8)
 Constructing instance 0000000002df5c50 of File : I/O Stream.
 Constructing instance 0000000002df5c50 of I/O Stream.
 Constructing instance 0000000002df5c50 of File.
 Instance 0000000002df5c50[file]^1 built.
 Class[File].DestructInstances(1, 0000000000123d98, 0000000002ce27e0)
 Destructing instance 0000000002df5c50 of File class.
 Destructing instance 0000000002df5c50 of File : I/O Stream class.
 Destructing instance 0000000002df5c50 of I/O Stream class.
 Instance 0000000002df5c50[file]^0 destroyed.
 Instance 00000000002bc4e0[urd]^1 built.
 Class[Uniform Resource Dictionary].DestructInstances(1, 0000000000124428, 0000000173797366)
 Destructing instance 00000000002bc4e0 of Uniform Resource Dictionary class.
 afxUrd.c:1047?_AfxUrdDtor(urd=00000000002bc4e0)
 Instance 00000000002bc4e0[urd]^0 destroyed.
 Class[Pipeline].ConstructInstances(1, 0000000000124520, 0000000000124528)
 Constructing instance 00000000003796d0 of Pipeline : Resource.
 Constructing instance 00000000003796d0 of Resource.
 afxResource.c:99?_AfxResCtor(res=00000000003796d0)
 Constructing instance 00000000003796d0 of Pipeline.
 sglPipeline.c:670?_AfxPipCtor(pip=00000000003796d0)
 afxShader.c:407?AfxDrawContextBuildShaders(dctx=0000000002deca40,cnt=1,blueprint=0000000000123950,shd=00000000001237c8)
 sglShader.c:334?_AfxDrawContextBuildShaders(dctx=0000000002deca40,cnt=1,blueprint=0000000000123950,shd=00000000001237c8)
 Class[Pipeline Module].ConstructInstances(1, 0000000000123320, 0000000000123328)
 Constructing instance 0000000000388400 of Pipeline Module.
 sglShader.c:181?_AfxShdCtor(shd=0000000000388400)
 Instance 0000000000388400[shd]^1 built.
 Taking connection 0000000000379840 connecting 0000000000388400?shd#1 to holder 00000000003796d0?pip#1.
 afxShader.c:407?AfxDrawContextBuildShaders(dctx=0000000002deca40,cnt=1,blueprint=0000000000123950,shd=00000000001237c8)
 sglShader.c:334?_AfxDrawContextBuildShaders(dctx=0000000002deca40,cnt=1,blueprint=0000000000123950,shd=00000000001237c8)
 Class[Pipeline Module].ConstructInstances(1, 0000000000123320, 0000000000123328)
 Constructing instance 0000000002d0dda0 of Pipeline Module.
 sglShader.c:181?_AfxShdCtor(shd=0000000002d0dda0)
 Instance 0000000002d0dda0[shd]^1 built.
 Taking connection 00000000003798a0 connecting 0000000002d0dda0?shd#1 to holder 00000000003796d0?pip#1.
 Class[Pipeline Rig].ConstructInstances(1, 0000000000123480, 0000000000123488)
 Constructing instance 0000000002df5c50 of Pipeline Rig.
 sglPipelineRig.c:116?_AfxPiprCtor(pipr=0000000002df5c50)
 Instance 0000000002df5c50[pipa]^1 built.
 Instance 00000000003796d0[pip]^1 built.
 sglSampler.c:137?_AfxDrawContextAcquireSampler(dctx=0000000002deca40,spec=000000000012db10)
 Class[Sampler].ConstructInstances(1, 000000000012d3d0, 000000000012d3d8)
 Constructing instance 000000000037a040 of Sampler.
 sglSampler.c:184?_AfxSmpCtor(smp=000000000037a040)
 Instance 000000000037a040[smp]^1 built.
 Class[Lego].ConstructInstances(1, 000000000012d4a0, 000000000012d4a8)
 Constructing instance 0000000002d0e110 of Lego.
 sglLego.c:163?_AfxLegoCtor(lego=0000000002d0e110)
 Instance 0000000002d0e110[bset]^1 built.
 Class[Vertex Buffer].ConstructInstances(1, 000000000012d460, 000000000012d468)
 Constructing instance 0000000002df6ba0 of Vertex Buffer : Buffer.
 Constructing instance 0000000002df6ba0 of Buffer.
 sglBuffer.c:455?_AfxBufCtor(buf=0000000002df6ba0)
 Constructing instance 0000000002df6ba0 of Vertex Buffer.
 afxVertexBuffer.c:303?_AfxVbufCtor(vbuf=0000000002df6ba0)
 Instance 0000000002df6ba0[vbuf]^1 built.
 Instance 0000000002df3b30[dque]^1 built.
 Instance 0000000002deca40[dctx]^1 built.
 afxApplication.c:368?AfxSystemAcquireApplication(sys=0000b284f2ec1be0,spec=0000000000000040)
 Class[Application].ConstructInstances(1, 000000000012e880, 000000000012e888)
 Constructing instance 0000000000352390 of Application.
 afxApplication.c:399?_AfxAppCtor(app=0000000000352390)
 afxMouse.c:232?AfxSystemAcquireMouse(sys=00000000002d20d0,port=0)
 Class[Mouse].ConstructInstances(1, 000000000012e0e0, 000000000012e0e8)
 Constructing instance 0000000002ce27e0 of Mouse : HID.
 Constructing instance 0000000002ce27e0 of HID.
 afxHid.c:56?_AfxHidCtor(hid=0000000002ce27e0)
 Constructing instance 0000000002ce27e0 of Mouse.
 afxMouse.c:270?_AfxMseCtor(mse=0000000002ce27e0)
 Instance 0000000002ce27e0[mse]^1 built.
 sglDrawInput.c:219?_AfxDrawContextAcquireInput(dctx=0000000002deca40,spec=000000000012e340)
 Class[Draw Input].ConstructInstances(1, 000000000012e070, 000000000012e078)
 Constructing instance 0000000000388a20 of Draw Input.
 sglDrawInput.c:268?_AfxDinCtor(din=0000000000388a20)
 afxArena.c:802?AfxSystemAcquireArena(sys=00000000002d20d0,strategy=000000000012daf0,hint="sglDrawInput.c:303!_AfxDinCtor")
 Class[Memory Arena].ConstructInstances(1, 000000000012d850, 000000000012d858)
 Constructing instance 0000000000352b80 of Memory Arena : Memory Context.
 Constructing instance 0000000000352b80 of Memory Context.
 afxMemory.c:298?_AfxMemCtor(mem=0000000000352b80)
 Constructing instance 0000000000352b80 of Memory Arena.
 afxArena.c:780?_AfxArenCtor(aren=0000000000352b80)
 Instance 0000000000352b80[aren]^1 built.
 Instance 0000000000388a20[din]^1 built.
 Widget class registered.
 Simulation class registered.
 Instance 0000000000352390[app]^1 built.
 afxApplication.c:320?AfxApplicationExecute(app=0000000000352390)
 Sandbox.c:207?AfxEnterApplication(app=0000000000352390)
 afxSimulation.c:461?AfxApplicationAcquireSimulation(app=0000000000352390,bounding=[[0.000000,0.000000,0.000000,1.000000],[0.000000,0.000000,0.000000,1.000000]])
 Class[Simulation].ConstructInstances(1, 000000000012e4a0, 000000000012e4a8)
 Constructing instance 0000000002e1a0a0 of Simulation.
 afxSimulation.c:384?_AfxSimCtor(sim=0000000002e1a0a0)
 afxMemory.c:259?AfxSystemAcquireMemory(sys=00000000002d20d0,strategy=000000000012dfe8,hint="afxSimulation.c:404!_AfxSimCtor")
 Class[Memory Context].ConstructInstances(1, 000000000012dd00, 000000000012dd08)
 Constructing instance 0000000002e12890 of Memory Context.
 afxMemory.c:298?_AfxMemCtor(mem=0000000002e12890)
 Instance 0000000002e12890[mem]^1 built.
 Material class registered.
 Mesh class registered.
 Node class registered.
 Skeleton class registered.
 Model class registered.
 Body class registered.
 Entity class registered.
 Camera class registered.
 Light class registered.
 Instance 0000000002e1a0a0[sim]^1 built.
 afxDrawOutput.c:127?AfxDrawContextAcquireOutput(dctx=0000000002deca40,extent=000000000012e910,spec=000000000012e790)
 sglDrawOutput.c:271?_AfxDrawContextAcquireOutput(dctx=0000000002deca40,extent=000000000012e910,spec=000000000012e790)
 Class[Draw Output].ConstructInstances(1, 000000000012e450, 000000000012e458)
 Constructing instance 0000000002d0e460 of Draw Output.
 sglDrawOutput.c:525?_AfxDoutCtor(dout=0000000002d0e460)
 sglSurface.c:91?_AfxDrawContextAcquireSurface(dctx=0000000002deca40,fmt=4,whd=[1280,720,1],usage=16)
 ADV afxTexture.c:12?AfxTextureBlueprintReset
    texb->fcc == AFX_FCC_TEXB
 ERR afxTexture.c:39?AfxTextureBlueprintAddImage
    
 ERR afxTexture.c:39?AfxTextureBlueprintAddImage
    (start)
    Invalid
 ERR afxTexture.c:40?AfxTextureBlueprintAddImage
    
 ERR afxTexture.c:40?AfxTextureBlueprintAddImage
    (range)
    Invalid
 Class[Surface].ConstructInstances(1, 000000000012d3f0, 000000000012d3f8)
 Constructing instance 0000000000352ed0 of Surface : Texture.
 Constructing instance 0000000000352ed0 of Texture : Resource.
 Constructing instance 0000000000352ed0 of Resource.
 afxResource.c:99?_AfxResCtor(res=0000000000352ed0)
 Constructing instance 0000000000352ed0 of Texture.
 sglTexture.c:1000?_AfxTexCtor(tex=0000000000352ed0)
 Constructing instance 0000000000352ed0 of Surface.
 sglSurface.c:154?_AfxSurfCtor(surf=0000000000352ed0)
 Instance 0000000000352ed0[surf]^1 built.
 sglSurface.c:91?_AfxDrawContextAcquireSurface(dctx=0000000002deca40,fmt=4,whd=[1280,720,1],usage=16)
 ADV afxTexture.c:12?AfxTextureBlueprintReset
    texb->fcc == AFX_FCC_TEXB
 ERR afxTexture.c:39?AfxTextureBlueprintAddImage
    
 ERR afxTexture.c:39?AfxTextureBlueprintAddImage
    (start)
    Invalid
 ERR afxTexture.c:40?AfxTextureBlueprintAddImage
    
 ERR afxTexture.c:40?AfxTextureBlueprintAddImage
    (range)
    Invalid
 Class[Surface].ConstructInstances(1, 000000000012d3f0, 000000000012d3f8)
 Constructing instance 0000000002e1ab80 of Surface : Texture.
 Constructing instance 0000000002e1ab80 of Texture : Resource.
 Constructing instance 0000000002e1ab80 of Resource.
 afxResource.c:99?_AfxResCtor(res=0000000002e1ab80)
 Constructing instance 0000000002e1ab80 of Texture.
 sglTexture.c:1000?_AfxTexCtor(tex=0000000002e1ab80)
 Constructing instance 0000000002e1ab80 of Surface.
 sglSurface.c:154?_AfxSurfCtor(surf=0000000002e1ab80)
 Instance 0000000002e1ab80[surf]^1 built.
 sglDrawOutput.c:478?_AfxStdDoutImplCtor(dout=0000000002d0e460,uri=window)
 sglDrawOutput.c:329?_AfxStdDoutImplCtorWnd(dout=0000000002d0e460)
 Extent readjusted. (dout)0000000002d0e460 -> 1272, 0.000001 of 2342347336; 693 0.000041 of 16843007
 Instance 0000000002d0e460[dout]^1 built.
 ADV glus_wavefront.c:865?__ldrWavefrontParse
    MTL NAME art/object/container/container.mtl
 ADV glus_wavefront.c:291?_ldrWavefrontLoadMaterial
    MTL FNAME art/object/container/container.mtl
 Mesh name container
 Class[Material].ConstructInstances(1, 000000000012ca20, 000000000012ca28)
 Constructing instance 0000000002e24fd0 of Material.
 afxMaterial.c:201?_AfxMtlCtor(mtl=0000000002e24fd0)
 ERR afxTexture.c:416?AfxDrawContextFindTextures
    
 ERR afxTexture.c:416?AfxDrawContextFindTextures
    (rslt == (afxResult)cnt)
    Invalid
 afxFile.c:253?AfxFileSystemOpenFile(Afx.FileSystem.OpenFile(00000000002d40f0,0000000000000001,art/object/container/Container_DiffuseMap.tga))
 Class[File].ConstructInstances(1, 000000000012b540, 000000000012b548)
 Constructing instance 00000000031e8760 of File : I/O Stream.
 Constructing instance 00000000031e8760 of I/O Stream.
 Constructing instance 00000000031e8760 of File.
 Instance 00000000031e8760[file]^1 built.
 ADV afxTexture.c:12?AfxTextureBlueprintReset
    texb->fcc == AFX_FCC_TEXB
 ERR afxTexture.c:40?AfxTextureBlueprintAddImage
    
 ERR afxTexture.c:40?AfxTextureBlueprintAddImage
    (range)
    Invalid
 sglTexture.c:1153?_AfxDrawContextBuildTextures(dctx=0000000002deca40,cnt=1,blueprint=000000000012b860,tex=000000000012c550)
 Class[Texture].ConstructInstances(1, 000000000012b360, 000000000012b368)
 Constructing instance 00000000031e9b30 of Texture : Resource.
 Constructing instance 00000000031e9b30 of Resource.
 afxResource.c:99?_AfxResCtor(res=00000000031e9b30)
 Constructing instance 00000000031e9b30 of Texture.
 sglTexture.c:1000?_AfxTexCtor(tex=00000000031e9b30)
 Instance 00000000031e9b30[tex]^1 built.
 Class[File].DestructInstances(1, 000000000012b6e8, 006d656d006d656d)
 Destructing instance 00000000031e8760 of File class.
 Destructing instance 00000000031e8760 of File : I/O Stream class.
 Destructing instance 00000000031e8760 of I/O Stream class.
 Instance 00000000031e8760[file]^0 destroyed.
 Instance 0000000002e24fd0[mtl]^1 built.
 Class[Material].ConstructInstances(1, 000000000012ca20, 000000000012ca28)
 Constructing instance 0000000002e25180 of Material.
 afxMaterial.c:201?_AfxMtlCtor(mtl=0000000002e25180)
 ERR afxTexture.c:416?AfxDrawContextFindTextures
    
 ERR afxTexture.c:416?AfxDrawContextFindTextures
    (rslt == (afxResult)cnt)
    Invalid
 afxFile.c:253?AfxFileSystemOpenFile(Afx.FileSystem.OpenFile(00000000002d40f0,0000000000000001,art/object/container/Container_DiffuseMap.tga))
 Class[File].ConstructInstances(1, 000000000012b540, 000000000012b548)
 Constructing instance 00000000031e8760 of File : I/O Stream.
 Constructing instance 00000000031e8760 of I/O Stream.
 Constructing instance 00000000031e8760 of File.
 Instance 00000000031e8760[file]^1 built.
 ADV afxTexture.c:12?AfxTextureBlueprintReset
    texb->fcc == AFX_FCC_TEXB
 ERR afxTexture.c:40?AfxTextureBlueprintAddImage
    
 ERR afxTexture.c:40?AfxTextureBlueprintAddImage
    (range)
    Invalid
 sglTexture.c:1153?_AfxDrawContextBuildTextures(dctx=0000000002deca40,cnt=1,blueprint=000000000012b860,tex=000000000012c550)
 Class[Texture].ConstructInstances(1, 000000000012b360, 000000000012b368)
 Constructing instance 00000000031e9da0 of Texture : Resource.
 Constructing instance 00000000031e9da0 of Resource.
 afxResource.c:99?_AfxResCtor(res=00000000031e9da0)
 Constructing instance 00000000031e9da0 of Texture.
 sglTexture.c:1000?_AfxTexCtor(tex=00000000031e9da0)
 Instance 00000000031e9da0[tex]^1 built.
 Class[File].DestructInstances(1, 000000000012b6e8, 006d656d006d656d)
 Destructing instance 00000000031e8760 of File class.
 Destructing instance 00000000031e8760 of File : I/O Stream class.
 Destructing instance 00000000031e8760 of I/O Stream class.
 Instance 00000000031e8760[file]^0 destroyed.
 Instance 0000000002e25180[mtl]^1 built.
 ERR afxWavefrontObject.c:219?AfxLoadAssetsFromWavefrontObject
    
 Mesh name air_conditioning
 Class[Material].ConstructInstances(1, 000000000012ca20, 000000000012ca28)
 Constructing instance 0000000002e23450 of Material.
 afxMaterial.c:201?_AfxMtlCtor(mtl=0000000002e23450)
 ERR afxTexture.c:416?AfxDrawContextFindTextures
    
 ERR afxTexture.c:416?AfxDrawContextFindTextures
    (rslt == (afxResult)cnt)
    Invalid
 afxFile.c:253?AfxFileSystemOpenFile(Afx.FileSystem.OpenFile(00000000002d40f0,0000000000000001,art/object/container/Container_DiffuseMap.tga))
 Class[File].ConstructInstances(1, 000000000012b540, 000000000012b548)
 Constructing instance 00000000031e8760 of File : I/O Stream.
 Constructing instance 00000000031e8760 of I/O Stream.
 Constructing instance 00000000031e8760 of File.
 Instance 00000000031e8760[file]^1 built.
 ADV afxTexture.c:12?AfxTextureBlueprintReset
    texb->fcc == AFX_FCC_TEXB
 ERR afxTexture.c:40?AfxTextureBlueprintAddImage
    
 ERR afxTexture.c:40?AfxTextureBlueprintAddImage
    (range)
    Invalid
 sglTexture.c:1153?_AfxDrawContextBuildTextures(dctx=0000000002deca40,cnt=1,blueprint=000000000012b860,tex=000000000012c550)
 Class[Texture].ConstructInstances(1, 000000000012b360, 000000000012b368)
 Constructing instance 0000000002e23600 of Texture : Resource.
 Constructing instance 0000000002e23600 of Resource.
 afxResource.c:99?_AfxResCtor(res=0000000002e23600)
 Constructing instance 0000000002e23600 of Texture.
 sglTexture.c:1000?_AfxTexCtor(tex=0000000002e23600)
 Instance 0000000002e23600[tex]^1 built.
 Class[File].DestructInstances(1, 000000000012b6e8, 006d656d006d656d)
 Destructing instance 00000000031e8760 of File class.
 Destructing instance 00000000031e8760 of File : I/O Stream class.
 Destructing instance 00000000031e8760 of I/O Stream class.
 Instance 00000000031e8760[file]^0 destroyed.
 Instance 0000000002e23450[mtl]^1 built.
 Class[Material].ConstructInstances(1, 000000000012ca20, 000000000012ca28)
 Constructing instance 0000000002e23870 of Material.
 afxMaterial.c:201?_AfxMtlCtor(mtl=0000000002e23870)
 ERR afxTexture.c:416?AfxDrawContextFindTextures
    
 ERR afxTexture.c:416?AfxDrawContextFindTextures
    (rslt == (afxResult)cnt)
    Invalid
 afxFile.c:253?AfxFileSystemOpenFile(Afx.FileSystem.OpenFile(00000000002d40f0,0000000000000001,art/object/container/Container_DiffuseMap.tga))
 Class[File].ConstructInstances(1, 000000000012b540, 000000000012b548)
 Constructing instance 00000000031e8760 of File : I/O Stream.
 Constructing instance 00000000031e8760 of I/O Stream.
 Constructing instance 00000000031e8760 of File.
 Instance 00000000031e8760[file]^1 built.
 ADV afxTexture.c:12?AfxTextureBlueprintReset
    texb->fcc == AFX_FCC_TEXB
 ERR afxTexture.c:40?AfxTextureBlueprintAddImage
    
 ERR afxTexture.c:40?AfxTextureBlueprintAddImage
    (range)
    Invalid
 sglTexture.c:1153?_AfxDrawContextBuildTextures(dctx=0000000002deca40,cnt=1,blueprint=000000000012b860,tex=000000000012c550)
 Class[Texture].ConstructInstances(1, 000000000012b360, 000000000012b368)
 Constructing instance 0000000002e23a20 of Texture : Resource.
 Constructing instance 0000000002e23a20 of Resource.
 afxResource.c:99?_AfxResCtor(res=0000000002e23a20)
 Constructing instance 0000000002e23a20 of Texture.
 sglTexture.c:1000?_AfxTexCtor(tex=0000000002e23a20)
 Instance 0000000002e23a20[tex]^1 built.
 Class[File].DestructInstances(1, 000000000012b6e8, 006d656d006d656d)
 Destructing instance 00000000031e8760 of File class.
 Destructing instance 00000000031e8760 of File : I/O Stream class.
 Destructing instance 00000000031e8760 of I/O Stream class.
 Instance 00000000031e8760[file]^0 destroyed.
 Instance 0000000002e23870[mtl]^1 built.
 ERR afxWavefrontObject.c:219?AfxLoadAssetsFromWavefrontObject
    
 Class[Model].ConstructInstances(1, 000000000012c9e0, 000000000012c9e8)
 Constructing instance 0000000002e23c90 of Model.
 afxModel.c:342?_AfxMdlCtor(mdl=0000000002e23c90)
 Class[Skeleton].ConstructInstances(1, 000000000012b740, 000000000012b748)
 Constructing instance 0000000002e23e80 of Skeleton : Node.
 Constructing instance 0000000002e23e80 of Node.
 Constructing instance 0000000002e23e80 of Skeleton.
 afxSkeleton.c:152?_AfxSklCtor(skl=0000000002e23e80)
 ADV afxSkeleton.c:167?_AfxSklCtor
    TODO: Reparent base to skeleton node
 Class[Node].ConstructInstances(1, 000000000012ae50, 000000000012ae58)
 Constructing instance 00000000031e8760 of Node.
 Instance 00000000031e8760[nod]^1 built.
 ERR afxSkeleton.c:9?AfxSkeletonGetBone
    
 ERR afxSkeleton.c:9?AfxSkeletonGetBone
    (boneIdx < skl->boneCnt)
    Invalid
 Instance 0000000002e23e80[skl]^1 built.
 Taking connection 0000000002e23d20 connecting 0000000002e23e80?skl#1 to holder 0000000002e23c90?mdl#1.
 afxIndexBuffer.c:114?AfxDrawContextBuildIndexBuffers(dctx=0000000002deca40,cnt=1,stride=000000000012bab8)
 Class[Index Buffer].ConstructInstances(1, 000000000012b6d0, 000000000012b6d8)
 Constructing instance 0000000002e13170 of Index Buffer : Buffer.
 Constructing instance 0000000002e13170 of Buffer.
 sglBuffer.c:455?_AfxBufCtor(buf=0000000002e13170)
 Constructing instance 0000000002e13170 of Index Buffer.
 afxIndexBuffer.c:158?_AfxIbufCtor(ibuf=0000000002e13170)
 Instance 0000000002e13170[ibuf]^1 built.
 Class[Vertex Buffer].ConstructInstances(1, 000000000012b690, 000000000012b698)
 Constructing instance 00000000031e89f0 of Vertex Buffer : Buffer.
 Constructing instance 00000000031e89f0 of Buffer.
 sglBuffer.c:455?_AfxBufCtor(buf=00000000031e89f0)
 Constructing instance 00000000031e89f0 of Vertex Buffer.
 afxVertexBuffer.c:303?_AfxVbufCtor(vbuf=00000000031e89f0)
 Instance 00000000031e89f0[vbuf]^1 built.
 Class[Mesh].ConstructInstances(1, 000000000012b790, 000000000012b798)
 Constructing instance 00000000031e8b20 of Mesh.
 afxMesh.c:658?_AfxMshCtor(msh=00000000031e8b20)
 Taking connection 00000000031e8bb0 connecting 00000000031e89f0?vbuf#1 to holder 00000000031e8b20?msh#1.
 Taking connection 00000000031e8d20 connecting 0000000002e13170?ibuf#1 to holder 00000000031e8b20?msh#1.
 Instance 00000000031e8b20[msh]^1 built.
 Taking connection 0000000002e24130 connecting 00000000031e8b20?msh#1 to holder 0000000002e23c90?mdl#1.
 Class[Mesh].ConstructInstances(1, 000000000012b790, 000000000012b798)
 Constructing instance 00000000031e8f80 of Mesh.
 afxMesh.c:658?_AfxMshCtor(msh=00000000031e8f80)
 Taking connection 00000000031e9010 connecting 00000000031e89f0?vbuf#2 to holder 00000000031e8f80?msh#1.
 Taking connection 00000000031e9180 connecting 0000000002e13170?ibuf#2 to holder 00000000031e8f80?msh#1.
 Instance 00000000031e8f80[msh]^1 built.
 Taking connection 0000000002e24188 connecting 00000000031e8f80?msh#1 to holder 0000000002e23c90?mdl#1.
 Instance 0000000002e23c90[mdl]^1 built.
 ERR glus_wavefront.c:251?_ldrWavefrontDestroyMaterial
    
 afxBody.c:574?AfxSimulationAcquireBody(sim=0000000002e1a0a0,mdl=0000000000000009,name=null)
 Class[Body].ConstructInstances(1, 000000000012e490, 000000000012e498)
 Constructing instance 00000000031e8070 of Body : Node.
 Constructing instance 00000000031e8070 of Node.
 Constructing instance 00000000031e8070 of Body.
 afxBody.c:517?_AfxBodCtor(bod=00000000031e8070)
 Taking connection 00000000031e8280 connecting 0000000002e23c90?mdl#1 to holder 00000000031e8070?bod#1.
 Instance 00000000031e8070[bod]^1 built.
 afxCamera.c:294?AfxSimulationAcquireCamera(sim=0000000002e1a0a0,name=viewer,perspective=1)
 Class[Camera].ConstructInstances(1, 000000000012e300, 000000000012e308)
 Constructing instance 00000000031e93e0 of Camera : Node.
 Constructing instance 00000000031e93e0 of Node.
 Constructing instance 00000000031e93e0 of Camera.
 afxCamera.c:323?_AfxCamCtor(cam=00000000031e93e0)
 Instance 00000000031e93e0[cam]^1 built.
 sglDrawInput.c:219?_AfxDrawContextAcquireInput(dctx=0000000002deca40,spec=000000000012d230)
 Class[Draw Input].ConstructInstances(1, 000000000012ce20, 000000000012ce28)
 Constructing instance 00000000031e9800 of Draw Input.
 sglDrawInput.c:268?_AfxDinCtor(din=00000000031e9800)
 afxArena.c:802?AfxSystemAcquireArena(sys=00000000002d20d0,strategy=000000000012c8a0,hint="sglDrawInput.c:303!_AfxDinCtor")
 Class[Memory Arena].ConstructInstances(1, 000000000012c600, 000000000012c608)
 Constructing instance 00000000031e83f0 of Memory Arena : Memory Context.
 Constructing instance 00000000031e83f0 of Memory Context.
 afxMemory.c:298?_AfxMemCtor(mem=00000000031e83f0)
 Constructing instance 00000000031e83f0 of Memory Arena.
 afxArena.c:780?_AfxArenCtor(aren=00000000031e83f0)
 Instance 00000000031e83f0[aren]^1 built.
 Instance 00000000031e9800[din]^1 built.
 ADV afxTexture.c:12?AfxTextureBlueprintReset
    texb->fcc == AFX_FCC_TEXB
 ERR afxUri.c:1460?AfxUriCopy
    
 ERR afxUri.c:1460?AfxUriCopy
    (uri)
    Invalid
 ERR afxUri.c:1461?AfxUriCopy
    
 ERR afxUri.c:1461?AfxUriCopy
    (uri->str._cap)
    Invalid
 ERR afxString.c:408?AfxStringCopy
    (str)
    Uninitialized
 ERR afxString.c:409?AfxStringCopy
    
 ERR afxString.c:409?AfxStringCopy
    (str->_cap)
    Invalid
 ERR afxString.c:411?AfxStringCopy
    
 ERR afxString.c:411?AfxStringCopy
    (dst)
    Invalid
 ADV afxString.c:423?AfxStringCopy
    String length truncation: 25 -> 0 bytes
 ERR afxUri.c:1390?AfxUriReparse
    
 ERR afxUri.c:1390?AfxUriReparse
    (uri)
    Invalid
 ERR afxString.c:20?AfxStringGetData
    (str)
    Uninitialized
 ERR afxUri.c:1460?AfxUriCopy
    
 ERR afxUri.c:1460?AfxUriCopy
    (uri)
    Invalid
 ERR afxString.c:408?AfxStringCopy
    (str)
    Invalid
 ERR afxString.c:411?AfxStringCopy
    
 ERR afxString.c:411?AfxStringCopy
    (dst)
    Invalid
 ADV afxString.c:423?AfxStringCopy
    String length truncation: 24 -> 1 bytes