
 afxDebug.c:363?AfxAttachDebugTerminal()
      ::::::::  :::       :::     :::     :::::::::  :::::::::   ::::::::      
     :+:    :+: :+:       :+:   :+: :+:   :+:    :+: :+:    :+: :+:    :+:     
     +:+    +:+ +:+       +:+  +:+   +:+  +:+    +:+ +:+    +:+ +:+    +:+     
     +#+    +:+ +#+  +:+  +#+ +#++:++#++: +#+    +:+ +#++:++#:  +#+    +:+     
     +#+  # +#+ +#+ +#+#+ +#+ +#+     +#+ +#+    +#+ +#+    +#+ +#+    +#+     
     #+#   +#+   #+#+# #+#+#  #+#     #+# #+#    #+# #+#    #+# #+#    #+#     
      ###### ###  ###   ###   ###     ### #########  ###    ###  ########      
                                                                               
             S I G M A   C O . ,   T E C H N O L O G Y   G R O U P             
                                                                             
                                    4D AFX                                   
                              Public Test Build                              
                     (c) 2017 SIGMA Co., Technology Group                    
                               www.sigmaco.org                               
                                                                             
                                                                             
 afxClass<afxSystem>::Mount(55c2cdf0, 00000000, 00000000, 55c0b708)
 afxClass<afxSystem>::AllocateObjects(1, 0052e590, 0052e5a0)
 afxClass<afxSystem>::BuildObjects(1, 0052e590, 00000000)
 afxClass<afxSystem>::ConstructObject(0060f080)
 afxSystem.c:813?_AfxSysCtor(sys=0060f080)
 ADV afxSystem.c:828?_AfxSysCtor
    Memoy page size: 4096
 ADV afxSystem.c:829?_AfxSysCtor
    Logical processor count: 2
 afxClass<afxMemory>::Mount(00610100, 0060f0b4, 00000000, 55c0f94c)
 afxClass<Memory Arena>::Mount(006101c0, 0060f0b4, 00610100, 55c0f2c4)
 afxMemory.c:259?AfxSystemAcquireMemory(sys=0060f080,strategy=0052d10c,hint="afxSystem.c:847!_AfxSysCtor")
 afxClass<afxMemory>::AllocateObjects(1, 0052cf8c, 0052cf9c)
 afxClass<afxMemory>::BuildObjects(1, 0052cf8c, 0052cf80)
 afxClass<afxMemory>::ConstructObject(006108f0)
 afxMemory.c:317?_AfxMemCtor(mem=006108f0)
 afxClass<afxThread>::Mount(00610280, 0060f0b4, 00000000, 55c0bdd0)
 afxClass<afxFileSystem>::Mount(00610340, 0060f0b4, 00000000, 55c0d2a4)
 afxFileSystem.c:558?AfxSystemAcquireFileSystem(Afx.System.AcquireFileSystem(0060f080,5,0052d2cc))
 afxClass<afxFileSystem>::AllocateObjects(1, 0052cf74, 0052cf84)
 afxClass<afxFileSystem>::BuildObjects(1, 0052cf74, 0052d0c8)
 afxClass<afxFileSystem>::ConstructObject(00610f30)
 afxFileSystem.c:617?_AfxFsysCtor(fsys=00610f30)
 afxClass<afxStream>::Mount(00610f80, 00610f68, 00000000, 55c0e6c4)
 afxClass<afxFile>::Mount(00611040, 00610f68, 00610f80, 55c0d020)
 afxClass<afxArchive>::Mount(00611100, 00610f68, 00611040, 55c0c9ac)
 afxClass<afxResource>::Mount(00611340, 00610f68, 00000000, 55c0e524)
 afxClass<afxXml>::Mount(006111c0, 00610f68, 00000000, 55c0ebbc)
 afxClass<afxUrd>::Mount(00611280, 00610f68, 00000000, 55c0eadc)
 afxFileSystem.c:389?AfxFileSystemMountStoragePoints(Afx.FileSystem.MountStoragePoints(00610f30,5,0052d2cc))
 Point "." 5 mounted -> "E:/qwadro/afx".
 Point "system" 7 mounted -> "E:/qwadro/afx/system32".
 Point "art" 5 mounted -> "E:/qwadro/afx/art".
 Point "data" 5 mounted -> "E:/qwadro/afx/data".
 Point "sound" 5 mounted -> "E:/qwadro/afx/sound".
 afxClass<afxModule>::Mount(00610400, 0060f0b4, 00000000, 55c09f08)
 afxModule.c:71?AfxSystemAcquireModule(sys=0060f080,uri=system/e2coree.dll)
 afxClass<afxModule>::AllocateObjects(1, 0052cf2c, 0052cf74)
 afxClass<afxModule>::BuildObjects(1, 0052cf2c, 0052d1f0)
 afxClass<afxModule>::ConstructObject(00614010)
 afxModule.c:135?_AfxMdleCtor(uri:system/e2coree.dll)
 afxClass<afxHid>::Mount(006104c0, 0060f0b4, 00000000, 55c0d7bc)
 afxClass<afxKeyboard>::Mount(00610580, 0060f0b4, 006104c0, 55c0e0bc)
 afxClass<afxMouse>::Mount(00610640, 0060f0b4, 006104c0, 55c0e27c)
 afxClass<afxDrawSystem>::Mount(00610700, 0060f0b4, 00000000, 55c12fdc)
 afxClass<afxApplication>::Mount(006107c0, 0060f0b4, 00000000, 55c09000)
 afxKeyboard.c:165?AfxSystemAcquireKeyboard(sys=0060f080,port=0)
 afxClass<afxKeyboard>::AllocateObjects(1, 0052cf98, 0052cfa8)
 afxClass<afxKeyboard>::BuildObjects(1, 0052cf98, 0052cf90)
 afxClass<afxKeyboard, afxHid>ConstructingObject(00612950)
 afxClass<afxHid>::ConstructObject(00612950)
 afxHid.c:75?_AfxHidCtor(hid=00612950)
 afxClass<afxKeyboard>::ConstructObject(00612950)
 afxKeyboard.c:221?_AfxKbdCtor(kbd=00612950)
 afxDrawSystem.c:320?AfxSystemAcquireDrawSystem(sys=0060f080)
 afxClass<afxDrawSystem>::AllocateObjects(1, 0052e58c, 0052e59c)
 afxClass<afxDrawSystem>::BuildObjects(1, 0052e58c, 0052e698)
 afxClass<afxDrawSystem>::ConstructObject(006131f0)
 afxDrawSystem.c:418?_AfxDsysCtor(dsys=006131f0)
 afxClass<afxDrawDriver>::Mount(00613238, 00613224, 00000000, 55c11b0c)
New texture codec registered.
Name: SIGGL
Author: SIGMA Technology Group
Version: 0.5.1
Note: 
    :::::::::::     :::     :::::::::   ::::::::      :::        
        :+:       :+: :+:   :+:    :+: :+:    :+:   :+: :+:      
        +:+      +:+   +:+  +:+    +:+ +:+         +:+   +:+     
        +#+     +#++:++#++: +#++:++#:  :#:        +#++:++#++:    
        +#+     +#+     +#+ +#+    +#+ +#+   +#+# +#+     +#+    
        #+#     #+#     #+# #+#    #+# #+#    #+# #+#     #+#    
        ###     ###     ### ###    ###  ########  ###     ###    
                                                                 
                      SIGMA Technology Group                     
 Truecolor Targa texture serializer installed!
 afxModule.c:71?AfxSystemAcquireModule(sys=0060f080,uri=e2draw.icd)
 afxClass<afxModule>::AllocateObjects(1, 0052e058, 0052e0a0)
 afxClass<afxModule>::BuildObjects(1, 0052e058, 0052e184)
 afxClass<afxModule>::ConstructObject(006140d0)
 afxModule.c:135?_AfxMdleCtor(uri:e2draw.icd)
 Listing mem available display devices...

 #0 = Intel(R) HD Graphics (\\.\DISPLAY1) 8000005
 #1 = RDPDD Chained DD (\\.\DISPLAYV1) 200008
 #2 = RDP Encoder Mirror Driver (\\.\DISPLAYV2) 200008
 #3 = RDP Reflector Display Driver (\\.\DISPLAYV3) 200008
 sglDriver.c:1270?_SglCreateCombinedDeviceContext(oglWndClss=00617c60,shareCtx=00000000,phwnd=00617c90,phdc=00617c94,phrc=00617c9c)
 sglDriver.c:786?_SglLoadVmt(vmt=00617ca0,verMajor=1,verMinor=0)
 glCullFace @ 0 found.
 glFrontFace @ 1 found.
 glHint @ 2 found.
 glLineWidth @ 3 found.
 glPointSize @ 4 found.
 glPolygonMode @ 5 found.
 glScissor @ 6 found.
 glTexParameterf @ 7 found.
 glTexParameterfv @ 8 found.
 glTexParameteri @ 9 found.
 glTexParameteriv @ 10 found.
 glTexImage1D @ 11 found.
 glTexImage2D @ 12 found.
 glDrawBuffer @ 13 found.
 glClear @ 14 found.
 glClearColor @ 15 found.
 glClearStencil @ 16 found.
 glClearDepth @ 17 found.
 glStencilMask @ 18 found.
 glColorMask @ 19 found.
 glDepthMask @ 20 found.
 glDisable @ 21 found.
 glEnable @ 22 found.
 glFinish @ 23 found.
 glFlush @ 24 found.
 glBlendFunc @ 25 found.
 glLogicOp @ 26 found.
 glStencilFunc @ 27 found.
 glStencilOp @ 28 found.
 glDepthFunc @ 29 found.
 glPixelStoref @ 30 found.
 glPixelStorei @ 31 found.
 glReadBuffer @ 32 found.
 glReadPixels @ 33 found.
 glGetBooleanv @ 34 found.
 glGetDoublev @ 35 found.
 glGetError @ 36 found.
 glGetFloatv @ 37 found.
 glGetIntegerv @ 38 found.
 glGetString @ 39 found.
 glGetTexImage @ 40 found.
 glGetTexParameterfv @ 41 found.
 glGetTexParameteriv @ 42 found.
 glGetTexLevelParameterfv @ 43 found.
 glGetTexLevelParameteriv @ 44 found.
 glIsEnabled @ 45 found.
 glDepthRange @ 46 found.
 glViewport @ 47 found.
 sglDriver.c:786?_SglLoadVmt(vmt=00617ca0,verMajor=4,verMinor=6)
 glCullFace @ 0 found.
 glFrontFace @ 1 found.
 glHint @ 2 found.
 glLineWidth @ 3 found.
 glPointSize @ 4 found.
 glPolygonMode @ 5 found.
 glScissor @ 6 found.
 glTexParameterf @ 7 found.
 glTexParameterfv @ 8 found.
 glTexParameteri @ 9 found.
 glTexParameteriv @ 10 found.
 glTexImage1D @ 11 found.
 glTexImage2D @ 12 found.
 glDrawBuffer @ 13 found.
 glClear @ 14 found.
 glClearColor @ 15 found.
 glClearStencil @ 16 found.
 glClearDepth @ 17 found.
 glStencilMask @ 18 found.
 glColorMask @ 19 found.
 glDepthMask @ 20 found.
 glDisable @ 21 found.
 glEnable @ 22 found.
 glFinish @ 23 found.
 glFlush @ 24 found.
 glBlendFunc @ 25 found.
 glLogicOp @ 26 found.
 glStencilFunc @ 27 found.
 glStencilOp @ 28 found.
 glDepthFunc @ 29 found.
 glPixelStoref @ 30 found.
 glPixelStorei @ 31 found.
 glReadBuffer @ 32 found.
 glReadPixels @ 33 found.
 glGetBooleanv @ 34 found.
 glGetDoublev @ 35 found.
 glGetError @ 36 found.
 glGetFloatv @ 37 found.
 glGetIntegerv @ 38 found.
 glGetString @ 39 found.
 glGetTexImage @ 40 found.
 glGetTexParameterfv @ 41 found.
 glGetTexParameteriv @ 42 found.
 glGetTexLevelParameterfv @ 43 found.
 glGetTexLevelParameteriv @ 44 found.
 glIsEnabled @ 45 found.
 glDepthRange @ 46 found.
 glViewport @ 47 found.
 glDrawArrays @ 48 found.
 glDrawElements @ 49 found.
 glGetPointerv @ 50 found.
 glPolygonOffset @ 51 found.
 glCopyTexImage1D @ 52 found.
 glCopyTexImage2D @ 53 found.
 glCopyTexSubImage1D @ 54 found.
 glCopyTexSubImage2D @ 55 found.
 glTexSubImage1D @ 56 found.
 glTexSubImage2D @ 57 found.
 glBindTexture @ 58 found.
 glDeleteTextures @ 59 found.
 glGenTextures @ 60 found.
 glIsTexture @ 61 found.
 glDrawRangeElements @ 62 found.
 glTexImage3D @ 63 found.
 glTexSubImage3D @ 64 found.
 glCopyTexSubImage3D @ 65 found.
 glActiveTexture @ 66 found.
 glSampleCoverage @ 67 found.
 glCompressedTexImage3D @ 68 found.
 glCompressedTexImage2D @ 69 found.
 glCompressedTexImage1D @ 70 found.
 glCompressedTexSubImage3D @ 71 found.
 glCompressedTexSubImage2D @ 72 found.
 glCompressedTexSubImage1D @ 73 found.
 glGetCompressedTexImage @ 74 found.
 glBlendFuncSeparate @ 75 found.
 glMultiDrawArrays @ 76 found.
 glMultiDrawElements @ 77 found.
 glPointParameterf @ 78 found.
 glPointParameterfv @ 79 found.
 glPointParameteri @ 80 found.
 glPointParameteriv @ 81 found.
 glBlendColor @ 82 found.
 glBlendEquation @ 83 found.
 glGenQueries @ 84 found.
 glDeleteQueries @ 85 found.
 glIsQuery @ 86 found.
 glBeginQuery @ 87 found.
 glEndQuery @ 88 found.
 glGetQueryiv @ 89 found.
 glGetQueryObjectiv @ 90 found.
 glGetQueryObjectuiv @ 91 found.
 glBindBuffer @ 92 found.
 glDeleteBuffers @ 93 found.
 glGenBuffers @ 94 found.
 glIsBuffer @ 95 found.
 glBufferData @ 96 found.
 glBufferSubData @ 97 found.
 glGetBufferSubData @ 98 found.
 glMapBuffer @ 99 found.
 glUnmapBuffer @ 100 found.
 glGetBufferParameteriv @ 101 found.
 glGetBufferPointerv @ 102 found.
 glBlendEquationSeparate @ 103 found.
 glDrawBuffers @ 104 found.
 glStencilOpSeparate @ 105 found.
 glStencilFuncSeparate @ 106 found.
 glStencilMaskSeparate @ 107 found.
 glAttachShader @ 108 found.
 glBindAttribLocation @ 109 found.
 glCompileShader @ 110 found.
 glCreateProgram @ 111 found.
 glCreateShader @ 112 found.
 glDeleteProgram @ 113 found.
 glDeleteShader @ 114 found.
 glDetachShader @ 115 found.
 glDisableVertexAttribArray @ 116 found.
 glEnableVertexAttribArray @ 117 found.
 glGetActiveAttrib @ 118 found.
 glGetActiveUniform @ 119 found.
 glGetAttachedShaders @ 120 found.
 glGetAttribLocation @ 121 found.
 glGetProgramiv @ 122 found.
 glGetProgramInfoLog @ 123 found.
 glGetShaderiv @ 124 found.
 glGetShaderInfoLog @ 125 found.
 glGetShaderSource @ 126 found.
 glGetUniformLocation @ 127 found.
 glGetUniformfv @ 128 found.
 glGetUniformiv @ 129 found.
 glGetVertexAttribdv @ 130 found.
 glGetVertexAttribfv @ 131 found.
 glGetVertexAttribiv @ 132 found.
 glGetVertexAttribPointerv @ 133 found.
 glIsProgram @ 134 found.
 glIsShader @ 135 found.
 glLinkProgram @ 136 found.
 glShaderSource @ 137 found.
 glUseProgram @ 138 found.
 glUniform1f @ 139 found.
 glUniform2f @ 140 found.
 glUniform3f @ 141 found.
 glUniform4f @ 142 found.
 glUniform1i @ 143 found.
 glUniform2i @ 144 found.
 glUniform3i @ 145 found.
 glUniform4i @ 146 found.
 glUniform1fv @ 147 found.
 glUniform2fv @ 148 found.
 glUniform3fv @ 149 found.
 glUniform4fv @ 150 found.
 glUniform1iv @ 151 found.
 glUniform2iv @ 152 found.
 glUniform3iv @ 153 found.
 glUniform4iv @ 154 found.
 glUniformMatrix2fv @ 155 found.
 glUniformMatrix3fv @ 156 found.
 glUniformMatrix4fv @ 157 found.
 glValidateProgram @ 158 found.
 glVertexAttrib1d @ 159 found.
 glVertexAttrib1dv @ 160 found.
 glVertexAttrib1f @ 161 found.
 glVertexAttrib1fv @ 162 found.
 glVertexAttrib1s @ 163 found.
 glVertexAttrib1sv @ 164 found.
 glVertexAttrib2d @ 165 found.
 glVertexAttrib2dv @ 166 found.
 glVertexAttrib2f @ 167 found.
 glVertexAttrib2fv @ 168 found.
 glVertexAttrib2s @ 169 found.
 glVertexAttrib2sv @ 170 found.
 glVertexAttrib3d @ 171 found.
 glVertexAttrib3dv @ 172 found.
 glVertexAttrib3f @ 173 found.
 glVertexAttrib3fv @ 174 found.
 glVertexAttrib3s @ 175 found.
 glVertexAttrib3sv @ 176 found.
 glVertexAttrib4Nbv @ 177 found.
 glVertexAttrib4Niv @ 178 found.
 glVertexAttrib4Nsv @ 179 found.
 glVertexAttrib4Nub @ 180 found.
 glVertexAttrib4Nubv @ 181 found.
 glVertexAttrib4Nuiv @ 182 found.
 glVertexAttrib4Nusv @ 183 found.
 glVertexAttrib4bv @ 184 found.
 glVertexAttrib4d @ 185 found.
 glVertexAttrib4dv @ 186 found.
 glVertexAttrib4f @ 187 found.
 glVertexAttrib4fv @ 188 found.
 glVertexAttrib4iv @ 189 found.
 glVertexAttrib4s @ 190 found.
 glVertexAttrib4sv @ 191 found.
 glVertexAttrib4ubv @ 192 found.
 glVertexAttrib4uiv @ 193 found.
 glVertexAttrib4usv @ 194 found.
 glVertexAttribPointer @ 195 found.
 glUniformMatrix2x3fv @ 196 found.
 glUniformMatrix3x2fv @ 197 found.
 glUniformMatrix2x4fv @ 198 found.
 glUniformMatrix4x2fv @ 199 found.
 glUniformMatrix3x4fv @ 200 found.
 glUniformMatrix4x3fv @ 201 found.
 glColorMaski @ 202 found.
 glGetBooleani_v @ 203 found.
 glGetIntegeri_v @ 204 found.
 glEnablei @ 205 found.
 glDisablei @ 206 found.
 glIsEnabledi @ 207 found.
 glBeginTransformFeedback @ 208 found.
 glEndTransformFeedback @ 209 found.
 glBindBufferRange @ 210 found.
 glBindBufferBase @ 211 found.
 glTransformFeedbackVaryings @ 212 found.
 glGetTransformFeedbackVarying @ 213 found.
 glClampColor @ 214 found.
 glBeginConditionalRender @ 215 found.
 glEndConditionalRender @ 216 found.
 glVertexAttribIPointer @ 217 found.
 glGetVertexAttribIiv @ 218 found.
 glGetVertexAttribIuiv @ 219 found.
 glVertexAttribI1i @ 220 found.
 glVertexAttribI2i @ 221 found.
 glVertexAttribI3i @ 222 found.
 glVertexAttribI4i @ 223 found.
 glVertexAttribI1ui @ 224 found.
 glVertexAttribI2ui @ 225 found.
 glVertexAttribI3ui @ 226 found.
 glVertexAttribI4ui @ 227 found.
 glVertexAttribI1iv @ 228 found.
 glVertexAttribI2iv @ 229 found.
 glVertexAttribI3iv @ 230 found.
 glVertexAttribI4iv @ 231 found.
 glVertexAttribI1uiv @ 232 found.
 glVertexAttribI2uiv @ 233 found.
 glVertexAttribI3uiv @ 234 found.
 glVertexAttribI4uiv @ 235 found.
 glVertexAttribI4bv @ 236 found.
 glVertexAttribI4sv @ 237 found.
 glVertexAttribI4ubv @ 238 found.
 glVertexAttribI4usv @ 239 found.
 glGetUniformuiv @ 240 found.
 glBindFragDataLocation @ 241 found.
 glGetFragDataLocation @ 242 found.
 glUniform1ui @ 243 found.
 glUniform2ui @ 244 found.
 glUniform3ui @ 245 found.
 glUniform4ui @ 246 found.
 glUniform1uiv @ 247 found.
 glUniform2uiv @ 248 found.
 glUniform3uiv @ 249 found.
 glUniform4uiv @ 250 found.
 glTexParameterIiv @ 251 found.
 glTexParameterIuiv @ 252 found.
 glGetTexParameterIiv @ 253 found.
 glGetTexParameterIuiv @ 254 found.
 glClearBufferiv @ 255 found.
 glClearBufferuiv @ 256 found.
 glClearBufferfv @ 257 found.
 glClearBufferfi @ 258 found.
 glGetStringi @ 259 found.
 glIsRenderbuffer @ 260 found.
 glBindRenderbuffer @ 261 found.
 glDeleteRenderbuffers @ 262 found.
 glGenRenderbuffers @ 263 found.
 glRenderbufferStorage @ 264 found.
 glGetRenderbufferParameteriv @ 265 found.
 glIsFramebuffer @ 266 found.
 glBindFramebuffer @ 267 found.
 glDeleteFramebuffers @ 268 found.
 glGenFramebuffers @ 269 found.
 glCheckFramebufferStatus @ 270 found.
 glFramebufferTexture1D @ 271 found.
 glFramebufferTexture2D @ 272 found.
 glFramebufferTexture3D @ 273 found.
 glFramebufferRenderbuffer @ 274 found.
 glGetFramebufferAttachmentParameteriv @ 275 found.
 glGenerateMipmap @ 276 found.
 glBlitFramebuffer @ 277 found.
 glRenderbufferStorageMultisample @ 278 found.
 glFramebufferTextureLayer @ 279 found.
 glMapBufferRange @ 280 found.
 glFlushMappedBufferRange @ 281 found.
 glBindVertexArray @ 282 found.
 glDeleteVertexArrays @ 283 found.
 glGenVertexArrays @ 284 found.
 glIsVertexArray @ 285 found.
 glDrawArraysInstanced @ 286 found.
 glDrawElementsInstanced @ 287 found.
 glTexBuffer @ 288 found.
 glPrimitiveRestartIndex @ 289 found.
 glCopyBufferSubData @ 290 found.
 glGetUniformIndices @ 291 found.
 glGetActiveUniformsiv @ 292 found.
 glGetActiveUniformName @ 293 found.
 glGetUniformBlockIndex @ 294 found.
 glGetActiveUniformBlockiv @ 295 found.
 glGetActiveUniformBlockName @ 296 found.
 glUniformBlockBinding @ 297 found.
 glDrawElementsBaseVertex @ 298 found.
 glDrawRangeElementsBaseVertex @ 299 found.
 glDrawElementsInstancedBaseVertex @ 300 found.
 glMultiDrawElementsBaseVertex @ 301 found.
 glProvokingVertex @ 302 found.
 glFenceSync @ 303 found.
 glIsSync @ 304 found.
 glDeleteSync @ 305 found.
 glClientWaitSync @ 306 found.
 glWaitSync @ 307 found.
 glGetInteger64v @ 308 found.
 glGetSynciv @ 309 found.
 glGetInteger64i_v @ 310 found.
 glGetBufferParameteri64v @ 311 found.
 glFramebufferTexture @ 312 found.
 glTexImage2DMultisample @ 313 found.
 glTexImage3DMultisample @ 314 found.
 glGetMultisamplefv @ 315 found.
 glSampleMaski @ 316 found.
 glBindFragDataLocationIndexed @ 317 found.
 glGetFragDataIndex @ 318 found.
 glGenSamplers @ 319 found.
 glDeleteSamplers @ 320 found.
 glIsSampler @ 321 found.
 glBindSampler @ 322 found.
 glSamplerParameteri @ 323 found.
 glSamplerParameteriv @ 324 found.
 glSamplerParameterf @ 325 found.
 glSamplerParameterfv @ 326 found.
 glSamplerParameterIiv @ 327 found.
 glSamplerParameterIuiv @ 328 found.
 glGetSamplerParameteriv @ 329 found.
 glGetSamplerParameterIiv @ 330 found.
 glGetSamplerParameterfv @ 331 found.
 glGetSamplerParameterIuiv @ 332 found.
 glQueryCounter @ 333 found.
 glGetQueryObjecti64v @ 334 found.
 glGetQueryObjectui64v @ 335 found.
 glVertexAttribDivisor @ 336 found.
 glVertexAttribP1ui @ 337 found.
 glVertexAttribP1uiv @ 338 found.
 glVertexAttribP2ui @ 339 found.
 glVertexAttribP2uiv @ 340 found.
 glVertexAttribP3ui @ 341 found.
 glVertexAttribP3uiv @ 342 found.
 glVertexAttribP4ui @ 343 found.
 glVertexAttribP4uiv @ 344 found.
 glMinSampleShading @ 345 found.
 glBlendEquationi @ 346 found.
 glBlendEquationSeparatei @ 347 found.
 glBlendFunci @ 348 found.
 glBlendFuncSeparatei @ 349 found.
 glDrawArraysIndirect @ 350 found.
 glDrawElementsIndirect @ 351 found.
 glUniform1d @ 352 found.
 glUniform2d @ 353 found.
 glUniform3d @ 354 found.
 glUniform4d @ 355 found.
 glUniform1dv @ 356 found.
 glUniform2dv @ 357 found.
 glUniform3dv @ 358 found.
 glUniform4dv @ 359 found.
 glUniformMatrix2dv @ 360 found.
 glUniformMatrix3dv @ 361 found.
 glUniformMatrix4dv @ 362 found.
 glUniformMatrix2x3dv @ 363 found.
 glUniformMatrix2x4dv @ 364 found.
 glUniformMatrix3x2dv @ 365 found.
 glUniformMatrix3x4dv @ 366 found.
 glUniformMatrix4x2dv @ 367 found.
 glUniformMatrix4x3dv @ 368 found.
 glGetUniformdv @ 369 found.
 glGetSubroutineUniformLocation @ 370 found.
 glGetSubroutineIndex @ 371 found.
 glGetActiveSubroutineUniformiv @ 372 found.
 glGetActiveSubroutineUniformName @ 373 found.
 glGetActiveSubroutineName @ 374 found.
 glUniformSubroutinesuiv @ 375 found.
 glGetUniformSubroutineuiv @ 376 found.
 glGetProgramStageiv @ 377 found.
 glPatchParameteri @ 378 found.
 glPatchParameterfv @ 379 found.
 glBindTransformFeedback @ 380 found.
 glDeleteTransformFeedbacks @ 381 found.
 glGenTransformFeedbacks @ 382 found.
 glIsTransformFeedback @ 383 found.
 glPauseTransformFeedback @ 384 found.
 glResumeTransformFeedback @ 385 found.
 glDrawTransformFeedback @ 386 found.
 glDrawTransformFeedbackStream @ 387 found.
 glBeginQueryIndexed @ 388 found.
 glEndQueryIndexed @ 389 found.
 glGetQueryIndexediv @ 390 found.
 glReleaseShaderCompiler @ 391 found.
 glShaderBinary @ 392 found.
 glGetShaderPrecisionFormat @ 393 found.
 glDepthRangef @ 394 found.
 glClearDepthf @ 395 found.
 glGetProgramBinary @ 396 found.
 glProgramBinary @ 397 found.
 glProgramParameteri @ 398 found.
 glUseProgramStages @ 399 found.
 glActiveShaderProgram @ 400 found.
 glCreateShaderProgramv @ 401 found.
 glBindProgramPipeline @ 402 found.
 glDeleteProgramPipelines @ 403 found.
 glGenProgramPipelines @ 404 found.
 glIsProgramPipeline @ 405 found.
 glGetProgramPipelineiv @ 406 found.
 glProgramUniform1i @ 407 found.
 glProgramUniform1iv @ 408 found.
 glProgramUniform1f @ 409 found.
 glProgramUniform1fv @ 410 found.
 glProgramUniform1d @ 411 found.
 glProgramUniform1dv @ 412 found.
 glProgramUniform1ui @ 413 found.
 glProgramUniform1uiv @ 414 found.
 glProgramUniform2i @ 415 found.
 glProgramUniform2iv @ 416 found.
 glProgramUniform2f @ 417 found.
 glProgramUniform2fv @ 418 found.
 glProgramUniform2d @ 419 found.
 glProgramUniform2dv @ 420 found.
 glProgramUniform2ui @ 421 found.
 glProgramUniform2uiv @ 422 found.
 glProgramUniform3i @ 423 found.
 glProgramUniform3iv @ 424 found.
 glProgramUniform3f @ 425 found.
 glProgramUniform3fv @ 426 found.
 glProgramUniform3d @ 427 found.
 glProgramUniform3dv @ 428 found.
 glProgramUniform3ui @ 429 found.
 glProgramUniform3uiv @ 430 found.
 glProgramUniform4i @ 431 found.
 glProgramUniform4iv @ 432 found.
 glProgramUniform4f @ 433 found.
 glProgramUniform4fv @ 434 found.
 glProgramUniform4d @ 435 found.
 glProgramUniform4dv @ 436 found.
 glProgramUniform4ui @ 437 found.
 glProgramUniform4uiv @ 438 found.
 glProgramUniformMatrix2fv @ 439 found.
 glProgramUniformMatrix3fv @ 440 found.
 glProgramUniformMatrix4fv @ 441 found.
 glProgramUniformMatrix2dv @ 442 found.
 glProgramUniformMatrix3dv @ 443 found.
 glProgramUniformMatrix4dv @ 444 found.
 glProgramUniformMatrix2x3fv @ 445 found.
 glProgramUniformMatrix3x2fv @ 446 found.
 glProgramUniformMatrix2x4fv @ 447 found.
 glProgramUniformMatrix4x2fv @ 448 found.
 glProgramUniformMatrix3x4fv @ 449 found.
 glProgramUniformMatrix4x3fv @ 450 found.
 glProgramUniformMatrix2x3dv @ 451 found.
 glProgramUniformMatrix3x2dv @ 452 found.
 glProgramUniformMatrix2x4dv @ 453 found.
 glProgramUniformMatrix4x2dv @ 454 found.
 glProgramUniformMatrix3x4dv @ 455 found.
 glProgramUniformMatrix4x3dv @ 456 found.
 glValidateProgramPipeline @ 457 found.
 glGetProgramPipelineInfoLog @ 458 found.
 glVertexAttribL1d @ 459 found.
 glVertexAttribL2d @ 460 found.
 glVertexAttribL3d @ 461 found.
 glVertexAttribL4d @ 462 found.
 glVertexAttribL1dv @ 463 found.
 glVertexAttribL2dv @ 464 found.
 glVertexAttribL3dv @ 465 found.
 glVertexAttribL4dv @ 466 found.
 glVertexAttribLPointer @ 467 found.
 glGetVertexAttribLdv @ 468 found.
 glViewportArrayv @ 469 found.
 glViewportIndexedf @ 470 found.
 glViewportIndexedfv @ 471 found.
 glScissorArrayv @ 472 found.
 glScissorIndexed @ 473 found.
 glScissorIndexedv @ 474 found.
 glDepthRangeArrayv @ 475 found.
 glDepthRangeIndexed @ 476 found.
 glGetFloati_v @ 477 found.
 glGetDoublei_v @ 478 found.
 glDrawArraysInstancedBaseInstance @ 479 found.
 glDrawElementsInstancedBaseInstance @ 480 found.
 glDrawElementsInstancedBaseVertexBaseInstance @ 481 found.
 glGetInternalformativ @ 482 found.
 glGetActiveAtomicCounterBufferiv @ 483 found.
 glBindImageTexture @ 484 found.
 glMemoryBarrier @ 485 found.
 glTexStorage1D @ 486 found.
 glTexStorage2D @ 487 found.
 glTexStorage3D @ 488 found.
 glDrawTransformFeedbackInstanced @ 489 found.
 glDrawTransformFeedbackStreamInstanced @ 490 found.
 glDispatchCompute @ 493 found.
 glDispatchComputeIndirect @ 494 found.
 glFramebufferParameteri @ 496 found.
 glGetFramebufferParameteriv @ 497 found.
 glGetInternalformati64v @ 498 found.
 glInvalidateFramebuffer @ 503 found.
 glInvalidateSubFramebuffer @ 504 found.
 glMultiDrawArraysIndirect @ 505 found.
 glMultiDrawElementsIndirect @ 506 found.
 glGetProgramInterfaceiv @ 507 found.
 glGetProgramResourceIndex @ 508 found.
 glGetProgramResourceName @ 509 found.
 glGetProgramResourceiv @ 510 found.
 glGetProgramResourceLocation @ 511 found.
 glGetProgramResourceLocationIndex @ 512 found.
 glShaderStorageBlockBinding @ 513 found.
 glTexBufferRange @ 514 found.
 glTexStorage2DMultisample @ 515 found.
 glTexStorage3DMultisample @ 516 found.
 glBindVertexBuffer @ 518 found.
 glVertexAttribFormat @ 519 found.
 glVertexAttribIFormat @ 520 found.
 glVertexAttribLFormat @ 521 found.
 glVertexAttribBinding @ 522 found.
 glVertexBindingDivisor @ 523 found.
 glDebugMessageControl @ 524 found.
 glDebugMessageInsert @ 525 found.
 glDebugMessageCallback @ 526 found.
 glGetDebugMessageLog @ 527 found.
 glPushDebugGroup @ 528 found.
 glPopDebugGroup @ 529 found.
 glObjectLabel @ 530 found.
 glGetObjectLabel @ 531 found.
 glObjectPtrLabel @ 532 found.
 glGetObjectPtrLabel @ 533 found.
 glBufferStorage @ 534 found.
 glClipControl @ 543 found.
 glNamedBufferStorage @ 551 found.
 glTextureBufferRange @ 589 found.
 glTextureParameteri @ 606 found.
 glMemoryBarrierByRegion @ 641 found.
 glGetGraphicsResetStatus @ 644 found.
 glGetnCompressedTexImage @ 645 found.
 glGetnTexImage @ 646 found.
 glGetnUniformdv @ 647 found.
 glGetnUniformfv @ 648 found.
 glGetnUniformiv @ 649 found.
 glGetnUniformuiv @ 650 found.
 glReadnPixels @ 651 found.
 afxDrawDriver.c:77?AfxDrawSystemRegisterDriver(dsys=006131f0,mdle=006140d0,spec=0052dd84)
 afxClass<afxDrawDriver>::AllocateObjects(1, 0052dca0, 0052dcb0)
 afxClass<afxDrawDriver>::BuildObjects(1, 0052dca0, 0052dc94)
 afxClass<afxDrawDriver>::ConstructObject(023bb990)
 afxDrawDriver.c:138?_AfxDdrvCtor(ddrv=023bb990)
 afxClass<Draw Context>::Mount(023bb9d8, 023bb9c4, 00000000, 0052d914)
New draw driver registered.
Name: SIGGL
Author: SIGMA Technology Group
Version: 0.7.2
Note: 
 ad88888ba   88    ,ad8888ba,     ,ad8888ba,   88           
d8"     "8b  88   d8"'    `"8b   d8"'    `"8b  88           
Y8,          88  d8'            d8'            88           
`Y8aaaaa,    88  88             88             88           
  `"""""8b,  88  88      88888  88      88888  88
        `8b  88  Y8,        88  Y8,        88  88           
Y8a     a8P  88   Y8a.    .a88   Y8a.    .a88  88           
 "Y88888P"   88    `"Y88888P"     `"Y88888P"   88888888888  
 Loading draw ICDs...
 afxModule.c:71?AfxSystemAcquireModule(sys=0060f080,uri=e2draw.icd)
 afxModule.c:71?AfxSystemAcquireModule(sys=0060f080,uri=e2newton.icd)
 afxClass<afxModule>::AllocateObjects(1, 0052de4c, 0052de94)
 afxClass<afxModule>::BuildObjects(1, 0052de4c, 0052df48)
 afxClass<afxModule>::ConstructObject(00614310)
 afxModule.c:135?_AfxMdleCtor(uri:e2newton.icd)
 afxDrawContext.c:318?AfxDrawSystemAcquireContext(dsys=006131f0,spec=0052e65c)
 afxClass<Draw Context>::AllocateObjects(1, 0052e558, 0052e568)
 afxClass<Draw Context>::BuildObjects(1, 0052e558, 0052e550)
 afxClass<Draw Context>::ConstructObject(023ba720)
 sglDrawContext.c:270?_AfxDctxCtor(dctx=023ba720)
 afxClass<afxDrawScript>::Mount(023bb068, 023ba754, 00000000, 559cfd74)
 afxClass<afxDrawInput>::Mount(023bb128, 023ba754, 00000000, 559cf724)
 afxClass<afxDrawQueue>::Mount(023bb1e8, 023ba754, 00000000, 0052e1ac)
 afxClass<afxBuffer>::Mount(023ba768, 023ba754, 00000000, 559ce020)
 afxClass<afxVertexBuffer>::Mount(023ba828, 023ba754, 023ba768, 0052e1ac)
 afxClass<afxIndexBuffer>::Mount(023ba8e8, 023ba754, 023ba768, 0052e1ac)
 afxClass<afxSampler>::Mount(023ba9a8, 023ba754, 00000000, 559d44a8)
 afxClass<afxTexture>::Mount(023baa68, 023ba754, 00000000, 559d4958)
 afxClass<afxSurface>::Mount(023bab28, 023ba754, 023baa68, 559d4620)
 afxClass<afxCanvas>::Mount(023babe8, 023ba754, 00000000, 559ce334)
 afxClass<afxShader>::Mount(023baca8, 023ba754, 00000000, 559d4168)
 afxClass<afxPipelineRig>::Mount(023bad68, 023ba754, 00000000, 559d437c)
 afxClass<afxPipeline>::Mount(023bae28, 023ba754, 00000000, 559d3d68)
 afxClass<afxDrawOperation>::Mount(023bafa8, 023ba754, 00000000, 55c11d90)
 afxClass<afxLegoTemplate>::Mount(023baee8, 023ba754, 00000000, 559d3b9c)
 afxClass<afxDrawOutput>::Mount(023bb2a8, 023ba754, 00000000, 559cf978)
 afxDrawQueue.c:47?AfxDrawContextAcquireQueue(dctx=023ba720)
 afxClass<afxDrawQueue>::AllocateObjects(1, 0052e084, 0052e0a0)
 afxClass<afxDrawQueue>::BuildObjects(1, 0052e084, 0052e1a4)
 afxClass<afxDrawQueue>::ConstructObject(02d58f60)
 sglDrawQueue.c:1825?_AfxDqueCtor(dque=02d58f60)
 Uploading draw operation 'data/pipeline/rgbaToRgba.xml'
 afxXml.c:1036?AfxFileSystemLoadXml(uri=data/pipeline/rgbaToRgba.xmlp)
 afxClass<afxXml>::AllocateObjects(1, 0052d36c, 0052d37c)
 afxClass<afxXml>::BuildObjects(1, 0052d36c, 0052d364)
 afxClass<afxXml>::ConstructObject(023c0ff0)
 afxXml.c:995?_AfxXmlCtor(uri:data/pipeline/rgbaToRgba.xml)
 afxFile.c:273?AfxFileSystemOpenFile(Afx.FileSystem.OpenFile(00610f30,00000001,data/pipeline/rgbaToRgba.xml))
 afxClass<afxFile>::AllocateObjects(1, 0052cfe4, 0052cff4)
 afxClass<afxFile>::BuildObjects(1, 0052cfe4, 0052cfd0)
 afxClass<afxFile, afxStream>ConstructingObject(0237c430)
 afxClass<afxStream>::ConstructObject(0237c430)
 afxClass<afxFile>::ConstructObject(0237c430)
 afxClass<afxFile>::DismantleObjects(1, 0052d048)
 Destructing instance 0237c430 of afxFile class.
 Destructing instance 0237c430 of afxFile : afxStream class.
 Destructing instance 0237c430 of afxStream class.
 afxClass<afxFile>::DeallocateObjects(1, 0052d048)
 afxClass<afxDrawOperation>::AllocateObjects(1, 02d5a680, 0052d358)
 afxClass<afxDrawOperation>::BuildObjects(1, 02d5a680, 0052d794)
 afxClass<afxDrawOperation>::ConstructObject(023bb5c0)
 afxDrawOperation.c:576?_AfxDopCtor(dop=023bb5c0)
 afxPipeline.c:316?AfxDrawContextBuildPipelines(dctx=023ba720)
 afxClass<afxPipeline>::AllocateObjects(1, 02de3780, 0052cd00)
 afxClass<afxPipeline>::BuildObjects(1, 02de3780, 0052cdec)
 afxClass<afxPipeline>::ConstructObject(0237b380)
 sglPipeline.c:577?_AfxPipCtor(pip=0237b380)
 afxShader.c:461?AfxDrawContextAcquireShaders(dctx=023ba720,cnt=1,uri=006db160,shd=0052c4cc)
 Uploading shader 'data/pipeline/rgbaToRgba.xml?vs'
 afxXml.c:1036?AfxFileSystemLoadXml(uri=data/pipeline/rgbaToRgba.xmlp)
 afxClass<afxXml>::AllocateObjects(1, 0052bba4, 0052bbb4)
 afxClass<afxXml>::BuildObjects(1, 0052bba4, 0052bb9c)
 afxClass<afxXml>::ConstructObject(02365310)
 afxXml.c:995?_AfxXmlCtor(uri:data/pipeline/rgbaToRgba.xml)
 afxFile.c:273?AfxFileSystemOpenFile(Afx.FileSystem.OpenFile(00610f30,00000001,data/pipeline/rgbaToRgba.xml))
 afxClass<afxFile>::AllocateObjects(1, 0052b81c, 0052b82c)
 afxClass<afxFile>::BuildObjects(1, 0052b81c, 0052b808)
 afxClass<afxFile, afxStream>ConstructingObject(0237c430)
 afxClass<afxStream>::ConstructObject(0237c430)
 afxClass<afxFile>::ConstructObject(0237c430)
 afxClass<afxFile>::DismantleObjects(1, 0052b880)
 Destructing instance 0237c430 of afxFile class.
 Destructing instance 0237c430 of afxFile : afxStream class.
 Destructing instance 0237c430 of afxStream class.
 afxClass<afxFile>::DeallocateObjects(1, 0052b880)
 afxFile.c:294?AfxFileSystemOpenReadableFile(Afx.FileSystem.OpenReadableFile(00610f30,data/pipeline/stdEnv.inc))
 afxClass<afxFile>::AllocateObjects(1, 0052b888, 0052b898)
 afxClass<afxFile>::BuildObjects(1, 0052b888, 0052b874)
 afxClass<afxFile, afxStream>ConstructingObject(0237c430)
 afxClass<afxStream>::ConstructObject(0237c430)
 afxClass<afxFile>::ConstructObject(0237c430)
 afxClass<afxFile>::DismantleObjects(1, 0052b8e8)
 Destructing instance 0237c430 of afxFile class.
 Destructing instance 0237c430 of afxFile : afxStream class.
 Destructing instance 0237c430 of afxStream class.
 afxClass<afxFile>::DeallocateObjects(1, 0052b8e8)
 afxShader.c:304?AfxDrawContextBuildShaders(dctx=023ba720,cnt=1,blueprint=0052bfcc,shd=0052c4cc)
 afxClass<afxShader>::AllocateObjects(1, 0052c4cc, 0052bb84)
 afxClass<afxShader>::BuildObjects(1, 0052c4cc, 0052bfcc)
 afxClass<afxShader>::ConstructObject(02d58900)
 sglShader.c:238?_AfxShdCtor(shd=02d58900)
 #version 330 core // QWADRO. Engineered by SIGMA Technology Group.
        
        layout(location = 0) in vec2 a_xy;

        out block
        {
            vec2 uv0;
        } sgl_v;

        void main()
        {
            gl_Position = vec4(a_xy, 0.0, 1.0);
            sgl_v.uv0 = vec2(gl_Position.xy * 0.5 + 0.5).xy;
        }
       
 afxClass<afxXml>::DismantleObjects(1, 0052bc08)
 Destructing instance 02365310 of afxXml class.
 afxXml.c:972?_AfxXmlDtor(xml=02365310)
 afxClass<afxXml>::DeallocateObjects(1, 0052bc08)
 afxObject<02d58900>::InstallEventFilter(0237b380)
 afxShader.c:461?AfxDrawContextAcquireShaders(dctx=023ba720,cnt=1,uri=006db198,shd=0052c4cc)
 Uploading shader 'data/pipeline/rgbaToRgba.xml?fs'
 afxXml.c:1036?AfxFileSystemLoadXml(uri=data/pipeline/rgbaToRgba.xmlp)
 afxClass<afxXml>::AllocateObjects(1, 0052bba4, 0052bbb4)
 afxClass<afxXml>::BuildObjects(1, 0052bba4, 0052bb9c)
 afxClass<afxXml>::ConstructObject(02365310)
 afxXml.c:995?_AfxXmlCtor(uri:data/pipeline/rgbaToRgba.xml)
 afxFile.c:273?AfxFileSystemOpenFile(Afx.FileSystem.OpenFile(00610f30,00000001,data/pipeline/rgbaToRgba.xml))
 afxClass<afxFile>::AllocateObjects(1, 0052b81c, 0052b82c)
 afxClass<afxFile>::BuildObjects(1, 0052b81c, 0052b808)
 afxClass<afxFile, afxStream>ConstructingObject(0237c430)
 afxClass<afxStream>::ConstructObject(0237c430)
 afxClass<afxFile>::ConstructObject(0237c430)
 afxClass<afxFile>::DismantleObjects(1, 0052b880)
 Destructing instance 0237c430 of afxFile class.
 Destructing instance 0237c430 of afxFile : afxStream class.
 Destructing instance 0237c430 of afxStream class.
 afxClass<afxFile>::DeallocateObjects(1, 0052b880)
 afxFile.c:294?AfxFileSystemOpenReadableFile(Afx.FileSystem.OpenReadableFile(00610f30,data/pipeline/stdEnv.inc))
 afxClass<afxFile>::AllocateObjects(1, 0052b888, 0052b898)
 afxClass<afxFile>::BuildObjects(1, 0052b888, 0052b874)
 afxClass<afxFile, afxStream>ConstructingObject(0237c430)
 afxClass<afxStream>::ConstructObject(0237c430)
 afxClass<afxFile>::ConstructObject(0237c430)
 afxClass<afxFile>::DismantleObjects(1, 0052b8e8)
 Destructing instance 0237c430 of afxFile class.
 Destructing instance 0237c430 of afxFile : afxStream class.
 Destructing instance 0237c430 of afxStream class.
 afxClass<afxFile>::DeallocateObjects(1, 0052b8e8)
 afxShader.c:304?AfxDrawContextBuildShaders(dctx=023ba720,cnt=1,blueprint=0052bfcc,shd=0052c4cc)
 afxClass<afxShader>::AllocateObjects(1, 0052c4cc, 0052bb84)
 afxClass<afxShader>::BuildObjects(1, 0052c4cc, 0052bfcc)
 afxClass<afxShader>::ConstructObject(023bcd90)
 sglShader.c:238?_AfxShdCtor(shd=023bcd90)
 #version 330 core // QWADRO. Engineered by SIGMA Technology Group.
        
        uniform sampler2D samp;

        in block
        {
            vec2 uv0;
        } sgl_v;

        out vec4 sgl_rgba;

        void main()
        {
            sgl_rgba = texture(samp, sgl_v.uv0);
        }
       
 afxClass<afxXml>::DismantleObjects(1, 0052bc08)
 Destructing instance 02365310 of afxXml class.
 afxXml.c:972?_AfxXmlDtor(xml=02365310)
 afxClass<afxXml>::DeallocateObjects(1, 0052bc08)
 afxObject<023bcd90>::InstallEventFilter(0237b380)
 afxClass<afxLegoTemplate>::AllocateObjects(1, 0052c2e0, 0052c2fc)
 afxClass<afxLegoTemplate>::BuildObjects(1, 0052c2e0, 0052c2d4)
 afxClass<afxLegoTemplate>::ConstructObject(0237b680)
 sglLego.c:199?_AfxLegtCtor(legt=0237b680)
 afxClass<afxPipelineRig>::AllocateObjects(1, 0052c2ec, 0052c2fc)
 afxClass<afxPipelineRig>::BuildObjects(1, 0052c2ec, 0052c2e0)
 afxClass<afxPipelineRig>::ConstructObject(023d4140)
 sglPipelineRig.c:118?_AfxPiprCtor(pipr=023d4140)
 afxPipeline.c:316?AfxDrawContextBuildPipelines(dctx=023ba720)
 afxClass<afxPipeline>::AllocateObjects(1, 02de35f0, 0052cd00)
 afxClass<afxPipeline>::BuildObjects(1, 02de35f0, 0052cdec)
 afxClass<afxPipeline>::ConstructObject(023bd0a0)
 sglPipeline.c:577?_AfxPipCtor(pip=023bd0a0)
 afxShader.c:461?AfxDrawContextAcquireShaders(dctx=023ba720,cnt=1,uri=006db160,shd=0052c4cc)
 Uploading shader 'data/pipeline/rgbaToRgba.xml?vsFlippedY'
 afxXml.c:1036?AfxFileSystemLoadXml(uri=data/pipeline/rgbaToRgba.xmlp)
 afxClass<afxXml>::AllocateObjects(1, 0052bba4, 0052bbb4)
 afxClass<afxXml>::BuildObjects(1, 0052bba4, 0052bb9c)
 afxClass<afxXml>::ConstructObject(02365310)
 afxXml.c:995?_AfxXmlCtor(uri:data/pipeline/rgbaToRgba.xml)
 afxFile.c:273?AfxFileSystemOpenFile(Afx.FileSystem.OpenFile(00610f30,00000001,data/pipeline/rgbaToRgba.xml))
 afxClass<afxFile>::AllocateObjects(1, 0052b81c, 0052b82c)
 afxClass<afxFile>::BuildObjects(1, 0052b81c, 0052b808)
 afxClass<afxFile, afxStream>ConstructingObject(0237c430)
 afxClass<afxStream>::ConstructObject(0237c430)
 afxClass<afxFile>::ConstructObject(0237c430)
 afxClass<afxFile>::DismantleObjects(1, 0052b880)
 Destructing instance 0237c430 of afxFile class.
 Destructing instance 0237c430 of afxFile : afxStream class.
 Destructing instance 0237c430 of afxStream class.
 afxClass<afxFile>::DeallocateObjects(1, 0052b880)
 afxFile.c:294?AfxFileSystemOpenReadableFile(Afx.FileSystem.OpenReadableFile(00610f30,data/pipeline/stdEnv.inc))
 afxClass<afxFile>::AllocateObjects(1, 0052b888, 0052b898)
 afxClass<afxFile>::BuildObjects(1, 0052b888, 0052b874)
 afxClass<afxFile, afxStream>ConstructingObject(0237c430)
 afxClass<afxStream>::ConstructObject(0237c430)
 afxClass<afxFile>::ConstructObject(0237c430)
 afxClass<afxFile>::DismantleObjects(1, 0052b8e8)
 Destructing instance 0237c430 of afxFile class.
 Destructing instance 0237c430 of afxFile : afxStream class.
 Destructing instance 0237c430 of afxStream class.
 afxClass<afxFile>::DeallocateObjects(1, 0052b8e8)
 afxShader.c:304?AfxDrawContextBuildShaders(dctx=023ba720,cnt=1,blueprint=0052bfcc,shd=0052c4cc)
 afxClass<afxShader>::AllocateObjects(1, 0052c4cc, 0052bb84)
 afxClass<afxShader>::BuildObjects(1, 0052c4cc, 0052bfcc)
 afxClass<afxShader>::ConstructObject(006d9cf0)
 sglShader.c:238?_AfxShdCtor(shd=006d9cf0)
 #version 330 core // QWADRO. Engineered by SIGMA Technology Group.
        
        const mat4 m = mat4(1, 0, 0, 0, 0, -1, 0, 0, 0, 0, 1, 0, 0, 0, 0, 1);
        
        layout(location = 0) in vec2 a_xy;
        
        out block
        {
            vec2 uv0;
        } sgl_v;

        void main()
        {
            gl_Position = vec4(a_xy, 0.0, 1.0);
            sgl_v.uv0 = vec2(m * vec4(gl_Position.xy * 0.5 + 0.5, 0, 1)).xy;
        }
       
 afxClass<afxXml>::DismantleObjects(1, 0052bc08)
 Destructing instance 02365310 of afxXml class.
 afxXml.c:972?_AfxXmlDtor(xml=02365310)
 afxClass<afxXml>::DeallocateObjects(1, 0052bc08)
 afxObject<006d9cf0>::InstallEventFilter(023bd0a0)
 afxShader.c:461?AfxDrawContextAcquireShaders(dctx=023ba720,cnt=1,uri=006db198,shd=0052c4cc)
 Uploading shader 'data/pipeline/rgbaToRgba.xml?fs'
 afxXml.c:1036?AfxFileSystemLoadXml(uri=data/pipeline/rgbaToRgba.xmlp)
 afxClass<afxXml>::AllocateObjects(1, 0052bba4, 0052bbb4)
 afxClass<afxXml>::BuildObjects(1, 0052bba4, 0052bb9c)
 afxClass<afxXml>::ConstructObject(02365310)
 afxXml.c:995?_AfxXmlCtor(uri:data/pipeline/rgbaToRgba.xml)
 afxFile.c:273?AfxFileSystemOpenFile(Afx.FileSystem.OpenFile(00610f30,00000001,data/pipeline/rgbaToRgba.xml))
 afxClass<afxFile>::AllocateObjects(1, 0052b81c, 0052b82c)
 afxClass<afxFile>::BuildObjects(1, 0052b81c, 0052b808)
 afxClass<afxFile, afxStream>ConstructingObject(0237c430)
 afxClass<afxStream>::ConstructObject(0237c430)
 afxClass<afxFile>::ConstructObject(0237c430)
 afxClass<afxFile>::DismantleObjects(1, 0052b880)
 Destructing instance 0237c430 of afxFile class.
 Destructing instance 0237c430 of afxFile : afxStream class.
 Destructing instance 0237c430 of afxStream class.
 afxClass<afxFile>::DeallocateObjects(1, 0052b880)
 afxFile.c:294?AfxFileSystemOpenReadableFile(Afx.FileSystem.OpenReadableFile(00610f30,data/pipeline/stdEnv.inc))
 afxClass<afxFile>::AllocateObjects(1, 0052b888, 0052b898)
 afxClass<afxFile>::BuildObjects(1, 0052b888, 0052b874)
 afxClass<afxFile, afxStream>ConstructingObject(0237c430)
 afxClass<afxStream>::ConstructObject(0237c430)
 afxClass<afxFile>::ConstructObject(0237c430)
 afxClass<afxFile>::DismantleObjects(1, 0052b8e8)
 Destructing instance 0237c430 of afxFile class.
 Destructing instance 0237c430 of afxFile : afxStream class.
 Destructing instance 0237c430 of afxStream class.
 afxClass<afxFile>::DeallocateObjects(1, 0052b8e8)
 afxShader.c:304?AfxDrawContextBuildShaders(dctx=023ba720,cnt=1,blueprint=0052bfcc,shd=0052c4cc)
 afxClass<afxShader>::AllocateObjects(1, 0052c4cc, 0052bb84)
 afxClass<afxShader>::BuildObjects(1, 0052c4cc, 0052bfcc)
 afxClass<afxShader>::ConstructObject(02d72f50)
 sglShader.c:238?_AfxShdCtor(shd=02d72f50)
 #version 330 core // QWADRO. Engineered by SIGMA Technology Group.
        
        uniform sampler2D samp;

        in block
        {
            vec2 uv0;
        } sgl_v;

        out vec4 sgl_rgba;

        void main()
        {
            sgl_rgba = texture(samp, sgl_v.uv0);
        }
       
 afxClass<afxXml>::DismantleObjects(1, 0052bc08)
 Destructing instance 02365310 of afxXml class.
 afxXml.c:972?_AfxXmlDtor(xml=02365310)
 afxClass<afxXml>::DeallocateObjects(1, 0052bc08)
 afxObject<02d72f50>::InstallEventFilter(023bd0a0)
 afxClass<afxXml>::DismantleObjects(1, 0052d3d0)
 Destructing instance 023c0ff0 of afxXml class.
 afxXml.c:972?_AfxXmlDtor(xml=023c0ff0)
 afxClass<afxXml>::DeallocateObjects(1, 0052d3d0)
 afxSampler.c:47?AfxDrawContextAcquireSamplers(dctx=023ba720,spec=0052dd30)
 afxClass<afxSampler>::AllocateObjects(1, 02d5a684, 0052d9f4)
 afxClass<afxSampler>::BuildObjects(1, 02d5a684, 0052dd30)
 afxClass<afxSampler>::ConstructObject(023fff40)
 sglSampler.c:184?_AfxSmpCtor(smp=023fff40)
 afxClass<afxVertexBuffer>::AllocateObjects(1, 02d5a688, 0052da48)
 afxClass<afxVertexBuffer>::BuildObjects(1, 02d5a688, 0052da20)
 afxClass<afxVertexBuffer, afxBuffer>ConstructingObject(023bd3a0)
 afxClass<afxBuffer>::ConstructObject(023bd3a0)
 sglBuffer.c:454?_AfxBufCtor(buf=023bd3a0)
 afxClass<afxVertexBuffer>::ConstructObject(023bd3a0)
 afxVertexBuffer.c:342?_AfxVbufCtor(vbuf=023bd3a0)
 afxApplication.c:372?AfxSystemAcquireApplication(sys=0052e65c,spec=023ba720)
 afxClass<afxApplication>::AllocateObjects(1, 0052e584, 0052e594)
 afxClass<afxApplication>::BuildObjects(1, 0052e584, 0052e62c)
 afxClass<afxApplication>::ConstructObject(02d5a6e0)
 afxApplication.c:422?_AfxAppCtor(app=02d5a6e0)
 afxMouse.c:249?AfxSystemAcquireMouse(sys=0060f080,port=0)
 afxClass<afxMouse>::AllocateObjects(1, 0052e174, 0052e184)
 afxClass<afxMouse>::BuildObjects(1, 0052e174, 0052e16c)
 afxClass<afxMouse, afxHid>ConstructingObject(02de79f0)
 afxClass<afxHid>::ConstructObject(02de79f0)
 afxHid.c:75?_AfxHidCtor(hid=02de79f0)
 afxClass<afxMouse>::ConstructObject(02de79f0)
 afxMouse.c:304?_AfxMseCtor(mse=02de79f0)
 afxDrawInput.c:102?AfxDrawContextAcquireInput(dctx=023ba720,spec=0052e228)
 afxClass<afxDrawInput>::AllocateObjects(1, 0052e15c, 0052e178)
 afxClass<afxDrawInput>::BuildObjects(1, 0052e15c, 0052e228)
 afxClass<afxDrawInput>::ConstructObject(02dfc780)
 sglDrawInput.c:274?_AfxDinCtor(din=02dfc780)
 afxArena.c:822?AfxSystemAcquireArena(sys=0060f080,strategy=0052ddd4,hint="sglDrawInput.c:310!_AfxDinCtor")
 afxClass<Memory Arena>::AllocateObjects(1, 0052dd20, 0052dd30)
 afxClass<Memory Arena>::BuildObjects(1, 0052dd20, 0052dd14)
 afxClass<Memory Arena, afxMemory>ConstructingObject(02d72c10)
 afxClass<afxMemory>::ConstructObject(02d72c10)
 afxMemory.c:317?_AfxMemCtor(mem=02d72c10)
 afxClass<Memory Arena>::ConstructObject(02d72c10)
 afxArena.c:799?_AfxArenCtor(aren=02d72c10)
 afxClass<afxWidget>::Mount(02d5abb8, 02d5a714, 00000000, 55c17808)
 afxClass<afxSimulation>::Mount(02d5ac78, 02d5a714, 00000000, 55c18290)
 afxApplication.c:322?AfxApplicationExecute(app=02d5a6e0)
 Sandbox.c:169?AfxEnterApplication(app=02d5a6e0)
 afxSimulation.c:425?AfxApplicationAcquireSimulation(app=02d5a6e0,bounding=[[0.000000,0.000000,0.000000,1.000000],[0.000000,0.000000,0.000000,1.000000]])
 afxClass<afxSimulation>::AllocateObjects(1, 0052e2e8, 0052e2f8)
 afxClass<afxSimulation>::BuildObjects(1, 0052e2e8, 0052e2e0)
 afxClass<afxSimulation>::ConstructObject(02d67050)
 afxSimulation.c:345?_AfxSimCtor(sim=02d67050)
 afxMemory.c:259?AfxSystemAcquireMemory(sys=0060f080,strategy=0052df78,hint="afxSimulation.c:367!_AfxSimCtor")
 afxClass<afxMemory>::AllocateObjects(1, 0052de6c, 0052de7c)
 afxClass<afxMemory>::BuildObjects(1, 0052de6c, 0052de60)
 afxClass<afxMemory>::ConstructObject(006d9ad0)
 afxMemory.c:317?_AfxMemCtor(mem=006d9ad0)
 afxClass<afxMaterial>::Mount(02d67458, 02d67084, 00000000, 55c191c4)
 afxClass<afxMesh>::Mount(02d67518, 02d67084, 00000000, 55c19528)
 afxClass<afxNode>::Mount(02d67758, 02d67084, 00000000, 55c18674)
 afxClass<afxSkeleton>::Mount(02d67698, 02d67084, 00000000, 55c18ab4)
 afxClass<afxModel>::Mount(02d675d8, 02d67084, 00000000, 55c19c8c)
 afxClass<afxBody>::Mount(02d67098, 02d67084, 00000000, 55c17a94)
 afxClass<afxBodyControl>::Mount(02d67158, 02d67084, 00000000, 55c1815c)
 afxClass<afxEntity>::Mount(02d67218, 02d67084, 02d67758, 55c17f2c)
 afxClass<afxCamera>::Mount(02d672d8, 02d67084, 02d67758, 55c17c50)
 afxClass<afxLight>::Mount(02d67398, 02d67084, 02d67758, 55c18010)
 afxDrawOutput.c:137?AfxDrawContextAcquireOutput(dctx=023ba720,spec=0052e4e0)
 afxClass<afxDrawOutput>::AllocateObjects(1, 0052e318, 0052e334)
 afxClass<afxDrawOutput>::BuildObjects(1, 0052e318, 0052e4e0)
 afxClass<afxDrawOutput>::ConstructObject(02d67930)
 sglDrawOutput.c:518?_AfxDoutCtor(dout=02d67930)
 afxSurface.c:12?AfxDrawContextAcquireSurface(dctx=023ba720,fmt=4,whd=[1280,720,1],usage=16)
 ADV afxTexture.c:15?AfxTextureBlueprintReset
    texb->fcc == AFX_FCC_TEXB
 afxClass<afxSurface>::AllocateObjects(1, 0052d968, 0052d984)
 afxClass<afxSurface>::BuildObjects(1, 0052d968, 0052d990)
 afxClass<afxSurface, afxTexture>ConstructingObject(02d58720)
 afxClass<afxTexture>::ConstructObject(02d58720)
 sglTexture.c:1027?_AfxTexCtor(tex=02d58720)
 afxClass<afxSurface>::ConstructObject(02d58720)
 sglSurface.c:131?_AfxSurfCtor(surf=02d58720)
 afxSurface.c:12?AfxDrawContextAcquireSurface(dctx=023ba720,fmt=4,whd=[1280,720,1],usage=16)
 ADV afxTexture.c:15?AfxTextureBlueprintReset
    texb->fcc == AFX_FCC_TEXB
 afxClass<afxSurface>::AllocateObjects(1, 0052d968, 0052d984)
 afxClass<afxSurface>::BuildObjects(1, 0052d968, 0052d990)
 afxClass<afxSurface, afxTexture>ConstructingObject(023bb3e0)
 afxClass<afxTexture>::ConstructObject(023bb3e0)
 sglTexture.c:1027?_AfxTexCtor(tex=023bb3e0)
 afxClass<afxSurface>::ConstructObject(023bb3e0)
 sglSurface.c:131?_AfxSurfCtor(surf=023bb3e0)
 sglDrawOutput.c:470?_AfxStdDoutImplCtor(dout=02d67930,uri=window)
 sglDrawOutput.c:321?_AfxStdDoutImplCtorWnd(dout=02d67930)
 Extent readjusted. (dout)02d67930 -> 1272, 0.000000 of 4264134358; 693 0.000018 of 37466768
 ADV glus_wavefront.c:865?__ldrWavefrontParse
    MTL NAME art/object/container/container.mtl
 ADV glus_wavefront.c:291?_ldrWavefrontLoadMaterial
    MTL FNAME art/object/container/container.mtl
 Mesh name container
 afxClass<afxMaterial>::AllocateObjects(1, 0052ccd0, 0052ca18)
 afxClass<afxMaterial>::BuildObjects(1, 0052ccd0, 0052cf44)
 afxClass<afxMaterial>::ConstructObject(02da3bf0)
 afxMaterial.c:239?_AfxMtlCtor(mtl=02da3bf0)
 Uploading texture 'art/object/container/Container_DiffuseMap.tga'
 afxFile.c:273?AfxFileSystemOpenFile(Afx.FileSystem.OpenFile(00610f30,00000001,art/object/container/Container_DiffuseMap.tga))
 afxClass<afxFile>::AllocateObjects(1, 0052bbfc, 0052bc0c)
 afxClass<afxFile>::BuildObjects(1, 0052bbfc, 0052bbe8)
 afxClass<afxFile, afxStream>ConstructingObject(02da5150)
 afxClass<afxStream>::ConstructObject(02da5150)
 afxClass<afxFile>::ConstructObject(02da5150)
 ADV afxTexture.c:15?AfxTextureBlueprintReset
    texb->fcc == AFX_FCC_TEXB
 afxTexture.c:401?AfxDrawContextBuildTextures(dctx=023ba720,cnt=1,blueprint=0052bce0,tex=02da3ce4)
 afxClass<afxTexture>::AllocateObjects(1, 02da3ce4, 0052bbdc)
 afxClass<afxTexture>::BuildObjects(1, 02da3ce4, 0052bce0)
 afxClass<afxTexture>::ConstructObject(02da3fd0)
 sglTexture.c:1027?_AfxTexCtor(tex=02da3fd0)
 afxClass<afxFile>::DismantleObjects(1, 0052bc60)
 Destructing instance 02da5150 of afxFile class.
 Destructing instance 02da5150 of afxFile : afxStream class.
 Destructing instance 02da5150 of afxStream class.
 afxClass<afxFile>::DeallocateObjects(1, 0052bc60)
 afxClass<afxMaterial>::AllocateObjects(1, 0052ccd0, 0052ca18)
 afxClass<afxMaterial>::BuildObjects(1, 0052ccd0, 0052cf44)
 afxClass<afxMaterial>::ConstructObject(02da3d80)
 afxMaterial.c:239?_AfxMtlCtor(mtl=02da3d80)
 ERR afxUri.c:338?AfxUriGetStringConst
    
 ERR afxUri.c:338?AfxUriGetStringConst
    (uri)
    Invalid
 ERR afxString.c:218?AfxStringCompareCi
    (str)
    Invalid
 Uploading texture 'art/object/container/Container_DiffuseMap.tga'
 afxFile.c:273?AfxFileSystemOpenFile(Afx.FileSystem.OpenFile(00610f30,00000001,art/object/container/Container_DiffuseMap.tga))
 afxClass<afxFile>::AllocateObjects(1, 0052bbfc, 0052bc0c)
 afxClass<afxFile>::BuildObjects(1, 0052bbfc, 0052bbe8)
 afxClass<afxFile, afxStream>ConstructingObject(02da5150)
 afxClass<afxStream>::ConstructObject(02da5150)
 afxClass<afxFile>::ConstructObject(02da5150)
 ADV afxTexture.c:15?AfxTextureBlueprintReset
    texb->fcc == AFX_FCC_TEXB
 afxTexture.c:401?AfxDrawContextBuildTextures(dctx=023ba720,cnt=1,blueprint=0052bce0,tex=02da3e74)
 afxClass<afxTexture>::AllocateObjects(1, 02da3e74, 0052bbdc)
 afxClass<afxTexture>::BuildObjects(1, 02da3e74, 0052bce0)
 afxClass<afxTexture>::ConstructObject(02da2410)
 sglTexture.c:1027?_AfxTexCtor(tex=02da2410)
 afxClass<afxFile>::DismantleObjects(1, 0052bc60)
 Destructing instance 02da5150 of afxFile class.
 Destructing instance 02da5150 of afxFile : afxStream class.
 Destructing instance 02da5150 of afxStream class.
 afxClass<afxFile>::DeallocateObjects(1, 0052bc60)
 Mesh name air_conditioning
 afxClass<afxMaterial>::AllocateObjects(1, 0052ccd0, 0052ca18)
 afxClass<afxMaterial>::BuildObjects(1, 0052ccd0, 0052cf44)
 afxClass<afxMaterial>::ConstructObject(02da2280)
 afxMaterial.c:239?_AfxMtlCtor(mtl=02da2280)
 ERR afxUri.c:338?AfxUriGetStringConst
    
 ERR afxUri.c:338?AfxUriGetStringConst
    (uri)
    Invalid
 ERR afxString.c:218?AfxStringCompareCi
    (str)
    Invalid
 ERR afxUri.c:338?AfxUriGetStringConst
    
 ERR afxUri.c:338?AfxUriGetStringConst
    (uri)
    Invalid
 ERR afxString.c:218?AfxStringCompareCi
    (str)
    Invalid
 Uploading texture 'art/object/container/Container_DiffuseMap.tga'
 afxFile.c:273?AfxFileSystemOpenFile(Afx.FileSystem.OpenFile(00610f30,00000001,art/object/container/Container_DiffuseMap.tga))
 afxClass<afxFile>::AllocateObjects(1, 0052bbfc, 0052bc0c)
 afxClass<afxFile>::BuildObjects(1, 0052bbfc, 0052bbe8)
 afxClass<afxFile, afxStream>ConstructingObject(02da5150)
 afxClass<afxStream>::ConstructObject(02da5150)
 afxClass<afxFile>::ConstructObject(02da5150)
 ADV afxTexture.c:15?AfxTextureBlueprintReset
    texb->fcc == AFX_FCC_TEXB
 afxTexture.c:401?AfxDrawContextBuildTextures(dctx=023ba720,cnt=1,blueprint=0052bce0,tex=02da2374)
 afxClass<afxTexture>::AllocateObjects(1, 02da2374, 0052bbdc)
 afxClass<afxTexture>::BuildObjects(1, 02da2374, 0052bce0)
 afxClass<afxTexture>::ConstructObject(02da2820)
 sglTexture.c:1027?_AfxTexCtor(tex=02da2820)
 afxClass<afxFile>::DismantleObjects(1, 0052bc60)
 Destructing instance 02da5150 of afxFile class.
 Destructing instance 02da5150 of afxFile : afxStream class.
 Destructing instance 02da5150 of afxStream class.
 afxClass<afxFile>::DeallocateObjects(1, 0052bc60)
 afxClass<afxMaterial>::AllocateObjects(1, 0052ccd0, 0052ca18)
 afxClass<afxMaterial>::BuildObjects(1, 0052ccd0, 0052cf44)
 afxClass<afxMaterial>::ConstructObject(02da25d0)
 afxMaterial.c:239?_AfxMtlCtor(mtl=02da25d0)
 ERR afxUri.c:338?AfxUriGetStringConst
    
 ERR afxUri.c:338?AfxUriGetStringConst
    (uri)
    Invalid
 ERR afxString.c:218?AfxStringCompareCi
    (str)
    Invalid
 ERR afxUri.c:338?AfxUriGetStringConst
    
 ERR afxUri.c:338?AfxUriGetStringConst
    (uri)
    Invalid
 ERR afxString.c:218?AfxStringCompareCi
    (str)
    Invalid
 ERR afxUri.c:338?AfxUriGetStringConst
    
 ERR afxUri.c:338?AfxUriGetStringConst
    (uri)
    Invalid
 ERR afxString.c:218?AfxStringCompareCi
    (str)
    Invalid
 Uploading texture 'art/object/container/Container_DiffuseMap.tga'
 afxFile.c:273?AfxFileSystemOpenFile(Afx.FileSystem.OpenFile(00610f30,00000001,art/object/container/Container_DiffuseMap.tga))
 afxClass<afxFile>::AllocateObjects(1, 0052bbfc, 0052bc0c)
 afxClass<afxFile>::BuildObjects(1, 0052bbfc, 0052bbe8)
 afxClass<afxFile, afxStream>ConstructingObject(02da5150)
 afxClass<afxStream>::ConstructObject(02da5150)
 afxClass<afxFile>::ConstructObject(02da5150)
 ADV afxTexture.c:15?AfxTextureBlueprintReset
    texb->fcc == AFX_FCC_TEXB
 afxTexture.c:401?AfxDrawContextBuildTextures(dctx=023ba720,cnt=1,blueprint=0052bce0,tex=02da26c4)
 afxClass<afxTexture>::AllocateObjects(1, 02da26c4, 0052bbdc)
 afxClass<afxTexture>::BuildObjects(1, 02da26c4, 0052bce0)
 afxClass<afxTexture>::ConstructObject(02da2c30)
 sglTexture.c:1027?_AfxTexCtor(tex=02da2c30)
 afxClass<afxFile>::DismantleObjects(1, 0052bc60)
 Destructing instance 02da5150 of afxFile class.
 Destructing instance 02da5150 of afxFile : afxStream class.
 Destructing instance 02da5150 of afxStream class.
 afxClass<afxFile>::DeallocateObjects(1, 0052bc60)
 afxClass<afxSkeleton>::AllocateObjects(1, 0052cc64, 0052ca18)
 afxClass<afxSkeleton>::BuildObjects(1, 0052cc64, 0052cc68)
 afxClass<afxSkeleton>::ConstructObject(02da2df0)
 afxSkeleton.c:797?_AfxSklCtor(skl=02da2df0)
 ADV afxSkeleton.c:812?_AfxSklCtor
    TODO: Reparent base to skeleton node
 afxClass<afxVertexBuffer>::AllocateObjects(1, 0052c9dc, 0052aea8)
 afxClass<afxVertexBuffer>::BuildObjects(1, 0052c9dc, 0052ae80)
 afxClass<afxVertexBuffer, afxBuffer>ConstructingObject(02da3060)
 afxClass<afxBuffer>::ConstructObject(02da3060)
 sglBuffer.c:454?_AfxBufCtor(buf=02da3060)
 afxClass<afxVertexBuffer>::ConstructObject(02da3060)
 afxVertexBuffer.c:342?_AfxVbufCtor(vbuf=02da3060)
 afxIndexBuffer.c:131?AfxDrawContextBuildIndexBuffers(dctx=023ba720,cnt=1,stride=0052aff0)
 afxClass<afxIndexBuffer>::AllocateObjects(1, 0052ca1c, 0052aecc)
 afxClass<afxIndexBuffer>::BuildObjects(1, 0052ca1c, 0052aea4)
 afxClass<afxIndexBuffer, afxBuffer>ConstructingObject(02da29e0)
 afxClass<afxBuffer>::ConstructObject(02da29e0)
 sglBuffer.c:454?_AfxBufCtor(buf=02da29e0)
 afxClass<afxIndexBuffer>::ConstructObject(02da29e0)
 afxIndexBuffer.c:200?_AfxIbufCtor(ibuf=02da29e0)
 afxClass<afxMesh>::AllocateObjects(2, 02d73ce0, 0052b008)
 afxClass<afxMesh>::BuildObjects(2, 02d73ce0, 02da3950)
 afxClass<afxMesh>::ConstructObject(02da2aa0)
 afxMesh.c:989?_AfxMshCtor(msh=02da2aa0)
 afxClass<afxMesh>::ConstructObject(02da5150)
 afxMesh.c:989?_AfxMshCtor(msh=02da5150)
 afxClass<afxModel>::AllocateObjects(1, 0052cc0c, 0052ca18)
 afxClass<afxModel>::BuildObjects(1, 0052cc0c, 0052cdd0)
 afxClass<afxModel>::ConstructObject(02da3950)
 afxModel.c:193?_AfxMdlCtor(mdl=02da3950)
 ERR glus_wavefront.c:251?_ldrWavefrontDestroyMaterial
    
 afxModel.c:391?AfxSimulationAcquireModels(sim=02d67050,cnt=1,uri=0052e448,mdl=0052e404)
 afxClass<afxBody>::AllocateObjects(1, 00356060, 0052e340)
 afxClass<afxBody>::BuildObjects(1, 00356060, 0052e404)
 afxClass<afxBody>::ConstructObject(02da31f0)
 afxBody.c:636?_AfxBodCtor(bod=02da31f0)
 afxCamera.c:863?AfxSimulationAcquireCamera(sim=02d67050,name=viewer,perspective=1)
 afxClass<afxCamera>::AllocateObjects(1, 0052e184, 0052e194)
 afxClass<afxCamera>::BuildObjects(1, 0052e184, 0052e1a0)
 afxClass<afxCamera, afxNode>ConstructingObject(02da3310)
 afxClass<afxNode>::ConstructObject(02da3310)
 afxClass<afxCamera>::ConstructObject(02da3310)
 afxCamera.c:939?_AfxCamCtor(cam=02da3310)
 afxObject<02de79f0>::InstallEventFilter(02da3310)
 afxDrawInput.c:102?AfxDrawContextAcquireInput(dctx=023ba720,spec=0052d89c)
 afxClass<afxDrawInput>::AllocateObjects(1, 0052d700, 0052d71c)
 afxClass<afxDrawInput>::BuildObjects(1, 0052d700, 0052d89c)
 afxClass<afxDrawInput>::ConstructObject(02da37e0)
 sglDrawInput.c:274?_AfxDinCtor(din=02da37e0)
 afxArena.c:822?AfxSystemAcquireArena(sys=0060f080,strategy=0052d378,hint="sglDrawInput.c:310!_AfxDinCtor")
 afxClass<Memory Arena>::AllocateObjects(1, 0052d2c4, 0052d2d4)
 afxClass<Memory Arena>::BuildObjects(1, 0052d2c4, 0052d2b8)
 afxClass<Memory Arena, afxMemory>ConstructingObject(0a9e0080)
 afxClass<afxMemory>::ConstructObject(0a9e0080)
 afxMemory.c:317?_AfxMemCtor(mem=0a9e0080)
 afxClass<Memory Arena>::ConstructObject(0a9e0080)
 afxArena.c:799?_AfxArenCtor(aren=0a9e0080)
 ADV afxTexture.c:15?AfxTextureBlueprintReset
    texb->fcc == AFX_FCC_TEXB
 afxTexture.c:401?AfxDrawContextBuildTextures(dctx=023ba720,cnt=1,blueprint=0052dd60,tex=003561f4)
 afxClass<afxTexture>::AllocateObjects(1, 003561f4, 0052d6ec)
 afxClass<afxTexture>::BuildObjects(1, 003561f4, 0052dd60)
 afxClass<afxTexture>::ConstructObject(0a9e0b00)
 sglTexture.c:1027?_AfxTexCtor(tex=0a9e0b00)
 afxFile.c:273?AfxFileSystemOpenFile(Afx.FileSystem.OpenFile(00610f30,00000001,art/skybox/blue/right.tga))
 afxClass<afxFile>::AllocateObjects(1, 0052cf44, 0052cf54)
 afxClass<afxFile>::BuildObjects(1, 0052cf44, 0052cf30)
 afxClass<afxFile, afxStream>ConstructingObject(02da75e0)
 afxClass<afxStream>::ConstructObject(02da75e0)
 afxClass<afxFile>::ConstructObject(02da75e0)
 afxClass<afxFile>::DismantleObjects(1, 0052cfa8)
 Destructing instance 02da75e0 of afxFile class.
 Destructing instance 02da75e0 of afxFile : afxStream class.
 Destructing instance 02da75e0 of afxStream class.
 afxClass<afxFile>::DeallocateObjects(1, 0052cfa8)
 afxFile.c:273?AfxFileSystemOpenFile(Afx.FileSystem.OpenFile(00610f30,00000001,art/skybox/blue/left.tga))
 afxClass<afxFile>::AllocateObjects(1, 0052cf44, 0052cf54)
 afxClass<afxFile>::BuildObjects(1, 0052cf44, 0052cf30)
 afxClass<afxFile, afxStream>ConstructingObject(02da75e0)
 afxClass<afxStream>::ConstructObject(02da75e0)
 afxClass<afxFile>::ConstructObject(02da75e0)
 afxClass<afxFile>::DismantleObjects(1, 0052cfa8)
 Destructing instance 02da75e0 of afxFile class.
 Destructing instance 02da75e0 of afxFile : afxStream class.
 Destructing instance 02da75e0 of afxStream class.
 afxClass<afxFile>::DeallocateObjects(1, 0052cfa8)
 afxFile.c:273?AfxFileSystemOpenFile(Afx.FileSystem.OpenFile(00610f30,00000001,art/skybox/blue/top.tga))
 afxClass<afxFile>::AllocateObjects(1, 0052cf44, 0052cf54)
 afxClass<afxFile>::BuildObjects(1, 0052cf44, 0052cf30)
 afxClass<afxFile, afxStream>ConstructingObject(02da75e0)
 afxClass<afxStream>::ConstructObject(02da75e0)
 afxClass<afxFile>::ConstructObject(02da75e0)
 afxClass<afxFile>::DismantleObjects(1, 0052cfa8)
 Destructing instance 02da75e0 of afxFile class.
 Destructing instance 02da75e0 of afxFile : afxStream class.
 Destructing instance 02da75e0 of afxStream class.
 afxClass<afxFile>::DeallocateObjects(1, 0052cfa8)
 afxFile.c:273?AfxFileSystemOpenFile(Afx.FileSystem.OpenFile(00610f30,00000001,art/skybox/blue/bottom.tga))
 afxClass<afxFile>::AllocateObjects(1, 0052cf44, 0052cf54)
 afxClass<afxFile>::BuildObjects(1, 0052cf44, 0052cf30)
 afxClass<afxFile, afxStream>ConstructingObject(02da75e0)
 afxClass<afxStream>::ConstructObject(02da75e0)
 afxClass<afxFile>::ConstructObject(02da75e0)
 afxClass<afxFile>::DismantleObjects(1, 0052cfa8)
 Destructing instance 02da75e0 of afxFile class.
 Destructing instance 02da75e0 of afxFile : afxStream class.
 Destructing instance 02da75e0 of afxStream class.
 afxClass<afxFile>::DeallocateObjects(1, 0052cfa8)
 afxFile.c:273?AfxFileSystemOpenFile(Afx.FileSystem.OpenFile(00610f30,00000001,art/skybox/blue/back.tga))
 afxClass<afxFile>::AllocateObjects(1, 0052cf44, 0052cf54)
 afxClass<afxFile>::BuildObjects(1, 0052cf44, 0052cf30)
 afxClass<afxFile, afxStream>ConstructingObject(02da75e0)
 afxClass<afxStream>::ConstructObject(02da75e0)
 afxClass<afxFile>::ConstructObject(02da75e0)
 afxClass<afxFile>::DismantleObjects(1, 0052cfa8)
 Destructing instance 02da75e0 of afxFile class.
 Destructing instance 02da75e0 of afxFile : afxStream class.
 Destructing instance 02da75e0 of afxStream class.
 afxClass<afxFile>::DeallocateObjects(1, 0052cfa8)
 afxFile.c:273?AfxFileSystemOpenFile(Afx.FileSystem.OpenFile(00610f30,00000001,art/skybox/blue/front.tga))
 afxClass<afxFile>::AllocateObjects(1, 0052cf44, 0052cf54)
 afxClass<afxFile>::BuildObjects(1, 0052cf44, 0052cf30)
 afxClass<afxFile, afxStream>ConstructingObject(02da75e0)
 afxClass<afxStream>::ConstructObject(02da75e0)
 afxClass<afxFile>::ConstructObject(02da75e0)
 afxClass<afxFile>::DismantleObjects(1, 0052cfa8)
 Destructing instance 02da75e0 of afxFile class.
 Destructing instance 02da75e0 of afxFile : afxStream class.
 Destructing instance 02da75e0 of afxStream class.
 afxClass<afxFile>::DeallocateObjects(1, 0052cfa8)
 afxClass<afxVertexBuffer>::AllocateObjects(1, 003561f0, 0052d6c8)
 afxClass<afxVertexBuffer>::BuildObjects(1, 003561f0, 0052d6a0)
 afxClass<afxVertexBuffer, afxBuffer>ConstructingObject(02da3b20)
 afxClass<afxBuffer>::ConstructObject(02da3b20)
 sglBuffer.c:454?_AfxBufCtor(buf=02da3b20)
 afxClass<afxVertexBuffer>::ConstructObject(02da3b20)
 afxVertexBuffer.c:342?_AfxVbufCtor(vbuf=02da3b20)
 Uploading draw operation 'data/pipeline/skybox.xml'
 afxXml.c:1036?AfxFileSystemLoadXml(uri=data/pipeline/skybox.xmlp)
 afxClass<afxXml>::AllocateObjects(1, 0052cfec, 0052cffc)
 afxClass<afxXml>::BuildObjects(1, 0052cfec, 0052cfe4)
 afxClass<afxXml>::ConstructObject(02da2750)
 afxXml.c:995?_AfxXmlCtor(uri:data/pipeline/skybox.xml)
 afxFile.c:273?AfxFileSystemOpenFile(Afx.FileSystem.OpenFile(00610f30,00000001,data/pipeline/skybox.xml))
 afxClass<afxFile>::AllocateObjects(1, 0052cc64, 0052cc74)
 afxClass<afxFile>::BuildObjects(1, 0052cc64, 0052cc50)
 afxClass<afxFile, afxStream>ConstructingObject(02da75e0)
 afxClass<afxStream>::ConstructObject(02da75e0)
 afxClass<afxFile>::ConstructObject(02da75e0)
 afxClass<afxFile>::DismantleObjects(1, 0052ccc8)
 Destructing instance 02da75e0 of afxFile class.
 Destructing instance 02da75e0 of afxFile : afxStream class.
 Destructing instance 02da75e0 of afxStream class.
 afxClass<afxFile>::DeallocateObjects(1, 0052ccc8)
 afxClass<afxDrawOperation>::AllocateObjects(1, 00356220, 0052cfd8)
 afxClass<afxDrawOperation>::BuildObjects(1, 00356220, 0052d414)
 afxClass<afxDrawOperation>::ConstructObject(02da9e20)
 afxDrawOperation.c:576?_AfxDopCtor(dop=02da9e20)
 afxPipeline.c:316?AfxDrawContextBuildPipelines(dctx=023ba720)
 afxClass<afxPipeline>::AllocateObjects(1, 02de3ab0, 0052c980)
 afxClass<afxPipeline>::BuildObjects(1, 02de3ab0, 0052ca6c)
 afxClass<afxPipeline>::ConstructObject(02da4ab0)
 sglPipeline.c:577?_AfxPipCtor(pip=02da4ab0)
 afxShader.c:461?AfxDrawContextAcquireShaders(dctx=023ba720,cnt=1,uri=02da49e0,shd=0052c14c)
 Uploading shader 'data/pipeline/skybox.xml?vs'
 afxXml.c:1036?AfxFileSystemLoadXml(uri=data/pipeline/skybox.xmlp)
 afxClass<afxXml>::AllocateObjects(1, 0052b824, 0052b834)
 afxClass<afxXml>::BuildObjects(1, 0052b824, 0052b81c)
 afxClass<afxXml>::ConstructObject(02da9f60)
 afxXml.c:995?_AfxXmlCtor(uri:data/pipeline/skybox.xml)
 afxFile.c:273?AfxFileSystemOpenFile(Afx.FileSystem.OpenFile(00610f30,00000001,data/pipeline/skybox.xml))
 afxClass<afxFile>::AllocateObjects(1, 0052b49c, 0052b4ac)
 afxClass<afxFile>::BuildObjects(1, 0052b49c, 0052b488)
 afxClass<afxFile, afxStream>ConstructingObject(02da75e0)
 afxClass<afxStream>::ConstructObject(02da75e0)
 afxClass<afxFile>::ConstructObject(02da75e0)
 afxClass<afxFile>::DismantleObjects(1, 0052b500)
 Destructing instance 02da75e0 of afxFile class.
 Destructing instance 02da75e0 of afxFile : afxStream class.
 Destructing instance 02da75e0 of afxStream class.
 afxClass<afxFile>::DeallocateObjects(1, 0052b500)
 afxFile.c:294?AfxFileSystemOpenReadableFile(Afx.FileSystem.OpenReadableFile(00610f30,data/pipeline/stdEnv.inc))
 afxClass<afxFile>::AllocateObjects(1, 0052b508, 0052b518)
 afxClass<afxFile>::BuildObjects(1, 0052b508, 0052b4f4)
 afxClass<afxFile, afxStream>ConstructingObject(0ac64690)
 afxClass<afxStream>::ConstructObject(0ac64690)
 afxClass<afxFile>::ConstructObject(0ac64690)
 afxClass<afxFile>::DismantleObjects(1, 0052b568)
 Destructing instance 0ac64690 of afxFile class.
 Destructing instance 0ac64690 of afxFile : afxStream class.
 Destructing instance 0ac64690 of afxStream class.
 afxClass<afxFile>::DeallocateObjects(1, 0052b568)
 afxShader.c:304?AfxDrawContextBuildShaders(dctx=023ba720,cnt=1,blueprint=0052bc4c,shd=0052c14c)
 afxClass<afxShader>::AllocateObjects(1, 0052c14c, 0052b804)
 afxClass<afxShader>::BuildObjects(1, 0052c14c, 0052bc4c)
 afxClass<afxShader>::ConstructObject(0ac649d0)
 sglShader.c:238?_AfxShdCtor(shd=0ac649d0)
 #version 330 core // QWADRO. Engineered by SIGMA Technology Group.
        
        layout(std140, row_major) uniform sgl_view
        {
            mat4 v;
            mat4 p;
            mat4 vp;
        };

        layout(location = 0) in vec3 a_xyz;

        out block
        {
            vec3 uvw0;
        } sgl_v;

        void main()
        {
            sgl_v.uvw0 = a_xyz;
            vec4 pos = vec4(a_xyz, 1.0) * v * p;
            gl_Position = pos.xyww;
        }
       
 afxClass<afxXml>::DismantleObjects(1, 0052b888)
 Destructing instance 02da9f60 of afxXml class.
 afxXml.c:972?_AfxXmlDtor(xml=02da9f60)
 afxClass<afxXml>::DeallocateObjects(1, 0052b888)
 afxObject<0ac649d0>::InstallEventFilter(02da4ab0)
 afxShader.c:461?AfxDrawContextAcquireShaders(dctx=023ba720,cnt=1,uri=02da4a18,shd=0052c14c)
 Uploading shader 'data/pipeline/skybox.xml?fs'
 afxXml.c:1036?AfxFileSystemLoadXml(uri=data/pipeline/skybox.xmlp)
 afxClass<afxXml>::AllocateObjects(1, 0052b824, 0052b834)
 afxClass<afxXml>::BuildObjects(1, 0052b824, 0052b81c)
 afxClass<afxXml>::ConstructObject(02da9f60)
 afxXml.c:995?_AfxXmlCtor(uri:data/pipeline/skybox.xml)
 afxFile.c:273?AfxFileSystemOpenFile(Afx.FileSystem.OpenFile(00610f30,00000001,data/pipeline/skybox.xml))
 afxClass<afxFile>::AllocateObjects(1, 0052b49c, 0052b4ac)
 afxClass<afxFile>::BuildObjects(1, 0052b49c, 0052b488)
 afxClass<afxFile, afxStream>ConstructingObject(0ac64da0)
 afxClass<afxStream>::ConstructObject(0ac64da0)
 afxClass<afxFile>::ConstructObject(0ac64da0)
 afxClass<afxFile>::DismantleObjects(1, 0052b500)
 Destructing instance 0ac64da0 of afxFile class.
 Destructing instance 0ac64da0 of afxFile : afxStream class.
 Destructing instance 0ac64da0 of afxStream class.
 afxClass<afxFile>::DeallocateObjects(1, 0052b500)
 afxFile.c:294?AfxFileSystemOpenReadableFile(Afx.FileSystem.OpenReadableFile(00610f30,data/pipeline/stdEnv.inc))
 afxClass<afxFile>::AllocateObjects(1, 0052b508, 0052b518)
 afxClass<afxFile>::BuildObjects(1, 0052b508, 0052b4f4)
 afxClass<afxFile, afxStream>ConstructingObject(0ac64da0)
 afxClass<afxStream>::ConstructObject(0ac64da0)
 afxClass<afxFile>::ConstructObject(0ac64da0)
 afxClass<afxFile>::DismantleObjects(1, 0052b568)
 Destructing instance 0ac64da0 of afxFile class.
 Destructing instance 0ac64da0 of afxFile : afxStream class.
 Destructing instance 0ac64da0 of afxStream class.
 afxClass<afxFile>::DeallocateObjects(1, 0052b568)
 afxShader.c:304?AfxDrawContextBuildShaders(dctx=023ba720,cnt=1,blueprint=0052bc4c,shd=0052c14c)
 afxClass<afxShader>::AllocateObjects(1, 0052c14c, 0052b804)
 afxClass<afxShader>::BuildObjects(1, 0052c14c, 0052bc4c)
 afxClass<afxShader>::ConstructObject(0ac64810)
 sglShader.c:238?_AfxShdCtor(shd=0ac64810)
 #version 330 core // QWADRO. Engineered by SIGMA Technology Group.
        
        uniform samplerCube samp;

        in block
        {
            vec3 uvw0;
        } sgl_v;

        out vec4 sgl_rgba;

        void main()
        {
            sgl_rgba = texture(samp, sgl_v.uvw0);
        }
       
 afxClass<afxXml>::DismantleObjects(1, 0052b888)
 Destructing instance 02da9f60 of afxXml class.
 afxXml.c:972?_AfxXmlDtor(xml=02da9f60)
 afxClass<afxXml>::DeallocateObjects(1, 0052b888)
 afxObject<0ac64810>::InstallEventFilter(02da4ab0)
 afxClass<afxLegoTemplate>::AllocateObjects(1, 0052bf60, 0052bf7c)
 afxClass<afxLegoTemplate>::BuildObjects(1, 0052bf60, 0052bf54)
 afxClass<afxLegoTemplate>::ConstructObject(02da4db0)
 sglLego.c:199?_AfxLegtCtor(legt=02da4db0)
 afxClass<afxPipelineRig>::AllocateObjects(1, 0052bf6c, 0052bf7c)
 afxClass<afxPipelineRig>::BuildObjects(1, 0052bf6c, 0052bf60)
 afxClass<afxPipelineRig>::ConstructObject(02da9f60)
 sglPipelineRig.c:118?_AfxPiprCtor(pipr=02da9f60)
 afxClass<afxXml>::DismantleObjects(1, 0052d050)
 Destructing instance 02da2750 of afxXml class.
 afxXml.c:972?_AfxXmlDtor(xml=02da2750)
 afxClass<afxXml>::DeallocateObjects(1, 0052d050)
 Uploading draw operation 'data/pipeline/body.xml'
 afxXml.c:1036?AfxFileSystemLoadXml(uri=data/pipeline/body.xmlp)
 afxClass<afxXml>::AllocateObjects(1, 0052cfec, 0052cffc)
 afxClass<afxXml>::BuildObjects(1, 0052cfec, 0052cfe4)
 afxClass<afxXml>::ConstructObject(02da49e0)
 afxXml.c:995?_AfxXmlCtor(uri:data/pipeline/body.xml)
 afxFile.c:273?AfxFileSystemOpenFile(Afx.FileSystem.OpenFile(00610f30,00000001,data/pipeline/body.xml))
 afxClass<afxFile>::AllocateObjects(1, 0052cc64, 0052cc74)
 afxClass<afxFile>::BuildObjects(1, 0052cc64, 0052cc50)
 afxClass<afxFile, afxStream>ConstructingObject(0ac64f20)
 afxClass<afxStream>::ConstructObject(0ac64f20)
 afxClass<afxFile>::ConstructObject(0ac64f20)
 afxClass<afxFile>::DismantleObjects(1, 0052ccc8)
 Destructing instance 0ac64f20 of afxFile class.
 Destructing instance 0ac64f20 of afxFile : afxStream class.
 Destructing instance 0ac64f20 of afxStream class.
 afxClass<afxFile>::DeallocateObjects(1, 0052ccc8)
 afxClass<afxDrawOperation>::AllocateObjects(1, 00356230, 0052cfd8)
 afxClass<afxDrawOperation>::BuildObjects(1, 00356230, 0052d414)
 afxClass<afxDrawOperation>::ConstructObject(0ac64540)
 afxDrawOperation.c:576?_AfxDopCtor(dop=0ac64540)
 afxPipeline.c:316?AfxDrawContextBuildPipelines(dctx=023ba720)
 afxClass<afxPipeline>::AllocateObjects(1, 02de3810, 0052c980)
 afxClass<afxPipeline>::BuildObjects(1, 02de3810, 0052ca6c)
 afxClass<afxPipeline>::ConstructObject(0ac64f20)
 sglPipeline.c:577?_AfxPipCtor(pip=0ac64f20)
 afxShader.c:461?AfxDrawContextAcquireShaders(dctx=023ba720,cnt=1,uri=0a9e0f50,shd=0052c14c)
 Uploading shader 'data/pipeline/body.xml?vsRigid'
 afxXml.c:1036?AfxFileSystemLoadXml(uri=data/pipeline/body.xmlp)
 afxClass<afxXml>::AllocateObjects(1, 0052b824, 0052b834)
 afxClass<afxXml>::BuildObjects(1, 0052b824, 0052b81c)
 afxClass<afxXml>::ConstructObject(02da3f00)
 afxXml.c:995?_AfxXmlCtor(uri:data/pipeline/body.xml)
 afxFile.c:273?AfxFileSystemOpenFile(Afx.FileSystem.OpenFile(00610f30,00000001,data/pipeline/body.xml))
 afxClass<afxFile>::AllocateObjects(1, 0052b49c, 0052b4ac)
 afxClass<afxFile>::BuildObjects(1, 0052b49c, 0052b488)
 afxClass<afxFile, afxStream>ConstructingObject(02da75e0)
 afxClass<afxStream>::ConstructObject(02da75e0)
 afxClass<afxFile>::ConstructObject(02da75e0)
 afxClass<afxFile>::DismantleObjects(1, 0052b500)
 Destructing instance 02da75e0 of afxFile class.
 Destructing instance 02da75e0 of afxFile : afxStream class.
 Destructing instance 02da75e0 of afxStream class.
 afxClass<afxFile>::DeallocateObjects(1, 0052b500)
 afxFile.c:294?AfxFileSystemOpenReadableFile(Afx.FileSystem.OpenReadableFile(00610f30,data/pipeline/stdEnv.inc))
 afxClass<afxFile>::AllocateObjects(1, 0052b508, 0052b518)
 afxClass<afxFile>::BuildObjects(1, 0052b508, 0052b4f4)
 afxClass<afxFile, afxStream>ConstructingObject(02da75e0)
 afxClass<afxStream>::ConstructObject(02da75e0)
 afxClass<afxFile>::ConstructObject(02da75e0)
 afxClass<afxFile>::DismantleObjects(1, 0052b568)
 Destructing instance 02da75e0 of afxFile class.
 Destructing instance 02da75e0 of afxFile : afxStream class.
 Destructing instance 02da75e0 of afxStream class.
 afxClass<afxFile>::DeallocateObjects(1, 0052b568)
 afxShader.c:304?AfxDrawContextBuildShaders(dctx=023ba720,cnt=1,blueprint=0052bc4c,shd=0052c14c)
 afxClass<afxShader>::AllocateObjects(1, 0052c14c, 0052b804)
 afxClass<afxShader>::BuildObjects(1, 0052c14c, 0052bc4c)
 afxClass<afxShader>::ConstructObject(0ac65ab0)
 sglShader.c:238?_AfxShdCtor(shd=0ac65ab0)
 #version 330 core // QWADRO. Engineered by SIGMA Technology Group.
        
        layout(std140, row_major) uniform sgl_view
        {
            mat4 v;
            mat4 p;
            mat4 vp;
            vec3 viewPos;
            vec3 sunPos;
            vec3 sunKd;
        };

        layout(std140, row_major) uniform sgl_obj
        {
            mat4 w;
            mat3 n;
        };

        layout (location = 0) in vec3 aPos;
        layout (location = 1) in vec3 aNormal;
        layout (location = 2) in vec2 aUv;

        uniform vec3 DirFromLight;
        uniform vec4 LightColour;
        uniform vec4 AmbientColour;
        
        out block
        {
            vec3 Position;
            vec3 Diffuse;
            vec2 Tex0;
        } sgl_v;

        void main()
        {
            vec4 WorldPos = vec4(aPos, 1) * w;
            vec4 ViewPos  = WorldPos * v;
            vec4 ClipPos  = ViewPos * p;

            vec4 InNormal  = vec4(aNormal, 0);
            vec3 ObjNormal = vec3(InNormal * w);

            gl_Position = ClipPos;
            sgl_v.Position = vec3(ClipPos);
            sgl_v.Tex0     = aUv;
            sgl_v.Diffuse  = vec3(vec4(LightColour * vec4(dot(ObjNormal, DirFromLight)) + AmbientColour));
        }
       
 afxClass<afxXml>::DismantleObjects(1, 0052b888)
 Destructing instance 02da3f00 of afxXml class.
 afxXml.c:972?_AfxXmlDtor(xml=02da3f00)
 afxClass<afxXml>::DeallocateObjects(1, 0052b888)
 afxObject<0ac65ab0>::InstallEventFilter(0ac64f20)
 afxShader.c:461?AfxDrawContextAcquireShaders(dctx=023ba720,cnt=1,uri=0a9e0f88,shd=0052c14c)
 Uploading shader 'data/pipeline/body.xml?fs'
 afxXml.c:1036?AfxFileSystemLoadXml(uri=data/pipeline/body.xmlp)
 afxClass<afxXml>::AllocateObjects(1, 0052b824, 0052b834)
 afxClass<afxXml>::BuildObjects(1, 0052b824, 0052b81c)
 afxClass<afxXml>::ConstructObject(02da3f00)
 afxXml.c:995?_AfxXmlCtor(uri:data/pipeline/body.xml)
 afxFile.c:273?AfxFileSystemOpenFile(Afx.FileSystem.OpenFile(00610f30,00000001,data/pipeline/body.xml))
 afxClass<afxFile>::AllocateObjects(1, 0052b49c, 0052b4ac)
 afxClass<afxFile>::BuildObjects(1, 0052b49c, 0052b488)
 afxClass<afxFile, afxStream>ConstructingObject(02da7b30)
 afxClass<afxStream>::ConstructObject(02da7b30)
 afxClass<afxFile>::ConstructObject(02da7b30)
 afxClass<afxFile>::DismantleObjects(1, 0052b500)
 Destructing instance 02da7b30 of afxFile class.
 Destructing instance 02da7b30 of afxFile : afxStream class.
 Destructing instance 02da7b30 of afxStream class.
 afxClass<afxFile>::DeallocateObjects(1, 0052b500)
 afxFile.c:294?AfxFileSystemOpenReadableFile(Afx.FileSystem.OpenReadableFile(00610f30,data/pipeline/stdEnv.inc))
 afxClass<afxFile>::AllocateObjects(1, 0052b508, 0052b518)
 afxClass<afxFile>::BuildObjects(1, 0052b508, 0052b4f4)
 afxClass<afxFile, afxStream>ConstructingObject(02da7b30)
 afxClass<afxStream>::ConstructObject(02da7b30)
 afxClass<afxFile>::ConstructObject(02da7b30)
 afxClass<afxFile>::DismantleObjects(1, 0052b568)
 Destructing instance 02da7b30 of afxFile class.
 Destructing instance 02da7b30 of afxFile : afxStream class.
 Destructing instance 02da7b30 of afxStream class.
 afxClass<afxFile>::DeallocateObjects(1, 0052b568)
 afxShader.c:304?AfxDrawContextBuildShaders(dctx=023ba720,cnt=1,blueprint=0052bc4c,shd=0052c14c)
 afxClass<afxShader>::AllocateObjects(1, 0052c14c, 0052b804)
 afxClass<afxShader>::BuildObjects(1, 0052c14c, 0052bc4c)
 afxClass<afxShader>::ConstructObject(0ac65470)
 sglShader.c:238?_AfxShdCtor(shd=0ac65470)
 #version 330 core // QWADRO. Engineered by SIGMA Technology Group.
        
        uniform sampler2D diffuse_sampler;
        
        in block
        {
            vec3 Position;
            vec3 Diffuse;
            vec2 Tex0;
        } sgl_v;
        
        out vec4 FragColor;
        
        void main()
        {
            vec3 DiffuseSamp = texture( diffuse_sampler, sgl_v.Tex0 );
            DiffuseSamp *= sgl_v.Diffuse;

            FragColor = vec4(DiffuseSamp, 1);
        }
       
 afxClass<afxXml>::DismantleObjects(1, 0052b888)
 Destructing instance 02da3f00 of afxXml class.
 afxXml.c:972?_AfxXmlDtor(xml=02da3f00)
 afxClass<afxXml>::DeallocateObjects(1, 0052b888)
 afxObject<0ac65470>::InstallEventFilter(0ac64f20)
 afxClass<afxLegoTemplate>::AllocateObjects(1, 0052bf60, 0052bf7c)
 afxClass<afxLegoTemplate>::BuildObjects(1, 0052bf60, 0052bf54)
 afxClass<afxLegoTemplate>::ConstructObject(0ac65220)
 sglLego.c:199?_AfxLegtCtor(legt=0ac65220)
 afxClass<afxPipelineRig>::AllocateObjects(1, 0052bf6c, 0052bf7c)
 afxClass<afxPipelineRig>::BuildObjects(1, 0052bf6c, 0052bf60)
 afxClass<afxPipelineRig>::ConstructObject(02da3f00)
 sglPipelineRig.c:118?_AfxPiprCtor(pipr=02da3f00)
 afxPipeline.c:316?AfxDrawContextBuildPipelines(dctx=023ba720)
 afxClass<afxPipeline>::AllocateObjects(1, 02de3560, 0052c980)
 afxClass<afxPipeline>::BuildObjects(1, 02de3560, 0052ca6c)
 afxClass<afxPipeline>::ConstructObject(0ac65c40)
 sglPipeline.c:577?_AfxPipCtor(pip=0ac65c40)
 afxShader.c:461?AfxDrawContextAcquireShaders(dctx=023ba720,cnt=1,uri=0ac64690,shd=0052c14c)
 Uploading shader 'data/pipeline/body.xml?vsSkinned'
 afxXml.c:1036?AfxFileSystemLoadXml(uri=data/pipeline/body.xmlp)
 afxClass<afxXml>::AllocateObjects(1, 0052b824, 0052b834)
 afxClass<afxXml>::BuildObjects(1, 0052b824, 0052b81c)
 afxClass<afxXml>::ConstructObject(0ac64750)
 afxXml.c:995?_AfxXmlCtor(uri:data/pipeline/body.xml)
 afxFile.c:273?AfxFileSystemOpenFile(Afx.FileSystem.OpenFile(00610f30,00000001,data/pipeline/body.xml))
 afxClass<afxFile>::AllocateObjects(1, 0052b49c, 0052b4ac)
 afxClass<afxFile>::BuildObjects(1, 0052b49c, 0052b488)
 afxClass<afxFile, afxStream>ConstructingObject(02da7b30)
 afxClass<afxStream>::ConstructObject(02da7b30)
 afxClass<afxFile>::ConstructObject(02da7b30)
 afxClass<afxFile>::DismantleObjects(1, 0052b500)
 Destructing instance 02da7b30 of afxFile class.
 Destructing instance 02da7b30 of afxFile : afxStream class.
 Destructing instance 02da7b30 of afxStream class.
 afxClass<afxFile>::DeallocateObjects(1, 0052b500)
 afxFile.c:294?AfxFileSystemOpenReadableFile(Afx.FileSystem.OpenReadableFile(00610f30,data/pipeline/stdEnv.inc))
 afxClass<afxFile>::AllocateObjects(1, 0052b508, 0052b518)
 afxClass<afxFile>::BuildObjects(1, 0052b508, 0052b4f4)
 afxClass<afxFile, afxStream>ConstructingObject(02da7b30)
 afxClass<afxStream>::ConstructObject(02da7b30)
 afxClass<afxFile>::ConstructObject(02da7b30)
 afxClass<afxFile>::DismantleObjects(1, 0052b568)
 Destructing instance 02da7b30 of afxFile class.
 Destructing instance 02da7b30 of afxFile : afxStream class.
 Destructing instance 02da7b30 of afxStream class.
 afxClass<afxFile>::DeallocateObjects(1, 0052b568)
 afxShader.c:304?AfxDrawContextBuildShaders(dctx=023ba720,cnt=1,blueprint=0052bc4c,shd=0052c14c)
 afxClass<afxShader>::AllocateObjects(1, 0052c14c, 0052b804)
 afxClass<afxShader>::BuildObjects(1, 0052c14c, 0052bc4c)
 afxClass<afxShader>::ConstructObject(0ac65840)
 sglShader.c:238?_AfxShdCtor(shd=0ac65840)
 #version 330 core // QWADRO. Engineered by SIGMA Technology Group.
        
        layout(std140, row_major) uniform sgl_view
        {
            mat4 v;
            mat4 p;
            mat4 vp;
            vec3 viewPos;
            vec3 sunPos;
            vec3 sunKd;
        };

        layout(std140, row_major) uniform sgl_obj
        {
            mat4 w;
            mat3 n;
        };

        layout (location = 0) in vec3 aPos;
        layout (location = 1) in vec3 aNormal;
        layout (location = 2) in vec2 aUv;
        layout (location = 3) in vec4 aBlendIndices;
        layout (location = 4) in vec4 aBlendWeights;

        out block
        {
            vec3 Position;
            vec3 Diffuse;
            vec2 Tex0;
        } sgl_v;

        uniform mat4 BoneMatrices[32];

        uniform vec3 DirFromLight;
        uniform vec4 LightColour;
        uniform vec4 AmbientColour;
        
        void main()
        {
            vec4 InPos     = vec4( aPos, 1 );
            vec4 WorldPos    = 0;
            vec3 WorldNormal = 0;
            
            // We're going to assume that we can transform the normal by the matrix, which is not
            // technically correct unless we're positive there's not a scaling factor involved.

            for( int i = 0; i < 4; ++i )
            {
                mat4 BoneMatrix = BoneMatrices[int(aBlendIndices[i])];
                WorldPos    += (aBlendWeights[i] * vec4( InPos * BoneMatrix ));
                WorldNormal += vec3(vec4(aBlendWeights[i] * vec4( vec4( aNormal, 0 ) * BoneMatrix )));
            }

            vec4 ViewPos = (WorldPos * v);
            vec4 ClipPos = (ViewPos * p);
            gl_Position = ClipPos;
            sgl_v.Position   = vec3(ClipPos);
            sgl_v.Tex0    = aUv;
            sgl_v.Diffuse = vec3(vec4(LightColour * vec4(dot(normalize(WorldNormal), DirFromLight)) + AmbientColour));
        }
       
 afxClass<afxXml>::DismantleObjects(1, 0052b888)
 Destructing instance 0ac64750 of afxXml class.
 afxXml.c:972?_AfxXmlDtor(xml=0ac64750)
 afxClass<afxXml>::DeallocateObjects(1, 0052b888)
 afxObject<0ac65840>::InstallEventFilter(0ac65c40)
 afxShader.c:461?AfxDrawContextAcquireShaders(dctx=023ba720,cnt=1,uri=0ac646c8,shd=0052c14c)
 Uploading shader 'data/pipeline/body.xml?fs'
 afxXml.c:1036?AfxFileSystemLoadXml(uri=data/pipeline/body.xmlp)
 afxClass<afxXml>::AllocateObjects(1, 0052b824, 0052b834)
 afxClass<afxXml>::BuildObjects(1, 0052b824, 0052b81c)
 afxClass<afxXml>::ConstructObject(0ac64750)
 afxXml.c:995?_AfxXmlCtor(uri:data/pipeline/body.xml)
 afxFile.c:273?AfxFileSystemOpenFile(Afx.FileSystem.OpenFile(00610f30,00000001,data/pipeline/body.xml))
 afxClass<afxFile>::AllocateObjects(1, 0052b49c, 0052b4ac)
 afxClass<afxFile>::BuildObjects(1, 0052b49c, 0052b488)
 afxClass<afxFile, afxStream>ConstructingObject(02d968f0)
 afxClass<afxStream>::ConstructObject(02d968f0)
 afxClass<afxFile>::ConstructObject(02d968f0)
 afxClass<afxFile>::DismantleObjects(1, 0052b500)
 Destructing instance 02d968f0 of afxFile class.
 Destructing instance 02d968f0 of afxFile : afxStream class.
 Destructing instance 02d968f0 of afxStream class.
 afxClass<afxFile>::DeallocateObjects(1, 0052b500)
 afxFile.c:294?AfxFileSystemOpenReadableFile(Afx.FileSystem.OpenReadableFile(00610f30,data/pipeline/stdEnv.inc))
 afxClass<afxFile>::AllocateObjects(1, 0052b508, 0052b518)
 afxClass<afxFile>::BuildObjects(1, 0052b508, 0052b4f4)
 afxClass<afxFile, afxStream>ConstructingObject(02d968f0)
 afxClass<afxStream>::ConstructObject(02d968f0)
 afxClass<afxFile>::ConstructObject(02d968f0)
 afxClass<afxFile>::DismantleObjects(1, 0052b568)
 Destructing instance 02d968f0 of afxFile class.
 Destructing instance 02d968f0 of afxFile : afxStream class.
 Destructing instance 02d968f0 of afxStream class.
 afxClass<afxFile>::DeallocateObjects(1, 0052b568)
 afxShader.c:304?AfxDrawContextBuildShaders(dctx=023ba720,cnt=1,blueprint=0052bc4c,shd=0052c14c)
 afxClass<afxShader>::AllocateObjects(1, 0052c14c, 0052b804)
 afxClass<afxShader>::BuildObjects(1, 0052c14c, 0052bc4c)
 afxClass<afxShader>::ConstructObject(02da80b0)
 sglShader.c:238?_AfxShdCtor(shd=02da80b0)
 #version 330 core // QWADRO. Engineered by SIGMA Technology Group.
        
        uniform sampler2D diffuse_sampler;
        
        in block
        {
            vec3 Position;
            vec3 Diffuse;
            vec2 Tex0;
        } sgl_v;
        
        out vec4 FragColor;
        
        void main()
        {
            vec3 DiffuseSamp = texture( diffuse_sampler, sgl_v.Tex0 );
            DiffuseSamp *= sgl_v.Diffuse;

            FragColor = vec4(DiffuseSamp, 1);
        }
       
 afxClass<afxXml>::DismantleObjects(1, 0052b888)
 Destructing instance 0ac64750 of afxXml class.
 afxXml.c:972?_AfxXmlDtor(xml=0ac64750)
 afxClass<afxXml>::DeallocateObjects(1, 0052b888)
 afxObject<02da80b0>::InstallEventFilter(0ac65c40)
 afxClass<afxXml>::DismantleObjects(1, 0052d050)
 Destructing instance 02da49e0 of afxXml class.
 afxXml.c:972?_AfxXmlDtor(xml=02da49e0)
 afxClass<afxXml>::DeallocateObjects(1, 0052d050)
 afxCanvas.c:156?AfxDrawContextBuildCanvases(dctx=023ba720,cnt=1,blueprint=0052d650,canv=00356238)
 afxClass<afxCanvas>::AllocateObjects(1, 00356238, 0052d54c)
 afxClass<afxCanvas>::BuildObjects(1, 00356238, 0052d650)
 afxClass<afxCanvas>::ConstructObject(0ac65f40)
 sglCanvas.c:399?_AfxCanvCtor(canv=0ac65f40)
 afxSurface.c:12?AfxDrawContextAcquireSurface(dctx=023ba720,fmt=24,whd=[1272,693,1],usage=32)
 ADV afxTexture.c:15?AfxTextureBlueprintReset
    texb->fcc == AFX_FCC_TEXB
 afxClass<afxSurface>::AllocateObjects(1, 0052ca98, 0052cab4)
 afxClass<afxSurface>::BuildObjects(1, 0052ca98, 0052cac0)
 afxClass<afxSurface, afxTexture>ConstructingObject(0ac63f60)
 afxClass<afxTexture>::ConstructObject(0ac63f60)
 sglTexture.c:1027?_AfxTexCtor(tex=0ac63f60)
 afxClass<afxSurface>::ConstructObject(0ac63f60)
 sglSurface.c:131?_AfxSurfCtor(surf=0ac63f60)
 afxClass<afxBuffer>::AllocateObjects(1, 0035623c, 0052d6f8)
 afxClass<afxBuffer>::BuildObjects(1, 0035623c, 0052d8f8)
 afxClass<afxBuffer>::ConstructObject(00614490)
 sglBuffer.c:454?_AfxBufCtor(buf=00614490)
 afxClass<afxBuffer>::AllocateObjects(1, 00356240, 0052d6f8)
 afxClass<afxBuffer>::BuildObjects(1, 00356240, 0052d904)
 afxClass<afxBuffer>::ConstructObject(00614550)
 sglBuffer.c:454?_AfxBufCtor(buf=00614550)
 afxClass<afxBuffer>::AllocateObjects(1, 00356244, 0052d6f8)
 afxClass<afxBuffer>::BuildObjects(1, 00356244, 0052d910)
 afxClass<afxBuffer>::ConstructObject(00614610)
 sglBuffer.c:454?_AfxBufCtor(buf=00614610)
 afxClass<afxBuffer>::AllocateObjects(1, 00356248, 0052d6f8)
 afxClass<afxBuffer>::BuildObjects(1, 00356248, 0052d91c)
 afxClass<afxBuffer>::ConstructObject(006146d0)
 sglBuffer.c:454?_AfxBufCtor(buf=006146d0)
 afxCanvas.c:156?AfxDrawContextBuildCanvases(dctx=023ba720,cnt=1,blueprint=0052d650,canv=00356250)
 afxClass<afxCanvas>::AllocateObjects(1, 00356250, 0052d54c)
 afxClass<afxCanvas>::BuildObjects(1, 00356250, 0052d650)
 afxClass<afxCanvas>::ConstructObject(0ac643c0)
 sglCanvas.c:399?_AfxCanvCtor(canv=0ac643c0)
 afxSurface.c:12?AfxDrawContextAcquireSurface(dctx=023ba720,fmt=24,whd=[1272,693,1],usage=32)
 ADV afxTexture.c:15?AfxTextureBlueprintReset
    texb->fcc == AFX_FCC_TEXB
 afxClass<afxSurface>::AllocateObjects(1, 0052ca98, 0052cab4)
 afxClass<afxSurface>::BuildObjects(1, 0052ca98, 0052cac0)
 afxClass<afxSurface, afxTexture>ConstructingObject(0ac64130)
 afxClass<afxTexture>::ConstructObject(0ac64130)
 sglTexture.c:1027?_AfxTexCtor(tex=0ac64130)
 afxClass<afxSurface>::ConstructObject(0ac64130)
 sglSurface.c:131?_AfxSurfCtor(surf=0ac64130)
 afxClass<afxBuffer>::AllocateObjects(1, 00356254, 0052d6f8)
 afxClass<afxBuffer>::BuildObjects(1, 00356254, 0052d8f8)
 afxClass<afxBuffer>::ConstructObject(00614790)
 sglBuffer.c:454?_AfxBufCtor(buf=00614790)
 afxClass<afxBuffer>::AllocateObjects(1, 00356258, 0052d6f8)
 afxClass<afxBuffer>::BuildObjects(1, 00356258, 0052d904)
 afxClass<afxBuffer>::ConstructObject(00614850)
 sglBuffer.c:454?_AfxBufCtor(buf=00614850)
 afxClass<afxBuffer>::AllocateObjects(1, 0035625c, 0052d6f8)
 afxClass<afxBuffer>::BuildObjects(1, 0035625c, 0052d910)
 afxClass<afxBuffer>::ConstructObject(00614910)
 sglBuffer.c:454?_AfxBufCtor(buf=00614910)
 afxClass<afxBuffer>::AllocateObjects(1, 00356260, 0052d6f8)
 afxClass<afxBuffer>::BuildObjects(1, 00356260, 0052d91c)
 afxClass<afxBuffer>::ConstructObject(006149d0)
 sglBuffer.c:454?_AfxBufCtor(buf=006149d0)
 afxDrawScript.c:298?AfxDrawInputAcquireScript(din=02da37e0)
 afxClass<afxDrawScript>::AllocateObjects(1, 0052df58, 0052df68)
 afxClass<afxDrawScript>::BuildObjects(1, 0052df58, 0052dfc0)
 afxClass<afxDrawScript>::ConstructObject(00614a90)
 sglDrawScript.c:464?_AfxDscrCtor(dscr=00614a90)
 afxTexture 023bb3e0 hardware-side data instanced.
 afxSurface 023bb3e0 hardware-side data instanced.
 afxTexture 0ac64130 hardware-side data instanced.
 afxSurface 0ac64130 hardware-side data instanced.
 afxCanvas 0ac643c0 hardware-side data instanced.
 afxShader 0ac65ab0 hardware-side data instanced.
 ERR sglShader.c:67?_SglDqueSyncShd
    
 ERR sglShader.c:70?_SglDqueSyncShd
    ERROR: 0:16: '=' :  cannot convert from '4-component vector of float' to '3-component vector of float'


 ERR sglPipeline.c:196?_SglDqueBindAndSyncPip
    
 ERR sglPipeline.c:196?_SglDqueBindAndSyncPip
    (gl->IsShader(shd->glHandle))
    Invalid
 ERR sglPipeline.c:197?_SglDqueBindAndSyncPip
    GL: INVAL_VALUE
 afxPipeline 0ac64f20 hardware-side data instanced.
 afxShader 006d9cf0 hardware-side data instanced.
 afxShader 02d72f50 hardware-side data instanced.
 afxPipeline 023bd0a0 hardware-side data instanced.
 afxBuffer 023bd3a0 hardware-side data instanced.
 afxTexture 02d58720 hardware-side data instanced.
 afxSampler 023fff40 hardware-side data instanced.
 afxSurface 02d58720 hardware-side data instanced.
 afxTexture 0ac63f60 hardware-side data instanced.
 afxSurface 0ac63f60 hardware-side data instanced.
 afxCanvas 0ac65f40 hardware-side data instanced.