
 afxDebug.c:363?AfxAttachDebugTerminal()
      ::::::::  :::       :::     :::     :::::::::  :::::::::   ::::::::      
     :+:    :+: :+:       :+:   :+: :+:   :+:    :+: :+:    :+: :+:    :+:     
     +:+    +:+ +:+       +:+  +:+   +:+  +:+    +:+ +:+    +:+ +:+    +:+     
     +#+    +:+ +#+  +:+  +#+ +#++:++#++: +#+    +:+ +#++:++#:  +#+    +:+     
     +#+  # +#+ +#+ +#+#+ +#+ +#+     +#+ +#+    +#+ +#+    +#+ +#+    +#+     
     #+#   +#+   #+#+# #+#+#  #+#     #+# #+#    #+# #+#    #+# #+#    #+#     
      ###### ###  ###   ###   ###     ### #########  ###    ###  ########      
                                                                               
             S I G M A   C O . ,   T E C H N O L O G Y   G R O U P             
                                                                             
                                    4D AFX                                   
                              Public Test Build                              
                     (c) 2017 SIGMA Co., Technology Group                    
                               www.sigmaco.org                               
                                                                             
                                                                             
 afxClass<afxSystem>::Mount(0f420df0, 00000000, 00000000, 0f3ff720)
 afxClass<afxSystem>::AllocateObjects(1, 0041eca8, 0041ecb8)
 afxClass<afxSystem>::BuildObjects(1, 0041eca8, 00000000)
 afxClass<afxSystem>::ConstructObject(0082f080)
 afxSystem.c:811?_AfxSysCtor(sys=0082f080)
 ADV afxSystem.c:826?_AfxSysCtor
    Memoy page size: 4096
 ADV afxSystem.c:827?_AfxSysCtor
    Logical processor count: 2
 afxClass<afxMemory>::Mount(00830100, 0082f0b4, 00000000, 0f4039b4)
 afxClass<Memory Arena>::Mount(008301c0, 0082f0b4, 00830100, 0f403334)
 afxMemory.c:259?AfxSystemAcquireMemory(sys=0082f080,strategy=0041d824,hint="afxSystem.c:845!_AfxSysCtor")
 afxClass<afxMemory>::AllocateObjects(1, 0041d6a4, 0041d6b4)
 afxClass<afxMemory>::BuildObjects(1, 0041d6a4, 0041d698)
 afxClass<afxMemory>::ConstructObject(008308f0)
 afxMemory.c:317?_AfxMemCtor(mem=008308f0)
 afxClass<afxThread>::Mount(00830280, 0082f0b4, 00000000, 0f3ffde8)
 afxClass<afxFileSystem>::Mount(00830340, 0082f0b4, 00000000, 0f4012a4)
 afxFileSystem.c:558?AfxSystemAcquireFileSystem(Afx.System.AcquireFileSystem(0082f080,5,0041d9e4))
 afxClass<afxFileSystem>::AllocateObjects(1, 0041d68c, 0041d69c)
 afxClass<afxFileSystem>::BuildObjects(1, 0041d68c, 0041d7e0)
 afxClass<afxFileSystem>::ConstructObject(00830f30)
 afxFileSystem.c:617?_AfxFsysCtor(fsys=00830f30)
 afxClass<afxStream>::Mount(00830f80, 00830f68, 00000000, 0f4026c4)
 afxClass<afxFile>::Mount(00831040, 00830f68, 00830f80, 0f401020)
 afxClass<afxArchive>::Mount(00831100, 00830f68, 00831040, 0f4009c4)
 afxClass<afxResource>::Mount(00831340, 00830f68, 00000000, 0f402524)
 afxClass<afxXml>::Mount(008311c0, 00830f68, 00000000, 0f402bbc)
 afxClass<afxUrd>::Mount(00831280, 00830f68, 00000000, 0f402adc)
 afxFileSystem.c:389?AfxFileSystemMountStoragePoints(Afx.FileSystem.MountStoragePoints(00830f30,5,0041d9e4))
 Point "." 5 mounted -> "E:/qwadro/afx".
 Point "system" 7 mounted -> "E:/qwadro/afx/system32".
 Point "art" 5 mounted -> "E:/qwadro/afx/art".
 Point "data" 5 mounted -> "E:/qwadro/afx/data".
 Point "sound" 5 mounted -> "E:/qwadro/afx/sound".
 afxClass<afxModule>::Mount(00830400, 0082f0b4, 00000000, 0f3fdf08)
 afxModule.c:71?AfxSystemAcquireModule(sys=0082f080,uri=system/e2coree.dll)
 afxClass<afxModule>::AllocateObjects(1, 0041d644, 0041d68c)
 afxClass<afxModule>::BuildObjects(1, 0041d644, 0041d908)
 afxClass<afxModule>::ConstructObject(00832950)
 afxModule.c:135?_AfxMdleCtor(uri:system/e2coree.dll)
 afxClass<afxHid>::Mount(008304c0, 0082f0b4, 00000000, 0f4017bc)
 afxClass<afxKeyboard>::Mount(00830580, 0082f0b4, 008304c0, 0f4020bc)
 afxClass<afxMouse>::Mount(00830640, 0082f0b4, 008304c0, 0f40227c)
 afxClass<afxDrawSystem>::Mount(00830700, 0082f0b4, 00000000, 0f406fec)
 afxClass<afxApplication>::Mount(008307c0, 0082f0b4, 00000000, 0f3fd000)
 afxKeyboard.c:165?AfxSystemAcquireKeyboard(sys=0082f080,port=0)
 afxClass<afxKeyboard>::AllocateObjects(1, 0041d6b0, 0041d6c0)
 afxClass<afxKeyboard>::BuildObjects(1, 0041d6b0, 0041d6a8)
 afxClass<afxKeyboard, afxHid>ConstructingObject(00832aa0)
 afxClass<afxHid>::ConstructObject(00832aa0)
 afxHid.c:75?_AfxHidCtor(hid=00832aa0)
 afxClass<afxKeyboard>::ConstructObject(00832aa0)
 afxKeyboard.c:221?_AfxKbdCtor(kbd=00832aa0)
 afxDrawSystem.c:320?AfxSystemAcquireDrawSystem(sys=0082f080)
 afxClass<afxDrawSystem>::AllocateObjects(1, 0041eca4, 0041ecb4)
 afxClass<afxDrawSystem>::BuildObjects(1, 0041eca4, 0041edb0)
 afxClass<afxDrawSystem>::ConstructObject(00833330)
 afxDrawSystem.c:418?_AfxDsysCtor(dsys=00833330)
 afxClass<afxDrawDriver>::Mount(00833378, 00833364, 00000000, 0f405b24)
New texture codec registered.
Name: SIGGL
Author: SIGMA Technology Group
Version: 0.5.1
Note: 
    :::::::::::     :::     :::::::::   ::::::::      :::        
        :+:       :+: :+:   :+:    :+: :+:    :+:   :+: :+:      
        +:+      +:+   +:+  +:+    +:+ +:+         +:+   +:+     
        +#+     +#++:++#++: +#++:++#:  :#:        +#++:++#++:    
        +#+     +#+     +#+ +#+    +#+ +#+   +#+# +#+     +#+    
        #+#     #+#     #+# #+#    #+# #+#    #+# #+#     #+#    
        ###     ###     ### ###    ###  ########  ###     ###    
                                                                 
                      SIGMA Technology Group                     
 Truecolor Targa texture serializer installed!
 afxModule.c:71?AfxSystemAcquireModule(sys=0082f080,uri=e2draw.icd)
 afxClass<afxModule>::AllocateObjects(1, 0041e770, 0041e7b8)
 afxClass<afxModule>::BuildObjects(1, 0041e770, 0041e89c)
 afxClass<afxModule>::ConstructObject(008334b0)
 afxModule.c:135?_AfxMdleCtor(uri:e2draw.icd)
 Listing mem available display devices...

 #0 = Intel(R) HD Graphics (\\.\DISPLAY1) 8000005
 #1 = RDPDD Chained DD (\\.\DISPLAYV1) 200008
 #2 = RDP Encoder Mirror Driver (\\.\DISPLAYV2) 200008
 #3 = RDP Reflector Display Driver (\\.\DISPLAYV3) 200008
 sglDriver.c:1281?_SglCreateCombinedDeviceContext(oglWndClss=00835ed0,shareCtx=00000000,phwnd=00835f00,phdc=00835f04,phrc=00835f0c)
 sglDriver.c:786?_SglLoadVmt(vmt=00835f10,verMajor=1,verMinor=0)
 glCullFace @ 0 found.
 glFrontFace @ 1 found.
 glHint @ 2 found.
 glLineWidth @ 3 found.
 glPointSize @ 4 found.
 glPolygonMode @ 5 found.
 glScissor @ 6 found.
 glTexParameterf @ 7 found.
 glTexParameterfv @ 8 found.
 glTexParameteri @ 9 found.
 glTexParameteriv @ 10 found.
 glTexImage1D @ 11 found.
 glTexImage2D @ 12 found.
 glDrawBuffer @ 13 found.
 glClear @ 14 found.
 glClearColor @ 15 found.
 glClearStencil @ 16 found.
 glClearDepth @ 17 found.
 glStencilMask @ 18 found.
 glColorMask @ 19 found.
 glDepthMask @ 20 found.
 glDisable @ 21 found.
 glEnable @ 22 found.
 glFinish @ 23 found.
 glFlush @ 24 found.
 glBlendFunc @ 25 found.
 glLogicOp @ 26 found.
 glStencilFunc @ 27 found.
 glStencilOp @ 28 found.
 glDepthFunc @ 29 found.
 glPixelStoref @ 30 found.
 glPixelStorei @ 31 found.
 glReadBuffer @ 32 found.
 glReadPixels @ 33 found.
 glGetBooleanv @ 34 found.
 glGetDoublev @ 35 found.
 glGetError @ 36 found.
 glGetFloatv @ 37 found.
 glGetIntegerv @ 38 found.
 glGetString @ 39 found.
 glGetTexImage @ 40 found.
 glGetTexParameterfv @ 41 found.
 glGetTexParameteriv @ 42 found.
 glGetTexLevelParameterfv @ 43 found.
 glGetTexLevelParameteriv @ 44 found.
 glIsEnabled @ 45 found.
 glDepthRange @ 46 found.
 glViewport @ 47 found.
 sglDriver.c:786?_SglLoadVmt(vmt=00835f10,verMajor=4,verMinor=6)
 glCullFace @ 0 found.
 glFrontFace @ 1 found.
 glHint @ 2 found.
 glLineWidth @ 3 found.
 glPointSize @ 4 found.
 glPolygonMode @ 5 found.
 glScissor @ 6 found.
 glTexParameterf @ 7 found.
 glTexParameterfv @ 8 found.
 glTexParameteri @ 9 found.
 glTexParameteriv @ 10 found.
 glTexImage1D @ 11 found.
 glTexImage2D @ 12 found.
 glDrawBuffer @ 13 found.
 glClear @ 14 found.
 glClearColor @ 15 found.
 glClearStencil @ 16 found.
 glClearDepth @ 17 found.
 glStencilMask @ 18 found.
 glColorMask @ 19 found.
 glDepthMask @ 20 found.
 glDisable @ 21 found.
 glEnable @ 22 found.
 glFinish @ 23 found.
 glFlush @ 24 found.
 glBlendFunc @ 25 found.
 glLogicOp @ 26 found.
 glStencilFunc @ 27 found.
 glStencilOp @ 28 found.
 glDepthFunc @ 29 found.
 glPixelStoref @ 30 found.
 glPixelStorei @ 31 found.
 glReadBuffer @ 32 found.
 glReadPixels @ 33 found.
 glGetBooleanv @ 34 found.
 glGetDoublev @ 35 found.
 glGetError @ 36 found.
 glGetFloatv @ 37 found.
 glGetIntegerv @ 38 found.
 glGetString @ 39 found.
 glGetTexImage @ 40 found.
 glGetTexParameterfv @ 41 found.
 glGetTexParameteriv @ 42 found.
 glGetTexLevelParameterfv @ 43 found.
 glGetTexLevelParameteriv @ 44 found.
 glIsEnabled @ 45 found.
 glDepthRange @ 46 found.
 glViewport @ 47 found.
 glDrawArrays @ 48 found.
 glDrawElements @ 49 found.
 glGetPointerv @ 50 found.
 glPolygonOffset @ 51 found.
 glCopyTexImage1D @ 52 found.
 glCopyTexImage2D @ 53 found.
 glCopyTexSubImage1D @ 54 found.
 glCopyTexSubImage2D @ 55 found.
 glTexSubImage1D @ 56 found.
 glTexSubImage2D @ 57 found.
 glBindTexture @ 58 found.
 glDeleteTextures @ 59 found.
 glGenTextures @ 60 found.
 glIsTexture @ 61 found.
 glDrawRangeElements @ 62 found.
 glTexImage3D @ 63 found.
 glTexSubImage3D @ 64 found.
 glCopyTexSubImage3D @ 65 found.
 glActiveTexture @ 66 found.
 glSampleCoverage @ 67 found.
 glCompressedTexImage3D @ 68 found.
 glCompressedTexImage2D @ 69 found.
 glCompressedTexImage1D @ 70 found.
 glCompressedTexSubImage3D @ 71 found.
 glCompressedTexSubImage2D @ 72 found.
 glCompressedTexSubImage1D @ 73 found.
 glGetCompressedTexImage @ 74 found.
 glBlendFuncSeparate @ 75 found.
 glMultiDrawArrays @ 76 found.
 glMultiDrawElements @ 77 found.
 glPointParameterf @ 78 found.
 glPointParameterfv @ 79 found.
 glPointParameteri @ 80 found.
 glPointParameteriv @ 81 found.
 glBlendColor @ 82 found.
 glBlendEquation @ 83 found.
 glGenQueries @ 84 found.
 glDeleteQueries @ 85 found.
 glIsQuery @ 86 found.
 glBeginQuery @ 87 found.
 glEndQuery @ 88 found.
 glGetQueryiv @ 89 found.
 glGetQueryObjectiv @ 90 found.
 glGetQueryObjectuiv @ 91 found.
 glBindBuffer @ 92 found.
 glDeleteBuffers @ 93 found.
 glGenBuffers @ 94 found.
 glIsBuffer @ 95 found.
 glBufferData @ 96 found.
 glBufferSubData @ 97 found.
 glGetBufferSubData @ 98 found.
 glMapBuffer @ 99 found.
 glUnmapBuffer @ 100 found.
 glGetBufferParameteriv @ 101 found.
 glGetBufferPointerv @ 102 found.
 glBlendEquationSeparate @ 103 found.
 glDrawBuffers @ 104 found.
 glStencilOpSeparate @ 105 found.
 glStencilFuncSeparate @ 106 found.
 glStencilMaskSeparate @ 107 found.
 glAttachShader @ 108 found.
 glBindAttribLocation @ 109 found.
 glCompileShader @ 110 found.
 glCreateProgram @ 111 found.
 glCreateShader @ 112 found.
 glDeleteProgram @ 113 found.
 glDeleteShader @ 114 found.
 glDetachShader @ 115 found.
 glDisableVertexAttribArray @ 116 found.
 glEnableVertexAttribArray @ 117 found.
 glGetActiveAttrib @ 118 found.
 glGetActiveUniform @ 119 found.
 glGetAttachedShaders @ 120 found.
 glGetAttribLocation @ 121 found.
 glGetProgramiv @ 122 found.
 glGetProgramInfoLog @ 123 found.
 glGetShaderiv @ 124 found.
 glGetShaderInfoLog @ 125 found.
 glGetShaderSource @ 126 found.
 glGetUniformLocation @ 127 found.
 glGetUniformfv @ 128 found.
 glGetUniformiv @ 129 found.
 glGetVertexAttribdv @ 130 found.
 glGetVertexAttribfv @ 131 found.
 glGetVertexAttribiv @ 132 found.
 glGetVertexAttribPointerv @ 133 found.
 glIsProgram @ 134 found.
 glIsShader @ 135 found.
 glLinkProgram @ 136 found.
 glShaderSource @ 137 found.
 glUseProgram @ 138 found.
 glUniform1f @ 139 found.
 glUniform2f @ 140 found.
 glUniform3f @ 141 found.
 glUniform4f @ 142 found.
 glUniform1i @ 143 found.
 glUniform2i @ 144 found.
 glUniform3i @ 145 found.
 glUniform4i @ 146 found.
 glUniform1fv @ 147 found.
 glUniform2fv @ 148 found.
 glUniform3fv @ 149 found.
 glUniform4fv @ 150 found.
 glUniform1iv @ 151 found.
 glUniform2iv @ 152 found.
 glUniform3iv @ 153 found.
 glUniform4iv @ 154 found.
 glUniformMatrix2fv @ 155 found.
 glUniformMatrix3fv @ 156 found.
 glUniformMatrix4fv @ 157 found.
 glValidateProgram @ 158 found.
 glVertexAttrib1d @ 159 found.
 glVertexAttrib1dv @ 160 found.
 glVertexAttrib1f @ 161 found.
 glVertexAttrib1fv @ 162 found.
 glVertexAttrib1s @ 163 found.
 glVertexAttrib1sv @ 164 found.
 glVertexAttrib2d @ 165 found.
 glVertexAttrib2dv @ 166 found.
 glVertexAttrib2f @ 167 found.
 glVertexAttrib2fv @ 168 found.
 glVertexAttrib2s @ 169 found.
 glVertexAttrib2sv @ 170 found.
 glVertexAttrib3d @ 171 found.
 glVertexAttrib3dv @ 172 found.
 glVertexAttrib3f @ 173 found.
 glVertexAttrib3fv @ 174 found.
 glVertexAttrib3s @ 175 found.
 glVertexAttrib3sv @ 176 found.
 glVertexAttrib4Nbv @ 177 found.
 glVertexAttrib4Niv @ 178 found.
 glVertexAttrib4Nsv @ 179 found.
 glVertexAttrib4Nub @ 180 found.
 glVertexAttrib4Nubv @ 181 found.
 glVertexAttrib4Nuiv @ 182 found.
 glVertexAttrib4Nusv @ 183 found.
 glVertexAttrib4bv @ 184 found.
 glVertexAttrib4d @ 185 found.
 glVertexAttrib4dv @ 186 found.
 glVertexAttrib4f @ 187 found.
 glVertexAttrib4fv @ 188 found.
 glVertexAttrib4iv @ 189 found.
 glVertexAttrib4s @ 190 found.
 glVertexAttrib4sv @ 191 found.
 glVertexAttrib4ubv @ 192 found.
 glVertexAttrib4uiv @ 193 found.
 glVertexAttrib4usv @ 194 found.
 glVertexAttribPointer @ 195 found.
 glUniformMatrix2x3fv @ 196 found.
 glUniformMatrix3x2fv @ 197 found.
 glUniformMatrix2x4fv @ 198 found.
 glUniformMatrix4x2fv @ 199 found.
 glUniformMatrix3x4fv @ 200 found.
 glUniformMatrix4x3fv @ 201 found.
 glColorMaski @ 202 found.
 glGetBooleani_v @ 203 found.
 glGetIntegeri_v @ 204 found.
 glEnablei @ 205 found.
 glDisablei @ 206 found.
 glIsEnabledi @ 207 found.
 glBeginTransformFeedback @ 208 found.
 glEndTransformFeedback @ 209 found.
 glBindBufferRange @ 210 found.
 glBindBufferBase @ 211 found.
 glTransformFeedbackVaryings @ 212 found.
 glGetTransformFeedbackVarying @ 213 found.
 glClampColor @ 214 found.
 glBeginConditionalRender @ 215 found.
 glEndConditionalRender @ 216 found.
 glVertexAttribIPointer @ 217 found.
 glGetVertexAttribIiv @ 218 found.
 glGetVertexAttribIuiv @ 219 found.
 glVertexAttribI1i @ 220 found.
 glVertexAttribI2i @ 221 found.
 glVertexAttribI3i @ 222 found.
 glVertexAttribI4i @ 223 found.
 glVertexAttribI1ui @ 224 found.
 glVertexAttribI2ui @ 225 found.
 glVertexAttribI3ui @ 226 found.
 glVertexAttribI4ui @ 227 found.
 glVertexAttribI1iv @ 228 found.
 glVertexAttribI2iv @ 229 found.
 glVertexAttribI3iv @ 230 found.
 glVertexAttribI4iv @ 231 found.
 glVertexAttribI1uiv @ 232 found.
 glVertexAttribI2uiv @ 233 found.
 glVertexAttribI3uiv @ 234 found.
 glVertexAttribI4uiv @ 235 found.
 glVertexAttribI4bv @ 236 found.
 glVertexAttribI4sv @ 237 found.
 glVertexAttribI4ubv @ 238 found.
 glVertexAttribI4usv @ 239 found.
 glGetUniformuiv @ 240 found.
 glBindFragDataLocation @ 241 found.
 glGetFragDataLocation @ 242 found.
 glUniform1ui @ 243 found.
 glUniform2ui @ 244 found.
 glUniform3ui @ 245 found.
 glUniform4ui @ 246 found.
 glUniform1uiv @ 247 found.
 glUniform2uiv @ 248 found.
 glUniform3uiv @ 249 found.
 glUniform4uiv @ 250 found.
 glTexParameterIiv @ 251 found.
 glTexParameterIuiv @ 252 found.
 glGetTexParameterIiv @ 253 found.
 glGetTexParameterIuiv @ 254 found.
 glClearBufferiv @ 255 found.
 glClearBufferuiv @ 256 found.
 glClearBufferfv @ 257 found.
 glClearBufferfi @ 258 found.
 glGetStringi @ 259 found.
 glIsRenderbuffer @ 260 found.
 glBindRenderbuffer @ 261 found.
 glDeleteRenderbuffers @ 262 found.
 glGenRenderbuffers @ 263 found.
 glRenderbufferStorage @ 264 found.
 glGetRenderbufferParameteriv @ 265 found.
 glIsFramebuffer @ 266 found.
 glBindFramebuffer @ 267 found.
 glDeleteFramebuffers @ 268 found.
 glGenFramebuffers @ 269 found.
 glCheckFramebufferStatus @ 270 found.
 glFramebufferTexture1D @ 271 found.
 glFramebufferTexture2D @ 272 found.
 glFramebufferTexture3D @ 273 found.
 glFramebufferRenderbuffer @ 274 found.
 glGetFramebufferAttachmentParameteriv @ 275 found.
 glGenerateMipmap @ 276 found.
 glBlitFramebuffer @ 277 found.
 glRenderbufferStorageMultisample @ 278 found.
 glFramebufferTextureLayer @ 279 found.
 glMapBufferRange @ 280 found.
 glFlushMappedBufferRange @ 281 found.
 glBindVertexArray @ 282 found.
 glDeleteVertexArrays @ 283 found.
 glGenVertexArrays @ 284 found.
 glIsVertexArray @ 285 found.
 glDrawArraysInstanced @ 286 found.
 glDrawElementsInstanced @ 287 found.
 glTexBuffer @ 288 found.
 glPrimitiveRestartIndex @ 289 found.
 glCopyBufferSubData @ 290 found.
 glGetUniformIndices @ 291 found.
 glGetActiveUniformsiv @ 292 found.
 glGetActiveUniformName @ 293 found.
 glGetUniformBlockIndex @ 294 found.
 glGetActiveUniformBlockiv @ 295 found.
 glGetActiveUniformBlockName @ 296 found.
 glUniformBlockBinding @ 297 found.
 glDrawElementsBaseVertex @ 298 found.
 glDrawRangeElementsBaseVertex @ 299 found.
 glDrawElementsInstancedBaseVertex @ 300 found.
 glMultiDrawElementsBaseVertex @ 301 found.
 glProvokingVertex @ 302 found.
 glFenceSync @ 303 found.
 glIsSync @ 304 found.
 glDeleteSync @ 305 found.
 glClientWaitSync @ 306 found.
 glWaitSync @ 307 found.
 glGetInteger64v @ 308 found.
 glGetSynciv @ 309 found.
 glGetInteger64i_v @ 310 found.
 glGetBufferParameteri64v @ 311 found.
 glFramebufferTexture @ 312 found.
 glTexImage2DMultisample @ 313 found.
 glTexImage3DMultisample @ 314 found.
 glGetMultisamplefv @ 315 found.
 glSampleMaski @ 316 found.
 glBindFragDataLocationIndexed @ 317 found.
 glGetFragDataIndex @ 318 found.
 glGenSamplers @ 319 found.
 glDeleteSamplers @ 320 found.
 glIsSampler @ 321 found.
 glBindSampler @ 322 found.
 glSamplerParameteri @ 323 found.
 glSamplerParameteriv @ 324 found.
 glSamplerParameterf @ 325 found.
 glSamplerParameterfv @ 326 found.
 glSamplerParameterIiv @ 327 found.
 glSamplerParameterIuiv @ 328 found.
 glGetSamplerParameteriv @ 329 found.
 glGetSamplerParameterIiv @ 330 found.
 glGetSamplerParameterfv @ 331 found.
 glGetSamplerParameterIuiv @ 332 found.
 glQueryCounter @ 333 found.
 glGetQueryObjecti64v @ 334 found.
 glGetQueryObjectui64v @ 335 found.
 glVertexAttribDivisor @ 336 found.
 glVertexAttribP1ui @ 337 found.
 glVertexAttribP1uiv @ 338 found.
 glVertexAttribP2ui @ 339 found.
 glVertexAttribP2uiv @ 340 found.
 glVertexAttribP3ui @ 341 found.
 glVertexAttribP3uiv @ 342 found.
 glVertexAttribP4ui @ 343 found.
 glVertexAttribP4uiv @ 344 found.
 glMinSampleShading @ 345 found.
 glBlendEquationi @ 346 found.
 glBlendEquationSeparatei @ 347 found.
 glBlendFunci @ 348 found.
 glBlendFuncSeparatei @ 349 found.
 glDrawArraysIndirect @ 350 found.
 glDrawElementsIndirect @ 351 found.
 glUniform1d @ 352 found.
 glUniform2d @ 353 found.
 glUniform3d @ 354 found.
 glUniform4d @ 355 found.
 glUniform1dv @ 356 found.
 glUniform2dv @ 357 found.
 glUniform3dv @ 358 found.
 glUniform4dv @ 359 found.
 glUniformMatrix2dv @ 360 found.
 glUniformMatrix3dv @ 361 found.
 glUniformMatrix4dv @ 362 found.
 glUniformMatrix2x3dv @ 363 found.
 glUniformMatrix2x4dv @ 364 found.
 glUniformMatrix3x2dv @ 365 found.
 glUniformMatrix3x4dv @ 366 found.
 glUniformMatrix4x2dv @ 367 found.
 glUniformMatrix4x3dv @ 368 found.
 glGetUniformdv @ 369 found.
 glGetSubroutineUniformLocation @ 370 found.
 glGetSubroutineIndex @ 371 found.
 glGetActiveSubroutineUniformiv @ 372 found.
 glGetActiveSubroutineUniformName @ 373 found.
 glGetActiveSubroutineName @ 374 found.
 glUniformSubroutinesuiv @ 375 found.
 glGetUniformSubroutineuiv @ 376 found.
 glGetProgramStageiv @ 377 found.
 glPatchParameteri @ 378 found.
 glPatchParameterfv @ 379 found.
 glBindTransformFeedback @ 380 found.
 glDeleteTransformFeedbacks @ 381 found.
 glGenTransformFeedbacks @ 382 found.
 glIsTransformFeedback @ 383 found.
 glPauseTransformFeedback @ 384 found.
 glResumeTransformFeedback @ 385 found.
 glDrawTransformFeedback @ 386 found.
 glDrawTransformFeedbackStream @ 387 found.
 glBeginQueryIndexed @ 388 found.
 glEndQueryIndexed @ 389 found.
 glGetQueryIndexediv @ 390 found.
 glReleaseShaderCompiler @ 391 found.
 glShaderBinary @ 392 found.
 glGetShaderPrecisionFormat @ 393 found.
 glDepthRangef @ 394 found.
 glClearDepthf @ 395 found.
 glGetProgramBinary @ 396 found.
 glProgramBinary @ 397 found.
 glProgramParameteri @ 398 found.
 glUseProgramStages @ 399 found.
 glActiveShaderProgram @ 400 found.
 glCreateShaderProgramv @ 401 found.
 glBindProgramPipeline @ 402 found.
 glDeleteProgramPipelines @ 403 found.
 glGenProgramPipelines @ 404 found.
 glIsProgramPipeline @ 405 found.
 glGetProgramPipelineiv @ 406 found.
 glProgramUniform1i @ 407 found.
 glProgramUniform1iv @ 408 found.
 glProgramUniform1f @ 409 found.
 glProgramUniform1fv @ 410 found.
 glProgramUniform1d @ 411 found.
 glProgramUniform1dv @ 412 found.
 glProgramUniform1ui @ 413 found.
 glProgramUniform1uiv @ 414 found.
 glProgramUniform2i @ 415 found.
 glProgramUniform2iv @ 416 found.
 glProgramUniform2f @ 417 found.
 glProgramUniform2fv @ 418 found.
 glProgramUniform2d @ 419 found.
 glProgramUniform2dv @ 420 found.
 glProgramUniform2ui @ 421 found.
 glProgramUniform2uiv @ 422 found.
 glProgramUniform3i @ 423 found.
 glProgramUniform3iv @ 424 found.
 glProgramUniform3f @ 425 found.
 glProgramUniform3fv @ 426 found.
 glProgramUniform3d @ 427 found.
 glProgramUniform3dv @ 428 found.
 glProgramUniform3ui @ 429 found.
 glProgramUniform3uiv @ 430 found.
 glProgramUniform4i @ 431 found.
 glProgramUniform4iv @ 432 found.
 glProgramUniform4f @ 433 found.
 glProgramUniform4fv @ 434 found.
 glProgramUniform4d @ 435 found.
 glProgramUniform4dv @ 436 found.
 glProgramUniform4ui @ 437 found.
 glProgramUniform4uiv @ 438 found.
 glProgramUniformMatrix2fv @ 439 found.
 glProgramUniformMatrix3fv @ 440 found.
 glProgramUniformMatrix4fv @ 441 found.
 glProgramUniformMatrix2dv @ 442 found.
 glProgramUniformMatrix3dv @ 443 found.
 glProgramUniformMatrix4dv @ 444 found.
 glProgramUniformMatrix2x3fv @ 445 found.
 glProgramUniformMatrix3x2fv @ 446 found.
 glProgramUniformMatrix2x4fv @ 447 found.
 glProgramUniformMatrix4x2fv @ 448 found.
 glProgramUniformMatrix3x4fv @ 449 found.
 glProgramUniformMatrix4x3fv @ 450 found.
 glProgramUniformMatrix2x3dv @ 451 found.
 glProgramUniformMatrix3x2dv @ 452 found.
 glProgramUniformMatrix2x4dv @ 453 found.
 glProgramUniformMatrix4x2dv @ 454 found.
 glProgramUniformMatrix3x4dv @ 455 found.
 glProgramUniformMatrix4x3dv @ 456 found.
 glValidateProgramPipeline @ 457 found.
 glGetProgramPipelineInfoLog @ 458 found.
 glVertexAttribL1d @ 459 found.
 glVertexAttribL2d @ 460 found.
 glVertexAttribL3d @ 461 found.
 glVertexAttribL4d @ 462 found.
 glVertexAttribL1dv @ 463 found.
 glVertexAttribL2dv @ 464 found.
 glVertexAttribL3dv @ 465 found.
 glVertexAttribL4dv @ 466 found.
 glVertexAttribLPointer @ 467 found.
 glGetVertexAttribLdv @ 468 found.
 glViewportArrayv @ 469 found.
 glViewportIndexedf @ 470 found.
 glViewportIndexedfv @ 471 found.
 glScissorArrayv @ 472 found.
 glScissorIndexed @ 473 found.
 glScissorIndexedv @ 474 found.
 glDepthRangeArrayv @ 475 found.
 glDepthRangeIndexed @ 476 found.
 glGetFloati_v @ 477 found.
 glGetDoublei_v @ 478 found.
 glDrawArraysInstancedBaseInstance @ 479 found.
 glDrawElementsInstancedBaseInstance @ 480 found.
 glDrawElementsInstancedBaseVertexBaseInstance @ 481 found.
 glGetInternalformativ @ 482 found.
 glGetActiveAtomicCounterBufferiv @ 483 found.
 glBindImageTexture @ 484 found.
 glMemoryBarrier @ 485 found.
 glTexStorage1D @ 486 found.
 glTexStorage2D @ 487 found.
 glTexStorage3D @ 488 found.
 glDrawTransformFeedbackInstanced @ 489 found.
 glDrawTransformFeedbackStreamInstanced @ 490 found.
 glDispatchCompute @ 493 found.
 glDispatchComputeIndirect @ 494 found.
 glFramebufferParameteri @ 496 found.
 glGetFramebufferParameteriv @ 497 found.
 glGetInternalformati64v @ 498 found.
 glInvalidateFramebuffer @ 503 found.
 glInvalidateSubFramebuffer @ 504 found.
 glMultiDrawArraysIndirect @ 505 found.
 glMultiDrawElementsIndirect @ 506 found.
 glGetProgramInterfaceiv @ 507 found.
 glGetProgramResourceIndex @ 508 found.
 glGetProgramResourceName @ 509 found.
 glGetProgramResourceiv @ 510 found.
 glGetProgramResourceLocation @ 511 found.
 glGetProgramResourceLocationIndex @ 512 found.
 glShaderStorageBlockBinding @ 513 found.
 glTexBufferRange @ 514 found.
 glTexStorage2DMultisample @ 515 found.
 glTexStorage3DMultisample @ 516 found.
 glBindVertexBuffer @ 518 found.
 glVertexAttribFormat @ 519 found.
 glVertexAttribIFormat @ 520 found.
 glVertexAttribLFormat @ 521 found.
 glVertexAttribBinding @ 522 found.
 glVertexBindingDivisor @ 523 found.
 glDebugMessageControl @ 524 found.
 glDebugMessageInsert @ 525 found.
 glDebugMessageCallback @ 526 found.
 glGetDebugMessageLog @ 527 found.
 glPushDebugGroup @ 528 found.
 glPopDebugGroup @ 529 found.
 glObjectLabel @ 530 found.
 glGetObjectLabel @ 531 found.
 glObjectPtrLabel @ 532 found.
 glGetObjectPtrLabel @ 533 found.
 glBufferStorage @ 534 found.
 glClipControl @ 543 found.
 glNamedBufferStorage @ 551 found.
 glTextureBufferRange @ 589 found.
 glTextureParameteri @ 606 found.
 glMemoryBarrierByRegion @ 641 found.
 glGetGraphicsResetStatus @ 644 found.
 glGetnCompressedTexImage @ 645 found.
 glGetnTexImage @ 646 found.
 glGetnUniformdv @ 647 found.
 glGetnUniformfv @ 648 found.
 glGetnUniformiv @ 649 found.
 glGetnUniformuiv @ 650 found.
 glReadnPixels @ 651 found.
 afxDrawDriver.c:77?AfxDrawSystemRegisterDriver(dsys=00833330,mdle=008334b0,spec=0041e49c)
 afxClass<afxDrawDriver>::AllocateObjects(1, 0041e3b8, 0041e3c8)
 afxClass<afxDrawDriver>::BuildObjects(1, 0041e3b8, 0041e3ac)
 afxClass<afxDrawDriver>::ConstructObject(04736bb0)
 afxDrawDriver.c:138?_AfxDdrvCtor(ddrv=04736bb0)
 afxClass<Draw Context>::Mount(04736bf8, 04736be4, 00000000, 0041e02c)
New draw driver registered.
Name: 4DGL
Author: SIGMA Technology Group
Version: 0.7.2
Note: 
     .::::         :::::::::         ::::::::        :::        
    :+:+:+         :+:    :+:       :+:    :+:       :+:        
   +:+ +:+         +:+    +:+       +:+              +:+        
  +#+  +:+         +#+    +:+       :#:              +#+        
 +#+#+#+#+#+       +#+    +#+       +#+   +#+#       +#+        
       #+#         #+#    #+#       #+#    #+#       #+#        
       ###         #########         ########        ########## 
 Loading draw ICDs...
 afxModule.c:71?AfxSystemAcquireModule(sys=0082f080,uri=e2draw.icd)
 afxModule.c:71?AfxSystemAcquireModule(sys=0082f080,uri=e2newton.icd)
 afxClass<afxModule>::AllocateObjects(1, 0041e564, 0041e5ac)
 afxClass<afxModule>::BuildObjects(1, 0041e564, 0041e660)
 afxClass<afxModule>::ConstructObject(021ee7d0)
 afxModule.c:135?_AfxMdleCtor(uri:e2newton.icd)
 afxDrawContext.c:309?AfxDrawSystemAcquireContext(dsys=00833330,spec=0041ed74)
 afxClass<Draw Context>::AllocateObjects(1, 0041ec70, 0041ec80)
 afxClass<Draw Context>::BuildObjects(1, 0041ec70, 0041ec68)
 afxClass<Draw Context>::ConstructObject(04734670)
 sglDrawContext.c:258?_AfxDctxCtor(dctx=04734670)
 afxClass<afxDrawScript>::Mount(04734ef8, 047346a4, 00000000, 5008fe18)
 afxClass<afxDrawInput>::Mount(04734fb8, 047346a4, 00000000, 5008f6ec)
 afxClass<afxDrawQueue>::Mount(04735078, 047346a4, 00000000, 0041e8c4)
 afxClass<afxBuffer>::Mount(047346b8, 047346a4, 00000000, 5008e020)
 afxClass<afxVertexBuffer>::Mount(04734778, 047346a4, 047346b8, 0041e8c4)
 afxClass<afxIndexBuffer>::Mount(04734838, 047346a4, 047346b8, 0041e8c4)
 afxClass<afxSampler>::Mount(047348f8, 047346a4, 00000000, 50094610)
 afxClass<afxTexture>::Mount(047349b8, 047346a4, 00000000, 50094ac0)
 afxClass<afxSurface>::Mount(04734a78, 047346a4, 047349b8, 50094788)
 afxClass<afxCanvas>::Mount(04734b38, 047346a4, 00000000, 5008e334)
 afxClass<afxShader>::Mount(04734bf8, 047346a4, 00000000, 500943d0)
 afxClass<afxPipeline>::Mount(04734cb8, 047346a4, 00000000, 50093fe4)
 afxClass<afxDrawOperation>::Mount(04734e38, 047346a4, 00000000, 0f405da8)
 afxClass<afxLego>::Mount(04734d78, 047346a4, 00000000, 50093e24)
 afxClass<afxDrawOutput>::Mount(04735138, 047346a4, 00000000, 5008fa1c)
 afxDrawQueue.c:47?AfxDrawContextAcquireQueue(dctx=04734670)
 afxClass<afxDrawQueue>::AllocateObjects(1, 0041e7a0, 0041e7bc)
 afxClass<afxDrawQueue>::BuildObjects(1, 0041e7a0, 0041e8bc)
 afxClass<afxDrawQueue>::ConstructObject(0472f340)
 sglDrawQueue.c:1830?_AfxDqueCtor(dque=0472f340)
 Uploading draw operation 'data/pipeline/rgbaToRgba.xml'
 afxXml.c:1036?AfxFileSystemLoadXml(uri=data/pipeline/rgbaToRgba.xmlp)
 afxClass<afxXml>::AllocateObjects(1, 0041da8c, 0041da9c)
 afxClass<afxXml>::BuildObjects(1, 0041da8c, 0041da84)
 afxClass<afxXml>::ConstructObject(047dd510)
 afxXml.c:995?_AfxXmlCtor(uri:data/pipeline/rgbaToRgba.xml)
 afxFile.c:273?AfxFileSystemOpenFile(Afx.FileSystem.OpenFile(00830f30,00000001,data/pipeline/rgbaToRgba.xml))
 afxClass<afxFile>::AllocateObjects(1, 0041d704, 0041d714)
 afxClass<afxFile>::BuildObjects(1, 0041d704, 0041d6f0)
 afxClass<afxFile, afxStream>ConstructingObject(04740160)
 afxClass<afxStream>::ConstructObject(04740160)
 afxClass<afxFile>::ConstructObject(04740160)
 afxClass<afxFile>::DismantleObjects(1, 0041d768)
 Destructing instance 04740160 of afxFile class.
 Destructing instance 04740160 of afxFile : afxStream class.
 Destructing instance 04740160 of afxStream class.
 afxClass<afxFile>::DeallocateObjects(1, 0041d768)
 afxClass<afxDrawOperation>::AllocateObjects(1, 04730a60, 0041da78)
 afxClass<afxDrawOperation>::BuildObjects(1, 04730a60, 0041deb4)
 afxClass<afxDrawOperation>::ConstructObject(04736240)
 afxDrawOperation.c:574?_AfxDopCtor(dop=04736240)
 afxPipeline.c:323?AfxDrawContextBuildPipelines(dctx=04734670)
 afxClass<afxPipeline>::AllocateObjects(1, 047c3890, 0041d420)
 afxClass<afxPipeline>::BuildObjects(1, 047c3890, 0041d50c)
 afxClass<afxPipeline>::ConstructObject(04735270)
 sglPipeline.c:517?_AfxPipCtor(pip=04735270)
 afxShader.c:488?AfxDrawContextAcquireShaders(dctx=04734670,cnt=1,uri=021efe20,shd=0041ce9c)
 Uploading shader 'data/pipeline/rgbaToRgba.xml?vs'
 afxXml.c:1036?AfxFileSystemLoadXml(uri=data/pipeline/rgbaToRgba.xmlp)
 afxClass<afxXml>::AllocateObjects(1, 0041c558, 0041c568)
 afxClass<afxXml>::BuildObjects(1, 0041c558, 0041c550)
 afxClass<afxXml>::ConstructObject(046f2140)
 afxXml.c:995?_AfxXmlCtor(uri:data/pipeline/rgbaToRgba.xml)
 afxFile.c:273?AfxFileSystemOpenFile(Afx.FileSystem.OpenFile(00830f30,00000001,data/pipeline/rgbaToRgba.xml))
 afxClass<afxFile>::AllocateObjects(1, 0041c1d0, 0041c1e0)
 afxClass<afxFile>::BuildObjects(1, 0041c1d0, 0041c1bc)
 afxClass<afxFile, afxStream>ConstructingObject(04740160)
 afxClass<afxStream>::ConstructObject(04740160)
 afxClass<afxFile>::ConstructObject(04740160)
 afxClass<afxFile>::DismantleObjects(1, 0041c234)
 Destructing instance 04740160 of afxFile class.
 Destructing instance 04740160 of afxFile : afxStream class.
 Destructing instance 04740160 of afxStream class.
 afxClass<afxFile>::DeallocateObjects(1, 0041c234)
 ERR afxShader.c:29?AfxShaderBlueprintSetStage
    
 ERR afxShader.c:29?AfxShaderBlueprintSetStage
    (blueprint)
    Invalid
 ERR afxShader.c:13?AfxShaderBlueprintRename
    
 ERR afxShader.c:13?AfxShaderBlueprintRename
    (blueprint)
    Invalid
 ERR afxShader.c:92?AfxShaderBlueprintAddCodeFromResource
    
 ERR afxShader.c:92?AfxShaderBlueprintAddCodeFromResource
    (blueprint)
    Invalid
 afxFile.c:294?AfxFileSystemOpenReadableFile(Afx.FileSystem.OpenReadableFile(00830f30,data/pipeline/stdEnv.inc))
 afxClass<afxFile>::AllocateObjects(1, 0041c2ac, 0041c2bc)
 afxClass<afxFile>::BuildObjects(1, 0041c2ac, 0041c298)
 afxClass<afxFile, afxStream>ConstructingObject(04740160)
 afxClass<afxStream>::ConstructObject(04740160)
 afxClass<afxFile>::ConstructObject(04740160)
 afxClass<afxFile>::DismantleObjects(1, 0041c30c)
 Destructing instance 04740160 of afxFile class.
 Destructing instance 04740160 of afxFile : afxStream class.
 Destructing instance 04740160 of afxStream class.
 afxClass<afxFile>::DeallocateObjects(1, 0041c30c)
 ERR afxShader.c:152?AfxShaderBlueprintDeclareInOut
    
 ERR afxShader.c:152?AfxShaderBlueprintDeclareInOut
    (blueprint)
    Invalid
 ERR afxXmlBackedDrawableResources.c:167?AfxParseXmlBackedShaderBlueprint
    
 ERR afxShader.c:37?AfxShaderBlueprintAddCode
    
 ERR afxShader.c:37?AfxShaderBlueprintAddCode
    (blueprint)
    Invalid
 ERR afxShader.c:434?AfxDrawContextUploadShaders
    
 afxClass<afxXml>::DismantleObjects(1, 0041c5bc)
 Destructing instance 046f2140 of afxXml class.
 afxXml.c:972?_AfxXmlDtor(xml=046f2140)
 afxClass<afxXml>::DeallocateObjects(1, 0041c5bc)
 ERR afxShader.c:188?AfxShaderBlueprintEnd
    
 ERR afxShader.c:188?AfxShaderBlueprintEnd
    (blueprint)
    Invalid