
 afxDebug.c:363?AfxAttachDebugTerminal()
      ::::::::  :::       :::     :::     :::::::::  :::::::::   ::::::::      
     :+:    :+: :+:       :+:   :+: :+:   :+:    :+: :+:    :+: :+:    :+:     
     +:+    +:+ +:+       +:+  +:+   +:+  +:+    +:+ +:+    +:+ +:+    +:+     
     +#+    +:+ +#+  +:+  +#+ +#++:++#++: +#+    +:+ +#++:++#:  +#+    +:+     
     +#+  # +#+ +#+ +#+#+ +#+ +#+     +#+ +#+    +#+ +#+    +#+ +#+    +#+     
     #+#   +#+   #+#+# #+#+#  #+#     #+# #+#    #+# #+#    #+# #+#    #+#     
      ###### ###  ###   ###   ###     ### #########  ###    ###  ########      
                                                                               
             S I G M A   C O . ,   T E C H N O L O G Y   G R O U P             
                                                                             
                                    4D AFX                                   
                              Public Test Build                              
                     (c) 2017 SIGMA Co., Technology Group                    
                               www.sigmaco.org                               
                                                                             
                                                                             
 afxClass<afxSystem>::Mount(0f5d0df0, 00000000, 00000000, 0f5af720)
 afxClass<afxSystem>::AllocateObjects(1, 0026e6c0, 0026e6d0)
 afxClass<afxSystem>::BuildObjects(1, 0026e6c0, 00000000)
 afxClass<afxSystem>::ConstructObject(004af080)
 afxSystem.c:811?_AfxSysCtor(sys=004af080)
 ADV afxSystem.c:826?_AfxSysCtor
    Memoy page size: 4096
 ADV afxSystem.c:827?_AfxSysCtor
    Logical processor count: 2
 afxClass<afxMemory>::Mount(004b0100, 004af0b4, 00000000, 0f5b39b4)
 afxClass<Memory Arena>::Mount(004b01c0, 004af0b4, 004b0100, 0f5b3334)
 afxMemory.c:259?AfxSystemAcquireMemory(sys=004af080,strategy=0026d23c,hint="afxSystem.c:845!_AfxSysCtor")
 afxClass<afxMemory>::AllocateObjects(1, 0026d0bc, 0026d0cc)
 afxClass<afxMemory>::BuildObjects(1, 0026d0bc, 0026d0b0)
 afxClass<afxMemory>::ConstructObject(004b08f0)
 afxMemory.c:317?_AfxMemCtor(mem=004b08f0)
 afxClass<afxThread>::Mount(004b0280, 004af0b4, 00000000, 0f5afde8)
 afxClass<afxFileSystem>::Mount(004b0340, 004af0b4, 00000000, 0f5b12a4)
 afxFileSystem.c:558?AfxSystemAcquireFileSystem(Afx.System.AcquireFileSystem(004af080,5,0026d3fc))
 afxClass<afxFileSystem>::AllocateObjects(1, 0026d0a4, 0026d0b4)
 afxClass<afxFileSystem>::BuildObjects(1, 0026d0a4, 0026d1f8)
 afxClass<afxFileSystem>::ConstructObject(004b0f30)
 afxFileSystem.c:617?_AfxFsysCtor(fsys=004b0f30)
 afxClass<afxStream>::Mount(004b0f80, 004b0f68, 00000000, 0f5b26c4)
 afxClass<afxFile>::Mount(004b1040, 004b0f68, 004b0f80, 0f5b1020)
 afxClass<afxArchive>::Mount(004b1100, 004b0f68, 004b1040, 0f5b09c4)
 afxClass<afxResource>::Mount(004b1340, 004b0f68, 00000000, 0f5b2524)
 afxClass<afxXml>::Mount(004b11c0, 004b0f68, 00000000, 0f5b2bbc)
 afxClass<afxUrd>::Mount(004b1280, 004b0f68, 00000000, 0f5b2adc)
 afxFileSystem.c:389?AfxFileSystemMountStoragePoints(Afx.FileSystem.MountStoragePoints(004b0f30,5,0026d3fc))
 Point "." 5 mounted -> "E:/qwadro/afx".
 Point "system" 7 mounted -> "E:/qwadro/afx/system32".
 Point "art" 5 mounted -> "E:/qwadro/afx/art".
 Point "data" 5 mounted -> "E:/qwadro/afx/data".
 Point "sound" 5 mounted -> "E:/qwadro/afx/sound".
 afxClass<afxModule>::Mount(004b0400, 004af0b4, 00000000, 0f5adf08)
 afxModule.c:71?AfxSystemAcquireModule(sys=004af080,uri=system/e2coree.dll)
 afxClass<afxModule>::AllocateObjects(1, 0026d05c, 0026d0a4)
 afxClass<afxModule>::BuildObjects(1, 0026d05c, 0026d320)
 afxClass<afxModule>::ConstructObject(004b2950)
 afxModule.c:135?_AfxMdleCtor(uri:system/e2coree.dll)
 afxClass<afxHid>::Mount(004b04c0, 004af0b4, 00000000, 0f5b17bc)
 afxClass<afxKeyboard>::Mount(004b0580, 004af0b4, 004b04c0, 0f5b20bc)
 afxClass<afxMouse>::Mount(004b0640, 004af0b4, 004b04c0, 0f5b227c)
 afxClass<afxDrawSystem>::Mount(004b0700, 004af0b4, 00000000, 0f5b6fec)
 afxClass<afxApplication>::Mount(004b07c0, 004af0b4, 00000000, 0f5ad000)
 afxKeyboard.c:165?AfxSystemAcquireKeyboard(sys=004af080,port=0)
 afxClass<afxKeyboard>::AllocateObjects(1, 0026d0c8, 0026d0d8)
 afxClass<afxKeyboard>::BuildObjects(1, 0026d0c8, 0026d0c0)
 afxClass<afxKeyboard, afxHid>ConstructingObject(004b2aa0)
 afxClass<afxHid>::ConstructObject(004b2aa0)
 afxHid.c:75?_AfxHidCtor(hid=004b2aa0)
 afxClass<afxKeyboard>::ConstructObject(004b2aa0)
 afxKeyboard.c:221?_AfxKbdCtor(kbd=004b2aa0)
 afxDrawSystem.c:320?AfxSystemAcquireDrawSystem(sys=004af080)
 afxClass<afxDrawSystem>::AllocateObjects(1, 0026e6bc, 0026e6cc)
 afxClass<afxDrawSystem>::BuildObjects(1, 0026e6bc, 0026e7c8)
 afxClass<afxDrawSystem>::ConstructObject(004b3330)
 afxDrawSystem.c:418?_AfxDsysCtor(dsys=004b3330)
 afxClass<afxDrawDriver>::Mount(004b3378, 004b3364, 00000000, 0f5b5b24)
New texture codec registered.
Name: SIGGL
Author: SIGMA Technology Group
Version: 0.5.1
Note: 
    :::::::::::     :::     :::::::::   ::::::::      :::        
        :+:       :+: :+:   :+:    :+: :+:    :+:   :+: :+:      
        +:+      +:+   +:+  +:+    +:+ +:+         +:+   +:+     
        +#+     +#++:++#++: +#++:++#:  :#:        +#++:++#++:    
        +#+     +#+     +#+ +#+    +#+ +#+   +#+# +#+     +#+    
        #+#     #+#     #+# #+#    #+# #+#    #+# #+#     #+#    
        ###     ###     ### ###    ###  ########  ###     ###    
                                                                 
                      SIGMA Technology Group                     
 Truecolor Targa texture serializer installed!
 afxModule.c:71?AfxSystemAcquireModule(sys=004af080,uri=e2draw.icd)
 afxClass<afxModule>::AllocateObjects(1, 0026e188, 0026e1d0)
 afxClass<afxModule>::BuildObjects(1, 0026e188, 0026e2b4)
 afxClass<afxModule>::ConstructObject(004b34b0)
 afxModule.c:135?_AfxMdleCtor(uri:e2draw.icd)
 Listing mem available display devices...

 #0 = Intel(R) HD Graphics (\\.\DISPLAY1) 8000005
 #1 = RDPDD Chained DD (\\.\DISPLAYV1) 200008
 #2 = RDP Encoder Mirror Driver (\\.\DISPLAYV2) 200008
 #3 = RDP Reflector Display Driver (\\.\DISPLAYV3) 200008
 sglDriver.c:1281?_SglCreateCombinedDeviceContext(oglWndClss=004b5ed0,shareCtx=00000000,phwnd=004b5f00,phdc=004b5f04,phrc=004b5f0c)
 sglDriver.c:786?_SglLoadVmt(vmt=004b5f10,verMajor=1,verMinor=0)
 glCullFace @ 0 found.
 glFrontFace @ 1 found.
 glHint @ 2 found.
 glLineWidth @ 3 found.
 glPointSize @ 4 found.
 glPolygonMode @ 5 found.
 glScissor @ 6 found.
 glTexParameterf @ 7 found.
 glTexParameterfv @ 8 found.
 glTexParameteri @ 9 found.
 glTexParameteriv @ 10 found.
 glTexImage1D @ 11 found.
 glTexImage2D @ 12 found.
 glDrawBuffer @ 13 found.
 glClear @ 14 found.
 glClearColor @ 15 found.
 glClearStencil @ 16 found.
 glClearDepth @ 17 found.
 glStencilMask @ 18 found.
 glColorMask @ 19 found.
 glDepthMask @ 20 found.
 glDisable @ 21 found.
 glEnable @ 22 found.
 glFinish @ 23 found.
 glFlush @ 24 found.
 glBlendFunc @ 25 found.
 glLogicOp @ 26 found.
 glStencilFunc @ 27 found.
 glStencilOp @ 28 found.
 glDepthFunc @ 29 found.
 glPixelStoref @ 30 found.
 glPixelStorei @ 31 found.
 glReadBuffer @ 32 found.
 glReadPixels @ 33 found.
 glGetBooleanv @ 34 found.
 glGetDoublev @ 35 found.
 glGetError @ 36 found.
 glGetFloatv @ 37 found.
 glGetIntegerv @ 38 found.
 glGetString @ 39 found.
 glGetTexImage @ 40 found.
 glGetTexParameterfv @ 41 found.
 glGetTexParameteriv @ 42 found.
 glGetTexLevelParameterfv @ 43 found.
 glGetTexLevelParameteriv @ 44 found.
 glIsEnabled @ 45 found.
 glDepthRange @ 46 found.
 glViewport @ 47 found.
 sglDriver.c:786?_SglLoadVmt(vmt=004b5f10,verMajor=4,verMinor=6)
 glCullFace @ 0 found.
 glFrontFace @ 1 found.
 glHint @ 2 found.
 glLineWidth @ 3 found.
 glPointSize @ 4 found.
 glPolygonMode @ 5 found.
 glScissor @ 6 found.
 glTexParameterf @ 7 found.
 glTexParameterfv @ 8 found.
 glTexParameteri @ 9 found.
 glTexParameteriv @ 10 found.
 glTexImage1D @ 11 found.
 glTexImage2D @ 12 found.
 glDrawBuffer @ 13 found.
 glClear @ 14 found.
 glClearColor @ 15 found.
 glClearStencil @ 16 found.
 glClearDepth @ 17 found.
 glStencilMask @ 18 found.
 glColorMask @ 19 found.
 glDepthMask @ 20 found.
 glDisable @ 21 found.
 glEnable @ 22 found.
 glFinish @ 23 found.
 glFlush @ 24 found.
 glBlendFunc @ 25 found.
 glLogicOp @ 26 found.
 glStencilFunc @ 27 found.
 glStencilOp @ 28 found.
 glDepthFunc @ 29 found.
 glPixelStoref @ 30 found.
 glPixelStorei @ 31 found.
 glReadBuffer @ 32 found.
 glReadPixels @ 33 found.
 glGetBooleanv @ 34 found.
 glGetDoublev @ 35 found.
 glGetError @ 36 found.
 glGetFloatv @ 37 found.
 glGetIntegerv @ 38 found.
 glGetString @ 39 found.
 glGetTexImage @ 40 found.
 glGetTexParameterfv @ 41 found.
 glGetTexParameteriv @ 42 found.
 glGetTexLevelParameterfv @ 43 found.
 glGetTexLevelParameteriv @ 44 found.
 glIsEnabled @ 45 found.
 glDepthRange @ 46 found.
 glViewport @ 47 found.
 glDrawArrays @ 48 found.
 glDrawElements @ 49 found.
 glGetPointerv @ 50 found.
 glPolygonOffset @ 51 found.
 glCopyTexImage1D @ 52 found.
 glCopyTexImage2D @ 53 found.
 glCopyTexSubImage1D @ 54 found.
 glCopyTexSubImage2D @ 55 found.
 glTexSubImage1D @ 56 found.
 glTexSubImage2D @ 57 found.
 glBindTexture @ 58 found.
 glDeleteTextures @ 59 found.
 glGenTextures @ 60 found.
 glIsTexture @ 61 found.
 glDrawRangeElements @ 62 found.
 glTexImage3D @ 63 found.
 glTexSubImage3D @ 64 found.
 glCopyTexSubImage3D @ 65 found.
 glActiveTexture @ 66 found.
 glSampleCoverage @ 67 found.
 glCompressedTexImage3D @ 68 found.
 glCompressedTexImage2D @ 69 found.
 glCompressedTexImage1D @ 70 found.
 glCompressedTexSubImage3D @ 71 found.
 glCompressedTexSubImage2D @ 72 found.
 glCompressedTexSubImage1D @ 73 found.
 glGetCompressedTexImage @ 74 found.
 glBlendFuncSeparate @ 75 found.
 glMultiDrawArrays @ 76 found.
 glMultiDrawElements @ 77 found.
 glPointParameterf @ 78 found.
 glPointParameterfv @ 79 found.
 glPointParameteri @ 80 found.
 glPointParameteriv @ 81 found.
 glBlendColor @ 82 found.
 glBlendEquation @ 83 found.
 glGenQueries @ 84 found.
 glDeleteQueries @ 85 found.
 glIsQuery @ 86 found.
 glBeginQuery @ 87 found.
 glEndQuery @ 88 found.
 glGetQueryiv @ 89 found.
 glGetQueryObjectiv @ 90 found.
 glGetQueryObjectuiv @ 91 found.
 glBindBuffer @ 92 found.
 glDeleteBuffers @ 93 found.
 glGenBuffers @ 94 found.
 glIsBuffer @ 95 found.
 glBufferData @ 96 found.
 glBufferSubData @ 97 found.
 glGetBufferSubData @ 98 found.
 glMapBuffer @ 99 found.
 glUnmapBuffer @ 100 found.
 glGetBufferParameteriv @ 101 found.
 glGetBufferPointerv @ 102 found.
 glBlendEquationSeparate @ 103 found.
 glDrawBuffers @ 104 found.
 glStencilOpSeparate @ 105 found.
 glStencilFuncSeparate @ 106 found.
 glStencilMaskSeparate @ 107 found.
 glAttachShader @ 108 found.
 glBindAttribLocation @ 109 found.
 glCompileShader @ 110 found.
 glCreateProgram @ 111 found.
 glCreateShader @ 112 found.
 glDeleteProgram @ 113 found.
 glDeleteShader @ 114 found.
 glDetachShader @ 115 found.
 glDisableVertexAttribArray @ 116 found.
 glEnableVertexAttribArray @ 117 found.
 glGetActiveAttrib @ 118 found.
 glGetActiveUniform @ 119 found.
 glGetAttachedShaders @ 120 found.
 glGetAttribLocation @ 121 found.
 glGetProgramiv @ 122 found.
 glGetProgramInfoLog @ 123 found.
 glGetShaderiv @ 124 found.
 glGetShaderInfoLog @ 125 found.
 glGetShaderSource @ 126 found.
 glGetUniformLocation @ 127 found.
 glGetUniformfv @ 128 found.
 glGetUniformiv @ 129 found.
 glGetVertexAttribdv @ 130 found.
 glGetVertexAttribfv @ 131 found.
 glGetVertexAttribiv @ 132 found.
 glGetVertexAttribPointerv @ 133 found.
 glIsProgram @ 134 found.
 glIsShader @ 135 found.
 glLinkProgram @ 136 found.
 glShaderSource @ 137 found.
 glUseProgram @ 138 found.
 glUniform1f @ 139 found.
 glUniform2f @ 140 found.
 glUniform3f @ 141 found.
 glUniform4f @ 142 found.
 glUniform1i @ 143 found.
 glUniform2i @ 144 found.
 glUniform3i @ 145 found.
 glUniform4i @ 146 found.
 glUniform1fv @ 147 found.
 glUniform2fv @ 148 found.
 glUniform3fv @ 149 found.
 glUniform4fv @ 150 found.
 glUniform1iv @ 151 found.
 glUniform2iv @ 152 found.
 glUniform3iv @ 153 found.
 glUniform4iv @ 154 found.
 glUniformMatrix2fv @ 155 found.
 glUniformMatrix3fv @ 156 found.
 glUniformMatrix4fv @ 157 found.
 glValidateProgram @ 158 found.
 glVertexAttrib1d @ 159 found.
 glVertexAttrib1dv @ 160 found.
 glVertexAttrib1f @ 161 found.
 glVertexAttrib1fv @ 162 found.
 glVertexAttrib1s @ 163 found.
 glVertexAttrib1sv @ 164 found.
 glVertexAttrib2d @ 165 found.
 glVertexAttrib2dv @ 166 found.
 glVertexAttrib2f @ 167 found.
 glVertexAttrib2fv @ 168 found.
 glVertexAttrib2s @ 169 found.
 glVertexAttrib2sv @ 170 found.
 glVertexAttrib3d @ 171 found.
 glVertexAttrib3dv @ 172 found.
 glVertexAttrib3f @ 173 found.
 glVertexAttrib3fv @ 174 found.
 glVertexAttrib3s @ 175 found.
 glVertexAttrib3sv @ 176 found.
 glVertexAttrib4Nbv @ 177 found.
 glVertexAttrib4Niv @ 178 found.
 glVertexAttrib4Nsv @ 179 found.
 glVertexAttrib4Nub @ 180 found.
 glVertexAttrib4Nubv @ 181 found.
 glVertexAttrib4Nuiv @ 182 found.
 glVertexAttrib4Nusv @ 183 found.
 glVertexAttrib4bv @ 184 found.
 glVertexAttrib4d @ 185 found.
 glVertexAttrib4dv @ 186 found.
 glVertexAttrib4f @ 187 found.
 glVertexAttrib4fv @ 188 found.
 glVertexAttrib4iv @ 189 found.
 glVertexAttrib4s @ 190 found.
 glVertexAttrib4sv @ 191 found.
 glVertexAttrib4ubv @ 192 found.
 glVertexAttrib4uiv @ 193 found.
 glVertexAttrib4usv @ 194 found.
 glVertexAttribPointer @ 195 found.
 glUniformMatrix2x3fv @ 196 found.
 glUniformMatrix3x2fv @ 197 found.
 glUniformMatrix2x4fv @ 198 found.
 glUniformMatrix4x2fv @ 199 found.
 glUniformMatrix3x4fv @ 200 found.
 glUniformMatrix4x3fv @ 201 found.
 glColorMaski @ 202 found.
 glGetBooleani_v @ 203 found.
 glGetIntegeri_v @ 204 found.
 glEnablei @ 205 found.
 glDisablei @ 206 found.
 glIsEnabledi @ 207 found.
 glBeginTransformFeedback @ 208 found.
 glEndTransformFeedback @ 209 found.
 glBindBufferRange @ 210 found.
 glBindBufferBase @ 211 found.
 glTransformFeedbackVaryings @ 212 found.
 glGetTransformFeedbackVarying @ 213 found.
 glClampColor @ 214 found.
 glBeginConditionalRender @ 215 found.
 glEndConditionalRender @ 216 found.
 glVertexAttribIPointer @ 217 found.
 glGetVertexAttribIiv @ 218 found.
 glGetVertexAttribIuiv @ 219 found.
 glVertexAttribI1i @ 220 found.
 glVertexAttribI2i @ 221 found.
 glVertexAttribI3i @ 222 found.
 glVertexAttribI4i @ 223 found.
 glVertexAttribI1ui @ 224 found.
 glVertexAttribI2ui @ 225 found.
 glVertexAttribI3ui @ 226 found.
 glVertexAttribI4ui @ 227 found.
 glVertexAttribI1iv @ 228 found.
 glVertexAttribI2iv @ 229 found.
 glVertexAttribI3iv @ 230 found.
 glVertexAttribI4iv @ 231 found.
 glVertexAttribI1uiv @ 232 found.
 glVertexAttribI2uiv @ 233 found.
 glVertexAttribI3uiv @ 234 found.
 glVertexAttribI4uiv @ 235 found.
 glVertexAttribI4bv @ 236 found.
 glVertexAttribI4sv @ 237 found.
 glVertexAttribI4ubv @ 238 found.
 glVertexAttribI4usv @ 239 found.
 glGetUniformuiv @ 240 found.
 glBindFragDataLocation @ 241 found.
 glGetFragDataLocation @ 242 found.
 glUniform1ui @ 243 found.
 glUniform2ui @ 244 found.
 glUniform3ui @ 245 found.
 glUniform4ui @ 246 found.
 glUniform1uiv @ 247 found.
 glUniform2uiv @ 248 found.
 glUniform3uiv @ 249 found.
 glUniform4uiv @ 250 found.
 glTexParameterIiv @ 251 found.
 glTexParameterIuiv @ 252 found.
 glGetTexParameterIiv @ 253 found.
 glGetTexParameterIuiv @ 254 found.
 glClearBufferiv @ 255 found.
 glClearBufferuiv @ 256 found.
 glClearBufferfv @ 257 found.
 glClearBufferfi @ 258 found.
 glGetStringi @ 259 found.
 glIsRenderbuffer @ 260 found.
 glBindRenderbuffer @ 261 found.
 glDeleteRenderbuffers @ 262 found.
 glGenRenderbuffers @ 263 found.
 glRenderbufferStorage @ 264 found.
 glGetRenderbufferParameteriv @ 265 found.
 glIsFramebuffer @ 266 found.
 glBindFramebuffer @ 267 found.
 glDeleteFramebuffers @ 268 found.
 glGenFramebuffers @ 269 found.
 glCheckFramebufferStatus @ 270 found.
 glFramebufferTexture1D @ 271 found.
 glFramebufferTexture2D @ 272 found.
 glFramebufferTexture3D @ 273 found.
 glFramebufferRenderbuffer @ 274 found.
 glGetFramebufferAttachmentParameteriv @ 275 found.
 glGenerateMipmap @ 276 found.
 glBlitFramebuffer @ 277 found.
 glRenderbufferStorageMultisample @ 278 found.
 glFramebufferTextureLayer @ 279 found.
 glMapBufferRange @ 280 found.
 glFlushMappedBufferRange @ 281 found.
 glBindVertexArray @ 282 found.
 glDeleteVertexArrays @ 283 found.
 glGenVertexArrays @ 284 found.
 glIsVertexArray @ 285 found.
 glDrawArraysInstanced @ 286 found.
 glDrawElementsInstanced @ 287 found.
 glTexBuffer @ 288 found.
 glPrimitiveRestartIndex @ 289 found.
 glCopyBufferSubData @ 290 found.
 glGetUniformIndices @ 291 found.
 glGetActiveUniformsiv @ 292 found.
 glGetActiveUniformName @ 293 found.
 glGetUniformBlockIndex @ 294 found.
 glGetActiveUniformBlockiv @ 295 found.
 glGetActiveUniformBlockName @ 296 found.
 glUniformBlockBinding @ 297 found.
 glDrawElementsBaseVertex @ 298 found.
 glDrawRangeElementsBaseVertex @ 299 found.
 glDrawElementsInstancedBaseVertex @ 300 found.
 glMultiDrawElementsBaseVertex @ 301 found.
 glProvokingVertex @ 302 found.
 glFenceSync @ 303 found.
 glIsSync @ 304 found.
 glDeleteSync @ 305 found.
 glClientWaitSync @ 306 found.
 glWaitSync @ 307 found.
 glGetInteger64v @ 308 found.
 glGetSynciv @ 309 found.
 glGetInteger64i_v @ 310 found.
 glGetBufferParameteri64v @ 311 found.
 glFramebufferTexture @ 312 found.
 glTexImage2DMultisample @ 313 found.
 glTexImage3DMultisample @ 314 found.
 glGetMultisamplefv @ 315 found.
 glSampleMaski @ 316 found.
 glBindFragDataLocationIndexed @ 317 found.
 glGetFragDataIndex @ 318 found.
 glGenSamplers @ 319 found.
 glDeleteSamplers @ 320 found.
 glIsSampler @ 321 found.
 glBindSampler @ 322 found.
 glSamplerParameteri @ 323 found.
 glSamplerParameteriv @ 324 found.
 glSamplerParameterf @ 325 found.
 glSamplerParameterfv @ 326 found.
 glSamplerParameterIiv @ 327 found.
 glSamplerParameterIuiv @ 328 found.
 glGetSamplerParameteriv @ 329 found.
 glGetSamplerParameterIiv @ 330 found.
 glGetSamplerParameterfv @ 331 found.
 glGetSamplerParameterIuiv @ 332 found.
 glQueryCounter @ 333 found.
 glGetQueryObjecti64v @ 334 found.
 glGetQueryObjectui64v @ 335 found.
 glVertexAttribDivisor @ 336 found.
 glVertexAttribP1ui @ 337 found.
 glVertexAttribP1uiv @ 338 found.
 glVertexAttribP2ui @ 339 found.
 glVertexAttribP2uiv @ 340 found.
 glVertexAttribP3ui @ 341 found.
 glVertexAttribP3uiv @ 342 found.
 glVertexAttribP4ui @ 343 found.
 glVertexAttribP4uiv @ 344 found.
 glMinSampleShading @ 345 found.
 glBlendEquationi @ 346 found.
 glBlendEquationSeparatei @ 347 found.
 glBlendFunci @ 348 found.
 glBlendFuncSeparatei @ 349 found.
 glDrawArraysIndirect @ 350 found.
 glDrawElementsIndirect @ 351 found.
 glUniform1d @ 352 found.
 glUniform2d @ 353 found.
 glUniform3d @ 354 found.
 glUniform4d @ 355 found.
 glUniform1dv @ 356 found.
 glUniform2dv @ 357 found.
 glUniform3dv @ 358 found.
 glUniform4dv @ 359 found.
 glUniformMatrix2dv @ 360 found.
 glUniformMatrix3dv @ 361 found.
 glUniformMatrix4dv @ 362 found.
 glUniformMatrix2x3dv @ 363 found.
 glUniformMatrix2x4dv @ 364 found.
 glUniformMatrix3x2dv @ 365 found.
 glUniformMatrix3x4dv @ 366 found.
 glUniformMatrix4x2dv @ 367 found.
 glUniformMatrix4x3dv @ 368 found.
 glGetUniformdv @ 369 found.
 glGetSubroutineUniformLocation @ 370 found.
 glGetSubroutineIndex @ 371 found.
 glGetActiveSubroutineUniformiv @ 372 found.
 glGetActiveSubroutineUniformName @ 373 found.
 glGetActiveSubroutineName @ 374 found.
 glUniformSubroutinesuiv @ 375 found.
 glGetUniformSubroutineuiv @ 376 found.
 glGetProgramStageiv @ 377 found.
 glPatchParameteri @ 378 found.
 glPatchParameterfv @ 379 found.
 glBindTransformFeedback @ 380 found.
 glDeleteTransformFeedbacks @ 381 found.
 glGenTransformFeedbacks @ 382 found.
 glIsTransformFeedback @ 383 found.
 glPauseTransformFeedback @ 384 found.
 glResumeTransformFeedback @ 385 found.
 glDrawTransformFeedback @ 386 found.
 glDrawTransformFeedbackStream @ 387 found.
 glBeginQueryIndexed @ 388 found.
 glEndQueryIndexed @ 389 found.
 glGetQueryIndexediv @ 390 found.
 glReleaseShaderCompiler @ 391 found.
 glShaderBinary @ 392 found.
 glGetShaderPrecisionFormat @ 393 found.
 glDepthRangef @ 394 found.
 glClearDepthf @ 395 found.
 glGetProgramBinary @ 396 found.
 glProgramBinary @ 397 found.
 glProgramParameteri @ 398 found.
 glUseProgramStages @ 399 found.
 glActiveShaderProgram @ 400 found.
 glCreateShaderProgramv @ 401 found.
 glBindProgramPipeline @ 402 found.
 glDeleteProgramPipelines @ 403 found.
 glGenProgramPipelines @ 404 found.
 glIsProgramPipeline @ 405 found.
 glGetProgramPipelineiv @ 406 found.
 glProgramUniform1i @ 407 found.
 glProgramUniform1iv @ 408 found.
 glProgramUniform1f @ 409 found.
 glProgramUniform1fv @ 410 found.
 glProgramUniform1d @ 411 found.
 glProgramUniform1dv @ 412 found.
 glProgramUniform1ui @ 413 found.
 glProgramUniform1uiv @ 414 found.
 glProgramUniform2i @ 415 found.
 glProgramUniform2iv @ 416 found.
 glProgramUniform2f @ 417 found.
 glProgramUniform2fv @ 418 found.
 glProgramUniform2d @ 419 found.
 glProgramUniform2dv @ 420 found.
 glProgramUniform2ui @ 421 found.
 glProgramUniform2uiv @ 422 found.
 glProgramUniform3i @ 423 found.
 glProgramUniform3iv @ 424 found.
 glProgramUniform3f @ 425 found.
 glProgramUniform3fv @ 426 found.
 glProgramUniform3d @ 427 found.
 glProgramUniform3dv @ 428 found.
 glProgramUniform3ui @ 429 found.
 glProgramUniform3uiv @ 430 found.
 glProgramUniform4i @ 431 found.
 glProgramUniform4iv @ 432 found.
 glProgramUniform4f @ 433 found.
 glProgramUniform4fv @ 434 found.
 glProgramUniform4d @ 435 found.
 glProgramUniform4dv @ 436 found.
 glProgramUniform4ui @ 437 found.
 glProgramUniform4uiv @ 438 found.
 glProgramUniformMatrix2fv @ 439 found.
 glProgramUniformMatrix3fv @ 440 found.
 glProgramUniformMatrix4fv @ 441 found.
 glProgramUniformMatrix2dv @ 442 found.
 glProgramUniformMatrix3dv @ 443 found.
 glProgramUniformMatrix4dv @ 444 found.
 glProgramUniformMatrix2x3fv @ 445 found.
 glProgramUniformMatrix3x2fv @ 446 found.
 glProgramUniformMatrix2x4fv @ 447 found.
 glProgramUniformMatrix4x2fv @ 448 found.
 glProgramUniformMatrix3x4fv @ 449 found.
 glProgramUniformMatrix4x3fv @ 450 found.
 glProgramUniformMatrix2x3dv @ 451 found.
 glProgramUniformMatrix3x2dv @ 452 found.
 glProgramUniformMatrix2x4dv @ 453 found.
 glProgramUniformMatrix4x2dv @ 454 found.
 glProgramUniformMatrix3x4dv @ 455 found.
 glProgramUniformMatrix4x3dv @ 456 found.
 glValidateProgramPipeline @ 457 found.
 glGetProgramPipelineInfoLog @ 458 found.
 glVertexAttribL1d @ 459 found.
 glVertexAttribL2d @ 460 found.
 glVertexAttribL3d @ 461 found.
 glVertexAttribL4d @ 462 found.
 glVertexAttribL1dv @ 463 found.
 glVertexAttribL2dv @ 464 found.
 glVertexAttribL3dv @ 465 found.
 glVertexAttribL4dv @ 466 found.
 glVertexAttribLPointer @ 467 found.
 glGetVertexAttribLdv @ 468 found.
 glViewportArrayv @ 469 found.
 glViewportIndexedf @ 470 found.
 glViewportIndexedfv @ 471 found.
 glScissorArrayv @ 472 found.
 glScissorIndexed @ 473 found.
 glScissorIndexedv @ 474 found.
 glDepthRangeArrayv @ 475 found.
 glDepthRangeIndexed @ 476 found.
 glGetFloati_v @ 477 found.
 glGetDoublei_v @ 478 found.
 glDrawArraysInstancedBaseInstance @ 479 found.
 glDrawElementsInstancedBaseInstance @ 480 found.
 glDrawElementsInstancedBaseVertexBaseInstance @ 481 found.
 glGetInternalformativ @ 482 found.
 glGetActiveAtomicCounterBufferiv @ 483 found.
 glBindImageTexture @ 484 found.
 glMemoryBarrier @ 485 found.
 glTexStorage1D @ 486 found.
 glTexStorage2D @ 487 found.
 glTexStorage3D @ 488 found.
 glDrawTransformFeedbackInstanced @ 489 found.
 glDrawTransformFeedbackStreamInstanced @ 490 found.
 glDispatchCompute @ 493 found.
 glDispatchComputeIndirect @ 494 found.
 glFramebufferParameteri @ 496 found.
 glGetFramebufferParameteriv @ 497 found.
 glGetInternalformati64v @ 498 found.
 glInvalidateFramebuffer @ 503 found.
 glInvalidateSubFramebuffer @ 504 found.
 glMultiDrawArraysIndirect @ 505 found.
 glMultiDrawElementsIndirect @ 506 found.
 glGetProgramInterfaceiv @ 507 found.
 glGetProgramResourceIndex @ 508 found.
 glGetProgramResourceName @ 509 found.
 glGetProgramResourceiv @ 510 found.
 glGetProgramResourceLocation @ 511 found.
 glGetProgramResourceLocationIndex @ 512 found.
 glShaderStorageBlockBinding @ 513 found.
 glTexBufferRange @ 514 found.
 glTexStorage2DMultisample @ 515 found.
 glTexStorage3DMultisample @ 516 found.
 glBindVertexBuffer @ 518 found.
 glVertexAttribFormat @ 519 found.
 glVertexAttribIFormat @ 520 found.
 glVertexAttribLFormat @ 521 found.
 glVertexAttribBinding @ 522 found.
 glVertexBindingDivisor @ 523 found.
 glDebugMessageControl @ 524 found.
 glDebugMessageInsert @ 525 found.
 glDebugMessageCallback @ 526 found.
 glGetDebugMessageLog @ 527 found.
 glPushDebugGroup @ 528 found.
 glPopDebugGroup @ 529 found.
 glObjectLabel @ 530 found.
 glGetObjectLabel @ 531 found.
 glObjectPtrLabel @ 532 found.
 glGetObjectPtrLabel @ 533 found.
 glBufferStorage @ 534 found.
 glClipControl @ 543 found.
 glNamedBufferStorage @ 551 found.
 glTextureBufferRange @ 589 found.
 glTextureParameteri @ 606 found.
 glMemoryBarrierByRegion @ 641 found.
 glGetGraphicsResetStatus @ 644 found.
 glGetnCompressedTexImage @ 645 found.
 glGetnTexImage @ 646 found.
 glGetnUniformdv @ 647 found.
 glGetnUniformfv @ 648 found.
 glGetnUniformiv @ 649 found.
 glGetnUniformuiv @ 650 found.
 glReadnPixels @ 651 found.
 afxDrawDriver.c:77?AfxDrawSystemRegisterDriver(dsys=004b3330,mdle=004b34b0,spec=0026deb4)
 afxClass<afxDrawDriver>::AllocateObjects(1, 0026ddd0, 0026dde0)
 afxClass<afxDrawDriver>::BuildObjects(1, 0026ddd0, 0026ddc4)
 afxClass<afxDrawDriver>::ConstructObject(045b83c0)
 afxDrawDriver.c:138?_AfxDdrvCtor(ddrv=045b83c0)
 afxClass<Draw Context>::Mount(045b8408, 045b83f4, 00000000, 0026da44)
New draw driver registered.
Name: 4DGL
Author: SIGMA Technology Group
Version: 0.7.2
Note: 
     .::::         :::::::::         ::::::::        :::        
    :+:+:+         :+:    :+:       :+:    :+:       :+:        
   +:+ +:+         +:+    +:+       +:+              +:+        
  +#+  +:+         +#+    +:+       :#:              +#+        
 +#+#+#+#+#+       +#+    +#+       +#+   +#+#       +#+        
       #+#         #+#    #+#       #+#    #+#       #+#        
       ###         #########         ########        ########## 
 Loading draw ICDs...
 afxModule.c:71?AfxSystemAcquireModule(sys=004af080,uri=e2draw.icd)
 afxModule.c:71?AfxSystemAcquireModule(sys=004af080,uri=e2newton.icd)
 afxClass<afxModule>::AllocateObjects(1, 0026df7c, 0026dfc4)
 afxClass<afxModule>::BuildObjects(1, 0026df7c, 0026e078)
 afxClass<afxModule>::ConstructObject(028ed930)
 afxModule.c:135?_AfxMdleCtor(uri:e2newton.icd)
 afxDrawContext.c:309?AfxDrawSystemAcquireContext(dsys=004b3330,spec=0026e78c)
 afxClass<Draw Context>::AllocateObjects(1, 0026e688, 0026e698)
 afxClass<Draw Context>::BuildObjects(1, 0026e688, 0026e680)
 afxClass<Draw Context>::ConstructObject(045b97c0)
 sglDrawContext.c:258?_AfxDctxCtor(dctx=045b97c0)
 afxClass<afxDrawScript>::Mount(045ba048, 045b97f4, 00000000, 500ffe18)
 afxClass<afxDrawInput>::Mount(045ba108, 045b97f4, 00000000, 500ff6ec)
 afxClass<afxDrawQueue>::Mount(045ba1c8, 045b97f4, 00000000, 0026e2dc)
 afxClass<afxBuffer>::Mount(045b9808, 045b97f4, 00000000, 500fe020)
 afxClass<afxVertexBuffer>::Mount(045b98c8, 045b97f4, 045b9808, 0026e2dc)
 afxClass<afxIndexBuffer>::Mount(045b9988, 045b97f4, 045b9808, 0026e2dc)
 afxClass<afxSampler>::Mount(045b9a48, 045b97f4, 00000000, 50104610)
 afxClass<afxTexture>::Mount(045b9b08, 045b97f4, 00000000, 50104ac0)
 afxClass<afxSurface>::Mount(045b9bc8, 045b97f4, 045b9b08, 50104788)
 afxClass<afxCanvas>::Mount(045b9c88, 045b97f4, 00000000, 500fe334)
 afxClass<afxShader>::Mount(045b9d48, 045b97f4, 00000000, 501043d0)
 afxClass<afxPipeline>::Mount(045b9e08, 045b97f4, 00000000, 50103fe4)
 afxClass<afxDrawOperation>::Mount(045b9f88, 045b97f4, 00000000, 0f5b5da8)
 afxClass<afxLego>::Mount(045b9ec8, 045b97f4, 00000000, 50103e24)
 afxClass<afxDrawOutput>::Mount(045ba288, 045b97f4, 00000000, 500ffa1c)
 afxDrawQueue.c:47?AfxDrawContextAcquireQueue(dctx=045b97c0)
 afxClass<afxDrawQueue>::AllocateObjects(1, 0026e1b8, 0026e1d4)
 afxClass<afxDrawQueue>::BuildObjects(1, 0026e1b8, 0026e2d4)
 afxClass<afxDrawQueue>::ConstructObject(045b3470)
 sglDrawQueue.c:1830?_AfxDqueCtor(dque=045b3470)
 Uploading draw operation 'data/pipeline/rgbaToRgba.xml'
 afxXml.c:1036?AfxFileSystemLoadXml(uri=data/pipeline/rgbaToRgba.xmlp)
 afxClass<afxXml>::AllocateObjects(1, 0026d49c, 0026d4ac)
 afxClass<afxXml>::BuildObjects(1, 0026d49c, 0026d494)
 afxClass<afxXml>::ConstructObject(0293d680)
 afxXml.c:995?_AfxXmlCtor(uri:data/pipeline/rgbaToRgba.xml)
 afxFile.c:273?AfxFileSystemOpenFile(Afx.FileSystem.OpenFile(004b0f30,00000001,data/pipeline/rgbaToRgba.xml))
 afxClass<afxFile>::AllocateObjects(1, 0026d114, 0026d124)
 afxClass<afxFile>::BuildObjects(1, 0026d114, 0026d100)
 afxClass<afxFile, afxStream>ConstructingObject(045b4bf0)
 afxClass<afxStream>::ConstructObject(045b4bf0)
 afxClass<afxFile>::ConstructObject(045b4bf0)
 afxClass<afxFile>::DismantleObjects(1, 0026d178)
 Destructing instance 045b4bf0 of afxFile class.
 Destructing instance 045b4bf0 of afxFile : afxStream class.
 Destructing instance 045b4bf0 of afxStream class.
 afxClass<afxFile>::DeallocateObjects(1, 0026d178)
 afxClass<afxDrawOperation>::AllocateObjects(1, 045b4b90, 0026d488)
 afxClass<afxDrawOperation>::BuildObjects(1, 045b4b90, 0026d8c4)
 afxClass<afxDrawOperation>::ConstructObject(0057b170)
 afxDrawOperation.c:574?_AfxDopCtor(dop=0057b170)
 afxPipeline.c:323?AfxDrawContextBuildPipelines(dctx=045b97c0)
 afxClass<afxPipeline>::AllocateObjects(1, 04643410, 0026ce30)
 afxClass<afxPipeline>::BuildObjects(1, 04643410, 0026cf1c)
 afxClass<afxPipeline>::ConstructObject(045b7cd0)
 sglPipeline.c:517?_AfxPipCtor(pip=045b7cd0)
 afxShader.c:487?AfxDrawContextAcquireShaders(dctx=045b97c0,cnt=1,uri=0465e710,shd=0026c8ac)
 Uploading shader 'data/pipeline/rgbaToRgba.xml?vs'
 afxXml.c:1036?AfxFileSystemLoadXml(uri=data/pipeline/rgbaToRgba.xmlp)
 afxClass<afxXml>::AllocateObjects(1, 0026bf68, 0026bf78)
 afxClass<afxXml>::BuildObjects(1, 0026bf68, 0026bf60)
 afxClass<afxXml>::ConstructObject(029467d0)
 afxXml.c:995?_AfxXmlCtor(uri:data/pipeline/rgbaToRgba.xml)
 afxFile.c:273?AfxFileSystemOpenFile(Afx.FileSystem.OpenFile(004b0f30,00000001,data/pipeline/rgbaToRgba.xml))
 afxClass<afxFile>::AllocateObjects(1, 0026bbe0, 0026bbf0)
 afxClass<afxFile>::BuildObjects(1, 0026bbe0, 0026bbcc)
 afxClass<afxFile, afxStream>ConstructingObject(045b4bf0)
 afxClass<afxStream>::ConstructObject(045b4bf0)
 afxClass<afxFile>::ConstructObject(045b4bf0)
 afxClass<afxFile>::DismantleObjects(1, 0026bc44)
 Destructing instance 045b4bf0 of afxFile class.
 Destructing instance 045b4bf0 of afxFile : afxStream class.
 Destructing instance 045b4bf0 of afxStream class.
 afxClass<afxFile>::DeallocateObjects(1, 0026bc44)
 afxFile.c:294?AfxFileSystemOpenReadableFile(Afx.FileSystem.OpenReadableFile(004b0f30,data/pipeline/stdEnv.inc))
 afxClass<afxFile>::AllocateObjects(1, 0026bcbc, 0026bccc)
 afxClass<afxFile>::BuildObjects(1, 0026bcbc, 0026bca8)
 afxClass<afxFile, afxStream>ConstructingObject(045b4bf0)
 afxClass<afxStream>::ConstructObject(045b4bf0)
 afxClass<afxFile>::ConstructObject(045b4bf0)
 afxClass<afxFile>::DismantleObjects(1, 0026bd1c)
 Destructing instance 045b4bf0 of afxFile class.
 Destructing instance 045b4bf0 of afxFile : afxStream class.
 Destructing instance 045b4bf0 of afxStream class.
 afxClass<afxFile>::DeallocateObjects(1, 0026bd1c)
 afxShader.c:327?AfxDrawContextBuildShaders(dctx=045b97c0,cnt=1,blueprint=0026c424,shd=0026c8ac)
 afxClass<afxShader>::AllocateObjects(1, 0026c8ac, 0026bf48)
 afxClass<afxShader>::BuildObjects(1, 0026c8ac, 0026c424)
 afxClass<afxShader>::ConstructObject(045b7fd0)
 sglShader.c:252?_AfxShdCtor(shd=045b7fd0)
 #version 330 core // QWADRO. Engineered by SIGMA Technology Group.

#define afxInt int
#define afxNat uint

#define afxReal float

#define afxV2d vec2
#define afxV3d vec3
#define afxV4d vec4

#define afxM2d mat2
#define afxM3d mat3
#define afxM4d mat4

        
        layout(location = 0) in vec2 a_xy;

        out block
        {
            vec2 uv0;
        } sgl_v;

        void main()
        {
            gl_Position = vec4(a_xy, 0.0, 1.0);
            sgl_v.uv0 = vec2(gl_Position.xy * 0.5 + 0.5).xy;
        }
       
 afxClass<afxXml>::DismantleObjects(1, 0026bfcc)
 Destructing instance 029467d0 of afxXml class.
 afxXml.c:972?_AfxXmlDtor(xml=029467d0)
 afxClass<afxXml>::DeallocateObjects(1, 0026bfcc)
 afxObject<045b7fd0>::InstallEventFilter(045b7cd0)
 afxShader.c:487?AfxDrawContextAcquireShaders(dctx=045b97c0,cnt=1,uri=0465e748,shd=0026c8ac)
 Uploading shader 'data/pipeline/rgbaToRgba.xml?fs'
 afxXml.c:1036?AfxFileSystemLoadXml(uri=data/pipeline/rgbaToRgba.xmlp)
 afxClass<afxXml>::AllocateObjects(1, 0026bf68, 0026bf78)
 afxClass<afxXml>::BuildObjects(1, 0026bf68, 0026bf60)
 afxClass<afxXml>::ConstructObject(029467d0)
 afxXml.c:995?_AfxXmlCtor(uri:data/pipeline/rgbaToRgba.xml)
 afxFile.c:273?AfxFileSystemOpenFile(Afx.FileSystem.OpenFile(004b0f30,00000001,data/pipeline/rgbaToRgba.xml))
 afxClass<afxFile>::AllocateObjects(1, 0026bbe0, 0026bbf0)
 afxClass<afxFile>::BuildObjects(1, 0026bbe0, 0026bbcc)
 afxClass<afxFile, afxStream>ConstructingObject(045b4bf0)
 afxClass<afxStream>::ConstructObject(045b4bf0)
 afxClass<afxFile>::ConstructObject(045b4bf0)
 afxClass<afxFile>::DismantleObjects(1, 0026bc44)
 Destructing instance 045b4bf0 of afxFile class.
 Destructing instance 045b4bf0 of afxFile : afxStream class.
 Destructing instance 045b4bf0 of afxStream class.
 afxClass<afxFile>::DeallocateObjects(1, 0026bc44)
 afxFile.c:294?AfxFileSystemOpenReadableFile(Afx.FileSystem.OpenReadableFile(004b0f30,data/pipeline/stdEnv.inc))
 afxClass<afxFile>::AllocateObjects(1, 0026bcbc, 0026bccc)
 afxClass<afxFile>::BuildObjects(1, 0026bcbc, 0026bca8)
 afxClass<afxFile, afxStream>ConstructingObject(045b4bf0)
 afxClass<afxStream>::ConstructObject(045b4bf0)
 afxClass<afxFile>::ConstructObject(045b4bf0)
 afxClass<afxFile>::DismantleObjects(1, 0026bd1c)
 Destructing instance 045b4bf0 of afxFile class.
 Destructing instance 045b4bf0 of afxFile : afxStream class.
 Destructing instance 045b4bf0 of afxStream class.
 afxClass<afxFile>::DeallocateObjects(1, 0026bd1c)
 ADV afxString.c:437?AfxStringCopy
    String length truncation: 8 -> 8 bytes
 afxShader.c:327?AfxDrawContextBuildShaders(dctx=045b97c0,cnt=1,blueprint=0026c424,shd=0026c8ac)
 afxClass<afxShader>::AllocateObjects(1, 0026c8ac, 0026bf48)
 afxClass<afxShader>::BuildObjects(1, 0026c8ac, 0026c424)
 afxClass<afxShader>::ConstructObject(045d1970)
 sglShader.c:252?_AfxShdCtor(shd=045d1970)
 #version 330 core // QWADRO. Engineered by SIGMA Technology Group.

#define afxInt int
#define afxNat uint

#define afxReal float

#define afxV2d vec2
#define afxV3d vec3
#define afxV4d vec4

#define afxM2d mat2
#define afxM3d mat3
#define afxM4d mat4

        
        uniform sampler2D samp;

        in block
        {
            vec2 uv0;
        } sgl_v;

        out vec4 sgl_rgba;

        void main()
        {
            sgl_rgba = texture(samp, sgl_v.uv0);
        }
       
 ADV afxString.c:437?AfxStringCopy
    String length truncation: 8 -> 8 bytes
 afxClass<afxXml>::DismantleObjects(1, 0026bfcc)
 Destructing instance 029467d0 of afxXml class.
 afxXml.c:972?_AfxXmlDtor(xml=029467d0)
 afxClass<afxXml>::DeallocateObjects(1, 0026bfcc)
 afxObject<045d1970>::InstallEventFilter(045b7cd0)
 afxLego.c:159?AfxDrawContextBuildLegos(dctx=045b97c0)
 afxClass<afxLego>::AllocateObjects(1, 045d2b04, 0026c708)
 afxClass<afxLego>::BuildObjects(1, 045d2b04, 0026ca44)
 afxClass<afxLego>::ConstructObject(045d18a0)
 sglLego.c:275?_AfxLegtCtor(legt=045d18a0)
 afxPipeline.c:323?AfxDrawContextBuildPipelines(dctx=045b97c0)
 afxClass<afxPipeline>::AllocateObjects(1, 04643270, 0026ce30)
 afxClass<afxPipeline>::BuildObjects(1, 04643270, 0026cf1c)
 afxClass<afxPipeline>::ConstructObject(00579bc0)
 sglPipeline.c:517?_AfxPipCtor(pip=00579bc0)
 afxShader.c:487?AfxDrawContextAcquireShaders(dctx=045b97c0,cnt=1,uri=02957fd0,shd=0026c8ac)
 Uploading shader 'data/pipeline/rgbaToRgba.xml?vsFlippedY'
 afxXml.c:1036?AfxFileSystemLoadXml(uri=data/pipeline/rgbaToRgba.xmlp)
 afxClass<afxXml>::AllocateObjects(1, 0026bf68, 0026bf78)
 afxClass<afxXml>::BuildObjects(1, 0026bf68, 0026bf60)
 afxClass<afxXml>::ConstructObject(0465e710)
 afxXml.c:995?_AfxXmlCtor(uri:data/pipeline/rgbaToRgba.xml)
 afxFile.c:273?AfxFileSystemOpenFile(Afx.FileSystem.OpenFile(004b0f30,00000001,data/pipeline/rgbaToRgba.xml))
 afxClass<afxFile>::AllocateObjects(1, 0026bbe0, 0026bbf0)
 afxClass<afxFile>::BuildObjects(1, 0026bbe0, 0026bbcc)
 afxClass<afxFile, afxStream>ConstructingObject(045b4bf0)
 afxClass<afxStream>::ConstructObject(045b4bf0)
 afxClass<afxFile>::ConstructObject(045b4bf0)
 afxClass<afxFile>::DismantleObjects(1, 0026bc44)
 Destructing instance 045b4bf0 of afxFile class.
 Destructing instance 045b4bf0 of afxFile : afxStream class.
 Destructing instance 045b4bf0 of afxStream class.
 afxClass<afxFile>::DeallocateObjects(1, 0026bc44)
 afxFile.c:294?AfxFileSystemOpenReadableFile(Afx.FileSystem.OpenReadableFile(004b0f30,data/pipeline/stdEnv.inc))
 afxClass<afxFile>::AllocateObjects(1, 0026bcbc, 0026bccc)
 afxClass<afxFile>::BuildObjects(1, 0026bcbc, 0026bca8)
 afxClass<afxFile, afxStream>ConstructingObject(045b4bf0)
 afxClass<afxStream>::ConstructObject(045b4bf0)
 afxClass<afxFile>::ConstructObject(045b4bf0)
 afxClass<afxFile>::DismantleObjects(1, 0026bd1c)
 Destructing instance 045b4bf0 of afxFile class.
 Destructing instance 045b4bf0 of afxFile : afxStream class.
 Destructing instance 045b4bf0 of afxStream class.
 afxClass<afxFile>::DeallocateObjects(1, 0026bd1c)
 afxShader.c:327?AfxDrawContextBuildShaders(dctx=045b97c0,cnt=1,blueprint=0026c424,shd=0026c8ac)
 afxClass<afxShader>::AllocateObjects(1, 0026c8ac, 0026bf48)
 afxClass<afxShader>::BuildObjects(1, 0026c8ac, 0026c424)
 afxClass<afxShader>::ConstructObject(00579eb0)
 sglShader.c:252?_AfxShdCtor(shd=00579eb0)
 #version 330 core // QWADRO. Engineered by SIGMA Technology Group.

#define afxInt int
#define afxNat uint

#define afxReal float

#define afxV2d vec2
#define afxV3d vec3
#define afxV4d vec4

#define afxM2d mat2
#define afxM3d mat3
#define afxM4d mat4

        
        const mat4 m = mat4(1, 0, 0, 0, 0, -1, 0, 0, 0, 0, 1, 0, 0, 0, 0, 1);
        
        layout(location = 0) in vec2 a_xy;
        
        out block
        {
            vec2 uv0;
        } sgl_v;

        void main()
        {
            gl_Position = vec4(a_xy, 0.0, 1.0);
            sgl_v.uv0 = vec2(m * vec4(gl_Position.xy * 0.5 + 0.5, 0, 1)).xy;
        }
       
 afxClass<afxXml>::DismantleObjects(1, 0026bfcc)
 Destructing instance 0465e710 of afxXml class.
 afxXml.c:972?_AfxXmlDtor(xml=0465e710)
 afxClass<afxXml>::DeallocateObjects(1, 0026bfcc)
 afxObject<00579eb0>::InstallEventFilter(00579bc0)
 afxShader.c:487?AfxDrawContextAcquireShaders(dctx=045b97c0,cnt=1,uri=02958008,shd=0026c8ac)
 Uploading shader 'data/pipeline/rgbaToRgba.xml?fs'
 afxXml.c:1036?AfxFileSystemLoadXml(uri=data/pipeline/rgbaToRgba.xmlp)
 afxClass<afxXml>::AllocateObjects(1, 0026bf68, 0026bf78)
 afxClass<afxXml>::BuildObjects(1, 0026bf68, 0026bf60)
 afxClass<afxXml>::ConstructObject(0465e710)
 afxXml.c:995?_AfxXmlCtor(uri:data/pipeline/rgbaToRgba.xml)
 afxFile.c:273?AfxFileSystemOpenFile(Afx.FileSystem.OpenFile(004b0f30,00000001,data/pipeline/rgbaToRgba.xml))
 afxClass<afxFile>::AllocateObjects(1, 0026bbe0, 0026bbf0)
 afxClass<afxFile>::BuildObjects(1, 0026bbe0, 0026bbcc)
 afxClass<afxFile, afxStream>ConstructingObject(045b4bf0)
 afxClass<afxStream>::ConstructObject(045b4bf0)
 afxClass<afxFile>::ConstructObject(045b4bf0)
 afxClass<afxFile>::DismantleObjects(1, 0026bc44)
 Destructing instance 045b4bf0 of afxFile class.
 Destructing instance 045b4bf0 of afxFile : afxStream class.
 Destructing instance 045b4bf0 of afxStream class.
 afxClass<afxFile>::DeallocateObjects(1, 0026bc44)
 afxFile.c:294?AfxFileSystemOpenReadableFile(Afx.FileSystem.OpenReadableFile(004b0f30,data/pipeline/stdEnv.inc))
 afxClass<afxFile>::AllocateObjects(1, 0026bcbc, 0026bccc)
 afxClass<afxFile>::BuildObjects(1, 0026bcbc, 0026bca8)
 afxClass<afxFile, afxStream>ConstructingObject(045b4bf0)
 afxClass<afxStream>::ConstructObject(045b4bf0)
 afxClass<afxFile>::ConstructObject(045b4bf0)
 afxClass<afxFile>::DismantleObjects(1, 0026bd1c)
 Destructing instance 045b4bf0 of afxFile class.
 Destructing instance 045b4bf0 of afxFile : afxStream class.
 Destructing instance 045b4bf0 of afxStream class.
 afxClass<afxFile>::DeallocateObjects(1, 0026bd1c)
 ADV afxString.c:437?AfxStringCopy
    String length truncation: 8 -> 8 bytes
 afxShader.c:327?AfxDrawContextBuildShaders(dctx=045b97c0,cnt=1,blueprint=0026c424,shd=0026c8ac)
 afxClass<afxShader>::AllocateObjects(1, 0026c8ac, 0026bf48)
 afxClass<afxShader>::BuildObjects(1, 0026c8ac, 0026c424)
 afxClass<afxShader>::ConstructObject(045ba610)
 sglShader.c:252?_AfxShdCtor(shd=045ba610)
 #version 330 core // QWADRO. Engineered by SIGMA Technology Group.

#define afxInt int
#define afxNat uint

#define afxReal float

#define afxV2d vec2
#define afxV3d vec3
#define afxV4d vec4

#define afxM2d mat2
#define afxM3d mat3
#define afxM4d mat4

        
        uniform sampler2D samp;

        in block
        {
            vec2 uv0;
        } sgl_v;

        out vec4 sgl_rgba;

        void main()
        {
            sgl_rgba = texture(samp, sgl_v.uv0);
        }
       
 ADV afxString.c:437?AfxStringCopy
    String length truncation: 8 -> 8 bytes
 afxClass<afxXml>::DismantleObjects(1, 0026bfcc)
 Destructing instance 0465e710 of afxXml class.
 afxXml.c:972?_AfxXmlDtor(xml=0465e710)
 afxClass<afxXml>::DeallocateObjects(1, 0026bfcc)
 afxObject<045ba610>::InstallEventFilter(00579bc0)
 afxLego.c:159?AfxDrawContextBuildLegos(dctx=045b97c0)
 afxClass<afxLego>::AllocateObjects(1, 045d29e4, 0026c708)
 afxClass<afxLego>::BuildObjects(1, 045d29e4, 0026ca44)
 afxClass<afxLego>::ConstructObject(0465e710)
 sglLego.c:275?_AfxLegtCtor(legt=0465e710)
 afxClass<afxXml>::DismantleObjects(1, 0026d500)
 Destructing instance 0293d680 of afxXml class.
 afxXml.c:972?_AfxXmlDtor(xml=0293d680)
 afxClass<afxXml>::DeallocateObjects(1, 0026d500)
 afxSampler.c:47?AfxDrawContextAcquireSamplers(dctx=045b97c0,spec=0026de60)
 afxClass<afxSampler>::AllocateObjects(1, 045b4b94, 0026db24)
 afxClass<afxSampler>::BuildObjects(1, 045b4b94, 0026de60)
 afxClass<afxSampler>::ConstructObject(04642690)
 sglSampler.c:184?_AfxSmpCtor(smp=04642690)
 afxClass<afxVertexBuffer>::AllocateObjects(1, 045b4b98, 0026db78)
 afxClass<afxVertexBuffer>::BuildObjects(1, 045b4b98, 0026db50)
 afxClass<afxVertexBuffer, afxBuffer>ConstructingObject(0295d120)
 afxClass<afxBuffer>::ConstructObject(0295d120)
 sglBuffer.c:454?_AfxBufCtor(buf=0295d120)
 afxClass<afxVertexBuffer>::ConstructObject(0295d120)
 afxVertexBuffer.c:342?_AfxVbufCtor(vbuf=0295d120)
 afxApplication.c:372?AfxSystemAcquireApplication(sys=0026e78c,spec=045b97c0)
 afxClass<afxApplication>::AllocateObjects(1, 0026e6b4, 0026e6c4)
 afxClass<afxApplication>::BuildObjects(1, 0026e6b4, 0026e75c)
 afxClass<afxApplication>::ConstructObject(0293c480)
 afxApplication.c:422?_AfxAppCtor(app=0293c480)
 afxMouse.c:249?AfxSystemAcquireMouse(sys=004af080,port=0)
 afxClass<afxMouse>::AllocateObjects(1, 0026e298, 0026e2a8)
 afxClass<afxMouse>::BuildObjects(1, 0026e298, 0026e290)
 afxClass<afxMouse, afxHid>ConstructingObject(045b5cf0)
 afxClass<afxHid>::ConstructObject(045b5cf0)
 afxHid.c:75?_AfxHidCtor(hid=045b5cf0)
 afxClass<afxMouse>::ConstructObject(045b5cf0)
 afxMouse.c:304?_AfxMseCtor(mse=045b5cf0)
 afxDrawInput.c:102?AfxDrawContextAcquireInput(dctx=045b97c0,spec=0026e370)
 afxClass<afxDrawInput>::AllocateObjects(1, 0026e280, 0026e29c)
 afxClass<afxDrawInput>::BuildObjects(1, 0026e280, 0026e370)
 afxClass<afxDrawInput>::ConstructObject(0465c5a0)
 sglDrawInput.c:321?_AfxDinCtor(din=0465c5a0)
 afxArena.c:822?AfxSystemAcquireArena(sys=004af080,strategy=0026def8,hint="sglDrawInput.c:357!_AfxDinCtor")
 afxClass<Memory Arena>::AllocateObjects(1, 0026de44, 0026de54)
 afxClass<Memory Arena>::BuildObjects(1, 0026de44, 0026de38)
 afxClass<Memory Arena, afxMemory>ConstructingObject(04572310)
 afxClass<afxMemory>::ConstructObject(04572310)
 afxMemory.c:317?_AfxMemCtor(mem=04572310)
 afxClass<Memory Arena>::ConstructObject(04572310)
 afxArena.c:799?_AfxArenCtor(aren=04572310)
 afxClass<afxWidget>::Mount(0293c958, 0293c4b4, 00000000, 0f5bb620)
 afxClass<afxSimulation>::Mount(0293ca18, 0293c4b4, 00000000, 0f5bc0f0)
 afxApplication.c:322?AfxApplicationExecute(app=0293c480)
 Sandbox.c:86?AfxEnterApplication(app=0293c480)
 afxSimulation.c:437?AfxApplicationAcquireSimulation(app=0293c480,bounding=[[0.000000,0.000000,0.000000,1.000000],[0.000000,0.000000,0.000000,1.000000]])
 afxClass<afxSimulation>::AllocateObjects(1, 0026e428, 0026e438)
 afxClass<afxSimulation>::BuildObjects(1, 0026e428, 0026e420)
 afxClass<afxSimulation>::ConstructObject(0460ac40)
 afxSimulation.c:355?_AfxSimCtor(sim=0460ac40)
 afxMemory.c:259?AfxSystemAcquireMemory(sys=004af080,strategy=0026e0b8,hint="afxSimulation.c:377!_AfxSimCtor")
 afxClass<afxMemory>::AllocateObjects(1, 0026dfac, 0026dfbc)
 afxClass<afxMemory>::BuildObjects(1, 0026dfac, 0026dfa0)
 afxClass<afxMemory>::ConstructObject(045d1670)
 afxMemory.c:317?_AfxMemCtor(mem=045d1670)
 afxClass<afxMaterial>::Mount(0460b048, 0460ac74, 00000000, 0f5bcfa8)
 afxClass<afxMesh>::Mount(0460b108, 0460ac74, 00000000, 0f5bd308)
 afxClass<afxNode>::Mount(0460b348, 0460ac74, 00000000, 0f5bc4f0)
 afxClass<afxSkeleton>::Mount(0460b288, 0460ac74, 00000000, 0f5bc898)
 afxClass<afxModel>::Mount(0460b1c8, 0460ac74, 00000000, 0f5bda64)
 afxClass<afxBody>::Mount(0460ac88, 0460ac74, 00000000, 0f5bb8b8)
 afxClass<afxBodyControl>::Mount(0460ad48, 0460ac74, 00000000, 0f5bbab4)
 afxClass<afxEntity>::Mount(0460ae08, 0460ac74, 0460b348, 0f5bbec0)
 afxClass<afxCamera>::Mount(0460aec8, 0460ac74, 0460b348, 0f5bbbe4)
 afxClass<afxLight>::Mount(0460af88, 0460ac74, 0460b348, 0f5bbfa4)
 afxClass<afxRenderer>::Mount(0460b408, 0460ac74, 00000000, 0f5bdf48)
 afxDrawOutput.c:137?AfxDrawContextAcquireOutput(dctx=045b97c0,spec=0026e610)
 afxClass<afxDrawOutput>::AllocateObjects(1, 0026e458, 0026e474)
 afxClass<afxDrawOutput>::BuildObjects(1, 0026e458, 0026e610)
 afxClass<afxDrawOutput>::ConstructObject(045cdd60)
 sglDrawOutput.c:518?_AfxDoutCtor(dout=045cdd60)
 afxSurface.c:12?AfxDrawContextAcquireSurface(dctx=045b97c0,fmt=4,whd=[1280,720,1],usage=16)
 ADV afxTexture.c:15?AfxTextureBlueprintReset
    texb->fcc == AFX_FCC_TEXB
 afxClass<afxSurface>::AllocateObjects(1, 0026da28, 0026da44)
 afxClass<afxSurface>::BuildObjects(1, 0026da28, 0026da50)
 afxClass<afxSurface, afxTexture>ConstructingObject(045cadd0)
 afxClass<afxTexture>::ConstructObject(045cadd0)
 sglTexture.c:1027?_AfxTexCtor(tex=045cadd0)
 afxClass<afxSurface>::ConstructObject(045cadd0)
 sglSurface.c:131?_AfxSurfCtor(surf=045cadd0)
 afxSurface.c:12?AfxDrawContextAcquireSurface(dctx=045b97c0,fmt=4,whd=[1280,720,1],usage=16)
 ADV afxTexture.c:15?AfxTextureBlueprintReset
    texb->fcc == AFX_FCC_TEXB
 afxClass<afxSurface>::AllocateObjects(1, 0026da28, 0026da44)
 afxClass<afxSurface>::BuildObjects(1, 0026da28, 0026da50)
 afxClass<afxSurface, afxTexture>ConstructingObject(045ce2c0)
 afxClass<afxTexture>::ConstructObject(045ce2c0)
 sglTexture.c:1027?_AfxTexCtor(tex=045ce2c0)
 afxClass<afxSurface>::ConstructObject(045ce2c0)
 sglSurface.c:131?_AfxSurfCtor(surf=045ce2c0)
 sglDrawOutput.c:470?_AfxStdDoutImplCtor(dout=045cdd60,uri=window)
 sglDrawOutput.c:321?_AfxStdDoutImplCtorWnd(dout=045cdd60)
 Extent readjusted. (dout)045cdd60 -> 1272, 0.000000 of 4238549670; 693 0.000009 of 73114224
 afxClass<afxRenderer>::AllocateObjects(1, 00295044, 0026e480)
 afxClass<afxRenderer>::BuildObjects(1, 00295044, 00000000)
 afxClass<afxRenderer>::ConstructObject(045c3c30)
 afxRenderer.c:318?_AfxRndCtor(rnd=045c3c30)
 afxDrawInput.c:102?AfxDrawContextAcquireInput(dctx=045b97c0,spec=0026e188)
 afxClass<afxDrawInput>::AllocateObjects(1, 0026d420, 0026d43c)
 afxClass<afxDrawInput>::BuildObjects(1, 0026d420, 0026e188)
 afxClass<afxDrawInput>::ConstructObject(046107e0)
 sglDrawInput.c:321?_AfxDinCtor(din=046107e0)
 afxArena.c:822?AfxSystemAcquireArena(sys=004af080,strategy=0026d098,hint="sglDrawInput.c:357!_AfxDinCtor")
 afxClass<Memory Arena>::AllocateObjects(1, 0026cfe4, 0026cff4)
 afxClass<Memory Arena>::BuildObjects(1, 0026cfe4, 0026cfd8)
 afxClass<Memory Arena, afxMemory>ConstructingObject(04610930)
 afxClass<afxMemory>::ConstructObject(04610930)
 afxMemory.c:317?_AfxMemCtor(mem=04610930)
 afxClass<Memory Arena>::ConstructObject(04610930)
 afxArena.c:799?_AfxArenCtor(aren=04610930)
 ADV afxTexture.c:15?AfxTextureBlueprintReset
    texb->fcc == AFX_FCC_TEXB
 afxTexture.c:401?AfxDrawContextBuildTextures(dctx=045b97c0,cnt=1,blueprint=0026db60,tex=045c5d98)
 afxClass<afxTexture>::AllocateObjects(1, 045c5d98, 0026d40c)
 afxClass<afxTexture>::BuildObjects(1, 045c5d98, 0026db60)
 afxClass<afxTexture>::ConstructObject(04610c30)
 sglTexture.c:1027?_AfxTexCtor(tex=04610c30)
 afxFile.c:273?AfxFileSystemOpenFile(Afx.FileSystem.OpenFile(004b0f30,00000001,art/skybox/day/right.tga))
 afxClass<afxFile>::AllocateObjects(1, 0026cc64, 0026cc74)
 afxClass<afxFile>::BuildObjects(1, 0026cc64, 0026cc50)
 afxClass<afxFile, afxStream>ConstructingObject(045c8fa0)
 afxClass<afxStream>::ConstructObject(045c8fa0)
 afxClass<afxFile>::ConstructObject(045c8fa0)
 afxClass<afxFile>::DismantleObjects(1, 0026ccc8)
 Destructing instance 045c8fa0 of afxFile class.
 Destructing instance 045c8fa0 of afxFile : afxStream class.
 Destructing instance 045c8fa0 of afxStream class.
 afxClass<afxFile>::DeallocateObjects(1, 0026ccc8)
 afxFile.c:273?AfxFileSystemOpenFile(Afx.FileSystem.OpenFile(004b0f30,00000001,art/skybox/day/left.tga))
 afxClass<afxFile>::AllocateObjects(1, 0026cc64, 0026cc74)
 afxClass<afxFile>::BuildObjects(1, 0026cc64, 0026cc50)
 afxClass<afxFile, afxStream>ConstructingObject(045c8fa0)
 afxClass<afxStream>::ConstructObject(045c8fa0)
 afxClass<afxFile>::ConstructObject(045c8fa0)
 afxClass<afxFile>::DismantleObjects(1, 0026ccc8)
 Destructing instance 045c8fa0 of afxFile class.
 Destructing instance 045c8fa0 of afxFile : afxStream class.
 Destructing instance 045c8fa0 of afxStream class.
 afxClass<afxFile>::DeallocateObjects(1, 0026ccc8)
 afxFile.c:273?AfxFileSystemOpenFile(Afx.FileSystem.OpenFile(004b0f30,00000001,art/skybox/day/bottom.tga))
 afxClass<afxFile>::AllocateObjects(1, 0026cc64, 0026cc74)
 afxClass<afxFile>::BuildObjects(1, 0026cc64, 0026cc50)
 afxClass<afxFile, afxStream>ConstructingObject(045c8fa0)
 afxClass<afxStream>::ConstructObject(045c8fa0)
 afxClass<afxFile>::ConstructObject(045c8fa0)
 afxClass<afxFile>::DismantleObjects(1, 0026ccc8)
 Destructing instance 045c8fa0 of afxFile class.
 Destructing instance 045c8fa0 of afxFile : afxStream class.
 Destructing instance 045c8fa0 of afxStream class.
 afxClass<afxFile>::DeallocateObjects(1, 0026ccc8)
 afxFile.c:273?AfxFileSystemOpenFile(Afx.FileSystem.OpenFile(004b0f30,00000001,art/skybox/day/top.tga))
 afxClass<afxFile>::AllocateObjects(1, 0026cc64, 0026cc74)
 afxClass<afxFile>::BuildObjects(1, 0026cc64, 0026cc50)
 afxClass<afxFile, afxStream>ConstructingObject(045c8fa0)
 afxClass<afxStream>::ConstructObject(045c8fa0)
 afxClass<afxFile>::ConstructObject(045c8fa0)
 afxClass<afxFile>::DismantleObjects(1, 0026ccc8)
 Destructing instance 045c8fa0 of afxFile class.
 Destructing instance 045c8fa0 of afxFile : afxStream class.
 Destructing instance 045c8fa0 of afxStream class.
 afxClass<afxFile>::DeallocateObjects(1, 0026ccc8)
 afxFile.c:273?AfxFileSystemOpenFile(Afx.FileSystem.OpenFile(004b0f30,00000001,art/skybox/day/front.tga))
 afxClass<afxFile>::AllocateObjects(1, 0026cc64, 0026cc74)
 afxClass<afxFile>::BuildObjects(1, 0026cc64, 0026cc50)
 afxClass<afxFile, afxStream>ConstructingObject(045c8fa0)
 afxClass<afxStream>::ConstructObject(045c8fa0)
 afxClass<afxFile>::ConstructObject(045c8fa0)
 afxClass<afxFile>::DismantleObjects(1, 0026ccc8)
 Destructing instance 045c8fa0 of afxFile class.
 Destructing instance 045c8fa0 of afxFile : afxStream class.
 Destructing instance 045c8fa0 of afxStream class.
 afxClass<afxFile>::DeallocateObjects(1, 0026ccc8)
 afxFile.c:273?AfxFileSystemOpenFile(Afx.FileSystem.OpenFile(004b0f30,00000001,art/skybox/day/back.tga))
 afxClass<afxFile>::AllocateObjects(1, 0026cc64, 0026cc74)
 afxClass<afxFile>::BuildObjects(1, 0026cc64, 0026cc50)
 afxClass<afxFile, afxStream>ConstructingObject(045c8fa0)
 afxClass<afxStream>::ConstructObject(045c8fa0)
 afxClass<afxFile>::ConstructObject(045c8fa0)
 afxClass<afxFile>::DismantleObjects(1, 0026ccc8)
 Destructing instance 045c8fa0 of afxFile class.
 Destructing instance 045c8fa0 of afxFile : afxStream class.
 Destructing instance 045c8fa0 of afxStream class.
 afxClass<afxFile>::DeallocateObjects(1, 0026ccc8)
 afxClass<afxVertexBuffer>::AllocateObjects(1, 045c5d94, 0026d3e8)
 afxClass<afxVertexBuffer>::BuildObjects(1, 045c5d94, 0026d3c0)
 afxClass<afxVertexBuffer, afxBuffer>ConstructingObject(04610de0)
 afxClass<afxBuffer>::ConstructObject(04610de0)
 sglBuffer.c:454?_AfxBufCtor(buf=04610de0)
 afxClass<afxVertexBuffer>::ConstructObject(04610de0)
 afxVertexBuffer.c:342?_AfxVbufCtor(vbuf=04610de0)
 Uploading draw operation 'data/pipeline/skybox.xml'
 afxXml.c:1036?AfxFileSystemLoadXml(uri=data/pipeline/skybox.xmlp)
 afxClass<afxXml>::AllocateObjects(1, 0026cd0c, 0026cd1c)
 afxClass<afxXml>::BuildObjects(1, 0026cd0c, 0026cd04)
 afxClass<afxXml>::ConstructObject(04610eb0)
 afxXml.c:995?_AfxXmlCtor(uri:data/pipeline/skybox.xml)
 afxFile.c:273?AfxFileSystemOpenFile(Afx.FileSystem.OpenFile(004b0f30,00000001,data/pipeline/skybox.xml))
 afxClass<afxFile>::AllocateObjects(1, 0026c984, 0026c994)
 afxClass<afxFile>::BuildObjects(1, 0026c984, 0026c970)
 afxClass<afxFile, afxStream>ConstructingObject(045c91a0)
 afxClass<afxStream>::ConstructObject(045c91a0)
 afxClass<afxFile>::ConstructObject(045c91a0)
 afxClass<afxFile>::DismantleObjects(1, 0026c9e8)
 Destructing instance 045c91a0 of afxFile class.
 Destructing instance 045c91a0 of afxFile : afxStream class.
 Destructing instance 045c91a0 of afxStream class.
 afxClass<afxFile>::DeallocateObjects(1, 0026c9e8)
 afxClass<afxDrawOperation>::AllocateObjects(1, 045c5dc0, 0026ccf8)
 afxClass<afxDrawOperation>::BuildObjects(1, 045c5dc0, 0026d134)
 afxClass<afxDrawOperation>::ConstructObject(046167d0)
 afxDrawOperation.c:574?_AfxDopCtor(dop=046167d0)
 afxPipeline.c:323?AfxDrawContextBuildPipelines(dctx=045b97c0)
 afxClass<afxPipeline>::AllocateObjects(1, 04643740, 0026c6a0)
 afxClass<afxPipeline>::BuildObjects(1, 04643740, 0026c78c)
 afxClass<afxPipeline>::ConstructObject(04616a70)
 sglPipeline.c:517?_AfxPipCtor(pip=04616a70)
 afxShader.c:487?AfxDrawContextAcquireShaders(dctx=045b97c0,cnt=1,uri=046169b0,shd=0026c11c)
 Uploading shader 'data/pipeline/skybox.xml?vs'
 afxXml.c:1036?AfxFileSystemLoadXml(uri=data/pipeline/skybox.xmlp)
 afxClass<afxXml>::AllocateObjects(1, 0026b7d8, 0026b7e8)
 afxClass<afxXml>::BuildObjects(1, 0026b7d8, 0026b7d0)
 afxClass<afxXml>::ConstructObject(04616d70)
 afxXml.c:995?_AfxXmlCtor(uri:data/pipeline/skybox.xml)
 afxFile.c:273?AfxFileSystemOpenFile(Afx.FileSystem.OpenFile(004b0f30,00000001,data/pipeline/skybox.xml))
 afxClass<afxFile>::AllocateObjects(1, 0026b450, 0026b460)
 afxClass<afxFile>::BuildObjects(1, 0026b450, 0026b43c)
 afxClass<afxFile, afxStream>ConstructingObject(045c91a0)
 afxClass<afxStream>::ConstructObject(045c91a0)
 afxClass<afxFile>::ConstructObject(045c91a0)
 afxClass<afxFile>::DismantleObjects(1, 0026b4b4)
 Destructing instance 045c91a0 of afxFile class.
 Destructing instance 045c91a0 of afxFile : afxStream class.
 Destructing instance 045c91a0 of afxStream class.
 afxClass<afxFile>::DeallocateObjects(1, 0026b4b4)
 afxFile.c:294?AfxFileSystemOpenReadableFile(Afx.FileSystem.OpenReadableFile(004b0f30,data/pipeline/stdEnv.inc))
 afxClass<afxFile>::AllocateObjects(1, 0026b52c, 0026b53c)
 afxClass<afxFile>::BuildObjects(1, 0026b52c, 0026b518)
 afxClass<afxFile, afxStream>ConstructingObject(045c91a0)
 afxClass<afxStream>::ConstructObject(045c91a0)
 afxClass<afxFile>::ConstructObject(045c91a0)
 afxClass<afxFile>::DismantleObjects(1, 0026b58c)
 Destructing instance 045c91a0 of afxFile class.
 Destructing instance 045c91a0 of afxFile : afxStream class.
 Destructing instance 045c91a0 of afxStream class.
 afxClass<afxFile>::DeallocateObjects(1, 0026b58c)
 afxFile.c:294?AfxFileSystemOpenReadableFile(Afx.FileSystem.OpenReadableFile(004b0f30,data/pipeline/stdView.inc))
 afxClass<afxFile>::AllocateObjects(1, 0026b52c, 0026b53c)
 afxClass<afxFile>::BuildObjects(1, 0026b52c, 0026b518)
 afxClass<afxFile, afxStream>ConstructingObject(045c91a0)
 afxClass<afxStream>::ConstructObject(045c91a0)
 afxClass<afxFile>::ConstructObject(045c91a0)
 afxClass<afxFile>::DismantleObjects(1, 0026b58c)
 Destructing instance 045c91a0 of afxFile class.
 Destructing instance 045c91a0 of afxFile : afxStream class.
 Destructing instance 045c91a0 of afxStream class.
 afxClass<afxFile>::DeallocateObjects(1, 0026b58c)
 afxShader.c:327?AfxDrawContextBuildShaders(dctx=045b97c0,cnt=1,blueprint=0026bc94,shd=0026c11c)
 afxClass<afxShader>::AllocateObjects(1, 0026c11c, 0026b7b8)
 afxClass<afxShader>::BuildObjects(1, 0026c11c, 0026bc94)
 afxClass<afxShader>::ConstructObject(04615950)
 sglShader.c:252?_AfxShdCtor(shd=04615950)
 #version 330 core // QWADRO. Engineered by SIGMA Technology Group.

#define afxInt int
#define afxNat uint

#define afxReal float

#define afxV2d vec2
#define afxV3d vec3
#define afxV4d vec4

#define afxM2d mat2
#define afxM3d mat3
#define afxM4d mat4

layout(std140) uniform sgl_view
{
    mat4 v;
    mat4 iv;
    mat4 p;
    mat4 ip;
    mat4 vp;
    mat4 ivp;
    vec4 viewpoint; // view point
    vec2 viewExtent;

    vec3 starDir;
    vec4 starPos;
    vec4 starKd;
};

        
        layout(location = 0) in vec3 a_xyz;

        out block
        {
            vec3 uvw0;
        } sgl_v;

        void main()
        {
            sgl_v.uvw0 = a_xyz;
            vec4 pos = p * v * vec4(a_xyz, 1.0);
            gl_Position = pos.xyww;
        }
       
 afxClass<afxXml>::DismantleObjects(1, 0026b83c)
 Destructing instance 04616d70 of afxXml class.
 afxXml.c:972?_AfxXmlDtor(xml=04616d70)
 afxClass<afxXml>::DeallocateObjects(1, 0026b83c)
 afxObject<04615950>::InstallEventFilter(04616a70)
 afxShader.c:487?AfxDrawContextAcquireShaders(dctx=045b97c0,cnt=1,uri=046169e8,shd=0026c11c)
 Uploading shader 'data/pipeline/skybox.xml?fs'
 afxXml.c:1036?AfxFileSystemLoadXml(uri=data/pipeline/skybox.xmlp)
 afxClass<afxXml>::AllocateObjects(1, 0026b7d8, 0026b7e8)
 afxClass<afxXml>::BuildObjects(1, 0026b7d8, 0026b7d0)
 afxClass<afxXml>::ConstructObject(04616d70)
 afxXml.c:995?_AfxXmlCtor(uri:data/pipeline/skybox.xml)
 afxFile.c:273?AfxFileSystemOpenFile(Afx.FileSystem.OpenFile(004b0f30,00000001,data/pipeline/skybox.xml))
 afxClass<afxFile>::AllocateObjects(1, 0026b450, 0026b460)
 afxClass<afxFile>::BuildObjects(1, 0026b450, 0026b43c)
 afxClass<afxFile, afxStream>ConstructingObject(045c91a0)
 afxClass<afxStream>::ConstructObject(045c91a0)
 afxClass<afxFile>::ConstructObject(045c91a0)
 afxClass<afxFile>::DismantleObjects(1, 0026b4b4)
 Destructing instance 045c91a0 of afxFile class.
 Destructing instance 045c91a0 of afxFile : afxStream class.
 Destructing instance 045c91a0 of afxStream class.
 afxClass<afxFile>::DeallocateObjects(1, 0026b4b4)
 afxFile.c:294?AfxFileSystemOpenReadableFile(Afx.FileSystem.OpenReadableFile(004b0f30,data/pipeline/stdEnv.inc))
 afxClass<afxFile>::AllocateObjects(1, 0026b52c, 0026b53c)
 afxClass<afxFile>::BuildObjects(1, 0026b52c, 0026b518)
 afxClass<afxFile, afxStream>ConstructingObject(045c91a0)
 afxClass<afxStream>::ConstructObject(045c91a0)
 afxClass<afxFile>::ConstructObject(045c91a0)
 afxClass<afxFile>::DismantleObjects(1, 0026b58c)
 Destructing instance 045c91a0 of afxFile class.
 Destructing instance 045c91a0 of afxFile : afxStream class.
 Destructing instance 045c91a0 of afxStream class.
 afxClass<afxFile>::DeallocateObjects(1, 0026b58c)
 afxShader.c:327?AfxDrawContextBuildShaders(dctx=045b97c0,cnt=1,blueprint=0026bc94,shd=0026c11c)
 afxClass<afxShader>::AllocateObjects(1, 0026c11c, 0026b7b8)
 afxClass<afxShader>::BuildObjects(1, 0026c11c, 0026bc94)
 afxClass<afxShader>::ConstructObject(04615e30)
 sglShader.c:252?_AfxShdCtor(shd=04615e30)
 #version 330 core // QWADRO. Engineered by SIGMA Technology Group.

#define afxInt int
#define afxNat uint

#define afxReal float

#define afxV2d vec2
#define afxV3d vec3
#define afxV4d vec4

#define afxM2d mat2
#define afxM3d mat3
#define afxM4d mat4

        
        uniform samplerCube samp;

        in block
        {
            vec3 uvw0;
        } sgl_v;

        out vec4 sgl_rgba;

        void main()
        {
            sgl_rgba = texture(samp, sgl_v.uvw0);
        }
       
 afxClass<afxXml>::DismantleObjects(1, 0026b83c)
 Destructing instance 04616d70 of afxXml class.
 afxXml.c:972?_AfxXmlDtor(xml=04616d70)
 afxClass<afxXml>::DeallocateObjects(1, 0026b83c)
 afxObject<04615e30>::InstallEventFilter(04616a70)
 afxLego.c:159?AfxDrawContextBuildLegos(dctx=045b97c0)
 afxClass<afxLego>::AllocateObjects(1, 045d1f64, 0026bf78)
 afxClass<afxLego>::BuildObjects(1, 045d1f64, 0026c2b4)
 afxClass<afxLego>::ConstructObject(04616d70)
 sglLego.c:275?_AfxLegtCtor(legt=04616d70)
 afxClass<afxXml>::DismantleObjects(1, 0026cd70)
 Destructing instance 04610eb0 of afxXml class.
 afxXml.c:972?_AfxXmlDtor(xml=04610eb0)
 afxClass<afxXml>::DeallocateObjects(1, 0026cd70)
 afxSampler.c:47?AfxDrawContextAcquireSamplers(dctx=045b97c0,spec=0026d6a0)
 afxClass<afxSampler>::AllocateObjects(1, 045c5dc4, 0026d394)
 afxClass<afxSampler>::BuildObjects(1, 045c5dc4, 0026d6a0)
 afxClass<afxSampler>::ConstructObject(04616920)
 sglSampler.c:184?_AfxSmpCtor(smp=04616920)
 afxClass<afxBuffer>::AllocateObjects(1, 045c4720, 0026d418)
 afxClass<afxBuffer>::BuildObjects(1, 045c4720, 0026d664)
 afxClass<afxBuffer>::ConstructObject(004b7910)
 sglBuffer.c:454?_AfxBufCtor(buf=004b7910)
 afxClass<afxBuffer>::AllocateObjects(1, 045c4724, 0026d418)
 afxClass<afxBuffer>::BuildObjects(1, 045c4724, 0026d670)
 afxClass<afxBuffer>::ConstructObject(004b79d0)
 sglBuffer.c:454?_AfxBufCtor(buf=004b79d0)
 afxClass<afxBuffer>::AllocateObjects(1, 045c4728, 0026d418)
 afxClass<afxBuffer>::BuildObjects(1, 045c4728, 0026d67c)
 afxClass<afxBuffer>::ConstructObject(004b7a90)
 sglBuffer.c:454?_AfxBufCtor(buf=004b7a90)
 afxClass<afxBuffer>::AllocateObjects(1, 045c472c, 0026d418)
 afxClass<afxBuffer>::BuildObjects(1, 045c472c, 0026d688)
 afxClass<afxBuffer>::ConstructObject(004b7b50)
 sglBuffer.c:454?_AfxBufCtor(buf=004b7b50)
 afxClass<afxBuffer>::AllocateObjects(1, 045c51a0, 0026d418)
 afxClass<afxBuffer>::BuildObjects(1, 045c51a0, 0026d664)
 afxClass<afxBuffer>::ConstructObject(004b7c10)
 sglBuffer.c:454?_AfxBufCtor(buf=004b7c10)
 afxClass<afxBuffer>::AllocateObjects(1, 045c51a4, 0026d418)
 afxClass<afxBuffer>::BuildObjects(1, 045c51a4, 0026d670)
 afxClass<afxBuffer>::ConstructObject(004b7cd0)
 sglBuffer.c:454?_AfxBufCtor(buf=004b7cd0)
 afxClass<afxBuffer>::AllocateObjects(1, 045c51a8, 0026d418)
 afxClass<afxBuffer>::BuildObjects(1, 045c51a8, 0026d67c)
 afxClass<afxBuffer>::ConstructObject(004b7d90)
 sglBuffer.c:454?_AfxBufCtor(buf=004b7d90)
 afxClass<afxBuffer>::AllocateObjects(1, 045c51ac, 0026d418)
 afxClass<afxBuffer>::BuildObjects(1, 045c51ac, 0026d688)
 afxClass<afxBuffer>::ConstructObject(004b7e50)
 sglBuffer.c:454?_AfxBufCtor(buf=004b7e50)
 Uploading draw operation 'data/pipeline/body.xml'
 afxXml.c:1036?AfxFileSystemLoadXml(uri=data/pipeline/body.xmlp)
 afxClass<afxXml>::AllocateObjects(1, 0026cd0c, 0026cd1c)
 afxClass<afxXml>::BuildObjects(1, 0026cd0c, 0026cd04)
 afxClass<afxXml>::ConstructObject(04616ed0)
 afxXml.c:995?_AfxXmlCtor(uri:data/pipeline/body.xml)
 afxFile.c:273?AfxFileSystemOpenFile(Afx.FileSystem.OpenFile(004b0f30,00000001,data/pipeline/body.xml))
 afxClass<afxFile>::AllocateObjects(1, 0026c984, 0026c994)
 afxClass<afxFile>::BuildObjects(1, 0026c984, 0026c970)
 afxClass<afxFile, afxStream>ConstructingObject(04742840)
 afxClass<afxStream>::ConstructObject(04742840)
 afxClass<afxFile>::ConstructObject(04742840)
 afxClass<afxFile>::DismantleObjects(1, 0026c9e8)
 Destructing instance 04742840 of afxFile class.
 Destructing instance 04742840 of afxFile : afxStream class.
 Destructing instance 04742840 of afxStream class.
 afxClass<afxFile>::DeallocateObjects(1, 0026c9e8)
 afxClass<afxDrawOperation>::AllocateObjects(1, 045c5dd8, 0026ccf8)
 afxClass<afxDrawOperation>::BuildObjects(1, 045c5dd8, 0026d134)
 afxClass<afxDrawOperation>::ConstructObject(04615cb0)
 afxDrawOperation.c:574?_AfxDopCtor(dop=04615cb0)
 afxPipeline.c:323?AfxDrawContextBuildPipelines(dctx=045b97c0)
 afxClass<afxPipeline>::AllocateObjects(1, 04643490, 0026c6a0)
 afxClass<afxPipeline>::BuildObjects(1, 04643490, 0026c78c)
 afxClass<afxPipeline>::ConstructObject(045ca2f0)
 sglPipeline.c:517?_AfxPipCtor(pip=045ca2f0)
 afxShader.c:487?AfxDrawContextAcquireShaders(dctx=045b97c0,cnt=1,uri=046156b0,shd=0026c11c)
 Uploading shader 'data/pipeline/body.xml?vsRigid'
 afxXml.c:1036?AfxFileSystemLoadXml(uri=data/pipeline/body.xmlp)
 afxClass<afxXml>::AllocateObjects(1, 0026b7d8, 0026b7e8)
 afxClass<afxXml>::BuildObjects(1, 0026b7d8, 0026b7d0)
 afxClass<afxXml>::ConstructObject(04615780)
 afxXml.c:995?_AfxXmlCtor(uri:data/pipeline/body.xml)
 afxFile.c:273?AfxFileSystemOpenFile(Afx.FileSystem.OpenFile(004b0f30,00000001,data/pipeline/body.xml))
 afxClass<afxFile>::AllocateObjects(1, 0026b450, 0026b460)
 afxClass<afxFile>::BuildObjects(1, 0026b450, 0026b43c)
 afxClass<afxFile, afxStream>ConstructingObject(04742840)
 afxClass<afxStream>::ConstructObject(04742840)
 afxClass<afxFile>::ConstructObject(04742840)
 afxClass<afxFile>::DismantleObjects(1, 0026b4b4)
 Destructing instance 04742840 of afxFile class.
 Destructing instance 04742840 of afxFile : afxStream class.
 Destructing instance 04742840 of afxStream class.
 afxClass<afxFile>::DeallocateObjects(1, 0026b4b4)
 afxFile.c:294?AfxFileSystemOpenReadableFile(Afx.FileSystem.OpenReadableFile(004b0f30,data/pipeline/stdEnv.inc))
 afxClass<afxFile>::AllocateObjects(1, 0026b52c, 0026b53c)
 afxClass<afxFile>::BuildObjects(1, 0026b52c, 0026b518)
 afxClass<afxFile, afxStream>ConstructingObject(04742840)
 afxClass<afxStream>::ConstructObject(04742840)
 afxClass<afxFile>::ConstructObject(04742840)
 afxClass<afxFile>::DismantleObjects(1, 0026b58c)
 Destructing instance 04742840 of afxFile class.
 Destructing instance 04742840 of afxFile : afxStream class.
 Destructing instance 04742840 of afxStream class.
 afxClass<afxFile>::DeallocateObjects(1, 0026b58c)
 afxFile.c:294?AfxFileSystemOpenReadableFile(Afx.FileSystem.OpenReadableFile(004b0f30,data/pipeline/stdView.inc))
 afxClass<afxFile>::AllocateObjects(1, 0026b52c, 0026b53c)
 afxClass<afxFile>::BuildObjects(1, 0026b52c, 0026b518)
 afxClass<afxFile, afxStream>ConstructingObject(04742840)
 afxClass<afxStream>::ConstructObject(04742840)
 afxClass<afxFile>::ConstructObject(04742840)
 afxClass<afxFile>::DismantleObjects(1, 0026b58c)
 Destructing instance 04742840 of afxFile class.
 Destructing instance 04742840 of afxFile : afxStream class.
 Destructing instance 04742840 of afxStream class.
 afxClass<afxFile>::DeallocateObjects(1, 0026b58c)
 afxFile.c:294?AfxFileSystemOpenReadableFile(Afx.FileSystem.OpenReadableFile(004b0f30,data/pipeline/stdObject.inc))
 afxClass<afxFile>::AllocateObjects(1, 0026b52c, 0026b53c)
 afxClass<afxFile>::BuildObjects(1, 0026b52c, 0026b518)
 afxClass<afxFile, afxStream>ConstructingObject(04742840)
 afxClass<afxStream>::ConstructObject(04742840)
 afxClass<afxFile>::ConstructObject(04742840)
 afxClass<afxFile>::DismantleObjects(1, 0026b58c)
 Destructing instance 04742840 of afxFile class.
 Destructing instance 04742840 of afxFile : afxStream class.
 Destructing instance 04742840 of afxStream class.
 afxClass<afxFile>::DeallocateObjects(1, 0026b58c)
 afxShader.c:327?AfxDrawContextBuildShaders(dctx=045b97c0,cnt=1,blueprint=0026bc94,shd=0026c11c)
 afxClass<afxShader>::AllocateObjects(1, 0026c11c, 0026b7b8)
 afxClass<afxShader>::BuildObjects(1, 0026c11c, 0026bc94)
 afxClass<afxShader>::ConstructObject(045ca820)
 sglShader.c:252?_AfxShdCtor(shd=045ca820)
 #version 330 core // QWADRO. Engineered by SIGMA Technology Group.

#define afxInt int
#define afxNat uint

#define afxReal float

#define afxV2d vec2
#define afxV3d vec3
#define afxV4d vec4

#define afxM2d mat2
#define afxM3d mat3
#define afxM4d mat4

layout(std140) uniform sgl_view
{
    mat4 v;
    mat4 iv;
    mat4 p;
    mat4 ip;
    mat4 vp;
    mat4 ivp;
    vec4 viewpoint; // view point
    vec2 viewExtent;

    vec3 starDir;
    vec4 starPos;
    vec4 starKd;
};

layout(std140) uniform sgl_obj
{
    int boneCnt;
    mat4 m;
    mat4 w[32];
};

        
        layout (location = 0) in vec4 aPos;
        layout (location = 1) in vec3 aNormal;
        layout (location = 2) in vec2 aUv;

        const vec4 AmbientColour = vec4(0.2, 0.2, 0.2, 0.2);
        
        out block
        {
            vec3 Position;
            vec4 Diffuse;
            vec2 Tex0;
        } sgl_v;

        void main()
        {
            vec3 ObjNormal = vec3(v * inverse(w[0]) * vec4(aNormal, 0));

            gl_Position = p * v * m * aPos;
            sgl_v.Tex0     = aUv;
            sgl_v.Diffuse  = starKd * (dot(ObjNormal, starDir)) + AmbientColour;
        }
       