
 afxDebug.c:363?AfxAttachDebugTerminal()
      ::::::::  :::       :::     :::     :::::::::  :::::::::   ::::::::      
     :+:    :+: :+:       :+:   :+: :+:   :+:    :+: :+:    :+: :+:    :+:     
     +:+    +:+ +:+       +:+  +:+   +:+  +:+    +:+ +:+    +:+ +:+    +:+     
     +#+    +:+ +#+  +:+  +#+ +#++:++#++: +#+    +:+ +#++:++#:  +#+    +:+     
     +#+  # +#+ +#+ +#+#+ +#+ +#+     +#+ +#+    +#+ +#+    +#+ +#+    +#+     
     #+#   +#+   #+#+# #+#+#  #+#     #+# #+#    #+# #+#    #+# #+#    #+#     
      ###### ###  ###   ###   ###     ### #########  ###    ###  ########      
                                                                               
             S I G M A   C O . ,   T E C H N O L O G Y   G R O U P             
                                                                             
                                    4D AFX                                   
                              Public Test Build                              
                     (c) 2017 SIGMA Co., Technology Group                    
                               www.sigmaco.org                               
                                                                             
                                                                             
 afxClass<afxSystem>::Mount(0f812e00, 00000000, 00000000, 0f7f1684)
 afxClass<afxSystem>::AllocateObjects(1, 003eef98, 003eefa8)
 afxClass<afxSystem>::BuildObjects(1, 003eef98, 00000000)
 afxClass<afxSystem>::ConstructObject(0081f080)
 afxSystem.c:814?_AfxSysCtor(sys=0081f080)
 ADV afxSystem.c:830?_AfxSysCtor
    Memoy page size: 4096
 ADV afxSystem.c:831?_AfxSysCtor
    Logical processor count: 2
 afxClass<afxMemory>::Mount(0081f0cc, 0081f0b4, 00000000, 0f7f5ae0)
 afxClass<Memory Arena>::Mount(0081f18c, 0081f0b4, 0081f0cc, 0f7f5460)
 afxMemory.c:259?AfxSystemAcquireMemory(sys=0081f080,strategy=003ee098,hint="afxSystem.c:849!_AfxSysCtor")
 afxClass<afxMemory>::AllocateObjects(1, 003edf4c, 003edf5c)
 afxClass<afxMemory>::BuildObjects(1, 003edf4c, 003edf40)
 afxClass<afxMemory>::ConstructObject(0081f8c0)
 afxMemory.c:317?_AfxMemCtor(mem=0081f8c0)
 afxClass<afxThread>::Mount(0081f24c, 0081f0b4, 00000000, 0f7f1d58)
 afxClass<afxFileSystem>::Mount(0081f30c, 0081f0b4, 00000000, 0f7f3214)
 afxFileSystem.c:597?AfxSystemAcquireFileSystem(Afx.System.AcquireFileSystem(0081f080,6,003ee244))
 afxClass<afxFileSystem>::AllocateObjects(1, 003edf34, 003edf44)
 afxClass<afxFileSystem>::BuildObjects(1, 003edf34, 003ee068)
 afxClass<afxFileSystem>::ConstructObject(0081ff00)
 afxFileSystem.c:656?_AfxFsysCtor(fsys=0081ff00)
 afxClass<afxStream>::Mount(0081ff50, 0081ff38, 00000000, 0f7f4634)
 afxClass<afxFile>::Mount(00820010, 0081ff38, 0081ff50, 0f7f2f90)
 afxClass<afxArchive>::Mount(008200d0, 0081ff38, 00820010, 0f7f2934)
 afxClass<afxResource>::Mount(00820310, 0081ff38, 00000000, 0f7f4494)
 afxClass<afxXml>::Mount(00820190, 0081ff38, 00000000, 0f7f4b2c)
 afxClass<afxUrd>::Mount(00820250, 0081ff38, 00000000, 0f7f4a4c)
 afxFileSystem.c:396?AfxFileSystemMountStoragePoints(Afx.FileSystem.MountStoragePoints(0081ff00,6,003ee244))
 Point "." 5 mounted -> "E:/qwadro/afx".
 Point "system" 5 mounted -> "E:/qwadro/afx/system32".
 Point "sound" 5 mounted -> "E:/qwadro/afx/sound".
 Point "tmp" 7 mounted -> "E:/qwadro/afx/tmp".
 Point "data" 5 mounted -> "E:/qwadro/afx/data".
 Point "art" 5 mounted -> "E:/qwadro/afx/art".
 afxClass<afxModule>::Mount(0081f3cc, 0081f0b4, 00000000, 0f7eff08)
 afxModule.c:71?AfxSystemAcquireModule(sys=0081f080,uri=system/e2coree.dll)
 afxClass<afxModule>::AllocateObjects(1, 003edf00, 003edf34)
 afxClass<afxModule>::BuildObjects(1, 003edf00, 003ee17c)
 afxClass<afxModule>::ConstructObject(00823b10)
 afxModule.c:140?_AfxMdleCtor(uri:system/e2coree.dll)
 afxClass<afxHid>::Mount(0081f48c, 0081f0b4, 00000000, 0f7f372c)
 afxClass<afxKeyboard>::Mount(0081f54c, 0081f0b4, 0081f48c, 0f7f402c)
 afxClass<afxMouse>::Mount(0081f60c, 0081f0b4, 0081f48c, 0f7f41ec)
 afxClass<afxDrawSystem>::Mount(0081f6cc, 0081f0b4, 00000000, 0f7f92d4)
 afxClass<afxApplication>::Mount(0081f78c, 0081f0b4, 00000000, 0f7ef000)
 afxKeyboard.c:165?AfxSystemAcquireKeyboard(sys=0081f080,port=0)
 afxClass<afxKeyboard>::AllocateObjects(1, 003edf58, 003edf68)
 afxClass<afxKeyboard>::BuildObjects(1, 003edf58, 003edf50)
 afxClass<afxKeyboard, afxHid>ConstructingObject(00821980)
 afxClass<afxHid>::ConstructObject(00821980)
 afxHid.c:75?_AfxHidCtor(hid=00821980)
 afxClass<afxKeyboard>::ConstructObject(00821980)
 afxKeyboard.c:221?_AfxKbdCtor(kbd=00821980)
 afxDrawSystem.c:317?AfxSystemAcquireDrawSystem(sys=0081f080)
 afxClass<afxDrawSystem>::AllocateObjects(1, 003eef94, 003eefa4)
 afxClass<afxDrawSystem>::BuildObjects(1, 003eef94, 003ef098)
 afxClass<afxDrawSystem>::ConstructObject(00823c30)
 afxDrawSystem.c:415?_AfxDsysCtor(dsys=00823c30)
 afxClass<afxDrawDriver>::Mount(00823c78, 00823c64, 00000000, 0f7f7e20)
New texture codec registered.
Name: SIGGL
Author: SIGMA Technology Group
Version: 0.5.1
Note: 
    :::::::::::     :::     :::::::::   ::::::::      :::        
        :+:       :+: :+:   :+:    :+: :+:    :+:   :+: :+:      
        +:+      +:+   +:+  +:+    +:+ +:+         +:+   +:+     
        +#+     +#++:++#++: +#++:++#:  :#:        +#++:++#++:    
        +#+     +#+     +#+ +#+    +#+ +#+   +#+# +#+     +#+    
        #+#     #+#     #+# #+#    #+# #+#    #+# #+#     #+#    
        ###     ###     ### ###    ###  ########  ###     ###    
                                                                 
                      SIGMA Technology Group                     
 Truecolor Targa texture serializer installed!
 afxModule.c:71?AfxSystemAcquireModule(sys=0081f080,uri=e2draw.icd)
 afxClass<afxModule>::AllocateObjects(1, 003eeac8, 003eeafc)
 afxClass<afxModule>::BuildObjects(1, 003eeac8, 003eebdc)
 afxClass<afxModule>::ConstructObject(00823e70)
 afxModule.c:140?_AfxMdleCtor(uri:e2draw.icd)
 Listing mem available display devices...

 #0 = Intel(R) HD Graphics (\\.\DISPLAY1) 8000005
 #1 = RDPDD Chained DD (\\.\DISPLAYV1) 200008
 #2 = RDP Encoder Mirror Driver (\\.\DISPLAYV2) 200008
 #3 = RDP Reflector Display Driver (\\.\DISPLAYV3) 200008
 sglDriver.c:1281?_SglCreateCombinedDeviceContext(oglWndClss=008257d0,shareCtx=00000000,phwnd=00825800,phdc=00825804,phrc=0082580c)
 sglDriver.c:786?_SglLoadVmt(vmt=00825810,verMajor=1,verMinor=0)
 glCullFace @ 0 found.
 glFrontFace @ 1 found.
 glHint @ 2 found.
 glLineWidth @ 3 found.
 glPointSize @ 4 found.
 glPolygonMode @ 5 found.
 glScissor @ 6 found.
 glTexParameterf @ 7 found.
 glTexParameterfv @ 8 found.
 glTexParameteri @ 9 found.
 glTexParameteriv @ 10 found.
 glTexImage1D @ 11 found.
 glTexImage2D @ 12 found.
 glDrawBuffer @ 13 found.
 glClear @ 14 found.
 glClearColor @ 15 found.
 glClearStencil @ 16 found.
 glClearDepth @ 17 found.
 glStencilMask @ 18 found.
 glColorMask @ 19 found.
 glDepthMask @ 20 found.
 glDisable @ 21 found.
 glEnable @ 22 found.
 glFinish @ 23 found.
 glFlush @ 24 found.
 glBlendFunc @ 25 found.
 glLogicOp @ 26 found.
 glStencilFunc @ 27 found.
 glStencilOp @ 28 found.
 glDepthFunc @ 29 found.
 glPixelStoref @ 30 found.
 glPixelStorei @ 31 found.
 glReadBuffer @ 32 found.
 glReadPixels @ 33 found.
 glGetBooleanv @ 34 found.
 glGetDoublev @ 35 found.
 glGetError @ 36 found.
 glGetFloatv @ 37 found.
 glGetIntegerv @ 38 found.
 glGetString @ 39 found.
 glGetTexImage @ 40 found.
 glGetTexParameterfv @ 41 found.
 glGetTexParameteriv @ 42 found.
 glGetTexLevelParameterfv @ 43 found.
 glGetTexLevelParameteriv @ 44 found.
 glIsEnabled @ 45 found.
 glDepthRange @ 46 found.
 glViewport @ 47 found.
 sglDriver.c:786?_SglLoadVmt(vmt=00825810,verMajor=4,verMinor=6)
 glCullFace @ 0 found.
 glFrontFace @ 1 found.
 glHint @ 2 found.
 glLineWidth @ 3 found.
 glPointSize @ 4 found.
 glPolygonMode @ 5 found.
 glScissor @ 6 found.
 glTexParameterf @ 7 found.
 glTexParameterfv @ 8 found.
 glTexParameteri @ 9 found.
 glTexParameteriv @ 10 found.
 glTexImage1D @ 11 found.
 glTexImage2D @ 12 found.
 glDrawBuffer @ 13 found.
 glClear @ 14 found.
 glClearColor @ 15 found.
 glClearStencil @ 16 found.
 glClearDepth @ 17 found.
 glStencilMask @ 18 found.
 glColorMask @ 19 found.
 glDepthMask @ 20 found.
 glDisable @ 21 found.
 glEnable @ 22 found.
 glFinish @ 23 found.
 glFlush @ 24 found.
 glBlendFunc @ 25 found.
 glLogicOp @ 26 found.
 glStencilFunc @ 27 found.
 glStencilOp @ 28 found.
 glDepthFunc @ 29 found.
 glPixelStoref @ 30 found.
 glPixelStorei @ 31 found.
 glReadBuffer @ 32 found.
 glReadPixels @ 33 found.
 glGetBooleanv @ 34 found.
 glGetDoublev @ 35 found.
 glGetError @ 36 found.
 glGetFloatv @ 37 found.
 glGetIntegerv @ 38 found.
 glGetString @ 39 found.
 glGetTexImage @ 40 found.
 glGetTexParameterfv @ 41 found.
 glGetTexParameteriv @ 42 found.
 glGetTexLevelParameterfv @ 43 found.
 glGetTexLevelParameteriv @ 44 found.
 glIsEnabled @ 45 found.
 glDepthRange @ 46 found.
 glViewport @ 47 found.
 glDrawArrays @ 48 found.
 glDrawElements @ 49 found.
 glGetPointerv @ 50 found.
 glPolygonOffset @ 51 found.
 glCopyTexImage1D @ 52 found.
 glCopyTexImage2D @ 53 found.
 glCopyTexSubImage1D @ 54 found.
 glCopyTexSubImage2D @ 55 found.
 glTexSubImage1D @ 56 found.
 glTexSubImage2D @ 57 found.
 glBindTexture @ 58 found.
 glDeleteTextures @ 59 found.
 glGenTextures @ 60 found.
 glIsTexture @ 61 found.
 glDrawRangeElements @ 62 found.
 glTexImage3D @ 63 found.
 glTexSubImage3D @ 64 found.
 glCopyTexSubImage3D @ 65 found.
 glActiveTexture @ 66 found.
 glSampleCoverage @ 67 found.
 glCompressedTexImage3D @ 68 found.
 glCompressedTexImage2D @ 69 found.
 glCompressedTexImage1D @ 70 found.
 glCompressedTexSubImage3D @ 71 found.
 glCompressedTexSubImage2D @ 72 found.
 glCompressedTexSubImage1D @ 73 found.
 glGetCompressedTexImage @ 74 found.
 glBlendFuncSeparate @ 75 found.
 glMultiDrawArrays @ 76 found.
 glMultiDrawElements @ 77 found.
 glPointParameterf @ 78 found.
 glPointParameterfv @ 79 found.
 glPointParameteri @ 80 found.
 glPointParameteriv @ 81 found.
 glBlendColor @ 82 found.
 glBlendEquation @ 83 found.
 glGenQueries @ 84 found.
 glDeleteQueries @ 85 found.
 glIsQuery @ 86 found.
 glBeginQuery @ 87 found.
 glEndQuery @ 88 found.
 glGetQueryiv @ 89 found.
 glGetQueryObjectiv @ 90 found.
 glGetQueryObjectuiv @ 91 found.
 glBindBuffer @ 92 found.
 glDeleteBuffers @ 93 found.
 glGenBuffers @ 94 found.
 glIsBuffer @ 95 found.
 glBufferData @ 96 found.
 glBufferSubData @ 97 found.
 glGetBufferSubData @ 98 found.
 glMapBuffer @ 99 found.
 glUnmapBuffer @ 100 found.
 glGetBufferParameteriv @ 101 found.
 glGetBufferPointerv @ 102 found.
 glBlendEquationSeparate @ 103 found.
 glDrawBuffers @ 104 found.
 glStencilOpSeparate @ 105 found.
 glStencilFuncSeparate @ 106 found.
 glStencilMaskSeparate @ 107 found.
 glAttachShader @ 108 found.
 glBindAttribLocation @ 109 found.
 glCompileShader @ 110 found.
 glCreateProgram @ 111 found.
 glCreateShader @ 112 found.
 glDeleteProgram @ 113 found.
 glDeleteShader @ 114 found.
 glDetachShader @ 115 found.
 glDisableVertexAttribArray @ 116 found.
 glEnableVertexAttribArray @ 117 found.
 glGetActiveAttrib @ 118 found.
 glGetActiveUniform @ 119 found.
 glGetAttachedShaders @ 120 found.
 glGetAttribLocation @ 121 found.
 glGetProgramiv @ 122 found.
 glGetProgramInfoLog @ 123 found.
 glGetShaderiv @ 124 found.
 glGetShaderInfoLog @ 125 found.
 glGetShaderSource @ 126 found.
 glGetUniformLocation @ 127 found.
 glGetUniformfv @ 128 found.
 glGetUniformiv @ 129 found.
 glGetVertexAttribdv @ 130 found.
 glGetVertexAttribfv @ 131 found.
 glGetVertexAttribiv @ 132 found.
 glGetVertexAttribPointerv @ 133 found.
 glIsProgram @ 134 found.
 glIsShader @ 135 found.
 glLinkProgram @ 136 found.
 glShaderSource @ 137 found.
 glUseProgram @ 138 found.
 glUniform1f @ 139 found.
 glUniform2f @ 140 found.
 glUniform3f @ 141 found.
 glUniform4f @ 142 found.
 glUniform1i @ 143 found.
 glUniform2i @ 144 found.
 glUniform3i @ 145 found.
 glUniform4i @ 146 found.
 glUniform1fv @ 147 found.
 glUniform2fv @ 148 found.
 glUniform3fv @ 149 found.
 glUniform4fv @ 150 found.
 glUniform1iv @ 151 found.
 glUniform2iv @ 152 found.
 glUniform3iv @ 153 found.
 glUniform4iv @ 154 found.
 glUniformMatrix2fv @ 155 found.
 glUniformMatrix3fv @ 156 found.
 glUniformMatrix4fv @ 157 found.
 glValidateProgram @ 158 found.
 glVertexAttrib1d @ 159 found.
 glVertexAttrib1dv @ 160 found.
 glVertexAttrib1f @ 161 found.
 glVertexAttrib1fv @ 162 found.
 glVertexAttrib1s @ 163 found.
 glVertexAttrib1sv @ 164 found.
 glVertexAttrib2d @ 165 found.
 glVertexAttrib2dv @ 166 found.
 glVertexAttrib2f @ 167 found.
 glVertexAttrib2fv @ 168 found.
 glVertexAttrib2s @ 169 found.
 glVertexAttrib2sv @ 170 found.
 glVertexAttrib3d @ 171 found.
 glVertexAttrib3dv @ 172 found.
 glVertexAttrib3f @ 173 found.
 glVertexAttrib3fv @ 174 found.
 glVertexAttrib3s @ 175 found.
 glVertexAttrib3sv @ 176 found.
 glVertexAttrib4Nbv @ 177 found.
 glVertexAttrib4Niv @ 178 found.
 glVertexAttrib4Nsv @ 179 found.
 glVertexAttrib4Nub @ 180 found.
 glVertexAttrib4Nubv @ 181 found.
 glVertexAttrib4Nuiv @ 182 found.
 glVertexAttrib4Nusv @ 183 found.
 glVertexAttrib4bv @ 184 found.
 glVertexAttrib4d @ 185 found.
 glVertexAttrib4dv @ 186 found.
 glVertexAttrib4f @ 187 found.
 glVertexAttrib4fv @ 188 found.
 glVertexAttrib4iv @ 189 found.
 glVertexAttrib4s @ 190 found.
 glVertexAttrib4sv @ 191 found.
 glVertexAttrib4ubv @ 192 found.
 glVertexAttrib4uiv @ 193 found.
 glVertexAttrib4usv @ 194 found.
 glVertexAttribPointer @ 195 found.
 glUniformMatrix2x3fv @ 196 found.
 glUniformMatrix3x2fv @ 197 found.
 glUniformMatrix2x4fv @ 198 found.
 glUniformMatrix4x2fv @ 199 found.
 glUniformMatrix3x4fv @ 200 found.
 glUniformMatrix4x3fv @ 201 found.
 glColorMaski @ 202 found.
 glGetBooleani_v @ 203 found.
 glGetIntegeri_v @ 204 found.
 glEnablei @ 205 found.
 glDisablei @ 206 found.
 glIsEnabledi @ 207 found.
 glBeginTransformFeedback @ 208 found.
 glEndTransformFeedback @ 209 found.
 glBindBufferRange @ 210 found.
 glBindBufferBase @ 211 found.
 glTransformFeedbackVaryings @ 212 found.
 glGetTransformFeedbackVarying @ 213 found.
 glClampColor @ 214 found.
 glBeginConditionalRender @ 215 found.
 glEndConditionalRender @ 216 found.
 glVertexAttribIPointer @ 217 found.
 glGetVertexAttribIiv @ 218 found.
 glGetVertexAttribIuiv @ 219 found.
 glVertexAttribI1i @ 220 found.
 glVertexAttribI2i @ 221 found.
 glVertexAttribI3i @ 222 found.
 glVertexAttribI4i @ 223 found.
 glVertexAttribI1ui @ 224 found.
 glVertexAttribI2ui @ 225 found.
 glVertexAttribI3ui @ 226 found.
 glVertexAttribI4ui @ 227 found.
 glVertexAttribI1iv @ 228 found.
 glVertexAttribI2iv @ 229 found.
 glVertexAttribI3iv @ 230 found.
 glVertexAttribI4iv @ 231 found.
 glVertexAttribI1uiv @ 232 found.
 glVertexAttribI2uiv @ 233 found.
 glVertexAttribI3uiv @ 234 found.
 glVertexAttribI4uiv @ 235 found.
 glVertexAttribI4bv @ 236 found.
 glVertexAttribI4sv @ 237 found.
 glVertexAttribI4ubv @ 238 found.
 glVertexAttribI4usv @ 239 found.
 glGetUniformuiv @ 240 found.
 glBindFragDataLocation @ 241 found.
 glGetFragDataLocation @ 242 found.
 glUniform1ui @ 243 found.
 glUniform2ui @ 244 found.
 glUniform3ui @ 245 found.
 glUniform4ui @ 246 found.
 glUniform1uiv @ 247 found.
 glUniform2uiv @ 248 found.
 glUniform3uiv @ 249 found.
 glUniform4uiv @ 250 found.
 glTexParameterIiv @ 251 found.
 glTexParameterIuiv @ 252 found.
 glGetTexParameterIiv @ 253 found.
 glGetTexParameterIuiv @ 254 found.
 glClearBufferiv @ 255 found.
 glClearBufferuiv @ 256 found.
 glClearBufferfv @ 257 found.
 glClearBufferfi @ 258 found.
 glGetStringi @ 259 found.
 glIsRenderbuffer @ 260 found.
 glBindRenderbuffer @ 261 found.
 glDeleteRenderbuffers @ 262 found.
 glGenRenderbuffers @ 263 found.
 glRenderbufferStorage @ 264 found.
 glGetRenderbufferParameteriv @ 265 found.
 glIsFramebuffer @ 266 found.
 glBindFramebuffer @ 267 found.
 glDeleteFramebuffers @ 268 found.
 glGenFramebuffers @ 269 found.
 glCheckFramebufferStatus @ 270 found.
 glFramebufferTexture1D @ 271 found.
 glFramebufferTexture2D @ 272 found.
 glFramebufferTexture3D @ 273 found.
 glFramebufferRenderbuffer @ 274 found.
 glGetFramebufferAttachmentParameteriv @ 275 found.
 glGenerateMipmap @ 276 found.
 glBlitFramebuffer @ 277 found.
 glRenderbufferStorageMultisample @ 278 found.
 glFramebufferTextureLayer @ 279 found.
 glMapBufferRange @ 280 found.
 glFlushMappedBufferRange @ 281 found.
 glBindVertexArray @ 282 found.
 glDeleteVertexArrays @ 283 found.
 glGenVertexArrays @ 284 found.
 glIsVertexArray @ 285 found.
 glDrawArraysInstanced @ 286 found.
 glDrawElementsInstanced @ 287 found.
 glTexBuffer @ 288 found.
 glPrimitiveRestartIndex @ 289 found.
 glCopyBufferSubData @ 290 found.
 glGetUniformIndices @ 291 found.
 glGetActiveUniformsiv @ 292 found.
 glGetActiveUniformName @ 293 found.
 glGetUniformBlockIndex @ 294 found.
 glGetActiveUniformBlockiv @ 295 found.
 glGetActiveUniformBlockName @ 296 found.
 glUniformBlockBinding @ 297 found.
 glDrawElementsBaseVertex @ 298 found.
 glDrawRangeElementsBaseVertex @ 299 found.
 glDrawElementsInstancedBaseVertex @ 300 found.
 glMultiDrawElementsBaseVertex @ 301 found.
 glProvokingVertex @ 302 found.
 glFenceSync @ 303 found.
 glIsSync @ 304 found.
 glDeleteSync @ 305 found.
 glClientWaitSync @ 306 found.
 glWaitSync @ 307 found.
 glGetInteger64v @ 308 found.
 glGetSynciv @ 309 found.
 glGetInteger64i_v @ 310 found.
 glGetBufferParameteri64v @ 311 found.
 glFramebufferTexture @ 312 found.
 glTexImage2DMultisample @ 313 found.
 glTexImage3DMultisample @ 314 found.
 glGetMultisamplefv @ 315 found.
 glSampleMaski @ 316 found.
 glBindFragDataLocationIndexed @ 317 found.
 glGetFragDataIndex @ 318 found.
 glGenSamplers @ 319 found.
 glDeleteSamplers @ 320 found.
 glIsSampler @ 321 found.
 glBindSampler @ 322 found.
 glSamplerParameteri @ 323 found.
 glSamplerParameteriv @ 324 found.
 glSamplerParameterf @ 325 found.
 glSamplerParameterfv @ 326 found.
 glSamplerParameterIiv @ 327 found.
 glSamplerParameterIuiv @ 328 found.
 glGetSamplerParameteriv @ 329 found.
 glGetSamplerParameterIiv @ 330 found.
 glGetSamplerParameterfv @ 331 found.
 glGetSamplerParameterIuiv @ 332 found.
 glQueryCounter @ 333 found.
 glGetQueryObjecti64v @ 334 found.
 glGetQueryObjectui64v @ 335 found.
 glVertexAttribDivisor @ 336 found.
 glVertexAttribP1ui @ 337 found.
 glVertexAttribP1uiv @ 338 found.
 glVertexAttribP2ui @ 339 found.
 glVertexAttribP2uiv @ 340 found.
 glVertexAttribP3ui @ 341 found.
 glVertexAttribP3uiv @ 342 found.
 glVertexAttribP4ui @ 343 found.
 glVertexAttribP4uiv @ 344 found.
 glMinSampleShading @ 345 found.
 glBlendEquationi @ 346 found.
 glBlendEquationSeparatei @ 347 found.
 glBlendFunci @ 348 found.
 glBlendFuncSeparatei @ 349 found.
 glDrawArraysIndirect @ 350 found.
 glDrawElementsIndirect @ 351 found.
 glUniform1d @ 352 found.
 glUniform2d @ 353 found.
 glUniform3d @ 354 found.
 glUniform4d @ 355 found.
 glUniform1dv @ 356 found.
 glUniform2dv @ 357 found.
 glUniform3dv @ 358 found.
 glUniform4dv @ 359 found.
 glUniformMatrix2dv @ 360 found.
 glUniformMatrix3dv @ 361 found.
 glUniformMatrix4dv @ 362 found.
 glUniformMatrix2x3dv @ 363 found.
 glUniformMatrix2x4dv @ 364 found.
 glUniformMatrix3x2dv @ 365 found.
 glUniformMatrix3x4dv @ 366 found.
 glUniformMatrix4x2dv @ 367 found.
 glUniformMatrix4x3dv @ 368 found.
 glGetUniformdv @ 369 found.
 glGetSubroutineUniformLocation @ 370 found.
 glGetSubroutineIndex @ 371 found.
 glGetActiveSubroutineUniformiv @ 372 found.
 glGetActiveSubroutineUniformName @ 373 found.
 glGetActiveSubroutineName @ 374 found.
 glUniformSubroutinesuiv @ 375 found.
 glGetUniformSubroutineuiv @ 376 found.
 glGetProgramStageiv @ 377 found.
 glPatchParameteri @ 378 found.
 glPatchParameterfv @ 379 found.
 glBindTransformFeedback @ 380 found.
 glDeleteTransformFeedbacks @ 381 found.
 glGenTransformFeedbacks @ 382 found.
 glIsTransformFeedback @ 383 found.
 glPauseTransformFeedback @ 384 found.
 glResumeTransformFeedback @ 385 found.
 glDrawTransformFeedback @ 386 found.
 glDrawTransformFeedbackStream @ 387 found.
 glBeginQueryIndexed @ 388 found.
 glEndQueryIndexed @ 389 found.
 glGetQueryIndexediv @ 390 found.
 glReleaseShaderCompiler @ 391 found.
 glShaderBinary @ 392 found.
 glGetShaderPrecisionFormat @ 393 found.
 glDepthRangef @ 394 found.
 glClearDepthf @ 395 found.
 glGetProgramBinary @ 396 found.
 glProgramBinary @ 397 found.
 glProgramParameteri @ 398 found.
 glUseProgramStages @ 399 found.
 glActiveShaderProgram @ 400 found.
 glCreateShaderProgramv @ 401 found.
 glBindProgramPipeline @ 402 found.
 glDeleteProgramPipelines @ 403 found.
 glGenProgramPipelines @ 404 found.
 glIsProgramPipeline @ 405 found.
 glGetProgramPipelineiv @ 406 found.
 glProgramUniform1i @ 407 found.
 glProgramUniform1iv @ 408 found.
 glProgramUniform1f @ 409 found.
 glProgramUniform1fv @ 410 found.
 glProgramUniform1d @ 411 found.
 glProgramUniform1dv @ 412 found.
 glProgramUniform1ui @ 413 found.
 glProgramUniform1uiv @ 414 found.
 glProgramUniform2i @ 415 found.
 glProgramUniform2iv @ 416 found.
 glProgramUniform2f @ 417 found.
 glProgramUniform2fv @ 418 found.
 glProgramUniform2d @ 419 found.
 glProgramUniform2dv @ 420 found.
 glProgramUniform2ui @ 421 found.
 glProgramUniform2uiv @ 422 found.
 glProgramUniform3i @ 423 found.
 glProgramUniform3iv @ 424 found.
 glProgramUniform3f @ 425 found.
 glProgramUniform3fv @ 426 found.
 glProgramUniform3d @ 427 found.
 glProgramUniform3dv @ 428 found.
 glProgramUniform3ui @ 429 found.
 glProgramUniform3uiv @ 430 found.
 glProgramUniform4i @ 431 found.
 glProgramUniform4iv @ 432 found.
 glProgramUniform4f @ 433 found.
 glProgramUniform4fv @ 434 found.
 glProgramUniform4d @ 435 found.
 glProgramUniform4dv @ 436 found.
 glProgramUniform4ui @ 437 found.
 glProgramUniform4uiv @ 438 found.
 glProgramUniformMatrix2fv @ 439 found.
 glProgramUniformMatrix3fv @ 440 found.
 glProgramUniformMatrix4fv @ 441 found.
 glProgramUniformMatrix2dv @ 442 found.
 glProgramUniformMatrix3dv @ 443 found.
 glProgramUniformMatrix4dv @ 444 found.
 glProgramUniformMatrix2x3fv @ 445 found.
 glProgramUniformMatrix3x2fv @ 446 found.
 glProgramUniformMatrix2x4fv @ 447 found.
 glProgramUniformMatrix4x2fv @ 448 found.
 glProgramUniformMatrix3x4fv @ 449 found.
 glProgramUniformMatrix4x3fv @ 450 found.
 glProgramUniformMatrix2x3dv @ 451 found.
 glProgramUniformMatrix3x2dv @ 452 found.
 glProgramUniformMatrix2x4dv @ 453 found.
 glProgramUniformMatrix4x2dv @ 454 found.
 glProgramUniformMatrix3x4dv @ 455 found.
 glProgramUniformMatrix4x3dv @ 456 found.
 glValidateProgramPipeline @ 457 found.
 glGetProgramPipelineInfoLog @ 458 found.
 glVertexAttribL1d @ 459 found.
 glVertexAttribL2d @ 460 found.
 glVertexAttribL3d @ 461 found.
 glVertexAttribL4d @ 462 found.
 glVertexAttribL1dv @ 463 found.
 glVertexAttribL2dv @ 464 found.
 glVertexAttribL3dv @ 465 found.
 glVertexAttribL4dv @ 466 found.
 glVertexAttribLPointer @ 467 found.
 glGetVertexAttribLdv @ 468 found.
 glViewportArrayv @ 469 found.
 glViewportIndexedf @ 470 found.
 glViewportIndexedfv @ 471 found.
 glScissorArrayv @ 472 found.
 glScissorIndexed @ 473 found.
 glScissorIndexedv @ 474 found.
 glDepthRangeArrayv @ 475 found.
 glDepthRangeIndexed @ 476 found.
 glGetFloati_v @ 477 found.
 glGetDoublei_v @ 478 found.
 glDrawArraysInstancedBaseInstance @ 479 found.
 glDrawElementsInstancedBaseInstance @ 480 found.
 glDrawElementsInstancedBaseVertexBaseInstance @ 481 found.
 glGetInternalformativ @ 482 found.
 glGetActiveAtomicCounterBufferiv @ 483 found.
 glBindImageTexture @ 484 found.
 glMemoryBarrier @ 485 found.
 glTexStorage1D @ 486 found.
 glTexStorage2D @ 487 found.
 glTexStorage3D @ 488 found.
 glDrawTransformFeedbackInstanced @ 489 found.
 glDrawTransformFeedbackStreamInstanced @ 490 found.
 glDispatchCompute @ 493 found.
 glDispatchComputeIndirect @ 494 found.
 glFramebufferParameteri @ 496 found.
 glGetFramebufferParameteriv @ 497 found.
 glGetInternalformati64v @ 498 found.
 glInvalidateFramebuffer @ 503 found.
 glInvalidateSubFramebuffer @ 504 found.
 glMultiDrawArraysIndirect @ 505 found.
 glMultiDrawElementsIndirect @ 506 found.
 glGetProgramInterfaceiv @ 507 found.
 glGetProgramResourceIndex @ 508 found.
 glGetProgramResourceName @ 509 found.
 glGetProgramResourceiv @ 510 found.
 glGetProgramResourceLocation @ 511 found.
 glGetProgramResourceLocationIndex @ 512 found.
 glShaderStorageBlockBinding @ 513 found.
 glTexBufferRange @ 514 found.
 glTexStorage2DMultisample @ 515 found.
 glTexStorage3DMultisample @ 516 found.
 glBindVertexBuffer @ 518 found.
 glVertexAttribFormat @ 519 found.
 glVertexAttribIFormat @ 520 found.
 glVertexAttribLFormat @ 521 found.
 glVertexAttribBinding @ 522 found.
 glVertexBindingDivisor @ 523 found.
 glDebugMessageControl @ 524 found.
 glDebugMessageInsert @ 525 found.
 glDebugMessageCallback @ 526 found.
 glGetDebugMessageLog @ 527 found.
 glPushDebugGroup @ 528 found.
 glPopDebugGroup @ 529 found.
 glObjectLabel @ 530 found.
 glGetObjectLabel @ 531 found.
 glObjectPtrLabel @ 532 found.
 glGetObjectPtrLabel @ 533 found.
 glBufferStorage @ 534 found.
 glClipControl @ 543 found.
 glNamedBufferStorage @ 551 found.
 glTextureBufferRange @ 589 found.
 glTextureParameteri @ 606 found.
 glMemoryBarrierByRegion @ 641 found.
 glGetGraphicsResetStatus @ 644 found.
 glGetnCompressedTexImage @ 645 found.
 glGetnTexImage @ 646 found.
 glGetnUniformdv @ 647 found.
 glGetnUniformfv @ 648 found.
 glGetnUniformiv @ 649 found.
 glGetnUniformuiv @ 650 found.
 glReadnPixels @ 651 found.
 afxDrawDriver.c:77?AfxDrawSystemRegisterDriver(dsys=00823c30,mdle=00823e70,spec=003ee7d0)
 afxClass<afxDrawDriver>::AllocateObjects(1, 003ee6d0, 003ee6e0)
 afxClass<afxDrawDriver>::BuildObjects(1, 003ee6d0, 003ee6c4)
 afxClass<afxDrawDriver>::ConstructObject(008db6d0)
 afxDrawDriver.c:138?_AfxDdrvCtor(ddrv=008db6d0)
 afxClass<Draw Context>::Mount(008db718, 008db704, 00000000, 003ee344)
New draw driver registered.
Name: 4DGL
Author: SIGMA Technology Group
Version: 0.7.2
Note: 
     .::::         :::::::::         ::::::::        :::        
    :+:+:+         :+:    :+:       :+:    :+:       :+:        
   +:+ +:+         +:+    +:+       +:+              +:+        
  +#+  +:+         +#+    +:+       :#:              +#+        
 +#+#+#+#+#+       +#+    +#+       +#+   +#+#       +#+        
       #+#         #+#    #+#       #+#    #+#       #+#        
       ###         #########         ########        ########## 
 Loading draw ICDs...
 afxModule.c:71?AfxSystemAcquireModule(sys=0081f080,uri=e2draw.icd)
 afxModule.c:71?AfxSystemAcquireModule(sys=0081f080,uri=e2newton.icd)
 afxClass<afxModule>::AllocateObjects(1, 003ee8e8, 003ee91c)
 afxClass<afxModule>::BuildObjects(1, 003ee8e8, 003ee9cc)
 afxClass<afxModule>::ConstructObject(008e5c10)
 afxModule.c:140?_AfxMdleCtor(uri:e2newton.icd)
 afxDrawContext.c:309?AfxDrawSystemAcquireContext(dsys=00823c30,spec=003ef05c)
 afxClass<Draw Context>::AllocateObjects(1, 003eef60, 003eef70)
 afxClass<Draw Context>::BuildObjects(1, 003eef60, 003eef58)
 afxClass<Draw Context>::ConstructObject(024eec10)
 sglDrawContext.c:258?_AfxDctxCtor(dctx=024eec10)
 afxClass<afxDrawScript>::Mount(024ef498, 024eec44, 00000000, 517efdf0)
 afxClass<afxDrawInput>::Mount(024ef558, 024eec44, 00000000, 517ef6c4)
 afxClass<afxDrawQueue>::Mount(024ef618, 024eec44, 00000000, 003eebb4)
 afxClass<afxBuffer>::Mount(024eec58, 024eec44, 00000000, 517ee020)
 afxClass<afxVertexBuffer>::Mount(024eed18, 024eec44, 024eec58, 003eebb4)
 afxClass<afxIndexBuffer>::Mount(024eedd8, 024eec44, 024eec58, 003eebb4)
 afxClass<afxSampler>::Mount(024eee98, 024eec44, 00000000, 517f4654)
 afxClass<afxTexture>::Mount(024eef58, 024eec44, 00000000, 517f4b04)
 afxClass<afxSurface>::Mount(024ef018, 024eec44, 024eef58, 517f47cc)
 afxClass<afxCanvas>::Mount(024ef0d8, 024eec44, 00000000, 517ee334)
 afxClass<afxShader>::Mount(024ef198, 024eec44, 00000000, 517f43e4)
 afxClass<afxPipeline>::Mount(024ef258, 024eec44, 00000000, 517f3ff8)
 afxClass<afxDrawOperation>::Mount(024ef3d8, 024eec44, 00000000, 0f7f80a8)
 afxClass<afxLego>::Mount(024ef318, 024eec44, 00000000, 517f3dfc)
 afxClass<afxDrawOutput>::Mount(024ef6d8, 024eec44, 00000000, 517ef9f4)
 afxDrawQueue.c:47?AfxDrawContextAcquireQueue(dctx=024eec10)
 afxClass<afxDrawQueue>::AllocateObjects(1, 003eea90, 003eeaac)
 afxClass<afxDrawQueue>::BuildObjects(1, 003eea90, 003eebac)
 afxClass<afxDrawQueue>::ConstructObject(046582e0)
 sglDrawQueue.c:1824?_AfxDqueCtor(dque=046582e0)
 Uploading draw operation 'data/pipeline/rgbaToRgba.xml'
 afxXml.c:1047?AfxFileSystemLoadXml(uri=data/pipeline/rgbaToRgba.xml)
 afxClass<afxXml>::AllocateObjects(1, 003edf60, 003edf70)
 afxClass<afxXml>::BuildObjects(1, 003edf60, 003edf58)
 afxClass<afxXml>::ConstructObject(04783f20)
 afxXml.c:1006?_AfxXmlCtor(uri:data/pipeline/rgbaToRgba.xml)
 afxFile.c:279?AfxFileSystemOpenFile(Afx.FileSystem.OpenFile(0081ff00,00000001,data/pipeline/rgbaToRgba.xml))
 afxClass<afxFile>::AllocateObjects(1, 003edbd0, 003edbe0)
 afxClass<afxFile>::BuildObjects(1, 003edbd0, 003edbbc)
 afxClass<afxFile, afxStream>ConstructingObject(024cc1a0)
 afxClass<afxStream>::ConstructObject(024cc1a0)
 afxClass<afxFile>::ConstructObject(024cc1a0)
 afxClass<afxFile>::DismantleObjects(1, 003edc34)
 Destructing instance 024cc1a0 of afxFile class.
 Destructing instance 024cc1a0 of afxFile : afxStream class.
 Destructing instance 024cc1a0 of afxStream class.
 afxClass<afxFile>::DeallocateObjects(1, 003edc34)
 afxClass<afxDrawOperation>::AllocateObjects(1, 04659918, 003edf4c)
 afxClass<afxDrawOperation>::BuildObjects(1, 04659918, 003ee1cc)
 afxClass<afxDrawOperation>::ConstructObject(0465b2d0)
 afxDrawOperation.c:665?_AfxDopCtor(dop=0465b2d0)
 afxPipeline.c:341?AfxDrawContextBuildPipelines(dctx=024eec10)
 afxClass<afxPipeline>::AllocateObjects(1, 046c1d68, 003ed8f4)
 afxClass<afxPipeline>::BuildObjects(1, 046c1d68, 003ed9e0)
 afxClass<afxPipeline>::ConstructObject(0472f160)
 sglPipeline.c:517?_AfxPipCtor(pip=0472f160)
 afxShader.c:537?AfxDrawContextAcquireShaders(dctx=024eec10,cnt=1,uri=0465b400,shd=003ed370)
 Uploading shader 'data/pipeline/rgbaToRgba.xml?vs'
 afxXml.c:1047?AfxFileSystemLoadXml(uri=data/pipeline/rgbaToRgba.xml)
 afxClass<afxXml>::AllocateObjects(1, 003ecc18, 003ecc28)
 afxClass<afxXml>::BuildObjects(1, 003ecc18, 003ecc10)
 afxClass<afxXml>::ConstructObject(0472f430)
 afxXml.c:1006?_AfxXmlCtor(uri:data/pipeline/rgbaToRgba.xml)
 afxFile.c:279?AfxFileSystemOpenFile(Afx.FileSystem.OpenFile(0081ff00,00000001,data/pipeline/rgbaToRgba.xml))
 afxClass<afxFile>::AllocateObjects(1, 003ec888, 003ec898)
 afxClass<afxFile>::BuildObjects(1, 003ec888, 003ec874)
 afxClass<afxFile, afxStream>ConstructingObject(008da120)
 afxClass<afxStream>::ConstructObject(008da120)
 afxClass<afxFile>::ConstructObject(008da120)
 afxClass<afxFile>::DismantleObjects(1, 003ec8ec)
 Destructing instance 008da120 of afxFile class.
 Destructing instance 008da120 of afxFile : afxStream class.
 Destructing instance 008da120 of afxStream class.
 afxClass<afxFile>::DeallocateObjects(1, 003ec8ec)
 afxFile.c:300?AfxFileSystemOpenReadableFile(Afx.FileSystem.OpenReadableFile(0081ff00,data/pipeline/stdEnv.inc))
 afxClass<afxFile>::AllocateObjects(1, 003ec97c, 003ec98c)
 afxClass<afxFile>::BuildObjects(1, 003ec97c, 003ec968)
 afxClass<afxFile, afxStream>ConstructingObject(008da120)
 afxClass<afxStream>::ConstructObject(008da120)
 afxClass<afxFile>::ConstructObject(008da120)
 afxClass<afxFile>::DismantleObjects(1, 003ec9dc)
 Destructing instance 008da120 of afxFile class.
 Destructing instance 008da120 of afxFile : afxStream class.
 Destructing instance 008da120 of afxStream class.
 afxClass<afxFile>::DeallocateObjects(1, 003ec9dc)
 afxShader.c:376?AfxDrawContextBuildShaders(dctx=024eec10,cnt=1,blueprint=003ecf0c,shd=003ed370)
 afxClass<afxShader>::AllocateObjects(1, 003ed370, 003ecbf8)
 afxClass<afxShader>::BuildObjects(1, 003ed370, 003ecf0c)
 afxClass<afxShader>::ConstructObject(008da390)
 sglShader.c:272?_AfxShdCtor(shd=008da390)
 #version 330 core // QWADRO. Engineered by SIGMA Technology Group.

#define afxInt int
#define afxNat uint

#define afxReal float

#define afxV2d vec2
#define afxV3d vec3
#define afxV4d vec4

#define afxM2d mat2
#define afxM3d mat3
#define afxM4d mat4

        
        layout(location = 0) in vec2 a_xy;

        out block
        {
            vec2 uv0;
        } sgl_v;

        void main()
        {
            gl_Position = vec4(a_xy, 0.0, 1.0);
            sgl_v.uv0 = vec2(gl_Position.xy * 0.5 + 0.5).xy;
        }
       
 afxClass<afxXml>::DismantleObjects(1, 003ecc7c)
 Destructing instance 0472f430 of afxXml class.
 afxXml.c:983?_AfxXmlDtor(xml=0472f430)
 afxClass<afxXml>::DeallocateObjects(1, 003ecc7c)
 afxObject<008da390>::InstallEventFilter(0472f160)
 afxShader.c:537?AfxDrawContextAcquireShaders(dctx=024eec10,cnt=1,uri=0472f0c0,shd=003ed370)
 Uploading shader 'data/pipeline/rgbaToRgba.xml?fs'
 afxXml.c:1047?AfxFileSystemLoadXml(uri=data/pipeline/rgbaToRgba.xml)
 afxClass<afxXml>::AllocateObjects(1, 003ecc18, 003ecc28)
 afxClass<afxXml>::BuildObjects(1, 003ecc18, 003ecc10)
 afxClass<afxXml>::ConstructObject(0472f430)
 afxXml.c:1006?_AfxXmlCtor(uri:data/pipeline/rgbaToRgba.xml)
 afxFile.c:279?AfxFileSystemOpenFile(Afx.FileSystem.OpenFile(0081ff00,00000001,data/pipeline/rgbaToRgba.xml))
 afxClass<afxFile>::AllocateObjects(1, 003ec888, 003ec898)
 afxClass<afxFile>::BuildObjects(1, 003ec888, 003ec874)
 afxClass<afxFile, afxStream>ConstructingObject(008da4f0)
 afxClass<afxStream>::ConstructObject(008da4f0)
 afxClass<afxFile>::ConstructObject(008da4f0)
 afxClass<afxFile>::DismantleObjects(1, 003ec8ec)
 Destructing instance 008da4f0 of afxFile class.
 Destructing instance 008da4f0 of afxFile : afxStream class.
 Destructing instance 008da4f0 of afxStream class.
 afxClass<afxFile>::DeallocateObjects(1, 003ec8ec)
 afxFile.c:300?AfxFileSystemOpenReadableFile(Afx.FileSystem.OpenReadableFile(0081ff00,data/pipeline/stdEnv.inc))
 afxClass<afxFile>::AllocateObjects(1, 003ec97c, 003ec98c)
 afxClass<afxFile>::BuildObjects(1, 003ec97c, 003ec968)
 afxClass<afxFile, afxStream>ConstructingObject(008da4f0)
 afxClass<afxStream>::ConstructObject(008da4f0)
 afxClass<afxFile>::ConstructObject(008da4f0)
 afxClass<afxFile>::DismantleObjects(1, 003ec9dc)
 Destructing instance 008da4f0 of afxFile class.
 Destructing instance 008da4f0 of afxFile : afxStream class.
 Destructing instance 008da4f0 of afxStream class.
 afxClass<afxFile>::DeallocateObjects(1, 003ec9dc)
 afxShader.c:376?AfxDrawContextBuildShaders(dctx=024eec10,cnt=1,blueprint=003ecf0c,shd=003ed370)
 afxClass<afxShader>::AllocateObjects(1, 003ed370, 003ecbf8)
 afxClass<afxShader>::BuildObjects(1, 003ed370, 003ecf0c)
 afxClass<afxShader>::ConstructObject(008da4f0)
 sglShader.c:272?_AfxShdCtor(shd=008da4f0)
 #version 330 core // QWADRO. Engineered by SIGMA Technology Group.

#define afxInt int
#define afxNat uint

#define afxReal float

#define afxV2d vec2
#define afxV3d vec3
#define afxV4d vec4

#define afxM2d mat2
#define afxM3d mat3
#define afxM4d mat4

        
        uniform sampler2D samp;

        in block
        {
            vec2 uv0;
        } sgl_v;

        out vec4 sgl_rgba;

        void main()
        {
            sgl_rgba = texture(samp, sgl_v.uv0);
        }
       
 afxClass<afxXml>::DismantleObjects(1, 003ecc7c)
 Destructing instance 0472f430 of afxXml class.
 afxXml.c:983?_AfxXmlDtor(xml=0472f430)
 afxClass<afxXml>::DeallocateObjects(1, 003ecc7c)
 afxObject<008da4f0>::InstallEventFilter(0472f160)
 afxLego.c:185?AfxDrawContextBuildLegos(dctx=024eec10)
 afxClass<afxLego>::AllocateObjects(1, 046f4c64, 003ed1cc)
 afxClass<afxLego>::BuildObjects(1, 046f4c64, 003ed508)
 afxClass<afxLego>::ConstructObject(0472f430)
 sglLego.c:299?_AfxLegtCtor(legt=0472f430)
 afxPipeline.c:341?AfxDrawContextBuildPipelines(dctx=024eec10)
 afxClass<afxPipeline>::AllocateObjects(1, 046c1dc8, 003ed8f4)
 afxClass<afxPipeline>::BuildObjects(1, 046c1dc8, 003ed9e0)
 afxClass<afxPipeline>::ConstructObject(024efa50)
 sglPipeline.c:517?_AfxPipCtor(pip=024efa50)
 afxShader.c:537?AfxDrawContextAcquireShaders(dctx=024eec10,cnt=1,uri=0465b400,shd=003ed370)
 Uploading shader 'data/pipeline/rgbaToRgba.xml?vsFlippedY'
 afxXml.c:1047?AfxFileSystemLoadXml(uri=data/pipeline/rgbaToRgba.xml)
 afxClass<afxXml>::AllocateObjects(1, 003ecc18, 003ecc28)
 afxClass<afxXml>::BuildObjects(1, 003ecc18, 003ecc10)
 afxClass<afxXml>::ConstructObject(008da120)
 afxXml.c:1006?_AfxXmlCtor(uri:data/pipeline/rgbaToRgba.xml)
 afxFile.c:279?AfxFileSystemOpenFile(Afx.FileSystem.OpenFile(0081ff00,00000001,data/pipeline/rgbaToRgba.xml))
 afxClass<afxFile>::AllocateObjects(1, 003ec888, 003ec898)
 afxClass<afxFile>::BuildObjects(1, 003ec888, 003ec874)
 afxClass<afxFile, afxStream>ConstructingObject(008da1c0)
 afxClass<afxStream>::ConstructObject(008da1c0)
 afxClass<afxFile>::ConstructObject(008da1c0)
 afxClass<afxFile>::DismantleObjects(1, 003ec8ec)
 Destructing instance 008da1c0 of afxFile class.
 Destructing instance 008da1c0 of afxFile : afxStream class.
 Destructing instance 008da1c0 of afxStream class.
 afxClass<afxFile>::DeallocateObjects(1, 003ec8ec)
 afxFile.c:300?AfxFileSystemOpenReadableFile(Afx.FileSystem.OpenReadableFile(0081ff00,data/pipeline/stdEnv.inc))
 afxClass<afxFile>::AllocateObjects(1, 003ec97c, 003ec98c)
 afxClass<afxFile>::BuildObjects(1, 003ec97c, 003ec968)
 afxClass<afxFile, afxStream>ConstructingObject(008da1c0)
 afxClass<afxStream>::ConstructObject(008da1c0)
 afxClass<afxFile>::ConstructObject(008da1c0)
 afxClass<afxFile>::DismantleObjects(1, 003ec9dc)
 Destructing instance 008da1c0 of afxFile class.
 Destructing instance 008da1c0 of afxFile : afxStream class.
 Destructing instance 008da1c0 of afxStream class.
 afxClass<afxFile>::DeallocateObjects(1, 003ec9dc)
 afxShader.c:376?AfxDrawContextBuildShaders(dctx=024eec10,cnt=1,blueprint=003ecf0c,shd=003ed370)
 afxClass<afxShader>::AllocateObjects(1, 003ed370, 003ecbf8)
 afxClass<afxShader>::BuildObjects(1, 003ed370, 003ecf0c)
 afxClass<afxShader>::ConstructObject(008da1c0)
 sglShader.c:272?_AfxShdCtor(shd=008da1c0)
 #version 330 core // QWADRO. Engineered by SIGMA Technology Group.

#define afxInt int
#define afxNat uint

#define afxReal float

#define afxV2d vec2
#define afxV3d vec3
#define afxV4d vec4

#define afxM2d mat2
#define afxM3d mat3
#define afxM4d mat4

        
        const mat4 m = mat4(1, 0, 0, 0, 0, -1, 0, 0, 0, 0, 1, 0, 0, 0, 0, 1);
        
        layout(location = 0) in vec2 a_xy;
        
        out block
        {
            vec2 uv0;
        } sgl_v;

        void main()
        {
            gl_Position = vec4(a_xy, 0.0, 1.0);
            sgl_v.uv0 = vec2(m * vec4(gl_Position.xy * 0.5 + 0.5, 0, 1)).xy;
        }
       
 afxClass<afxXml>::DismantleObjects(1, 003ecc7c)
 Destructing instance 008da120 of afxXml class.
 afxXml.c:983?_AfxXmlDtor(xml=008da120)
 afxClass<afxXml>::DeallocateObjects(1, 003ecc7c)
 afxObject<008da1c0>::InstallEventFilter(024efa50)
 afxShader.c:537?AfxDrawContextAcquireShaders(dctx=024eec10,cnt=1,uri=0472f0c0,shd=003ed370)
 Uploading shader 'data/pipeline/rgbaToRgba.xml?fs'
 afxXml.c:1047?AfxFileSystemLoadXml(uri=data/pipeline/rgbaToRgba.xml)
 afxClass<afxXml>::AllocateObjects(1, 003ecc18, 003ecc28)
 afxClass<afxXml>::BuildObjects(1, 003ecc18, 003ecc10)
 afxClass<afxXml>::ConstructObject(008da120)
 afxXml.c:1006?_AfxXmlCtor(uri:data/pipeline/rgbaToRgba.xml)
 afxFile.c:279?AfxFileSystemOpenFile(Afx.FileSystem.OpenFile(0081ff00,00000001,data/pipeline/rgbaToRgba.xml))
 afxClass<afxFile>::AllocateObjects(1, 003ec888, 003ec898)
 afxClass<afxFile>::BuildObjects(1, 003ec888, 003ec874)
 afxClass<afxFile, afxStream>ConstructingObject(0472ea80)
 afxClass<afxStream>::ConstructObject(0472ea80)
 afxClass<afxFile>::ConstructObject(0472ea80)
 afxClass<afxFile>::DismantleObjects(1, 003ec8ec)
 Destructing instance 0472ea80 of afxFile class.
 Destructing instance 0472ea80 of afxFile : afxStream class.
 Destructing instance 0472ea80 of afxStream class.
 afxClass<afxFile>::DeallocateObjects(1, 003ec8ec)
 afxFile.c:300?AfxFileSystemOpenReadableFile(Afx.FileSystem.OpenReadableFile(0081ff00,data/pipeline/stdEnv.inc))
 afxClass<afxFile>::AllocateObjects(1, 003ec97c, 003ec98c)
 afxClass<afxFile>::BuildObjects(1, 003ec97c, 003ec968)
 afxClass<afxFile, afxStream>ConstructingObject(0472ea80)
 afxClass<afxStream>::ConstructObject(0472ea80)
 afxClass<afxFile>::ConstructObject(0472ea80)
 afxClass<afxFile>::DismantleObjects(1, 003ec9dc)
 Destructing instance 0472ea80 of afxFile class.
 Destructing instance 0472ea80 of afxFile : afxStream class.
 Destructing instance 0472ea80 of afxStream class.
 afxClass<afxFile>::DeallocateObjects(1, 003ec9dc)
 afxShader.c:376?AfxDrawContextBuildShaders(dctx=024eec10,cnt=1,blueprint=003ecf0c,shd=003ed370)
 afxClass<afxShader>::AllocateObjects(1, 003ed370, 003ecbf8)
 afxClass<afxShader>::BuildObjects(1, 003ed370, 003ecf0c)
 afxClass<afxShader>::ConstructObject(0472ea80)
 sglShader.c:272?_AfxShdCtor(shd=0472ea80)
 #version 330 core // QWADRO. Engineered by SIGMA Technology Group.

#define afxInt int
#define afxNat uint

#define afxReal float

#define afxV2d vec2
#define afxV3d vec3
#define afxV4d vec4

#define afxM2d mat2
#define afxM3d mat3
#define afxM4d mat4

        
        uniform sampler2D samp;

        in block
        {
            vec2 uv0;
        } sgl_v;

        out vec4 sgl_rgba;

        void main()
        {
            sgl_rgba = texture(samp, sgl_v.uv0);
        }
       
 afxClass<afxXml>::DismantleObjects(1, 003ecc7c)
 Destructing instance 008da120 of afxXml class.
 afxXml.c:983?_AfxXmlDtor(xml=008da120)
 afxClass<afxXml>::DeallocateObjects(1, 003ecc7c)
 afxObject<0472ea80>::InstallEventFilter(024efa50)
 afxLego.c:185?AfxDrawContextBuildLegos(dctx=024eec10)
 afxClass<afxLego>::AllocateObjects(1, 046f4ea4, 003ed1cc)
 afxClass<afxLego>::BuildObjects(1, 046f4ea4, 003ed508)
 afxClass<afxLego>::ConstructObject(008da120)
 sglLego.c:299?_AfxLegtCtor(legt=008da120)
 afxClass<afxXml>::DismantleObjects(1, 003edfc4)
 Destructing instance 04783f20 of afxXml class.
 afxXml.c:983?_AfxXmlDtor(xml=04783f20)
 afxClass<afxXml>::DeallocateObjects(1, 003edfc4)
 afxSampler.c:47?AfxDrawContextAcquireSamplers(dctx=024eec10,spec=003ee740)
 afxClass<afxSampler>::AllocateObjects(1, 0465991c, 003ee404)
 afxClass<afxSampler>::BuildObjects(1, 0465991c, 003ee740)
 afxClass<afxSampler>::ConstructObject(0472eb50)
 sglSampler.c:184?_AfxSmpCtor(smp=0472eb50)
 afxClass<afxVertexBuffer>::AllocateObjects(1, 04659920, 003ee458)
 afxClass<afxVertexBuffer>::BuildObjects(1, 04659920, 003ee430)
 afxClass<afxVertexBuffer, afxBuffer>ConstructingObject(0465b400)
 afxClass<afxBuffer>::ConstructObject(0465b400)
 sglBuffer.c:454?_AfxBufCtor(buf=0465b400)
 afxClass<afxVertexBuffer>::ConstructObject(0465b400)
 afxVertexBuffer.c:350?_AfxVbufCtor(vbuf=0465b400)
 afxApplication.c:372?AfxSystemAcquireApplication(sys=003ef05c,spec=024eec10)
 afxClass<afxApplication>::AllocateObjects(1, 003eef8c, 003eef9c)
 afxClass<afxApplication>::BuildObjects(1, 003eef8c, 003ef02c)
 afxClass<afxApplication>::ConstructObject(024aa530)
 afxApplication.c:422?_AfxAppCtor(app=024aa530)
 afxMouse.c:249?AfxSystemAcquireMouse(sys=0081f080,port=0)
 afxClass<afxMouse>::AllocateObjects(1, 003eeb74, 003eeb84)
 afxClass<afxMouse>::BuildObjects(1, 003eeb74, 003eeb6c)
 afxClass<afxMouse, afxHid>ConstructingObject(024a8310)
 afxClass<afxHid>::ConstructObject(024a8310)
 afxHid.c:75?_AfxHidCtor(hid=024a8310)
 afxClass<afxMouse>::ConstructObject(024a8310)
 afxMouse.c:304?_AfxMseCtor(mse=024a8310)
 afxDrawInput.c:102?AfxDrawContextAcquireInput(dctx=024eec10,spec=003eec48)
 afxClass<afxDrawInput>::AllocateObjects(1, 003eeb5c, 003eeb78)
 afxClass<afxDrawInput>::BuildObjects(1, 003eeb5c, 003eec48)
 afxClass<afxDrawInput>::ConstructObject(0465b0a0)
 sglDrawInput.c:321?_AfxDinCtor(din=0465b0a0)
 afxArena.c:822?AfxSystemAcquireArena(sys=0081f080,strategy=003ee7d4,hint="sglDrawInput.c:357!_AfxDinCtor")
 afxClass<Memory Arena>::AllocateObjects(1, 003ee720, 003ee730)
 afxClass<Memory Arena>::BuildObjects(1, 003ee720, 003ee714)
 afxClass<Memory Arena, afxMemory>ConstructingObject(024aa7f0)
 afxClass<afxMemory>::ConstructObject(024aa7f0)
 afxMemory.c:317?_AfxMemCtor(mem=024aa7f0)
 afxClass<Memory Arena>::ConstructObject(024aa7f0)
 afxArena.c:799?_AfxArenCtor(aren=024aa7f0)
 afxClass<afxWidget>::Mount(024aa608, 024aa564, 00000000, 0f7fda10)
 afxClass<afxSimulation>::Mount(024aa6c8, 024aa564, 00000000, 0f7fe4c8)
 afxApplication.c:322?AfxApplicationExecute(app=024aa530)
 Sandbox.c:84?AfxEnterApplication(app=024aa530)
 afxSimulation.c:437?AfxApplicationAcquireSimulation(app=024aa530,bounding=[[0.000000,0.000000,0.000000,1.000000],[0.000000,0.000000,0.000000,1.000000]])
 afxClass<afxSimulation>::AllocateObjects(1, 003eed18, 003eed28)
 afxClass<afxSimulation>::BuildObjects(1, 003eed18, 003eed10)
 afxClass<afxSimulation>::ConstructObject(0480d060)
 afxSimulation.c:355?_AfxSimCtor(sim=0480d060)
 afxMemory.c:259?AfxSystemAcquireMemory(sys=0081f080,strategy=003ee9a8,hint="afxSimulation.c:377!_AfxSimCtor")
 afxClass<afxMemory>::AllocateObjects(1, 003ee89c, 003ee8ac)
 afxClass<afxMemory>::BuildObjects(1, 003ee89c, 003ee890)
 afxClass<afxMemory>::ConstructObject(024cc1a0)
 afxMemory.c:317?_AfxMemCtor(mem=024cc1a0)
 afxClass<afxMaterial>::Mount(0480d468, 0480d094, 00000000, 0f7ff380)
 afxClass<afxMesh>::Mount(0480d528, 0480d094, 00000000, 0f7ff6e0)
 afxClass<afxNode>::Mount(0480d768, 0480d094, 00000000, 0f7fe8c8)
 afxClass<afxSkeleton>::Mount(0480d6a8, 0480d094, 00000000, 0f7fec70)
 afxClass<afxModel>::Mount(0480d5e8, 0480d094, 00000000, 0f7ffe54)
 afxClass<afxBody>::Mount(0480d0a8, 0480d094, 00000000, 0f7fdc90)
 afxClass<afxBodyControl>::Mount(0480d168, 0480d094, 00000000, 0f7fde8c)
 afxClass<afxEntity>::Mount(0480d228, 0480d094, 0480d768, 0f7fe298)
 afxClass<afxCamera>::Mount(0480d2e8, 0480d094, 0480d768, 0f7fdfbc)
 afxClass<afxLight>::Mount(0480d3a8, 0480d094, 0480d768, 0f7fe37c)
 afxClass<afxRenderer>::Mount(0480d828, 0480d094, 00000000, 0f800338)
 afxDrawOutput.c:137?AfxDrawContextAcquireOutput(dctx=024eec10,spec=003eeee0)
 afxClass<afxDrawOutput>::AllocateObjects(1, 003eed48, 003eed64)
 afxClass<afxDrawOutput>::BuildObjects(1, 003eed48, 003eeee0)
 afxClass<afxDrawOutput>::ConstructObject(046f4880)
 sglDrawOutput.c:524?_AfxDoutCtor(dout=046f4880)
 afxSurface.c:12?AfxDrawContextAcquireSurface(dctx=024eec10,fmt=4,whd=[1280,720,1],usage=16)
 ADV afxTexture.c:52?AfxTextureBlueprintBegin
    texb->fcc == AFX_FCC_TEXB
 afxClass<afxSurface>::AllocateObjects(1, 003ee428, 003ee444)
 afxClass<afxSurface>::BuildObjects(1, 003ee428, 003ee450)
 afxClass<afxSurface, afxTexture>ConstructingObject(024efd30)
 afxClass<afxTexture>::ConstructObject(024efd30)
 sglTexture.c:1030?_AfxTexCtor(tex=024efd30)
 afxClass<afxSurface>::ConstructObject(024efd30)
 sglSurface.c:131?_AfxSurfCtor(surf=024efd30)
 afxSurface.c:12?AfxDrawContextAcquireSurface(dctx=024eec10,fmt=4,whd=[1280,720,1],usage=16)
 ADV afxTexture.c:52?AfxTextureBlueprintBegin
    texb->fcc == AFX_FCC_TEXB
 afxClass<afxSurface>::AllocateObjects(1, 003ee428, 003ee444)
 afxClass<afxSurface>::BuildObjects(1, 003ee428, 003ee450)
 afxClass<afxSurface, afxTexture>ConstructingObject(024efe40)
 afxClass<afxTexture>::ConstructObject(024efe40)
 sglTexture.c:1030?_AfxTexCtor(tex=024efe40)
 afxClass<afxSurface>::ConstructObject(024efe40)
 sglSurface.c:131?_AfxSurfCtor(surf=024efe40)
 sglDrawOutput.c:476?_AfxStdDoutImplCtor(dout=046f4880,uri=window)
 sglDrawOutput.c:324?_AfxStdDoutImplCtorWnd(dout=046f4880)
 Extent readjusted. (dout)046f4880 -> 1272, 0.000000 of 4220565382; 693 0.000000 of 1736240371
 afxClass<afxRenderer>::AllocateObjects(1, 0009503c, 003eed70)
 afxClass<afxRenderer>::BuildObjects(1, 0009503c, 00000000)
 afxClass<afxRenderer>::ConstructObject(04749360)
 afxRenderer.c:324?_AfxRndCtor(rnd=04749360)
 afxDrawInput.c:102?AfxDrawContextAcquireInput(dctx=024eec10,spec=003eea78)
 afxClass<afxDrawInput>::AllocateObjects(1, 003edee0, 003edefc)
 afxClass<afxDrawInput>::BuildObjects(1, 003edee0, 003eea78)
 afxClass<afxDrawInput>::ConstructObject(0474b570)
 sglDrawInput.c:321?_AfxDinCtor(din=0474b570)
 afxArena.c:822?AfxSystemAcquireArena(sys=0081f080,strategy=003edb58,hint="sglDrawInput.c:357!_AfxDinCtor")
 afxClass<Memory Arena>::AllocateObjects(1, 003edaa4, 003edab4)
 afxClass<Memory Arena>::BuildObjects(1, 003edaa4, 003eda98)
 afxClass<Memory Arena, afxMemory>ConstructingObject(0474b6c0)
 afxClass<afxMemory>::ConstructObject(0474b6c0)
 afxMemory.c:317?_AfxMemCtor(mem=0474b6c0)
 afxClass<Memory Arena>::ConstructObject(0474b6c0)
 afxArena.c:799?_AfxArenCtor(aren=0474b6c0)
 ADV afxTexture.c:52?AfxTextureBlueprintBegin
    texb->fcc == AFX_FCC_TEXB
 afxTexture.c:442?AfxDrawContextBuildTextures(dctx=024eec10,cnt=1,blueprint=003ee560,tex=0474b4c8)
 afxClass<afxTexture>::AllocateObjects(1, 0474b4c8, 003edecc)
 afxClass<afxTexture>::BuildObjects(1, 0474b4c8, 003ee560)
 afxClass<afxTexture>::ConstructObject(0474c430)
 sglTexture.c:1030?_AfxTexCtor(tex=0474c430)
 afxFile.c:279?AfxFileSystemOpenFile(Afx.FileSystem.OpenFile(0081ff00,00000001,art/skybox/day/right.tga))
 afxClass<afxFile>::AllocateObjects(1, 003ed724, 003ed734)
 afxClass<afxFile>::BuildObjects(1, 003ed724, 003ed710)
 afxClass<afxFile, afxStream>ConstructingObject(04704f90)
 afxClass<afxStream>::ConstructObject(04704f90)
 afxClass<afxFile>::ConstructObject(04704f90)
 afxClass<afxFile>::DismantleObjects(1, 003ed788)
 Destructing instance 04704f90 of afxFile class.
 Destructing instance 04704f90 of afxFile : afxStream class.
 Destructing instance 04704f90 of afxStream class.
 afxClass<afxFile>::DeallocateObjects(1, 003ed788)
 afxFile.c:279?AfxFileSystemOpenFile(Afx.FileSystem.OpenFile(0081ff00,00000001,art/skybox/day/left.tga))
 afxClass<afxFile>::AllocateObjects(1, 003ed724, 003ed734)
 afxClass<afxFile>::BuildObjects(1, 003ed724, 003ed710)
 afxClass<afxFile, afxStream>ConstructingObject(04704f90)
 afxClass<afxStream>::ConstructObject(04704f90)
 afxClass<afxFile>::ConstructObject(04704f90)
 afxClass<afxFile>::DismantleObjects(1, 003ed788)
 Destructing instance 04704f90 of afxFile class.
 Destructing instance 04704f90 of afxFile : afxStream class.
 Destructing instance 04704f90 of afxStream class.
 afxClass<afxFile>::DeallocateObjects(1, 003ed788)
 afxFile.c:279?AfxFileSystemOpenFile(Afx.FileSystem.OpenFile(0081ff00,00000001,art/skybox/day/bottom.tga))
 afxClass<afxFile>::AllocateObjects(1, 003ed724, 003ed734)
 afxClass<afxFile>::BuildObjects(1, 003ed724, 003ed710)
 afxClass<afxFile, afxStream>ConstructingObject(04704f90)
 afxClass<afxStream>::ConstructObject(04704f90)
 afxClass<afxFile>::ConstructObject(04704f90)
 afxClass<afxFile>::DismantleObjects(1, 003ed788)
 Destructing instance 04704f90 of afxFile class.
 Destructing instance 04704f90 of afxFile : afxStream class.
 Destructing instance 04704f90 of afxStream class.
 afxClass<afxFile>::DeallocateObjects(1, 003ed788)
 afxFile.c:279?AfxFileSystemOpenFile(Afx.FileSystem.OpenFile(0081ff00,00000001,art/skybox/day/top.tga))
 afxClass<afxFile>::AllocateObjects(1, 003ed724, 003ed734)
 afxClass<afxFile>::BuildObjects(1, 003ed724, 003ed710)
 afxClass<afxFile, afxStream>ConstructingObject(04704f90)
 afxClass<afxStream>::ConstructObject(04704f90)
 afxClass<afxFile>::ConstructObject(04704f90)
 afxClass<afxFile>::DismantleObjects(1, 003ed788)
 Destructing instance 04704f90 of afxFile class.
 Destructing instance 04704f90 of afxFile : afxStream class.
 Destructing instance 04704f90 of afxStream class.
 afxClass<afxFile>::DeallocateObjects(1, 003ed788)
 afxFile.c:279?AfxFileSystemOpenFile(Afx.FileSystem.OpenFile(0081ff00,00000001,art/skybox/day/front.tga))
 afxClass<afxFile>::AllocateObjects(1, 003ed724, 003ed734)
 afxClass<afxFile>::BuildObjects(1, 003ed724, 003ed710)
 afxClass<afxFile, afxStream>ConstructingObject(04704f90)
 afxClass<afxStream>::ConstructObject(04704f90)
 afxClass<afxFile>::ConstructObject(04704f90)
 afxClass<afxFile>::DismantleObjects(1, 003ed788)
 Destructing instance 04704f90 of afxFile class.
 Destructing instance 04704f90 of afxFile : afxStream class.
 Destructing instance 04704f90 of afxStream class.
 afxClass<afxFile>::DeallocateObjects(1, 003ed788)
 afxFile.c:279?AfxFileSystemOpenFile(Afx.FileSystem.OpenFile(0081ff00,00000001,art/skybox/day/back.tga))
 afxClass<afxFile>::AllocateObjects(1, 003ed724, 003ed734)
 afxClass<afxFile>::BuildObjects(1, 003ed724, 003ed710)
 afxClass<afxFile, afxStream>ConstructingObject(04704f90)
 afxClass<afxStream>::ConstructObject(04704f90)
 afxClass<afxFile>::ConstructObject(04704f90)
 afxClass<afxFile>::DismantleObjects(1, 003ed788)
 Destructing instance 04704f90 of afxFile class.
 Destructing instance 04704f90 of afxFile : afxStream class.
 Destructing instance 04704f90 of afxStream class.
 afxClass<afxFile>::DeallocateObjects(1, 003ed788)
 afxClass<afxVertexBuffer>::AllocateObjects(1, 0474b4c4, 003edea8)
 afxClass<afxVertexBuffer>::BuildObjects(1, 0474b4c4, 003ede80)
 afxClass<afxVertexBuffer, afxBuffer>ConstructingObject(0474c1f0)
 afxClass<afxBuffer>::ConstructObject(0474c1f0)
 sglBuffer.c:454?_AfxBufCtor(buf=0474c1f0)
 afxClass<afxVertexBuffer>::ConstructObject(0474c1f0)
 afxVertexBuffer.c:350?_AfxVbufCtor(vbuf=0474c1f0)
 Uploading draw operation 'data/pipeline/skybox.xml'
 afxXml.c:1047?AfxFileSystemLoadXml(uri=data/pipeline/skybox.xml)
 afxClass<afxXml>::AllocateObjects(1, 003ed9b0, 003ed9c0)
 afxClass<afxXml>::BuildObjects(1, 003ed9b0, 003ed9a8)
 afxClass<afxXml>::ConstructObject(0472f0c0)
 afxXml.c:1006?_AfxXmlCtor(uri:data/pipeline/skybox.xml)
 afxFile.c:279?AfxFileSystemOpenFile(Afx.FileSystem.OpenFile(0081ff00,00000001,data/pipeline/skybox.xml))
 afxClass<afxFile>::AllocateObjects(1, 003ed620, 003ed630)
 afxClass<afxFile>::BuildObjects(1, 003ed620, 003ed60c)
 afxClass<afxFile, afxStream>ConstructingObject(0474c2c0)
 afxClass<afxStream>::ConstructObject(0474c2c0)
 afxClass<afxFile>::ConstructObject(0474c2c0)
 afxClass<afxFile>::DismantleObjects(1, 003ed684)
 Destructing instance 0474c2c0 of afxFile class.
 Destructing instance 0474c2c0 of afxFile : afxStream class.
 Destructing instance 0474c2c0 of afxStream class.
 afxClass<afxFile>::DeallocateObjects(1, 003ed684)
 afxClass<afxDrawOperation>::AllocateObjects(1, 0474b4f0, 003ed99c)
 afxClass<afxDrawOperation>::BuildObjects(1, 0474b4f0, 003edc1c)
 afxClass<afxDrawOperation>::ConstructObject(04705230)
 afxDrawOperation.c:665?_AfxDopCtor(dop=04705230)
 afxPipeline.c:341?AfxDrawContextBuildPipelines(dctx=024eec10)
 afxClass<afxPipeline>::AllocateObjects(1, 046c1708, 003ed344)
 afxClass<afxPipeline>::BuildObjects(1, 046c1708, 003ed430)
 afxClass<afxPipeline>::ConstructObject(04705b70)
 sglPipeline.c:517?_AfxPipCtor(pip=04705b70)
 afxShader.c:537?AfxDrawContextAcquireShaders(dctx=024eec10,cnt=1,uri=04705360,shd=003ecdc0)
 Uploading shader 'data/pipeline/skybox.xml?vs'
 afxXml.c:1047?AfxFileSystemLoadXml(uri=data/pipeline/skybox.xml)
 afxClass<afxXml>::AllocateObjects(1, 003ec668, 003ec678)
 afxClass<afxXml>::BuildObjects(1, 003ec668, 003ec660)
 afxClass<afxXml>::ConstructObject(04705e50)
 afxXml.c:1006?_AfxXmlCtor(uri:data/pipeline/skybox.xml)
 afxFile.c:279?AfxFileSystemOpenFile(Afx.FileSystem.OpenFile(0081ff00,00000001,data/pipeline/skybox.xml))
 afxClass<afxFile>::AllocateObjects(1, 003ec2d8, 003ec2e8)
 afxClass<afxFile>::BuildObjects(1, 003ec2d8, 003ec2c4)
 afxClass<afxFile, afxStream>ConstructingObject(04705ee0)
 afxClass<afxStream>::ConstructObject(04705ee0)
 afxClass<afxFile>::ConstructObject(04705ee0)
 afxClass<afxFile>::DismantleObjects(1, 003ec33c)
 Destructing instance 04705ee0 of afxFile class.
 Destructing instance 04705ee0 of afxFile : afxStream class.
 Destructing instance 04705ee0 of afxStream class.
 afxClass<afxFile>::DeallocateObjects(1, 003ec33c)
 afxFile.c:300?AfxFileSystemOpenReadableFile(Afx.FileSystem.OpenReadableFile(0081ff00,data/pipeline/stdEnv.inc))
 afxClass<afxFile>::AllocateObjects(1, 003ec3cc, 003ec3dc)
 afxClass<afxFile>::BuildObjects(1, 003ec3cc, 003ec3b8)
 afxClass<afxFile, afxStream>ConstructingObject(04705ee0)
 afxClass<afxStream>::ConstructObject(04705ee0)
 afxClass<afxFile>::ConstructObject(04705ee0)
 afxClass<afxFile>::DismantleObjects(1, 003ec42c)
 Destructing instance 04705ee0 of afxFile class.
 Destructing instance 04705ee0 of afxFile : afxStream class.
 Destructing instance 04705ee0 of afxStream class.
 afxClass<afxFile>::DeallocateObjects(1, 003ec42c)
 afxFile.c:300?AfxFileSystemOpenReadableFile(Afx.FileSystem.OpenReadableFile(0081ff00,data/pipeline/stdView.inc))
 afxClass<afxFile>::AllocateObjects(1, 003ec3cc, 003ec3dc)
 afxClass<afxFile>::BuildObjects(1, 003ec3cc, 003ec3b8)
 afxClass<afxFile, afxStream>ConstructingObject(04705ee0)
 afxClass<afxStream>::ConstructObject(04705ee0)
 afxClass<afxFile>::ConstructObject(04705ee0)
 afxClass<afxFile>::DismantleObjects(1, 003ec42c)
 Destructing instance 04705ee0 of afxFile class.
 Destructing instance 04705ee0 of afxFile : afxStream class.
 Destructing instance 04705ee0 of afxStream class.
 afxClass<afxFile>::DeallocateObjects(1, 003ec42c)
 afxShader.c:376?AfxDrawContextBuildShaders(dctx=024eec10,cnt=1,blueprint=003ec95c,shd=003ecdc0)
 afxClass<afxShader>::AllocateObjects(1, 003ecdc0, 003ec648)
 afxClass<afxShader>::BuildObjects(1, 003ecdc0, 003ec95c)
 afxClass<afxShader>::ConstructObject(04705ee0)
 sglShader.c:272?_AfxShdCtor(shd=04705ee0)
 #version 330 core // QWADRO. Engineered by SIGMA Technology Group.

#define afxInt int
#define afxNat uint

#define afxReal float

#define afxV2d vec2
#define afxV3d vec3
#define afxV4d vec4

#define afxM2d mat2
#define afxM3d mat3
#define afxM4d mat4

layout(std140) uniform sgl_view
{
    mat4 v;
    mat4 iv;
    mat4 p;
    mat4 ip;
    mat4 vp;
    mat4 ivp;
    vec4 viewpoint; // view point
    vec2 viewExtent;

    vec3 starDir;
    vec4 starPos;
    vec4 starKd;
};

        
        layout(location = 0) in vec3 a_xyz;

        out block
        {
            vec3 uvw0;
        } sgl_v;

        void main()
        {
            sgl_v.uvw0 = a_xyz;
            vec4 pos = p * v * vec4(a_xyz, 1.0);
            gl_Position = pos.xyww;
        }
       
 afxClass<afxXml>::DismantleObjects(1, 003ec6cc)
 Destructing instance 04705e50 of afxXml class.
 afxXml.c:983?_AfxXmlDtor(xml=04705e50)
 afxClass<afxXml>::DeallocateObjects(1, 003ec6cc)
 afxObject<04705ee0>::InstallEventFilter(04705b70)
 afxShader.c:537?AfxDrawContextAcquireShaders(dctx=024eec10,cnt=1,uri=04705ae0,shd=003ecdc0)
 Uploading shader 'data/pipeline/skybox.xml?fs'
 afxXml.c:1047?AfxFileSystemLoadXml(uri=data/pipeline/skybox.xml)
 afxClass<afxXml>::AllocateObjects(1, 003ec668, 003ec678)
 afxClass<afxXml>::BuildObjects(1, 003ec668, 003ec660)
 afxClass<afxXml>::ConstructObject(046fccf0)
 afxXml.c:1006?_AfxXmlCtor(uri:data/pipeline/skybox.xml)
 afxFile.c:279?AfxFileSystemOpenFile(Afx.FileSystem.OpenFile(0081ff00,00000001,data/pipeline/skybox.xml))
 afxClass<afxFile>::AllocateObjects(1, 003ec2d8, 003ec2e8)
 afxClass<afxFile>::BuildObjects(1, 003ec2d8, 003ec2c4)
 afxClass<afxFile, afxStream>ConstructingObject(04810740)
 afxClass<afxStream>::ConstructObject(04810740)
 afxClass<afxFile>::ConstructObject(04810740)
 afxClass<afxFile>::DismantleObjects(1, 003ec33c)
 Destructing instance 04810740 of afxFile class.
 Destructing instance 04810740 of afxFile : afxStream class.
 Destructing instance 04810740 of afxStream class.
 afxClass<afxFile>::DeallocateObjects(1, 003ec33c)
 afxFile.c:300?AfxFileSystemOpenReadableFile(Afx.FileSystem.OpenReadableFile(0081ff00,data/pipeline/stdEnv.inc))
 afxClass<afxFile>::AllocateObjects(1, 003ec3cc, 003ec3dc)
 afxClass<afxFile>::BuildObjects(1, 003ec3cc, 003ec3b8)
 afxClass<afxFile, afxStream>ConstructingObject(04810450)
 afxClass<afxStream>::ConstructObject(04810450)
 afxClass<afxFile>::ConstructObject(04810450)
 afxClass<afxFile>::DismantleObjects(1, 003ec42c)
 Destructing instance 04810450 of afxFile class.
 Destructing instance 04810450 of afxFile : afxStream class.
 Destructing instance 04810450 of afxStream class.
 afxClass<afxFile>::DeallocateObjects(1, 003ec42c)
 afxShader.c:376?AfxDrawContextBuildShaders(dctx=024eec10,cnt=1,blueprint=003ec95c,shd=003ecdc0)
 afxClass<afxShader>::AllocateObjects(1, 003ecdc0, 003ec648)
 afxClass<afxShader>::BuildObjects(1, 003ecdc0, 003ec95c)
 afxClass<afxShader>::ConstructObject(04810740)
 sglShader.c:272?_AfxShdCtor(shd=04810740)
 #version 330 core // QWADRO. Engineered by SIGMA Technology Group.

#define afxInt int
#define afxNat uint

#define afxReal float

#define afxV2d vec2
#define afxV3d vec3
#define afxV4d vec4

#define afxM2d mat2
#define afxM3d mat3
#define afxM4d mat4

        
        uniform samplerCube samp;

        in block
        {
            vec3 uvw0;
        } sgl_v;

        out vec4 sgl_rgba;

        void main()
        {
            sgl_rgba = texture(samp, sgl_v.uvw0);
        }
       
 afxClass<afxXml>::DismantleObjects(1, 003ec6cc)
 Destructing instance 046fccf0 of afxXml class.
 afxXml.c:983?_AfxXmlDtor(xml=046fccf0)
 afxClass<afxXml>::DeallocateObjects(1, 003ec6cc)
 afxObject<04810740>::InstallEventFilter(04705b70)
 afxLego.c:185?AfxDrawContextBuildLegos(dctx=024eec10)
 afxClass<afxLego>::AllocateObjects(1, 046c1404, 003ecc1c)
 afxClass<afxLego>::BuildObjects(1, 046c1404, 003ecf58)
 afxClass<afxLego>::ConstructObject(046fccf0)
 sglLego.c:299?_AfxLegtCtor(legt=046fccf0)
 afxClass<afxXml>::DismantleObjects(1, 003eda14)
 Destructing instance 0472f0c0 of afxXml class.
 afxXml.c:983?_AfxXmlDtor(xml=0472f0c0)
 afxClass<afxXml>::DeallocateObjects(1, 003eda14)
 afxSampler.c:47?AfxDrawContextAcquireSamplers(dctx=024eec10,spec=003ee100)
 afxClass<afxSampler>::AllocateObjects(1, 0474b4f4, 003ede54)
 afxClass<afxSampler>::BuildObjects(1, 0474b4f4, 003ee100)
 afxClass<afxSampler>::ConstructObject(0474c2c0)
 sglSampler.c:184?_AfxSmpCtor(smp=0474c2c0)
 afxClass<afxBuffer>::AllocateObjects(1, 04749e50, 003eded8)
 afxClass<afxBuffer>::BuildObjects(1, 04749e50, 003ee0c4)
 afxClass<afxBuffer>::ConstructObject(00826980)
 sglBuffer.c:454?_AfxBufCtor(buf=00826980)
 afxClass<afxBuffer>::AllocateObjects(1, 04749e54, 003eded8)
 afxClass<afxBuffer>::BuildObjects(1, 04749e54, 003ee0d0)
 afxClass<afxBuffer>::ConstructObject(00826a40)
 sglBuffer.c:454?_AfxBufCtor(buf=00826a40)
 afxClass<afxBuffer>::AllocateObjects(1, 04749e58, 003eded8)
 afxClass<afxBuffer>::BuildObjects(1, 04749e58, 003ee0dc)
 afxClass<afxBuffer>::ConstructObject(00826b00)
 sglBuffer.c:454?_AfxBufCtor(buf=00826b00)
 afxClass<afxBuffer>::AllocateObjects(1, 04749e5c, 003eded8)
 afxClass<afxBuffer>::BuildObjects(1, 04749e5c, 003ee0e8)
 afxClass<afxBuffer>::ConstructObject(00826bc0)
 sglBuffer.c:454?_AfxBufCtor(buf=00826bc0)
 afxClass<afxBuffer>::AllocateObjects(1, 0474a8d0, 003eded8)
 afxClass<afxBuffer>::BuildObjects(1, 0474a8d0, 003ee0c4)
 afxClass<afxBuffer>::ConstructObject(00826c80)
 sglBuffer.c:454?_AfxBufCtor(buf=00826c80)
 afxClass<afxBuffer>::AllocateObjects(1, 0474a8d4, 003eded8)
 afxClass<afxBuffer>::BuildObjects(1, 0474a8d4, 003ee0d0)
 afxClass<afxBuffer>::ConstructObject(00826d40)
 sglBuffer.c:454?_AfxBufCtor(buf=00826d40)
 afxClass<afxBuffer>::AllocateObjects(1, 0474a8d8, 003eded8)
 afxClass<afxBuffer>::BuildObjects(1, 0474a8d8, 003ee0dc)
 afxClass<afxBuffer>::ConstructObject(00826e00)
 sglBuffer.c:454?_AfxBufCtor(buf=00826e00)
 afxClass<afxBuffer>::AllocateObjects(1, 0474a8dc, 003eded8)
 afxClass<afxBuffer>::BuildObjects(1, 0474a8dc, 003ee0e8)
 afxClass<afxBuffer>::ConstructObject(00826ec0)
 sglBuffer.c:454?_AfxBufCtor(buf=00826ec0)
 Uploading draw operation 'data/pipeline/body.xml'
 afxXml.c:1047?AfxFileSystemLoadXml(uri=data/pipeline/body.xml)
 afxClass<afxXml>::AllocateObjects(1, 003ed9b0, 003ed9c0)
 afxClass<afxXml>::BuildObjects(1, 003ed9b0, 003ed9a8)
 afxClass<afxXml>::ConstructObject(046fcfe0)
 afxXml.c:1006?_AfxXmlCtor(uri:data/pipeline/body.xml)
 afxFile.c:279?AfxFileSystemOpenFile(Afx.FileSystem.OpenFile(0081ff00,00000001,data/pipeline/body.xml))
 afxClass<afxFile>::AllocateObjects(1, 003ed620, 003ed630)
 afxClass<afxFile>::BuildObjects(1, 003ed620, 003ed60c)
 afxClass<afxFile, afxStream>ConstructingObject(048100f0)
 afxClass<afxStream>::ConstructObject(048100f0)
 afxClass<afxFile>::ConstructObject(048100f0)
 afxClass<afxFile>::DismantleObjects(1, 003ed684)
 Destructing instance 048100f0 of afxFile class.
 Destructing instance 048100f0 of afxFile : afxStream class.
 Destructing instance 048100f0 of afxStream class.
 afxClass<afxFile>::DeallocateObjects(1, 003ed684)
 afxClass<afxDrawOperation>::AllocateObjects(1, 0474b508, 003ed99c)
 afxClass<afxDrawOperation>::BuildObjects(1, 0474b508, 003edc1c)
 afxClass<afxDrawOperation>::ConstructObject(046fd240)
 afxDrawOperation.c:665?_AfxDopCtor(dop=046fd240)
 afxPipeline.c:341?AfxDrawContextBuildPipelines(dctx=024eec10)
 afxClass<afxPipeline>::AllocateObjects(1, 046f58c8, 003ed344)
 afxClass<afxPipeline>::BuildObjects(1, 046f58c8, 003ed430)
 afxClass<afxPipeline>::ConstructObject(048102d0)
 sglPipeline.c:517?_AfxPipCtor(pip=048102d0)
 afxShader.c:537?AfxDrawContextAcquireShaders(dctx=024eec10,cnt=1,uri=046fd2e0,shd=003ecdc0)
 Uploading shader 'data/pipeline/body.xml?vsRigid'
 afxXml.c:1047?AfxFileSystemLoadXml(uri=data/pipeline/body.xml)
 afxClass<afxXml>::AllocateObjects(1, 003ec668, 003ec678)
 afxClass<afxXml>::BuildObjects(1, 003ec668, 003ec660)
 afxClass<afxXml>::ConstructObject(046fd370)
 afxXml.c:1006?_AfxXmlCtor(uri:data/pipeline/body.xml)
 afxFile.c:279?AfxFileSystemOpenFile(Afx.FileSystem.OpenFile(0081ff00,00000001,data/pipeline/body.xml))
 afxClass<afxFile>::AllocateObjects(1, 003ec2d8, 003ec2e8)
 afxClass<afxFile>::BuildObjects(1, 003ec2d8, 003ec2c4)
 afxClass<afxFile, afxStream>ConstructingObject(048105b0)
 afxClass<afxStream>::ConstructObject(048105b0)
 afxClass<afxFile>::ConstructObject(048105b0)
 afxClass<afxFile>::DismantleObjects(1, 003ec33c)
 Destructing instance 048105b0 of afxFile class.
 Destructing instance 048105b0 of afxFile : afxStream class.
 Destructing instance 048105b0 of afxStream class.
 afxClass<afxFile>::DeallocateObjects(1, 003ec33c)
 afxFile.c:300?AfxFileSystemOpenReadableFile(Afx.FileSystem.OpenReadableFile(0081ff00,data/pipeline/stdEnv.inc))
 afxClass<afxFile>::AllocateObjects(1, 003ec3cc, 003ec3dc)
 afxClass<afxFile>::BuildObjects(1, 003ec3cc, 003ec3b8)
 afxClass<afxFile, afxStream>ConstructingObject(048105b0)
 afxClass<afxStream>::ConstructObject(048105b0)
 afxClass<afxFile>::ConstructObject(048105b0)
 afxClass<afxFile>::DismantleObjects(1, 003ec42c)
 Destructing instance 048105b0 of afxFile class.
 Destructing instance 048105b0 of afxFile : afxStream class.
 Destructing instance 048105b0 of afxStream class.
 afxClass<afxFile>::DeallocateObjects(1, 003ec42c)
 afxFile.c:300?AfxFileSystemOpenReadableFile(Afx.FileSystem.OpenReadableFile(0081ff00,data/pipeline/stdView.inc))
 afxClass<afxFile>::AllocateObjects(1, 003ec3cc, 003ec3dc)
 afxClass<afxFile>::BuildObjects(1, 003ec3cc, 003ec3b8)
 afxClass<afxFile, afxStream>ConstructingObject(048105b0)
 afxClass<afxStream>::ConstructObject(048105b0)
 afxClass<afxFile>::ConstructObject(048105b0)
 afxClass<afxFile>::DismantleObjects(1, 003ec42c)
 Destructing instance 048105b0 of afxFile class.
 Destructing instance 048105b0 of afxFile : afxStream class.
 Destructing instance 048105b0 of afxStream class.
 afxClass<afxFile>::DeallocateObjects(1, 003ec42c)
 afxFile.c:300?AfxFileSystemOpenReadableFile(Afx.FileSystem.OpenReadableFile(0081ff00,data/pipeline/stdObject.inc))
 afxClass<afxFile>::AllocateObjects(1, 003ec3cc, 003ec3dc)
 afxClass<afxFile>::BuildObjects(1, 003ec3cc, 003ec3b8)
 afxClass<afxFile, afxStream>ConstructingObject(048105b0)
 afxClass<afxStream>::ConstructObject(048105b0)
 afxClass<afxFile>::ConstructObject(048105b0)
 afxClass<afxFile>::DismantleObjects(1, 003ec42c)
 Destructing instance 048105b0 of afxFile class.
 Destructing instance 048105b0 of afxFile : afxStream class.
 Destructing instance 048105b0 of afxStream class.
 afxClass<afxFile>::DeallocateObjects(1, 003ec42c)
 afxShader.c:376?AfxDrawContextBuildShaders(dctx=024eec10,cnt=1,blueprint=003ec95c,shd=003ecdc0)
 afxClass<afxShader>::AllocateObjects(1, 003ecdc0, 003ec648)
 afxClass<afxShader>::BuildObjects(1, 003ecdc0, 003ec95c)
 afxClass<afxShader>::ConstructObject(048105b0)
 sglShader.c:272?_AfxShdCtor(shd=048105b0)
 #version 330 core // QWADRO. Engineered by SIGMA Technology Group.

#define afxInt int
#define afxNat uint

#define afxReal float

#define afxV2d vec2
#define afxV3d vec3
#define afxV4d vec4

#define afxM2d mat2
#define afxM3d mat3
#define afxM4d mat4

layout(std140) uniform sgl_view
{
    mat4 v;
    mat4 iv;
    mat4 p;
    mat4 ip;
    mat4 vp;
    mat4 ivp;
    vec4 viewpoint; // view point
    vec2 viewExtent;

    vec3 starDir;
    vec4 starPos;
    vec4 starKd;
};

layout(std140) uniform sgl_obj
{
    int boneCnt;
    mat4 m;
    mat4 w[32];
};

        
        layout (location = 0) in vec4 aPos;
        layout (location = 1) in vec3 aNormal;
        layout (location = 2) in vec2 aUv;

        const vec4 AmbientColour = vec4(0.2, 0.2, 0.2, 0.2);
        
        out block
        {
            vec3 Position;
            vec4 Diffuse;
            vec2 Tex0;
        } sgl_v;

        void main()
        {
            vec3 ObjNormal = vec3(v * inverse(m) * vec4(aNormal, 0));

            gl_Position = p * v * m * aPos;
            sgl_v.Tex0     = aUv;
            sgl_v.Diffuse  = starKd * (dot(ObjNormal, starDir)) + AmbientColour;
        }
       
 afxClass<afxXml>::DismantleObjects(1, 003ec6cc)
 Destructing instance 046fd370 of afxXml class.
 afxXml.c:983?_AfxXmlDtor(xml=046fd370)
 afxClass<afxXml>::DeallocateObjects(1, 003ec6cc)
 afxObject<048105b0>::InstallEventFilter(048102d0)
 afxShader.c:537?AfxDrawContextAcquireShaders(dctx=024eec10,cnt=1,uri=047051a0,shd=003ecdc0)
 Uploading shader 'data/pipeline/body.xml?fs'
 afxXml.c:1047?AfxFileSystemLoadXml(uri=data/pipeline/body.xml)
 afxClass<afxXml>::AllocateObjects(1, 003ec668, 003ec678)
 afxClass<afxXml>::BuildObjects(1, 003ec668, 003ec660)
 afxClass<afxXml>::ConstructObject(046fd370)
 afxXml.c:1006?_AfxXmlCtor(uri:data/pipeline/body.xml)
 afxFile.c:279?AfxFileSystemOpenFile(Afx.FileSystem.OpenFile(0081ff00,00000001,data/pipeline/body.xml))
 afxClass<afxFile>::AllocateObjects(1, 003ec2d8, 003ec2e8)
 afxClass<afxFile>::BuildObjects(1, 003ec2d8, 003ec2c4)
 afxClass<afxFile, afxStream>ConstructingObject(04810f30)
 afxClass<afxStream>::ConstructObject(04810f30)
 afxClass<afxFile>::ConstructObject(04810f30)
 afxClass<afxFile>::DismantleObjects(1, 003ec33c)
 Destructing instance 04810f30 of afxFile class.
 Destructing instance 04810f30 of afxFile : afxStream class.
 Destructing instance 04810f30 of afxStream class.
 afxClass<afxFile>::DeallocateObjects(1, 003ec33c)
 afxFile.c:300?AfxFileSystemOpenReadableFile(Afx.FileSystem.OpenReadableFile(0081ff00,data/pipeline/stdEnv.inc))
 afxClass<afxFile>::AllocateObjects(1, 003ec3cc, 003ec3dc)
 afxClass<afxFile>::BuildObjects(1, 003ec3cc, 003ec3b8)
 afxClass<afxFile, afxStream>ConstructingObject(04810f30)
 afxClass<afxStream>::ConstructObject(04810f30)
 afxClass<afxFile>::ConstructObject(04810f30)
 afxClass<afxFile>::DismantleObjects(1, 003ec42c)
 Destructing instance 04810f30 of afxFile class.
 Destructing instance 04810f30 of afxFile : afxStream class.
 Destructing instance 04810f30 of afxStream class.
 afxClass<afxFile>::DeallocateObjects(1, 003ec42c)
 afxShader.c:376?AfxDrawContextBuildShaders(dctx=024eec10,cnt=1,blueprint=003ec95c,shd=003ecdc0)
 afxClass<afxShader>::AllocateObjects(1, 003ecdc0, 003ec648)
 afxClass<afxShader>::BuildObjects(1, 003ecdc0, 003ec95c)
 afxClass<afxShader>::ConstructObject(04810f30)
 sglShader.c:272?_AfxShdCtor(shd=04810f30)
 #version 330 core // QWADRO. Engineered by SIGMA Technology Group.

#define afxInt int
#define afxNat uint

#define afxReal float

#define afxV2d vec2
#define afxV3d vec3
#define afxV4d vec4

#define afxM2d mat2
#define afxM3d mat3
#define afxM4d mat4

        
        uniform sampler2D diffuse_sampler;
        
        in block
        {
            vec3 Position;
            vec4 Diffuse;
            vec2 Tex0;
        } sgl_v;
        
        out vec4 FragColor;
        
        void main()
        {
            FragColor = /*texture( diffuse_sampler, sgl_v.Tex0 ) * */sgl_v.Diffuse;
        }
       
 afxClass<afxXml>::DismantleObjects(1, 003ec6cc)
 Destructing instance 046fd370 of afxXml class.
 afxXml.c:983?_AfxXmlDtor(xml=046fd370)
 afxClass<afxXml>::DeallocateObjects(1, 003ec6cc)
 afxObject<04810f30>::InstallEventFilter(048102d0)
 afxLego.c:185?AfxDrawContextBuildLegos(dctx=024eec10)
 afxClass<afxLego>::AllocateObjects(1, 046bdba4, 003ecc1c)
 afxClass<afxLego>::BuildObjects(1, 046bdba4, 003ecf58)
 afxClass<afxLego>::ConstructObject(046fd370)
 sglLego.c:299?_AfxLegtCtor(legt=046fd370)
 afxLego.c:185?AfxDrawContextBuildLegos(dctx=024eec10)
 afxClass<afxLego>::AllocateObjects(1, 046bdbb0, 003ecc1c)
 afxClass<afxLego>::BuildObjects(1, 046bdbb0, 003ecfa0)
 afxClass<afxLego>::ConstructObject(046fd4a0)
 sglLego.c:299?_AfxLegtCtor(legt=046fd4a0)
 afxLego.c:185?AfxDrawContextBuildLegos(dctx=024eec10)
 afxClass<afxLego>::AllocateObjects(1, 046bdbbc, 003ecc1c)
 afxClass<afxLego>::BuildObjects(1, 046bdbbc, 003ecfc4)
 afxClass<afxLego>::ConstructObject(046fd540)
 sglLego.c:299?_AfxLegtCtor(legt=046fd540)
 afxPipeline.c:341?AfxDrawContextBuildPipelines(dctx=024eec10)
 afxClass<afxPipeline>::AllocateObjects(1, 046f4c08, 003ed344)
 afxClass<afxPipeline>::BuildObjects(1, 046f4c08, 003ed430)
 afxClass<afxPipeline>::ConstructObject(04838a40)
 sglPipeline.c:517?_AfxPipCtor(pip=04838a40)
 afxShader.c:537?AfxDrawContextAcquireShaders(dctx=024eec10,cnt=1,uri=046fd2e0,shd=003ecdc0)
 Uploading shader 'data/pipeline/body.xml?vsSkinned'
 afxXml.c:1047?AfxFileSystemLoadXml(uri=data/pipeline/body.xml)
 afxClass<afxXml>::AllocateObjects(1, 003ec668, 003ec678)
 afxClass<afxXml>::BuildObjects(1, 003ec668, 003ec660)
 afxClass<afxXml>::ConstructObject(046fd5d0)
 afxXml.c:1006?_AfxXmlCtor(uri:data/pipeline/body.xml)
 afxFile.c:279?AfxFileSystemOpenFile(Afx.FileSystem.OpenFile(0081ff00,00000001,data/pipeline/body.xml))
 afxClass<afxFile>::AllocateObjects(1, 003ec2d8, 003ec2e8)
 afxClass<afxFile>::BuildObjects(1, 003ec2d8, 003ec2c4)
 afxClass<afxFile, afxStream>ConstructingObject(0483cfe0)
 afxClass<afxStream>::ConstructObject(0483cfe0)
 afxClass<afxFile>::ConstructObject(0483cfe0)
 afxClass<afxFile>::DismantleObjects(1, 003ec33c)
 Destructing instance 0483cfe0 of afxFile class.
 Destructing instance 0483cfe0 of afxFile : afxStream class.
 Destructing instance 0483cfe0 of afxStream class.
 afxClass<afxFile>::DeallocateObjects(1, 003ec33c)
 afxFile.c:300?AfxFileSystemOpenReadableFile(Afx.FileSystem.OpenReadableFile(0081ff00,data/pipeline/stdEnv.inc))
 afxClass<afxFile>::AllocateObjects(1, 003ec3cc, 003ec3dc)
 afxClass<afxFile>::BuildObjects(1, 003ec3cc, 003ec3b8)
 afxClass<afxFile, afxStream>ConstructingObject(0483cfe0)
 afxClass<afxStream>::ConstructObject(0483cfe0)
 afxClass<afxFile>::ConstructObject(0483cfe0)
 afxClass<afxFile>::DismantleObjects(1, 003ec42c)
 Destructing instance 0483cfe0 of afxFile class.
 Destructing instance 0483cfe0 of afxFile : afxStream class.
 Destructing instance 0483cfe0 of afxStream class.
 afxClass<afxFile>::DeallocateObjects(1, 003ec42c)
 afxFile.c:300?AfxFileSystemOpenReadableFile(Afx.FileSystem.OpenReadableFile(0081ff00,data/pipeline/stdView.inc))
 afxClass<afxFile>::AllocateObjects(1, 003ec3cc, 003ec3dc)
 afxClass<afxFile>::BuildObjects(1, 003ec3cc, 003ec3b8)
 afxClass<afxFile, afxStream>ConstructingObject(0483cfe0)
 afxClass<afxStream>::ConstructObject(0483cfe0)
 afxClass<afxFile>::ConstructObject(0483cfe0)
 afxClass<afxFile>::DismantleObjects(1, 003ec42c)
 Destructing instance 0483cfe0 of afxFile class.
 Destructing instance 0483cfe0 of afxFile : afxStream class.
 Destructing instance 0483cfe0 of afxStream class.
 afxClass<afxFile>::DeallocateObjects(1, 003ec42c)
 afxFile.c:300?AfxFileSystemOpenReadableFile(Afx.FileSystem.OpenReadableFile(0081ff00,data/pipeline/stdObject.inc))
 afxClass<afxFile>::AllocateObjects(1, 003ec3cc, 003ec3dc)
 afxClass<afxFile>::BuildObjects(1, 003ec3cc, 003ec3b8)
 afxClass<afxFile, afxStream>ConstructingObject(0483cfe0)
 afxClass<afxStream>::ConstructObject(0483cfe0)
 afxClass<afxFile>::ConstructObject(0483cfe0)
 afxClass<afxFile>::DismantleObjects(1, 003ec42c)
 Destructing instance 0483cfe0 of afxFile class.
 Destructing instance 0483cfe0 of afxFile : afxStream class.
 Destructing instance 0483cfe0 of afxStream class.
 afxClass<afxFile>::DeallocateObjects(1, 003ec42c)
 afxShader.c:376?AfxDrawContextBuildShaders(dctx=024eec10,cnt=1,blueprint=003ec95c,shd=003ecdc0)
 afxClass<afxShader>::AllocateObjects(1, 003ecdc0, 003ec648)
 afxClass<afxShader>::BuildObjects(1, 003ecdc0, 003ec95c)
 afxClass<afxShader>::ConstructObject(0483cfe0)
 sglShader.c:272?_AfxShdCtor(shd=0483cfe0)
 #version 330 core // QWADRO. Engineered by SIGMA Technology Group.

#define afxInt int
#define afxNat uint

#define afxReal float

#define afxV2d vec2
#define afxV3d vec3
#define afxV4d vec4

#define afxM2d mat2
#define afxM3d mat3
#define afxM4d mat4

layout(std140) uniform sgl_view
{
    mat4 v;
    mat4 iv;
    mat4 p;
    mat4 ip;
    mat4 vp;
    mat4 ivp;
    vec4 viewpoint; // view point
    vec2 viewExtent;

    vec3 starDir;
    vec4 starPos;
    vec4 starKd;
};

layout(std140) uniform sgl_obj
{
    int boneCnt;
    mat4 m;
    mat4 w[32];
};

        
        layout (location = 0) in vec3 aPos;
        layout (location = 1) in vec3 aNormal;
        layout (location = 2) in vec2 aUv;
        layout (location = 3) in vec4 aBlendIndices;
        layout (location = 4) in vec4 aBlendWeights;

        out block
        {
            vec3 Position;
            vec4 Diffuse;
            vec2 Tex0;
        } sgl_v;

        const vec4 AmbientColour = vec4(0.2, 0.2, 0.2, 0.2);
        
        void main()
        {
            vec4 InPos     = vec4( aPos, 1 );
            vec4 WorldPos    = 0;
            vec3 WorldNormal = 0;
            
            // We're going to assume that we can transform the normal by the matrix, which is not
            // technically correct unless we're positive there's not a scaling factor involved.

            for( int i = 0; i < 4; ++i )
            {
                mat4 BoneMatrix = m[int(aBlendIndices[i])];
                WorldPos    += (aBlendWeights[i] * vec4( InPos * BoneMatrix ));
                WorldNormal += vec3(vec4(aBlendWeights[i] * vec4( vec4( aNormal, 0 ) * BoneMatrix )));
            }

            vec4 ViewPosL = (WorldPos * v);
            vec4 ClipPos = (ViewPosL * p);
            gl_Position = ClipPos;
            sgl_v.Position   = vec3(ClipPos);
            sgl_v.Tex0    = aUv;
            sgl_v.Diffuse = starKd * (dot(normalize(WorldNormal), starDir)) + AmbientColour;
        }
       
 afxClass<afxXml>::DismantleObjects(1, 003ec6cc)
 Destructing instance 046fd5d0 of afxXml class.
 afxXml.c:983?_AfxXmlDtor(xml=046fd5d0)
 afxClass<afxXml>::DeallocateObjects(1, 003ec6cc)
 afxObject<0483cfe0>::InstallEventFilter(04838a40)
 afxShader.c:537?AfxDrawContextAcquireShaders(dctx=024eec10,cnt=1,uri=047051a0,shd=003ecdc0)
 Uploading shader 'data/pipeline/body.xml?fs'
 afxXml.c:1047?AfxFileSystemLoadXml(uri=data/pipeline/body.xml)
 afxClass<afxXml>::AllocateObjects(1, 003ec668, 003ec678)
 afxClass<afxXml>::BuildObjects(1, 003ec668, 003ec660)
 afxClass<afxXml>::ConstructObject(046fd5d0)
 afxXml.c:1006?_AfxXmlCtor(uri:data/pipeline/body.xml)
 afxFile.c:279?AfxFileSystemOpenFile(Afx.FileSystem.OpenFile(0081ff00,00000001,data/pipeline/body.xml))
 afxClass<afxFile>::AllocateObjects(1, 003ec2d8, 003ec2e8)
 afxClass<afxFile>::BuildObjects(1, 003ec2d8, 003ec2c4)
 afxClass<afxFile, afxStream>ConstructingObject(04705360)
 afxClass<afxStream>::ConstructObject(04705360)
 afxClass<afxFile>::ConstructObject(04705360)
 afxClass<afxFile>::DismantleObjects(1, 003ec33c)
 Destructing instance 04705360 of afxFile class.
 Destructing instance 04705360 of afxFile : afxStream class.
 Destructing instance 04705360 of afxStream class.
 afxClass<afxFile>::DeallocateObjects(1, 003ec33c)
 afxFile.c:300?AfxFileSystemOpenReadableFile(Afx.FileSystem.OpenReadableFile(0081ff00,data/pipeline/stdEnv.inc))
 afxClass<afxFile>::AllocateObjects(1, 003ec3cc, 003ec3dc)
 afxClass<afxFile>::BuildObjects(1, 003ec3cc, 003ec3b8)
 afxClass<afxFile, afxStream>ConstructingObject(04827820)
 afxClass<afxStream>::ConstructObject(04827820)
 afxClass<afxFile>::ConstructObject(04827820)
 afxClass<afxFile>::DismantleObjects(1, 003ec42c)
 Destructing instance 04827820 of afxFile class.
 Destructing instance 04827820 of afxFile : afxStream class.
 Destructing instance 04827820 of afxStream class.
 afxClass<afxFile>::DeallocateObjects(1, 003ec42c)
 afxShader.c:376?AfxDrawContextBuildShaders(dctx=024eec10,cnt=1,blueprint=003ec95c,shd=003ecdc0)
 afxClass<afxShader>::AllocateObjects(1, 003ecdc0, 003ec648)
 afxClass<afxShader>::BuildObjects(1, 003ecdc0, 003ec95c)
 afxClass<afxShader>::ConstructObject(047059c0)
 sglShader.c:272?_AfxShdCtor(shd=047059c0)
 #version 330 core // QWADRO. Engineered by SIGMA Technology Group.

#define afxInt int
#define afxNat uint

#define afxReal float

#define afxV2d vec2
#define afxV3d vec3
#define afxV4d vec4

#define afxM2d mat2
#define afxM3d mat3
#define afxM4d mat4

        
        uniform sampler2D diffuse_sampler;
        
        in block
        {
            vec3 Position;
            vec4 Diffuse;
            vec2 Tex0;
        } sgl_v;
        
        out vec4 FragColor;
        
        void main()
        {
            FragColor = /*texture( diffuse_sampler, sgl_v.Tex0 ) * */sgl_v.Diffuse;
        }
       
 afxClass<afxXml>::DismantleObjects(1, 003ec6cc)
 Destructing instance 046fd5d0 of afxXml class.
 afxXml.c:983?_AfxXmlDtor(xml=046fd5d0)
 afxClass<afxXml>::DeallocateObjects(1, 003ec6cc)
 afxObject<047059c0>::InstallEventFilter(04838a40)
 afxLego.c:185?AfxDrawContextBuildLegos(dctx=024eec10)
 afxClass<afxLego>::AllocateObjects(1, 046bd514, 003ecc1c)
 afxClass<afxLego>::BuildObjects(1, 046bd514, 003ecf58)
 afxClass<afxLego>::ConstructObject(046fd5d0)
 sglLego.c:299?_AfxLegtCtor(legt=046fd5d0)
 afxLego.c:185?AfxDrawContextBuildLegos(dctx=024eec10)
 afxClass<afxLego>::AllocateObjects(1, 046bd520, 003ecc1c)
 afxClass<afxLego>::BuildObjects(1, 046bd520, 003ecfa0)
 afxClass<afxLego>::ConstructObject(046fd700)
 sglLego.c:299?_AfxLegtCtor(legt=046fd700)
 afxLego.c:185?AfxDrawContextBuildLegos(dctx=024eec10)
 afxClass<afxLego>::AllocateObjects(1, 046bd52c, 003ecc1c)
 afxClass<afxLego>::BuildObjects(1, 046bd52c, 003ecfc4)
 afxClass<afxLego>::ConstructObject(046fd7a0)
 sglLego.c:299?_AfxLegtCtor(legt=046fd7a0)
 afxClass<afxXml>::DismantleObjects(1, 003eda14)
 Destructing instance 046fcfe0 of afxXml class.
 afxXml.c:983?_AfxXmlDtor(xml=046fcfe0)
 afxClass<afxXml>::DeallocateObjects(1, 003eda14)
 afxCanvas.c:156?AfxDrawContextBuildCanvases(dctx=024eec10,cnt=1,blueprint=003eec20,canv=047493c4)
 afxClass<afxCanvas>::AllocateObjects(1, 047493c4, 003eeb1c)
 afxClass<afxCanvas>::BuildObjects(1, 047493c4, 003eec20)
 afxClass<afxCanvas>::ConstructObject(04705a90)
 sglCanvas.c:399?_AfxCanvCtor(canv=04705a90)
 afxSurface.c:12?AfxDrawContextAcquireSurface(dctx=024eec10,fmt=24,whd=[1272,693,1],usage=32)
 ADV afxTexture.c:52?AfxTextureBlueprintBegin
    texb->fcc == AFX_FCC_TEXB
 afxClass<afxSurface>::AllocateObjects(1, 003ee0f8, 003ee114)
 afxClass<afxSurface>::BuildObjects(1, 003ee0f8, 003ee120)
 afxClass<afxSurface, afxTexture>ConstructingObject(048100f0)
 afxClass<afxTexture>::ConstructObject(048100f0)
 sglTexture.c:1030?_AfxTexCtor(tex=048100f0)
 afxClass<afxSurface>::ConstructObject(048100f0)
 sglSurface.c:131?_AfxSurfCtor(surf=048100f0)
 afxCanvas.c:156?AfxDrawContextBuildCanvases(dctx=024eec10,cnt=1,blueprint=003eec20,canv=047493c8)
 afxClass<afxCanvas>::AllocateObjects(1, 047493c8, 003eeb1c)
 afxClass<afxCanvas>::BuildObjects(1, 047493c8, 003eec20)
 afxClass<afxCanvas>::ConstructObject(04705610)
 sglCanvas.c:399?_AfxCanvCtor(canv=04705610)
 afxSurface.c:12?AfxDrawContextAcquireSurface(dctx=024eec10,fmt=24,whd=[1272,693,1],usage=32)
 ADV afxTexture.c:52?AfxTextureBlueprintBegin
    texb->fcc == AFX_FCC_TEXB
 afxClass<afxSurface>::AllocateObjects(1, 003ee0f8, 003ee114)
 afxClass<afxSurface>::BuildObjects(1, 003ee0f8, 003ee120)
 afxClass<afxSurface, afxTexture>ConstructingObject(047056f0)
 afxClass<afxTexture>::ConstructObject(047056f0)
 sglTexture.c:1030?_AfxTexCtor(tex=047056f0)
 afxClass<afxSurface>::ConstructObject(047056f0)
 sglSurface.c:131?_AfxSurfCtor(surf=047056f0)
 ADV glus_wavefront.c:866?__ldrWavefrontParse
    MTL NAME art/object/container/container.mtl
 ADV glus_wavefront.c:291?_ldrWavefrontLoadMaterial
    MTL FNAME art/object/container/container.mtl
 Mesh name container
 afxClass<afxMaterial>::AllocateObjects(1, 003eded4, 003edc78)
 afxClass<afxMaterial>::BuildObjects(1, 003eded4, 003ee170)
 afxClass<afxMaterial>::ConstructObject(024a83e0)
 afxMaterial.c:248?_AfxMtlCtor(mtl=024a83e0)
 Uploading texture 'art/object/container/Container_DiffuseMap.tga'
 afxFile.c:279?AfxFileSystemOpenFile(Afx.FileSystem.OpenFile(0081ff00,00000001,art/object/container/Container_DiffuseMap.tga))
 afxClass<afxFile>::AllocateObjects(1, 003ecf2c, 003ecf3c)
 afxClass<afxFile>::BuildObjects(1, 003ecf2c, 003ecf18)
 afxClass<afxFile, afxStream>ConstructingObject(04810210)
 afxClass<afxStream>::ConstructObject(04810210)
 afxClass<afxFile>::ConstructObject(04810210)
 ADV afxTexture.c:52?AfxTextureBlueprintBegin
    texb->fcc == AFX_FCC_TEXB
 afxTexture.c:442?AfxDrawContextBuildTextures(dctx=024eec10,cnt=1,blueprint=003ed020,tex=024a8420)
 afxClass<afxTexture>::AllocateObjects(1, 024a8420, 003ecf0c)
 afxClass<afxTexture>::BuildObjects(1, 024a8420, 003ed020)
 afxClass<afxTexture>::ConstructObject(048215f0)
 sglTexture.c:1030?_AfxTexCtor(tex=048215f0)
 afxClass<afxFile>::DismantleObjects(1, 003ecf90)
 Destructing instance 04810210 of afxFile class.
 Destructing instance 04810210 of afxFile : afxStream class.
 Destructing instance 04810210 of afxStream class.
 afxClass<afxFile>::DeallocateObjects(1, 003ecf90)
 afxClass<afxMaterial>::AllocateObjects(1, 003eded4, 003edc78)
 afxClass<afxMaterial>::BuildObjects(1, 003eded4, 003ee170)
 afxClass<afxMaterial>::ConstructObject(024a84c0)
 afxMaterial.c:248?_AfxMtlCtor(mtl=024a84c0)
 Uploading texture 'art/object/container/Container_DiffuseMap.tga'
 afxFile.c:279?AfxFileSystemOpenFile(Afx.FileSystem.OpenFile(0081ff00,00000001,art/object/container/Container_DiffuseMap.tga))
 afxClass<afxFile>::AllocateObjects(1, 003ecf2c, 003ecf3c)
 afxClass<afxFile>::BuildObjects(1, 003ecf2c, 003ecf18)
 afxClass<afxFile, afxStream>ConstructingObject(04810210)
 afxClass<afxStream>::ConstructObject(04810210)
 afxClass<afxFile>::ConstructObject(04810210)
 ADV afxTexture.c:52?AfxTextureBlueprintBegin
    texb->fcc == AFX_FCC_TEXB
 afxTexture.c:442?AfxDrawContextBuildTextures(dctx=024eec10,cnt=1,blueprint=003ed020,tex=024a8500)
 afxClass<afxTexture>::AllocateObjects(1, 024a8500, 003ecf0c)
 afxClass<afxTexture>::BuildObjects(1, 024a8500, 003ed020)
 afxClass<afxTexture>::ConstructObject(048216f0)
 sglTexture.c:1030?_AfxTexCtor(tex=048216f0)
 afxClass<afxFile>::DismantleObjects(1, 003ecf90)
 Destructing instance 04810210 of afxFile class.
 Destructing instance 04810210 of afxFile : afxStream class.
 Destructing instance 04810210 of afxStream class.
 afxClass<afxFile>::DeallocateObjects(1, 003ecf90)
 Mesh name air_conditioning
 afxClass<afxMaterial>::AllocateObjects(1, 003eded4, 003edc78)
 afxClass<afxMaterial>::BuildObjects(1, 003eded4, 003ee170)
 afxClass<afxMaterial>::ConstructObject(024a8590)
 afxMaterial.c:248?_AfxMtlCtor(mtl=024a8590)
 Uploading texture 'art/object/container/Container_DiffuseMap.tga'
 afxFile.c:279?AfxFileSystemOpenFile(Afx.FileSystem.OpenFile(0081ff00,00000001,art/object/container/Container_DiffuseMap.tga))
 afxClass<afxFile>::AllocateObjects(1, 003ecf2c, 003ecf3c)
 afxClass<afxFile>::BuildObjects(1, 003ecf2c, 003ecf18)
 afxClass<afxFile, afxStream>ConstructingObject(04810210)
 afxClass<afxStream>::ConstructObject(04810210)
 afxClass<afxFile>::ConstructObject(04810210)
 ADV afxTexture.c:52?AfxTextureBlueprintBegin
    texb->fcc == AFX_FCC_TEXB
 afxTexture.c:442?AfxDrawContextBuildTextures(dctx=024eec10,cnt=1,blueprint=003ed020,tex=024a85d0)
 afxClass<afxTexture>::AllocateObjects(1, 024a85d0, 003ecf0c)
 afxClass<afxTexture>::BuildObjects(1, 024a85d0, 003ed020)
 afxClass<afxTexture>::ConstructObject(048217f0)
 sglTexture.c:1030?_AfxTexCtor(tex=048217f0)
 afxClass<afxFile>::DismantleObjects(1, 003ecf90)
 Destructing instance 04810210 of afxFile class.
 Destructing instance 04810210 of afxFile : afxStream class.
 Destructing instance 04810210 of afxStream class.
 afxClass<afxFile>::DeallocateObjects(1, 003ecf90)
 afxClass<afxMaterial>::AllocateObjects(1, 003eded4, 003edc78)
 afxClass<afxMaterial>::BuildObjects(1, 003eded4, 003ee170)
 afxClass<afxMaterial>::ConstructObject(024a8670)
 afxMaterial.c:248?_AfxMtlCtor(mtl=024a8670)
 Uploading texture 'art/object/container/Container_DiffuseMap.tga'
 afxFile.c:279?AfxFileSystemOpenFile(Afx.FileSystem.OpenFile(0081ff00,00000001,art/object/container/Container_DiffuseMap.tga))
 afxClass<afxFile>::AllocateObjects(1, 003ecf2c, 003ecf3c)
 afxClass<afxFile>::BuildObjects(1, 003ecf2c, 003ecf18)
 afxClass<afxFile, afxStream>ConstructingObject(04810210)
 afxClass<afxStream>::ConstructObject(04810210)
 afxClass<afxFile>::ConstructObject(04810210)
 ADV afxTexture.c:52?AfxTextureBlueprintBegin
    texb->fcc == AFX_FCC_TEXB
 afxTexture.c:442?AfxDrawContextBuildTextures(dctx=024eec10,cnt=1,blueprint=003ed020,tex=024a86b0)
 afxClass<afxTexture>::AllocateObjects(1, 024a86b0, 003ecf0c)
 afxClass<afxTexture>::BuildObjects(1, 024a86b0, 003ed020)
 afxClass<afxTexture>::ConstructObject(048218f0)
 sglTexture.c:1030?_AfxTexCtor(tex=048218f0)
 afxClass<afxFile>::DismantleObjects(1, 003ecf90)
 Destructing instance 04810210 of afxFile class.
 Destructing instance 04810210 of afxFile : afxStream class.
 Destructing instance 04810210 of afxStream class.
 afxClass<afxFile>::DeallocateObjects(1, 003ecf90)
 afxClass<afxSkeleton>::AllocateObjects(1, 003ede7c, 003edc78)
 afxClass<afxSkeleton>::BuildObjects(1, 003ede7c, 003ede80)
 afxClass<afxSkeleton>::ConstructObject(046fcfe0)
 afxSkeleton.c:798?_AfxSklCtor(skl=046fcfe0)
 ADV afxSkeleton.c:813?_AfxSklCtor
    TODO: Reparent base to skeleton node
 afxClass<afxVertexBuffer>::AllocateObjects(1, 003edc40, 003ebeec)
 afxClass<afxVertexBuffer>::BuildObjects(1, 003edc40, 003ebec4)
 afxClass<afxVertexBuffer, afxBuffer>ConstructingObject(048212e0)
 afxClass<afxBuffer>::ConstructObject(048212e0)
 sglBuffer.c:454?_AfxBufCtor(buf=048212e0)
 afxClass<afxVertexBuffer>::ConstructObject(048212e0)
 afxVertexBuffer.c:350?_AfxVbufCtor(vbuf=048212e0)
 afxIndexBuffer.c:188?AfxDrawContextBuildIndexBuffers(dctx=024eec10,cnt=1,stride=003ec034)
 afxClass<afxIndexBuffer>::AllocateObjects(1, 003edc80, 003ebef8)
 afxClass<afxIndexBuffer>::BuildObjects(1, 003edc80, 003ebed0)
 afxClass<afxIndexBuffer, afxBuffer>ConstructingObject(04810210)
 afxClass<afxBuffer>::ConstructObject(04810210)
 sglBuffer.c:454?_AfxBufCtor(buf=04810210)
 afxClass<afxIndexBuffer>::ConstructObject(04810210)
 afxIndexBuffer.c:271?_AfxIbufCtor(ibuf=04810210)
 afxClass<afxMesh>::AllocateObjects(2, 046c1040, 003ec060)
 afxClass<afxMesh>::BuildObjects(2, 046c1040, 04821020)
 afxClass<afxMesh>::ConstructObject(048213b0)
 afxMesh.c:1022?_AfxMshCtor(msh=048213b0)
 afxClass<afxMesh>::ConstructObject(04821460)
 afxMesh.c:1022?_AfxMshCtor(msh=04821460)
 afxClass<afxModel>::AllocateObjects(1, 003ede38, 003edc78)
 afxClass<afxModel>::BuildObjects(1, 003ede38, 003edfa0)
 afxClass<afxModel>::ConstructObject(04821020)
 afxModel.c:196?_AfxMdlCtor(mdl=04821020)
 ERR glus_wavefront.c:251?_ldrWavefrontDestroyMaterial
    
 afxModel.c:396?AfxSimulationAcquireModels(sim=0480d060,cnt=1,uri=003eee70,mdl=003eee28)
 afxClass<afxBody>::AllocateObjects(1, 00095044, 003eed70)
 afxClass<afxBody>::BuildObjects(1, 00095044, 003eee28)
 afxClass<afxBody>::ConstructObject(04821150)
 afxBody.c:636?_AfxBodCtor(bod=04821150)
 afxCamera.c:749?AfxSimulationAcquireCamera(sim=0480d060,name=viewer,perspective=1)
 afxClass<afxCamera>::AllocateObjects(1, 003eebb4, 003eebc4)
 afxClass<afxCamera>::BuildObjects(1, 003eebb4, 003eebd0)
 afxClass<afxCamera, afxNode>ConstructingObject(04821be0)
 afxClass<afxNode>::ConstructObject(04821be0)
 afxClass<afxCamera>::ConstructObject(04821be0)
 afxCamera.c:825?_AfxCamCtor(cam=04821be0)
 afxObject<024a8310>::InstallEventFilter(04821be0)
 afxDrawScript.c:298?AfxDrawInputAcquireScript(din=0474b570)
 afxClass<afxDrawScript>::AllocateObjects(1, 003eec48, 003eec58)
 afxClass<afxDrawScript>::BuildObjects(1, 003eec48, 003eecb0)
 afxClass<afxDrawScript>::ConstructObject(00826f80)
 sglDrawScript.c:475?_AfxDscrCtor(dscr=00826f80)
 afxBuffer 00826c80 hardware-side data instanced.
 afxTexture 024efe40 hardware-side data instanced.
 afxSurface 024efe40 hardware-side data instanced.
 afxTexture 047056f0 hardware-side data instanced.
 afxSurface 047056f0 hardware-side data instanced.
 afxCanvas 04705610 hardware-side data instanced.
 afxShader 048105b0 hardware-side data instanced.
 afxShader 04810f30 hardware-side data instanced.
 afxPipeline 048102d0 hardware-side data instanced.
 afxBuffer 048212e0 hardware-side data instanced.
 afxBuffer 04810210 hardware-side data instanced.
 afxBuffer 00826ec0 hardware-side data instanced.
 afxShader 008da1c0 hardware-side data instanced.
 afxShader 0472ea80 hardware-side data instanced.
 afxPipeline 024efa50 hardware-side data instanced.
 afxBuffer 0465b400 hardware-side data instanced.
 afxTexture 024efd30 hardware-side data instanced.
 afxSampler 0472eb50 hardware-side data instanced.
 afxBuffer 00826980 hardware-side data instanced.
 afxSurface 024efd30 hardware-side data instanced.
 afxTexture 048100f0 hardware-side data instanced.
 afxSurface 048100f0 hardware-side data instanced.
 afxCanvas 04705a90 hardware-side data instanced.
 afxBuffer 00826bc0 hardware-side data instanced.