
 afxDebug.c:363?AfxAttachDebugTerminal()
      ::::::::  :::       :::     :::     :::::::::  :::::::::   ::::::::      
     :+:    :+: :+:       :+:   :+: :+:   :+:    :+: :+:    :+: :+:    :+:     
     +:+    +:+ +:+       +:+  +:+   +:+  +:+    +:+ +:+    +:+ +:+    +:+     
     +#+    +:+ +#+  +:+  +#+ +#++:++#++: +#+    +:+ +#++:++#:  +#+    +:+     
     +#+  # +#+ +#+ +#+#+ +#+ +#+     +#+ +#+    +#+ +#+    +#+ +#+    +#+     
     #+#   +#+   #+#+# #+#+#  #+#     #+# #+#    #+# #+#    #+# #+#    #+#     
      ###### ###  ###   ###   ###     ### #########  ###    ###  ########      
                                                                               
             S I G M A   C O . ,   T E C H N O L O G Y   G R O U P             
                                                                             
                                    4D AFX                                   
                              Public Test Build                              
                     (c) 2017 SIGMA Co., Technology Group                    
                               www.sigmaco.org                               
                                                                             
                                                                             
 afxClass.c:637?AfxClassMountInherited()
 afxClass.c:638?AfxClassMountInherited()
 afxClass<afxSystem>::Mount(1003ae00, 00000000, 00000000, 100195cc)
 afxTransistor.c:74?AfxTransistorDeploy()
 afxClass.c:646?AfxClassMountInherited()
 afxClass.c:648?AfxClassMountInherited()
 afxLinkedList.c:67?AfxLinkageDeploy()
 afxClass.c:667?AfxClassMountInherited()
 afxClass.c:669?AfxClassMountInherited()
 afxClass.c:671?AfxClassMountInherited()
 afxLinkedList.c:7?AfxChainDeploy()
 afxLinkedList.c:7?AfxChainDeploy()
 afxLinkedList.c:67?AfxLinkageDeploy()
 afxClass.c:707?AfxClassAcquireObjects()
 afxClass.c:708?AfxClassAcquireObjects()
 afxClass.c:709?AfxClassAcquireObjects()
 afxClass.c:340?AfxClassAllocateObjects()
 afxClass.c:342?AfxClassAllocateObjects()
 afxClass.c:343?AfxClassAllocateObjects()
 afxClass<afxSystem>::AllocateObjects(1, 003ff1e8, 003ff1f8)
 afxMemory.c:608?AfxAllocate()
 afxMemory.c:609?AfxAllocate()
 afxClass.c:537?AfxClassBuildObjects()
 afxClass.c:539?AfxClassBuildObjects()
 afxClass.c:540?AfxClassBuildObjects()
 afxClass<afxSystem>::BuildObjects(1, 003ff1e8, 00000000)
 afxClass.c:547?AfxClassBuildObjects()
 afxMemory.c:471?AfxZero()
 afxMemory.c:472?AfxZero()
 afxMemory.c:459?AfxFill()
 afxMemory.c:460?AfxFill()
 afxMemory.c:465?AfxFill()
 afxMemory.c:465?AfxFill()
 afxMemory.c:465?AfxFill()
 afxMemory.c:465?AfxFill()
 afxMemory.c:465?AfxFill()
 afxMemory.c:465?AfxFill()
 afxMemory.c:465?AfxFill()
 afxMemory.c:465?AfxFill()
 afxMemory.c:465?AfxFill()
 afxMemory.c:465?AfxFill()
 afxMemory.c:465?AfxFill()
 afxMemory.c:465?AfxFill()
 afxMemory.c:465?AfxFill()
 afxMemory.c:465?AfxFill()
 afxMemory.c:465?AfxFill()
 afxMemory.c:465?AfxFill()
 afxMemory.c:465?AfxFill()
 afxMemory.c:465?AfxFill()
 afxMemory.c:465?AfxFill()
 afxMemory.c:465?AfxFill()
 afxMemory.c:465?AfxFill()
 afxMemory.c:465?AfxFill()
 afxMemory.c:465?AfxFill()
 afxMemory.c:465?AfxFill()
 afxMemory.c:465?AfxFill()
 afxMemory.c:465?AfxFill()
 afxMemory.c:465?AfxFill()
 afxMemory.c:465?AfxFill()
 afxMemory.c:465?AfxFill()
 afxMemory.c:465?AfxFill()
 afxMemory.c:465?AfxFill()
 afxMemory.c:465?AfxFill()
 afxMemory.c:465?AfxFill()
 afxMemory.c:465?AfxFill()
 afxMemory.c:465?AfxFill()
 afxMemory.c:465?AfxFill()
 afxMemory.c:465?AfxFill()
 afxMemory.c:465?AfxFill()
 afxMemory.c:465?AfxFill()
 afxMemory.c:465?AfxFill()
 afxMemory.c:465?AfxFill()
 afxMemory.c:465?AfxFill()
 afxMemory.c:465?AfxFill()
 afxMemory.c:465?AfxFill()
 afxMemory.c:465?AfxFill()
 afxMemory.c:465?AfxFill()
 afxMemory.c:465?AfxFill()
 afxMemory.c:465?AfxFill()
 afxMemory.c:465?AfxFill()
 afxMemory.c:465?AfxFill()
 afxMemory.c:465?AfxFill()
 afxMemory.c:465?AfxFill()
 afxLinkedList.c:67?AfxLinkageDeploy()
 afxLinkedList.c:315?AfxDeployList()
 afxLinkedList.c:236?AfxGetListHead()
 afxLinkedList.c:315?AfxDeployList()
 afxLinkedList.c:236?AfxGetListHead()
 afxLinkedList.c:67?AfxLinkageDeploy()
 afxClass.c:513?_AfxClsRunSubsetCtor()
 afxClass<afxSystem>::ConstructObject(0080f080)
 afxSystem.c:811?_AfxSysCtor(sys=0080f080)
 afxObject.c:280?AfxObjectAssert()
 afxObject.c:281?AfxObjectAssert()
 afxObject.c:282?AfxObjectAssert()
 afxObject.c:158?AfxObjectTestFcc()
 afxObject.c:205?AfxObjectGetClass()
 ADV afxSystem.c:826?_AfxSysCtor
    Memoy page size: 4096
 ADV afxSystem.c:827?_AfxSysCtor
    Logical processor count: 2
 afxLinkedList.c:7?AfxChainDeploy()
 afxClass.c:637?AfxClassMountInherited()
 afxClass.c:638?AfxClassMountInherited()
 afxClass<afxMemory>::Mount(0080f0cc, 0080f0b4, 00000000, 1001d910)
 afxTransistor.c:74?AfxTransistorDeploy()
 afxClass.c:646?AfxClassMountInherited()
 afxClass.c:648?AfxClassMountInherited()
 afxLinkedList.c:67?AfxLinkageDeploy()
 afxClass.c:667?AfxClassMountInherited()
 afxClass.c:669?AfxClassMountInherited()
 afxClass.c:671?AfxClassMountInherited()
 afxLinkedList.c:7?AfxChainDeploy()
 afxLinkedList.c:7?AfxChainDeploy()
 afxLinkedList.c:67?AfxLinkageDeploy()
 afxObject.c:280?AfxObjectAssert()
 afxObject.c:281?AfxObjectAssert()
 afxObject.c:282?AfxObjectAssert()
 afxObject.c:158?AfxObjectTestFcc()
 afxObject.c:205?AfxObjectGetClass()
 afxClass.c:637?AfxClassMountInherited()
 afxClass.c:638?AfxClassMountInherited()
 afxClass<Memory Arena>::Mount(0080f18c, 0080f0b4, 0080f0cc, 1001d290)
 afxTransistor.c:74?AfxTransistorDeploy()
 afxClass.c:646?AfxClassMountInherited()
 afxClass.c:648?AfxClassMountInherited()
 afxClass.c:658?AfxClassMountInherited()
 afxClass.c:660?AfxClassMountInherited()
 afxLinkedList.c:67?AfxLinkageDeploy()
 afxClass.c:667?AfxClassMountInherited()
 afxClass.c:669?AfxClassMountInherited()
 afxClass.c:671?AfxClassMountInherited()
 afxLinkedList.c:7?AfxChainDeploy()
 afxLinkedList.c:7?AfxChainDeploy()
 afxLinkedList.c:67?AfxLinkageDeploy()
 afxMemory.c:259?AfxSystemAcquireMemory(sys=0080f080,strategy=003fe224,hint="afxSystem.c:845!_AfxSysCtor")
 afxObject.c:280?AfxObjectAssert()
 afxObject.c:281?AfxObjectAssert()
 afxObject.c:282?AfxObjectAssert()
 afxObject.c:158?AfxObjectTestFcc()
 afxObject.c:205?AfxObjectGetClass()
 afxMemory.c:262?AfxSystemAcquireMemory()
 afxObject.c:280?AfxObjectAssert()
 afxObject.c:281?AfxObjectAssert()
 afxObject.c:282?AfxObjectAssert()
 afxObject.c:158?AfxObjectTestFcc()
 afxObject.c:205?AfxObjectGetClass()
 afxClass.c:707?AfxClassAcquireObjects()
 afxClass.c:708?AfxClassAcquireObjects()
 afxClass.c:709?AfxClassAcquireObjects()
 afxClass.c:340?AfxClassAllocateObjects()
 afxClass.c:342?AfxClassAllocateObjects()
 afxClass.c:343?AfxClassAllocateObjects()
 afxClass<afxMemory>::AllocateObjects(1, 003fe0c8, 003fe0d8)
 afxMemory.c:608?AfxAllocate()
 afxMemory.c:609?AfxAllocate()
 afxClass.c:537?AfxClassBuildObjects()
 afxClass.c:539?AfxClassBuildObjects()
 afxClass.c:540?AfxClassBuildObjects()
 afxClass<afxMemory>::BuildObjects(1, 003fe0c8, 003fe0bc)
 afxClass.c:547?AfxClassBuildObjects()
 afxMemory.c:471?AfxZero()
 afxMemory.c:472?AfxZero()
 afxMemory.c:459?AfxFill()
 afxMemory.c:460?AfxFill()
 afxMemory.c:465?AfxFill()
 afxMemory.c:465?AfxFill()
 afxMemory.c:465?AfxFill()
 afxMemory.c:465?AfxFill()
 afxMemory.c:465?AfxFill()
 afxMemory.c:465?AfxFill()
 afxMemory.c:465?AfxFill()
 afxMemory.c:465?AfxFill()
 afxMemory.c:465?AfxFill()
 afxMemory.c:465?AfxFill()
 afxMemory.c:465?AfxFill()
 afxMemory.c:465?AfxFill()
 afxMemory.c:465?AfxFill()
 afxMemory.c:465?AfxFill()
 afxMemory.c:465?AfxFill()
 afxMemory.c:465?AfxFill()
 afxMemory.c:465?AfxFill()
 afxMemory.c:465?AfxFill()
 afxMemory.c:465?AfxFill()
 afxMemory.c:465?AfxFill()
 afxMemory.c:465?AfxFill()
 afxMemory.c:465?AfxFill()
 afxMemory.c:465?AfxFill()
 afxMemory.c:465?AfxFill()
 afxMemory.c:465?AfxFill()
 afxMemory.c:465?AfxFill()
 afxMemory.c:465?AfxFill()
 afxMemory.c:465?AfxFill()
 afxMemory.c:465?AfxFill()
 afxMemory.c:465?AfxFill()
 afxMemory.c:465?AfxFill()
 afxMemory.c:465?AfxFill()
 afxMemory.c:465?AfxFill()
 afxMemory.c:465?AfxFill()
 afxMemory.c:465?AfxFill()
 afxMemory.c:465?AfxFill()
 afxMemory.c:465?AfxFill()
 afxMemory.c:465?AfxFill()
 afxMemory.c:465?AfxFill()
 afxMemory.c:465?AfxFill()
 afxMemory.c:465?AfxFill()
 afxMemory.c:465?AfxFill()
 afxMemory.c:465?AfxFill()
 afxMemory.c:465?AfxFill()
 afxMemory.c:465?AfxFill()
 afxMemory.c:465?AfxFill()
 afxMemory.c:465?AfxFill()
 afxMemory.c:465?AfxFill()
 afxMemory.c:465?AfxFill()
 afxMemory.c:465?AfxFill()
 afxMemory.c:465?AfxFill()
 afxMemory.c:465?AfxFill()
 afxLinkedList.c:67?AfxLinkageDeploy()
 afxLinkedList.c:315?AfxDeployList()
 afxLinkedList.c:236?AfxGetListHead()
 afxLinkedList.c:315?AfxDeployList()
 afxLinkedList.c:236?AfxGetListHead()
 afxLinkedList.c:67?AfxLinkageDeploy()
 afxClass.c:513?_AfxClsRunSubsetCtor()
 afxClass<afxMemory>::ConstructObject(0080f8c0)
 afxMemory.c:317?_AfxMemCtor(mem=0080f8c0)
 afxMemory.c:321?_AfxMemCtor()
 afxObject.c:280?AfxObjectAssert()
 afxObject.c:281?AfxObjectAssert()
 afxObject.c:282?AfxObjectAssert()
 afxObject.c:158?AfxObjectTestFcc()
 afxObject.c:205?AfxObjectGetClass()
 afxMemory.c:326?_AfxMemCtor()
 afxObject.c:280?AfxObjectAssert()
 afxObject.c:281?AfxObjectAssert()
 afxObject.c:282?AfxObjectAssert()
 afxObject.c:158?AfxObjectTestFcc()
 afxObject.c:205?AfxObjectGetClass()
 afxObject.c:280?AfxObjectAssert()
 afxObject.c:281?AfxObjectAssert()
 afxObject.c:282?AfxObjectAssert()
 afxObject.c:158?AfxObjectTestFcc()
 afxObject.c:205?AfxObjectGetClass()
 afxLinkedList.c:7?AfxChainDeploy()
 afxLinkedList.c:7?AfxChainDeploy()
 afxClass.c:575?AfxClassBuildObjects()
 afxClass.c:637?AfxClassMountInherited()
 afxClass.c:638?AfxClassMountInherited()
 afxClass<afxThread>::Mount(0080f24c, 0080f0b4, 00000000, 10019c84)
 afxTransistor.c:74?AfxTransistorDeploy()
 afxClass.c:646?AfxClassMountInherited()
 afxClass.c:648?AfxClassMountInherited()
 afxLinkedList.c:67?AfxLinkageDeploy()
 afxClass.c:667?AfxClassMountInherited()
 afxClass.c:669?AfxClassMountInherited()
 afxClass.c:671?AfxClassMountInherited()
 afxLinkedList.c:7?AfxChainDeploy()
 afxLinkedList.c:7?AfxChainDeploy()
 afxLinkedList.c:67?AfxLinkageDeploy()
 afxClass.c:637?AfxClassMountInherited()
 afxClass.c:638?AfxClassMountInherited()
 afxClass<afxFileSystem>::Mount(0080f30c, 0080f0b4, 00000000, 1001b140)
 afxTransistor.c:74?AfxTransistorDeploy()
 afxClass.c:646?AfxClassMountInherited()
 afxClass.c:648?AfxClassMountInherited()
 afxLinkedList.c:67?AfxLinkageDeploy()
 afxClass.c:667?AfxClassMountInherited()
 afxClass.c:669?AfxClassMountInherited()
 afxClass.c:671?AfxClassMountInherited()
 afxLinkedList.c:7?AfxChainDeploy()
 afxLinkedList.c:7?AfxChainDeploy()
 afxLinkedList.c:67?AfxLinkageDeploy()
 afxUri.c:1398?AfxUriWrapLiteral()
 afxString.c:603?AfxStringWrapLiteral()
 afxString.c:604?AfxStringWrapLiteral()
 afxString.c:18?AfxStringGetData()
 afxString.c:47?AfxStringGetDataConst()
 afxUri.c:1492?AfxUriAllocate()
 afxMemory.c:608?AfxAllocate()
 afxMemory.c:609?AfxAllocate()
 afxString.c:629?AfxStringWrapBuffer()
 afxString.c:630?AfxStringWrapBuffer()
 afxString.c:631?AfxStringWrapBuffer()
 afxString.c:18?AfxStringGetData()
 ERR afxString.c:18?AfxStringGetData
    
 ERR afxString.c:18?AfxStringGetData
    (base < str->range)
    Invalid
 afxString.c:47?AfxStringGetDataConst()
 afxUri.c:1398?AfxUriWrapLiteral()
 afxString.c:603?AfxStringWrapLiteral()
 afxString.c:604?AfxStringWrapLiteral()
 afxString.c:18?AfxStringGetData()
 afxUri.c:1398?AfxUriWrapLiteral()
 afxString.c:603?AfxStringWrapLiteral()
 afxString.c:604?AfxStringWrapLiteral()
 afxString.c:18?AfxStringGetData()
 afxUri.c:1398?AfxUriWrapLiteral()
 afxString.c:603?AfxStringWrapLiteral()
 afxString.c:604?AfxStringWrapLiteral()
 afxString.c:18?AfxStringGetData()
 afxUri.c:1398?AfxUriWrapLiteral()
 afxString.c:603?AfxStringWrapLiteral()
 afxString.c:604?AfxStringWrapLiteral()
 afxString.c:18?AfxStringGetData()
 afxUri.c:1398?AfxUriWrapLiteral()
 afxString.c:603?AfxStringWrapLiteral()
 afxString.c:604?AfxStringWrapLiteral()
 afxString.c:18?AfxStringGetData()
 afxUri.c:1398?AfxUriWrapLiteral()
 afxString.c:603?AfxStringWrapLiteral()
 afxString.c:604?AfxStringWrapLiteral()
 afxString.c:18?AfxStringGetData()
 afxUri.c:1398?AfxUriWrapLiteral()
 afxString.c:603?AfxStringWrapLiteral()
 afxString.c:604?AfxStringWrapLiteral()
 afxString.c:18?AfxStringGetData()
 ERR afxString.c:18?AfxStringGetData
    
 ERR afxString.c:18?AfxStringGetData
    (base < str->range)
    Invalid
 afxUri.c:1398?AfxUriWrapLiteral()
 afxString.c:603?AfxStringWrapLiteral()
 afxString.c:604?AfxStringWrapLiteral()
 afxString.c:18?AfxStringGetData()
 afxUri.c:1398?AfxUriWrapLiteral()
 afxString.c:603?AfxStringWrapLiteral()
 afxString.c:604?AfxStringWrapLiteral()
 afxString.c:18?AfxStringGetData()
 afxUri.c:1398?AfxUriWrapLiteral()
 afxString.c:603?AfxStringWrapLiteral()
 afxString.c:604?AfxStringWrapLiteral()
 afxString.c:18?AfxStringGetData()
 afxObject.c:280?AfxObjectAssert()
 afxObject.c:281?AfxObjectAssert()
 afxObject.c:282?AfxObjectAssert()
 afxObject.c:158?AfxObjectTestFcc()
 afxObject.c:205?AfxObjectGetClass()
 afxFileSystem.c:596?AfxSystemAcquireFileSystem()
 afxFileSystem.c:597?AfxSystemAcquireFileSystem()
 afxFileSystem.c:598?AfxSystemAcquireFileSystem(Afx.System.AcquireFileSystem(0080f080,5,003fe3dc))
 afxObject.c:280?AfxObjectAssert()
 afxObject.c:281?AfxObjectAssert()
 afxObject.c:282?AfxObjectAssert()
 afxObject.c:158?AfxObjectTestFcc()
 afxObject.c:205?AfxObjectGetClass()
 afxClass.c:707?AfxClassAcquireObjects()
 afxClass.c:708?AfxClassAcquireObjects()
 afxClass.c:709?AfxClassAcquireObjects()
 afxClass.c:340?AfxClassAllocateObjects()
 afxClass.c:342?AfxClassAllocateObjects()
 afxClass.c:343?AfxClassAllocateObjects()
 afxClass<afxFileSystem>::AllocateObjects(1, 003fe0a4, 003fe0b4)
 afxMemory.c:608?AfxAllocate()
 afxMemory.c:609?AfxAllocate()
 afxClass.c:537?AfxClassBuildObjects()
 afxClass.c:539?AfxClassBuildObjects()
 afxClass.c:540?AfxClassBuildObjects()
 afxClass<afxFileSystem>::BuildObjects(1, 003fe0a4, 003fe1e8)
 afxClass.c:547?AfxClassBuildObjects()
 afxMemory.c:471?AfxZero()
 afxMemory.c:472?AfxZero()
 afxMemory.c:459?AfxFill()
 afxMemory.c:460?AfxFill()
 afxMemory.c:465?AfxFill()
 afxMemory.c:465?AfxFill()
 afxMemory.c:465?AfxFill()
 afxMemory.c:465?AfxFill()
 afxMemory.c:465?AfxFill()
 afxMemory.c:465?AfxFill()
 afxMemory.c:465?AfxFill()
 afxMemory.c:465?AfxFill()
 afxMemory.c:465?AfxFill()
 afxMemory.c:465?AfxFill()
 afxMemory.c:465?AfxFill()
 afxMemory.c:465?AfxFill()
 afxMemory.c:465?AfxFill()
 afxMemory.c:465?AfxFill()
 afxMemory.c:465?AfxFill()
 afxMemory.c:465?AfxFill()
 afxMemory.c:465?AfxFill()
 afxMemory.c:465?AfxFill()
 afxMemory.c:465?AfxFill()
 afxMemory.c:465?AfxFill()
 afxMemory.c:465?AfxFill()
 afxMemory.c:465?AfxFill()
 afxMemory.c:465?AfxFill()
 afxMemory.c:465?AfxFill()
 afxMemory.c:465?AfxFill()
 afxMemory.c:465?AfxFill()
 afxMemory.c:465?AfxFill()
 afxMemory.c:465?AfxFill()
 afxMemory.c:465?AfxFill()
 afxMemory.c:465?AfxFill()
 afxMemory.c:465?AfxFill()
 afxMemory.c:465?AfxFill()
 afxMemory.c:465?AfxFill()
 afxMemory.c:465?AfxFill()
 afxMemory.c:465?AfxFill()
 afxMemory.c:465?AfxFill()
 afxMemory.c:465?AfxFill()
 afxMemory.c:465?AfxFill()
 afxMemory.c:465?AfxFill()
 afxMemory.c:465?AfxFill()
 afxMemory.c:465?AfxFill()
 afxMemory.c:465?AfxFill()
 afxMemory.c:465?AfxFill()
 afxMemory.c:465?AfxFill()
 afxMemory.c:465?AfxFill()
 afxMemory.c:465?AfxFill()
 afxMemory.c:465?AfxFill()
 afxMemory.c:465?AfxFill()
 afxMemory.c:465?AfxFill()
 afxMemory.c:465?AfxFill()
 afxMemory.c:465?AfxFill()
 afxMemory.c:465?AfxFill()
 afxLinkedList.c:67?AfxLinkageDeploy()
 afxLinkedList.c:315?AfxDeployList()
 afxLinkedList.c:236?AfxGetListHead()
 afxLinkedList.c:315?AfxDeployList()
 afxLinkedList.c:236?AfxGetListHead()
 afxLinkedList.c:67?AfxLinkageDeploy()
 afxClass.c:513?_AfxClsRunSubsetCtor()
 afxClass<afxFileSystem>::ConstructObject(0080fac0)
 afxFileSystem.c:657?_AfxFsysCtor(fsys=0080fac0)
 afxObject.c:280?AfxObjectAssert()
 afxObject.c:281?AfxObjectAssert()
 afxObject.c:282?AfxObjectAssert()
 afxObject.c:158?AfxObjectTestFcc()
 afxObject.c:205?AfxObjectGetClass()
 afxObject.c:239?AfxObjectGetProvider()
 afxObject.c:280?AfxObjectAssert()
 afxObject.c:281?AfxObjectAssert()
 afxObject.c:282?AfxObjectAssert()
 afxObject.c:158?AfxObjectTestFcc()
 afxObject.c:205?AfxObjectGetClass()
 afxObject.c:280?AfxObjectAssert()
 afxObject.c:281?AfxObjectAssert()
 afxObject.c:282?AfxObjectAssert()
 afxObject.c:158?AfxObjectTestFcc()
 afxObject.c:205?AfxObjectGetClass()
 afxObject.c:280?AfxObjectAssert()
 afxObject.c:281?AfxObjectAssert()
 afxObject.c:282?AfxObjectAssert()
 afxObject.c:158?AfxObjectTestFcc()
 afxObject.c:205?AfxObjectGetClass()
 afxObject.c:280?AfxObjectAssert()
 afxObject.c:281?AfxObjectAssert()
 afxObject.c:282?AfxObjectAssert()
 afxObject.c:158?AfxObjectTestFcc()
 afxObject.c:205?AfxObjectGetClass()
 afxLinkedList.c:7?AfxChainDeploy()
 afxLinkedList.c:7?AfxChainDeploy()
 afxLinkedList.c:7?AfxChainDeploy()
 afxClass.c:637?AfxClassMountInherited()
 afxClass.c:638?AfxClassMountInherited()
 afxClass<afxStream>::Mount(0080fb10, 0080faf8, 00000000, 1001c560)
 afxTransistor.c:74?AfxTransistorDeploy()
 afxClass.c:646?AfxClassMountInherited()
 afxClass.c:648?AfxClassMountInherited()
 afxLinkedList.c:67?AfxLinkageDeploy()
 afxClass.c:667?AfxClassMountInherited()
 afxClass.c:669?AfxClassMountInherited()
 afxClass.c:671?AfxClassMountInherited()
 afxLinkedList.c:7?AfxChainDeploy()
 afxLinkedList.c:7?AfxChainDeploy()
 afxLinkedList.c:67?AfxLinkageDeploy()
 afxObject.c:280?AfxObjectAssert()
 afxObject.c:281?AfxObjectAssert()
 afxObject.c:282?AfxObjectAssert()
 afxObject.c:158?AfxObjectTestFcc()
 afxObject.c:205?AfxObjectGetClass()
 afxClass.c:637?AfxClassMountInherited()
 afxClass.c:638?AfxClassMountInherited()
 afxClass<afxFile>::Mount(0080fbd0, 0080faf8, 0080fb10, 1001aebc)
 afxTransistor.c:74?AfxTransistorDeploy()
 afxClass.c:646?AfxClassMountInherited()
 afxClass.c:648?AfxClassMountInherited()
 afxClass.c:658?AfxClassMountInherited()
 afxClass.c:660?AfxClassMountInherited()
 afxLinkedList.c:67?AfxLinkageDeploy()
 afxClass.c:667?AfxClassMountInherited()
 afxClass.c:669?AfxClassMountInherited()
 afxClass.c:671?AfxClassMountInherited()
 afxLinkedList.c:7?AfxChainDeploy()
 afxLinkedList.c:7?AfxChainDeploy()
 afxLinkedList.c:67?AfxLinkageDeploy()
 afxObject.c:280?AfxObjectAssert()
 afxObject.c:281?AfxObjectAssert()
 afxObject.c:282?AfxObjectAssert()
 afxObject.c:158?AfxObjectTestFcc()
 afxObject.c:205?AfxObjectGetClass()
 afxClass.c:637?AfxClassMountInherited()
 afxClass.c:638?AfxClassMountInherited()
 afxClass<afxArchive>::Mount(0080fc90, 0080faf8, 0080fbd0, 1001a860)
 afxTransistor.c:74?AfxTransistorDeploy()
 afxClass.c:646?AfxClassMountInherited()
 afxClass.c:648?AfxClassMountInherited()
 afxClass.c:658?AfxClassMountInherited()
 afxClass.c:660?AfxClassMountInherited()
 afxLinkedList.c:67?AfxLinkageDeploy()
 afxClass.c:667?AfxClassMountInherited()
 afxClass.c:669?AfxClassMountInherited()
 afxClass.c:671?AfxClassMountInherited()
 afxLinkedList.c:7?AfxChainDeploy()
 afxLinkedList.c:7?AfxChainDeploy()
 afxLinkedList.c:67?AfxLinkageDeploy()
 afxClass.c:637?AfxClassMountInherited()
 afxClass.c:638?AfxClassMountInherited()
 afxClass<afxResource>::Mount(0080fed0, 0080faf8, 00000000, 1001c3c0)
 afxTransistor.c:74?AfxTransistorDeploy()
 afxClass.c:646?AfxClassMountInherited()
 afxClass.c:648?AfxClassMountInherited()
 afxLinkedList.c:67?AfxLinkageDeploy()
 afxClass.c:667?AfxClassMountInherited()
 afxClass.c:669?AfxClassMountInherited()
 afxClass.c:671?AfxClassMountInherited()
 afxLinkedList.c:7?AfxChainDeploy()
 afxLinkedList.c:7?AfxChainDeploy()
 afxLinkedList.c:67?AfxLinkageDeploy()
 afxClass.c:637?AfxClassMountInherited()
 afxClass.c:638?AfxClassMountInherited()
 afxClass<afxXml>::Mount(0080fd50, 0080faf8, 00000000, 1001ca58)
 afxTransistor.c:74?AfxTransistorDeploy()
 afxClass.c:646?AfxClassMountInherited()
 afxClass.c:648?AfxClassMountInherited()
 afxLinkedList.c:67?AfxLinkageDeploy()
 afxClass.c:667?AfxClassMountInherited()
 afxClass.c:669?AfxClassMountInherited()
 afxClass.c:671?AfxClassMountInherited()
 afxLinkedList.c:7?AfxChainDeploy()
 afxLinkedList.c:7?AfxChainDeploy()
 afxLinkedList.c:67?AfxLinkageDeploy()
 afxClass.c:637?AfxClassMountInherited()
 afxClass.c:638?AfxClassMountInherited()
 afxClass<afxUrd>::Mount(0080fe10, 0080faf8, 00000000, 1001c978)
 afxTransistor.c:74?AfxTransistorDeploy()
 afxClass.c:646?AfxClassMountInherited()
 afxClass.c:648?AfxClassMountInherited()
 afxLinkedList.c:67?AfxLinkageDeploy()
 afxClass.c:667?AfxClassMountInherited()
 afxClass.c:669?AfxClassMountInherited()
 afxClass.c:671?AfxClassMountInherited()
 afxLinkedList.c:7?AfxChainDeploy()
 afxLinkedList.c:7?AfxChainDeploy()
 afxLinkedList.c:67?AfxLinkageDeploy()
 afxObject.c:280?AfxObjectAssert()
 afxObject.c:281?AfxObjectAssert()
 afxObject.c:282?AfxObjectAssert()
 afxObject.c:158?AfxObjectTestFcc()
 afxObject.c:205?AfxObjectGetClass()
 afxFileSystem.c:393?AfxFileSystemMountStoragePoints()
 afxFileSystem.c:394?AfxFileSystemMountStoragePoints()
 afxFileSystem.c:395?AfxFileSystemMountStoragePoints()
 afxFileSystem.c:396?AfxFileSystemMountStoragePoints(Afx.FileSystem.MountStoragePoints(0080fac0,5,003fe3dc))
 afxObject.c:280?AfxObjectAssert()
 afxObject.c:281?AfxObjectAssert()
 afxObject.c:282?AfxObjectAssert()
 afxObject.c:158?AfxObjectTestFcc()
 afxObject.c:205?AfxObjectGetClass()
 afxObject.c:280?AfxObjectAssert()
 afxObject.c:281?AfxObjectAssert()
 afxObject.c:282?AfxObjectAssert()
 afxObject.c:158?AfxObjectTestFcc()
 afxObject.c:205?AfxObjectGetClass()
 afxObject.c:280?AfxObjectAssert()
 afxObject.c:281?AfxObjectAssert()
 afxObject.c:282?AfxObjectAssert()
 afxObject.c:158?AfxObjectTestFcc()
 afxObject.c:205?AfxObjectGetClass()
 afxObject.c:280?AfxObjectAssert()
 afxObject.c:281?AfxObjectAssert()
 afxObject.c:282?AfxObjectAssert()
 afxObject.c:158?AfxObjectTestFcc()
 afxObject.c:205?AfxObjectGetClass()
 afxObject.c:280?AfxObjectAssert()
 afxObject.c:281?AfxObjectAssert()
 afxObject.c:282?AfxObjectAssert()
 afxObject.c:158?AfxObjectTestFcc()
 afxObject.c:205?AfxObjectGetClass()
 afxUri.c:1612?AfxUri2048()
 afxUri.c:1408?AfxUriWrapBuffer()
 afxString.c:629?AfxStringWrapBuffer()
 afxString.c:630?AfxStringWrapBuffer()
 afxString.c:631?AfxStringWrapBuffer()
 afxUri.c:581?AfxUriExcerptPath()
 afxString.c:47?AfxStringGetDataConst()
 afxString.c:643?AfxStringReset()
 afxUri.c:581?AfxUriExcerptPath()
 afxString.c:47?AfxStringGetDataConst()
 ERR afxString.c:47?AfxStringGetDataConst
    
 ERR afxString.c:47?AfxStringGetDataConst
    (base < str->range)
    Invalid
 afxString.c:643?AfxStringReset()
 afxString.c:47?AfxStringGetDataConst()
 ERR afxString.c:47?AfxStringGetDataConst
    
 ERR afxString.c:47?AfxStringGetDataConst
    (base < str->range)
    Invalid
 afxString.c:47?AfxStringGetDataConst()
 ERR afxString.c:47?AfxStringGetDataConst
    
 ERR afxString.c:47?AfxStringGetDataConst
    (base < str->range)
    Invalid
 afxString.c:47?AfxStringGetDataConst()
 ERR afxString.c:47?AfxStringGetDataConst
    
 ERR afxString.c:47?AfxStringGetDataConst
    (base < str->range)
    Invalid
 afxUri.c:1338?AfxUriFormat()
 afxUri.c:1342?AfxUriFormat()
 afxUri.c:1343?AfxUriFormat()
 afxString.c:403?AfxStringFormatArg()
 afxString.c:405?AfxStringFormatArg()
 afxString.c:406?AfxStringFormatArg()
 afxString.c:407?AfxStringFormatArg()
 afxString.c:18?AfxStringGetData()
 ERR afxString.c:18?AfxStringGetData
    
 ERR afxString.c:18?AfxStringGetData
    (base < str->range)
    Invalid
 afxString.c:409?AfxStringFormatArg()
 afxString.c:18?AfxStringGetData()
 afxString.c:47?AfxStringGetDataConst()