
 afxDebug.c:363?AfxAttachDebugTerminal()
      ::::::::  :::       :::     :::     :::::::::  :::::::::   ::::::::      
     :+:    :+: :+:       :+:   :+: :+:   :+:    :+: :+:    :+: :+:    :+:     
     +:+    +:+ +:+       +:+  +:+   +:+  +:+    +:+ +:+    +:+ +:+    +:+     
     +#+    +:+ +#+  +:+  +#+ +#++:++#++: +#+    +:+ +#++:++#:  +#+    +:+     
     +#+  # +#+ +#+ +#+#+ +#+ +#+     +#+ +#+    +#+ +#+    +#+ +#+    +#+     
     #+#   +#+   #+#+# #+#+#  #+#     #+# #+#    #+# #+#    #+# #+#    #+#     
      ###### ###  ###   ###   ###     ### #########  ###    ###  ########      
                                                                               
             S I G M A   C O . ,   T E C H N O L O G Y   G R O U P             
                                                                             
                                    4D AFX                                   
                              Public Test Build                              
                     (c) 2017 SIGMA Co., Technology Group                    
                               www.sigmaco.org                               
                                                                             
                                                                             
 afxClass.c:637?AfxClassMountInherited()
 afxClass.c:638?AfxClassMountInherited()
 afxClass<afxSystem>::Mount(775aae00, 00000000, 00000000, 775895b8)
 afxTransistor.c:74?AfxTransistorDeploy()
 afxClass.c:646?AfxClassMountInherited()
 afxClass.c:648?AfxClassMountInherited()
 afxLinkedList.c:67?AfxLinkageDeploy()
 afxClass.c:667?AfxClassMountInherited()
 afxClass.c:669?AfxClassMountInherited()
 afxClass.c:671?AfxClassMountInherited()
 afxLinkedList.c:7?AfxChainDeploy()
 afxLinkedList.c:7?AfxChainDeploy()
 afxLinkedList.c:67?AfxLinkageDeploy()
 afxClass.c:707?AfxClassAcquireObjects()
 afxClass.c:708?AfxClassAcquireObjects()
 afxClass.c:709?AfxClassAcquireObjects()
 afxClass.c:340?AfxClassAllocateObjects()
 afxClass.c:342?AfxClassAllocateObjects()
 afxClass.c:343?AfxClassAllocateObjects()
 afxClass<afxSystem>::AllocateObjects(1, 0030ef54, 0030ef64)
 afxMemory.c:608?AfxAllocate()
 afxMemory.c:609?AfxAllocate()
 afxClass.c:537?AfxClassBuildObjects()
 afxClass.c:539?AfxClassBuildObjects()
 afxClass.c:540?AfxClassBuildObjects()
 afxClass<afxSystem>::BuildObjects(1, 0030ef54, 00000000)
 afxClass.c:547?AfxClassBuildObjects()
 afxMemory.c:471?AfxZero()
 afxMemory.c:472?AfxZero()
 afxMemory.c:459?AfxFill()
 afxMemory.c:460?AfxFill()
 afxMemory.c:465?AfxFill()
 afxMemory.c:465?AfxFill()
 afxMemory.c:465?AfxFill()
 afxMemory.c:465?AfxFill()
 afxMemory.c:465?AfxFill()
 afxMemory.c:465?AfxFill()
 afxMemory.c:465?AfxFill()
 afxMemory.c:465?AfxFill()
 afxMemory.c:465?AfxFill()
 afxMemory.c:465?AfxFill()
 afxMemory.c:465?AfxFill()
 afxMemory.c:465?AfxFill()
 afxMemory.c:465?AfxFill()
 afxMemory.c:465?AfxFill()
 afxMemory.c:465?AfxFill()
 afxMemory.c:465?AfxFill()
 afxMemory.c:465?AfxFill()
 afxMemory.c:465?AfxFill()
 afxMemory.c:465?AfxFill()
 afxMemory.c:465?AfxFill()
 afxMemory.c:465?AfxFill()
 afxMemory.c:465?AfxFill()
 afxMemory.c:465?AfxFill()
 afxMemory.c:465?AfxFill()
 afxMemory.c:465?AfxFill()
 afxMemory.c:465?AfxFill()
 afxMemory.c:465?AfxFill()
 afxMemory.c:465?AfxFill()
 afxMemory.c:465?AfxFill()
 afxMemory.c:465?AfxFill()
 afxMemory.c:465?AfxFill()
 afxMemory.c:465?AfxFill()
 afxMemory.c:465?AfxFill()
 afxMemory.c:465?AfxFill()
 afxMemory.c:465?AfxFill()
 afxMemory.c:465?AfxFill()
 afxMemory.c:465?AfxFill()
 afxMemory.c:465?AfxFill()
 afxMemory.c:465?AfxFill()
 afxMemory.c:465?AfxFill()
 afxMemory.c:465?AfxFill()
 afxMemory.c:465?AfxFill()
 afxMemory.c:465?AfxFill()
 afxMemory.c:465?AfxFill()
 afxMemory.c:465?AfxFill()
 afxMemory.c:465?AfxFill()
 afxMemory.c:465?AfxFill()
 afxMemory.c:465?AfxFill()
 afxMemory.c:465?AfxFill()
 afxMemory.c:465?AfxFill()
 afxMemory.c:465?AfxFill()
 afxMemory.c:465?AfxFill()
 afxLinkedList.c:67?AfxLinkageDeploy()
 afxLinkedList.c:315?AfxDeployList()
 afxLinkedList.c:236?AfxGetListHead()
 afxLinkedList.c:315?AfxDeployList()
 afxLinkedList.c:236?AfxGetListHead()
 afxLinkedList.c:67?AfxLinkageDeploy()
 afxClass.c:513?_AfxClsRunSubsetCtor()
 afxClass<afxSystem>::ConstructObject(0069f080)
 afxSystem.c:811?_AfxSysCtor(sys=0069f080)
 afxObject.c:280?AfxObjectAssert()
 afxObject.c:281?AfxObjectAssert()
 afxObject.c:282?AfxObjectAssert()
 afxObject.c:158?AfxObjectTestFcc()
 afxObject.c:205?AfxObjectGetClass()
 ADV afxSystem.c:826?_AfxSysCtor
    Memoy page size: 4096
 ADV afxSystem.c:827?_AfxSysCtor
    Logical processor count: 2
 afxLinkedList.c:7?AfxChainDeploy()
 afxClass.c:637?AfxClassMountInherited()
 afxClass.c:638?AfxClassMountInherited()
 afxClass<afxMemory>::Mount(0069f0cc, 0069f0b4, 00000000, 7758d8fc)
 afxTransistor.c:74?AfxTransistorDeploy()
 afxClass.c:646?AfxClassMountInherited()
 afxClass.c:648?AfxClassMountInherited()
 afxLinkedList.c:67?AfxLinkageDeploy()
 afxClass.c:667?AfxClassMountInherited()
 afxClass.c:669?AfxClassMountInherited()
 afxClass.c:671?AfxClassMountInherited()
 afxLinkedList.c:7?AfxChainDeploy()
 afxLinkedList.c:7?AfxChainDeploy()
 afxLinkedList.c:67?AfxLinkageDeploy()
 afxObject.c:280?AfxObjectAssert()
 afxObject.c:281?AfxObjectAssert()
 afxObject.c:282?AfxObjectAssert()
 afxObject.c:158?AfxObjectTestFcc()
 afxObject.c:205?AfxObjectGetClass()
 afxClass.c:637?AfxClassMountInherited()
 afxClass.c:638?AfxClassMountInherited()
 afxClass<Memory Arena>::Mount(0069f18c, 0069f0b4, 0069f0cc, 7758d27c)
 afxTransistor.c:74?AfxTransistorDeploy()
 afxClass.c:646?AfxClassMountInherited()
 afxClass.c:648?AfxClassMountInherited()
 afxClass.c:658?AfxClassMountInherited()
 afxClass.c:660?AfxClassMountInherited()
 afxLinkedList.c:67?AfxLinkageDeploy()
 afxClass.c:667?AfxClassMountInherited()
 afxClass.c:669?AfxClassMountInherited()
 afxClass.c:671?AfxClassMountInherited()
 afxLinkedList.c:7?AfxChainDeploy()
 afxLinkedList.c:7?AfxChainDeploy()
 afxLinkedList.c:67?AfxLinkageDeploy()
 afxMemory.c:259?AfxSystemAcquireMemory(sys=0069f080,strategy=0030df90,hint="afxSystem.c:845!_AfxSysCtor")
 afxObject.c:280?AfxObjectAssert()
 afxObject.c:281?AfxObjectAssert()
 afxObject.c:282?AfxObjectAssert()
 afxObject.c:158?AfxObjectTestFcc()
 afxObject.c:205?AfxObjectGetClass()
 afxMemory.c:262?AfxSystemAcquireMemory()
 afxObject.c:280?AfxObjectAssert()
 afxObject.c:281?AfxObjectAssert()
 afxObject.c:282?AfxObjectAssert()
 afxObject.c:158?AfxObjectTestFcc()
 afxObject.c:205?AfxObjectGetClass()
 afxClass.c:707?AfxClassAcquireObjects()
 afxClass.c:708?AfxClassAcquireObjects()
 afxClass.c:709?AfxClassAcquireObjects()
 afxClass.c:340?AfxClassAllocateObjects()
 afxClass.c:342?AfxClassAllocateObjects()
 afxClass.c:343?AfxClassAllocateObjects()
 afxClass<afxMemory>::AllocateObjects(1, 0030de34, 0030de44)
 afxMemory.c:608?AfxAllocate()
 afxMemory.c:609?AfxAllocate()
 afxClass.c:537?AfxClassBuildObjects()
 afxClass.c:539?AfxClassBuildObjects()
 afxClass.c:540?AfxClassBuildObjects()
 afxClass<afxMemory>::BuildObjects(1, 0030de34, 0030de28)
 afxClass.c:547?AfxClassBuildObjects()
 afxMemory.c:471?AfxZero()
 afxMemory.c:472?AfxZero()
 afxMemory.c:459?AfxFill()
 afxMemory.c:460?AfxFill()
 afxMemory.c:465?AfxFill()
 afxMemory.c:465?AfxFill()
 afxMemory.c:465?AfxFill()
 afxMemory.c:465?AfxFill()
 afxMemory.c:465?AfxFill()
 afxMemory.c:465?AfxFill()
 afxMemory.c:465?AfxFill()
 afxMemory.c:465?AfxFill()
 afxMemory.c:465?AfxFill()
 afxMemory.c:465?AfxFill()
 afxMemory.c:465?AfxFill()
 afxMemory.c:465?AfxFill()
 afxMemory.c:465?AfxFill()
 afxMemory.c:465?AfxFill()
 afxMemory.c:465?AfxFill()
 afxMemory.c:465?AfxFill()
 afxMemory.c:465?AfxFill()
 afxMemory.c:465?AfxFill()
 afxMemory.c:465?AfxFill()
 afxMemory.c:465?AfxFill()
 afxMemory.c:465?AfxFill()
 afxMemory.c:465?AfxFill()
 afxMemory.c:465?AfxFill()
 afxMemory.c:465?AfxFill()
 afxMemory.c:465?AfxFill()
 afxMemory.c:465?AfxFill()
 afxMemory.c:465?AfxFill()
 afxMemory.c:465?AfxFill()
 afxMemory.c:465?AfxFill()
 afxMemory.c:465?AfxFill()
 afxMemory.c:465?AfxFill()
 afxMemory.c:465?AfxFill()
 afxMemory.c:465?AfxFill()
 afxMemory.c:465?AfxFill()
 afxMemory.c:465?AfxFill()
 afxMemory.c:465?AfxFill()
 afxMemory.c:465?AfxFill()
 afxMemory.c:465?AfxFill()
 afxMemory.c:465?AfxFill()
 afxMemory.c:465?AfxFill()
 afxMemory.c:465?AfxFill()
 afxMemory.c:465?AfxFill()
 afxMemory.c:465?AfxFill()
 afxMemory.c:465?AfxFill()
 afxMemory.c:465?AfxFill()
 afxMemory.c:465?AfxFill()
 afxMemory.c:465?AfxFill()
 afxMemory.c:465?AfxFill()
 afxMemory.c:465?AfxFill()
 afxMemory.c:465?AfxFill()
 afxMemory.c:465?AfxFill()
 afxMemory.c:465?AfxFill()
 afxLinkedList.c:67?AfxLinkageDeploy()
 afxLinkedList.c:315?AfxDeployList()
 afxLinkedList.c:236?AfxGetListHead()
 afxLinkedList.c:315?AfxDeployList()
 afxLinkedList.c:236?AfxGetListHead()
 afxLinkedList.c:67?AfxLinkageDeploy()
 afxClass.c:513?_AfxClsRunSubsetCtor()
 afxClass<afxMemory>::ConstructObject(0069f8c0)
 afxMemory.c:317?_AfxMemCtor(mem=0069f8c0)
 afxMemory.c:321?_AfxMemCtor()
 afxObject.c:280?AfxObjectAssert()
 afxObject.c:281?AfxObjectAssert()
 afxObject.c:282?AfxObjectAssert()
 afxObject.c:158?AfxObjectTestFcc()
 afxObject.c:205?AfxObjectGetClass()
 afxMemory.c:326?_AfxMemCtor()
 afxObject.c:280?AfxObjectAssert()
 afxObject.c:281?AfxObjectAssert()
 afxObject.c:282?AfxObjectAssert()
 afxObject.c:158?AfxObjectTestFcc()
 afxObject.c:205?AfxObjectGetClass()
 afxObject.c:280?AfxObjectAssert()
 afxObject.c:281?AfxObjectAssert()
 afxObject.c:282?AfxObjectAssert()
 afxObject.c:158?AfxObjectTestFcc()
 afxObject.c:205?AfxObjectGetClass()
 afxLinkedList.c:7?AfxChainDeploy()
 afxLinkedList.c:7?AfxChainDeploy()
 afxClass.c:575?AfxClassBuildObjects()
 afxClass.c:637?AfxClassMountInherited()
 afxClass.c:638?AfxClassMountInherited()
 afxClass<afxThread>::Mount(0069f24c, 0069f0b4, 00000000, 77589c70)
 afxTransistor.c:74?AfxTransistorDeploy()
 afxClass.c:646?AfxClassMountInherited()
 afxClass.c:648?AfxClassMountInherited()
 afxLinkedList.c:67?AfxLinkageDeploy()
 afxClass.c:667?AfxClassMountInherited()
 afxClass.c:669?AfxClassMountInherited()
 afxClass.c:671?AfxClassMountInherited()
 afxLinkedList.c:7?AfxChainDeploy()
 afxLinkedList.c:7?AfxChainDeploy()
 afxLinkedList.c:67?AfxLinkageDeploy()
 afxClass.c:637?AfxClassMountInherited()
 afxClass.c:638?AfxClassMountInherited()
 afxClass<afxFileSystem>::Mount(0069f30c, 0069f0b4, 00000000, 7758b12c)
 afxTransistor.c:74?AfxTransistorDeploy()
 afxClass.c:646?AfxClassMountInherited()
 afxClass.c:648?AfxClassMountInherited()
 afxLinkedList.c:67?AfxLinkageDeploy()
 afxClass.c:667?AfxClassMountInherited()
 afxClass.c:669?AfxClassMountInherited()
 afxClass.c:671?AfxClassMountInherited()
 afxLinkedList.c:7?AfxChainDeploy()
 afxLinkedList.c:7?AfxChainDeploy()
 afxLinkedList.c:67?AfxLinkageDeploy()
 afxUri.c:1398?AfxUriWrapLiteral()
 afxString.c:603?AfxStringWrapLiteral()
 afxString.c:604?AfxStringWrapLiteral()
 afxUri.c:1492?AfxUriAllocate()
 afxMemory.c:608?AfxAllocate()
 afxMemory.c:609?AfxAllocate()
 afxString.c:629?AfxStringWrapBuffer()
 afxString.c:630?AfxStringWrapBuffer()
 afxString.c:631?AfxStringWrapBuffer()
 afxString.c:361?AfxStringUpdate()
 afxString.c:370?AfxStringUpdate()
 afxString.c:375?AfxStringUpdate()
 afxString.c:377?AfxStringUpdate()
 afxString.c:379?AfxStringUpdate()
 afxString.c:382?AfxStringUpdate()
 afxString.c:383?AfxStringUpdate()
 afxUri.c:1398?AfxUriWrapLiteral()
 afxString.c:603?AfxStringWrapLiteral()
 afxString.c:604?AfxStringWrapLiteral()
 afxUri.c:1398?AfxUriWrapLiteral()
 afxString.c:603?AfxStringWrapLiteral()
 afxString.c:604?AfxStringWrapLiteral()
 afxUri.c:1398?AfxUriWrapLiteral()
 afxString.c:603?AfxStringWrapLiteral()
 afxString.c:604?AfxStringWrapLiteral()
 afxUri.c:1398?AfxUriWrapLiteral()
 afxString.c:603?AfxStringWrapLiteral()
 afxString.c:604?AfxStringWrapLiteral()
 afxUri.c:1398?AfxUriWrapLiteral()
 afxString.c:603?AfxStringWrapLiteral()
 afxString.c:604?AfxStringWrapLiteral()
 afxUri.c:1398?AfxUriWrapLiteral()
 afxString.c:603?AfxStringWrapLiteral()
 afxString.c:604?AfxStringWrapLiteral()
 afxUri.c:1398?AfxUriWrapLiteral()
 afxString.c:603?AfxStringWrapLiteral()
 afxString.c:604?AfxStringWrapLiteral()
 afxUri.c:1398?AfxUriWrapLiteral()
 afxString.c:603?AfxStringWrapLiteral()
 afxString.c:604?AfxStringWrapLiteral()
 afxUri.c:1398?AfxUriWrapLiteral()
 afxString.c:603?AfxStringWrapLiteral()
 afxString.c:604?AfxStringWrapLiteral()
 afxUri.c:1398?AfxUriWrapLiteral()
 afxString.c:603?AfxStringWrapLiteral()
 afxString.c:604?AfxStringWrapLiteral()
 afxObject.c:280?AfxObjectAssert()
 afxObject.c:281?AfxObjectAssert()
 afxObject.c:282?AfxObjectAssert()
 afxObject.c:158?AfxObjectTestFcc()
 afxObject.c:205?AfxObjectGetClass()
 afxFileSystem.c:592?AfxSystemAcquireFileSystem()
 afxFileSystem.c:593?AfxSystemAcquireFileSystem()
 afxFileSystem.c:594?AfxSystemAcquireFileSystem(Afx.System.AcquireFileSystem(0069f080,5,0030e148))
 afxObject.c:280?AfxObjectAssert()
 afxObject.c:281?AfxObjectAssert()
 afxObject.c:282?AfxObjectAssert()
 afxObject.c:158?AfxObjectTestFcc()
 afxObject.c:205?AfxObjectGetClass()
 afxClass.c:707?AfxClassAcquireObjects()
 afxClass.c:708?AfxClassAcquireObjects()
 afxClass.c:709?AfxClassAcquireObjects()
 afxClass.c:340?AfxClassAllocateObjects()
 afxClass.c:342?AfxClassAllocateObjects()
 afxClass.c:343?AfxClassAllocateObjects()
 afxClass<afxFileSystem>::AllocateObjects(1, 0030de10, 0030de20)
 afxMemory.c:608?AfxAllocate()
 afxMemory.c:609?AfxAllocate()
 afxClass.c:537?AfxClassBuildObjects()
 afxClass.c:539?AfxClassBuildObjects()
 afxClass.c:540?AfxClassBuildObjects()
 afxClass<afxFileSystem>::BuildObjects(1, 0030de10, 0030df54)
 afxClass.c:547?AfxClassBuildObjects()
 afxMemory.c:471?AfxZero()
 afxMemory.c:472?AfxZero()
 afxMemory.c:459?AfxFill()
 afxMemory.c:460?AfxFill()
 afxMemory.c:465?AfxFill()
 afxMemory.c:465?AfxFill()
 afxMemory.c:465?AfxFill()
 afxMemory.c:465?AfxFill()
 afxMemory.c:465?AfxFill()
 afxMemory.c:465?AfxFill()
 afxMemory.c:465?AfxFill()
 afxMemory.c:465?AfxFill()
 afxMemory.c:465?AfxFill()
 afxMemory.c:465?AfxFill()
 afxMemory.c:465?AfxFill()
 afxMemory.c:465?AfxFill()
 afxMemory.c:465?AfxFill()
 afxMemory.c:465?AfxFill()
 afxMemory.c:465?AfxFill()
 afxMemory.c:465?AfxFill()
 afxMemory.c:465?AfxFill()
 afxMemory.c:465?AfxFill()
 afxMemory.c:465?AfxFill()
 afxMemory.c:465?AfxFill()
 afxMemory.c:465?AfxFill()
 afxMemory.c:465?AfxFill()
 afxMemory.c:465?AfxFill()
 afxMemory.c:465?AfxFill()
 afxMemory.c:465?AfxFill()
 afxMemory.c:465?AfxFill()
 afxMemory.c:465?AfxFill()
 afxMemory.c:465?AfxFill()
 afxMemory.c:465?AfxFill()
 afxMemory.c:465?AfxFill()
 afxMemory.c:465?AfxFill()
 afxMemory.c:465?AfxFill()
 afxMemory.c:465?AfxFill()
 afxMemory.c:465?AfxFill()
 afxMemory.c:465?AfxFill()
 afxMemory.c:465?AfxFill()
 afxMemory.c:465?AfxFill()
 afxMemory.c:465?AfxFill()
 afxMemory.c:465?AfxFill()
 afxMemory.c:465?AfxFill()
 afxMemory.c:465?AfxFill()
 afxMemory.c:465?AfxFill()
 afxMemory.c:465?AfxFill()
 afxMemory.c:465?AfxFill()
 afxMemory.c:465?AfxFill()
 afxMemory.c:465?AfxFill()
 afxMemory.c:465?AfxFill()
 afxMemory.c:465?AfxFill()
 afxMemory.c:465?AfxFill()
 afxMemory.c:465?AfxFill()
 afxMemory.c:465?AfxFill()
 afxMemory.c:465?AfxFill()
 afxLinkedList.c:67?AfxLinkageDeploy()
 afxLinkedList.c:315?AfxDeployList()
 afxLinkedList.c:236?AfxGetListHead()
 afxLinkedList.c:315?AfxDeployList()
 afxLinkedList.c:236?AfxGetListHead()
 afxLinkedList.c:67?AfxLinkageDeploy()
 afxClass.c:513?_AfxClsRunSubsetCtor()
 afxClass<afxFileSystem>::ConstructObject(0069ff00)
 afxFileSystem.c:653?_AfxFsysCtor(fsys=0069ff00)
 afxObject.c:280?AfxObjectAssert()
 afxObject.c:281?AfxObjectAssert()
 afxObject.c:282?AfxObjectAssert()
 afxObject.c:158?AfxObjectTestFcc()
 afxObject.c:205?AfxObjectGetClass()
 afxObject.c:239?AfxObjectGetProvider()
 afxObject.c:280?AfxObjectAssert()
 afxObject.c:281?AfxObjectAssert()
 afxObject.c:282?AfxObjectAssert()
 afxObject.c:158?AfxObjectTestFcc()
 afxObject.c:205?AfxObjectGetClass()
 afxObject.c:280?AfxObjectAssert()
 afxObject.c:281?AfxObjectAssert()
 afxObject.c:282?AfxObjectAssert()
 afxObject.c:158?AfxObjectTestFcc()
 afxObject.c:205?AfxObjectGetClass()
 afxObject.c:280?AfxObjectAssert()
 afxObject.c:281?AfxObjectAssert()
 afxObject.c:282?AfxObjectAssert()
 afxObject.c:158?AfxObjectTestFcc()
 afxObject.c:205?AfxObjectGetClass()
 afxObject.c:280?AfxObjectAssert()
 afxObject.c:281?AfxObjectAssert()
 afxObject.c:282?AfxObjectAssert()
 afxObject.c:158?AfxObjectTestFcc()
 afxObject.c:205?AfxObjectGetClass()
 afxLinkedList.c:7?AfxChainDeploy()
 afxLinkedList.c:7?AfxChainDeploy()
 afxLinkedList.c:7?AfxChainDeploy()
 afxClass.c:637?AfxClassMountInherited()
 afxClass.c:638?AfxClassMountInherited()
 afxClass<afxStream>::Mount(0069ff50, 0069ff38, 00000000, 7758c54c)
 afxTransistor.c:74?AfxTransistorDeploy()
 afxClass.c:646?AfxClassMountInherited()
 afxClass.c:648?AfxClassMountInherited()
 afxLinkedList.c:67?AfxLinkageDeploy()
 afxClass.c:667?AfxClassMountInherited()
 afxClass.c:669?AfxClassMountInherited()
 afxClass.c:671?AfxClassMountInherited()
 afxLinkedList.c:7?AfxChainDeploy()
 afxLinkedList.c:7?AfxChainDeploy()
 afxLinkedList.c:67?AfxLinkageDeploy()
 afxObject.c:280?AfxObjectAssert()
 afxObject.c:281?AfxObjectAssert()
 afxObject.c:282?AfxObjectAssert()
 afxObject.c:158?AfxObjectTestFcc()
 afxObject.c:205?AfxObjectGetClass()
 afxClass.c:637?AfxClassMountInherited()
 afxClass.c:638?AfxClassMountInherited()
 afxClass<afxFile>::Mount(006a0010, 0069ff38, 0069ff50, 7758aea8)
 afxTransistor.c:74?AfxTransistorDeploy()
 afxClass.c:646?AfxClassMountInherited()
 afxClass.c:648?AfxClassMountInherited()
 afxClass.c:658?AfxClassMountInherited()
 afxClass.c:660?AfxClassMountInherited()
 afxLinkedList.c:67?AfxLinkageDeploy()
 afxClass.c:667?AfxClassMountInherited()
 afxClass.c:669?AfxClassMountInherited()
 afxClass.c:671?AfxClassMountInherited()
 afxLinkedList.c:7?AfxChainDeploy()
 afxLinkedList.c:7?AfxChainDeploy()
 afxLinkedList.c:67?AfxLinkageDeploy()
 afxObject.c:280?AfxObjectAssert()
 afxObject.c:281?AfxObjectAssert()
 afxObject.c:282?AfxObjectAssert()
 afxObject.c:158?AfxObjectTestFcc()
 afxObject.c:205?AfxObjectGetClass()
 afxClass.c:637?AfxClassMountInherited()
 afxClass.c:638?AfxClassMountInherited()
 afxClass<afxArchive>::Mount(006a00d0, 0069ff38, 006a0010, 7758a84c)
 afxTransistor.c:74?AfxTransistorDeploy()
 afxClass.c:646?AfxClassMountInherited()
 afxClass.c:648?AfxClassMountInherited()
 afxClass.c:658?AfxClassMountInherited()
 afxClass.c:660?AfxClassMountInherited()
 afxLinkedList.c:67?AfxLinkageDeploy()
 afxClass.c:667?AfxClassMountInherited()
 afxClass.c:669?AfxClassMountInherited()
 afxClass.c:671?AfxClassMountInherited()
 afxLinkedList.c:7?AfxChainDeploy()
 afxLinkedList.c:7?AfxChainDeploy()
 afxLinkedList.c:67?AfxLinkageDeploy()
 afxClass.c:637?AfxClassMountInherited()
 afxClass.c:638?AfxClassMountInherited()
 afxClass<afxResource>::Mount(006a0310, 0069ff38, 00000000, 7758c3ac)
 afxTransistor.c:74?AfxTransistorDeploy()
 afxClass.c:646?AfxClassMountInherited()
 afxClass.c:648?AfxClassMountInherited()
 afxLinkedList.c:67?AfxLinkageDeploy()
 afxClass.c:667?AfxClassMountInherited()
 afxClass.c:669?AfxClassMountInherited()
 afxClass.c:671?AfxClassMountInherited()
 afxLinkedList.c:7?AfxChainDeploy()
 afxLinkedList.c:7?AfxChainDeploy()
 afxLinkedList.c:67?AfxLinkageDeploy()
 afxClass.c:637?AfxClassMountInherited()
 afxClass.c:638?AfxClassMountInherited()
 afxClass<afxXml>::Mount(006a0190, 0069ff38, 00000000, 7758ca44)
 afxTransistor.c:74?AfxTransistorDeploy()
 afxClass.c:646?AfxClassMountInherited()
 afxClass.c:648?AfxClassMountInherited()
 afxLinkedList.c:67?AfxLinkageDeploy()
 afxClass.c:667?AfxClassMountInherited()
 afxClass.c:669?AfxClassMountInherited()
 afxClass.c:671?AfxClassMountInherited()
 afxLinkedList.c:7?AfxChainDeploy()
 afxLinkedList.c:7?AfxChainDeploy()
 afxLinkedList.c:67?AfxLinkageDeploy()
 afxClass.c:637?AfxClassMountInherited()
 afxClass.c:638?AfxClassMountInherited()
 afxClass<afxUrd>::Mount(006a0250, 0069ff38, 00000000, 7758c964)
 afxTransistor.c:74?AfxTransistorDeploy()
 afxClass.c:646?AfxClassMountInherited()
 afxClass.c:648?AfxClassMountInherited()
 afxLinkedList.c:67?AfxLinkageDeploy()
 afxClass.c:667?AfxClassMountInherited()
 afxClass.c:669?AfxClassMountInherited()
 afxClass.c:671?AfxClassMountInherited()
 afxLinkedList.c:7?AfxChainDeploy()
 afxLinkedList.c:7?AfxChainDeploy()
 afxLinkedList.c:67?AfxLinkageDeploy()
 afxObject.c:280?AfxObjectAssert()
 afxObject.c:281?AfxObjectAssert()
 afxObject.c:282?AfxObjectAssert()
 afxObject.c:158?AfxObjectTestFcc()
 afxObject.c:205?AfxObjectGetClass()
 afxFileSystem.c:393?AfxFileSystemMountStoragePoints()
 afxFileSystem.c:394?AfxFileSystemMountStoragePoints()
 afxFileSystem.c:395?AfxFileSystemMountStoragePoints()
 afxFileSystem.c:396?AfxFileSystemMountStoragePoints(Afx.FileSystem.MountStoragePoints(0069ff00,5,0030e148))
 afxObject.c:280?AfxObjectAssert()
 afxObject.c:281?AfxObjectAssert()
 afxObject.c:282?AfxObjectAssert()
 afxObject.c:158?AfxObjectTestFcc()
 afxObject.c:205?AfxObjectGetClass()
 afxObject.c:280?AfxObjectAssert()
 afxObject.c:281?AfxObjectAssert()
 afxObject.c:282?AfxObjectAssert()
 afxObject.c:158?AfxObjectTestFcc()
 afxObject.c:205?AfxObjectGetClass()
 afxObject.c:280?AfxObjectAssert()
 afxObject.c:281?AfxObjectAssert()
 afxObject.c:282?AfxObjectAssert()
 afxObject.c:158?AfxObjectTestFcc()
 afxObject.c:205?AfxObjectGetClass()
 afxObject.c:280?AfxObjectAssert()
 afxObject.c:281?AfxObjectAssert()
 afxObject.c:282?AfxObjectAssert()
 afxObject.c:158?AfxObjectTestFcc()
 afxObject.c:205?AfxObjectGetClass()
 afxObject.c:280?AfxObjectAssert()
 afxObject.c:281?AfxObjectAssert()
 afxObject.c:282?AfxObjectAssert()
 afxObject.c:158?AfxObjectTestFcc()
 afxObject.c:205?AfxObjectGetClass()
 afxUri.c:1612?AfxUri2048()
 afxUri.c:1408?AfxUriWrapBuffer()
 afxString.c:629?AfxStringWrapBuffer()
 afxString.c:630?AfxStringWrapBuffer()
 afxString.c:631?AfxStringWrapBuffer()
 afxUri.c:581?AfxUriExcerptPath()
 afxString.c:603?AfxStringWrapLiteral()
 afxString.c:604?AfxStringWrapLiteral()
 afxUri.c:581?AfxUriExcerptPath()
 afxString.c:603?AfxStringWrapLiteral()
 afxString.c:604?AfxStringWrapLiteral()
 afxUri.c:1338?AfxUriFormat()
 afxUri.c:1342?AfxUriFormat()
 afxUri.c:1343?AfxUriFormat()
 afxString.c:403?AfxStringFormatArg()
 afxString.c:405?AfxStringFormatArg()
 afxString.c:406?AfxStringFormatArg()
 afxString.c:407?AfxStringFormatArg()
 afxString.c:409?AfxStringFormatArg()
 afxUri.c:1144?AfxUriNormalize()
 afxUri.c:1148?AfxUriNormalize()
 afxUri.c:683?AfxUriExcerptPathRW()
 afxString.c:616?AfxStringWrapLiteralRW()
 afxString.c:617?AfxStringWrapLiteralRW()
 afxUri.c:709?AfxUriExcerptQuery()
 afxString.c:643?AfxStringReset()
 afxUri.c:727?AfxUriExcerptFragment()
 afxString.c:643?AfxStringReset()
 afxString.c:361?AfxStringUpdate()
 afxString.c:370?AfxStringUpdate()
 afxString.c:375?AfxStringUpdate()
 afxString.c:377?AfxStringUpdate()
 afxString.c:379?AfxStringUpdate()
 afxString.c:382?AfxStringUpdate()
 afxString.c:383?AfxStringUpdate()
 afxMemory.c:608?AfxAllocate()
 afxMemory.c:609?AfxAllocate()
 afxObject.c:280?AfxObjectAssert()
 afxObject.c:281?AfxObjectAssert()
 afxObject.c:282?AfxObjectAssert()
 afxObject.c:158?AfxObjectTestFcc()
 afxObject.c:205?AfxObjectGetClass()
 afxObject.c:280?AfxObjectAssert()
 afxObject.c:281?AfxObjectAssert()
 afxObject.c:282?AfxObjectAssert()
 afxObject.c:158?AfxObjectTestFcc()
 afxObject.c:205?AfxObjectGetClass()
 afxMemory.c:96?_AfxMemAllocStd()
 afxMemory.c:97?_AfxMemAllocStd()
 afxLinkedList.c:67?AfxLinkageDeploy()
 afxUri.c:581?AfxUriExcerptPath()
 afxString.c:603?AfxStringWrapLiteral()
 afxString.c:604?AfxStringWrapLiteral()
 afxUri.c:1492?AfxUriAllocate()
 afxMemory.c:608?AfxAllocate()
 afxMemory.c:609?AfxAllocate()
 afxString.c:629?AfxStringWrapBuffer()
 afxString.c:630?AfxStringWrapBuffer()
 afxString.c:631?AfxStringWrapBuffer()
 afxString.c:361?AfxStringUpdate()
 afxString.c:370?AfxStringUpdate()
 afxString.c:375?AfxStringUpdate()
 afxString.c:377?AfxStringUpdate()
 afxString.c:379?AfxStringUpdate()
 afxString.c:382?AfxStringUpdate()
 afxString.c:383?AfxStringUpdate()
 afxUri.c:581?AfxUriExcerptPath()
 afxString.c:603?AfxStringWrapLiteral()
 afxString.c:604?AfxStringWrapLiteral()
 afxUri.c:1492?AfxUriAllocate()
 afxMemory.c:608?AfxAllocate()
 afxMemory.c:609?AfxAllocate()
 afxString.c:629?AfxStringWrapBuffer()
 afxString.c:630?AfxStringWrapBuffer()
 afxString.c:631?AfxStringWrapBuffer()
 afxString.c:361?AfxStringUpdate()
 afxString.c:370?AfxStringUpdate()
 afxString.c:375?AfxStringUpdate()
 afxString.c:377?AfxStringUpdate()
 afxString.c:379?AfxStringUpdate()
 afxString.c:382?AfxStringUpdate()
 afxString.c:383?AfxStringUpdate()
 Point "." 5 mounted -> "E:/qwadro/afx".
 afxUri.c:581?AfxUriExcerptPath()
 afxString.c:643?AfxStringReset()
 afxUri.c:581?AfxUriExcerptPath()
 afxString.c:643?AfxStringReset()
 afxUri.c:1338?AfxUriFormat()
 afxUri.c:1342?AfxUriFormat()
 afxUri.c:1343?AfxUriFormat()
 afxString.c:403?AfxStringFormatArg()
 afxString.c:405?AfxStringFormatArg()
 afxString.c:406?AfxStringFormatArg()
 afxString.c:407?AfxStringFormatArg()
 afxString.c:409?AfxStringFormatArg()
 afxUri.c:1144?AfxUriNormalize()
 afxUri.c:1148?AfxUriNormalize()
 afxUri.c:683?AfxUriExcerptPathRW()
 afxString.c:616?AfxStringWrapLiteralRW()
 afxString.c:617?AfxStringWrapLiteralRW()
 afxUri.c:709?AfxUriExcerptQuery()
 afxString.c:643?AfxStringReset()
 afxUri.c:727?AfxUriExcerptFragment()
 afxString.c:643?AfxStringReset()
 afxString.c:361?AfxStringUpdate()
 afxString.c:370?AfxStringUpdate()
 afxString.c:375?AfxStringUpdate()
 afxString.c:377?AfxStringUpdate()
 afxString.c:379?AfxStringUpdate()
 afxString.c:382?AfxStringUpdate()
 afxString.c:383?AfxStringUpdate()
 afxMemory.c:608?AfxAllocate()
 afxMemory.c:609?AfxAllocate()
 afxObject.c:280?AfxObjectAssert()
 afxObject.c:281?AfxObjectAssert()
 afxObject.c:282?AfxObjectAssert()
 afxObject.c:158?AfxObjectTestFcc()
 afxObject.c:205?AfxObjectGetClass()
 afxObject.c:280?AfxObjectAssert()
 afxObject.c:281?AfxObjectAssert()
 afxObject.c:282?AfxObjectAssert()
 afxObject.c:158?AfxObjectTestFcc()
 afxObject.c:205?AfxObjectGetClass()
 afxMemory.c:96?_AfxMemAllocStd()
 afxMemory.c:97?_AfxMemAllocStd()
 afxLinkedList.c:67?AfxLinkageDeploy()
 afxUri.c:581?AfxUriExcerptPath()
 afxString.c:603?AfxStringWrapLiteral()
 afxString.c:604?AfxStringWrapLiteral()
 afxUri.c:1492?AfxUriAllocate()
 afxMemory.c:608?AfxAllocate()
 afxMemory.c:609?AfxAllocate()
 afxString.c:629?AfxStringWrapBuffer()
 afxString.c:630?AfxStringWrapBuffer()
 afxString.c:631?AfxStringWrapBuffer()
 afxString.c:361?AfxStringUpdate()
 afxString.c:370?AfxStringUpdate()
 afxString.c:375?AfxStringUpdate()
 afxString.c:377?AfxStringUpdate()
 afxString.c:379?AfxStringUpdate()
 afxString.c:382?AfxStringUpdate()
 afxString.c:383?AfxStringUpdate()
 afxUri.c:581?AfxUriExcerptPath()
 afxString.c:603?AfxStringWrapLiteral()
 afxString.c:604?AfxStringWrapLiteral()
 afxUri.c:1492?AfxUriAllocate()
 afxMemory.c:608?AfxAllocate()
 afxMemory.c:609?AfxAllocate()
 afxString.c:629?AfxStringWrapBuffer()
 afxString.c:630?AfxStringWrapBuffer()
 afxString.c:631?AfxStringWrapBuffer()
 afxString.c:361?AfxStringUpdate()
 afxString.c:370?AfxStringUpdate()
 afxString.c:375?AfxStringUpdate()
 afxString.c:377?AfxStringUpdate()
 afxString.c:379?AfxStringUpdate()
 afxString.c:382?AfxStringUpdate()
 afxString.c:383?AfxStringUpdate()
 Point "system" 5 mounted -> "E:/qwadro/afx/system32".
 afxUri.c:581?AfxUriExcerptPath()
 afxString.c:603?AfxStringWrapLiteral()
 afxString.c:604?AfxStringWrapLiteral()
 afxUri.c:581?AfxUriExcerptPath()
 afxString.c:603?AfxStringWrapLiteral()
 afxString.c:604?AfxStringWrapLiteral()
 afxUri.c:1338?AfxUriFormat()
 afxUri.c:1342?AfxUriFormat()
 afxUri.c:1343?AfxUriFormat()
 afxString.c:403?AfxStringFormatArg()
 afxString.c:405?AfxStringFormatArg()
 afxString.c:406?AfxStringFormatArg()
 afxString.c:407?AfxStringFormatArg()
 afxString.c:409?AfxStringFormatArg()
 afxUri.c:1144?AfxUriNormalize()
 afxUri.c:1148?AfxUriNormalize()
 afxUri.c:683?AfxUriExcerptPathRW()
 afxString.c:616?AfxStringWrapLiteralRW()
 afxString.c:617?AfxStringWrapLiteralRW()
 afxUri.c:709?AfxUriExcerptQuery()
 afxString.c:643?AfxStringReset()
 afxUri.c:727?AfxUriExcerptFragment()
 afxString.c:643?AfxStringReset()
 afxString.c:361?AfxStringUpdate()
 afxString.c:370?AfxStringUpdate()
 afxString.c:375?AfxStringUpdate()
 afxString.c:377?AfxStringUpdate()
 afxString.c:379?AfxStringUpdate()
 afxString.c:382?AfxStringUpdate()
 afxString.c:383?AfxStringUpdate()
 afxMemory.c:608?AfxAllocate()
 afxMemory.c:609?AfxAllocate()
 afxObject.c:280?AfxObjectAssert()
 afxObject.c:281?AfxObjectAssert()
 afxObject.c:282?AfxObjectAssert()
 afxObject.c:158?AfxObjectTestFcc()
 afxObject.c:205?AfxObjectGetClass()
 afxObject.c:280?AfxObjectAssert()
 afxObject.c:281?AfxObjectAssert()
 afxObject.c:282?AfxObjectAssert()
 afxObject.c:158?AfxObjectTestFcc()
 afxObject.c:205?AfxObjectGetClass()
 afxMemory.c:96?_AfxMemAllocStd()
 afxMemory.c:97?_AfxMemAllocStd()
 afxLinkedList.c:67?AfxLinkageDeploy()
 afxUri.c:581?AfxUriExcerptPath()
 afxString.c:603?AfxStringWrapLiteral()
 afxString.c:604?AfxStringWrapLiteral()
 afxUri.c:1492?AfxUriAllocate()
 afxMemory.c:608?AfxAllocate()
 afxMemory.c:609?AfxAllocate()
 afxString.c:629?AfxStringWrapBuffer()
 afxString.c:630?AfxStringWrapBuffer()
 afxString.c:631?AfxStringWrapBuffer()
 afxString.c:361?AfxStringUpdate()
 afxString.c:370?AfxStringUpdate()
 afxString.c:375?AfxStringUpdate()
 afxString.c:377?AfxStringUpdate()
 afxString.c:379?AfxStringUpdate()
 afxString.c:382?AfxStringUpdate()
 afxString.c:383?AfxStringUpdate()
 afxUri.c:581?AfxUriExcerptPath()
 afxString.c:603?AfxStringWrapLiteral()
 afxString.c:604?AfxStringWrapLiteral()
 afxUri.c:1492?AfxUriAllocate()
 afxMemory.c:608?AfxAllocate()
 afxMemory.c:609?AfxAllocate()
 afxString.c:629?AfxStringWrapBuffer()
 afxString.c:630?AfxStringWrapBuffer()
 afxString.c:631?AfxStringWrapBuffer()
 afxString.c:361?AfxStringUpdate()
 afxString.c:370?AfxStringUpdate()
 afxString.c:375?AfxStringUpdate()
 afxString.c:377?AfxStringUpdate()
 afxString.c:379?AfxStringUpdate()
 afxString.c:382?AfxStringUpdate()
 afxString.c:383?AfxStringUpdate()
 Point "art" 5 mounted -> "E:/qwadro/afx/art".
 afxUri.c:581?AfxUriExcerptPath()
 afxString.c:603?AfxStringWrapLiteral()
 afxString.c:604?AfxStringWrapLiteral()
 afxUri.c:581?AfxUriExcerptPath()
 afxString.c:603?AfxStringWrapLiteral()
 afxString.c:604?AfxStringWrapLiteral()
 afxUri.c:1338?AfxUriFormat()
 afxUri.c:1342?AfxUriFormat()
 afxUri.c:1343?AfxUriFormat()
 afxString.c:403?AfxStringFormatArg()
 afxString.c:405?AfxStringFormatArg()
 afxString.c:406?AfxStringFormatArg()
 afxString.c:407?AfxStringFormatArg()
 afxString.c:409?AfxStringFormatArg()
 afxUri.c:1144?AfxUriNormalize()
 afxUri.c:1148?AfxUriNormalize()
 afxUri.c:683?AfxUriExcerptPathRW()
 afxString.c:616?AfxStringWrapLiteralRW()
 afxString.c:617?AfxStringWrapLiteralRW()
 afxUri.c:709?AfxUriExcerptQuery()
 afxString.c:643?AfxStringReset()
 afxUri.c:727?AfxUriExcerptFragment()
 afxString.c:643?AfxStringReset()
 afxString.c:361?AfxStringUpdate()
 afxString.c:370?AfxStringUpdate()
 afxString.c:375?AfxStringUpdate()
 afxString.c:377?AfxStringUpdate()
 afxString.c:379?AfxStringUpdate()
 afxString.c:382?AfxStringUpdate()
 afxString.c:383?AfxStringUpdate()
 afxMemory.c:608?AfxAllocate()
 afxMemory.c:609?AfxAllocate()
 afxObject.c:280?AfxObjectAssert()
 afxObject.c:281?AfxObjectAssert()
 afxObject.c:282?AfxObjectAssert()
 afxObject.c:158?AfxObjectTestFcc()
 afxObject.c:205?AfxObjectGetClass()
 afxObject.c:280?AfxObjectAssert()
 afxObject.c:281?AfxObjectAssert()
 afxObject.c:282?AfxObjectAssert()
 afxObject.c:158?AfxObjectTestFcc()
 afxObject.c:205?AfxObjectGetClass()
 afxMemory.c:96?_AfxMemAllocStd()
 afxMemory.c:97?_AfxMemAllocStd()
 afxLinkedList.c:67?AfxLinkageDeploy()
 afxUri.c:581?AfxUriExcerptPath()
 afxString.c:603?AfxStringWrapLiteral()
 afxString.c:604?AfxStringWrapLiteral()
 afxUri.c:1492?AfxUriAllocate()
 afxMemory.c:608?AfxAllocate()
 afxMemory.c:609?AfxAllocate()
 afxString.c:629?AfxStringWrapBuffer()
 afxString.c:630?AfxStringWrapBuffer()
 afxString.c:631?AfxStringWrapBuffer()
 afxString.c:361?AfxStringUpdate()
 afxString.c:370?AfxStringUpdate()
 afxString.c:375?AfxStringUpdate()
 afxString.c:377?AfxStringUpdate()
 afxString.c:379?AfxStringUpdate()
 afxString.c:382?AfxStringUpdate()
 afxString.c:383?AfxStringUpdate()
 afxUri.c:581?AfxUriExcerptPath()
 afxString.c:603?AfxStringWrapLiteral()
 afxString.c:604?AfxStringWrapLiteral()
 afxUri.c:1492?AfxUriAllocate()
 afxMemory.c:608?AfxAllocate()
 afxMemory.c:609?AfxAllocate()
 afxString.c:629?AfxStringWrapBuffer()
 afxString.c:630?AfxStringWrapBuffer()
 afxString.c:631?AfxStringWrapBuffer()
 afxString.c:361?AfxStringUpdate()
 afxString.c:370?AfxStringUpdate()
 afxString.c:375?AfxStringUpdate()
 afxString.c:377?AfxStringUpdate()
 afxString.c:379?AfxStringUpdate()
 afxString.c:382?AfxStringUpdate()
 afxString.c:383?AfxStringUpdate()
 Point "data" 5 mounted -> "E:/qwadro/afx/data".
 afxUri.c:581?AfxUriExcerptPath()
 afxString.c:603?AfxStringWrapLiteral()
 afxString.c:604?AfxStringWrapLiteral()
 afxUri.c:581?AfxUriExcerptPath()
 afxString.c:603?AfxStringWrapLiteral()
 afxString.c:604?AfxStringWrapLiteral()
 afxUri.c:1338?AfxUriFormat()
 afxUri.c:1342?AfxUriFormat()
 afxUri.c:1343?AfxUriFormat()
 afxString.c:403?AfxStringFormatArg()
 afxString.c:405?AfxStringFormatArg()
 afxString.c:406?AfxStringFormatArg()
 afxString.c:407?AfxStringFormatArg()
 afxString.c:409?AfxStringFormatArg()
 afxUri.c:1144?AfxUriNormalize()
 afxUri.c:1148?AfxUriNormalize()
 afxUri.c:683?AfxUriExcerptPathRW()
 afxString.c:616?AfxStringWrapLiteralRW()
 afxString.c:617?AfxStringWrapLiteralRW()
 afxUri.c:709?AfxUriExcerptQuery()
 afxString.c:643?AfxStringReset()
 afxUri.c:727?AfxUriExcerptFragment()
 afxString.c:643?AfxStringReset()
 afxString.c:361?AfxStringUpdate()
 afxString.c:370?AfxStringUpdate()
 afxString.c:375?AfxStringUpdate()
 afxString.c:377?AfxStringUpdate()
 afxString.c:379?AfxStringUpdate()
 afxString.c:382?AfxStringUpdate()
 afxString.c:383?AfxStringUpdate()
 afxMemory.c:608?AfxAllocate()
 afxMemory.c:609?AfxAllocate()
 afxObject.c:280?AfxObjectAssert()
 afxObject.c:281?AfxObjectAssert()
 afxObject.c:282?AfxObjectAssert()
 afxObject.c:158?AfxObjectTestFcc()
 afxObject.c:205?AfxObjectGetClass()
 afxObject.c:280?AfxObjectAssert()
 afxObject.c:281?AfxObjectAssert()
 afxObject.c:282?AfxObjectAssert()
 afxObject.c:158?AfxObjectTestFcc()
 afxObject.c:205?AfxObjectGetClass()
 afxMemory.c:96?_AfxMemAllocStd()
 afxMemory.c:97?_AfxMemAllocStd()
 afxLinkedList.c:67?AfxLinkageDeploy()
 afxUri.c:581?AfxUriExcerptPath()
 afxString.c:603?AfxStringWrapLiteral()
 afxString.c:604?AfxStringWrapLiteral()
 afxUri.c:1492?AfxUriAllocate()
 afxMemory.c:608?AfxAllocate()
 afxMemory.c:609?AfxAllocate()
 afxString.c:629?AfxStringWrapBuffer()
 afxString.c:630?AfxStringWrapBuffer()
 afxString.c:631?AfxStringWrapBuffer()
 afxString.c:361?AfxStringUpdate()
 afxString.c:370?AfxStringUpdate()
 afxString.c:375?AfxStringUpdate()
 afxString.c:377?AfxStringUpdate()
 afxString.c:379?AfxStringUpdate()
 afxString.c:382?AfxStringUpdate()
 afxString.c:383?AfxStringUpdate()
 afxUri.c:581?AfxUriExcerptPath()
 afxString.c:603?AfxStringWrapLiteral()
 afxString.c:604?AfxStringWrapLiteral()
 afxUri.c:1492?AfxUriAllocate()
 afxMemory.c:608?AfxAllocate()
 afxMemory.c:609?AfxAllocate()
 afxString.c:629?AfxStringWrapBuffer()
 afxString.c:630?AfxStringWrapBuffer()
 afxString.c:631?AfxStringWrapBuffer()
 afxString.c:361?AfxStringUpdate()
 afxString.c:370?AfxStringUpdate()
 afxString.c:375?AfxStringUpdate()
 afxString.c:377?AfxStringUpdate()
 afxString.c:379?AfxStringUpdate()
 afxString.c:382?AfxStringUpdate()
 afxString.c:383?AfxStringUpdate()
 Point "sound" 5 mounted -> "E:/qwadro/afx/sound".
 afxClass.c:575?AfxClassBuildObjects()
 afxClass.c:637?AfxClassMountInherited()
 afxClass.c:638?AfxClassMountInherited()
 afxClass<afxModule>::Mount(0069f3cc, 0069f0b4, 00000000, 77587f08)
 afxTransistor.c:74?AfxTransistorDeploy()
 afxClass.c:646?AfxClassMountInherited()
 afxClass.c:648?AfxClassMountInherited()
 afxLinkedList.c:67?AfxLinkageDeploy()
 afxClass.c:667?AfxClassMountInherited()
 afxClass.c:669?AfxClassMountInherited()
 afxClass.c:671?AfxClassMountInherited()
 afxLinkedList.c:7?AfxChainDeploy()
 afxLinkedList.c:7?AfxChainDeploy()
 afxLinkedList.c:67?AfxLinkageDeploy()
 afxUri.c:1605?AfxUri128()
 afxUri.c:1408?AfxUriWrapBuffer()
 afxString.c:629?AfxStringWrapBuffer()
 afxString.c:630?AfxStringWrapBuffer()
 afxString.c:631?AfxStringWrapBuffer()
 afxUri.c:1338?AfxUriFormat()
 afxUri.c:1342?AfxUriFormat()
 afxUri.c:1343?AfxUriFormat()
 afxString.c:403?AfxStringFormatArg()
 afxString.c:405?AfxStringFormatArg()
 afxString.c:406?AfxStringFormatArg()
 afxString.c:407?AfxStringFormatArg()
 afxString.c:409?AfxStringFormatArg()
 afxUri.c:1144?AfxUriNormalize()
 afxUri.c:1148?AfxUriNormalize()
 afxUri.c:683?AfxUriExcerptPathRW()
 afxString.c:616?AfxStringWrapLiteralRW()
 afxString.c:617?AfxStringWrapLiteralRW()
 afxUri.c:709?AfxUriExcerptQuery()
 afxString.c:643?AfxStringReset()
 afxUri.c:727?AfxUriExcerptFragment()
 afxString.c:643?AfxStringReset()
 afxString.c:361?AfxStringUpdate()
 afxString.c:370?AfxStringUpdate()
 afxString.c:375?AfxStringUpdate()
 afxString.c:377?AfxStringUpdate()
 afxString.c:379?AfxStringUpdate()
 afxString.c:382?AfxStringUpdate()
 afxString.c:383?AfxStringUpdate()
 afxModule.c:71?AfxSystemAcquireModule(sys=0069f080,uri=system/e2coree.dll)
 afxObject.c:280?AfxObjectAssert()
 afxObject.c:281?AfxObjectAssert()
 afxObject.c:282?AfxObjectAssert()
 afxObject.c:158?AfxObjectTestFcc()
 afxObject.c:205?AfxObjectGetClass()
 afxModule.c:75?AfxSystemAcquireModule()
 afxUri.c:581?AfxUriExcerptPath()
 afxString.c:603?AfxStringWrapLiteral()
 afxString.c:604?AfxStringWrapLiteral()
 afxObject.c:280?AfxObjectAssert()
 afxObject.c:281?AfxObjectAssert()
 afxObject.c:282?AfxObjectAssert()
 afxObject.c:158?AfxObjectTestFcc()
 afxObject.c:205?AfxObjectGetClass()
 afxClass.c:113?AfxClassGetObjectCount()
 afxObject.c:280?AfxObjectAssert()
 afxObject.c:281?AfxObjectAssert()
 afxObject.c:282?AfxObjectAssert()
 afxObject.c:158?AfxObjectTestFcc()
 afxObject.c:205?AfxObjectGetClass()
 afxClass.c:707?AfxClassAcquireObjects()
 afxClass.c:708?AfxClassAcquireObjects()
 afxClass.c:709?AfxClassAcquireObjects()
 afxClass.c:340?AfxClassAllocateObjects()
 afxClass.c:342?AfxClassAllocateObjects()
 afxClass.c:343?AfxClassAllocateObjects()
 afxClass<afxModule>::AllocateObjects(1, 0030ddd8, 0030de18)
 afxMemory.c:608?AfxAllocate()
 afxMemory.c:609?AfxAllocate()
 afxClass.c:537?AfxClassBuildObjects()
 afxClass.c:539?AfxClassBuildObjects()
 afxClass.c:540?AfxClassBuildObjects()
 afxClass<afxModule>::BuildObjects(1, 0030ddd8, 0030e074)
 afxClass.c:547?AfxClassBuildObjects()
 afxMemory.c:471?AfxZero()
 afxMemory.c:472?AfxZero()
 afxMemory.c:459?AfxFill()
 afxMemory.c:460?AfxFill()
 afxMemory.c:465?AfxFill()
 afxMemory.c:465?AfxFill()
 afxMemory.c:465?AfxFill()
 afxMemory.c:465?AfxFill()
 afxMemory.c:465?AfxFill()
 afxMemory.c:465?AfxFill()
 afxMemory.c:465?AfxFill()
 afxMemory.c:465?AfxFill()
 afxMemory.c:465?AfxFill()
 afxMemory.c:465?AfxFill()
 afxMemory.c:465?AfxFill()
 afxMemory.c:465?AfxFill()
 afxMemory.c:465?AfxFill()
 afxMemory.c:465?AfxFill()
 afxMemory.c:465?AfxFill()
 afxMemory.c:465?AfxFill()
 afxMemory.c:465?AfxFill()
 afxMemory.c:465?AfxFill()
 afxMemory.c:465?AfxFill()
 afxMemory.c:465?AfxFill()
 afxMemory.c:465?AfxFill()
 afxMemory.c:465?AfxFill()
 afxMemory.c:465?AfxFill()
 afxMemory.c:465?AfxFill()
 afxMemory.c:465?AfxFill()
 afxMemory.c:465?AfxFill()
 afxMemory.c:465?AfxFill()
 afxMemory.c:465?AfxFill()
 afxMemory.c:465?AfxFill()
 afxMemory.c:465?AfxFill()
 afxMemory.c:465?AfxFill()
 afxMemory.c:465?AfxFill()
 afxMemory.c:465?AfxFill()
 afxMemory.c:465?AfxFill()
 afxMemory.c:465?AfxFill()
 afxMemory.c:465?AfxFill()
 afxMemory.c:465?AfxFill()
 afxMemory.c:465?AfxFill()
 afxMemory.c:465?AfxFill()
 afxMemory.c:465?AfxFill()
 afxMemory.c:465?AfxFill()
 afxMemory.c:465?AfxFill()
 afxMemory.c:465?AfxFill()
 afxMemory.c:465?AfxFill()
 afxMemory.c:465?AfxFill()
 afxMemory.c:465?AfxFill()
 afxMemory.c:465?AfxFill()
 afxMemory.c:465?AfxFill()
 afxMemory.c:465?AfxFill()
 afxMemory.c:465?AfxFill()
 afxMemory.c:465?AfxFill()
 afxMemory.c:465?AfxFill()
 afxLinkedList.c:67?AfxLinkageDeploy()
 afxLinkedList.c:315?AfxDeployList()
 afxLinkedList.c:236?AfxGetListHead()
 afxLinkedList.c:315?AfxDeployList()
 afxLinkedList.c:236?AfxGetListHead()
 afxLinkedList.c:67?AfxLinkageDeploy()
 afxClass.c:513?_AfxClsRunSubsetCtor()
 afxClass<afxModule>::ConstructObject(006a3aa0)
 afxObject.c:280?AfxObjectAssert()
 afxObject.c:281?AfxObjectAssert()
 afxObject.c:282?AfxObjectAssert()
 afxObject.c:158?AfxObjectTestFcc()
 afxObject.c:205?AfxObjectGetClass()
 afxModule.c:136?_AfxMdleCtor(uri:system/e2coree.dll)
 afxObject.c:280?AfxObjectAssert()
 afxObject.c:281?AfxObjectAssert()
 afxObject.c:282?AfxObjectAssert()
 afxObject.c:158?AfxObjectTestFcc()
 afxObject.c:205?AfxObjectGetClass()
 afxObject.c:239?AfxObjectGetProvider()
 afxObject.c:280?AfxObjectAssert()
 afxObject.c:281?AfxObjectAssert()
 afxObject.c:282?AfxObjectAssert()
 afxObject.c:158?AfxObjectTestFcc()
 afxObject.c:205?AfxObjectGetClass()
 afxObject.c:280?AfxObjectAssert()
 afxObject.c:281?AfxObjectAssert()
 afxObject.c:282?AfxObjectAssert()
 afxObject.c:158?AfxObjectTestFcc()
 afxObject.c:205?AfxObjectGetClass()
 afxObject.c:280?AfxObjectAssert()
 afxObject.c:281?AfxObjectAssert()
 afxObject.c:282?AfxObjectAssert()
 afxObject.c:158?AfxObjectTestFcc()
 afxObject.c:205?AfxObjectGetClass()
 afxObject.c:280?AfxObjectAssert()
 afxObject.c:281?AfxObjectAssert()
 afxObject.c:282?AfxObjectAssert()
 afxObject.c:158?AfxObjectTestFcc()
 afxObject.c:205?AfxObjectGetClass()
 afxObject.c:280?AfxObjectAssert()
 afxObject.c:281?AfxObjectAssert()
 afxObject.c:282?AfxObjectAssert()
 afxObject.c:158?AfxObjectTestFcc()
 afxObject.c:205?AfxObjectGetClass()
 afxModule.c:144?_AfxMdleCtor()
 afxUri.c:1418?AfxUriReset()
 afxString.c:643?AfxStringReset()
 afxObject.c:280?AfxObjectAssert()
 afxObject.c:281?AfxObjectAssert()
 afxObject.c:282?AfxObjectAssert()
 afxObject.c:158?AfxObjectTestFcc()
 afxObject.c:205?AfxObjectGetClass()
 afxFileSystem.c:206?AfxFileSystemResolveUri()
 afxFileSystem.c:208?AfxFileSystemResolveUri()
 afxFileSystem.c:209?AfxFileSystemResolveUri()
 afxUri.c:581?AfxUriExcerptPath()
 afxString.c:603?AfxStringWrapLiteral()
 afxString.c:604?AfxStringWrapLiteral()
 afxUri.c:505?AfxUriExcerptDirectory()
 afxString.c:603?AfxStringWrapLiteral()
 afxString.c:604?AfxStringWrapLiteral()
 afxUri.c:523?AfxUriExcerptFile()
 afxString.c:603?AfxStringWrapLiteral()
 afxString.c:604?AfxStringWrapLiteral()
 afxString.c:603?AfxStringWrapLiteral()
 afxString.c:604?AfxStringWrapLiteral()
 afxString.c:197?AfxStringDifferRange()
 afxString.c:199?AfxStringDifferRange()
 afxString.c:197?AfxStringDifferRange()
 afxString.c:199?AfxStringDifferRange()
 afxString.c:197?AfxStringDifferRange()
 afxString.c:199?AfxStringDifferRange()
 afxString.c:197?AfxStringDifferRange()
 afxString.c:199?AfxStringDifferRange()
 afxUri.c:1338?AfxUriFormat()
 ERR afxUri.c:1338?AfxUriFormat
    
 ERR afxUri.c:1338?AfxUriFormat
    (uri->str.flags & _AFX_STR_FLAG_BUFFERED)
    Invalid