
 afxDebug.c:363?AfxAttachDebugTerminal()
      ::::::::  :::       :::     :::     :::::::::  :::::::::   ::::::::      
     :+:    :+: :+:       :+:   :+: :+:   :+:    :+: :+:    :+: :+:    :+:     
     +:+    +:+ +:+       +:+  +:+   +:+  +:+    +:+ +:+    +:+ +:+    +:+     
     +#+    +:+ +#+  +:+  +#+ +#++:++#++: +#+    +:+ +#++:++#:  +#+    +:+     
     +#+  # +#+ +#+ +#+#+ +#+ +#+     +#+ +#+    +#+ +#+    +#+ +#+    +#+     
     #+#   +#+   #+#+# #+#+#  #+#     #+# #+#    #+# #+#    #+# #+#    #+#     
      ###### ###  ###   ###   ###     ### #########  ###    ###  ########      
                                                                               
             S I G M A   C O . ,   T E C H N O L O G Y   G R O U P             
                                                                             
                                    4D AFX                                   
                              Public Test Build                              
                     (c) 2017 SIGMA Co., Technology Group                    
                               www.sigmaco.org                               
                                                                             
                                                                             
 afxClass<afxSystem>::Mount(0f147e00, 00000000, 00000000, 0f125684)
 afxClass<afxSystem>::AllocateObjects(1, 003eeea0, 003eeeb0)
 afxClass<afxSystem>::BuildObjects(1, 003eeea0, 00000000)
 afxClass<afxSystem>::ConstructObject(001ff080)
 afxSystem.c:814?_AfxSysCtor(sys=001ff080)
 ADV afxSystem.c:830?_AfxSysCtor
    Memoy page size: 4096
 ADV afxSystem.c:831?_AfxSysCtor
    Logical processor count: 2
 afxClass<afxMemory>::Mount(001ff0cc, 001ff0b4, 00000000, 0f129ae0)
 afxClass<Memory Arena>::Mount(001ff18c, 001ff0b4, 001ff0cc, 0f129460)
 afxMemory.c:259?AfxSystemAcquireMemory(sys=001ff080,strategy=003edfa0,hint="afxSystem.c:849!_AfxSysCtor")
 afxClass<afxMemory>::AllocateObjects(1, 003ede54, 003ede64)
 afxClass<afxMemory>::BuildObjects(1, 003ede54, 003ede48)
 afxClass<afxMemory>::ConstructObject(001ff8c0)
 afxMemory.c:317?_AfxMemCtor(mem=001ff8c0)
 afxClass<afxThread>::Mount(001ff24c, 001ff0b4, 00000000, 0f125d58)
 afxClass<afxFileSystem>::Mount(001ff30c, 001ff0b4, 00000000, 0f127214)
 afxFileSystem.c:597?AfxSystemAcquireFileSystem(Afx.System.AcquireFileSystem(001ff080,6,003ee14c))
 afxClass<afxFileSystem>::AllocateObjects(1, 003ede3c, 003ede4c)
 afxClass<afxFileSystem>::BuildObjects(1, 003ede3c, 003edf70)
 afxClass<afxFileSystem>::ConstructObject(001fff00)
 afxFileSystem.c:656?_AfxFsysCtor(fsys=001fff00)
 afxClass<afxStream>::Mount(001fff50, 001fff38, 00000000, 0f128634)
 afxClass<afxFile>::Mount(00200010, 001fff38, 001fff50, 0f126f90)
 afxClass<afxArchive>::Mount(002000d0, 001fff38, 00200010, 0f126934)
 afxClass<afxResource>::Mount(00200310, 001fff38, 00000000, 0f128494)
 afxClass<afxXml>::Mount(00200190, 001fff38, 00000000, 0f128b2c)
 afxClass<afxUrd>::Mount(00200250, 001fff38, 00000000, 0f128a4c)
 afxFileSystem.c:396?AfxFileSystemMountStoragePoints(Afx.FileSystem.MountStoragePoints(001fff00,6,003ee14c))
 Point "." 5 mounted -> "E:/qwadro/afx".
 Point "system" 5 mounted -> "E:/qwadro/afx/system32".
 Point "sound" 5 mounted -> "E:/qwadro/afx/sound".
 Point "tmp" 7 mounted -> "E:/qwadro/afx/tmp".
 Point "data" 5 mounted -> "E:/qwadro/afx/data".
 Point "art" 5 mounted -> "E:/qwadro/afx/art".
 afxClass<afxModule>::Mount(001ff3cc, 001ff0b4, 00000000, 0f123f08)
 afxModule.c:71?AfxSystemAcquireModule(sys=001ff080,uri=system/e2coree.dll)
 afxClass<afxModule>::AllocateObjects(1, 003ede08, 003ede3c)
 afxClass<afxModule>::BuildObjects(1, 003ede08, 003ee084)
 afxClass<afxModule>::ConstructObject(00203b10)
 afxModule.c:140?_AfxMdleCtor(uri:system/e2coree.dll)
 afxClass<afxHid>::Mount(001ff48c, 001ff0b4, 00000000, 0f12772c)
 afxClass<afxKeyboard>::Mount(001ff54c, 001ff0b4, 001ff48c, 0f12802c)
 afxClass<afxMouse>::Mount(001ff60c, 001ff0b4, 001ff48c, 0f1281ec)
 afxClass<afxDrawSystem>::Mount(001ff6cc, 001ff0b4, 00000000, 0f12d328)
 afxClass<afxApplication>::Mount(001ff78c, 001ff0b4, 00000000, 0f123000)
 afxKeyboard.c:165?AfxSystemAcquireKeyboard(sys=001ff080,port=0)
 afxClass<afxKeyboard>::AllocateObjects(1, 003ede60, 003ede70)
 afxClass<afxKeyboard>::BuildObjects(1, 003ede60, 003ede58)
 afxClass<afxKeyboard, afxHid>ConstructingObject(00201980)
 afxClass<afxHid>::ConstructObject(00201980)
 afxHid.c:75?_AfxHidCtor(hid=00201980)
 afxClass<afxKeyboard>::ConstructObject(00201980)
 afxKeyboard.c:221?_AfxKbdCtor(kbd=00201980)
 afxDrawSystem.c:317?AfxSystemAcquireDrawSystem(sys=001ff080)
 afxClass<afxDrawSystem>::AllocateObjects(1, 003eee9c, 003eeeac)
 afxClass<afxDrawSystem>::BuildObjects(1, 003eee9c, 003eefa0)
 afxClass<afxDrawSystem>::ConstructObject(00203c30)
 afxDrawSystem.c:415?_AfxDsysCtor(dsys=00203c30)
 afxClass<afxDrawDriver>::Mount(00203c78, 00203c64, 00000000, 0f12be20)
New texture codec registered.
Name: SIGGL
Author: SIGMA Technology Group
Version: 0.5.1
Note: 
    :::::::::::     :::     :::::::::   ::::::::      :::        
        :+:       :+: :+:   :+:    :+: :+:    :+:   :+: :+:      
        +:+      +:+   +:+  +:+    +:+ +:+         +:+   +:+     
        +#+     +#++:++#++: +#++:++#:  :#:        +#++:++#++:    
        +#+     +#+     +#+ +#+    +#+ +#+   +#+# +#+     +#+    
        #+#     #+#     #+# #+#    #+# #+#    #+# #+#     #+#    
        ###     ###     ### ###    ###  ########  ###     ###    
                                                                 
                      SIGMA Technology Group                     
 Truecolor Targa texture serializer installed!
 afxModule.c:71?AfxSystemAcquireModule(sys=001ff080,uri=e2draw.icd)
 afxClass<afxModule>::AllocateObjects(1, 003ee9d0, 003eea04)
 afxClass<afxModule>::BuildObjects(1, 003ee9d0, 003eeae4)
 afxClass<afxModule>::ConstructObject(00203e70)
 afxModule.c:140?_AfxMdleCtor(uri:e2draw.icd)
 Listing mem available display devices...

 #0 = Intel(R) HD Graphics (\\.\DISPLAY1) 8000005
 #1 = RDPDD Chained DD (\\.\DISPLAYV1) 200008
 #2 = RDP Encoder Mirror Driver (\\.\DISPLAYV2) 200008
 #3 = RDP Reflector Display Driver (\\.\DISPLAYV3) 200008
 sglDriver.c:1281?_SglCreateCombinedDeviceContext(oglWndClss=002057d0,shareCtx=00000000,phwnd=00205800,phdc=00205804,phrc=0020580c)
 sglDriver.c:786?_SglLoadVmt(vmt=00205810,verMajor=1,verMinor=0)
 glCullFace @ 0 found.
 glFrontFace @ 1 found.
 glHint @ 2 found.
 glLineWidth @ 3 found.
 glPointSize @ 4 found.
 glPolygonMode @ 5 found.
 glScissor @ 6 found.
 glTexParameterf @ 7 found.
 glTexParameterfv @ 8 found.
 glTexParameteri @ 9 found.
 glTexParameteriv @ 10 found.
 glTexImage1D @ 11 found.
 glTexImage2D @ 12 found.
 glDrawBuffer @ 13 found.
 glClear @ 14 found.
 glClearColor @ 15 found.
 glClearStencil @ 16 found.
 glClearDepth @ 17 found.
 glStencilMask @ 18 found.
 glColorMask @ 19 found.
 glDepthMask @ 20 found.
 glDisable @ 21 found.
 glEnable @ 22 found.
 glFinish @ 23 found.
 glFlush @ 24 found.
 glBlendFunc @ 25 found.
 glLogicOp @ 26 found.
 glStencilFunc @ 27 found.
 glStencilOp @ 28 found.
 glDepthFunc @ 29 found.
 glPixelStoref @ 30 found.
 glPixelStorei @ 31 found.
 glReadBuffer @ 32 found.
 glReadPixels @ 33 found.
 glGetBooleanv @ 34 found.
 glGetDoublev @ 35 found.
 glGetError @ 36 found.
 glGetFloatv @ 37 found.
 glGetIntegerv @ 38 found.
 glGetString @ 39 found.
 glGetTexImage @ 40 found.
 glGetTexParameterfv @ 41 found.
 glGetTexParameteriv @ 42 found.
 glGetTexLevelParameterfv @ 43 found.
 glGetTexLevelParameteriv @ 44 found.
 glIsEnabled @ 45 found.
 glDepthRange @ 46 found.
 glViewport @ 47 found.
 sglDriver.c:786?_SglLoadVmt(vmt=00205810,verMajor=4,verMinor=6)
 glCullFace @ 0 found.
 glFrontFace @ 1 found.
 glHint @ 2 found.
 glLineWidth @ 3 found.
 glPointSize @ 4 found.
 glPolygonMode @ 5 found.
 glScissor @ 6 found.
 glTexParameterf @ 7 found.
 glTexParameterfv @ 8 found.
 glTexParameteri @ 9 found.
 glTexParameteriv @ 10 found.
 glTexImage1D @ 11 found.
 glTexImage2D @ 12 found.
 glDrawBuffer @ 13 found.
 glClear @ 14 found.
 glClearColor @ 15 found.
 glClearStencil @ 16 found.
 glClearDepth @ 17 found.
 glStencilMask @ 18 found.
 glColorMask @ 19 found.
 glDepthMask @ 20 found.
 glDisable @ 21 found.
 glEnable @ 22 found.
 glFinish @ 23 found.
 glFlush @ 24 found.
 glBlendFunc @ 25 found.
 glLogicOp @ 26 found.
 glStencilFunc @ 27 found.
 glStencilOp @ 28 found.
 glDepthFunc @ 29 found.
 glPixelStoref @ 30 found.
 glPixelStorei @ 31 found.
 glReadBuffer @ 32 found.
 glReadPixels @ 33 found.
 glGetBooleanv @ 34 found.
 glGetDoublev @ 35 found.
 glGetError @ 36 found.
 glGetFloatv @ 37 found.
 glGetIntegerv @ 38 found.
 glGetString @ 39 found.
 glGetTexImage @ 40 found.
 glGetTexParameterfv @ 41 found.
 glGetTexParameteriv @ 42 found.
 glGetTexLevelParameterfv @ 43 found.
 glGetTexLevelParameteriv @ 44 found.
 glIsEnabled @ 45 found.
 glDepthRange @ 46 found.
 glViewport @ 47 found.
 glDrawArrays @ 48 found.
 glDrawElements @ 49 found.
 glGetPointerv @ 50 found.
 glPolygonOffset @ 51 found.
 glCopyTexImage1D @ 52 found.
 glCopyTexImage2D @ 53 found.
 glCopyTexSubImage1D @ 54 found.
 glCopyTexSubImage2D @ 55 found.
 glTexSubImage1D @ 56 found.
 glTexSubImage2D @ 57 found.
 glBindTexture @ 58 found.
 glDeleteTextures @ 59 found.
 glGenTextures @ 60 found.
 glIsTexture @ 61 found.
 glDrawRangeElements @ 62 found.
 glTexImage3D @ 63 found.
 glTexSubImage3D @ 64 found.
 glCopyTexSubImage3D @ 65 found.
 glActiveTexture @ 66 found.
 glSampleCoverage @ 67 found.
 glCompressedTexImage3D @ 68 found.
 glCompressedTexImage2D @ 69 found.
 glCompressedTexImage1D @ 70 found.
 glCompressedTexSubImage3D @ 71 found.
 glCompressedTexSubImage2D @ 72 found.
 glCompressedTexSubImage1D @ 73 found.
 glGetCompressedTexImage @ 74 found.
 glBlendFuncSeparate @ 75 found.
 glMultiDrawArrays @ 76 found.
 glMultiDrawElements @ 77 found.
 glPointParameterf @ 78 found.
 glPointParameterfv @ 79 found.
 glPointParameteri @ 80 found.
 glPointParameteriv @ 81 found.
 glBlendColor @ 82 found.
 glBlendEquation @ 83 found.
 glGenQueries @ 84 found.
 glDeleteQueries @ 85 found.
 glIsQuery @ 86 found.
 glBeginQuery @ 87 found.
 glEndQuery @ 88 found.
 glGetQueryiv @ 89 found.
 glGetQueryObjectiv @ 90 found.
 glGetQueryObjectuiv @ 91 found.
 glBindBuffer @ 92 found.
 glDeleteBuffers @ 93 found.
 glGenBuffers @ 94 found.
 glIsBuffer @ 95 found.
 glBufferData @ 96 found.
 glBufferSubData @ 97 found.
 glGetBufferSubData @ 98 found.
 glMapBuffer @ 99 found.
 glUnmapBuffer @ 100 found.
 glGetBufferParameteriv @ 101 found.
 glGetBufferPointerv @ 102 found.
 glBlendEquationSeparate @ 103 found.
 glDrawBuffers @ 104 found.
 glStencilOpSeparate @ 105 found.
 glStencilFuncSeparate @ 106 found.
 glStencilMaskSeparate @ 107 found.
 glAttachShader @ 108 found.
 glBindAttribLocation @ 109 found.
 glCompileShader @ 110 found.
 glCreateProgram @ 111 found.
 glCreateShader @ 112 found.
 glDeleteProgram @ 113 found.
 glDeleteShader @ 114 found.
 glDetachShader @ 115 found.
 glDisableVertexAttribArray @ 116 found.
 glEnableVertexAttribArray @ 117 found.
 glGetActiveAttrib @ 118 found.
 glGetActiveUniform @ 119 found.
 glGetAttachedShaders @ 120 found.
 glGetAttribLocation @ 121 found.
 glGetProgramiv @ 122 found.
 glGetProgramInfoLog @ 123 found.
 glGetShaderiv @ 124 found.
 glGetShaderInfoLog @ 125 found.
 glGetShaderSource @ 126 found.
 glGetUniformLocation @ 127 found.
 glGetUniformfv @ 128 found.
 glGetUniformiv @ 129 found.
 glGetVertexAttribdv @ 130 found.
 glGetVertexAttribfv @ 131 found.
 glGetVertexAttribiv @ 132 found.
 glGetVertexAttribPointerv @ 133 found.
 glIsProgram @ 134 found.
 glIsShader @ 135 found.
 glLinkProgram @ 136 found.
 glShaderSource @ 137 found.
 glUseProgram @ 138 found.
 glUniform1f @ 139 found.
 glUniform2f @ 140 found.
 glUniform3f @ 141 found.
 glUniform4f @ 142 found.
 glUniform1i @ 143 found.
 glUniform2i @ 144 found.
 glUniform3i @ 145 found.
 glUniform4i @ 146 found.
 glUniform1fv @ 147 found.
 glUniform2fv @ 148 found.
 glUniform3fv @ 149 found.
 glUniform4fv @ 150 found.
 glUniform1iv @ 151 found.
 glUniform2iv @ 152 found.
 glUniform3iv @ 153 found.
 glUniform4iv @ 154 found.
 glUniformMatrix2fv @ 155 found.
 glUniformMatrix3fv @ 156 found.
 glUniformMatrix4fv @ 157 found.
 glValidateProgram @ 158 found.
 glVertexAttrib1d @ 159 found.
 glVertexAttrib1dv @ 160 found.
 glVertexAttrib1f @ 161 found.
 glVertexAttrib1fv @ 162 found.
 glVertexAttrib1s @ 163 found.
 glVertexAttrib1sv @ 164 found.
 glVertexAttrib2d @ 165 found.
 glVertexAttrib2dv @ 166 found.
 glVertexAttrib2f @ 167 found.
 glVertexAttrib2fv @ 168 found.
 glVertexAttrib2s @ 169 found.
 glVertexAttrib2sv @ 170 found.
 glVertexAttrib3d @ 171 found.
 glVertexAttrib3dv @ 172 found.
 glVertexAttrib3f @ 173 found.
 glVertexAttrib3fv @ 174 found.
 glVertexAttrib3s @ 175 found.
 glVertexAttrib3sv @ 176 found.
 glVertexAttrib4Nbv @ 177 found.
 glVertexAttrib4Niv @ 178 found.
 glVertexAttrib4Nsv @ 179 found.
 glVertexAttrib4Nub @ 180 found.
 glVertexAttrib4Nubv @ 181 found.
 glVertexAttrib4Nuiv @ 182 found.
 glVertexAttrib4Nusv @ 183 found.
 glVertexAttrib4bv @ 184 found.
 glVertexAttrib4d @ 185 found.
 glVertexAttrib4dv @ 186 found.
 glVertexAttrib4f @ 187 found.
 glVertexAttrib4fv @ 188 found.
 glVertexAttrib4iv @ 189 found.
 glVertexAttrib4s @ 190 found.
 glVertexAttrib4sv @ 191 found.
 glVertexAttrib4ubv @ 192 found.
 glVertexAttrib4uiv @ 193 found.
 glVertexAttrib4usv @ 194 found.
 glVertexAttribPointer @ 195 found.
 glUniformMatrix2x3fv @ 196 found.
 glUniformMatrix3x2fv @ 197 found.
 glUniformMatrix2x4fv @ 198 found.
 glUniformMatrix4x2fv @ 199 found.
 glUniformMatrix3x4fv @ 200 found.
 glUniformMatrix4x3fv @ 201 found.
 glColorMaski @ 202 found.
 glGetBooleani_v @ 203 found.
 glGetIntegeri_v @ 204 found.
 glEnablei @ 205 found.
 glDisablei @ 206 found.
 glIsEnabledi @ 207 found.
 glBeginTransformFeedback @ 208 found.
 glEndTransformFeedback @ 209 found.
 glBindBufferRange @ 210 found.
 glBindBufferBase @ 211 found.
 glTransformFeedbackVaryings @ 212 found.
 glGetTransformFeedbackVarying @ 213 found.
 glClampColor @ 214 found.
 glBeginConditionalRender @ 215 found.
 glEndConditionalRender @ 216 found.
 glVertexAttribIPointer @ 217 found.
 glGetVertexAttribIiv @ 218 found.
 glGetVertexAttribIuiv @ 219 found.
 glVertexAttribI1i @ 220 found.
 glVertexAttribI2i @ 221 found.
 glVertexAttribI3i @ 222 found.
 glVertexAttribI4i @ 223 found.
 glVertexAttribI1ui @ 224 found.
 glVertexAttribI2ui @ 225 found.
 glVertexAttribI3ui @ 226 found.
 glVertexAttribI4ui @ 227 found.
 glVertexAttribI1iv @ 228 found.
 glVertexAttribI2iv @ 229 found.
 glVertexAttribI3iv @ 230 found.
 glVertexAttribI4iv @ 231 found.
 glVertexAttribI1uiv @ 232 found.
 glVertexAttribI2uiv @ 233 found.
 glVertexAttribI3uiv @ 234 found.
 glVertexAttribI4uiv @ 235 found.
 glVertexAttribI4bv @ 236 found.
 glVertexAttribI4sv @ 237 found.
 glVertexAttribI4ubv @ 238 found.
 glVertexAttribI4usv @ 239 found.
 glGetUniformuiv @ 240 found.
 glBindFragDataLocation @ 241 found.
 glGetFragDataLocation @ 242 found.
 glUniform1ui @ 243 found.
 glUniform2ui @ 244 found.
 glUniform3ui @ 245 found.
 glUniform4ui @ 246 found.
 glUniform1uiv @ 247 found.
 glUniform2uiv @ 248 found.
 glUniform3uiv @ 249 found.
 glUniform4uiv @ 250 found.
 glTexParameterIiv @ 251 found.
 glTexParameterIuiv @ 252 found.
 glGetTexParameterIiv @ 253 found.
 glGetTexParameterIuiv @ 254 found.
 glClearBufferiv @ 255 found.
 glClearBufferuiv @ 256 found.
 glClearBufferfv @ 257 found.
 glClearBufferfi @ 258 found.
 glGetStringi @ 259 found.
 glIsRenderbuffer @ 260 found.
 glBindRenderbuffer @ 261 found.
 glDeleteRenderbuffers @ 262 found.
 glGenRenderbuffers @ 263 found.
 glRenderbufferStorage @ 264 found.
 glGetRenderbufferParameteriv @ 265 found.
 glIsFramebuffer @ 266 found.
 glBindFramebuffer @ 267 found.
 glDeleteFramebuffers @ 268 found.
 glGenFramebuffers @ 269 found.
 glCheckFramebufferStatus @ 270 found.
 glFramebufferTexture1D @ 271 found.
 glFramebufferTexture2D @ 272 found.
 glFramebufferTexture3D @ 273 found.
 glFramebufferRenderbuffer @ 274 found.
 glGetFramebufferAttachmentParameteriv @ 275 found.
 glGenerateMipmap @ 276 found.
 glBlitFramebuffer @ 277 found.
 glRenderbufferStorageMultisample @ 278 found.
 glFramebufferTextureLayer @ 279 found.
 glMapBufferRange @ 280 found.
 glFlushMappedBufferRange @ 281 found.
 glBindVertexArray @ 282 found.
 glDeleteVertexArrays @ 283 found.
 glGenVertexArrays @ 284 found.
 glIsVertexArray @ 285 found.
 glDrawArraysInstanced @ 286 found.
 glDrawElementsInstanced @ 287 found.
 glTexBuffer @ 288 found.
 glPrimitiveRestartIndex @ 289 found.
 glCopyBufferSubData @ 290 found.
 glGetUniformIndices @ 291 found.
 glGetActiveUniformsiv @ 292 found.
 glGetActiveUniformName @ 293 found.
 glGetUniformBlockIndex @ 294 found.
 glGetActiveUniformBlockiv @ 295 found.
 glGetActiveUniformBlockName @ 296 found.
 glUniformBlockBinding @ 297 found.
 glDrawElementsBaseVertex @ 298 found.
 glDrawRangeElementsBaseVertex @ 299 found.
 glDrawElementsInstancedBaseVertex @ 300 found.
 glMultiDrawElementsBaseVertex @ 301 found.
 glProvokingVertex @ 302 found.
 glFenceSync @ 303 found.
 glIsSync @ 304 found.
 glDeleteSync @ 305 found.
 glClientWaitSync @ 306 found.
 glWaitSync @ 307 found.
 glGetInteger64v @ 308 found.
 glGetSynciv @ 309 found.
 glGetInteger64i_v @ 310 found.
 glGetBufferParameteri64v @ 311 found.
 glFramebufferTexture @ 312 found.
 glTexImage2DMultisample @ 313 found.
 glTexImage3DMultisample @ 314 found.
 glGetMultisamplefv @ 315 found.
 glSampleMaski @ 316 found.
 glBindFragDataLocationIndexed @ 317 found.
 glGetFragDataIndex @ 318 found.
 glGenSamplers @ 319 found.
 glDeleteSamplers @ 320 found.
 glIsSampler @ 321 found.
 glBindSampler @ 322 found.
 glSamplerParameteri @ 323 found.
 glSamplerParameteriv @ 324 found.
 glSamplerParameterf @ 325 found.
 glSamplerParameterfv @ 326 found.
 glSamplerParameterIiv @ 327 found.
 glSamplerParameterIuiv @ 328 found.
 glGetSamplerParameteriv @ 329 found.
 glGetSamplerParameterIiv @ 330 found.
 glGetSamplerParameterfv @ 331 found.
 glGetSamplerParameterIuiv @ 332 found.
 glQueryCounter @ 333 found.
 glGetQueryObjecti64v @ 334 found.
 glGetQueryObjectui64v @ 335 found.
 glVertexAttribDivisor @ 336 found.
 glVertexAttribP1ui @ 337 found.
 glVertexAttribP1uiv @ 338 found.
 glVertexAttribP2ui @ 339 found.
 glVertexAttribP2uiv @ 340 found.
 glVertexAttribP3ui @ 341 found.
 glVertexAttribP3uiv @ 342 found.
 glVertexAttribP4ui @ 343 found.
 glVertexAttribP4uiv @ 344 found.
 glMinSampleShading @ 345 found.
 glBlendEquationi @ 346 found.
 glBlendEquationSeparatei @ 347 found.
 glBlendFunci @ 348 found.
 glBlendFuncSeparatei @ 349 found.
 glDrawArraysIndirect @ 350 found.
 glDrawElementsIndirect @ 351 found.
 glUniform1d @ 352 found.
 glUniform2d @ 353 found.
 glUniform3d @ 354 found.
 glUniform4d @ 355 found.
 glUniform1dv @ 356 found.
 glUniform2dv @ 357 found.
 glUniform3dv @ 358 found.
 glUniform4dv @ 359 found.
 glUniformMatrix2dv @ 360 found.
 glUniformMatrix3dv @ 361 found.
 glUniformMatrix4dv @ 362 found.
 glUniformMatrix2x3dv @ 363 found.
 glUniformMatrix2x4dv @ 364 found.
 glUniformMatrix3x2dv @ 365 found.
 glUniformMatrix3x4dv @ 366 found.
 glUniformMatrix4x2dv @ 367 found.
 glUniformMatrix4x3dv @ 368 found.
 glGetUniformdv @ 369 found.
 glGetSubroutineUniformLocation @ 370 found.
 glGetSubroutineIndex @ 371 found.
 glGetActiveSubroutineUniformiv @ 372 found.
 glGetActiveSubroutineUniformName @ 373 found.
 glGetActiveSubroutineName @ 374 found.
 glUniformSubroutinesuiv @ 375 found.
 glGetUniformSubroutineuiv @ 376 found.
 glGetProgramStageiv @ 377 found.
 glPatchParameteri @ 378 found.
 glPatchParameterfv @ 379 found.
 glBindTransformFeedback @ 380 found.
 glDeleteTransformFeedbacks @ 381 found.
 glGenTransformFeedbacks @ 382 found.
 glIsTransformFeedback @ 383 found.
 glPauseTransformFeedback @ 384 found.
 glResumeTransformFeedback @ 385 found.
 glDrawTransformFeedback @ 386 found.
 glDrawTransformFeedbackStream @ 387 found.
 glBeginQueryIndexed @ 388 found.
 glEndQueryIndexed @ 389 found.
 glGetQueryIndexediv @ 390 found.
 glReleaseShaderCompiler @ 391 found.
 glShaderBinary @ 392 found.
 glGetShaderPrecisionFormat @ 393 found.
 glDepthRangef @ 394 found.
 glClearDepthf @ 395 found.
 glGetProgramBinary @ 396 found.
 glProgramBinary @ 397 found.
 glProgramParameteri @ 398 found.
 glUseProgramStages @ 399 found.
 glActiveShaderProgram @ 400 found.
 glCreateShaderProgramv @ 401 found.
 glBindProgramPipeline @ 402 found.
 glDeleteProgramPipelines @ 403 found.
 glGenProgramPipelines @ 404 found.
 glIsProgramPipeline @ 405 found.
 glGetProgramPipelineiv @ 406 found.
 glProgramUniform1i @ 407 found.
 glProgramUniform1iv @ 408 found.
 glProgramUniform1f @ 409 found.
 glProgramUniform1fv @ 410 found.
 glProgramUniform1d @ 411 found.
 glProgramUniform1dv @ 412 found.
 glProgramUniform1ui @ 413 found.
 glProgramUniform1uiv @ 414 found.
 glProgramUniform2i @ 415 found.
 glProgramUniform2iv @ 416 found.
 glProgramUniform2f @ 417 found.
 glProgramUniform2fv @ 418 found.
 glProgramUniform2d @ 419 found.
 glProgramUniform2dv @ 420 found.
 glProgramUniform2ui @ 421 found.
 glProgramUniform2uiv @ 422 found.
 glProgramUniform3i @ 423 found.
 glProgramUniform3iv @ 424 found.
 glProgramUniform3f @ 425 found.
 glProgramUniform3fv @ 426 found.
 glProgramUniform3d @ 427 found.
 glProgramUniform3dv @ 428 found.
 glProgramUniform3ui @ 429 found.
 glProgramUniform3uiv @ 430 found.
 glProgramUniform4i @ 431 found.
 glProgramUniform4iv @ 432 found.
 glProgramUniform4f @ 433 found.
 glProgramUniform4fv @ 434 found.
 glProgramUniform4d @ 435 found.
 glProgramUniform4dv @ 436 found.
 glProgramUniform4ui @ 437 found.
 glProgramUniform4uiv @ 438 found.
 glProgramUniformMatrix2fv @ 439 found.
 glProgramUniformMatrix3fv @ 440 found.
 glProgramUniformMatrix4fv @ 441 found.
 glProgramUniformMatrix2dv @ 442 found.
 glProgramUniformMatrix3dv @ 443 found.
 glProgramUniformMatrix4dv @ 444 found.
 glProgramUniformMatrix2x3fv @ 445 found.
 glProgramUniformMatrix3x2fv @ 446 found.
 glProgramUniformMatrix2x4fv @ 447 found.
 glProgramUniformMatrix4x2fv @ 448 found.
 glProgramUniformMatrix3x4fv @ 449 found.
 glProgramUniformMatrix4x3fv @ 450 found.
 glProgramUniformMatrix2x3dv @ 451 found.
 glProgramUniformMatrix3x2dv @ 452 found.
 glProgramUniformMatrix2x4dv @ 453 found.
 glProgramUniformMatrix4x2dv @ 454 found.
 glProgramUniformMatrix3x4dv @ 455 found.
 glProgramUniformMatrix4x3dv @ 456 found.
 glValidateProgramPipeline @ 457 found.
 glGetProgramPipelineInfoLog @ 458 found.
 glVertexAttribL1d @ 459 found.
 glVertexAttribL2d @ 460 found.
 glVertexAttribL3d @ 461 found.
 glVertexAttribL4d @ 462 found.
 glVertexAttribL1dv @ 463 found.
 glVertexAttribL2dv @ 464 found.
 glVertexAttribL3dv @ 465 found.
 glVertexAttribL4dv @ 466 found.
 glVertexAttribLPointer @ 467 found.
 glGetVertexAttribLdv @ 468 found.
 glViewportArrayv @ 469 found.
 glViewportIndexedf @ 470 found.
 glViewportIndexedfv @ 471 found.
 glScissorArrayv @ 472 found.
 glScissorIndexed @ 473 found.
 glScissorIndexedv @ 474 found.
 glDepthRangeArrayv @ 475 found.
 glDepthRangeIndexed @ 476 found.
 glGetFloati_v @ 477 found.
 glGetDoublei_v @ 478 found.
 glDrawArraysInstancedBaseInstance @ 479 found.
 glDrawElementsInstancedBaseInstance @ 480 found.
 glDrawElementsInstancedBaseVertexBaseInstance @ 481 found.
 glGetInternalformativ @ 482 found.
 glGetActiveAtomicCounterBufferiv @ 483 found.
 glBindImageTexture @ 484 found.
 glMemoryBarrier @ 485 found.
 glTexStorage1D @ 486 found.
 glTexStorage2D @ 487 found.
 glTexStorage3D @ 488 found.
 glDrawTransformFeedbackInstanced @ 489 found.
 glDrawTransformFeedbackStreamInstanced @ 490 found.
 glDispatchCompute @ 493 found.
 glDispatchComputeIndirect @ 494 found.
 glFramebufferParameteri @ 496 found.
 glGetFramebufferParameteriv @ 497 found.
 glGetInternalformati64v @ 498 found.
 glInvalidateFramebuffer @ 503 found.
 glInvalidateSubFramebuffer @ 504 found.
 glMultiDrawArraysIndirect @ 505 found.
 glMultiDrawElementsIndirect @ 506 found.
 glGetProgramInterfaceiv @ 507 found.
 glGetProgramResourceIndex @ 508 found.
 glGetProgramResourceName @ 509 found.
 glGetProgramResourceiv @ 510 found.
 glGetProgramResourceLocation @ 511 found.
 glGetProgramResourceLocationIndex @ 512 found.
 glShaderStorageBlockBinding @ 513 found.
 glTexBufferRange @ 514 found.
 glTexStorage2DMultisample @ 515 found.
 glTexStorage3DMultisample @ 516 found.
 glBindVertexBuffer @ 518 found.
 glVertexAttribFormat @ 519 found.
 glVertexAttribIFormat @ 520 found.
 glVertexAttribLFormat @ 521 found.
 glVertexAttribBinding @ 522 found.
 glVertexBindingDivisor @ 523 found.
 glDebugMessageControl @ 524 found.
 glDebugMessageInsert @ 525 found.
 glDebugMessageCallback @ 526 found.
 glGetDebugMessageLog @ 527 found.
 glPushDebugGroup @ 528 found.
 glPopDebugGroup @ 529 found.
 glObjectLabel @ 530 found.
 glGetObjectLabel @ 531 found.
 glObjectPtrLabel @ 532 found.
 glGetObjectPtrLabel @ 533 found.
 glBufferStorage @ 534 found.
 glClipControl @ 543 found.
 glNamedBufferStorage @ 551 found.
 glTextureBufferRange @ 589 found.
 glTextureParameteri @ 606 found.
 glMemoryBarrierByRegion @ 641 found.
 glGetGraphicsResetStatus @ 644 found.
 glGetnCompressedTexImage @ 645 found.
 glGetnTexImage @ 646 found.
 glGetnUniformdv @ 647 found.
 glGetnUniformfv @ 648 found.
 glGetnUniformiv @ 649 found.
 glGetnUniformuiv @ 650 found.
 glReadnPixels @ 651 found.
 afxDrawDriver.c:77?AfxDrawSystemRegisterDriver(dsys=00203c30,mdle=00203e70,spec=003ee6d8)
 afxClass<afxDrawDriver>::AllocateObjects(1, 003ee5d8, 003ee5e8)
 afxClass<afxDrawDriver>::BuildObjects(1, 003ee5d8, 003ee5cc)
 afxClass<afxDrawDriver>::ConstructObject(00ebab40)
 afxDrawDriver.c:138?_AfxDdrvCtor(ddrv=00ebab40)
 afxClass<Draw Context>::Mount(00ebab88, 00ebab74, 00000000, 003ee24c)
New draw driver registered.
Name: 4DGL
Author: SIGMA Technology Group
Version: 0.7.2
Note: 
     .::::         :::::::::         ::::::::        :::        
    :+:+:+         :+:    :+:       :+:    :+:       :+:        
   +:+ +:+         +:+    +:+       +:+              +:+        
  +#+  +:+         +#+    +:+       :#:              +#+        
 +#+#+#+#+#+       +#+    +#+       +#+   +#+#       +#+        
       #+#         #+#    #+#       #+#    #+#       #+#        
       ###         #########         ########        ########## 
 Loading draw ICDs...
 afxModule.c:71?AfxSystemAcquireModule(sys=001ff080,uri=e2draw.icd)
 afxModule.c:71?AfxSystemAcquireModule(sys=001ff080,uri=e2newton.icd)
 afxClass<afxModule>::AllocateObjects(1, 003ee7f0, 003ee824)
 afxClass<afxModule>::BuildObjects(1, 003ee7f0, 003ee8d4)
 afxClass<afxModule>::ConstructObject(00edc330)
 afxModule.c:140?_AfxMdleCtor(uri:e2newton.icd)
 afxDrawContext.c:309?AfxDrawSystemAcquireContext(dsys=00203c30,spec=003eef64)
 afxClass<Draw Context>::AllocateObjects(1, 003eee68, 003eee78)
 afxClass<Draw Context>::BuildObjects(1, 003eee68, 003eee60)
 afxClass<Draw Context>::ConstructObject(00efef50)
 sglDrawContext.c:258?_AfxDctxCtor(dctx=00efef50)
 afxClass<afxDrawScript>::Mount(00eff7d8, 00efef84, 00000000, 5035ff68)
 afxClass<afxDrawInput>::Mount(00eff898, 00efef84, 00000000, 5035f83c)
 afxClass<afxDrawQueue>::Mount(00eff958, 00efef84, 00000000, 003eeabc)
 afxClass<afxBuffer>::Mount(00efef98, 00efef84, 00000000, 5035e020)
 afxClass<afxVertexBuffer>::Mount(00eff058, 00efef84, 00efef98, 003eeabc)
 afxClass<afxIndexBuffer>::Mount(00eff118, 00efef84, 00efef98, 003eeabc)
 afxClass<afxSampler>::Mount(00eff1d8, 00efef84, 00000000, 5036481c)
 afxClass<afxTexture>::Mount(00eff298, 00efef84, 00000000, 50364ccc)
 afxClass<afxSurface>::Mount(00eff358, 00efef84, 00eff298, 50364994)
 afxClass<afxCanvas>::Mount(00eff418, 00efef84, 00000000, 5035e468)
 afxClass<afxShader>::Mount(00eff4d8, 00efef84, 00000000, 503645ac)
 afxClass<afxPipeline>::Mount(00eff598, 00efef84, 00000000, 503641c0)
 afxClass<afxDrawOperation>::Mount(00eff718, 00efef84, 00000000, 0f12c0a8)
 afxClass<afxLego>::Mount(00eff658, 00efef84, 00000000, 50363fc4)
 afxClass<afxDrawOutput>::Mount(00effa18, 00efef84, 00000000, 5035fb6c)
 afxDrawQueue.c:47?AfxDrawContextAcquireQueue(dctx=00efef50)
 afxClass<afxDrawQueue>::AllocateObjects(1, 003ee998, 003ee9b4)
 afxClass<afxDrawQueue>::BuildObjects(1, 003ee998, 003eeab4)
 afxClass<afxDrawQueue>::ConstructObject(0301a550)
 sglDrawQueue.c:1826?_AfxDqueCtor(dque=0301a550)
 Uploading draw operation 'data/pipeline/rgbaToRgba.xml'
 afxXml.c:1047?AfxFileSystemLoadXml(uri=data/pipeline/rgbaToRgba.xml)
 afxClass<afxXml>::AllocateObjects(1, 003ede60, 003ede70)
 afxClass<afxXml>::BuildObjects(1, 003ede60, 003ede58)
 afxClass<afxXml>::ConstructObject(02fff860)
 afxXml.c:1006?_AfxXmlCtor(uri:data/pipeline/rgbaToRgba.xml)
 afxFile.c:279?AfxFileSystemOpenFile(Afx.FileSystem.OpenFile(001fff00,00000001,data/pipeline/rgbaToRgba.xml))
 afxClass<afxFile>::AllocateObjects(1, 003edad0, 003edae0)
 afxClass<afxFile>::BuildObjects(1, 003edad0, 003edabc)
 afxClass<afxFile, afxStream>ConstructingObject(00ed4160)
 afxClass<afxStream>::ConstructObject(00ed4160)
 afxClass<afxFile>::ConstructObject(00ed4160)
 afxClass<afxFile>::DismantleObjects(1, 003edb34)
 Destructing instance 00ed4160 of afxFile class.
 Destructing instance 00ed4160 of afxFile : afxStream class.
 Destructing instance 00ed4160 of afxStream class.
 afxClass<afxFile>::DeallocateObjects(1, 003edb34)
 afxClass<afxDrawOperation>::AllocateObjects(1, 0301bb88, 003ede4c)
 afxClass<afxDrawOperation>::BuildObjects(1, 0301bb88, 003ee0cc)
 afxClass<afxDrawOperation>::ConstructObject(02ffedc0)
 afxDrawOperation.c:665?_AfxDopCtor(dop=02ffedc0)
 afxPipeline.c:341?AfxDrawContextBuildPipelines(dctx=00efef50)
 afxClass<afxPipeline>::AllocateObjects(1, 00eba888, 003ed7f4)
 afxClass<afxPipeline>::BuildObjects(1, 00eba888, 003ed8e0)
 afxClass<afxPipeline>::ConstructObject(0301bbf0)
 sglPipeline.c:517?_AfxPipCtor(pip=0301bbf0)
 afxShader.c:537?AfxDrawContextAcquireShaders(dctx=00efef50,cnt=1,uri=002bb6d0,shd=003ed270)
 Uploading shader 'data/pipeline/rgbaToRgba.xml?vs'
 afxXml.c:1047?AfxFileSystemLoadXml(uri=data/pipeline/rgbaToRgba.xml)
 afxClass<afxXml>::AllocateObjects(1, 003ecb18, 003ecb28)
 afxClass<afxXml>::BuildObjects(1, 003ecb18, 003ecb10)
 afxClass<afxXml>::ConstructObject(0301bed0)
 afxXml.c:1006?_AfxXmlCtor(uri:data/pipeline/rgbaToRgba.xml)
 afxFile.c:279?AfxFileSystemOpenFile(Afx.FileSystem.OpenFile(001fff00,00000001,data/pipeline/rgbaToRgba.xml))
 afxClass<afxFile>::AllocateObjects(1, 003ec788, 003ec798)
 afxClass<afxFile>::BuildObjects(1, 003ec788, 003ec774)
 afxClass<afxFile, afxStream>ConstructingObject(0301bf60)
 afxClass<afxStream>::ConstructObject(0301bf60)
 afxClass<afxFile>::ConstructObject(0301bf60)
 afxClass<afxFile>::DismantleObjects(1, 003ec7ec)
 Destructing instance 0301bf60 of afxFile class.
 Destructing instance 0301bf60 of afxFile : afxStream class.
 Destructing instance 0301bf60 of afxStream class.
 afxClass<afxFile>::DeallocateObjects(1, 003ec7ec)
 afxFile.c:300?AfxFileSystemOpenReadableFile(Afx.FileSystem.OpenReadableFile(001fff00,data/pipeline/stdEnv.inc))
 afxClass<afxFile>::AllocateObjects(1, 003ec87c, 003ec88c)
 afxClass<afxFile>::BuildObjects(1, 003ec87c, 003ec868)
 afxClass<afxFile, afxStream>ConstructingObject(00efec10)
 afxClass<afxStream>::ConstructObject(00efec10)
 afxClass<afxFile>::ConstructObject(00efec10)
 afxClass<afxFile>::DismantleObjects(1, 003ec8dc)
 Destructing instance 00efec10 of afxFile class.
 Destructing instance 00efec10 of afxFile : afxStream class.
 Destructing instance 00efec10 of afxStream class.
 afxClass<afxFile>::DeallocateObjects(1, 003ec8dc)
 afxShader.c:376?AfxDrawContextBuildShaders(dctx=00efef50,cnt=1,blueprint=003ece0c,shd=003ed270)
 afxClass<afxShader>::AllocateObjects(1, 003ed270, 003ecaf8)
 afxClass<afxShader>::BuildObjects(1, 003ed270, 003ece0c)
 afxClass<afxShader>::ConstructObject(00efec10)
 sglShader.c:272?_AfxShdCtor(shd=00efec10)
 #version 330 core // QWADRO. Engineered by SIGMA Technology Group.

#define afxInt int
#define afxNat uint

#define afxReal float

#define afxV2d vec2
#define afxV3d vec3
#define afxV4d vec4

#define afxM2d mat2
#define afxM3d mat3
#define afxM4d mat4

        
        layout(location = 0) in vec2 a_xy;

        out block
        {
            vec2 uv0;
        } sgl_v;

        void main()
        {
            gl_Position = vec4(a_xy, 0.0, 1.0);
            sgl_v.uv0 = vec2(gl_Position.xy * 0.5 + 0.5).xy;
        }
       
 afxClass<afxXml>::DismantleObjects(1, 003ecb7c)
 Destructing instance 0301bed0 of afxXml class.
 afxXml.c:983?_AfxXmlDtor(xml=0301bed0)
 afxClass<afxXml>::DeallocateObjects(1, 003ecb7c)
 afxObject<00efec10>::InstallEventFilter(0301bbf0)
 afxShader.c:537?AfxDrawContextAcquireShaders(dctx=00efef50,cnt=1,uri=002bb770,shd=003ed270)
 Uploading shader 'data/pipeline/rgbaToRgba.xml?fs'
 afxXml.c:1047?AfxFileSystemLoadXml(uri=data/pipeline/rgbaToRgba.xml)
 afxClass<afxXml>::AllocateObjects(1, 003ecb18, 003ecb28)
 afxClass<afxXml>::BuildObjects(1, 003ecb18, 003ecb10)
 afxClass<afxXml>::ConstructObject(0301bed0)
 afxXml.c:1006?_AfxXmlCtor(uri:data/pipeline/rgbaToRgba.xml)
 afxFile.c:279?AfxFileSystemOpenFile(Afx.FileSystem.OpenFile(001fff00,00000001,data/pipeline/rgbaToRgba.xml))
 afxClass<afxFile>::AllocateObjects(1, 003ec788, 003ec798)
 afxClass<afxFile>::BuildObjects(1, 003ec788, 003ec774)
 afxClass<afxFile, afxStream>ConstructingObject(0301a0b0)
 afxClass<afxStream>::ConstructObject(0301a0b0)
 afxClass<afxFile>::ConstructObject(0301a0b0)
 afxClass<afxFile>::DismantleObjects(1, 003ec7ec)
 Destructing instance 0301a0b0 of afxFile class.
 Destructing instance 0301a0b0 of afxFile : afxStream class.
 Destructing instance 0301a0b0 of afxStream class.
 afxClass<afxFile>::DeallocateObjects(1, 003ec7ec)
 afxFile.c:300?AfxFileSystemOpenReadableFile(Afx.FileSystem.OpenReadableFile(001fff00,data/pipeline/stdEnv.inc))
 afxClass<afxFile>::AllocateObjects(1, 003ec87c, 003ec88c)
 afxClass<afxFile>::BuildObjects(1, 003ec87c, 003ec868)
 afxClass<afxFile, afxStream>ConstructingObject(0301a0b0)
 afxClass<afxStream>::ConstructObject(0301a0b0)
 afxClass<afxFile>::ConstructObject(0301a0b0)
 afxClass<afxFile>::DismantleObjects(1, 003ec8dc)
 Destructing instance 0301a0b0 of afxFile class.
 Destructing instance 0301a0b0 of afxFile : afxStream class.
 Destructing instance 0301a0b0 of afxStream class.
 afxClass<afxFile>::DeallocateObjects(1, 003ec8dc)
 afxShader.c:376?AfxDrawContextBuildShaders(dctx=00efef50,cnt=1,blueprint=003ece0c,shd=003ed270)
 afxClass<afxShader>::AllocateObjects(1, 003ed270, 003ecaf8)
 afxClass<afxShader>::BuildObjects(1, 003ed270, 003ece0c)
 afxClass<afxShader>::ConstructObject(0301a0b0)
 sglShader.c:272?_AfxShdCtor(shd=0301a0b0)
 #version 330 core // QWADRO. Engineered by SIGMA Technology Group.

#define afxInt int
#define afxNat uint

#define afxReal float

#define afxV2d vec2
#define afxV3d vec3
#define afxV4d vec4

#define afxM2d mat2
#define afxM3d mat3
#define afxM4d mat4

        
        uniform sampler2D samp;

        in block
        {
            vec2 uv0;
        } sgl_v;

        out vec4 sgl_rgba;

        void main()
        {
            sgl_rgba = texture(samp, sgl_v.uv0);
        }
       
 afxClass<afxXml>::DismantleObjects(1, 003ecb7c)
 Destructing instance 0301bed0 of afxXml class.
 afxXml.c:983?_AfxXmlDtor(xml=0301bed0)
 afxClass<afxXml>::DeallocateObjects(1, 003ecb7c)
 afxObject<0301a0b0>::InstallEventFilter(0301bbf0)
 afxLego.c:185?AfxDrawContextBuildLegos(dctx=00efef50)
 afxClass<afxLego>::AllocateObjects(1, 00eb7cf4, 003ed0cc)
 afxClass<afxLego>::BuildObjects(1, 00eb7cf4, 003ed408)
 afxClass<afxLego>::ConstructObject(0301bed0)
 sglLego.c:299?_AfxLegtCtor(legt=0301bed0)
 afxPipeline.c:341?AfxDrawContextBuildPipelines(dctx=00efef50)
 afxClass<afxPipeline>::AllocateObjects(1, 00eba8e8, 003ed7f4)
 afxClass<afxPipeline>::BuildObjects(1, 00eba8e8, 003ed8e0)
 afxClass<afxPipeline>::ConstructObject(002bb6d0)
 sglPipeline.c:517?_AfxPipCtor(pip=002bb6d0)
 afxShader.c:537?AfxDrawContextAcquireShaders(dctx=00efef50,cnt=1,uri=0301a220,shd=003ed270)
 Uploading shader 'data/pipeline/rgbaToRgba.xml?vsFlippedY'
 afxXml.c:1047?AfxFileSystemLoadXml(uri=data/pipeline/rgbaToRgba.xml)
 afxClass<afxXml>::AllocateObjects(1, 003ecb18, 003ecb28)
 afxClass<afxXml>::BuildObjects(1, 003ecb18, 003ecb10)
 afxClass<afxXml>::ConstructObject(002bb9b0)
 afxXml.c:1006?_AfxXmlCtor(uri:data/pipeline/rgbaToRgba.xml)
 afxFile.c:279?AfxFileSystemOpenFile(Afx.FileSystem.OpenFile(001fff00,00000001,data/pipeline/rgbaToRgba.xml))
 afxClass<afxFile>::AllocateObjects(1, 003ec788, 003ec798)
 afxClass<afxFile>::BuildObjects(1, 003ec788, 003ec774)
 afxClass<afxFile, afxStream>ConstructingObject(00effe30)
 afxClass<afxStream>::ConstructObject(00effe30)
 afxClass<afxFile>::ConstructObject(00effe30)
 afxClass<afxFile>::DismantleObjects(1, 003ec7ec)
 Destructing instance 00effe30 of afxFile class.
 Destructing instance 00effe30 of afxFile : afxStream class.
 Destructing instance 00effe30 of afxStream class.
 afxClass<afxFile>::DeallocateObjects(1, 003ec7ec)
 afxFile.c:300?AfxFileSystemOpenReadableFile(Afx.FileSystem.OpenReadableFile(001fff00,data/pipeline/stdEnv.inc))
 afxClass<afxFile>::AllocateObjects(1, 003ec87c, 003ec88c)
 afxClass<afxFile>::BuildObjects(1, 003ec87c, 003ec868)
 afxClass<afxFile, afxStream>ConstructingObject(00effe30)
 afxClass<afxStream>::ConstructObject(00effe30)
 afxClass<afxFile>::ConstructObject(00effe30)
 afxClass<afxFile>::DismantleObjects(1, 003ec8dc)
 Destructing instance 00effe30 of afxFile class.
 Destructing instance 00effe30 of afxFile : afxStream class.
 Destructing instance 00effe30 of afxStream class.
 afxClass<afxFile>::DeallocateObjects(1, 003ec8dc)
 afxShader.c:376?AfxDrawContextBuildShaders(dctx=00efef50,cnt=1,blueprint=003ece0c,shd=003ed270)
 afxClass<afxShader>::AllocateObjects(1, 003ed270, 003ecaf8)
 afxClass<afxShader>::BuildObjects(1, 003ed270, 003ece0c)
 afxClass<afxShader>::ConstructObject(00effe30)
 sglShader.c:272?_AfxShdCtor(shd=00effe30)
 #version 330 core // QWADRO. Engineered by SIGMA Technology Group.

#define afxInt int
#define afxNat uint

#define afxReal float

#define afxV2d vec2
#define afxV3d vec3
#define afxV4d vec4

#define afxM2d mat2
#define afxM3d mat3
#define afxM4d mat4

        
        const mat4 m = mat4(1, 0, 0, 0, 0, -1, 0, 0, 0, 0, 1, 0, 0, 0, 0, 1);
        
        layout(location = 0) in vec2 a_xy;
        
        out block
        {
            vec2 uv0;
        } sgl_v;

        void main()
        {
            gl_Position = vec4(a_xy, 0.0, 1.0);
            sgl_v.uv0 = vec2(m * vec4(gl_Position.xy * 0.5 + 0.5, 0, 1)).xy;
        }
       
 afxClass<afxXml>::DismantleObjects(1, 003ecb7c)
 Destructing instance 002bb9b0 of afxXml class.
 afxXml.c:983?_AfxXmlDtor(xml=002bb9b0)
 afxClass<afxXml>::DeallocateObjects(1, 003ecb7c)
 afxObject<00effe30>::InstallEventFilter(002bb6d0)
 afxShader.c:537?AfxDrawContextAcquireShaders(dctx=00efef50,cnt=1,uri=00effd90,shd=003ed270)
 Uploading shader 'data/pipeline/rgbaToRgba.xml?fs'
 afxXml.c:1047?AfxFileSystemLoadXml(uri=data/pipeline/rgbaToRgba.xml)
 afxClass<afxXml>::AllocateObjects(1, 003ecb18, 003ecb28)
 afxClass<afxXml>::BuildObjects(1, 003ecb18, 003ecb10)
 afxClass<afxXml>::ConstructObject(002bb9b0)
 afxXml.c:1006?_AfxXmlCtor(uri:data/pipeline/rgbaToRgba.xml)
 afxFile.c:279?AfxFileSystemOpenFile(Afx.FileSystem.OpenFile(001fff00,00000001,data/pipeline/rgbaToRgba.xml))
 afxClass<afxFile>::AllocateObjects(1, 003ec788, 003ec798)
 afxClass<afxFile>::BuildObjects(1, 003ec788, 003ec774)
 afxClass<afxFile, afxStream>ConstructingObject(002ba400)
 afxClass<afxStream>::ConstructObject(002ba400)
 afxClass<afxFile>::ConstructObject(002ba400)
 afxClass<afxFile>::DismantleObjects(1, 003ec7ec)
 Destructing instance 002ba400 of afxFile class.
 Destructing instance 002ba400 of afxFile : afxStream class.
 Destructing instance 002ba400 of afxStream class.
 afxClass<afxFile>::DeallocateObjects(1, 003ec7ec)
 afxFile.c:300?AfxFileSystemOpenReadableFile(Afx.FileSystem.OpenReadableFile(001fff00,data/pipeline/stdEnv.inc))
 afxClass<afxFile>::AllocateObjects(1, 003ec87c, 003ec88c)
 afxClass<afxFile>::BuildObjects(1, 003ec87c, 003ec868)
 afxClass<afxFile, afxStream>ConstructingObject(002ba400)
 afxClass<afxStream>::ConstructObject(002ba400)
 afxClass<afxFile>::ConstructObject(002ba400)
 afxClass<afxFile>::DismantleObjects(1, 003ec8dc)
 Destructing instance 002ba400 of afxFile class.
 Destructing instance 002ba400 of afxFile : afxStream class.
 Destructing instance 002ba400 of afxStream class.
 afxClass<afxFile>::DeallocateObjects(1, 003ec8dc)
 afxShader.c:376?AfxDrawContextBuildShaders(dctx=00efef50,cnt=1,blueprint=003ece0c,shd=003ed270)
 afxClass<afxShader>::AllocateObjects(1, 003ed270, 003ecaf8)
 afxClass<afxShader>::BuildObjects(1, 003ed270, 003ece0c)
 afxClass<afxShader>::ConstructObject(002ba400)
 sglShader.c:272?_AfxShdCtor(shd=002ba400)
 #version 330 core // QWADRO. Engineered by SIGMA Technology Group.

#define afxInt int
#define afxNat uint

#define afxReal float

#define afxV2d vec2
#define afxV3d vec3
#define afxV4d vec4

#define afxM2d mat2
#define afxM3d mat3
#define afxM4d mat4

        
        uniform sampler2D samp;

        in block
        {
            vec2 uv0;
        } sgl_v;

        out vec4 sgl_rgba;

        void main()
        {
            sgl_rgba = texture(samp, sgl_v.uv0);
        }
       
 afxClass<afxXml>::DismantleObjects(1, 003ecb7c)
 Destructing instance 002bb9b0 of afxXml class.
 afxXml.c:983?_AfxXmlDtor(xml=002bb9b0)
 afxClass<afxXml>::DeallocateObjects(1, 003ecb7c)
 afxObject<002ba400>::InstallEventFilter(002bb6d0)
 afxLego.c:185?AfxDrawContextBuildLegos(dctx=00efef50)
 afxClass<afxLego>::AllocateObjects(1, 00eb7f34, 003ed0cc)
 afxClass<afxLego>::BuildObjects(1, 00eb7f34, 003ed408)
 afxClass<afxLego>::ConstructObject(02fc0010)
 sglLego.c:299?_AfxLegtCtor(legt=02fc0010)
 afxClass<afxXml>::DismantleObjects(1, 003edec4)
 Destructing instance 02fff860 of afxXml class.
 afxXml.c:983?_AfxXmlDtor(xml=02fff860)
 afxClass<afxXml>::DeallocateObjects(1, 003edec4)
 afxSampler.c:47?AfxDrawContextAcquireSamplers(dctx=00efef50,spec=003ee640)
 afxClass<afxSampler>::AllocateObjects(1, 0301bb8c, 003ee304)
 afxClass<afxSampler>::BuildObjects(1, 0301bb8c, 003ee640)
 afxClass<afxSampler>::ConstructObject(002bb9b0)
 sglSampler.c:184?_AfxSmpCtor(smp=002bb9b0)
 afxClass<afxVertexBuffer>::AllocateObjects(1, 0301bb90, 003ee358)
 afxClass<afxVertexBuffer>::BuildObjects(1, 0301bb90, 003ee330)
 afxClass<afxVertexBuffer, afxBuffer>ConstructingObject(0301a220)
 afxClass<afxBuffer>::ConstructObject(0301a220)
 sglBuffer.c:467?_AfxBufCtor(buf=0301a220)
 afxClass<afxVertexBuffer>::ConstructObject(0301a220)
 afxVertexBuffer.c:350?_AfxVbufCtor(vbuf=0301a220)
 afxApplication.c:372?AfxSystemAcquireApplication(sys=003eef64,spec=00efef50)
 afxClass<afxApplication>::AllocateObjects(1, 003eee94, 003eeea4)
 afxClass<afxApplication>::BuildObjects(1, 003eee94, 003eef34)
 afxClass<afxApplication>::ConstructObject(03093a80)
 afxApplication.c:422?_AfxAppCtor(app=03093a80)
 afxMouse.c:249?AfxSystemAcquireMouse(sys=001ff080,port=0)
 afxClass<afxMouse>::AllocateObjects(1, 003eea7c, 003eea8c)
 afxClass<afxMouse>::BuildObjects(1, 003eea7c, 003eea74)
 afxClass<afxMouse, afxHid>ConstructingObject(030062a0)
 afxClass<afxHid>::ConstructObject(030062a0)
 afxHid.c:75?_AfxHidCtor(hid=030062a0)
 afxClass<afxMouse>::ConstructObject(030062a0)
 afxMouse.c:304?_AfxMseCtor(mse=030062a0)
 afxDrawInput.c:102?AfxDrawContextAcquireInput(dctx=00efef50,spec=003eeb50)
 afxClass<afxDrawInput>::AllocateObjects(1, 003eea64, 003eea80)
 afxClass<afxDrawInput>::BuildObjects(1, 003eea64, 003eeb50)
 afxClass<afxDrawInput>::ConstructObject(002ba560)
 sglDrawInput.c:321?_AfxDinCtor(din=002ba560)
 afxArena.c:822?AfxSystemAcquireArena(sys=001ff080,strategy=003ee6dc,hint="sglDrawInput.c:357!_AfxDinCtor")
 afxClass<Memory Arena>::AllocateObjects(1, 003ee628, 003ee638)
 afxClass<Memory Arena>::BuildObjects(1, 003ee628, 003ee61c)
 afxClass<Memory Arena, afxMemory>ConstructingObject(03093d40)
 afxClass<afxMemory>::ConstructObject(03093d40)
 afxMemory.c:317?_AfxMemCtor(mem=03093d40)
 afxClass<Memory Arena>::ConstructObject(03093d40)
 afxArena.c:799?_AfxArenCtor(aren=03093d40)
 afxClass<afxWidget>::Mount(03093b58, 03093ab4, 00000000, 0f131a90)
 afxClass<afxSimulation>::Mount(03093c18, 03093ab4, 00000000, 0f1326dc)
 afxApplication.c:322?AfxApplicationExecute(app=03093a80)
 Sandbox.c:84?AfxEnterApplication(app=03093a80)
 afxSimulation.c:437?AfxApplicationAcquireSimulation(app=03093a80,bounding=[[0.000000,0.000000,0.000000,1.000000],[0.000000,0.000000,0.000000,1.000000]])
 afxClass<afxSimulation>::AllocateObjects(1, 003eebf8, 003eec08)
 afxClass<afxSimulation>::BuildObjects(1, 003eebf8, 003eebf0)
 afxClass<afxSimulation>::ConstructObject(02f2a1c0)
 afxSimulation.c:355?_AfxSimCtor(sim=02f2a1c0)
 afxMemory.c:259?AfxSystemAcquireMemory(sys=001ff080,strategy=003ee888,hint="afxSimulation.c:377!_AfxSimCtor")
 afxClass<afxMemory>::AllocateObjects(1, 003ee77c, 003ee78c)
 afxClass<afxMemory>::BuildObjects(1, 003ee77c, 003ee770)
 afxClass<afxMemory>::ConstructObject(03093600)
 afxMemory.c:317?_AfxMemCtor(mem=03093600)
 afxClass<afxMaterial>::Mount(02f2a5c8, 02f2a1f4, 00000000, 0f133684)
 afxClass<afxMesh>::Mount(02f2a688, 02f2a1f4, 00000000, 0f133a80)
 afxClass<afxNode>::Mount(02f2a8c8, 02f2a1f4, 00000000, 0f133040)
 afxClass<afxSkeleton>::Mount(02f2a808, 02f2a1f4, 00000000, 0f132adc)
 afxClass<afxModel>::Mount(02f2a748, 02f2a1f4, 00000000, 0f134214)
 afxClass<afxBody>::Mount(02f2a208, 02f2a1f4, 00000000, 0f131d10)
 afxClass<afxBodyControl>::Mount(02f2a2c8, 02f2a1f4, 00000000, 0f131e38)
 afxClass<afxEntity>::Mount(02f2a388, 02f2a1f4, 02f2a8c8, 0f132248)
 afxClass<afxCamera>::Mount(02f2a448, 02f2a1f4, 02f2a8c8, 0f131f6c)
 afxClass<afxLight>::Mount(02f2a508, 02f2a1f4, 02f2a8c8, 0f13232c)
 afxClass<afxRenderer>::Mount(02f2a988, 02f2a1f4, 00000000, 0f1346f8)
 afxDrawOutput.c:137?AfxDrawContextAcquireOutput(dctx=00efef50,spec=003eedf0)
 afxClass<afxDrawOutput>::AllocateObjects(1, 003eec28, 003eec44)
 afxClass<afxDrawOutput>::BuildObjects(1, 003eec28, 003eedf0)
 afxClass<afxDrawOutput>::ConstructObject(02fc2000)
 sglDrawOutput.c:524?_AfxDoutCtor(dout=02fc2000)
 afxSurface.c:12?AfxDrawContextAcquireSurface(dctx=00efef50,fmt=4,whd=[1280,720,1],usage=16)
 ADV afxTexture.c:52?AfxTextureBlueprintBegin
    texb->fcc == AFX_FCC_TEXB
 afxClass<afxSurface>::AllocateObjects(1, 003ee308, 003ee324)
 afxClass<afxSurface>::BuildObjects(1, 003ee308, 003ee330)
 afxClass<afxSurface, afxTexture>ConstructingObject(02fcdf00)
 afxClass<afxTexture>::ConstructObject(02fcdf00)
 sglTexture.c:1030?_AfxTexCtor(tex=02fcdf00)
 afxClass<afxSurface>::ConstructObject(02fcdf00)
 sglSurface.c:131?_AfxSurfCtor(surf=02fcdf00)
 afxSurface.c:12?AfxDrawContextAcquireSurface(dctx=00efef50,fmt=4,whd=[1280,720,1],usage=16)
 ADV afxTexture.c:52?AfxTextureBlueprintBegin
    texb->fcc == AFX_FCC_TEXB
 afxClass<afxSurface>::AllocateObjects(1, 003ee308, 003ee324)
 afxClass<afxSurface>::BuildObjects(1, 003ee308, 003ee330)
 afxClass<afxSurface, afxTexture>ConstructingObject(02f2ab50)
 afxClass<afxTexture>::ConstructObject(02f2ab50)
 sglTexture.c:1030?_AfxTexCtor(tex=02f2ab50)
 afxClass<afxSurface>::ConstructObject(02f2ab50)
 sglSurface.c:131?_AfxSurfCtor(surf=02f2ab50)
 sglDrawOutput.c:476?_AfxStdDoutImplCtor(dout=02fc2000,uri=window)
 sglDrawOutput.c:324?_AfxStdDoutImplCtorWnd(dout=02fc2000)
 Extent readjusted. (dout)02fc2000 -> 1272, 0.000000 of 4244889606; 693 0.000000 of 1743383795
 afxClass<afxRenderer>::AllocateObjects(1, 010a503c, 003eec50)
 afxClass<afxRenderer>::BuildObjects(1, 010a503c, 00000000)
 afxClass<afxRenderer>::ConstructObject(02fce020)
 afxRenderer.c:320?_AfxRndCtor(rnd=02fce020)
 afxDrawInput.c:102?AfxDrawContextAcquireInput(dctx=00efef50,spec=003ee958)
 afxClass<afxDrawInput>::AllocateObjects(1, 003eddc0, 003edddc)
 afxClass<afxDrawInput>::BuildObjects(1, 003eddc0, 003ee958)
 afxClass<afxDrawInput>::ConstructObject(02fc7a50)
 sglDrawInput.c:321?_AfxDinCtor(din=02fc7a50)
 afxArena.c:822?AfxSystemAcquireArena(sys=001ff080,strategy=003eda38,hint="sglDrawInput.c:357!_AfxDinCtor")
 afxClass<Memory Arena>::AllocateObjects(1, 003ed984, 003ed994)
 afxClass<Memory Arena>::BuildObjects(1, 003ed984, 003ed978)
 afxClass<Memory Arena, afxMemory>ConstructingObject(02fc7ba0)
 afxClass<afxMemory>::ConstructObject(02fc7ba0)
 afxMemory.c:317?_AfxMemCtor(mem=02fc7ba0)
 afxClass<Memory Arena>::ConstructObject(02fc7ba0)
 afxArena.c:799?_AfxArenCtor(aren=02fc7ba0)
 ADV afxTexture.c:52?AfxTextureBlueprintBegin
    texb->fcc == AFX_FCC_TEXB
 afxTexture.c:442?AfxDrawContextBuildTextures(dctx=00efef50,cnt=1,blueprint=003ee440,tex=02fd0188)
 afxClass<afxTexture>::AllocateObjects(1, 02fd0188, 003eddac)
 afxClass<afxTexture>::BuildObjects(1, 02fd0188, 003ee440)
 afxClass<afxTexture>::ConstructObject(02fd3540)
 sglTexture.c:1030?_AfxTexCtor(tex=02fd3540)
 afxFile.c:279?AfxFileSystemOpenFile(Afx.FileSystem.OpenFile(001fff00,00000001,art/skybox/day/right.tga))
 afxClass<afxFile>::AllocateObjects(1, 003ed604, 003ed614)
 afxClass<afxFile>::BuildObjects(1, 003ed604, 003ed5f0)
 afxClass<afxFile, afxStream>ConstructingObject(02fd3640)
 afxClass<afxStream>::ConstructObject(02fd3640)
 afxClass<afxFile>::ConstructObject(02fd3640)
 afxClass<afxFile>::DismantleObjects(1, 003ed668)
 Destructing instance 02fd3640 of afxFile class.
 Destructing instance 02fd3640 of afxFile : afxStream class.
 Destructing instance 02fd3640 of afxStream class.
 afxClass<afxFile>::DeallocateObjects(1, 003ed668)
 afxFile.c:279?AfxFileSystemOpenFile(Afx.FileSystem.OpenFile(001fff00,00000001,art/skybox/day/left.tga))
 afxClass<afxFile>::AllocateObjects(1, 003ed604, 003ed614)
 afxClass<afxFile>::BuildObjects(1, 003ed604, 003ed5f0)
 afxClass<afxFile, afxStream>ConstructingObject(02fd3640)
 afxClass<afxStream>::ConstructObject(02fd3640)
 afxClass<afxFile>::ConstructObject(02fd3640)
 afxClass<afxFile>::DismantleObjects(1, 003ed668)
 Destructing instance 02fd3640 of afxFile class.
 Destructing instance 02fd3640 of afxFile : afxStream class.
 Destructing instance 02fd3640 of afxStream class.
 afxClass<afxFile>::DeallocateObjects(1, 003ed668)
 afxFile.c:279?AfxFileSystemOpenFile(Afx.FileSystem.OpenFile(001fff00,00000001,art/skybox/day/bottom.tga))
 afxClass<afxFile>::AllocateObjects(1, 003ed604, 003ed614)
 afxClass<afxFile>::BuildObjects(1, 003ed604, 003ed5f0)
 afxClass<afxFile, afxStream>ConstructingObject(02fd3640)
 afxClass<afxStream>::ConstructObject(02fd3640)
 afxClass<afxFile>::ConstructObject(02fd3640)
 afxClass<afxFile>::DismantleObjects(1, 003ed668)
 Destructing instance 02fd3640 of afxFile class.
 Destructing instance 02fd3640 of afxFile : afxStream class.
 Destructing instance 02fd3640 of afxStream class.
 afxClass<afxFile>::DeallocateObjects(1, 003ed668)
 afxFile.c:279?AfxFileSystemOpenFile(Afx.FileSystem.OpenFile(001fff00,00000001,art/skybox/day/top.tga))
 afxClass<afxFile>::AllocateObjects(1, 003ed604, 003ed614)
 afxClass<afxFile>::BuildObjects(1, 003ed604, 003ed5f0)
 afxClass<afxFile, afxStream>ConstructingObject(02fd3640)
 afxClass<afxStream>::ConstructObject(02fd3640)
 afxClass<afxFile>::ConstructObject(02fd3640)
 afxClass<afxFile>::DismantleObjects(1, 003ed668)
 Destructing instance 02fd3640 of afxFile class.
 Destructing instance 02fd3640 of afxFile : afxStream class.
 Destructing instance 02fd3640 of afxStream class.
 afxClass<afxFile>::DeallocateObjects(1, 003ed668)
 afxFile.c:279?AfxFileSystemOpenFile(Afx.FileSystem.OpenFile(001fff00,00000001,art/skybox/day/front.tga))
 afxClass<afxFile>::AllocateObjects(1, 003ed604, 003ed614)
 afxClass<afxFile>::BuildObjects(1, 003ed604, 003ed5f0)
 afxClass<afxFile, afxStream>ConstructingObject(02fd3640)
 afxClass<afxStream>::ConstructObject(02fd3640)
 afxClass<afxFile>::ConstructObject(02fd3640)
 afxClass<afxFile>::DismantleObjects(1, 003ed668)
 Destructing instance 02fd3640 of afxFile class.
 Destructing instance 02fd3640 of afxFile : afxStream class.
 Destructing instance 02fd3640 of afxStream class.
 afxClass<afxFile>::DeallocateObjects(1, 003ed668)
 afxFile.c:279?AfxFileSystemOpenFile(Afx.FileSystem.OpenFile(001fff00,00000001,art/skybox/day/back.tga))
 afxClass<afxFile>::AllocateObjects(1, 003ed604, 003ed614)
 afxClass<afxFile>::BuildObjects(1, 003ed604, 003ed5f0)
 afxClass<afxFile, afxStream>ConstructingObject(02fd3640)
 afxClass<afxStream>::ConstructObject(02fd3640)
 afxClass<afxFile>::ConstructObject(02fd3640)
 afxClass<afxFile>::DismantleObjects(1, 003ed668)
 Destructing instance 02fd3640 of afxFile class.
 Destructing instance 02fd3640 of afxFile : afxStream class.
 Destructing instance 02fd3640 of afxStream class.
 afxClass<afxFile>::DeallocateObjects(1, 003ed668)
 afxClass<afxVertexBuffer>::AllocateObjects(1, 02fd0184, 003edd88)
 afxClass<afxVertexBuffer>::BuildObjects(1, 02fd0184, 003edd60)
 afxClass<afxVertexBuffer, afxBuffer>ConstructingObject(02fd3390)
 afxClass<afxBuffer>::ConstructObject(02fd3390)
 sglBuffer.c:467?_AfxBufCtor(buf=02fd3390)
 afxClass<afxVertexBuffer>::ConstructObject(02fd3390)
 afxVertexBuffer.c:350?_AfxVbufCtor(vbuf=02fd3390)
 Uploading draw operation 'data/pipeline/skybox.xml'
 afxXml.c:1047?AfxFileSystemLoadXml(uri=data/pipeline/skybox.xml)
 afxClass<afxXml>::AllocateObjects(1, 003ed890, 003ed8a0)
 afxClass<afxXml>::BuildObjects(1, 003ed890, 003ed888)
 afxClass<afxXml>::ConstructObject(02fc00b0)
 afxXml.c:1006?_AfxXmlCtor(uri:data/pipeline/skybox.xml)
 afxFile.c:279?AfxFileSystemOpenFile(Afx.FileSystem.OpenFile(001fff00,00000001,data/pipeline/skybox.xml))
 afxClass<afxFile>::AllocateObjects(1, 003ed500, 003ed510)
 afxClass<afxFile>::BuildObjects(1, 003ed500, 003ed4ec)
 afxClass<afxFile, afxStream>ConstructingObject(02fd3460)
 afxClass<afxStream>::ConstructObject(02fd3460)
 afxClass<afxFile>::ConstructObject(02fd3460)
 afxClass<afxFile>::DismantleObjects(1, 003ed564)
 Destructing instance 02fd3460 of afxFile class.
 Destructing instance 02fd3460 of afxFile : afxStream class.
 Destructing instance 02fd3460 of afxStream class.
 afxClass<afxFile>::DeallocateObjects(1, 003ed564)
 afxClass<afxDrawOperation>::AllocateObjects(1, 02fd01b0, 003ed87c)
 afxClass<afxDrawOperation>::BuildObjects(1, 02fd01b0, 003edafc)
 afxClass<afxDrawOperation>::ConstructObject(02fc0270)
 afxDrawOperation.c:665?_AfxDopCtor(dop=02fc0270)
 afxPipeline.c:341?AfxDrawContextBuildPipelines(dctx=00efef50)
 afxClass<afxPipeline>::AllocateObjects(1, 00eba228, 003ed224)
 afxClass<afxPipeline>::BuildObjects(1, 00eba228, 003ed310)
 afxClass<afxPipeline>::ConstructObject(02fd59e0)
 sglPipeline.c:517?_AfxPipCtor(pip=02fd59e0)
 afxShader.c:537?AfxDrawContextAcquireShaders(dctx=00efef50,cnt=1,uri=02fc0310,shd=003ecca0)
 Uploading shader 'data/pipeline/skybox.xml?vs'
 afxXml.c:1047?AfxFileSystemLoadXml(uri=data/pipeline/skybox.xml)
 afxClass<afxXml>::AllocateObjects(1, 003ec548, 003ec558)
 afxClass<afxXml>::BuildObjects(1, 003ec548, 003ec540)
 afxClass<afxXml>::ConstructObject(02fc0440)
 afxXml.c:1006?_AfxXmlCtor(uri:data/pipeline/skybox.xml)
 afxFile.c:279?AfxFileSystemOpenFile(Afx.FileSystem.OpenFile(001fff00,00000001,data/pipeline/skybox.xml))
 afxClass<afxFile>::AllocateObjects(1, 003ec1b8, 003ec1c8)
 afxClass<afxFile>::BuildObjects(1, 003ec1b8, 003ec1a4)
 afxClass<afxFile, afxStream>ConstructingObject(02fd3460)
 afxClass<afxStream>::ConstructObject(02fd3460)
 afxClass<afxFile>::ConstructObject(02fd3460)
 afxClass<afxFile>::DismantleObjects(1, 003ec21c)
 Destructing instance 02fd3460 of afxFile class.
 Destructing instance 02fd3460 of afxFile : afxStream class.
 Destructing instance 02fd3460 of afxStream class.
 afxClass<afxFile>::DeallocateObjects(1, 003ec21c)
 afxFile.c:300?AfxFileSystemOpenReadableFile(Afx.FileSystem.OpenReadableFile(001fff00,data/pipeline/stdEnv.inc))
 afxClass<afxFile>::AllocateObjects(1, 003ec2ac, 003ec2bc)
 afxClass<afxFile>::BuildObjects(1, 003ec2ac, 003ec298)
 afxClass<afxFile, afxStream>ConstructingObject(02fd3460)
 afxClass<afxStream>::ConstructObject(02fd3460)
 afxClass<afxFile>::ConstructObject(02fd3460)
 afxClass<afxFile>::DismantleObjects(1, 003ec30c)
 Destructing instance 02fd3460 of afxFile class.
 Destructing instance 02fd3460 of afxFile : afxStream class.
 Destructing instance 02fd3460 of afxStream class.
 afxClass<afxFile>::DeallocateObjects(1, 003ec30c)
 afxFile.c:300?AfxFileSystemOpenReadableFile(Afx.FileSystem.OpenReadableFile(001fff00,data/pipeline/stdView.inc))
 afxClass<afxFile>::AllocateObjects(1, 003ec2ac, 003ec2bc)
 afxClass<afxFile>::BuildObjects(1, 003ec2ac, 003ec298)
 afxClass<afxFile, afxStream>ConstructingObject(02fd3460)
 afxClass<afxStream>::ConstructObject(02fd3460)
 afxClass<afxFile>::ConstructObject(02fd3460)
 afxClass<afxFile>::DismantleObjects(1, 003ec30c)
 Destructing instance 02fd3460 of afxFile class.
 Destructing instance 02fd3460 of afxFile : afxStream class.
 Destructing instance 02fd3460 of afxStream class.
 afxClass<afxFile>::DeallocateObjects(1, 003ec30c)
 afxShader.c:376?AfxDrawContextBuildShaders(dctx=00efef50,cnt=1,blueprint=003ec83c,shd=003ecca0)
 afxClass<afxShader>::AllocateObjects(1, 003ecca0, 003ec528)
 afxClass<afxShader>::BuildObjects(1, 003ecca0, 003ec83c)
 afxClass<afxShader>::ConstructObject(02fd3460)
 sglShader.c:272?_AfxShdCtor(shd=02fd3460)
 #version 330 core // QWADRO. Engineered by SIGMA Technology Group.

#define afxInt int
#define afxNat uint

#define afxReal float

#define afxV2d vec2
#define afxV3d vec3
#define afxV4d vec4

#define afxM2d mat2
#define afxM3d mat3
#define afxM4d mat4

layout(std140) uniform sgl_view
{
    mat4 v;
    mat4 iv;
    mat4 p;
    mat4 ip;
    mat4 vp;
    mat4 ivp;
    vec4 viewpoint; // view point
    vec2 viewExtent;

    vec3 starDir;
    vec4 starPos;
    vec4 starKd;
};

        
        layout(location = 0) in vec3 a_xyz;

        out block
        {
            vec3 uvw0;
        } sgl_v;

        void main()
        {
            sgl_v.uvw0 = a_xyz;
            vec4 pos = p * v * vec4(a_xyz, 1.0);
            gl_Position = pos.xyww;
        }
       
 afxClass<afxXml>::DismantleObjects(1, 003ec5ac)
 Destructing instance 02fc0440 of afxXml class.
 afxXml.c:983?_AfxXmlDtor(xml=02fc0440)
 afxClass<afxXml>::DeallocateObjects(1, 003ec5ac)
 afxObject<02fd3460>::InstallEventFilter(02fd59e0)
 afxShader.c:537?AfxDrawContextAcquireShaders(dctx=00efef50,cnt=1,uri=02fc03a0,shd=003ecca0)
 Uploading shader 'data/pipeline/skybox.xml?fs'
 afxXml.c:1047?AfxFileSystemLoadXml(uri=data/pipeline/skybox.xml)
 afxClass<afxXml>::AllocateObjects(1, 003ec548, 003ec558)
 afxClass<afxXml>::BuildObjects(1, 003ec548, 003ec540)
 afxClass<afxXml>::ConstructObject(02fc0440)
 afxXml.c:1006?_AfxXmlCtor(uri:data/pipeline/skybox.xml)
 afxFile.c:279?AfxFileSystemOpenFile(Afx.FileSystem.OpenFile(001fff00,00000001,data/pipeline/skybox.xml))
 afxClass<afxFile>::AllocateObjects(1, 003ec1b8, 003ec1c8)
 afxClass<afxFile>::BuildObjects(1, 003ec1b8, 003ec1a4)
 afxClass<afxFile, afxStream>ConstructingObject(02fd5cc0)
 afxClass<afxStream>::ConstructObject(02fd5cc0)
 afxClass<afxFile>::ConstructObject(02fd5cc0)
 afxClass<afxFile>::DismantleObjects(1, 003ec21c)
 Destructing instance 02fd5cc0 of afxFile class.
 Destructing instance 02fd5cc0 of afxFile : afxStream class.
 Destructing instance 02fd5cc0 of afxStream class.
 afxClass<afxFile>::DeallocateObjects(1, 003ec21c)
 afxFile.c:300?AfxFileSystemOpenReadableFile(Afx.FileSystem.OpenReadableFile(001fff00,data/pipeline/stdEnv.inc))
 afxClass<afxFile>::AllocateObjects(1, 003ec2ac, 003ec2bc)
 afxClass<afxFile>::BuildObjects(1, 003ec2ac, 003ec298)
 afxClass<afxFile, afxStream>ConstructingObject(02fd3f30)
 afxClass<afxStream>::ConstructObject(02fd3f30)
 afxClass<afxFile>::ConstructObject(02fd3f30)
 afxClass<afxFile>::DismantleObjects(1, 003ec30c)
 Destructing instance 02fd3f30 of afxFile class.
 Destructing instance 02fd3f30 of afxFile : afxStream class.
 Destructing instance 02fd3f30 of afxStream class.
 afxClass<afxFile>::DeallocateObjects(1, 003ec30c)
 afxShader.c:376?AfxDrawContextBuildShaders(dctx=00efef50,cnt=1,blueprint=003ec83c,shd=003ecca0)
 afxClass<afxShader>::AllocateObjects(1, 003ecca0, 003ec528)
 afxClass<afxShader>::BuildObjects(1, 003ecca0, 003ec83c)
 afxClass<afxShader>::ConstructObject(02fd3f30)
 sglShader.c:272?_AfxShdCtor(shd=02fd3f30)
 #version 330 core // QWADRO. Engineered by SIGMA Technology Group.

#define afxInt int
#define afxNat uint

#define afxReal float

#define afxV2d vec2
#define afxV3d vec3
#define afxV4d vec4

#define afxM2d mat2
#define afxM3d mat3
#define afxM4d mat4

        
        uniform samplerCube samp;

        in block
        {
            vec3 uvw0;
        } sgl_v;

        out vec4 sgl_rgba;

        void main()
        {
            sgl_rgba = texture(samp, sgl_v.uvw0);
        }
       
 afxClass<afxXml>::DismantleObjects(1, 003ec5ac)
 Destructing instance 02fc0440 of afxXml class.
 afxXml.c:983?_AfxXmlDtor(xml=02fc0440)
 afxClass<afxXml>::DeallocateObjects(1, 003ec5ac)
 afxObject<02fd3f30>::InstallEventFilter(02fd59e0)
 afxLego.c:185?AfxDrawContextBuildLegos(dctx=00efef50)
 afxClass<afxLego>::AllocateObjects(1, 00eb9f24, 003ecafc)
 afxClass<afxLego>::BuildObjects(1, 00eb9f24, 003ece38)
 afxClass<afxLego>::ConstructObject(02fc0440)
 sglLego.c:299?_AfxLegtCtor(legt=02fc0440)
 afxClass<afxXml>::DismantleObjects(1, 003ed8f4)
 Destructing instance 02fc00b0 of afxXml class.
 afxXml.c:983?_AfxXmlDtor(xml=02fc00b0)
 afxClass<afxXml>::DeallocateObjects(1, 003ed8f4)
 afxSampler.c:47?AfxDrawContextAcquireSamplers(dctx=00efef50,spec=003edfe0)
 afxClass<afxSampler>::AllocateObjects(1, 02fd01b4, 003edd34)
 afxClass<afxSampler>::BuildObjects(1, 02fd01b4, 003edfe0)
 afxClass<afxSampler>::ConstructObject(02fd5cc0)
 sglSampler.c:184?_AfxSmpCtor(smp=02fd5cc0)
 afxClass<afxBuffer>::AllocateObjects(1, 02fceb10, 003eddb8)
 afxClass<afxBuffer>::BuildObjects(1, 02fceb10, 003edfa4)
 afxClass<afxBuffer>::ConstructObject(00206980)
 sglBuffer.c:467?_AfxBufCtor(buf=00206980)
 afxClass<afxBuffer>::AllocateObjects(1, 02fceb14, 003eddb8)
 afxClass<afxBuffer>::BuildObjects(1, 02fceb14, 003edfb0)
 afxClass<afxBuffer>::ConstructObject(00206a40)
 sglBuffer.c:467?_AfxBufCtor(buf=00206a40)
 afxClass<afxBuffer>::AllocateObjects(1, 02fceb18, 003eddb8)
 afxClass<afxBuffer>::BuildObjects(1, 02fceb18, 003edfbc)
 afxClass<afxBuffer>::ConstructObject(00206b00)
 sglBuffer.c:467?_AfxBufCtor(buf=00206b00)
 afxClass<afxBuffer>::AllocateObjects(1, 02fceb1c, 003eddb8)
 afxClass<afxBuffer>::BuildObjects(1, 02fceb1c, 003edfc8)
 afxClass<afxBuffer>::ConstructObject(00206bc0)
 sglBuffer.c:467?_AfxBufCtor(buf=00206bc0)
 afxClass<afxBuffer>::AllocateObjects(1, 02fcf590, 003eddb8)
 afxClass<afxBuffer>::BuildObjects(1, 02fcf590, 003edfa4)
 afxClass<afxBuffer>::ConstructObject(00206c80)
 sglBuffer.c:467?_AfxBufCtor(buf=00206c80)
 afxClass<afxBuffer>::AllocateObjects(1, 02fcf594, 003eddb8)
 afxClass<afxBuffer>::BuildObjects(1, 02fcf594, 003edfb0)
 afxClass<afxBuffer>::ConstructObject(00206d40)
 sglBuffer.c:467?_AfxBufCtor(buf=00206d40)
 afxClass<afxBuffer>::AllocateObjects(1, 02fcf598, 003eddb8)
 afxClass<afxBuffer>::BuildObjects(1, 02fcf598, 003edfbc)
 afxClass<afxBuffer>::ConstructObject(00206e00)
 sglBuffer.c:467?_AfxBufCtor(buf=00206e00)
 afxClass<afxBuffer>::AllocateObjects(1, 02fcf59c, 003eddb8)
 afxClass<afxBuffer>::BuildObjects(1, 02fcf59c, 003edfc8)
 afxClass<afxBuffer>::ConstructObject(00206ec0)
 sglBuffer.c:467?_AfxBufCtor(buf=00206ec0)
 Uploading draw operation 'data/pipeline/body.xml'
 afxXml.c:1047?AfxFileSystemLoadXml(uri=data/pipeline/body.xml)
 afxClass<afxXml>::AllocateObjects(1, 003ed890, 003ed8a0)
 afxClass<afxXml>::BuildObjects(1, 003ed890, 003ed888)
 afxClass<afxXml>::ConstructObject(02fc0140)
 afxXml.c:1006?_AfxXmlCtor(uri:data/pipeline/body.xml)
 afxFile.c:279?AfxFileSystemOpenFile(Afx.FileSystem.OpenFile(001fff00,00000001,data/pipeline/body.xml))
 afxClass<afxFile>::AllocateObjects(1, 003ed500, 003ed510)
 afxClass<afxFile>::BuildObjects(1, 003ed500, 003ed4ec)
 afxClass<afxFile, afxStream>ConstructingObject(02fd5da0)
 afxClass<afxStream>::ConstructObject(02fd5da0)
 afxClass<afxFile>::ConstructObject(02fd5da0)
 afxClass<afxFile>::DismantleObjects(1, 003ed564)
 Destructing instance 02fd5da0 of afxFile class.
 Destructing instance 02fd5da0 of afxFile : afxStream class.
 Destructing instance 02fd5da0 of afxStream class.
 afxClass<afxFile>::DeallocateObjects(1, 003ed564)
 afxClass<afxDrawOperation>::AllocateObjects(1, 02fd01c8, 003ed87c)
 afxClass<afxDrawOperation>::BuildObjects(1, 02fd01c8, 003edafc)
 afxClass<afxDrawOperation>::ConstructObject(02fc0730)
 afxDrawOperation.c:665?_AfxDopCtor(dop=02fc0730)
 afxPipeline.c:341?AfxDrawContextBuildPipelines(dctx=00efef50)
 afxClass<afxPipeline>::AllocateObjects(1, 00eb8958, 003ed224)
 afxClass<afxPipeline>::BuildObjects(1, 00eb8958, 003ed310)
 afxClass<afxPipeline>::ConstructObject(02fd3850)
 sglPipeline.c:517?_AfxPipCtor(pip=02fd3850)
 afxShader.c:537?AfxDrawContextAcquireShaders(dctx=00efef50,cnt=1,uri=02fc07d0,shd=003ecca0)
 Uploading shader 'data/pipeline/body.xml?vsRigid'
 afxXml.c:1047?AfxFileSystemLoadXml(uri=data/pipeline/body.xml)
 afxClass<afxXml>::AllocateObjects(1, 003ec548, 003ec558)
 afxClass<afxXml>::BuildObjects(1, 003ec548, 003ec540)
 afxClass<afxXml>::ConstructObject(02fc0860)
 afxXml.c:1006?_AfxXmlCtor(uri:data/pipeline/body.xml)
 afxFile.c:279?AfxFileSystemOpenFile(Afx.FileSystem.OpenFile(001fff00,00000001,data/pipeline/body.xml))
 afxClass<afxFile>::AllocateObjects(1, 003ec1b8, 003ec1c8)
 afxClass<afxFile>::BuildObjects(1, 003ec1b8, 003ec1a4)
 afxClass<afxFile, afxStream>ConstructingObject(02fd3b20)
 afxClass<afxStream>::ConstructObject(02fd3b20)
 afxClass<afxFile>::ConstructObject(02fd3b20)
 afxClass<afxFile>::DismantleObjects(1, 003ec21c)
 Destructing instance 02fd3b20 of afxFile class.
 Destructing instance 02fd3b20 of afxFile : afxStream class.
 Destructing instance 02fd3b20 of afxStream class.
 afxClass<afxFile>::DeallocateObjects(1, 003ec21c)
 afxFile.c:300?AfxFileSystemOpenReadableFile(Afx.FileSystem.OpenReadableFile(001fff00,data/pipeline/stdEnv.inc))
 afxClass<afxFile>::AllocateObjects(1, 003ec2ac, 003ec2bc)
 afxClass<afxFile>::BuildObjects(1, 003ec2ac, 003ec298)
 afxClass<afxFile, afxStream>ConstructingObject(02fd3b20)
 afxClass<afxStream>::ConstructObject(02fd3b20)
 afxClass<afxFile>::ConstructObject(02fd3b20)
 afxClass<afxFile>::DismantleObjects(1, 003ec30c)
 Destructing instance 02fd3b20 of afxFile class.
 Destructing instance 02fd3b20 of afxFile : afxStream class.
 Destructing instance 02fd3b20 of afxStream class.
 afxClass<afxFile>::DeallocateObjects(1, 003ec30c)
 afxFile.c:300?AfxFileSystemOpenReadableFile(Afx.FileSystem.OpenReadableFile(001fff00,data/pipeline/stdView.inc))
 afxClass<afxFile>::AllocateObjects(1, 003ec2ac, 003ec2bc)
 afxClass<afxFile>::BuildObjects(1, 003ec2ac, 003ec298)
 afxClass<afxFile, afxStream>ConstructingObject(02fd3b20)
 afxClass<afxStream>::ConstructObject(02fd3b20)
 afxClass<afxFile>::ConstructObject(02fd3b20)
 afxClass<afxFile>::DismantleObjects(1, 003ec30c)
 Destructing instance 02fd3b20 of afxFile class.
 Destructing instance 02fd3b20 of afxFile : afxStream class.
 Destructing instance 02fd3b20 of afxStream class.
 afxClass<afxFile>::DeallocateObjects(1, 003ec30c)
 afxFile.c:300?AfxFileSystemOpenReadableFile(Afx.FileSystem.OpenReadableFile(001fff00,data/pipeline/stdObject.inc))
 afxClass<afxFile>::AllocateObjects(1, 003ec2ac, 003ec2bc)
 afxClass<afxFile>::BuildObjects(1, 003ec2ac, 003ec298)
 afxClass<afxFile, afxStream>ConstructingObject(030a48d0)
 afxClass<afxStream>::ConstructObject(030a48d0)
 afxClass<afxFile>::ConstructObject(030a48d0)
 afxClass<afxFile>::DismantleObjects(1, 003ec30c)
 Destructing instance 030a48d0 of afxFile class.
 Destructing instance 030a48d0 of afxFile : afxStream class.
 Destructing instance 030a48d0 of afxStream class.
 afxClass<afxFile>::DeallocateObjects(1, 003ec30c)
 afxShader.c:376?AfxDrawContextBuildShaders(dctx=00efef50,cnt=1,blueprint=003ec83c,shd=003ecca0)
 afxClass<afxShader>::AllocateObjects(1, 003ecca0, 003ec528)
 afxClass<afxShader>::BuildObjects(1, 003ecca0, 003ec83c)
 afxClass<afxShader>::ConstructObject(030a4dc0)
 sglShader.c:272?_AfxShdCtor(shd=030a4dc0)
 #version 330 core // QWADRO. Engineered by SIGMA Technology Group.

#define afxInt int
#define afxNat uint

#define afxReal float

#define afxV2d vec2
#define afxV3d vec3
#define afxV4d vec4

#define afxM2d mat2
#define afxM3d mat3
#define afxM4d mat4

layout(std140) uniform sgl_view
{
    mat4 v;
    mat4 iv;
    mat4 p;
    mat4 ip;
    mat4 vp;
    mat4 ivp;
    vec4 viewpoint; // view point
    vec2 viewExtent;

    vec3 starDir;
    vec4 starPos;
    vec4 starKd;
};

layout(std140) uniform sgl_obj
{
    int boneCnt;
    mat4 m;
    mat4 w[32];
};

        
        layout (location = 0) in vec4 aPos;
        layout (location = 1) in vec3 aNormal;
        layout (location = 2) in vec2 aUv;

        const vec4 AmbientColour = vec4(0.2, 0.2, 0.2, 0.2);
        
        out block
        {
            vec3 Position;
            vec4 Diffuse;
            vec2 Tex0;
        } sgl_v;

        void main()
        {
            vec3 ObjNormal = vec3(v * inverse(w[0]) * vec4(aNormal, 0));

            gl_Position = p * v * w[0] * aPos;
            sgl_v.Tex0     = aUv;
            sgl_v.Diffuse  = starKd * (dot(ObjNormal, starDir)) + AmbientColour;
        }
       
 afxClass<afxXml>::DismantleObjects(1, 003ec5ac)
 Destructing instance 02fc0860 of afxXml class.
 afxXml.c:983?_AfxXmlDtor(xml=02fc0860)
 afxClass<afxXml>::DeallocateObjects(1, 003ec5ac)
 afxObject<030a4dc0>::InstallEventFilter(02fd3850)
 afxShader.c:537?AfxDrawContextAcquireShaders(dctx=00efef50,cnt=1,uri=02fd5f80,shd=003ecca0)
 Uploading shader 'data/pipeline/body.xml?fs'
 afxXml.c:1047?AfxFileSystemLoadXml(uri=data/pipeline/body.xml)
 afxClass<afxXml>::AllocateObjects(1, 003ec548, 003ec558)
 afxClass<afxXml>::BuildObjects(1, 003ec548, 003ec540)
 afxClass<afxXml>::ConstructObject(02fc0860)
 afxXml.c:1006?_AfxXmlCtor(uri:data/pipeline/body.xml)
 afxFile.c:279?AfxFileSystemOpenFile(Afx.FileSystem.OpenFile(001fff00,00000001,data/pipeline/body.xml))
 afxClass<afxFile>::AllocateObjects(1, 003ec1b8, 003ec1c8)
 afxClass<afxFile>::BuildObjects(1, 003ec1b8, 003ec1a4)
 afxClass<afxFile, afxStream>ConstructingObject(030a4e90)
 afxClass<afxStream>::ConstructObject(030a4e90)
 afxClass<afxFile>::ConstructObject(030a4e90)
 afxClass<afxFile>::DismantleObjects(1, 003ec21c)
 Destructing instance 030a4e90 of afxFile class.
 Destructing instance 030a4e90 of afxFile : afxStream class.
 Destructing instance 030a4e90 of afxStream class.
 afxClass<afxFile>::DeallocateObjects(1, 003ec21c)
 afxFile.c:300?AfxFileSystemOpenReadableFile(Afx.FileSystem.OpenReadableFile(001fff00,data/pipeline/stdEnv.inc))
 afxClass<afxFile>::AllocateObjects(1, 003ec2ac, 003ec2bc)
 afxClass<afxFile>::BuildObjects(1, 003ec2ac, 003ec298)
 afxClass<afxFile, afxStream>ConstructingObject(030a4e90)
 afxClass<afxStream>::ConstructObject(030a4e90)
 afxClass<afxFile>::ConstructObject(030a4e90)
 afxClass<afxFile>::DismantleObjects(1, 003ec30c)
 Destructing instance 030a4e90 of afxFile class.
 Destructing instance 030a4e90 of afxFile : afxStream class.
 Destructing instance 030a4e90 of afxStream class.
 afxClass<afxFile>::DeallocateObjects(1, 003ec30c)
 afxShader.c:376?AfxDrawContextBuildShaders(dctx=00efef50,cnt=1,blueprint=003ec83c,shd=003ecca0)
 afxClass<afxShader>::AllocateObjects(1, 003ecca0, 003ec528)
 afxClass<afxShader>::BuildObjects(1, 003ecca0, 003ec83c)
 afxClass<afxShader>::ConstructObject(02fd3b20)
 sglShader.c:272?_AfxShdCtor(shd=02fd3b20)
 #version 330 core // QWADRO. Engineered by SIGMA Technology Group.

#define afxInt int
#define afxNat uint

#define afxReal float

#define afxV2d vec2
#define afxV3d vec3
#define afxV4d vec4

#define afxM2d mat2
#define afxM3d mat3
#define afxM4d mat4

        
        uniform sampler2D diffuse_sampler;
        
        in block
        {
            vec3 Position;
            vec4 Diffuse;
            vec2 Tex0;
        } sgl_v;
        
        out vec4 FragColor;
        
        void main()
        {
            FragColor = /*texture( diffuse_sampler, sgl_v.Tex0 ) * */sgl_v.Diffuse;
        }
       
 afxClass<afxXml>::DismantleObjects(1, 003ec5ac)
 Destructing instance 02fc0860 of afxXml class.
 afxXml.c:983?_AfxXmlDtor(xml=02fc0860)
 afxClass<afxXml>::DeallocateObjects(1, 003ec5ac)
 afxObject<02fd3b20>::InstallEventFilter(02fd3850)
 afxLego.c:185?AfxDrawContextBuildLegos(dctx=00efef50)
 afxClass<afxLego>::AllocateObjects(1, 02fb6bd4, 003ecafc)
 afxClass<afxLego>::BuildObjects(1, 02fb6bd4, 003ece38)
 afxClass<afxLego>::ConstructObject(02fc0860)
 sglLego.c:299?_AfxLegtCtor(legt=02fc0860)
 afxLego.c:185?AfxDrawContextBuildLegos(dctx=00efef50)
 afxClass<afxLego>::AllocateObjects(1, 02fb6be0, 003ecafc)
 afxClass<afxLego>::BuildObjects(1, 02fb6be0, 003ece80)
 afxClass<afxLego>::ConstructObject(02fc0990)
 sglLego.c:299?_AfxLegtCtor(legt=02fc0990)
 afxLego.c:185?AfxDrawContextBuildLegos(dctx=00efef50)
 afxClass<afxLego>::AllocateObjects(1, 02fb6bec, 003ecafc)
 afxClass<afxLego>::BuildObjects(1, 02fb6bec, 003ecea4)
 afxClass<afxLego>::ConstructObject(02fc0a30)
 sglLego.c:299?_AfxLegtCtor(legt=02fc0a30)
 afxPipeline.c:341?AfxDrawContextBuildPipelines(dctx=00efef50)
 afxClass<afxPipeline>::AllocateObjects(1, 00eb7c98, 003ed224)
 afxClass<afxPipeline>::BuildObjects(1, 00eb7c98, 003ed310)
 afxClass<afxPipeline>::ConstructObject(02fd3bf0)
 sglPipeline.c:517?_AfxPipCtor(pip=02fd3bf0)
 afxShader.c:537?AfxDrawContextAcquireShaders(dctx=00efef50,cnt=1,uri=02fc07d0,shd=003ecca0)
 Uploading shader 'data/pipeline/body.xml?vsSkinned'
 afxXml.c:1047?AfxFileSystemLoadXml(uri=data/pipeline/body.xml)
 afxClass<afxXml>::AllocateObjects(1, 003ec548, 003ec558)
 afxClass<afxXml>::BuildObjects(1, 003ec548, 003ec540)
 afxClass<afxXml>::ConstructObject(02fc0ac0)
 afxXml.c:1006?_AfxXmlCtor(uri:data/pipeline/body.xml)
 afxFile.c:279?AfxFileSystemOpenFile(Afx.FileSystem.OpenFile(001fff00,00000001,data/pipeline/body.xml))
 afxClass<afxFile>::AllocateObjects(1, 003ec1b8, 003ec1c8)
 afxClass<afxFile>::BuildObjects(1, 003ec1b8, 003ec1a4)
 afxClass<afxFile, afxStream>ConstructingObject(030a4f20)
 afxClass<afxStream>::ConstructObject(030a4f20)
 afxClass<afxFile>::ConstructObject(030a4f20)
 afxClass<afxFile>::DismantleObjects(1, 003ec21c)
 Destructing instance 030a4f20 of afxFile class.
 Destructing instance 030a4f20 of afxFile : afxStream class.
 Destructing instance 030a4f20 of afxStream class.
 afxClass<afxFile>::DeallocateObjects(1, 003ec21c)
 afxFile.c:300?AfxFileSystemOpenReadableFile(Afx.FileSystem.OpenReadableFile(001fff00,data/pipeline/stdEnv.inc))
 afxClass<afxFile>::AllocateObjects(1, 003ec2ac, 003ec2bc)
 afxClass<afxFile>::BuildObjects(1, 003ec2ac, 003ec298)
 afxClass<afxFile, afxStream>ConstructingObject(030a4f20)
 afxClass<afxStream>::ConstructObject(030a4f20)
 afxClass<afxFile>::ConstructObject(030a4f20)
 afxClass<afxFile>::DismantleObjects(1, 003ec30c)
 Destructing instance 030a4f20 of afxFile class.
 Destructing instance 030a4f20 of afxFile : afxStream class.
 Destructing instance 030a4f20 of afxStream class.
 afxClass<afxFile>::DeallocateObjects(1, 003ec30c)
 afxFile.c:300?AfxFileSystemOpenReadableFile(Afx.FileSystem.OpenReadableFile(001fff00,data/pipeline/stdView.inc))
 afxClass<afxFile>::AllocateObjects(1, 003ec2ac, 003ec2bc)
 afxClass<afxFile>::BuildObjects(1, 003ec2ac, 003ec298)
 afxClass<afxFile, afxStream>ConstructingObject(030a4f20)
 afxClass<afxStream>::ConstructObject(030a4f20)
 afxClass<afxFile>::ConstructObject(030a4f20)
 afxClass<afxFile>::DismantleObjects(1, 003ec30c)
 Destructing instance 030a4f20 of afxFile class.
 Destructing instance 030a4f20 of afxFile : afxStream class.
 Destructing instance 030a4f20 of afxStream class.
 afxClass<afxFile>::DeallocateObjects(1, 003ec30c)
 afxFile.c:300?AfxFileSystemOpenReadableFile(Afx.FileSystem.OpenReadableFile(001fff00,data/pipeline/stdObject.inc))
 afxClass<afxFile>::AllocateObjects(1, 003ec2ac, 003ec2bc)
 afxClass<afxFile>::BuildObjects(1, 003ec2ac, 003ec298)
 afxClass<afxFile, afxStream>ConstructingObject(030a4f20)
 afxClass<afxStream>::ConstructObject(030a4f20)
 afxClass<afxFile>::ConstructObject(030a4f20)
 afxClass<afxFile>::DismantleObjects(1, 003ec30c)
 Destructing instance 030a4f20 of afxFile class.
 Destructing instance 030a4f20 of afxFile : afxStream class.
 Destructing instance 030a4f20 of afxStream class.
 afxClass<afxFile>::DeallocateObjects(1, 003ec30c)
 afxShader.c:376?AfxDrawContextBuildShaders(dctx=00efef50,cnt=1,blueprint=003ec83c,shd=003ecca0)
 afxClass<afxShader>::AllocateObjects(1, 003ecca0, 003ec528)
 afxClass<afxShader>::BuildObjects(1, 003ecca0, 003ec83c)
 afxClass<afxShader>::ConstructObject(030a4b80)
 sglShader.c:272?_AfxShdCtor(shd=030a4b80)
 #version 330 core // QWADRO. Engineered by SIGMA Technology Group.

#define afxInt int
#define afxNat uint

#define afxReal float

#define afxV2d vec2
#define afxV3d vec3
#define afxV4d vec4

#define afxM2d mat2
#define afxM3d mat3
#define afxM4d mat4

layout(std140) uniform sgl_view
{
    mat4 v;
    mat4 iv;
    mat4 p;
    mat4 ip;
    mat4 vp;
    mat4 ivp;
    vec4 viewpoint; // view point
    vec2 viewExtent;

    vec3 starDir;
    vec4 starPos;
    vec4 starKd;
};

layout(std140) uniform sgl_obj
{
    int boneCnt;
    mat4 m;
    mat4 w[32];
};

        
        layout (location = 0) in vec3 aPos;
        layout (location = 1) in vec3 aNormal;
        layout (location = 2) in vec2 aUv;
        layout (location = 3) in vec4 aBlendIndices;
        layout (location = 4) in vec4 aBlendWeights;

        out block
        {
            vec3 Position;
            vec4 Diffuse;
            vec2 Tex0;
        } sgl_v;

        const vec4 AmbientColour = vec4(0.2, 0.2, 0.2, 0.2);
        
        void main()
        {
            vec4 InPos     = vec4( aPos, 1 );
            vec4 WorldPos    = 0;
            vec3 WorldNormal = 0;
            
            // We're going to assume that we can transform the normal by the matrix, which is not
            // technically correct unless we're positive there's not a scaling factor involved.

            for( int i = 0; i < 4; ++i )
            {
                mat4 BoneMatrix = w[int(aBlendIndices[i])];
                WorldPos    += (aBlendWeights[i] * vec4( InPos * BoneMatrix ));
                WorldNormal += vec3(vec4(aBlendWeights[i] * vec4( vec4( aNormal, 0 ) * BoneMatrix )));
            }

            vec4 ViewPosL = (WorldPos * v);
            vec4 ClipPos = (ViewPosL * p);
            gl_Position = ClipPos;
            sgl_v.Position   = vec3(ClipPos);
            sgl_v.Tex0    = aUv;
            sgl_v.Diffuse = starKd * (dot(normalize(WorldNormal), starDir)) + AmbientColour;
        }
       
 afxClass<afxXml>::DismantleObjects(1, 003ec5ac)
 Destructing instance 02fc0ac0 of afxXml class.
 afxXml.c:983?_AfxXmlDtor(xml=02fc0ac0)
 afxClass<afxXml>::DeallocateObjects(1, 003ec5ac)
 afxObject<030a4b80>::InstallEventFilter(02fd3bf0)
 afxShader.c:537?AfxDrawContextAcquireShaders(dctx=00efef50,cnt=1,uri=02fd5f80,shd=003ecca0)
 Uploading shader 'data/pipeline/body.xml?fs'
 afxXml.c:1047?AfxFileSystemLoadXml(uri=data/pipeline/body.xml)
 afxClass<afxXml>::AllocateObjects(1, 003ec548, 003ec558)
 afxClass<afxXml>::BuildObjects(1, 003ec548, 003ec540)
 afxClass<afxXml>::ConstructObject(02fc0ac0)
 afxXml.c:1006?_AfxXmlCtor(uri:data/pipeline/body.xml)
 afxFile.c:279?AfxFileSystemOpenFile(Afx.FileSystem.OpenFile(001fff00,00000001,data/pipeline/body.xml))
 afxClass<afxFile>::AllocateObjects(1, 003ec1b8, 003ec1c8)
 afxClass<afxFile>::BuildObjects(1, 003ec1b8, 003ec1a4)
 afxClass<afxFile, afxStream>ConstructingObject(030a4f20)
 afxClass<afxStream>::ConstructObject(030a4f20)
 afxClass<afxFile>::ConstructObject(030a4f20)
 afxClass<afxFile>::DismantleObjects(1, 003ec21c)
 Destructing instance 030a4f20 of afxFile class.
 Destructing instance 030a4f20 of afxFile : afxStream class.
 Destructing instance 030a4f20 of afxStream class.
 afxClass<afxFile>::DeallocateObjects(1, 003ec21c)
 afxFile.c:300?AfxFileSystemOpenReadableFile(Afx.FileSystem.OpenReadableFile(001fff00,data/pipeline/stdEnv.inc))
 afxClass<afxFile>::AllocateObjects(1, 003ec2ac, 003ec2bc)
 afxClass<afxFile>::BuildObjects(1, 003ec2ac, 003ec298)
 afxClass<afxFile, afxStream>ConstructingObject(030a4f20)
 afxClass<afxStream>::ConstructObject(030a4f20)
 afxClass<afxFile>::ConstructObject(030a4f20)
 afxClass<afxFile>::DismantleObjects(1, 003ec30c)
 Destructing instance 030a4f20 of afxFile class.
 Destructing instance 030a4f20 of afxFile : afxStream class.
 Destructing instance 030a4f20 of afxStream class.
 afxClass<afxFile>::DeallocateObjects(1, 003ec30c)
 afxShader.c:376?AfxDrawContextBuildShaders(dctx=00efef50,cnt=1,blueprint=003ec83c,shd=003ecca0)
 afxClass<afxShader>::AllocateObjects(1, 003ecca0, 003ec528)
 afxClass<afxShader>::BuildObjects(1, 003ecca0, 003ec83c)
 afxClass<afxShader>::ConstructObject(030a4f20)
 sglShader.c:272?_AfxShdCtor(shd=030a4f20)
 #version 330 core // QWADRO. Engineered by SIGMA Technology Group.

#define afxInt int
#define afxNat uint

#define afxReal float

#define afxV2d vec2
#define afxV3d vec3
#define afxV4d vec4

#define afxM2d mat2
#define afxM3d mat3
#define afxM4d mat4

        
        uniform sampler2D diffuse_sampler;
        
        in block
        {
            vec3 Position;
            vec4 Diffuse;
            vec2 Tex0;
        } sgl_v;
        
        out vec4 FragColor;
        
        void main()
        {
            FragColor = /*texture( diffuse_sampler, sgl_v.Tex0 ) * */sgl_v.Diffuse;
        }
       
 afxClass<afxXml>::DismantleObjects(1, 003ec5ac)
 Destructing instance 02fc0ac0 of afxXml class.
 afxXml.c:983?_AfxXmlDtor(xml=02fc0ac0)
 afxClass<afxXml>::DeallocateObjects(1, 003ec5ac)
 afxObject<030a4f20>::InstallEventFilter(02fd3bf0)
 afxLego.c:185?AfxDrawContextBuildLegos(dctx=00efef50)
 afxClass<afxLego>::AllocateObjects(1, 02fb6544, 003ecafc)
 afxClass<afxLego>::BuildObjects(1, 02fb6544, 003ece38)
 afxClass<afxLego>::ConstructObject(02fc0ac0)
 sglLego.c:299?_AfxLegtCtor(legt=02fc0ac0)
 afxLego.c:185?AfxDrawContextBuildLegos(dctx=00efef50)
 afxClass<afxLego>::AllocateObjects(1, 02fb6550, 003ecafc)
 afxClass<afxLego>::BuildObjects(1, 02fb6550, 003ece80)
 afxClass<afxLego>::ConstructObject(02fc0bf0)
 sglLego.c:299?_AfxLegtCtor(legt=02fc0bf0)
 afxLego.c:185?AfxDrawContextBuildLegos(dctx=00efef50)
 afxClass<afxLego>::AllocateObjects(1, 02fb655c, 003ecafc)
 afxClass<afxLego>::BuildObjects(1, 02fb655c, 003ecea4)
 afxClass<afxLego>::ConstructObject(02fc0c90)
 sglLego.c:299?_AfxLegtCtor(legt=02fc0c90)
 afxClass<afxXml>::DismantleObjects(1, 003ed8f4)
 Destructing instance 02fc0140 of afxXml class.
 afxXml.c:983?_AfxXmlDtor(xml=02fc0140)
 afxClass<afxXml>::DeallocateObjects(1, 003ed8f4)
 afxCanvas.c:156?AfxDrawContextBuildCanvases(dctx=00efef50,cnt=1,blueprint=003eeb00,canv=02fce084)
 afxClass<afxCanvas>::AllocateObjects(1, 02fce084, 003ee9fc)
 afxClass<afxCanvas>::BuildObjects(1, 02fce084, 003eeb00)
 afxClass<afxCanvas>::ConstructObject(030b3300)
 sglCanvas.c:399?_AfxCanvCtor(canv=030b3300)
 afxSurface.c:12?AfxDrawContextAcquireSurface(dctx=00efef50,fmt=24,whd=[1272,693,1],usage=32)
 ADV afxTexture.c:52?AfxTextureBlueprintBegin
    texb->fcc == AFX_FCC_TEXB
 afxClass<afxSurface>::AllocateObjects(1, 003edfd8, 003edff4)
 afxClass<afxSurface>::BuildObjects(1, 003edfd8, 003ee000)
 afxClass<afxSurface, afxTexture>ConstructingObject(030a4c50)
 afxClass<afxTexture>::ConstructObject(030a4c50)
 sglTexture.c:1030?_AfxTexCtor(tex=030a4c50)
 afxClass<afxSurface>::ConstructObject(030a4c50)
 sglSurface.c:131?_AfxSurfCtor(surf=030a4c50)
 afxCanvas.c:156?AfxDrawContextBuildCanvases(dctx=00efef50,cnt=1,blueprint=003eeb00,canv=02fce088)
 afxClass<afxCanvas>::AllocateObjects(1, 02fce088, 003ee9fc)
 afxClass<afxCanvas>::BuildObjects(1, 02fce088, 003eeb00)
 afxClass<afxCanvas>::ConstructObject(02fd5770)
 sglCanvas.c:399?_AfxCanvCtor(canv=02fd5770)
 afxSurface.c:12?AfxDrawContextAcquireSurface(dctx=00efef50,fmt=24,whd=[1272,693,1],usage=32)
 ADV afxTexture.c:52?AfxTextureBlueprintBegin
    texb->fcc == AFX_FCC_TEXB
 afxClass<afxSurface>::AllocateObjects(1, 003edfd8, 003edff4)
 afxClass<afxSurface>::BuildObjects(1, 003edfd8, 003ee000)
 afxClass<afxSurface, afxTexture>ConstructingObject(02fd5850)
 afxClass<afxTexture>::ConstructObject(02fd5850)
 sglTexture.c:1030?_AfxTexCtor(tex=02fd5850)
 afxClass<afxSurface>::ConstructObject(02fd5850)
 sglSurface.c:131?_AfxSurfCtor(surf=02fd5850)
 SUC afxMD5Model.c:481?AfxLoadAssetsFromMD5Model
    
 MD5Version 10

 commandline "mesh models/monsters/hellknight/cycles/hellknight_mesh.mb -dest models/md5/monsters/hellknight/hellknight.md5mesh -game Doom -prefix HK2_ -keep lknee1 rknee1 SPINNER rmissile lmissile target forehead1 -parent rmissile rhand -parent lmissile lhand -parent waist SPINNER -parent SPINNER body2 -parent drool jaw -parent backtongue jaw -parent upsaliva head -parent losaliva jaw -prefix HK_"

 

 numJoints 110

 numMeshes 1

 

 	"target"	0 ( 0 0 0 ) ( -0.7071067095 0 0 )		// origin

 }

 

 }

 

 }

 

 }

 

 }

 

 afxClass<afxSkeleton>::AllocateObjects(1, 003ede00, 003edca8)
 afxClass<afxSkeleton>::BuildObjects(1, 003ede00, 003ede9c)
 afxClass<afxSkeleton>::ConstructObject(02fc0140)
 afxSkeleton.c:959?_AfxSklCtor(skl=02fc0140)
 ADV afxSkeleton.c:974?_AfxSklCtor
    TODO: Reparent base to skeleton node