
 afxDebug_w32.c:391
  AfxAttachDebugTerminal()
      ::::::::  :::       :::     :::     :::::::::  :::::::::   ::::::::      
     :+:    :+: :+:       :+:   :+: :+:   :+:    :+: :+:    :+: :+:    :+:     
     +:+    +:+ +:+       +:+  +:+   +:+  +:+    +:+ +:+    +:+ +:+    +:+     
     +#+    +:+ +#+  +:+  +#+ +#++:++#++: +#+    +:+ +#++:++#:  +#+    +:+     
     +#+  # +#+ +#+ +#+#+ +#+ +#+     +#+ +#+    +#+ +#+    +#+ +#+    +#+     
     #+#   +#+   #+#+# #+#+#  #+#     #+# #+#    #+# #+#    #+# #+#    #+#     
      ###### ###  ###   ###   ###     ### #########  ###    ###  ########      
                                                                               
              Q W A D R O   E X E C U T I O N   E C O S Y S T E M              
                                                                               
                               Public Test Build                               
              (c) 2017 SIGMA Technology Group --- Federacao SIGMA              
                                www.sigmaco.org                                
                                                                               
 Installing Qwadro Execution Ecosystem at 0f82b6b8 by 00000000 over 00000000 with 0f802a94)
 afxClass<Qwadro Execution Ecosystem>::ConstructObject(0061faa0)
 afxSystem_w32.c:225
  _AfxSysCtor(sys=0061faa0)
 Installing Thread Execution Unit at 00620034 by 0061fac4 over 00000000 with 0036dfe8)
 Entering the Thread Execution Environment 3204
 afxClass<Thread Execution Unit>::ConstructObject(00620870)
 afxTxu_w32.c:397
  _AfxTxuCtor(00620870)
 Installing Memory Management Unit at 0061fad8 by 0061fac4 over 00000000 with 0f80fec4)
 Installing Thread at 0061ff70 by 0061fac4 over 00000000 with 0f7ff57c)
 Installing Device at 006200f8 by 0061fac4 over 00000000 with 0036dfb8)
 Installing Autonomous Service at 006201bc by 0061fac4 over 00000000 with 0f80230c)
 Installing File at 00620344 by 0061fac4 over 00000000 with 0f80a51c)
 Installing I/O Stream at 00620280 by 0061fac4 over 00000000 with 0f80c160)
 Installing File Archive at 00620408 by 0061fac4 over 00620344 with 0f809e8c)
 Installing Executable & Linkable Module at 0061fb9c by 0061fac4 over 00000000 with 0f801560)
 Installing Installable Client Driver at 0061fc60 by 0061fac4 over 0061fb9c with 0f829014)
 Installing Storage Point at 006204cc by 0061fac4 over 00000000 with 0036dfb8)
 Installing Application at 00620654 by 0061fac4 over 00000000 with 0f814a88)
 Installing Human Input Device at 0061fd24 by 0061fac4 over 006200f8 with 0f80b13c)
 Installing Keyboard at 0061fde8 by 0061fac4 over 0061fd24 with 0f80ba44)
 Installing Mouse at 0061feac by 0061fac4 over 0061fd24 with 0f80bc34)
 Installing Simulation at 00620590 by 0061fac4 over 00000000 with 0f829ff0)
 [!] afxSystem_w32.c:340?_AfxSysCtor
  Memory page size: 4096
 [!] afxSystem_w32.c:341?_AfxSysCtor
  Logical processor count: 1
 afxClass<Memory Management Unit>::ConstructObject(00620970)
 afxArena.c:768
  AfxAllocateArena(aren=00620778)
 afxArena.c:769
  AfxAllocateArena(spec=00000000,hint="afxSystem_w32.c:354!_AfxSysCtor")
 afxClass<Storage Point>::ConstructObject(006228e0)
 Storage point "." 5 mounted -> "E:/qwadro/afx".
 afxClass<Storage Point>::ConstructObject(00622968)
 Storage point "system" 5 mounted -> "E:/qwadro/afx/system32".
 afxClass<Storage Point>::ConstructObject(006229f0)
 Storage point "sound" 5 mounted -> "E:/qwadro/afx/sound".
 afxClass<Storage Point>::ConstructObject(00622a78)
 Storage point "data" 5 mounted -> "E:/qwadro/afx/data".
 afxClass<Storage Point>::ConstructObject(00622b00)
 Storage point "art" 5 mounted -> "E:/qwadro/afx/art".
 afxClass<Storage Point>::ConstructObject(00622b88)
 Storage point "tmp" 7 mounted -> "E:/qwadro/afx/tmp".
 afxModule.c:151
  AfxAcquireModules(cnt=1,mdle=00620748,uri=0036e0c0)
 afxClass<Executable & Linkable Module>::ConstructObject(00624020)
 afxModule.c:79
  _AfxMdleCtor(uri:system/e2coree.dll)
 E:/qwadro/afx/system32/e2coree.dll
 afxKeyboard.c:301
  AfxAcquireKeyboards(cnt=1,port=0036df78,kbd=0062074c)
 afxClass<Keyboard, Human Input Device>ConstructingObject(006242a0)
 afxClass<Human Input Device, Device>ConstructingObject(006242a0)
 afxClass<Device>::ConstructObject(006242a0)
 afxClass<Human Input Device>::ConstructObject(006242a0)
 afxClass<Keyboard>::ConstructObject(006242a0)
 afxKeyboard.c:252
  _AfxKbdCtor(kbd=006242a0)
 afxDrawSystem.c:233
  _AfxDsysCtor(dsys=00625330)
 Installing Draw Device at 00625838 by 0062538c over 006200f8 with 0036dd08)
 Installing Draw Context at 00625464 by 0062538c over 00000000 with 0036dcd8)
 Installing Draw Output at 006255ec by 0062538c over 00000000 with 0036dca8)
 Installing Draw Input at 00625774 by 0062538c over 00000000 with 0036dc78)
 Installing Draw Thread at 006253a0 by 0062538c over 0061ff70 with 0036dc48)
 Loading draw ICD system/e2draw.icd
 afxClass<Installable Client Driver, Executable & Linkable Module>ConstructingObject(00624c00)
 afxClass<Executable & Linkable Module>::ConstructObject(00624c00)
 afxModule.c:79
  _AfxMdleCtor(uri:system/e2draw.icd)
 E:/qwadro/afx/system32/e2draw.icd
 afxClass<Installable Client Driver>::ConstructObject(00624c00)
Installing 'e2draw.icd' ICD on draw system...
	OpenGL/Vulkan Continuous Integration --- SIGMA GL/2 --- Qwadro Execution Ecosystem 0.7.2
	Vendor: SIGMA Technology Group <www.sigmaco.org>
	Note: 
       ::::::::    :::::::::::    ::::::::    ::::     ::::       :::          
      :+:    :+:       :+:       :+:    :+:   +:+:+: :+:+:+     :+: :+:        
      +:+              +:+       +:+          +:+ +:+:+ +:+    +:+   +:+       
      +#++:++#++       +#+       :#:          +#+  +:+  +#+   +#++:++#++:      
             +#+       +#+       +#+   +#+#   +#+       +#+   +#+     +#+      
      #+#    #+#       #+#       #+#    #+#   #+#       #+#   #+#     #+#      
       ########    ###########    ########    ###       ###   ###     ###      
                                                                               
              Q W A D R O   E X E C U T I O N   E C O S Y S T E M              
                                                                               
                               Public Test Build                               
              (c) 2017 SIGMA Technology Group --- Federacao SIGMA              
                                www.sigmaco.org                                
                                                                               
 Installing Draw Device at 00624d00 by 00624cec over 00625838 with 00c2824c)
 afxClass<Draw Device, Draw Device>ConstructingObject(00627750)
 afxClass<Draw Device, Device>ConstructingObject(00627750)
 afxClass<Device>::ConstructObject(00627750)
 afxClass<Draw Device>::ConstructObject(00627750)
 afxClass<Draw Device>::ConstructObject(00627750)
 sglDdrv_w32.c:2635
  _SglDdevCtor(ddev=00627750)
 Listing mem available display devices...

 #0 = Intel(R) HD Graphics (\\.\DISPLAY1) 8080005
 #1 = RDPDD Chained DD (\\.\DISPLAYV1) 200008
 #2 = RDP Encoder Mirror Driver (\\.\DISPLAYV2) 200008
 #3 = RDP Reflector Display Driver (\\.\DISPLAYV3) 200008
 afxMutex.c:24
  AfxTakeMutex(mtx=00627d7c,type=00000000)
 Created. (mtx)00627d7c
 Installing Draw Script at 00627efc by 00627828 over 00000000 with 0036cccc)
 Installing Draw Queue at 00627e38 by 00627828 over 00000000 with 0036cccc)
 Installing Draw Context at 0062783c by 00627828 over 00625464 with 00c320e0)
 Installing Draw Output at 00627900 by 00627828 over 006255ec with 00c32250)
 Installing Draw Input at 006279c4 by 00627828 over 00625774 with 00c32220)
 Creating transient OpenGL context