
 afxDebug.c:363?AfxAttachDebugTerminal()
      ::::::::  :::       :::     :::     :::::::::  :::::::::   ::::::::      
     :+:    :+: :+:       :+:   :+: :+:   :+:    :+: :+:    :+: :+:    :+:     
     +:+    +:+ +:+       +:+  +:+   +:+  +:+    +:+ +:+    +:+ +:+    +:+     
     +#+    +:+ +#+  +:+  +#+ +#++:++#++: +#+    +:+ +#++:++#:  +#+    +:+     
     +#+  # +#+ +#+ +#+#+ +#+ +#+     +#+ +#+    +#+ +#+    +#+ +#+    +#+     
     #+#   +#+   #+#+# #+#+#  #+#     #+# #+#    #+# #+#    #+# #+#    #+#     
      ###### ###  ###   ###   ###     ### #########  ###    ###  ########      
                                                                               
             S I G M A   C O . ,   T E C H N O L O G Y   G R O U P             
                                                                             
                                    4D AFX                                   
                              Public Test Build                              
                     (c) 2017 SIGMA Co., Technology Group                    
                               www.sigmaco.org                               
                                                                             
                                                                             
 Core Execution System class registered.
 Class[Core Execution System].ConstructInstances(1, 000000000024e400, 000000000024e408)
 Constructing instance 0000000004b236d0 of Core Execution System.
 afxSystem.c:1200?_AfxSysCtor(sys=0000000004b236d0)
 ADV afxSystem.c:1216?_AfxSysCtor
    Memoy page size: 4096
 ADV afxSystem.c:1217?_AfxSysCtor
    Logical processor count: 2
 Allocator class registered.
 afxAllocator.c:471?AfxSystemAcquireAllocator(sys=0000000004b236d0,strategy=000000000024be88,hint="afxSystem.c:1232!_AfxSysCtor")
 Class[Allocator].ConstructInstances(1, 000000000024bb40, 000000000024bb48)
 Constructing instance 0000000004a8bdb0 of Allocator.
 afxAllocator.c:258?_AfxAllCtor(all=0000000004a8bdb0)
 Instance 0000000004a8bdb0[all]^1 built.
 Point "." rwx[1,0,0] mounted -> "E:/qwadro/afx/system64/..".
 Point "system" rwx[1,0,0] mounted -> "E:/qwadro/afx/system64".
 Point "art" rwx[1,0,0] mounted -> "E:/qwadro/afx/system64/../art".
 Point "data" rwx[1,0,0] mounted -> "E:/qwadro/afx/system64/../data".
 Point "sound" rwx[1,0,0] mounted -> "E:/qwadro/afx/system64/../sound".
 Thread class registered.
 Module class registered.
 afxModule.c:64?AfxSystemAcquireModule(sys=0000000004b236d0,uri=system/e2coree.dll)
 Class[Module].ConstructInstances(1, 000000000024ba90, 000000000024ba98)
 Constructing instance 0000000004a64430 of Module.
 afxModule.c:130?_AfxMdleCtor(uri:system/e2coree.dll)
 Instance 0000000004a64430[mdle]^1 built.
 I/O Stream class registered.
 Archive class registered.
 Resource class registered.
 Uniform Resource Dictionary class registered.
 HID class registered.
 Keyboard class registered.
 Mouse class registered.
 Draw System class registered.
 Application class registered.
 afxKeyboard.c:163?AfxSystemAcquireKeyboard(sys=0000000004b236d0,port=0)
 Class[Keyboard].ConstructInstances(1, 000000000024bbe0, 000000000024bbe8)
 Constructing instance 0000000004b26aa0 of Keyboard : HID.
 Constructing instance 0000000004b26aa0 of HID.
 afxHid.c:55?_AfxHidCtor(hid=0000000004b26aa0)
 Constructing instance 0000000004b26aa0 of Keyboard.
 afxKeyboard.c:191?_AfxKbdCtor(kbd=0000000004b26aa0)
 Instance 0000000004b26aa0[kbd]^1 built.
 Instance 0000000004b236d0[sys]^1 built.
 afxDrawSystem.c:212?AfxSystemAcquireDrawSystem(sys=0000000004b236d0)
 Class[Draw System].ConstructInstances(1, 000000000024e420, 000000000024e428)
 Constructing instance 0000000004b273b0 of Draw System.
 afxDrawSystem.c:292?_AfxDsysCtor(dsys=0000000004b273b0)
 afxAllocator.c:471?AfxSystemAcquireAllocator(sys=0000000004b236d0,strategy=000000000024df48,hint="afxDrawSystem.c:311!_AfxDsysCtor")
 Class[Allocator].ConstructInstances(1, 000000000024db50, 000000000024db58)
 Constructing instance 0000000004b27610 of Allocator.
 afxAllocator.c:258?_AfxAllCtor(all=0000000004b27610)
 Instance 0000000004b27610[all]^1 built.
 Draw Driver class registered.
New texture codec registered.
Name: SIGGL
Author: SIGMA Technology Group
Version: 0.5.1
Note: 
    :::::::::::     :::     :::::::::   ::::::::      :::        
        :+:       :+: :+:   :+:    :+: :+:    :+:   :+: :+:      
        +:+      +:+   +:+  +:+    +:+ +:+         +:+   +:+     
        +#+     +#++:++#++: +#++:++#:  :#:        +#++:++#++:    
        +#+     +#+     +#+ +#+    +#+ +#+   +#+# +#+     +#+    
        #+#     #+#     #+# #+#    #+# #+#    #+# #+#     #+#    
        ###     ###     ### ###    ###  ########  ###     ###    
                                                                 
                      SIGMA Technology Group                     
 Truecolor Targa texture serializer installed!
 afxModule.c:64?AfxSystemAcquireModule(sys=0000000004b236d0,uri=e2draw.icd)
 Class[Module].ConstructInstances(1, 000000000024daa0, 000000000024daa8)
 Constructing instance 0000000004a64570 of Module.
 afxModule.c:130?_AfxMdleCtor(uri:e2draw.icd)
 Instance 0000000004a64570[mdle]^1 built.
 Listing all available display devices...

 #0 = Intel(R) HD Graphics (\\.\DISPLAY1) 8000005
 #1 = RDPDD Chained DD (\\.\DISPLAYV1) 200008
 #2 = RDP Encoder Mirror Driver (\\.\DISPLAYV2) 200008
 #3 = RDP Reflector Display Driver (\\.\DISPLAYV3) 200008
 sglDriver.c:1246?_SglCreateCombinedDeviceContext(oglWndClss=0000000004b2eee0,shareCtx=0000000000000000,phwnd=0000000004b2ef30,phdc=0000000004b2ef38,phrc=0000000004b2ef48)
 sglDriver.c:770?_SglLoadVmt(vmt=0000000004b2ef50,verMajor=1,verMinor=0)
 glCullFace @ 0 found.
 glFrontFace @ 1 found.
 glHint @ 2 found.
 glLineWidth @ 3 found.
 glPointSize @ 4 found.
 glPolygonMode @ 5 found.
 glScissor @ 6 found.
 glTexParameterf @ 7 found.
 glTexParameterfv @ 8 found.
 glTexParameteri @ 9 found.
 glTexParameteriv @ 10 found.
 glTexImage1D @ 11 found.
 glTexImage2D @ 12 found.
 glDrawBuffer @ 13 found.
 glClear @ 14 found.
 glClearColor @ 15 found.
 glClearStencil @ 16 found.
 glClearDepth @ 17 found.
 glStencilMask @ 18 found.
 glColorMask @ 19 found.
 glDepthMask @ 20 found.
 glDisable @ 21 found.
 glEnable @ 22 found.
 glFinish @ 23 found.
 glFlush @ 24 found.
 glBlendFunc @ 25 found.
 glLogicOp @ 26 found.
 glStencilFunc @ 27 found.
 glStencilOp @ 28 found.
 glDepthFunc @ 29 found.
 glPixelStoref @ 30 found.
 glPixelStorei @ 31 found.
 glReadBuffer @ 32 found.
 glReadPixels @ 33 found.
 glGetBooleanv @ 34 found.
 glGetDoublev @ 35 found.
 glGetError @ 36 found.
 glGetFloatv @ 37 found.
 glGetIntegerv @ 38 found.
 glGetString @ 39 found.
 glGetTexImage @ 40 found.
 glGetTexParameterfv @ 41 found.
 glGetTexParameteriv @ 42 found.
 glGetTexLevelParameterfv @ 43 found.
 glGetTexLevelParameteriv @ 44 found.
 glIsEnabled @ 45 found.
 glDepthRange @ 46 found.
 glViewport @ 47 found.
 sglDriver.c:770?_SglLoadVmt(vmt=0000000004b2ef50,verMajor=4,verMinor=6)
 glCullFace @ 0 found.
 glFrontFace @ 1 found.
 glHint @ 2 found.
 glLineWidth @ 3 found.
 glPointSize @ 4 found.
 glPolygonMode @ 5 found.
 glScissor @ 6 found.
 glTexParameterf @ 7 found.
 glTexParameterfv @ 8 found.
 glTexParameteri @ 9 found.
 glTexParameteriv @ 10 found.
 glTexImage1D @ 11 found.
 glTexImage2D @ 12 found.
 glDrawBuffer @ 13 found.
 glClear @ 14 found.
 glClearColor @ 15 found.
 glClearStencil @ 16 found.
 glClearDepth @ 17 found.
 glStencilMask @ 18 found.
 glColorMask @ 19 found.
 glDepthMask @ 20 found.
 glDisable @ 21 found.
 glEnable @ 22 found.
 glFinish @ 23 found.
 glFlush @ 24 found.
 glBlendFunc @ 25 found.
 glLogicOp @ 26 found.
 glStencilFunc @ 27 found.
 glStencilOp @ 28 found.
 glDepthFunc @ 29 found.
 glPixelStoref @ 30 found.
 glPixelStorei @ 31 found.
 glReadBuffer @ 32 found.
 glReadPixels @ 33 found.
 glGetBooleanv @ 34 found.
 glGetDoublev @ 35 found.
 glGetError @ 36 found.
 glGetFloatv @ 37 found.
 glGetIntegerv @ 38 found.
 glGetString @ 39 found.
 glGetTexImage @ 40 found.
 glGetTexParameterfv @ 41 found.
 glGetTexParameteriv @ 42 found.
 glGetTexLevelParameterfv @ 43 found.
 glGetTexLevelParameteriv @ 44 found.
 glIsEnabled @ 45 found.
 glDepthRange @ 46 found.
 glViewport @ 47 found.
 glDrawArrays @ 48 found.
 glDrawElements @ 49 found.
 glGetPointerv @ 50 found.
 glPolygonOffset @ 51 found.
 glCopyTexImage1D @ 52 found.
 glCopyTexImage2D @ 53 found.
 glCopyTexSubImage1D @ 54 found.
 glCopyTexSubImage2D @ 55 found.
 glTexSubImage1D @ 56 found.
 glTexSubImage2D @ 57 found.
 glBindTexture @ 58 found.
 glDeleteTextures @ 59 found.
 glGenTextures @ 60 found.
 glIsTexture @ 61 found.
 glDrawRangeElements @ 62 found.
 glTexImage3D @ 63 found.
 glTexSubImage3D @ 64 found.
 glCopyTexSubImage3D @ 65 found.
 glActiveTexture @ 66 found.
 glSampleCoverage @ 67 found.
 glCompressedTexImage3D @ 68 found.
 glCompressedTexImage2D @ 69 found.
 glCompressedTexImage1D @ 70 found.
 glCompressedTexSubImage3D @ 71 found.
 glCompressedTexSubImage2D @ 72 found.
 glCompressedTexSubImage1D @ 73 found.
 glGetCompressedTexImage @ 74 found.
 glBlendFuncSeparate @ 75 found.
 glMultiDrawArrays @ 76 found.
 glMultiDrawElements @ 77 found.
 glPointParameterf @ 78 found.
 glPointParameterfv @ 79 found.
 glPointParameteri @ 80 found.
 glPointParameteriv @ 81 found.
 glBlendColor @ 82 found.
 glBlendEquation @ 83 found.
 glGenQueries @ 84 found.
 glDeleteQueries @ 85 found.
 glIsQuery @ 86 found.
 glBeginQuery @ 87 found.
 glEndQuery @ 88 found.
 glGetQueryiv @ 89 found.
 glGetQueryObjectiv @ 90 found.
 glGetQueryObjectuiv @ 91 found.
 glBindBuffer @ 92 found.
 glDeleteBuffers @ 93 found.
 glGenBuffers @ 94 found.
 glIsBuffer @ 95 found.
 glBufferData @ 96 found.
 glBufferSubData @ 97 found.
 glGetBufferSubData @ 98 found.
 glMapBuffer @ 99 found.
 glUnmapBuffer @ 100 found.
 glGetBufferParameteriv @ 101 found.
 glGetBufferPointerv @ 102 found.
 glBlendEquationSeparate @ 103 found.
 glDrawBuffers @ 104 found.
 glStencilOpSeparate @ 105 found.
 glStencilFuncSeparate @ 106 found.
 glStencilMaskSeparate @ 107 found.
 glAttachShader @ 108 found.
 glBindAttribLocation @ 109 found.
 glCompileShader @ 110 found.
 glCreateProgram @ 111 found.
 glCreateShader @ 112 found.
 glDeleteProgram @ 113 found.
 glDeleteShader @ 114 found.
 glDetachShader @ 115 found.
 glDisableVertexAttribArray @ 116 found.
 glEnableVertexAttribArray @ 117 found.
 glGetActiveAttrib @ 118 found.
 glGetActiveUniform @ 119 found.
 glGetAttachedShaders @ 120 found.
 glGetAttribLocation @ 121 found.
 glGetProgramiv @ 122 found.
 glGetProgramInfoLog @ 123 found.
 glGetShaderiv @ 124 found.
 glGetShaderInfoLog @ 125 found.
 glGetShaderSource @ 126 found.
 glGetUniformLocation @ 127 found.
 glGetUniformfv @ 128 found.
 glGetUniformiv @ 129 found.
 glGetVertexAttribdv @ 130 found.
 glGetVertexAttribfv @ 131 found.
 glGetVertexAttribiv @ 132 found.
 glGetVertexAttribPointerv @ 133 found.
 glIsProgram @ 134 found.
 glIsShader @ 135 found.
 glLinkProgram @ 136 found.
 glShaderSource @ 137 found.
 glUseProgram @ 138 found.
 glUniform1f @ 139 found.
 glUniform2f @ 140 found.
 glUniform3f @ 141 found.
 glUniform4f @ 142 found.
 glUniform1i @ 143 found.
 glUniform2i @ 144 found.
 glUniform3i @ 145 found.
 glUniform4i @ 146 found.
 glUniform1fv @ 147 found.
 glUniform2fv @ 148 found.
 glUniform3fv @ 149 found.
 glUniform4fv @ 150 found.
 glUniform1iv @ 151 found.
 glUniform2iv @ 152 found.
 glUniform3iv @ 153 found.
 glUniform4iv @ 154 found.
 glUniformMatrix2fv @ 155 found.
 glUniformMatrix3fv @ 156 found.
 glUniformMatrix4fv @ 157 found.
 glValidateProgram @ 158 found.
 glVertexAttrib1d @ 159 found.
 glVertexAttrib1dv @ 160 found.
 glVertexAttrib1f @ 161 found.
 glVertexAttrib1fv @ 162 found.
 glVertexAttrib1s @ 163 found.
 glVertexAttrib1sv @ 164 found.
 glVertexAttrib2d @ 165 found.
 glVertexAttrib2dv @ 166 found.
 glVertexAttrib2f @ 167 found.
 glVertexAttrib2fv @ 168 found.
 glVertexAttrib2s @ 169 found.
 glVertexAttrib2sv @ 170 found.
 glVertexAttrib3d @ 171 found.
 glVertexAttrib3dv @ 172 found.
 glVertexAttrib3f @ 173 found.
 glVertexAttrib3fv @ 174 found.
 glVertexAttrib3s @ 175 found.
 glVertexAttrib3sv @ 176 found.
 glVertexAttrib4Nbv @ 177 found.
 glVertexAttrib4Niv @ 178 found.
 glVertexAttrib4Nsv @ 179 found.
 glVertexAttrib4Nub @ 180 found.
 glVertexAttrib4Nubv @ 181 found.
 glVertexAttrib4Nuiv @ 182 found.
 glVertexAttrib4Nusv @ 183 found.
 glVertexAttrib4bv @ 184 found.
 glVertexAttrib4d @ 185 found.
 glVertexAttrib4dv @ 186 found.
 glVertexAttrib4f @ 187 found.
 glVertexAttrib4fv @ 188 found.
 glVertexAttrib4iv @ 189 found.
 glVertexAttrib4s @ 190 found.
 glVertexAttrib4sv @ 191 found.
 glVertexAttrib4ubv @ 192 found.
 glVertexAttrib4uiv @ 193 found.
 glVertexAttrib4usv @ 194 found.
 glVertexAttribPointer @ 195 found.
 glUniformMatrix2x3fv @ 196 found.
 glUniformMatrix3x2fv @ 197 found.
 glUniformMatrix2x4fv @ 198 found.
 glUniformMatrix4x2fv @ 199 found.
 glUniformMatrix3x4fv @ 200 found.
 glUniformMatrix4x3fv @ 201 found.
 glColorMaski @ 202 found.
 glGetBooleani_v @ 203 found.
 glGetIntegeri_v @ 204 found.
 glEnablei @ 205 found.
 glDisablei @ 206 found.
 glIsEnabledi @ 207 found.
 glBeginTransformFeedback @ 208 found.
 glEndTransformFeedback @ 209 found.
 glBindBufferRange @ 210 found.
 glBindBufferBase @ 211 found.
 glTransformFeedbackVaryings @ 212 found.
 glGetTransformFeedbackVarying @ 213 found.
 glClampColor @ 214 found.
 glBeginConditionalRender @ 215 found.
 glEndConditionalRender @ 216 found.
 glVertexAttribIPointer @ 217 found.
 glGetVertexAttribIiv @ 218 found.
 glGetVertexAttribIuiv @ 219 found.
 glVertexAttribI1i @ 220 found.
 glVertexAttribI2i @ 221 found.
 glVertexAttribI3i @ 222 found.
 glVertexAttribI4i @ 223 found.
 glVertexAttribI1ui @ 224 found.
 glVertexAttribI2ui @ 225 found.
 glVertexAttribI3ui @ 226 found.
 glVertexAttribI4ui @ 227 found.
 glVertexAttribI1iv @ 228 found.
 glVertexAttribI2iv @ 229 found.
 glVertexAttribI3iv @ 230 found.
 glVertexAttribI4iv @ 231 found.
 glVertexAttribI1uiv @ 232 found.
 glVertexAttribI2uiv @ 233 found.
 glVertexAttribI3uiv @ 234 found.
 glVertexAttribI4uiv @ 235 found.
 glVertexAttribI4bv @ 236 found.
 glVertexAttribI4sv @ 237 found.
 glVertexAttribI4ubv @ 238 found.
 glVertexAttribI4usv @ 239 found.
 glGetUniformuiv @ 240 found.
 glBindFragDataLocation @ 241 found.
 glGetFragDataLocation @ 242 found.
 glUniform1ui @ 243 found.
 glUniform2ui @ 244 found.
 glUniform3ui @ 245 found.
 glUniform4ui @ 246 found.
 glUniform1uiv @ 247 found.
 glUniform2uiv @ 248 found.
 glUniform3uiv @ 249 found.
 glUniform4uiv @ 250 found.
 glTexParameterIiv @ 251 found.
 glTexParameterIuiv @ 252 found.
 glGetTexParameterIiv @ 253 found.
 glGetTexParameterIuiv @ 254 found.
 glClearBufferiv @ 255 found.
 glClearBufferuiv @ 256 found.
 glClearBufferfv @ 257 found.
 glClearBufferfi @ 258 found.
 glGetStringi @ 259 found.
 glIsRenderbuffer @ 260 found.
 glBindRenderbuffer @ 261 found.
 glDeleteRenderbuffers @ 262 found.
 glGenRenderbuffers @ 263 found.
 glRenderbufferStorage @ 264 found.
 glGetRenderbufferParameteriv @ 265 found.
 glIsFramebuffer @ 266 found.
 glBindFramebuffer @ 267 found.
 glDeleteFramebuffers @ 268 found.
 glGenFramebuffers @ 269 found.
 glCheckFramebufferStatus @ 270 found.
 glFramebufferTexture1D @ 271 found.
 glFramebufferTexture2D @ 272 found.
 glFramebufferTexture3D @ 273 found.
 glFramebufferRenderbuffer @ 274 found.
 glGetFramebufferAttachmentParameteriv @ 275 found.
 glGenerateMipmap @ 276 found.
 glBlitFramebuffer @ 277 found.
 glRenderbufferStorageMultisample @ 278 found.
 glFramebufferTextureLayer @ 279 found.
 glMapBufferRange @ 280 found.
 glFlushMappedBufferRange @ 281 found.
 glBindVertexArray @ 282 found.
 glDeleteVertexArrays @ 283 found.
 glGenVertexArrays @ 284 found.
 glIsVertexArray @ 285 found.
 glDrawArraysInstanced @ 286 found.
 glDrawElementsInstanced @ 287 found.
 glTexBuffer @ 288 found.
 glPrimitiveRestartIndex @ 289 found.
 glCopyBufferSubData @ 290 found.
 glGetUniformIndices @ 291 found.
 glGetActiveUniformsiv @ 292 found.
 glGetActiveUniformName @ 293 found.
 glGetUniformBlockIndex @ 294 found.
 glGetActiveUniformBlockiv @ 295 found.
 glGetActiveUniformBlockName @ 296 found.
 glUniformBlockBinding @ 297 found.
 glDrawElementsBaseVertex @ 298 found.
 glDrawRangeElementsBaseVertex @ 299 found.
 glDrawElementsInstancedBaseVertex @ 300 found.
 glMultiDrawElementsBaseVertex @ 301 found.
 glProvokingVertex @ 302 found.
 glFenceSync @ 303 found.
 glIsSync @ 304 found.
 glDeleteSync @ 305 found.
 glClientWaitSync @ 306 found.
 glWaitSync @ 307 found.
 glGetInteger64v @ 308 found.
 glGetSynciv @ 309 found.
 glGetInteger64i_v @ 310 found.
 glGetBufferParameteri64v @ 311 found.
 glFramebufferTexture @ 312 found.
 glTexImage2DMultisample @ 313 found.
 glTexImage3DMultisample @ 314 found.
 glGetMultisamplefv @ 315 found.
 glSampleMaski @ 316 found.
 glBindFragDataLocationIndexed @ 317 found.
 glGetFragDataIndex @ 318 found.
 glGenSamplers @ 319 found.
 glDeleteSamplers @ 320 found.
 glIsSampler @ 321 found.
 glBindSampler @ 322 found.
 glSamplerParameteri @ 323 found.
 glSamplerParameteriv @ 324 found.
 glSamplerParameterf @ 325 found.
 glSamplerParameterfv @ 326 found.
 glSamplerParameterIiv @ 327 found.
 glSamplerParameterIuiv @ 328 found.
 glGetSamplerParameteriv @ 329 found.
 glGetSamplerParameterIiv @ 330 found.
 glGetSamplerParameterfv @ 331 found.
 glGetSamplerParameterIuiv @ 332 found.
 glQueryCounter @ 333 found.
 glGetQueryObjecti64v @ 334 found.
 glGetQueryObjectui64v @ 335 found.
 glVertexAttribDivisor @ 336 found.
 glVertexAttribP1ui @ 337 found.
 glVertexAttribP1uiv @ 338 found.
 glVertexAttribP2ui @ 339 found.
 glVertexAttribP2uiv @ 340 found.
 glVertexAttribP3ui @ 341 found.
 glVertexAttribP3uiv @ 342 found.
 glVertexAttribP4ui @ 343 found.
 glVertexAttribP4uiv @ 344 found.
 glMinSampleShading @ 345 found.
 glBlendEquationi @ 346 found.
 glBlendEquationSeparatei @ 347 found.
 glBlendFunci @ 348 found.
 glBlendFuncSeparatei @ 349 found.
 glDrawArraysIndirect @ 350 found.
 glDrawElementsIndirect @ 351 found.
 glUniform1d @ 352 found.
 glUniform2d @ 353 found.
 glUniform3d @ 354 found.
 glUniform4d @ 355 found.
 glUniform1dv @ 356 found.
 glUniform2dv @ 357 found.
 glUniform3dv @ 358 found.
 glUniform4dv @ 359 found.
 glUniformMatrix2dv @ 360 found.
 glUniformMatrix3dv @ 361 found.
 glUniformMatrix4dv @ 362 found.
 glUniformMatrix2x3dv @ 363 found.
 glUniformMatrix2x4dv @ 364 found.
 glUniformMatrix3x2dv @ 365 found.
 glUniformMatrix3x4dv @ 366 found.
 glUniformMatrix4x2dv @ 367 found.
 glUniformMatrix4x3dv @ 368 found.
 glGetUniformdv @ 369 found.
 glGetSubroutineUniformLocation @ 370 found.
 glGetSubroutineIndex @ 371 found.
 glGetActiveSubroutineUniformiv @ 372 found.
 glGetActiveSubroutineUniformName @ 373 found.
 glGetActiveSubroutineName @ 374 found.
 glUniformSubroutinesuiv @ 375 found.
 glGetUniformSubroutineuiv @ 376 found.
 glGetProgramStageiv @ 377 found.
 glPatchParameteri @ 378 found.
 glPatchParameterfv @ 379 found.
 glBindTransformFeedback @ 380 found.
 glDeleteTransformFeedbacks @ 381 found.
 glGenTransformFeedbacks @ 382 found.
 glIsTransformFeedback @ 383 found.
 glPauseTransformFeedback @ 384 found.
 glResumeTransformFeedback @ 385 found.
 glDrawTransformFeedback @ 386 found.
 glDrawTransformFeedbackStream @ 387 found.
 glBeginQueryIndexed @ 388 found.
 glEndQueryIndexed @ 389 found.
 glGetQueryIndexediv @ 390 found.
 glReleaseShaderCompiler @ 391 found.
 glShaderBinary @ 392 found.
 glGetShaderPrecisionFormat @ 393 found.
 glDepthRangef @ 394 found.
 glClearDepthf @ 395 found.
 glGetProgramBinary @ 396 found.
 glProgramBinary @ 397 found.
 glProgramParameteri @ 398 found.
 glUseProgramStages @ 399 found.
 glActiveShaderProgram @ 400 found.
 glCreateShaderProgramv @ 401 found.
 glBindProgramPipeline @ 402 found.
 glDeleteProgramPipelines @ 403 found.
 glGenProgramPipelines @ 404 found.
 glIsProgramPipeline @ 405 found.
 glGetProgramPipelineiv @ 406 found.
 glProgramUniform1i @ 407 found.
 glProgramUniform1iv @ 408 found.
 glProgramUniform1f @ 409 found.
 glProgramUniform1fv @ 410 found.
 glProgramUniform1d @ 411 found.
 glProgramUniform1dv @ 412 found.
 glProgramUniform1ui @ 413 found.
 glProgramUniform1uiv @ 414 found.
 glProgramUniform2i @ 415 found.
 glProgramUniform2iv @ 416 found.
 glProgramUniform2f @ 417 found.
 glProgramUniform2fv @ 418 found.
 glProgramUniform2d @ 419 found.
 glProgramUniform2dv @ 420 found.
 glProgramUniform2ui @ 421 found.
 glProgramUniform2uiv @ 422 found.
 glProgramUniform3i @ 423 found.
 glProgramUniform3iv @ 424 found.
 glProgramUniform3f @ 425 found.
 glProgramUniform3fv @ 426 found.
 glProgramUniform3d @ 427 found.
 glProgramUniform3dv @ 428 found.
 glProgramUniform3ui @ 429 found.
 glProgramUniform3uiv @ 430 found.
 glProgramUniform4i @ 431 found.
 glProgramUniform4iv @ 432 found.
 glProgramUniform4f @ 433 found.
 glProgramUniform4fv @ 434 found.
 glProgramUniform4d @ 435 found.
 glProgramUniform4dv @ 436 found.
 glProgramUniform4ui @ 437 found.
 glProgramUniform4uiv @ 438 found.
 glProgramUniformMatrix2fv @ 439 found.
 glProgramUniformMatrix3fv @ 440 found.
 glProgramUniformMatrix4fv @ 441 found.
 glProgramUniformMatrix2dv @ 442 found.
 glProgramUniformMatrix3dv @ 443 found.
 glProgramUniformMatrix4dv @ 444 found.
 glProgramUniformMatrix2x3fv @ 445 found.
 glProgramUniformMatrix3x2fv @ 446 found.
 glProgramUniformMatrix2x4fv @ 447 found.
 glProgramUniformMatrix4x2fv @ 448 found.
 glProgramUniformMatrix3x4fv @ 449 found.
 glProgramUniformMatrix4x3fv @ 450 found.
 glProgramUniformMatrix2x3dv @ 451 found.
 glProgramUniformMatrix3x2dv @ 452 found.
 glProgramUniformMatrix2x4dv @ 453 found.
 glProgramUniformMatrix4x2dv @ 454 found.
 glProgramUniformMatrix3x4dv @ 455 found.
 glProgramUniformMatrix4x3dv @ 456 found.
 glValidateProgramPipeline @ 457 found.
 glGetProgramPipelineInfoLog @ 458 found.
 glVertexAttribL1d @ 459 found.
 glVertexAttribL2d @ 460 found.
 glVertexAttribL3d @ 461 found.
 glVertexAttribL4d @ 462 found.
 glVertexAttribL1dv @ 463 found.
 glVertexAttribL2dv @ 464 found.
 glVertexAttribL3dv @ 465 found.
 glVertexAttribL4dv @ 466 found.
 glVertexAttribLPointer @ 467 found.
 glGetVertexAttribLdv @ 468 found.
 glViewportArrayv @ 469 found.
 glViewportIndexedf @ 470 found.
 glViewportIndexedfv @ 471 found.
 glScissorArrayv @ 472 found.
 glScissorIndexed @ 473 found.
 glScissorIndexedv @ 474 found.
 glDepthRangeArrayv @ 475 found.
 glDepthRangeIndexed @ 476 found.
 glGetFloati_v @ 477 found.
 glGetDoublei_v @ 478 found.
 glDrawArraysInstancedBaseInstance @ 479 found.
 glDrawElementsInstancedBaseInstance @ 480 found.
 glDrawElementsInstancedBaseVertexBaseInstance @ 481 found.
 glGetInternalformativ @ 482 found.
 glGetActiveAtomicCounterBufferiv @ 483 found.
 glBindImageTexture @ 484 found.
 glMemoryBarrier @ 485 found.
 glTexStorage1D @ 486 found.
 glTexStorage2D @ 487 found.
 glTexStorage3D @ 488 found.
 glDrawTransformFeedbackInstanced @ 489 found.
 glDrawTransformFeedbackStreamInstanced @ 490 found.
 glDispatchCompute @ 493 found.
 glDispatchComputeIndirect @ 494 found.
 glFramebufferParameteri @ 496 found.
 glGetFramebufferParameteriv @ 497 found.
 glGetInternalformati64v @ 498 found.
 glInvalidateFramebuffer @ 503 found.
 glInvalidateSubFramebuffer @ 504 found.
 glMultiDrawArraysIndirect @ 505 found.
 glMultiDrawElementsIndirect @ 506 found.
 glGetProgramInterfaceiv @ 507 found.
 glGetProgramResourceIndex @ 508 found.
 glGetProgramResourceName @ 509 found.
 glGetProgramResourceiv @ 510 found.
 glGetProgramResourceLocation @ 511 found.
 glGetProgramResourceLocationIndex @ 512 found.
 glShaderStorageBlockBinding @ 513 found.
 glTexBufferRange @ 514 found.
 glTexStorage2DMultisample @ 515 found.
 glTexStorage3DMultisample @ 516 found.
 glBindVertexBuffer @ 518 found.
 glVertexAttribFormat @ 519 found.
 glVertexAttribIFormat @ 520 found.
 glVertexAttribLFormat @ 521 found.
 glVertexAttribBinding @ 522 found.
 glVertexBindingDivisor @ 523 found.
 glDebugMessageControl @ 524 found.
 glDebugMessageInsert @ 525 found.
 glDebugMessageCallback @ 526 found.
 glGetDebugMessageLog @ 527 found.
 glPushDebugGroup @ 528 found.
 glPopDebugGroup @ 529 found.
 glObjectLabel @ 530 found.
 glGetObjectLabel @ 531 found.
 glObjectPtrLabel @ 532 found.
 glGetObjectPtrLabel @ 533 found.
 glBufferStorage @ 534 found.
 glClipControl @ 543 found.
 glNamedBufferStorage @ 551 found.
 glTextureBufferRange @ 589 found.
 glTextureParameteri @ 606 found.
 glMemoryBarrierByRegion @ 641 found.
 glGetGraphicsResetStatus @ 644 found.
 glGetnCompressedTexImage @ 645 found.
 glGetnTexImage @ 646 found.
 glGetnUniformdv @ 647 found.
 glGetnUniformfv @ 648 found.
 glGetnUniformiv @ 649 found.
 glGetnUniformuiv @ 650 found.
 glReadnPixels @ 651 found.
 afxDrawDriver.c:68?AfxDrawSystemRegisterDriver(dsys=0000000004b273b0,mdle=0000000004a64570,spec=000000000024d900)
 Class[Draw Driver].ConstructInstances(1, 000000000024d640, 000000000024d648)
 Constructing instance 00000000074d8790 of Draw Driver.
 afxDrawDriver.c:110?_AfxDdrvCtor(ddrv=00000000074d8790)
 Draw Context class registered.
New draw driver registered.
Name: SIGGL
Author: SIGMA Technology Group
Version: 0.7.2
Note: 
 ad88888ba   88    ,ad8888ba,     ,ad8888ba,   88           
d8"     "8b  88   d8"'    `"8b   d8"'    `"8b  88           
Y8,          88  d8'            d8'            88           
`Y8aaaaa,    88  88             88             88           
  `"""""8b,  88  88      88888  88      88888  88
        `8b  88  Y8,        88  Y8,        88  88           
Y8a     a8P  88   Y8a.    .a88   Y8a.    .a88  88           
 "Y88888P"   88    `"Y88888P"     `"Y88888P"   88888888888  
 Instance 00000000074d8790[ddrv]^1 built.
 Loading draw ICDs...
 afxModule.c:64?AfxSystemAcquireModule(sys=0000000004b236d0,uri=e2draw.icd)
 Reacquired. (mdle)0000000004a64570^3
 afxModule.c:64?AfxSystemAcquireModule(sys=0000000004b236d0,uri=e2newton.icd)
 Class[Module].ConstructInstances(1, 000000000024d7d0, 000000000024d7d8)
 Constructing instance 000000000704d350 of Module.
 afxModule.c:130?_AfxMdleCtor(uri:e2newton.icd)
 Instance 000000000704d350[mdle]^1 built.
 Instance 0000000004b273b0[dsys]^1 built.
 afxDrawContext.c:266?AfxDrawSystemAcquireContext(dsys=0000000004b273b0,spec=000000000024e620)
 Class[Draw Context].ConstructInstances(1, 000000000024e390, 000000000024e398)
 Constructing instance 0000000007326910 of Draw Context.
 sglDrawContext.c:390?_AfxDctxCtor(dctx=0000000007326910)
 afxAllocator.c:471?AfxSystemAcquireAllocator(sys=0000000004b236d0,strategy=000000000024de28,hint="sglDrawContext.c:413!_AfxDctxCtor")
 Class[Allocator].ConstructInstances(1, 000000000024daf0, 000000000024daf8)
 Constructing instance 00000000051f4080 of Allocator.
 afxAllocator.c:258?_AfxAllCtor(all=00000000051f4080)
 Instance 00000000051f4080[all]^1 built.
 Draw Script class registered.
 Draw Input class registered.
 Draw Queue class registered.
 Buffer class registered.
 Vertex Buffer class registered.
 Index Buffer class registered.
 Sampler class registered.
 Texture class registered.
 Surface class registered.
 Canvas class registered.
 Pipeline Module class registered.
 Pipeline Rig class registered.
 Pipeline class registered.
 Lego class registered.
 Draw Output class registered.
 sglDrawQueue.c:1772?_AfxDrawContextAcquireQueue(dctx=0000000007326910)
 Class[Draw Queue].ConstructInstances(1, 000000000024db70, 000000000024db78)
 Constructing instance 00000000051fc770 of Draw Queue.
 sglDrawQueue.c:1823?_AfxDqueCtor(dque=00000000051fc770)
 afxUniformPipelineDescriptor.c:603?_AfxDrawContextUploadPipelineUrd(dctx=0000000007326910,uri=data/pipeline/rgbaToRgbaYFlipped.pip.urd)
 afxUniformPipelineDescriptor.c:559?_AfxLoadAndParsePipelineUrd(dctx=0000000007326910)
 afxUrd.c:1086?AfxSystemUploadUrd(uri=data/pipeline/rgbaToRgbaYFlipped.pip.urdp)
 Class[Uniform Resource Dictionary].ConstructInstances(1, 0000000000243e00, 0000000000243e08)
 Constructing instance 0000000004afc990 of Uniform Resource Dictionary.
 afxUrd.c:1059?_AfxUrdCtor(uri:data/pipeline/rgbaToRgbaYFlipped.pip.urd)
 afxStream.c:668?AfxSystemAcquireStream(sys:0000000004b236d0,uri:data/pipeline/rgbaToRgbaYFlipped.pip.urd,access=r)
 Class[I/O Stream].ConstructInstances(1, 0000000000243770, 0000000000243778)
 Constructing instance 000000000731baa0 of I/O Stream.
 Acquired. (ios)000000000731baa0^1 <-> "E:/qwadro/afx/data/pipeline/rgbaToRgbaYFlipped.pip.urd"
 Instance 000000000731baa0[ios]^1 built.
 Class[I/O Stream].DestructInstances(1, 00000000002438f8, 0000100000000008)
 Destructing instance 000000000731baa0 of I/O Stream class.
 Instance 000000000731baa0[ios]^0 destroyed.
 Instance 0000000004afc990[urd]^1 built.
 Class[Uniform Resource Dictionary].DestructInstances(1, 0000000000243f68, 0000000100737973)
 Destructing instance 0000000004afc990 of Uniform Resource Dictionary class.
 afxUrd.c:1040?_AfxUrdDtor(urd=0000000004afc990)
 Instance 0000000004afc990[urd]^0 destroyed.
 Class[Pipeline].ConstructInstances(1, 0000000000244060, 0000000000244068)
 Constructing instance 0000000004dd4060 of Pipeline : Resource.
 Constructing instance 0000000004dd4060 of Resource.
 afxResource.c:127?_AfxResCtor(res=0000000004dd4060)
 Constructing instance 0000000004dd4060 of Pipeline.
 sglPipeline.c:637?_AfxPipCtor(pip=0000000004dd4060)
 afxPipelineModule.c:58?AfxDrawContextBuildPipelineModule(dctx=0000000007326910,code=0000000000244980,len=560)
 sglPipelineModule.c:182?_AfxDrawContextBuildPipelineModule(dctx=0000000007326910,code=0000000000244980,len=560)
 Class[Pipeline Module].ConstructInstances(1, 0000000000243640, 0000000000243648)
 Constructing instance 0000000004f3e260 of Pipeline Module.
 sglPipelineModule.c:145?_AfxPipmCtor(pipm=0000000004f3e260)
 Instance 0000000004f3e260[pipm]^1 built.
 Taking connection 0000000004dd41f8 connecting 0000000004f3e260?pipm#1 to holder 0000000004dd4060?pip#1.
 afxPipelineModule.c:58?AfxDrawContextBuildPipelineModule(dctx=0000000007326910,code=00000000002459a0,len=398)
 sglPipelineModule.c:182?_AfxDrawContextBuildPipelineModule(dctx=0000000007326910,code=00000000002459a0,len=398)
 Class[Pipeline Module].ConstructInstances(1, 0000000000243640, 0000000000243648)
 Constructing instance 0000000004f3e140 of Pipeline Module.
 sglPipelineModule.c:145?_AfxPipmCtor(pipm=0000000004f3e140)
 Instance 0000000004f3e140[pipm]^1 built.
 Taking connection 0000000004dd4258 connecting 0000000004f3e140?pipm#1 to holder 0000000004dd4060?pip#1.
 Class[Pipeline Rig].ConstructInstances(1, 0000000000243710, 0000000000243718)
 Constructing instance 0000000004c95f70 of Pipeline Rig.
 sglPipelineRig.c:100?_AfxPiprCtor(pipr=0000000004c95f70)
 Instance 0000000004c95f70[pipa]^1 built.
 Instance 0000000004dd4060[pip]^1 built.
 sglSampler.c:120?_AfxDrawContextAcquireSampler(dctx=0000000007326910,spec=000000000024d6d0)
 Class[Sampler].ConstructInstances(1, 000000000024d140, 000000000024d148)
 Constructing instance 0000000002e8fcf0 of Sampler.
 sglSampler.c:167?_AfxSmpCtor(smp=0000000002e8fcf0)
 Instance 0000000002e8fcf0[smp]^1 built.
 Class[Lego].ConstructInstances(1, 000000000024d210, 000000000024d218)
 Constructing instance 00000000075dfd40 of Lego.
 sglLego.c:147?_AfxLegoCtor(lego=00000000075dfd40)
 Instance 00000000075dfd40[bset]^1 built.
 Class[Vertex Buffer].ConstructInstances(1, 000000000024d060, 000000000024d068)
 Constructing instance 0000000002e8fba0 of Vertex Buffer : Buffer.
 Constructing instance 0000000002e8fba0 of Buffer.
 sglBuffer.c:419?_AfxBufCtor(buf=0000000002e8fba0)
 Constructing instance 0000000002e8fba0 of Vertex Buffer.
 sglVertexBuffer.c:262?_AfxVbufCtor(vbuf=0000000002e8fba0)
 Instance 0000000002e8fba0[vbuf]^1 built.
 Instance 00000000051fc770[dque]^1 built.
 Instance 0000000007326910[dctx]^1 built.
 afxApplication.c:385?AfxSystemAcquireApplication(sys=0000469a0fe67fe3,spec=0000000000000000)
 Class[Application].ConstructInstances(1, 000000000024e3f0, 000000000024e3f8)
 Constructing instance 00000000050dd6b0 of Application.
 afxApplication.c:472?_AfxAppCtor(app=00000000050dd6b0)
 afxMouse.c:232?AfxSystemAcquireMouse(sys=0000000004b236d0,port=0)
 Class[Mouse].ConstructInstances(1, 000000000024dc60, 000000000024dc68)
 Constructing instance 0000000002e8fa50 of Mouse : HID.
 Constructing instance 0000000002e8fa50 of HID.
 afxHid.c:55?_AfxHidCtor(hid=0000000002e8fa50)
 Constructing instance 0000000002e8fa50 of Mouse.
 afxMouse.c:259?_AfxMseCtor(mse=0000000002e8fa50)
 Instance 0000000002e8fa50[mse]^1 built.
 Taking connection 00000000050dd788 connecting 0000000002e8fa50?mse#1 to holder 00000000050dd6b0?app#1.
 afxAllocator.c:471?AfxSystemAcquireAllocator(sys=0000000004b236d0,strategy=000000000024df00,hint="afxApplication.c:507!_AfxAppCtor")
 Class[Allocator].ConstructInstances(1, 000000000024dbc0, 000000000024dbc8)
 Constructing instance 0000000004f3aca0 of Allocator.
 afxAllocator.c:258?_AfxAllCtor(all=0000000004f3aca0)
 Instance 0000000004f3aca0[all]^1 built.
 Taking connection 00000000050dd730 connecting 0000000004f3aca0?all#1 to holder 00000000050dd6b0?app#1.
 sglDrawInput.c:203?_AfxDrawContextAcquireInput(dctx=0000000007326910,spec=000000000024ded0)
 Class[Draw Input].ConstructInstances(1, 000000000024db90, 000000000024db98)
 Constructing instance 0000000004f36880 of Draw Input.
 sglDrawInput.c:252?_AfxDinCtor(din=0000000004f36880)
 afxAllocator.c:471?AfxSystemAcquireAllocator(sys=0000000004b236d0,strategy=000000000024d610,hint="sglDrawInput.c:287!_AfxDinCtor")
 Class[Allocator].ConstructInstances(1, 000000000024d380, 000000000024d388)
 Constructing instance 00000000075e90e0 of Allocator.
 afxAllocator.c:258?_AfxAllCtor(all=00000000075e90e0)
 Instance 00000000075e90e0[all]^1 built.
 Instance 0000000004f36880[din]^1 built.
 Taking connection 00000000050ddcc0 connecting 0000000004f36880?din#1 to holder 00000000050dd6b0?app#1.
 Widget class registered.
 Simulation class registered.
 Instance 00000000050dd6b0[app]^1 built.
 afxApplication.c:337?AfxApplicationExecute(app=00000000050dd6b0)
 mmplayer.c:94?AfxEnterApplication(app=00000000050dd6b0)
 afxStream.c:668?AfxSystemAcquireStream(sys:0000000004b236d0,uri:art/world.tga,access=r)
 Class[I/O Stream].ConstructInstances(1, 000000000024c9b0, 000000000024c9b8)
 Constructing instance 0000000004e364b0 of I/O Stream.
 Acquired. (ios)0000000004e364b0^1 <-> "E:/qwadro/afx/art/world.tga"
 Instance 0000000004e364b0[ios]^1 built.
 ADV afxTextureBlueprint.c:23?AfxTextureBlueprintDeploy
    texb->fcc == AFX_FCC_TEXB
 sglTexture.c:1079?_AfxDrawContextBuildTextures(dctx=0000000007326910,fmt=4,whd=[512,512,1],lodCnt=1,usage=0)
 Class[Texture].ConstructInstances(1, 000000000024c730, 000000000024c738)
 Constructing instance 00000000051ed440 of Texture : Resource.
 Constructing instance 00000000051ed440 of Resource.
 afxResource.c:127?_AfxResCtor(res=00000000051ed440)
 Constructing instance 00000000051ed440 of Texture.
 sglTexture.c:976?_AfxTexCtor(tex=00000000051ed440)
 Instance 00000000051ed440[tex]^1 built.
 Class[I/O Stream].DestructInstances(1, 000000000024cb38, 000000000024ccb0)
 Destructing instance 0000000004e364b0 of I/O Stream class.
 Instance 0000000004e364b0[ios]^0 destroyed.
 afxStream.c:668?AfxSystemAcquireStream(sys:0000000004b236d0,uri:system/world2.tga,access=w)
 Class[I/O Stream].ConstructInstances(1, 000000000024dd90, 000000000024dd98)
 Constructing instance 0000000004e364b0 of I/O Stream.
 Acquired. (ios)0000000004e364b0^1 <-> "E:/qwadro/afx/system64/world2.tga"
 Instance 0000000004e364b0[ios]^1 built.
 Class[I/O Stream].DestructInstances(1, 000000000024df18, 0000000001010101)
 Destructing instance 0000000004e364b0 of I/O Stream class.
 Instance 0000000004e364b0[ios]^0 destroyed.
 Class[Texture].DestructInstances(1, 000000000024e1a8, 0000000000000000)
 Destructing instance 00000000051ed440 of Texture class.
 sglTexture.c:931?_AfxTexDtor(tex=00000000051ed440)
 Destructing instance 00000000051ed440 of Texture : Resource class.
 Destructing instance 00000000051ed440 of Resource class.
 afxResource.c:93?_AfxResDtor(res=00000000051ed440)
 Instance 00000000051ed440[tex]^0 destroyed.
 afxDrawOutput.c:94?AfxDrawContextAcquireOutput(dctx=0000000007326910,extent=000000000024e450,spec=000000000024e310)
 sglDrawOutput.c:255?_AfxDrawContextAcquireOutput(dctx=0000000007326910,extent=000000000024e450,spec=000000000024e310)
 Class[Draw Output].ConstructInstances(1, 000000000024dfb0, 000000000024dfb8)
 Constructing instance 0000000004dd19c0 of Draw Output.
 sglDrawOutput.c:509?_AfxDoutCtor(dout=0000000004dd19c0)
 sglSurface.c:71?_AfxDrawContextAcquireSurface(dctx=0000000007326910,fmt=4,whd=[1280,720,1],usage=16)
 ADV afxTextureBlueprint.c:23?AfxTextureBlueprintDeploy
    texb->fcc == AFX_FCC_TEXB
 Class[Surface].ConstructInstances(1, 000000000024c5e0, 000000000024c5e8)
 Constructing instance 00000000051ed440 of Surface : Texture.
 Constructing instance 00000000051ed440 of Texture : Resource.
 Constructing instance 00000000051ed440 of Resource.
 afxResource.c:127?_AfxResCtor(res=00000000051ed440)
 Constructing instance 00000000051ed440 of Texture.
 sglTexture.c:976?_AfxTexCtor(tex=00000000051ed440)
 Constructing instance 00000000051ed440 of Surface.
 sglSurface.c:127?_AfxSurfCtor(surf=00000000051ed440)
 Instance 00000000051ed440[surf]^1 built.
 sglSurface.c:71?_AfxDrawContextAcquireSurface(dctx=0000000007326910,fmt=4,whd=[1280,720,1],usage=16)
 ADV afxTextureBlueprint.c:23?AfxTextureBlueprintDeploy
    texb->fcc == AFX_FCC_TEXB
 Class[Surface].ConstructInstances(1, 000000000024c5e0, 000000000024c5e8)
 Constructing instance 00000000074d9ca0 of Surface : Texture.
 Constructing instance 00000000074d9ca0 of Texture : Resource.
 Constructing instance 00000000074d9ca0 of Resource.
 afxResource.c:127?_AfxResCtor(res=00000000074d9ca0)
 Constructing instance 00000000074d9ca0 of Texture.
 sglTexture.c:976?_AfxTexCtor(tex=00000000074d9ca0)
 Constructing instance 00000000074d9ca0 of Surface.
 sglSurface.c:127?_AfxSurfCtor(surf=00000000074d9ca0)
 Instance 00000000074d9ca0[surf]^1 built.
 sglDrawOutput.c:462?_AfxStdDoutImplCtor(dout=0000000004dd19c0,uri=window)
 sglDrawOutput.c:313?_AfxStdDoutImplCtorWnd(dout=0000000004dd19c0)
 Extent readjusted. (dout)0000000004dd19c0 -> 1272, 0.000001 of 2341114012; 693 0.000041 of 16843007
 Instance 0000000004dd19c0[dout]^1 built.
 sglCanvas.c:280?_AfxDrawContextAcquireCanvas(dctx=0000000007326910,extent=[1272,693,1],surfaceCnt=1)
 Class[Canvas].ConstructInstances(1, 000000000024dd00, 000000000024dd08)
 Constructing instance 00000000052099e0 of Canvas.
 sglCanvas.c:363?_AfxCanvCtor(canv=00000000052099e0)
 Instance 00000000052099e0[canv]^1 built.
 sglCanvas.c:280?_AfxDrawContextAcquireCanvas(dctx=0000000007326910,extent=[1272,693,1],surfaceCnt=1)
 Class[Canvas].ConstructInstances(1, 000000000024dd00, 000000000024dd08)
 Constructing instance 0000000005209880 of Canvas.
 sglCanvas.c:363?_AfxCanvCtor(canv=0000000005209880)
 Instance 0000000005209880[canv]^1 built.
 sglDrawInput.c:203?_AfxDrawContextAcquireInput(dctx=0000000007326910,spec=000000000024e2e0)
 Class[Draw Input].ConstructInstances(1, 000000000024dfe0, 000000000024dfe8)
 Constructing instance 0000000004f37b10 of Draw Input.
 sglDrawInput.c:252?_AfxDinCtor(din=0000000004f37b10)
 afxAllocator.c:471?AfxSystemAcquireAllocator(sys=0000000004b236d0,strategy=000000000024da60,hint="sglDrawInput.c:287!_AfxDinCtor")
 Class[Allocator].ConstructInstances(1, 000000000024d7d0, 000000000024d7d8)
 Constructing instance 00000000079394d0 of Allocator.
 afxAllocator.c:258?_AfxAllCtor(all=00000000079394d0)
 Instance 00000000079394d0[all]^1 built.
 Instance 0000000004f37b10[din]^1 built.
 afxModule.c:64?AfxSystemAcquireModule(sys=0000000004b236d0,uri=binkw64.dll)
 Class[Module].ConstructInstances(1, 000000000024dd10, 000000000024dd18)
 Constructing instance 0000000007939720 of Module.
 afxModule.c:130?_AfxMdleCtor(uri:binkw64.dll)
 Instance 0000000007939720[mdle]^1 built.
 sglSampler.c:120?_AfxDrawContextAcquireSampler(dctx=0000000007326910,spec=000000000024e190)
 Class[Sampler].ConstructInstances(1, 000000000024dc80, 000000000024dc88)
 Constructing instance 0000000004c8f7e0 of Sampler.
 sglSampler.c:167?_AfxSmpCtor(smp=0000000004c8f7e0)
 Instance 0000000004c8f7e0[smp]^1 built.
 afxUniformPipelineDescriptor.c:603?_AfxDrawContextUploadPipelineUrd(dctx=0000000007326910,uri=data/pipeline/yv12ToRgba.pip.urd)
 afxUniformPipelineDescriptor.c:559?_AfxLoadAndParsePipelineUrd(dctx=0000000007326910)
 afxUrd.c:1086?AfxSystemUploadUrd(uri=data/pipeline/yv12ToRgba.pip.urdp)
 Class[Uniform Resource Dictionary].ConstructInstances(1, 0000000000244940, 0000000000244948)
 Constructing instance 0000000004afcaa0 of Uniform Resource Dictionary.
 afxUrd.c:1059?_AfxUrdCtor(uri:data/pipeline/yv12ToRgba.pip.urd)
 afxStream.c:668?AfxSystemAcquireStream(sys:0000000004b236d0,uri:data/pipeline/yv12ToRgba.pip.urd,access=r)
 Class[I/O Stream].ConstructInstances(1, 00000000002442b0, 00000000002442b8)
 Constructing instance 0000000005108230 of I/O Stream.
 Acquired. (ios)0000000005108230^1 <-> "E:/qwadro/afx/data/pipeline/yv12ToRgba.pip.urd"
 Instance 0000000005108230[ios]^1 built.
 Class[I/O Stream].DestructInstances(1, 0000000000244438, 0000100000000008)
 Destructing instance 0000000005108230 of I/O Stream class.
 Instance 0000000005108230[ios]^0 destroyed.
 Instance 0000000004afcaa0[urd]^1 built.
 Class[Uniform Resource Dictionary].DestructInstances(1, 0000000000244aa8, 0000000100737973)
 Destructing instance 0000000004afcaa0 of Uniform Resource Dictionary class.
 afxUrd.c:1040?_AfxUrdDtor(urd=0000000004afcaa0)
 Instance 0000000004afcaa0[urd]^0 destroyed.
 Class[Pipeline].ConstructInstances(1, 0000000000244ba0, 0000000000244ba8)
 Constructing instance 00000000050ef0b0 of Pipeline : Resource.
 Constructing instance 00000000050ef0b0 of Resource.
 afxResource.c:127?_AfxResCtor(res=00000000050ef0b0)
 Constructing instance 00000000050ef0b0 of Pipeline.
 sglPipeline.c:637?_AfxPipCtor(pip=00000000050ef0b0)
 afxPipelineModule.c:58?AfxDrawContextBuildPipelineModule(dctx=0000000007326910,code=00000000002454c0,len=442)
 sglPipelineModule.c:182?_AfxDrawContextBuildPipelineModule(dctx=0000000007326910,code=00000000002454c0,len=442)
 Class[Pipeline Module].ConstructInstances(1, 0000000000244180, 0000000000244188)
 Constructing instance 0000000004f3e4a0 of Pipeline Module.
 sglPipelineModule.c:145?_AfxPipmCtor(pipm=0000000004f3e4a0)
 Instance 0000000004f3e4a0[pipm]^1 built.
 Taking connection 00000000050ef248 connecting 0000000004f3e4a0?pipm#1 to holder 00000000050ef0b0?pip#1.
 afxPipelineModule.c:58?AfxDrawContextBuildPipelineModule(dctx=0000000007326910,code=00000000002464e0,len=828)
 sglPipelineModule.c:182?_AfxDrawContextBuildPipelineModule(dctx=0000000007326910,code=00000000002464e0,len=828)
 Class[Pipeline Module].ConstructInstances(1, 0000000000244180, 0000000000244188)
 Constructing instance 0000000004f3e380 of Pipeline Module.
 sglPipelineModule.c:145?_AfxPipmCtor(pipm=0000000004f3e380)
 Instance 0000000004f3e380[pipm]^1 built.
 Taking connection 00000000050ef2a8 connecting 0000000004f3e380?pipm#1 to holder 00000000050ef0b0?pip#1.
 Class[Pipeline Rig].ConstructInstances(1, 0000000000244250, 0000000000244258)
 Constructing instance 0000000005108230 of Pipeline Rig.
 sglPipelineRig.c:100?_AfxPiprCtor(pipr=0000000005108230)
 Instance 0000000005108230[pipa]^1 built.
 Instance 00000000050ef0b0[pip]^1 built.
 Class[Vertex Buffer].ConstructInstances(1, 000000000024dba0, 000000000024dba8)
 Constructing instance 0000000004c8f930 of Vertex Buffer : Buffer.
 Constructing instance 0000000004c8f930 of Buffer.
 sglBuffer.c:419?_AfxBufCtor(buf=0000000004c8f930)
 Constructing instance 0000000004c8f930 of Vertex Buffer.
 sglVertexBuffer.c:262?_AfxVbufCtor(vbuf=0000000004c8f930)
 Instance 0000000004c8f930[vbuf]^1 built.
 sglSurface.c:71?_AfxDrawContextAcquireSurface(dctx=0000000007326910,fmt=1,whd=[688,384,1],usage=16)
 ADV afxTextureBlueprint.c:23?AfxTextureBlueprintDeploy
    texb->fcc == AFX_FCC_TEXB
 Class[Surface].ConstructInstances(1, 000000000024b7a0, 000000000024b7a8)
 Constructing instance 0000000004dca1a0 of Surface : Texture.
 Constructing instance 0000000004dca1a0 of Texture : Resource.
 Constructing instance 0000000004dca1a0 of Resource.
 afxResource.c:127?_AfxResCtor(res=0000000004dca1a0)
 Constructing instance 0000000004dca1a0 of Texture.
 sglTexture.c:976?_AfxTexCtor(tex=0000000004dca1a0)
 Constructing instance 0000000004dca1a0 of Surface.
 sglSurface.c:127?_AfxSurfCtor(surf=0000000004dca1a0)
 Instance 0000000004dca1a0[surf]^1 built.
 sglSurface.c:71?_AfxDrawContextAcquireSurface(dctx=0000000007326910,fmt=1,whd=[344,192,1],usage=16)
 ADV afxTextureBlueprint.c:23?AfxTextureBlueprintDeploy
    texb->fcc == AFX_FCC_TEXB
 Class[Surface].ConstructInstances(1, 000000000024b7a0, 000000000024b7a8)
 Constructing instance 000000000750f690 of Surface : Texture.
 Constructing instance 000000000750f690 of Texture : Resource.
 Constructing instance 000000000750f690 of Resource.
 afxResource.c:127?_AfxResCtor(res=000000000750f690)
 Constructing instance 000000000750f690 of Texture.
 sglTexture.c:976?_AfxTexCtor(tex=000000000750f690)
 Constructing instance 000000000750f690 of Surface.
 sglSurface.c:127?_AfxSurfCtor(surf=000000000750f690)
 Instance 000000000750f690[surf]^1 built.
 sglSurface.c:71?_AfxDrawContextAcquireSurface(dctx=0000000007326910,fmt=1,whd=[344,192,1],usage=16)
 ADV afxTextureBlueprint.c:23?AfxTextureBlueprintDeploy
    texb->fcc == AFX_FCC_TEXB
 Class[Surface].ConstructInstances(1, 000000000024b7a0, 000000000024b7a8)
 Constructing instance 0000000004dc8b60 of Surface : Texture.
 Constructing instance 0000000004dc8b60 of Texture : Resource.
 Constructing instance 0000000004dc8b60 of Resource.
 afxResource.c:127?_AfxResCtor(res=0000000004dc8b60)
 Constructing instance 0000000004dc8b60 of Texture.
 sglTexture.c:976?_AfxTexCtor(tex=0000000004dc8b60)
 Constructing instance 0000000004dc8b60 of Surface.
 sglSurface.c:127?_AfxSurfCtor(surf=0000000004dc8b60)
 Instance 0000000004dc8b60[surf]^1 built.
 Class[Lego].ConstructInstances(1, 000000000024c9b0, 000000000024c9b8)
 Constructing instance 000000000750c680 of Lego.
 sglLego.c:147?_AfxLegoCtor(lego=000000000750c680)
 Instance 000000000750c680[bset]^1 built.
 sglCanvas.c:280?_AfxDrawContextAcquireCanvas(dctx=0000000007326910,extent=[688,384,1],surfaceCnt=1)
 Class[Canvas].ConstructInstances(1, 000000000024c710, 000000000024c718)
 Constructing instance 000000000520b400 of Canvas.
 sglCanvas.c:363?_AfxCanvCtor(canv=000000000520b400)
 sglSurface.c:71?_AfxDrawContextAcquireSurface(dctx=0000000007326910,fmt=4,whd=[688,384,1],usage=16)
 ADV afxTextureBlueprint.c:23?AfxTextureBlueprintDeploy
    texb->fcc == AFX_FCC_TEXB
 Class[Surface].ConstructInstances(1, 000000000024ac20, 000000000024ac28)
 Constructing instance 000000000792e7b0 of Surface : Texture.
 Constructing instance 000000000792e7b0 of Texture : Resource.
 Constructing instance 000000000792e7b0 of Resource.
 afxResource.c:127?_AfxResCtor(res=000000000792e7b0)
 Constructing instance 000000000792e7b0 of Texture.
 sglTexture.c:976?_AfxTexCtor(tex=000000000792e7b0)
 Constructing instance 000000000792e7b0 of Surface.
 sglSurface.c:127?_AfxSurfCtor(surf=000000000792e7b0)
 Instance 000000000792e7b0[surf]^1 built.
 Instance 000000000520b400[canv]^1 built.
 sglSurface.c:71?_AfxDrawContextAcquireSurface(dctx=0000000007326910,fmt=1,whd=[688,384,1],usage=16)
 ADV afxTextureBlueprint.c:23?AfxTextureBlueprintDeploy
    texb->fcc == AFX_FCC_TEXB
 Class[Surface].ConstructInstances(1, 000000000024b7a0, 000000000024b7a8)
 Constructing instance 000000000792ea90 of Surface : Texture.
 Constructing instance 000000000792ea90 of Texture : Resource.
 Constructing instance 000000000792ea90 of Resource.
 afxResource.c:127?_AfxResCtor(res=000000000792ea90)
 Constructing instance 000000000792ea90 of Texture.
 sglTexture.c:976?_AfxTexCtor(tex=000000000792ea90)
 Constructing instance 000000000792ea90 of Surface.
 sglSurface.c:127?_AfxSurfCtor(surf=000000000792ea90)
 Instance 000000000792ea90[surf]^1 built.
 sglSurface.c:71?_AfxDrawContextAcquireSurface(dctx=0000000007326910,fmt=1,whd=[344,192,1],usage=16)
 ADV afxTextureBlueprint.c:23?AfxTextureBlueprintDeploy
    texb->fcc == AFX_FCC_TEXB
 Class[Surface].ConstructInstances(1, 000000000024b7a0, 000000000024b7a8)
 Constructing instance 000000000792ed70 of Surface : Texture.
 Constructing instance 000000000792ed70 of Texture : Resource.
 Constructing instance 000000000792ed70 of Resource.
 afxResource.c:127?_AfxResCtor(res=000000000792ed70)
 Constructing instance 000000000792ed70 of Texture.
 sglTexture.c:976?_AfxTexCtor(tex=000000000792ed70)
 Constructing instance 000000000792ed70 of Surface.
 sglSurface.c:127?_AfxSurfCtor(surf=000000000792ed70)
 Instance 000000000792ed70[surf]^1 built.
 sglSurface.c:71?_AfxDrawContextAcquireSurface(dctx=0000000007326910,fmt=1,whd=[344,192,1],usage=16)
 ADV afxTextureBlueprint.c:23?AfxTextureBlueprintDeploy
    texb->fcc == AFX_FCC_TEXB
 Class[Surface].ConstructInstances(1, 000000000024b7a0, 000000000024b7a8)
 Constructing instance 000000000792f050 of Surface : Texture.
 Constructing instance 000000000792f050 of Texture : Resource.
 Constructing instance 000000000792f050 of Resource.
 afxResource.c:127?_AfxResCtor(res=000000000792f050)
 Constructing instance 000000000792f050 of Texture.
 sglTexture.c:976?_AfxTexCtor(tex=000000000792f050)
 Constructing instance 000000000792f050 of Surface.
 sglSurface.c:127?_AfxSurfCtor(surf=000000000792f050)
 Instance 000000000792f050[surf]^1 built.
 Class[Lego].ConstructInstances(1, 000000000024c9b0, 000000000024c9b8)
 Constructing instance 000000000792f330 of Lego.
 sglLego.c:147?_AfxLegoCtor(lego=000000000792f330)
 Instance 000000000792f330[bset]^1 built.
 sglCanvas.c:280?_AfxDrawContextAcquireCanvas(dctx=0000000007326910,extent=[688,384,1],surfaceCnt=1)
 Class[Canvas].ConstructInstances(1, 000000000024c710, 000000000024c718)
 Constructing instance 00000000074950b0 of Canvas.
 sglCanvas.c:363?_AfxCanvCtor(canv=00000000074950b0)
 sglSurface.c:71?_AfxDrawContextAcquireSurface(dctx=0000000007326910,fmt=4,whd=[688,384,1],usage=16)
 ADV afxTextureBlueprint.c:23?AfxTextureBlueprintDeploy
    texb->fcc == AFX_FCC_TEXB
 Class[Surface].ConstructInstances(1, 000000000024ac20, 000000000024ac28)
 Constructing instance 0000000004dd2090 of Surface : Texture.
 Constructing instance 0000000004dd2090 of Texture : Resource.
 Constructing instance 0000000004dd2090 of Resource.
 afxResource.c:127?_AfxResCtor(res=0000000004dd2090)
 Constructing instance 0000000004dd2090 of Texture.
 sglTexture.c:976?_AfxTexCtor(tex=0000000004dd2090)
 Constructing instance 0000000004dd2090 of Surface.
 sglSurface.c:127?_AfxSurfCtor(surf=0000000004dd2090)
 Instance 0000000004dd2090[surf]^1 built.
 Instance 00000000074950b0[canv]^1 built.
 Extent readjusted. (dout)0000000004dd19c0 -> 1366, 0.001538 of 888331; 768 0.000000 of 4294965264
 Extent readjusted. (dout)0000000004dd19c0 -> 1272, 0.000001 of 2343343394; 693 0.000041 of 16843007
 sglDrawScript.c:394?_AfxDrawInputAcquireScript(din=0000000004f37b10)
 Class[Draw Script].ConstructInstances(1, 000000000024d9d0, 000000000024d9d8)
 Constructing instance 000000000791deb0 of Draw Script.
 sglDrawScript.c:412?_AfxDscrCtor(dscr=000000000791deb0)
 Instance 000000000791deb0[dscr]^1 built.
 ADV sglTexture.c:419?_SglTexInstDevice
    tex 0000000000000de1, gl/target 8058, gl/intFmt 1908, gl/fmt 1401, gl/type 1908
 tex 00000000051ed440, instanced.
 Shader 0000000004f3e4a0 reinstanced.
 Shader 0000000004f3e380 reinstanced.
 Draw pipeline 00000000050ef0b0 reinstanced.
 buf 0000000004c8f930, instanced.
 ADV sglTexture.c:419?_SglTexInstDevice
    tex 0000000000000de1, gl/target 8229, gl/intFmt 1903, gl/fmt 1401, gl/type 1903
 tex 0000000004dca1a0, instanced.
 ADV sglTexture.c:419?_SglTexInstDevice
    tex 0000000000000de1, gl/target 8229, gl/intFmt 1903, gl/fmt 1401, gl/type 1903
 tex 000000000750f690, instanced.
 ADV sglTexture.c:419?_SglTexInstDevice
    tex 0000000000000de1, gl/target 8229, gl/intFmt 1903, gl/fmt 1401, gl/type 1903
 tex 0000000004dc8b60, instanced.
 Shader 0000000004f3e260 reinstanced.
 Shader 0000000004f3e140 reinstanced.
 Draw pipeline 0000000004dd4060 reinstanced.
 buf 0000000002e8fba0, instanced.
 ADV sglTexture.c:419?_SglTexInstDevice
    tex 0000000000000de1, gl/target 8058, gl/intFmt 1908, gl/fmt 1401, gl/type 1908
 tex 00000000074d9ca0, instanced.
 ADV sglTexture.c:419?_SglTexInstDevice
    tex 0000000000000de1, gl/target 8229, gl/intFmt 1903, gl/fmt 1401, gl/type 1903
 tex 000000000792ea90, instanced.
 ADV sglTexture.c:419?_SglTexInstDevice
    tex 0000000000000de1, gl/target 8229, gl/intFmt 1903, gl/fmt 1401, gl/type 1903
 tex 000000000792ed70, instanced.
 ADV sglTexture.c:419?_SglTexInstDevice
    tex 0000000000000de1, gl/target 8229, gl/intFmt 1903, gl/fmt 1401, gl/type 1903
 tex 000000000792f050, instanced.
 ADV afxSystem.c:996?AfxSystemProcess
    User input requested application break.
 afxApplication.c:310?AfxApplicationExit(app=00000000050dd6b0)
 mmplayer.c:220?AfxLeaveApplication(app=00000000050dd6b0)
 aaaaaaaaaaaa
 Class[Draw Input].DestructInstances(1, 000000000024e3d8, 0000000000000000)
 Destructing instance 0000000004f37b10 of Draw Input class.
 sglDrawInput.c:215?_AfxDinDtor(din=0000000004f37b10)
 Instance 0000000004f37b10[din]^0 destroyed.
 Class[Canvas].DestructInstances(1, 000000000024e2d8, 0000000000000000)
 Destructing instance 000000000520b400 of Canvas class.
 sglCanvas.c:341?_AfxCanvDtor(canv=000000000520b400)
 sglCanvas.c:315?_AfxCanvDropAllSurfaces(canv=000000000520b400)
 Class[Surface].DestructInstances(1, 000000000024dd58, 0000000004c972b0)
 Destructing instance 000000000792e7b0 of Surface class.
 sglSurface.c:94?_AfxSurfDtor(surf=000000000792e7b0)
 Destructing instance 000000000792e7b0 of Surface : Texture class.
 Destructing instance 000000000792e7b0 of Texture class.
 sglTexture.c:931?_AfxTexDtor(tex=000000000792e7b0)
 Destructing instance 000000000792e7b0 of Texture : Resource class.
 Destructing instance 000000000792e7b0 of Resource class.
 afxResource.c:93?_AfxResDtor(res=000000000792e7b0)
 Instance 000000000792e7b0[surf]^0 destroyed.
 Instance 000000000520b400[canv]^0 destroyed.
 Class[Lego].DestructInstances(1, 000000000024e2d8, 0000000000000001)
 Destructing instance 000000000750c680 of Lego class.
 sglLego.c:130?_AfxLegoDtor(pipa=000000000750c680)
 Instance 000000000750c680[bset]^0 destroyed.
 Class[Surface].DestructInstances(1, 000000000024e2d8, 0000000000000001)
 Destructing instance 0000000004dca1a0 of Surface class.
 sglSurface.c:94?_AfxSurfDtor(surf=0000000004dca1a0)
 Destructing instance 0000000004dca1a0 of Surface : Texture class.
 Destructing instance 0000000004dca1a0 of Texture class.
 sglTexture.c:931?_AfxTexDtor(tex=0000000004dca1a0)
 Destructing instance 0000000004dca1a0 of Texture : Resource class.
 Destructing instance 0000000004dca1a0 of Resource class.
 afxResource.c:93?_AfxResDtor(res=0000000004dca1a0)
 Instance 0000000004dca1a0[surf]^0 destroyed.
 Class[Surface].DestructInstances(1, 000000000024e2d8, 0000000000000001)
 Destructing instance 000000000750f690 of Surface class.
 sglSurface.c:94?_AfxSurfDtor(surf=000000000750f690)
 Destructing instance 000000000750f690 of Surface : Texture class.
 Destructing instance 000000000750f690 of Texture class.
 sglTexture.c:931?_AfxTexDtor(tex=000000000750f690)
 Destructing instance 000000000750f690 of Texture : Resource class.
 Destructing instance 000000000750f690 of Resource class.
 afxResource.c:93?_AfxResDtor(res=000000000750f690)
 Instance 000000000750f690[surf]^0 destroyed.
 Class[Surface].DestructInstances(1, 000000000024e2d8, 0000000000000001)
 Destructing instance 0000000004dc8b60 of Surface class.
 sglSurface.c:94?_AfxSurfDtor(surf=0000000004dc8b60)
 Destructing instance 0000000004dc8b60 of Surface : Texture class.
 Destructing instance 0000000004dc8b60 of Texture class.
 sglTexture.c:931?_AfxTexDtor(tex=0000000004dc8b60)
 Destructing instance 0000000004dc8b60 of Texture : Resource class.
 Destructing instance 0000000004dc8b60 of Resource class.
 afxResource.c:93?_AfxResDtor(res=0000000004dc8b60)
 Instance 0000000004dc8b60[surf]^0 destroyed.
 Class[Canvas].DestructInstances(1, 000000000024e2d8, 0000000000000001)
 Destructing instance 00000000074950b0 of Canvas class.
 sglCanvas.c:341?_AfxCanvDtor(canv=00000000074950b0)
 sglCanvas.c:315?_AfxCanvDropAllSurfaces(canv=00000000074950b0)
 Class[Surface].DestructInstances(1, 000000000024dd58, 0000000000000000)
 Destructing instance 0000000004dd2090 of Surface class.
 sglSurface.c:94?_AfxSurfDtor(surf=0000000004dd2090)
 Destructing instance 0000000004dd2090 of Surface : Texture class.
 Destructing instance 0000000004dd2090 of Texture class.
 sglTexture.c:931?_AfxTexDtor(tex=0000000004dd2090)
 Destructing instance 0000000004dd2090 of Texture : Resource class.
 Destructing instance 0000000004dd2090 of Resource class.
 afxResource.c:93?_AfxResDtor(res=0000000004dd2090)
 Instance 0000000004dd2090[surf]^0 destroyed.
 Instance 00000000074950b0[canv]^0 destroyed.
 Class[Lego].DestructInstances(1, 000000000024e2d8, 0000000000000001)
 Destructing instance 000000000792f330 of Lego class.
 sglLego.c:130?_AfxLegoDtor(pipa=000000000792f330)
 Instance 000000000792f330[bset]^0 destroyed.
 Class[Surface].DestructInstances(1, 000000000024e2d8, 0000000000000001)
 Destructing instance 000000000792ea90 of Surface class.
 sglSurface.c:94?_AfxSurfDtor(surf=000000000792ea90)
 Destructing instance 000000000792ea90 of Surface : Texture class.
 Destructing instance 000000000792ea90 of Texture class.
 sglTexture.c:931?_AfxTexDtor(tex=000000000792ea90)
 Destructing instance 000000000792ea90 of Texture : Resource class.
 Destructing instance 000000000792ea90 of Resource class.
 afxResource.c:93?_AfxResDtor(res=000000000792ea90)
 Instance 000000000792ea90[surf]^0 destroyed.
 Class[Surface].DestructInstances(1, 000000000024e2d8, 0000000000000001)
 Destructing instance 000000000792ed70 of Surface class.
 sglSurface.c:94?_AfxSurfDtor(surf=000000000792ed70)
 Destructing instance 000000000792ed70 of Surface : Texture class.
 Destructing instance 000000000792ed70 of Texture class.
 sglTexture.c:931?_AfxTexDtor(tex=000000000792ed70)
 Destructing instance 000000000792ed70 of Texture : Resource class.
 Destructing instance 000000000792ed70 of Resource class.
 afxResource.c:93?_AfxResDtor(res=000000000792ed70)
 Instance 000000000792ed70[surf]^0 destroyed.
 Class[Surface].DestructInstances(1, 000000000024e2d8, 0000000000000001)
 Destructing instance 000000000792f050 of Surface class.
 sglSurface.c:94?_AfxSurfDtor(surf=000000000792f050)
 Destructing instance 000000000792f050 of Surface : Texture class.
 Destructing instance 000000000792f050 of Texture class.
 sglTexture.c:931?_AfxTexDtor(tex=000000000792f050)
 Destructing instance 000000000792f050 of Texture : Resource class.
 Destructing instance 000000000792f050 of Resource class.
 afxResource.c:93?_AfxResDtor(res=000000000792f050)
 Instance 000000000792f050[surf]^0 destroyed.
 Class[Module].DestructInstances(1, 000000000024e398, 000000000024e140)
 Destructing instance 0000000007939720 of Module class.
 afxModule.c:116?_AfxMdleDtor(mdle=0000000007939720)
 Instance 0000000007939720[mdle]^0 destroyed.
 Class[Sampler].DestructInstances(1, 000000000024e398, 0000000000000001)
 Destructing instance 0000000004c8f7e0 of Sampler class.
 sglSampler.c:140?_AfxSmpDtor(smp=0000000004c8f7e0)
 Instance 0000000004c8f7e0[smp]^0 destroyed.
 Class[Pipeline].DestructInstances(1, 000000000024e398, 0000000000000001)
 Dropping connection 00000000050ef2a8 from 0000000004f3e380?pipm#1 to holder 00000000050ef0b0?pip#0.
 Dropping connection 00000000050ef248 from 0000000004f3e4a0?pipm#1 to holder 00000000050ef0b0?pip#0.
 Destructing instance 00000000050ef0b0 of Pipeline class.
 sglPipeline.c:566?_AfxPipDtor(pip=00000000050ef0b0)
 Class[Pipeline Rig].DestructInstances(1, 000000000024de48, 0000000000000000)
 Destructing instance 0000000005108230 of Pipeline Rig class.
 sglPipelineRig.c:82?_AfxPiprDtor(pipr=0000000005108230)
 Instance 0000000005108230[pipa]^0 destroyed.
 Destructing instance 00000000050ef0b0 of Pipeline : Resource class.
 Destructing instance 00000000050ef0b0 of Resource class.
 afxResource.c:93?_AfxResDtor(res=00000000050ef0b0)
 Instance 00000000050ef0b0[pip]^0 destroyed.
 Class[Vertex Buffer].DestructInstances(1, 000000000024e398, 0000000000000001)
 Destructing instance 0000000004c8f930 of Vertex Buffer class.
 sglVertexBuffer.c:220?_AfxVbufDtor(vbuf=0000000004c8f930)
 Destructing instance 0000000004c8f930 of Vertex Buffer : Buffer class.
 Destructing instance 0000000004c8f930 of Buffer class.
 sglBuffer.c:388?_AfxBufDtor(buf=0000000004c8f930)
 Instance 0000000004c8f930[vbuf]^0 destroyed.
 Class[Application].DestructInstances(1, 000000000024e4f8, 000007fed9f42a59)
 Dropping connection 00000000050ddcc0 from 0000000004f36880?din#1 to holder 00000000050dd6b0?app#0.
 Dropping connection 00000000050dd730 from 0000000004f3aca0?all#1 to holder 00000000050dd6b0?app#0.
 Dropping connection 00000000050dd788 from 0000000002e8fa50?mse#1 to holder 00000000050dd6b0?app#0.
 Destructing instance 00000000050dd6b0 of Application class.
 afxApplication.c:399?_AfxAppDtor(app=00000000050dd6b0)
 Deregistering Simulation class...
 Simulation class deregistered.
 Deregistering Widget class...
 Widget class deregistered.
 Instance 00000000050dd6b0[app]^0 destroyed.
 Class[Draw System].DestructInstances(1, 000000000024e4f8, 0000000000000001)
 Destructing instance 0000000004b273b0 of Draw System class.
 afxDrawSystem.c:224?_AfxDsysDtor(dsys=0000000004b273b0)
 Deregistering Draw Driver class...
 Class[Draw Driver].DestructInstances(1, 000000000024dd88, 0000000000000000)
 Destructing instance 00000000074d8790 of Draw Driver class.
 afxDrawDriver.c:88?_AfxDdrvDtor(ddrv=00000000074d8790)
 Deregistering Draw Context class...
 Class[Draw Context].DestructInstances(1, 000000000024d638, 0000000000000000)
 Destructing instance 0000000007326910 of Draw Context class.
 sglDrawContext.c:308?_AfxDctxDtor(dctx=0000000007326910)
 Deregistering Draw Output class...
 Class[Draw Output].DestructInstances(1, 000000000024cf28, 0000000000270230)
 Destructing instance 0000000004dd19c0 of Draw Output class.
 sglDrawOutput.c:275?_AfxDoutDtor(dout=0000000004dd19c0)
 sglDrawOutput.c:229?_AfxDoutDropAllSurfaces(dout=0000000004dd19c0)
 Instance 0000000004dd19c0[dout]^0 destroyed.
 Draw Output class deregistered.
 Deregistering Lego class...
 Class[Lego].DestructInstances(1, 000000000024cf28, 0000000000000001)
 Destructing instance 00000000075dfd40 of Lego class.
 sglLego.c:130?_AfxLegoDtor(pipa=00000000075dfd40)
 Instance 00000000075dfd40[bset]^0 destroyed.
 Lego class deregistered.
 Deregistering Pipeline class...
 Class[Pipeline].DestructInstances(1, 000000000024cf28, 0000000000000001)
 Dropping connection 0000000004dd4258 from 0000000004f3e140?pipm#1 to holder 0000000004dd4060?pip#0.
 Dropping connection 0000000004dd41f8 from 0000000004f3e260?pipm#1 to holder 0000000004dd4060?pip#0.
 Destructing instance 0000000004dd4060 of Pipeline class.
 sglPipeline.c:566?_AfxPipDtor(pip=0000000004dd4060)
 Class[Pipeline Rig].DestructInstances(1, 000000000024c9d8, 0000000000000000)
 Destructing instance 0000000004c95f70 of Pipeline Rig class.
 sglPipelineRig.c:82?_AfxPiprDtor(pipr=0000000004c95f70)
 Instance 0000000004c95f70[pipa]^0 destroyed.
 Destructing instance 0000000004dd4060 of Pipeline : Resource class.
 Destructing instance 0000000004dd4060 of Resource class.
 afxResource.c:93?_AfxResDtor(res=0000000004dd4060)
 Instance 0000000004dd4060[pip]^0 destroyed.
 Pipeline class deregistered.
 Deregistering Pipeline Rig class...
 Pipeline Rig class deregistered.
 Deregistering Pipeline Module class...
 Class[Pipeline Module].DestructInstances(1, 000000000024cf28, 0000000000000001)
 Destructing instance 0000000004f3e380 of Pipeline Module class.
 Instance 0000000004f3e380[pipm]^0 destroyed.
 Class[Pipeline Module].DestructInstances(1, 000000000024cf28, 0000000000000001)
 Destructing instance 0000000004f3e4a0 of Pipeline Module class.
 Instance 0000000004f3e4a0[pipm]^0 destroyed.
 Class[Pipeline Module].DestructInstances(1, 000000000024cf28, 0000000000000001)
 Destructing instance 0000000004f3e140 of Pipeline Module class.
 Instance 0000000004f3e140[pipm]^0 destroyed.
 Class[Pipeline Module].DestructInstances(1, 000000000024cf28, 0000000000000001)
 Destructing instance 0000000004f3e260 of Pipeline Module class.
 Instance 0000000004f3e260[pipm]^0 destroyed.
 Pipeline Module class deregistered.
 Deregistering Canvas class...
 Class[Canvas].DestructInstances(1, 000000000024cf28, 0000000000000001)
 Destructing instance 0000000005209880 of Canvas class.
 sglCanvas.c:341?_AfxCanvDtor(canv=0000000005209880)
 sglCanvas.c:315?_AfxCanvDropAllSurfaces(canv=0000000005209880)
 Class[Surface].DestructInstances(1, 000000000024c9a8, 0000000000000000)
 Destructing instance 00000000074d9ca0 of Surface class.
 sglSurface.c:94?_AfxSurfDtor(surf=00000000074d9ca0)
 Destructing instance 00000000074d9ca0 of Surface : Texture class.
 Destructing instance 00000000074d9ca0 of Texture class.
 sglTexture.c:931?_AfxTexDtor(tex=00000000074d9ca0)
 Destructing instance 00000000074d9ca0 of Texture : Resource class.
 Destructing instance 00000000074d9ca0 of Resource class.
 afxResource.c:93?_AfxResDtor(res=00000000074d9ca0)
 Instance 00000000074d9ca0[surf]^0 destroyed.
 Instance 0000000005209880[canv]^0 destroyed.
 Class[Canvas].DestructInstances(1, 000000000024cf28, 0000000000000001)
 Destructing instance 00000000052099e0 of Canvas class.
 sglCanvas.c:341?_AfxCanvDtor(canv=00000000052099e0)
 sglCanvas.c:315?_AfxCanvDropAllSurfaces(canv=00000000052099e0)
 Class[Surface].DestructInstances(1, 000000000024c9a8, 0000000000000000)
 Destructing instance 00000000051ed440 of Surface class.
 sglSurface.c:94?_AfxSurfDtor(surf=00000000051ed440)
 Destructing instance 00000000051ed440 of Surface : Texture class.
 Destructing instance 00000000051ed440 of Texture class.
 sglTexture.c:931?_AfxTexDtor(tex=00000000051ed440)
 Destructing instance 00000000051ed440 of Texture : Resource class.
 Destructing instance 00000000051ed440 of Resource class.
 afxResource.c:93?_AfxResDtor(res=00000000051ed440)
 Instance 00000000051ed440[surf]^0 destroyed.
 Instance 00000000052099e0[canv]^0 destroyed.
 Canvas class deregistered.
 Deregistering Surface class...
 Surface class deregistered.
 Deregistering Texture class...
 Texture class deregistered.
 Deregistering Sampler class...
 Class[Sampler].DestructInstances(1, 000000000024cf28, 0000000000000001)
 Destructing instance 0000000002e8fcf0 of Sampler class.
 sglSampler.c:140?_AfxSmpDtor(smp=0000000002e8fcf0)
 Instance 0000000002e8fcf0[smp]^0 destroyed.
 Sampler class deregistered.
 Deregistering Index Buffer class...
 Index Buffer class deregistered.
 Deregistering Vertex Buffer class...
 Class[Vertex Buffer].DestructInstances(1, 000000000024cf28, 0000000000000001)
 Destructing instance 0000000002e8fba0 of Vertex Buffer class.
 sglVertexBuffer.c:220?_AfxVbufDtor(vbuf=0000000002e8fba0)
 Destructing instance 0000000002e8fba0 of Vertex Buffer : Buffer class.
 Destructing instance 0000000002e8fba0 of Buffer class.
 sglBuffer.c:388?_AfxBufDtor(buf=0000000002e8fba0)
 Instance 0000000002e8fba0[vbuf]^0 destroyed.
 Vertex Buffer class deregistered.
 Deregistering Buffer class...
 Buffer class deregistered.
 Deregistering Draw Queue class...
 Class[Draw Queue].DestructInstances(1, 000000000024cf28, 0000000000000001)
 Destructing instance 00000000051fc770 of Draw Queue class.
 sglDrawQueue.c:1790?_AfxDqueDtor(dque=00000000051fc770)
 Instance 00000000051fc770[dque]^0 destroyed.
 Draw Queue class deregistered.
 Deregistering Draw Input class...
 Class[Draw Input].DestructInstances(1, 000000000024cf28, 0000000000000001)
 Destructing instance 0000000004f36880 of Draw Input class.
 sglDrawInput.c:215?_AfxDinDtor(din=0000000004f36880)
 Instance 0000000004f36880[din]^0 destroyed.
 Draw Input class deregistered.
 Deregistering Draw Script class...
 Class[Draw Script].DestructInstances(1, 000000000024cf28, 0000000000000001)
 Destructing instance 000000000791deb0 of Draw Script class.
 sglDrawScript.c:427?_AfxDscrDtor(dscr=000000000791deb0)
 Instance 000000000791deb0[dscr]^0 destroyed.
 Draw Script class deregistered.
 Class[Allocator].DestructInstances(1, 000000000024d168, 0000000099000198)
 Destructing instance 00000000051f4080 of Allocator class.
 afxAllocator.c:238?_AfxAllDtor(all=00000000051f4080)
 Instance 00000000051f4080[all]^0 destroyed.
 Instance 0000000007326910[dctx]^0 destroyed.
 Draw Context class deregistered.
 Instance 00000000074d8790[ddrv]^0 destroyed.
 Draw Driver class deregistered.
 Class[Allocator].DestructInstances(1, 000000000024dfc8, 0000000000000000)
 Destructing instance 0000000004b27610 of Allocator class.
 afxAllocator.c:238?_AfxAllDtor(all=0000000004b27610)
 Instance 0000000004b27610[all]^0 destroyed.
 Instance 0000000004b273b0[dsys]^0 destroyed.
 Class[Core Execution System].DestructInstances(1, 000000000024e4f8, 0000000000000001)
 Destructing instance 0000000004b236d0 of Core Execution System class.
 afxSystem.c:1144?_AfxSysDtor(sys=0000000004b236d0)
 Point "sound" rwx[1,0,0] unmounted -> "E:/qwadro/afx/system64/../sound".
 Point "data" rwx[1,0,0] unmounted -> "E:/qwadro/afx/system64/../data".
 Point "art" rwx[1,0,0] unmounted -> "E:/qwadro/afx/system64/../art".
 Point "system" rwx[1,0,0] unmounted -> "E:/qwadro/afx/system64".
 Point "." rwx[1,0,0] unmounted -> "E:/qwadro/afx/system64/..".
 Deregistering Application class...
 Application class deregistered.
 Deregistering Draw System class...
 Draw System class deregistered.
 Deregistering Mouse class...
 Class[Mouse].DestructInstances(1, 000000000024dd08, 0101010100000001)
 Destructing instance 0000000002e8fa50 of Mouse class.
 afxMouse.c:250?_AfxMseDtor(mse=0000000002e8fa50)
 Destructing instance 0000000002e8fa50 of Mouse : HID class.
 Destructing instance 0000000002e8fa50 of HID class.
 afxHid.c:46?_AfxHidDtor(hid=0000000002e8fa50)
 Instance 0000000002e8fa50[mse]^0 destroyed.
 Mouse class deregistered.
 Deregistering Keyboard class...
 Class[Keyboard].DestructInstances(1, 000000000024dd08, 0000000000000001)
 Destructing instance 0000000004b26aa0 of Keyboard class.
 afxKeyboard.c:181?_AfxKbdDtor(kbd=0000000004b26aa0)
 Destructing instance 0000000004b26aa0 of Keyboard : HID class.
 Destructing instance 0000000004b26aa0 of HID class.
 afxHid.c:46?_AfxHidDtor(hid=0000000004b26aa0)
 Instance 0000000004b26aa0[kbd]^0 destroyed.
 Keyboard class deregistered.
 Deregistering HID class...
 HID class deregistered.
 Deregistering Uniform Resource Dictionary class...
 Uniform Resource Dictionary class deregistered.
 Deregistering Resource class...
 Resource class deregistered.
 Deregistering Archive class...
 Archive class deregistered.
 Deregistering I/O Stream class...
 I/O Stream class deregistered.
 Deregistering Module class...
 Class[Module].DestructInstances(1, 000000000024dd08, 000007fed355bb73)
 Destructing instance 000000000704d350 of Module class.
 afxModule.c:116?_AfxMdleDtor(mdle=000000000704d350)
 Instance 000000000704d350[mdle]^0 destroyed.
 Class[Module].DestructInstances(1, 000000000024dd08, 0000000000000001)
 Destructing instance 0000000004a64570 of Module class.
 afxModule.c:116?_AfxMdleDtor(mdle=0000000004a64570)
 Instance 0000000004a64570[mdle]^0 destroyed.
 Class[Module].DestructInstances(1, 000000000024dd08, 0000000000000001)
 Destructing instance 0000000004a64430 of Module class.
 afxModule.c:116?_AfxMdleDtor(mdle=0000000004a64430)
 Instance 0000000004a64430[mdle]^0 destroyed.
 Module class deregistered.
 Deregistering Thread class...
 Thread class deregistered.
 Deregistering Allocator class...
 Class[Allocator].DestructInstances(1, 000000000024dd08, 000007fed355bb73)
 Destructing instance 00000000079394d0 of Allocator class.
 afxAllocator.c:238?_AfxAllDtor(all=00000000079394d0)
 Instance 00000000079394d0[all]^0 destroyed.
 Class[Allocator].DestructInstances(1, 000000000024dd08, 0000000000000001)
 Destructing instance 00000000075e90e0 of Allocator class.
 afxAllocator.c:238?_AfxAllDtor(all=00000000075e90e0)
 Instance 00000000075e90e0[all]^0 destroyed.
 Class[Allocator].DestructInstances(1, 000000000024dd08, 0000000000000001)
 Destructing instance 0000000004f3aca0 of Allocator class.
 afxAllocator.c:238?_AfxAllDtor(all=0000000004f3aca0)
 Instance 0000000004f3aca0[all]^0 destroyed.
 Class[Allocator].DestructInstances(1, 000000000024dd08, 0000000000000001)
 Destructing instance 0000000004a8bdb0 of Allocator class.
 afxAllocator.c:238?_AfxAllDtor(all=0000000004a8bdb0)
 Instance 0000000004a8bdb0[all]^0 destroyed.
 Allocator class deregistered.
 Instance 0000000004b236d0[sys]^0 destroyed.