
 afxDebug.c:363?AfxAttachDebugTerminal()
      ::::::::  :::       :::     :::     :::::::::  :::::::::   ::::::::      
     :+:    :+: :+:       :+:   :+: :+:   :+:    :+: :+:    :+: :+:    :+:     
     +:+    +:+ +:+       +:+  +:+   +:+  +:+    +:+ +:+    +:+ +:+    +:+     
     +#+    +:+ +#+  +:+  +#+ +#++:++#++: +#+    +:+ +#++:++#:  +#+    +:+     
     +#+  # +#+ +#+ +#+#+ +#+ +#+     +#+ +#+    +#+ +#+    +#+ +#+    +#+     
     #+#   +#+   #+#+# #+#+#  #+#     #+# #+#    #+# #+#    #+# #+#    #+#     
      ###### ###  ###   ###   ###     ### #########  ###    ###  ########      
                                                                               
             S I G M A   C O . ,   T E C H N O L O G Y   G R O U P             
                                                                             
                         QWADRO Application Framework                        
                              Public Test Build                              
                     (c) 2017 SIGMA Co., Technology Group                    
                               www.sigmaco.org                               
                                                                             
                                                                             
 Core Execution System class initialized.
 Acquiring Core Execution System...
 Running constructor for Core Execution System, instance 0016d4e0.
 afxSystem.c:1121?_AfxSysCtor(sys=0016d4e0)
 MemContext class initialized.
 Point "." rwx[1,0,0] mounted -> "E:/qwadro/afx/cooked/_system32/..".
 Point "system" rwx[1,0,0] mounted -> "E:/qwadro/afx/cooked/_system32".
 Point "art" rwx[1,0,0] mounted -> "E:/qwadro/afx/cooked/_system32/../../_art".
 Point "data" rwx[1,0,0] mounted -> "E:/qwadro/afx/cooked/_system32/../../_data".
 Point "sound" rwx[1,0,0] mounted -> "E:/qwadro/afx/cooked/_system32/../../_sound".
 Thread class initialized.
 Module class initialized.
 afxModule.c:63?AfxSystemAcquireModule(sys=0016d4e0,uri=system/e2coree.dll)
 Acquiring Module...
 Running constructor for Module, instance 00170ac0.
 afxModule.c:129?_AfxMdleCtor(uri:system/e2coree.dll)
 Object 00170ac0[mdle]^1 acquired.
 Taking connection 0016ecf8 connecting 00170ac0?mdle#1 to holder 0016d4e0?sys#1.
 I/O Stream class initialized.
 Archive class initialized.
 Resource class initialized.
 Uniform Resource Dictionary class initialized.
 HID class initialized.
 Keyboard class initialized.
 Mouse class initialized.
 Draw System class initialized.
 Application class initialized.
 Object 0016d4e0[sys]^1 acquired.
 afxDrawSystem.c:171?AfxSystemAcquireDrawSystem(sys=0016d4e0)
 Acquiring Draw System...
 Running constructor for Draw System, instance 00171010.
 afxDrawSystem.c:250?_AfxDsysCtor(dsys=00171010)
 Draw Driver class initialized.
New texture codec registered.
Name: SIGGL
Author: SIGMA Technology Group
Version: 0.5.1
Note: 
    :::::::::::     :::     :::::::::   ::::::::      :::        
        :+:       :+: :+:   :+:    :+: :+:    :+:   :+: :+:      
        +:+      +:+   +:+  +:+    +:+ +:+         +:+   +:+     
        +#+     +#++:++#++: +#++:++#:  :#:        +#++:++#++:    
        +#+     +#+     +#+ +#+    +#+ +#+   +#+# +#+     +#+    
        #+#     #+#     #+# #+#    #+# #+#    #+# #+#     #+#    
        ###     ###     ### ###    ###  ########  ###     ###    
                                                                 
                      SIGMA Technology Group                     
 Truecolor Targa texture serializer installed!
 afxModule.c:63?AfxSystemAcquireModule(sys=0016d4e0,uri=e2draw.icd)
 Acquiring Module...
 Running constructor for Module, instance 00170b90.
 afxModule.c:129?_AfxMdleCtor(uri:e2draw.icd)
 Object 00170b90[mdle]^1 acquired.
 afxDrawDriver.c:46?AfxDrawSystemRegisterDriver(dsys=00171010,mdle=00170b90,spec=0046e6ac)
 Acquiring Draw Driver...
 Running constructor for Draw Driver, instance 00172cd0.
 afxDrawDriver.c:79?_AfxDdrvCtor(ddrv=00172cd0)
 Draw Context class initialized.
New draw driver registered.
Name: SIGGL
Author: SIGMA Technology Group
Version: 0.7.2
Note: 
 ad88888ba   88    ,ad8888ba,     ,ad8888ba,   88           
d8"     "8b  88   d8"'    `"8b   d8"'    `"8b  88           
Y8,          88  d8'            d8'            88           
`Y8aaaaa,    88  88             88             88           
  `"""""8b,  88  88      88888  88      88888  88
        `8b  88  Y8,        88  Y8,        88  88           
Y8a     a8P  88   Y8a.    .a88   Y8a.    .a88  88           
 "Y88888P"   88    `"Y88888P"     `"Y88888P"   88888888888  
 Object 00172cd0[ddrv]^1 acquired.
 Loading draw ICDs...
 afxModule.c:63?AfxSystemAcquireModule(sys=0016d4e0,uri=e2draw.icd)
 Reacquired. (mdle)00170b90^3
 afxModule.c:63?AfxSystemAcquireModule(sys=0016d4e0,uri=e2newton.icd)
 Acquiring Module...
 Running constructor for Module, instance 00175100.
 afxModule.c:129?_AfxMdleCtor(uri:e2newton.icd)
 Object 00175100[mdle]^1 acquired.
 ERR afxModule.c:47?AfxModuleFindSymbol
    Symbol AfxRegisterDrawDrivers not found.
 ERR afxModule.c:47?AfxModuleFindSymbol
    Symbol AfxRegisterTextureCodecs not found.
 Object 00171010[dsys]^1 acquired.
 afxDrawContext.c:227?AfxDrawSystemAcquireContext(dsys=00171010,spec=0046ec78)
 Acquiring Draw Context...
 Running constructor for Draw Context, instance 001740c0.
 sglDrawContext.c:602?_AfxDctxCtor(dctx=001740c0)
 Listing all available display devices...

 #0 = Intel(R) HD Graphics (\\.\DISPLAY1) 8000005
 #1 = RDPDD Chained DD (\\.\DISPLAYV1) 200008
 #2 = RDP Encoder Mirror Driver (\\.\DISPLAYV2) 200008
 #3 = RDP Reflector Display Driver (\\.\DISPLAYV3) 200008
 Draw Script class initialized.
 Draw Input class initialized.
 Draw Engine class initialized.
 Buffer class initialized.
 Vertex Buffer class initialized.
 Index Buffer class initialized.
 Sampler class initialized.
 Texture class initialized.
 Surface class initialized.
 Canvas class initialized.
 Pipeline Module class initialized.
 Pipeline Rig class initialized.
 Pipeline class initialized.
 Lego class initialized.
 Draw Output class initialized.
 sglDrawEngine.c:1835?_AfxDrawContextAcquireEngine(dctx=001740c0)
 Acquiring Draw Engine...
 Running constructor for Draw Engine, instance 0017d230.
 sglDrawEngine.c:1880?_AfxDengCtor(deng=0017d230)
 afxThread.c:680?AfxSystemAcquireThread(sys=0016d4e0,start=0fab5910,udd=0017d230,exec=0fab5320,hint="sglDrawEngine.c:1892!_AfxDengCtor")
 Acquiring Thread...
 Running constructor for Thread, instance 0017e390.
 afxThread.c:745?_AfxThrCtor(0017e390)
 Object 0017e390[thr]^1 acquired.
 afxUniformPipelineDescriptor.c:602?_AfxDrawContextUploadPipelineUrd(dctx=001740c0,uri=data/pipeline/rgbaToRgbaYFlippedBrokenLens.pip.urd)
 afxUniformPipelineDescriptor.c:558?_AfxLoadAndParsePipelineUrd(dctx=001740c0)
 afxUrd.c:1054?AfxSystemUploadUrd(uri=data/pipeline/rgbaToRgbaYFlippedBrokenLens.pip.urdp)
 Acquiring Uniform Resource Dictionary...
 Running constructor for Uniform Resource Dictionary, instance 0017e7d0.
 afxUrd.c:1036?_AfxUrdCtor(uri:data/pipeline/rgbaToRgbaYFlippedBrokenLens.pip.urd)
 afxStream.c:656?AfxSystemAcquireStream(sys:0016d4e0,uri:data/pipeline/rgbaToRgbaYFlippedBrokenLens.pip.urd,access=r)
 Acquiring I/O Stream...
 Running constructor for I/O Stream, instance 0017e870.
 Acquired. (ios)0017e870^1 <-> "E:/qwadro/afx/_data/pipeline/rgbaToRgbaYFlippedBrokenLens.pip.urd"
 Object 0017e870[ios]^1 acquired.
 Destroying I/O Stream... 0017e870[ios]^0
 Running destructor for I/O Stream, instance 0017e870.
 I/O Stream destroyed. 0017e870[ios]
 Object 0017e7d0[urd]^1 acquired.
 Destroying Uniform Resource Dictionary... 0017e7d0[urd]^0
 Running destructor for Uniform Resource Dictionary, instance 0017e7d0.
 afxUrd.c:1019?_AfxUrdDtor(urd=0017e7d0)
 Uniform Resource Dictionary destroyed. 0017e7d0[urd]
 Acquiring Pipeline...
 Running constructor for subset Resource of Pipeline, instance 0017e7d0.
 Running constructor for Resource, instance 0017e7d0.
 afxResource.c:127?_AfxResCtor(res=0017e7d0)
 Running constructor for Pipeline, instance 0017e7d0.
 sglPipeline.c:603?_AfxPipCtor(pip=0017e7d0)
 afxPipelineModule.c:58?AfxDrawContextBuildPipelineModule(dctx=001740c0,code=00465948,len=627)
 sglPipelineModule.c:178?_AfxDrawContextBuildPipelineModule(dctx=001740c0,code=00465948,len=627)
 Acquiring Pipeline Module...
 Running constructor for Pipeline Module, instance 00186880.
 sglPipelineModule.c:139?_AfxPipmCtor(pipm=00186880)
 Object 00186880[pipm]^1 acquired.
 Taking connection 0017e91c connecting 00186880?pipm#1 to holder 0017e7d0?pip#1.
 afxPipelineModule.c:58?AfxDrawContextBuildPipelineModule(dctx=001740c0,code=00466960,len=775)
 sglPipelineModule.c:178?_AfxDrawContextBuildPipelineModule(dctx=001740c0,code=00466960,len=775)
 Acquiring Pipeline Module...
 Running constructor for Pipeline Module, instance 00184790.
 sglPipelineModule.c:139?_AfxPipmCtor(pipm=00184790)
 Object 00184790[pipm]^1 acquired.
 Taking connection 0017e950 connecting 00184790?pipm#1 to holder 0017e7d0?pip#1.
 Acquiring Pipeline Rig...
 Running constructor for Pipeline Rig, instance 0017f000.
 sglPipelineRig.c:100?_AfxPiprCtor(pipr=0017f000)
 Object 0017f000[pipa]^1 acquired.
 Object 0017e7d0[pip]^1 acquired.
 Acquiring Lego...
 Running constructor for Lego, instance 00188da0.
 sglLego.c:68?_AfxLegoCtor(lego=00188da0)
 Object 00188da0[bset]^1 acquired.
 sglSampler.c:84?_AfxDrawContextAcquireSampler(dctx=001740c0,spec=0046e310)
 Acquiring Sampler...
 Running constructor for Sampler, instance 00186930.
 sglSampler.c:131?_AfxSmpCtor(smp=00186930)
 Object 00186930[smp]^1 acquired.
 Object 0017d230[deng]^1 acquired.
 sglDrawEngine.c:1835?_AfxDrawContextAcquireEngine(dctx=001740c0)
 Acquiring Draw Engine...
 Running constructor for Draw Engine, instance 0017fa00.
 sglDrawEngine.c:1880?_AfxDengCtor(deng=0017fa00)
 afxThread.c:680?AfxSystemAcquireThread(sys=0016d4e0,start=0fab5910,udd=0017fa00,exec=0fab5320,hint="sglDrawEngine.c:1892!_AfxDengCtor")
 Acquiring Thread...
 Running constructor for Thread, instance 0017f820.
 afxThread.c:745?_AfxThrCtor(0017f820)
 Object 0017f820[thr]^1 acquired.
 Acquiring Lego...
 Running constructor for Lego, instance 00181f00.
 sglLego.c:68?_AfxLegoCtor(lego=00181f00)
 Object 00181f00[bset]^1 acquired.
 sglSampler.c:84?_AfxDrawContextAcquireSampler(dctx=001740c0,spec=0046e310)
 Acquiring Sampler...
 Running constructor for Sampler, instance 00180d60.
 sglSampler.c:131?_AfxSmpCtor(smp=00180d60)
 Object 00180d60[smp]^1 acquired.
 Object 0017fa00[deng]^1 acquired.
 afxThread.c:662?AfxThreadStart(thr=0017e390)
 afxThread.c:662?AfxThreadStart(thr=0017f820)
 Object 001740c0[dctx]^1 acquired.
 sglDrawEngine.c:23?_SglGlCtxW32Create(dctx=001740c0,bufSiz="8,8,8",samples=011efa7c,phwnd=0017daa4,phdc=0017daa8,phrc=0017dab0,verMaj=3,verMin=3,legacy=0)
 afxApplication.c:385?AfxSystemAcquireApplication(sys=00000000,spec=0f2ad9fc)
 Acquiring Application...
 sglDrawEngine.c:23?_SglGlCtxW32Create(dctx=001740c0,bufSiz="8,8,8",samples=02aefb28,phwnd=00180274,phdc=00180278,phrc=00180280,verMaj=3,verMin=3,legacy=0)
 Running constructor for Application, instance 0018e3b0.
 afxApplication.c:473?_AfxAppCtor(app=0018e3b0)
 afxKeyboard.c:153?AfxSystemAcquireKeyboard(sys=0016d4e0,port=0)
 Acquiring Keyboard...
 Running constructor for subset HID of Keyboard, instance 0018ed60.
 Running constructor for HID, instance 0018ed60.
 afxHid.c:46?_AfxHidCtor(hid=0018ed60)
 Running constructor for Keyboard, instance 0018ed60.
 afxKeyboard.c:181?_AfxKbdCtor(kbd=0018ed60)
 Object 0018ed60[kbd]^1 acquired.
 Taking connection 0018e424 connecting 0018ed60?kbd#1 to holder 0018e3b0?app#1.
 afxMouse.c:222?AfxSystemAcquireMouse(sys=0016d4e0,port=0)
 Acquiring Mouse...
 Running constructor for subset HID of Mouse, instance 00190c40.
 Running constructor for HID, instance 00190c40.
 afxHid.c:46?_AfxHidCtor(hid=00190c40)
 Running constructor for Mouse, instance 00190c40.
 afxMouse.c:249?_AfxMseCtor(mse=00190c40)
 Object 00190c40[mse]^1 acquired.
 Taking connection 0018e454 connecting 00190c40?mse#1 to holder 0018e3b0?app#1.
 afxMemContext.c:532?AfxSystemAcquireMemContext(sys=0016d4e0,strategy=0046e914,hint="afxApplication.c:518!_AfxAppCtor")
 Acquiring MemContext...
 Running constructor for MemContext, instance 00192bf0.
 afxMemContext.c:285?_AfxAllCtor(mctx=00192bf0)
 Object 00192bf0[mctx]^1 acquired.
 Taking connection 0018e3f4 connecting 00192bf0?mctx#1 to holder 0018e3b0?app#1.
 sglDrawInput.c:203?_AfxDrawContextAcquireInput(dctx=001740c0,spec=0046e8f8)
 Acquiring Draw Input...
 Running constructor for Draw Input, instance 00192d80.
 sglDrawInput.c:252?_AfxDinCtor(din=00192d80)
 afxMemContext.c:532?AfxSystemAcquireMemContext(sys=0016d4e0,strategy=0046e4ac,hint="sglDrawInput.c:287!_AfxDinCtor")
 Acquiring MemContext...
 Running constructor for MemContext, instance 001953a0.
 afxMemContext.c:285?_AfxAllCtor(mctx=001953a0)
 Object 001953a0[mctx]^1 acquired.
 Object 00192d80[din]^1 acquired.
 Taking connection 0018e90c connecting 00192d80?din#1 to holder 0018e3b0?app#1.
 Widget class initialized.
 Simulation class initialized.
 Object 0018e3b0[app]^1 acquired.
 afxApplication.c:337?AfxApplicationExecute(app=0018e3b0)
 mmplayer.c:95?AfxEnterApplication(app=0018e3b0)
 afxStream.c:656?AfxSystemAcquireStream(sys:0016d4e0,uri:art/world.tga,access=r)
 Acquiring I/O Stream...
 Running constructor for I/O Stream, instance 0019a260.
 Acquired. (ios)0019a260^1 <-> "E:/qwadro/afx/_art/world.tga"
 Object 0019a260[ios]^1 acquired.
 ADV afxTextureBlueprint.c:23?AfxTextureBlueprintDeploy
    texb->fcc == AFX_FCC_TEXB
 sglTexture.c:945?_AfxDrawContextBuildTextures(dctx=001740c0,fmt=4,whd=[512,512,1],lodCnt=1,usage=0)
 Acquiring Texture...
 Running constructor for subset Resource of Texture, instance 0019c620.
 Running constructor for Resource, instance 0019c620.
 afxResource.c:127?_AfxResCtor(res=0019c620)
 Running constructor for Texture, instance 0019c620.
 sglTexture.c:842?_AfxTexCtor(tex=0019c620)
 Object 0019c620[tex]^1 acquired.
 Destroying I/O Stream... 0019a260[ios]^0
 Running destructor for I/O Stream, instance 0019a260.
 I/O Stream destroyed. 0019a260[ios]
 ERR mmplayer.c:101?AfxEnterApplication
    
 afxStream.c:656?AfxSystemAcquireStream(sys:0016d4e0,uri:system/world2.tga,access=w)
 Acquiring I/O Stream...
 Running constructor for I/O Stream, instance 0019b260.
 Acquired. (ios)0019b260^1 <-> "E:/qwadro/afx/cooked/_system32/world2.tga"
 Object 0019b260[ios]^1 acquired.
 Destroying I/O Stream... 0019b260[ios]^0
 Running destructor for I/O Stream, instance 0019b260.
 I/O Stream destroyed. 0019b260[ios]
 Destroying Texture... 0019c620[tex]^0
 Running destructor for Texture, instance 0019c620.
 sglTexture.c:801?_AfxTexDtor(tex=0019c620)
 Running destructor for subset Resource of Texture, instance 0019c620.
 Running destructor for Resource, instance 0019c620.
 afxResource.c:93?_AfxResDtor(res=0019c620)
 Texture destroyed. 0019c620[tex]
 afxDrawOutput.c:92?AfxDrawContextAcquireOutput(dctx=001740c0,extent=0046eb40,spec=0046ea70)
 sglDrawOutput.c:261?_AfxDrawContextAcquireOutput(dctx=001740c0,extent=0046eb40,spec=0046ea70)
 Acquiring Draw Output...
 Running constructor for Draw Output, instance 001b6880.
 sglDrawOutput.c:445?_AfxDoutCtor(dout=001b6880)
 sglSurface.c:46?_AfxDrawContextAcquireSurface(dctx=001740c0,fmt=4,whd=[640,360,1],usage=16)
 ADV afxTextureBlueprint.c:23?AfxTextureBlueprintDeploy
    texb->fcc == AFX_FCC_TEXB
 Acquiring Surface...
 Running constructor for subset Texture of Surface, instance 001bd670.
 Running constructor for subset Resource of Texture, instance 001bd670.
 Running constructor for Resource, instance 001bd670.
 afxResource.c:127?_AfxResCtor(res=001bd670)
 Running constructor for Texture, instance 001bd670.
 sglTexture.c:842?_AfxTexCtor(tex=001bd670)
 Running constructor for Surface, instance 001bd670.
 sglSurface.c:102?_AfxSurfCtor(surf=001bd670)
 Object 001bd670[surf]^1 acquired.
 sglSurface.c:46?_AfxDrawContextAcquireSurface(dctx=001740c0,fmt=4,whd=[640,360,1],usage=16)
 ADV afxTextureBlueprint.c:23?AfxTextureBlueprintDeploy
    texb->fcc == AFX_FCC_TEXB
 Acquiring Surface...
 Running constructor for subset Texture of Surface, instance 0023aa50.
 Running constructor for subset Resource of Texture, instance 0023aa50.
 Running constructor for Resource, instance 0023aa50.
 afxResource.c:127?_AfxResCtor(res=0023aa50)
 Running constructor for Texture, instance 0023aa50.
 sglTexture.c:842?_AfxTexCtor(tex=0023aa50)
 Running constructor for Surface, instance 0023aa50.
 sglSurface.c:102?_AfxSurfCtor(surf=0023aa50)
 Object 0023aa50[surf]^1 acquired.
 sglSurface.c:46?_AfxDrawContextAcquireSurface(dctx=001740c0,fmt=4,whd=[640,360,1],usage=16)
 ADV afxTextureBlueprint.c:23?AfxTextureBlueprintDeploy
    texb->fcc == AFX_FCC_TEXB
 Acquiring Surface...
 Running constructor for subset Texture of Surface, instance 010bfd50.
 Running constructor for subset Resource of Texture, instance 010bfd50.
 Running constructor for Resource, instance 010bfd50.
 afxResource.c:127?_AfxResCtor(res=010bfd50)
 Running constructor for Texture, instance 010bfd50.
 sglTexture.c:842?_AfxTexCtor(tex=010bfd50)
 Running constructor for Surface, instance 010bfd50.
 sglSurface.c:102?_AfxSurfCtor(surf=010bfd50)
 Object 010bfd50[surf]^1 acquired.
 sglDrawOutput.c:398?_AfxStdDoutImplCtor(dout=001b6880,uri=window)
 sglDrawOutput.c:319?_AfxStdDoutImplCtorWnd(dout=001b6880)
 sglDriver.c:737?_SglLoadVmt(vmt=0017dab4,verMajor=3,verMinor=3)
 Extent readjusted. (dout)001b6880 -> 640, 0.333333 of 1920; 360 0.333333 of 1080
 QWADRO Draw System (OpenGL/Vulkan Continuous Integration (Intel(R) HD Graphics v3.3.0))
 afxThread.c:637?AfxThreadRun(thr=0017e390)
 sglDriver.c:737?_SglLoadVmt(vmt=00180284,verMajor=3,verMinor=3)
 QWADRO Draw System (OpenGL/Vulkan Continuous Integration (Intel(R) HD Graphics v3.3.0))
 Extent readjusted. (dout)001b6880 -> 640, 0.333333 of 1920; 360 0.333333 of 1080
 afxThread.c:637?AfxThreadRun(thr=0017f820)
 Extent readjusted. (dout)001b6880 -> 1912, 0.995833 of 1920; 1053 0.975000 of 1080
 Object 001b6880[dout]^1 acquired.
 sglCanvas.c:256?_AfxDrawContextAcquireCanvas(dctx=001740c0,extent=[1912,1053,1],surfaceCnt=1)
 Acquiring Canvas...
 Running constructor for Canvas, instance 069dbb50.
 sglCanvas.c:339?_AfxCanvCtor(canv=069dbb50)
 Object 069dbb50[canv]^1 acquired.
 sglCanvas.c:256?_AfxDrawContextAcquireCanvas(dctx=001740c0,extent=[1912,1053,1],surfaceCnt=1)
 Acquiring Canvas...
 Running constructor for Canvas, instance 069dbc30.
 sglCanvas.c:339?_AfxCanvCtor(canv=069dbc30)
 Object 069dbc30[canv]^1 acquired.
 sglCanvas.c:256?_AfxDrawContextAcquireCanvas(dctx=001740c0,extent=[1912,1053,1],surfaceCnt=1)
 Acquiring Canvas...
 Running constructor for Canvas, instance 069dbd00.
 sglCanvas.c:339?_AfxCanvCtor(canv=069dbd00)
 Object 069dbd00[canv]^1 acquired.
 sglDrawInput.c:203?_AfxDrawContextAcquireInput(dctx=001740c0,spec=0046ea54)
 Acquiring Draw Input...
 Running constructor for Draw Input, instance 04534710.
 sglDrawInput.c:252?_AfxDinCtor(din=04534710)
 afxMemContext.c:532?AfxSystemAcquireMemContext(sys=0016d4e0,strategy=0046e640,hint="sglDrawInput.c:287!_AfxDinCtor")
 Acquiring MemContext...
 Running constructor for MemContext, instance 069db2d0.
 afxMemContext.c:285?_AfxAllCtor(mctx=069db2d0)
 Object 069db2d0[mctx]^1 acquired.
 Object 04534710[din]^1 acquired.
 afxModule.c:63?AfxSystemAcquireModule(sys=0016d4e0,uri=binkw32.dll)
 Acquiring Module...
 Running constructor for Module, instance 01067960.
 afxModule.c:129?_AfxMdleCtor(uri:binkw32.dll)
 Object 01067960[mdle]^1 acquired.
 sglSampler.c:84?_AfxDrawContextAcquireSampler(dctx=001740c0,spec=0046e960)
 Acquiring Sampler...
 Running constructor for Sampler, instance 046093a0.
 sglSampler.c:131?_AfxSmpCtor(smp=046093a0)
 Object 046093a0[smp]^1 acquired.
 afxUniformPipelineDescriptor.c:602?_AfxDrawContextUploadPipelineUrd(dctx=001740c0,uri=data/pipeline/yv12ToRgba.pip.urd)
 afxUniformPipelineDescriptor.c:558?_AfxLoadAndParsePipelineUrd(dctx=001740c0)
 afxUrd.c:1054?AfxSystemUploadUrd(uri=data/pipeline/yv12ToRgba.pip.urdp)
 Acquiring Uniform Resource Dictionary...
 Running constructor for Uniform Resource Dictionary, instance 06bffad0.
 afxUrd.c:1036?_AfxUrdCtor(uri:data/pipeline/yv12ToRgba.pip.urd)
 afxStream.c:656?AfxSystemAcquireStream(sys:0016d4e0,uri:data/pipeline/yv12ToRgba.pip.urd,access=r)
 Acquiring I/O Stream...
 Running constructor for I/O Stream, instance 0470dda0.
 Acquired. (ios)0470dda0^1 <-> "E:/qwadro/afx/_data/pipeline/yv12ToRgba.pip.urd"
 Object 0470dda0[ios]^1 acquired.
 Destroying I/O Stream... 0470dda0[ios]^0
 Running destructor for I/O Stream, instance 0470dda0.
 I/O Stream destroyed. 0470dda0[ios]
 Object 06bffad0[urd]^1 acquired.
 Destroying Uniform Resource Dictionary... 06bffad0[urd]^0
 Running destructor for Uniform Resource Dictionary, instance 06bffad0.
 afxUrd.c:1019?_AfxUrdDtor(urd=06bffad0)
 Uniform Resource Dictionary destroyed. 06bffad0[urd]
 Acquiring Pipeline...
 Running constructor for subset Resource of Pipeline, instance 0105a5d0.
 Running constructor for Resource, instance 0105a5d0.
 afxResource.c:127?_AfxResCtor(res=0105a5d0)
 Running constructor for Pipeline, instance 0105a5d0.
 sglPipeline.c:603?_AfxPipCtor(pip=0105a5d0)
 afxPipelineModule.c:58?AfxDrawContextBuildPipelineModule(dctx=001740c0,code=00465f98,len=516)
 sglPipelineModule.c:178?_AfxDrawContextBuildPipelineModule(dctx=001740c0,code=00465f98,len=516)
 Acquiring Pipeline Module...
 Running constructor for Pipeline Module, instance 06bffad0.
 sglPipelineModule.c:139?_AfxPipmCtor(pipm=06bffad0)
 Object 06bffad0[pipm]^1 acquired.
 Taking connection 0105a71c connecting 06bffad0?pipm#1 to holder 0105a5d0?pip#1.
 afxPipelineModule.c:58?AfxDrawContextBuildPipelineModule(dctx=001740c0,code=00466fb0,len=828)
 sglPipelineModule.c:178?_AfxDrawContextBuildPipelineModule(dctx=001740c0,code=00466fb0,len=828)
 Acquiring Pipeline Module...
 Running constructor for Pipeline Module, instance 010deb10.
 sglPipelineModule.c:139?_AfxPipmCtor(pipm=010deb10)
 Object 010deb10[pipm]^1 acquired.
 Taking connection 0105a750 connecting 010deb10?pipm#1 to holder 0105a5d0?pip#1.
 Acquiring Pipeline Rig...
 Running constructor for Pipeline Rig, instance 046bfd10.
 sglPipelineRig.c:100?_AfxPiprCtor(pipr=046bfd10)
 Object 046bfd10[pipa]^1 acquired.
 Object 0105a5d0[pip]^1 acquired.
 sglSurface.c:46?_AfxDrawContextAcquireSurface(dctx=001740c0,fmt=1,whd=[1280,720,1],usage=16)
 ADV afxTextureBlueprint.c:23?AfxTextureBlueprintDeploy
    texb->fcc == AFX_FCC_TEXB
 Acquiring Surface...
 Running constructor for subset Texture of Surface, instance 046056d0.
 Running constructor for subset Resource of Texture, instance 046056d0.
 Running constructor for Resource, instance 046056d0.
 afxResource.c:127?_AfxResCtor(res=046056d0)
 Running constructor for Texture, instance 046056d0.
 sglTexture.c:842?_AfxTexCtor(tex=046056d0)
 Running constructor for Surface, instance 046056d0.
 sglSurface.c:102?_AfxSurfCtor(surf=046056d0)
 Object 046056d0[surf]^1 acquired.
 sglSurface.c:46?_AfxDrawContextAcquireSurface(dctx=001740c0,fmt=1,whd=[640,360,1],usage=16)
 ADV afxTextureBlueprint.c:23?AfxTextureBlueprintDeploy
    texb->fcc == AFX_FCC_TEXB
 Acquiring Surface...
 Running constructor for subset Texture of Surface, instance 04605910.
 Running constructor for subset Resource of Texture, instance 04605910.
 Running constructor for Resource, instance 04605910.
 afxResource.c:127?_AfxResCtor(res=04605910)
 Running constructor for Texture, instance 04605910.
 sglTexture.c:842?_AfxTexCtor(tex=04605910)
 Running constructor for Surface, instance 04605910.
 sglSurface.c:102?_AfxSurfCtor(surf=04605910)
 Object 04605910[surf]^1 acquired.
 sglSurface.c:46?_AfxDrawContextAcquireSurface(dctx=001740c0,fmt=1,whd=[640,360,1],usage=16)
 ADV afxTextureBlueprint.c:23?AfxTextureBlueprintDeploy
    texb->fcc == AFX_FCC_TEXB
 Acquiring Surface...
 Running constructor for subset Texture of Surface, instance 04605b60.
 Running constructor for subset Resource of Texture, instance 04605b60.
 Running constructor for Resource, instance 04605b60.
 afxResource.c:127?_AfxResCtor(res=04605b60)
 Running constructor for Texture, instance 04605b60.
 sglTexture.c:842?_AfxTexCtor(tex=04605b60)
 Running constructor for Surface, instance 04605b60.
 sglSurface.c:102?_AfxSurfCtor(surf=04605b60)
 Object 04605b60[surf]^1 acquired.
 Acquiring Lego...
 Running constructor for Lego, instance 01058710.
 sglLego.c:68?_AfxLegoCtor(lego=01058710)
 Object 01058710[bset]^1 acquired.
 sglCanvas.c:256?_AfxDrawContextAcquireCanvas(dctx=001740c0,extent=[1280,720,1],surfaceCnt=1)
 Acquiring Canvas...
 Running constructor for Canvas, instance 069dc570.
 sglCanvas.c:339?_AfxCanvCtor(canv=069dc570)
 sglSurface.c:46?_AfxDrawContextAcquireSurface(dctx=001740c0,fmt=4,whd=[1280,720,1],usage=16)
 ADV afxTextureBlueprint.c:23?AfxTextureBlueprintDeploy
    texb->fcc == AFX_FCC_TEXB
 Acquiring Surface...
 Running constructor for subset Texture of Surface, instance 04605da0.
 Running constructor for subset Resource of Texture, instance 04605da0.
 Running constructor for Resource, instance 04605da0.
 afxResource.c:127?_AfxResCtor(res=04605da0)
 Running constructor for Texture, instance 04605da0.
 sglTexture.c:842?_AfxTexCtor(tex=04605da0)
 Running constructor for Surface, instance 04605da0.
 sglSurface.c:102?_AfxSurfCtor(surf=04605da0)
 Object 04605da0[surf]^1 acquired.
 Object 069dc570[canv]^1 acquired.
 sglSurface.c:46?_AfxDrawContextAcquireSurface(dctx=001740c0,fmt=1,whd=[1280,720,1],usage=16)
 ADV afxTextureBlueprint.c:23?AfxTextureBlueprintDeploy
    texb->fcc == AFX_FCC_TEXB
 Acquiring Surface...
 Running constructor for subset Texture of Surface, instance 04605ff0.
 Running constructor for subset Resource of Texture, instance 04605ff0.
 Running constructor for Resource, instance 04605ff0.
 afxResource.c:127?_AfxResCtor(res=04605ff0)
 Running constructor for Texture, instance 04605ff0.
 sglTexture.c:842?_AfxTexCtor(tex=04605ff0)
 Running constructor for Surface, instance 04605ff0.
 sglSurface.c:102?_AfxSurfCtor(surf=04605ff0)
 Object 04605ff0[surf]^1 acquired.
 sglSurface.c:46?_AfxDrawContextAcquireSurface(dctx=001740c0,fmt=1,whd=[640,360,1],usage=16)
 ADV afxTextureBlueprint.c:23?AfxTextureBlueprintDeploy
    texb->fcc == AFX_FCC_TEXB
 Acquiring Surface...
 Running constructor for subset Texture of Surface, instance 04606230.
 Running constructor for subset Resource of Texture, instance 04606230.
 Running constructor for Resource, instance 04606230.
 afxResource.c:127?_AfxResCtor(res=04606230)
 Running constructor for Texture, instance 04606230.
 sglTexture.c:842?_AfxTexCtor(tex=04606230)
 Running constructor for Surface, instance 04606230.
 sglSurface.c:102?_AfxSurfCtor(surf=04606230)
 Object 04606230[surf]^1 acquired.
 sglSurface.c:46?_AfxDrawContextAcquireSurface(dctx=001740c0,fmt=1,whd=[640,360,1],usage=16)
 ADV afxTextureBlueprint.c:23?AfxTextureBlueprintDeploy
    texb->fcc == AFX_FCC_TEXB
 Acquiring Surface...
 Running constructor for subset Texture of Surface, instance 04606480.
 Running constructor for subset Resource of Texture, instance 04606480.
 Running constructor for Resource, instance 04606480.
 afxResource.c:127?_AfxResCtor(res=04606480)
 Running constructor for Texture, instance 04606480.
 sglTexture.c:842?_AfxTexCtor(tex=04606480)
 Running constructor for Surface, instance 04606480.
 sglSurface.c:102?_AfxSurfCtor(surf=04606480)
 Object 04606480[surf]^1 acquired.
 Acquiring Lego...
 Running constructor for Lego, instance 01058990.
 sglLego.c:68?_AfxLegoCtor(lego=01058990)
 Object 01058990[bset]^1 acquired.
 sglCanvas.c:256?_AfxDrawContextAcquireCanvas(dctx=001740c0,extent=[1280,720,1],surfaceCnt=1)
 Acquiring Canvas...
 Running constructor for Canvas, instance 069dc650.
 sglCanvas.c:339?_AfxCanvCtor(canv=069dc650)
 sglSurface.c:46?_AfxDrawContextAcquireSurface(dctx=001740c0,fmt=4,whd=[1280,720,1],usage=16)
 ADV afxTextureBlueprint.c:23?AfxTextureBlueprintDeploy
    texb->fcc == AFX_FCC_TEXB
 Acquiring Surface...
 Running constructor for subset Texture of Surface, instance 046066c0.
 Running constructor for subset Resource of Texture, instance 046066c0.
 Running constructor for Resource, instance 046066c0.
 afxResource.c:127?_AfxResCtor(res=046066c0)
 Running constructor for Texture, instance 046066c0.
 sglTexture.c:842?_AfxTexCtor(tex=046066c0)
 Running constructor for Surface, instance 046066c0.
 sglSurface.c:102?_AfxSurfCtor(surf=046066c0)
 Object 046066c0[surf]^1 acquired.
 Object 069dc650[canv]^1 acquired.
 Extent readjusted. (dout)001b6880 -> 1280, 0.666667 of 1920; 720 0.666667 of 1080
 sglDrawScript.c:394?_AfxDrawInputAcquireScript(din=04534710)
 Acquiring Draw Script...
 Running constructor for Draw Script, instance 069dc720.
 sglDrawScript.c:412?_AfxDscrCtor(dscr=069dc720)
 Object 069dc720[dib]^1 acquired.
 sglTexture.c:443?_AfxStdTexImplDtor(img=001bd670)
 ADV sglTexture.c:321?_AfxTexImageInit
    tex 00000de1, gl/target 6408, gl/intFmt 6408, gl/fmt 5121, gl/type 6408
 tex 001bd670, instanced.
 Shader 06bffad0 reinstanced.
 Shader 010deb10 reinstanced.
 Draw pipeline 0105a5d0 reinstanced.
 Sampler 046093a0 reinstanced.
 ADV sglTexture.c:321?_AfxTexImageInit
    tex 00000de1, gl/target 6403, gl/intFmt 6403, gl/fmt 5121, gl/type 6403
 tex 046056d0, instanced.
 ADV sglTexture.c:321?_AfxTexImageInit
    tex 00000de1, gl/target 6403, gl/intFmt 6403, gl/fmt 5121, gl/type 6403
 tex 04605910, instanced.
 ADV sglTexture.c:321?_AfxTexImageInit
    tex 00000de1, gl/target 6403, gl/intFmt 6403, gl/fmt 5121, gl/type 6403
 tex 04605b60, instanced.
 Shader 00186880 reinstanced.
 Shader 00184790 reinstanced.
 Draw pipeline 0017e7d0 reinstanced.
 Sampler 00186930 reinstanced.
 ADV sglTexture.c:321?_AfxTexImageInit
    tex 00000de1, gl/target 6403, gl/intFmt 6403, gl/fmt 5121, gl/type 6403
 tex 04605ff0, instanced.
 ADV sglTexture.c:321?_AfxTexImageInit
    tex 00000de1, gl/target 6403, gl/intFmt 6403, gl/fmt 5121, gl/type 6403
 tex 04606230, instanced.
 ADV sglTexture.c:321?_AfxTexImageInit
    tex 00000de1, gl/target 6403, gl/intFmt 6403, gl/fmt 5121, gl/type 6403
 tex 04606480, instanced.
 sglTexture.c:443?_AfxStdTexImplDtor(img=001bd670)
 Extent readjusted. (dout)001b6880 -> 1280, 0.666667 of 1920; 720 0.666667 of 1080
 ADV sglTexture.c:321?_AfxTexImageInit
    tex 00000de1, gl/target 6408, gl/intFmt 6408, gl/fmt 5121, gl/type 6408
 tex 001bd670, instanced.
 sglTexture.c:443?_AfxStdTexImplDtor(img=001bd670)
 Extent readjusted. (dout)001b6880 -> 1280, 0.666667 of 1920; 720 0.666667 of 1080
 ADV sglTexture.c:321?_AfxTexImageInit
    tex 00000de1, gl/target 6408, gl/intFmt 6408, gl/fmt 5121, gl/type 6408
 tex 001bd670, instanced.
 Extent readjusted. (dout)001b6880 -> 1280, 0.666667 of 1920; 720 0.666667 of 1080
 ADV afxSystem.c:981?AfxSystemProcess
    User input requested application break.
 afxApplication.c:310?AfxApplicationExit(app=0018e3b0)
 mmplayer.c:221?AfxLeaveApplication(app=0018e3b0)
 aaaaaaaaaaaa
 Destroying Draw Input... 04534710[din]^0
 Running destructor for Draw Input, instance 04534710.
 sglDrawInput.c:215?_AfxDinDtor(din=04534710)
 Draw Input destroyed. 04534710[din]
 Destroying Canvas... 069dc570[canv]^0
 Running destructor for Canvas, instance 069dc570.
 sglCanvas.c:317?_AfxCanvDtor(canv=069dc570)
 sglCanvas.c:291?_AfxCanvDropAllSurfaces(canv=069dc570)
 Destroying Surface... 04605da0[surf]^0
 Running destructor for Surface, instance 04605da0.
 sglSurface.c:69?_AfxSurfDtor(surf=04605da0)
 Running destructor for subset Texture of Surface, instance 04605da0.
 Running destructor for Texture, instance 04605da0.
 sglTexture.c:801?_AfxTexDtor(tex=04605da0)
 Running destructor for subset Resource of Texture, instance 04605da0.
 Running destructor for Resource, instance 04605da0.
 afxResource.c:93?_AfxResDtor(res=04605da0)
 Surface destroyed. 04605da0[surf]
 Canvas destroyed. 069dc570[canv]
 Destroying Lego... 01058710[bset]^0
 Running destructor for Lego, instance 01058710.
 sglLego.c:51?_AfxLegoDtor(pipa=01058710)
 Lego destroyed. 01058710[bset]
 Destroying Surface... 046056d0[surf]^0
 Running destructor for Surface, instance 046056d0.
 sglSurface.c:69?_AfxSurfDtor(surf=046056d0)
 Running destructor for subset Texture of Surface, instance 046056d0.
 Running destructor for Texture, instance 046056d0.
 sglTexture.c:801?_AfxTexDtor(tex=046056d0)
 Running destructor for subset Resource of Texture, instance 046056d0.
 Running destructor for Resource, instance 046056d0.
 afxResource.c:93?_AfxResDtor(res=046056d0)
 Surface destroyed. 046056d0[surf]
 Destroying Surface... 04605910[surf]^0
 Running destructor for Surface, instance 04605910.
 sglSurface.c:69?_AfxSurfDtor(surf=04605910)
 Running destructor for subset Texture of Surface, instance 04605910.
 Running destructor for Texture, instance 04605910.
 sglTexture.c:801?_AfxTexDtor(tex=04605910)
 Running destructor for subset Resource of Texture, instance 04605910.
 Running destructor for Resource, instance 04605910.
 afxResource.c:93?_AfxResDtor(res=04605910)
 Surface destroyed. 04605910[surf]
 Destroying Surface... 04605b60[surf]^0
 Running destructor for Surface, instance 04605b60.
 sglSurface.c:69?_AfxSurfDtor(surf=04605b60)
 Running destructor for subset Texture of Surface, instance 04605b60.
 Running destructor for Texture, instance 04605b60.
 sglTexture.c:801?_AfxTexDtor(tex=04605b60)
 Running destructor for subset Resource of Texture, instance 04605b60.
 Running destructor for Resource, instance 04605b60.
 afxResource.c:93?_AfxResDtor(res=04605b60)
 Surface destroyed. 04605b60[surf]
 Destroying Canvas... 069dc650[canv]^0
 Running destructor for Canvas, instance 069dc650.
 sglCanvas.c:317?_AfxCanvDtor(canv=069dc650)
 sglCanvas.c:291?_AfxCanvDropAllSurfaces(canv=069dc650)
 Destroying Surface... 046066c0[surf]^0
 Running destructor for Surface, instance 046066c0.
 sglSurface.c:69?_AfxSurfDtor(surf=046066c0)
 Running destructor for subset Texture of Surface, instance 046066c0.
 Running destructor for Texture, instance 046066c0.
 sglTexture.c:801?_AfxTexDtor(tex=046066c0)
 Running destructor for subset Resource of Texture, instance 046066c0.
 Running destructor for Resource, instance 046066c0.
 afxResource.c:93?_AfxResDtor(res=046066c0)
 Surface destroyed. 046066c0[surf]
 Canvas destroyed. 069dc650[canv]
 Destroying Lego... 01058990[bset]^0
 Running destructor for Lego, instance 01058990.
 sglLego.c:51?_AfxLegoDtor(pipa=01058990)
 Lego destroyed. 01058990[bset]
 Destroying Surface... 04605ff0[surf]^0
 Running destructor for Surface, instance 04605ff0.
 sglSurface.c:69?_AfxSurfDtor(surf=04605ff0)
 Running destructor for subset Texture of Surface, instance 04605ff0.
 Running destructor for Texture, instance 04605ff0.
 sglTexture.c:801?_AfxTexDtor(tex=04605ff0)
 Running destructor for subset Resource of Texture, instance 04605ff0.
 Running destructor for Resource, instance 04605ff0.
 afxResource.c:93?_AfxResDtor(res=04605ff0)
 Surface destroyed. 04605ff0[surf]
 Destroying Surface... 04606230[surf]^0
 Running destructor for Surface, instance 04606230.
 sglSurface.c:69?_AfxSurfDtor(surf=04606230)
 Running destructor for subset Texture of Surface, instance 04606230.
 Running destructor for Texture, instance 04606230.
 sglTexture.c:801?_AfxTexDtor(tex=04606230)
 Running destructor for subset Resource of Texture, instance 04606230.
 Running destructor for Resource, instance 04606230.
 afxResource.c:93?_AfxResDtor(res=04606230)
 Surface destroyed. 04606230[surf]
 Destroying Surface... 04606480[surf]^0
 Running destructor for Surface, instance 04606480.
 sglSurface.c:69?_AfxSurfDtor(surf=04606480)
 Running destructor for subset Texture of Surface, instance 04606480.
 Running destructor for Texture, instance 04606480.
 sglTexture.c:801?_AfxTexDtor(tex=04606480)
 Running destructor for subset Resource of Texture, instance 04606480.
 Running destructor for Resource, instance 04606480.
 afxResource.c:93?_AfxResDtor(res=04606480)
 Surface destroyed. 04606480[surf]
 Destroying Module... 01067960[mdle]^0
 Running destructor for Module, instance 01067960.
 afxModule.c:115?_AfxMdleDtor(mdle=01067960)
 Module destroyed. 01067960[mdle]
 Destroying Sampler... 046093a0[smp]^0
 Running destructor for Sampler, instance 046093a0.
 sglSampler.c:104?_AfxSmpDtor(smp=046093a0)
 Sampler destroyed. 046093a0[smp]
 Destroying Pipeline... 0105a5d0[pip]^0
 Dropping connection 0105a750 from 010deb10?pipm#1 to holder 0105a5d0?pip#0.
 Dropping connection 0105a71c from 06bffad0?pipm#1 to holder 0105a5d0?pip#0.
 Running destructor for Pipeline, instance 0105a5d0.
 sglPipeline.c:529?_AfxPipDtor(pip=0105a5d0)
 Destroying Pipeline Rig... 046bfd10[pipa]^0
 Running destructor for Pipeline Rig, instance 046bfd10.
 sglPipelineRig.c:82?_AfxPiprDtor(pipr=046bfd10)
 Pipeline Rig destroyed. 046bfd10[pipa]
 Running destructor for subset Resource of Pipeline, instance 0105a5d0.
 Running destructor for Resource, instance 0105a5d0.
 afxResource.c:93?_AfxResDtor(res=0105a5d0)
 Pipeline destroyed. 0105a5d0[pip]
 Destroying Application... 0018e3b0[app]^0
 Dropping connection 0018e90c from 00192d80?din#1 to holder 0018e3b0?app#0.
 Dropping connection 0018e3f4 from 00192bf0?mctx#1 to holder 0018e3b0?app#0.
 Dropping connection 0018e454 from 00190c40?mse#1 to holder 0018e3b0?app#0.
 Dropping connection 0018e424 from 0018ed60?kbd#1 to holder 0018e3b0?app#0.
 Running destructor for Application, instance 0018e3b0.
 afxApplication.c:399?_AfxAppDtor(app=0018e3b0)
 Deinitializing Simulation class...
 Simulation class deinitialized.
 Deinitializing Widget class...
 Widget class deinitialized.
 Application destroyed. 0018e3b0[app]
 Destroying Draw System... 00171010[dsys]^0
 Running destructor for Draw System, instance 00171010.
 afxDrawSystem.c:183?_AfxDsysDtor(dsys=00171010)
 Deinitializing Draw Driver class...
 Destroying Draw Driver... 00172cd0[ddrv]^0
 Running destructor for Draw Driver, instance 00172cd0.
 afxDrawDriver.c:66?_AfxDdrvDtor(ddrv=00172cd0)
 Deinitializing Draw Context class...
 Destroying Draw Context... 001740c0[dctx]^0
 Running destructor for Draw Context, instance 001740c0.
 sglDrawContext.c:521?_AfxDctxDtor(dctx=001740c0)
 Deinitializing Draw Output class...
 Destroying Draw Output... 001b6880[dout]^0
 Running destructor for Draw Output, instance 001b6880.
 sglDrawOutput.c:281?_AfxDoutDtor(dout=001b6880)
 Extent readjusted. (dout)001b6880 -> 1280, 0.666667 of 1920; 720 0.666667 of 1080
 sglDrawOutput.c:235?_AfxDoutDropAllSurfaces(dout=001b6880)
 Draw Output destroyed. 001b6880[dout]
 Draw Output class deinitialized.
 Deinitializing Lego class...
 Destroying Lego... 00181f00[bset]^0
 Running destructor for Lego, instance 00181f00.
 sglLego.c:51?_AfxLegoDtor(pipa=00181f00)
 Lego destroyed. 00181f00[bset]
 Destroying Lego... 00188da0[bset]^0
 Running destructor for Lego, instance 00188da0.
 sglLego.c:51?_AfxLegoDtor(pipa=00188da0)
 Lego destroyed. 00188da0[bset]
 Lego class deinitialized.
 Deinitializing Pipeline class...
 Destroying Pipeline... 0017e7d0[pip]^0
 Dropping connection 0017e950 from 00184790?pipm#1 to holder 0017e7d0?pip#0.
 Dropping connection 0017e91c from 00186880?pipm#1 to holder 0017e7d0?pip#0.
 Running destructor for Pipeline, instance 0017e7d0.
 sglPipeline.c:529?_AfxPipDtor(pip=0017e7d0)
 Destroying Pipeline Rig... 0017f000[pipa]^0
 Running destructor for Pipeline Rig, instance 0017f000.
 sglPipelineRig.c:82?_AfxPiprDtor(pipr=0017f000)
 Pipeline Rig destroyed. 0017f000[pipa]
 Running destructor for subset Resource of Pipeline, instance 0017e7d0.
 Running destructor for Resource, instance 0017e7d0.
 afxResource.c:93?_AfxResDtor(res=0017e7d0)
 Pipeline destroyed. 0017e7d0[pip]
 Pipeline class deinitialized.
 Deinitializing Pipeline Rig class...
 Pipeline Rig class deinitialized.
 Deinitializing Pipeline Module class...
 Destroying Pipeline Module... 010deb10[pipm]^0
 Running destructor for Pipeline Module, instance 010deb10.
 Pipeline Module destroyed. 010deb10[pipm]
 Destroying Pipeline Module... 06bffad0[pipm]^0
 Running destructor for Pipeline Module, instance 06bffad0.
 Pipeline Module destroyed. 06bffad0[pipm]
 Destroying Pipeline Module... 00184790[pipm]^0
 Running destructor for Pipeline Module, instance 00184790.
 Pipeline Module destroyed. 00184790[pipm]
 Destroying Pipeline Module... 00186880[pipm]^0
 Running destructor for Pipeline Module, instance 00186880.
 Pipeline Module destroyed. 00186880[pipm]
 Pipeline Module class deinitialized.
 Deinitializing Canvas class...
 Destroying Canvas... 069dbd00[canv]^0
 Running destructor for Canvas, instance 069dbd00.
 sglCanvas.c:317?_AfxCanvDtor(canv=069dbd00)
 sglCanvas.c:291?_AfxCanvDropAllSurfaces(canv=069dbd00)
 Destroying Surface... 010bfd50[surf]^0
 Running destructor for Surface, instance 010bfd50.
 sglSurface.c:69?_AfxSurfDtor(surf=010bfd50)
 Running destructor for subset Texture of Surface, instance 010bfd50.
 Running destructor for Texture, instance 010bfd50.
 sglTexture.c:801?_AfxTexDtor(tex=010bfd50)
 Running destructor for subset Resource of Texture, instance 010bfd50.
 Running destructor for Resource, instance 010bfd50.
 afxResource.c:93?_AfxResDtor(res=010bfd50)
 Surface destroyed. 010bfd50[surf]
 Canvas destroyed. 069dbd00[canv]
 Destroying Canvas... 069dbc30[canv]^0
 Running destructor for Canvas, instance 069dbc30.
 sglCanvas.c:317?_AfxCanvDtor(canv=069dbc30)
 sglCanvas.c:291?_AfxCanvDropAllSurfaces(canv=069dbc30)
 Destroying Surface... 0023aa50[surf]^0
 Running destructor for Surface, instance 0023aa50.
 sglSurface.c:69?_AfxSurfDtor(surf=0023aa50)
 Running destructor for subset Texture of Surface, instance 0023aa50.
 Running destructor for Texture, instance 0023aa50.
 sglTexture.c:801?_AfxTexDtor(tex=0023aa50)
 Running destructor for subset Resource of Texture, instance 0023aa50.
 Running destructor for Resource, instance 0023aa50.
 afxResource.c:93?_AfxResDtor(res=0023aa50)
 Surface destroyed. 0023aa50[surf]
 Canvas destroyed. 069dbc30[canv]
 Destroying Canvas... 069dbb50[canv]^0
 Running destructor for Canvas, instance 069dbb50.
 sglCanvas.c:317?_AfxCanvDtor(canv=069dbb50)
 sglCanvas.c:291?_AfxCanvDropAllSurfaces(canv=069dbb50)
 Destroying Surface... 001bd670[surf]^0
 Running destructor for Surface, instance 001bd670.
 sglSurface.c:69?_AfxSurfDtor(surf=001bd670)
 Running destructor for subset Texture of Surface, instance 001bd670.
 Running destructor for Texture, instance 001bd670.
 sglTexture.c:801?_AfxTexDtor(tex=001bd670)
 Running destructor for subset Resource of Texture, instance 001bd670.
 Running destructor for Resource, instance 001bd670.
 afxResource.c:93?_AfxResDtor(res=001bd670)
 Surface destroyed. 001bd670[surf]
 Canvas destroyed. 069dbb50[canv]
 Canvas class deinitialized.
 Deinitializing Surface class...
 Surface class deinitialized.
 Deinitializing Texture class...
 Texture class deinitialized.
 Deinitializing Sampler class...
 Destroying Sampler... 00180d60[smp]^0
 Running destructor for Sampler, instance 00180d60.
 sglSampler.c:104?_AfxSmpDtor(smp=00180d60)
 Sampler destroyed. 00180d60[smp]
 Destroying Sampler... 00186930[smp]^0
 Running destructor for Sampler, instance 00186930.
 sglSampler.c:104?_AfxSmpDtor(smp=00186930)
 Sampler destroyed. 00186930[smp]
 Sampler class deinitialized.
 Deinitializing Index Buffer class...
 Index Buffer class deinitialized.
 Deinitializing Vertex Buffer class...
 Vertex Buffer class deinitialized.
 Deinitializing Buffer class...
 Buffer class deinitialized.
 Deinitializing Draw Engine class...
 Destroying Draw Engine... 0017fa00[deng]^0
 Running destructor for Draw Engine, instance 0017fa00.
 sglDrawEngine.c:1852?_AfxDengDtor(deng=0017fa00)
 Destroying Thread... 0017f820[thr]^0
 Running destructor for Thread, instance 0017f820.
 afxThread.c:706?_AfxThrDtor(thr=0017f820)
 afxThread.c:591?AfxThreadRequestInterruption(thr=0017f820)
 Thread destroyed. 0017f820[thr]
 Draw Engine destroyed. 0017fa00[deng]
 Destroying Draw Engine... 0017d230[deng]^0
 Running destructor for Draw Engine, instance 0017d230.
 sglDrawEngine.c:1852?_AfxDengDtor(deng=0017d230)
 Destroying Thread... 0017e390[thr]^0
 Running destructor for Thread, instance 0017e390.
 afxThread.c:706?_AfxThrDtor(thr=0017e390)
 afxThread.c:591?AfxThreadRequestInterruption(thr=0017e390)
 Thread destroyed. 0017e390[thr]
 Draw Engine destroyed. 0017d230[deng]
 Draw Engine class deinitialized.
 Deinitializing Draw Input class...
 Destroying Draw Input... 00192d80[din]^0
 Running destructor for Draw Input, instance 00192d80.
 sglDrawInput.c:215?_AfxDinDtor(din=00192d80)
 Draw Input destroyed. 00192d80[din]
 Draw Input class deinitialized.
 Deinitializing Draw Script class...
 Destroying Draw Script... 069dc720[dib]^0
 Running destructor for Draw Script, instance 069dc720.
 sglDrawScript.c:427?_AfxDscrDtor(dscr=069dc720)
 Draw Script destroyed. 069dc720[dib]
 Draw Script class deinitialized.
 Draw Context destroyed. 001740c0[dctx]
 Draw Context class deinitialized.
 Draw Driver destroyed. 00172cd0[ddrv]
 Draw Driver class deinitialized.
 Draw System destroyed. 00171010[dsys]
 Destroying Core Execution System... 0016d4e0[sys]^0
 Dropping connection 0016ecf8 from 00170ac0?mdle#1 to holder 0016d4e0?sys#0.
 Running destructor for Core Execution System, instance 0016d4e0.
 afxSystem.c:1070?_AfxSysDtor(sys=0016d4e0)
 Deinitializing Application class...
 Application class deinitialized.
 Deinitializing Draw System class...
 Draw System class deinitialized.
 Deinitializing Mouse class...
 Destroying Mouse... 00190c40[mse]^0
 Running destructor for Mouse, instance 00190c40.
 afxMouse.c:240?_AfxMseDtor(mse=00190c40)
 Running destructor for subset HID of Mouse, instance 00190c40.
 Running destructor for HID, instance 00190c40.
 afxHid.c:37?_AfxHidDtor(hid=00190c40)
 Mouse destroyed. 00190c40[mse]
 Mouse class deinitialized.
 Deinitializing Keyboard class...
 Destroying Keyboard... 0018ed60[kbd]^0
 Running destructor for Keyboard, instance 0018ed60.
 afxKeyboard.c:171?_AfxKbdDtor(kbd=0018ed60)
 Running destructor for subset HID of Keyboard, instance 0018ed60.
 Running destructor for HID, instance 0018ed60.
 afxHid.c:37?_AfxHidDtor(hid=0018ed60)
 Keyboard destroyed. 0018ed60[kbd]
 Keyboard class deinitialized.
 Deinitializing HID class...
 HID class deinitialized.
 Deinitializing Uniform Resource Dictionary class...
 Uniform Resource Dictionary class deinitialized.
 Deinitializing Resource class...
 Resource class deinitialized.
 Deinitializing Archive class...
 Archive class deinitialized.
 Deinitializing I/O Stream class...
 I/O Stream class deinitialized.
 Deinitializing Module class...
 Destroying Module... 00175100[mdle]^0
 Running destructor for Module, instance 00175100.
 afxModule.c:115?_AfxMdleDtor(mdle=00175100)
 Module destroyed. 00175100[mdle]
 Destroying Module... 00170b90[mdle]^0
 Running destructor for Module, instance 00170b90.
 afxModule.c:115?_AfxMdleDtor(mdle=00170b90)
 Module destroyed. 00170b90[mdle]
 Destroying Module... 00170ac0[mdle]^0
 Running destructor for Module, instance 00170ac0.
 afxModule.c:115?_AfxMdleDtor(mdle=00170ac0)
 Module destroyed. 00170ac0[mdle]
 Module class deinitialized.
 Deinitializing Thread class...
 Thread class deinitialized.
 Deinitializing MemContext class...
 Destroying MemContext... 069db2d0[mctx]^0
 Running destructor for MemContext, instance 069db2d0.
 afxMemContext.c:265?_AfxAllDtor(mctx=069db2d0)
 MemContext destroyed. 069db2d0[mctx]
 Destroying MemContext... 001953a0[mctx]^0
 Running destructor for MemContext, instance 001953a0.
 afxMemContext.c:265?_AfxAllDtor(mctx=001953a0)
 MemContext destroyed. 001953a0[mctx]
 Destroying MemContext... 00192bf0[mctx]^0
 Running destructor for MemContext, instance 00192bf0.
 afxMemContext.c:265?_AfxAllDtor(mctx=00192bf0)
 MemContext destroyed. 00192bf0[mctx]
 MemContext class deinitialized.
 Point "sound" rwx[1,0,0] unmounted -> "E:/qwadro/afx/cooked/_system32/../../_sound".
 Point "data" rwx[1,0,0] unmounted -> "E:/qwadro/afx/cooked/_system32/../../_data".
 Point "art" rwx[1,0,0] unmounted -> "E:/qwadro/afx/cooked/_system32/../../_art".
 Point "system" rwx[1,0,0] unmounted -> "E:/qwadro/afx/cooked/_system32".
 Point "." rwx[1,0,0] unmounted -> "E:/qwadro/afx/cooked/_system32/..".
 Core Execution System destroyed. 0016d4e0[sys]