
 afxDebug_w32.c:394
  AfxAttachDebugTerminal()
      ::::::::  :::       :::     :::     :::::::::  :::::::::   ::::::::      
     :+:    :+: :+:       :+:   :+: :+:   :+:    :+: :+:    :+: :+:    :+:     
     +:+    +:+ +:+       +:+  +:+   +:+  +:+    +:+ +:+    +:+ +:+    +:+     
     +#+    +:+ +#+  +:+  +#+ +#++:++#++: +#+    +:+ +#++:++#:  +#+    +:+     
     +#+  # +#+ +#+ +#+#+ +#+ +#+     +#+ +#+    +#+ +#+    +#+ +#+    +#+     
     #+#   +#+   #+#+# #+#+#  #+#     #+# #+#    #+# #+#    #+# #+#    #+#     
      ###### ###  ###   ###   ###     ### #########  ###    ###  ########      
                                                                               
              Q W A D R O   E X E C U T I O N   E C O S Y S T E M              
                                                                               
                               Public Test Build                               
              (c) 2017 SIGMA Technology Group --- Federacao SIGMA              
                                www.sigmaco.org                                
                                                                               
 Installing Qwadro Execution Ecosystem at 0fe8e720...
 afxClass<Qwadro Execution Ecosystem>::ConstructObject(001f0320)
 afxSystem_w32.c:300
  _AfxSysCtor(sys=001f0320)
 Installing Thread Execution Unit at 001f0a60 by 001f0368...
 Entering the Thread Execution Environment 8556
 afxClass<Thread Execution Unit>::ConstructObject(001ee950)
 afxTxu_w32.c:399
  _AfxTxuCtor(001ee950)
 Installing Memory Management Unit at 001f037c by 001f0368...
 Installing Thread at 001f099c by 001f0368...
 Installing Device at 001f0b24 by 001f0368...
 Installing Autonomous Service at 001f0be8 by 001f0368...
 Installing File at 001f0e34 by 001f0368...
 Installing I/O Stream at 001f0cac by 001f0368...
 Installing Codec at 001f0d70 by 001f0368...
 Installing File Archive at 001f0ef8 by 001f0368 over 001f0e34...
 Installing Executable & Linkable Module at 001f0504 by 001f0368...
 Installing Installable Client Driver at 001f05c8 by 001f0368 over 001f0504...
 Installing Storage Point at 001f0fbc by 001f0368...
 Installing Application at 001f1144 by 001f0368...
 Installing Human Input Device at 001f068c by 001f0368 over 001f0b24...
 Installing Keyboard at 001f0750 by 001f0368 over 001f068c...
 Installing Mouse at 001f0814 by 001f0368 over 001f068c...
 Installing Controller at 001f08d8 by 001f0368 over 001f068c...
 Installing String Catalog at 001f0440 by 001f0368...
 Installing Simulation at 001f1080 by 001f0368...
 [!] afxSystem_w32.c:413?_AfxSysCtor
  Memory page size: 4096
 [!] afxSystem_w32.c:414?_AfxSysCtor
  Logical processor count: 1
 afxClass<Memory Management Unit>::ConstructObject(001eea60)
 afxArena.c:768
  AfxAllocateArena(aren=001f1270)
 afxArena.c:769
  AfxAllocateArena(spec=00000000,hint="afxSystem_w32.c:427!_AfxSysCtor")
 afxClass<Storage Point>::ConstructObject(001f3d00)
 Storage point "." 5 mounted -> "E:\qwadro\afx\\\".
 afxClass<Storage Point>::ConstructObject(001f3d88)
 Storage point "system" 5 mounted -> "E:\qwadro\afx\\system\".
 afxClass<Storage Point>::ConstructObject(001f3e10)
 Storage point "system" 5 mounted -> "E:\qwadro\afx\\system\w32\".
 afxClass<Storage Point>::ConstructObject(001f3e98)
 Storage point "code" 5 mounted -> "E:\qwadro\afx\\code\".
 afxClass<Storage Point>::ConstructObject(001f3f20)
 Storage point "sound" 5 mounted -> "E:\qwadro\afx\\sound\".
 afxClass<Storage Point>::ConstructObject(001f3fa8)
 Storage point "data" 5 mounted -> "E:\qwadro\afx\\data\".
 afxClass<Storage Point>::ConstructObject(001f40d0)
 Storage point "art" 5 mounted -> "E:\qwadro\afx\\art\".
 afxClass<Storage Point>::ConstructObject(001f4158)
 Storage point "tmp" 7 mounted -> "E:\qwadro\afx\\tmp\".
 afxModule.c:225
  AfxMountLoadableModules(cnt=1,modules=001f1240,uri=004edb8c)
 afxClass<Executable & Linkable Module>::ConstructObject(001f4510)
 afxModule.c:135
  _AfxMdleCtor(uri:system/e2coree.dll)
 E:/qwadro/afx/system/w32/e2coree.dll
 afxKeyboard.c:290
  AfxAcquireKeyboards(cnt=1,port=004eda44,keyboards=001f1244)
 afxClass<Keyboard, Human Input Device>ConstructingObject(001f4790)
 afxClass<Human Input Device, Device>ConstructingObject(001f4790)
 afxClass<Device>::ConstructObject(001f4790)
 afxClass<Human Input Device>::ConstructObject(001f4790)
 afxClass<Keyboard>::ConstructObject(001f4790)
 afxKeyboard.c:241
  _AfxKbdCtor(kbd=001f4790)
 afxSoundSystem.c:127
  _AfxSsysCtor(ssys=001f50c0)
 Installing Sound Device at 001f50dc by 001f50c8 over 001f0b24...
 Installing Sound Context at 001f51a0 by 001f50c8...
 Installing Sound Thread at 001f5264 by 001f50c8 over 001f099c...
 Loading draw ICD system/e2sound.icd
 afxClass<Installable Client Driver, Executable & Linkable Module>ConstructingObject(001f53a0)
 afxClass<Executable & Linkable Module>::ConstructObject(001f53a0)
 afxModule.c:135
  _AfxMdleCtor(uri:system/e2sound.icd)
 E:/qwadro/afx/system/w32/e2sound.icd
 afxClass<Installable Client Driver>::ConstructObject(001f53a0)