
 afxDebug_w32.c:391
  AfxAttachDebugTerminal()
      ::::::::  :::       :::     :::     :::::::::  :::::::::   ::::::::      
     :+:    :+: :+:       :+:   :+: :+:   :+:    :+: :+:    :+: :+:    :+:     
     +:+    +:+ +:+       +:+  +:+   +:+  +:+    +:+ +:+    +:+ +:+    +:+     
     +#+    +:+ +#+  +:+  +#+ +#++:++#++: +#+    +:+ +#++:++#:  +#+    +:+     
     +#+  # +#+ +#+ +#+#+ +#+ +#+     +#+ +#+    +#+ +#+    +#+ +#+    +#+     
     #+#   +#+   #+#+# #+#+#  #+#     #+# #+#    #+# #+#    #+# #+#    #+#     
      ###### ###  ###   ###   ###     ### #########  ###    ###  ########      
                                                                               
              Q W A D R O   E X E C U T I O N   E C O S Y S T E M              
                                                                               
                               Public Test Build                               
              (c) 2017 SIGMA Technology Group --- Federacao SIGMA              
                                www.sigmaco.org                                
                                                                               
 Installing Qwadro Execution Ecosystem at 77bd36e8...
 afxClass<Qwadro Execution Ecosystem>::ConstructObject(006bf810)
 afxSystem_w32.c:227
  _AfxSysCtor(sys=006bf810)
 Installing Thread Execution Unit at 006bfdc8 by 006bf858...
 Entering the Thread Execution Environment 6128
 afxClass<Thread Execution Unit>::ConstructObject(006c06d0)
 afxTxu_w32.c:399
  _AfxTxuCtor(006c06d0)
 Installing Memory Management Unit at 006bf86c by 006bf858...
 Installing Thread at 006bfd04 by 006bf858...
 Installing Device at 006bfe8c by 006bf858...
 Installing Autonomous Service at 006bff50 by 006bf858...
 Installing File at 006c019c by 006bf858...
 Installing I/O Stream at 006c0014 by 006bf858...
 Installing Codec at 006c00d8 by 006bf858...
 Installing File Archive at 006c0260 by 006bf858 over 006c019c...
 Installing Executable & Linkable Module at 006bf930 by 006bf858...
 Installing Installable Client Driver at 006bf9f4 by 006bf858 over 006bf930...
 Installing Storage Point at 006c0324 by 006bf858...
 Installing Application at 006c04ac by 006bf858...
 Installing Human Input Device at 006bfab8 by 006bf858 over 006bfe8c...
 Installing Keyboard at 006bfb7c by 006bf858 over 006bfab8...
 Installing Mouse at 006bfc40 by 006bf858 over 006bfab8...
 Installing Simulation at 006c03e8 by 006bf858...
 [!] afxSystem_w32.c:338?_AfxSysCtor
  Memory page size: 4096
 [!] afxSystem_w32.c:339?_AfxSysCtor
  Logical processor count: 1
 afxClass<Memory Management Unit>::ConstructObject(006c07d0)
 afxArena.c:768
  AfxAllocateArena(aren=006c05d4)
 afxArena.c:769
  AfxAllocateArena(spec=00000000,hint="afxSystem_w32.c:352!_AfxSysCtor")
 afxClass<Storage Point>::ConstructObject(006c2740)
 Storage point "." 5 mounted -> "E:\qwadro\afx\..\..".
 afxClass<Storage Point>::ConstructObject(006c27c8)