
 afxDebug.c:363?AfxAttachDebugTerminal()
      ::::::::  :::       :::     :::     :::::::::  :::::::::   ::::::::      
     :+:    :+: :+:       :+:   :+: :+:   :+:    :+: :+:    :+: :+:    :+:     
     +:+    +:+ +:+       +:+  +:+   +:+  +:+    +:+ +:+    +:+ +:+    +:+     
     +#+    +:+ +#+  +:+  +#+ +#++:++#++: +#+    +:+ +#++:++#:  +#+    +:+     
     +#+  # +#+ +#+ +#+#+ +#+ +#+     +#+ +#+    +#+ +#+    +#+ +#+    +#+     
     #+#   +#+   #+#+# #+#+#  #+#     #+# #+#    #+# #+#    #+# #+#    #+#     
      ###### ###  ###   ###   ###     ### #########  ###    ###  ########      
                                                                               
             S I G M A   C O . ,   T E C H N O L O G Y   G R O U P             
                                                                             
                                    4D AFX                                   
                              Public Test Build                              
                     (c) 2017 SIGMA Co., Technology Group                    
                               www.sigmaco.org                               
                                                                             
                                                                             
 afxClass<afxSystem>::Mount(0fb3bdf0, 00000000, 00000000, 0fb1a6f8)
 afxClass<afxSystem>::AllocateObjects(1, 0038e7e0, 0038e7f0)
 afxClass<afxSystem>::BuildObjects(1, 0038e7e0, 00000000)
 afxClass<afxSystem>::ConstructObject(004ef520)
 afxSystem.c:813?_AfxSysCtor(sys=004ef520)
 ADV afxSystem.c:828?_AfxSysCtor
    Memoy page size: 4096
 ADV afxSystem.c:829?_AfxSysCtor
    Logical processor count: 2
 afxClass<afxMemory>::Mount(004f05a0, 004ef554, 00000000, 0fb1e930)
 afxClass<Memory Arena>::Mount(004f0648, 004ef554, 004f05a0, 0fb1e2a0)
 afxMemory.c:259?AfxSystemAcquireMemory(sys=004ef520,strategy=0038d38c,hint="afxSystem.c:847!_AfxSysCtor")
 afxClass<afxMemory>::AllocateObjects(1, 0038d214, 0038d224)
 afxClass<afxMemory>::BuildObjects(1, 0038d214, 0038d208)
 afxClass<afxMemory>::ConstructObject(004f0ca0)
 afxMemory.c:317?_AfxMemCtor(mem=004f0ca0)
 afxClass<afxThread>::Mount(004f06f0, 004ef554, 00000000, 0fb1adc0)
 afxClass<afxFileSystem>::Mount(004f0798, 004ef554, 00000000, 0fb1c294)
 afxFileSystem.c:558?AfxSystemAcquireFileSystem(Afx.System.AcquireFileSystem(004ef520,5,0038d54c))
 afxClass<afxFileSystem>::AllocateObjects(1, 0038d1fc, 0038d20c)
 afxClass<afxFileSystem>::BuildObjects(1, 0038d1fc, 0038d348)
 afxClass<afxFileSystem>::ConstructObject(004f12d0)
 afxFileSystem.c:617?_AfxFsysCtor(fsys=004f12d0)
 afxClass<afxStream>::Mount(004f1320, 004f1308, 00000000, 0fb1d6b4)
 afxClass<afxFile>::Mount(004f13c8, 004f1308, 004f1320, 0fb1c010)
 afxClass<afxArchive>::Mount(004f1470, 004f1308, 004f13c8, 0fb1b99c)
 afxClass<afxResource>::Mount(004f1668, 004f1308, 00000000, 0fb1d514)
 afxClass<afxXml>::Mount(004f1518, 004f1308, 00000000, 0fb1dbac)
 afxClass<afxUrd>::Mount(004f15c0, 004f1308, 00000000, 0fb1dacc)
 afxFileSystem.c:389?AfxFileSystemMountStoragePoints(Afx.FileSystem.MountStoragePoints(004f12d0,5,0038d54c))
 Point "." 5 mounted -> "E:/qwadro/afx".
 Point "system" 7 mounted -> "E:/qwadro/afx/system32".
 Point "art" 5 mounted -> "E:/qwadro/afx/art".
 Point "data" 5 mounted -> "E:/qwadro/afx/data".
 Point "sound" 5 mounted -> "E:/qwadro/afx/sound".
 afxClass<afxModule>::Mount(004f0840, 004ef554, 00000000, 0fb18f08)
 afxModule.c:72?AfxSystemAcquireModule(sys=004ef520,uri=system/e2coree.dll)
 afxClass<afxModule>::AllocateObjects(1, 0038d1b4, 0038d1fc)
 afxClass<afxModule>::BuildObjects(1, 0038d1b4, 0038d1ac)
 afxClass<afxModule>::ConstructObject(004f3460)
 afxModule.c:139?_AfxMdleCtor(uri:system/e2coree.dll)
 afxClass<afxHid>::Mount(004f08e8, 004ef554, 00000000, 0fb1c7ac)
 afxClass<afxKeyboard>::Mount(004f0990, 004ef554, 004f08e8, 0fb1d0ac)
 afxClass<afxMouse>::Mount(004f0a38, 004ef554, 004f08e8, 0fb1d26c)
 afxClass<afxDrawSystem>::Mount(004f0ae0, 004ef554, 00000000, 0fb21f9c)
 afxClass<afxApplication>::Mount(004f0b88, 004ef554, 00000000, 0fb18000)
 afxKeyboard.c:163?AfxSystemAcquireKeyboard(sys=004ef520,port=0)
 afxClass<afxKeyboard>::AllocateObjects(1, 0038d220, 0038d230)
 afxClass<afxKeyboard>::BuildObjects(1, 0038d220, 0038d218)
 afxClass<afxKeyboard, afxHid>ConstructingObject(004f3fe0)
 afxClass<afxHid>::ConstructObject(004f3fe0)
 afxHid.c:75?_AfxHidCtor(hid=004f3fe0)
 afxClass<afxKeyboard>::ConstructObject(004f3fe0)
 afxKeyboard.c:219?_AfxKbdCtor(kbd=004f3fe0)
 afxDrawSystem.c:320?AfxSystemAcquireDrawSystem(sys=004ef520)
 afxClass<afxDrawSystem>::AllocateObjects(1, 0038e7d8, 0038e7e8)
 afxClass<afxDrawSystem>::BuildObjects(1, 0038e7d8, 0038e8e0)
 afxClass<afxDrawSystem>::ConstructObject(004f4880)
 afxDrawSystem.c:418?_AfxDsysCtor(dsys=004f4880)
 afxClass<afxDrawDriver>::Mount(004f48c8, 004f48b4, 00000000, 0fb208a4)
New texture codec registered.
Name: SIGGL
Author: SIGMA Technology Group
Version: 0.5.1
Note: 
    :::::::::::     :::     :::::::::   ::::::::      :::        
        :+:       :+: :+:   :+:    :+: :+:    :+:   :+: :+:      
        +:+      +:+   +:+  +:+    +:+ +:+         +:+   +:+     
        +#+     +#++:++#++: +#++:++#:  :#:        +#++:++#++:    
        +#+     +#+     +#+ +#+    +#+ +#+   +#+# +#+     +#+    
        #+#     #+#     #+# #+#    #+# #+#    #+# #+#     #+#    
        ###     ###     ### ###    ###  ########  ###     ###    
                                                                 
                      SIGMA Technology Group                     
 Truecolor Targa texture serializer installed!
 afxModule.c:72?AfxSystemAcquireModule(sys=004ef520,uri=e2draw.icd)
 afxClass<afxModule>::AllocateObjects(1, 0038e2dc, 0038e324)
 afxClass<afxModule>::BuildObjects(1, 0038e2dc, 0038e2d4)
 afxClass<afxModule>::ConstructObject(004f3520)
 afxModule.c:139?_AfxMdleCtor(uri:e2draw.icd)
 Listing mem available display devices...

 #0 = Intel(R) HD Graphics (\\.\DISPLAY1) 8000005
 #1 = RDPDD Chained DD (\\.\DISPLAYV1) 200008
 #2 = RDP Encoder Mirror Driver (\\.\DISPLAYV2) 200008
 #3 = RDP Reflector Display Driver (\\.\DISPLAYV3) 200008
 sglDriver.c:1268?_SglCreateCombinedDeviceContext(oglWndClss=004f5f60,shareCtx=00000000,phwnd=004f5f90,phdc=004f5f94,phrc=004f5f9c)
 sglDriver.c:786?_SglLoadVmt(vmt=004f5fa0,verMajor=1,verMinor=0)
 glCullFace @ 0 found.
 glFrontFace @ 1 found.
 glHint @ 2 found.
 glLineWidth @ 3 found.
 glPointSize @ 4 found.
 glPolygonMode @ 5 found.
 glScissor @ 6 found.
 glTexParameterf @ 7 found.
 glTexParameterfv @ 8 found.
 glTexParameteri @ 9 found.
 glTexParameteriv @ 10 found.
 glTexImage1D @ 11 found.
 glTexImage2D @ 12 found.
 glDrawBuffer @ 13 found.
 glClear @ 14 found.
 glClearColor @ 15 found.
 glClearStencil @ 16 found.
 glClearDepth @ 17 found.
 glStencilMask @ 18 found.
 glColorMask @ 19 found.
 glDepthMask @ 20 found.
 glDisable @ 21 found.
 glEnable @ 22 found.
 glFinish @ 23 found.
 glFlush @ 24 found.
 glBlendFunc @ 25 found.
 glLogicOp @ 26 found.
 glStencilFunc @ 27 found.
 glStencilOp @ 28 found.
 glDepthFunc @ 29 found.
 glPixelStoref @ 30 found.
 glPixelStorei @ 31 found.
 glReadBuffer @ 32 found.
 glReadPixels @ 33 found.
 glGetBooleanv @ 34 found.
 glGetDoublev @ 35 found.
 glGetError @ 36 found.
 glGetFloatv @ 37 found.
 glGetIntegerv @ 38 found.
 glGetString @ 39 found.
 glGetTexImage @ 40 found.
 glGetTexParameterfv @ 41 found.
 glGetTexParameteriv @ 42 found.
 glGetTexLevelParameterfv @ 43 found.
 glGetTexLevelParameteriv @ 44 found.
 glIsEnabled @ 45 found.
 glDepthRange @ 46 found.
 glViewport @ 47 found.
 sglDriver.c:786?_SglLoadVmt(vmt=004f5fa0,verMajor=4,verMinor=6)
 glCullFace @ 0 found.
 glFrontFace @ 1 found.
 glHint @ 2 found.
 glLineWidth @ 3 found.
 glPointSize @ 4 found.
 glPolygonMode @ 5 found.
 glScissor @ 6 found.
 glTexParameterf @ 7 found.
 glTexParameterfv @ 8 found.
 glTexParameteri @ 9 found.
 glTexParameteriv @ 10 found.
 glTexImage1D @ 11 found.
 glTexImage2D @ 12 found.
 glDrawBuffer @ 13 found.
 glClear @ 14 found.
 glClearColor @ 15 found.
 glClearStencil @ 16 found.
 glClearDepth @ 17 found.
 glStencilMask @ 18 found.
 glColorMask @ 19 found.
 glDepthMask @ 20 found.
 glDisable @ 21 found.
 glEnable @ 22 found.
 glFinish @ 23 found.
 glFlush @ 24 found.
 glBlendFunc @ 25 found.
 glLogicOp @ 26 found.
 glStencilFunc @ 27 found.
 glStencilOp @ 28 found.
 glDepthFunc @ 29 found.
 glPixelStoref @ 30 found.
 glPixelStorei @ 31 found.
 glReadBuffer @ 32 found.
 glReadPixels @ 33 found.
 glGetBooleanv @ 34 found.
 glGetDoublev @ 35 found.
 glGetError @ 36 found.
 glGetFloatv @ 37 found.
 glGetIntegerv @ 38 found.
 glGetString @ 39 found.
 glGetTexImage @ 40 found.
 glGetTexParameterfv @ 41 found.
 glGetTexParameteriv @ 42 found.
 glGetTexLevelParameterfv @ 43 found.
 glGetTexLevelParameteriv @ 44 found.
 glIsEnabled @ 45 found.
 glDepthRange @ 46 found.
 glViewport @ 47 found.
 glDrawArrays @ 48 found.
 glDrawElements @ 49 found.
 glGetPointerv @ 50 found.
 glPolygonOffset @ 51 found.
 glCopyTexImage1D @ 52 found.
 glCopyTexImage2D @ 53 found.
 glCopyTexSubImage1D @ 54 found.
 glCopyTexSubImage2D @ 55 found.
 glTexSubImage1D @ 56 found.
 glTexSubImage2D @ 57 found.
 glBindTexture @ 58 found.
 glDeleteTextures @ 59 found.
 glGenTextures @ 60 found.
 glIsTexture @ 61 found.
 glDrawRangeElements @ 62 found.
 glTexImage3D @ 63 found.
 glTexSubImage3D @ 64 found.
 glCopyTexSubImage3D @ 65 found.
 glActiveTexture @ 66 found.
 glSampleCoverage @ 67 found.
 glCompressedTexImage3D @ 68 found.
 glCompressedTexImage2D @ 69 found.
 glCompressedTexImage1D @ 70 found.
 glCompressedTexSubImage3D @ 71 found.
 glCompressedTexSubImage2D @ 72 found.
 glCompressedTexSubImage1D @ 73 found.
 glGetCompressedTexImage @ 74 found.
 glBlendFuncSeparate @ 75 found.
 glMultiDrawArrays @ 76 found.
 glMultiDrawElements @ 77 found.
 glPointParameterf @ 78 found.
 glPointParameterfv @ 79 found.
 glPointParameteri @ 80 found.
 glPointParameteriv @ 81 found.
 glBlendColor @ 82 found.
 glBlendEquation @ 83 found.
 glGenQueries @ 84 found.
 glDeleteQueries @ 85 found.
 glIsQuery @ 86 found.
 glBeginQuery @ 87 found.
 glEndQuery @ 88 found.
 glGetQueryiv @ 89 found.
 glGetQueryObjectiv @ 90 found.
 glGetQueryObjectuiv @ 91 found.
 glBindBuffer @ 92 found.
 glDeleteBuffers @ 93 found.
 glGenBuffers @ 94 found.
 glIsBuffer @ 95 found.
 glBufferData @ 96 found.
 glBufferSubData @ 97 found.
 glGetBufferSubData @ 98 found.
 glMapBuffer @ 99 found.
 glUnmapBuffer @ 100 found.
 glGetBufferParameteriv @ 101 found.
 glGetBufferPointerv @ 102 found.
 glBlendEquationSeparate @ 103 found.
 glDrawBuffers @ 104 found.
 glStencilOpSeparate @ 105 found.
 glStencilFuncSeparate @ 106 found.
 glStencilMaskSeparate @ 107 found.
 glAttachShader @ 108 found.
 glBindAttribLocation @ 109 found.
 glCompileShader @ 110 found.
 glCreateProgram @ 111 found.
 glCreateShader @ 112 found.
 glDeleteProgram @ 113 found.
 glDeleteShader @ 114 found.
 glDetachShader @ 115 found.
 glDisableVertexAttribArray @ 116 found.
 glEnableVertexAttribArray @ 117 found.
 glGetActiveAttrib @ 118 found.
 glGetActiveUniform @ 119 found.
 glGetAttachedShaders @ 120 found.
 glGetAttribLocation @ 121 found.
 glGetProgramiv @ 122 found.
 glGetProgramInfoLog @ 123 found.
 glGetShaderiv @ 124 found.
 glGetShaderInfoLog @ 125 found.
 glGetShaderSource @ 126 found.
 glGetUniformLocation @ 127 found.
 glGetUniformfv @ 128 found.
 glGetUniformiv @ 129 found.
 glGetVertexAttribdv @ 130 found.
 glGetVertexAttribfv @ 131 found.
 glGetVertexAttribiv @ 132 found.
 glGetVertexAttribPointerv @ 133 found.
 glIsProgram @ 134 found.
 glIsShader @ 135 found.
 glLinkProgram @ 136 found.
 glShaderSource @ 137 found.
 glUseProgram @ 138 found.
 glUniform1f @ 139 found.
 glUniform2f @ 140 found.
 glUniform3f @ 141 found.
 glUniform4f @ 142 found.
 glUniform1i @ 143 found.
 glUniform2i @ 144 found.
 glUniform3i @ 145 found.
 glUniform4i @ 146 found.
 glUniform1fv @ 147 found.
 glUniform2fv @ 148 found.
 glUniform3fv @ 149 found.
 glUniform4fv @ 150 found.
 glUniform1iv @ 151 found.
 glUniform2iv @ 152 found.
 glUniform3iv @ 153 found.
 glUniform4iv @ 154 found.
 glUniformMatrix2fv @ 155 found.
 glUniformMatrix3fv @ 156 found.
 glUniformMatrix4fv @ 157 found.
 glValidateProgram @ 158 found.
 glVertexAttrib1d @ 159 found.
 glVertexAttrib1dv @ 160 found.
 glVertexAttrib1f @ 161 found.
 glVertexAttrib1fv @ 162 found.
 glVertexAttrib1s @ 163 found.
 glVertexAttrib1sv @ 164 found.
 glVertexAttrib2d @ 165 found.
 glVertexAttrib2dv @ 166 found.
 glVertexAttrib2f @ 167 found.
 glVertexAttrib2fv @ 168 found.
 glVertexAttrib2s @ 169 found.
 glVertexAttrib2sv @ 170 found.
 glVertexAttrib3d @ 171 found.
 glVertexAttrib3dv @ 172 found.
 glVertexAttrib3f @ 173 found.
 glVertexAttrib3fv @ 174 found.
 glVertexAttrib3s @ 175 found.
 glVertexAttrib3sv @ 176 found.
 glVertexAttrib4Nbv @ 177 found.
 glVertexAttrib4Niv @ 178 found.
 glVertexAttrib4Nsv @ 179 found.
 glVertexAttrib4Nub @ 180 found.
 glVertexAttrib4Nubv @ 181 found.
 glVertexAttrib4Nuiv @ 182 found.
 glVertexAttrib4Nusv @ 183 found.
 glVertexAttrib4bv @ 184 found.
 glVertexAttrib4d @ 185 found.
 glVertexAttrib4dv @ 186 found.
 glVertexAttrib4f @ 187 found.
 glVertexAttrib4fv @ 188 found.
 glVertexAttrib4iv @ 189 found.
 glVertexAttrib4s @ 190 found.
 glVertexAttrib4sv @ 191 found.
 glVertexAttrib4ubv @ 192 found.
 glVertexAttrib4uiv @ 193 found.
 glVertexAttrib4usv @ 194 found.
 glVertexAttribPointer @ 195 found.
 glUniformMatrix2x3fv @ 196 found.
 glUniformMatrix3x2fv @ 197 found.
 glUniformMatrix2x4fv @ 198 found.
 glUniformMatrix4x2fv @ 199 found.
 glUniformMatrix3x4fv @ 200 found.
 glUniformMatrix4x3fv @ 201 found.
 glColorMaski @ 202 found.
 glGetBooleani_v @ 203 found.
 glGetIntegeri_v @ 204 found.
 glEnablei @ 205 found.
 glDisablei @ 206 found.
 glIsEnabledi @ 207 found.
 glBeginTransformFeedback @ 208 found.
 glEndTransformFeedback @ 209 found.
 glBindBufferRange @ 210 found.
 glBindBufferBase @ 211 found.
 glTransformFeedbackVaryings @ 212 found.
 glGetTransformFeedbackVarying @ 213 found.
 glClampColor @ 214 found.
 glBeginConditionalRender @ 215 found.
 glEndConditionalRender @ 216 found.
 glVertexAttribIPointer @ 217 found.
 glGetVertexAttribIiv @ 218 found.
 glGetVertexAttribIuiv @ 219 found.
 glVertexAttribI1i @ 220 found.
 glVertexAttribI2i @ 221 found.
 glVertexAttribI3i @ 222 found.
 glVertexAttribI4i @ 223 found.
 glVertexAttribI1ui @ 224 found.
 glVertexAttribI2ui @ 225 found.
 glVertexAttribI3ui @ 226 found.
 glVertexAttribI4ui @ 227 found.
 glVertexAttribI1iv @ 228 found.
 glVertexAttribI2iv @ 229 found.
 glVertexAttribI3iv @ 230 found.
 glVertexAttribI4iv @ 231 found.
 glVertexAttribI1uiv @ 232 found.
 glVertexAttribI2uiv @ 233 found.
 glVertexAttribI3uiv @ 234 found.
 glVertexAttribI4uiv @ 235 found.
 glVertexAttribI4bv @ 236 found.
 glVertexAttribI4sv @ 237 found.
 glVertexAttribI4ubv @ 238 found.
 glVertexAttribI4usv @ 239 found.
 glGetUniformuiv @ 240 found.
 glBindFragDataLocation @ 241 found.
 glGetFragDataLocation @ 242 found.
 glUniform1ui @ 243 found.
 glUniform2ui @ 244 found.
 glUniform3ui @ 245 found.
 glUniform4ui @ 246 found.
 glUniform1uiv @ 247 found.
 glUniform2uiv @ 248 found.
 glUniform3uiv @ 249 found.
 glUniform4uiv @ 250 found.
 glTexParameterIiv @ 251 found.
 glTexParameterIuiv @ 252 found.
 glGetTexParameterIiv @ 253 found.
 glGetTexParameterIuiv @ 254 found.
 glClearBufferiv @ 255 found.
 glClearBufferuiv @ 256 found.
 glClearBufferfv @ 257 found.
 glClearBufferfi @ 258 found.
 glGetStringi @ 259 found.
 glIsRenderbuffer @ 260 found.
 glBindRenderbuffer @ 261 found.
 glDeleteRenderbuffers @ 262 found.
 glGenRenderbuffers @ 263 found.
 glRenderbufferStorage @ 264 found.
 glGetRenderbufferParameteriv @ 265 found.
 glIsFramebuffer @ 266 found.
 glBindFramebuffer @ 267 found.
 glDeleteFramebuffers @ 268 found.
 glGenFramebuffers @ 269 found.
 glCheckFramebufferStatus @ 270 found.
 glFramebufferTexture1D @ 271 found.
 glFramebufferTexture2D @ 272 found.
 glFramebufferTexture3D @ 273 found.
 glFramebufferRenderbuffer @ 274 found.
 glGetFramebufferAttachmentParameteriv @ 275 found.
 glGenerateMipmap @ 276 found.
 glBlitFramebuffer @ 277 found.
 glRenderbufferStorageMultisample @ 278 found.
 glFramebufferTextureLayer @ 279 found.
 glMapBufferRange @ 280 found.
 glFlushMappedBufferRange @ 281 found.
 glBindVertexArray @ 282 found.
 glDeleteVertexArrays @ 283 found.
 glGenVertexArrays @ 284 found.
 glIsVertexArray @ 285 found.
 glDrawArraysInstanced @ 286 found.
 glDrawElementsInstanced @ 287 found.
 glTexBuffer @ 288 found.
 glPrimitiveRestartIndex @ 289 found.
 glCopyBufferSubData @ 290 found.
 glGetUniformIndices @ 291 found.
 glGetActiveUniformsiv @ 292 found.
 glGetActiveUniformName @ 293 found.
 glGetUniformBlockIndex @ 294 found.
 glGetActiveUniformBlockiv @ 295 found.
 glGetActiveUniformBlockName @ 296 found.
 glUniformBlockBinding @ 297 found.
 glDrawElementsBaseVertex @ 298 found.
 glDrawRangeElementsBaseVertex @ 299 found.
 glDrawElementsInstancedBaseVertex @ 300 found.
 glMultiDrawElementsBaseVertex @ 301 found.
 glProvokingVertex @ 302 found.
 glFenceSync @ 303 found.
 glIsSync @ 304 found.
 glDeleteSync @ 305 found.
 glClientWaitSync @ 306 found.
 glWaitSync @ 307 found.
 glGetInteger64v @ 308 found.
 glGetSynciv @ 309 found.
 glGetInteger64i_v @ 310 found.
 glGetBufferParameteri64v @ 311 found.
 glFramebufferTexture @ 312 found.
 glTexImage2DMultisample @ 313 found.
 glTexImage3DMultisample @ 314 found.
 glGetMultisamplefv @ 315 found.
 glSampleMaski @ 316 found.
 glBindFragDataLocationIndexed @ 317 found.
 glGetFragDataIndex @ 318 found.
 glGenSamplers @ 319 found.
 glDeleteSamplers @ 320 found.
 glIsSampler @ 321 found.
 glBindSampler @ 322 found.
 glSamplerParameteri @ 323 found.
 glSamplerParameteriv @ 324 found.
 glSamplerParameterf @ 325 found.
 glSamplerParameterfv @ 326 found.
 glSamplerParameterIiv @ 327 found.
 glSamplerParameterIuiv @ 328 found.
 glGetSamplerParameteriv @ 329 found.
 glGetSamplerParameterIiv @ 330 found.
 glGetSamplerParameterfv @ 331 found.
 glGetSamplerParameterIuiv @ 332 found.
 glQueryCounter @ 333 found.
 glGetQueryObjecti64v @ 334 found.
 glGetQueryObjectui64v @ 335 found.
 glVertexAttribDivisor @ 336 found.
 glVertexAttribP1ui @ 337 found.
 glVertexAttribP1uiv @ 338 found.
 glVertexAttribP2ui @ 339 found.
 glVertexAttribP2uiv @ 340 found.
 glVertexAttribP3ui @ 341 found.
 glVertexAttribP3uiv @ 342 found.
 glVertexAttribP4ui @ 343 found.
 glVertexAttribP4uiv @ 344 found.
 glMinSampleShading @ 345 found.
 glBlendEquationi @ 346 found.
 glBlendEquationSeparatei @ 347 found.
 glBlendFunci @ 348 found.
 glBlendFuncSeparatei @ 349 found.
 glDrawArraysIndirect @ 350 found.
 glDrawElementsIndirect @ 351 found.
 glUniform1d @ 352 found.
 glUniform2d @ 353 found.
 glUniform3d @ 354 found.
 glUniform4d @ 355 found.
 glUniform1dv @ 356 found.
 glUniform2dv @ 357 found.
 glUniform3dv @ 358 found.
 glUniform4dv @ 359 found.
 glUniformMatrix2dv @ 360 found.
 glUniformMatrix3dv @ 361 found.
 glUniformMatrix4dv @ 362 found.
 glUniformMatrix2x3dv @ 363 found.
 glUniformMatrix2x4dv @ 364 found.
 glUniformMatrix3x2dv @ 365 found.
 glUniformMatrix3x4dv @ 366 found.
 glUniformMatrix4x2dv @ 367 found.
 glUniformMatrix4x3dv @ 368 found.
 glGetUniformdv @ 369 found.
 glGetSubroutineUniformLocation @ 370 found.
 glGetSubroutineIndex @ 371 found.
 glGetActiveSubroutineUniformiv @ 372 found.
 glGetActiveSubroutineUniformName @ 373 found.
 glGetActiveSubroutineName @ 374 found.
 glUniformSubroutinesuiv @ 375 found.
 glGetUniformSubroutineuiv @ 376 found.
 glGetProgramStageiv @ 377 found.
 glPatchParameteri @ 378 found.
 glPatchParameterfv @ 379 found.
 glBindTransformFeedback @ 380 found.
 glDeleteTransformFeedbacks @ 381 found.
 glGenTransformFeedbacks @ 382 found.
 glIsTransformFeedback @ 383 found.
 glPauseTransformFeedback @ 384 found.
 glResumeTransformFeedback @ 385 found.
 glDrawTransformFeedback @ 386 found.
 glDrawTransformFeedbackStream @ 387 found.
 glBeginQueryIndexed @ 388 found.
 glEndQueryIndexed @ 389 found.
 glGetQueryIndexediv @ 390 found.
 glReleaseShaderCompiler @ 391 found.
 glShaderBinary @ 392 found.
 glGetShaderPrecisionFormat @ 393 found.
 glDepthRangef @ 394 found.
 glClearDepthf @ 395 found.
 glGetProgramBinary @ 396 found.
 glProgramBinary @ 397 found.
 glProgramParameteri @ 398 found.
 glUseProgramStages @ 399 found.
 glActiveShaderProgram @ 400 found.
 glCreateShaderProgramv @ 401 found.
 glBindProgramPipeline @ 402 found.
 glDeleteProgramPipelines @ 403 found.
 glGenProgramPipelines @ 404 found.
 glIsProgramPipeline @ 405 found.
 glGetProgramPipelineiv @ 406 found.
 glProgramUniform1i @ 407 found.
 glProgramUniform1iv @ 408 found.
 glProgramUniform1f @ 409 found.
 glProgramUniform1fv @ 410 found.
 glProgramUniform1d @ 411 found.
 glProgramUniform1dv @ 412 found.
 glProgramUniform1ui @ 413 found.
 glProgramUniform1uiv @ 414 found.
 glProgramUniform2i @ 415 found.
 glProgramUniform2iv @ 416 found.
 glProgramUniform2f @ 417 found.
 glProgramUniform2fv @ 418 found.
 glProgramUniform2d @ 419 found.
 glProgramUniform2dv @ 420 found.
 glProgramUniform2ui @ 421 found.
 glProgramUniform2uiv @ 422 found.
 glProgramUniform3i @ 423 found.
 glProgramUniform3iv @ 424 found.
 glProgramUniform3f @ 425 found.
 glProgramUniform3fv @ 426 found.
 glProgramUniform3d @ 427 found.
 glProgramUniform3dv @ 428 found.
 glProgramUniform3ui @ 429 found.
 glProgramUniform3uiv @ 430 found.
 glProgramUniform4i @ 431 found.
 glProgramUniform4iv @ 432 found.
 glProgramUniform4f @ 433 found.
 glProgramUniform4fv @ 434 found.
 glProgramUniform4d @ 435 found.
 glProgramUniform4dv @ 436 found.
 glProgramUniform4ui @ 437 found.
 glProgramUniform4uiv @ 438 found.
 glProgramUniformMatrix2fv @ 439 found.
 glProgramUniformMatrix3fv @ 440 found.
 glProgramUniformMatrix4fv @ 441 found.
 glProgramUniformMatrix2dv @ 442 found.
 glProgramUniformMatrix3dv @ 443 found.
 glProgramUniformMatrix4dv @ 444 found.
 glProgramUniformMatrix2x3fv @ 445 found.
 glProgramUniformMatrix3x2fv @ 446 found.
 glProgramUniformMatrix2x4fv @ 447 found.
 glProgramUniformMatrix4x2fv @ 448 found.
 glProgramUniformMatrix3x4fv @ 449 found.
 glProgramUniformMatrix4x3fv @ 450 found.
 glProgramUniformMatrix2x3dv @ 451 found.
 glProgramUniformMatrix3x2dv @ 452 found.
 glProgramUniformMatrix2x4dv @ 453 found.
 glProgramUniformMatrix4x2dv @ 454 found.
 glProgramUniformMatrix3x4dv @ 455 found.
 glProgramUniformMatrix4x3dv @ 456 found.
 glValidateProgramPipeline @ 457 found.
 glGetProgramPipelineInfoLog @ 458 found.
 glVertexAttribL1d @ 459 found.
 glVertexAttribL2d @ 460 found.
 glVertexAttribL3d @ 461 found.
 glVertexAttribL4d @ 462 found.
 glVertexAttribL1dv @ 463 found.
 glVertexAttribL2dv @ 464 found.
 glVertexAttribL3dv @ 465 found.
 glVertexAttribL4dv @ 466 found.
 glVertexAttribLPointer @ 467 found.
 glGetVertexAttribLdv @ 468 found.
 glViewportArrayv @ 469 found.
 glViewportIndexedf @ 470 found.
 glViewportIndexedfv @ 471 found.
 glScissorArrayv @ 472 found.
 glScissorIndexed @ 473 found.
 glScissorIndexedv @ 474 found.
 glDepthRangeArrayv @ 475 found.
 glDepthRangeIndexed @ 476 found.
 glGetFloati_v @ 477 found.
 glGetDoublei_v @ 478 found.
 glDrawArraysInstancedBaseInstance @ 479 found.
 glDrawElementsInstancedBaseInstance @ 480 found.
 glDrawElementsInstancedBaseVertexBaseInstance @ 481 found.
 glGetInternalformativ @ 482 found.
 glGetActiveAtomicCounterBufferiv @ 483 found.
 glBindImageTexture @ 484 found.
 glMemoryBarrier @ 485 found.
 glTexStorage1D @ 486 found.
 glTexStorage2D @ 487 found.
 glTexStorage3D @ 488 found.
 glDrawTransformFeedbackInstanced @ 489 found.
 glDrawTransformFeedbackStreamInstanced @ 490 found.
 glDispatchCompute @ 493 found.
 glDispatchComputeIndirect @ 494 found.
 glFramebufferParameteri @ 496 found.
 glGetFramebufferParameteriv @ 497 found.
 glGetInternalformati64v @ 498 found.
 glInvalidateFramebuffer @ 503 found.
 glInvalidateSubFramebuffer @ 504 found.
 glMultiDrawArraysIndirect @ 505 found.
 glMultiDrawElementsIndirect @ 506 found.
 glGetProgramInterfaceiv @ 507 found.
 glGetProgramResourceIndex @ 508 found.
 glGetProgramResourceName @ 509 found.
 glGetProgramResourceiv @ 510 found.
 glGetProgramResourceLocation @ 511 found.
 glGetProgramResourceLocationIndex @ 512 found.
 glShaderStorageBlockBinding @ 513 found.
 glTexBufferRange @ 514 found.
 glTexStorage2DMultisample @ 515 found.
 glTexStorage3DMultisample @ 516 found.
 glBindVertexBuffer @ 518 found.
 glVertexAttribFormat @ 519 found.
 glVertexAttribIFormat @ 520 found.
 glVertexAttribLFormat @ 521 found.
 glVertexAttribBinding @ 522 found.
 glVertexBindingDivisor @ 523 found.
 glDebugMessageControl @ 524 found.
 glDebugMessageInsert @ 525 found.
 glDebugMessageCallback @ 526 found.
 glGetDebugMessageLog @ 527 found.
 glPushDebugGroup @ 528 found.
 glPopDebugGroup @ 529 found.
 glObjectLabel @ 530 found.
 glGetObjectLabel @ 531 found.
 glObjectPtrLabel @ 532 found.
 glGetObjectPtrLabel @ 533 found.
 glBufferStorage @ 534 found.
 glClipControl @ 543 found.
 glNamedBufferStorage @ 551 found.
 glTextureBufferRange @ 589 found.
 glTextureParameteri @ 606 found.
 glMemoryBarrierByRegion @ 641 found.
 glGetGraphicsResetStatus @ 644 found.
 glGetnCompressedTexImage @ 645 found.
 glGetnTexImage @ 646 found.
 glGetnUniformdv @ 647 found.
 glGetnUniformfv @ 648 found.
 glGetnUniformiv @ 649 found.
 glGetnUniformuiv @ 650 found.
 glReadnPixels @ 651 found.
 afxDrawDriver.c:77?AfxDrawSystemRegisterDriver(dsys=004f4880,mdle=004f3520,spec=0038e008)
 afxClass<afxDrawDriver>::AllocateObjects(1, 0038df24, 0038df34)
 afxClass<afxDrawDriver>::BuildObjects(1, 0038df24, 0038df18)
 afxClass<afxDrawDriver>::ConstructObject(02f05620)
 afxDrawDriver.c:138?_AfxDdrvCtor(ddrv=02f05620)
 afxClass<Draw Context>::Mount(02f05668, 02f05654, 00000000, 0038dbc4)
New draw driver registered.
Name: SIGGL
Author: SIGMA Technology Group
Version: 0.7.2
Note: 
 ad88888ba   88    ,ad8888ba,     ,ad8888ba,   88           
d8"     "8b  88   d8"'    `"8b   d8"'    `"8b  88           
Y8,          88  d8'            d8'            88           
`Y8aaaaa,    88  88             88             88           
  `"""""8b,  88  88      88888  88      88888  88
        `8b  88  Y8,        88  Y8,        88  88           
Y8a     a8P  88   Y8a.    .a88   Y8a.    .a88  88           
 "Y88888P"   88    `"Y88888P"     `"Y88888P"   88888888888  
 Loading draw ICDs...
 afxModule.c:72?AfxSystemAcquireModule(sys=004ef520,uri=e2draw.icd)
 afxModule.c:72?AfxSystemAcquireModule(sys=004ef520,uri=e2newton.icd)
 afxClass<afxModule>::AllocateObjects(1, 0038e0d0, 0038e118)
 afxClass<afxModule>::BuildObjects(1, 0038e0d0, 0038e0c8)
 afxClass<afxModule>::ConstructObject(02304630)
 afxModule.c:139?_AfxMdleCtor(uri:e2newton.icd)
 afxDrawContext.c:276?AfxDrawSystemAcquireContext(dsys=004f4880,spec=0038e8a4)
 afxClass<Draw Context>::AllocateObjects(1, 0038e7a4, 0038e7b4)
 afxClass<Draw Context>::BuildObjects(1, 0038e7a4, 0038e79c)
 afxClass<Draw Context>::ConstructObject(02f1ff80)
 sglDrawContext.c:442?_AfxDctxCtor(dctx=02f1ff80)
 afxClass<afxDrawScript>::Mount(02f207a8, 02f1ffb4, 00000000, 5123713c)
 afxClass<afxDrawInput>::Mount(02f20850, 02f1ffb4, 00000000, 51236a80)
 afxClass<afxDrawQueue>::Mount(02f208f8, 02f1ffb4, 00000000, 0038e424)
 afxClass<afxBuffer>::Mount(02f1ffc8, 02f1ffb4, 00000000, 51235020)
 afxClass<afxVertexBuffer>::Mount(02f20070, 02f1ffb4, 02f1ffc8, 0038e424)
 afxClass<afxIndexBuffer>::Mount(02f20118, 02f1ffb4, 02f1ffc8, 0038e424)
 afxClass<afxSampler>::Mount(02f201c0, 02f1ffb4, 00000000, 5123baa8)
 afxClass<afxTexture>::Mount(02f20268, 02f1ffb4, 00000000, 5123bfd4)
 afxClass<afxSurface>::Mount(02f20310, 02f1ffb4, 02f20268, 5123bc3c)
 afxClass<afxCanvas>::Mount(02f203b8, 02f1ffb4, 00000000, 51235350)
 afxClass<afxShader>::Mount(02f20460, 02f1ffb4, 00000000, 5123b674)
 afxClass<afxPipelineRig>::Mount(02f20508, 02f1ffb4, 00000000, 5123b974)
 afxClass<afxPipeline>::Mount(02f205b0, 02f1ffb4, 00000000, 5123b180)
 afxClass<afxDrawOperation>::Mount(02f20700, 02f1ffb4, 00000000, 0fb20b24)
 afxClass<afxLegoTemplate>::Mount(02f20658, 02f1ffb4, 00000000, 5123af94)
 afxClass<afxDrawOutput>::Mount(02f209a0, 02f1ffb4, 00000000, 51236d00)
 sglDrawQueue.c:1898?_AfxDrawContextAcquireQueue(dctx=02f1ff80)
 afxClass<afxDrawQueue>::AllocateObjects(1, 0038e31c, 0038e32c)
 afxClass<afxDrawQueue>::BuildObjects(1, 0038e31c, 0038e310)
 afxClass<afxDrawQueue>::ConstructObject(02f0b7c0)
 sglDrawQueue.c:1968?_AfxDqueCtor(dque=02f0b7c0)
 Uploading draw operation 'data/pipeline/rgbaToRgba.xml'
 afxDrawOperation.c:628?_AfxDrawContextUploadOperationsUrd(dctx=02f1ff80)
 afxXml.c:999?AfxFileSystemLoadXml(uri=data/pipeline/rgbaToRgba.xmlp)
 afxClass<afxXml>::AllocateObjects(1, 00380894, 003808a4)
 afxClass<afxXml>::BuildObjects(1, 00380894, 0038088c)
 afxClass<afxXml>::ConstructObject(02fa4ad0)
 afxXml.c:958?_AfxXmlCtor(uri:data/pipeline/rgbaToRgba.xml)
 afxFile.c:272?AfxFileSystemOpenFile(Afx.FileSystem.OpenFile(004f12d0,00000001,data/pipeline/rgbaToRgba.xml))
 afxClass<afxFile>::AllocateObjects(1, 00380548, 00380558)
 afxClass<afxFile>::BuildObjects(1, 00380548, 00380534)
 afxClass<afxFile, afxStream>ConstructingObject(02f8cd40)
 afxClass<afxStream>::ConstructObject(02f8cd40)
 afxClass<afxFile>::ConstructObject(02f8cd40)
 afxClass<afxFile>::DismantleObjects(1, 003805ac)
 Destructing instance 02f8cd40 of afxFile class.
 Destructing instance 02f8cd40 of afxFile : afxStream class.
 Destructing instance 02f8cd40 of afxStream class.
 afxClass<afxFile>::DeallocateObjects(1, 003805ac)
 afxShader.c:443?AfxDrawContextBuildShaders(dctx=02f1ff80,cnt=1,blueprint=003809bc,shd=00380990)
 sglShader.c:451?_AfxDrawContextBuildShaders(dctx=02f1ff80,cnt=1,blueprint=003809bc,shd=00380990)
 afxClass<afxShader>::AllocateObjects(1, 00380990, 00380788)
 afxClass<afxShader>::BuildObjects(1, 00380990, 003809bc)
 afxClass<afxShader>::ConstructObject(02facfe0)
 sglShader.c:253?_AfxShdCtor(shd=02facfe0)
 
        #version 330 core

        // QWADRO. Engineered by SIGMA Technology Group.

        layout(location = 0) in vec2 a_xy;

        out block
        {
            vec2 uv0;
        } sgl_v;

        void main()
        {
            gl_Position = vec4(a_xy, 0.0, 1.0);
            sgl_v.uv0 = vec2(gl_Position.xy * 0.5 + 0.5).xy;
        }
       
 afxShader.c:443?AfxDrawContextBuildShaders(dctx=02f1ff80,cnt=1,blueprint=003809bc,shd=00380990)
 sglShader.c:451?_AfxDrawContextBuildShaders(dctx=02f1ff80,cnt=1,blueprint=003809bc,shd=00380990)
 afxClass<afxShader>::AllocateObjects(1, 00380990, 00380788)
 afxClass<afxShader>::BuildObjects(1, 00380990, 003809bc)
 afxClass<afxShader>::ConstructObject(02f0cf50)
 sglShader.c:253?_AfxShdCtor(shd=02f0cf50)
 
        #version 330 core

        // QWADRO. Engineered by SIGMA Technology Group.

        uniform sampler2D samp;

        in block
        {
            vec2 uv0;
        } sgl_v;

        out vec4 sgl_rgba;

        void main()
        {
            sgl_rgba = texture(samp, sgl_v.uv0);
        }
       
 afxClass<afxLegoTemplate>::AllocateObjects(1, 003800f8, 00380108)
 afxClass<afxLegoTemplate>::BuildObjects(1, 003800f8, 003800ec)
 afxClass<afxLegoTemplate>::ConstructObject(02f8ee20)
 sglLego.c:192?_AfxLegtCtor(legt=02f8ee20)
 afxObject<02f8ee20>::InstallEventFilter(02f0cf50)
 afxShader.c:443?AfxDrawContextBuildShaders(dctx=02f1ff80,cnt=1,blueprint=003809bc,shd=00380990)
 sglShader.c:451?_AfxDrawContextBuildShaders(dctx=02f1ff80,cnt=1,blueprint=003809bc,shd=00380990)
 afxClass<afxShader>::AllocateObjects(1, 00380990, 00380788)
 afxClass<afxShader>::BuildObjects(1, 00380990, 003809bc)
 afxClass<afxShader>::ConstructObject(005b9a40)
 sglShader.c:253?_AfxShdCtor(shd=005b9a40)
 
        #version 330 core

        // QWADRO. Engineered by SIGMA Technology Group.

        const mat4 m = mat4(1, 0, 0, 0, 0, -1, 0, 0, 0, 0, 1, 0, 0, 0, 0, 1);
        
        layout(location = 0) in vec2 a_xy;
        
        out block
        {
            vec2 uv0;
        } sgl_v;

        void main()
        {
            gl_Position = vec4(a_xy, 0.0, 1.0);
            sgl_v.uv0 = vec2(m * vec4(gl_Position.xy * 0.5 + 0.5, 0, 1)).xy;
        }
       
 afxClass<afxDrawOperation>::AllocateObjects(1, 02f0cee0, 00380880)
 afxClass<afxDrawOperation>::BuildObjects(1, 02f0cee0, 00380fdc)
 afxClass<afxDrawOperation>::ConstructObject(02f8f290)
 afxDrawOperation.c:493?_AfxDopCtor(dop=02f8f290)
 afxPipeline.c:204?AfxDrawContextBuildPipeline(dctx=02f1ff80)
 sglPipeline.c:1004?_AfxDrawContextBuildPipeline(dctx=02f1ff80)
 afxClass<afxPipeline>::AllocateObjects(1, 00377f0c, 00377f1c)
 afxClass<afxPipeline>::BuildObjects(1, 00377f0c, 00378040)
 afxClass<afxPipeline>::ConstructObject(02f08390)
 sglPipeline.c:684?_AfxPipCtor(pip=02f08390)
 afxShader.c:690?AfxDrawContextAcquireShaders(dctx=02f1ff80,cnt=1,uri=00378068,shd=00377248)
 Taking connection 02f083c8 connecting 02facfe0?shd#2 to holder 02f08390?pip#1.
 afxShader.c:690?AfxDrawContextAcquireShaders(dctx=02f1ff80,cnt=1,uri=0037907c,shd=00377248)
 Taking connection 02f083fc connecting 02f0cf50?shd#2 to holder 02f08390?pip#1.
 afxClass<afxLegoTemplate>::AllocateObjects(1, 00377070, 00377080)
 afxClass<afxLegoTemplate>::BuildObjects(1, 00377070, 00377064)
 afxClass<afxLegoTemplate>::ConstructObject(005b7f00)
 sglLego.c:192?_AfxLegtCtor(legt=005b7f00)
 afxClass<afxPipelineRig>::AllocateObjects(1, 00377134, 00377144)
 afxClass<afxPipelineRig>::BuildObjects(1, 00377134, 00377128)
 afxClass<afxPipelineRig>::ConstructObject(022be820)
 sglPipelineRig.c:95?_AfxPiprCtor(pipr=022be820)
 afxPipeline.c:204?AfxDrawContextBuildPipeline(dctx=02f1ff80)
 sglPipeline.c:1004?_AfxDrawContextBuildPipeline(dctx=02f1ff80)
 afxClass<afxPipeline>::AllocateObjects(1, 00377f0c, 00377f1c)
 afxClass<afxPipeline>::BuildObjects(1, 00377f0c, 00378040)
 afxClass<afxPipeline>::ConstructObject(02fe4190)
 sglPipeline.c:684?_AfxPipCtor(pip=02fe4190)
 afxShader.c:690?AfxDrawContextAcquireShaders(dctx=02f1ff80,cnt=1,uri=00378068,shd=00377248)
 Taking connection 02fe41c8 connecting 005b9a40?shd#2 to holder 02fe4190?pip#1.
 afxShader.c:690?AfxDrawContextAcquireShaders(dctx=02f1ff80,cnt=1,uri=0037907c,shd=00377248)
 Taking connection 02fe41fc connecting 02f0cf50?shd#4 to holder 02fe4190?pip#1.
 afxClass<afxLegoTemplate>::AllocateObjects(1, 00377070, 00377080)
 afxClass<afxLegoTemplate>::BuildObjects(1, 00377070, 00377064)
 afxClass<afxLegoTemplate>::ConstructObject(005b8150)
 sglLego.c:192?_AfxLegtCtor(legt=005b8150)
 afxClass<afxPipelineRig>::AllocateObjects(1, 00377134, 00377144)
 afxClass<afxPipelineRig>::BuildObjects(1, 00377134, 00377128)
 afxClass<afxPipelineRig>::ConstructObject(02314100)
 sglPipelineRig.c:95?_AfxPiprCtor(pipr=02314100)
 afxClass<afxXml>::DismantleObjects(1, 003808f8)
 Destructing instance 02fa4ad0 of afxXml class.
 afxXml.c:937?_AfxXmlDtor(xml=02fa4ad0)
 afxClass<afxXml>::DeallocateObjects(1, 003808f8)
 sglSampler.c:137?_AfxDrawContextAcquireSampler(dctx=02f1ff80,spec=0038e000)
 afxClass<afxSampler>::AllocateObjects(1, 0038dc88, 0038dc98)
 afxClass<afxSampler>::BuildObjects(1, 0038dc88, 0038e000)
 afxClass<afxSampler>::ConstructObject(005b8390)
 sglSampler.c:197?_AfxSmpCtor(smp=005b8390)
 afxClass<afxVertexBuffer>::AllocateObjects(1, 02f0cee8, 0038dd18)
 afxClass<afxVertexBuffer>::BuildObjects(1, 02f0cee8, 0038dcf0)
 afxClass<afxVertexBuffer, afxBuffer>ConstructingObject(005bf160)
 afxClass<afxBuffer>::ConstructObject(005bf160)
 sglBuffer.c:468?_AfxBufCtor(buf=005bf160)
 afxClass<afxVertexBuffer>::ConstructObject(005bf160)
 afxVertexBuffer.c:328?_AfxVbufCtor(vbuf=005bf160)
 afxApplication.c:368?AfxSystemAcquireApplication(sys=004f0ae0,spec=00000001)
 afxClass<afxApplication>::AllocateObjects(1, 0038e7d0, 0038e7e0)
 afxClass<afxApplication>::BuildObjects(1, 0038e7d0, 0038e878)
 afxClass<afxApplication>::ConstructObject(02f07230)
 afxApplication.c:418?_AfxAppCtor(app=02f07230)
 afxMouse.c:243?AfxSystemAcquireMouse(sys=004ef520,port=0)
 afxClass<afxMouse>::AllocateObjects(1, 0038e3f8, 0038e408)
 afxClass<afxMouse>::BuildObjects(1, 0038e3f8, 0038e3f0)
 afxClass<afxMouse, afxHid>ConstructingObject(02f96310)
 afxClass<afxHid>::ConstructObject(02f96310)
 afxHid.c:75?_AfxHidCtor(hid=02f96310)
 afxClass<afxMouse>::ConstructObject(02f96310)
 afxMouse.c:298?_AfxMseCtor(mse=02f96310)
 sglDrawInput.c:219?_AfxDrawContextAcquireInput(dctx=02f1ff80,spec=0038e4a0)
 afxClass<afxDrawInput>::AllocateObjects(1, 0038e3a0, 0038e3b0)
 afxClass<afxDrawInput>::BuildObjects(1, 0038e3a0, 0038e4a0)
 afxClass<afxDrawInput>::ConstructObject(02f0d0f0)
 sglDrawInput.c:287?_AfxDinCtor(din=02f0d0f0)
 afxArena.c:821?AfxSystemAcquireArena(sys=004ef520,strategy=0038e050,hint="sglDrawInput.c:322!_AfxDinCtor")
 afxClass<Memory Arena>::AllocateObjects(1, 0038dfa8, 0038dfb8)
 afxClass<Memory Arena>::BuildObjects(1, 0038dfa8, 0038df9c)
 afxClass<Memory Arena, afxMemory>ConstructingObject(0234cbb0)
 afxClass<afxMemory>::ConstructObject(0234cbb0)
 afxMemory.c:317?_AfxMemCtor(mem=0234cbb0)
 afxClass<Memory Arena>::ConstructObject(0234cbb0)
 afxArena.c:799?_AfxArenCtor(aren=0234cbb0)
 afxClass<afxWidget>::Mount(02f076f8, 02f07264, 00000000, 0fb26a78)
 afxClass<afxSimulation>::Mount(02f077a0, 02f07264, 00000000, 0fb27624)
 afxApplication.c:320?AfxApplicationExecute(app=02f07230)
 Skybox.c:488?AfxEnterApplication(app=02f07230)
 afxFileSystem.c:389?AfxFileSystemMountStoragePoints(Afx.FileSystem.MountStoragePoints(004f12d0,1,0038e530))
 ERR afxFileSystem.c:400?AfxFileSystemMountStoragePoints
    
 ERR Skybox.c:502?AfxEnterApplication
    
 ERR Skybox.c:502?AfxEnterApplication
    (rslt == 1)
    Invalid
 afxArchive.c:599?AfxFileSystemAcquireArchive(Afx.FileSystem.AcquireArchive(004f12d0,1,"art/mnt.zip"))
 afxClass<afxArchive>::AllocateObjects(1, 0038e34c, 0038e35c)
 afxClass<afxArchive>::BuildObjects(1, 0038e34c, 0038e338)
 afxClass<afxArchive, afxFile>ConstructingObject(02f16b70)
 afxClass<afxFile, afxStream>ConstructingObject(02f16b70)
 afxClass<afxStream>::ConstructObject(02f16b70)
 afxClass<afxFile>::ConstructObject(02f16b70)
 afxClass<afxArchive>::ConstructObject(02f16b70)
 afxArchive.c:645?_AfxArcCtor(arc=02f16b70)
 signature: 0x6054B50
 diskNumber: 0
 centralDirectoryDiskNumber: 0
 numEntriesThisDisk: 2
 numEntries: 2
 centralDirectorySize: 185 0xb9
 centralDirectoryOffset: 514621 0x7da3d
 zipCommentLength: 0
 Archived item 0 -> 514621 0x7da3d
 signature: 33639248 0x2014b50
 versionMadeBy: 63 0x3f
 versionNeededToExtract: 20 0x14
 generalPurposeBitFlag: 0 0
 compressionMethod: 0 0
 lastModFileTime: 1350 0x546
 lastModFileDate: 22171 0x569b
 crc32: 0
 compressedSize: 0
 uncompressedSize: 0
 fileNameLength: 4
 textraFieldLength: 36
 fileCommentLength: 0
 diskNumberStart: 0
 internalFileAttributes: 0
 externalFileAttributes: 0x10
 relativeOffsetOflocalHeader: 0 0
 Archived item 0, 34 0x22
 2023/04/27 00:42:12 #0000 art/
 Archived item 1 -> 514707 0x7da93
 signature: 33639248 0x2014b50
 versionMadeBy: 63 0x3f
 versionNeededToExtract: 10 0xa
 generalPurposeBitFlag: 0 0
 compressionMethod: 0 0
 lastModFileTime: 1423 0x58f
 lastModFileDate: 22171 0x569b
 crc32: 0x594b0260
 compressedSize: 514540
 uncompressedSize: 514540
 fileNameLength: 17
 textraFieldLength: 36
 fileCommentLength: 0
 diskNumberStart: 0
 internalFileAttributes: 0
 externalFileAttributes: 0x20
 relativeOffsetOflocalHeader: 34 0x22
 Archived item 1, 81 0x51
 2023/04/27 00:44:30 #0001 art/worldtest.tga
 afxStream.c:354?AfxFileSystemAcquireStream(fsys:004f12d0,flags=1,src=02fe4ff0,len=514540)
 afxClass<afxStream>::AllocateObjects(1, 0038e274, 0038e284)
 afxClass<afxStream>::BuildObjects(1, 0038e274, 0038e264)
 afxClass<afxStream>::ConstructObject(02f8dd70)
 afxFile.c:272?AfxFileSystemOpenFile(Afx.FileSystem.OpenFile(004f12d0,00000002,system/worldtest.tga))
 afxClass<afxFile>::AllocateObjects(1, 0038e220, 0038e230)
 afxClass<afxFile>::BuildObjects(1, 0038e220, 0038e20c)
 afxClass<afxFile, afxStream>ConstructingObject(0449dac0)
 afxClass<afxStream>::ConstructObject(0449dac0)
 afxClass<afxFile>::ConstructObject(0449dac0)
 afxClass<afxFile>::DismantleObjects(1, 0038e284)
 Destructing instance 0449dac0 of afxFile class.
 Destructing instance 0449dac0 of afxFile : afxStream class.
 Destructing instance 0449dac0 of afxStream class.
 afxClass<afxFile>::DeallocateObjects(1, 0038e284)
 afxSimulation.c:491?AfxApplicationAcquireSimulation(app=02f07230,bounding=[[0.000000,0.000000,0.000000,1.000000],[0.000000,0.000000,0.000000,1.000000]])
 afxClass<afxSimulation>::AllocateObjects(1, 0038e328, 0038e338)
 afxClass<afxSimulation>::BuildObjects(1, 0038e328, 0038e320)
 afxClass<afxSimulation>::ConstructObject(0449dac0)
 afxSimulation.c:413?_AfxSimCtor(sim=0449dac0)
 afxMemory.c:259?AfxSystemAcquireMemory(sys=004ef520,strategy=0038dfd8,hint="afxSimulation.c:433!_AfxSimCtor")
 afxClass<afxMemory>::AllocateObjects(1, 0038decc, 0038dedc)
 afxClass<afxMemory>::BuildObjects(1, 0038decc, 0038dec0)
 afxClass<afxMemory>::ConstructObject(02f17e60)
 afxMemory.c:317?_AfxMemCtor(mem=02f17e60)
 afxClass<afxMaterial>::Mount(0449de50, 0449daf4, 00000000, 0fb284f0)
 afxClass<afxMesh>::Mount(0449def8, 0449daf4, 00000000, 0fb2886c)
 afxClass<afxNode>::Mount(0449e0f0, 0449daf4, 00000000, 0fb27a50)
 afxClass<afxSkeleton>::Mount(0449e048, 0449daf4, 0449e0f0, 0fb27e8c)
 afxClass<afxModel>::Mount(0449dfa0, 0449daf4, 00000000, 0fb291a8)
 afxClass<afxBody>::Mount(0449db08, 0449daf4, 0449e0f0, 0fb26d00)
 afxClass<afxBodyControl>::Mount(0449dbb0, 0449daf4, 00000000, 0fb274f4)
 afxClass<afxEntity>::Mount(0449dc58, 0449daf4, 0449e0f0, 0fb272c4)
 afxClass<afxCamera>::Mount(0449dd00, 0449daf4, 0449e0f0, 0fb26f9c)
 afxClass<afxLight>::Mount(0449dda8, 0449daf4, 0449e0f0, 0fb273a8)
 afxDrawOutput.c:137?AfxDrawContextAcquireOutput(dctx=02f1ff80,extent=0038e600,spec=0038e49c)
 sglDrawOutput.c:270?_AfxDrawContextAcquireOutput(dctx=02f1ff80,extent=0038e600,spec=0038e49c)
 afxClass<afxDrawOutput>::AllocateObjects(1, 0038e2f0, 0038e300)
 afxClass<afxDrawOutput>::BuildObjects(1, 0038e2f0, 0038e2e4)
 afxClass<afxDrawOutput>::ConstructObject(0234cdf0)
 sglDrawOutput.c:543?_AfxDoutCtor(dout=0234cdf0)
 sglSurface.c:86?_AfxDrawContextAcquireSurface(dctx=02f1ff80,fmt=4,whd=[1280,720,1],usage=16)
 ADV afxTexture.c:15?AfxTextureBlueprintReset
    texb->fcc == AFX_FCC_TEXB
 afxClass<afxSurface>::AllocateObjects(1, 0038d8a4, 0038d8b4)
 afxClass<afxSurface>::BuildObjects(1, 0038d8a4, 0038d8c0)
 afxClass<afxSurface, afxTexture>ConstructingObject(02fe4830)
 afxClass<afxTexture>::ConstructObject(02fe4830)
 sglTexture.c:1019?_AfxTexCtor(tex=02fe4830)
 afxClass<afxSurface>::ConstructObject(02fe4830)
 sglSurface.c:160?_AfxSurfCtor(surf=02fe4830)
 sglSurface.c:86?_AfxDrawContextAcquireSurface(dctx=02f1ff80,fmt=4,whd=[1280,720,1],usage=16)
 ADV afxTexture.c:15?AfxTextureBlueprintReset
    texb->fcc == AFX_FCC_TEXB
 afxClass<afxSurface>::AllocateObjects(1, 0038d8a4, 0038d8b4)
 afxClass<afxSurface>::BuildObjects(1, 0038d8a4, 0038d8c0)
 afxClass<afxSurface, afxTexture>ConstructingObject(0234d360)
 afxClass<afxTexture>::ConstructObject(0234d360)
 sglTexture.c:1019?_AfxTexCtor(tex=0234d360)
 afxClass<afxSurface>::ConstructObject(0234d360)
 sglSurface.c:160?_AfxSurfCtor(surf=0234d360)
 sglDrawOutput.c:496?_AfxStdDoutImplCtor(dout=0234cdf0,uri=window)
 sglDrawOutput.c:347?_AfxStdDoutImplCtorWnd(dout=0234cdf0)
 Extent readjusted. (dout)0234cdf0 -> 1272, 0.000000 of 4257952278; 693 0.000000 of 1748431091
 sglDrawInput.c:219?_AfxDrawContextAcquireInput(dctx=02f1ff80,spec=0038e480)
 afxClass<afxDrawInput>::AllocateObjects(1, 0038e300, 0038e310)
 afxClass<afxDrawInput>::BuildObjects(1, 0038e300, 0038e480)
 afxClass<afxDrawInput>::ConstructObject(02f40930)
 sglDrawInput.c:287?_AfxDinCtor(din=02f40930)
 afxArena.c:821?AfxSystemAcquireArena(sys=004ef520,strategy=0038dfb0,hint="sglDrawInput.c:322!_AfxDinCtor")
 afxClass<Memory Arena>::AllocateObjects(1, 0038df08, 0038df18)
 afxClass<Memory Arena>::BuildObjects(1, 0038df08, 0038defc)
 afxClass<Memory Arena, afxMemory>ConstructingObject(02f40a80)
 afxClass<afxMemory>::ConstructObject(02f40a80)
 afxMemory.c:317?_AfxMemCtor(mem=02f40a80)
 afxClass<Memory Arena>::ConstructObject(02f40a80)
 afxArena.c:799?_AfxArenCtor(aren=02f40a80)
 afxCamera.c:833?AfxSimulationAcquireCamera(sim=0449dac0,name=viewer,perspective=1)
 afxClass<afxCamera>::AllocateObjects(1, 0038e1c4, 0038e1d4)
 afxClass<afxCamera>::BuildObjects(1, 0038e1c4, 0038e1e0)
 afxClass<afxCamera, afxNode>ConstructingObject(02f43e30)
 afxClass<afxNode>::ConstructObject(02f43e30)
 afxClass<afxCamera>::ConstructObject(02f43e30)
 afxCamera.c:881?_AfxCamCtor(cam=02f43e30)
 ADV afxTexture.c:15?AfxTextureBlueprintReset
    texb->fcc == AFX_FCC_TEXB
 sglTexture.c:1172?_AfxDrawContextBuildTextures(dctx=02f1ff80,cnt=1,blueprint=0038ddf0,tex=00e47008)
 afxClass<afxTexture>::AllocateObjects(1, 00e47008, 0038d678)
 afxClass<afxTexture>::BuildObjects(1, 00e47008, 0038ddf0)
 afxClass<afxTexture>::ConstructObject(02f44300)
 sglTexture.c:1019?_AfxTexCtor(tex=02f44300)
 afxFile.c:272?AfxFileSystemOpenFile(Afx.FileSystem.OpenFile(004f12d0,00000001,art/skybox/day/right.tga))
 afxClass<afxFile>::AllocateObjects(1, 0038cf14, 0038cf24)
 afxClass<afxFile>::BuildObjects(1, 0038cf14, 0038cf00)
 afxClass<afxFile, afxStream>ConstructingObject(02f44400)
 afxClass<afxStream>::ConstructObject(02f44400)
 afxClass<afxFile>::ConstructObject(02f44400)
 afxClass<afxFile>::DismantleObjects(1, 0038cf78)
 Destructing instance 02f44400 of afxFile class.
 Destructing instance 02f44400 of afxFile : afxStream class.
 Destructing instance 02f44400 of afxStream class.
 afxClass<afxFile>::DeallocateObjects(1, 0038cf78)
 afxFile.c:272?AfxFileSystemOpenFile(Afx.FileSystem.OpenFile(004f12d0,00000001,art/skybox/day/left.tga))
 afxClass<afxFile>::AllocateObjects(1, 0038cf14, 0038cf24)
 afxClass<afxFile>::BuildObjects(1, 0038cf14, 0038cf00)
 afxClass<afxFile, afxStream>ConstructingObject(02f44400)
 afxClass<afxStream>::ConstructObject(02f44400)
 afxClass<afxFile>::ConstructObject(02f44400)
 afxClass<afxFile>::DismantleObjects(1, 0038cf78)
 Destructing instance 02f44400 of afxFile class.
 Destructing instance 02f44400 of afxFile : afxStream class.
 Destructing instance 02f44400 of afxStream class.
 afxClass<afxFile>::DeallocateObjects(1, 0038cf78)
 afxFile.c:272?AfxFileSystemOpenFile(Afx.FileSystem.OpenFile(004f12d0,00000001,art/skybox/day/bottom.tga))
 afxClass<afxFile>::AllocateObjects(1, 0038cf14, 0038cf24)
 afxClass<afxFile>::BuildObjects(1, 0038cf14, 0038cf00)
 afxClass<afxFile, afxStream>ConstructingObject(02f44400)
 afxClass<afxStream>::ConstructObject(02f44400)
 afxClass<afxFile>::ConstructObject(02f44400)
 afxClass<afxFile>::DismantleObjects(1, 0038cf78)
 Destructing instance 02f44400 of afxFile class.
 Destructing instance 02f44400 of afxFile : afxStream class.
 Destructing instance 02f44400 of afxStream class.
 afxClass<afxFile>::DeallocateObjects(1, 0038cf78)
 afxFile.c:272?AfxFileSystemOpenFile(Afx.FileSystem.OpenFile(004f12d0,00000001,art/skybox/day/top.tga))
 afxClass<afxFile>::AllocateObjects(1, 0038cf14, 0038cf24)
 afxClass<afxFile>::BuildObjects(1, 0038cf14, 0038cf00)
 afxClass<afxFile, afxStream>ConstructingObject(02f44400)
 afxClass<afxStream>::ConstructObject(02f44400)
 afxClass<afxFile>::ConstructObject(02f44400)
 afxClass<afxFile>::DismantleObjects(1, 0038cf78)
 Destructing instance 02f44400 of afxFile class.
 Destructing instance 02f44400 of afxFile : afxStream class.
 Destructing instance 02f44400 of afxStream class.
 afxClass<afxFile>::DeallocateObjects(1, 0038cf78)
 afxFile.c:272?AfxFileSystemOpenFile(Afx.FileSystem.OpenFile(004f12d0,00000001,art/skybox/day/front.tga))
 afxClass<afxFile>::AllocateObjects(1, 0038cf14, 0038cf24)
 afxClass<afxFile>::BuildObjects(1, 0038cf14, 0038cf00)
 afxClass<afxFile, afxStream>ConstructingObject(02f44400)
 afxClass<afxStream>::ConstructObject(02f44400)
 afxClass<afxFile>::ConstructObject(02f44400)
 afxClass<afxFile>::DismantleObjects(1, 0038cf78)
 Destructing instance 02f44400 of afxFile class.
 Destructing instance 02f44400 of afxFile : afxStream class.
 Destructing instance 02f44400 of afxStream class.
 afxClass<afxFile>::DeallocateObjects(1, 0038cf78)
 afxFile.c:272?AfxFileSystemOpenFile(Afx.FileSystem.OpenFile(004f12d0,00000001,art/skybox/day/back.tga))
 afxClass<afxFile>::AllocateObjects(1, 0038cf14, 0038cf24)
 afxClass<afxFile>::BuildObjects(1, 0038cf14, 0038cf00)
 afxClass<afxFile, afxStream>ConstructingObject(02f44400)
 afxClass<afxStream>::ConstructObject(02f44400)
 afxClass<afxFile>::ConstructObject(02f44400)
 afxClass<afxFile>::DismantleObjects(1, 0038cf78)
 Destructing instance 02f44400 of afxFile class.
 Destructing instance 02f44400 of afxFile : afxStream class.
 Destructing instance 02f44400 of afxStream class.
 afxClass<afxFile>::DeallocateObjects(1, 0038cf78)
 afxClass<afxVertexBuffer>::AllocateObjects(1, 00e47004, 0038d728)
 afxClass<afxVertexBuffer>::BuildObjects(1, 00e47004, 0038d700)
 afxClass<afxVertexBuffer, afxBuffer>ConstructingObject(02f44400)
 afxClass<afxBuffer>::ConstructObject(02f44400)
 sglBuffer.c:468?_AfxBufCtor(buf=02f44400)
 afxClass<afxVertexBuffer>::ConstructObject(02f44400)
 afxVertexBuffer.c:328?_AfxVbufCtor(vbuf=02f44400)
 Uploading draw operation 'data/pipeline/skybox.xml'
 afxDrawOperation.c:628?_AfxDrawContextUploadOperationsUrd(dctx=02f1ff80)
 afxXml.c:999?AfxFileSystemLoadXml(uri=data/pipeline/skybox.xmlp)
 afxClass<afxXml>::AllocateObjects(1, 003802a4, 003802b4)
 afxClass<afxXml>::BuildObjects(1, 003802a4, 0038029c)
 afxClass<afxXml>::ConstructObject(0234d520)
 afxXml.c:958?_AfxXmlCtor(uri:data/pipeline/skybox.xml)
 afxFile.c:272?AfxFileSystemOpenFile(Afx.FileSystem.OpenFile(004f12d0,00000001,data/pipeline/skybox.xml))
 afxClass<afxFile>::AllocateObjects(1, 0037ff58, 0037ff68)
 afxClass<afxFile>::BuildObjects(1, 0037ff58, 0037ff44)
 afxClass<afxFile, afxStream>ConstructingObject(02f446d0)
 afxClass<afxStream>::ConstructObject(02f446d0)
 afxClass<afxFile>::ConstructObject(02f446d0)
 afxClass<afxFile>::DismantleObjects(1, 0037ffbc)
 Destructing instance 02f446d0 of afxFile class.
 Destructing instance 02f446d0 of afxFile : afxStream class.
 Destructing instance 02f446d0 of afxStream class.
 afxClass<afxFile>::DeallocateObjects(1, 0037ffbc)
 afxShader.c:443?AfxDrawContextBuildShaders(dctx=02f1ff80,cnt=1,blueprint=003803cc,shd=003803a0)
 sglShader.c:451?_AfxDrawContextBuildShaders(dctx=02f1ff80,cnt=1,blueprint=003803cc,shd=003803a0)
 afxClass<afxShader>::AllocateObjects(1, 003803a0, 00380198)
 afxClass<afxShader>::BuildObjects(1, 003803a0, 003803cc)
 afxClass<afxShader>::ConstructObject(02f46e60)
 sglShader.c:253?_AfxShdCtor(shd=02f46e60)
 
        #version 330 core

        // QWADRO. Engineered by SIGMA Technology Group.

        layout(std140, row_major) uniform sgl_view
        {
            mat4 v;
            mat4 p;
            mat4 vp;
        };

        layout(location = 0) in vec3 a_xyz;

        out block
        {
            vec3 uvw0;
        } sgl_v;

        void main()
        {
            sgl_v.uvw0 = a_xyz;
            vec4 pos = vec4(a_xyz, 1.0) * v * p;
            gl_Position = pos.xyww;
        }
       
 afxClass<afxLegoTemplate>::AllocateObjects(1, 0037fb08, 0037fb18)
 afxClass<afxLegoTemplate>::BuildObjects(1, 0037fb08, 0037fafc)
 afxClass<afxLegoTemplate>::ConstructObject(02f446d0)
 sglLego.c:192?_AfxLegtCtor(legt=02f446d0)
 afxObject<02f446d0>::InstallEventFilter(02f46e60)
 afxShader.c:443?AfxDrawContextBuildShaders(dctx=02f1ff80,cnt=1,blueprint=003803cc,shd=003803a0)
 sglShader.c:451?_AfxDrawContextBuildShaders(dctx=02f1ff80,cnt=1,blueprint=003803cc,shd=003803a0)
 afxClass<afxShader>::AllocateObjects(1, 003803a0, 00380198)
 afxClass<afxShader>::BuildObjects(1, 003803a0, 003803cc)
 afxClass<afxShader>::ConstructObject(02f44920)
 sglShader.c:253?_AfxShdCtor(shd=02f44920)
 
        #version 330 core

        // QWADRO. Engineered by SIGMA Technology Group.

        uniform samplerCube samp;

        in block
        {
            vec3 uvw0;
        } sgl_v;

        out vec4 sgl_rgba;

        void main()
        {
            sgl_rgba = texture(samp, sgl_v.uvw0);
        }
       
 afxClass<afxLegoTemplate>::AllocateObjects(1, 0037fb08, 0037fb18)
 afxClass<afxLegoTemplate>::BuildObjects(1, 0037fb08, 0037fafc)
 afxClass<afxLegoTemplate>::ConstructObject(02f44c50)
 sglLego.c:192?_AfxLegtCtor(legt=02f44c50)
 afxObject<02f44c50>::InstallEventFilter(02f44920)
 afxClass<afxDrawOperation>::AllocateObjects(1, 00e47030, 00380290)
 afxClass<afxDrawOperation>::BuildObjects(1, 00e47030, 003809ec)
 afxClass<afxDrawOperation>::ConstructObject(02f47240)
 afxDrawOperation.c:493?_AfxDopCtor(dop=02f47240)
 afxPipeline.c:204?AfxDrawContextBuildPipeline(dctx=02f1ff80)
 sglPipeline.c:1004?_AfxDrawContextBuildPipeline(dctx=02f1ff80)
 afxClass<afxPipeline>::AllocateObjects(1, 0037791c, 0037792c)
 afxClass<afxPipeline>::BuildObjects(1, 0037791c, 00377a50)
 afxClass<afxPipeline>::ConstructObject(02f44e90)
 sglPipeline.c:684?_AfxPipCtor(pip=02f44e90)
 afxShader.c:690?AfxDrawContextAcquireShaders(dctx=02f1ff80,cnt=1,uri=00377a78,shd=00376c58)
 Taking connection 02f44ec8 connecting 02f46e60?shd#2 to holder 02f44e90?pip#1.
 afxShader.c:690?AfxDrawContextAcquireShaders(dctx=02f1ff80,cnt=1,uri=00378a8c,shd=00376c58)
 Taking connection 02f44efc connecting 02f44920?shd#2 to holder 02f44e90?pip#1.
 afxClass<afxLegoTemplate>::AllocateObjects(1, 00376a80, 00376a90)
 afxClass<afxLegoTemplate>::BuildObjects(1, 00376a80, 00376a74)
 afxClass<afxLegoTemplate>::ConstructObject(02f45540)
 sglLego.c:192?_AfxLegtCtor(legt=02f45540)
 afxClass<afxPipelineRig>::AllocateObjects(1, 00376b44, 00376b54)
 afxClass<afxPipelineRig>::BuildObjects(1, 00376b44, 00376b38)
 afxClass<afxPipelineRig>::ConstructObject(02f45780)
 sglPipelineRig.c:95?_AfxPiprCtor(pipr=02f45780)
 afxClass<afxXml>::DismantleObjects(1, 00380308)
 Destructing instance 0234d520 of afxXml class.
 afxXml.c:937?_AfxXmlDtor(xml=0234d520)
 afxClass<afxXml>::DeallocateObjects(1, 00380308)
 sglSampler.c:137?_AfxDrawContextAcquireSampler(dctx=02f1ff80,spec=0038d930)
 afxClass<afxSampler>::AllocateObjects(1, 0038d698, 0038d6a8)
 afxClass<afxSampler>::BuildObjects(1, 0038d698, 0038d930)
 afxClass<afxSampler>::ConstructObject(02f45840)
 sglSampler.c:197?_AfxSmpCtor(smp=02f45840)
 sglCanvas.c:316?_AfxDrawContextBuildCanvases(dctx=02f1ff80,cnt=1,blueprint=0038d6b0,canv=00e4703c)
 afxClass<afxCanvas>::AllocateObjects(1, 00e4703c, 0038d4f4)
 afxClass<afxCanvas>::BuildObjects(1, 00e4703c, 0038d6b0)
 afxClass<afxCanvas>::ConstructObject(02f45920)
 sglCanvas.c:414?_AfxCanvCtor(canv=02f45920)
 sglSurface.c:86?_AfxDrawContextAcquireSurface(dctx=02f1ff80,fmt=22,whd=[1272,693,1],usage=32)
 ADV afxTexture.c:15?AfxTextureBlueprintReset
    texb->fcc == AFX_FCC_TEXB
 afxClass<afxSurface>::AllocateObjects(1, 0038c9b4, 0038c9c4)
 afxClass<afxSurface>::BuildObjects(1, 0038c9b4, 0038c9d0)
 afxClass<afxSurface, afxTexture>ConstructingObject(02f45a00)
 afxClass<afxTexture>::ConstructObject(02f45a00)
 sglTexture.c:1019?_AfxTexCtor(tex=02f45a00)
 afxClass<afxSurface>::ConstructObject(02f45a00)
 sglSurface.c:160?_AfxSurfCtor(surf=02f45a00)
 ERR Skybox.c:283?SetUpRenderer
    
 ERR Skybox.c:283?SetUpRenderer
    (rslt == 1)
    Invalid
 afxClass<afxBuffer>::AllocateObjects(1, 0038d6d4, 0038d6e4)
 afxClass<afxBuffer>::BuildObjects(1, 0038d6d4, 0038d99c)
 afxClass<afxBuffer>::ConstructObject(02f45b20)
 sglBuffer.c:468?_AfxBufCtor(buf=02f45b20)
 sglCanvas.c:316?_AfxDrawContextBuildCanvases(dctx=02f1ff80,cnt=1,blueprint=0038d6b0,canv=00e47044)
 afxClass<afxCanvas>::AllocateObjects(1, 00e47044, 0038d4f4)
 afxClass<afxCanvas>::BuildObjects(1, 00e47044, 0038d6b0)
 afxClass<afxCanvas>::ConstructObject(02f45d20)
 sglCanvas.c:414?_AfxCanvCtor(canv=02f45d20)
 sglSurface.c:86?_AfxDrawContextAcquireSurface(dctx=02f1ff80,fmt=22,whd=[1272,693,1],usage=32)
 ADV afxTexture.c:15?AfxTextureBlueprintReset
    texb->fcc == AFX_FCC_TEXB
 afxClass<afxSurface>::AllocateObjects(1, 0038c9b4, 0038c9c4)
 afxClass<afxSurface>::BuildObjects(1, 0038c9b4, 0038c9d0)
 afxClass<afxSurface, afxTexture>ConstructingObject(02f45e00)
 afxClass<afxTexture>::ConstructObject(02f45e00)
 sglTexture.c:1019?_AfxTexCtor(tex=02f45e00)
 afxClass<afxSurface>::ConstructObject(02f45e00)
 sglSurface.c:160?_AfxSurfCtor(surf=02f45e00)
 ERR Skybox.c:283?SetUpRenderer
    
 ERR Skybox.c:283?SetUpRenderer
    (rslt == 1)
    Invalid
 afxClass<afxBuffer>::AllocateObjects(1, 0038d6d4, 0038d6e4)
 afxClass<afxBuffer>::BuildObjects(1, 0038d6d4, 0038d99c)
 afxClass<afxBuffer>::ConstructObject(02f45f20)
 sglBuffer.c:468?_AfxBufCtor(buf=02f45f20)
 sglDrawScript.c:463?_AfxDrawInputAcquireScript(din=02f40930)
 afxClass<afxDrawScript>::AllocateObjects(1, 0038e0d0, 0038e0e0)
 afxClass<afxDrawScript>::BuildObjects(1, 0038e0d0, 0038e0cc)
 afxClass<afxDrawScript>::ConstructObject(02f963e0)
 sglDrawScript.c:526?_AfxDscrCtor(dscr=02f963e0)
 afxTexture 02fe4830 hardware-side data instanced.
 afxSurface 02fe4830 hardware-side data instanced.
 afxTexture 02f45a00 hardware-side data instanced.
 afxSurface 02f45a00 hardware-side data instanced.
 afxCanvas 02f45920 hardware-side data instanced.
 afxShader 02f46e60 hardware-side data instanced.
 afxShader 02f44920 hardware-side data instanced.
 afxPipeline 02f44e90 hardware-side data instanced.
 afxBuffer 02f45b20 hardware-side data instanced.
 afxTexture 02f44300 hardware-side data instanced.
 afxSampler 02f45840 hardware-side data instanced.
 afxBuffer 02f44400 hardware-side data instanced.
 afxShader 005b9a40 hardware-side data instanced.
 afxShader 02f0cf50 hardware-side data instanced.
 afxPipeline 02fe4190 hardware-side data instanced.
 afxBuffer 005bf160 hardware-side data instanced.
 afxSampler 005b8390 hardware-side data instanced.
 afxTexture 0234d360 hardware-side data instanced.
 afxSurface 0234d360 hardware-side data instanced.
 afxTexture 02f45e00 hardware-side data instanced.
 afxSurface 02f45e00 hardware-side data instanced.
 afxCanvas 02f45d20 hardware-side data instanced.
 ADV afxSystem.c:569?AfxSystemProcess
    User input requested application break.
 afxApplication.c:293?AfxApplicationExit(app=02f07230)
 Skybox.c:566?AfxLeaveApplication(app=02f07230)
 afxClass<afxDrawInput>::DismantleObjects(1, 0038e774)
 Destructing instance 02f40930 of afxDrawInput class.
 sglDrawInput.c:250?_AfxDinDtor(din=02f40930)
 afxClass<afxDrawInput>::DeallocateObjects(1, 0038e774)
 aaaaaaaaaaaa
 afxClass<afxApplication>::DismantleObjects(1, 0038e814)
 Destructing instance 02f07230 of afxApplication class.
 afxApplication.c:401?_AfxAppDtor(app=02f07230)
 afxClass<afxSimulation>::Dismount(02f077a0)
 afxClass<afxSimulation>::DismantleObjects(1, 0038e3b8)
 Destructing instance 0449dac0 of afxSimulation class.
 afxSimulation.c:398?_AfxSimDtor(sim=0449dac0)
 afxClass<afxLight>::Dismount(0449dda8)
 afxClass<afxCamera>::Dismount(0449dd00)
 afxClass<afxCamera>::DismantleObjects(1, 0038df54)
 Destructing instance 02f43e30 of afxCamera class.
 afxCamera.c:873?_AfxCamDtor(cam=02f43e30)
 Destructing instance 02f43e30 of afxCamera : afxNode class.
 Destructing instance 02f43e30 of afxNode class.
 afxClass<afxCamera>::DeallocateObjects(1, 0038df54)
 afxClass<afxEntity>::Dismount(0449dc58)
 afxClass<afxBodyControl>::Dismount(0449dbb0)
 afxClass<afxBody>::Dismount(0449db08)
 afxClass<afxModel>::Dismount(0449dfa0)
 afxClass<afxSkeleton>::Dismount(0449e048)
 afxClass<afxNode>::Dismount(0449e0f0)
 afxClass<afxMesh>::Dismount(0449def8)
 afxClass<afxMaterial>::Dismount(0449de50)
 afxClass<afxMemory>::DismantleObjects(1, 0038e078)
 Destructing instance 02f17e60 of afxMemory class.
 afxMemory.c:299?_AfxMemDtor(mem=02f17e60)
 afxMemory.c:219?AfxMemoryExhaust(mem=02f17e60)
 Exhausted. (mem)02f17e60
 afxClass<afxMemory>::DeallocateObjects(1, 0038e078)
 afxClass<afxSimulation>::DeallocateObjects(1, 0038e3b8)
 afxClass<afxWidget>::Dismount(02f076f8)
 afxClass<afxDrawInput>::DismantleObjects(1, 0038e4dc)
 Destructing instance 02f0d0f0 of afxDrawInput class.
 sglDrawInput.c:250?_AfxDinDtor(din=02f0d0f0)
 afxClass<afxDrawInput>::DeallocateObjects(1, 0038e4dc)
 afxClass<afxMouse>::DismantleObjects(1, 0038e4dc)
 Destructing instance 02f96310 of afxMouse class.
 afxMouse.c:289?_AfxMseDtor(mse=02f96310)
 Destructing instance 02f96310 of afxMouse : afxHid class.
 Destructing instance 02f96310 of afxHid class.
 afxHid.c:66?_AfxHidDtor(hid=02f96310)
 afxClass<afxMouse>::DeallocateObjects(1, 0038e4dc)
 afxClass<afxApplication>::DeallocateObjects(1, 0038e814)
 afxClass<Draw Context>::DismantleObjects(1, 0038e814)
 Destructing instance 02f1ff80 of Draw Context class.
 sglDrawContext.c:364?_AfxDctxDtor(dctx=02f1ff80)
 afxClass<afxDrawOutput>::Dismount(02f209a0)
 afxClass<afxDrawOutput>::DismantleObjects(1, 0038e3b8)
 Destructing instance 0234cdf0 of afxDrawOutput class.
 sglDrawOutput.c:309?_AfxDoutDtor(dout=0234cdf0)
 sglDrawOutput.c:244?_AfxDoutDropAllSurfaces(dout=0234cdf0)
 afxClass<afxDrawOutput>::DeallocateObjects(1, 0038e3b8)
 afxClass<afxLegoTemplate>::Dismount(02f20658)
 afxClass<afxLegoTemplate>::DismantleObjects(1, 0038e3b8)
 Destructing instance 02f45540 of afxLegoTemplate class.
 sglLego.c:184?_AfxLegtDtor(legt=02f45540)
 afxClass<afxLegoTemplate>::DeallocateObjects(1, 0038e3b8)
 afxClass<afxLegoTemplate>::DismantleObjects(1, 0038e3b8)
 afxObject<02f44c50>::RemoveEventFilter(02f44920)
 Destructing instance 02f44c50 of afxLegoTemplate class.
 sglLego.c:184?_AfxLegtDtor(legt=02f44c50)
 afxClass<afxLegoTemplate>::DeallocateObjects(1, 0038e3b8)
 afxClass<afxLegoTemplate>::DismantleObjects(1, 0038e3b8)
 afxObject<02f446d0>::RemoveEventFilter(02f46e60)
 Destructing instance 02f446d0 of afxLegoTemplate class.
 sglLego.c:184?_AfxLegtDtor(legt=02f446d0)
 afxClass<afxLegoTemplate>::DeallocateObjects(1, 0038e3b8)
 afxClass<afxLegoTemplate>::DismantleObjects(1, 0038e3b8)
 Destructing instance 005b8150 of afxLegoTemplate class.
 sglLego.c:184?_AfxLegtDtor(legt=005b8150)
 afxClass<afxLegoTemplate>::DeallocateObjects(1, 0038e3b8)
 afxClass<afxLegoTemplate>::DismantleObjects(1, 0038e3b8)
 Destructing instance 005b7f00 of afxLegoTemplate class.
 sglLego.c:184?_AfxLegtDtor(legt=005b7f00)
 afxClass<afxLegoTemplate>::DeallocateObjects(1, 0038e3b8)
 afxClass<afxLegoTemplate>::DismantleObjects(1, 0038e3b8)
 afxObject<02f8ee20>::RemoveEventFilter(02f0cf50)
 Destructing instance 02f8ee20 of afxLegoTemplate class.
 sglLego.c:184?_AfxLegtDtor(legt=02f8ee20)
 afxClass<afxLegoTemplate>::DeallocateObjects(1, 0038e3b8)
 afxClass<afxDrawOperation>::Dismount(02f20700)
 afxClass<afxDrawOperation>::DismantleObjects(1, 0038e3b8)
 Destructing instance 02f47240 of afxDrawOperation class.
 afxDrawOperation.c:484?_AfxDopDtor(dop=02f47240)
 afxClass<afxDrawOperation>::DeallocateObjects(1, 0038e3b8)
 afxClass<afxDrawOperation>::DismantleObjects(1, 0038e3b8)
 Destructing instance 02f8f290 of afxDrawOperation class.
 afxDrawOperation.c:484?_AfxDopDtor(dop=02f8f290)
 afxClass<afxDrawOperation>::DeallocateObjects(1, 0038e3b8)
 afxClass<afxPipeline>::Dismount(02f205b0)
 afxClass<afxPipeline>::DismantleObjects(1, 0038e3b8)
 Dropping connection 02f44efc from 02f44920?shd#3 to holder 02f44e90?pip#0.
 Dropping connection 02f44ec8 from 02f46e60?shd#3 to holder 02f44e90?pip#0.
 Destructing instance 02f44e90 of afxPipeline class.
 sglPipeline.c:621?_AfxPipDtor(pip=02f44e90)
 afxClass<afxPipelineRig>::DismantleObjects(1, 0038e040)
 Destructing instance 02f45780 of afxPipelineRig class.
 sglPipelineRig.c:77?_AfxPiprDtor(pipr=02f45780)
 afxClass<afxPipelineRig>::DeallocateObjects(1, 0038e040)
 afxClass<afxPipeline>::DeallocateObjects(1, 0038e3b8)
 afxClass<afxPipeline>::DismantleObjects(1, 0038e3b8)
 Dropping connection 02fe41fc from 02f0cf50?shd#5 to holder 02fe4190?pip#0.
 Dropping connection 02fe41c8 from 005b9a40?shd#3 to holder 02fe4190?pip#0.
 Destructing instance 02fe4190 of afxPipeline class.
 sglPipeline.c:621?_AfxPipDtor(pip=02fe4190)
 afxClass<afxPipelineRig>::DismantleObjects(1, 0038e040)
 Destructing instance 02314100 of afxPipelineRig class.
 sglPipelineRig.c:77?_AfxPiprDtor(pipr=02314100)
 afxClass<afxPipelineRig>::DeallocateObjects(1, 0038e040)
 afxClass<afxPipeline>::DeallocateObjects(1, 0038e3b8)
 afxClass<afxPipeline>::DismantleObjects(1, 0038e3b8)
 Dropping connection 02f083fc from 02f0cf50?shd#4 to holder 02f08390?pip#0.
 Dropping connection 02f083c8 from 02facfe0?shd#3 to holder 02f08390?pip#0.
 Destructing instance 02f08390 of afxPipeline class.
 sglPipeline.c:621?_AfxPipDtor(pip=02f08390)
 afxClass<afxPipelineRig>::DismantleObjects(1, 0038e040)
 Destructing instance 022be820 of afxPipelineRig class.
 sglPipelineRig.c:77?_AfxPiprDtor(pipr=022be820)
 afxClass<afxPipelineRig>::DeallocateObjects(1, 0038e040)
 afxClass<afxPipeline>::DeallocateObjects(1, 0038e3b8)
 afxClass<afxPipelineRig>::Dismount(02f20508)
 afxClass<afxShader>::Dismount(02f20460)
 afxClass<afxShader>::DismantleObjects(1, 0038e3b8)
 Destructing instance 02f44920 of afxShader class.
 afxClass<afxShader>::DeallocateObjects(1, 0038e3b8)
 afxClass<afxShader>::DismantleObjects(1, 0038e3b8)
 Destructing instance 02f46e60 of afxShader class.
 afxClass<afxShader>::DeallocateObjects(1, 0038e3b8)
 afxClass<afxShader>::DismantleObjects(1, 0038e3b8)
 Destructing instance 005b9a40 of afxShader class.
 afxClass<afxShader>::DeallocateObjects(1, 0038e3b8)
 afxClass<afxShader>::DismantleObjects(1, 0038e3b8)
 Destructing instance 02f0cf50 of afxShader class.
 afxClass<afxShader>::DeallocateObjects(1, 0038e3b8)
 afxClass<afxShader>::DismantleObjects(1, 0038e3b8)
 Destructing instance 02facfe0 of afxShader class.
 afxClass<afxShader>::DeallocateObjects(1, 0038e3b8)
 afxClass<afxCanvas>::Dismount(02f203b8)
 afxClass<afxCanvas>::DismantleObjects(1, 0038e3b8)
 Destructing instance 02f45d20 of afxCanvas class.
 sglCanvas.c:392?_AfxCanvDtor(canv=02f45d20)
 sglCanvas.c:342?_AfxCanvDropAllSurfaces(canv=02f45d20)
 afxClass<afxSurface>::DismantleObjects(1, 0038e01c)
 Destructing instance 0234d360 of afxSurface class.
 sglSurface.c:127?_AfxSurfDtor(surf=0234d360)
 Destructing instance 0234d360 of afxSurface : afxTexture class.
 Destructing instance 0234d360 of afxTexture class.
 sglTexture.c:974?_AfxTexDtor(tex=0234d360)
 afxClass<afxSurface>::DeallocateObjects(1, 0038e01c)
 afxClass<afxSurface>::DismantleObjects(1, 0038e01c)
 Destructing instance 02f45e00 of afxSurface class.
 sglSurface.c:127?_AfxSurfDtor(surf=02f45e00)
 Destructing instance 02f45e00 of afxSurface : afxTexture class.
 Destructing instance 02f45e00 of afxTexture class.
 sglTexture.c:974?_AfxTexDtor(tex=02f45e00)
 afxClass<afxSurface>::DeallocateObjects(1, 0038e01c)
 afxClass<afxCanvas>::DeallocateObjects(1, 0038e3b8)
 afxClass<afxCanvas>::DismantleObjects(1, 0038e3b8)
 Destructing instance 02f45920 of afxCanvas class.
 sglCanvas.c:392?_AfxCanvDtor(canv=02f45920)
 sglCanvas.c:342?_AfxCanvDropAllSurfaces(canv=02f45920)
 afxClass<afxSurface>::DismantleObjects(1, 0038e01c)
 Destructing instance 02fe4830 of afxSurface class.
 sglSurface.c:127?_AfxSurfDtor(surf=02fe4830)
 Destructing instance 02fe4830 of afxSurface : afxTexture class.
 Destructing instance 02fe4830 of afxTexture class.
 sglTexture.c:974?_AfxTexDtor(tex=02fe4830)
 afxClass<afxSurface>::DeallocateObjects(1, 0038e01c)
 afxClass<afxSurface>::DismantleObjects(1, 0038e01c)
 Destructing instance 02f45a00 of afxSurface class.
 sglSurface.c:127?_AfxSurfDtor(surf=02f45a00)
 Destructing instance 02f45a00 of afxSurface : afxTexture class.
 Destructing instance 02f45a00 of afxTexture class.
 sglTexture.c:974?_AfxTexDtor(tex=02f45a00)
 afxClass<afxSurface>::DeallocateObjects(1, 0038e01c)
 afxClass<afxCanvas>::DeallocateObjects(1, 0038e3b8)
 afxClass<afxSurface>::Dismount(02f20310)
 afxClass<afxTexture>::Dismount(02f20268)
 afxClass<afxTexture>::DismantleObjects(1, 0038e3b8)
 Destructing instance 02f44300 of afxTexture class.
 sglTexture.c:974?_AfxTexDtor(tex=02f44300)
 afxClass<afxTexture>::DeallocateObjects(1, 0038e3b8)
 afxClass<afxSampler>::Dismount(02f201c0)
 afxClass<afxSampler>::DismantleObjects(1, 0038e3b8)
 Destructing instance 02f45840 of afxSampler class.
 sglSampler.c:170?_AfxSmpDtor(smp=02f45840)
 afxClass<afxSampler>::DeallocateObjects(1, 0038e3b8)
 afxClass<afxSampler>::DismantleObjects(1, 0038e3b8)
 Destructing instance 005b8390 of afxSampler class.
 sglSampler.c:170?_AfxSmpDtor(smp=005b8390)
 afxClass<afxSampler>::DeallocateObjects(1, 0038e3b8)
 afxClass<afxIndexBuffer>::Dismount(02f20118)
 afxClass<afxVertexBuffer>::Dismount(02f20070)
 afxClass<afxVertexBuffer>::DismantleObjects(1, 0038e3b8)
 Destructing instance 02f44400 of afxVertexBuffer class.
 afxVertexBuffer.c:310?_AfxVbufDtor(vbuf=02f44400)
 Destructing instance 02f44400 of afxVertexBuffer : afxBuffer class.
 Destructing instance 02f44400 of afxBuffer class.
 sglBuffer.c:429?_AfxBufDtor(buf=02f44400)
 afxClass<afxVertexBuffer>::DeallocateObjects(1, 0038e3b8)
 afxClass<afxVertexBuffer>::DismantleObjects(1, 0038e3b8)
 Destructing instance 005bf160 of afxVertexBuffer class.
 afxVertexBuffer.c:310?_AfxVbufDtor(vbuf=005bf160)
 Destructing instance 005bf160 of afxVertexBuffer : afxBuffer class.
 Destructing instance 005bf160 of afxBuffer class.
 sglBuffer.c:429?_AfxBufDtor(buf=005bf160)
 afxClass<afxVertexBuffer>::DeallocateObjects(1, 0038e3b8)
 afxClass<afxBuffer>::Dismount(02f1ffc8)
 afxClass<afxBuffer>::DismantleObjects(1, 0038e3b8)
 Destructing instance 02f45f20 of afxBuffer class.
 sglBuffer.c:429?_AfxBufDtor(buf=02f45f20)
 afxClass<afxBuffer>::DeallocateObjects(1, 0038e3b8)
 afxClass<afxBuffer>::DismantleObjects(1, 0038e3b8)
 Destructing instance 02f45b20 of afxBuffer class.
 sglBuffer.c:429?_AfxBufDtor(buf=02f45b20)
 afxClass<afxBuffer>::DeallocateObjects(1, 0038e3b8)
 afxClass<afxDrawQueue>::Dismount(02f208f8)
 afxClass<afxDrawQueue>::DismantleObjects(1, 0038e3b8)
 Destructing instance 02f0b7c0 of afxDrawQueue class.
 sglDrawQueue.c:1935?_AfxDqueDtor(dque=02f0b7c0)
 afxClass<afxDrawQueue>::DeallocateObjects(1, 0038e3b8)
 afxClass<afxDrawInput>::Dismount(02f20850)
 afxClass<afxDrawScript>::Dismount(02f207a8)
 afxClass<afxDrawScript>::DismantleObjects(1, 0038e3b8)
 Destructing instance 02f963e0 of afxDrawScript class.
 sglDrawScript.c:500?_AfxDscrDtor(dscr=02f963e0)
 afxClass<afxDrawScript>::DeallocateObjects(1, 0038e3b8)
 afxClass<Draw Context>::DeallocateObjects(1, 0038e814)
 afxClass<afxDrawSystem>::DismantleObjects(1, 0038e814)
 Destructing instance 004f4880 of afxDrawSystem class.
 afxDrawSystem.c:351?_AfxDsysDtor(dsys=004f4880)
 afxClass<afxDrawDriver>::Dismount(004f48c8)
 afxClass<afxDrawDriver>::DismantleObjects(1, 0038e384)
 Destructing instance 02f05620 of afxDrawDriver class.
 afxDrawDriver.c:116?_AfxDdrvDtor(ddrv=02f05620)
 afxClass<Draw Context>::Dismount(02f05668)
 afxClass<afxDrawDriver>::DeallocateObjects(1, 0038e384)
 afxClass<afxDrawSystem>::DeallocateObjects(1, 0038e814)
 afxClass<afxSystem>::DismantleObjects(1, 0038e814)
 Destructing instance 004ef520 of afxSystem class.
 afxSystem.c:793?_AfxSysDtor(sys=004ef520)
 afxClass<afxApplication>::Dismount(004f0b88)
 afxClass<afxDrawSystem>::Dismount(004f0ae0)
 afxClass<afxMouse>::Dismount(004f0a38)
 afxClass<afxKeyboard>::Dismount(004f0990)
 afxClass<afxKeyboard>::DismantleObjects(1, 0038e3b4)
 Destructing instance 004f3fe0 of afxKeyboard class.
 afxKeyboard.c:209?_AfxKbdDtor(kbd=004f3fe0)
 Destructing instance 004f3fe0 of afxKeyboard : afxHid class.
 Destructing instance 004f3fe0 of afxHid class.
 afxHid.c:66?_AfxHidDtor(hid=004f3fe0)
 afxClass<afxKeyboard>::DeallocateObjects(1, 0038e3b4)
 afxClass<afxHid>::Dismount(004f08e8)
 afxClass<afxModule>::Dismount(004f0840)
 afxClass<afxModule>::DismantleObjects(1, 0038e3b4)
 Destructing instance 02304630 of afxModule class.
 afxModule.c:123?_AfxMdleDtor(mdle=02304630)
 afxClass<afxModule>::DeallocateObjects(1, 0038e3b4)
 afxClass<afxModule>::DismantleObjects(1, 0038e3b4)
 Destructing instance 004f3520 of afxModule class.
 afxModule.c:123?_AfxMdleDtor(mdle=004f3520)
 afxClass<afxModule>::DeallocateObjects(1, 0038e3b4)
 afxClass<afxModule>::DismantleObjects(1, 0038e3b4)
 Destructing instance 004f3460 of afxModule class.
 afxModule.c:123?_AfxMdleDtor(mdle=004f3460)
 afxClass<afxModule>::DeallocateObjects(1, 0038e3b4)
 afxClass<afxFileSystem>::Dismount(004f0798)
 afxClass<afxFileSystem>::DismantleObjects(1, 0038e3b4)
 Destructing instance 004f12d0 of afxFileSystem class.
 afxFileSystem.c:588?_AfxFsysDtor(fsys=004f12d0)
 afxFileSystem.c:345?AfxFileSystemDismountStoragePoints(Afx.FileSystem.DismountStoragePoints(004f12d0,1,0038e058))
 Point "sound" 5 unmounted -> "E:/qwadro/afx/sound".
 afxFileSystem.c:345?AfxFileSystemDismountStoragePoints(Afx.FileSystem.DismountStoragePoints(004f12d0,1,0038e058))
 Point "data" 5 unmounted -> "E:/qwadro/afx/data".
 afxFileSystem.c:345?AfxFileSystemDismountStoragePoints(Afx.FileSystem.DismountStoragePoints(004f12d0,1,0038e058))
 Point "art" 5 unmounted -> "E:/qwadro/afx/art".
 afxFileSystem.c:345?AfxFileSystemDismountStoragePoints(Afx.FileSystem.DismountStoragePoints(004f12d0,1,0038e058))
 Point "system" 7 unmounted -> "E:/qwadro/afx/system32".
 afxFileSystem.c:345?AfxFileSystemDismountStoragePoints(Afx.FileSystem.DismountStoragePoints(004f12d0,1,0038e058))
 Point "." 5 unmounted -> "E:/qwadro/afx".
 afxClass<afxUrd>::Dismount(004f15c0)
 afxClass<afxXml>::Dismount(004f1518)
 afxClass<afxResource>::Dismount(004f1668)
 afxClass<afxArchive>::Dismount(004f1470)
 afxClass<afxArchive>::DismantleObjects(1, 0038df08)
 Destructing instance 02f16b70 of afxArchive class.
 Destructing instance 02f16b70 of afxArchive : afxFile class.
 Destructing instance 02f16b70 of afxFile class.
 Destructing instance 02f16b70 of afxFile : afxStream class.
 Destructing instance 02f16b70 of afxStream class.
 afxClass<afxArchive>::DeallocateObjects(1, 0038df08)
 afxClass<afxFile>::Dismount(004f13c8)
 afxClass<afxStream>::Dismount(004f1320)
 afxClass<afxStream>::DismantleObjects(1, 0038df08)
 Destructing instance 02f8dd70 of afxStream class.
 afxClass<afxStream>::DeallocateObjects(1, 0038df08)
 afxClass<afxFileSystem>::DeallocateObjects(1, 0038e3b4)
 afxClass<afxThread>::Dismount(004f06f0)
 afxClass<Memory Arena>::Dismount(004f0648)
 afxClass<Memory Arena>::DismantleObjects(1, 0038e3b4)
 Destructing instance 02f40a80 of Memory Arena class.
 afxArena.c:789?_AfxArenDtor(aren=02f40a80)
 Destructing instance 02f40a80 of Memory Arena : afxMemory class.
 Destructing instance 02f40a80 of afxMemory class.
 afxMemory.c:299?_AfxMemDtor(mem=02f40a80)
 afxMemory.c:219?AfxMemoryExhaust(mem=02f40a80)
 Exhausted. (mem)02f40a80
 afxClass<Memory Arena>::DeallocateObjects(1, 0038e3b4)
 afxClass<Memory Arena>::DismantleObjects(1, 0038e3b4)
 Destructing instance 0234cbb0 of Memory Arena class.
 afxArena.c:789?_AfxArenDtor(aren=0234cbb0)
 Destructing instance 0234cbb0 of Memory Arena : afxMemory class.
 Destructing instance 0234cbb0 of afxMemory class.
 afxMemory.c:299?_AfxMemDtor(mem=0234cbb0)
 afxMemory.c:219?AfxMemoryExhaust(mem=0234cbb0)
 Exhausted. (mem)0234cbb0
 afxClass<Memory Arena>::DeallocateObjects(1, 0038e3b4)
 afxClass<afxMemory>::Dismount(004f05a0)
 afxClass<afxMemory>::DismantleObjects(1, 0038e3b4)
 Destructing instance 004f0ca0 of afxMemory class.
 afxMemory.c:299?_AfxMemDtor(mem=004f0ca0)
 afxMemory.c:219?AfxMemoryExhaust(mem=004f0ca0)
 Exhausted. (mem)004f0ca0
 afxClass<afxMemory>::DeallocateObjects(1, 0038e3b4)
 afxClass<afxSystem>::DeallocateObjects(1, 0038e814)