
 afxDebug.c:363?AfxAttachDebugTerminal()
      ::::::::  :::       :::     :::     :::::::::  :::::::::   ::::::::      
     :+:    :+: :+:       :+:   :+: :+:   :+:    :+: :+:    :+: :+:    :+:     
     +:+    +:+ +:+       +:+  +:+   +:+  +:+    +:+ +:+    +:+ +:+    +:+     
     +#+    +:+ +#+  +:+  +#+ +#++:++#++: +#+    +:+ +#++:++#:  +#+    +:+     
     +#+  # +#+ +#+ +#+#+ +#+ +#+     +#+ +#+    +#+ +#+    +#+ +#+    +#+     
     #+#   +#+   #+#+# #+#+#  #+#     #+# #+#    #+# #+#    #+# #+#    #+#     
      ###### ###  ###   ###   ###     ### #########  ###    ###  ########      
                                                                               
             S I G M A   C O . ,   T E C H N O L O G Y   G R O U P             
                                                                             
                                    4D AFX                                   
                              Public Test Build                              
                     (c) 2017 SIGMA Co., Technology Group                    
                               www.sigmaco.org                               
                                                                             
                                                                             
 afxClass<afxSystem>::Mount(0fbc9df0, 00000000, 00000000, 0fba7718)
 afxClass<afxSystem>::AllocateObjects(1, 0036eb08, 0036eb18)
 afxClass<afxSystem>::BuildObjects(1, 0036eb08, 00000000)
 afxClass<afxSystem>::ConstructObject(0077f520)
 afxSystem.c:813?_AfxSysCtor(sys=0077f520)
 ADV afxSystem.c:828?_AfxSysCtor
    Memoy page size: 4096
 ADV afxSystem.c:829?_AfxSysCtor
    Logical processor count: 2
 afxClass<afxMemory>::Mount(007805a0, 0077f554, 00000000, 0fbab948)
 afxClass<Memory Arena>::Mount(00780648, 0077f554, 007805a0, 0fbab2c0)
 afxMemory.c:259?AfxSystemAcquireMemory(sys=0077f520,strategy=0036d6b4,hint="afxSystem.c:847!_AfxSysCtor")
 afxClass<afxMemory>::AllocateObjects(1, 0036d53c, 0036d54c)
 afxClass<afxMemory>::BuildObjects(1, 0036d53c, 0036d530)
 afxClass<afxMemory>::ConstructObject(00780ca0)
 afxMemory.c:317?_AfxMemCtor(mem=00780ca0)
 afxClass<afxThread>::Mount(007806f0, 0077f554, 00000000, 0fba7de0)
 afxClass<afxFileSystem>::Mount(00780798, 0077f554, 00000000, 0fba92b4)
 afxFileSystem.c:558?AfxSystemAcquireFileSystem(Afx.System.AcquireFileSystem(0077f520,5,0036d874))
 afxClass<afxFileSystem>::AllocateObjects(1, 0036d524, 0036d534)
 afxClass<afxFileSystem>::BuildObjects(1, 0036d524, 0036d670)
 afxClass<afxFileSystem>::ConstructObject(007812d0)
 afxFileSystem.c:617?_AfxFsysCtor(fsys=007812d0)
 afxClass<afxStream>::Mount(00781320, 00781308, 00000000, 0fbaa6d4)
 afxClass<afxFile>::Mount(007813c8, 00781308, 00781320, 0fba9030)
 afxClass<afxArchive>::Mount(00781470, 00781308, 007813c8, 0fba89bc)
 afxClass<afxResource>::Mount(00781668, 00781308, 00000000, 0fbaa534)
 afxClass<afxXml>::Mount(00781518, 00781308, 00000000, 0fbaabcc)
 afxClass<afxUrd>::Mount(007815c0, 00781308, 00000000, 0fbaaaec)
 afxFileSystem.c:389?AfxFileSystemMountStoragePoints(Afx.FileSystem.MountStoragePoints(007812d0,5,0036d874))
 Point "." 5 mounted -> "E:/qwadro/afx".
 Point "system" 7 mounted -> "E:/qwadro/afx/system32".
 Point "art" 5 mounted -> "E:/qwadro/afx/art".
 Point "data" 5 mounted -> "E:/qwadro/afx/data".
 Point "sound" 5 mounted -> "E:/qwadro/afx/sound".
 afxClass<afxModule>::Mount(00780840, 0077f554, 00000000, 0fba5f14)
 afxModule.c:71?AfxSystemAcquireModule(sys=0077f520,uri=system/e2coree.dll)
 afxClass<afxModule>::AllocateObjects(1, 0036d4dc, 0036d524)
 afxClass<afxModule>::BuildObjects(1, 0036d4dc, 0036d4d4)
 afxClass<afxModule>::ConstructObject(00783460)
 afxModule.c:138?_AfxMdleCtor(uri:system/e2coree.dll)
 afxClass<afxHid>::Mount(007808e8, 0077f554, 00000000, 0fba97cc)
 afxClass<afxKeyboard>::Mount(00780990, 0077f554, 007808e8, 0fbaa0cc)
 afxClass<afxMouse>::Mount(00780a38, 0077f554, 007808e8, 0fbaa28c)
 afxClass<afxDrawSystem>::Mount(00780ae0, 0077f554, 00000000, 0fbaf108)
 afxClass<afxApplication>::Mount(00780b88, 0077f554, 00000000, 0fba5000)
 afxKeyboard.c:163?AfxSystemAcquireKeyboard(sys=0077f520,port=0)
 afxClass<afxKeyboard>::AllocateObjects(1, 0036d548, 0036d558)
 afxClass<afxKeyboard>::BuildObjects(1, 0036d548, 0036d540)
 afxClass<afxKeyboard, afxHid>ConstructingObject(00783fe0)
 afxClass<afxHid>::ConstructObject(00783fe0)
 afxHid.c:75?_AfxHidCtor(hid=00783fe0)
 afxClass<afxKeyboard>::ConstructObject(00783fe0)
 afxKeyboard.c:219?_AfxKbdCtor(kbd=00783fe0)
 afxDrawSystem.c:320?AfxSystemAcquireDrawSystem(sys=0077f520)
 afxClass<afxDrawSystem>::AllocateObjects(1, 0036eb00, 0036eb10)
 afxClass<afxDrawSystem>::BuildObjects(1, 0036eb00, 0036ec0c)
 afxClass<afxDrawSystem>::ConstructObject(00784880)
 afxDrawSystem.c:418?_AfxDsysCtor(dsys=00784880)
 afxClass<afxDrawDriver>::Mount(007848c8, 007848b4, 00000000, 0fbadac0)
New texture codec registered.
Name: SIGGL
Author: SIGMA Technology Group
Version: 0.5.1
Note: 
    :::::::::::     :::     :::::::::   ::::::::      :::        
        :+:       :+: :+:   :+:    :+: :+:    :+:   :+: :+:      
        +:+      +:+   +:+  +:+    +:+ +:+         +:+   +:+     
        +#+     +#++:++#++: +#++:++#:  :#:        +#++:++#++:    
        +#+     +#+     +#+ +#+    +#+ +#+   +#+# +#+     +#+    
        #+#     #+#     #+# #+#    #+# #+#    #+# #+#     #+#    
        ###     ###     ### ###    ###  ########  ###     ###    
                                                                 
                      SIGMA Technology Group                     
 Truecolor Targa texture serializer installed!
 afxModule.c:71?AfxSystemAcquireModule(sys=0077f520,uri=e2draw.icd)
 afxClass<afxModule>::AllocateObjects(1, 0036e604, 0036e64c)
 afxClass<afxModule>::BuildObjects(1, 0036e604, 0036e5fc)
 afxClass<afxModule>::ConstructObject(00783520)
 afxModule.c:138?_AfxMdleCtor(uri:e2draw.icd)
 Listing mem available display devices...

 #0 = Intel(R) HD Graphics (\\.\DISPLAY1) 8000005
 #1 = RDPDD Chained DD (\\.\DISPLAYV1) 200008
 #2 = RDP Encoder Mirror Driver (\\.\DISPLAYV2) 200008
 #3 = RDP Reflector Display Driver (\\.\DISPLAYV3) 200008
 sglDriver.c:1268?_SglCreateCombinedDeviceContext(oglWndClss=00785f60,shareCtx=00000000,phwnd=00785f90,phdc=00785f94,phrc=00785f9c)
 sglDriver.c:786?_SglLoadVmt(vmt=00785fa0,verMajor=1,verMinor=0)
 glCullFace @ 0 found.
 glFrontFace @ 1 found.
 glHint @ 2 found.
 glLineWidth @ 3 found.
 glPointSize @ 4 found.
 glPolygonMode @ 5 found.
 glScissor @ 6 found.
 glTexParameterf @ 7 found.
 glTexParameterfv @ 8 found.
 glTexParameteri @ 9 found.
 glTexParameteriv @ 10 found.
 glTexImage1D @ 11 found.
 glTexImage2D @ 12 found.
 glDrawBuffer @ 13 found.
 glClear @ 14 found.
 glClearColor @ 15 found.
 glClearStencil @ 16 found.
 glClearDepth @ 17 found.
 glStencilMask @ 18 found.
 glColorMask @ 19 found.
 glDepthMask @ 20 found.
 glDisable @ 21 found.
 glEnable @ 22 found.
 glFinish @ 23 found.
 glFlush @ 24 found.
 glBlendFunc @ 25 found.
 glLogicOp @ 26 found.
 glStencilFunc @ 27 found.
 glStencilOp @ 28 found.
 glDepthFunc @ 29 found.
 glPixelStoref @ 30 found.
 glPixelStorei @ 31 found.
 glReadBuffer @ 32 found.
 glReadPixels @ 33 found.
 glGetBooleanv @ 34 found.
 glGetDoublev @ 35 found.
 glGetError @ 36 found.
 glGetFloatv @ 37 found.
 glGetIntegerv @ 38 found.
 glGetString @ 39 found.
 glGetTexImage @ 40 found.
 glGetTexParameterfv @ 41 found.
 glGetTexParameteriv @ 42 found.
 glGetTexLevelParameterfv @ 43 found.
 glGetTexLevelParameteriv @ 44 found.
 glIsEnabled @ 45 found.
 glDepthRange @ 46 found.
 glViewport @ 47 found.
 sglDriver.c:786?_SglLoadVmt(vmt=00785fa0,verMajor=4,verMinor=6)
 glCullFace @ 0 found.
 glFrontFace @ 1 found.
 glHint @ 2 found.
 glLineWidth @ 3 found.
 glPointSize @ 4 found.
 glPolygonMode @ 5 found.
 glScissor @ 6 found.
 glTexParameterf @ 7 found.
 glTexParameterfv @ 8 found.
 glTexParameteri @ 9 found.
 glTexParameteriv @ 10 found.
 glTexImage1D @ 11 found.
 glTexImage2D @ 12 found.
 glDrawBuffer @ 13 found.
 glClear @ 14 found.
 glClearColor @ 15 found.
 glClearStencil @ 16 found.
 glClearDepth @ 17 found.
 glStencilMask @ 18 found.
 glColorMask @ 19 found.
 glDepthMask @ 20 found.
 glDisable @ 21 found.
 glEnable @ 22 found.
 glFinish @ 23 found.
 glFlush @ 24 found.
 glBlendFunc @ 25 found.
 glLogicOp @ 26 found.
 glStencilFunc @ 27 found.
 glStencilOp @ 28 found.
 glDepthFunc @ 29 found.
 glPixelStoref @ 30 found.
 glPixelStorei @ 31 found.
 glReadBuffer @ 32 found.
 glReadPixels @ 33 found.
 glGetBooleanv @ 34 found.
 glGetDoublev @ 35 found.
 glGetError @ 36 found.
 glGetFloatv @ 37 found.
 glGetIntegerv @ 38 found.
 glGetString @ 39 found.
 glGetTexImage @ 40 found.
 glGetTexParameterfv @ 41 found.
 glGetTexParameteriv @ 42 found.
 glGetTexLevelParameterfv @ 43 found.
 glGetTexLevelParameteriv @ 44 found.
 glIsEnabled @ 45 found.
 glDepthRange @ 46 found.
 glViewport @ 47 found.
 glDrawArrays @ 48 found.
 glDrawElements @ 49 found.
 glGetPointerv @ 50 found.
 glPolygonOffset @ 51 found.
 glCopyTexImage1D @ 52 found.
 glCopyTexImage2D @ 53 found.
 glCopyTexSubImage1D @ 54 found.
 glCopyTexSubImage2D @ 55 found.
 glTexSubImage1D @ 56 found.
 glTexSubImage2D @ 57 found.
 glBindTexture @ 58 found.
 glDeleteTextures @ 59 found.
 glGenTextures @ 60 found.
 glIsTexture @ 61 found.
 glDrawRangeElements @ 62 found.
 glTexImage3D @ 63 found.
 glTexSubImage3D @ 64 found.
 glCopyTexSubImage3D @ 65 found.
 glActiveTexture @ 66 found.
 glSampleCoverage @ 67 found.
 glCompressedTexImage3D @ 68 found.
 glCompressedTexImage2D @ 69 found.
 glCompressedTexImage1D @ 70 found.
 glCompressedTexSubImage3D @ 71 found.
 glCompressedTexSubImage2D @ 72 found.
 glCompressedTexSubImage1D @ 73 found.
 glGetCompressedTexImage @ 74 found.
 glBlendFuncSeparate @ 75 found.
 glMultiDrawArrays @ 76 found.
 glMultiDrawElements @ 77 found.
 glPointParameterf @ 78 found.
 glPointParameterfv @ 79 found.
 glPointParameteri @ 80 found.
 glPointParameteriv @ 81 found.
 glBlendColor @ 82 found.
 glBlendEquation @ 83 found.
 glGenQueries @ 84 found.
 glDeleteQueries @ 85 found.
 glIsQuery @ 86 found.
 glBeginQuery @ 87 found.
 glEndQuery @ 88 found.
 glGetQueryiv @ 89 found.
 glGetQueryObjectiv @ 90 found.
 glGetQueryObjectuiv @ 91 found.
 glBindBuffer @ 92 found.
 glDeleteBuffers @ 93 found.
 glGenBuffers @ 94 found.
 glIsBuffer @ 95 found.
 glBufferData @ 96 found.
 glBufferSubData @ 97 found.
 glGetBufferSubData @ 98 found.
 glMapBuffer @ 99 found.
 glUnmapBuffer @ 100 found.
 glGetBufferParameteriv @ 101 found.
 glGetBufferPointerv @ 102 found.
 glBlendEquationSeparate @ 103 found.
 glDrawBuffers @ 104 found.
 glStencilOpSeparate @ 105 found.
 glStencilFuncSeparate @ 106 found.
 glStencilMaskSeparate @ 107 found.
 glAttachShader @ 108 found.
 glBindAttribLocation @ 109 found.
 glCompileShader @ 110 found.
 glCreateProgram @ 111 found.
 glCreateShader @ 112 found.
 glDeleteProgram @ 113 found.
 glDeleteShader @ 114 found.
 glDetachShader @ 115 found.
 glDisableVertexAttribArray @ 116 found.
 glEnableVertexAttribArray @ 117 found.
 glGetActiveAttrib @ 118 found.
 glGetActiveUniform @ 119 found.
 glGetAttachedShaders @ 120 found.
 glGetAttribLocation @ 121 found.
 glGetProgramiv @ 122 found.
 glGetProgramInfoLog @ 123 found.
 glGetShaderiv @ 124 found.
 glGetShaderInfoLog @ 125 found.
 glGetShaderSource @ 126 found.
 glGetUniformLocation @ 127 found.
 glGetUniformfv @ 128 found.
 glGetUniformiv @ 129 found.
 glGetVertexAttribdv @ 130 found.
 glGetVertexAttribfv @ 131 found.
 glGetVertexAttribiv @ 132 found.
 glGetVertexAttribPointerv @ 133 found.
 glIsProgram @ 134 found.
 glIsShader @ 135 found.
 glLinkProgram @ 136 found.
 glShaderSource @ 137 found.
 glUseProgram @ 138 found.
 glUniform1f @ 139 found.
 glUniform2f @ 140 found.
 glUniform3f @ 141 found.
 glUniform4f @ 142 found.
 glUniform1i @ 143 found.
 glUniform2i @ 144 found.
 glUniform3i @ 145 found.
 glUniform4i @ 146 found.
 glUniform1fv @ 147 found.
 glUniform2fv @ 148 found.
 glUniform3fv @ 149 found.
 glUniform4fv @ 150 found.
 glUniform1iv @ 151 found.
 glUniform2iv @ 152 found.
 glUniform3iv @ 153 found.
 glUniform4iv @ 154 found.
 glUniformMatrix2fv @ 155 found.
 glUniformMatrix3fv @ 156 found.
 glUniformMatrix4fv @ 157 found.
 glValidateProgram @ 158 found.
 glVertexAttrib1d @ 159 found.
 glVertexAttrib1dv @ 160 found.
 glVertexAttrib1f @ 161 found.
 glVertexAttrib1fv @ 162 found.
 glVertexAttrib1s @ 163 found.
 glVertexAttrib1sv @ 164 found.
 glVertexAttrib2d @ 165 found.
 glVertexAttrib2dv @ 166 found.
 glVertexAttrib2f @ 167 found.
 glVertexAttrib2fv @ 168 found.
 glVertexAttrib2s @ 169 found.
 glVertexAttrib2sv @ 170 found.
 glVertexAttrib3d @ 171 found.
 glVertexAttrib3dv @ 172 found.
 glVertexAttrib3f @ 173 found.
 glVertexAttrib3fv @ 174 found.
 glVertexAttrib3s @ 175 found.
 glVertexAttrib3sv @ 176 found.
 glVertexAttrib4Nbv @ 177 found.
 glVertexAttrib4Niv @ 178 found.
 glVertexAttrib4Nsv @ 179 found.
 glVertexAttrib4Nub @ 180 found.
 glVertexAttrib4Nubv @ 181 found.
 glVertexAttrib4Nuiv @ 182 found.
 glVertexAttrib4Nusv @ 183 found.
 glVertexAttrib4bv @ 184 found.
 glVertexAttrib4d @ 185 found.
 glVertexAttrib4dv @ 186 found.
 glVertexAttrib4f @ 187 found.
 glVertexAttrib4fv @ 188 found.
 glVertexAttrib4iv @ 189 found.
 glVertexAttrib4s @ 190 found.
 glVertexAttrib4sv @ 191 found.
 glVertexAttrib4ubv @ 192 found.
 glVertexAttrib4uiv @ 193 found.
 glVertexAttrib4usv @ 194 found.
 glVertexAttribPointer @ 195 found.
 glUniformMatrix2x3fv @ 196 found.
 glUniformMatrix3x2fv @ 197 found.
 glUniformMatrix2x4fv @ 198 found.
 glUniformMatrix4x2fv @ 199 found.
 glUniformMatrix3x4fv @ 200 found.
 glUniformMatrix4x3fv @ 201 found.
 glColorMaski @ 202 found.
 glGetBooleani_v @ 203 found.
 glGetIntegeri_v @ 204 found.
 glEnablei @ 205 found.
 glDisablei @ 206 found.
 glIsEnabledi @ 207 found.
 glBeginTransformFeedback @ 208 found.
 glEndTransformFeedback @ 209 found.
 glBindBufferRange @ 210 found.
 glBindBufferBase @ 211 found.
 glTransformFeedbackVaryings @ 212 found.
 glGetTransformFeedbackVarying @ 213 found.
 glClampColor @ 214 found.
 glBeginConditionalRender @ 215 found.
 glEndConditionalRender @ 216 found.
 glVertexAttribIPointer @ 217 found.
 glGetVertexAttribIiv @ 218 found.
 glGetVertexAttribIuiv @ 219 found.
 glVertexAttribI1i @ 220 found.
 glVertexAttribI2i @ 221 found.
 glVertexAttribI3i @ 222 found.
 glVertexAttribI4i @ 223 found.
 glVertexAttribI1ui @ 224 found.
 glVertexAttribI2ui @ 225 found.
 glVertexAttribI3ui @ 226 found.
 glVertexAttribI4ui @ 227 found.
 glVertexAttribI1iv @ 228 found.
 glVertexAttribI2iv @ 229 found.
 glVertexAttribI3iv @ 230 found.
 glVertexAttribI4iv @ 231 found.
 glVertexAttribI1uiv @ 232 found.
 glVertexAttribI2uiv @ 233 found.
 glVertexAttribI3uiv @ 234 found.
 glVertexAttribI4uiv @ 235 found.
 glVertexAttribI4bv @ 236 found.
 glVertexAttribI4sv @ 237 found.
 glVertexAttribI4ubv @ 238 found.
 glVertexAttribI4usv @ 239 found.
 glGetUniformuiv @ 240 found.
 glBindFragDataLocation @ 241 found.
 glGetFragDataLocation @ 242 found.
 glUniform1ui @ 243 found.
 glUniform2ui @ 244 found.
 glUniform3ui @ 245 found.
 glUniform4ui @ 246 found.
 glUniform1uiv @ 247 found.
 glUniform2uiv @ 248 found.
 glUniform3uiv @ 249 found.
 glUniform4uiv @ 250 found.
 glTexParameterIiv @ 251 found.
 glTexParameterIuiv @ 252 found.
 glGetTexParameterIiv @ 253 found.
 glGetTexParameterIuiv @ 254 found.
 glClearBufferiv @ 255 found.
 glClearBufferuiv @ 256 found.
 glClearBufferfv @ 257 found.
 glClearBufferfi @ 258 found.
 glGetStringi @ 259 found.
 glIsRenderbuffer @ 260 found.
 glBindRenderbuffer @ 261 found.
 glDeleteRenderbuffers @ 262 found.
 glGenRenderbuffers @ 263 found.
 glRenderbufferStorage @ 264 found.
 glGetRenderbufferParameteriv @ 265 found.
 glIsFramebuffer @ 266 found.
 glBindFramebuffer @ 267 found.
 glDeleteFramebuffers @ 268 found.
 glGenFramebuffers @ 269 found.
 glCheckFramebufferStatus @ 270 found.
 glFramebufferTexture1D @ 271 found.
 glFramebufferTexture2D @ 272 found.
 glFramebufferTexture3D @ 273 found.
 glFramebufferRenderbuffer @ 274 found.
 glGetFramebufferAttachmentParameteriv @ 275 found.
 glGenerateMipmap @ 276 found.
 glBlitFramebuffer @ 277 found.
 glRenderbufferStorageMultisample @ 278 found.
 glFramebufferTextureLayer @ 279 found.
 glMapBufferRange @ 280 found.
 glFlushMappedBufferRange @ 281 found.
 glBindVertexArray @ 282 found.
 glDeleteVertexArrays @ 283 found.
 glGenVertexArrays @ 284 found.
 glIsVertexArray @ 285 found.
 glDrawArraysInstanced @ 286 found.
 glDrawElementsInstanced @ 287 found.
 glTexBuffer @ 288 found.
 glPrimitiveRestartIndex @ 289 found.
 glCopyBufferSubData @ 290 found.
 glGetUniformIndices @ 291 found.
 glGetActiveUniformsiv @ 292 found.
 glGetActiveUniformName @ 293 found.
 glGetUniformBlockIndex @ 294 found.
 glGetActiveUniformBlockiv @ 295 found.
 glGetActiveUniformBlockName @ 296 found.
 glUniformBlockBinding @ 297 found.
 glDrawElementsBaseVertex @ 298 found.
 glDrawRangeElementsBaseVertex @ 299 found.
 glDrawElementsInstancedBaseVertex @ 300 found.
 glMultiDrawElementsBaseVertex @ 301 found.
 glProvokingVertex @ 302 found.
 glFenceSync @ 303 found.
 glIsSync @ 304 found.
 glDeleteSync @ 305 found.
 glClientWaitSync @ 306 found.
 glWaitSync @ 307 found.
 glGetInteger64v @ 308 found.
 glGetSynciv @ 309 found.
 glGetInteger64i_v @ 310 found.
 glGetBufferParameteri64v @ 311 found.
 glFramebufferTexture @ 312 found.
 glTexImage2DMultisample @ 313 found.
 glTexImage3DMultisample @ 314 found.
 glGetMultisamplefv @ 315 found.
 glSampleMaski @ 316 found.
 glBindFragDataLocationIndexed @ 317 found.
 glGetFragDataIndex @ 318 found.
 glGenSamplers @ 319 found.
 glDeleteSamplers @ 320 found.
 glIsSampler @ 321 found.
 glBindSampler @ 322 found.
 glSamplerParameteri @ 323 found.
 glSamplerParameteriv @ 324 found.
 glSamplerParameterf @ 325 found.
 glSamplerParameterfv @ 326 found.
 glSamplerParameterIiv @ 327 found.
 glSamplerParameterIuiv @ 328 found.
 glGetSamplerParameteriv @ 329 found.
 glGetSamplerParameterIiv @ 330 found.
 glGetSamplerParameterfv @ 331 found.
 glGetSamplerParameterIuiv @ 332 found.
 glQueryCounter @ 333 found.
 glGetQueryObjecti64v @ 334 found.
 glGetQueryObjectui64v @ 335 found.
 glVertexAttribDivisor @ 336 found.
 glVertexAttribP1ui @ 337 found.
 glVertexAttribP1uiv @ 338 found.
 glVertexAttribP2ui @ 339 found.
 glVertexAttribP2uiv @ 340 found.
 glVertexAttribP3ui @ 341 found.
 glVertexAttribP3uiv @ 342 found.
 glVertexAttribP4ui @ 343 found.
 glVertexAttribP4uiv @ 344 found.
 glMinSampleShading @ 345 found.
 glBlendEquationi @ 346 found.
 glBlendEquationSeparatei @ 347 found.
 glBlendFunci @ 348 found.
 glBlendFuncSeparatei @ 349 found.
 glDrawArraysIndirect @ 350 found.
 glDrawElementsIndirect @ 351 found.
 glUniform1d @ 352 found.
 glUniform2d @ 353 found.
 glUniform3d @ 354 found.
 glUniform4d @ 355 found.
 glUniform1dv @ 356 found.
 glUniform2dv @ 357 found.
 glUniform3dv @ 358 found.
 glUniform4dv @ 359 found.
 glUniformMatrix2dv @ 360 found.
 glUniformMatrix3dv @ 361 found.
 glUniformMatrix4dv @ 362 found.
 glUniformMatrix2x3dv @ 363 found.
 glUniformMatrix2x4dv @ 364 found.
 glUniformMatrix3x2dv @ 365 found.
 glUniformMatrix3x4dv @ 366 found.
 glUniformMatrix4x2dv @ 367 found.
 glUniformMatrix4x3dv @ 368 found.
 glGetUniformdv @ 369 found.
 glGetSubroutineUniformLocation @ 370 found.
 glGetSubroutineIndex @ 371 found.
 glGetActiveSubroutineUniformiv @ 372 found.
 glGetActiveSubroutineUniformName @ 373 found.
 glGetActiveSubroutineName @ 374 found.
 glUniformSubroutinesuiv @ 375 found.
 glGetUniformSubroutineuiv @ 376 found.
 glGetProgramStageiv @ 377 found.
 glPatchParameteri @ 378 found.
 glPatchParameterfv @ 379 found.
 glBindTransformFeedback @ 380 found.
 glDeleteTransformFeedbacks @ 381 found.
 glGenTransformFeedbacks @ 382 found.
 glIsTransformFeedback @ 383 found.
 glPauseTransformFeedback @ 384 found.
 glResumeTransformFeedback @ 385 found.
 glDrawTransformFeedback @ 386 found.
 glDrawTransformFeedbackStream @ 387 found.
 glBeginQueryIndexed @ 388 found.
 glEndQueryIndexed @ 389 found.
 glGetQueryIndexediv @ 390 found.
 glReleaseShaderCompiler @ 391 found.
 glShaderBinary @ 392 found.
 glGetShaderPrecisionFormat @ 393 found.
 glDepthRangef @ 394 found.
 glClearDepthf @ 395 found.
 glGetProgramBinary @ 396 found.
 glProgramBinary @ 397 found.
 glProgramParameteri @ 398 found.
 glUseProgramStages @ 399 found.
 glActiveShaderProgram @ 400 found.
 glCreateShaderProgramv @ 401 found.
 glBindProgramPipeline @ 402 found.
 glDeleteProgramPipelines @ 403 found.
 glGenProgramPipelines @ 404 found.
 glIsProgramPipeline @ 405 found.
 glGetProgramPipelineiv @ 406 found.
 glProgramUniform1i @ 407 found.
 glProgramUniform1iv @ 408 found.
 glProgramUniform1f @ 409 found.
 glProgramUniform1fv @ 410 found.
 glProgramUniform1d @ 411 found.
 glProgramUniform1dv @ 412 found.
 glProgramUniform1ui @ 413 found.
 glProgramUniform1uiv @ 414 found.
 glProgramUniform2i @ 415 found.
 glProgramUniform2iv @ 416 found.
 glProgramUniform2f @ 417 found.
 glProgramUniform2fv @ 418 found.
 glProgramUniform2d @ 419 found.
 glProgramUniform2dv @ 420 found.
 glProgramUniform2ui @ 421 found.
 glProgramUniform2uiv @ 422 found.
 glProgramUniform3i @ 423 found.
 glProgramUniform3iv @ 424 found.
 glProgramUniform3f @ 425 found.
 glProgramUniform3fv @ 426 found.
 glProgramUniform3d @ 427 found.
 glProgramUniform3dv @ 428 found.
 glProgramUniform3ui @ 429 found.
 glProgramUniform3uiv @ 430 found.
 glProgramUniform4i @ 431 found.
 glProgramUniform4iv @ 432 found.
 glProgramUniform4f @ 433 found.
 glProgramUniform4fv @ 434 found.
 glProgramUniform4d @ 435 found.
 glProgramUniform4dv @ 436 found.
 glProgramUniform4ui @ 437 found.
 glProgramUniform4uiv @ 438 found.
 glProgramUniformMatrix2fv @ 439 found.
 glProgramUniformMatrix3fv @ 440 found.
 glProgramUniformMatrix4fv @ 441 found.
 glProgramUniformMatrix2dv @ 442 found.
 glProgramUniformMatrix3dv @ 443 found.
 glProgramUniformMatrix4dv @ 444 found.
 glProgramUniformMatrix2x3fv @ 445 found.
 glProgramUniformMatrix3x2fv @ 446 found.
 glProgramUniformMatrix2x4fv @ 447 found.
 glProgramUniformMatrix4x2fv @ 448 found.
 glProgramUniformMatrix3x4fv @ 449 found.
 glProgramUniformMatrix4x3fv @ 450 found.
 glProgramUniformMatrix2x3dv @ 451 found.
 glProgramUniformMatrix3x2dv @ 452 found.
 glProgramUniformMatrix2x4dv @ 453 found.
 glProgramUniformMatrix4x2dv @ 454 found.
 glProgramUniformMatrix3x4dv @ 455 found.
 glProgramUniformMatrix4x3dv @ 456 found.
 glValidateProgramPipeline @ 457 found.
 glGetProgramPipelineInfoLog @ 458 found.
 glVertexAttribL1d @ 459 found.
 glVertexAttribL2d @ 460 found.
 glVertexAttribL3d @ 461 found.
 glVertexAttribL4d @ 462 found.
 glVertexAttribL1dv @ 463 found.
 glVertexAttribL2dv @ 464 found.
 glVertexAttribL3dv @ 465 found.
 glVertexAttribL4dv @ 466 found.
 glVertexAttribLPointer @ 467 found.
 glGetVertexAttribLdv @ 468 found.
 glViewportArrayv @ 469 found.
 glViewportIndexedf @ 470 found.
 glViewportIndexedfv @ 471 found.
 glScissorArrayv @ 472 found.
 glScissorIndexed @ 473 found.
 glScissorIndexedv @ 474 found.
 glDepthRangeArrayv @ 475 found.
 glDepthRangeIndexed @ 476 found.
 glGetFloati_v @ 477 found.
 glGetDoublei_v @ 478 found.
 glDrawArraysInstancedBaseInstance @ 479 found.
 glDrawElementsInstancedBaseInstance @ 480 found.
 glDrawElementsInstancedBaseVertexBaseInstance @ 481 found.
 glGetInternalformativ @ 482 found.
 glGetActiveAtomicCounterBufferiv @ 483 found.
 glBindImageTexture @ 484 found.
 glMemoryBarrier @ 485 found.
 glTexStorage1D @ 486 found.
 glTexStorage2D @ 487 found.
 glTexStorage3D @ 488 found.
 glDrawTransformFeedbackInstanced @ 489 found.
 glDrawTransformFeedbackStreamInstanced @ 490 found.
 glDispatchCompute @ 493 found.
 glDispatchComputeIndirect @ 494 found.
 glFramebufferParameteri @ 496 found.
 glGetFramebufferParameteriv @ 497 found.
 glGetInternalformati64v @ 498 found.
 glInvalidateFramebuffer @ 503 found.
 glInvalidateSubFramebuffer @ 504 found.
 glMultiDrawArraysIndirect @ 505 found.
 glMultiDrawElementsIndirect @ 506 found.
 glGetProgramInterfaceiv @ 507 found.
 glGetProgramResourceIndex @ 508 found.
 glGetProgramResourceName @ 509 found.
 glGetProgramResourceiv @ 510 found.
 glGetProgramResourceLocation @ 511 found.
 glGetProgramResourceLocationIndex @ 512 found.
 glShaderStorageBlockBinding @ 513 found.
 glTexBufferRange @ 514 found.
 glTexStorage2DMultisample @ 515 found.
 glTexStorage3DMultisample @ 516 found.
 glBindVertexBuffer @ 518 found.
 glVertexAttribFormat @ 519 found.
 glVertexAttribIFormat @ 520 found.
 glVertexAttribLFormat @ 521 found.
 glVertexAttribBinding @ 522 found.
 glVertexBindingDivisor @ 523 found.
 glDebugMessageControl @ 524 found.
 glDebugMessageInsert @ 525 found.
 glDebugMessageCallback @ 526 found.
 glGetDebugMessageLog @ 527 found.
 glPushDebugGroup @ 528 found.
 glPopDebugGroup @ 529 found.
 glObjectLabel @ 530 found.
 glGetObjectLabel @ 531 found.
 glObjectPtrLabel @ 532 found.
 glGetObjectPtrLabel @ 533 found.
 glBufferStorage @ 534 found.
 glClipControl @ 543 found.
 glNamedBufferStorage @ 551 found.
 glTextureBufferRange @ 589 found.
 glTextureParameteri @ 606 found.
 glMemoryBarrierByRegion @ 641 found.
 glGetGraphicsResetStatus @ 644 found.
 glGetnCompressedTexImage @ 645 found.
 glGetnTexImage @ 646 found.
 glGetnUniformdv @ 647 found.
 glGetnUniformfv @ 648 found.
 glGetnUniformiv @ 649 found.
 glGetnUniformuiv @ 650 found.
 glReadnPixels @ 651 found.
 afxDrawDriver.c:77?AfxDrawSystemRegisterDriver(dsys=00784880,mdle=00783520,spec=0036e330)
 afxClass<afxDrawDriver>::AllocateObjects(1, 0036e24c, 0036e25c)
 afxClass<afxDrawDriver>::BuildObjects(1, 0036e24c, 0036e240)
 afxClass<afxDrawDriver>::ConstructObject(02dd9b00)
 afxDrawDriver.c:138?_AfxDdrvCtor(ddrv=02dd9b00)
 afxClass<Draw Context>::Mount(02dd9b48, 02dd9b34, 00000000, 0036deec)
New draw driver registered.
Name: SIGGL
Author: SIGMA Technology Group
Version: 0.7.2
Note: 
 ad88888ba   88    ,ad8888ba,     ,ad8888ba,   88           
d8"     "8b  88   d8"'    `"8b   d8"'    `"8b  88           
Y8,          88  d8'            d8'            88           
`Y8aaaaa,    88  88             88             88           
  `"""""8b,  88  88      88888  88      88888  88
        `8b  88  Y8,        88  Y8,        88  88           
Y8a     a8P  88   Y8a.    .a88   Y8a.    .a88  88           
 "Y88888P"   88    `"Y88888P"     `"Y88888P"   88888888888  
 Loading draw ICDs...
 afxModule.c:71?AfxSystemAcquireModule(sys=0077f520,uri=e2draw.icd)
 afxModule.c:71?AfxSystemAcquireModule(sys=0077f520,uri=e2newton.icd)
 afxClass<afxModule>::AllocateObjects(1, 0036e3f8, 0036e440)
 afxClass<afxModule>::BuildObjects(1, 0036e3f8, 0036e3f0)
 afxClass<afxModule>::ConstructObject(01f8af10)
 afxModule.c:138?_AfxMdleCtor(uri:e2newton.icd)
 afxDrawContext.c:276?AfxDrawSystemAcquireContext(dsys=00784880,spec=0036ebd0)
 afxClass<Draw Context>::AllocateObjects(1, 0036eacc, 0036eadc)
 afxClass<Draw Context>::BuildObjects(1, 0036eacc, 0036eac4)
 afxClass<Draw Context>::ConstructObject(02de3ec0)
 sglDrawContext.c:442?_AfxDctxCtor(dctx=02de3ec0)
 afxClass<afxDrawScript>::Mount(02de46e8, 02de3ef4, 00000000, 512360d8)
 afxClass<afxDrawInput>::Mount(02de4790, 02de3ef4, 00000000, 51235a1c)
 afxClass<afxDrawQueue>::Mount(02de4838, 02de3ef4, 00000000, 0036e74c)
 afxClass<afxBuffer>::Mount(02de3f08, 02de3ef4, 00000000, 51234020)
 afxClass<afxVertexBuffer>::Mount(02de3fb0, 02de3ef4, 02de3f08, 0036e74c)
 afxClass<afxIndexBuffer>::Mount(02de4058, 02de3ef4, 02de3f08, 0036e74c)
 afxClass<afxSampler>::Mount(02de4100, 02de3ef4, 00000000, 5123aa28)
 afxClass<afxTexture>::Mount(02de41a8, 02de3ef4, 00000000, 5123af54)
 afxClass<afxSurface>::Mount(02de4250, 02de3ef4, 02de41a8, 5123abbc)
 afxClass<afxCanvas>::Mount(02de42f8, 02de3ef4, 00000000, 51234350)
 afxClass<afxShader>::Mount(02de43a0, 02de3ef4, 00000000, 5123a5f4)
 afxClass<afxPipelineRig>::Mount(02de4448, 02de3ef4, 00000000, 5123a8f4)
 afxClass<afxPipeline>::Mount(02de44f0, 02de3ef4, 00000000, 5123a100)
 afxClass<afxDrawOperation>::Mount(02de4640, 02de3ef4, 00000000, 0fbadd40)
 afxClass<afxLegoTemplate>::Mount(02de4598, 02de3ef4, 00000000, 51239f14)
 afxClass<afxDrawOutput>::Mount(02de48e0, 02de3ef4, 00000000, 51235c9c)
 sglDrawQueue.c:1761?_AfxDrawContextAcquireQueue(dctx=02de3ec0)
 afxClass<afxDrawQueue>::AllocateObjects(1, 0036e644, 0036e654)
 afxClass<afxDrawQueue>::BuildObjects(1, 0036e644, 0036e638)
 afxClass<afxDrawQueue>::ConstructObject(02dd66f0)
 sglDrawQueue.c:1831?_AfxDqueCtor(dque=02dd66f0)
 Uploading draw operation 'data/pipeline/rgbaToRgba.xml'
 afxXml.c:999?AfxFileSystemLoadXml(uri=data/pipeline/rgbaToRgba.xmlp)
 afxClass<afxXml>::AllocateObjects(1, 00360c9c, 00360cac)
 afxClass<afxXml>::BuildObjects(1, 00360c9c, 00360c94)
 afxClass<afxXml>::ConstructObject(02d84370)
 afxXml.c:958?_AfxXmlCtor(uri:data/pipeline/rgbaToRgba.xml)
 afxFile.c:272?AfxFileSystemOpenFile(Afx.FileSystem.OpenFile(007812d0,00000001,data/pipeline/rgbaToRgba.xml))
 afxClass<afxFile>::AllocateObjects(1, 00360950, 00360960)
 afxClass<afxFile>::BuildObjects(1, 00360950, 0036093c)
 afxClass<afxFile, afxStream>ConstructingObject(02dd7e80)
 afxClass<afxStream>::ConstructObject(02dd7e80)
 afxClass<afxFile>::ConstructObject(02dd7e80)
 afxClass<afxFile>::DismantleObjects(1, 003609b4)
 Destructing instance 02dd7e80 of afxFile class.
 Destructing instance 02dd7e80 of afxFile : afxStream class.
 Destructing instance 02dd7e80 of afxStream class.
 afxClass<afxFile>::DeallocateObjects(1, 003609b4)
 afxShader.c:217?AfxDrawContextBuildShaders(dctx=02de3ec0,cnt=1,blueprint=00360e40,shd=00360dc4)
 sglShader.c:451?_AfxDrawContextBuildShaders(dctx=02de3ec0,cnt=1,blueprint=00360e40,shd=00360dc4)
 afxClass<afxShader>::AllocateObjects(1, 00360dc4, 00360b84)
 afxClass<afxShader>::BuildObjects(1, 00360dc4, 00360e40)
 afxClass<afxShader>::ConstructObject(02eada50)
 sglShader.c:253?_AfxShdCtor(shd=02eada50)
 
        #version 330 core

        // QWADRO. Engineered by SIGMA Technology Group.

        layout(location = 0) in vec2 a_xy;

        out block
        {
            vec2 uv0;
        } sgl_v;

        void main()
        {
            gl_Position = vec4(a_xy, 0.0, 1.0);
            sgl_v.uv0 = vec2(gl_Position.xy * 0.5 + 0.5).xy;
        }
       
 afxShader.c:217?AfxDrawContextBuildShaders(dctx=02de3ec0,cnt=1,blueprint=00360e40,shd=00360dc4)
 sglShader.c:451?_AfxDrawContextBuildShaders(dctx=02de3ec0,cnt=1,blueprint=00360e40,shd=00360dc4)
 afxClass<afxShader>::AllocateObjects(1, 00360dc4, 00360b84)
 afxClass<afxShader>::BuildObjects(1, 00360dc4, 00360e40)
 afxClass<afxShader>::ConstructObject(008498b0)
 sglShader.c:253?_AfxShdCtor(shd=008498b0)
 
        #version 330 core

        // QWADRO. Engineered by SIGMA Technology Group.

        uniform sampler2D samp;

        in block
        {
            vec2 uv0;
        } sgl_v;

        out vec4 sgl_rgba;

        void main()
        {
            sgl_rgba = texture(samp, sgl_v.uv0);
        }
       
 afxClass<afxLegoTemplate>::AllocateObjects(1, 003604f4, 00360504)
 afxClass<afxLegoTemplate>::BuildObjects(1, 003604f4, 003604e8)
 afxClass<afxLegoTemplate>::ConstructObject(00847f00)
 sglLego.c:192?_AfxLegtCtor(legt=00847f00)
 afxObject<00847f00>::InstallEventFilter(008498b0)
 afxShader.c:217?AfxDrawContextBuildShaders(dctx=02de3ec0,cnt=1,blueprint=00360e40,shd=00360dc4)
 sglShader.c:451?_AfxDrawContextBuildShaders(dctx=02de3ec0,cnt=1,blueprint=00360e40,shd=00360dc4)
 afxClass<afxShader>::AllocateObjects(1, 00360dc4, 00360b84)
 afxClass<afxShader>::BuildObjects(1, 00360dc4, 00360e40)
 afxClass<afxShader>::ConstructObject(00848150)
 sglShader.c:253?_AfxShdCtor(shd=00848150)
 
        #version 330 core

        // QWADRO. Engineered by SIGMA Technology Group.

        const mat4 m = mat4(1, 0, 0, 0, 0, -1, 0, 0, 0, 0, 1, 0, 0, 0, 0, 1);
        
        layout(location = 0) in vec2 a_xy;
        
        out block
        {
            vec2 uv0;
        } sgl_v;

        void main()
        {
            gl_Position = vec4(a_xy, 0.0, 1.0);
            sgl_v.uv0 = vec2(m * vec4(gl_Position.xy * 0.5 + 0.5, 0, 1)).xy;
        }
       
 afxClass<afxDrawOperation>::AllocateObjects(1, 02dd7e10, 00360c88)
 afxClass<afxDrawOperation>::BuildObjects(1, 02dd7e10, 00361460)
 afxClass<afxDrawOperation>::ConstructObject(02e77100)
 afxDrawOperation.c:559?_AfxDopCtor(dop=02e77100)
 afxPipeline.c:204?AfxDrawContextBuildPipeline(dctx=02de3ec0)
 sglPipeline.c:1004?_AfxDrawContextBuildPipeline(dctx=02de3ec0)
 afxClass<afxPipeline>::AllocateObjects(1, 0035831c, 0035832c)
 afxClass<afxPipeline>::BuildObjects(1, 0035831c, 00358450)
 afxClass<afxPipeline>::ConstructObject(02e57d20)
 sglPipeline.c:684?_AfxPipCtor(pip=02e57d20)
 afxShader.c:407?AfxDrawContextAcquireShaders(dctx=02de3ec0,cnt=1,uri=00358478,shd=00357658)
 Taking connection 02e57d58 connecting 02eada50?shd#2 to holder 02e57d20?pip#1.
 afxShader.c:407?AfxDrawContextAcquireShaders(dctx=02de3ec0,cnt=1,uri=0035948c,shd=00357658)
 Taking connection 02e57d8c connecting 008498b0?shd#2 to holder 02e57d20?pip#1.
 afxClass<afxLegoTemplate>::AllocateObjects(1, 00357480, 00357490)
 afxClass<afxLegoTemplate>::BuildObjects(1, 00357480, 00357474)
 afxClass<afxLegoTemplate>::ConstructObject(02e583d0)
 sglLego.c:192?_AfxLegtCtor(legt=02e583d0)
 afxClass<afxPipelineRig>::AllocateObjects(1, 00357544, 00357554)
 afxClass<afxPipelineRig>::BuildObjects(1, 00357544, 00357538)
 afxClass<afxPipelineRig>::ConstructObject(02e58610)
 sglPipelineRig.c:95?_AfxPiprCtor(pipr=02e58610)
 afxPipeline.c:204?AfxDrawContextBuildPipeline(dctx=02de3ec0)
 sglPipeline.c:1004?_AfxDrawContextBuildPipeline(dctx=02de3ec0)
 afxClass<afxPipeline>::AllocateObjects(1, 0035831c, 0035832c)
 afxClass<afxPipeline>::BuildObjects(1, 0035831c, 00358450)
 afxClass<afxPipeline>::ConstructObject(01f96a30)
 sglPipeline.c:684?_AfxPipCtor(pip=01f96a30)
 afxShader.c:407?AfxDrawContextAcquireShaders(dctx=02de3ec0,cnt=1,uri=00358478,shd=00357658)
 Taking connection 01f96a68 connecting 00848150?shd#2 to holder 01f96a30?pip#1.
 afxShader.c:407?AfxDrawContextAcquireShaders(dctx=02de3ec0,cnt=1,uri=0035948c,shd=00357658)
 Taking connection 01f96a9c connecting 008498b0?shd#4 to holder 01f96a30?pip#1.
 afxClass<afxLegoTemplate>::AllocateObjects(1, 00357480, 00357490)
 afxClass<afxLegoTemplate>::BuildObjects(1, 00357480, 00357474)
 afxClass<afxLegoTemplate>::ConstructObject(02e74310)
 sglLego.c:192?_AfxLegtCtor(legt=02e74310)
 afxClass<afxPipelineRig>::AllocateObjects(1, 00357544, 00357554)
 afxClass<afxPipelineRig>::BuildObjects(1, 00357544, 00357538)
 afxClass<afxPipelineRig>::ConstructObject(01fe07a0)
 sglPipelineRig.c:95?_AfxPiprCtor(pipr=01fe07a0)
 afxClass<afxXml>::DismantleObjects(1, 00360d00)
 Destructing instance 02d84370 of afxXml class.
 afxXml.c:937?_AfxXmlDtor(xml=02d84370)
 afxClass<afxXml>::DeallocateObjects(1, 00360d00)
 sglSampler.c:137?_AfxDrawContextAcquireSampler(dctx=02de3ec0,spec=0036e330)
 afxClass<afxSampler>::AllocateObjects(1, 0036dfb8, 0036dfc8)
 afxClass<afxSampler>::BuildObjects(1, 0036dfb8, 0036e330)
 afxClass<afxSampler>::ConstructObject(02e5f0b0)
 sglSampler.c:197?_AfxSmpCtor(smp=02e5f0b0)
 afxClass<afxVertexBuffer>::AllocateObjects(1, 02dd7e18, 0036e048)
 afxClass<afxVertexBuffer>::BuildObjects(1, 02dd7e18, 0036e020)
 afxClass<afxVertexBuffer, afxBuffer>ConstructingObject(02eadf00)
 afxClass<afxBuffer>::ConstructObject(02eadf00)
 sglBuffer.c:468?_AfxBufCtor(buf=02eadf00)
 afxClass<afxVertexBuffer>::ConstructObject(02eadf00)
 afxVertexBuffer.c:328?_AfxVbufCtor(vbuf=02eadf00)
 afxApplication.c:368?AfxSystemAcquireApplication(sys=00780ae0,spec=00000001)
 afxClass<afxApplication>::AllocateObjects(1, 0036eaf8, 0036eb08)
 afxClass<afxApplication>::BuildObjects(1, 0036eaf8, 0036eba0)
 afxClass<afxApplication>::ConstructObject(02ddaef0)
 afxApplication.c:418?_AfxAppCtor(app=02ddaef0)
 afxMouse.c:243?AfxSystemAcquireMouse(sys=0077f520,port=0)
 afxClass<afxMouse>::AllocateObjects(1, 0036e720, 0036e730)
 afxClass<afxMouse>::BuildObjects(1, 0036e720, 0036e718)
 afxClass<afxMouse, afxHid>ConstructingObject(02e5f2d0)
 afxClass<afxHid>::ConstructObject(02e5f2d0)
 afxHid.c:75?_AfxHidCtor(hid=02e5f2d0)
 afxClass<afxMouse>::ConstructObject(02e5f2d0)
 afxMouse.c:298?_AfxMseCtor(mse=02e5f2d0)
 sglDrawInput.c:219?_AfxDrawContextAcquireInput(dctx=02de3ec0,spec=0036e7c8)
 afxClass<afxDrawInput>::AllocateObjects(1, 0036e6c8, 0036e6d8)
 afxClass<afxDrawInput>::BuildObjects(1, 0036e6c8, 0036e7c8)
 afxClass<afxDrawInput>::ConstructObject(0084fed0)
 sglDrawInput.c:287?_AfxDinCtor(din=0084fed0)
 afxArena.c:821?AfxSystemAcquireArena(sys=0077f520,strategy=0036e378,hint="sglDrawInput.c:322!_AfxDinCtor")
 afxClass<Memory Arena>::AllocateObjects(1, 0036e2d0, 0036e2e0)
 afxClass<Memory Arena>::BuildObjects(1, 0036e2d0, 0036e2c4)
 afxClass<Memory Arena, afxMemory>ConstructingObject(01f970d0)
 afxClass<afxMemory>::ConstructObject(01f970d0)
 afxMemory.c:317?_AfxMemCtor(mem=01f970d0)
 afxClass<Memory Arena>::ConstructObject(01f970d0)
 afxArena.c:799?_AfxArenCtor(aren=01f970d0)
 afxClass<afxWidget>::Mount(02ddb3b8, 02ddaf24, 00000000, 0fbb3a58)
 afxClass<afxSimulation>::Mount(02ddb460, 02ddaf24, 00000000, 0fbb4604)
 afxApplication.c:320?AfxApplicationExecute(app=02ddaef0)
 Skybox.c:487?AfxEnterApplication(app=02ddaef0)
 afxFileSystem.c:389?AfxFileSystemMountStoragePoints(Afx.FileSystem.MountStoragePoints(007812d0,1,0036e850))
 ERR afxFileSystem.c:400?AfxFileSystemMountStoragePoints
    
 ERR Skybox.c:501?AfxEnterApplication
    
 ERR Skybox.c:501?AfxEnterApplication
    (rslt == 1)
    Invalid
 afxArchive.c:603?AfxFileSystemAcquireArchive(Afx.FileSystem.AcquireArchive(007812d0,1,"art/mnt.zip"))
 afxClass<afxArchive>::AllocateObjects(1, 0036e66c, 0036e67c)
 afxClass<afxArchive>::BuildObjects(1, 0036e66c, 0036e658)
 afxClass<afxArchive, afxFile>ConstructingObject(02df6f50)
 afxClass<afxFile, afxStream>ConstructingObject(02df6f50)
 afxClass<afxStream>::ConstructObject(02df6f50)
 afxClass<afxFile>::ConstructObject(02df6f50)
 afxClass<afxArchive>::ConstructObject(02df6f50)
 afxArchive.c:649?_AfxArcCtor(arc=02df6f50)
 signature: 0x6054B50
 diskNumber: 0
 centralDirectoryDiskNumber: 0
 numEntriesThisDisk: 2
 numEntries: 2
 centralDirectorySize: 185 0xb9
 centralDirectoryOffset: 514621 0x7da3d
 zipCommentLength: 0
 Archived item 0 -> 514621 0x7da3d
 signature: 33639248 0x2014b50
 versionMadeBy: 63 0x3f
 versionNeededToExtract: 20 0x14
 generalPurposeBitFlag: 0 0
 compressionMethod: 0 0
 lastModFileTime: 1350 0x546
 lastModFileDate: 22171 0x569b
 crc32: 0
 compressedSize: 0
 uncompressedSize: 0
 fileNameLength: 4
 textraFieldLength: 36
 fileCommentLength: 0
 diskNumberStart: 0
 internalFileAttributes: 0
 externalFileAttributes: 0x10
 relativeOffsetOflocalHeader: 0 0
 Archived item 0, 34 0x22
 2023/04/27 00:42:12 #0000 art/
 Archived item 1 -> 514707 0x7da93
 signature: 33639248 0x2014b50
 versionMadeBy: 63 0x3f
 versionNeededToExtract: 10 0xa
 generalPurposeBitFlag: 0 0
 compressionMethod: 0 0
 lastModFileTime: 1423 0x58f
 lastModFileDate: 22171 0x569b
 crc32: 0x594b0260
 compressedSize: 514540
 uncompressedSize: 514540
 fileNameLength: 17
 textraFieldLength: 36
 fileCommentLength: 0
 diskNumberStart: 0
 internalFileAttributes: 0
 externalFileAttributes: 0x20
 relativeOffsetOflocalHeader: 34 0x22
 Archived item 1, 81 0x51
 2023/04/27 00:44:30 #0001 art/worldtest.tga
 afxStream.c:354?AfxFileSystemAcquireStream(fsys:007812d0,flags=1,src=02eadfd0,len=514540)
 afxClass<afxStream>::AllocateObjects(1, 0036e594, 0036e5a4)
 afxClass<afxStream>::BuildObjects(1, 0036e594, 0036e584)
 afxClass<afxStream>::ConstructObject(02d84370)
 afxFile.c:272?AfxFileSystemOpenFile(Afx.FileSystem.OpenFile(007812d0,00000002,system/worldtest.tga))
 afxClass<afxFile>::AllocateObjects(1, 0036e540, 0036e550)
 afxClass<afxFile>::BuildObjects(1, 0036e540, 0036e52c)
 afxClass<afxFile, afxStream>ConstructingObject(042ddac0)
 afxClass<afxStream>::ConstructObject(042ddac0)
 afxClass<afxFile>::ConstructObject(042ddac0)
 afxClass<afxFile>::DismantleObjects(1, 0036e5a4)
 Destructing instance 042ddac0 of afxFile class.
 Destructing instance 042ddac0 of afxFile : afxStream class.
 Destructing instance 042ddac0 of afxStream class.
 afxClass<afxFile>::DeallocateObjects(1, 0036e5a4)
 afxSimulation.c:491?AfxApplicationAcquireSimulation(app=02ddaef0,bounding=[[0.000000,0.000000,0.000000,1.000000],[0.000000,0.000000,0.000000,1.000000]])
 afxClass<afxSimulation>::AllocateObjects(1, 0036e648, 0036e658)
 afxClass<afxSimulation>::BuildObjects(1, 0036e648, 0036e640)
 afxClass<afxSimulation>::ConstructObject(042ddac0)
 afxSimulation.c:413?_AfxSimCtor(sim=042ddac0)
 afxMemory.c:259?AfxSystemAcquireMemory(sys=0077f520,strategy=0036e2f8,hint="afxSimulation.c:433!_AfxSimCtor")
 afxClass<afxMemory>::AllocateObjects(1, 0036e1ec, 0036e1fc)
 afxClass<afxMemory>::BuildObjects(1, 0036e1ec, 0036e1e0)
 afxClass<afxMemory>::ConstructObject(01f97320)
 afxMemory.c:317?_AfxMemCtor(mem=01f97320)
 afxClass<afxMaterial>::Mount(042dde50, 042ddaf4, 00000000, 0fbb54d0)
 afxClass<afxMesh>::Mount(042ddef8, 042ddaf4, 00000000, 0fbb584c)
 afxClass<afxNode>::Mount(042de0f0, 042ddaf4, 00000000, 0fbb4a30)
 afxClass<afxSkeleton>::Mount(042de048, 042ddaf4, 042de0f0, 0fbb4e6c)
 afxClass<afxModel>::Mount(042ddfa0, 042ddaf4, 00000000, 0fbb6188)
 afxClass<afxBody>::Mount(042ddb08, 042ddaf4, 042de0f0, 0fbb3ce0)
 afxClass<afxBodyControl>::Mount(042ddbb0, 042ddaf4, 00000000, 0fbb44d4)
 afxClass<afxEntity>::Mount(042ddc58, 042ddaf4, 042de0f0, 0fbb42a4)
 afxClass<afxCamera>::Mount(042ddd00, 042ddaf4, 042de0f0, 0fbb3f7c)
 afxClass<afxLight>::Mount(042ddda8, 042ddaf4, 042de0f0, 0fbb4388)
 afxDrawOutput.c:137?AfxDrawContextAcquireOutput(dctx=02de3ec0,extent=0036e920,spec=0036e7b8)
 sglDrawOutput.c:270?_AfxDrawContextAcquireOutput(dctx=02de3ec0,extent=0036e920,spec=0036e7b8)
 afxClass<afxDrawOutput>::AllocateObjects(1, 0036e610, 0036e620)
 afxClass<afxDrawOutput>::BuildObjects(1, 0036e610, 0036e604)
 afxClass<afxDrawOutput>::ConstructObject(042de2b0)
 sglDrawOutput.c:543?_AfxDoutCtor(dout=042de2b0)
 sglSurface.c:86?_AfxDrawContextAcquireSurface(dctx=02de3ec0,fmt=4,whd=[1280,720,1],usage=16)
 ADV afxTexture.c:15?AfxTextureBlueprintReset
    texb->fcc == AFX_FCC_TEXB
 afxClass<afxSurface>::AllocateObjects(1, 0036dbc4, 0036dbd4)
 afxClass<afxSurface>::BuildObjects(1, 0036dbc4, 0036dbe0)
 afxClass<afxSurface, afxTexture>ConstructingObject(0084e960)
 afxClass<afxTexture>::ConstructObject(0084e960)
 sglTexture.c:1019?_AfxTexCtor(tex=0084e960)
 afxClass<afxSurface>::ConstructObject(0084e960)
 sglSurface.c:160?_AfxSurfCtor(surf=0084e960)
 sglSurface.c:86?_AfxDrawContextAcquireSurface(dctx=02de3ec0,fmt=4,whd=[1280,720,1],usage=16)
 ADV afxTexture.c:15?AfxTextureBlueprintReset
    texb->fcc == AFX_FCC_TEXB
 afxClass<afxSurface>::AllocateObjects(1, 0036dbc4, 0036dbd4)
 afxClass<afxSurface>::BuildObjects(1, 0036dbc4, 0036dbe0)
 afxClass<afxSurface, afxTexture>ConstructingObject(01ff08c0)
 afxClass<afxTexture>::ConstructObject(01ff08c0)
 sglTexture.c:1019?_AfxTexCtor(tex=01ff08c0)
 afxClass<afxSurface>::ConstructObject(01ff08c0)
 sglSurface.c:160?_AfxSurfCtor(surf=01ff08c0)
 sglDrawOutput.c:496?_AfxStdDoutImplCtor(dout=042de2b0,uri=window)
 sglDrawOutput.c:347?_AfxStdDoutImplCtorWnd(dout=042de2b0)
 Extent readjusted. (dout)042de2b0 -> 1272, 0.000000 of 4224851286; 693 0.000000 of 1747840675
 sglDrawInput.c:219?_AfxDrawContextAcquireInput(dctx=02de3ec0,spec=0036e79c)
 afxClass<afxDrawInput>::AllocateObjects(1, 0036e620, 0036e630)
 afxClass<afxDrawInput>::BuildObjects(1, 0036e620, 0036e79c)
 afxClass<afxDrawInput>::ConstructObject(02df9c90)
 sglDrawInput.c:287?_AfxDinCtor(din=02df9c90)
 afxArena.c:821?AfxSystemAcquireArena(sys=0077f520,strategy=0036e2d0,hint="sglDrawInput.c:322!_AfxDinCtor")
 afxClass<Memory Arena>::AllocateObjects(1, 0036e228, 0036e238)
 afxClass<Memory Arena>::BuildObjects(1, 0036e228, 0036e21c)
 afxClass<Memory Arena, afxMemory>ConstructingObject(02e007a0)
 afxClass<afxMemory>::ConstructObject(02e007a0)
 afxMemory.c:317?_AfxMemCtor(mem=02e007a0)
 afxClass<Memory Arena>::ConstructObject(02e007a0)
 afxArena.c:799?_AfxArenCtor(aren=02e007a0)
 afxCamera.c:833?AfxSimulationAcquireCamera(sim=042ddac0,name=viewer,perspective=1)
 afxClass<afxCamera>::AllocateObjects(1, 0036e4e4, 0036e4f4)
 afxClass<afxCamera>::BuildObjects(1, 0036e4e4, 0036e500)
 afxClass<afxCamera, afxNode>ConstructingObject(02e03b50)
 afxClass<afxNode>::ConstructObject(02e03b50)
 afxClass<afxCamera>::ConstructObject(02e03b50)
 afxCamera.c:881?_AfxCamCtor(cam=02e03b50)
 ADV afxTexture.c:15?AfxTextureBlueprintReset
    texb->fcc == AFX_FCC_TEXB
 sglTexture.c:1172?_AfxDrawContextBuildTextures(dctx=02de3ec0,cnt=1,blueprint=0036e120,tex=00947008)
 afxClass<afxTexture>::AllocateObjects(1, 00947008, 0036d9c8)
 afxClass<afxTexture>::BuildObjects(1, 00947008, 0036e120)
 afxClass<afxTexture>::ConstructObject(02e04010)
 sglTexture.c:1019?_AfxTexCtor(tex=02e04010)
 afxFile.c:272?AfxFileSystemOpenFile(Afx.FileSystem.OpenFile(007812d0,00000001,art/skybox/day/right.tga))
 afxClass<afxFile>::AllocateObjects(1, 0036d264, 0036d274)
 afxClass<afxFile>::BuildObjects(1, 0036d264, 0036d250)
 afxClass<afxFile, afxStream>ConstructingObject(02e04110)
 afxClass<afxStream>::ConstructObject(02e04110)
 afxClass<afxFile>::ConstructObject(02e04110)
 afxClass<afxFile>::DismantleObjects(1, 0036d2c8)
 Destructing instance 02e04110 of afxFile class.
 Destructing instance 02e04110 of afxFile : afxStream class.
 Destructing instance 02e04110 of afxStream class.
 afxClass<afxFile>::DeallocateObjects(1, 0036d2c8)
 afxFile.c:272?AfxFileSystemOpenFile(Afx.FileSystem.OpenFile(007812d0,00000001,art/skybox/day/left.tga))
 afxClass<afxFile>::AllocateObjects(1, 0036d264, 0036d274)
 afxClass<afxFile>::BuildObjects(1, 0036d264, 0036d250)
 afxClass<afxFile, afxStream>ConstructingObject(02e04110)
 afxClass<afxStream>::ConstructObject(02e04110)
 afxClass<afxFile>::ConstructObject(02e04110)
 afxClass<afxFile>::DismantleObjects(1, 0036d2c8)
 Destructing instance 02e04110 of afxFile class.
 Destructing instance 02e04110 of afxFile : afxStream class.
 Destructing instance 02e04110 of afxStream class.
 afxClass<afxFile>::DeallocateObjects(1, 0036d2c8)
 afxFile.c:272?AfxFileSystemOpenFile(Afx.FileSystem.OpenFile(007812d0,00000001,art/skybox/day/bottom.tga))
 afxClass<afxFile>::AllocateObjects(1, 0036d264, 0036d274)
 afxClass<afxFile>::BuildObjects(1, 0036d264, 0036d250)
 afxClass<afxFile, afxStream>ConstructingObject(02e04110)
 afxClass<afxStream>::ConstructObject(02e04110)
 afxClass<afxFile>::ConstructObject(02e04110)
 afxClass<afxFile>::DismantleObjects(1, 0036d2c8)
 Destructing instance 02e04110 of afxFile class.
 Destructing instance 02e04110 of afxFile : afxStream class.
 Destructing instance 02e04110 of afxStream class.
 afxClass<afxFile>::DeallocateObjects(1, 0036d2c8)
 afxFile.c:272?AfxFileSystemOpenFile(Afx.FileSystem.OpenFile(007812d0,00000001,art/skybox/day/top.tga))
 afxClass<afxFile>::AllocateObjects(1, 0036d264, 0036d274)
 afxClass<afxFile>::BuildObjects(1, 0036d264, 0036d250)
 afxClass<afxFile, afxStream>ConstructingObject(02e04110)
 afxClass<afxStream>::ConstructObject(02e04110)
 afxClass<afxFile>::ConstructObject(02e04110)
 afxClass<afxFile>::DismantleObjects(1, 0036d2c8)
 Destructing instance 02e04110 of afxFile class.
 Destructing instance 02e04110 of afxFile : afxStream class.
 Destructing instance 02e04110 of afxStream class.
 afxClass<afxFile>::DeallocateObjects(1, 0036d2c8)
 afxFile.c:272?AfxFileSystemOpenFile(Afx.FileSystem.OpenFile(007812d0,00000001,art/skybox/day/front.tga))
 afxClass<afxFile>::AllocateObjects(1, 0036d264, 0036d274)
 afxClass<afxFile>::BuildObjects(1, 0036d264, 0036d250)
 afxClass<afxFile, afxStream>ConstructingObject(02e04110)
 afxClass<afxStream>::ConstructObject(02e04110)
 afxClass<afxFile>::ConstructObject(02e04110)
 afxClass<afxFile>::DismantleObjects(1, 0036d2c8)
 Destructing instance 02e04110 of afxFile class.
 Destructing instance 02e04110 of afxFile : afxStream class.
 Destructing instance 02e04110 of afxStream class.
 afxClass<afxFile>::DeallocateObjects(1, 0036d2c8)
 afxFile.c:272?AfxFileSystemOpenFile(Afx.FileSystem.OpenFile(007812d0,00000001,art/skybox/day/back.tga))
 afxClass<afxFile>::AllocateObjects(1, 0036d264, 0036d274)
 afxClass<afxFile>::BuildObjects(1, 0036d264, 0036d250)
 afxClass<afxFile, afxStream>ConstructingObject(02e04110)
 afxClass<afxStream>::ConstructObject(02e04110)
 afxClass<afxFile>::ConstructObject(02e04110)
 afxClass<afxFile>::DismantleObjects(1, 0036d2c8)
 Destructing instance 02e04110 of afxFile class.
 Destructing instance 02e04110 of afxFile : afxStream class.
 Destructing instance 02e04110 of afxStream class.
 afxClass<afxFile>::DeallocateObjects(1, 0036d2c8)
 afxClass<afxVertexBuffer>::AllocateObjects(1, 00947004, 0036da78)
 afxClass<afxVertexBuffer>::BuildObjects(1, 00947004, 0036da50)
 afxClass<afxVertexBuffer, afxBuffer>ConstructingObject(02e04110)
 afxClass<afxBuffer>::ConstructObject(02e04110)
 sglBuffer.c:468?_AfxBufCtor(buf=02e04110)
 afxClass<afxVertexBuffer>::ConstructObject(02e04110)
 afxVertexBuffer.c:328?_AfxVbufCtor(vbuf=02e04110)
 Uploading draw operation 'data/pipeline/skybox.xml'
 afxXml.c:999?AfxFileSystemLoadXml(uri=data/pipeline/skybox.xmlp)
 afxClass<afxXml>::AllocateObjects(1, 003606cc, 003606dc)
 afxClass<afxXml>::BuildObjects(1, 003606cc, 003606c4)
 afxClass<afxXml>::ConstructObject(042def60)
 afxXml.c:958?_AfxXmlCtor(uri:data/pipeline/skybox.xml)
 afxFile.c:272?AfxFileSystemOpenFile(Afx.FileSystem.OpenFile(007812d0,00000001,data/pipeline/skybox.xml))
 afxClass<afxFile>::AllocateObjects(1, 00360380, 00360390)
 afxClass<afxFile>::BuildObjects(1, 00360380, 0036036c)
 afxClass<afxFile, afxStream>ConstructingObject(02e043f0)
 afxClass<afxStream>::ConstructObject(02e043f0)
 afxClass<afxFile>::ConstructObject(02e043f0)
 afxClass<afxFile>::DismantleObjects(1, 003603e4)
 Destructing instance 02e043f0 of afxFile class.
 Destructing instance 02e043f0 of afxFile : afxStream class.
 Destructing instance 02e043f0 of afxStream class.
 afxClass<afxFile>::DeallocateObjects(1, 003603e4)
 afxShader.c:217?AfxDrawContextBuildShaders(dctx=02de3ec0,cnt=1,blueprint=00360870,shd=003607f4)
 sglShader.c:451?_AfxDrawContextBuildShaders(dctx=02de3ec0,cnt=1,blueprint=00360870,shd=003607f4)
 afxClass<afxShader>::AllocateObjects(1, 003607f4, 003605b4)
 afxClass<afxShader>::BuildObjects(1, 003607f4, 00360870)
 afxClass<afxShader>::ConstructObject(02e043f0)
 sglShader.c:253?_AfxShdCtor(shd=02e043f0)
 
        #version 330 core

        // QWADRO. Engineered by SIGMA Technology Group.

        layout(std140, row_major) uniform sgl_view
        {
            mat4 v;
            mat4 p;
            mat4 vp;
        };

        layout(location = 0) in vec3 a_xyz;

        out block
        {
            vec3 uvw0;
        } sgl_v;

        void main()
        {
            sgl_v.uvw0 = a_xyz;
            vec4 pos = vec4(a_xyz, 1.0) * v * p;
            gl_Position = pos.xyww;
        }
       
 afxClass<afxLegoTemplate>::AllocateObjects(1, 0035ff24, 0035ff34)
 afxClass<afxLegoTemplate>::BuildObjects(1, 0035ff24, 0035ff18)
 afxClass<afxLegoTemplate>::ConstructObject(02e047d0)
 sglLego.c:192?_AfxLegtCtor(legt=02e047d0)
 afxObject<02e047d0>::InstallEventFilter(02e043f0)
 afxShader.c:217?AfxDrawContextBuildShaders(dctx=02de3ec0,cnt=1,blueprint=00360870,shd=003607f4)
 sglShader.c:451?_AfxDrawContextBuildShaders(dctx=02de3ec0,cnt=1,blueprint=00360870,shd=003607f4)
 afxClass<afxShader>::AllocateObjects(1, 003607f4, 003605b4)
 afxClass<afxShader>::BuildObjects(1, 003607f4, 00360870)
 afxClass<afxShader>::ConstructObject(02e04a20)
 sglShader.c:253?_AfxShdCtor(shd=02e04a20)
 
        #version 330 core

        // QWADRO. Engineered by SIGMA Technology Group.

        uniform samplerCube samp;

        in block
        {
            vec3 uvw0;
        } sgl_v;

        out vec4 sgl_rgba;

        void main()
        {
            sgl_rgba = texture(samp, sgl_v.uvw0);
        }
       
 afxClass<afxLegoTemplate>::AllocateObjects(1, 0035ff24, 0035ff34)
 afxClass<afxLegoTemplate>::BuildObjects(1, 0035ff24, 0035ff18)
 afxClass<afxLegoTemplate>::ConstructObject(02e04d50)
 sglLego.c:192?_AfxLegtCtor(legt=02e04d50)
 afxObject<02e04d50>::InstallEventFilter(02e04a20)
 afxClass<afxDrawOperation>::AllocateObjects(1, 00947030, 003606b8)
 afxClass<afxDrawOperation>::BuildObjects(1, 00947030, 00360e90)
 afxClass<afxDrawOperation>::ConstructObject(02e06070)
 afxDrawOperation.c:559?_AfxDopCtor(dop=02e06070)
 afxPipeline.c:204?AfxDrawContextBuildPipeline(dctx=02de3ec0)
 sglPipeline.c:1004?_AfxDrawContextBuildPipeline(dctx=02de3ec0)
 afxClass<afxPipeline>::AllocateObjects(1, 00357d4c, 00357d5c)
 afxClass<afxPipeline>::BuildObjects(1, 00357d4c, 00357e80)
 afxClass<afxPipeline>::ConstructObject(02e05020)
 sglPipeline.c:684?_AfxPipCtor(pip=02e05020)
 afxShader.c:407?AfxDrawContextAcquireShaders(dctx=02de3ec0,cnt=1,uri=00357ea8,shd=00357088)
 Taking connection 02e05058 connecting 02e043f0?shd#2 to holder 02e05020?pip#1.
 afxShader.c:407?AfxDrawContextAcquireShaders(dctx=02de3ec0,cnt=1,uri=00358ebc,shd=00357088)
 Taking connection 02e0508c connecting 02e04a20?shd#2 to holder 02e05020?pip#1.
 afxClass<afxLegoTemplate>::AllocateObjects(1, 00356eb0, 00356ec0)
 afxClass<afxLegoTemplate>::BuildObjects(1, 00356eb0, 00356ea4)
 afxClass<afxLegoTemplate>::ConstructObject(02e06220)
 sglLego.c:192?_AfxLegtCtor(legt=02e06220)
 afxClass<afxPipelineRig>::AllocateObjects(1, 00356f74, 00356f84)
 afxClass<afxPipelineRig>::BuildObjects(1, 00356f74, 00356f68)
 afxClass<afxPipelineRig>::ConstructObject(02e06470)
 sglPipelineRig.c:95?_AfxPiprCtor(pipr=02e06470)
 afxClass<afxXml>::DismantleObjects(1, 00360730)
 Destructing instance 042def60 of afxXml class.
 afxXml.c:937?_AfxXmlDtor(xml=042def60)
 afxClass<afxXml>::DeallocateObjects(1, 00360730)
 sglSampler.c:137?_AfxDrawContextAcquireSampler(dctx=02de3ec0,spec=0036dc60)
 afxClass<afxSampler>::AllocateObjects(1, 0036d9e8, 0036d9f8)
 afxClass<afxSampler>::BuildObjects(1, 0036d9e8, 0036dc60)
 afxClass<afxSampler>::ConstructObject(02e06130)
 sglSampler.c:197?_AfxSmpCtor(smp=02e06130)
 sglCanvas.c:316?_AfxDrawContextBuildCanvases(dctx=02de3ec0,cnt=1,blueprint=0036da00,canv=0094703c)
 afxClass<afxCanvas>::AllocateObjects(1, 0094703c, 0036d844)
 afxClass<afxCanvas>::BuildObjects(1, 0094703c, 0036da00)
 afxClass<afxCanvas>::ConstructObject(02e056d0)
 sglCanvas.c:414?_AfxCanvCtor(canv=02e056d0)
 sglSurface.c:86?_AfxDrawContextAcquireSurface(dctx=02de3ec0,fmt=22,whd=[1272,693,1],usage=32)
 ADV afxTexture.c:15?AfxTextureBlueprintReset
    texb->fcc == AFX_FCC_TEXB
 afxClass<afxSurface>::AllocateObjects(1, 0036cd04, 0036cd14)
 afxClass<afxSurface>::BuildObjects(1, 0036cd04, 0036cd20)
 afxClass<afxSurface, afxTexture>ConstructingObject(02e057b0)
 afxClass<afxTexture>::ConstructObject(02e057b0)
 sglTexture.c:1019?_AfxTexCtor(tex=02e057b0)
 afxClass<afxSurface>::ConstructObject(02e057b0)
 sglSurface.c:160?_AfxSurfCtor(surf=02e057b0)
 afxClass<afxBuffer>::AllocateObjects(1, 0036da24, 0036da34)
 afxClass<afxBuffer>::BuildObjects(1, 0036da24, 0036dccc)
 afxClass<afxBuffer>::ConstructObject(042def60)
 sglBuffer.c:468?_AfxBufCtor(buf=042def60)
 sglCanvas.c:316?_AfxDrawContextBuildCanvases(dctx=02de3ec0,cnt=1,blueprint=0036da00,canv=00947044)
 afxClass<afxCanvas>::AllocateObjects(1, 00947044, 0036d844)
 afxClass<afxCanvas>::BuildObjects(1, 00947044, 0036da00)
 afxClass<afxCanvas>::ConstructObject(02e05a10)
 sglCanvas.c:414?_AfxCanvCtor(canv=02e05a10)
 sglSurface.c:86?_AfxDrawContextAcquireSurface(dctx=02de3ec0,fmt=22,whd=[1272,693,1],usage=32)
 ADV afxTexture.c:15?AfxTextureBlueprintReset
    texb->fcc == AFX_FCC_TEXB
 afxClass<afxSurface>::AllocateObjects(1, 0036cd04, 0036cd14)
 afxClass<afxSurface>::BuildObjects(1, 0036cd04, 0036cd20)
 afxClass<afxSurface, afxTexture>ConstructingObject(02e05af0)
 afxClass<afxTexture>::ConstructObject(02e05af0)
 sglTexture.c:1019?_AfxTexCtor(tex=02e05af0)
 afxClass<afxSurface>::ConstructObject(02e05af0)
 sglSurface.c:160?_AfxSurfCtor(surf=02e05af0)
 afxClass<afxBuffer>::AllocateObjects(1, 0036da24, 0036da34)
 afxClass<afxBuffer>::BuildObjects(1, 0036da24, 0036dccc)
 afxClass<afxBuffer>::ConstructObject(02e05c00)
 sglBuffer.c:468?_AfxBufCtor(buf=02e05c00)
 sglDrawScript.c:448?_AfxDrawInputAcquireScript(din=02df9c90)
 afxClass<afxDrawScript>::AllocateObjects(1, 0036e3f0, 0036e400)
 afxClass<afxDrawScript>::BuildObjects(1, 0036e3f0, 0036e3ec)
 afxClass<afxDrawScript>::ConstructObject(02e05e10)
 sglDrawScript.c:511?_AfxDscrCtor(dscr=02e05e10)
 afxTexture 0084e960 hardware-side data instanced.
 afxSurface 0084e960 hardware-side data instanced.
 afxTexture 02e057b0 hardware-side data instanced.
 afxSurface 02e057b0 hardware-side data instanced.
 afxCanvas 02e056d0 hardware-side data instanced.
 afxShader 02e043f0 hardware-side data instanced.
 afxShader 02e04a20 hardware-side data instanced.
 afxPipeline 02e05020 hardware-side data instanced.
 afxBuffer 042def60 hardware-side data instanced.
 afxTexture 02e04010 hardware-side data instanced.
 afxSampler 02e06130 hardware-side data instanced.
 afxBuffer 02e04110 hardware-side data instanced.
 afxShader 00848150 hardware-side data instanced.
 afxShader 008498b0 hardware-side data instanced.
 afxPipeline 01f96a30 hardware-side data instanced.
 afxBuffer 02eadf00 hardware-side data instanced.
 afxSampler 02e5f0b0 hardware-side data instanced.
 afxTexture 01ff08c0 hardware-side data instanced.
 afxSurface 01ff08c0 hardware-side data instanced.
 afxTexture 02e05af0 hardware-side data instanced.
 afxSurface 02e05af0 hardware-side data instanced.
 afxCanvas 02e05a10 hardware-side data instanced.
 ADV afxSystem.c:569?AfxSystemProcess
    User input requested application break.
 afxApplication.c:293?AfxApplicationExit(app=02ddaef0)
 Skybox.c:566?AfxLeaveApplication(app=02ddaef0)
 afxClass<afxDrawInput>::DismantleObjects(1, 0036ea9c)
 Destructing instance 02df9c90 of afxDrawInput class.
 sglDrawInput.c:250?_AfxDinDtor(din=02df9c90)
 afxClass<afxDrawInput>::DeallocateObjects(1, 0036ea9c)
 aaaaaaaaaaaa
 afxClass<afxApplication>::DismantleObjects(1, 0036eb3c)
 Destructing instance 02ddaef0 of afxApplication class.
 afxApplication.c:401?_AfxAppDtor(app=02ddaef0)
 afxClass<afxSimulation>::Dismount(02ddb460)
 afxClass<afxSimulation>::DismantleObjects(1, 0036e6e0)
 Destructing instance 042ddac0 of afxSimulation class.
 afxSimulation.c:398?_AfxSimDtor(sim=042ddac0)
 afxClass<afxLight>::Dismount(042ddda8)
 afxClass<afxCamera>::Dismount(042ddd00)
 afxClass<afxCamera>::DismantleObjects(1, 0036e27c)
 Destructing instance 02e03b50 of afxCamera class.
 afxCamera.c:873?_AfxCamDtor(cam=02e03b50)
 Destructing instance 02e03b50 of afxCamera : afxNode class.
 Destructing instance 02e03b50 of afxNode class.
 afxClass<afxCamera>::DeallocateObjects(1, 0036e27c)
 afxClass<afxEntity>::Dismount(042ddc58)
 afxClass<afxBodyControl>::Dismount(042ddbb0)
 afxClass<afxBody>::Dismount(042ddb08)
 afxClass<afxModel>::Dismount(042ddfa0)
 afxClass<afxSkeleton>::Dismount(042de048)
 afxClass<afxNode>::Dismount(042de0f0)
 afxClass<afxMesh>::Dismount(042ddef8)
 afxClass<afxMaterial>::Dismount(042dde50)
 afxClass<afxMemory>::DismantleObjects(1, 0036e3a0)
 Destructing instance 01f97320 of afxMemory class.
 afxMemory.c:299?_AfxMemDtor(mem=01f97320)
 afxMemory.c:219?AfxMemoryExhaust(mem=01f97320)
 Exhausted. (mem)01f97320
 afxClass<afxMemory>::DeallocateObjects(1, 0036e3a0)
 afxClass<afxSimulation>::DeallocateObjects(1, 0036e6e0)
 afxClass<afxWidget>::Dismount(02ddb3b8)
 afxClass<afxDrawInput>::DismantleObjects(1, 0036e804)
 Destructing instance 0084fed0 of afxDrawInput class.
 sglDrawInput.c:250?_AfxDinDtor(din=0084fed0)
 afxClass<afxDrawInput>::DeallocateObjects(1, 0036e804)
 afxClass<afxMouse>::DismantleObjects(1, 0036e804)
 Destructing instance 02e5f2d0 of afxMouse class.
 afxMouse.c:289?_AfxMseDtor(mse=02e5f2d0)
 Destructing instance 02e5f2d0 of afxMouse : afxHid class.
 Destructing instance 02e5f2d0 of afxHid class.
 afxHid.c:66?_AfxHidDtor(hid=02e5f2d0)
 afxClass<afxMouse>::DeallocateObjects(1, 0036e804)
 afxClass<afxApplication>::DeallocateObjects(1, 0036eb3c)
 afxClass<Draw Context>::DismantleObjects(1, 0036eb3c)
 Destructing instance 02de3ec0 of Draw Context class.
 sglDrawContext.c:364?_AfxDctxDtor(dctx=02de3ec0)
 afxClass<afxDrawOutput>::Dismount(02de48e0)
 afxClass<afxDrawOutput>::DismantleObjects(1, 0036e6e0)
 Destructing instance 042de2b0 of afxDrawOutput class.
 sglDrawOutput.c:309?_AfxDoutDtor(dout=042de2b0)
 sglDrawOutput.c:244?_AfxDoutDropAllSurfaces(dout=042de2b0)
 afxClass<afxDrawOutput>::DeallocateObjects(1, 0036e6e0)
 afxClass<afxLegoTemplate>::Dismount(02de4598)
 afxClass<afxLegoTemplate>::DismantleObjects(1, 0036e6e0)
 Destructing instance 02e06220 of afxLegoTemplate class.
 sglLego.c:184?_AfxLegtDtor(legt=02e06220)
 afxClass<afxLegoTemplate>::DeallocateObjects(1, 0036e6e0)
 afxClass<afxLegoTemplate>::DismantleObjects(1, 0036e6e0)
 afxObject<02e04d50>::RemoveEventFilter(02e04a20)
 Destructing instance 02e04d50 of afxLegoTemplate class.
 sglLego.c:184?_AfxLegtDtor(legt=02e04d50)
 afxClass<afxLegoTemplate>::DeallocateObjects(1, 0036e6e0)
 afxClass<afxLegoTemplate>::DismantleObjects(1, 0036e6e0)
 afxObject<02e047d0>::RemoveEventFilter(02e043f0)
 Destructing instance 02e047d0 of afxLegoTemplate class.
 sglLego.c:184?_AfxLegtDtor(legt=02e047d0)
 afxClass<afxLegoTemplate>::DeallocateObjects(1, 0036e6e0)
 afxClass<afxLegoTemplate>::DismantleObjects(1, 0036e6e0)
 Destructing instance 02e74310 of afxLegoTemplate class.
 sglLego.c:184?_AfxLegtDtor(legt=02e74310)
 afxClass<afxLegoTemplate>::DeallocateObjects(1, 0036e6e0)
 afxClass<afxLegoTemplate>::DismantleObjects(1, 0036e6e0)
 Destructing instance 02e583d0 of afxLegoTemplate class.
 sglLego.c:184?_AfxLegtDtor(legt=02e583d0)
 afxClass<afxLegoTemplate>::DeallocateObjects(1, 0036e6e0)
 afxClass<afxLegoTemplate>::DismantleObjects(1, 0036e6e0)
 afxObject<00847f00>::RemoveEventFilter(008498b0)
 Destructing instance 00847f00 of afxLegoTemplate class.
 sglLego.c:184?_AfxLegtDtor(legt=00847f00)
 afxClass<afxLegoTemplate>::DeallocateObjects(1, 0036e6e0)
 afxClass<afxDrawOperation>::Dismount(02de4640)
 afxClass<afxDrawOperation>::DismantleObjects(1, 0036e6e0)
 Destructing instance 02e06070 of afxDrawOperation class.
 afxDrawOperation.c:550?_AfxDopDtor(dop=02e06070)
 afxClass<afxDrawOperation>::DeallocateObjects(1, 0036e6e0)
 afxClass<afxDrawOperation>::DismantleObjects(1, 0036e6e0)
 Destructing instance 02e77100 of afxDrawOperation class.
 afxDrawOperation.c:550?_AfxDopDtor(dop=02e77100)
 afxClass<afxDrawOperation>::DeallocateObjects(1, 0036e6e0)
 afxClass<afxPipeline>::Dismount(02de44f0)
 afxClass<afxPipeline>::DismantleObjects(1, 0036e6e0)
 Dropping connection 02e0508c from 02e04a20?shd#3 to holder 02e05020?pip#0.
 Dropping connection 02e05058 from 02e043f0?shd#3 to holder 02e05020?pip#0.
 Destructing instance 02e05020 of afxPipeline class.
 sglPipeline.c:621?_AfxPipDtor(pip=02e05020)
 afxClass<afxPipelineRig>::DismantleObjects(1, 0036e368)
 Destructing instance 02e06470 of afxPipelineRig class.
 sglPipelineRig.c:77?_AfxPiprDtor(pipr=02e06470)
 afxClass<afxPipelineRig>::DeallocateObjects(1, 0036e368)
 afxClass<afxPipeline>::DeallocateObjects(1, 0036e6e0)
 afxClass<afxPipeline>::DismantleObjects(1, 0036e6e0)
 Dropping connection 01f96a9c from 008498b0?shd#5 to holder 01f96a30?pip#0.
 Dropping connection 01f96a68 from 00848150?shd#3 to holder 01f96a30?pip#0.
 Destructing instance 01f96a30 of afxPipeline class.
 sglPipeline.c:621?_AfxPipDtor(pip=01f96a30)
 afxClass<afxPipelineRig>::DismantleObjects(1, 0036e368)
 Destructing instance 01fe07a0 of afxPipelineRig class.
 sglPipelineRig.c:77?_AfxPiprDtor(pipr=01fe07a0)
 afxClass<afxPipelineRig>::DeallocateObjects(1, 0036e368)
 afxClass<afxPipeline>::DeallocateObjects(1, 0036e6e0)
 afxClass<afxPipeline>::DismantleObjects(1, 0036e6e0)
 Dropping connection 02e57d8c from 008498b0?shd#4 to holder 02e57d20?pip#0.
 Dropping connection 02e57d58 from 02eada50?shd#3 to holder 02e57d20?pip#0.
 Destructing instance 02e57d20 of afxPipeline class.
 sglPipeline.c:621?_AfxPipDtor(pip=02e57d20)
 afxClass<afxPipelineRig>::DismantleObjects(1, 0036e368)
 Destructing instance 02e58610 of afxPipelineRig class.
 sglPipelineRig.c:77?_AfxPiprDtor(pipr=02e58610)
 afxClass<afxPipelineRig>::DeallocateObjects(1, 0036e368)
 afxClass<afxPipeline>::DeallocateObjects(1, 0036e6e0)
 afxClass<afxPipelineRig>::Dismount(02de4448)
 afxClass<afxShader>::Dismount(02de43a0)
 afxClass<afxShader>::DismantleObjects(1, 0036e6e0)
 Destructing instance 02e04a20 of afxShader class.
 afxClass<afxShader>::DeallocateObjects(1, 0036e6e0)
 afxClass<afxShader>::DismantleObjects(1, 0036e6e0)
 Destructing instance 02e043f0 of afxShader class.
 afxClass<afxShader>::DeallocateObjects(1, 0036e6e0)
 afxClass<afxShader>::DismantleObjects(1, 0036e6e0)
 Destructing instance 00848150 of afxShader class.
 afxClass<afxShader>::DeallocateObjects(1, 0036e6e0)
 afxClass<afxShader>::DismantleObjects(1, 0036e6e0)
 Destructing instance 008498b0 of afxShader class.
 afxClass<afxShader>::DeallocateObjects(1, 0036e6e0)
 afxClass<afxShader>::DismantleObjects(1, 0036e6e0)
 Destructing instance 02eada50 of afxShader class.
 afxClass<afxShader>::DeallocateObjects(1, 0036e6e0)
 afxClass<afxCanvas>::Dismount(02de42f8)
 afxClass<afxCanvas>::DismantleObjects(1, 0036e6e0)
 Destructing instance 02e05a10 of afxCanvas class.
 sglCanvas.c:392?_AfxCanvDtor(canv=02e05a10)
 sglCanvas.c:342?_AfxCanvDropAllSurfaces(canv=02e05a10)
 afxClass<afxSurface>::DismantleObjects(1, 0036e344)
 Destructing instance 01ff08c0 of afxSurface class.
 sglSurface.c:127?_AfxSurfDtor(surf=01ff08c0)
 Destructing instance 01ff08c0 of afxSurface : afxTexture class.
 Destructing instance 01ff08c0 of afxTexture class.
 sglTexture.c:974?_AfxTexDtor(tex=01ff08c0)
 afxClass<afxSurface>::DeallocateObjects(1, 0036e344)
 afxClass<afxSurface>::DismantleObjects(1, 0036e344)
 Destructing instance 02e05af0 of afxSurface class.
 sglSurface.c:127?_AfxSurfDtor(surf=02e05af0)
 Destructing instance 02e05af0 of afxSurface : afxTexture class.
 Destructing instance 02e05af0 of afxTexture class.
 sglTexture.c:974?_AfxTexDtor(tex=02e05af0)
 afxClass<afxSurface>::DeallocateObjects(1, 0036e344)
 afxClass<afxCanvas>::DeallocateObjects(1, 0036e6e0)
 afxClass<afxCanvas>::DismantleObjects(1, 0036e6e0)
 Destructing instance 02e056d0 of afxCanvas class.
 sglCanvas.c:392?_AfxCanvDtor(canv=02e056d0)
 sglCanvas.c:342?_AfxCanvDropAllSurfaces(canv=02e056d0)
 afxClass<afxSurface>::DismantleObjects(1, 0036e344)
 Destructing instance 0084e960 of afxSurface class.
 sglSurface.c:127?_AfxSurfDtor(surf=0084e960)
 Destructing instance 0084e960 of afxSurface : afxTexture class.
 Destructing instance 0084e960 of afxTexture class.
 sglTexture.c:974?_AfxTexDtor(tex=0084e960)
 afxClass<afxSurface>::DeallocateObjects(1, 0036e344)
 afxClass<afxSurface>::DismantleObjects(1, 0036e344)
 Destructing instance 02e057b0 of afxSurface class.
 sglSurface.c:127?_AfxSurfDtor(surf=02e057b0)
 Destructing instance 02e057b0 of afxSurface : afxTexture class.
 Destructing instance 02e057b0 of afxTexture class.
 sglTexture.c:974?_AfxTexDtor(tex=02e057b0)
 afxClass<afxSurface>::DeallocateObjects(1, 0036e344)
 afxClass<afxCanvas>::DeallocateObjects(1, 0036e6e0)
 afxClass<afxSurface>::Dismount(02de4250)
 afxClass<afxTexture>::Dismount(02de41a8)
 afxClass<afxTexture>::DismantleObjects(1, 0036e6e0)
 Destructing instance 02e04010 of afxTexture class.
 sglTexture.c:974?_AfxTexDtor(tex=02e04010)
 afxClass<afxTexture>::DeallocateObjects(1, 0036e6e0)
 afxClass<afxSampler>::Dismount(02de4100)
 afxClass<afxSampler>::DismantleObjects(1, 0036e6e0)
 Destructing instance 02e06130 of afxSampler class.
 sglSampler.c:170?_AfxSmpDtor(smp=02e06130)
 afxClass<afxSampler>::DeallocateObjects(1, 0036e6e0)
 afxClass<afxSampler>::DismantleObjects(1, 0036e6e0)
 Destructing instance 02e5f0b0 of afxSampler class.
 sglSampler.c:170?_AfxSmpDtor(smp=02e5f0b0)
 afxClass<afxSampler>::DeallocateObjects(1, 0036e6e0)
 afxClass<afxIndexBuffer>::Dismount(02de4058)
 afxClass<afxVertexBuffer>::Dismount(02de3fb0)
 afxClass<afxVertexBuffer>::DismantleObjects(1, 0036e6e0)
 Destructing instance 02e04110 of afxVertexBuffer class.
 afxVertexBuffer.c:310?_AfxVbufDtor(vbuf=02e04110)
 Destructing instance 02e04110 of afxVertexBuffer : afxBuffer class.
 Destructing instance 02e04110 of afxBuffer class.
 sglBuffer.c:429?_AfxBufDtor(buf=02e04110)
 afxClass<afxVertexBuffer>::DeallocateObjects(1, 0036e6e0)
 afxClass<afxVertexBuffer>::DismantleObjects(1, 0036e6e0)
 Destructing instance 02eadf00 of afxVertexBuffer class.
 afxVertexBuffer.c:310?_AfxVbufDtor(vbuf=02eadf00)
 Destructing instance 02eadf00 of afxVertexBuffer : afxBuffer class.
 Destructing instance 02eadf00 of afxBuffer class.
 sglBuffer.c:429?_AfxBufDtor(buf=02eadf00)
 afxClass<afxVertexBuffer>::DeallocateObjects(1, 0036e6e0)
 afxClass<afxBuffer>::Dismount(02de3f08)
 afxClass<afxBuffer>::DismantleObjects(1, 0036e6e0)
 Destructing instance 02e05c00 of afxBuffer class.
 sglBuffer.c:429?_AfxBufDtor(buf=02e05c00)
 afxClass<afxBuffer>::DeallocateObjects(1, 0036e6e0)
 afxClass<afxBuffer>::DismantleObjects(1, 0036e6e0)
 Destructing instance 042def60 of afxBuffer class.
 sglBuffer.c:429?_AfxBufDtor(buf=042def60)
 afxClass<afxBuffer>::DeallocateObjects(1, 0036e6e0)
 afxClass<afxDrawQueue>::Dismount(02de4838)
 afxClass<afxDrawQueue>::DismantleObjects(1, 0036e6e0)
 Destructing instance 02dd66f0 of afxDrawQueue class.
 sglDrawQueue.c:1798?_AfxDqueDtor(dque=02dd66f0)
 afxClass<afxDrawQueue>::DeallocateObjects(1, 0036e6e0)
 afxClass<afxDrawInput>::Dismount(02de4790)
 afxClass<afxDrawScript>::Dismount(02de46e8)
 afxClass<afxDrawScript>::DismantleObjects(1, 0036e6e0)
 Destructing instance 02e05e10 of afxDrawScript class.
 sglDrawScript.c:485?_AfxDscrDtor(dscr=02e05e10)
 afxClass<afxDrawScript>::DeallocateObjects(1, 0036e6e0)
 afxClass<Draw Context>::DeallocateObjects(1, 0036eb3c)
 afxClass<afxDrawSystem>::DismantleObjects(1, 0036eb3c)
 Destructing instance 00784880 of afxDrawSystem class.
 afxDrawSystem.c:351?_AfxDsysDtor(dsys=00784880)
 afxClass<afxDrawDriver>::Dismount(007848c8)
 afxClass<afxDrawDriver>::DismantleObjects(1, 0036e6ac)
 Destructing instance 02dd9b00 of afxDrawDriver class.
 afxDrawDriver.c:116?_AfxDdrvDtor(ddrv=02dd9b00)
 afxClass<Draw Context>::Dismount(02dd9b48)
 afxClass<afxDrawDriver>::DeallocateObjects(1, 0036e6ac)
 afxClass<afxDrawSystem>::DeallocateObjects(1, 0036eb3c)
 afxClass<afxSystem>::DismantleObjects(1, 0036eb3c)
 Destructing instance 0077f520 of afxSystem class.
 afxSystem.c:793?_AfxSysDtor(sys=0077f520)
 afxClass<afxApplication>::Dismount(00780b88)
 afxClass<afxDrawSystem>::Dismount(00780ae0)
 afxClass<afxMouse>::Dismount(00780a38)
 afxClass<afxKeyboard>::Dismount(00780990)
 afxClass<afxKeyboard>::DismantleObjects(1, 0036e6dc)
 Destructing instance 00783fe0 of afxKeyboard class.
 afxKeyboard.c:209?_AfxKbdDtor(kbd=00783fe0)
 Destructing instance 00783fe0 of afxKeyboard : afxHid class.
 Destructing instance 00783fe0 of afxHid class.
 afxHid.c:66?_AfxHidDtor(hid=00783fe0)
 afxClass<afxKeyboard>::DeallocateObjects(1, 0036e6dc)
 afxClass<afxHid>::Dismount(007808e8)
 afxClass<afxModule>::Dismount(00780840)
 afxClass<afxModule>::DismantleObjects(1, 0036e6dc)
 Destructing instance 01f8af10 of afxModule class.
 afxModule.c:122?_AfxMdleDtor(mdle=01f8af10)
 afxClass<afxModule>::DeallocateObjects(1, 0036e6dc)
 afxClass<afxModule>::DismantleObjects(1, 0036e6dc)
 Destructing instance 00783520 of afxModule class.
 afxModule.c:122?_AfxMdleDtor(mdle=00783520)
 afxClass<afxModule>::DeallocateObjects(1, 0036e6dc)
 afxClass<afxModule>::DismantleObjects(1, 0036e6dc)
 Destructing instance 00783460 of afxModule class.
 afxModule.c:122?_AfxMdleDtor(mdle=00783460)
 afxClass<afxModule>::DeallocateObjects(1, 0036e6dc)
 afxClass<afxFileSystem>::Dismount(00780798)
 afxClass<afxFileSystem>::DismantleObjects(1, 0036e6dc)
 Destructing instance 007812d0 of afxFileSystem class.
 afxFileSystem.c:588?_AfxFsysDtor(fsys=007812d0)
 afxFileSystem.c:345?AfxFileSystemDismountStoragePoints(Afx.FileSystem.DismountStoragePoints(007812d0,1,0036e380))
 Point "sound" 5 unmounted -> "E:/qwadro/afx/sound".
 afxFileSystem.c:345?AfxFileSystemDismountStoragePoints(Afx.FileSystem.DismountStoragePoints(007812d0,1,0036e380))
 Point "data" 5 unmounted -> "E:/qwadro/afx/data".
 afxFileSystem.c:345?AfxFileSystemDismountStoragePoints(Afx.FileSystem.DismountStoragePoints(007812d0,1,0036e380))
 Point "art" 5 unmounted -> "E:/qwadro/afx/art".
 afxFileSystem.c:345?AfxFileSystemDismountStoragePoints(Afx.FileSystem.DismountStoragePoints(007812d0,1,0036e380))
 Point "system" 7 unmounted -> "E:/qwadro/afx/system32".
 afxFileSystem.c:345?AfxFileSystemDismountStoragePoints(Afx.FileSystem.DismountStoragePoints(007812d0,1,0036e380))
 Point "." 5 unmounted -> "E:/qwadro/afx".
 afxClass<afxUrd>::Dismount(007815c0)
 afxClass<afxXml>::Dismount(00781518)
 afxClass<afxResource>::Dismount(00781668)
 afxClass<afxArchive>::Dismount(00781470)
 afxClass<afxArchive>::DismantleObjects(1, 0036e230)
 Destructing instance 02df6f50 of afxArchive class.
 Destructing instance 02df6f50 of afxArchive : afxFile class.
 Destructing instance 02df6f50 of afxFile class.
 Destructing instance 02df6f50 of afxFile : afxStream class.
 Destructing instance 02df6f50 of afxStream class.
 afxClass<afxArchive>::DeallocateObjects(1, 0036e230)
 afxClass<afxFile>::Dismount(007813c8)
 afxClass<afxStream>::Dismount(00781320)
 afxClass<afxStream>::DismantleObjects(1, 0036e230)
 Destructing instance 02d84370 of afxStream class.
 afxClass<afxStream>::DeallocateObjects(1, 0036e230)
 afxClass<afxFileSystem>::DeallocateObjects(1, 0036e6dc)
 afxClass<afxThread>::Dismount(007806f0)
 afxClass<Memory Arena>::Dismount(00780648)
 afxClass<Memory Arena>::DismantleObjects(1, 0036e6dc)
 Destructing instance 02e007a0 of Memory Arena class.
 afxArena.c:789?_AfxArenDtor(aren=02e007a0)
 Destructing instance 02e007a0 of Memory Arena : afxMemory class.
 Destructing instance 02e007a0 of afxMemory class.
 afxMemory.c:299?_AfxMemDtor(mem=02e007a0)
 afxMemory.c:219?AfxMemoryExhaust(mem=02e007a0)
 Exhausted. (mem)02e007a0
 afxClass<Memory Arena>::DeallocateObjects(1, 0036e6dc)
 afxClass<Memory Arena>::DismantleObjects(1, 0036e6dc)
 Destructing instance 01f970d0 of Memory Arena class.
 afxArena.c:789?_AfxArenDtor(aren=01f970d0)
 Destructing instance 01f970d0 of Memory Arena : afxMemory class.
 Destructing instance 01f970d0 of afxMemory class.
 afxMemory.c:299?_AfxMemDtor(mem=01f970d0)
 afxMemory.c:219?AfxMemoryExhaust(mem=01f970d0)
 Exhausted. (mem)01f970d0
 afxClass<Memory Arena>::DeallocateObjects(1, 0036e6dc)
 afxClass<afxMemory>::Dismount(007805a0)
 afxClass<afxMemory>::DismantleObjects(1, 0036e6dc)
 Destructing instance 00780ca0 of afxMemory class.
 afxMemory.c:299?_AfxMemDtor(mem=00780ca0)
 afxMemory.c:219?AfxMemoryExhaust(mem=00780ca0)
 Exhausted. (mem)00780ca0
 afxClass<afxMemory>::DeallocateObjects(1, 0036e6dc)
 afxClass<afxSystem>::DeallocateObjects(1, 0036eb3c)