
 afxDebug.c:363?AfxAttachDebugTerminal()
      ::::::::  :::       :::     :::     :::::::::  :::::::::   ::::::::      
     :+:    :+: :+:       :+:   :+: :+:   :+:    :+: :+:    :+: :+:    :+:     
     +:+    +:+ +:+       +:+  +:+   +:+  +:+    +:+ +:+    +:+ +:+    +:+     
     +#+    +:+ +#+  +:+  +#+ +#++:++#++: +#+    +:+ +#++:++#:  +#+    +:+     
     +#+  # +#+ +#+ +#+#+ +#+ +#+     +#+ +#+    +#+ +#+    +#+ +#+    +#+     
     #+#   +#+   #+#+# #+#+#  #+#     #+# #+#    #+# #+#    #+# #+#    #+#     
      ###### ###  ###   ###   ###     ### #########  ###    ###  ########      
                                                                               
             S I G M A   C O . ,   T E C H N O L O G Y   G R O U P             
                                                                             
                                    4D AFX                                   
                              Public Test Build                              
                     (c) 2017 SIGMA Co., Technology Group                    
                               www.sigmaco.org                               
                                                                             
                                                                             
 afxClass<afxSystem>::Mount(52788df0, 00000000, 00000000, 52767758)
 afxClass<afxSystem>::AllocateObjects(1, 003aebb8, 003aebc8)
 afxClass<afxSystem>::BuildObjects(1, 003aebb8, 00000000)
 afxClass<afxSystem>::ConstructObject(0080f070)
 afxSystem.c:813?_AfxSysCtor(sys=0080f070)
 ADV afxSystem.c:828?_AfxSysCtor
    Memoy page size: 4096
 ADV afxSystem.c:829?_AfxSysCtor
    Logical processor count: 2
 afxClass<afxMemory>::Mount(008100f0, 0080f0a4, 00000000, 5276b9a4)
 afxClass<Memory Arena>::Mount(008101b0, 0080f0a4, 008100f0, 5276b314)
 afxMemory.c:259?AfxSystemAcquireMemory(sys=0080f070,strategy=003ad748,hint="afxSystem.c:847!_AfxSysCtor")
 afxClass<afxMemory>::AllocateObjects(1, 003ad5d0, 003ad5e0)
 afxClass<afxMemory>::BuildObjects(1, 003ad5d0, 003ad5c4)
 afxClass<afxMemory>::ConstructObject(008108e0)
 afxMemory.c:317?_AfxMemCtor(mem=008108e0)
 afxClass<afxThread>::Mount(00810270, 0080f0a4, 00000000, 52767e20)
 afxClass<afxFileSystem>::Mount(00810330, 0080f0a4, 00000000, 527692f4)
 afxFileSystem.c:558?AfxSystemAcquireFileSystem(Afx.System.AcquireFileSystem(0080f070,5,003ad908))
 afxClass<afxFileSystem>::AllocateObjects(1, 003ad5b8, 003ad5c8)
 afxClass<afxFileSystem>::BuildObjects(1, 003ad5b8, 003ad704)
 afxClass<afxFileSystem>::ConstructObject(00810f20)
 afxFileSystem.c:617?_AfxFsysCtor(fsys=00810f20)
 afxClass<afxStream>::Mount(00810f70, 00810f58, 00000000, 5276a714)
 afxClass<afxFile>::Mount(00811030, 00810f58, 00810f70, 52769070)
 afxClass<afxArchive>::Mount(008110f0, 00810f58, 00811030, 527689fc)
 afxClass<afxResource>::Mount(00811330, 00810f58, 00000000, 5276a574)
 afxClass<afxXml>::Mount(008111b0, 00810f58, 00000000, 5276ac0c)
 afxClass<afxUrd>::Mount(00811270, 00810f58, 00000000, 5276ab2c)
 afxFileSystem.c:389?AfxFileSystemMountStoragePoints(Afx.FileSystem.MountStoragePoints(00810f20,5,003ad908))
 Point "." 5 mounted -> "E:/qwadro/afx".
 Point "system" 7 mounted -> "E:/qwadro/afx/system32".
 Point "art" 5 mounted -> "E:/qwadro/afx/art".
 Point "data" 5 mounted -> "E:/qwadro/afx/data".
 Point "sound" 5 mounted -> "E:/qwadro/afx/sound".
 afxClass<afxModule>::Mount(008103f0, 0080f0a4, 00000000, 52765f54)
 afxModule.c:71?AfxSystemAcquireModule(sys=0080f070,uri=system/e2coree.dll)
 afxClass<afxModule>::AllocateObjects(1, 003ad570, 003ad5b8)
 afxClass<afxModule>::BuildObjects(1, 003ad570, 003ad568)
 afxClass<afxModule>::ConstructObject(00814000)
 afxModule.c:138?_AfxMdleCtor(uri:system/e2coree.dll)
 afxClass<afxHid>::Mount(008104b0, 0080f0a4, 00000000, 5276980c)
 afxClass<afxKeyboard>::Mount(00810570, 0080f0a4, 008104b0, 5276a10c)
 afxClass<afxMouse>::Mount(00810630, 0080f0a4, 008104b0, 5276a2cc)
 afxClass<afxDrawSystem>::Mount(008106f0, 0080f0a4, 00000000, 5276efec)
 afxClass<afxApplication>::Mount(008107b0, 0080f0a4, 00000000, 52765000)
 afxKeyboard.c:165?AfxSystemAcquireKeyboard(sys=0080f070,port=0)
 afxClass<afxKeyboard>::AllocateObjects(1, 003ad5dc, 003ad5ec)
 afxClass<afxKeyboard>::BuildObjects(1, 003ad5dc, 003ad5d4)
 afxClass<afxKeyboard, afxHid>ConstructingObject(00812940)
 afxClass<afxHid>::ConstructObject(00812940)
 afxHid.c:75?_AfxHidCtor(hid=00812940)
 afxClass<afxKeyboard>::ConstructObject(00812940)
 afxKeyboard.c:221?_AfxKbdCtor(kbd=00812940)
 afxDrawSystem.c:320?AfxSystemAcquireDrawSystem(sys=0080f070)
 afxClass<afxDrawSystem>::AllocateObjects(1, 003aebb0, 003aebc0)
 afxClass<afxDrawSystem>::BuildObjects(1, 003aebb0, 003aecbc)
 afxClass<afxDrawSystem>::ConstructObject(008131e0)
 afxDrawSystem.c:418?_AfxDsysCtor(dsys=008131e0)
 afxClass<afxDrawDriver>::Mount(00813228, 00813214, 00000000, 5276db5c)
New texture codec registered.
Name: SIGGL
Author: SIGMA Technology Group
Version: 0.5.1
Note: 
    :::::::::::     :::     :::::::::   ::::::::      :::        
        :+:       :+: :+:   :+:    :+: :+:    :+:   :+: :+:      
        +:+      +:+   +:+  +:+    +:+ +:+         +:+   +:+     
        +#+     +#++:++#++: +#++:++#:  :#:        +#++:++#++:    
        +#+     +#+     +#+ +#+    +#+ +#+   +#+# +#+     +#+    
        #+#     #+#     #+# #+#    #+# #+#    #+# #+#     #+#    
        ###     ###     ### ###    ###  ########  ###     ###    
                                                                 
                      SIGMA Technology Group                     
 Truecolor Targa texture serializer installed!
 afxModule.c:71?AfxSystemAcquireModule(sys=0080f070,uri=e2draw.icd)
 afxClass<afxModule>::AllocateObjects(1, 003ae698, 003ae6e0)
 afxClass<afxModule>::BuildObjects(1, 003ae698, 003ae690)
 afxClass<afxModule>::ConstructObject(008140c0)
 afxModule.c:138?_AfxMdleCtor(uri:e2draw.icd)
 Listing mem available display devices...

 #0 = Intel(R) HD Graphics (\\.\DISPLAY1) 8000005
 #1 = RDPDD Chained DD (\\.\DISPLAYV1) 200008
 #2 = RDP Encoder Mirror Driver (\\.\DISPLAYV2) 200008
 #3 = RDP Reflector Display Driver (\\.\DISPLAYV3) 200008
 sglDriver.c:1270?_SglCreateCombinedDeviceContext(oglWndClss=00817c50,shareCtx=00000000,phwnd=00817c80,phdc=00817c84,phrc=00817c8c)
 sglDriver.c:786?_SglLoadVmt(vmt=00817c90,verMajor=1,verMinor=0)
 glCullFace @ 0 found.
 glFrontFace @ 1 found.
 glHint @ 2 found.
 glLineWidth @ 3 found.
 glPointSize @ 4 found.
 glPolygonMode @ 5 found.
 glScissor @ 6 found.
 glTexParameterf @ 7 found.
 glTexParameterfv @ 8 found.
 glTexParameteri @ 9 found.
 glTexParameteriv @ 10 found.
 glTexImage1D @ 11 found.
 glTexImage2D @ 12 found.
 glDrawBuffer @ 13 found.
 glClear @ 14 found.
 glClearColor @ 15 found.
 glClearStencil @ 16 found.
 glClearDepth @ 17 found.
 glStencilMask @ 18 found.
 glColorMask @ 19 found.
 glDepthMask @ 20 found.
 glDisable @ 21 found.
 glEnable @ 22 found.
 glFinish @ 23 found.
 glFlush @ 24 found.
 glBlendFunc @ 25 found.
 glLogicOp @ 26 found.
 glStencilFunc @ 27 found.
 glStencilOp @ 28 found.
 glDepthFunc @ 29 found.
 glPixelStoref @ 30 found.
 glPixelStorei @ 31 found.
 glReadBuffer @ 32 found.
 glReadPixels @ 33 found.
 glGetBooleanv @ 34 found.
 glGetDoublev @ 35 found.
 glGetError @ 36 found.
 glGetFloatv @ 37 found.
 glGetIntegerv @ 38 found.
 glGetString @ 39 found.
 glGetTexImage @ 40 found.
 glGetTexParameterfv @ 41 found.
 glGetTexParameteriv @ 42 found.
 glGetTexLevelParameterfv @ 43 found.
 glGetTexLevelParameteriv @ 44 found.
 glIsEnabled @ 45 found.
 glDepthRange @ 46 found.
 glViewport @ 47 found.
 sglDriver.c:786?_SglLoadVmt(vmt=00817c90,verMajor=4,verMinor=6)
 glCullFace @ 0 found.
 glFrontFace @ 1 found.
 glHint @ 2 found.
 glLineWidth @ 3 found.
 glPointSize @ 4 found.
 glPolygonMode @ 5 found.
 glScissor @ 6 found.
 glTexParameterf @ 7 found.
 glTexParameterfv @ 8 found.
 glTexParameteri @ 9 found.
 glTexParameteriv @ 10 found.
 glTexImage1D @ 11 found.
 glTexImage2D @ 12 found.
 glDrawBuffer @ 13 found.
 glClear @ 14 found.
 glClearColor @ 15 found.
 glClearStencil @ 16 found.
 glClearDepth @ 17 found.
 glStencilMask @ 18 found.
 glColorMask @ 19 found.
 glDepthMask @ 20 found.
 glDisable @ 21 found.
 glEnable @ 22 found.
 glFinish @ 23 found.
 glFlush @ 24 found.
 glBlendFunc @ 25 found.
 glLogicOp @ 26 found.
 glStencilFunc @ 27 found.
 glStencilOp @ 28 found.
 glDepthFunc @ 29 found.
 glPixelStoref @ 30 found.
 glPixelStorei @ 31 found.
 glReadBuffer @ 32 found.
 glReadPixels @ 33 found.
 glGetBooleanv @ 34 found.
 glGetDoublev @ 35 found.
 glGetError @ 36 found.
 glGetFloatv @ 37 found.
 glGetIntegerv @ 38 found.
 glGetString @ 39 found.
 glGetTexImage @ 40 found.
 glGetTexParameterfv @ 41 found.
 glGetTexParameteriv @ 42 found.
 glGetTexLevelParameterfv @ 43 found.
 glGetTexLevelParameteriv @ 44 found.
 glIsEnabled @ 45 found.
 glDepthRange @ 46 found.
 glViewport @ 47 found.
 glDrawArrays @ 48 found.
 glDrawElements @ 49 found.
 glGetPointerv @ 50 found.
 glPolygonOffset @ 51 found.
 glCopyTexImage1D @ 52 found.
 glCopyTexImage2D @ 53 found.
 glCopyTexSubImage1D @ 54 found.
 glCopyTexSubImage2D @ 55 found.
 glTexSubImage1D @ 56 found.
 glTexSubImage2D @ 57 found.
 glBindTexture @ 58 found.
 glDeleteTextures @ 59 found.
 glGenTextures @ 60 found.
 glIsTexture @ 61 found.
 glDrawRangeElements @ 62 found.
 glTexImage3D @ 63 found.
 glTexSubImage3D @ 64 found.
 glCopyTexSubImage3D @ 65 found.
 glActiveTexture @ 66 found.
 glSampleCoverage @ 67 found.
 glCompressedTexImage3D @ 68 found.
 glCompressedTexImage2D @ 69 found.
 glCompressedTexImage1D @ 70 found.
 glCompressedTexSubImage3D @ 71 found.
 glCompressedTexSubImage2D @ 72 found.
 glCompressedTexSubImage1D @ 73 found.
 glGetCompressedTexImage @ 74 found.
 glBlendFuncSeparate @ 75 found.
 glMultiDrawArrays @ 76 found.
 glMultiDrawElements @ 77 found.
 glPointParameterf @ 78 found.
 glPointParameterfv @ 79 found.
 glPointParameteri @ 80 found.
 glPointParameteriv @ 81 found.
 glBlendColor @ 82 found.
 glBlendEquation @ 83 found.
 glGenQueries @ 84 found.
 glDeleteQueries @ 85 found.
 glIsQuery @ 86 found.
 glBeginQuery @ 87 found.
 glEndQuery @ 88 found.
 glGetQueryiv @ 89 found.
 glGetQueryObjectiv @ 90 found.
 glGetQueryObjectuiv @ 91 found.
 glBindBuffer @ 92 found.
 glDeleteBuffers @ 93 found.
 glGenBuffers @ 94 found.
 glIsBuffer @ 95 found.
 glBufferData @ 96 found.
 glBufferSubData @ 97 found.
 glGetBufferSubData @ 98 found.
 glMapBuffer @ 99 found.
 glUnmapBuffer @ 100 found.
 glGetBufferParameteriv @ 101 found.
 glGetBufferPointerv @ 102 found.
 glBlendEquationSeparate @ 103 found.
 glDrawBuffers @ 104 found.
 glStencilOpSeparate @ 105 found.
 glStencilFuncSeparate @ 106 found.
 glStencilMaskSeparate @ 107 found.
 glAttachShader @ 108 found.
 glBindAttribLocation @ 109 found.
 glCompileShader @ 110 found.
 glCreateProgram @ 111 found.
 glCreateShader @ 112 found.
 glDeleteProgram @ 113 found.
 glDeleteShader @ 114 found.
 glDetachShader @ 115 found.
 glDisableVertexAttribArray @ 116 found.
 glEnableVertexAttribArray @ 117 found.
 glGetActiveAttrib @ 118 found.
 glGetActiveUniform @ 119 found.
 glGetAttachedShaders @ 120 found.
 glGetAttribLocation @ 121 found.
 glGetProgramiv @ 122 found.
 glGetProgramInfoLog @ 123 found.
 glGetShaderiv @ 124 found.
 glGetShaderInfoLog @ 125 found.
 glGetShaderSource @ 126 found.
 glGetUniformLocation @ 127 found.
 glGetUniformfv @ 128 found.
 glGetUniformiv @ 129 found.
 glGetVertexAttribdv @ 130 found.
 glGetVertexAttribfv @ 131 found.
 glGetVertexAttribiv @ 132 found.
 glGetVertexAttribPointerv @ 133 found.
 glIsProgram @ 134 found.
 glIsShader @ 135 found.
 glLinkProgram @ 136 found.
 glShaderSource @ 137 found.
 glUseProgram @ 138 found.
 glUniform1f @ 139 found.
 glUniform2f @ 140 found.
 glUniform3f @ 141 found.
 glUniform4f @ 142 found.
 glUniform1i @ 143 found.
 glUniform2i @ 144 found.
 glUniform3i @ 145 found.
 glUniform4i @ 146 found.
 glUniform1fv @ 147 found.
 glUniform2fv @ 148 found.
 glUniform3fv @ 149 found.
 glUniform4fv @ 150 found.
 glUniform1iv @ 151 found.
 glUniform2iv @ 152 found.
 glUniform3iv @ 153 found.
 glUniform4iv @ 154 found.
 glUniformMatrix2fv @ 155 found.
 glUniformMatrix3fv @ 156 found.
 glUniformMatrix4fv @ 157 found.
 glValidateProgram @ 158 found.
 glVertexAttrib1d @ 159 found.
 glVertexAttrib1dv @ 160 found.
 glVertexAttrib1f @ 161 found.
 glVertexAttrib1fv @ 162 found.
 glVertexAttrib1s @ 163 found.
 glVertexAttrib1sv @ 164 found.
 glVertexAttrib2d @ 165 found.
 glVertexAttrib2dv @ 166 found.
 glVertexAttrib2f @ 167 found.
 glVertexAttrib2fv @ 168 found.
 glVertexAttrib2s @ 169 found.
 glVertexAttrib2sv @ 170 found.
 glVertexAttrib3d @ 171 found.
 glVertexAttrib3dv @ 172 found.
 glVertexAttrib3f @ 173 found.
 glVertexAttrib3fv @ 174 found.
 glVertexAttrib3s @ 175 found.
 glVertexAttrib3sv @ 176 found.
 glVertexAttrib4Nbv @ 177 found.
 glVertexAttrib4Niv @ 178 found.
 glVertexAttrib4Nsv @ 179 found.
 glVertexAttrib4Nub @ 180 found.
 glVertexAttrib4Nubv @ 181 found.
 glVertexAttrib4Nuiv @ 182 found.
 glVertexAttrib4Nusv @ 183 found.
 glVertexAttrib4bv @ 184 found.
 glVertexAttrib4d @ 185 found.
 glVertexAttrib4dv @ 186 found.
 glVertexAttrib4f @ 187 found.
 glVertexAttrib4fv @ 188 found.
 glVertexAttrib4iv @ 189 found.
 glVertexAttrib4s @ 190 found.
 glVertexAttrib4sv @ 191 found.
 glVertexAttrib4ubv @ 192 found.
 glVertexAttrib4uiv @ 193 found.
 glVertexAttrib4usv @ 194 found.
 glVertexAttribPointer @ 195 found.
 glUniformMatrix2x3fv @ 196 found.
 glUniformMatrix3x2fv @ 197 found.
 glUniformMatrix2x4fv @ 198 found.
 glUniformMatrix4x2fv @ 199 found.
 glUniformMatrix3x4fv @ 200 found.
 glUniformMatrix4x3fv @ 201 found.
 glColorMaski @ 202 found.
 glGetBooleani_v @ 203 found.
 glGetIntegeri_v @ 204 found.
 glEnablei @ 205 found.
 glDisablei @ 206 found.
 glIsEnabledi @ 207 found.
 glBeginTransformFeedback @ 208 found.
 glEndTransformFeedback @ 209 found.
 glBindBufferRange @ 210 found.
 glBindBufferBase @ 211 found.
 glTransformFeedbackVaryings @ 212 found.
 glGetTransformFeedbackVarying @ 213 found.
 glClampColor @ 214 found.
 glBeginConditionalRender @ 215 found.
 glEndConditionalRender @ 216 found.
 glVertexAttribIPointer @ 217 found.
 glGetVertexAttribIiv @ 218 found.
 glGetVertexAttribIuiv @ 219 found.
 glVertexAttribI1i @ 220 found.
 glVertexAttribI2i @ 221 found.
 glVertexAttribI3i @ 222 found.
 glVertexAttribI4i @ 223 found.
 glVertexAttribI1ui @ 224 found.
 glVertexAttribI2ui @ 225 found.
 glVertexAttribI3ui @ 226 found.
 glVertexAttribI4ui @ 227 found.
 glVertexAttribI1iv @ 228 found.
 glVertexAttribI2iv @ 229 found.
 glVertexAttribI3iv @ 230 found.
 glVertexAttribI4iv @ 231 found.
 glVertexAttribI1uiv @ 232 found.
 glVertexAttribI2uiv @ 233 found.
 glVertexAttribI3uiv @ 234 found.
 glVertexAttribI4uiv @ 235 found.
 glVertexAttribI4bv @ 236 found.
 glVertexAttribI4sv @ 237 found.
 glVertexAttribI4ubv @ 238 found.
 glVertexAttribI4usv @ 239 found.
 glGetUniformuiv @ 240 found.
 glBindFragDataLocation @ 241 found.
 glGetFragDataLocation @ 242 found.
 glUniform1ui @ 243 found.
 glUniform2ui @ 244 found.
 glUniform3ui @ 245 found.
 glUniform4ui @ 246 found.
 glUniform1uiv @ 247 found.
 glUniform2uiv @ 248 found.
 glUniform3uiv @ 249 found.
 glUniform4uiv @ 250 found.
 glTexParameterIiv @ 251 found.
 glTexParameterIuiv @ 252 found.
 glGetTexParameterIiv @ 253 found.
 glGetTexParameterIuiv @ 254 found.
 glClearBufferiv @ 255 found.
 glClearBufferuiv @ 256 found.
 glClearBufferfv @ 257 found.
 glClearBufferfi @ 258 found.
 glGetStringi @ 259 found.
 glIsRenderbuffer @ 260 found.
 glBindRenderbuffer @ 261 found.
 glDeleteRenderbuffers @ 262 found.
 glGenRenderbuffers @ 263 found.
 glRenderbufferStorage @ 264 found.
 glGetRenderbufferParameteriv @ 265 found.
 glIsFramebuffer @ 266 found.
 glBindFramebuffer @ 267 found.
 glDeleteFramebuffers @ 268 found.
 glGenFramebuffers @ 269 found.
 glCheckFramebufferStatus @ 270 found.
 glFramebufferTexture1D @ 271 found.
 glFramebufferTexture2D @ 272 found.
 glFramebufferTexture3D @ 273 found.
 glFramebufferRenderbuffer @ 274 found.
 glGetFramebufferAttachmentParameteriv @ 275 found.
 glGenerateMipmap @ 276 found.
 glBlitFramebuffer @ 277 found.
 glRenderbufferStorageMultisample @ 278 found.
 glFramebufferTextureLayer @ 279 found.
 glMapBufferRange @ 280 found.
 glFlushMappedBufferRange @ 281 found.
 glBindVertexArray @ 282 found.
 glDeleteVertexArrays @ 283 found.
 glGenVertexArrays @ 284 found.
 glIsVertexArray @ 285 found.
 glDrawArraysInstanced @ 286 found.
 glDrawElementsInstanced @ 287 found.
 glTexBuffer @ 288 found.
 glPrimitiveRestartIndex @ 289 found.
 glCopyBufferSubData @ 290 found.
 glGetUniformIndices @ 291 found.
 glGetActiveUniformsiv @ 292 found.
 glGetActiveUniformName @ 293 found.
 glGetUniformBlockIndex @ 294 found.
 glGetActiveUniformBlockiv @ 295 found.
 glGetActiveUniformBlockName @ 296 found.
 glUniformBlockBinding @ 297 found.
 glDrawElementsBaseVertex @ 298 found.
 glDrawRangeElementsBaseVertex @ 299 found.
 glDrawElementsInstancedBaseVertex @ 300 found.
 glMultiDrawElementsBaseVertex @ 301 found.
 glProvokingVertex @ 302 found.
 glFenceSync @ 303 found.
 glIsSync @ 304 found.
 glDeleteSync @ 305 found.
 glClientWaitSync @ 306 found.
 glWaitSync @ 307 found.
 glGetInteger64v @ 308 found.
 glGetSynciv @ 309 found.
 glGetInteger64i_v @ 310 found.
 glGetBufferParameteri64v @ 311 found.
 glFramebufferTexture @ 312 found.
 glTexImage2DMultisample @ 313 found.
 glTexImage3DMultisample @ 314 found.
 glGetMultisamplefv @ 315 found.
 glSampleMaski @ 316 found.
 glBindFragDataLocationIndexed @ 317 found.
 glGetFragDataIndex @ 318 found.
 glGenSamplers @ 319 found.
 glDeleteSamplers @ 320 found.
 glIsSampler @ 321 found.
 glBindSampler @ 322 found.
 glSamplerParameteri @ 323 found.
 glSamplerParameteriv @ 324 found.
 glSamplerParameterf @ 325 found.
 glSamplerParameterfv @ 326 found.
 glSamplerParameterIiv @ 327 found.
 glSamplerParameterIuiv @ 328 found.
 glGetSamplerParameteriv @ 329 found.
 glGetSamplerParameterIiv @ 330 found.
 glGetSamplerParameterfv @ 331 found.
 glGetSamplerParameterIuiv @ 332 found.
 glQueryCounter @ 333 found.
 glGetQueryObjecti64v @ 334 found.
 glGetQueryObjectui64v @ 335 found.
 glVertexAttribDivisor @ 336 found.
 glVertexAttribP1ui @ 337 found.
 glVertexAttribP1uiv @ 338 found.
 glVertexAttribP2ui @ 339 found.
 glVertexAttribP2uiv @ 340 found.
 glVertexAttribP3ui @ 341 found.
 glVertexAttribP3uiv @ 342 found.
 glVertexAttribP4ui @ 343 found.
 glVertexAttribP4uiv @ 344 found.
 glMinSampleShading @ 345 found.
 glBlendEquationi @ 346 found.
 glBlendEquationSeparatei @ 347 found.
 glBlendFunci @ 348 found.
 glBlendFuncSeparatei @ 349 found.
 glDrawArraysIndirect @ 350 found.
 glDrawElementsIndirect @ 351 found.
 glUniform1d @ 352 found.
 glUniform2d @ 353 found.
 glUniform3d @ 354 found.
 glUniform4d @ 355 found.
 glUniform1dv @ 356 found.
 glUniform2dv @ 357 found.
 glUniform3dv @ 358 found.
 glUniform4dv @ 359 found.
 glUniformMatrix2dv @ 360 found.
 glUniformMatrix3dv @ 361 found.
 glUniformMatrix4dv @ 362 found.
 glUniformMatrix2x3dv @ 363 found.
 glUniformMatrix2x4dv @ 364 found.
 glUniformMatrix3x2dv @ 365 found.
 glUniformMatrix3x4dv @ 366 found.
 glUniformMatrix4x2dv @ 367 found.
 glUniformMatrix4x3dv @ 368 found.
 glGetUniformdv @ 369 found.
 glGetSubroutineUniformLocation @ 370 found.
 glGetSubroutineIndex @ 371 found.
 glGetActiveSubroutineUniformiv @ 372 found.
 glGetActiveSubroutineUniformName @ 373 found.
 glGetActiveSubroutineName @ 374 found.
 glUniformSubroutinesuiv @ 375 found.
 glGetUniformSubroutineuiv @ 376 found.
 glGetProgramStageiv @ 377 found.
 glPatchParameteri @ 378 found.
 glPatchParameterfv @ 379 found.
 glBindTransformFeedback @ 380 found.
 glDeleteTransformFeedbacks @ 381 found.
 glGenTransformFeedbacks @ 382 found.
 glIsTransformFeedback @ 383 found.
 glPauseTransformFeedback @ 384 found.
 glResumeTransformFeedback @ 385 found.
 glDrawTransformFeedback @ 386 found.
 glDrawTransformFeedbackStream @ 387 found.
 glBeginQueryIndexed @ 388 found.
 glEndQueryIndexed @ 389 found.
 glGetQueryIndexediv @ 390 found.
 glReleaseShaderCompiler @ 391 found.
 glShaderBinary @ 392 found.
 glGetShaderPrecisionFormat @ 393 found.
 glDepthRangef @ 394 found.
 glClearDepthf @ 395 found.
 glGetProgramBinary @ 396 found.
 glProgramBinary @ 397 found.
 glProgramParameteri @ 398 found.
 glUseProgramStages @ 399 found.
 glActiveShaderProgram @ 400 found.
 glCreateShaderProgramv @ 401 found.
 glBindProgramPipeline @ 402 found.
 glDeleteProgramPipelines @ 403 found.
 glGenProgramPipelines @ 404 found.
 glIsProgramPipeline @ 405 found.
 glGetProgramPipelineiv @ 406 found.
 glProgramUniform1i @ 407 found.
 glProgramUniform1iv @ 408 found.
 glProgramUniform1f @ 409 found.
 glProgramUniform1fv @ 410 found.
 glProgramUniform1d @ 411 found.
 glProgramUniform1dv @ 412 found.
 glProgramUniform1ui @ 413 found.
 glProgramUniform1uiv @ 414 found.
 glProgramUniform2i @ 415 found.
 glProgramUniform2iv @ 416 found.
 glProgramUniform2f @ 417 found.
 glProgramUniform2fv @ 418 found.
 glProgramUniform2d @ 419 found.
 glProgramUniform2dv @ 420 found.
 glProgramUniform2ui @ 421 found.
 glProgramUniform2uiv @ 422 found.
 glProgramUniform3i @ 423 found.
 glProgramUniform3iv @ 424 found.
 glProgramUniform3f @ 425 found.
 glProgramUniform3fv @ 426 found.
 glProgramUniform3d @ 427 found.
 glProgramUniform3dv @ 428 found.
 glProgramUniform3ui @ 429 found.
 glProgramUniform3uiv @ 430 found.
 glProgramUniform4i @ 431 found.
 glProgramUniform4iv @ 432 found.
 glProgramUniform4f @ 433 found.
 glProgramUniform4fv @ 434 found.
 glProgramUniform4d @ 435 found.
 glProgramUniform4dv @ 436 found.
 glProgramUniform4ui @ 437 found.
 glProgramUniform4uiv @ 438 found.
 glProgramUniformMatrix2fv @ 439 found.
 glProgramUniformMatrix3fv @ 440 found.
 glProgramUniformMatrix4fv @ 441 found.
 glProgramUniformMatrix2dv @ 442 found.
 glProgramUniformMatrix3dv @ 443 found.
 glProgramUniformMatrix4dv @ 444 found.
 glProgramUniformMatrix2x3fv @ 445 found.
 glProgramUniformMatrix3x2fv @ 446 found.
 glProgramUniformMatrix2x4fv @ 447 found.
 glProgramUniformMatrix4x2fv @ 448 found.
 glProgramUniformMatrix3x4fv @ 449 found.
 glProgramUniformMatrix4x3fv @ 450 found.
 glProgramUniformMatrix2x3dv @ 451 found.
 glProgramUniformMatrix3x2dv @ 452 found.
 glProgramUniformMatrix2x4dv @ 453 found.
 glProgramUniformMatrix4x2dv @ 454 found.
 glProgramUniformMatrix3x4dv @ 455 found.
 glProgramUniformMatrix4x3dv @ 456 found.
 glValidateProgramPipeline @ 457 found.
 glGetProgramPipelineInfoLog @ 458 found.
 glVertexAttribL1d @ 459 found.
 glVertexAttribL2d @ 460 found.
 glVertexAttribL3d @ 461 found.
 glVertexAttribL4d @ 462 found.
 glVertexAttribL1dv @ 463 found.
 glVertexAttribL2dv @ 464 found.
 glVertexAttribL3dv @ 465 found.
 glVertexAttribL4dv @ 466 found.
 glVertexAttribLPointer @ 467 found.
 glGetVertexAttribLdv @ 468 found.
 glViewportArrayv @ 469 found.
 glViewportIndexedf @ 470 found.
 glViewportIndexedfv @ 471 found.
 glScissorArrayv @ 472 found.
 glScissorIndexed @ 473 found.
 glScissorIndexedv @ 474 found.
 glDepthRangeArrayv @ 475 found.
 glDepthRangeIndexed @ 476 found.
 glGetFloati_v @ 477 found.
 glGetDoublei_v @ 478 found.
 glDrawArraysInstancedBaseInstance @ 479 found.
 glDrawElementsInstancedBaseInstance @ 480 found.
 glDrawElementsInstancedBaseVertexBaseInstance @ 481 found.
 glGetInternalformativ @ 482 found.
 glGetActiveAtomicCounterBufferiv @ 483 found.
 glBindImageTexture @ 484 found.
 glMemoryBarrier @ 485 found.
 glTexStorage1D @ 486 found.
 glTexStorage2D @ 487 found.
 glTexStorage3D @ 488 found.
 glDrawTransformFeedbackInstanced @ 489 found.
 glDrawTransformFeedbackStreamInstanced @ 490 found.
 glDispatchCompute @ 493 found.
 glDispatchComputeIndirect @ 494 found.
 glFramebufferParameteri @ 496 found.
 glGetFramebufferParameteriv @ 497 found.
 glGetInternalformati64v @ 498 found.
 glInvalidateFramebuffer @ 503 found.
 glInvalidateSubFramebuffer @ 504 found.
 glMultiDrawArraysIndirect @ 505 found.
 glMultiDrawElementsIndirect @ 506 found.
 glGetProgramInterfaceiv @ 507 found.
 glGetProgramResourceIndex @ 508 found.
 glGetProgramResourceName @ 509 found.
 glGetProgramResourceiv @ 510 found.
 glGetProgramResourceLocation @ 511 found.
 glGetProgramResourceLocationIndex @ 512 found.
 glShaderStorageBlockBinding @ 513 found.
 glTexBufferRange @ 514 found.
 glTexStorage2DMultisample @ 515 found.
 glTexStorage3DMultisample @ 516 found.
 glBindVertexBuffer @ 518 found.
 glVertexAttribFormat @ 519 found.
 glVertexAttribIFormat @ 520 found.
 glVertexAttribLFormat @ 521 found.
 glVertexAttribBinding @ 522 found.
 glVertexBindingDivisor @ 523 found.
 glDebugMessageControl @ 524 found.
 glDebugMessageInsert @ 525 found.
 glDebugMessageCallback @ 526 found.
 glGetDebugMessageLog @ 527 found.
 glPushDebugGroup @ 528 found.
 glPopDebugGroup @ 529 found.
 glObjectLabel @ 530 found.
 glGetObjectLabel @ 531 found.
 glObjectPtrLabel @ 532 found.
 glGetObjectPtrLabel @ 533 found.
 glBufferStorage @ 534 found.
 glClipControl @ 543 found.
 glNamedBufferStorage @ 551 found.
 glTextureBufferRange @ 589 found.
 glTextureParameteri @ 606 found.
 glMemoryBarrierByRegion @ 641 found.
 glGetGraphicsResetStatus @ 644 found.
 glGetnCompressedTexImage @ 645 found.
 glGetnTexImage @ 646 found.
 glGetnUniformdv @ 647 found.
 glGetnUniformfv @ 648 found.
 glGetnUniformiv @ 649 found.
 glGetnUniformuiv @ 650 found.
 glReadnPixels @ 651 found.
 afxDrawDriver.c:77?AfxDrawSystemRegisterDriver(dsys=008131e0,mdle=008140c0,spec=003ae3c4)
 afxClass<afxDrawDriver>::AllocateObjects(1, 003ae2e0, 003ae2f0)
 afxClass<afxDrawDriver>::BuildObjects(1, 003ae2e0, 003ae2d4)
 afxClass<afxDrawDriver>::ConstructObject(02e76ef0)
 afxDrawDriver.c:138?_AfxDdrvCtor(ddrv=02e76ef0)
 afxClass<Draw Context>::Mount(02e76f38, 02e76f24, 00000000, 003adf64)
New draw driver registered.
Name: SIGGL
Author: SIGMA Technology Group
Version: 0.7.2
Note: 
 ad88888ba   88    ,ad8888ba,     ,ad8888ba,   88           
d8"     "8b  88   d8"'    `"8b   d8"'    `"8b  88           
Y8,          88  d8'            d8'            88           
`Y8aaaaa,    88  88             88             88           
  `"""""8b,  88  88      88888  88      88888  88
        `8b  88  Y8,        88  Y8,        88  88           
Y8a     a8P  88   Y8a.    .a88   Y8a.    .a88  88           
 "Y88888P"   88    `"Y88888P"     `"Y88888P"   88888888888  
 Loading draw ICDs...
 afxModule.c:71?AfxSystemAcquireModule(sys=0080f070,uri=e2draw.icd)
 afxModule.c:71?AfxSystemAcquireModule(sys=0080f070,uri=e2newton.icd)
 afxClass<afxModule>::AllocateObjects(1, 003ae48c, 003ae4d4)
 afxClass<afxModule>::BuildObjects(1, 003ae48c, 003ae484)
 afxClass<afxModule>::ConstructObject(00814300)
 afxModule.c:138?_AfxMdleCtor(uri:e2newton.icd)
 afxDrawContext.c:318?AfxDrawSystemAcquireContext(dsys=008131e0,spec=003aec80)
 afxClass<Draw Context>::AllocateObjects(1, 003aeb7c, 003aeb8c)
 afxClass<Draw Context>::BuildObjects(1, 003aeb7c, 003aeb74)
 afxClass<Draw Context>::ConstructObject(02a05d30)
 sglDrawContext.c:270?_AfxDctxCtor(dctx=02a05d30)
 afxClass<afxDrawScript>::Mount(02a06678, 02a05d64, 00000000, 5af9fd74)
 afxClass<afxDrawInput>::Mount(02a06738, 02a05d64, 00000000, 5af9f724)
 afxClass<afxDrawQueue>::Mount(02a067f8, 02a05d64, 00000000, 003ae7e0)
 afxClass<afxBuffer>::Mount(02a05d78, 02a05d64, 00000000, 5af9e020)
 afxClass<afxVertexBuffer>::Mount(02a05e38, 02a05d64, 02a05d78, 003ae7e0)
 afxClass<afxIndexBuffer>::Mount(02a05ef8, 02a05d64, 02a05d78, 003ae7e0)
 afxClass<afxSampler>::Mount(02a05fb8, 02a05d64, 00000000, 5afa4470)
 afxClass<afxTexture>::Mount(02a06078, 02a05d64, 00000000, 5afa4920)
 afxClass<afxSurface>::Mount(02a06138, 02a05d64, 02a06078, 5afa45e8)
 afxClass<afxCanvas>::Mount(02a061f8, 02a05d64, 00000000, 5af9e334)
 afxClass<afxShader>::Mount(02a062b8, 02a05d64, 00000000, 5afa4168)
 afxClass<afxPipelineRig>::Mount(02a06378, 02a05d64, 00000000, 5afa4344)
 afxClass<afxPipeline>::Mount(02a06438, 02a05d64, 00000000, 5afa3d68)
 afxClass<afxDrawOperation>::Mount(02a065b8, 02a05d64, 00000000, 5276dddc)
 afxClass<afxLegoTemplate>::Mount(02a064f8, 02a05d64, 00000000, 5afa3b9c)
 afxClass<afxDrawOutput>::Mount(02a068b8, 02a05d64, 00000000, 5af9f978)
 afxDrawQueue.c:47?AfxDrawContextAcquireQueue(dctx=02a05d30)
 afxClass<afxDrawQueue>::AllocateObjects(1, 003ae6c0, 003ae6dc)
 afxClass<afxDrawQueue>::BuildObjects(1, 003ae6c0, 003ae7d8)
 afxClass<afxDrawQueue>::ConstructObject(02e789d0)
 sglDrawQueue.c:1825?_AfxDqueCtor(dque=02e789d0)
 Uploading draw operation 'data/pipeline/rgbaToRgba.xml'
 afxXml.c:1034?AfxFileSystemLoadXml(uri=data/pipeline/rgbaToRgba.xmlp)
 afxClass<afxXml>::AllocateObjects(1, 003ad9cc, 003ad9dc)
 afxClass<afxXml>::BuildObjects(1, 003ad9cc, 003ad9c4)
 afxClass<afxXml>::ConstructObject(02e74f10)
 afxXml.c:993?_AfxXmlCtor(uri:data/pipeline/rgbaToRgba.xml)
 afxFile.c:272?AfxFileSystemOpenFile(Afx.FileSystem.OpenFile(00810f20,00000001,data/pipeline/rgbaToRgba.xml))
 afxClass<afxFile>::AllocateObjects(1, 003ad664, 003ad674)
 afxClass<afxFile>::BuildObjects(1, 003ad664, 003ad650)
 afxClass<afxFile, afxStream>ConstructingObject(02e83490)
 afxClass<afxStream>::ConstructObject(02e83490)
 afxClass<afxFile>::ConstructObject(02e83490)
 afxClass<afxFile>::DismantleObjects(1, 003ad6c8)
 Destructing instance 02e83490 of afxFile class.
 Destructing instance 02e83490 of afxFile : afxStream class.
 Destructing instance 02e83490 of afxStream class.
 afxClass<afxFile>::DeallocateObjects(1, 003ad6c8)
 afxClass<afxDrawOperation>::AllocateObjects(1, 02e7a0f0, 003ad9b8)
 afxClass<afxDrawOperation>::BuildObjects(1, 02e7a0f0, 003addf4)
 afxClass<afxDrawOperation>::ConstructObject(02a06b30)
 afxDrawOperation.c:560?_AfxDopCtor(dop=02a06b30)
 afxPipeline.c:316?AfxDrawContextBuildPipelines(dctx=02a05d30)
 afxClass<afxPipeline>::AllocateObjects(1, 02ef95f0, 003ad380)
 afxClass<afxPipeline>::BuildObjects(1, 02ef95f0, 003ad460)
 afxClass<afxPipeline>::ConstructObject(008daed0)
 sglPipeline.c:574?_AfxPipCtor(pip=008daed0)
 afxShader.c:461?AfxDrawContextAcquireShaders(dctx=02a05d30,cnt=1,uri=02f4bf50,shd=003acb50)
 Uploading shader 'data/pipeline/rgbaToRgba.xml?vs'
 afxXml.c:1034?AfxFileSystemLoadXml(uri=data/pipeline/rgbaToRgba.xmlp)
 afxClass<afxXml>::AllocateObjects(1, 003ac228, 003ac238)
 afxClass<afxXml>::BuildObjects(1, 003ac228, 003ac220)
 afxClass<afxXml>::ConstructObject(02e74fa0)
 afxXml.c:993?_AfxXmlCtor(uri:data/pipeline/rgbaToRgba.xml)
 afxFile.c:272?AfxFileSystemOpenFile(Afx.FileSystem.OpenFile(00810f20,00000001,data/pipeline/rgbaToRgba.xml))
 afxClass<afxFile>::AllocateObjects(1, 003abec0, 003abed0)
 afxClass<afxFile>::BuildObjects(1, 003abec0, 003abeac)
 afxClass<afxFile, afxStream>ConstructingObject(02e83490)
 afxClass<afxStream>::ConstructObject(02e83490)
 afxClass<afxFile>::ConstructObject(02e83490)
 afxClass<afxFile>::DismantleObjects(1, 003abf24)
 Destructing instance 02e83490 of afxFile class.
 Destructing instance 02e83490 of afxFile : afxStream class.
 Destructing instance 02e83490 of afxStream class.
 afxClass<afxFile>::DeallocateObjects(1, 003abf24)
 afxFile.c:293?AfxFileSystemOpenReadableFile(Afx.FileSystem.OpenReadableFile(00810f20,data/pipeline/stdEnv.inc))
 afxClass<afxFile>::AllocateObjects(1, 003abf0c, 003abf1c)
 afxClass<afxFile>::BuildObjects(1, 003abf0c, 003abef8)
 afxClass<afxFile, afxStream>ConstructingObject(02e83490)
 afxClass<afxStream>::ConstructObject(02e83490)
 afxClass<afxFile>::ConstructObject(02e83490)
 afxClass<afxFile>::DismantleObjects(1, 003abf6c)
 Destructing instance 02e83490 of afxFile class.
 Destructing instance 02e83490 of afxFile : afxStream class.
 Destructing instance 02e83490 of afxStream class.
 afxClass<afxFile>::DeallocateObjects(1, 003abf6c)
 afxShader.c:304?AfxDrawContextBuildShaders(dctx=02a05d30,cnt=1,blueprint=003ac650,shd=003acb50)
 afxClass<afxShader>::AllocateObjects(1, 003acb50, 003ac208)
 afxClass<afxShader>::BuildObjects(1, 003acb50, 003ac650)
 afxClass<afxShader>::ConstructObject(02e784b0)
 sglShader.c:261?_AfxShdCtor(shd=02e784b0)
 #version 330 core // QWADRO. Engineered by SIGMA Technology Group.
        
        layout(location = 0) in vec2 a_xy;

        out block
        {
            vec2 uv0;
        } sgl_v;

        void main()
        {
            gl_Position = vec4(a_xy, 0.0, 1.0);
            sgl_v.uv0 = vec2(gl_Position.xy * 0.5 + 0.5).xy;
        }
       
 afxClass<afxXml>::DismantleObjects(1, 003ac28c)
 Destructing instance 02e74fa0 of afxXml class.
 afxXml.c:972?_AfxXmlDtor(xml=02e74fa0)
 afxClass<afxXml>::DeallocateObjects(1, 003ac28c)
 afxObject<02e784b0>::InstallEventFilter(008daed0)
 afxShader.c:461?AfxDrawContextAcquireShaders(dctx=02a05d30,cnt=1,uri=02f4bf88,shd=003acb50)
 Uploading shader 'data/pipeline/rgbaToRgba.xml?fs'
 afxXml.c:1034?AfxFileSystemLoadXml(uri=data/pipeline/rgbaToRgba.xmlp)
 afxClass<afxXml>::AllocateObjects(1, 003ac228, 003ac238)
 afxClass<afxXml>::BuildObjects(1, 003ac228, 003ac220)
 afxClass<afxXml>::ConstructObject(02e74fa0)
 afxXml.c:993?_AfxXmlCtor(uri:data/pipeline/rgbaToRgba.xml)
 afxFile.c:272?AfxFileSystemOpenFile(Afx.FileSystem.OpenFile(00810f20,00000001,data/pipeline/rgbaToRgba.xml))
 afxClass<afxFile>::AllocateObjects(1, 003abec0, 003abed0)
 afxClass<afxFile>::BuildObjects(1, 003abec0, 003abeac)
 afxClass<afxFile, afxStream>ConstructingObject(02e83490)
 afxClass<afxStream>::ConstructObject(02e83490)
 afxClass<afxFile>::ConstructObject(02e83490)
 afxClass<afxFile>::DismantleObjects(1, 003abf24)
 Destructing instance 02e83490 of afxFile class.
 Destructing instance 02e83490 of afxFile : afxStream class.
 Destructing instance 02e83490 of afxStream class.
 afxClass<afxFile>::DeallocateObjects(1, 003abf24)
 afxFile.c:293?AfxFileSystemOpenReadableFile(Afx.FileSystem.OpenReadableFile(00810f20,data/pipeline/stdEnv.inc))
 afxClass<afxFile>::AllocateObjects(1, 003abf0c, 003abf1c)
 afxClass<afxFile>::BuildObjects(1, 003abf0c, 003abef8)
 afxClass<afxFile, afxStream>ConstructingObject(02e83490)
 afxClass<afxStream>::ConstructObject(02e83490)
 afxClass<afxFile>::ConstructObject(02e83490)
 afxClass<afxFile>::DismantleObjects(1, 003abf6c)
 Destructing instance 02e83490 of afxFile class.
 Destructing instance 02e83490 of afxFile : afxStream class.
 Destructing instance 02e83490 of afxStream class.
 afxClass<afxFile>::DeallocateObjects(1, 003abf6c)
 afxShader.c:304?AfxDrawContextBuildShaders(dctx=02a05d30,cnt=1,blueprint=003ac650,shd=003acb50)
 afxClass<afxShader>::AllocateObjects(1, 003acb50, 003ac208)
 afxClass<afxShader>::BuildObjects(1, 003acb50, 003ac650)
 afxClass<afxShader>::ConstructObject(02e7ac30)
 sglShader.c:261?_AfxShdCtor(shd=02e7ac30)
 #version 330 core // QWADRO. Engineered by SIGMA Technology Group.
        
        uniform sampler2D samp;

        in block
        {
            vec2 uv0;
        } sgl_v;

        out vec4 sgl_rgba;

        void main()
        {
            sgl_rgba = texture(samp, sgl_v.uv0);
        }
       
 afxClass<afxLegoTemplate>::AllocateObjects(1, 003abcfc, 003abd18)
 afxClass<afxLegoTemplate>::BuildObjects(1, 003abcfc, 003abcf0)
 afxClass<afxLegoTemplate>::ConstructObject(02e7a160)
 sglLego.c:199?_AfxLegtCtor(legt=02e7a160)
 afxObject<02e7a160>::InstallEventFilter(02e7ac30)
 afxClass<afxXml>::DismantleObjects(1, 003ac28c)
 Destructing instance 02e74fa0 of afxXml class.
 afxXml.c:972?_AfxXmlDtor(xml=02e74fa0)
 afxClass<afxXml>::DeallocateObjects(1, 003ac28c)
 afxObject<02e7ac30>::InstallEventFilter(008daed0)
 ERR afxObject.c:279?AfxObjectAssert
    
 ERR afxObject.c:279?AfxObjectAssert
    (obj)
    Invalid
 ERR afxObject.c:157?AfxObjectTestFcc
    
 ERR afxObject.c:157?AfxObjectTestFcc
    (obj)
    Invalid
 ERR afxObject.c:204?AfxObjectGetClass
    
 ERR afxObject.c:204?AfxObjectGetClass
    (obj)
    Invalid