
 afxDebug.c:370?AfxAttachDebugTerminal()
      ::::::::  :::       :::     :::     :::::::::  :::::::::   ::::::::      
     :+:    :+: :+:       :+:   :+: :+:   :+:    :+: :+:    :+: :+:    :+:     
     +:+    +:+ +:+       +:+  +:+   +:+  +:+    +:+ +:+    +:+ +:+    +:+     
     +#+    +:+ +#+  +:+  +#+ +#++:++#++: +#+    +:+ +#++:++#:  +#+    +:+     
     +#+  # +#+ +#+ +#+#+ +#+ +#+     +#+ +#+    +#+ +#+    +#+ +#+    +#+     
     #+#   +#+   #+#+# #+#+#  #+#     #+# #+#    #+# #+#    #+# #+#    #+#     
      ###### ###  ###   ###   ###     ### #########  ###    ###  ########      
                                                                               
                  S I G M A   T E C H N O L O G Y   G R O U P                  
                                                                               
                               Public Test Build                               
                           (c) 2017 Federacao SIGMA                            
                                www.sigmaco.org                                
                                                                               
 afxClass<afxSystem>::Mount(50480c10, 00000000, 00000000, 5045f294)
 afxClass<afxSystem>::AllocateObjects(1, 0021f344, 0021f354)
 afxClass<afxSystem>::BuildObjects(1, 0021f344, 00000000)
 afxClass<afxSystem>::ConstructObject(004bf070)
 afxSystem.c:726?_AfxSysCtor(sys=004bf070)
 ADV afxSystem.c:749?_AfxSysCtor
    Memoy page size: 4096
 ADV afxSystem.c:750?_AfxSysCtor
    Logical processor count: 2
 afxClass<afxMemory>::Mount(004bf0bc, 004bf0a4, 00000000, 504639b8)
 afxMemory.c:128?AfxAcquireMemory(strategy=0021e42c,hint="afxSystem.c:766!_AfxSysCtor")
 afxClass<afxMemory>::AllocateObjects(1, 0021e2b0, 0021e2c0)
 afxClass<afxMemory>::BuildObjects(1, 0021e2b0, 0021e2a8)
 afxClass<afxMemory>::ConstructObject(004bac10)
 afxMemory.c:182?_AfxMemCtor(mem=004bac10)
 afxClass<afxThread>::Mount(004bf17c, 004bf0a4, 00000000, 5045f7d8)
 afxClass<afxIoSystem>::Mount(004bf23c, 004bf0a4, 00000000, 50460fa0)
 afxClass<afxIoSystem>::AllocateObjects(1, 0021e294, 0021e2a4)
 afxClass<afxIoSystem>::BuildObjects(1, 0021e294, 0021e3f8)
 afxClass<afxIoSystem>::ConstructObject(004bfde0)
 afxIoSystem.c:683?_AfxIoCtor(io=004bfde0)
 afxArena.c:751?AfxAcquireArena(aren=004bfe2c)
 afxArena.c:752?AfxAcquireArena(spec=00000000,hint="afxIoSystem.c:699!_AfxIoCtor")
 afxClass<afxFile>::Mount(004bfe84, 004bfe14, 00000000, 50460ce4)
 afxClass<afxArchive>::Mount(004bff44, 004bfe14, 004bfe84, 50460680)
 afxClass<afxResource>::Mount(004c00c4, 004bfe14, 00000000, 50462430)
 afxClass<afxUrd>::Mount(004c0004, 004bfe14, 00000000, 50462a10)
 afxIoSystem.c:384?AfxMountStoragePoints(004bfde0,6,0021e608)
 Point "." 5 mounted -> "E:/qwadro/afx".
 Point "system" 5 mounted -> "E:/qwadro/afx/system32".
 Point "sound" 5 mounted -> "E:/qwadro/afx/sound".
 Point "tmp" 7 mounted -> "E:/qwadro/afx/tmp".
 Point "data" 5 mounted -> "E:/qwadro/afx/data".
 Point "art" 5 mounted -> "E:/qwadro/afx/art".
 afxClass<afxModule>::Mount(004bf2fc, 004bf0a4, 00000000, 5045df74)
 afxModule.c:62?AfxAcquireModule(uri=system/e2coree.dll)
 afxClass<afxModule>::AllocateObjects(1, 0021e264, 0021e298)
 afxClass<afxModule>::BuildObjects(1, 0021e264, 0021e540)
 afxClass<afxModule>::ConstructObject(004c4470)
 afxModule.c:130?_AfxMdleCtor(uri:system/e2coree.dll)
 afxClass<afxHid>::Mount(004bf3bc, 004bf0a4, 00000000, 50461720)
 afxClass<afxKeyboard>::Mount(004bf47c, 004bf0a4, 004bf3bc, 5046206c)
 afxClass<afxMouse>::Mount(004bf53c, 004bf0a4, 004bf3bc, 504621ec)
 afxClass<afxDrawSystem>::Mount(004bf5fc, 004bf0a4, 00000000, 50466a1c)
 afxClass<afxApplication>::Mount(004bf6bc, 004bf0a4, 00000000, 5045d000)
 afxKeyboard.c:156?AfxAcquireKeyboard(port=0)
 afxClass<afxKeyboard>::AllocateObjects(1, 0021e2b8, 0021e2c8)
 afxClass<afxKeyboard>::BuildObjects(1, 0021e2b8, 0021e2b4)
 afxClass<afxKeyboard, afxHid>ConstructingObject(004c45a0)
 afxClass<afxHid>::ConstructObject(004c45a0)
 afxHid.c:210?_AfxHidCtor(hid=004c45a0)
 afxClass<afxKeyboard>::ConstructObject(004c45a0)
 afxKeyboard.c:212?_AfxKbdCtor(kbd=004c45a0)
 afxThread.c:966?AfxAcquireThread(spec=0021e3e0,start=00000000,udd=00000000,exec=00000000,hint="null:2221196!¿ÚEPN")
 afxClass<afxThread>::AllocateObjects(1, 004bf85c, 0021e29c)
 afxClass<afxThread>::BuildObjects(1, 004bf85c, 0021e3e0)
 afxClass<afxThread>::ConstructObject(004c4e30)
 afxThread.c:1032?_AfxThrCtor(004c4e30)
 afxThread.c:948?AfxStartThread(thr=004c4e30)
 afxClass<afxDrawSystem>::AllocateObjects(1, 0021f344, 0021f354)
 afxClass<afxDrawSystem>::BuildObjects(1, 0021f344, 0021f430)
 afxClass<afxDrawSystem>::ConstructObject(004c5c30)
 afxDrawSystem.c:407?_AfxDsysCtor(dsys=004c5c30)
 afxClass<afxDrawDriver>::Mount(004c5c78, 004c5c64, 00000000, 50465664)
New texture codec registered.
Name: SIGGL
Author: SIGMA Technology Group
Version: 0.5.1
Note: 
    :::::::::::     :::     :::::::::   ::::::::      :::        
        :+:       :+: :+:   :+:    :+: :+:    :+:   :+: :+:      
        +:+      +:+   +:+  +:+    +:+ +:+         +:+   +:+     
        +#+     +#++:++#++: +#++:++#:  :#:        +#++:++#++:    
        +#+     +#+     +#+ +#+    +#+ +#+   +#+# +#+     +#+    
        #+#     #+#     #+# #+#    #+# #+#    #+# #+#     #+#    
        ###     ###     ### ###    ###  ########  ###     ###    
                                                                 
                      SIGMA Technology Group                     
 Truecolor Targa texture serializer installed!
 afxModule.c:62?AfxAcquireModule(uri=e2draw.icd)
 afxClass<afxModule>::AllocateObjects(1, 0021eeb4, 0021eee8)
 afxClass<afxModule>::BuildObjects(1, 0021eeb4, 0021efb4)
 afxClass<afxModule>::ConstructObject(004c5eb0)
 afxModule.c:130?_AfxMdleCtor(uri:e2draw.icd)
 afxDrawDriver.c:155?AfxRegisterDrawDriver(spec=519c8c40)
 afxClass<afxDrawDriver>::AllocateObjects(1, 0021eeb4, 0021eec4)
 afxClass<afxDrawDriver>::BuildObjects(1, 0021eeb4, 519c8c40)
 afxClass<afxDrawDriver>::ConstructObject(004c7db0)
 afxDrawDriver.c:206?_AfxDdrvCtor(ddrv=004c7db0)
 afxClass<afxDrawThread>::Mount(004c7e00, 004c7dec, 004bf17c, 50466d40)
 afxClass<afxDrawContext>::Mount(004c7ec0, 004c7dec, 00000000, 50464174)
 afxClass<afxDrawOutput>::Mount(004c7f80, 004c7dec, 00000000, 50465b30)
 afxClass<afxDrawInput>::Mount(004c8040, 004c7dec, 00000000, 50465938)
 Listing mem available display devices...

 #0 = Intel(R) HD Graphics (\\.\DISPLAY1) 8000005
 #1 = RDPDD Chained DD (\\.\DISPLAYV1) 200008
 #2 = RDP Encoder Mirror Driver (\\.\DISPLAYV2) 200008
 #3 = RDP Reflector Display Driver (\\.\DISPLAYV3) 200008
 afxDrawThread.c:27?_AfxAcquireDrawThread(ddrv=004c7db0)
 afxClass<afxDrawThread>::AllocateObjects(1, 0021e7fc, 0021e818)
 afxClass<afxDrawThread>::BuildObjects(1, 0021e7fc, 0021e8a0)
 afxClass<afxDrawThread, afxThread>ConstructingObject(004ceb10)
 afxClass<afxThread>::ConstructObject(004ceb10)
 afxThread.c:1032?_AfxThrCtor(004ceb10)
 afxClass<afxDrawThread>::ConstructObject(004ceb10)
 afxDrawThread.c:73?_AfxDthrCtor(dthr=004ceb10)
 sglDrawThread.c:216?_SglDdrvVmtDthrCb(dthr=004ceb10)
 sglDrawDriver.c:1298?_SglCreateCombinedDeviceContext(oglWndClss=004c8200,shareCtx=00000000,phwnd=004cec50,phdc=004cec54,phrc=004cec5c)
 ADV sglDrawThread.c:250?_SglDdrvVmtDthrCb
    677 381 1920 1080 96 96 32 1 36 36 51 60 1 
 ERR sglDrawDriver.c:1091?SglGetPixelFormat
    
 ERR sglDrawDriver.c:1091?SglGetPixelFormat
    
 ERR sglDrawDriver.c:1079?SglDescribePixelFormat
    
 ERR sglDrawDriver.c:1079?SglDescribePixelFormat
    
 sglDrawDriver.c:787?_SglLoadVmt(vmt=004cec60,verMajor=1,verMinor=0)
 glCullFace @ 0 found.
 glFrontFace @ 1 found.
 glHint @ 2 found.
 glLineWidth @ 3 found.
 glPointSize @ 4 found.
 glPolygonMode @ 5 found.
 glScissor @ 6 found.
 glTexParameterf @ 7 found.
 glTexParameterfv @ 8 found.
 glTexParameteri @ 9 found.
 glTexParameteriv @ 10 found.
 glTexImage1D @ 11 found.
 glTexImage2D @ 12 found.
 glDrawBuffer @ 13 found.
 glClear @ 14 found.
 glClearColor @ 15 found.
 glClearStencil @ 16 found.
 glClearDepth @ 17 found.
 glStencilMask @ 18 found.
 glColorMask @ 19 found.
 glDepthMask @ 20 found.
 glDisable @ 21 found.
 glEnable @ 22 found.
 glFinish @ 23 found.
 glFlush @ 24 found.
 glBlendFunc @ 25 found.
 glLogicOp @ 26 found.
 glStencilFunc @ 27 found.
 glStencilOp @ 28 found.
 glDepthFunc @ 29 found.
 glPixelStoref @ 30 found.
 glPixelStorei @ 31 found.
 glReadBuffer @ 32 found.
 glReadPixels @ 33 found.
 glGetBooleanv @ 34 found.
 glGetDoublev @ 35 found.
 glGetError @ 36 found.
 glGetFloatv @ 37 found.
 glGetIntegerv @ 38 found.
 glGetString @ 39 found.
 glGetTexImage @ 40 found.
 glGetTexParameterfv @ 41 found.
 glGetTexParameteriv @ 42 found.
 glGetTexLevelParameterfv @ 43 found.
 glGetTexLevelParameteriv @ 44 found.
 glIsEnabled @ 45 found.
 glDepthRange @ 46 found.
 glViewport @ 47 found.
 sglDrawDriver.c:787?_SglLoadVmt(vmt=004cec60,verMajor=4,verMinor=6)
 glCullFace @ 0 found.
 glFrontFace @ 1 found.
 glHint @ 2 found.
 glLineWidth @ 3 found.
 glPointSize @ 4 found.
 glPolygonMode @ 5 found.
 glScissor @ 6 found.
 glTexParameterf @ 7 found.
 glTexParameterfv @ 8 found.
 glTexParameteri @ 9 found.
 glTexParameteriv @ 10 found.
 glTexImage1D @ 11 found.
 glTexImage2D @ 12 found.
 glDrawBuffer @ 13 found.
 glClear @ 14 found.
 glClearColor @ 15 found.
 glClearStencil @ 16 found.
 glClearDepth @ 17 found.
 glStencilMask @ 18 found.
 glColorMask @ 19 found.
 glDepthMask @ 20 found.
 glDisable @ 21 found.
 glEnable @ 22 found.
 glFinish @ 23 found.
 glFlush @ 24 found.
 glBlendFunc @ 25 found.
 glLogicOp @ 26 found.
 glStencilFunc @ 27 found.
 glStencilOp @ 28 found.
 glDepthFunc @ 29 found.
 glPixelStoref @ 30 found.
 glPixelStorei @ 31 found.
 glReadBuffer @ 32 found.
 glReadPixels @ 33 found.
 glGetBooleanv @ 34 found.
 glGetDoublev @ 35 found.
 glGetError @ 36 found.
 glGetFloatv @ 37 found.
 glGetIntegerv @ 38 found.
 glGetString @ 39 found.
 glGetTexImage @ 40 found.
 glGetTexParameterfv @ 41 found.
 glGetTexParameteriv @ 42 found.
 glGetTexLevelParameterfv @ 43 found.
 glGetTexLevelParameteriv @ 44 found.
 glIsEnabled @ 45 found.
 glDepthRange @ 46 found.
 glViewport @ 47 found.
 glDrawArrays @ 48 found.
 glDrawElements @ 49 found.
 glGetPointerv @ 50 found.
 glPolygonOffset @ 51 found.
 glCopyTexImage1D @ 52 found.
 glCopyTexImage2D @ 53 found.
 glCopyTexSubImage1D @ 54 found.
 glCopyTexSubImage2D @ 55 found.
 glTexSubImage1D @ 56 found.
 glTexSubImage2D @ 57 found.
 glBindTexture @ 58 found.
 glDeleteTextures @ 59 found.
 glGenTextures @ 60 found.
 glIsTexture @ 61 found.
 glDrawRangeElements @ 62 found.
 glTexImage3D @ 63 found.
 glTexSubImage3D @ 64 found.
 glCopyTexSubImage3D @ 65 found.
 glActiveTexture @ 66 found.
 glSampleCoverage @ 67 found.
 glCompressedTexImage3D @ 68 found.
 glCompressedTexImage2D @ 69 found.
 glCompressedTexImage1D @ 70 found.
 glCompressedTexSubImage3D @ 71 found.
 glCompressedTexSubImage2D @ 72 found.
 glCompressedTexSubImage1D @ 73 found.
 glGetCompressedTexImage @ 74 found.
 glBlendFuncSeparate @ 75 found.
 glMultiDrawArrays @ 76 found.
 glMultiDrawElements @ 77 found.
 glPointParameterf @ 78 found.
 glPointParameterfv @ 79 found.
 glPointParameteri @ 80 found.
 glPointParameteriv @ 81 found.
 glBlendColor @ 82 found.
 glBlendEquation @ 83 found.
 glGenQueries @ 84 found.
 glDeleteQueries @ 85 found.
 glIsQuery @ 86 found.
 glBeginQuery @ 87 found.
 glEndQuery @ 88 found.
 glGetQueryiv @ 89 found.
 glGetQueryObjectiv @ 90 found.
 glGetQueryObjectuiv @ 91 found.
 glBindBuffer @ 92 found.
 glDeleteBuffers @ 93 found.
 glGenBuffers @ 94 found.
 glIsBuffer @ 95 found.
 glBufferData @ 96 found.
 glBufferSubData @ 97 found.
 glGetBufferSubData @ 98 found.
 glMapBuffer @ 99 found.
 glUnmapBuffer @ 100 found.
 glGetBufferParameteriv @ 101 found.
 glGetBufferPointerv @ 102 found.
 glBlendEquationSeparate @ 103 found.
 glDrawBuffers @ 104 found.
 glStencilOpSeparate @ 105 found.
 glStencilFuncSeparate @ 106 found.
 glStencilMaskSeparate @ 107 found.
 glAttachShader @ 108 found.
 glBindAttribLocation @ 109 found.
 glCompileShader @ 110 found.
 glCreateProgram @ 111 found.
 glCreateShader @ 112 found.
 glDeleteProgram @ 113 found.
 glDeleteShader @ 114 found.
 glDetachShader @ 115 found.
 glDisableVertexAttribArray @ 116 found.
 glEnableVertexAttribArray @ 117 found.
 glGetActiveAttrib @ 118 found.
 glGetActiveUniform @ 119 found.
 glGetAttachedShaders @ 120 found.
 glGetAttribLocation @ 121 found.
 glGetProgramiv @ 122 found.
 glGetProgramInfoLog @ 123 found.
 glGetShaderiv @ 124 found.
 glGetShaderInfoLog @ 125 found.
 glGetShaderSource @ 126 found.
 glGetUniformLocation @ 127 found.
 glGetUniformfv @ 128 found.
 glGetUniformiv @ 129 found.
 glGetVertexAttribdv @ 130 found.
 glGetVertexAttribfv @ 131 found.
 glGetVertexAttribiv @ 132 found.
 glGetVertexAttribPointerv @ 133 found.
 glIsProgram @ 134 found.
 glIsShader @ 135 found.
 glLinkProgram @ 136 found.
 glShaderSource @ 137 found.
 glUseProgram @ 138 found.
 glUniform1f @ 139 found.
 glUniform2f @ 140 found.
 glUniform3f @ 141 found.
 glUniform4f @ 142 found.
 glUniform1i @ 143 found.
 glUniform2i @ 144 found.
 glUniform3i @ 145 found.
 glUniform4i @ 146 found.
 glUniform1fv @ 147 found.
 glUniform2fv @ 148 found.
 glUniform3fv @ 149 found.
 glUniform4fv @ 150 found.
 glUniform1iv @ 151 found.
 glUniform2iv @ 152 found.
 glUniform3iv @ 153 found.
 glUniform4iv @ 154 found.
 glUniformMatrix2fv @ 155 found.
 glUniformMatrix3fv @ 156 found.
 glUniformMatrix4fv @ 157 found.
 glValidateProgram @ 158 found.
 glVertexAttrib1d @ 159 found.
 glVertexAttrib1dv @ 160 found.
 glVertexAttrib1f @ 161 found.
 glVertexAttrib1fv @ 162 found.
 glVertexAttrib1s @ 163 found.
 glVertexAttrib1sv @ 164 found.
 glVertexAttrib2d @ 165 found.
 glVertexAttrib2dv @ 166 found.
 glVertexAttrib2f @ 167 found.
 glVertexAttrib2fv @ 168 found.
 glVertexAttrib2s @ 169 found.
 glVertexAttrib2sv @ 170 found.
 glVertexAttrib3d @ 171 found.
 glVertexAttrib3dv @ 172 found.
 glVertexAttrib3f @ 173 found.
 glVertexAttrib3fv @ 174 found.
 glVertexAttrib3s @ 175 found.
 glVertexAttrib3sv @ 176 found.
 glVertexAttrib4Nbv @ 177 found.
 glVertexAttrib4Niv @ 178 found.
 glVertexAttrib4Nsv @ 179 found.
 glVertexAttrib4Nub @ 180 found.
 glVertexAttrib4Nubv @ 181 found.
 glVertexAttrib4Nuiv @ 182 found.
 glVertexAttrib4Nusv @ 183 found.
 glVertexAttrib4bv @ 184 found.
 glVertexAttrib4d @ 185 found.
 glVertexAttrib4dv @ 186 found.
 glVertexAttrib4f @ 187 found.
 glVertexAttrib4fv @ 188 found.
 glVertexAttrib4iv @ 189 found.
 glVertexAttrib4s @ 190 found.
 glVertexAttrib4sv @ 191 found.
 glVertexAttrib4ubv @ 192 found.
 glVertexAttrib4uiv @ 193 found.
 glVertexAttrib4usv @ 194 found.
 glVertexAttribPointer @ 195 found.
 glUniformMatrix2x3fv @ 196 found.
 glUniformMatrix3x2fv @ 197 found.
 glUniformMatrix2x4fv @ 198 found.
 glUniformMatrix4x2fv @ 199 found.
 glUniformMatrix3x4fv @ 200 found.
 glUniformMatrix4x3fv @ 201 found.
 glColorMaski @ 202 found.
 glGetBooleani_v @ 203 found.
 glGetIntegeri_v @ 204 found.
 glEnablei @ 205 found.
 glDisablei @ 206 found.
 glIsEnabledi @ 207 found.
 glBeginTransformFeedback @ 208 found.
 glEndTransformFeedback @ 209 found.
 glBindBufferRange @ 210 found.
 glBindBufferBase @ 211 found.
 glTransformFeedbackVaryings @ 212 found.
 glGetTransformFeedbackVarying @ 213 found.
 glClampColor @ 214 found.
 glBeginConditionalRender @ 215 found.
 glEndConditionalRender @ 216 found.
 glVertexAttribIPointer @ 217 found.
 glGetVertexAttribIiv @ 218 found.
 glGetVertexAttribIuiv @ 219 found.
 glVertexAttribI1i @ 220 found.
 glVertexAttribI2i @ 221 found.
 glVertexAttribI3i @ 222 found.
 glVertexAttribI4i @ 223 found.
 glVertexAttribI1ui @ 224 found.
 glVertexAttribI2ui @ 225 found.
 glVertexAttribI3ui @ 226 found.
 glVertexAttribI4ui @ 227 found.
 glVertexAttribI1iv @ 228 found.
 glVertexAttribI2iv @ 229 found.
 glVertexAttribI3iv @ 230 found.
 glVertexAttribI4iv @ 231 found.
 glVertexAttribI1uiv @ 232 found.
 glVertexAttribI2uiv @ 233 found.
 glVertexAttribI3uiv @ 234 found.
 glVertexAttribI4uiv @ 235 found.
 glVertexAttribI4bv @ 236 found.
 glVertexAttribI4sv @ 237 found.
 glVertexAttribI4ubv @ 238 found.
 glVertexAttribI4usv @ 239 found.
 glGetUniformuiv @ 240 found.
 glBindFragDataLocation @ 241 found.
 glGetFragDataLocation @ 242 found.
 glUniform1ui @ 243 found.
 glUniform2ui @ 244 found.
 glUniform3ui @ 245 found.
 glUniform4ui @ 246 found.
 glUniform1uiv @ 247 found.
 glUniform2uiv @ 248 found.
 glUniform3uiv @ 249 found.
 glUniform4uiv @ 250 found.
 glTexParameterIiv @ 251 found.
 glTexParameterIuiv @ 252 found.
 glGetTexParameterIiv @ 253 found.
 glGetTexParameterIuiv @ 254 found.
 glClearBufferiv @ 255 found.
 glClearBufferuiv @ 256 found.
 glClearBufferfv @ 257 found.
 glClearBufferfi @ 258 found.
 glGetStringi @ 259 found.
 glIsRenderbuffer @ 260 found.
 glBindRenderbuffer @ 261 found.
 glDeleteRenderbuffers @ 262 found.
 glGenRenderbuffers @ 263 found.
 glRenderbufferStorage @ 264 found.
 glGetRenderbufferParameteriv @ 265 found.
 glIsFramebuffer @ 266 found.
 glBindFramebuffer @ 267 found.
 glDeleteFramebuffers @ 268 found.
 glGenFramebuffers @ 269 found.
 glCheckFramebufferStatus @ 270 found.
 glFramebufferTexture1D @ 271 found.
 glFramebufferTexture2D @ 272 found.
 glFramebufferTexture3D @ 273 found.
 glFramebufferRenderbuffer @ 274 found.
 glGetFramebufferAttachmentParameteriv @ 275 found.
 glGenerateMipmap @ 276 found.
 glBlitFramebuffer @ 277 found.
 glRenderbufferStorageMultisample @ 278 found.
 glFramebufferTextureLayer @ 279 found.
 glMapBufferRange @ 280 found.
 glFlushMappedBufferRange @ 281 found.
 glBindVertexArray @ 282 found.
 glDeleteVertexArrays @ 283 found.
 glGenVertexArrays @ 284 found.
 glIsVertexArray @ 285 found.
 glDrawArraysInstanced @ 286 found.
 glDrawElementsInstanced @ 287 found.
 glTexBuffer @ 288 found.
 glPrimitiveRestartIndex @ 289 found.
 glCopyBufferSubData @ 290 found.
 glGetUniformIndices @ 291 found.
 glGetActiveUniformsiv @ 292 found.
 glGetActiveUniformName @ 293 found.
 glGetUniformBlockIndex @ 294 found.
 glGetActiveUniformBlockiv @ 295 found.
 glGetActiveUniformBlockName @ 296 found.
 glUniformBlockBinding @ 297 found.
 glDrawElementsBaseVertex @ 298 found.
 glDrawRangeElementsBaseVertex @ 299 found.
 glDrawElementsInstancedBaseVertex @ 300 found.
 glMultiDrawElementsBaseVertex @ 301 found.
 glProvokingVertex @ 302 found.
 glFenceSync @ 303 found.
 glIsSync @ 304 found.
 glDeleteSync @ 305 found.
 glClientWaitSync @ 306 found.
 glWaitSync @ 307 found.
 glGetInteger64v @ 308 found.
 glGetSynciv @ 309 found.
 glGetInteger64i_v @ 310 found.
 glGetBufferParameteri64v @ 311 found.
 glFramebufferTexture @ 312 found.
 glTexImage2DMultisample @ 313 found.
 glTexImage3DMultisample @ 314 found.
 glGetMultisamplefv @ 315 found.
 glSampleMaski @ 316 found.
 glBindFragDataLocationIndexed @ 317 found.
 glGetFragDataIndex @ 318 found.
 glGenSamplers @ 319 found.
 glDeleteSamplers @ 320 found.
 glIsSampler @ 321 found.
 glBindSampler @ 322 found.
 glSamplerParameteri @ 323 found.
 glSamplerParameteriv @ 324 found.
 glSamplerParameterf @ 325 found.
 glSamplerParameterfv @ 326 found.
 glSamplerParameterIiv @ 327 found.
 glSamplerParameterIuiv @ 328 found.
 glGetSamplerParameteriv @ 329 found.
 glGetSamplerParameterIiv @ 330 found.
 glGetSamplerParameterfv @ 331 found.
 glGetSamplerParameterIuiv @ 332 found.
 glQueryCounter @ 333 found.
 glGetQueryObjecti64v @ 334 found.
 glGetQueryObjectui64v @ 335 found.
 glVertexAttribDivisor @ 336 found.
 glVertexAttribP1ui @ 337 found.
 glVertexAttribP1uiv @ 338 found.
 glVertexAttribP2ui @ 339 found.
 glVertexAttribP2uiv @ 340 found.
 glVertexAttribP3ui @ 341 found.
 glVertexAttribP3uiv @ 342 found.
 glVertexAttribP4ui @ 343 found.
 glVertexAttribP4uiv @ 344 found.
 glMinSampleShading @ 345 found.
 glBlendEquationi @ 346 found.
 glBlendEquationSeparatei @ 347 found.
 glBlendFunci @ 348 found.
 glBlendFuncSeparatei @ 349 found.
 glDrawArraysIndirect @ 350 found.
 glDrawElementsIndirect @ 351 found.
 glUniform1d @ 352 found.
 glUniform2d @ 353 found.
 glUniform3d @ 354 found.
 glUniform4d @ 355 found.
 glUniform1dv @ 356 found.
 glUniform2dv @ 357 found.
 glUniform3dv @ 358 found.
 glUniform4dv @ 359 found.
 glUniformMatrix2dv @ 360 found.
 glUniformMatrix3dv @ 361 found.
 glUniformMatrix4dv @ 362 found.
 glUniformMatrix2x3dv @ 363 found.
 glUniformMatrix2x4dv @ 364 found.
 glUniformMatrix3x2dv @ 365 found.
 glUniformMatrix3x4dv @ 366 found.
 glUniformMatrix4x2dv @ 367 found.
 glUniformMatrix4x3dv @ 368 found.
 glGetUniformdv @ 369 found.
 glGetSubroutineUniformLocation @ 370 found.
 glGetSubroutineIndex @ 371 found.
 glGetActiveSubroutineUniformiv @ 372 found.
 glGetActiveSubroutineUniformName @ 373 found.
 glGetActiveSubroutineName @ 374 found.
 glUniformSubroutinesuiv @ 375 found.
 glGetUniformSubroutineuiv @ 376 found.
 glGetProgramStageiv @ 377 found.
 glPatchParameteri @ 378 found.
 glPatchParameterfv @ 379 found.
 glBindTransformFeedback @ 380 found.
 glDeleteTransformFeedbacks @ 381 found.
 glGenTransformFeedbacks @ 382 found.
 glIsTransformFeedback @ 383 found.
 glPauseTransformFeedback @ 384 found.
 glResumeTransformFeedback @ 385 found.
 glDrawTransformFeedback @ 386 found.
 glDrawTransformFeedbackStream @ 387 found.
 glBeginQueryIndexed @ 388 found.
 glEndQueryIndexed @ 389 found.
 glGetQueryIndexediv @ 390 found.
 glReleaseShaderCompiler @ 391 found.
 glShaderBinary @ 392 found.
 glGetShaderPrecisionFormat @ 393 found.
 glDepthRangef @ 394 found.
 glClearDepthf @ 395 found.
 glGetProgramBinary @ 396 found.
 glProgramBinary @ 397 found.
 glProgramParameteri @ 398 found.
 glUseProgramStages @ 399 found.
 glActiveShaderProgram @ 400 found.
 glCreateShaderProgramv @ 401 found.
 glBindProgramPipeline @ 402 found.
 glDeleteProgramPipelines @ 403 found.
 glGenProgramPipelines @ 404 found.
 glIsProgramPipeline @ 405 found.
 glGetProgramPipelineiv @ 406 found.
 glProgramUniform1i @ 407 found.
 glProgramUniform1iv @ 408 found.
 glProgramUniform1f @ 409 found.
 glProgramUniform1fv @ 410 found.
 glProgramUniform1d @ 411 found.
 glProgramUniform1dv @ 412 found.
 glProgramUniform1ui @ 413 found.
 glProgramUniform1uiv @ 414 found.
 glProgramUniform2i @ 415 found.
 glProgramUniform2iv @ 416 found.
 glProgramUniform2f @ 417 found.
 glProgramUniform2fv @ 418 found.
 glProgramUniform2d @ 419 found.
 glProgramUniform2dv @ 420 found.
 glProgramUniform2ui @ 421 found.
 glProgramUniform2uiv @ 422 found.
 glProgramUniform3i @ 423 found.
 glProgramUniform3iv @ 424 found.
 glProgramUniform3f @ 425 found.
 glProgramUniform3fv @ 426 found.
 glProgramUniform3d @ 427 found.
 glProgramUniform3dv @ 428 found.
 glProgramUniform3ui @ 429 found.
 glProgramUniform3uiv @ 430 found.
 glProgramUniform4i @ 431 found.
 glProgramUniform4iv @ 432 found.
 glProgramUniform4f @ 433 found.
 glProgramUniform4fv @ 434 found.
 glProgramUniform4d @ 435 found.
 glProgramUniform4dv @ 436 found.
 glProgramUniform4ui @ 437 found.
 glProgramUniform4uiv @ 438 found.
 glProgramUniformMatrix2fv @ 439 found.
 glProgramUniformMatrix3fv @ 440 found.
 glProgramUniformMatrix4fv @ 441 found.
 glProgramUniformMatrix2dv @ 442 found.
 glProgramUniformMatrix3dv @ 443 found.
 glProgramUniformMatrix4dv @ 444 found.
 glProgramUniformMatrix2x3fv @ 445 found.
 glProgramUniformMatrix3x2fv @ 446 found.
 glProgramUniformMatrix2x4fv @ 447 found.
 glProgramUniformMatrix4x2fv @ 448 found.
 glProgramUniformMatrix3x4fv @ 449 found.
 glProgramUniformMatrix4x3fv @ 450 found.
 glProgramUniformMatrix2x3dv @ 451 found.
 glProgramUniformMatrix3x2dv @ 452 found.
 glProgramUniformMatrix2x4dv @ 453 found.
 glProgramUniformMatrix4x2dv @ 454 found.
 glProgramUniformMatrix3x4dv @ 455 found.
 glProgramUniformMatrix4x3dv @ 456 found.
 glValidateProgramPipeline @ 457 found.
 glGetProgramPipelineInfoLog @ 458 found.
 glVertexAttribL1d @ 459 found.
 glVertexAttribL2d @ 460 found.
 glVertexAttribL3d @ 461 found.
 glVertexAttribL4d @ 462 found.
 glVertexAttribL1dv @ 463 found.
 glVertexAttribL2dv @ 464 found.
 glVertexAttribL3dv @ 465 found.
 glVertexAttribL4dv @ 466 found.
 glVertexAttribLPointer @ 467 found.
 glGetVertexAttribLdv @ 468 found.
 glViewportArrayv @ 469 found.
 glViewportIndexedf @ 470 found.
 glViewportIndexedfv @ 471 found.
 glScissorArrayv @ 472 found.
 glScissorIndexed @ 473 found.
 glScissorIndexedv @ 474 found.
 glDepthRangeArrayv @ 475 found.
 glDepthRangeIndexed @ 476 found.
 glGetFloati_v @ 477 found.
 glGetDoublei_v @ 478 found.
 glDrawArraysInstancedBaseInstance @ 479 found.
 glDrawElementsInstancedBaseInstance @ 480 found.
 glDrawElementsInstancedBaseVertexBaseInstance @ 481 found.
 glGetInternalformativ @ 482 found.
 glGetActiveAtomicCounterBufferiv @ 483 found.
 glBindImageTexture @ 484 found.
 glMemoryBarrier @ 485 found.
 glTexStorage1D @ 486 found.
 glTexStorage2D @ 487 found.
 glTexStorage3D @ 488 found.
 glDrawTransformFeedbackInstanced @ 489 found.
 glDrawTransformFeedbackStreamInstanced @ 490 found.
 glDispatchCompute @ 493 found.
 glDispatchComputeIndirect @ 494 found.
 glFramebufferParameteri @ 496 found.
 glGetFramebufferParameteriv @ 497 found.
 glGetInternalformati64v @ 498 found.
 glInvalidateFramebuffer @ 503 found.
 glInvalidateSubFramebuffer @ 504 found.
 glMultiDrawArraysIndirect @ 505 found.
 glMultiDrawElementsIndirect @ 506 found.
 glGetProgramInterfaceiv @ 507 found.
 glGetProgramResourceIndex @ 508 found.
 glGetProgramResourceName @ 509 found.
 glGetProgramResourceiv @ 510 found.
 glGetProgramResourceLocation @ 511 found.
 glGetProgramResourceLocationIndex @ 512 found.
 glShaderStorageBlockBinding @ 513 found.
 glTexBufferRange @ 514 found.
 glTexStorage2DMultisample @ 515 found.
 glTexStorage3DMultisample @ 516 found.
 glBindVertexBuffer @ 518 found.
 glVertexAttribFormat @ 519 found.
 glVertexAttribIFormat @ 520 found.
 glVertexAttribLFormat @ 521 found.
 glVertexAttribBinding @ 522 found.
 glVertexBindingDivisor @ 523 found.
 glDebugMessageControl @ 524 found.
 glDebugMessageInsert @ 525 found.
 glDebugMessageCallback @ 526 found.
 glGetDebugMessageLog @ 527 found.
 glPushDebugGroup @ 528 found.
 glPopDebugGroup @ 529 found.
 glObjectLabel @ 530 found.
 glGetObjectLabel @ 531 found.
 glObjectPtrLabel @ 532 found.
 glGetObjectPtrLabel @ 533 found.
 glBufferStorage @ 534 found.
 glClipControl @ 543 found.
 glNamedBufferStorage @ 551 found.
 glTextureBufferRange @ 589 found.
 glTextureParameteri @ 606 found.
 glMemoryBarrierByRegion @ 641 found.
 glGetGraphicsResetStatus @ 644 found.
 glGetnCompressedTexImage @ 645 found.
 glGetnTexImage @ 646 found.
 glGetnUniformdv @ 647 found.
 glGetnUniformfv @ 648 found.
 glGetnUniformiv @ 649 found.
 glGetnUniformuiv @ 650 found.
 glReadnPixels @ 651 found.
 afxThread.c:948?AfxStartThread(thr=004ceb10)
New draw driver registered.
Name: 4DGL
Author: SIGMA Technology Group
Version: 0.7.2
Note: 
     .::::         :::::::::         ::::::::        :::        
    :+:+:+         :+:    :+:       :+:    :+:       :+:        
   +:+ +:+         +:+    +:+       +:+              +:+        
  +#+  +:+         +#+    +:+       :#:              +#+        
 +#+#+#+#+#+       +#+    +#+       +#+   +#+#       +#+        
       #+#         #+#    #+#       #+#    #+#       #+#        
       ###         #########         ########        ########## 
 Loading draw ICDs...
 afxModule.c:62?AfxAcquireModule(uri=e2draw.icd)
 afxModule.c:62?AfxAcquireModule(uri=e2newton.icd)
 afxClass<afxModule>::AllocateObjects(1, 0021ecd4, 0021ed08)
 afxClass<afxModule>::BuildObjects(1, 0021ecd4, 0021edac)
 afxClass<afxModule>::ConstructObject(005887f0)
 afxModule.c:130?_AfxMdleCtor(uri:e2newton.icd)
 afxDrawContext.c:524?AfxAcquireDrawContext(spec=0021f3fc)
 afxClass<afxDrawContext>::AllocateObjects(1, 0021f31c, 0021f32c)
 afxClass<afxDrawContext>::BuildObjects(1, 0021f31c, 0021f3fc)
 afxClass<afxDrawContext>::ConstructObject(02ec0470)
 afxDrawContext.c:580?_AfxDctxCtor(dctx=02ec0470)
 afxArena.c:751?AfxAcquireArena(aren=02ec0e88)
 afxArena.c:752?AfxAcquireArena(spec=00000000,hint="afxDrawContext.c:599!_AfxDctxCtor")
 afxClass<afxBuffer>::Mount(02ec0944, 02ec04b0, 00000000, 504682f0)
 afxClass<afxVertexBuffer>::Mount(02ec0a04, 02ec04b0, 02ec0944, 50469a08)
 afxClass<afxIndexBuffer>::Mount(02ec0ac4, 02ec04b0, 02ec0944, 504685bc)
 afxClass<afxSampler>::Mount(02ec0b84, 02ec04b0, 00000000, 504689bc)
 afxClass<afxTexture>::Mount(02ec0c44, 02ec04b0, 00000000, 50469180)
 afxClass<afxSurface>::Mount(02ec0d04, 02ec04b0, 02ec0c44, 50469004)
 afxClass<afxShader>::Mount(02ec0dc4, 02ec04b0, 00000000, 50468bdc)
 afxClass<afxCanvas>::Mount(02ec0644, 02ec04b0, 00000000, 50467110)
 afxClass<afxPipeline>::Mount(02ec0704, 02ec04b0, 00000000, 50467e38)
 afxClass<afxDrawOperation>::Mount(02ec0884, 02ec04b0, 00000000, 50467590)
 afxClass<afxLego>::Mount(02ec07c4, 02ec04b0, 00000000, 50467be4)
 afxClass<afxDrawScript>::Mount(02ec0584, 02ec04b0, 00000000, 504661e0)
 afxClass<afxDrawQueue>::Mount(02ec04c4, 02ec04b0, 00000000, 504660d8)
 afxArena.c:751?AfxAcquireArena(aren=02513310)
 afxArena.c:752?AfxAcquireArena(spec=00000000,hint="afxDrawContext.c:662!_AfxDctxCtor")
 sglDrawContext.c:272?_SglDdrvVmtDctxCb(dctx=02ec0470)
 Uploading draw operation 'data/pipeline/rgbaToRgba.xml'
 afxXml.c:960?AfxLoadXml(uri:data/pipeline/rgbaToRgba.xml)
 afxFile.c:328?AfxOpenFile(00000001,data/pipeline/rgbaToRgba.xml)
 afxClass<afxFile>::AllocateObjects(1, 0021e5b4, 0021e5c4)
 afxClass<afxFile>::BuildObjects(1, 0021e5b4, 0021e5ac)
 afxClass<afxFile>::ConstructObject(0057e400)
 afxStream.c:585?AfxAcquireStream(ios=0057e434,flags=1,start=00000000,len=0)
 afxClass<afxFile>::DismantleObjects(1, 0021e604)
 Destructing instance 0057e400 of afxFile class.
 afxClass<afxFile>::DeallocateObjects(1, 0021e604)
 afxClass<afxDrawOperation>::AllocateObjects(1, 02f68720, 0021e5fc)
 afxClass<afxDrawOperation>::BuildObjects(1, 02f68720, 0021e880)
 afxClass<afxDrawOperation>::ConstructObject(0057e4a0)
 afxDrawOperation.c:667?_AfxDopCtor(dop=0057e4a0)
 afxPipeline.c:365?AfxBuildPipelines(dctx=02ec0470)
 afxClass<afxPipeline>::AllocateObjects(1, 02ee1ce8, 0021dfa8)
 afxClass<afxPipeline>::BuildObjects(1, 02ee1ce8, 0021e09c)
 afxClass<afxPipeline>::ConstructObject(02ed3730)
 afxPipeline.c:437?_AfxPipCtor(pip=02ed3730)
 afxShader.c:535?AfxAcquireShaders(cnt=1,uri=0057e5d0,shd=0021da10)
 Uploading shader 'data/pipeline/rgbaToRgba.xml?vs'
 afxXml.c:960?AfxLoadXml(uri:data/pipeline/rgbaToRgba.xml)
 afxFile.c:328?AfxOpenFile(00000001,data/pipeline/rgbaToRgba.xml)
 afxClass<afxFile>::AllocateObjects(1, 0021d290, 0021d2a0)
 afxClass<afxFile>::BuildObjects(1, 0021d290, 0021d288)
 afxClass<afxFile>::ConstructObject(02ed3a00)
 afxStream.c:585?AfxAcquireStream(ios=02ed3a34,flags=1,start=00000000,len=0)
 afxClass<afxFile>::DismantleObjects(1, 0021d2e0)
 Destructing instance 02ed3a00 of afxFile class.
 afxClass<afxFile>::DeallocateObjects(1, 0021d2e0)
 afxFile.c:348?AfxOpenReadableFile(data/pipeline/stdEnv.inc)
 afxClass<afxFile>::AllocateObjects(1, 0021d07c, 0021d08c)
 afxClass<afxFile>::BuildObjects(1, 0021d07c, 0021d074)
 afxClass<afxFile>::ConstructObject(02ee0e80)
 afxStream.c:585?AfxAcquireStream(ios=02ee0eb4,flags=5,start=00000000,len=0)
 afxClass<afxFile>::DismantleObjects(1, 0021d0cc)
 Destructing instance 02ee0e80 of afxFile class.
 afxClass<afxFile>::DeallocateObjects(1, 0021d0cc)
 afxShader.c:382?AfxBuildShaders(cnt=1,blueprint=0021d5dc,shd=0021da10)
 afxClass<afxShader>::AllocateObjects(1, 0021da10, 0021d2d8)
 afxClass<afxShader>::BuildObjects(1, 0021da10, 0021d5dc)
 afxClass<afxShader>::ConstructObject(0057d1b0)
 afxShader.c:645?_AfxShdCtor(shd=0057d1b0)
 #version 330 core // QWADRO. Engineered by SIGMA Technology Group.

#define afxInt int
#define afxNat uint

#define afxReal float

#define afxV2d vec2
#define afxV3d vec3
#define afxV4d vec4

#define afxM2d mat2
#define afxM3d mat3
#define afxM4d mat4

        
        layout(location = 0) in vec2 a_xy;

        out block
        {
            vec2 uv0;
        } sgl_v;

        void main()
        {
            gl_Position = vec4(a_xy, 0.0, 1.0);
            sgl_v.uv0 = vec2(gl_Position.xy * 0.5 + 0.5).xy;
        }
       
 sglShader.c:136?_AfxShdCtor(shd=0057d1b0)
 afxObject<0057d1b0>::InstallEventFilter(02ed3730)
 afxShader.c:535?AfxAcquireShaders(cnt=1,uri=02ed36a0,shd=0021da10)
 Uploading shader 'data/pipeline/rgbaToRgba.xml?fs'
 afxXml.c:960?AfxLoadXml(uri:data/pipeline/rgbaToRgba.xml)
 afxFile.c:328?AfxOpenFile(00000001,data/pipeline/rgbaToRgba.xml)
 afxClass<afxFile>::AllocateObjects(1, 0021d290, 0021d2a0)
 afxClass<afxFile>::BuildObjects(1, 0021d290, 0021d288)
 afxClass<afxFile>::ConstructObject(02ed3a00)
 afxStream.c:585?AfxAcquireStream(ios=02ed3a34,flags=1,start=00000000,len=0)
 afxClass<afxFile>::DismantleObjects(1, 0021d2e0)
 Destructing instance 02ed3a00 of afxFile class.
 afxClass<afxFile>::DeallocateObjects(1, 0021d2e0)
 afxFile.c:348?AfxOpenReadableFile(data/pipeline/stdEnv.inc)
 afxClass<afxFile>::AllocateObjects(1, 0021d07c, 0021d08c)
 afxClass<afxFile>::BuildObjects(1, 0021d07c, 0021d074)
 afxClass<afxFile>::ConstructObject(02ed3a00)
 afxStream.c:585?AfxAcquireStream(ios=02ed3a34,flags=5,start=00000000,len=0)
 afxClass<afxFile>::DismantleObjects(1, 0021d0cc)
 Destructing instance 02ed3a00 of afxFile class.
 afxClass<afxFile>::DeallocateObjects(1, 0021d0cc)
 afxShader.c:382?AfxBuildShaders(cnt=1,blueprint=0021d5dc,shd=0021da10)
 afxClass<afxShader>::AllocateObjects(1, 0021da10, 0021d2d8)
 afxClass<afxShader>::BuildObjects(1, 0021da10, 0021d5dc)
 afxClass<afxShader>::ConstructObject(02ed2440)
 afxShader.c:645?_AfxShdCtor(shd=02ed2440)
 #version 330 core // QWADRO. Engineered by SIGMA Technology Group.

#define afxInt int
#define afxNat uint

#define afxReal float

#define afxV2d vec2
#define afxV3d vec3
#define afxV4d vec4

#define afxM2d mat2
#define afxM3d mat3
#define afxM4d mat4

        
        uniform sampler2D samp;

        in block
        {
            vec2 uv0;
        } sgl_v;

        out vec4 sgl_rgba;

        void main()
        {
            sgl_rgba = texture(samp, sgl_v.uv0);
        }
       
 sglShader.c:136?_AfxShdCtor(shd=02ed2440)
 afxObject<02ed2440>::InstallEventFilter(02ed3730)
 afxLego.c:202?AfxBuildLegos(dctx=02ec0470)
 ERR afxDrawContext.c:171?AfxGetLegoClass
    
 ERR afxDrawContext.c:171?AfxGetLegoClass
    (var_)
    Invalid
 afxClass<afxLego>::AllocateObjects(1, 02edf074, 0021d858)
 afxClass<afxLego>::BuildObjects(1, 02edf074, 0021dbcc)
 afxClass<afxLego>::ConstructObject(02ee0f10)
 afxLego.c:259?_AfxLegtCtor(legt=02ee0f10)
 sglPipeline.c:295?_AfxPipCtor(pip=02ed3730)
 afxPipeline.c:365?AfxBuildPipelines(dctx=02ec0470)
 afxClass<afxPipeline>::AllocateObjects(1, 02ee1d48, 0021dfa8)
 afxClass<afxPipeline>::BuildObjects(1, 02ee1d48, 0021e09c)
 afxClass<afxPipeline>::ConstructObject(02ec6070)
 afxPipeline.c:437?_AfxPipCtor(pip=02ec6070)
 afxShader.c:535?AfxAcquireShaders(cnt=1,uri=02ed2a10,shd=0021da10)
 Uploading shader 'data/pipeline/rgbaToRgba.xml?vsFlippedY'
 afxXml.c:960?AfxLoadXml(uri:data/pipeline/rgbaToRgba.xml)
 afxFile.c:328?AfxOpenFile(00000001,data/pipeline/rgbaToRgba.xml)
 afxClass<afxFile>::AllocateObjects(1, 0021d290, 0021d2a0)
 afxClass<afxFile>::BuildObjects(1, 0021d290, 0021d288)
 afxClass<afxFile>::ConstructObject(02ed2ab0)
 afxStream.c:585?AfxAcquireStream(ios=02ed2ae4,flags=1,start=00000000,len=0)
 afxClass<afxFile>::DismantleObjects(1, 0021d2e0)
 Destructing instance 02ed2ab0 of afxFile class.
 afxClass<afxFile>::DeallocateObjects(1, 0021d2e0)
 afxFile.c:348?AfxOpenReadableFile(data/pipeline/stdEnv.inc)
 afxClass<afxFile>::AllocateObjects(1, 0021d07c, 0021d08c)
 afxClass<afxFile>::BuildObjects(1, 0021d07c, 0021d074)
 afxClass<afxFile>::ConstructObject(02ed2ab0)
 afxStream.c:585?AfxAcquireStream(ios=02ed2ae4,flags=5,start=00000000,len=0)
 afxClass<afxFile>::DismantleObjects(1, 0021d0cc)
 Destructing instance 02ed2ab0 of afxFile class.
 afxClass<afxFile>::DeallocateObjects(1, 0021d0cc)
 afxShader.c:382?AfxBuildShaders(cnt=1,blueprint=0021d5dc,shd=0021da10)
 afxClass<afxShader>::AllocateObjects(1, 0021da10, 0021d2d8)
 afxClass<afxShader>::BuildObjects(1, 0021da10, 0021d5dc)
 afxClass<afxShader>::ConstructObject(02ed2ab0)
 afxShader.c:645?_AfxShdCtor(shd=02ed2ab0)
 #version 330 core // QWADRO. Engineered by SIGMA Technology Group.

#define afxInt int
#define afxNat uint

#define afxReal float

#define afxV2d vec2
#define afxV3d vec3
#define afxV4d vec4

#define afxM2d mat2
#define afxM3d mat3
#define afxM4d mat4

        
        const mat4 m = mat4(1, 0, 0, 0, 0, -1, 0, 0, 0, 0, 1, 0, 0, 0, 0, 1);
        
        layout(location = 0) in vec2 a_xy;
        
        out block
        {
            vec2 uv0;
        } sgl_v;

        void main()
        {
            gl_Position = vec4(a_xy, 0.0, 1.0);
            sgl_v.uv0 = vec2(m * vec4(gl_Position.xy * 0.5 + 0.5, 0, 1)).xy;
        }
       
 sglShader.c:136?_AfxShdCtor(shd=02ed2ab0)
 afxObject<02ed2ab0>::InstallEventFilter(02ec6070)
 afxShader.c:535?AfxAcquireShaders(cnt=1,uri=02ed36a0,shd=0021da10)
 Uploading shader 'data/pipeline/rgbaToRgba.xml?fs'
 afxXml.c:960?AfxLoadXml(uri:data/pipeline/rgbaToRgba.xml)
 afxFile.c:328?AfxOpenFile(00000001,data/pipeline/rgbaToRgba.xml)
 afxClass<afxFile>::AllocateObjects(1, 0021d290, 0021d2a0)
 afxClass<afxFile>::BuildObjects(1, 0021d290, 0021d288)
 afxClass<afxFile>::ConstructObject(02ec6f70)
 afxStream.c:585?AfxAcquireStream(ios=02ec6fa4,flags=1,start=00000000,len=0)
 afxClass<afxFile>::DismantleObjects(1, 0021d2e0)
 Destructing instance 02ec6f70 of afxFile class.
 afxClass<afxFile>::DeallocateObjects(1, 0021d2e0)
 afxFile.c:348?AfxOpenReadableFile(data/pipeline/stdEnv.inc)
 afxClass<afxFile>::AllocateObjects(1, 0021d07c, 0021d08c)
 afxClass<afxFile>::BuildObjects(1, 0021d07c, 0021d074)
 afxClass<afxFile>::ConstructObject(02ec6f70)
 afxStream.c:585?AfxAcquireStream(ios=02ec6fa4,flags=5,start=00000000,len=0)
 afxClass<afxFile>::DismantleObjects(1, 0021d0cc)
 Destructing instance 02ec6f70 of afxFile class.
 afxClass<afxFile>::DeallocateObjects(1, 0021d0cc)
 afxShader.c:382?AfxBuildShaders(cnt=1,blueprint=0021d5dc,shd=0021da10)
 afxClass<afxShader>::AllocateObjects(1, 0021da10, 0021d2d8)
 afxClass<afxShader>::BuildObjects(1, 0021da10, 0021d5dc)
 afxClass<afxShader>::ConstructObject(02ec6f70)
 afxShader.c:645?_AfxShdCtor(shd=02ec6f70)
 #version 330 core // QWADRO. Engineered by SIGMA Technology Group.

#define afxInt int
#define afxNat uint

#define afxReal float

#define afxV2d vec2
#define afxV3d vec3
#define afxV4d vec4

#define afxM2d mat2
#define afxM3d mat3
#define afxM4d mat4

        
        uniform sampler2D samp;

        in block
        {
            vec2 uv0;
        } sgl_v;

        out vec4 sgl_rgba;

        void main()
        {
            sgl_rgba = texture(samp, sgl_v.uv0);
        }
       
 sglShader.c:136?_AfxShdCtor(shd=02ec6f70)
 afxObject<02ec6f70>::InstallEventFilter(02ec6070)
 afxLego.c:202?AfxBuildLegos(dctx=02ec0470)
 ERR afxDrawContext.c:171?AfxGetLegoClass
    
 ERR afxDrawContext.c:171?AfxGetLegoClass
    (var_)
    Invalid
 afxClass<afxLego>::AllocateObjects(1, 02edf2b4, 0021d858)
 afxClass<afxLego>::BuildObjects(1, 02edf2b4, 0021dbcc)
 afxClass<afxLego>::ConstructObject(02ed3a00)
 afxLego.c:259?_AfxLegtCtor(legt=02ed3a00)
 sglPipeline.c:295?_AfxPipCtor(pip=02ec6070)
 afxSampler.c:37?AfxAcquireSamplers(cnt=1,spec=0021edc0,spec=02f68724)
 afxClass<afxSampler>::AllocateObjects(1, 02f68724, 0021eab0)
 afxClass<afxSampler>::BuildObjects(1, 02f68724, 0021edc0)
 afxClass<afxSampler>::ConstructObject(02ed3a90)
 afxSampler.c:95?_AfxSampCtor(samp=02ed3a90)
 sglSampler.c:145?_AfxSmpCtor(smp=02ed3a90)
 afxClass<afxVertexBuffer>::AllocateObjects(1, 02f68728, 0021eb04)
 afxClass<afxVertexBuffer>::BuildObjects(1, 02f68728, 0021eadc)
 afxClass<afxVertexBuffer, afxBuffer>ConstructingObject(02545ec0)
 afxClass<afxBuffer>::ConstructObject(02545ec0)
 afxBuffer.c:231?_AfxBufCtor(buf=02545ec0)
 sglBuffer.c:331?_SglBufCtor(buf=02545ec0)
 afxClass<afxVertexBuffer>::ConstructObject(02545ec0)
 afxVertexBuffer.c:431?_AfxVbufCtor(vbuf=02545ec0)
 afxDrawQueue.c:301?_AfxAcquireDrawQueue(dctx=02ec0470)
 afxClass<afxDrawQueue>::AllocateObjects(1, 0021ee34, 0021ee50)
 afxClass<afxDrawQueue>::BuildObjects(1, 0021ee34, 0021ef5c)
 afxClass<afxDrawQueue>::ConstructObject(02ed3310)
 afxDrawQueue.c:352?_AfxDqueCtor(dque=02ed3310)
 sglDrawQueue.c:1717?_SglDctxVmtDqueCb(dque=02ed3310)
 afxApplication.c:370?AfxAcquireApplication(sys=0021f32c,spec=0101cb66)
 afxClass<afxApplication>::AllocateObjects(1, 0021f338, 0021f348)
 afxClass<afxApplication>::BuildObjects(1, 0021f338, 0021f3cc)
 afxClass<afxApplication>::ConstructObject(02f01170)
 afxApplication.c:421?_AfxAppCtor(app=02f01170)
 afxMouse.c:240?AfxAcquireMouse(port=0)
 afxClass<afxMouse>::AllocateObjects(1, 0021ef48, 0021ef58)
 afxClass<afxMouse>::BuildObjects(1, 0021ef48, 0021ef44)
 afxClass<afxMouse, afxHid>ConstructingObject(02f58d30)
 afxClass<afxHid>::ConstructObject(02f58d30)
 afxHid.c:210?_AfxHidCtor(hid=02f58d30)
 afxClass<afxMouse>::ConstructObject(02f58d30)
 afxMouse.c:295?_AfxMseCtor(mse=02f58d30)
 afxDrawInput.c:214?AfxAcquireDrawInput(spec=0021efec)
 afxClass<afxDrawInput>::AllocateObjects(1, 0021ef2c, 0021ef48)
 afxClass<afxDrawInput>::BuildObjects(1, 0021ef2c, 0021efec)
 afxClass<afxDrawInput>::ConstructObject(004c8960)
 afxDrawInput.c:276?_AfxDinCtor(din=004c8960)
 afxClass<afxWidget>::Mount(02f01248, 02f011a4, 00000000, 5046b5c0)
 afxClass<afxSimulation>::Mount(02f01308, 02f011a4, 00000000, 5046be58)
 afxApplication.c:322?AfxApplicationExecute(app=02f01170)
 Skybox.c:88?AfxEnterApplication(app=02f01170)
 afxIoSystem.c:384?AfxMountStoragePoints(004bfde0,1,0021f14c)
 ERR afxIoSystem.c:411?AfxMountStoragePoints
    
 ERR Skybox.c:102?AfxEnterApplication
    
 ERR Skybox.c:102?AfxEnterApplication
    (rslt == 1)
    Invalid
 afxArchive.c:558?AfxAcquireArchive(Afx.IoSystem.AcquireArchive(1,"art/mnt.zip"))
 afxClass<afxArchive>::AllocateObjects(1, 0021efc0, 0021efd0)
 afxClass<afxArchive>::BuildObjects(1, 0021efc0, 0021efb8)
 afxClass<afxArchive, afxFile>ConstructingObject(02ed33e0)
 afxClass<afxFile>::ConstructObject(02ed33e0)
 afxStream.c:585?AfxAcquireStream(ios=02ed3414,flags=5,start=00000000,len=0)
 afxClass<afxArchive>::ConstructObject(02ed33e0)
 afxArchive.c:604?_AfxArcCtor(arc=02ed33e0)
 signature: 0x6054B50
 diskNumber: 0
 centralDirectoryDiskNumber: 0
 numEntriesThisDisk: 2
 numEntries: 2
 centralDirectorySize: 185 0xb9
 centralDirectoryOffset: 514621 0x7da3d
 zipCommentLength: 0
 Archived item 0 -> 514621 0x7da3d
 signature: 33639248 0x2014b50
 versionMadeBy: 63 0x3f
 versionNeededToExtract: 20 0x14
 generalPurposeBitFlag: 0 0
 compressionMethod: 0 0
 lastModFileTime: 1350 0x546
 lastModFileDate: 22171 0x569b
 crc32: 0
 compressedSize: 0
 uncompressedSize: 0
 fileNameLength: 4
 textraFieldLength: 36
 fileCommentLength: 0
 diskNumberStart: 0
 internalFileAttributes: 0
 externalFileAttributes: 0x10
 relativeOffsetOflocalHeader: 0 0
 Archived item 0, 34 0x22
 2023/04/27 00:42:12 #0000 art/
 Archived item 1 -> 514707 0x7da93
 signature: 33639248 0x2014b50
 versionMadeBy: 63 0x3f
 versionNeededToExtract: 10 0xa
 generalPurposeBitFlag: 0 0
 compressionMethod: 0 0
 lastModFileTime: 1423 0x58f
 lastModFileDate: 22171 0x569b
 crc32: 0x594b0260
 compressedSize: 514540
 uncompressedSize: 514540
 fileNameLength: 17
 textraFieldLength: 36
 fileCommentLength: 0
 diskNumberStart: 0
 internalFileAttributes: 0
 externalFileAttributes: 0x20
 relativeOffsetOflocalHeader: 34 0x22
 Archived item 1, 81 0x51
 2023/04/27 00:44:30 #0001 art/worldtest.tga
 afxStream.c:585?AfxAcquireStream(ios=0021f0e0,flags=7,start=00000000,len=514540)
 ERR afxArchive.c:461?AfxOpenArchiveItem
    
 afxFile.c:328?AfxOpenFile(00000002,tmp/worldtest.tga)
 afxClass<afxFile>::AllocateObjects(1, 0021ee98, 0021eea8)
 afxClass<afxFile>::BuildObjects(1, 0021ee98, 0021ee90)
 afxClass<afxFile>::ConstructObject(0441dd20)
 afxStream.c:585?AfxAcquireStream(ios=0441dd54,flags=2,start=00000000,len=0)
 afxClass<afxFile>::DismantleObjects(1, 0021eee8)
 Destructing instance 0441dd20 of afxFile class.
 afxClass<afxFile>::DeallocateObjects(1, 0021eee8)
 afxSimulation.c:398?AfxApplicationAcquireSimulation(app=02f01170,bounding=[[0.000000,0.000000,0.000000,1.000000],[0.000000,0.000000,0.000000,1.000000]])
 afxClass<afxSimulation>::AllocateObjects(1, 0021ef88, 0021ef98)
 afxClass<afxSimulation>::BuildObjects(1, 0021ef88, 0021ef80)
 afxClass<afxSimulation>::ConstructObject(0441e060)
 afxSimulation.c:319?_AfxSimCtor(sim=0441e060)
 afxMemory.c:128?AfxAcquireMemory(strategy=0021ec1c,hint="afxSimulation.c:338!_AfxSimCtor")
 afxClass<afxMemory>::AllocateObjects(1, 0021eb18, 0021eb28)
 afxClass<afxMemory>::BuildObjects(1, 0021eb18, 0021eb10)
 afxClass<afxMemory>::ConstructObject(02ec0f50)
 afxMemory.c:182?_AfxMemCtor(mem=02ec0f50)
 afxClass<afxMaterial>::Mount(0441e468, 0441e094, 00000000, 5046c5b0)
 afxClass<afxMesh>::Mount(0441e528, 0441e094, 00000000, 5046c8d0)
 afxClass<afxNode>::Mount(0441e768, 0441e094, 00000000, 5046ba10)
 afxClass<afxSkeleton>::Mount(0441e6a8, 0441e094, 00000000, 5046d3d8)
 afxClass<afxModel>::Mount(0441e5e8, 0441e094, 00000000, 5046d164)
 afxClass<afxBody>::Mount(0441e0a8, 0441e094, 00000000, 5046c350)
 afxClass<afxBodyControl>::Mount(0441e168, 0441e094, 00000000, 5046c478)
 afxClass<afxEntity>::Mount(0441e228, 0441e094, 0441e768, 5046b840)
 afxClass<afxCamera>::Mount(0441e2e8, 0441e094, 0441e768, 5046d944)
 afxClass<afxLight>::Mount(0441e3a8, 0441e094, 0441e768, 5046db8c)
 afxClass<afxRenderer>::Mount(0441e828, 0441e094, 00000000, 5046dfd8)
 afxDrawOutput.c:464?AfxAcquireDrawOutput(spec=0021f1c0)
 afxClass<afxDrawOutput>::AllocateObjects(1, 0021efc0, 0021efdc)
 afxClass<afxDrawOutput>::BuildObjects(1, 0021efc0, 0021f1c0)
 afxClass<afxDrawOutput>::ConstructObject(0441ea00)
 afxDrawOutput.c:530?_AfxDoutCtor(dout=0441ea00)
 sglDrawOutput.c:371?_SglDdrvVmtDoutCb(dout=0441ea00,uri=window)
 Extent readjusted. (dout)0441ea00 -> 960 (0.500000 of 1920); 540 (0.500000 of 1080)
 Extent readjusted. (dout)0441ea00 -> 952 (0.495833 of 1920); 513 (0.475000 of 1080)
 afxDrawOutput.c:304?AfxRegenerateDrawOuputBuffers(dout=0441ea00)
 afxSurface.c:36?AfxAcquireSurface(fmt=4,whd=[952,513,1],usage=16)
 ADV afxTexture.c:53?AfxAcquireTextureBlueprint
    texb->fcc == AFX_FCC_TEXB
 afxClass<afxSurface>::AllocateObjects(1, 0021e9d8, 0021e9f4)
 afxClass<afxSurface>::BuildObjects(1, 0021e9d8, 0021ea00)
 afxClass<afxSurface, afxTexture>ConstructingObject(02ed4e20)
 afxClass<afxTexture>::ConstructObject(02ed4e20)
 afxTexture.c:1005?_AfxTexCtor(tex=02ed4e20)
 sglTexture.c:989?_SglTexCtor(tex=02ed4e20)
 afxClass<afxSurface>::ConstructObject(02ed4e20)
 afxSurface.c:114?_AfxSurfCtor(surf=02ed4e20)
 sglSurface.c:116?_AfxSurfCtor(surf=02ed4e20)
 afxSurface.c:36?AfxAcquireSurface(fmt=4,whd=[952,513,1],usage=16)
 ADV afxTexture.c:53?AfxAcquireTextureBlueprint
    texb->fcc == AFX_FCC_TEXB
 afxClass<afxSurface>::AllocateObjects(1, 0021e9d8, 0021e9f4)
 afxClass<afxSurface>::BuildObjects(1, 0021e9d8, 0021ea00)
 afxClass<afxSurface, afxTexture>ConstructingObject(02ed4f20)
 afxClass<afxTexture>::ConstructObject(02ed4f20)
 afxTexture.c:1005?_AfxTexCtor(tex=02ed4f20)
 sglTexture.c:989?_SglTexCtor(tex=02ed4f20)
 afxClass<afxSurface>::ConstructObject(02ed4f20)
 afxSurface.c:114?_AfxSurfCtor(surf=02ed4f20)
 sglSurface.c:116?_AfxSurfCtor(surf=02ed4f20)
 afxClass<afxRenderer>::AllocateObjects(1, 002e503c, 0021efe0)
 afxClass<afxRenderer>::BuildObjects(1, 002e503c, 00000000)
 afxClass<afxRenderer>::ConstructObject(0306a980)
 afxRenderer.c:323?_AfxRndCtor(rnd=0306a980)
 afxDrawInput.c:214?AfxAcquireDrawInput(spec=0021e3c8)
 afxClass<afxDrawInput>::AllocateObjects(1, 0021e224, 0021e240)
 afxClass<afxDrawInput>::BuildObjects(1, 0021e224, 0021e3c8)
 afxClass<afxDrawInput>::ConstructObject(004c8a20)
 afxDrawInput.c:276?_AfxDinCtor(din=004c8a20)
 ADV afxTexture.c:53?AfxAcquireTextureBlueprint
    texb->fcc == AFX_FCC_TEXB
 afxTexture.c:814?AfxBuildTextures(cnt=1,blueprint=0021e8b0,tex=0306cae8)
 afxClass<afxTexture>::AllocateObjects(1, 0306cae8, 0021e218)
 afxClass<afxTexture>::BuildObjects(1, 0306cae8, 0021e8b0)
 afxClass<afxTexture>::ConstructObject(02f58e10)
 afxTexture.c:1005?_AfxTexCtor(tex=02f58e10)
 sglTexture.c:989?_SglTexCtor(tex=02f58e10)
 afxFile.c:328?AfxOpenFile(00000001,art/skybox/day/right.tga)
 afxClass<afxFile>::AllocateObjects(1, 0021da60, 0021da70)
 afxClass<afxFile>::BuildObjects(1, 0021da60, 0021da58)
 afxClass<afxFile>::ConstructObject(02ed5130)
 afxStream.c:585?AfxAcquireStream(ios=02ed5164,flags=1,start=00000000,len=0)
 afxClass<afxFile>::DismantleObjects(1, 0021dab0)
 Destructing instance 02ed5130 of afxFile class.
 afxClass<afxFile>::DeallocateObjects(1, 0021dab0)
 afxFile.c:328?AfxOpenFile(00000001,art/skybox/day/left.tga)
 afxClass<afxFile>::AllocateObjects(1, 0021da60, 0021da70)
 afxClass<afxFile>::BuildObjects(1, 0021da60, 0021da58)
 afxClass<afxFile>::ConstructObject(02ed5130)
 afxStream.c:585?AfxAcquireStream(ios=02ed5164,flags=1,start=00000000,len=0)
 afxClass<afxFile>::DismantleObjects(1, 0021dab0)
 Destructing instance 02ed5130 of afxFile class.
 afxClass<afxFile>::DeallocateObjects(1, 0021dab0)
 afxFile.c:328?AfxOpenFile(00000001,art/skybox/day/bottom.tga)
 afxClass<afxFile>::AllocateObjects(1, 0021da60, 0021da70)
 afxClass<afxFile>::BuildObjects(1, 0021da60, 0021da58)
 afxClass<afxFile>::ConstructObject(02ed5130)
 afxStream.c:585?AfxAcquireStream(ios=02ed5164,flags=1,start=00000000,len=0)
 afxClass<afxFile>::DismantleObjects(1, 0021dab0)
 Destructing instance 02ed5130 of afxFile class.
 afxClass<afxFile>::DeallocateObjects(1, 0021dab0)
 afxFile.c:328?AfxOpenFile(00000001,art/skybox/day/top.tga)
 afxClass<afxFile>::AllocateObjects(1, 0021da60, 0021da70)
 afxClass<afxFile>::BuildObjects(1, 0021da60, 0021da58)
 afxClass<afxFile>::ConstructObject(02ed5130)
 afxStream.c:585?AfxAcquireStream(ios=02ed5164,flags=1,start=00000000,len=0)
 afxClass<afxFile>::DismantleObjects(1, 0021dab0)
 Destructing instance 02ed5130 of afxFile class.
 afxClass<afxFile>::DeallocateObjects(1, 0021dab0)
 afxFile.c:328?AfxOpenFile(00000001,art/skybox/day/front.tga)
 afxClass<afxFile>::AllocateObjects(1, 0021da60, 0021da70)
 afxClass<afxFile>::BuildObjects(1, 0021da60, 0021da58)
 afxClass<afxFile>::ConstructObject(02ed5130)
 afxStream.c:585?AfxAcquireStream(ios=02ed5164,flags=1,start=00000000,len=0)
 afxClass<afxFile>::DismantleObjects(1, 0021dab0)
 Destructing instance 02ed5130 of afxFile class.
 afxClass<afxFile>::DeallocateObjects(1, 0021dab0)
 afxFile.c:328?AfxOpenFile(00000001,art/skybox/day/back.tga)
 afxClass<afxFile>::AllocateObjects(1, 0021da60, 0021da70)
 afxClass<afxFile>::BuildObjects(1, 0021da60, 0021da58)
 afxClass<afxFile>::ConstructObject(02ed5130)
 afxStream.c:585?AfxAcquireStream(ios=02ed5164,flags=1,start=00000000,len=0)
 afxClass<afxFile>::DismantleObjects(1, 0021dab0)
 Destructing instance 02ed5130 of afxFile class.
 afxClass<afxFile>::DeallocateObjects(1, 0021dab0)
 afxClass<afxVertexBuffer>::AllocateObjects(1, 0306cae4, 0021e1f4)
 afxClass<afxVertexBuffer>::BuildObjects(1, 0306cae4, 0021e1cc)
 afxClass<afxVertexBuffer, afxBuffer>ConstructingObject(02ed5010)
 afxClass<afxBuffer>::ConstructObject(02ed5010)
 afxBuffer.c:231?_AfxBufCtor(buf=02ed5010)
 sglBuffer.c:331?_SglBufCtor(buf=02ed5010)
 afxClass<afxVertexBuffer>::ConstructObject(02ed5010)
 afxVertexBuffer.c:431?_AfxVbufCtor(vbuf=02ed5010)
 Uploading draw operation 'data/pipeline/skybox.xml'
 afxXml.c:960?AfxLoadXml(uri:data/pipeline/skybox.xml)
 afxFile.c:328?AfxOpenFile(00000001,data/pipeline/skybox.xml)
 afxClass<afxFile>::AllocateObjects(1, 0021dca4, 0021dcb4)
 afxClass<afxFile>::BuildObjects(1, 0021dca4, 0021dc9c)
 afxClass<afxFile>::ConstructObject(02ed50e0)
 afxStream.c:585?AfxAcquireStream(ios=02ed5114,flags=1,start=00000000,len=0)
 afxClass<afxFile>::DismantleObjects(1, 0021dcf4)
 Destructing instance 02ed50e0 of afxFile class.
 afxClass<afxFile>::DeallocateObjects(1, 0021dcf4)
 afxClass<afxDrawOperation>::AllocateObjects(1, 0306cb10, 0021dcec)
 afxClass<afxDrawOperation>::BuildObjects(1, 0306cb10, 0021df70)
 afxClass<afxDrawOperation>::ConstructObject(02ed3b90)
 afxDrawOperation.c:667?_AfxDopCtor(dop=02ed3b90)
 afxPipeline.c:365?AfxBuildPipelines(dctx=02ec0470)
 afxClass<afxPipeline>::AllocateObjects(1, 02ee15c8, 0021d698)
 afxClass<afxPipeline>::BuildObjects(1, 02ee15c8, 0021d78c)
 afxClass<afxPipeline>::ConstructObject(02ed5da0)
 afxPipeline.c:437?_AfxPipCtor(pip=02ed5da0)
 afxShader.c:535?AfxAcquireShaders(cnt=1,uri=0441ef70,shd=0021d100)
 Uploading shader 'data/pipeline/skybox.xml?vs'
 afxXml.c:960?AfxLoadXml(uri:data/pipeline/skybox.xml)
 afxFile.c:328?AfxOpenFile(00000001,data/pipeline/skybox.xml)
 afxClass<afxFile>::AllocateObjects(1, 0021c980, 0021c990)
 afxClass<afxFile>::BuildObjects(1, 0021c980, 0021c978)
 afxClass<afxFile>::ConstructObject(02ed6c00)
 afxStream.c:585?AfxAcquireStream(ios=02ed6c34,flags=1,start=00000000,len=0)
 afxClass<afxFile>::DismantleObjects(1, 0021c9d0)
 Destructing instance 02ed6c00 of afxFile class.
 afxClass<afxFile>::DeallocateObjects(1, 0021c9d0)
 afxFile.c:348?AfxOpenReadableFile(data/pipeline/stdEnv.inc)
 afxClass<afxFile>::AllocateObjects(1, 0021c76c, 0021c77c)
 afxClass<afxFile>::BuildObjects(1, 0021c76c, 0021c764)
 afxClass<afxFile>::ConstructObject(02ed6c00)
 afxStream.c:585?AfxAcquireStream(ios=02ed6c34,flags=5,start=00000000,len=0)
 afxClass<afxFile>::DismantleObjects(1, 0021c7bc)
 Destructing instance 02ed6c00 of afxFile class.
 afxClass<afxFile>::DeallocateObjects(1, 0021c7bc)
 afxFile.c:348?AfxOpenReadableFile(data/pipeline/stdView.inc)
 afxClass<afxFile>::AllocateObjects(1, 0021c76c, 0021c77c)
 afxClass<afxFile>::BuildObjects(1, 0021c76c, 0021c764)
 afxClass<afxFile>::ConstructObject(02ed6c00)
 afxStream.c:585?AfxAcquireStream(ios=02ed6c34,flags=5,start=00000000,len=0)
 afxClass<afxFile>::DismantleObjects(1, 0021c7bc)
 Destructing instance 02ed6c00 of afxFile class.
 afxClass<afxFile>::DeallocateObjects(1, 0021c7bc)
 afxShader.c:382?AfxBuildShaders(cnt=1,blueprint=0021cccc,shd=0021d100)
 afxClass<afxShader>::AllocateObjects(1, 0021d100, 0021c9c8)
 afxClass<afxShader>::BuildObjects(1, 0021d100, 0021cccc)
 afxClass<afxShader>::ConstructObject(02ed6c00)
 afxShader.c:645?_AfxShdCtor(shd=02ed6c00)
 #version 330 core // QWADRO. Engineered by SIGMA Technology Group.

#define afxInt int
#define afxNat uint

#define afxReal float

#define afxV2d vec2
#define afxV3d vec3
#define afxV4d vec4

#define afxM2d mat2
#define afxM3d mat3
#define afxM4d mat4

layout(std140) uniform sgl_view
{
    mat4 v;
    mat4 iv;
    mat4 p;
    mat4 ip;
    mat4 vp;
    mat4 ivp;
    vec4 viewpoint; // view point
    vec2 viewExtent;

    vec3 starDir;
    vec4 starPos;
    vec4 starKd;
};

        
        layout(location = 0) in vec3 a_xyz;

        out block
        {
            vec3 uvw0;
        } sgl_v;

        void main()
        {
            sgl_v.uvw0 = a_xyz;
            vec4 pos = p * v * vec4(a_xyz, 1.0);
            gl_Position = pos.xyww;
        }
       
 sglShader.c:136?_AfxShdCtor(shd=02ed6c00)
 afxObject<02ed6c00>::InstallEventFilter(02ed5da0)
 afxShader.c:535?AfxAcquireShaders(cnt=1,uri=02ed6b60,shd=0021d100)
 Uploading shader 'data/pipeline/skybox.xml?fs'
 afxXml.c:960?AfxLoadXml(uri:data/pipeline/skybox.xml)
 afxFile.c:328?AfxOpenFile(00000001,data/pipeline/skybox.xml)
 afxClass<afxFile>::AllocateObjects(1, 0021c980, 0021c990)
 afxClass<afxFile>::BuildObjects(1, 0021c980, 0021c978)
 afxClass<afxFile>::ConstructObject(02ed6d50)
 afxStream.c:585?AfxAcquireStream(ios=02ed6d84,flags=1,start=00000000,len=0)
 afxClass<afxFile>::DismantleObjects(1, 0021c9d0)
 Destructing instance 02ed6d50 of afxFile class.
 afxClass<afxFile>::DeallocateObjects(1, 0021c9d0)
 afxFile.c:348?AfxOpenReadableFile(data/pipeline/stdEnv.inc)
 afxClass<afxFile>::AllocateObjects(1, 0021c76c, 0021c77c)
 afxClass<afxFile>::BuildObjects(1, 0021c76c, 0021c764)
 afxClass<afxFile>::ConstructObject(02ed6d50)
 afxStream.c:585?AfxAcquireStream(ios=02ed6d84,flags=5,start=00000000,len=0)
 afxClass<afxFile>::DismantleObjects(1, 0021c7bc)
 Destructing instance 02ed6d50 of afxFile class.
 afxClass<afxFile>::DeallocateObjects(1, 0021c7bc)
 afxShader.c:382?AfxBuildShaders(cnt=1,blueprint=0021cccc,shd=0021d100)
 afxClass<afxShader>::AllocateObjects(1, 0021d100, 0021c9c8)
 afxClass<afxShader>::BuildObjects(1, 0021d100, 0021cccc)
 afxClass<afxShader>::ConstructObject(02ed6d50)
 afxShader.c:645?_AfxShdCtor(shd=02ed6d50)
 #version 330 core // QWADRO. Engineered by SIGMA Technology Group.

#define afxInt int
#define afxNat uint

#define afxReal float

#define afxV2d vec2
#define afxV3d vec3
#define afxV4d vec4

#define afxM2d mat2
#define afxM3d mat3
#define afxM4d mat4

        
        uniform samplerCube samp;

        in block
        {
            vec3 uvw0;
        } sgl_v;

        out vec4 sgl_rgba;

        void main()
        {
            sgl_rgba = texture(samp, sgl_v.uvw0);
        }
       
 sglShader.c:136?_AfxShdCtor(shd=02ed6d50)
 afxObject<02ed6d50>::InstallEventFilter(02ed5da0)
 afxLego.c:202?AfxBuildLegos(dctx=02ec0470)
 ERR afxDrawContext.c:171?AfxGetLegoClass
    
 ERR afxDrawContext.c:171?AfxGetLegoClass
    (var_)
    Invalid
 afxClass<afxLego>::AllocateObjects(1, 02ee11a4, 0021cf48)
 afxClass<afxLego>::BuildObjects(1, 02ee11a4, 0021d2bc)
 afxClass<afxLego>::ConstructObject(02ed6340)
 afxLego.c:259?_AfxLegtCtor(legt=02ed6340)
 sglPipeline.c:295?_AfxPipCtor(pip=02ed5da0)
 afxSampler.c:37?AfxAcquireSamplers(cnt=1,spec=0021e450,spec=0306cb14)
 afxClass<afxSampler>::AllocateObjects(1, 0306cb14, 0021e1a0)
 afxClass<afxSampler>::BuildObjects(1, 0306cb14, 0021e450)
 afxClass<afxSampler>::ConstructObject(02ed50e0)
 afxSampler.c:95?_AfxSampCtor(samp=02ed50e0)
 sglSampler.c:145?_AfxSmpCtor(smp=02ed50e0)
 afxClass<afxBuffer>::AllocateObjects(1, 0306b470, 0021e224)
 afxClass<afxBuffer>::BuildObjects(1, 0306b470, 0021e414)
 afxClass<afxBuffer>::ConstructObject(0441ef70)
 afxBuffer.c:231?_AfxBufCtor(buf=0441ef70)
 sglBuffer.c:331?_SglBufCtor(buf=0441ef70)
 afxClass<afxBuffer>::AllocateObjects(1, 0306b474, 0021e224)
 afxClass<afxBuffer>::BuildObjects(1, 0306b474, 0021e420)
 afxClass<afxBuffer>::ConstructObject(02ed6690)
 afxBuffer.c:231?_AfxBufCtor(buf=02ed6690)
 sglBuffer.c:331?_SglBufCtor(buf=02ed6690)
 afxClass<afxBuffer>::AllocateObjects(1, 0306b478, 0021e224)
 afxClass<afxBuffer>::BuildObjects(1, 0306b478, 0021e42c)
 afxClass<afxBuffer>::ConstructObject(02ed6740)
 afxBuffer.c:231?_AfxBufCtor(buf=02ed6740)
 sglBuffer.c:331?_SglBufCtor(buf=02ed6740)
 afxClass<afxBuffer>::AllocateObjects(1, 0306b47c, 0021e224)
 afxClass<afxBuffer>::BuildObjects(1, 0306b47c, 0021e438)
 afxClass<afxBuffer>::ConstructObject(02ed67e0)
 afxBuffer.c:231?_AfxBufCtor(buf=02ed67e0)
 sglBuffer.c:331?_SglBufCtor(buf=02ed67e0)
 afxClass<afxBuffer>::AllocateObjects(1, 0306bef0, 0021e224)
 afxClass<afxBuffer>::BuildObjects(1, 0306bef0, 0021e414)
 afxClass<afxBuffer>::ConstructObject(02ed6890)
 afxBuffer.c:231?_AfxBufCtor(buf=02ed6890)
 sglBuffer.c:331?_SglBufCtor(buf=02ed6890)
 afxClass<afxBuffer>::AllocateObjects(1, 0306bef4, 0021e224)
 afxClass<afxBuffer>::BuildObjects(1, 0306bef4, 0021e420)
 afxClass<afxBuffer>::ConstructObject(0306d430)
 afxBuffer.c:231?_AfxBufCtor(buf=0306d430)
 sglBuffer.c:331?_SglBufCtor(buf=0306d430)
 afxClass<afxBuffer>::AllocateObjects(1, 0306bef8, 0021e224)
 afxClass<afxBuffer>::BuildObjects(1, 0306bef8, 0021e42c)
 afxClass<afxBuffer>::ConstructObject(0306d4e0)
 afxBuffer.c:231?_AfxBufCtor(buf=0306d4e0)
 sglBuffer.c:331?_SglBufCtor(buf=0306d4e0)
 afxClass<afxBuffer>::AllocateObjects(1, 0306befc, 0021e224)
 afxClass<afxBuffer>::BuildObjects(1, 0306befc, 0021e438)
 afxClass<afxBuffer>::ConstructObject(0306d580)
 afxBuffer.c:231?_AfxBufCtor(buf=0306d580)
 sglBuffer.c:331?_SglBufCtor(buf=0306d580)
 Uploading draw operation 'data/pipeline/body.xml'
 afxXml.c:960?AfxLoadXml(uri:data/pipeline/body.xml)
 afxFile.c:328?AfxOpenFile(00000001,data/pipeline/body.xml)
 afxClass<afxFile>::AllocateObjects(1, 0021dca4, 0021dcb4)
 afxClass<afxFile>::BuildObjects(1, 0021dca4, 0021dc9c)
 afxClass<afxFile>::ConstructObject(0306ded0)
 afxStream.c:585?AfxAcquireStream(ios=0306df04,flags=1,start=00000000,len=0)
 afxClass<afxFile>::DismantleObjects(1, 0021dcf4)
 Destructing instance 0306ded0 of afxFile class.
 afxClass<afxFile>::DeallocateObjects(1, 0021dcf4)
 afxClass<afxDrawOperation>::AllocateObjects(1, 0306cb28, 0021dcec)
 afxClass<afxDrawOperation>::BuildObjects(1, 0306cb28, 0021df70)
 afxClass<afxDrawOperation>::ConstructObject(02ec22e0)
 afxDrawOperation.c:667?_AfxDopCtor(dop=02ec22e0)
 afxPipeline.c:365?AfxBuildPipelines(dctx=02ec0470)
 afxClass<afxPipeline>::AllocateObjects(1, 02edf138, 0021d698)
 afxClass<afxPipeline>::BuildObjects(1, 02edf138, 0021d78c)
 afxClass<afxPipeline>::ConstructObject(0306f590)
 afxPipeline.c:437?_AfxPipCtor(pip=0306f590)
 afxShader.c:535?AfxAcquireShaders(cnt=1,uri=02ec2380,shd=0021d100)
 Uploading shader 'data/pipeline/body.xml?vsRigid'
 afxXml.c:960?AfxLoadXml(uri:data/pipeline/body.xml)
 afxFile.c:328?AfxOpenFile(00000001,data/pipeline/body.xml)
 afxClass<afxFile>::AllocateObjects(1, 0021c980, 0021c990)
 afxClass<afxFile>::BuildObjects(1, 0021c980, 0021c978)
 afxClass<afxFile>::ConstructObject(0306ded0)
 afxStream.c:585?AfxAcquireStream(ios=0306df04,flags=1,start=00000000,len=0)
 afxClass<afxFile>::DismantleObjects(1, 0021c9d0)
 Destructing instance 0306ded0 of afxFile class.
 afxClass<afxFile>::DeallocateObjects(1, 0021c9d0)
 afxFile.c:348?AfxOpenReadableFile(data/pipeline/stdEnv.inc)
 afxClass<afxFile>::AllocateObjects(1, 0021c76c, 0021c77c)
 afxClass<afxFile>::BuildObjects(1, 0021c76c, 0021c764)
 afxClass<afxFile>::ConstructObject(0306ded0)
 afxStream.c:585?AfxAcquireStream(ios=0306df04,flags=5,start=00000000,len=0)
 afxClass<afxFile>::DismantleObjects(1, 0021c7bc)
 Destructing instance 0306ded0 of afxFile class.
 afxClass<afxFile>::DeallocateObjects(1, 0021c7bc)
 afxFile.c:348?AfxOpenReadableFile(data/pipeline/stdView.inc)
 afxClass<afxFile>::AllocateObjects(1, 0021c76c, 0021c77c)
 afxClass<afxFile>::BuildObjects(1, 0021c76c, 0021c764)
 afxClass<afxFile>::ConstructObject(0306ded0)
 afxStream.c:585?AfxAcquireStream(ios=0306df04,flags=5,start=00000000,len=0)
 afxClass<afxFile>::DismantleObjects(1, 0021c7bc)
 Destructing instance 0306ded0 of afxFile class.
 afxClass<afxFile>::DeallocateObjects(1, 0021c7bc)
 afxFile.c:348?AfxOpenReadableFile(data/pipeline/stdObject.inc)
 afxClass<afxFile>::AllocateObjects(1, 0021c76c, 0021c77c)
 afxClass<afxFile>::BuildObjects(1, 0021c76c, 0021c764)
 afxClass<afxFile>::ConstructObject(0306ded0)
 afxStream.c:585?AfxAcquireStream(ios=0306df04,flags=5,start=00000000,len=0)
 afxClass<afxFile>::DismantleObjects(1, 0021c7bc)
 Destructing instance 0306ded0 of afxFile class.
 afxClass<afxFile>::DeallocateObjects(1, 0021c7bc)
 afxShader.c:382?AfxBuildShaders(cnt=1,blueprint=0021cccc,shd=0021d100)
 afxClass<afxShader>::AllocateObjects(1, 0021d100, 0021c9c8)
 afxClass<afxShader>::BuildObjects(1, 0021d100, 0021cccc)
 afxClass<afxShader>::ConstructObject(0306ded0)
 afxShader.c:645?_AfxShdCtor(shd=0306ded0)
 #version 330 core // QWADRO. Engineered by SIGMA Technology Group.

#define afxInt int
#define afxNat uint

#define afxReal float

#define afxV2d vec2
#define afxV3d vec3
#define afxV4d vec4

#define afxM2d mat2
#define afxM3d mat3
#define afxM4d mat4

layout(std140) uniform sgl_view
{
    mat4 v;
    mat4 iv;
    mat4 p;
    mat4 ip;
    mat4 vp;
    mat4 ivp;
    vec4 viewpoint; // view point
    vec2 viewExtent;

    vec3 starDir;
    vec4 starPos;
    vec4 starKd;
};

layout(std140) uniform sgl_obj
{
    int boneCnt;
    mat4 m;
    mat4 w[32];
};

        
        layout (location = 0) in vec4 aPos;
        layout (location = 1) in vec3 aNormal;
        layout (location = 2) in vec2 aUv;

        const vec4 AmbientColour = vec4(0.2, 0.2, 0.2, 0.2);
        
        out block
        {
            vec3 Position;
            vec4 Diffuse;
            vec2 Tex0;
        } sgl_v;

        void main()
        {
            vec3 ObjNormal = vec3(v * inverse(w[0]) * vec4(aNormal, 0));

            gl_Position = p * v * w[0] * aPos;
            sgl_v.Tex0     = aUv;
            sgl_v.Diffuse  = starKd * (dot(ObjNormal, starDir)) + AmbientColour;
        }
       
 sglShader.c:136?_AfxShdCtor(shd=0306ded0)
 afxObject<0306ded0>::InstallEventFilter(0306f590)
 afxShader.c:535?AfxAcquireShaders(cnt=1,uri=02ec32c0,shd=0021d100)
 Uploading shader 'data/pipeline/body.xml?fs'
 afxXml.c:960?AfxLoadXml(uri:data/pipeline/body.xml)
 afxFile.c:328?AfxOpenFile(00000001,data/pipeline/body.xml)
 afxClass<afxFile>::AllocateObjects(1, 0021c980, 0021c990)
 afxClass<afxFile>::BuildObjects(1, 0021c980, 0021c978)
 afxClass<afxFile>::ConstructObject(043b0cc0)
 afxStream.c:585?AfxAcquireStream(ios=043b0cf4,flags=1,start=00000000,len=0)
 afxClass<afxFile>::DismantleObjects(1, 0021c9d0)
 Destructing instance 043b0cc0 of afxFile class.
 afxClass<afxFile>::DeallocateObjects(1, 0021c9d0)
 afxFile.c:348?AfxOpenReadableFile(data/pipeline/stdEnv.inc)
 afxClass<afxFile>::AllocateObjects(1, 0021c76c, 0021c77c)
 afxClass<afxFile>::BuildObjects(1, 0021c76c, 0021c764)
 afxClass<afxFile>::ConstructObject(043b0cc0)
 afxStream.c:585?AfxAcquireStream(ios=043b0cf4,flags=5,start=00000000,len=0)
 afxClass<afxFile>::DismantleObjects(1, 0021c7bc)
 Destructing instance 043b0cc0 of afxFile class.
 afxClass<afxFile>::DeallocateObjects(1, 0021c7bc)
 afxShader.c:382?AfxBuildShaders(cnt=1,blueprint=0021cccc,shd=0021d100)
 afxClass<afxShader>::AllocateObjects(1, 0021d100, 0021c9c8)
 afxClass<afxShader>::BuildObjects(1, 0021d100, 0021cccc)
 afxClass<afxShader>::ConstructObject(043c1e20)
 afxShader.c:645?_AfxShdCtor(shd=043c1e20)
 #version 330 core // QWADRO. Engineered by SIGMA Technology Group.

#define afxInt int
#define afxNat uint

#define afxReal float

#define afxV2d vec2
#define afxV3d vec3
#define afxV4d vec4

#define afxM2d mat2
#define afxM3d mat3
#define afxM4d mat4

        
        uniform sampler2D diffuse_sampler;
        
        in block
        {
            vec3 Position;
            vec4 Diffuse;
            vec2 Tex0;
        } sgl_v;
        
        out vec4 FragColor;
        
        void main()
        {
            FragColor = /*texture( diffuse_sampler, sgl_v.Tex0 ) * */sgl_v.Diffuse;
        }
       
 sglShader.c:136?_AfxShdCtor(shd=043c1e20)
 afxObject<043c1e20>::InstallEventFilter(0306f590)
 afxLego.c:202?AfxBuildLegos(dctx=02ec0470)
 ERR afxDrawContext.c:171?AfxGetLegoClass
    
 ERR afxDrawContext.c:171?AfxGetLegoClass
    (var_)
    Invalid
 afxClass<afxLego>::AllocateObjects(1, 02efd464, 0021cf48)
 afxClass<afxLego>::BuildObjects(1, 02efd464, 0021d2bc)
 afxClass<afxLego>::ConstructObject(02ec24b0)
 afxLego.c:259?_AfxLegtCtor(legt=02ec24b0)
 afxLego.c:202?AfxBuildLegos(dctx=02ec0470)
 ERR afxDrawContext.c:171?AfxGetLegoClass
    
 ERR afxDrawContext.c:171?AfxGetLegoClass
    (var_)
    Invalid
 afxClass<afxLego>::AllocateObjects(1, 02efd470, 0021cf48)
 afxClass<afxLego>::BuildObjects(1, 02efd470, 0021d2fc)
 afxClass<afxLego>::ConstructObject(02ec2540)
 afxLego.c:259?_AfxLegtCtor(legt=02ec2540)
 afxLego.c:202?AfxBuildLegos(dctx=02ec0470)
 ERR afxDrawContext.c:171?AfxGetLegoClass
    
 ERR afxDrawContext.c:171?AfxGetLegoClass
    (var_)
    Invalid
 afxClass<afxLego>::AllocateObjects(1, 02efd47c, 0021cf48)
 afxClass<afxLego>::BuildObjects(1, 02efd47c, 0021d31c)
 afxClass<afxLego>::ConstructObject(02ec25e0)
 afxLego.c:259?_AfxLegtCtor(legt=02ec25e0)
 sglPipeline.c:295?_AfxPipCtor(pip=0306f590)
 afxPipeline.c:365?AfxBuildPipelines(dctx=02ec0470)
 afxClass<afxPipeline>::AllocateObjects(1, 02edef58, 0021d698)
 afxClass<afxPipeline>::BuildObjects(1, 02edef58, 0021d78c)
 afxClass<afxPipeline>::ConstructObject(043c1ee0)
 afxPipeline.c:437?_AfxPipCtor(pip=043c1ee0)
 afxShader.c:535?AfxAcquireShaders(cnt=1,uri=02ec2380,shd=0021d100)
 Uploading shader 'data/pipeline/body.xml?vsSkinned'
 afxXml.c:960?AfxLoadXml(uri:data/pipeline/body.xml)
 afxFile.c:328?AfxOpenFile(00000001,data/pipeline/body.xml)
 afxClass<afxFile>::AllocateObjects(1, 0021c980, 0021c990)
 afxClass<afxFile>::BuildObjects(1, 0021c980, 0021c978)
 afxClass<afxFile>::ConstructObject(043b0cc0)
 afxStream.c:585?AfxAcquireStream(ios=043b0cf4,flags=1,start=00000000,len=0)
 afxClass<afxFile>::DismantleObjects(1, 0021c9d0)
 Destructing instance 043b0cc0 of afxFile class.
 afxClass<afxFile>::DeallocateObjects(1, 0021c9d0)
 afxFile.c:348?AfxOpenReadableFile(data/pipeline/stdEnv.inc)
 afxClass<afxFile>::AllocateObjects(1, 0021c76c, 0021c77c)
 afxClass<afxFile>::BuildObjects(1, 0021c76c, 0021c764)
 afxClass<afxFile>::ConstructObject(043b0cc0)
 afxStream.c:585?AfxAcquireStream(ios=043b0cf4,flags=5,start=00000000,len=0)
 afxClass<afxFile>::DismantleObjects(1, 0021c7bc)
 Destructing instance 043b0cc0 of afxFile class.
 afxClass<afxFile>::DeallocateObjects(1, 0021c7bc)
 afxFile.c:348?AfxOpenReadableFile(data/pipeline/stdView.inc)
 afxClass<afxFile>::AllocateObjects(1, 0021c76c, 0021c77c)
 afxClass<afxFile>::BuildObjects(1, 0021c76c, 0021c764)
 afxClass<afxFile>::ConstructObject(043b06f0)
 afxStream.c:585?AfxAcquireStream(ios=043b0724,flags=5,start=00000000,len=0)
 afxClass<afxFile>::DismantleObjects(1, 0021c7bc)
 Destructing instance 043b06f0 of afxFile class.
 afxClass<afxFile>::DeallocateObjects(1, 0021c7bc)
 afxFile.c:348?AfxOpenReadableFile(data/pipeline/stdObject.inc)
 afxClass<afxFile>::AllocateObjects(1, 0021c76c, 0021c77c)
 afxClass<afxFile>::BuildObjects(1, 0021c76c, 0021c764)
 afxClass<afxFile>::ConstructObject(043b0cc0)
 afxStream.c:585?AfxAcquireStream(ios=043b0cf4,flags=5,start=00000000,len=0)
 afxClass<afxFile>::DismantleObjects(1, 0021c7bc)
 Destructing instance 043b0cc0 of afxFile class.
 afxClass<afxFile>::DeallocateObjects(1, 0021c7bc)
 afxShader.c:382?AfxBuildShaders(cnt=1,blueprint=0021cccc,shd=0021d100)
 afxClass<afxShader>::AllocateObjects(1, 0021d100, 0021c9c8)
 afxClass<afxShader>::BuildObjects(1, 0021d100, 0021cccc)
 afxClass<afxShader>::ConstructObject(043b0cc0)
 afxShader.c:645?_AfxShdCtor(shd=043b0cc0)
 #version 330 core // QWADRO. Engineered by SIGMA Technology Group.

#define afxInt int
#define afxNat uint

#define afxReal float

#define afxV2d vec2
#define afxV3d vec3
#define afxV4d vec4

#define afxM2d mat2
#define afxM3d mat3
#define afxM4d mat4

layout(std140) uniform sgl_view
{
    mat4 v;
    mat4 iv;
    mat4 p;
    mat4 ip;
    mat4 vp;
    mat4 ivp;
    vec4 viewpoint; // view point
    vec2 viewExtent;

    vec3 starDir;
    vec4 starPos;
    vec4 starKd;
};

layout(std140) uniform sgl_obj
{
    int boneCnt;
    mat4 m;
    mat4 w[32];
};

        
        layout (location = 0) in vec3 aPos;
        layout (location = 1) in vec3 aNormal;
        layout (location = 2) in vec2 aUv;
        layout (location = 3) in vec4 aBlendIndices;
        layout (location = 4) in vec4 aBlendWeights;

        out block
        {
            vec3 Position;
            vec4 Diffuse;
            vec2 Tex0;
        } sgl_v;

        const vec4 AmbientColour = vec4(0.2, 0.2, 0.2, 0.2);
        
        void main()
        {
            vec4 InPos     = vec4( aPos, 1 );
            vec4 WorldPos    = 0;
            vec3 WorldNormal = 0;
            
            // We're going to assume that we can transform the normal by the matrix, which is not
            // technically correct unless we're positive there's not a scaling factor involved.

            for( int i = 0; i < 4; ++i )
            {
                mat4 BoneMatrix = w[int(aBlendIndices[i])];
                WorldPos    += (aBlendWeights[i] * vec4( InPos * BoneMatrix ));
                WorldNormal += vec3(vec4(aBlendWeights[i] * vec4( vec4( aNormal, 0 ) * BoneMatrix )));
            }

            vec4 ViewPosL = (WorldPos * v);
            vec4 ClipPos = (ViewPosL * p);
            gl_Position = ClipPos;
            sgl_v.Position   = vec3(ClipPos);
            sgl_v.Tex0    = aUv;
            sgl_v.Diffuse = starKd * (dot(normalize(WorldNormal), starDir)) + AmbientColour;
        }
       
 sglShader.c:136?_AfxShdCtor(shd=043b0cc0)
 afxObject<043b0cc0>::InstallEventFilter(043c1ee0)
 afxShader.c:535?AfxAcquireShaders(cnt=1,uri=02ec32c0,shd=0021d100)
 Uploading shader 'data/pipeline/body.xml?fs'
 afxXml.c:960?AfxLoadXml(uri:data/pipeline/body.xml)
 afxFile.c:328?AfxOpenFile(00000001,data/pipeline/body.xml)
 afxClass<afxFile>::AllocateObjects(1, 0021c980, 0021c990)
 afxClass<afxFile>::BuildObjects(1, 0021c980, 0021c978)
 afxClass<afxFile>::ConstructObject(043b05a0)
 afxStream.c:585?AfxAcquireStream(ios=043b05d4,flags=1,start=00000000,len=0)
 afxClass<afxFile>::DismantleObjects(1, 0021c9d0)
 Destructing instance 043b05a0 of afxFile class.
 afxClass<afxFile>::DeallocateObjects(1, 0021c9d0)
 afxFile.c:348?AfxOpenReadableFile(data/pipeline/stdEnv.inc)
 afxClass<afxFile>::AllocateObjects(1, 0021c76c, 0021c77c)
 afxClass<afxFile>::BuildObjects(1, 0021c76c, 0021c764)
 afxClass<afxFile>::ConstructObject(043b05a0)
 afxStream.c:585?AfxAcquireStream(ios=043b05d4,flags=5,start=00000000,len=0)
 afxClass<afxFile>::DismantleObjects(1, 0021c7bc)
 Destructing instance 043b05a0 of afxFile class.
 afxClass<afxFile>::DeallocateObjects(1, 0021c7bc)
 afxShader.c:382?AfxBuildShaders(cnt=1,blueprint=0021cccc,shd=0021d100)
 afxClass<afxShader>::AllocateObjects(1, 0021d100, 0021c9c8)
 afxClass<afxShader>::BuildObjects(1, 0021d100, 0021cccc)
 afxClass<afxShader>::ConstructObject(043c6240)
 afxShader.c:645?_AfxShdCtor(shd=043c6240)
 #version 330 core // QWADRO. Engineered by SIGMA Technology Group.

#define afxInt int
#define afxNat uint

#define afxReal float

#define afxV2d vec2
#define afxV3d vec3
#define afxV4d vec4

#define afxM2d mat2
#define afxM3d mat3
#define afxM4d mat4

        
        uniform sampler2D diffuse_sampler;
        
        in block
        {
            vec3 Position;
            vec4 Diffuse;
            vec2 Tex0;
        } sgl_v;
        
        out vec4 FragColor;
        
        void main()
        {
            FragColor = /*texture( diffuse_sampler, sgl_v.Tex0 ) * */sgl_v.Diffuse;
        }
       
 sglShader.c:136?_AfxShdCtor(shd=043c6240)
 afxObject<043c6240>::InstallEventFilter(043c1ee0)
 afxLego.c:202?AfxBuildLegos(dctx=02ec0470)
 ERR afxDrawContext.c:171?AfxGetLegoClass
    
 ERR afxDrawContext.c:171?AfxGetLegoClass
    (var_)
    Invalid
 afxClass<afxLego>::AllocateObjects(1, 02efce44, 0021cf48)
 afxClass<afxLego>::BuildObjects(1, 02efce44, 0021d2bc)
 afxClass<afxLego>::ConstructObject(02ec2710)
 afxLego.c:259?_AfxLegtCtor(legt=02ec2710)
 afxLego.c:202?AfxBuildLegos(dctx=02ec0470)
 ERR afxDrawContext.c:171?AfxGetLegoClass
    
 ERR afxDrawContext.c:171?AfxGetLegoClass
    (var_)
    Invalid
 afxClass<afxLego>::AllocateObjects(1, 02efce50, 0021cf48)
 afxClass<afxLego>::BuildObjects(1, 02efce50, 0021d2fc)
 afxClass<afxLego>::ConstructObject(02ec27a0)
 afxLego.c:259?_AfxLegtCtor(legt=02ec27a0)
 afxLego.c:202?AfxBuildLegos(dctx=02ec0470)
 ERR afxDrawContext.c:171?AfxGetLegoClass
    
 ERR afxDrawContext.c:171?AfxGetLegoClass
    (var_)
    Invalid
 afxClass<afxLego>::AllocateObjects(1, 02efce5c, 0021cf48)
 afxClass<afxLego>::BuildObjects(1, 02efce5c, 0021d31c)
 afxClass<afxLego>::ConstructObject(02ec2840)
 afxLego.c:259?_AfxLegtCtor(legt=02ec2840)
 sglPipeline.c:295?_AfxPipCtor(pip=043c1ee0)
 afxCanvas.c:237?AfxBuildCanvases(dctx=02ec0470,cnt=1,blueprint=0021ee70,canv=0306a9e4)
 afxClass<afxCanvas>::AllocateObjects(1, 0306a9e4, 0021ed5c)
 afxClass<afxCanvas>::BuildObjects(1, 0306a9e4, 0021ee70)
 afxClass<afxCanvas>::ConstructObject(043c6300)
 afxCanvas.c:319?_AfxCanvCtor(canv=043c6300)
 afxSurface.c:36?AfxAcquireSurface(fmt=21,whd=[952,513,1],usage=32)
 ADV afxTexture.c:53?AfxAcquireTextureBlueprint
    texb->fcc == AFX_FCC_TEXB
 afxClass<afxSurface>::AllocateObjects(1, 0021e338, 0021e354)
 afxClass<afxSurface>::BuildObjects(1, 0021e338, 0021e360)
 afxClass<afxSurface, afxTexture>ConstructingObject(043b05a0)
 afxClass<afxTexture>::ConstructObject(043b05a0)
 afxTexture.c:1005?_AfxTexCtor(tex=043b05a0)
 sglTexture.c:989?_SglTexCtor(tex=043b05a0)
 afxClass<afxSurface>::ConstructObject(043b05a0)
 afxSurface.c:114?_AfxSurfCtor(surf=043b05a0)
 sglSurface.c:116?_AfxSurfCtor(surf=043b05a0)
 sglCanvas.c:358?_AfxCanvCtor(canv=043c6300)
 afxObject<02ed4e20>::InstallEventFilter(043c6300)
 afxObject<043b05a0>::InstallEventFilter(043c6300)
 afxObject<0441ea00>::InstallEventFilter(043c6300)
 afxCanvas.c:237?AfxBuildCanvases(dctx=02ec0470,cnt=1,blueprint=0021ee70,canv=0306a9e8)
 afxClass<afxCanvas>::AllocateObjects(1, 0306a9e8, 0021ed5c)
 afxClass<afxCanvas>::BuildObjects(1, 0306a9e8, 0021ee70)
 afxClass<afxCanvas>::ConstructObject(043c63b0)
 afxCanvas.c:319?_AfxCanvCtor(canv=043c63b0)
 afxSurface.c:36?AfxAcquireSurface(fmt=21,whd=[952,513,1],usage=32)
 ADV afxTexture.c:53?AfxAcquireTextureBlueprint
    texb->fcc == AFX_FCC_TEXB
 afxClass<afxSurface>::AllocateObjects(1, 0021e338, 0021e354)
 afxClass<afxSurface>::BuildObjects(1, 0021e338, 0021e360)
 afxClass<afxSurface, afxTexture>ConstructingObject(043b0690)
 afxClass<afxTexture>::ConstructObject(043b0690)
 afxTexture.c:1005?_AfxTexCtor(tex=043b0690)
 sglTexture.c:989?_SglTexCtor(tex=043b0690)
 afxClass<afxSurface>::ConstructObject(043b0690)
 afxSurface.c:114?_AfxSurfCtor(surf=043b0690)
 sglSurface.c:116?_AfxSurfCtor(surf=043b0690)
 sglCanvas.c:358?_AfxCanvCtor(canv=043c63b0)
 afxObject<02ed4f20>::InstallEventFilter(043c63b0)
 afxObject<043b0690>::InstallEventFilter(043c63b0)
 afxObject<0441ea00>::InstallEventFilter(043c63b0)
 afxCamera.c:775?AfxSimulationAcquireCamera(sim=0441e060,name=viewer,perspective=1)
 afxClass<afxCamera>::AllocateObjects(1, 0021ee24, 0021ee34)
 afxClass<afxCamera>::BuildObjects(1, 0021ee24, 0021ee40)
 afxClass<afxCamera, afxNode>ConstructingObject(043cf230)
 afxClass<afxNode>::ConstructObject(043cf230)
 afxClass<afxCamera>::ConstructObject(043cf230)
 afxCamera.c:851?_AfxCamCtor(cam=043cf230)
 afxObject<02f58d30>::InstallEventFilter(043cf230)
 afxDrawScript.c:334?AfxAcquireDrawScript(dctx=02ec0470)
 afxClass<afxDrawScript>::AllocateObjects(1, 0021efec, 0021effc)
 afxClass<afxDrawScript>::BuildObjects(1, 0021efec, 0021f064)
 afxClass<afxDrawScript>::ConstructObject(0306fdc0)
 afxDrawScript.c:395?_AfxDscrCtor(dscr=0306fdc0)
 afxArena.c:751?AfxAcquireArena(aren=004c8af4)
 afxArena.c:752?AfxAcquireArena(spec=00000000,hint="sglDrawScript.c:516!_SglDctxVmtDscrCb")
 afxBuffer 02ed6890 hardware-side data instanced.
 sglCanvas.c:56?_SglCanvReinstantiateIdd(canv=043c63b0)
 sglTexture.c:756?_SglTexReinstantiateIdd(tex=02ed4f20)
 afxTexture 02ed4f20 hardware-side data instanced.
 afxSurface 02ed4f20 hardware-side data instanced.
 sglTexture.c:756?_SglTexReinstantiateIdd(tex=043b0690)
 afxTexture 043b0690 hardware-side data instanced.
 afxSurface 043b0690 hardware-side data instanced.
 afxCanvas 043c63b0 hardware-side data instanced.
 afxCanvas 043c63b0 hardware-side data instanced.
 afxShader 02ed6c00 hardware-side data instanced.
 afxShader 02ed6d50 hardware-side data instanced.
 afxPipeline 02ed5da0 hardware-side data instanced.
 sglTexture.c:756?_SglTexReinstantiateIdd(tex=02f58e10)
 afxTexture 02f58e10 hardware-side data instanced.
 afxSampler 02ed50e0 hardware-side data instanced.
 afxBuffer 02ed5010 hardware-side data instanced.
 afxShader 02ed2ab0 hardware-side data instanced.
 afxShader 02ec6f70 hardware-side data instanced.
 afxPipeline 02ec6070 hardware-side data instanced.
 afxBuffer 02545ec0 hardware-side data instanced.
 sglTexture.c:756?_SglTexReinstantiateIdd(tex=02ed4e20)
 afxTexture 02ed4e20 hardware-side data instanced.
 afxSampler 02ed3a90 hardware-side data instanced.
 afxBuffer 0441ef70 hardware-side data instanced.
 sglCanvas.c:56?_SglCanvReinstantiateIdd(canv=043c6300)
 afxSurface 02ed4e20 hardware-side data instanced.
 sglTexture.c:756?_SglTexReinstantiateIdd(tex=043b05a0)
 afxTexture 043b05a0 hardware-side data instanced.
 afxSurface 043b05a0 hardware-side data instanced.
 afxCanvas 043c6300 hardware-side data instanced.
 afxCanvas 043c6300 hardware-side data instanced.
 ERR afxTexture.c:691?AfxReadjustTexture
    
 ERR afxTexture.c:691?AfxReadjustTexture
    (extent[0] != tex->whd[0] || extent[1] != tex->whd[1] || extent[2] != tex->whd[2])
    Invalid
 ERR afxCanvas.c:184?AfxReadjustCanvas
    
 ERR afxTexture.c:691?AfxReadjustTexture
    
 ERR afxTexture.c:691?AfxReadjustTexture
    (extent[0] != tex->whd[0] || extent[1] != tex->whd[1] || extent[2] != tex->whd[2])
    Invalid
 ERR afxCanvas.c:184?AfxReadjustCanvas
    
 Extent readjusted. (dout)0441ea00 -> 952 (0.495833 of 1920); 1009 (0.934259 of 1080)
 sglTexture.c:756?_SglTexReinstantiateIdd(tex=02ed4f20)
 afxTexture 02ed4f20 hardware-side data instanced.
 sglTexture.c:756?_SglTexReinstantiateIdd(tex=02ed4e20)
 afxTexture 02ed4e20 hardware-side data instanced.