
 afxDebug.c:370?AfxAttachDebugTerminal()
      ::::::::  :::       :::     :::     :::::::::  :::::::::   ::::::::      
     :+:    :+: :+:       :+:   :+: :+:   :+:    :+: :+:    :+: :+:    :+:     
     +:+    +:+ +:+       +:+  +:+   +:+  +:+    +:+ +:+    +:+ +:+    +:+     
     +#+    +:+ +#+  +:+  +#+ +#++:++#++: +#+    +:+ +#++:++#:  +#+    +:+     
     +#+  # +#+ +#+ +#+#+ +#+ +#+     +#+ +#+    +#+ +#+    +#+ +#+    +#+     
     #+#   +#+   #+#+# #+#+#  #+#     #+# #+#    #+# #+#    #+# #+#    #+#     
      ###### ###  ###   ###   ###     ### #########  ###    ###  ########      
                                                                               
                  S I G M A   T E C H N O L O G Y   G R O U P                  
                                                                               
                               Public Test Build                               
                           (c) 2017 Federacao SIGMA                            
                                www.sigmaco.org                                
                                                                               
 afxClass<afxSystem>::Mount(77a80c10, 00000000, 00000000, 77a5f224)
 afxClass<afxSystem>::AllocateObjects(1, 002aee24, 002aee34)
 afxClass<afxSystem>::BuildObjects(1, 002aee24, 00000000)
 afxClass<afxSystem>::ConstructObject(0061f070)
 afxSystem.c:726?_AfxSysCtor(sys=0061f070)
 ADV afxSystem.c:746?_AfxSysCtor
    Memoy page size: 4096
 ADV afxSystem.c:747?_AfxSysCtor
    Logical processor count: 2
 afxClass<afxMemory>::Mount(0061f0bc, 0061f0a4, 00000000, 77a639cc)
 afxMemory.c:128?AfxAcquireMemory(strategy=002adf08,hint="afxSystem.c:766!_AfxSysCtor")
 afxClass<afxMemory>::AllocateObjects(1, 002add8c, 002add9c)
 afxClass<afxMemory>::BuildObjects(1, 002add8c, 002add84)
 afxClass<afxMemory>::ConstructObject(0061ac10)
 afxMemory.c:182?_AfxMemCtor(mem=0061ac10)
 afxClass<afxThread>::Mount(0061f17c, 0061f0a4, 00000000, 77a5f788)
 afxClass<afxIoSystem>::Mount(0061f23c, 0061f0a4, 00000000, 77a60fcc)
 afxClass<afxIoSystem>::AllocateObjects(1, 002add70, 002add80)
 afxClass<afxIoSystem>::BuildObjects(1, 002add70, 002aded4)
 afxClass<afxIoSystem>::ConstructObject(0061fdb0)
 afxIoSystem.c:683?_AfxIoCtor(io=0061fdb0)
 afxArena.c:751?AfxAcquireArena(aren=0061fdfc)
 afxArena.c:752?AfxAcquireArena(spec=00000000,hint="afxIoSystem.c:699!_AfxIoCtor")
 afxClass<afxFile>::Mount(0061fe54, 0061fde4, 00000000, 77a60d10)
 afxClass<afxArchive>::Mount(0061ff14, 0061fde4, 0061fe54, 77a606ac)
 afxClass<afxResource>::Mount(00620094, 0061fde4, 00000000, 77a6245c)
 afxClass<afxUrd>::Mount(0061ffd4, 0061fde4, 00000000, 77a62a3c)
 afxIoSystem.c:384?AfxMountStoragePoints(0061fdb0,6,002ae0e4)
 Point "." 5 mounted -> "E:/qwadro/afx".
 Point "system" 5 mounted -> "E:/qwadro/afx/system32".
 Point "sound" 5 mounted -> "E:/qwadro/afx/sound".
 Point "tmp" 7 mounted -> "E:/qwadro/afx/tmp".
 Point "data" 5 mounted -> "E:/qwadro/afx/data".
 Point "art" 5 mounted -> "E:/qwadro/afx/art".
 afxClass<afxModule>::Mount(0061f2fc, 0061f0a4, 00000000, 77a5defc)
 afxModule.c:62?AfxAcquireModule(uri=system/e2coree.dll)
 afxClass<afxModule>::AllocateObjects(1, 002add40, 002add74)
 afxClass<afxModule>::BuildObjects(1, 002add40, 002ae01c)
 afxClass<afxModule>::ConstructObject(00624460)
 afxModule.c:130?_AfxMdleCtor(uri:system/e2coree.dll)
 afxClass<afxHid>::Mount(0061f3bc, 0061f0a4, 00000000, 77a6174c)
 afxClass<afxKeyboard>::Mount(0061f47c, 0061f0a4, 0061f3bc, 77a62098)
 afxClass<afxMouse>::Mount(0061f53c, 0061f0a4, 0061f3bc, 77a62218)
 afxClass<afxDrawSystem>::Mount(0061f5fc, 0061f0a4, 00000000, 77a66a3c)
 afxClass<afxApplication>::Mount(0061f6bc, 0061f0a4, 0061f17c, 77a5d000)
 afxKeyboard.c:156?AfxAcquireKeyboard(port=0)
 afxClass<afxKeyboard>::AllocateObjects(1, 002add94, 002adda4)
 afxClass<afxKeyboard>::BuildObjects(1, 002add94, 002add90)
 afxClass<afxKeyboard, afxHid>ConstructingObject(00624590)
 afxClass<afxHid>::ConstructObject(00624590)
 afxHid.c:210?_AfxHidCtor(hid=00624590)
 afxClass<afxKeyboard>::ConstructObject(00624590)
 afxKeyboard.c:212?_AfxKbdCtor(kbd=00624590)
 afxThread.c:1126?AfxAcquireThread(spec=002adec8,hint="afxSystem.c:890!_AfxSysCtor")
 afxClass<afxThread>::AllocateObjects(1, 0061f85c, 002add78)
 afxClass<afxThread>::BuildObjects(1, 0061f85c, 002adec8)
 afxClass<afxThread>::ConstructObject(00625d20)
 afxThread.c:1192?_AfxThrCtor(00625d20)
 afxThread.c:1089?AfxSetThreadAffinity(thr=00625d20)
 afxThread.c:1100?AfxStartThread(thr=00625d20)
 afxClass<afxDrawSystem>::AllocateObjects(1, 002aee24, 002aee34)
 afxClass<afxDrawSystem>::BuildObjects(1, 002aee24, 002aef08)
 afxClass<afxDrawSystem>::ConstructObject(00625e40)
 afxDrawSystem.c:407?_AfxDsysCtor(dsys=00625e40)
 afxClass<afxDrawDriver>::Mount(00625e88, 00625e74, 00000000, 77a6567c)
New texture codec registered.
Name: SIGGL
Author: SIGMA Technology Group
Version: 0.5.1
Note: 
    :::::::::::     :::     :::::::::   ::::::::      :::        
        :+:       :+: :+:   :+:    :+: :+:    :+:   :+: :+:      
        +:+      +:+   +:+  +:+    +:+ +:+         +:+   +:+     
        +#+     +#++:++#++: +#++:++#:  :#:        +#++:++#++:    
        +#+     +#+     +#+ +#+    +#+ +#+   +#+# +#+     +#+    
        #+#     #+#     #+# #+#    #+# #+#    #+# #+#     #+#    
        ###     ###     ### ###    ###  ########  ###     ###    
                                                                 
                      SIGMA Technology Group                     
 Truecolor Targa texture serializer installed!
 afxModule.c:62?AfxAcquireModule(uri=e2draw.icd)
 afxClass<afxModule>::AllocateObjects(1, 002ae990, 002ae9c4)
 afxClass<afxModule>::BuildObjects(1, 002ae990, 002aea90)
 afxClass<afxModule>::ConstructObject(00625bb0)
 afxModule.c:130?_AfxMdleCtor(uri:e2draw.icd)
 afxDrawDriver.c:155?AfxRegisterDrawDriver(spec=64268c40)
 afxClass<afxDrawDriver>::AllocateObjects(1, 002ae990, 002ae9a0)
 afxClass<afxDrawDriver>::BuildObjects(1, 002ae990, 64268c40)
 afxClass<afxDrawDriver>::ConstructObject(006275b0)
 afxDrawDriver.c:206?_AfxDdrvCtor(ddrv=006275b0)
 afxClass<afxDrawThread>::Mount(00627600, 006275ec, 0061f17c, 77a66d60)
 afxClass<afxDrawContext>::Mount(006276c0, 006275ec, 00000000, 77a64184)
 afxClass<afxDrawOutput>::Mount(00627780, 006275ec, 00000000, 77a65b48)
 afxClass<afxDrawInput>::Mount(00627840, 006275ec, 00000000, 77a65950)
 Listing mem available display devices...

 #0 = Intel(R) HD Graphics (\\.\DISPLAY1) 8000005
 #1 = RDPDD Chained DD (\\.\DISPLAYV1) 200008
 #2 = RDP Encoder Mirror Driver (\\.\DISPLAYV2) 200008
 #3 = RDP Reflector Display Driver (\\.\DISPLAYV3) 200008
 afxDrawThread.c:27?_AfxAcquireDrawThread(ddrv=006275b0)
 afxClass<afxDrawThread>::AllocateObjects(1, 002ae2ec, 002ae308)
 afxClass<afxDrawThread>::BuildObjects(1, 002ae2ec, 002ae390)
 afxClass<afxDrawThread, afxThread>ConstructingObject(0062e310)
 afxClass<afxThread>::ConstructObject(0062e310)
 afxThread.c:1192?_AfxThrCtor(0062e310)
 afxClass<afxDrawThread>::ConstructObject(0062e310)
 afxDrawThread.c:73?_AfxDthrCtor(dthr=0062e310)
 sglDrawThread.c:231?_SglDdrvVmtDthrCb(dthr=0062e310)
 sglDrawDriver.c:1298?_SglCreateCombinedDeviceContext(oglWndClss=00627a00,shareCtx=00000000,phwnd=0062e450,phdc=0062e454,phrc=0062e45c)
 ADV sglDrawThread.c:265?_SglDdrvVmtDthrCb
    677 381 1920 1080 96 96 32 1 36 36 51 60 1 
 ERR sglDrawDriver.c:1091?SglGetPixelFormat
    
 ERR sglDrawDriver.c:1091?SglGetPixelFormat
    
 ERR sglDrawDriver.c:1079?SglDescribePixelFormat
    
 ERR sglDrawDriver.c:1079?SglDescribePixelFormat
    
 sglDrawDriver.c:787?_SglLoadVmt(vmt=0062e460,verMajor=1,verMinor=0)
 glCullFace @ 0 found.
 glFrontFace @ 1 found.
 glHint @ 2 found.
 glLineWidth @ 3 found.
 glPointSize @ 4 found.
 glPolygonMode @ 5 found.
 glScissor @ 6 found.
 glTexParameterf @ 7 found.
 glTexParameterfv @ 8 found.
 glTexParameteri @ 9 found.
 glTexParameteriv @ 10 found.
 glTexImage1D @ 11 found.
 glTexImage2D @ 12 found.
 glDrawBuffer @ 13 found.
 glClear @ 14 found.
 glClearColor @ 15 found.
 glClearStencil @ 16 found.
 glClearDepth @ 17 found.
 glStencilMask @ 18 found.
 glColorMask @ 19 found.
 glDepthMask @ 20 found.
 glDisable @ 21 found.
 glEnable @ 22 found.
 glFinish @ 23 found.
 glFlush @ 24 found.
 glBlendFunc @ 25 found.
 glLogicOp @ 26 found.
 glStencilFunc @ 27 found.
 glStencilOp @ 28 found.
 glDepthFunc @ 29 found.
 glPixelStoref @ 30 found.
 glPixelStorei @ 31 found.
 glReadBuffer @ 32 found.
 glReadPixels @ 33 found.
 glGetBooleanv @ 34 found.
 glGetDoublev @ 35 found.
 glGetError @ 36 found.
 glGetFloatv @ 37 found.
 glGetIntegerv @ 38 found.
 glGetString @ 39 found.
 glGetTexImage @ 40 found.
 glGetTexParameterfv @ 41 found.
 glGetTexParameteriv @ 42 found.
 glGetTexLevelParameterfv @ 43 found.
 glGetTexLevelParameteriv @ 44 found.
 glIsEnabled @ 45 found.
 glDepthRange @ 46 found.
 glViewport @ 47 found.
 sglDrawDriver.c:787?_SglLoadVmt(vmt=0062e460,verMajor=4,verMinor=6)
 glCullFace @ 0 found.
 glFrontFace @ 1 found.
 glHint @ 2 found.
 glLineWidth @ 3 found.
 glPointSize @ 4 found.
 glPolygonMode @ 5 found.
 glScissor @ 6 found.
 glTexParameterf @ 7 found.
 glTexParameterfv @ 8 found.
 glTexParameteri @ 9 found.
 glTexParameteriv @ 10 found.
 glTexImage1D @ 11 found.
 glTexImage2D @ 12 found.
 glDrawBuffer @ 13 found.
 glClear @ 14 found.
 glClearColor @ 15 found.
 glClearStencil @ 16 found.
 glClearDepth @ 17 found.
 glStencilMask @ 18 found.
 glColorMask @ 19 found.
 glDepthMask @ 20 found.
 glDisable @ 21 found.
 glEnable @ 22 found.
 glFinish @ 23 found.
 glFlush @ 24 found.
 glBlendFunc @ 25 found.
 glLogicOp @ 26 found.
 glStencilFunc @ 27 found.
 glStencilOp @ 28 found.
 glDepthFunc @ 29 found.
 glPixelStoref @ 30 found.
 glPixelStorei @ 31 found.
 glReadBuffer @ 32 found.
 glReadPixels @ 33 found.
 glGetBooleanv @ 34 found.
 glGetDoublev @ 35 found.
 glGetError @ 36 found.
 glGetFloatv @ 37 found.
 glGetIntegerv @ 38 found.
 glGetString @ 39 found.
 glGetTexImage @ 40 found.
 glGetTexParameterfv @ 41 found.
 glGetTexParameteriv @ 42 found.
 glGetTexLevelParameterfv @ 43 found.
 glGetTexLevelParameteriv @ 44 found.
 glIsEnabled @ 45 found.
 glDepthRange @ 46 found.
 glViewport @ 47 found.
 glDrawArrays @ 48 found.
 glDrawElements @ 49 found.
 glGetPointerv @ 50 found.
 glPolygonOffset @ 51 found.
 glCopyTexImage1D @ 52 found.
 glCopyTexImage2D @ 53 found.
 glCopyTexSubImage1D @ 54 found.
 glCopyTexSubImage2D @ 55 found.
 glTexSubImage1D @ 56 found.
 glTexSubImage2D @ 57 found.
 glBindTexture @ 58 found.
 glDeleteTextures @ 59 found.
 glGenTextures @ 60 found.
 glIsTexture @ 61 found.
 glDrawRangeElements @ 62 found.
 glTexImage3D @ 63 found.
 glTexSubImage3D @ 64 found.
 glCopyTexSubImage3D @ 65 found.
 glActiveTexture @ 66 found.
 glSampleCoverage @ 67 found.
 glCompressedTexImage3D @ 68 found.
 glCompressedTexImage2D @ 69 found.
 glCompressedTexImage1D @ 70 found.
 glCompressedTexSubImage3D @ 71 found.
 glCompressedTexSubImage2D @ 72 found.
 glCompressedTexSubImage1D @ 73 found.
 glGetCompressedTexImage @ 74 found.
 glBlendFuncSeparate @ 75 found.
 glMultiDrawArrays @ 76 found.
 glMultiDrawElements @ 77 found.
 glPointParameterf @ 78 found.
 glPointParameterfv @ 79 found.
 glPointParameteri @ 80 found.
 glPointParameteriv @ 81 found.
 glBlendColor @ 82 found.
 glBlendEquation @ 83 found.
 glGenQueries @ 84 found.
 glDeleteQueries @ 85 found.
 glIsQuery @ 86 found.
 glBeginQuery @ 87 found.
 glEndQuery @ 88 found.
 glGetQueryiv @ 89 found.
 glGetQueryObjectiv @ 90 found.
 glGetQueryObjectuiv @ 91 found.
 glBindBuffer @ 92 found.
 glDeleteBuffers @ 93 found.
 glGenBuffers @ 94 found.
 glIsBuffer @ 95 found.
 glBufferData @ 96 found.
 glBufferSubData @ 97 found.
 glGetBufferSubData @ 98 found.
 glMapBuffer @ 99 found.
 glUnmapBuffer @ 100 found.
 glGetBufferParameteriv @ 101 found.
 glGetBufferPointerv @ 102 found.
 glBlendEquationSeparate @ 103 found.
 glDrawBuffers @ 104 found.
 glStencilOpSeparate @ 105 found.
 glStencilFuncSeparate @ 106 found.
 glStencilMaskSeparate @ 107 found.
 glAttachShader @ 108 found.
 glBindAttribLocation @ 109 found.
 glCompileShader @ 110 found.
 glCreateProgram @ 111 found.
 glCreateShader @ 112 found.
 glDeleteProgram @ 113 found.
 glDeleteShader @ 114 found.
 glDetachShader @ 115 found.
 glDisableVertexAttribArray @ 116 found.
 glEnableVertexAttribArray @ 117 found.
 glGetActiveAttrib @ 118 found.
 glGetActiveUniform @ 119 found.
 glGetAttachedShaders @ 120 found.
 glGetAttribLocation @ 121 found.
 glGetProgramiv @ 122 found.
 glGetProgramInfoLog @ 123 found.
 glGetShaderiv @ 124 found.
 glGetShaderInfoLog @ 125 found.
 glGetShaderSource @ 126 found.
 glGetUniformLocation @ 127 found.
 glGetUniformfv @ 128 found.
 glGetUniformiv @ 129 found.
 glGetVertexAttribdv @ 130 found.
 glGetVertexAttribfv @ 131 found.
 glGetVertexAttribiv @ 132 found.
 glGetVertexAttribPointerv @ 133 found.
 glIsProgram @ 134 found.
 glIsShader @ 135 found.
 glLinkProgram @ 136 found.
 glShaderSource @ 137 found.
 glUseProgram @ 138 found.
 glUniform1f @ 139 found.
 glUniform2f @ 140 found.
 glUniform3f @ 141 found.
 glUniform4f @ 142 found.
 glUniform1i @ 143 found.
 glUniform2i @ 144 found.
 glUniform3i @ 145 found.
 glUniform4i @ 146 found.
 glUniform1fv @ 147 found.
 glUniform2fv @ 148 found.
 glUniform3fv @ 149 found.
 glUniform4fv @ 150 found.
 glUniform1iv @ 151 found.
 glUniform2iv @ 152 found.
 glUniform3iv @ 153 found.
 glUniform4iv @ 154 found.
 glUniformMatrix2fv @ 155 found.
 glUniformMatrix3fv @ 156 found.
 glUniformMatrix4fv @ 157 found.
 glValidateProgram @ 158 found.
 glVertexAttrib1d @ 159 found.
 glVertexAttrib1dv @ 160 found.
 glVertexAttrib1f @ 161 found.
 glVertexAttrib1fv @ 162 found.
 glVertexAttrib1s @ 163 found.
 glVertexAttrib1sv @ 164 found.
 glVertexAttrib2d @ 165 found.
 glVertexAttrib2dv @ 166 found.
 glVertexAttrib2f @ 167 found.
 glVertexAttrib2fv @ 168 found.
 glVertexAttrib2s @ 169 found.
 glVertexAttrib2sv @ 170 found.
 glVertexAttrib3d @ 171 found.
 glVertexAttrib3dv @ 172 found.
 glVertexAttrib3f @ 173 found.
 glVertexAttrib3fv @ 174 found.
 glVertexAttrib3s @ 175 found.
 glVertexAttrib3sv @ 176 found.
 glVertexAttrib4Nbv @ 177 found.
 glVertexAttrib4Niv @ 178 found.
 glVertexAttrib4Nsv @ 179 found.
 glVertexAttrib4Nub @ 180 found.
 glVertexAttrib4Nubv @ 181 found.
 glVertexAttrib4Nuiv @ 182 found.
 glVertexAttrib4Nusv @ 183 found.
 glVertexAttrib4bv @ 184 found.
 glVertexAttrib4d @ 185 found.
 glVertexAttrib4dv @ 186 found.
 glVertexAttrib4f @ 187 found.
 glVertexAttrib4fv @ 188 found.
 glVertexAttrib4iv @ 189 found.
 glVertexAttrib4s @ 190 found.
 glVertexAttrib4sv @ 191 found.
 glVertexAttrib4ubv @ 192 found.
 glVertexAttrib4uiv @ 193 found.
 glVertexAttrib4usv @ 194 found.
 glVertexAttribPointer @ 195 found.
 glUniformMatrix2x3fv @ 196 found.
 glUniformMatrix3x2fv @ 197 found.
 glUniformMatrix2x4fv @ 198 found.
 glUniformMatrix4x2fv @ 199 found.
 glUniformMatrix3x4fv @ 200 found.
 glUniformMatrix4x3fv @ 201 found.
 glColorMaski @ 202 found.
 glGetBooleani_v @ 203 found.
 glGetIntegeri_v @ 204 found.
 glEnablei @ 205 found.
 glDisablei @ 206 found.
 glIsEnabledi @ 207 found.
 glBeginTransformFeedback @ 208 found.
 glEndTransformFeedback @ 209 found.
 glBindBufferRange @ 210 found.
 glBindBufferBase @ 211 found.
 glTransformFeedbackVaryings @ 212 found.
 glGetTransformFeedbackVarying @ 213 found.
 glClampColor @ 214 found.
 glBeginConditionalRender @ 215 found.
 glEndConditionalRender @ 216 found.
 glVertexAttribIPointer @ 217 found.
 glGetVertexAttribIiv @ 218 found.
 glGetVertexAttribIuiv @ 219 found.
 glVertexAttribI1i @ 220 found.
 glVertexAttribI2i @ 221 found.
 glVertexAttribI3i @ 222 found.
 glVertexAttribI4i @ 223 found.
 glVertexAttribI1ui @ 224 found.
 glVertexAttribI2ui @ 225 found.
 glVertexAttribI3ui @ 226 found.
 glVertexAttribI4ui @ 227 found.
 glVertexAttribI1iv @ 228 found.
 glVertexAttribI2iv @ 229 found.
 glVertexAttribI3iv @ 230 found.
 glVertexAttribI4iv @ 231 found.
 glVertexAttribI1uiv @ 232 found.
 glVertexAttribI2uiv @ 233 found.
 glVertexAttribI3uiv @ 234 found.
 glVertexAttribI4uiv @ 235 found.
 glVertexAttribI4bv @ 236 found.
 glVertexAttribI4sv @ 237 found.
 glVertexAttribI4ubv @ 238 found.
 glVertexAttribI4usv @ 239 found.
 glGetUniformuiv @ 240 found.
 glBindFragDataLocation @ 241 found.
 glGetFragDataLocation @ 242 found.
 glUniform1ui @ 243 found.
 glUniform2ui @ 244 found.
 glUniform3ui @ 245 found.
 glUniform4ui @ 246 found.
 glUniform1uiv @ 247 found.
 glUniform2uiv @ 248 found.
 glUniform3uiv @ 249 found.
 glUniform4uiv @ 250 found.
 glTexParameterIiv @ 251 found.
 glTexParameterIuiv @ 252 found.
 glGetTexParameterIiv @ 253 found.
 glGetTexParameterIuiv @ 254 found.
 glClearBufferiv @ 255 found.
 glClearBufferuiv @ 256 found.
 glClearBufferfv @ 257 found.
 glClearBufferfi @ 258 found.
 glGetStringi @ 259 found.
 glIsRenderbuffer @ 260 found.
 glBindRenderbuffer @ 261 found.
 glDeleteRenderbuffers @ 262 found.
 glGenRenderbuffers @ 263 found.
 glRenderbufferStorage @ 264 found.
 glGetRenderbufferParameteriv @ 265 found.
 glIsFramebuffer @ 266 found.
 glBindFramebuffer @ 267 found.
 glDeleteFramebuffers @ 268 found.
 glGenFramebuffers @ 269 found.
 glCheckFramebufferStatus @ 270 found.
 glFramebufferTexture1D @ 271 found.
 glFramebufferTexture2D @ 272 found.
 glFramebufferTexture3D @ 273 found.
 glFramebufferRenderbuffer @ 274 found.
 glGetFramebufferAttachmentParameteriv @ 275 found.
 glGenerateMipmap @ 276 found.
 glBlitFramebuffer @ 277 found.
 glRenderbufferStorageMultisample @ 278 found.
 glFramebufferTextureLayer @ 279 found.
 glMapBufferRange @ 280 found.
 glFlushMappedBufferRange @ 281 found.
 glBindVertexArray @ 282 found.
 glDeleteVertexArrays @ 283 found.
 glGenVertexArrays @ 284 found.
 glIsVertexArray @ 285 found.
 glDrawArraysInstanced @ 286 found.
 glDrawElementsInstanced @ 287 found.
 glTexBuffer @ 288 found.
 glPrimitiveRestartIndex @ 289 found.
 glCopyBufferSubData @ 290 found.
 glGetUniformIndices @ 291 found.
 glGetActiveUniformsiv @ 292 found.
 glGetActiveUniformName @ 293 found.
 glGetUniformBlockIndex @ 294 found.
 glGetActiveUniformBlockiv @ 295 found.
 glGetActiveUniformBlockName @ 296 found.
 glUniformBlockBinding @ 297 found.
 glDrawElementsBaseVertex @ 298 found.
 glDrawRangeElementsBaseVertex @ 299 found.
 glDrawElementsInstancedBaseVertex @ 300 found.
 glMultiDrawElementsBaseVertex @ 301 found.
 glProvokingVertex @ 302 found.
 glFenceSync @ 303 found.
 glIsSync @ 304 found.
 glDeleteSync @ 305 found.
 glClientWaitSync @ 306 found.
 glWaitSync @ 307 found.
 glGetInteger64v @ 308 found.
 glGetSynciv @ 309 found.
 glGetInteger64i_v @ 310 found.
 glGetBufferParameteri64v @ 311 found.
 glFramebufferTexture @ 312 found.
 glTexImage2DMultisample @ 313 found.
 glTexImage3DMultisample @ 314 found.
 glGetMultisamplefv @ 315 found.
 glSampleMaski @ 316 found.
 glBindFragDataLocationIndexed @ 317 found.
 glGetFragDataIndex @ 318 found.
 glGenSamplers @ 319 found.
 glDeleteSamplers @ 320 found.
 glIsSampler @ 321 found.
 glBindSampler @ 322 found.
 glSamplerParameteri @ 323 found.
 glSamplerParameteriv @ 324 found.
 glSamplerParameterf @ 325 found.
 glSamplerParameterfv @ 326 found.
 glSamplerParameterIiv @ 327 found.
 glSamplerParameterIuiv @ 328 found.
 glGetSamplerParameteriv @ 329 found.
 glGetSamplerParameterIiv @ 330 found.
 glGetSamplerParameterfv @ 331 found.
 glGetSamplerParameterIuiv @ 332 found.
 glQueryCounter @ 333 found.
 glGetQueryObjecti64v @ 334 found.
 glGetQueryObjectui64v @ 335 found.
 glVertexAttribDivisor @ 336 found.
 glVertexAttribP1ui @ 337 found.
 glVertexAttribP1uiv @ 338 found.
 glVertexAttribP2ui @ 339 found.
 glVertexAttribP2uiv @ 340 found.
 glVertexAttribP3ui @ 341 found.
 glVertexAttribP3uiv @ 342 found.
 glVertexAttribP4ui @ 343 found.
 glVertexAttribP4uiv @ 344 found.
 glMinSampleShading @ 345 found.
 glBlendEquationi @ 346 found.
 glBlendEquationSeparatei @ 347 found.
 glBlendFunci @ 348 found.
 glBlendFuncSeparatei @ 349 found.
 glDrawArraysIndirect @ 350 found.
 glDrawElementsIndirect @ 351 found.
 glUniform1d @ 352 found.
 glUniform2d @ 353 found.
 glUniform3d @ 354 found.
 glUniform4d @ 355 found.
 glUniform1dv @ 356 found.
 glUniform2dv @ 357 found.
 glUniform3dv @ 358 found.
 glUniform4dv @ 359 found.
 glUniformMatrix2dv @ 360 found.
 glUniformMatrix3dv @ 361 found.
 glUniformMatrix4dv @ 362 found.
 glUniformMatrix2x3dv @ 363 found.
 glUniformMatrix2x4dv @ 364 found.
 glUniformMatrix3x2dv @ 365 found.
 glUniformMatrix3x4dv @ 366 found.
 glUniformMatrix4x2dv @ 367 found.
 glUniformMatrix4x3dv @ 368 found.
 glGetUniformdv @ 369 found.
 glGetSubroutineUniformLocation @ 370 found.
 glGetSubroutineIndex @ 371 found.
 glGetActiveSubroutineUniformiv @ 372 found.
 glGetActiveSubroutineUniformName @ 373 found.
 glGetActiveSubroutineName @ 374 found.
 glUniformSubroutinesuiv @ 375 found.
 glGetUniformSubroutineuiv @ 376 found.
 glGetProgramStageiv @ 377 found.
 glPatchParameteri @ 378 found.
 glPatchParameterfv @ 379 found.
 glBindTransformFeedback @ 380 found.
 glDeleteTransformFeedbacks @ 381 found.
 glGenTransformFeedbacks @ 382 found.
 glIsTransformFeedback @ 383 found.
 glPauseTransformFeedback @ 384 found.
 glResumeTransformFeedback @ 385 found.
 glDrawTransformFeedback @ 386 found.
 glDrawTransformFeedbackStream @ 387 found.
 glBeginQueryIndexed @ 388 found.
 glEndQueryIndexed @ 389 found.
 glGetQueryIndexediv @ 390 found.
 glReleaseShaderCompiler @ 391 found.
 glShaderBinary @ 392 found.
 glGetShaderPrecisionFormat @ 393 found.
 glDepthRangef @ 394 found.
 glClearDepthf @ 395 found.
 glGetProgramBinary @ 396 found.
 glProgramBinary @ 397 found.
 glProgramParameteri @ 398 found.
 glUseProgramStages @ 399 found.
 glActiveShaderProgram @ 400 found.
 glCreateShaderProgramv @ 401 found.
 glBindProgramPipeline @ 402 found.
 glDeleteProgramPipelines @ 403 found.
 glGenProgramPipelines @ 404 found.
 glIsProgramPipeline @ 405 found.
 glGetProgramPipelineiv @ 406 found.
 glProgramUniform1i @ 407 found.
 glProgramUniform1iv @ 408 found.
 glProgramUniform1f @ 409 found.
 glProgramUniform1fv @ 410 found.
 glProgramUniform1d @ 411 found.
 glProgramUniform1dv @ 412 found.
 glProgramUniform1ui @ 413 found.
 glProgramUniform1uiv @ 414 found.
 glProgramUniform2i @ 415 found.
 glProgramUniform2iv @ 416 found.
 glProgramUniform2f @ 417 found.
 glProgramUniform2fv @ 418 found.
 glProgramUniform2d @ 419 found.
 glProgramUniform2dv @ 420 found.
 glProgramUniform2ui @ 421 found.
 glProgramUniform2uiv @ 422 found.
 glProgramUniform3i @ 423 found.
 glProgramUniform3iv @ 424 found.
 glProgramUniform3f @ 425 found.
 glProgramUniform3fv @ 426 found.
 glProgramUniform3d @ 427 found.
 glProgramUniform3dv @ 428 found.
 glProgramUniform3ui @ 429 found.
 glProgramUniform3uiv @ 430 found.
 glProgramUniform4i @ 431 found.
 glProgramUniform4iv @ 432 found.
 glProgramUniform4f @ 433 found.
 glProgramUniform4fv @ 434 found.
 glProgramUniform4d @ 435 found.
 glProgramUniform4dv @ 436 found.
 glProgramUniform4ui @ 437 found.
 glProgramUniform4uiv @ 438 found.
 glProgramUniformMatrix2fv @ 439 found.
 glProgramUniformMatrix3fv @ 440 found.
 glProgramUniformMatrix4fv @ 441 found.
 glProgramUniformMatrix2dv @ 442 found.
 glProgramUniformMatrix3dv @ 443 found.
 glProgramUniformMatrix4dv @ 444 found.
 glProgramUniformMatrix2x3fv @ 445 found.
 glProgramUniformMatrix3x2fv @ 446 found.
 glProgramUniformMatrix2x4fv @ 447 found.
 glProgramUniformMatrix4x2fv @ 448 found.
 glProgramUniformMatrix3x4fv @ 449 found.
 glProgramUniformMatrix4x3fv @ 450 found.
 glProgramUniformMatrix2x3dv @ 451 found.
 glProgramUniformMatrix3x2dv @ 452 found.
 glProgramUniformMatrix2x4dv @ 453 found.
 glProgramUniformMatrix4x2dv @ 454 found.
 glProgramUniformMatrix3x4dv @ 455 found.
 glProgramUniformMatrix4x3dv @ 456 found.
 glValidateProgramPipeline @ 457 found.
 glGetProgramPipelineInfoLog @ 458 found.
 glVertexAttribL1d @ 459 found.
 glVertexAttribL2d @ 460 found.
 glVertexAttribL3d @ 461 found.
 glVertexAttribL4d @ 462 found.
 glVertexAttribL1dv @ 463 found.
 glVertexAttribL2dv @ 464 found.
 glVertexAttribL3dv @ 465 found.
 glVertexAttribL4dv @ 466 found.
 glVertexAttribLPointer @ 467 found.
 glGetVertexAttribLdv @ 468 found.
 glViewportArrayv @ 469 found.
 glViewportIndexedf @ 470 found.
 glViewportIndexedfv @ 471 found.
 glScissorArrayv @ 472 found.
 glScissorIndexed @ 473 found.
 glScissorIndexedv @ 474 found.
 glDepthRangeArrayv @ 475 found.
 glDepthRangeIndexed @ 476 found.
 glGetFloati_v @ 477 found.
 glGetDoublei_v @ 478 found.
 glDrawArraysInstancedBaseInstance @ 479 found.
 glDrawElementsInstancedBaseInstance @ 480 found.
 glDrawElementsInstancedBaseVertexBaseInstance @ 481 found.
 glGetInternalformativ @ 482 found.
 glGetActiveAtomicCounterBufferiv @ 483 found.
 glBindImageTexture @ 484 found.
 glMemoryBarrier @ 485 found.
 glTexStorage1D @ 486 found.
 glTexStorage2D @ 487 found.
 glTexStorage3D @ 488 found.
 glDrawTransformFeedbackInstanced @ 489 found.
 glDrawTransformFeedbackStreamInstanced @ 490 found.
 glDispatchCompute @ 493 found.
 glDispatchComputeIndirect @ 494 found.
 glFramebufferParameteri @ 496 found.
 glGetFramebufferParameteriv @ 497 found.
 glGetInternalformati64v @ 498 found.
 glInvalidateFramebuffer @ 503 found.
 glInvalidateSubFramebuffer @ 504 found.
 glMultiDrawArraysIndirect @ 505 found.
 glMultiDrawElementsIndirect @ 506 found.
 glGetProgramInterfaceiv @ 507 found.
 glGetProgramResourceIndex @ 508 found.
 glGetProgramResourceName @ 509 found.
 glGetProgramResourceiv @ 510 found.
 glGetProgramResourceLocation @ 511 found.
 glGetProgramResourceLocationIndex @ 512 found.
 glShaderStorageBlockBinding @ 513 found.
 glTexBufferRange @ 514 found.
 glTexStorage2DMultisample @ 515 found.
 glTexStorage3DMultisample @ 516 found.
 glBindVertexBuffer @ 518 found.
 glVertexAttribFormat @ 519 found.
 glVertexAttribIFormat @ 520 found.
 glVertexAttribLFormat @ 521 found.
 glVertexAttribBinding @ 522 found.
 glVertexBindingDivisor @ 523 found.
 glDebugMessageControl @ 524 found.
 glDebugMessageInsert @ 525 found.
 glDebugMessageCallback @ 526 found.
 glGetDebugMessageLog @ 527 found.
 glPushDebugGroup @ 528 found.
 glPopDebugGroup @ 529 found.
 glObjectLabel @ 530 found.
 glGetObjectLabel @ 531 found.
 glObjectPtrLabel @ 532 found.
 glGetObjectPtrLabel @ 533 found.
 glBufferStorage @ 534 found.
 glClipControl @ 543 found.
 glNamedBufferStorage @ 551 found.
 glTextureBufferRange @ 589 found.
 glTextureParameteri @ 606 found.
 glMemoryBarrierByRegion @ 641 found.
 glGetGraphicsResetStatus @ 644 found.
 glGetnCompressedTexImage @ 645 found.
 glGetnTexImage @ 646 found.
 glGetnUniformdv @ 647 found.
 glGetnUniformfv @ 648 found.
 glGetnUniformiv @ 649 found.
 glGetnUniformuiv @ 650 found.
 glReadnPixels @ 651 found.
 afxThread.c:1100?AfxStartThread(thr=0062e310)
New draw driver registered.
Name: 4DGL
Author: SIGMA Technology Group
Version: 0.7.2
Note: 
     .::::         :::::::::         ::::::::        :::        
    :+:+:+         :+:    :+:       :+:    :+:       :+:        
   +:+ +:+         +:+    +:+       +:+              +:+        
  +#+  +:+         +#+    +:+       :#:              +#+        
 +#+#+#+#+#+       +#+    +#+       +#+   +#+#       +#+        
       #+#         #+#    #+#       #+#    #+#       #+#        
       ###         #########         ########        ########## 
 Loading draw ICDs...
 afxThread.c:1089?AfxSetThreadAffinity(thr=0062e310)
 afxModule.c:62?AfxAcquireModule(uri=e2draw.icd)
 ERR sglDrawThread.c:100?_SglDthrVmtProcCb
    
 ERR sglDrawThread.c:100?_SglDthrVmtProcCb
    (rc == idd->wglGlrc)
    Invalid
 ERR sglDrawThread.c:106?_SglDthrVmtProcCb
    
 ERR sglDrawThread.c:107?_SglDthrVmtProcCb
    Draw thread 0062e310 failed to be set.
 ERR sglDrawThread.c:100?_SglDthrVmtProcCb
    
 ERR sglDrawThread.c:100?_SglDthrVmtProcCb
    (rc == idd->wglGlrc)
    Invalid
 afxModule.c:62?AfxAcquireModule(uri=e2newton.icd)
 ERR sglDrawThread.c:106?_SglDthrVmtProcCb
    
 ERR sglDrawThread.c:107?_SglDthrVmtProcCb
    Draw thread 0062e310 failed to be set.
 afxClass<afxModule>::AllocateObjects(1, 002ae7b0, 002ae7e4)
 ERR sglDrawThread.c:100?_SglDthrVmtProcCb
    
 ERR sglDrawThread.c:100?_SglDthrVmtProcCb
    (rc == idd->wglGlrc)
    Invalid
 afxClass<afxModule>::BuildObjects(1, 002ae7b0, 002ae888)
 ERR sglDrawThread.c:106?_SglDthrVmtProcCb
    
 ERR sglDrawThread.c:107?_SglDthrVmtProcCb
    Draw thread 0062e310 failed to be set.
 afxClass<afxModule>::ConstructObject(0244ff90)
 afxModule.c:130?_AfxMdleCtor(uri:e2newton.icd)
 ERR sglDrawThread.c:100?_SglDthrVmtProcCb
    
 ERR sglDrawThread.c:100?_SglDthrVmtProcCb
    (rc == idd->wglGlrc)
    Invalid
 ERR sglDrawThread.c:106?_SglDthrVmtProcCb
    
 ERR sglDrawThread.c:107?_SglDthrVmtProcCb
    Draw thread 0062e310 failed to be set.
 ERR sglDrawThread.c:100?_SglDthrVmtProcCb
    
 ERR sglDrawThread.c:100?_SglDthrVmtProcCb
    (rc == idd->wglGlrc)
    Invalid
 ERR sglDrawThread.c:106?_SglDthrVmtProcCb
    
 ERR sglDrawThread.c:107?_SglDthrVmtProcCb
    Draw thread 0062e310 failed to be set.
 ERR sglDrawThread.c:100?_SglDthrVmtProcCb
    
 ERR sglDrawThread.c:100?_SglDthrVmtProcCb
    (rc == idd->wglGlrc)
    Invalid
 ERR sglDrawThread.c:106?_SglDthrVmtProcCb
    
 ERR sglDrawThread.c:107?_SglDthrVmtProcCb
    Draw thread 0062e310 failed to be set.
 ERR sglDrawThread.c:100?_SglDthrVmtProcCb
    
 ERR sglDrawThread.c:100?_SglDthrVmtProcCb
    (rc == idd->wglGlrc)
    Invalid
 ERR sglDrawThread.c:106?_SglDthrVmtProcCb
    
 ERR sglDrawThread.c:107?_SglDthrVmtProcCb
    Draw thread 0062e310 failed to be set.
 ERR sglDrawThread.c:100?_SglDthrVmtProcCb
    
 ERR sglDrawThread.c:100?_SglDthrVmtProcCb
    (rc == idd->wglGlrc)
    Invalid
 ERR sglDrawThread.c:106?_SglDthrVmtProcCb
    
 ERR sglDrawThread.c:107?_SglDthrVmtProcCb
    Draw thread 0062e310 failed to be set.
 ERR sglDrawThread.c:100?_SglDthrVmtProcCb
    
 ERR sglDrawThread.c:100?_SglDthrVmtProcCb
    (rc == idd->wglGlrc)
    Invalid
 ERR sglDrawThread.c:106?_SglDthrVmtProcCb
    
 ERR sglDrawThread.c:107?_SglDthrVmtProcCb
    Draw thread 0062e310 failed to be set.
 ERR sglDrawThread.c:100?_SglDthrVmtProcCb
    
 ERR sglDrawThread.c:100?_SglDthrVmtProcCb
    (rc == idd->wglGlrc)
    Invalid
 ERR sglDrawThread.c:106?_SglDthrVmtProcCb
    
 ERR sglDrawThread.c:107?_SglDthrVmtProcCb
    Draw thread 0062e310 failed to be set.
 ERR sglDrawThread.c:100?_SglDthrVmtProcCb
    
 ERR sglDrawThread.c:100?_SglDthrVmtProcCb
    (rc == idd->wglGlrc)
    Invalid
 ERR sglDrawThread.c:106?_SglDthrVmtProcCb
    
 ERR sglDrawThread.c:107?_SglDthrVmtProcCb
    Draw thread 0062e310 failed to be set.
 ERR sglDrawThread.c:100?_SglDthrVmtProcCb
    
 ERR sglDrawThread.c:100?_SglDthrVmtProcCb
    (rc == idd->wglGlrc)
    Invalid
 ERR sglDrawThread.c:106?_SglDthrVmtProcCb
    
 ERR sglDrawThread.c:107?_SglDthrVmtProcCb
    Draw thread 0062e310 failed to be set.
 ERR sglDrawThread.c:100?_SglDthrVmtProcCb
    
 ERR sglDrawThread.c:100?_SglDthrVmtProcCb
    (rc == idd->wglGlrc)
    Invalid
 ERR sglDrawThread.c:106?_SglDthrVmtProcCb
    
 ERR sglDrawThread.c:107?_SglDthrVmtProcCb
    Draw thread 0062e310 failed to be set.
 ERR sglDrawThread.c:100?_SglDthrVmtProcCb
    
 ERR sglDrawThread.c:100?_SglDthrVmtProcCb
    (rc == idd->wglGlrc)
    Invalid
 ERR sglDrawThread.c:106?_SglDthrVmtProcCb
    
 ERR sglDrawThread.c:107?_SglDthrVmtProcCb
    Draw thread 0062e310 failed to be set.
 ERR sglDrawThread.c:100?_SglDthrVmtProcCb
    
 ERR sglDrawThread.c:100?_SglDthrVmtProcCb
    (rc == idd->wglGlrc)
    Invalid
 ERR sglDrawThread.c:106?_SglDthrVmtProcCb
    
 ERR sglDrawThread.c:107?_SglDthrVmtProcCb
    Draw thread 0062e310 failed to be set.
 ERR sglDrawThread.c:100?_SglDthrVmtProcCb
    
 ERR sglDrawThread.c:100?_SglDthrVmtProcCb
    (rc == idd->wglGlrc)
    Invalid
 ERR sglDrawThread.c:106?_SglDthrVmtProcCb
    
 ERR sglDrawThread.c:107?_SglDthrVmtProcCb
    Draw thread 0062e310 failed to be set.
 ERR sglDrawThread.c:100?_SglDthrVmtProcCb
    
 ERR sglDrawThread.c:100?_SglDthrVmtProcCb
    (rc == idd->wglGlrc)
    Invalid
 ERR sglDrawThread.c:106?_SglDthrVmtProcCb
    
 ERR sglDrawThread.c:107?_SglDthrVmtProcCb
    Draw thread 0062e310 failed to be set.
 ERR sglDrawThread.c:100?_SglDthrVmtProcCb
    
 ERR sglDrawThread.c:100?_SglDthrVmtProcCb
    (rc == idd->wglGlrc)
    Invalid
 ERR sglDrawThread.c:106?_SglDthrVmtProcCb
    
 ERR sglDrawThread.c:107?_SglDthrVmtProcCb
    Draw thread 0062e310 failed to be set.
 ERR sglDrawThread.c:100?_SglDthrVmtProcCb
    
 ERR sglDrawThread.c:100?_SglDthrVmtProcCb
    (rc == idd->wglGlrc)
    Invalid
 ERR sglDrawThread.c:106?_SglDthrVmtProcCb
    
 ERR sglDrawThread.c:107?_SglDthrVmtProcCb
    Draw thread 0062e310 failed to be set.
 ERR sglDrawThread.c:100?_SglDthrVmtProcCb
    
 ERR sglDrawThread.c:100?_SglDthrVmtProcCb
    (rc == idd->wglGlrc)
    Invalid
 ERR sglDrawThread.c:106?_SglDthrVmtProcCb
    
 ERR sglDrawThread.c:107?_SglDthrVmtProcCb
    Draw thread 0062e310 failed to be set.
 ERR sglDrawThread.c:100?_SglDthrVmtProcCb
    
 ERR sglDrawThread.c:100?_SglDthrVmtProcCb
    (rc == idd->wglGlrc)
    Invalid
 ERR sglDrawThread.c:106?_SglDthrVmtProcCb
    
 ERR sglDrawThread.c:107?_SglDthrVmtProcCb
    Draw thread 0062e310 failed to be set.
 ERR sglDrawThread.c:100?_SglDthrVmtProcCb
    
 ERR sglDrawThread.c:100?_SglDthrVmtProcCb
    (rc == idd->wglGlrc)
    Invalid
 ERR sglDrawThread.c:106?_SglDthrVmtProcCb
    
 ERR sglDrawThread.c:107?_SglDthrVmtProcCb
    Draw thread 0062e310 failed to be set.
 ERR sglDrawThread.c:100?_SglDthrVmtProcCb
    
 ERR sglDrawThread.c:100?_SglDthrVmtProcCb
    (rc == idd->wglGlrc)
    Invalid
 ERR sglDrawThread.c:106?_SglDthrVmtProcCb
    
 ERR sglDrawThread.c:107?_SglDthrVmtProcCb
    Draw thread 0062e310 failed to be set.
 ERR sglDrawThread.c:100?_SglDthrVmtProcCb
    
 ERR sglDrawThread.c:100?_SglDthrVmtProcCb
    (rc == idd->wglGlrc)
    Invalid
 ERR sglDrawThread.c:106?_SglDthrVmtProcCb
    
 ERR sglDrawThread.c:107?_SglDthrVmtProcCb
    Draw thread 0062e310 failed to be set.
 ERR sglDrawThread.c:100?_SglDthrVmtProcCb
    
 ERR sglDrawThread.c:100?_SglDthrVmtProcCb
    (rc == idd->wglGlrc)
    Invalid
 ERR sglDrawThread.c:106?_SglDthrVmtProcCb
    
 ERR sglDrawThread.c:107?_SglDthrVmtProcCb
    Draw thread 0062e310 failed to be set.
 ERR sglDrawThread.c:100?_SglDthrVmtProcCb
    
 ERR sglDrawThread.c:100?_SglDthrVmtProcCb
    (rc == idd->wglGlrc)
    Invalid
 ERR sglDrawThread.c:106?_SglDthrVmtProcCb
    
 ERR sglDrawThread.c:107?_SglDthrVmtProcCb
    Draw thread 0062e310 failed to be set.
 ERR sglDrawThread.c:100?_SglDthrVmtProcCb
    
 ERR sglDrawThread.c:100?_SglDthrVmtProcCb
    (rc == idd->wglGlrc)
    Invalid
 afxDrawContext.c:524?AfxAcquireDrawContext(spec=002aeed4)
 ERR sglDrawThread.c:106?_SglDthrVmtProcCb
    
 ERR sglDrawThread.c:107?_SglDthrVmtProcCb
    Draw thread 0062e310 failed to be set.
 afxClass<afxDrawContext>::AllocateObjects(1, 002aedfc, 002aee0c)
 ERR sglDrawThread.c:100?_SglDthrVmtProcCb
    
 ERR sglDrawThread.c:100?_SglDthrVmtProcCb
    (rc == idd->wglGlrc)
    Invalid
 afxClass<afxDrawContext>::BuildObjects(1, 002aedfc, 002aeed4)
 ERR sglDrawThread.c:106?_SglDthrVmtProcCb
    
 ERR sglDrawThread.c:107?_SglDthrVmtProcCb
    Draw thread 0062e310 failed to be set.