
 afxDebug.c:370?AfxAttachDebugTerminal()
      ::::::::  :::       :::     :::     :::::::::  :::::::::   ::::::::      
     :+:    :+: :+:       :+:   :+: :+:   :+:    :+: :+:    :+: :+:    :+:     
     +:+    +:+ +:+       +:+  +:+   +:+  +:+    +:+ +:+    +:+ +:+    +:+     
     +#+    +:+ +#+  +:+  +#+ +#++:++#++: +#+    +:+ +#++:++#:  +#+    +:+     
     +#+  # +#+ +#+ +#+#+ +#+ +#+     +#+ +#+    +#+ +#+    +#+ +#+    +#+     
     #+#   +#+   #+#+# #+#+#  #+#     #+# #+#    #+# #+#    #+# #+#    #+#     
      ###### ###  ###   ###   ###     ### #########  ###    ###  ########      
                                                                               
                  S I G M A   T E C H N O L O G Y   G R O U P                  
                                                                               
                               Public Test Build                               
                           (c) 2017 Federacao SIGMA                            
                                www.sigmaco.org                                
                                                                               
 afxClass<afxSystem>::Mount(778a0c10, 00000000, 00000000, 7787f294)
 afxClass<afxSystem>::AllocateObjects(1, 002af3a4, 002af3b4)
 afxClass<afxSystem>::BuildObjects(1, 002af3a4, 00000000)
 afxClass<afxSystem>::ConstructObject(0055f070)
 afxSystem.c:736?_AfxSysCtor(sys=0055f070)
 ERR afxObject.c:239?AfxObjectGetClass
    
 ERR afxObject.c:239?AfxObjectGetClass
    (obj->cls.chain)
    Invalid