
 afxDebug.c:370?AfxAttachDebugTerminal()
      ::::::::  :::       :::     :::     :::::::::  :::::::::   ::::::::      
     :+:    :+: :+:       :+:   :+: :+:   :+:    :+: :+:    :+: :+:    :+:     
     +:+    +:+ +:+       +:+  +:+   +:+  +:+    +:+ +:+    +:+ +:+    +:+     
     +#+    +:+ +#+  +:+  +#+ +#++:++#++: +#+    +:+ +#++:++#:  +#+    +:+     
     +#+  # +#+ +#+ +#+#+ +#+ +#+     +#+ +#+    +#+ +#+    +#+ +#+    +#+     
     #+#   +#+   #+#+# #+#+#  #+#     #+# #+#    #+# #+#    #+# #+#    #+#     
      ###### ###  ###   ###   ###     ### #########  ###    ###  ########      
                                                                               
                  S I G M A   T E C H N O L O G Y   G R O U P                  
                                                                               
                               Public Test Build                               
                           (c) 2017 Federacao SIGMA                            
                                www.sigmaco.org                                
                                                                               
 afxClass<afxSystem>::Mount(778a0c10, 00000000, 00000000, 7787f294)
 afxClass<afxSystem>::AllocateObjects(1, 003cef04, 003cef14)
 afxClass<afxSystem>::BuildObjects(1, 003cef04, 00000000)
 afxClass<afxSystem>::ConstructObject(0077f070)
 afxSystem.c:736?_AfxSysCtor(sys=0077f070)
 ADV afxSystem.c:756?_AfxSysCtor
    Memoy page size: 4096
 ADV afxSystem.c:757?_AfxSysCtor
    Logical processor count: 2
 afxClass<afxMemory>::Mount(0077f0bc, 0077f0a4, 00000000, 77883a4c)
 afxMemory.c:128?AfxAcquireMemory(strategy=003ce00c,hint="afxSystem.c:778!_AfxSysCtor")
 afxClass<afxMemory>::AllocateObjects(1, 003cdea8, 003cdeb8)
 afxClass<afxMemory>::BuildObjects(1, 003cdea8, 003cdea0)
 afxClass<afxMemory>::ConstructObject(0077ac10)
 afxMemory.c:182?_AfxMemCtor(mem=0077ac10)
 afxClass<afxThread>::Mount(0077f17c, 0077f0a4, 00000000, 7787f80c)
 afxClass<afxIoSystem>::Mount(0077f23c, 0077f0a4, 00000000, 7788104c)
 afxClass<afxIoSystem>::AllocateObjects(1, 003cde8c, 003cde9c)
 afxClass<afxIoSystem>::BuildObjects(1, 003cde8c, 003cdfd8)
 afxClass<afxIoSystem>::ConstructObject(0077fdb0)
 afxIoSystem.c:683?_AfxIoCtor(io=0077fdb0)
 afxArena.c:751?AfxAcquireArena(aren=0077fdfc)
 afxArena.c:752?AfxAcquireArena(spec=00000000,hint="afxIoSystem.c:699!_AfxIoCtor")
 afxClass<afxFile>::Mount(0077fe54, 0077fde4, 00000000, 77880d90)
 afxClass<afxArchive>::Mount(0077ff14, 0077fde4, 0077fe54, 7788072c)
 afxClass<afxResource>::Mount(00780094, 0077fde4, 00000000, 778824dc)
 afxClass<afxUrd>::Mount(0077ffd4, 0077fde4, 00000000, 77882abc)
 afxIoSystem.c:384?AfxMountStoragePoints(0077fdb0,6,003ce1c4)
 Point "." 5 mounted -> "E:/qwadro/afx".
 Point "system" 5 mounted -> "E:/qwadro/afx/system32".
 Point "sound" 5 mounted -> "E:/qwadro/afx/sound".
 Point "tmp" 7 mounted -> "E:/qwadro/afx/tmp".
 Point "data" 5 mounted -> "E:/qwadro/afx/data".
 Point "art" 5 mounted -> "E:/qwadro/afx/art".
 afxClass<afxModule>::Mount(0077f2fc, 0077f0a4, 00000000, 7787df70)
 afxModule.c:62?AfxAcquireModule(uri=system/e2coree.dll)
 afxClass<afxModule>::AllocateObjects(1, 003cde5c, 003cde90)
 afxClass<afxModule>::BuildObjects(1, 003cde5c, 003ce0fc)
 afxClass<afxModule>::ConstructObject(00784460)
 afxModule.c:130?_AfxMdleCtor(uri:system/e2coree.dll)
 afxClass<afxHid>::Mount(0077f3bc, 0077f0a4, 00000000, 778817cc)
 afxClass<afxKeyboard>::Mount(0077f47c, 0077f0a4, 0077f3bc, 77882118)
 afxClass<afxMouse>::Mount(0077f53c, 0077f0a4, 0077f3bc, 77882298)
 afxClass<afxDrawSystem>::Mount(0077f5fc, 0077f0a4, 00000000, 77886b58)
 afxClass<afxApplication>::Mount(0077f6bc, 0077f0a4, 0077f17c, 7787d000)
 afxKeyboard.c:156?AfxAcquireKeyboard(port=0)
 afxClass<afxKeyboard>::AllocateObjects(1, 003cdeb0, 003cdec0)
 afxClass<afxKeyboard>::BuildObjects(1, 003cdeb0, 003cdeac)
 afxClass<afxKeyboard, afxHid>ConstructingObject(00784590)
 afxClass<afxHid>::ConstructObject(00784590)
 afxHid.c:210?_AfxHidCtor(hid=00784590)
 afxClass<afxKeyboard>::ConstructObject(00784590)
 afxKeyboard.c:212?_AfxKbdCtor(kbd=00784590)
 afxClass<afxDrawSystem>::AllocateObjects(1, 00f05028, 003cef14)
 afxClass<afxDrawSystem>::BuildObjects(1, 00f05028, 003cefec)
 afxClass<afxDrawSystem>::ConstructObject(00785af0)
 afxDrawSystem.c:448?_AfxDsysCtor(dsys=00785af0)
 afxClass<afxDrawDriver>::Mount(00785b38, 00785b24, 00000000, 778856c4)
 afxClass<afxDrawThread>::Mount(00785bf8, 00785b24, 0077f17c, 77886e9c)