
 afxDebug.c:370?AfxAttachDebugTerminal()
      ::::::::  :::       :::     :::     :::::::::  :::::::::   ::::::::      
     :+:    :+: :+:       :+:   :+: :+:   :+:    :+: :+:    :+: :+:    :+:     
     +:+    +:+ +:+       +:+  +:+   +:+  +:+    +:+ +:+    +:+ +:+    +:+     
     +#+    +:+ +#+  +:+  +#+ +#++:++#++: +#+    +:+ +#++:++#:  +#+    +:+     
     +#+  # +#+ +#+ +#+#+ +#+ +#+     +#+ +#+    +#+ +#+    +#+ +#+    +#+     
     #+#   +#+   #+#+# #+#+#  #+#     #+# #+#    #+# #+#    #+# #+#    #+#     
      ###### ###  ###   ###   ###     ### #########  ###    ###  ########      
                                                                               
                  S I G M A   T E C H N O L O G Y   G R O U P                  
                                                                               
                               Public Test Build                               
                           (c) 2017 Federacao SIGMA                            
                                www.sigmaco.org                                
                                                                               
 afxClass<afxSystem>::Mount(77771c10, 00000000, 00000000, 77750294)
 afxClass<afxSystem>::AllocateObjects(1, 002cf320, 002cf330)
 afxClass<afxSystem>::BuildObjects(1, 002cf320, 00000000)
 afxClass<afxSystem>::ConstructObject(0067f070)
 afxSystem.c:736?_AfxSysCtor(sys=0067f070)
 ADV afxSystem.c:756?_AfxSysCtor
    Memoy page size: 4096
 ADV afxSystem.c:757?_AfxSysCtor
    Logical processor count: 2
 afxClass<afxMemory>::Mount(0067f0bc, 0067f0a4, 00000000, 77754a4c)
 afxMemory.c:128?AfxAcquireMemory(strategy=002ce428,hint="afxSystem.c:778!_AfxSysCtor")
 afxClass<afxMemory>::AllocateObjects(1, 002ce2c4, 002ce2d4)
 afxClass<afxMemory>::BuildObjects(1, 002ce2c4, 002ce2bc)
 afxClass<afxMemory>::ConstructObject(0067ac10)
 afxMemory.c:182?_AfxMemCtor(mem=0067ac10)
 afxClass<afxThread>::Mount(0067f17c, 0067f0a4, 00000000, 7775080c)
 afxClass<afxIoSystem>::Mount(0067f23c, 0067f0a4, 00000000, 7775204c)
 afxClass<afxIoSystem>::AllocateObjects(1, 002ce2a8, 002ce2b8)
 afxClass<afxIoSystem>::BuildObjects(1, 002ce2a8, 002ce3f4)
 afxClass<afxIoSystem>::ConstructObject(0067fdb0)
 afxIoSystem.c:683?_AfxIoCtor(io=0067fdb0)
 afxArena.c:751?AfxAcquireArena(aren=0067fdfc)
 afxArena.c:752?AfxAcquireArena(spec=00000000,hint="afxIoSystem.c:699!_AfxIoCtor")
 afxClass<afxFile>::Mount(0067fe54, 0067fde4, 00000000, 77751d90)
 afxClass<afxArchive>::Mount(0067ff14, 0067fde4, 0067fe54, 7775172c)
 afxClass<afxResource>::Mount(00680094, 0067fde4, 00000000, 777534dc)
 afxClass<afxUrd>::Mount(0067ffd4, 0067fde4, 00000000, 77753abc)
 afxIoSystem.c:384?AfxMountStoragePoints(0067fdb0,6,002ce5e0)
 Point "." 5 mounted -> "E:/qwadro/afx".
 Point "system" 5 mounted -> "E:/qwadro/afx/system32".
 Point "sound" 5 mounted -> "E:/qwadro/afx/sound".
 Point "tmp" 7 mounted -> "E:/qwadro/afx/tmp".
 Point "data" 5 mounted -> "E:/qwadro/afx/data".
 Point "art" 5 mounted -> "E:/qwadro/afx/art".
 afxClass<afxModule>::Mount(0067f2fc, 0067f0a4, 00000000, 7774ef70)
 afxModule.c:62?AfxAcquireModule(uri=system/e2coree.dll)
 afxClass<afxModule>::AllocateObjects(1, 002ce278, 002ce2ac)
 afxClass<afxModule>::BuildObjects(1, 002ce278, 002ce518)
 afxClass<afxModule>::ConstructObject(00684460)
 afxModule.c:130?_AfxMdleCtor(uri:system/e2coree.dll)
 afxClass<afxHid>::Mount(0067f3bc, 0067f0a4, 00000000, 777527cc)
 afxClass<afxKeyboard>::Mount(0067f47c, 0067f0a4, 0067f3bc, 77753118)
 afxClass<afxMouse>::Mount(0067f53c, 0067f0a4, 0067f3bc, 77753298)
 afxClass<afxDrawSystem>::Mount(0067f5fc, 0067f0a4, 00000000, 77757b58)
 afxClass<afxApplication>::Mount(0067f6bc, 0067f0a4, 0067f17c, 7774e000)
 afxKeyboard.c:156?AfxAcquireKeyboard(port=0)
 afxClass<afxKeyboard>::AllocateObjects(1, 002ce2cc, 002ce2dc)
 afxClass<afxKeyboard>::BuildObjects(1, 002ce2cc, 002ce2c8)
 afxClass<afxKeyboard, afxHid>ConstructingObject(00684590)
 afxClass<afxHid>::ConstructObject(00684590)
 afxHid.c:210?_AfxHidCtor(hid=00684590)
 afxClass<afxKeyboard>::ConstructObject(00684590)
 afxKeyboard.c:212?_AfxKbdCtor(kbd=00684590)
 afxClass<afxDrawSystem>::AllocateObjects(1, 00345028, 002cf330)
 afxClass<afxDrawSystem>::BuildObjects(1, 00345028, 002cf408)
 afxClass<afxDrawSystem>::ConstructObject(00684e20)
 afxDrawSystem.c:448?_AfxDsysCtor(dsys=00684e20)
 afxClass<afxDrawDriver>::Mount(00684e68, 00684e54, 00000000, 777566c4)
 afxClass<afxDrawThread>::Mount(00684f28, 00684e54, 0067f17c, 77757e9c)
New texture codec registered.
Name: SIGGL
Author: SIGMA Technology Group
Version: 0.5.1
Note: 
    :::::::::::     :::     :::::::::   ::::::::      :::        
        :+:       :+: :+:   :+:    :+: :+:    :+:   :+: :+:      
        +:+      +:+   +:+  +:+    +:+ +:+         +:+   +:+     
        +#+     +#++:++#++: +#++:++#:  :#:        +#++:++#++:    
        +#+     +#+     +#+ +#+    +#+ +#+   +#+# +#+     +#+    
        #+#     #+#     #+# #+#    #+# #+#    #+# #+#     #+#    
        ###     ###     ### ###    ###  ########  ###     ###    
                                                                 
                      SIGMA Technology Group                     
 Truecolor Targa texture serializer installed!
 afxModule.c:62?AfxAcquireModule(uri=e2draw.icd)
 afxClass<afxModule>::AllocateObjects(1, 002cee24, 002cee58)
 afxClass<afxModule>::BuildObjects(1, 002cee24, 002cef40)
 afxClass<afxModule>::ConstructObject(00685e40)
 afxModule.c:130?_AfxMdleCtor(uri:e2draw.icd)
 afxDrawDriver.c:200?AfxRegisterDrawDriver(spec=501e7c38)
 afxClass<afxDrawDriver>::AllocateObjects(1, 002cee90, 002cee30)
 afxClass<afxDrawDriver>::BuildObjects(1, 002cee90, 501e7c38)
 afxClass<afxDrawDriver>::ConstructObject(00687530)
 afxDrawDriver.c:256?_AfxDdrvCtor(ddrv=00687530)
 afxClass<afxDrawScript>::Mount(00687580, 0068756c, 00000000, 7775736c)
 afxClass<afxDrawQueue>::Mount(00687640, 0068756c, 00000000, 7775722c)
 afxClass<afxDrawContext>::Mount(00687700, 0068756c, 00000000, 77755204)
 afxClass<afxDrawOutput>::Mount(006877c0, 0068756c, 00000000, 77756c68)
 afxClass<afxDrawInput>::Mount(00687880, 0068756c, 00000000, 77756a40)
 Listing mem available display devices...

 #0 = Intel(R) HD Graphics (\\.\DISPLAY1) 8000005
 #1 = RDPDD Chained DD (\\.\DISPLAYV1) 200008
 #2 = RDP Encoder Mirror Driver (\\.\DISPLAYV2) 200008
 #3 = RDP Reflector Display Driver (\\.\DISPLAYV3) 200008
 sglDrawDriver.c:1308?_SglCreateCombinedDeviceContext(oglWndClss=00687a50,shareCtx=00000000,phwnd=0068e370,phdc=0068e374,phrc=0068e37c)
 ADV sglDrawDriver.c:1647?_SglBuildDpu
    677 381 1920 1080 96 96 32 1 36 36 51 60 1 
 ERR sglDrawDriver.c:1094?SglGetPixelFormat
    
 ERR sglDrawDriver.c:1094?SglGetPixelFormat
    
 ERR sglDrawDriver.c:1082?SglDescribePixelFormat
    
 ERR sglDrawDriver.c:1082?SglDescribePixelFormat
    
 sglDrawDriver.c:790?_SglLoadVmt(vmt=0068e380,verMajor=1,verMinor=0)
 glCullFace @ 0 found.
 glFrontFace @ 1 found.
 glHint @ 2 found.
 glLineWidth @ 3 found.
 glPointSize @ 4 found.
 glPolygonMode @ 5 found.
 glScissor @ 6 found.
 glTexParameterf @ 7 found.
 glTexParameterfv @ 8 found.
 glTexParameteri @ 9 found.
 glTexParameteriv @ 10 found.
 glTexImage1D @ 11 found.
 glTexImage2D @ 12 found.
 glDrawBuffer @ 13 found.
 glClear @ 14 found.
 glClearColor @ 15 found.
 glClearStencil @ 16 found.
 glClearDepth @ 17 found.
 glStencilMask @ 18 found.
 glColorMask @ 19 found.
 glDepthMask @ 20 found.
 glDisable @ 21 found.
 glEnable @ 22 found.
 glFinish @ 23 found.
 glFlush @ 24 found.
 glBlendFunc @ 25 found.
 glLogicOp @ 26 found.
 glStencilFunc @ 27 found.
 glStencilOp @ 28 found.
 glDepthFunc @ 29 found.
 glPixelStoref @ 30 found.
 glPixelStorei @ 31 found.
 glReadBuffer @ 32 found.
 glReadPixels @ 33 found.
 glGetBooleanv @ 34 found.
 glGetDoublev @ 35 found.
 glGetError @ 36 found.
 glGetFloatv @ 37 found.
 glGetIntegerv @ 38 found.
 glGetString @ 39 found.
 glGetTexImage @ 40 found.
 glGetTexParameterfv @ 41 found.
 glGetTexParameteriv @ 42 found.
 glGetTexLevelParameterfv @ 43 found.
 glGetTexLevelParameteriv @ 44 found.
 glIsEnabled @ 45 found.
 glDepthRange @ 46 found.
 glViewport @ 47 found.
 sglDrawDriver.c:790?_SglLoadVmt(vmt=0068e380,verMajor=4,verMinor=6)
 glCullFace @ 0 found.
 glFrontFace @ 1 found.
 glHint @ 2 found.
 glLineWidth @ 3 found.
 glPointSize @ 4 found.
 glPolygonMode @ 5 found.
 glScissor @ 6 found.
 glTexParameterf @ 7 found.
 glTexParameterfv @ 8 found.
 glTexParameteri @ 9 found.
 glTexParameteriv @ 10 found.
 glTexImage1D @ 11 found.
 glTexImage2D @ 12 found.
 glDrawBuffer @ 13 found.
 glClear @ 14 found.
 glClearColor @ 15 found.
 glClearStencil @ 16 found.
 glClearDepth @ 17 found.
 glStencilMask @ 18 found.
 glColorMask @ 19 found.
 glDepthMask @ 20 found.
 glDisable @ 21 found.
 glEnable @ 22 found.
 glFinish @ 23 found.
 glFlush @ 24 found.
 glBlendFunc @ 25 found.
 glLogicOp @ 26 found.
 glStencilFunc @ 27 found.
 glStencilOp @ 28 found.
 glDepthFunc @ 29 found.
 glPixelStoref @ 30 found.
 glPixelStorei @ 31 found.
 glReadBuffer @ 32 found.
 glReadPixels @ 33 found.
 glGetBooleanv @ 34 found.
 glGetDoublev @ 35 found.
 glGetError @ 36 found.
 glGetFloatv @ 37 found.
 glGetIntegerv @ 38 found.
 glGetString @ 39 found.
 glGetTexImage @ 40 found.
 glGetTexParameterfv @ 41 found.
 glGetTexParameteriv @ 42 found.
 glGetTexLevelParameterfv @ 43 found.
 glGetTexLevelParameteriv @ 44 found.
 glIsEnabled @ 45 found.
 glDepthRange @ 46 found.
 glViewport @ 47 found.
 glDrawArrays @ 48 found.
 glDrawElements @ 49 found.
 glGetPointerv @ 50 found.
 glPolygonOffset @ 51 found.
 glCopyTexImage1D @ 52 found.
 glCopyTexImage2D @ 53 found.
 glCopyTexSubImage1D @ 54 found.
 glCopyTexSubImage2D @ 55 found.
 glTexSubImage1D @ 56 found.
 glTexSubImage2D @ 57 found.
 glBindTexture @ 58 found.
 glDeleteTextures @ 59 found.
 glGenTextures @ 60 found.
 glIsTexture @ 61 found.
 glDrawRangeElements @ 62 found.
 glTexImage3D @ 63 found.
 glTexSubImage3D @ 64 found.
 glCopyTexSubImage3D @ 65 found.
 glActiveTexture @ 66 found.
 glSampleCoverage @ 67 found.
 glCompressedTexImage3D @ 68 found.
 glCompressedTexImage2D @ 69 found.
 glCompressedTexImage1D @ 70 found.
 glCompressedTexSubImage3D @ 71 found.
 glCompressedTexSubImage2D @ 72 found.
 glCompressedTexSubImage1D @ 73 found.
 glGetCompressedTexImage @ 74 found.
 glBlendFuncSeparate @ 75 found.
 glMultiDrawArrays @ 76 found.
 glMultiDrawElements @ 77 found.
 glPointParameterf @ 78 found.
 glPointParameterfv @ 79 found.
 glPointParameteri @ 80 found.
 glPointParameteriv @ 81 found.
 glBlendColor @ 82 found.
 glBlendEquation @ 83 found.
 glGenQueries @ 84 found.
 glDeleteQueries @ 85 found.
 glIsQuery @ 86 found.
 glBeginQuery @ 87 found.
 glEndQuery @ 88 found.
 glGetQueryiv @ 89 found.
 glGetQueryObjectiv @ 90 found.
 glGetQueryObjectuiv @ 91 found.
 glBindBuffer @ 92 found.
 glDeleteBuffers @ 93 found.
 glGenBuffers @ 94 found.
 glIsBuffer @ 95 found.
 glBufferData @ 96 found.
 glBufferSubData @ 97 found.
 glGetBufferSubData @ 98 found.
 glMapBuffer @ 99 found.
 glUnmapBuffer @ 100 found.
 glGetBufferParameteriv @ 101 found.
 glGetBufferPointerv @ 102 found.
 glBlendEquationSeparate @ 103 found.
 glDrawBuffers @ 104 found.
 glStencilOpSeparate @ 105 found.
 glStencilFuncSeparate @ 106 found.
 glStencilMaskSeparate @ 107 found.
 glAttachShader @ 108 found.
 glBindAttribLocation @ 109 found.
 glCompileShader @ 110 found.
 glCreateProgram @ 111 found.
 glCreateShader @ 112 found.
 glDeleteProgram @ 113 found.
 glDeleteShader @ 114 found.
 glDetachShader @ 115 found.
 glDisableVertexAttribArray @ 116 found.
 glEnableVertexAttribArray @ 117 found.
 glGetActiveAttrib @ 118 found.
 glGetActiveUniform @ 119 found.
 glGetAttachedShaders @ 120 found.
 glGetAttribLocation @ 121 found.
 glGetProgramiv @ 122 found.
 glGetProgramInfoLog @ 123 found.
 glGetShaderiv @ 124 found.
 glGetShaderInfoLog @ 125 found.
 glGetShaderSource @ 126 found.
 glGetUniformLocation @ 127 found.
 glGetUniformfv @ 128 found.
 glGetUniformiv @ 129 found.
 glGetVertexAttribdv @ 130 found.
 glGetVertexAttribfv @ 131 found.
 glGetVertexAttribiv @ 132 found.
 glGetVertexAttribPointerv @ 133 found.
 glIsProgram @ 134 found.
 glIsShader @ 135 found.
 glLinkProgram @ 136 found.
 glShaderSource @ 137 found.
 glUseProgram @ 138 found.
 glUniform1f @ 139 found.
 glUniform2f @ 140 found.
 glUniform3f @ 141 found.
 glUniform4f @ 142 found.
 glUniform1i @ 143 found.
 glUniform2i @ 144 found.
 glUniform3i @ 145 found.
 glUniform4i @ 146 found.
 glUniform1fv @ 147 found.
 glUniform2fv @ 148 found.
 glUniform3fv @ 149 found.
 glUniform4fv @ 150 found.
 glUniform1iv @ 151 found.
 glUniform2iv @ 152 found.
 glUniform3iv @ 153 found.
 glUniform4iv @ 154 found.
 glUniformMatrix2fv @ 155 found.
 glUniformMatrix3fv @ 156 found.
 glUniformMatrix4fv @ 157 found.
 glValidateProgram @ 158 found.
 glVertexAttrib1d @ 159 found.
 glVertexAttrib1dv @ 160 found.
 glVertexAttrib1f @ 161 found.
 glVertexAttrib1fv @ 162 found.
 glVertexAttrib1s @ 163 found.
 glVertexAttrib1sv @ 164 found.
 glVertexAttrib2d @ 165 found.
 glVertexAttrib2dv @ 166 found.
 glVertexAttrib2f @ 167 found.
 glVertexAttrib2fv @ 168 found.
 glVertexAttrib2s @ 169 found.
 glVertexAttrib2sv @ 170 found.
 glVertexAttrib3d @ 171 found.
 glVertexAttrib3dv @ 172 found.
 glVertexAttrib3f @ 173 found.
 glVertexAttrib3fv @ 174 found.
 glVertexAttrib3s @ 175 found.
 glVertexAttrib3sv @ 176 found.
 glVertexAttrib4Nbv @ 177 found.
 glVertexAttrib4Niv @ 178 found.
 glVertexAttrib4Nsv @ 179 found.
 glVertexAttrib4Nub @ 180 found.
 glVertexAttrib4Nubv @ 181 found.
 glVertexAttrib4Nuiv @ 182 found.
 glVertexAttrib4Nusv @ 183 found.
 glVertexAttrib4bv @ 184 found.
 glVertexAttrib4d @ 185 found.
 glVertexAttrib4dv @ 186 found.
 glVertexAttrib4f @ 187 found.
 glVertexAttrib4fv @ 188 found.
 glVertexAttrib4iv @ 189 found.
 glVertexAttrib4s @ 190 found.
 glVertexAttrib4sv @ 191 found.
 glVertexAttrib4ubv @ 192 found.
 glVertexAttrib4uiv @ 193 found.
 glVertexAttrib4usv @ 194 found.
 glVertexAttribPointer @ 195 found.
 glUniformMatrix2x3fv @ 196 found.
 glUniformMatrix3x2fv @ 197 found.
 glUniformMatrix2x4fv @ 198 found.
 glUniformMatrix4x2fv @ 199 found.
 glUniformMatrix3x4fv @ 200 found.
 glUniformMatrix4x3fv @ 201 found.
 glColorMaski @ 202 found.
 glGetBooleani_v @ 203 found.
 glGetIntegeri_v @ 204 found.
 glEnablei @ 205 found.
 glDisablei @ 206 found.
 glIsEnabledi @ 207 found.
 glBeginTransformFeedback @ 208 found.
 glEndTransformFeedback @ 209 found.
 glBindBufferRange @ 210 found.
 glBindBufferBase @ 211 found.
 glTransformFeedbackVaryings @ 212 found.
 glGetTransformFeedbackVarying @ 213 found.
 glClampColor @ 214 found.
 glBeginConditionalRender @ 215 found.
 glEndConditionalRender @ 216 found.
 glVertexAttribIPointer @ 217 found.
 glGetVertexAttribIiv @ 218 found.
 glGetVertexAttribIuiv @ 219 found.
 glVertexAttribI1i @ 220 found.
 glVertexAttribI2i @ 221 found.
 glVertexAttribI3i @ 222 found.
 glVertexAttribI4i @ 223 found.
 glVertexAttribI1ui @ 224 found.
 glVertexAttribI2ui @ 225 found.
 glVertexAttribI3ui @ 226 found.
 glVertexAttribI4ui @ 227 found.
 glVertexAttribI1iv @ 228 found.
 glVertexAttribI2iv @ 229 found.
 glVertexAttribI3iv @ 230 found.
 glVertexAttribI4iv @ 231 found.
 glVertexAttribI1uiv @ 232 found.
 glVertexAttribI2uiv @ 233 found.
 glVertexAttribI3uiv @ 234 found.
 glVertexAttribI4uiv @ 235 found.
 glVertexAttribI4bv @ 236 found.
 glVertexAttribI4sv @ 237 found.
 glVertexAttribI4ubv @ 238 found.
 glVertexAttribI4usv @ 239 found.
 glGetUniformuiv @ 240 found.
 glBindFragDataLocation @ 241 found.
 glGetFragDataLocation @ 242 found.
 glUniform1ui @ 243 found.
 glUniform2ui @ 244 found.
 glUniform3ui @ 245 found.
 glUniform4ui @ 246 found.
 glUniform1uiv @ 247 found.
 glUniform2uiv @ 248 found.
 glUniform3uiv @ 249 found.
 glUniform4uiv @ 250 found.
 glTexParameterIiv @ 251 found.
 glTexParameterIuiv @ 252 found.
 glGetTexParameterIiv @ 253 found.
 glGetTexParameterIuiv @ 254 found.
 glClearBufferiv @ 255 found.
 glClearBufferuiv @ 256 found.
 glClearBufferfv @ 257 found.
 glClearBufferfi @ 258 found.
 glGetStringi @ 259 found.
 glIsRenderbuffer @ 260 found.
 glBindRenderbuffer @ 261 found.
 glDeleteRenderbuffers @ 262 found.
 glGenRenderbuffers @ 263 found.
 glRenderbufferStorage @ 264 found.
 glGetRenderbufferParameteriv @ 265 found.
 glIsFramebuffer @ 266 found.
 glBindFramebuffer @ 267 found.
 glDeleteFramebuffers @ 268 found.
 glGenFramebuffers @ 269 found.
 glCheckFramebufferStatus @ 270 found.
 glFramebufferTexture1D @ 271 found.
 glFramebufferTexture2D @ 272 found.
 glFramebufferTexture3D @ 273 found.
 glFramebufferRenderbuffer @ 274 found.
 glGetFramebufferAttachmentParameteriv @ 275 found.
 glGenerateMipmap @ 276 found.
 glBlitFramebuffer @ 277 found.
 glRenderbufferStorageMultisample @ 278 found.
 glFramebufferTextureLayer @ 279 found.
 glMapBufferRange @ 280 found.
 glFlushMappedBufferRange @ 281 found.
 glBindVertexArray @ 282 found.
 glDeleteVertexArrays @ 283 found.
 glGenVertexArrays @ 284 found.
 glIsVertexArray @ 285 found.
 glDrawArraysInstanced @ 286 found.
 glDrawElementsInstanced @ 287 found.
 glTexBuffer @ 288 found.
 glPrimitiveRestartIndex @ 289 found.
 glCopyBufferSubData @ 290 found.
 glGetUniformIndices @ 291 found.
 glGetActiveUniformsiv @ 292 found.
 glGetActiveUniformName @ 293 found.
 glGetUniformBlockIndex @ 294 found.
 glGetActiveUniformBlockiv @ 295 found.
 glGetActiveUniformBlockName @ 296 found.
 glUniformBlockBinding @ 297 found.
 glDrawElementsBaseVertex @ 298 found.
 glDrawRangeElementsBaseVertex @ 299 found.
 glDrawElementsInstancedBaseVertex @ 300 found.
 glMultiDrawElementsBaseVertex @ 301 found.
 glProvokingVertex @ 302 found.
 glFenceSync @ 303 found.
 glIsSync @ 304 found.
 glDeleteSync @ 305 found.
 glClientWaitSync @ 306 found.
 glWaitSync @ 307 found.
 glGetInteger64v @ 308 found.
 glGetSynciv @ 309 found.
 glGetInteger64i_v @ 310 found.
 glGetBufferParameteri64v @ 311 found.
 glFramebufferTexture @ 312 found.
 glTexImage2DMultisample @ 313 found.
 glTexImage3DMultisample @ 314 found.
 glGetMultisamplefv @ 315 found.
 glSampleMaski @ 316 found.
 glBindFragDataLocationIndexed @ 317 found.
 glGetFragDataIndex @ 318 found.
 glGenSamplers @ 319 found.
 glDeleteSamplers @ 320 found.
 glIsSampler @ 321 found.
 glBindSampler @ 322 found.
 glSamplerParameteri @ 323 found.
 glSamplerParameteriv @ 324 found.
 glSamplerParameterf @ 325 found.
 glSamplerParameterfv @ 326 found.
 glSamplerParameterIiv @ 327 found.
 glSamplerParameterIuiv @ 328 found.
 glGetSamplerParameteriv @ 329 found.
 glGetSamplerParameterIiv @ 330 found.
 glGetSamplerParameterfv @ 331 found.
 glGetSamplerParameterIuiv @ 332 found.
 glQueryCounter @ 333 found.
 glGetQueryObjecti64v @ 334 found.
 glGetQueryObjectui64v @ 335 found.
 glVertexAttribDivisor @ 336 found.
 glVertexAttribP1ui @ 337 found.
 glVertexAttribP1uiv @ 338 found.
 glVertexAttribP2ui @ 339 found.
 glVertexAttribP2uiv @ 340 found.
 glVertexAttribP3ui @ 341 found.
 glVertexAttribP3uiv @ 342 found.
 glVertexAttribP4ui @ 343 found.
 glVertexAttribP4uiv @ 344 found.
 glMinSampleShading @ 345 found.
 glBlendEquationi @ 346 found.
 glBlendEquationSeparatei @ 347 found.
 glBlendFunci @ 348 found.
 glBlendFuncSeparatei @ 349 found.
 glDrawArraysIndirect @ 350 found.
 glDrawElementsIndirect @ 351 found.
 glUniform1d @ 352 found.
 glUniform2d @ 353 found.
 glUniform3d @ 354 found.
 glUniform4d @ 355 found.
 glUniform1dv @ 356 found.
 glUniform2dv @ 357 found.
 glUniform3dv @ 358 found.
 glUniform4dv @ 359 found.
 glUniformMatrix2dv @ 360 found.
 glUniformMatrix3dv @ 361 found.
 glUniformMatrix4dv @ 362 found.
 glUniformMatrix2x3dv @ 363 found.
 glUniformMatrix2x4dv @ 364 found.
 glUniformMatrix3x2dv @ 365 found.
 glUniformMatrix3x4dv @ 366 found.
 glUniformMatrix4x2dv @ 367 found.
 glUniformMatrix4x3dv @ 368 found.
 glGetUniformdv @ 369 found.
 glGetSubroutineUniformLocation @ 370 found.
 glGetSubroutineIndex @ 371 found.
 glGetActiveSubroutineUniformiv @ 372 found.
 glGetActiveSubroutineUniformName @ 373 found.
 glGetActiveSubroutineName @ 374 found.
 glUniformSubroutinesuiv @ 375 found.
 glGetUniformSubroutineuiv @ 376 found.
 glGetProgramStageiv @ 377 found.
 glPatchParameteri @ 378 found.
 glPatchParameterfv @ 379 found.
 glBindTransformFeedback @ 380 found.
 glDeleteTransformFeedbacks @ 381 found.
 glGenTransformFeedbacks @ 382 found.
 glIsTransformFeedback @ 383 found.
 glPauseTransformFeedback @ 384 found.
 glResumeTransformFeedback @ 385 found.
 glDrawTransformFeedback @ 386 found.
 glDrawTransformFeedbackStream @ 387 found.
 glBeginQueryIndexed @ 388 found.
 glEndQueryIndexed @ 389 found.
 glGetQueryIndexediv @ 390 found.
 glReleaseShaderCompiler @ 391 found.
 glShaderBinary @ 392 found.
 glGetShaderPrecisionFormat @ 393 found.
 glDepthRangef @ 394 found.
 glClearDepthf @ 395 found.
 glGetProgramBinary @ 396 found.
 glProgramBinary @ 397 found.
 glProgramParameteri @ 398 found.
 glUseProgramStages @ 399 found.
 glActiveShaderProgram @ 400 found.
 glCreateShaderProgramv @ 401 found.
 glBindProgramPipeline @ 402 found.
 glDeleteProgramPipelines @ 403 found.
 glGenProgramPipelines @ 404 found.
 glIsProgramPipeline @ 405 found.
 glGetProgramPipelineiv @ 406 found.
 glProgramUniform1i @ 407 found.
 glProgramUniform1iv @ 408 found.
 glProgramUniform1f @ 409 found.
 glProgramUniform1fv @ 410 found.
 glProgramUniform1d @ 411 found.
 glProgramUniform1dv @ 412 found.
 glProgramUniform1ui @ 413 found.
 glProgramUniform1uiv @ 414 found.
 glProgramUniform2i @ 415 found.
 glProgramUniform2iv @ 416 found.
 glProgramUniform2f @ 417 found.
 glProgramUniform2fv @ 418 found.
 glProgramUniform2d @ 419 found.
 glProgramUniform2dv @ 420 found.
 glProgramUniform2ui @ 421 found.
 glProgramUniform2uiv @ 422 found.
 glProgramUniform3i @ 423 found.
 glProgramUniform3iv @ 424 found.
 glProgramUniform3f @ 425 found.
 glProgramUniform3fv @ 426 found.
 glProgramUniform3d @ 427 found.
 glProgramUniform3dv @ 428 found.
 glProgramUniform3ui @ 429 found.
 glProgramUniform3uiv @ 430 found.
 glProgramUniform4i @ 431 found.
 glProgramUniform4iv @ 432 found.
 glProgramUniform4f @ 433 found.
 glProgramUniform4fv @ 434 found.
 glProgramUniform4d @ 435 found.
 glProgramUniform4dv @ 436 found.
 glProgramUniform4ui @ 437 found.
 glProgramUniform4uiv @ 438 found.
 glProgramUniformMatrix2fv @ 439 found.
 glProgramUniformMatrix3fv @ 440 found.
 glProgramUniformMatrix4fv @ 441 found.
 glProgramUniformMatrix2dv @ 442 found.
 glProgramUniformMatrix3dv @ 443 found.
 glProgramUniformMatrix4dv @ 444 found.
 glProgramUniformMatrix2x3fv @ 445 found.
 glProgramUniformMatrix3x2fv @ 446 found.
 glProgramUniformMatrix2x4fv @ 447 found.
 glProgramUniformMatrix4x2fv @ 448 found.
 glProgramUniformMatrix3x4fv @ 449 found.
 glProgramUniformMatrix4x3fv @ 450 found.
 glProgramUniformMatrix2x3dv @ 451 found.
 glProgramUniformMatrix3x2dv @ 452 found.
 glProgramUniformMatrix2x4dv @ 453 found.
 glProgramUniformMatrix4x2dv @ 454 found.
 glProgramUniformMatrix3x4dv @ 455 found.
 glProgramUniformMatrix4x3dv @ 456 found.
 glValidateProgramPipeline @ 457 found.
 glGetProgramPipelineInfoLog @ 458 found.
 glVertexAttribL1d @ 459 found.
 glVertexAttribL2d @ 460 found.
 glVertexAttribL3d @ 461 found.
 glVertexAttribL4d @ 462 found.
 glVertexAttribL1dv @ 463 found.
 glVertexAttribL2dv @ 464 found.
 glVertexAttribL3dv @ 465 found.
 glVertexAttribL4dv @ 466 found.
 glVertexAttribLPointer @ 467 found.
 glGetVertexAttribLdv @ 468 found.
 glViewportArrayv @ 469 found.
 glViewportIndexedf @ 470 found.
 glViewportIndexedfv @ 471 found.
 glScissorArrayv @ 472 found.
 glScissorIndexed @ 473 found.
 glScissorIndexedv @ 474 found.
 glDepthRangeArrayv @ 475 found.
 glDepthRangeIndexed @ 476 found.
 glGetFloati_v @ 477 found.
 glGetDoublei_v @ 478 found.
 glDrawArraysInstancedBaseInstance @ 479 found.
 glDrawElementsInstancedBaseInstance @ 480 found.
 glDrawElementsInstancedBaseVertexBaseInstance @ 481 found.
 glGetInternalformativ @ 482 found.
 glGetActiveAtomicCounterBufferiv @ 483 found.
 glBindImageTexture @ 484 found.
 glMemoryBarrier @ 485 found.
 glTexStorage1D @ 486 found.
 glTexStorage2D @ 487 found.
 glTexStorage3D @ 488 found.
 glDrawTransformFeedbackInstanced @ 489 found.
 glDrawTransformFeedbackStreamInstanced @ 490 found.
 glDispatchCompute @ 493 found.
 glDispatchComputeIndirect @ 494 found.
 glFramebufferParameteri @ 496 found.
 glGetFramebufferParameteriv @ 497 found.
 glGetInternalformati64v @ 498 found.
 glInvalidateFramebuffer @ 503 found.
 glInvalidateSubFramebuffer @ 504 found.
 glMultiDrawArraysIndirect @ 505 found.
 glMultiDrawElementsIndirect @ 506 found.
 glGetProgramInterfaceiv @ 507 found.
 glGetProgramResourceIndex @ 508 found.
 glGetProgramResourceName @ 509 found.
 glGetProgramResourceiv @ 510 found.
 glGetProgramResourceLocation @ 511 found.
 glGetProgramResourceLocationIndex @ 512 found.
 glShaderStorageBlockBinding @ 513 found.
 glTexBufferRange @ 514 found.
 glTexStorage2DMultisample @ 515 found.
 glTexStorage3DMultisample @ 516 found.
 glBindVertexBuffer @ 518 found.
 glVertexAttribFormat @ 519 found.
 glVertexAttribIFormat @ 520 found.
 glVertexAttribLFormat @ 521 found.
 glVertexAttribBinding @ 522 found.
 glVertexBindingDivisor @ 523 found.
 glDebugMessageControl @ 524 found.
 glDebugMessageInsert @ 525 found.
 glDebugMessageCallback @ 526 found.
 glGetDebugMessageLog @ 527 found.
 glPushDebugGroup @ 528 found.
 glPopDebugGroup @ 529 found.
 glObjectLabel @ 530 found.
 glGetObjectLabel @ 531 found.
 glObjectPtrLabel @ 532 found.
 glGetObjectPtrLabel @ 533 found.
 glBufferStorage @ 534 found.
 glClipControl @ 543 found.
 glNamedBufferStorage @ 551 found.
 glTextureBufferRange @ 589 found.
 glTextureParameteri @ 606 found.
 glMemoryBarrierByRegion @ 641 found.
 glGetGraphicsResetStatus @ 644 found.
 glGetnCompressedTexImage @ 645 found.
 glGetnTexImage @ 646 found.
 glGetnUniformdv @ 647 found.
 glGetnUniformfv @ 648 found.
 glGetnUniformiv @ 649 found.
 glGetnUniformuiv @ 650 found.
 glReadnPixels @ 651 found.
New draw driver registered.
Name: 4DGL
Author: SIGMA Technology Group
Version: 0.7.2
Note: 
     .::::         :::::::::         ::::::::        :::        
    :+:+:+         :+:    :+:       :+:    :+:       :+:        
   +:+ +:+         +:+    +:+       +:+              +:+        
  +#+  +:+         +#+    +:+       :#:              +#+        
 +#+#+#+#+#+       +#+    +#+       +#+   +#+#       +#+        
       #+#         #+#    #+#       #+#    #+#       #+#        
       ###         #########         ########        ########## 
 Loading draw ICDs...
 afxModule.c:62?AfxAcquireModule(uri=e2draw.icd)
 afxModule.c:62?AfxAcquireModule(uri=e2newton.icd)
 afxClass<afxModule>::AllocateObjects(1, 002cec44, 002cec78)
 afxClass<afxModule>::BuildObjects(1, 002cec44, 002ced1c)
 afxClass<afxModule>::ConstructObject(0310b190)
 afxModule.c:130?_AfxMdleCtor(uri:e2newton.icd)
 afxDrawThread.c:37?AfxAcquireDrawThreads(spec=00000000,cnt=2)
 afxClass<afxDrawThread>::AllocateObjects(1, 002cefc4, 002cee98)
 afxClass<afxDrawThread>::BuildObjects(1, 002cefc4, 00000000)
 afxClass<afxDrawThread, afxThread>ConstructingObject(031718e0)
 afxClass<afxThread>::ConstructObject(031718e0)
 afxThread.c:1195?_AfxThrCtor(031718e0)
 afxClass<afxDrawThread>::ConstructObject(031718e0)
 afxDrawThread.c:130?_AfxDthrCtor(dthr=031718e0)
 afxClass<afxDrawThread>::AllocateObjects(1, 002cefc8, 002cee98)
 afxClass<afxDrawThread>::BuildObjects(1, 002cefc8, 00000000)
 afxClass<afxDrawThread, afxThread>ConstructingObject(0074b3b0)
 afxClass<afxThread>::ConstructObject(0074b3b0)
 afxThread.c:1195?_AfxThrCtor(0074b3b0)
 afxClass<afxDrawThread>::ConstructObject(0074b3b0)
 afxDrawThread.c:130?_AfxDthrCtor(dthr=0074b3b0)
 afxThread.c:1102?AfxRunThread(thr=031718e0)
 afxThread.c:1102?AfxRunThread(thr=0074b3b0)
 afxDrawContext.c:535?AfxAcquireDrawContexts(spec=002cf3d4,cnt=1)
 afxClass<afxDrawContext>::AllocateObjects(1, 00345038, 002cf310)
 afxClass<afxDrawContext>::BuildObjects(1, 00345038, 002cf3d4)
 afxClass<afxDrawContext>::ConstructObject(0476e420)
 afxDrawContext.c:614?_AfxDctxCtor(dctx=0476e420)
 afxArena.c:751?AfxAcquireArena(aren=0476ecb8)
 afxArena.c:752?AfxAcquireArena(spec=00000000,hint="afxDrawContext.c:633!_AfxDctxCtor")
 afxClass<afxBuffer>::Mount(0476e774, 0476e460, 00000000, 77759458)
 afxClass<afxVertexBuffer>::Mount(0476e834, 0476e460, 0476e774, 7775ab0c)
 afxClass<afxIndexBuffer>::Mount(0476e8f4, 0476e460, 0476e774, 77759724)
 afxClass<afxSampler>::Mount(0476e9b4, 0476e460, 00000000, 77759b24)
 afxClass<afxTexture>::Mount(0476ea74, 0476e460, 00000000, 7775a2e8)
 afxClass<afxSurface>::Mount(0476eb34, 0476e460, 0476ea74, 7775a16c)
 afxClass<afxShader>::Mount(0476ebf4, 0476e460, 00000000, 77759d44)
 afxClass<afxCanvas>::Mount(0476e474, 0476e460, 00000000, 777582b0)
 afxClass<afxPipeline>::Mount(0476e534, 0476e460, 00000000, 77758fa0)
 afxClass<afxDrawOperation>::Mount(0476e6b4, 0476e460, 00000000, 77758730)
 afxClass<afxLego>::Mount(0476e5f4, 0476e460, 00000000, 77758d4c)
 sglDrawContext.c:272?_SglDdrvVmtDctxCb(dctx=0476e420)
 Uploading draw operation 'data/pipeline/rgbaToRgba.xml'
 afxXml.c:960?AfxLoadXml(uri:data/pipeline/rgbaToRgba.xml)
 afxFile.c:328?AfxOpenFile(00000001,data/pipeline/rgbaToRgba.xml)
 afxClass<afxFile>::AllocateObjects(1, 002ce5a4, 002ce5b4)
 afxClass<afxFile>::BuildObjects(1, 002ce5a4, 002ce59c)
 afxClass<afxFile>::ConstructObject(03182820)
 afxStream.c:585?AfxAcquireStream(ios=03182854,flags=1,start=00000000,len=0)
 afxClass<afxFile>::DismantleObjects(1, 002ce5f4)
 Destructing instance 03182820 of afxFile class.
 afxClass<afxFile>::DeallocateObjects(1, 002ce5f4)
 afxClass<afxDrawOperation>::AllocateObjects(1, 0074b6f8, 002ce5ec)
 afxClass<afxDrawOperation>::BuildObjects(1, 0074b6f8, 002ce870)
 afxClass<afxDrawOperation>::ConstructObject(0477de20)
 afxDrawOperation.c:643?_AfxDopCtor(dop=0477de20)
 afxPipeline.c:365?AfxBuildPipelines(dctx=0476e420)
 afxClass<afxPipeline>::AllocateObjects(1, 0470d968, 002cdf94)
 afxClass<afxPipeline>::BuildObjects(1, 0470d968, 002ce088)
 afxClass<afxPipeline>::ConstructObject(0317e100)
 afxPipeline.c:437?_AfxPipCtor(pip=0317e100)
 afxShader.c:535?AfxAcquireShaders(cnt=1,uri=046ea710,shd=002cd9f8)
 Uploading shader 'data/pipeline/rgbaToRgba.xml?vs'
 afxXml.c:960?AfxLoadXml(uri:data/pipeline/rgbaToRgba.xml)
 afxFile.c:328?AfxOpenFile(00000001,data/pipeline/rgbaToRgba.xml)
 afxClass<afxFile>::AllocateObjects(1, 002cd278, 002cd288)
 afxClass<afxFile>::BuildObjects(1, 002cd278, 002cd270)
 afxClass<afxFile>::ConstructObject(046e3960)
 afxStream.c:585?AfxAcquireStream(ios=046e3994,flags=1,start=00000000,len=0)
 afxClass<afxFile>::DismantleObjects(1, 002cd2c8)
 Destructing instance 046e3960 of afxFile class.
 afxClass<afxFile>::DeallocateObjects(1, 002cd2c8)
 afxFile.c:348?AfxOpenReadableFile(data/pipeline/stdEnv.inc)
 afxClass<afxFile>::AllocateObjects(1, 002cd064, 002cd074)
 afxClass<afxFile>::BuildObjects(1, 002cd064, 002cd05c)
 afxClass<afxFile>::ConstructObject(0074c800)
 afxStream.c:585?AfxAcquireStream(ios=0074c834,flags=5,start=00000000,len=0)
 afxClass<afxFile>::DismantleObjects(1, 002cd0b4)
 Destructing instance 0074c800 of afxFile class.
 afxClass<afxFile>::DeallocateObjects(1, 002cd0b4)
 afxShader.c:382?AfxBuildShaders(cnt=1,blueprint=002cd5c4,shd=002cd9f8)
 afxClass<afxShader>::AllocateObjects(1, 002cd9f8, 002cd2c0)
 afxClass<afxShader>::BuildObjects(1, 002cd9f8, 002cd5c4)
 afxClass<afxShader>::ConstructObject(046ea840)
 afxShader.c:645?_AfxShdCtor(shd=046ea840)
 #version 330 core // QWADRO. Engineered by SIGMA Technology Group.

#define afxInt int
#define afxNat uint

#define afxReal float

#define afxV2d vec2
#define afxV3d vec3
#define afxV4d vec4

#define afxM2d mat2
#define afxM3d mat3
#define afxM4d mat4

        
        layout(location = 0) in vec2 a_xy;

        out block
        {
            vec2 uv0;
        } sgl_v;

        void main()
        {
            gl_Position = vec4(a_xy, 0.0, 1.0);
            sgl_v.uv0 = vec2(gl_Position.xy * 0.5 + 0.5).xy;
        }
       
 sglShader.c:134?_AfxShdCtor(shd=046ea840)
 afxObject<046ea840>::InstallEventFilter(0317e100)
 afxShader.c:535?AfxAcquireShaders(cnt=1,uri=046ea7b0,shd=002cd9f8)
 Uploading shader 'data/pipeline/rgbaToRgba.xml?fs'
 afxXml.c:960?AfxLoadXml(uri:data/pipeline/rgbaToRgba.xml)
 afxFile.c:328?AfxOpenFile(00000001,data/pipeline/rgbaToRgba.xml)
 afxClass<afxFile>::AllocateObjects(1, 002cd278, 002cd288)
 afxClass<afxFile>::BuildObjects(1, 002cd278, 002cd270)
 afxClass<afxFile>::ConstructObject(046e3960)
 afxStream.c:585?AfxAcquireStream(ios=046e3994,flags=1,start=00000000,len=0)
 afxClass<afxFile>::DismantleObjects(1, 002cd2c8)
 Destructing instance 046e3960 of afxFile class.
 afxClass<afxFile>::DeallocateObjects(1, 002cd2c8)
 afxFile.c:348?AfxOpenReadableFile(data/pipeline/stdEnv.inc)
 afxClass<afxFile>::AllocateObjects(1, 002cd064, 002cd074)
 afxClass<afxFile>::BuildObjects(1, 002cd064, 002cd05c)
 afxClass<afxFile>::ConstructObject(046e3960)
 afxStream.c:585?AfxAcquireStream(ios=046e3994,flags=5,start=00000000,len=0)
 afxClass<afxFile>::DismantleObjects(1, 002cd0b4)
 Destructing instance 046e3960 of afxFile class.
 afxClass<afxFile>::DeallocateObjects(1, 002cd0b4)
 afxShader.c:382?AfxBuildShaders(cnt=1,blueprint=002cd5c4,shd=002cd9f8)
 afxClass<afxShader>::AllocateObjects(1, 002cd9f8, 002cd2c0)
 afxClass<afxShader>::BuildObjects(1, 002cd9f8, 002cd5c4)
 afxClass<afxShader>::ConstructObject(0074c890)
 afxShader.c:645?_AfxShdCtor(shd=0074c890)
 #version 330 core // QWADRO. Engineered by SIGMA Technology Group.

#define afxInt int
#define afxNat uint

#define afxReal float

#define afxV2d vec2
#define afxV3d vec3
#define afxV4d vec4

#define afxM2d mat2
#define afxM3d mat3
#define afxM4d mat4

        
        uniform sampler2D samp;

        in block
        {
            vec2 uv0;
        } sgl_v;

        out vec4 sgl_rgba;

        void main()
        {
            sgl_rgba = texture(samp, sgl_v.uv0);
        }
       
 sglShader.c:134?_AfxShdCtor(shd=0074c890)
 afxObject<0074c890>::InstallEventFilter(0317e100)
 afxLego.c:202?AfxBuildLegos(dctx=0476e420)
 ERR afxDrawContext.c:169?AfxGetLegoClass
    
 ERR afxDrawContext.c:169?AfxGetLegoClass
    (var_)
    Invalid
 afxClass<afxLego>::AllocateObjects(1, 0471ca64, 002cd840)
 afxClass<afxLego>::BuildObjects(1, 0471ca64, 002cdbb4)
 afxClass<afxLego>::ConstructObject(046e3a00)
 afxLego.c:259?_AfxLegtCtor(legt=046e3a00)
 sglPipeline.c:293?_AfxPipCtor(pip=0317e100)
 afxPipeline.c:365?AfxBuildPipelines(dctx=0476e420)
 afxClass<afxPipeline>::AllocateObjects(1, 0470d9c8, 002cdf94)
 afxClass<afxPipeline>::BuildObjects(1, 0470d9c8, 002ce088)
 afxClass<afxPipeline>::ConstructObject(0473bc50)
 afxPipeline.c:437?_AfxPipCtor(pip=0473bc50)
 afxShader.c:535?AfxAcquireShaders(cnt=1,uri=046e3a90,shd=002cd9f8)
 Uploading shader 'data/pipeline/rgbaToRgba.xml?vsFlippedY'
 afxXml.c:960?AfxLoadXml(uri:data/pipeline/rgbaToRgba.xml)
 afxFile.c:328?AfxOpenFile(00000001,data/pipeline/rgbaToRgba.xml)
 afxClass<afxFile>::AllocateObjects(1, 002cd278, 002cd288)
 afxClass<afxFile>::BuildObjects(1, 002cd278, 002cd270)
 afxClass<afxFile>::ConstructObject(0473bf20)
 afxStream.c:585?AfxAcquireStream(ios=0473bf54,flags=1,start=00000000,len=0)
 afxClass<afxFile>::DismantleObjects(1, 002cd2c8)
 Destructing instance 0473bf20 of afxFile class.
 afxClass<afxFile>::DeallocateObjects(1, 002cd2c8)
 afxFile.c:348?AfxOpenReadableFile(data/pipeline/stdEnv.inc)
 afxClass<afxFile>::AllocateObjects(1, 002cd064, 002cd074)
 afxClass<afxFile>::BuildObjects(1, 002cd064, 002cd05c)
 afxClass<afxFile>::ConstructObject(0473bf20)
 afxStream.c:585?AfxAcquireStream(ios=0473bf54,flags=5,start=00000000,len=0)
 afxClass<afxFile>::DismantleObjects(1, 002cd0b4)
 Destructing instance 0473bf20 of afxFile class.
 afxClass<afxFile>::DeallocateObjects(1, 002cd0b4)
 afxShader.c:382?AfxBuildShaders(cnt=1,blueprint=002cd5c4,shd=002cd9f8)
 afxClass<afxShader>::AllocateObjects(1, 002cd9f8, 002cd2c0)
 afxClass<afxShader>::BuildObjects(1, 002cd9f8, 002cd5c4)
 afxClass<afxShader>::ConstructObject(0473bf20)
 afxShader.c:645?_AfxShdCtor(shd=0473bf20)
 #version 330 core // QWADRO. Engineered by SIGMA Technology Group.

#define afxInt int
#define afxNat uint

#define afxReal float

#define afxV2d vec2
#define afxV3d vec3
#define afxV4d vec4

#define afxM2d mat2
#define afxM3d mat3
#define afxM4d mat4

        
        const mat4 m = mat4(1, 0, 0, 0, 0, -1, 0, 0, 0, 0, 1, 0, 0, 0, 0, 1);
        
        layout(location = 0) in vec2 a_xy;
        
        out block
        {
            vec2 uv0;
        } sgl_v;

        void main()
        {
            gl_Position = vec4(a_xy, 0.0, 1.0);
            sgl_v.uv0 = vec2(m * vec4(gl_Position.xy * 0.5 + 0.5, 0, 1)).xy;
        }
       
 sglShader.c:134?_AfxShdCtor(shd=0473bf20)
 afxObject<0473bf20>::InstallEventFilter(0473bc50)
 afxShader.c:535?AfxAcquireShaders(cnt=1,uri=046ea710,shd=002cd9f8)
 Uploading shader 'data/pipeline/rgbaToRgba.xml?fs'
 afxXml.c:960?AfxLoadXml(uri:data/pipeline/rgbaToRgba.xml)
 afxFile.c:328?AfxOpenFile(00000001,data/pipeline/rgbaToRgba.xml)
 afxClass<afxFile>::AllocateObjects(1, 002cd278, 002cd288)
 afxClass<afxFile>::BuildObjects(1, 002cd278, 002cd270)
 afxClass<afxFile>::ConstructObject(046e7a70)
 afxStream.c:585?AfxAcquireStream(ios=046e7aa4,flags=1,start=00000000,len=0)
 afxClass<afxFile>::DismantleObjects(1, 002cd2c8)
 Destructing instance 046e7a70 of afxFile class.
 afxClass<afxFile>::DeallocateObjects(1, 002cd2c8)
 afxFile.c:348?AfxOpenReadableFile(data/pipeline/stdEnv.inc)
 afxClass<afxFile>::AllocateObjects(1, 002cd064, 002cd074)
 afxClass<afxFile>::BuildObjects(1, 002cd064, 002cd05c)
 afxClass<afxFile>::ConstructObject(046e7a70)
 afxStream.c:585?AfxAcquireStream(ios=046e7aa4,flags=5,start=00000000,len=0)
 afxClass<afxFile>::DismantleObjects(1, 002cd0b4)
 Destructing instance 046e7a70 of afxFile class.
 afxClass<afxFile>::DeallocateObjects(1, 002cd0b4)
 afxShader.c:382?AfxBuildShaders(cnt=1,blueprint=002cd5c4,shd=002cd9f8)
 afxClass<afxShader>::AllocateObjects(1, 002cd9f8, 002cd2c0)
 afxClass<afxShader>::BuildObjects(1, 002cd9f8, 002cd5c4)
 afxClass<afxShader>::ConstructObject(046e7a70)
 afxShader.c:645?_AfxShdCtor(shd=046e7a70)
 #version 330 core // QWADRO. Engineered by SIGMA Technology Group.

#define afxInt int
#define afxNat uint

#define afxReal float

#define afxV2d vec2
#define afxV3d vec3
#define afxV4d vec4

#define afxM2d mat2
#define afxM3d mat3
#define afxM4d mat4

        
        uniform sampler2D samp;

        in block
        {
            vec2 uv0;
        } sgl_v;

        out vec4 sgl_rgba;

        void main()
        {
            sgl_rgba = texture(samp, sgl_v.uv0);
        }
       
 sglShader.c:134?_AfxShdCtor(shd=046e7a70)
 afxObject<046e7a70>::InstallEventFilter(0473bc50)
 afxLego.c:202?AfxBuildLegos(dctx=0476e420)
 ERR afxDrawContext.c:169?AfxGetLegoClass
    
 ERR afxDrawContext.c:169?AfxGetLegoClass
    (var_)
    Invalid
 afxClass<afxLego>::AllocateObjects(1, 0471c164, 002cd840)
 afxClass<afxLego>::BuildObjects(1, 0471c164, 002cdbb4)
 afxClass<afxLego>::ConstructObject(046e7b30)
 afxLego.c:259?_AfxLegtCtor(legt=046e7b30)
 sglPipeline.c:293?_AfxPipCtor(pip=0473bc50)
 afxSampler.c:37?AfxAcquireSamplers(cnt=1,spec=002ceda0,spec=0074b6fc)
 afxClass<afxSampler>::AllocateObjects(1, 0074b6fc, 002ceaa0)
 afxClass<afxSampler>::BuildObjects(1, 0074b6fc, 002ceda0)
 afxClass<afxSampler>::ConstructObject(03182820)
 afxSampler.c:95?_AfxSampCtor(samp=03182820)
 sglSampler.c:143?_AfxSmpCtor(smp=03182820)
 afxClass<afxVertexBuffer>::AllocateObjects(1, 0074b700, 002ceaf4)
 afxClass<afxVertexBuffer>::BuildObjects(1, 0074b700, 002ceacc)
 afxClass<afxVertexBuffer, afxBuffer>ConstructingObject(03166940)
 afxClass<afxBuffer>::ConstructObject(03166940)
 afxBuffer.c:231?_AfxBufCtor(buf=03166940)
 sglBuffer.c:329?_SglBufCtor(buf=03166940)
 afxClass<afxVertexBuffer>::ConstructObject(03166940)
 afxVertexBuffer.c:431?_AfxVbufCtor(vbuf=03166940)
 afxDrawQueue.c:299?AfxAcquireDrawQueues(ddrv=00687530,spec=002cef20,cnt=1)
 afxClass<afxDrawQueue>::AllocateObjects(1, 03157460, 002cee20)
 afxClass<afxDrawQueue>::BuildObjects(1, 03157460, 002cef20)
 afxClass<afxDrawQueue>::ConstructObject(0318fe10)
 afxDrawQueue.c:370?_AfxDqueCtor(dque=0318fe10)
 afxArena.c:751?AfxAcquireArena(aren=0318fe94)
 afxArena.c:752?AfxAcquireArena(spec=00000000,hint="afxDrawQueue.c:389!_AfxDqueCtor")
 sglDrawQueue.c:1689?_SglDdrvVmtDqueCb(dque=0318fe10)
 afxApplication.c:216?AfxAcquireApplication(sys=777556d1,spec=002cf408)
 afxClass<afxApplication>::AllocateObjects(1, 002cf320, 002cf330)
 afxClass<afxApplication>::BuildObjects(1, 002cf320, 00000000)
 afxClass<afxApplication, afxThread>ConstructingObject(0470a900)
 afxClass<afxThread>::ConstructObject(0470a900)
 afxThread.c:1195?_AfxThrCtor(0470a900)
 afxClass<afxApplication>::ConstructObject(0470a900)
 afxApplication.c:295?_AfxAppCtor(app=0470a900)
 afxMouse.c:240?AfxAcquireMouse(port=0)
 afxClass<afxMouse>::AllocateObjects(1, 002cef2c, 002cef3c)
 afxClass<afxMouse>::BuildObjects(1, 002cef2c, 002cef28)
 afxClass<afxMouse, afxHid>ConstructingObject(047756c0)
 afxClass<afxHid>::ConstructObject(047756c0)
 afxHid.c:210?_AfxHidCtor(hid=047756c0)
 afxClass<afxMouse>::ConstructObject(047756c0)
 afxMouse.c:295?_AfxMseCtor(mse=047756c0)
 afxDrawInput.c:236?AfxAcquireDrawInputs(spec=002cefd4,cnt=1)
 afxClass<afxDrawInput>::AllocateObjects(1, 0470ab84, 002cef34)
 afxClass<afxDrawInput>::BuildObjects(1, 0470ab84, 002cefd4)
 afxClass<afxDrawInput>::ConstructObject(046e3a90)
 afxDrawInput.c:320?_AfxDinCtor(din=046e3a90)
 afxClass<afxWidget>::Mount(0470a9dc, 0470a9c8, 00000000, 7775c6c0)
 afxClass<afxSimulation>::Mount(0470aa9c, 0470a9c8, 00000000, 7775cf58)
 afxApplication.c:178?AfxRunApplication(app=0470a900)
 afxThread.c:1102?AfxRunThread(thr=0470a900)
 Skybox.c:85?AfxEnterApplication(app=0470a900)
 afxIoSystem.c:384?AfxMountStoragePoints(0067fdb0,1,0252ef9c)
 ERR afxIoSystem.c:411?AfxMountStoragePoints
    
 ERR Skybox.c:99?AfxEnterApplication
    
 ERR Skybox.c:99?AfxEnterApplication
    (rslt == 1)
    Invalid
 afxArchive.c:558?AfxAcquireArchive(Afx.IoSystem.AcquireArchive(1,"art/mnt.zip"))
 afxClass<afxArchive>::AllocateObjects(1, 0252ee10, 0252ee20)
 afxClass<afxArchive>::BuildObjects(1, 0252ee10, 0252ee08)
 afxClass<afxArchive, afxFile>ConstructingObject(0074ff20)
 afxClass<afxFile>::ConstructObject(0074ff20)
 afxStream.c:585?AfxAcquireStream(ios=0074ff54,flags=5,start=00000000,len=0)
 afxClass<afxArchive>::ConstructObject(0074ff20)
 afxArchive.c:604?_AfxArcCtor(arc=0074ff20)
 signature: 0x6054B50
 diskNumber: 0
 centralDirectoryDiskNumber: 0
 numEntriesThisDisk: 2
 numEntries: 2
 centralDirectorySize: 185 0xb9
 centralDirectoryOffset: 514621 0x7da3d
 zipCommentLength: 0
 Archived item 0 -> 514621 0x7da3d
 signature: 33639248 0x2014b50
 versionMadeBy: 63 0x3f
 versionNeededToExtract: 20 0x14
 generalPurposeBitFlag: 0 0
 compressionMethod: 0 0
 lastModFileTime: 1350 0x546
 lastModFileDate: 22171 0x569b
 crc32: 0
 compressedSize: 0
 uncompressedSize: 0
 fileNameLength: 4
 textraFieldLength: 36
 fileCommentLength: 0
 diskNumberStart: 0
 internalFileAttributes: 0
 externalFileAttributes: 0x10
 relativeOffsetOflocalHeader: 0 0
 Archived item 0, 34 0x22
 2023/04/27 00:42:12 #0000 art/
 Archived item 1 -> 514707 0x7da93
 signature: 33639248 0x2014b50
 versionMadeBy: 63 0x3f
 versionNeededToExtract: 10 0xa
 generalPurposeBitFlag: 0 0
 compressionMethod: 0 0
 lastModFileTime: 1423 0x58f
 lastModFileDate: 22171 0x569b
 crc32: 0x594b0260
 compressedSize: 514540
 uncompressedSize: 514540
 fileNameLength: 17
 textraFieldLength: 36
 fileCommentLength: 0
 diskNumberStart: 0
 internalFileAttributes: 0
 externalFileAttributes: 0x20
 relativeOffsetOflocalHeader: 34 0x22
 Archived item 1, 81 0x51
 2023/04/27 00:44:30 #0001 art/worldtest.tga
 afxStream.c:585?AfxAcquireStream(ios=0252ef30,flags=7,start=00000000,len=514540)
 ERR afxArchive.c:461?AfxOpenArchiveItem
    
 afxFile.c:328?AfxOpenFile(00000002,tmp/worldtest.tga)
 afxClass<afxFile>::AllocateObjects(1, 0252ece8, 0252ecf8)
 afxClass<afxFile>::BuildObjects(1, 0252ece8, 0252ece0)
 afxClass<afxFile>::ConstructObject(0318ff40)
 afxStream.c:585?AfxAcquireStream(ios=0318ff74,flags=2,start=00000000,len=0)
 afxClass<afxFile>::DismantleObjects(1, 0252ed38)
 Destructing instance 0318ff40 of afxFile class.
 afxClass<afxFile>::DeallocateObjects(1, 0252ed38)
 afxSimulation.c:376?AfxApplicationAcquireSimulation(app=0470a900,bounding=[[0.000000,0.000000,0.000000,1.000000],[0.000000,0.000000,0.000000,1.000000]])
 afxClass<afxSimulation>::AllocateObjects(1, 0252edd8, 0252ede8)
 afxClass<afxSimulation>::BuildObjects(1, 0252edd8, 0252edd0)
 afxClass<afxSimulation>::ConstructObject(041ddd20)
 afxSimulation.c:297?_AfxSimCtor(sim=041ddd20)
 afxMemory.c:128?AfxAcquireMemory(strategy=0252ea6c,hint="afxSimulation.c:316!_AfxSimCtor")
 afxClass<afxMemory>::AllocateObjects(1, 0252e968, 0252e978)
 afxClass<afxMemory>::BuildObjects(1, 0252e968, 0252e960)
 afxClass<afxMemory>::ConstructObject(0074b4f0)
 afxMemory.c:182?_AfxMemCtor(mem=0074b4f0)
 afxClass<afxMaterial>::Mount(041de128, 041ddd54, 00000000, 7775d650)
 afxClass<afxMesh>::Mount(041de1e8, 041ddd54, 00000000, 7775d970)
 afxClass<afxNode>::Mount(041de428, 041ddd54, 00000000, 7775cb10)
 afxClass<afxSkeleton>::Mount(041de368, 041ddd54, 00000000, 7775e478)
 afxClass<afxModel>::Mount(041de2a8, 041ddd54, 00000000, 7775e204)
 afxClass<afxBody>::Mount(041ddd68, 041ddd54, 00000000, 7775d3f0)
 afxClass<afxBodyControl>::Mount(041dde28, 041ddd54, 00000000, 7775d518)
 afxClass<afxEntity>::Mount(041ddee8, 041ddd54, 041de428, 7775c940)
 afxClass<afxCamera>::Mount(041ddfa8, 041ddd54, 041de428, 7775e9e4)
 afxClass<afxLight>::Mount(041de068, 041ddd54, 041de428, 7775ec2c)
 afxClass<afxRenderer>::Mount(041de4e8, 041ddd54, 00000000, 7775f078)
 afxDrawOutput.c:460?AfxAcquireDrawOutputs(spec=0252f010,cnt=1)
 afxClass<afxDrawOutput>::AllocateObjects(1, 00345034, 0252ee18)
 afxClass<afxDrawOutput>::BuildObjects(1, 00345034, 0252f010)
 afxClass<afxDrawOutput>::ConstructObject(04719c00)
 afxDrawOutput.c:548?_AfxDoutCtor(dout=04719c00)
 sglDrawOutput.c:235?_SglDdrvVmtDoutCb(dout=04719c00,uri=window)
 afxDrawOutput.c:304?AfxRegenerateDrawOutputBuffers(dout=04719c00)
 Draw output (04719c00) extent readjusted to 960x540; 0.500000%:0.500000% of 1920x1080.
 ERR sglDrawOutput.c:295?_SglDdrvVmtDoutCb
    
 ERR afxDrawOutput.c:622?_AfxDoutCtor
    
 ERR afxClass.c:633?_AfxClsRunSubsetCtor
    
 ERR afxClass.c:676?AfxClassBuildObjects
    
 ERR afxClass.c:830?AfxClassAcquireObjects
    
 afxClass<afxDrawOutput>::DeallocateObjects(1, 00345034)
 ERR afxDrawOutput.c:473?AfxAcquireDrawOutputs
    
 ERR Skybox.c:127?AfxEnterApplication
    
 ERR Skybox.c:127?AfxEnterApplication
    (dout)
    Invalid
 ERR afxObject.c:318?AfxObjectAssert
    
 ERR afxObject.c:318?AfxObjectAssert
    (obj)
    Invalid
 ERR afxObject.c:191?AfxObjectTestFcc
    
 ERR afxObject.c:191?AfxObjectTestFcc
    (obj)
    Invalid
 ERR afxObject.c:243?AfxObjectGetClass
    
 ERR afxObject.c:243?AfxObjectGetClass
    (obj)
    Invalid