
 afxDebug.c:363?AfxAttachDebugTerminal()
      ::::::::  :::       :::     :::     :::::::::  :::::::::   ::::::::      
     :+:    :+: :+:       :+:   :+: :+:   :+:    :+: :+:    :+: :+:    :+:     
     +:+    +:+ +:+       +:+  +:+   +:+  +:+    +:+ +:+    +:+ +:+    +:+     
     +#+    +:+ +#+  +:+  +#+ +#++:++#++: +#+    +:+ +#++:++#:  +#+    +:+     
     +#+  # +#+ +#+ +#+#+ +#+ +#+     +#+ +#+    +#+ +#+    +#+ +#+    +#+     
     #+#   +#+   #+#+# #+#+#  #+#     #+# #+#    #+# #+#    #+# #+#    #+#     
      ###### ###  ###   ###   ###     ### #########  ###    ###  ########      
                                                                               
             S I G M A   C O . ,   T E C H N O L O G Y   G R O U P             
                                                                             
                                    4D AFX                                   
                              Public Test Build                              
                     (c) 2017 SIGMA Co., Technology Group                    
                               www.sigmaco.org                               
                                                                             
                                                                             
 afxClass<afxSystem>::Mount(50caedf0, 00000000, 00000000, 50c8d720)
 afxClass<afxSystem>::AllocateObjects(1, 0028ed1c, 0028ed2c)
 afxClass<afxSystem>::BuildObjects(1, 0028ed1c, 00000000)
 afxClass<afxSystem>::ConstructObject(0061f070)
 afxSystem.c:810?_AfxSysCtor(sys=0061f070)
 ADV afxSystem.c:825?_AfxSysCtor
    Memoy page size: 4096
 ADV afxSystem.c:826?_AfxSysCtor
    Logical processor count: 2
 afxClass<afxMemory>::Mount(006200f0, 0061f0a4, 00000000, 50c919b4)
 afxClass<Memory Arena>::Mount(006201b0, 0061f0a4, 006200f0, 50c91334)
 afxMemory.c:259?AfxSystemAcquireMemory(sys=0061f070,strategy=0028d898,hint="afxSystem.c:844!_AfxSysCtor")
 afxClass<afxMemory>::AllocateObjects(1, 0028d718, 0028d728)
 afxClass<afxMemory>::BuildObjects(1, 0028d718, 0028d70c)
 afxClass<afxMemory>::ConstructObject(006208e0)
 afxMemory.c:317?_AfxMemCtor(mem=006208e0)
 afxClass<afxThread>::Mount(00620270, 0061f0a4, 00000000, 50c8dde8)
 afxClass<afxFileSystem>::Mount(00620330, 0061f0a4, 00000000, 50c8f2a4)
 afxFileSystem.c:558?AfxSystemAcquireFileSystem(Afx.System.AcquireFileSystem(0061f070,5,0028da58))
 afxClass<afxFileSystem>::AllocateObjects(1, 0028d700, 0028d710)
 afxClass<afxFileSystem>::BuildObjects(1, 0028d700, 0028d854)
 afxClass<afxFileSystem>::ConstructObject(00620f20)
 afxFileSystem.c:617?_AfxFsysCtor(fsys=00620f20)
 afxClass<afxStream>::Mount(00620f70, 00620f58, 00000000, 50c906c4)
 afxClass<afxFile>::Mount(00621030, 00620f58, 00620f70, 50c8f020)
 afxClass<afxArchive>::Mount(006210f0, 00620f58, 00621030, 50c8e9c4)
 afxClass<afxResource>::Mount(00621330, 00620f58, 00000000, 50c90524)
 afxClass<afxXml>::Mount(006211b0, 00620f58, 00000000, 50c90bbc)
 afxClass<afxUrd>::Mount(00621270, 00620f58, 00000000, 50c90adc)
 afxFileSystem.c:389?AfxFileSystemMountStoragePoints(Afx.FileSystem.MountStoragePoints(00620f20,5,0028da58))
 Point "." 5 mounted -> "E:/qwadro/afx".
 Point "system" 7 mounted -> "E:/qwadro/afx/system32".
 Point "art" 5 mounted -> "E:/qwadro/afx/art".
 Point "data" 5 mounted -> "E:/qwadro/afx/data".
 Point "sound" 5 mounted -> "E:/qwadro/afx/sound".
 afxClass<afxModule>::Mount(006203f0, 0061f0a4, 00000000, 50c8bf08)
 afxModule.c:71?AfxSystemAcquireModule(sys=0061f070,uri=system/e2coree.dll)
 afxClass<afxModule>::AllocateObjects(1, 0028d6b8, 0028d700)
 afxClass<afxModule>::BuildObjects(1, 0028d6b8, 0028d97c)
 afxClass<afxModule>::ConstructObject(00622940)
 afxModule.c:135?_AfxMdleCtor(uri:system/e2coree.dll)
 afxClass<afxHid>::Mount(006204b0, 0061f0a4, 00000000, 50c8f7bc)
 afxClass<afxKeyboard>::Mount(00620570, 0061f0a4, 006204b0, 50c900bc)
 afxClass<afxMouse>::Mount(00620630, 0061f0a4, 006204b0, 50c9027c)
 afxClass<afxDrawSystem>::Mount(006206f0, 0061f0a4, 00000000, 50c9503c)
 afxClass<afxApplication>::Mount(006207b0, 0061f0a4, 00000000, 50c8b000)
 afxKeyboard.c:165?AfxSystemAcquireKeyboard(sys=0061f070,port=0)
 afxClass<afxKeyboard>::AllocateObjects(1, 0028d724, 0028d734)
 afxClass<afxKeyboard>::BuildObjects(1, 0028d724, 0028d71c)
 afxClass<afxKeyboard, afxHid>ConstructingObject(00622a90)
 afxClass<afxHid>::ConstructObject(00622a90)
 afxHid.c:75?_AfxHidCtor(hid=00622a90)
 afxClass<afxKeyboard>::ConstructObject(00622a90)
 afxKeyboard.c:221?_AfxKbdCtor(kbd=00622a90)
 afxDrawSystem.c:320?AfxSystemAcquireDrawSystem(sys=0061f070)
 afxClass<afxDrawSystem>::AllocateObjects(1, 0028ed18, 0028ed28)
 afxClass<afxDrawSystem>::BuildObjects(1, 0028ed18, 0028ee24)
 afxClass<afxDrawSystem>::ConstructObject(00623320)
 afxDrawSystem.c:418?_AfxDsysCtor(dsys=00623320)
 afxClass<afxDrawDriver>::Mount(00623368, 00623354, 00000000, 50c93b6c)
New texture codec registered.
Name: SIGGL
Author: SIGMA Technology Group
Version: 0.5.1
Note: 
    :::::::::::     :::     :::::::::   ::::::::      :::        
        :+:       :+: :+:   :+:    :+: :+:    :+:   :+: :+:      
        +:+      +:+   +:+  +:+    +:+ +:+         +:+   +:+     
        +#+     +#++:++#++: +#++:++#:  :#:        +#++:++#++:    
        +#+     +#+     +#+ +#+    +#+ +#+   +#+# +#+     +#+    
        #+#     #+#     #+# #+#    #+# #+#    #+# #+#     #+#    
        ###     ###     ### ###    ###  ########  ###     ###    
                                                                 
                      SIGMA Technology Group                     
 Truecolor Targa texture serializer installed!
 afxModule.c:71?AfxSystemAcquireModule(sys=0061f070,uri=e2draw.icd)
 afxClass<afxModule>::AllocateObjects(1, 0028e7e4, 0028e82c)
 afxClass<afxModule>::BuildObjects(1, 0028e7e4, 0028e910)
 afxClass<afxModule>::ConstructObject(006234a0)
 afxModule.c:135?_AfxMdleCtor(uri:e2draw.icd)
 Listing mem available display devices...

 #0 = Intel(R) HD Graphics (\\.\DISPLAY1) 8000005
 #1 = RDPDD Chained DD (\\.\DISPLAYV1) 200008
 #2 = RDP Encoder Mirror Driver (\\.\DISPLAYV2) 200008
 #3 = RDP Reflector Display Driver (\\.\DISPLAYV3) 200008
 sglDriver.c:1281?_SglCreateCombinedDeviceContext(oglWndClss=00625ec0,shareCtx=00000000,phwnd=00625ef0,phdc=00625ef4,phrc=00625efc)
 sglDriver.c:786?_SglLoadVmt(vmt=00625f00,verMajor=1,verMinor=0)
 glCullFace @ 0 found.
 glFrontFace @ 1 found.
 glHint @ 2 found.
 glLineWidth @ 3 found.
 glPointSize @ 4 found.
 glPolygonMode @ 5 found.
 glScissor @ 6 found.
 glTexParameterf @ 7 found.
 glTexParameterfv @ 8 found.
 glTexParameteri @ 9 found.
 glTexParameteriv @ 10 found.
 glTexImage1D @ 11 found.
 glTexImage2D @ 12 found.
 glDrawBuffer @ 13 found.
 glClear @ 14 found.
 glClearColor @ 15 found.
 glClearStencil @ 16 found.
 glClearDepth @ 17 found.
 glStencilMask @ 18 found.
 glColorMask @ 19 found.
 glDepthMask @ 20 found.
 glDisable @ 21 found.
 glEnable @ 22 found.
 glFinish @ 23 found.
 glFlush @ 24 found.
 glBlendFunc @ 25 found.
 glLogicOp @ 26 found.
 glStencilFunc @ 27 found.
 glStencilOp @ 28 found.
 glDepthFunc @ 29 found.
 glPixelStoref @ 30 found.
 glPixelStorei @ 31 found.
 glReadBuffer @ 32 found.
 glReadPixels @ 33 found.
 glGetBooleanv @ 34 found.
 glGetDoublev @ 35 found.
 glGetError @ 36 found.
 glGetFloatv @ 37 found.
 glGetIntegerv @ 38 found.
 glGetString @ 39 found.
 glGetTexImage @ 40 found.
 glGetTexParameterfv @ 41 found.
 glGetTexParameteriv @ 42 found.
 glGetTexLevelParameterfv @ 43 found.
 glGetTexLevelParameteriv @ 44 found.
 glIsEnabled @ 45 found.
 glDepthRange @ 46 found.
 glViewport @ 47 found.
 sglDriver.c:786?_SglLoadVmt(vmt=00625f00,verMajor=4,verMinor=6)
 glCullFace @ 0 found.
 glFrontFace @ 1 found.
 glHint @ 2 found.
 glLineWidth @ 3 found.
 glPointSize @ 4 found.
 glPolygonMode @ 5 found.
 glScissor @ 6 found.
 glTexParameterf @ 7 found.
 glTexParameterfv @ 8 found.
 glTexParameteri @ 9 found.
 glTexParameteriv @ 10 found.
 glTexImage1D @ 11 found.
 glTexImage2D @ 12 found.
 glDrawBuffer @ 13 found.
 glClear @ 14 found.
 glClearColor @ 15 found.
 glClearStencil @ 16 found.
 glClearDepth @ 17 found.
 glStencilMask @ 18 found.
 glColorMask @ 19 found.
 glDepthMask @ 20 found.
 glDisable @ 21 found.
 glEnable @ 22 found.
 glFinish @ 23 found.
 glFlush @ 24 found.
 glBlendFunc @ 25 found.
 glLogicOp @ 26 found.
 glStencilFunc @ 27 found.
 glStencilOp @ 28 found.
 glDepthFunc @ 29 found.
 glPixelStoref @ 30 found.
 glPixelStorei @ 31 found.
 glReadBuffer @ 32 found.
 glReadPixels @ 33 found.
 glGetBooleanv @ 34 found.
 glGetDoublev @ 35 found.
 glGetError @ 36 found.
 glGetFloatv @ 37 found.
 glGetIntegerv @ 38 found.
 glGetString @ 39 found.
 glGetTexImage @ 40 found.
 glGetTexParameterfv @ 41 found.
 glGetTexParameteriv @ 42 found.
 glGetTexLevelParameterfv @ 43 found.
 glGetTexLevelParameteriv @ 44 found.
 glIsEnabled @ 45 found.
 glDepthRange @ 46 found.
 glViewport @ 47 found.
 glDrawArrays @ 48 found.
 glDrawElements @ 49 found.
 glGetPointerv @ 50 found.
 glPolygonOffset @ 51 found.
 glCopyTexImage1D @ 52 found.
 glCopyTexImage2D @ 53 found.
 glCopyTexSubImage1D @ 54 found.
 glCopyTexSubImage2D @ 55 found.
 glTexSubImage1D @ 56 found.
 glTexSubImage2D @ 57 found.
 glBindTexture @ 58 found.
 glDeleteTextures @ 59 found.
 glGenTextures @ 60 found.
 glIsTexture @ 61 found.
 glDrawRangeElements @ 62 found.
 glTexImage3D @ 63 found.
 glTexSubImage3D @ 64 found.
 glCopyTexSubImage3D @ 65 found.
 glActiveTexture @ 66 found.
 glSampleCoverage @ 67 found.
 glCompressedTexImage3D @ 68 found.
 glCompressedTexImage2D @ 69 found.
 glCompressedTexImage1D @ 70 found.
 glCompressedTexSubImage3D @ 71 found.
 glCompressedTexSubImage2D @ 72 found.
 glCompressedTexSubImage1D @ 73 found.
 glGetCompressedTexImage @ 74 found.
 glBlendFuncSeparate @ 75 found.
 glMultiDrawArrays @ 76 found.
 glMultiDrawElements @ 77 found.
 glPointParameterf @ 78 found.
 glPointParameterfv @ 79 found.
 glPointParameteri @ 80 found.
 glPointParameteriv @ 81 found.
 glBlendColor @ 82 found.
 glBlendEquation @ 83 found.
 glGenQueries @ 84 found.
 glDeleteQueries @ 85 found.
 glIsQuery @ 86 found.
 glBeginQuery @ 87 found.
 glEndQuery @ 88 found.
 glGetQueryiv @ 89 found.
 glGetQueryObjectiv @ 90 found.
 glGetQueryObjectuiv @ 91 found.
 glBindBuffer @ 92 found.
 glDeleteBuffers @ 93 found.
 glGenBuffers @ 94 found.
 glIsBuffer @ 95 found.
 glBufferData @ 96 found.
 glBufferSubData @ 97 found.
 glGetBufferSubData @ 98 found.
 glMapBuffer @ 99 found.
 glUnmapBuffer @ 100 found.
 glGetBufferParameteriv @ 101 found.
 glGetBufferPointerv @ 102 found.
 glBlendEquationSeparate @ 103 found.
 glDrawBuffers @ 104 found.
 glStencilOpSeparate @ 105 found.
 glStencilFuncSeparate @ 106 found.
 glStencilMaskSeparate @ 107 found.
 glAttachShader @ 108 found.
 glBindAttribLocation @ 109 found.
 glCompileShader @ 110 found.
 glCreateProgram @ 111 found.
 glCreateShader @ 112 found.
 glDeleteProgram @ 113 found.
 glDeleteShader @ 114 found.
 glDetachShader @ 115 found.
 glDisableVertexAttribArray @ 116 found.
 glEnableVertexAttribArray @ 117 found.
 glGetActiveAttrib @ 118 found.
 glGetActiveUniform @ 119 found.
 glGetAttachedShaders @ 120 found.
 glGetAttribLocation @ 121 found.
 glGetProgramiv @ 122 found.
 glGetProgramInfoLog @ 123 found.
 glGetShaderiv @ 124 found.
 glGetShaderInfoLog @ 125 found.
 glGetShaderSource @ 126 found.
 glGetUniformLocation @ 127 found.
 glGetUniformfv @ 128 found.
 glGetUniformiv @ 129 found.
 glGetVertexAttribdv @ 130 found.
 glGetVertexAttribfv @ 131 found.
 glGetVertexAttribiv @ 132 found.
 glGetVertexAttribPointerv @ 133 found.
 glIsProgram @ 134 found.
 glIsShader @ 135 found.
 glLinkProgram @ 136 found.
 glShaderSource @ 137 found.
 glUseProgram @ 138 found.
 glUniform1f @ 139 found.
 glUniform2f @ 140 found.
 glUniform3f @ 141 found.
 glUniform4f @ 142 found.
 glUniform1i @ 143 found.
 glUniform2i @ 144 found.
 glUniform3i @ 145 found.
 glUniform4i @ 146 found.
 glUniform1fv @ 147 found.
 glUniform2fv @ 148 found.
 glUniform3fv @ 149 found.
 glUniform4fv @ 150 found.
 glUniform1iv @ 151 found.
 glUniform2iv @ 152 found.
 glUniform3iv @ 153 found.
 glUniform4iv @ 154 found.
 glUniformMatrix2fv @ 155 found.
 glUniformMatrix3fv @ 156 found.
 glUniformMatrix4fv @ 157 found.
 glValidateProgram @ 158 found.
 glVertexAttrib1d @ 159 found.
 glVertexAttrib1dv @ 160 found.
 glVertexAttrib1f @ 161 found.
 glVertexAttrib1fv @ 162 found.
 glVertexAttrib1s @ 163 found.
 glVertexAttrib1sv @ 164 found.
 glVertexAttrib2d @ 165 found.
 glVertexAttrib2dv @ 166 found.
 glVertexAttrib2f @ 167 found.
 glVertexAttrib2fv @ 168 found.
 glVertexAttrib2s @ 169 found.
 glVertexAttrib2sv @ 170 found.
 glVertexAttrib3d @ 171 found.
 glVertexAttrib3dv @ 172 found.
 glVertexAttrib3f @ 173 found.
 glVertexAttrib3fv @ 174 found.
 glVertexAttrib3s @ 175 found.
 glVertexAttrib3sv @ 176 found.
 glVertexAttrib4Nbv @ 177 found.
 glVertexAttrib4Niv @ 178 found.
 glVertexAttrib4Nsv @ 179 found.
 glVertexAttrib4Nub @ 180 found.
 glVertexAttrib4Nubv @ 181 found.
 glVertexAttrib4Nuiv @ 182 found.
 glVertexAttrib4Nusv @ 183 found.
 glVertexAttrib4bv @ 184 found.
 glVertexAttrib4d @ 185 found.
 glVertexAttrib4dv @ 186 found.
 glVertexAttrib4f @ 187 found.
 glVertexAttrib4fv @ 188 found.
 glVertexAttrib4iv @ 189 found.
 glVertexAttrib4s @ 190 found.
 glVertexAttrib4sv @ 191 found.
 glVertexAttrib4ubv @ 192 found.
 glVertexAttrib4uiv @ 193 found.
 glVertexAttrib4usv @ 194 found.
 glVertexAttribPointer @ 195 found.
 glUniformMatrix2x3fv @ 196 found.
 glUniformMatrix3x2fv @ 197 found.
 glUniformMatrix2x4fv @ 198 found.
 glUniformMatrix4x2fv @ 199 found.
 glUniformMatrix3x4fv @ 200 found.
 glUniformMatrix4x3fv @ 201 found.
 glColorMaski @ 202 found.
 glGetBooleani_v @ 203 found.
 glGetIntegeri_v @ 204 found.
 glEnablei @ 205 found.
 glDisablei @ 206 found.
 glIsEnabledi @ 207 found.
 glBeginTransformFeedback @ 208 found.
 glEndTransformFeedback @ 209 found.
 glBindBufferRange @ 210 found.
 glBindBufferBase @ 211 found.
 glTransformFeedbackVaryings @ 212 found.
 glGetTransformFeedbackVarying @ 213 found.
 glClampColor @ 214 found.
 glBeginConditionalRender @ 215 found.
 glEndConditionalRender @ 216 found.
 glVertexAttribIPointer @ 217 found.
 glGetVertexAttribIiv @ 218 found.
 glGetVertexAttribIuiv @ 219 found.
 glVertexAttribI1i @ 220 found.
 glVertexAttribI2i @ 221 found.
 glVertexAttribI3i @ 222 found.
 glVertexAttribI4i @ 223 found.
 glVertexAttribI1ui @ 224 found.
 glVertexAttribI2ui @ 225 found.
 glVertexAttribI3ui @ 226 found.
 glVertexAttribI4ui @ 227 found.
 glVertexAttribI1iv @ 228 found.
 glVertexAttribI2iv @ 229 found.
 glVertexAttribI3iv @ 230 found.
 glVertexAttribI4iv @ 231 found.
 glVertexAttribI1uiv @ 232 found.
 glVertexAttribI2uiv @ 233 found.
 glVertexAttribI3uiv @ 234 found.
 glVertexAttribI4uiv @ 235 found.
 glVertexAttribI4bv @ 236 found.
 glVertexAttribI4sv @ 237 found.
 glVertexAttribI4ubv @ 238 found.
 glVertexAttribI4usv @ 239 found.
 glGetUniformuiv @ 240 found.
 glBindFragDataLocation @ 241 found.
 glGetFragDataLocation @ 242 found.
 glUniform1ui @ 243 found.
 glUniform2ui @ 244 found.
 glUniform3ui @ 245 found.
 glUniform4ui @ 246 found.
 glUniform1uiv @ 247 found.
 glUniform2uiv @ 248 found.
 glUniform3uiv @ 249 found.
 glUniform4uiv @ 250 found.
 glTexParameterIiv @ 251 found.
 glTexParameterIuiv @ 252 found.
 glGetTexParameterIiv @ 253 found.
 glGetTexParameterIuiv @ 254 found.
 glClearBufferiv @ 255 found.
 glClearBufferuiv @ 256 found.
 glClearBufferfv @ 257 found.
 glClearBufferfi @ 258 found.
 glGetStringi @ 259 found.
 glIsRenderbuffer @ 260 found.
 glBindRenderbuffer @ 261 found.
 glDeleteRenderbuffers @ 262 found.
 glGenRenderbuffers @ 263 found.
 glRenderbufferStorage @ 264 found.
 glGetRenderbufferParameteriv @ 265 found.
 glIsFramebuffer @ 266 found.
 glBindFramebuffer @ 267 found.
 glDeleteFramebuffers @ 268 found.
 glGenFramebuffers @ 269 found.
 glCheckFramebufferStatus @ 270 found.
 glFramebufferTexture1D @ 271 found.
 glFramebufferTexture2D @ 272 found.
 glFramebufferTexture3D @ 273 found.
 glFramebufferRenderbuffer @ 274 found.
 glGetFramebufferAttachmentParameteriv @ 275 found.
 glGenerateMipmap @ 276 found.
 glBlitFramebuffer @ 277 found.
 glRenderbufferStorageMultisample @ 278 found.
 glFramebufferTextureLayer @ 279 found.
 glMapBufferRange @ 280 found.
 glFlushMappedBufferRange @ 281 found.
 glBindVertexArray @ 282 found.
 glDeleteVertexArrays @ 283 found.
 glGenVertexArrays @ 284 found.
 glIsVertexArray @ 285 found.
 glDrawArraysInstanced @ 286 found.
 glDrawElementsInstanced @ 287 found.
 glTexBuffer @ 288 found.
 glPrimitiveRestartIndex @ 289 found.
 glCopyBufferSubData @ 290 found.
 glGetUniformIndices @ 291 found.
 glGetActiveUniformsiv @ 292 found.
 glGetActiveUniformName @ 293 found.
 glGetUniformBlockIndex @ 294 found.
 glGetActiveUniformBlockiv @ 295 found.
 glGetActiveUniformBlockName @ 296 found.
 glUniformBlockBinding @ 297 found.
 glDrawElementsBaseVertex @ 298 found.
 glDrawRangeElementsBaseVertex @ 299 found.
 glDrawElementsInstancedBaseVertex @ 300 found.
 glMultiDrawElementsBaseVertex @ 301 found.
 glProvokingVertex @ 302 found.
 glFenceSync @ 303 found.
 glIsSync @ 304 found.
 glDeleteSync @ 305 found.
 glClientWaitSync @ 306 found.
 glWaitSync @ 307 found.
 glGetInteger64v @ 308 found.
 glGetSynciv @ 309 found.
 glGetInteger64i_v @ 310 found.
 glGetBufferParameteri64v @ 311 found.
 glFramebufferTexture @ 312 found.
 glTexImage2DMultisample @ 313 found.
 glTexImage3DMultisample @ 314 found.
 glGetMultisamplefv @ 315 found.
 glSampleMaski @ 316 found.
 glBindFragDataLocationIndexed @ 317 found.
 glGetFragDataIndex @ 318 found.
 glGenSamplers @ 319 found.
 glDeleteSamplers @ 320 found.
 glIsSampler @ 321 found.
 glBindSampler @ 322 found.
 glSamplerParameteri @ 323 found.
 glSamplerParameteriv @ 324 found.
 glSamplerParameterf @ 325 found.
 glSamplerParameterfv @ 326 found.
 glSamplerParameterIiv @ 327 found.
 glSamplerParameterIuiv @ 328 found.
 glGetSamplerParameteriv @ 329 found.
 glGetSamplerParameterIiv @ 330 found.
 glGetSamplerParameterfv @ 331 found.
 glGetSamplerParameterIuiv @ 332 found.
 glQueryCounter @ 333 found.
 glGetQueryObjecti64v @ 334 found.
 glGetQueryObjectui64v @ 335 found.
 glVertexAttribDivisor @ 336 found.
 glVertexAttribP1ui @ 337 found.
 glVertexAttribP1uiv @ 338 found.
 glVertexAttribP2ui @ 339 found.
 glVertexAttribP2uiv @ 340 found.
 glVertexAttribP3ui @ 341 found.
 glVertexAttribP3uiv @ 342 found.
 glVertexAttribP4ui @ 343 found.
 glVertexAttribP4uiv @ 344 found.
 glMinSampleShading @ 345 found.
 glBlendEquationi @ 346 found.
 glBlendEquationSeparatei @ 347 found.
 glBlendFunci @ 348 found.
 glBlendFuncSeparatei @ 349 found.
 glDrawArraysIndirect @ 350 found.
 glDrawElementsIndirect @ 351 found.
 glUniform1d @ 352 found.
 glUniform2d @ 353 found.
 glUniform3d @ 354 found.
 glUniform4d @ 355 found.
 glUniform1dv @ 356 found.
 glUniform2dv @ 357 found.
 glUniform3dv @ 358 found.
 glUniform4dv @ 359 found.
 glUniformMatrix2dv @ 360 found.
 glUniformMatrix3dv @ 361 found.
 glUniformMatrix4dv @ 362 found.
 glUniformMatrix2x3dv @ 363 found.
 glUniformMatrix2x4dv @ 364 found.
 glUniformMatrix3x2dv @ 365 found.
 glUniformMatrix3x4dv @ 366 found.
 glUniformMatrix4x2dv @ 367 found.
 glUniformMatrix4x3dv @ 368 found.
 glGetUniformdv @ 369 found.
 glGetSubroutineUniformLocation @ 370 found.
 glGetSubroutineIndex @ 371 found.
 glGetActiveSubroutineUniformiv @ 372 found.
 glGetActiveSubroutineUniformName @ 373 found.
 glGetActiveSubroutineName @ 374 found.
 glUniformSubroutinesuiv @ 375 found.
 glGetUniformSubroutineuiv @ 376 found.
 glGetProgramStageiv @ 377 found.
 glPatchParameteri @ 378 found.
 glPatchParameterfv @ 379 found.
 glBindTransformFeedback @ 380 found.
 glDeleteTransformFeedbacks @ 381 found.
 glGenTransformFeedbacks @ 382 found.
 glIsTransformFeedback @ 383 found.
 glPauseTransformFeedback @ 384 found.
 glResumeTransformFeedback @ 385 found.
 glDrawTransformFeedback @ 386 found.
 glDrawTransformFeedbackStream @ 387 found.
 glBeginQueryIndexed @ 388 found.
 glEndQueryIndexed @ 389 found.
 glGetQueryIndexediv @ 390 found.
 glReleaseShaderCompiler @ 391 found.
 glShaderBinary @ 392 found.
 glGetShaderPrecisionFormat @ 393 found.
 glDepthRangef @ 394 found.
 glClearDepthf @ 395 found.
 glGetProgramBinary @ 396 found.
 glProgramBinary @ 397 found.
 glProgramParameteri @ 398 found.
 glUseProgramStages @ 399 found.
 glActiveShaderProgram @ 400 found.
 glCreateShaderProgramv @ 401 found.
 glBindProgramPipeline @ 402 found.
 glDeleteProgramPipelines @ 403 found.
 glGenProgramPipelines @ 404 found.
 glIsProgramPipeline @ 405 found.
 glGetProgramPipelineiv @ 406 found.
 glProgramUniform1i @ 407 found.
 glProgramUniform1iv @ 408 found.
 glProgramUniform1f @ 409 found.
 glProgramUniform1fv @ 410 found.
 glProgramUniform1d @ 411 found.
 glProgramUniform1dv @ 412 found.
 glProgramUniform1ui @ 413 found.
 glProgramUniform1uiv @ 414 found.
 glProgramUniform2i @ 415 found.
 glProgramUniform2iv @ 416 found.
 glProgramUniform2f @ 417 found.
 glProgramUniform2fv @ 418 found.
 glProgramUniform2d @ 419 found.
 glProgramUniform2dv @ 420 found.
 glProgramUniform2ui @ 421 found.
 glProgramUniform2uiv @ 422 found.
 glProgramUniform3i @ 423 found.
 glProgramUniform3iv @ 424 found.
 glProgramUniform3f @ 425 found.
 glProgramUniform3fv @ 426 found.
 glProgramUniform3d @ 427 found.
 glProgramUniform3dv @ 428 found.
 glProgramUniform3ui @ 429 found.
 glProgramUniform3uiv @ 430 found.
 glProgramUniform4i @ 431 found.
 glProgramUniform4iv @ 432 found.
 glProgramUniform4f @ 433 found.
 glProgramUniform4fv @ 434 found.
 glProgramUniform4d @ 435 found.
 glProgramUniform4dv @ 436 found.
 glProgramUniform4ui @ 437 found.
 glProgramUniform4uiv @ 438 found.
 glProgramUniformMatrix2fv @ 439 found.
 glProgramUniformMatrix3fv @ 440 found.
 glProgramUniformMatrix4fv @ 441 found.
 glProgramUniformMatrix2dv @ 442 found.
 glProgramUniformMatrix3dv @ 443 found.
 glProgramUniformMatrix4dv @ 444 found.
 glProgramUniformMatrix2x3fv @ 445 found.
 glProgramUniformMatrix3x2fv @ 446 found.
 glProgramUniformMatrix2x4fv @ 447 found.
 glProgramUniformMatrix4x2fv @ 448 found.
 glProgramUniformMatrix3x4fv @ 449 found.
 glProgramUniformMatrix4x3fv @ 450 found.
 glProgramUniformMatrix2x3dv @ 451 found.
 glProgramUniformMatrix3x2dv @ 452 found.
 glProgramUniformMatrix2x4dv @ 453 found.
 glProgramUniformMatrix4x2dv @ 454 found.
 glProgramUniformMatrix3x4dv @ 455 found.
 glProgramUniformMatrix4x3dv @ 456 found.
 glValidateProgramPipeline @ 457 found.
 glGetProgramPipelineInfoLog @ 458 found.
 glVertexAttribL1d @ 459 found.
 glVertexAttribL2d @ 460 found.
 glVertexAttribL3d @ 461 found.
 glVertexAttribL4d @ 462 found.
 glVertexAttribL1dv @ 463 found.
 glVertexAttribL2dv @ 464 found.
 glVertexAttribL3dv @ 465 found.
 glVertexAttribL4dv @ 466 found.
 glVertexAttribLPointer @ 467 found.
 glGetVertexAttribLdv @ 468 found.
 glViewportArrayv @ 469 found.
 glViewportIndexedf @ 470 found.
 glViewportIndexedfv @ 471 found.
 glScissorArrayv @ 472 found.
 glScissorIndexed @ 473 found.
 glScissorIndexedv @ 474 found.
 glDepthRangeArrayv @ 475 found.
 glDepthRangeIndexed @ 476 found.
 glGetFloati_v @ 477 found.
 glGetDoublei_v @ 478 found.
 glDrawArraysInstancedBaseInstance @ 479 found.
 glDrawElementsInstancedBaseInstance @ 480 found.
 glDrawElementsInstancedBaseVertexBaseInstance @ 481 found.
 glGetInternalformativ @ 482 found.
 glGetActiveAtomicCounterBufferiv @ 483 found.
 glBindImageTexture @ 484 found.
 glMemoryBarrier @ 485 found.
 glTexStorage1D @ 486 found.
 glTexStorage2D @ 487 found.
 glTexStorage3D @ 488 found.
 glDrawTransformFeedbackInstanced @ 489 found.
 glDrawTransformFeedbackStreamInstanced @ 490 found.
 glDispatchCompute @ 493 found.
 glDispatchComputeIndirect @ 494 found.
 glFramebufferParameteri @ 496 found.
 glGetFramebufferParameteriv @ 497 found.
 glGetInternalformati64v @ 498 found.
 glInvalidateFramebuffer @ 503 found.
 glInvalidateSubFramebuffer @ 504 found.
 glMultiDrawArraysIndirect @ 505 found.
 glMultiDrawElementsIndirect @ 506 found.
 glGetProgramInterfaceiv @ 507 found.
 glGetProgramResourceIndex @ 508 found.
 glGetProgramResourceName @ 509 found.
 glGetProgramResourceiv @ 510 found.
 glGetProgramResourceLocation @ 511 found.
 glGetProgramResourceLocationIndex @ 512 found.
 glShaderStorageBlockBinding @ 513 found.
 glTexBufferRange @ 514 found.
 glTexStorage2DMultisample @ 515 found.
 glTexStorage3DMultisample @ 516 found.
 glBindVertexBuffer @ 518 found.
 glVertexAttribFormat @ 519 found.
 glVertexAttribIFormat @ 520 found.
 glVertexAttribLFormat @ 521 found.
 glVertexAttribBinding @ 522 found.
 glVertexBindingDivisor @ 523 found.
 glDebugMessageControl @ 524 found.
 glDebugMessageInsert @ 525 found.
 glDebugMessageCallback @ 526 found.
 glGetDebugMessageLog @ 527 found.
 glPushDebugGroup @ 528 found.
 glPopDebugGroup @ 529 found.
 glObjectLabel @ 530 found.
 glGetObjectLabel @ 531 found.
 glObjectPtrLabel @ 532 found.
 glGetObjectPtrLabel @ 533 found.
 glBufferStorage @ 534 found.
 glClipControl @ 543 found.
 glNamedBufferStorage @ 551 found.
 glTextureBufferRange @ 589 found.
 glTextureParameteri @ 606 found.
 glMemoryBarrierByRegion @ 641 found.
 glGetGraphicsResetStatus @ 644 found.
 glGetnCompressedTexImage @ 645 found.
 glGetnTexImage @ 646 found.
 glGetnUniformdv @ 647 found.
 glGetnUniformfv @ 648 found.
 glGetnUniformiv @ 649 found.
 glGetnUniformuiv @ 650 found.
 glReadnPixels @ 651 found.
 afxDrawDriver.c:77?AfxDrawSystemRegisterDriver(dsys=00623320,mdle=006234a0,spec=0028e510)
 afxClass<afxDrawDriver>::AllocateObjects(1, 0028e42c, 0028e43c)
 afxClass<afxDrawDriver>::BuildObjects(1, 0028e42c, 0028e420)
 afxClass<afxDrawDriver>::ConstructObject(02d84fc0)
 afxDrawDriver.c:138?_AfxDdrvCtor(ddrv=02d84fc0)
 afxClass<Draw Context>::Mount(02d85008, 02d84ff4, 00000000, 0028e0a0)
New draw driver registered.
Name: 4DGL
Author: SIGMA Technology Group
Version: 0.7.2
Note: 
     .::::         :::::::::         ::::::::        :::        
    :+:+:+         :+:    :+:       :+:    :+:       :+:        
   +:+ +:+         +:+    +:+       +:+              +:+        
  +#+  +:+         +#+    +:+       :#:              +#+        
 +#+#+#+#+#+       +#+    +#+       +#+   +#+#       +#+        
       #+#         #+#    #+#       #+#    #+#       #+#        
       ###         #########         ########        ########## 
 Loading draw ICDs...
 afxModule.c:71?AfxSystemAcquireModule(sys=0061f070,uri=e2draw.icd)
 afxModule.c:71?AfxSystemAcquireModule(sys=0061f070,uri=e2newton.icd)
 afxClass<afxModule>::AllocateObjects(1, 0028e5d8, 0028e620)
 afxClass<afxModule>::BuildObjects(1, 0028e5d8, 0028e6d4)
 afxClass<afxModule>::ConstructObject(00ad02f0)
 afxModule.c:135?_AfxMdleCtor(uri:e2newton.icd)
 afxDrawContext.c:318?AfxDrawSystemAcquireContext(dsys=00623320,spec=0028ede8)
 afxClass<Draw Context>::AllocateObjects(1, 0028ece4, 0028ecf4)
 afxClass<Draw Context>::BuildObjects(1, 0028ece4, 0028ecdc)
 afxClass<Draw Context>::ConstructObject(02e1c380)
 sglDrawContext.c:270?_AfxDctxCtor(dctx=02e1c380)
 afxClass<afxDrawScript>::Mount(02e1ccc8, 02e1c3b4, 00000000, 51cbfd74)
 afxClass<afxDrawInput>::Mount(02e1cd88, 02e1c3b4, 00000000, 51cbf724)
 afxClass<afxDrawQueue>::Mount(02e1ce48, 02e1c3b4, 00000000, 0028e938)
 afxClass<afxBuffer>::Mount(02e1c3c8, 02e1c3b4, 00000000, 51cbe020)
 afxClass<afxVertexBuffer>::Mount(02e1c488, 02e1c3b4, 02e1c3c8, 0028e938)
 afxClass<afxIndexBuffer>::Mount(02e1c548, 02e1c3b4, 02e1c3c8, 0028e938)
 afxClass<afxSampler>::Mount(02e1c608, 02e1c3b4, 00000000, 51cc4670)
 afxClass<afxTexture>::Mount(02e1c6c8, 02e1c3b4, 00000000, 51cc4b20)
 afxClass<afxSurface>::Mount(02e1c788, 02e1c3b4, 02e1c6c8, 51cc47e8)
 afxClass<afxCanvas>::Mount(02e1c848, 02e1c3b4, 00000000, 51cbe334)
 afxClass<afxShader>::Mount(02e1c908, 02e1c3b4, 00000000, 51cc4330)
 afxClass<afxPipelineRig>::Mount(02e1c9c8, 02e1c3b4, 00000000, 51cc4544)
 afxClass<afxPipeline>::Mount(02e1ca88, 02e1c3b4, 00000000, 51cc3f30)
 afxClass<afxDrawOperation>::Mount(02e1cc08, 02e1c3b4, 00000000, 50c93df0)
 afxClass<afxLegoTemplate>::Mount(02e1cb48, 02e1c3b4, 00000000, 51cc3d64)
 afxClass<afxDrawOutput>::Mount(02e1cf08, 02e1c3b4, 00000000, 51cbf978)
 afxDrawQueue.c:47?AfxDrawContextAcquireQueue(dctx=02e1c380)
 afxClass<afxDrawQueue>::AllocateObjects(1, 0028e810, 0028e82c)
 afxClass<afxDrawQueue>::BuildObjects(1, 0028e810, 0028e930)
 afxClass<afxDrawQueue>::ConstructObject(02d863c0)
 sglDrawQueue.c:1825?_AfxDqueCtor(dque=02d863c0)
 Uploading draw operation 'data/pipeline/rgbaToRgba.xml'
 afxXml.c:1036?AfxFileSystemLoadXml(uri=data/pipeline/rgbaToRgba.xmlp)
 afxClass<afxXml>::AllocateObjects(1, 0028dafc, 0028db0c)
 afxClass<afxXml>::BuildObjects(1, 0028dafc, 0028daf4)
 afxClass<afxXml>::ConstructObject(02d32150)
 afxXml.c:995?_AfxXmlCtor(uri:data/pipeline/rgbaToRgba.xml)
 afxFile.c:273?AfxFileSystemOpenFile(Afx.FileSystem.OpenFile(00620f20,00000001,data/pipeline/rgbaToRgba.xml))
 afxClass<afxFile>::AllocateObjects(1, 0028d774, 0028d784)
 afxClass<afxFile>::BuildObjects(1, 0028d774, 0028d760)
 afxClass<afxFile, afxStream>ConstructingObject(02d77fa0)
 afxClass<afxStream>::ConstructObject(02d77fa0)
 afxClass<afxFile>::ConstructObject(02d77fa0)
 afxClass<afxFile>::DismantleObjects(1, 0028d7d8)
 Destructing instance 02d77fa0 of afxFile class.
 Destructing instance 02d77fa0 of afxFile : afxStream class.
 Destructing instance 02d77fa0 of afxStream class.
 afxClass<afxFile>::DeallocateObjects(1, 0028d7d8)
 afxClass<afxDrawOperation>::AllocateObjects(1, 02d87ae0, 0028dae8)
 afxClass<afxDrawOperation>::BuildObjects(1, 02d87ae0, 0028df24)
 afxClass<afxDrawOperation>::ConstructObject(006e9bb0)
 afxDrawOperation.c:574?_AfxDopCtor(dop=006e9bb0)
 afxPipeline.c:316?AfxDrawContextBuildPipelines(dctx=02e1c380)
 afxClass<afxPipeline>::AllocateObjects(1, 02e03890, 0028d490)
 afxClass<afxPipeline>::BuildObjects(1, 02e03890, 0028d57c)
 afxClass<afxPipeline>::ConstructObject(006e9d00)
 sglPipeline.c:577?_AfxPipCtor(pip=006e9d00)
 afxShader.c:462?AfxDrawContextAcquireShaders(dctx=02e1c380,cnt=1,uri=02d7b430,shd=0028cc5c)
 Uploading shader 'data/pipeline/rgbaToRgba.xml?vs'
 afxXml.c:1036?AfxFileSystemLoadXml(uri=data/pipeline/rgbaToRgba.xmlp)
 afxClass<afxXml>::AllocateObjects(1, 0028c334, 0028c344)
 afxClass<afxXml>::BuildObjects(1, 0028c334, 0028c32c)
 afxClass<afxXml>::ConstructObject(00ad5bb0)
 afxXml.c:995?_AfxXmlCtor(uri:data/pipeline/rgbaToRgba.xml)
 afxFile.c:273?AfxFileSystemOpenFile(Afx.FileSystem.OpenFile(00620f20,00000001,data/pipeline/rgbaToRgba.xml))
 afxClass<afxFile>::AllocateObjects(1, 0028bfac, 0028bfbc)
 afxClass<afxFile>::BuildObjects(1, 0028bfac, 0028bf98)
 afxClass<afxFile, afxStream>ConstructingObject(02d77fa0)
 afxClass<afxStream>::ConstructObject(02d77fa0)
 afxClass<afxFile>::ConstructObject(02d77fa0)
 afxClass<afxFile>::DismantleObjects(1, 0028c010)
 Destructing instance 02d77fa0 of afxFile class.
 Destructing instance 02d77fa0 of afxFile : afxStream class.
 Destructing instance 02d77fa0 of afxStream class.
 afxClass<afxFile>::DeallocateObjects(1, 0028c010)
 afxFile.c:294?AfxFileSystemOpenReadableFile(Afx.FileSystem.OpenReadableFile(00620f20,data/pipeline/stdEnv.inc))
 afxClass<afxFile>::AllocateObjects(1, 0028c018, 0028c028)
 afxClass<afxFile>::BuildObjects(1, 0028c018, 0028c004)
 afxClass<afxFile, afxStream>ConstructingObject(02d77fa0)
 afxClass<afxStream>::ConstructObject(02d77fa0)
 afxClass<afxFile>::ConstructObject(02d77fa0)
 afxClass<afxFile>::DismantleObjects(1, 0028c078)
 Destructing instance 02d77fa0 of afxFile class.
 Destructing instance 02d77fa0 of afxFile : afxStream class.
 Destructing instance 02d77fa0 of afxStream class.
 afxClass<afxFile>::DeallocateObjects(1, 0028c078)
 afxShader.c:304?AfxDrawContextBuildShaders(dctx=02e1c380,cnt=1,blueprint=0028c75c,shd=0028cc5c)
 afxClass<afxShader>::AllocateObjects(1, 0028cc5c, 0028c314)
 afxClass<afxShader>::BuildObjects(1, 0028cc5c, 0028c75c)
 afxClass<afxShader>::ConstructObject(02e1d200)
 sglShader.c:238?_AfxShdCtor(shd=02e1d200)
 #version 330 core // QWADRO. Engineered by SIGMA Technology Group.
        
        layout(location = 0) in vec2 a_xy;

        out block
        {
            vec2 uv0;
        } sgl_v;

        void main()
        {
            gl_Position = vec4(a_xy, 0.0, 1.0);
            sgl_v.uv0 = vec2(gl_Position.xy * 0.5 + 0.5).xy;
        }
       
 afxClass<afxXml>::DismantleObjects(1, 0028c398)
 Destructing instance 00ad5bb0 of afxXml class.
 afxXml.c:972?_AfxXmlDtor(xml=00ad5bb0)
 afxClass<afxXml>::DeallocateObjects(1, 0028c398)
 afxObject<02e1d200>::InstallEventFilter(006e9d00)
 afxShader.c:462?AfxDrawContextAcquireShaders(dctx=02e1c380,cnt=1,uri=02d7b468,shd=0028cc5c)
 Uploading shader 'data/pipeline/rgbaToRgba.xml?fs'
 afxXml.c:1036?AfxFileSystemLoadXml(uri=data/pipeline/rgbaToRgba.xmlp)
 afxClass<afxXml>::AllocateObjects(1, 0028c334, 0028c344)
 afxClass<afxXml>::BuildObjects(1, 0028c334, 0028c32c)
 afxClass<afxXml>::ConstructObject(00ad5bb0)
 afxXml.c:995?_AfxXmlCtor(uri:data/pipeline/rgbaToRgba.xml)
 afxFile.c:273?AfxFileSystemOpenFile(Afx.FileSystem.OpenFile(00620f20,00000001,data/pipeline/rgbaToRgba.xml))
 afxClass<afxFile>::AllocateObjects(1, 0028bfac, 0028bfbc)
 afxClass<afxFile>::BuildObjects(1, 0028bfac, 0028bf98)
 afxClass<afxFile, afxStream>ConstructingObject(02d77fa0)
 afxClass<afxStream>::ConstructObject(02d77fa0)
 afxClass<afxFile>::ConstructObject(02d77fa0)
 afxClass<afxFile>::DismantleObjects(1, 0028c010)
 Destructing instance 02d77fa0 of afxFile class.
 Destructing instance 02d77fa0 of afxFile : afxStream class.
 Destructing instance 02d77fa0 of afxStream class.
 afxClass<afxFile>::DeallocateObjects(1, 0028c010)
 afxFile.c:294?AfxFileSystemOpenReadableFile(Afx.FileSystem.OpenReadableFile(00620f20,data/pipeline/stdEnv.inc))
 afxClass<afxFile>::AllocateObjects(1, 0028c018, 0028c028)
 afxClass<afxFile>::BuildObjects(1, 0028c018, 0028c004)
 afxClass<afxFile, afxStream>ConstructingObject(02d77fa0)
 afxClass<afxStream>::ConstructObject(02d77fa0)
 afxClass<afxFile>::ConstructObject(02d77fa0)
 afxClass<afxFile>::DismantleObjects(1, 0028c078)
 Destructing instance 02d77fa0 of afxFile class.
 Destructing instance 02d77fa0 of afxFile : afxStream class.
 Destructing instance 02d77fa0 of afxStream class.
 afxClass<afxFile>::DeallocateObjects(1, 0028c078)
 afxShader.c:304?AfxDrawContextBuildShaders(dctx=02e1c380,cnt=1,blueprint=0028c75c,shd=0028cc5c)
 afxClass<afxShader>::AllocateObjects(1, 0028cc5c, 0028c314)
 afxClass<afxShader>::BuildObjects(1, 0028cc5c, 0028c75c)
 afxClass<afxShader>::ConstructObject(02d87e90)
 sglShader.c:238?_AfxShdCtor(shd=02d87e90)
 #version 330 core // QWADRO. Engineered by SIGMA Technology Group.
        
        uniform sampler2D samp;

        in block
        {
            vec2 uv0;
        } sgl_v;

        out vec4 sgl_rgba;

        void main()
        {
            sgl_rgba = texture(samp, sgl_v.uv0);
        }
       
 afxClass<afxXml>::DismantleObjects(1, 0028c398)
 Destructing instance 00ad5bb0 of afxXml class.
 afxXml.c:972?_AfxXmlDtor(xml=00ad5bb0)
 afxClass<afxXml>::DeallocateObjects(1, 0028c398)
 afxObject<02d87e90>::InstallEventFilter(006e9d00)
 afxClass<afxLegoTemplate>::AllocateObjects(1, 0028ca70, 0028ca8c)
 afxClass<afxLegoTemplate>::BuildObjects(1, 0028ca70, 0028ca64)
 afxClass<afxLegoTemplate>::ConstructObject(02d87b50)
 sglLego.c:199?_AfxLegtCtor(legt=02d87b50)
 afxClass<afxPipelineRig>::AllocateObjects(1, 0028ca7c, 0028ca8c)
 afxClass<afxPipelineRig>::BuildObjects(1, 0028ca7c, 0028ca70)
 afxClass<afxPipelineRig>::ConstructObject(00ad5bb0)
 sglPipelineRig.c:118?_AfxPiprCtor(pipr=00ad5bb0)
 afxPipeline.c:316?AfxDrawContextBuildPipelines(dctx=02e1c380)
 afxClass<afxPipeline>::AllocateObjects(1, 02e036f0, 0028d490)
 afxClass<afxPipeline>::BuildObjects(1, 02e036f0, 0028d57c)
 afxClass<afxPipeline>::ConstructObject(00ad07a0)
 sglPipeline.c:577?_AfxPipCtor(pip=00ad07a0)
 afxShader.c:462?AfxDrawContextAcquireShaders(dctx=02e1c380,cnt=1,uri=02e1d540,shd=0028cc5c)
 Uploading shader 'data/pipeline/rgbaToRgba.xml?vsFlippedY'
 afxXml.c:1036?AfxFileSystemLoadXml(uri=data/pipeline/rgbaToRgba.xmlp)
 afxClass<afxXml>::AllocateObjects(1, 0028c334, 0028c344)
 afxClass<afxXml>::BuildObjects(1, 0028c334, 0028c32c)
 afxClass<afxXml>::ConstructObject(02d7b430)
 afxXml.c:995?_AfxXmlCtor(uri:data/pipeline/rgbaToRgba.xml)
 afxFile.c:273?AfxFileSystemOpenFile(Afx.FileSystem.OpenFile(00620f20,00000001,data/pipeline/rgbaToRgba.xml))
 afxClass<afxFile>::AllocateObjects(1, 0028bfac, 0028bfbc)
 afxClass<afxFile>::BuildObjects(1, 0028bfac, 0028bf98)
 afxClass<afxFile, afxStream>ConstructingObject(02d77fa0)
 afxClass<afxStream>::ConstructObject(02d77fa0)
 afxClass<afxFile>::ConstructObject(02d77fa0)
 afxClass<afxFile>::DismantleObjects(1, 0028c010)
 Destructing instance 02d77fa0 of afxFile class.
 Destructing instance 02d77fa0 of afxFile : afxStream class.
 Destructing instance 02d77fa0 of afxStream class.
 afxClass<afxFile>::DeallocateObjects(1, 0028c010)
 afxFile.c:294?AfxFileSystemOpenReadableFile(Afx.FileSystem.OpenReadableFile(00620f20,data/pipeline/stdEnv.inc))
 afxClass<afxFile>::AllocateObjects(1, 0028c018, 0028c028)
 afxClass<afxFile>::BuildObjects(1, 0028c018, 0028c004)
 afxClass<afxFile, afxStream>ConstructingObject(02d77fa0)
 afxClass<afxStream>::ConstructObject(02d77fa0)
 afxClass<afxFile>::ConstructObject(02d77fa0)
 afxClass<afxFile>::DismantleObjects(1, 0028c078)
 Destructing instance 02d77fa0 of afxFile class.
 Destructing instance 02d77fa0 of afxFile : afxStream class.
 Destructing instance 02d77fa0 of afxStream class.
 afxClass<afxFile>::DeallocateObjects(1, 0028c078)
 afxShader.c:304?AfxDrawContextBuildShaders(dctx=02e1c380,cnt=1,blueprint=0028c75c,shd=0028cc5c)
 afxClass<afxShader>::AllocateObjects(1, 0028cc5c, 0028c314)
 afxClass<afxShader>::BuildObjects(1, 0028cc5c, 0028c75c)
 afxClass<afxShader>::ConstructObject(02d881a0)
 sglShader.c:238?_AfxShdCtor(shd=02d881a0)
 #version 330 core // QWADRO. Engineered by SIGMA Technology Group.
        
        const mat4 m = mat4(1, 0, 0, 0, 0, -1, 0, 0, 0, 0, 1, 0, 0, 0, 0, 1);
        
        layout(location = 0) in vec2 a_xy;
        
        out block
        {
            vec2 uv0;
        } sgl_v;

        void main()
        {
            gl_Position = vec4(a_xy, 0.0, 1.0);
            sgl_v.uv0 = vec2(m * vec4(gl_Position.xy * 0.5 + 0.5, 0, 1)).xy;
        }
       
 afxClass<afxXml>::DismantleObjects(1, 0028c398)
 Destructing instance 02d7b430 of afxXml class.
 afxXml.c:972?_AfxXmlDtor(xml=02d7b430)
 afxClass<afxXml>::DeallocateObjects(1, 0028c398)
 afxObject<02d881a0>::InstallEventFilter(00ad07a0)
 afxShader.c:462?AfxDrawContextAcquireShaders(dctx=02e1c380,cnt=1,uri=02e1d578,shd=0028cc5c)
 Uploading shader 'data/pipeline/rgbaToRgba.xml?fs'
 afxXml.c:1036?AfxFileSystemLoadXml(uri=data/pipeline/rgbaToRgba.xmlp)
 afxClass<afxXml>::AllocateObjects(1, 0028c334, 0028c344)
 afxClass<afxXml>::BuildObjects(1, 0028c334, 0028c32c)
 afxClass<afxXml>::ConstructObject(02d7b430)
 afxXml.c:995?_AfxXmlCtor(uri:data/pipeline/rgbaToRgba.xml)
 afxFile.c:273?AfxFileSystemOpenFile(Afx.FileSystem.OpenFile(00620f20,00000001,data/pipeline/rgbaToRgba.xml))
 afxClass<afxFile>::AllocateObjects(1, 0028bfac, 0028bfbc)
 afxClass<afxFile>::BuildObjects(1, 0028bfac, 0028bf98)
 afxClass<afxFile, afxStream>ConstructingObject(02d77fa0)
 afxClass<afxStream>::ConstructObject(02d77fa0)
 afxClass<afxFile>::ConstructObject(02d77fa0)
 afxClass<afxFile>::DismantleObjects(1, 0028c010)
 Destructing instance 02d77fa0 of afxFile class.
 Destructing instance 02d77fa0 of afxFile : afxStream class.
 Destructing instance 02d77fa0 of afxStream class.
 afxClass<afxFile>::DeallocateObjects(1, 0028c010)
 afxFile.c:294?AfxFileSystemOpenReadableFile(Afx.FileSystem.OpenReadableFile(00620f20,data/pipeline/stdEnv.inc))
 afxClass<afxFile>::AllocateObjects(1, 0028c018, 0028c028)
 afxClass<afxFile>::BuildObjects(1, 0028c018, 0028c004)
 afxClass<afxFile, afxStream>ConstructingObject(02d77fa0)
 afxClass<afxStream>::ConstructObject(02d77fa0)
 afxClass<afxFile>::ConstructObject(02d77fa0)
 afxClass<afxFile>::DismantleObjects(1, 0028c078)
 Destructing instance 02d77fa0 of afxFile class.
 Destructing instance 02d77fa0 of afxFile : afxStream class.
 Destructing instance 02d77fa0 of afxStream class.
 afxClass<afxFile>::DeallocateObjects(1, 0028c078)
 afxShader.c:304?AfxDrawContextBuildShaders(dctx=02e1c380,cnt=1,blueprint=0028c75c,shd=0028cc5c)
 afxClass<afxShader>::AllocateObjects(1, 0028cc5c, 0028c314)
 afxClass<afxShader>::BuildObjects(1, 0028cc5c, 0028c75c)
 afxClass<afxShader>::ConstructObject(02e1d050)
 sglShader.c:238?_AfxShdCtor(shd=02e1d050)
 #version 330 core // QWADRO. Engineered by SIGMA Technology Group.
        
        uniform sampler2D samp;

        in block
        {
            vec2 uv0;
        } sgl_v;

        out vec4 sgl_rgba;

        void main()
        {
            sgl_rgba = texture(samp, sgl_v.uv0);
        }
       
 afxClass<afxXml>::DismantleObjects(1, 0028c398)
 Destructing instance 02d7b430 of afxXml class.
 afxXml.c:972?_AfxXmlDtor(xml=02d7b430)
 afxClass<afxXml>::DeallocateObjects(1, 0028c398)
 afxObject<02e1d050>::InstallEventFilter(00ad07a0)
 afxClass<afxXml>::DismantleObjects(1, 0028db60)
 Destructing instance 02d32150 of afxXml class.
 afxXml.c:972?_AfxXmlDtor(xml=02d32150)
 afxClass<afxXml>::DeallocateObjects(1, 0028db60)
 afxSampler.c:47?AfxDrawContextAcquireSamplers(dctx=02e1c380,spec=0028e4c0)
 afxClass<afxSampler>::AllocateObjects(1, 02d87ae4, 0028e184)
 afxClass<afxSampler>::BuildObjects(1, 02d87ae4, 0028e4c0)
 afxClass<afxSampler>::ConstructObject(02d87d90)
 sglSampler.c:184?_AfxSmpCtor(smp=02d87d90)
 afxClass<afxVertexBuffer>::AllocateObjects(1, 02d87ae8, 0028e1d8)
 afxClass<afxVertexBuffer>::BuildObjects(1, 02d87ae8, 0028e1b0)
 afxClass<afxVertexBuffer, afxBuffer>ConstructingObject(02e1d540)
 afxClass<afxBuffer>::ConstructObject(02e1d540)
 sglBuffer.c:454?_AfxBufCtor(buf=02e1d540)
 afxClass<afxVertexBuffer>::ConstructObject(02e1d540)
 afxVertexBuffer.c:342?_AfxVbufCtor(vbuf=02e1d540)
 afxApplication.c:372?AfxSystemAcquireApplication(sys=0028ede8,spec=02e1c380)
 afxClass<afxApplication>::AllocateObjects(1, 0028ed10, 0028ed20)
 afxClass<afxApplication>::BuildObjects(1, 0028ed10, 0028edb8)
 afxClass<afxApplication>::ConstructObject(00a906e0)
 afxApplication.c:422?_AfxAppCtor(app=00a906e0)
 afxMouse.c:249?AfxSystemAcquireMouse(sys=0061f070,port=0)
 afxClass<afxMouse>::AllocateObjects(1, 0028e8f4, 0028e904)
 afxClass<afxMouse>::BuildObjects(1, 0028e8f4, 0028e8ec)
 afxClass<afxMouse, afxHid>ConstructingObject(02d79090)
 afxClass<afxHid>::ConstructObject(02d79090)
 afxHid.c:75?_AfxHidCtor(hid=02d79090)
 afxClass<afxMouse>::ConstructObject(02d79090)
 afxMouse.c:304?_AfxMseCtor(mse=02d79090)
 afxDrawInput.c:102?AfxDrawContextAcquireInput(dctx=02e1c380,spec=0028e9cc)
 afxClass<afxDrawInput>::AllocateObjects(1, 0028e8dc, 0028e8f8)
 afxClass<afxDrawInput>::BuildObjects(1, 0028e8dc, 0028e9cc)
 afxClass<afxDrawInput>::ConstructObject(006ea000)
 sglDrawInput.c:274?_AfxDinCtor(din=006ea000)
 afxArena.c:822?AfxSystemAcquireArena(sys=0061f070,strategy=0028e554,hint="sglDrawInput.c:310!_AfxDinCtor")
 afxClass<Memory Arena>::AllocateObjects(1, 0028e4a0, 0028e4b0)
 afxClass<Memory Arena>::BuildObjects(1, 0028e4a0, 0028e494)
 afxClass<Memory Arena, afxMemory>ConstructingObject(00a90d90)
 afxClass<afxMemory>::ConstructObject(00a90d90)
 afxMemory.c:317?_AfxMemCtor(mem=00a90d90)
 afxClass<Memory Arena>::ConstructObject(00a90d90)
 afxArena.c:799?_AfxArenCtor(aren=00a90d90)
 afxClass<afxWidget>::Mount(00a90bb8, 00a90714, 00000000, 50c99868)
 afxClass<afxSimulation>::Mount(00a90c78, 00a90714, 00000000, 50c9a2e8)
 afxApplication.c:322?AfxApplicationExecute(app=00a906e0)
 Skybox.c:465?AfxEnterApplication(app=00a906e0)
 afxFileSystem.c:389?AfxFileSystemMountStoragePoints(Afx.FileSystem.MountStoragePoints(00620f20,1,0028e9f8))
 ERR afxFileSystem.c:400?AfxFileSystemMountStoragePoints
    
 ERR Skybox.c:480?AfxEnterApplication
    
 ERR Skybox.c:480?AfxEnterApplication
    (rslt == 1)
    Invalid
 afxArchive.c:598?AfxFileSystemAcquireArchive(Afx.FileSystem.AcquireArchive(00620f20,1,"art/mnt.zip"))
 afxClass<afxArchive>::AllocateObjects(1, 0028e84c, 0028e85c)
 afxClass<afxArchive>::BuildObjects(1, 0028e84c, 0028e838)
 afxClass<afxArchive, afxFile>ConstructingObject(02d99fe0)
 afxClass<afxFile, afxStream>ConstructingObject(02d99fe0)
 afxClass<afxStream>::ConstructObject(02d99fe0)
 afxClass<afxFile>::ConstructObject(02d99fe0)
 afxClass<afxArchive>::ConstructObject(02d99fe0)
 afxArchive.c:644?_AfxArcCtor(arc=02d99fe0)
 signature: 0x6054B50
 diskNumber: 0
 centralDirectoryDiskNumber: 0
 numEntriesThisDisk: 2
 numEntries: 2
 centralDirectorySize: 185 0xb9
 centralDirectoryOffset: 514621 0x7da3d
 zipCommentLength: 0
 Archived item 0 -> 514621 0x7da3d
 signature: 33639248 0x2014b50
 versionMadeBy: 63 0x3f
 versionNeededToExtract: 20 0x14
 generalPurposeBitFlag: 0 0
 compressionMethod: 0 0
 lastModFileTime: 1350 0x546
 lastModFileDate: 22171 0x569b
 crc32: 0
 compressedSize: 0
 uncompressedSize: 0
 fileNameLength: 4
 textraFieldLength: 36
 fileCommentLength: 0
 diskNumberStart: 0
 internalFileAttributes: 0
 externalFileAttributes: 0x10
 relativeOffsetOflocalHeader: 0 0
 Archived item 0, 34 0x22
 2023/04/27 00:42:12 #0000 art/
 Archived item 1 -> 514707 0x7da93
 signature: 33639248 0x2014b50
 versionMadeBy: 63 0x3f
 versionNeededToExtract: 10 0xa
 generalPurposeBitFlag: 0 0
 compressionMethod: 0 0
 lastModFileTime: 1423 0x58f
 lastModFileDate: 22171 0x569b
 crc32: 0x594b0260
 compressedSize: 514540
 uncompressedSize: 514540
 fileNameLength: 17
 textraFieldLength: 36
 fileCommentLength: 0
 diskNumberStart: 0
 internalFileAttributes: 0
 externalFileAttributes: 0x20
 relativeOffsetOflocalHeader: 34 0x22
 Archived item 1, 81 0x51
 2023/04/27 00:44:30 #0001 art/worldtest.tga
 afxStream.c:354?AfxFileSystemAcquireStream(fsys:00620f20,flags=1,src=04260080,len=514540)
 afxClass<afxStream>::AllocateObjects(1, 0028e774, 0028e784)
 afxClass<afxStream>::BuildObjects(1, 0028e774, 0028e764)
 afxClass<afxStream>::ConstructObject(00ad0c20)
 afxFile.c:273?AfxFileSystemOpenFile(Afx.FileSystem.OpenFile(00620f20,00000002,system/worldtest.tga))
 afxClass<afxFile>::AllocateObjects(1, 0028e720, 0028e730)
 afxClass<afxFile>::BuildObjects(1, 0028e720, 0028e70c)
 afxClass<afxFile, afxStream>ConstructingObject(0435b500)
 afxClass<afxStream>::ConstructObject(0435b500)
 afxClass<afxFile>::ConstructObject(0435b500)
 afxClass<afxFile>::DismantleObjects(1, 0028e784)
 Destructing instance 0435b500 of afxFile class.
 Destructing instance 0435b500 of afxFile : afxStream class.
 Destructing instance 0435b500 of afxStream class.
 afxClass<afxFile>::DeallocateObjects(1, 0028e784)
 afxSimulation.c:437?AfxApplicationAcquireSimulation(app=00a906e0,bounding=[[0.000000,0.000000,0.000000,1.000000],[0.000000,0.000000,0.000000,1.000000]])
 afxClass<afxSimulation>::AllocateObjects(1, 0028e828, 0028e838)
 afxClass<afxSimulation>::BuildObjects(1, 0028e828, 0028e820)
 afxClass<afxSimulation>::ConstructObject(0435b500)
 afxSimulation.c:355?_AfxSimCtor(sim=0435b500)
 afxMemory.c:259?AfxSystemAcquireMemory(sys=0061f070,strategy=0028e4b8,hint="afxSimulation.c:377!_AfxSimCtor")
 afxClass<afxMemory>::AllocateObjects(1, 0028e3ac, 0028e3bc)
 afxClass<afxMemory>::BuildObjects(1, 0028e3ac, 0028e3a0)
 afxClass<afxMemory>::ConstructObject(02d7b270)
 afxMemory.c:317?_AfxMemCtor(mem=02d7b270)
 afxClass<afxMaterial>::Mount(0435b908, 0435b534, 00000000, 50c9b230)
 afxClass<afxMesh>::Mount(0435b9c8, 0435b534, 00000000, 50c9b590)
 afxClass<afxNode>::Mount(0435bc08, 0435b534, 00000000, 50c9a6e8)
 afxClass<afxSkeleton>::Mount(0435bb48, 0435b534, 00000000, 50c9ab24)
 afxClass<afxModel>::Mount(0435ba88, 0435b534, 00000000, 50c9bcec)
 afxClass<afxBody>::Mount(0435b548, 0435b534, 00000000, 50c99af4)
 afxClass<afxBodyControl>::Mount(0435b608, 0435b534, 00000000, 50c99ca8)
 afxClass<afxEntity>::Mount(0435b6c8, 0435b534, 0435bc08, 50c9a0b8)
 afxClass<afxCamera>::Mount(0435b788, 0435b534, 0435bc08, 50c99ddc)
 afxClass<afxLight>::Mount(0435b848, 0435b534, 0435bc08, 50c9a19c)
 afxClass<afxRenderer>::Mount(0435bcc8, 0435b534, 00000000, 50c9c188)
 afxDrawOutput.c:137?AfxDrawContextAcquireOutput(dctx=02e1c380,spec=0028eaf0)
 afxClass<afxDrawOutput>::AllocateObjects(1, 0028e858, 0028e874)
 afxClass<afxDrawOutput>::BuildObjects(1, 0028e858, 0028eaf0)
 afxClass<afxDrawOutput>::ConstructObject(0435bea0)
 sglDrawOutput.c:518?_AfxDoutCtor(dout=0435bea0)
 afxSurface.c:12?AfxDrawContextAcquireSurface(dctx=02e1c380,fmt=4,whd=[1280,720,1],usage=16)
 ADV afxTexture.c:15?AfxTextureBlueprintReset
    texb->fcc == AFX_FCC_TEXB
 afxClass<afxSurface>::AllocateObjects(1, 0028de28, 0028de44)
 afxClass<afxSurface>::BuildObjects(1, 0028de28, 0028de50)
 afxClass<afxSurface, afxTexture>ConstructingObject(0435c400)
 afxClass<afxTexture>::ConstructObject(0435c400)
 sglTexture.c:1027?_AfxTexCtor(tex=0435c400)
 afxClass<afxSurface>::ConstructObject(0435c400)
 sglSurface.c:131?_AfxSurfCtor(surf=0435c400)
 afxSurface.c:12?AfxDrawContextAcquireSurface(dctx=02e1c380,fmt=4,whd=[1280,720,1],usage=16)
 ADV afxTexture.c:15?AfxTextureBlueprintReset
    texb->fcc == AFX_FCC_TEXB
 afxClass<afxSurface>::AllocateObjects(1, 0028de28, 0028de44)
 afxClass<afxSurface>::BuildObjects(1, 0028de28, 0028de50)
 afxClass<afxSurface, afxTexture>ConstructingObject(0435c5d0)
 afxClass<afxTexture>::ConstructObject(0435c5d0)
 sglTexture.c:1027?_AfxTexCtor(tex=0435c5d0)
 afxClass<afxSurface>::ConstructObject(0435c5d0)
 sglSurface.c:131?_AfxSurfCtor(surf=0435c5d0)
 sglDrawOutput.c:470?_AfxStdDoutImplCtor(dout=0435bea0,uri=window)
 sglDrawOutput.c:321?_AfxStdDoutImplCtorWnd(dout=0435bea0)
 Extent readjusted. (dout)0435bea0 -> 1272, 0.000000 of 4241113446; 693 0.000014 of 48353008
 afxDrawInput.c:102?AfxDrawContextAcquireInput(dctx=02e1c380,spec=0028eab0)
 afxClass<afxDrawInput>::AllocateObjects(1, 0028e840, 0028e85c)
 afxClass<afxDrawInput>::BuildObjects(1, 0028e840, 0028eab0)
 afxClass<afxDrawInput>::ConstructObject(02d9c5f0)
 sglDrawInput.c:274?_AfxDinCtor(din=02d9c5f0)
 afxArena.c:822?AfxSystemAcquireArena(sys=0061f070,strategy=0028e4b8,hint="sglDrawInput.c:310!_AfxDinCtor")
 afxClass<Memory Arena>::AllocateObjects(1, 0028e404, 0028e414)
 afxClass<Memory Arena>::BuildObjects(1, 0028e404, 0028e3f8)
 afxClass<Memory Arena, afxMemory>ConstructingObject(02d9c740)
 afxClass<afxMemory>::ConstructObject(02d9c740)
 afxMemory.c:317?_AfxMemCtor(mem=02d9c740)
 afxClass<Memory Arena>::ConstructObject(02d9c740)
 afxArena.c:799?_AfxArenCtor(aren=02d9c740)
 afxCamera.c:863?AfxSimulationAcquireCamera(sim=0435b500,name=viewer,perspective=1)
 afxClass<afxCamera>::AllocateObjects(1, 0028e6c4, 0028e6d4)
 afxClass<afxCamera>::BuildObjects(1, 0028e6c4, 0028e6e0)
 afxClass<afxCamera, afxNode>ConstructingObject(02dd35b0)
 afxClass<afxNode>::ConstructObject(02dd35b0)
 afxClass<afxCamera>::ConstructObject(02dd35b0)
 afxCamera.c:939?_AfxCamCtor(cam=02dd35b0)
 afxObject<02d79090>::InstallEventFilter(02dd35b0)
 ADV afxTexture.c:15?AfxTextureBlueprintReset
    texb->fcc == AFX_FCC_TEXB
 afxTexture.c:401?AfxDrawContextBuildTextures(dctx=02e1c380,cnt=1,blueprint=0028e280,tex=012d7008)
 afxClass<afxTexture>::AllocateObjects(1, 012d7008, 0028dbcc)
 afxClass<afxTexture>::BuildObjects(1, 012d7008, 0028e280)
 afxClass<afxTexture>::ConstructObject(02dd3a80)
 sglTexture.c:1027?_AfxTexCtor(tex=02dd3a80)
 afxFile.c:273?AfxFileSystemOpenFile(Afx.FileSystem.OpenFile(00620f20,00000001,art/skybox/day/right.tga))
 afxClass<afxFile>::AllocateObjects(1, 0028d424, 0028d434)
 afxClass<afxFile>::BuildObjects(1, 0028d424, 0028d410)
 afxClass<afxFile, afxStream>ConstructingObject(02dd3c30)
 afxClass<afxStream>::ConstructObject(02dd3c30)
 afxClass<afxFile>::ConstructObject(02dd3c30)
 afxClass<afxFile>::DismantleObjects(1, 0028d488)
 Destructing instance 02dd3c30 of afxFile class.
 Destructing instance 02dd3c30 of afxFile : afxStream class.
 Destructing instance 02dd3c30 of afxStream class.
 afxClass<afxFile>::DeallocateObjects(1, 0028d488)
 afxFile.c:273?AfxFileSystemOpenFile(Afx.FileSystem.OpenFile(00620f20,00000001,art/skybox/day/left.tga))
 afxClass<afxFile>::AllocateObjects(1, 0028d424, 0028d434)
 afxClass<afxFile>::BuildObjects(1, 0028d424, 0028d410)
 afxClass<afxFile, afxStream>ConstructingObject(02dd3c30)
 afxClass<afxStream>::ConstructObject(02dd3c30)
 afxClass<afxFile>::ConstructObject(02dd3c30)
 afxClass<afxFile>::DismantleObjects(1, 0028d488)
 Destructing instance 02dd3c30 of afxFile class.
 Destructing instance 02dd3c30 of afxFile : afxStream class.
 Destructing instance 02dd3c30 of afxStream class.
 afxClass<afxFile>::DeallocateObjects(1, 0028d488)
 afxFile.c:273?AfxFileSystemOpenFile(Afx.FileSystem.OpenFile(00620f20,00000001,art/skybox/day/bottom.tga))
 afxClass<afxFile>::AllocateObjects(1, 0028d424, 0028d434)
 afxClass<afxFile>::BuildObjects(1, 0028d424, 0028d410)
 afxClass<afxFile, afxStream>ConstructingObject(02dd3c30)
 afxClass<afxStream>::ConstructObject(02dd3c30)
 afxClass<afxFile>::ConstructObject(02dd3c30)
 afxClass<afxFile>::DismantleObjects(1, 0028d488)
 Destructing instance 02dd3c30 of afxFile class.
 Destructing instance 02dd3c30 of afxFile : afxStream class.
 Destructing instance 02dd3c30 of afxStream class.
 afxClass<afxFile>::DeallocateObjects(1, 0028d488)
 afxFile.c:273?AfxFileSystemOpenFile(Afx.FileSystem.OpenFile(00620f20,00000001,art/skybox/day/top.tga))
 afxClass<afxFile>::AllocateObjects(1, 0028d424, 0028d434)
 afxClass<afxFile>::BuildObjects(1, 0028d424, 0028d410)
 afxClass<afxFile, afxStream>ConstructingObject(02dd3c30)
 afxClass<afxStream>::ConstructObject(02dd3c30)
 afxClass<afxFile>::ConstructObject(02dd3c30)
 afxClass<afxFile>::DismantleObjects(1, 0028d488)
 Destructing instance 02dd3c30 of afxFile class.
 Destructing instance 02dd3c30 of afxFile : afxStream class.
 Destructing instance 02dd3c30 of afxStream class.
 afxClass<afxFile>::DeallocateObjects(1, 0028d488)
 afxFile.c:273?AfxFileSystemOpenFile(Afx.FileSystem.OpenFile(00620f20,00000001,art/skybox/day/front.tga))
 afxClass<afxFile>::AllocateObjects(1, 0028d424, 0028d434)
 afxClass<afxFile>::BuildObjects(1, 0028d424, 0028d410)
 afxClass<afxFile, afxStream>ConstructingObject(02dd3c30)
 afxClass<afxStream>::ConstructObject(02dd3c30)
 afxClass<afxFile>::ConstructObject(02dd3c30)
 afxClass<afxFile>::DismantleObjects(1, 0028d488)
 Destructing instance 02dd3c30 of afxFile class.
 Destructing instance 02dd3c30 of afxFile : afxStream class.
 Destructing instance 02dd3c30 of afxStream class.
 afxClass<afxFile>::DeallocateObjects(1, 0028d488)
 afxFile.c:273?AfxFileSystemOpenFile(Afx.FileSystem.OpenFile(00620f20,00000001,art/skybox/day/back.tga))
 afxClass<afxFile>::AllocateObjects(1, 0028d424, 0028d434)
 afxClass<afxFile>::BuildObjects(1, 0028d424, 0028d410)
 afxClass<afxFile, afxStream>ConstructingObject(02dd3c30)
 afxClass<afxStream>::ConstructObject(02dd3c30)
 afxClass<afxFile>::ConstructObject(02dd3c30)
 afxClass<afxFile>::DismantleObjects(1, 0028d488)
 Destructing instance 02dd3c30 of afxFile class.
 Destructing instance 02dd3c30 of afxFile : afxStream class.
 Destructing instance 02dd3c30 of afxStream class.
 afxClass<afxFile>::DeallocateObjects(1, 0028d488)
 afxClass<afxVertexBuffer>::AllocateObjects(1, 012d7004, 0028dba8)
 afxClass<afxVertexBuffer>::BuildObjects(1, 012d7004, 0028db80)
 afxClass<afxVertexBuffer, afxBuffer>ConstructingObject(02dd3c30)
 afxClass<afxBuffer>::ConstructObject(02dd3c30)
 sglBuffer.c:454?_AfxBufCtor(buf=02dd3c30)
 afxClass<afxVertexBuffer>::ConstructObject(02dd3c30)
 afxVertexBuffer.c:342?_AfxVbufCtor(vbuf=02dd3c30)
 Uploading draw operation 'data/pipeline/skybox.xml'
 afxXml.c:1036?AfxFileSystemLoadXml(uri=data/pipeline/skybox.xmlp)
 afxClass<afxXml>::AllocateObjects(1, 0028d4cc, 0028d4dc)
 afxClass<afxXml>::BuildObjects(1, 0028d4cc, 0028d4c4)
 afxClass<afxXml>::ConstructObject(02d32150)
 afxXml.c:995?_AfxXmlCtor(uri:data/pipeline/skybox.xml)
 afxFile.c:273?AfxFileSystemOpenFile(Afx.FileSystem.OpenFile(00620f20,00000001,data/pipeline/skybox.xml))
 afxClass<afxFile>::AllocateObjects(1, 0028d144, 0028d154)
 afxClass<afxFile>::BuildObjects(1, 0028d144, 0028d130)
 afxClass<afxFile, afxStream>ConstructingObject(02dd3f10)
 afxClass<afxStream>::ConstructObject(02dd3f10)
 afxClass<afxFile>::ConstructObject(02dd3f10)
 afxClass<afxFile>::DismantleObjects(1, 0028d1a8)
 Destructing instance 02dd3f10 of afxFile class.
 Destructing instance 02dd3f10 of afxFile : afxStream class.
 Destructing instance 02dd3f10 of afxStream class.
 afxClass<afxFile>::DeallocateObjects(1, 0028d1a8)
 afxClass<afxDrawOperation>::AllocateObjects(1, 012d7030, 0028d4b8)
 afxClass<afxDrawOperation>::BuildObjects(1, 012d7030, 0028d8f4)
 afxClass<afxDrawOperation>::ConstructObject(02dd6330)
 afxDrawOperation.c:574?_AfxDopCtor(dop=02dd6330)
 afxPipeline.c:316?AfxDrawContextBuildPipelines(dctx=02e1c380)
 afxClass<afxPipeline>::AllocateObjects(1, 02e03bc0, 0028ce60)
 afxClass<afxPipeline>::BuildObjects(1, 02e03bc0, 0028cf4c)
 afxClass<afxPipeline>::ConstructObject(02dd65d0)
 sglPipeline.c:577?_AfxPipCtor(pip=02dd65d0)
 afxShader.c:462?AfxDrawContextAcquireShaders(dctx=02e1c380,cnt=1,uri=02dd6500,shd=0028c62c)
 Uploading shader 'data/pipeline/skybox.xml?vs'
 afxXml.c:1036?AfxFileSystemLoadXml(uri=data/pipeline/skybox.xmlp)
 afxClass<afxXml>::AllocateObjects(1, 0028bd04, 0028bd14)
 afxClass<afxXml>::BuildObjects(1, 0028bd04, 0028bcfc)
 afxClass<afxXml>::ConstructObject(02dd68d0)
 afxXml.c:995?_AfxXmlCtor(uri:data/pipeline/skybox.xml)
 afxFile.c:273?AfxFileSystemOpenFile(Afx.FileSystem.OpenFile(00620f20,00000001,data/pipeline/skybox.xml))
 afxClass<afxFile>::AllocateObjects(1, 0028b97c, 0028b98c)
 afxClass<afxFile>::BuildObjects(1, 0028b97c, 0028b968)
 afxClass<afxFile, afxStream>ConstructingObject(02dd3f10)
 afxClass<afxStream>::ConstructObject(02dd3f10)
 afxClass<afxFile>::ConstructObject(02dd3f10)
 afxClass<afxFile>::DismantleObjects(1, 0028b9e0)
 Destructing instance 02dd3f10 of afxFile class.
 Destructing instance 02dd3f10 of afxFile : afxStream class.
 Destructing instance 02dd3f10 of afxStream class.
 afxClass<afxFile>::DeallocateObjects(1, 0028b9e0)
 afxFile.c:294?AfxFileSystemOpenReadableFile(Afx.FileSystem.OpenReadableFile(00620f20,data/pipeline/stdEnv.inc))
 afxClass<afxFile>::AllocateObjects(1, 0028b9e8, 0028b9f8)
 afxClass<afxFile>::BuildObjects(1, 0028b9e8, 0028b9d4)
 afxClass<afxFile, afxStream>ConstructingObject(02dd3f10)
 afxClass<afxStream>::ConstructObject(02dd3f10)
 afxClass<afxFile>::ConstructObject(02dd3f10)
 afxClass<afxFile>::DismantleObjects(1, 0028ba48)
 Destructing instance 02dd3f10 of afxFile class.
 Destructing instance 02dd3f10 of afxFile : afxStream class.
 Destructing instance 02dd3f10 of afxStream class.
 afxClass<afxFile>::DeallocateObjects(1, 0028ba48)
 afxFile.c:294?AfxFileSystemOpenReadableFile(Afx.FileSystem.OpenReadableFile(00620f20,data/pipeline/stdView.inc))
 afxClass<afxFile>::AllocateObjects(1, 0028b9e8, 0028b9f8)
 afxClass<afxFile>::BuildObjects(1, 0028b9e8, 0028b9d4)
 afxClass<afxFile, afxStream>ConstructingObject(02dd3f10)
 afxClass<afxStream>::ConstructObject(02dd3f10)
 afxClass<afxFile>::ConstructObject(02dd3f10)
 afxClass<afxFile>::DismantleObjects(1, 0028ba48)
 Destructing instance 02dd3f10 of afxFile class.
 Destructing instance 02dd3f10 of afxFile : afxStream class.
 Destructing instance 02dd3f10 of afxStream class.
 afxClass<afxFile>::DeallocateObjects(1, 0028ba48)
 afxShader.c:304?AfxDrawContextBuildShaders(dctx=02e1c380,cnt=1,blueprint=0028c12c,shd=0028c62c)
 afxClass<afxShader>::AllocateObjects(1, 0028c62c, 0028bce4)
 afxClass<afxShader>::BuildObjects(1, 0028c62c, 0028c12c)
 afxClass<afxShader>::ConstructObject(02dd56d0)
 sglShader.c:238?_AfxShdCtor(shd=02dd56d0)
 #version 330 core // QWADRO. Engineered by SIGMA Technology Group.
layout(std140, row_major) uniform sgl_view
{
    mat4 v, iv;
    mat4 p, ip;
    mat4 vp, ivp;
    vec4 viewpoint; // view point

    vec3 starDir;
    vec4 starPos;
    vec4 starKd;
};

uniform samplerCube cubemap;

        
        layout(location = 0) in vec3 a_xyz;

        out block
        {
            vec3 uvw0;
        } sgl_v;

        void main()
        {
            sgl_v.uvw0 = a_xyz;
            vec4 pos = vec4(a_xyz, 1.0) * v * p;
            gl_Position = pos.xyww;
        }
       
 afxClass<afxXml>::DismantleObjects(1, 0028bd68)
 Destructing instance 02dd68d0 of afxXml class.
 afxXml.c:972?_AfxXmlDtor(xml=02dd68d0)
 afxClass<afxXml>::DeallocateObjects(1, 0028bd68)
 afxObject<02dd56d0>::InstallEventFilter(02dd65d0)
 afxShader.c:462?AfxDrawContextAcquireShaders(dctx=02e1c380,cnt=1,uri=02dd6538,shd=0028c62c)
 Uploading shader 'data/pipeline/skybox.xml?fs'
 afxXml.c:1036?AfxFileSystemLoadXml(uri=data/pipeline/skybox.xmlp)
 afxClass<afxXml>::AllocateObjects(1, 0028bd04, 0028bd14)
 afxClass<afxXml>::BuildObjects(1, 0028bd04, 0028bcfc)
 afxClass<afxXml>::ConstructObject(02dd5860)
 afxXml.c:995?_AfxXmlCtor(uri:data/pipeline/skybox.xml)
 afxFile.c:273?AfxFileSystemOpenFile(Afx.FileSystem.OpenFile(00620f20,00000001,data/pipeline/skybox.xml))
 afxClass<afxFile>::AllocateObjects(1, 0028b97c, 0028b98c)
 afxClass<afxFile>::BuildObjects(1, 0028b97c, 0028b968)
 afxClass<afxFile, afxStream>ConstructingObject(02dd41a0)
 afxClass<afxStream>::ConstructObject(02dd41a0)
 afxClass<afxFile>::ConstructObject(02dd41a0)
 afxClass<afxFile>::DismantleObjects(1, 0028b9e0)
 Destructing instance 02dd41a0 of afxFile class.
 Destructing instance 02dd41a0 of afxFile : afxStream class.
 Destructing instance 02dd41a0 of afxStream class.
 afxClass<afxFile>::DeallocateObjects(1, 0028b9e0)
 afxFile.c:294?AfxFileSystemOpenReadableFile(Afx.FileSystem.OpenReadableFile(00620f20,data/pipeline/stdEnv.inc))
 afxClass<afxFile>::AllocateObjects(1, 0028b9e8, 0028b9f8)
 afxClass<afxFile>::BuildObjects(1, 0028b9e8, 0028b9d4)
 afxClass<afxFile, afxStream>ConstructingObject(02dd41a0)
 afxClass<afxStream>::ConstructObject(02dd41a0)
 afxClass<afxFile>::ConstructObject(02dd41a0)
 afxClass<afxFile>::DismantleObjects(1, 0028ba48)
 Destructing instance 02dd41a0 of afxFile class.
 Destructing instance 02dd41a0 of afxFile : afxStream class.
 Destructing instance 02dd41a0 of afxStream class.
 afxClass<afxFile>::DeallocateObjects(1, 0028ba48)
 afxShader.c:304?AfxDrawContextBuildShaders(dctx=02e1c380,cnt=1,blueprint=0028c12c,shd=0028c62c)
 afxClass<afxShader>::AllocateObjects(1, 0028c62c, 0028bce4)
 afxClass<afxShader>::BuildObjects(1, 0028c62c, 0028c12c)
 afxClass<afxShader>::ConstructObject(02dd44e0)
 sglShader.c:238?_AfxShdCtor(shd=02dd44e0)
 #version 330 core // QWADRO. Engineered by SIGMA Technology Group.
        
        uniform samplerCube samp;

        in block
        {
            vec3 uvw0;
        } sgl_v;

        out vec4 sgl_rgba;

        void main()
        {
            sgl_rgba = texture(samp, sgl_v.uvw0);
        }
       
 afxClass<afxXml>::DismantleObjects(1, 0028bd68)
 Destructing instance 02dd5860 of afxXml class.
 afxXml.c:972?_AfxXmlDtor(xml=02dd5860)
 afxClass<afxXml>::DeallocateObjects(1, 0028bd68)
 afxObject<02dd44e0>::InstallEventFilter(02dd65d0)
 afxClass<afxLegoTemplate>::AllocateObjects(1, 0028c440, 0028c45c)
 afxClass<afxLegoTemplate>::BuildObjects(1, 0028c440, 0028c434)
 afxClass<afxLegoTemplate>::ConstructObject(02dd41a0)
 sglLego.c:199?_AfxLegtCtor(legt=02dd41a0)
 afxClass<afxPipelineRig>::AllocateObjects(1, 0028c44c, 0028c45c)
 afxClass<afxPipelineRig>::BuildObjects(1, 0028c44c, 0028c440)
 afxClass<afxPipelineRig>::ConstructObject(02dd5860)
 sglPipelineRig.c:118?_AfxPiprCtor(pipr=02dd5860)
 afxClass<afxXml>::DismantleObjects(1, 0028d530)
 Destructing instance 02d32150 of afxXml class.
 afxXml.c:972?_AfxXmlDtor(xml=02d32150)
 afxClass<afxXml>::DeallocateObjects(1, 0028d530)
 afxSampler.c:47?AfxDrawContextAcquireSamplers(dctx=02e1c380,spec=0028ddc0)
 afxClass<afxSampler>::AllocateObjects(1, 012d7034, 0028db54)
 afxClass<afxSampler>::BuildObjects(1, 012d7034, 0028ddc0)
 afxClass<afxSampler>::ConstructObject(02dd43e0)
 sglSampler.c:184?_AfxSmpCtor(smp=02dd43e0)
 afxCanvas.c:156?AfxDrawContextBuildCanvases(dctx=02e1c380,cnt=1,blueprint=0028db30,canv=012d703c)
 afxClass<afxCanvas>::AllocateObjects(1, 012d703c, 0028da2c)
 afxClass<afxCanvas>::BuildObjects(1, 012d703c, 0028db30)
 afxClass<afxCanvas>::ConstructObject(02dd6470)
 sglCanvas.c:399?_AfxCanvCtor(canv=02dd6470)
 afxSurface.c:12?AfxDrawContextAcquireSurface(dctx=02e1c380,fmt=22,whd=[1272,693,1],usage=32)
 ADV afxTexture.c:15?AfxTextureBlueprintReset
    texb->fcc == AFX_FCC_TEXB
 afxClass<afxSurface>::AllocateObjects(1, 0028cef8, 0028cf14)
 afxClass<afxSurface>::BuildObjects(1, 0028cef8, 0028cf20)
 afxClass<afxSurface, afxTexture>ConstructingObject(02dd68d0)
 afxClass<afxTexture>::ConstructObject(02dd68d0)
 sglTexture.c:1027?_AfxTexCtor(tex=02dd68d0)
 afxClass<afxSurface>::ConstructObject(02dd68d0)
 sglSurface.c:131?_AfxSurfCtor(surf=02dd68d0)
 afxClass<afxBuffer>::AllocateObjects(1, 012d7040, 0028dbd8)
 afxClass<afxBuffer>::BuildObjects(1, 012d7040, 0028de2c)
 afxClass<afxBuffer>::ConstructObject(00627900)
 sglBuffer.c:454?_AfxBufCtor(buf=00627900)
 afxCanvas.c:156?AfxDrawContextBuildCanvases(dctx=02e1c380,cnt=1,blueprint=0028db30,canv=012d7044)
 afxClass<afxCanvas>::AllocateObjects(1, 012d7044, 0028da2c)
 afxClass<afxCanvas>::BuildObjects(1, 012d7044, 0028db30)
 afxClass<afxCanvas>::ConstructObject(02dd6cb0)
 sglCanvas.c:399?_AfxCanvCtor(canv=02dd6cb0)
 afxSurface.c:12?AfxDrawContextAcquireSurface(dctx=02e1c380,fmt=22,whd=[1272,693,1],usage=32)
 ADV afxTexture.c:15?AfxTextureBlueprintReset
    texb->fcc == AFX_FCC_TEXB
 afxClass<afxSurface>::AllocateObjects(1, 0028cef8, 0028cf14)
 afxClass<afxSurface>::BuildObjects(1, 0028cef8, 0028cf20)
 afxClass<afxSurface, afxTexture>ConstructingObject(02dd6d90)
 afxClass<afxTexture>::ConstructObject(02dd6d90)
 sglTexture.c:1027?_AfxTexCtor(tex=02dd6d90)
 afxClass<afxSurface>::ConstructObject(02dd6d90)
 sglSurface.c:131?_AfxSurfCtor(surf=02dd6d90)
 afxClass<afxBuffer>::AllocateObjects(1, 012d7048, 0028dbd8)
 afxClass<afxBuffer>::BuildObjects(1, 012d7048, 0028de2c)
 afxClass<afxBuffer>::ConstructObject(006279c0)
 sglBuffer.c:454?_AfxBufCtor(buf=006279c0)
 afxDrawScript.c:298?AfxDrawInputAcquireScript(din=02d9c5f0)
 afxClass<afxDrawScript>::AllocateObjects(1, 0028e578, 0028e588)
 afxClass<afxDrawScript>::BuildObjects(1, 0028e578, 0028e5e0)
 afxClass<afxDrawScript>::ConstructObject(00627a80)
 sglDrawScript.c:464?_AfxDscrCtor(dscr=00627a80)
 afxTexture 0435c400 hardware-side data instanced.
 afxSurface 0435c400 hardware-side data instanced.
 afxTexture 02dd68d0 hardware-side data instanced.
 afxSurface 02dd68d0 hardware-side data instanced.
 afxCanvas 02dd6470 hardware-side data instanced.
 afxShader 02dd56d0 hardware-side data instanced.
 afxShader 02dd44e0 hardware-side data instanced.
 afxPipeline 02dd65d0 hardware-side data instanced.
 afxBuffer 00627900 hardware-side data instanced.
 afxTexture 02dd3a80 hardware-side data instanced.
 afxSampler 02dd43e0 hardware-side data instanced.
 afxBuffer 02dd3c30 hardware-side data instanced.
 afxShader 02d881a0 hardware-side data instanced.
 afxShader 02e1d050 hardware-side data instanced.
 afxPipeline 00ad07a0 hardware-side data instanced.
 afxBuffer 02e1d540 hardware-side data instanced.
 afxSampler 02d87d90 hardware-side data instanced.
 afxTexture 0435c5d0 hardware-side data instanced.
 afxSurface 0435c5d0 hardware-side data instanced.
 afxTexture 02dd6d90 hardware-side data instanced.
 afxSurface 02dd6d90 hardware-side data instanced.
 afxCanvas 02dd6cb0 hardware-side data instanced.
 ADV afxSystem.c:566?AfxSystemProcess
    User input requested application break.
 afxApplication.c:293?AfxApplicationExit(app=00a906e0)
 Skybox.c:550?AfxLeaveApplication(app=00a906e0)
 afxClass<afxDrawInput>::DismantleObjects(1, 0028ec9c)
 Destructing instance 02d9c5f0 of afxDrawInput class.
 sglDrawInput.c:237?_AfxDinDtor(din=02d9c5f0)
 afxClass<afxDrawInput>::DeallocateObjects(1, 0028ec9c)
 aaaaaaaaaaaa
 afxClass<afxApplication>::DismantleObjects(1, 0028ed54)
 Destructing instance 00a906e0 of afxApplication class.
 afxApplication.c:405?_AfxAppDtor(app=00a906e0)
 afxClass<afxSimulation>::Dismount(00a90c78)
 afxClass<afxSimulation>::DismantleObjects(1, 0028e8f8)
 Destructing instance 0435b500 of afxSimulation class.
 afxSimulation.c:340?_AfxSimDtor(sim=0435b500)
 afxClass<afxRenderer>::Dismount(0435bcc8)
 afxClass<afxLight>::Dismount(0435b848)
 afxClass<afxCamera>::Dismount(0435b788)
 afxClass<afxCamera>::DismantleObjects(1, 0028e498)
 afxObject<02d79090>::RemoveEventFilter(02dd35b0)
 Destructing instance 02dd35b0 of afxCamera class.
 afxCamera.c:931?_AfxCamDtor(cam=02dd35b0)
 Destructing instance 02dd35b0 of afxCamera : afxNode class.
 Destructing instance 02dd35b0 of afxNode class.
 afxClass<afxCamera>::DeallocateObjects(1, 0028e498)
 afxClass<afxEntity>::Dismount(0435b6c8)
 afxClass<afxBodyControl>::Dismount(0435b608)
 afxClass<afxBody>::Dismount(0435b548)
 afxClass<afxModel>::Dismount(0435ba88)
 afxClass<afxSkeleton>::Dismount(0435bb48)
 afxClass<afxNode>::Dismount(0435bc08)
 afxClass<afxMesh>::Dismount(0435b9c8)
 afxClass<afxMaterial>::Dismount(0435b908)
 afxClass<afxMemory>::DismantleObjects(1, 0028e5bc)
 Destructing instance 02d7b270 of afxMemory class.
 afxMemory.c:299?_AfxMemDtor(mem=02d7b270)
 afxMemory.c:219?AfxMemoryExhaust(mem=02d7b270)
 Exhausted. (mem)02d7b270
 afxClass<afxMemory>::DeallocateObjects(1, 0028e5bc)
 afxClass<afxSimulation>::DeallocateObjects(1, 0028e8f8)
 afxClass<afxWidget>::Dismount(00a90bb8)
 afxClass<afxDrawInput>::DismantleObjects(1, 0028ea1c)
 Destructing instance 006ea000 of afxDrawInput class.
 sglDrawInput.c:237?_AfxDinDtor(din=006ea000)
 afxClass<afxDrawInput>::DeallocateObjects(1, 0028ea1c)
 afxClass<afxMouse>::DismantleObjects(1, 0028ea1c)
 Destructing instance 02d79090 of afxMouse class.
 afxMouse.c:295?_AfxMseDtor(mse=02d79090)
 Destructing instance 02d79090 of afxMouse : afxHid class.
 Destructing instance 02d79090 of afxHid class.
 afxHid.c:66?_AfxHidDtor(hid=02d79090)
 afxClass<afxMouse>::DeallocateObjects(1, 0028ea1c)
 afxClass<afxApplication>::DeallocateObjects(1, 0028ed54)
 afxClass<Draw Context>::DismantleObjects(1, 0028ed54)
 Destructing instance 02e1c380 of Draw Context class.
 sglDrawContext.c:222?_AfxDctxDtor(dctx=02e1c380)
 afxClass<afxDrawOutput>::Dismount(02e1cf08)
 afxClass<afxDrawOutput>::DismantleObjects(1, 0028e8f8)
 Destructing instance 0435bea0 of afxDrawOutput class.
 sglDrawOutput.c:283?_AfxDoutDtor(dout=0435bea0)
 sglDrawOutput.c:238?_AfxDoutDropAllSurfaces(dout=0435bea0)
 afxClass<afxDrawOutput>::DeallocateObjects(1, 0028e8f8)
 afxClass<afxLegoTemplate>::Dismount(02e1cb48)
 afxClass<afxLegoTemplate>::DismantleObjects(1, 0028e8f8)
 Destructing instance 02dd41a0 of afxLegoTemplate class.
 sglLego.c:191?_AfxLegtDtor(legt=02dd41a0)
 afxClass<afxLegoTemplate>::DeallocateObjects(1, 0028e8f8)
 afxClass<afxLegoTemplate>::DismantleObjects(1, 0028e8f8)
 Destructing instance 02d87b50 of afxLegoTemplate class.
 sglLego.c:191?_AfxLegtDtor(legt=02d87b50)
 afxClass<afxLegoTemplate>::DeallocateObjects(1, 0028e8f8)
 afxClass<afxDrawOperation>::Dismount(02e1cc08)
 afxClass<afxDrawOperation>::DismantleObjects(1, 0028e8f8)
 Destructing instance 02dd6330 of afxDrawOperation class.
 afxDrawOperation.c:549?_AfxDopDtor(dop=02dd6330)
 afxClass<afxPipeline>::DismantleObjects(1, 0028e568)
 afxObject<02dd44e0>::RemoveEventFilter(02dd65d0)
 afxObject<02dd56d0>::RemoveEventFilter(02dd65d0)
 Destructing instance 02dd65d0 of afxPipeline class.
 sglPipeline.c:511?_AfxPipDtor(pip=02dd65d0)
 afxClass<afxPipelineRig>::DismantleObjects(1, 0028e1d8)
 Destructing instance 02dd5860 of afxPipelineRig class.
 sglPipelineRig.c:100?_AfxPiprDtor(pipr=02dd5860)
 afxClass<afxPipelineRig>::DeallocateObjects(1, 0028e1d8)
 afxClass<afxPipeline>::DeallocateObjects(1, 0028e568)
 afxClass<afxDrawOperation>::DeallocateObjects(1, 0028e8f8)
 afxClass<afxDrawOperation>::DismantleObjects(1, 0028e8f8)
 Destructing instance 006e9bb0 of afxDrawOperation class.
 afxDrawOperation.c:549?_AfxDopDtor(dop=006e9bb0)
 afxClass<afxPipeline>::DismantleObjects(1, 0028e568)
 afxObject<02d87e90>::RemoveEventFilter(006e9d00)
 afxObject<02e1d200>::RemoveEventFilter(006e9d00)
 Destructing instance 006e9d00 of afxPipeline class.
 sglPipeline.c:511?_AfxPipDtor(pip=006e9d00)
 afxClass<afxPipeline>::DeallocateObjects(1, 0028e568)
 afxClass<afxPipeline>::DismantleObjects(1, 0028e568)
 afxObject<02e1d050>::RemoveEventFilter(00ad07a0)
 afxObject<02d881a0>::RemoveEventFilter(00ad07a0)
 Destructing instance 00ad07a0 of afxPipeline class.
 sglPipeline.c:511?_AfxPipDtor(pip=00ad07a0)
 afxClass<afxPipelineRig>::DismantleObjects(1, 0028e1d8)
 Destructing instance 00ad5bb0 of afxPipelineRig class.
 sglPipelineRig.c:100?_AfxPiprDtor(pipr=00ad5bb0)
 afxClass<afxPipelineRig>::DeallocateObjects(1, 0028e1d8)
 afxClass<afxPipeline>::DeallocateObjects(1, 0028e568)
 afxClass<afxDrawOperation>::DeallocateObjects(1, 0028e8f8)
 afxClass<afxPipeline>::Dismount(02e1ca88)
 afxClass<afxPipelineRig>::Dismount(02e1c9c8)
 afxClass<afxShader>::Dismount(02e1c908)
 afxClass<afxShader>::DismantleObjects(1, 0028e8f8)
 Destructing instance 02dd44e0 of afxShader class.
 afxClass<afxShader>::DeallocateObjects(1, 0028e8f8)
 afxClass<afxShader>::DismantleObjects(1, 0028e8f8)
 Destructing instance 02dd56d0 of afxShader class.
 afxClass<afxShader>::DeallocateObjects(1, 0028e8f8)
 afxClass<afxShader>::DismantleObjects(1, 0028e8f8)
 Destructing instance 02e1d050 of afxShader class.
 afxClass<afxShader>::DeallocateObjects(1, 0028e8f8)
 afxClass<afxShader>::DismantleObjects(1, 0028e8f8)
 Destructing instance 02d881a0 of afxShader class.
 afxClass<afxShader>::DeallocateObjects(1, 0028e8f8)
 afxClass<afxShader>::DismantleObjects(1, 0028e8f8)
 Destructing instance 02d87e90 of afxShader class.
 afxClass<afxShader>::DeallocateObjects(1, 0028e8f8)
 afxClass<afxShader>::DismantleObjects(1, 0028e8f8)
 Destructing instance 02e1d200 of afxShader class.
 afxClass<afxShader>::DeallocateObjects(1, 0028e8f8)
 afxClass<afxCanvas>::Dismount(02e1c848)
 afxClass<afxCanvas>::DismantleObjects(1, 0028e8f8)
 Destructing instance 02dd6cb0 of afxCanvas class.
 sglCanvas.c:377?_AfxCanvDtor(canv=02dd6cb0)
 sglCanvas.c:327?_AfxCanvDropAllSurfaces(canv=02dd6cb0)
 afxClass<afxSurface>::DismantleObjects(1, 0028e55c)
 Destructing instance 0435c5d0 of afxSurface class.
 sglSurface.c:98?_AfxSurfDtor(surf=0435c5d0)
 Destructing instance 0435c5d0 of afxSurface : afxTexture class.
 Destructing instance 0435c5d0 of afxTexture class.
 sglTexture.c:981?_AfxTexDtor(tex=0435c5d0)
 afxClass<afxSurface>::DeallocateObjects(1, 0028e55c)
 afxClass<afxSurface>::DismantleObjects(1, 0028e55c)
 Destructing instance 02dd6d90 of afxSurface class.
 sglSurface.c:98?_AfxSurfDtor(surf=02dd6d90)
 Destructing instance 02dd6d90 of afxSurface : afxTexture class.
 Destructing instance 02dd6d90 of afxTexture class.
 sglTexture.c:981?_AfxTexDtor(tex=02dd6d90)
 afxClass<afxSurface>::DeallocateObjects(1, 0028e55c)
 afxClass<afxCanvas>::DeallocateObjects(1, 0028e8f8)
 afxClass<afxCanvas>::DismantleObjects(1, 0028e8f8)
 Destructing instance 02dd6470 of afxCanvas class.
 sglCanvas.c:377?_AfxCanvDtor(canv=02dd6470)
 sglCanvas.c:327?_AfxCanvDropAllSurfaces(canv=02dd6470)
 afxClass<afxSurface>::DismantleObjects(1, 0028e55c)
 Destructing instance 0435c400 of afxSurface class.
 sglSurface.c:98?_AfxSurfDtor(surf=0435c400)
 Destructing instance 0435c400 of afxSurface : afxTexture class.
 Destructing instance 0435c400 of afxTexture class.
 sglTexture.c:981?_AfxTexDtor(tex=0435c400)
 afxClass<afxSurface>::DeallocateObjects(1, 0028e55c)
 afxClass<afxSurface>::DismantleObjects(1, 0028e55c)
 Destructing instance 02dd68d0 of afxSurface class.
 sglSurface.c:98?_AfxSurfDtor(surf=02dd68d0)
 Destructing instance 02dd68d0 of afxSurface : afxTexture class.
 Destructing instance 02dd68d0 of afxTexture class.
 sglTexture.c:981?_AfxTexDtor(tex=02dd68d0)
 afxClass<afxSurface>::DeallocateObjects(1, 0028e55c)
 afxClass<afxCanvas>::DeallocateObjects(1, 0028e8f8)
 afxClass<afxSurface>::Dismount(02e1c788)
 afxClass<afxTexture>::Dismount(02e1c6c8)
 afxClass<afxTexture>::DismantleObjects(1, 0028e8f8)
 Destructing instance 02dd3a80 of afxTexture class.
 sglTexture.c:981?_AfxTexDtor(tex=02dd3a80)
 afxClass<afxTexture>::DeallocateObjects(1, 0028e8f8)
 afxClass<afxSampler>::Dismount(02e1c608)
 afxClass<afxSampler>::DismantleObjects(1, 0028e8f8)
 Destructing instance 02dd43e0 of afxSampler class.
 sglSampler.c:157?_AfxSmpDtor(smp=02dd43e0)
 afxClass<afxSampler>::DeallocateObjects(1, 0028e8f8)
 afxClass<afxSampler>::DismantleObjects(1, 0028e8f8)
 Destructing instance 02d87d90 of afxSampler class.
 sglSampler.c:157?_AfxSmpDtor(smp=02d87d90)
 afxClass<afxSampler>::DeallocateObjects(1, 0028e8f8)
 afxClass<afxIndexBuffer>::Dismount(02e1c548)
 afxClass<afxVertexBuffer>::Dismount(02e1c488)
 afxClass<afxVertexBuffer>::DismantleObjects(1, 0028e8f8)
 Destructing instance 02dd3c30 of afxVertexBuffer class.
 afxVertexBuffer.c:324?_AfxVbufDtor(vbuf=02dd3c30)
 Destructing instance 02dd3c30 of afxVertexBuffer : afxBuffer class.
 Destructing instance 02dd3c30 of afxBuffer class.
 sglBuffer.c:415?_AfxBufDtor(buf=02dd3c30)
 afxClass<afxVertexBuffer>::DeallocateObjects(1, 0028e8f8)
 afxClass<afxVertexBuffer>::DismantleObjects(1, 0028e8f8)
 Destructing instance 02e1d540 of afxVertexBuffer class.
 afxVertexBuffer.c:324?_AfxVbufDtor(vbuf=02e1d540)
 Destructing instance 02e1d540 of afxVertexBuffer : afxBuffer class.
 Destructing instance 02e1d540 of afxBuffer class.
 sglBuffer.c:415?_AfxBufDtor(buf=02e1d540)
 afxClass<afxVertexBuffer>::DeallocateObjects(1, 0028e8f8)
 afxClass<afxBuffer>::Dismount(02e1c3c8)
 afxClass<afxBuffer>::DismantleObjects(1, 0028e8f8)
 Destructing instance 006279c0 of afxBuffer class.
 sglBuffer.c:415?_AfxBufDtor(buf=006279c0)
 afxClass<afxBuffer>::DeallocateObjects(1, 0028e8f8)
 afxClass<afxBuffer>::DismantleObjects(1, 0028e8f8)
 Destructing instance 00627900 of afxBuffer class.
 sglBuffer.c:415?_AfxBufDtor(buf=00627900)
 afxClass<afxBuffer>::DeallocateObjects(1, 0028e8f8)
 afxClass<afxDrawQueue>::Dismount(02e1ce48)
 afxClass<afxDrawQueue>::DismantleObjects(1, 0028e8f8)
 Destructing instance 02d863c0 of afxDrawQueue class.
 sglDrawQueue.c:1792?_AfxDqueDtor(dque=02d863c0)
 afxClass<afxDrawQueue>::DeallocateObjects(1, 0028e8f8)
 afxClass<afxDrawInput>::Dismount(02e1cd88)
 afxClass<afxDrawScript>::Dismount(02e1ccc8)
 afxClass<afxDrawScript>::DismantleObjects(1, 0028e8f8)
 Destructing instance 00627a80 of afxDrawScript class.
 sglDrawScript.c:438?_AfxDscrDtor(dscr=00627a80)
 afxClass<afxDrawScript>::DeallocateObjects(1, 0028e8f8)
 afxClass<Draw Context>::DeallocateObjects(1, 0028ed54)
 afxClass<afxDrawSystem>::DismantleObjects(1, 0028ed54)
 Destructing instance 00623320 of afxDrawSystem class.
 afxDrawSystem.c:351?_AfxDsysDtor(dsys=00623320)
 afxClass<afxDrawDriver>::Dismount(00623368)
 afxClass<afxDrawDriver>::DismantleObjects(1, 0028e8c4)
 Destructing instance 02d84fc0 of afxDrawDriver class.
 afxDrawDriver.c:116?_AfxDdrvDtor(ddrv=02d84fc0)
 afxClass<Draw Context>::Dismount(02d85008)
 afxClass<afxDrawDriver>::DeallocateObjects(1, 0028e8c4)
 afxClass<afxDrawSystem>::DeallocateObjects(1, 0028ed54)
 afxClass<afxSystem>::DismantleObjects(1, 0028ed54)
 Destructing instance 0061f070 of afxSystem class.
 afxSystem.c:790?_AfxSysDtor(sys=0061f070)
 afxClass<afxApplication>::Dismount(006207b0)
 afxClass<afxDrawSystem>::Dismount(006206f0)
 afxClass<afxMouse>::Dismount(00620630)
 afxClass<afxKeyboard>::Dismount(00620570)
 afxClass<afxKeyboard>::DismantleObjects(1, 0028e8f4)
 Destructing instance 00622a90 of afxKeyboard class.
 afxKeyboard.c:211?_AfxKbdDtor(kbd=00622a90)
 Destructing instance 00622a90 of afxKeyboard : afxHid class.
 Destructing instance 00622a90 of afxHid class.
 afxHid.c:66?_AfxHidDtor(hid=00622a90)
 afxClass<afxKeyboard>::DeallocateObjects(1, 0028e8f4)
 afxClass<afxHid>::Dismount(006204b0)
 afxClass<afxModule>::Dismount(006203f0)
 afxClass<afxModule>::DismantleObjects(1, 0028e8f4)
 Destructing instance 00ad02f0 of afxModule class.
 afxModule.c:116?_AfxMdleDtor(mdle=00ad02f0)
 afxClass<afxModule>::DeallocateObjects(1, 0028e8f4)
 afxClass<afxModule>::DismantleObjects(1, 0028e8f4)
 Destructing instance 006234a0 of afxModule class.
 afxModule.c:116?_AfxMdleDtor(mdle=006234a0)
 afxClass<afxModule>::DeallocateObjects(1, 0028e8f4)
 afxClass<afxModule>::DismantleObjects(1, 0028e8f4)
 Destructing instance 00622940 of afxModule class.
 afxModule.c:116?_AfxMdleDtor(mdle=00622940)
 afxClass<afxModule>::DeallocateObjects(1, 0028e8f4)
 afxClass<afxFileSystem>::Dismount(00620330)
 afxClass<afxFileSystem>::DismantleObjects(1, 0028e8f4)
 Destructing instance 00620f20 of afxFileSystem class.
 afxFileSystem.c:588?_AfxFsysDtor(fsys=00620f20)
 afxFileSystem.c:345?AfxFileSystemDismountStoragePoints(Afx.FileSystem.DismountStoragePoints(00620f20,1,0028e598))
 Point "sound" 5 unmounted -> "E:/qwadro/afx/sound".
 afxFileSystem.c:345?AfxFileSystemDismountStoragePoints(Afx.FileSystem.DismountStoragePoints(00620f20,1,0028e598))
 Point "data" 5 unmounted -> "E:/qwadro/afx/data".
 afxFileSystem.c:345?AfxFileSystemDismountStoragePoints(Afx.FileSystem.DismountStoragePoints(00620f20,1,0028e598))
 Point "art" 5 unmounted -> "E:/qwadro/afx/art".
 afxFileSystem.c:345?AfxFileSystemDismountStoragePoints(Afx.FileSystem.DismountStoragePoints(00620f20,1,0028e598))
 Point "system" 7 unmounted -> "E:/qwadro/afx/system32".
 afxFileSystem.c:345?AfxFileSystemDismountStoragePoints(Afx.FileSystem.DismountStoragePoints(00620f20,1,0028e598))
 Point "." 5 unmounted -> "E:/qwadro/afx".
 afxClass<afxUrd>::Dismount(00621270)
 afxClass<afxXml>::Dismount(006211b0)
 afxClass<afxResource>::Dismount(00621330)
 afxClass<afxArchive>::Dismount(006210f0)
 afxClass<afxArchive>::DismantleObjects(1, 0028e448)
 Destructing instance 02d99fe0 of afxArchive class.
 Destructing instance 02d99fe0 of afxArchive : afxFile class.
 Destructing instance 02d99fe0 of afxFile class.
 Destructing instance 02d99fe0 of afxFile : afxStream class.
 Destructing instance 02d99fe0 of afxStream class.
 afxClass<afxArchive>::DeallocateObjects(1, 0028e448)
 afxClass<afxFile>::Dismount(00621030)
 afxClass<afxStream>::Dismount(00620f70)
 afxClass<afxStream>::DismantleObjects(1, 0028e448)
 Destructing instance 00ad0c20 of afxStream class.
 afxClass<afxStream>::DeallocateObjects(1, 0028e448)
 afxClass<afxFileSystem>::DeallocateObjects(1, 0028e8f4)
 afxClass<afxThread>::Dismount(00620270)
 afxClass<Memory Arena>::Dismount(006201b0)
 afxClass<Memory Arena>::DismantleObjects(1, 0028e8f4)
 Destructing instance 02d9c740 of Memory Arena class.
 afxArena.c:789?_AfxArenDtor(aren=02d9c740)
 Destructing instance 02d9c740 of Memory Arena : afxMemory class.
 Destructing instance 02d9c740 of afxMemory class.
 afxMemory.c:299?_AfxMemDtor(mem=02d9c740)
 afxMemory.c:219?AfxMemoryExhaust(mem=02d9c740)
 Exhausted. (mem)02d9c740
 afxClass<Memory Arena>::DeallocateObjects(1, 0028e8f4)
 afxClass<Memory Arena>::DismantleObjects(1, 0028e8f4)
 Destructing instance 00a90d90 of Memory Arena class.
 afxArena.c:789?_AfxArenDtor(aren=00a90d90)
 Destructing instance 00a90d90 of Memory Arena : afxMemory class.
 Destructing instance 00a90d90 of afxMemory class.
 afxMemory.c:299?_AfxMemDtor(mem=00a90d90)
 afxMemory.c:219?AfxMemoryExhaust(mem=00a90d90)
 Exhausted. (mem)00a90d90
 afxClass<Memory Arena>::DeallocateObjects(1, 0028e8f4)
 afxClass<afxMemory>::Dismount(006200f0)
 afxClass<afxMemory>::DismantleObjects(1, 0028e8f4)
 Destructing instance 006208e0 of afxMemory class.
 afxMemory.c:299?_AfxMemDtor(mem=006208e0)
 afxMemory.c:219?AfxMemoryExhaust(mem=006208e0)
 Exhausted. (mem)006208e0
 afxClass<afxMemory>::DeallocateObjects(1, 0028e8f4)
 afxClass<afxSystem>::DeallocateObjects(1, 0028ed54)