
 afxDebug.c:386?AfxAttachDebugTerminal()
      ::::::::  :::       :::     :::     :::::::::  :::::::::   ::::::::      
     :+:    :+: :+:       :+:   :+: :+:   :+:    :+: :+:    :+: :+:    :+:     
     +:+    +:+ +:+       +:+  +:+   +:+  +:+    +:+ +:+    +:+ +:+    +:+     
     +#+    +:+ +#+  +:+  +#+ +#++:++#++: +#+    +:+ +#++:++#:  +#+    +:+     
     +#+  # +#+ +#+ +#+#+ +#+ +#+     +#+ +#+    +#+ +#+    +#+ +#+    +#+     
     #+#   +#+   #+#+# #+#+#  #+#     #+# #+#    #+# #+#    #+# #+#    #+#     
      ###### ###  ###   ###   ###     ### #########  ###    ###  ########      
                                                                               
                  S I G M A   T E C H N O L O G Y   G R O U P                  
                                                                               
                               Public Test Build                               
                           (c) 2017 Federacao SIGMA                            
                                www.sigmaco.org                                
                                                                               
 afxClass<afxSystem>::Mount(515d33d0, 00000000, 00000000, 515b12b4)
 afxClass<afxSystem>::AllocateObjects(1, 0044f0c8, 0044efe0)
 afxClass<afxSystem>::BuildObjects(1, 0044f0c8, 00000000)
 afxClass<afxSystem>::ConstructObject(008bf070)
 afxSystem.c:885?_AfxSysCtor(sys=008bf070)
 ADV afxSystem.c:906?_AfxSysCtor
    Memoy page size: 4096
 ADV afxSystem.c:907?_AfxSysCtor
    Logical processor count: 2
 afxClass<afxMemory>::Mount(008bf0bc, 008bf0a4, 00000000, 515b5ac0)
 afxMemory.c:144?AfxAcquireMemory(strategy=0044e0cc,hint="afxSystem.c:928!_AfxSysCtor")
 afxClass<afxMemory>::AllocateObjects(1, 0044df68, 0044df78)
 afxClass<afxMemory>::BuildObjects(1, 0044df68, 0044df60)
 afxClass<afxMemory>::ConstructObject(008bac10)
 afxMemory.c:198?_AfxMemCtor(mem=008bac10)
 afxClass<afxThread>::Mount(008bf17c, 008bf0a4, 00000000, 515b18dc)
 afxClass<afxIoSystem>::Mount(008bf23c, 008bf0a4, 00000000, 515b3094)
 afxClass<afxIoSystem>::AllocateObjects(1, 0044e094, 0044df68)
 afxClass<afxIoSystem>::BuildObjects(1, 0044e094, 0044e098)
 afxClass<afxIoSystem>::ConstructObject(008bfdb0)
 afxIoSystem.c:706?_AfxIoCtor(io=008bfdb0)
 afxArena.c:767?AfxAcquireArena(aren=008bfdfc)
 afxArena.c:768?AfxAcquireArena(spec=00000000,hint="afxIoSystem.c:722!_AfxIoCtor")
 afxClass<afxFile>::Mount(008bfe54, 008bfde4, 00000000, 515b2dd8)
 afxClass<afxArchive>::Mount(008bff14, 008bfde4, 008bfe54, 515b2758)
 afxClass<afxResource>::Mount(008c0094, 008bfde4, 00000000, 515b4550)
 afxClass<afxUrd>::Mount(008bffd4, 008bfde4, 00000000, 515b4b30)
 afxIoSystem.c:412?AfxMountStoragePoints(008bfdb0,6,0044e290)
 Point "." 5 mounted -> "E:/qwadro/afx".
 Point "system" 5 mounted -> "E:/qwadro/afx/system32".
 Point "sound" 5 mounted -> "E:/qwadro/afx/sound".
 Point "tmp" 7 mounted -> "E:/qwadro/afx/tmp".
 Point "data" 5 mounted -> "E:/qwadro/afx/data".
 Point "art" 5 mounted -> "E:/qwadro/afx/art".
 afxClass<afxModule>::Mount(008bf2fc, 008bf0a4, 00000000, 515aff68)
 afxModule.c:93?AfxAcquireModules(uri=system/e2coree.dll)
 afxClass<afxModule>::AllocateObjects(1, 008bf860, 0044df4c)
 afxClass<afxModule>::BuildObjects(1, 008bf860, 0044e1bc)
 afxClass<afxModule>::ConstructObject(008c4460)
 afxModule.c:170?_AfxMdleCtor(uri:system/e2coree.dll)
 afxClass<afxHid>::Mount(008bf3bc, 008bf0a4, 00000000, 515b3800)
 afxClass<afxKeyboard>::Mount(008bf47c, 008bf0a4, 008bf3bc, 515b414c)
 afxClass<afxMouse>::Mount(008bf53c, 008bf0a4, 008bf3bc, 515b42ec)
 afxClass<afxDrawSystem>::Mount(008bf5fc, 008bf0a4, 00000000, 515b8734)
 afxClass<afxApplication>::Mount(008bf6bc, 008bf0a4, 008bf17c, 515af000)
 afxKeyboard.c:189?AfxAcquireKeyboards(port=0)
 afxClass<afxKeyboard>::AllocateObjects(1, 008bf864, 0044df80)
 afxClass<afxKeyboard>::BuildObjects(1, 008bf864, 0044df70)
 afxClass<afxKeyboard, afxHid>ConstructingObject(008c4590)
 afxClass<afxHid>::ConstructObject(008c4590)
 afxHid.c:226?_AfxHidCtor(hid=008c4590)
 afxClass<afxKeyboard>::ConstructObject(008c4590)
 afxKeyboard.c:252?_AfxKbdCtor(kbd=008c4590)
 afxClass<afxDrawSystem>::AllocateObjects(1, 0044f0c4, 0044efe0)
 afxClass<afxDrawSystem>::BuildObjects(1, 0044f0c4, 0044f0c0)
 afxClass<afxDrawSystem>::ConstructObject(008c4e20)
 afxDrawSystem.c:461?_AfxDsysCtor(dsys=008c4e20)
 afxClass<afxDrawDriver>::Mount(008c4e68, 008c4e54, 00000000, 515b74e4)
 afxClass<afxDrawThread>::Mount(008c4f28, 008c4e54, 008bf17c, 515b8a64)
New texture codec registered.
Name: SIGGL
Author: SIGMA Technology Group
Version: 0.5.1
Note: 
 Truecolor Targa texture serializer installed!
 afxModule.c:93?AfxAcquireModules(uri=e2draw.icd)
 afxClass<afxModule>::AllocateObjects(1, 008c5054, 0044eb04)
 afxClass<afxModule>::BuildObjects(1, 008c5054, 0044ebf0)
 afxClass<afxModule>::ConstructObject(008c5e40)
 afxModule.c:170?_AfxMdleCtor(uri:e2draw.icd)
 afxDrawDriver.c:215?AfxRegisterDrawDriver(spec=519c7de8)
 afxClass<afxDrawDriver>::AllocateObjects(1, 0044eb40, 0044eae0)
 afxClass<afxDrawDriver>::BuildObjects(1, 0044eb40, 519c7de8)
 afxClass<afxDrawDriver>::ConstructObject(008c7530)
 afxDrawDriver.c:271?_AfxDdrvCtor(ddrv=008c7530)
 afxClass<afxDrawScript>::Mount(008c7580, 008c756c, 00000000, 515b8194)
 afxClass<afxDrawQueue>::Mount(008c7640, 008c756c, 00000000, 515b8054)
 afxClass<afxDrawContext>::Mount(008c7700, 008c756c, 00000000, 515b6020)
 afxClass<afxDrawOutput>::Mount(008c77c0, 008c756c, 00000000, 515b7a94)
 afxClass<afxDrawInput>::Mount(008c7880, 008c756c, 00000000, 515b7860)
 Listing mem available display devices...

 #0 = Intel(R) HD Graphics (\\.\DISPLAY1) 8000005
 #1 = RDPDD Chained DD (\\.\DISPLAYV1) 200008
 #2 = RDP Encoder Mirror Driver (\\.\DISPLAYV2) 200008
 #3 = RDP Reflector Display Driver (\\.\DISPLAYV3) 200008
 sglDrawDriver.c:1241?_SglCreateCombinedDeviceContext(oglWndClss=008c7a54,shareCtx=00000000,phwnd=008ce370,phdc=008ce374,phrc=008ce37c)
 wglCreateContext fallback @ 0 found.
 wglDeleteContext fallback @ 1 found.
 wglGetCurrentContext fallback @ 2 found.
 wglGetCurrentDC fallback @ 3 found.
 wglGetProcAddress fallback @ 4 found.
 wglMakeCurrent fallback @ 5 found.
 wglChoosePixelFormatARB @ 6 found.
 wglDescribePixelFormat fallback @ 7 found.
 wglSetPixelFormat fallback @ 8 found.
 wglGetPixelFormat fallback @ 9 found.
 wglSwapBuffers fallback @ 10 found.
 wglChoosePixelFormatARB @ 11 found.
 wglMakeContextCurrentARB @ 12 found.
 wglGetCurrentReadDCARB @ 13 found.
 wglCreateContextAttribsARB @ 14 found.
 wglGetExtensionsStringARB @ 15 found.
 wglSwapIntervalEXT @ 16 found.
 wglCreateContext fallback @ 0 found.
 wglDeleteContext fallback @ 1 found.
 wglGetCurrentContext fallback @ 2 found.
 wglGetCurrentDC fallback @ 3 found.
 wglGetProcAddress fallback @ 4 found.
 wglMakeCurrent fallback @ 5 found.
 wglChoosePixelFormat fallback @ 6 found.
 wglDescribePixelFormat fallback @ 7 found.
 wglSetPixelFormat fallback @ 8 found.
 wglGetPixelFormat fallback @ 9 found.
 wglSwapBuffers fallback @ 10 found.
 wglCreateContext fallback @ 0 found.
 wglDeleteContext fallback @ 1 found.
 wglGetCurrentContext fallback @ 2 found.
 wglGetCurrentDC fallback @ 3 found.
 wglGetProcAddress fallback @ 4 found.
 wglMakeCurrent fallback @ 5 found.
 wglChoosePixelFormatARB @ 6 found.
 wglDescribePixelFormat fallback @ 7 found.
 wglSetPixelFormat fallback @ 8 found.
 wglGetPixelFormat fallback @ 9 found.
 wglSwapBuffers fallback @ 10 found.
 wglChoosePixelFormatARB @ 11 found.
 wglMakeContextCurrentARB @ 12 found.
 wglGetCurrentReadDCARB @ 13 found.
 wglCreateContextAttribsARB @ 14 found.
 wglGetExtensionsStringARB @ 15 found.
 wglSwapIntervalEXT @ 16 found.
 ADV sglDrawDriver.c:1560?_SglBuildDpu
    677 381 1920 1080 96 96 32 1 36 36 51 60 1 
 ERR sglDrawDriver.c:1025?SglGetPixelFormat
    
 ERR sglDrawDriver.c:1025?SglGetPixelFormat
    
 ERR sglDrawDriver.c:1013?SglDescribePixelFormat
    
 ERR sglDrawDriver.c:1013?SglDescribePixelFormat
    
 glPixelStoref @ 0 found.
 glPixelStorei @ 1 found.
 glReadBuffer @ 2 found.
 glReadPixels @ 3 found.
 glGetBooleanv @ 4 found.
 glGetDoublev @ 5 found.
 glGetError @ 6 found.
 glGetFloatv @ 7 found.
 glGetIntegerv @ 8 found.
 glGetString @ 9 found.
 glGetTexImage @ 10 found.
 glGetTexParameterfv @ 11 found.
 glGetTexParameteriv @ 12 found.
 glGetTexLevelParameterfv @ 13 found.
 glGetTexLevelParameteriv @ 14 found.
 glIsEnabled @ 15 found.
 glDepthRange @ 16 found.
 glViewport @ 17 found.
 glCullFace @ 0 found.
 glFrontFace @ 1 found.
 glHint @ 2 found.
 glLineWidth @ 3 found.
 glPointSize @ 4 found.
 glPolygonMode @ 5 found.
 glScissor @ 6 found.
 glTexParameterf @ 7 found.
 glTexParameterfv @ 8 found.
 glTexParameteri @ 9 found.
 glTexParameteriv @ 10 found.
 glTexImage1D @ 11 found.
 glTexImage2D @ 12 found.
 glDrawBuffer @ 13 found.
 glClear @ 14 found.
 glClearColor @ 15 found.
 glClearStencil @ 16 found.
 glClearDepth @ 17 found.
 glStencilMask @ 18 found.
 glColorMask @ 19 found.
 glDepthMask @ 20 found.
 glDisable @ 21 found.
 glEnable @ 22 found.
 glFinish @ 23 found.
 glFlush @ 24 found.
 glBlendFunc @ 25 found.
 glLogicOp @ 26 found.
 glStencilFunc @ 27 found.
 glStencilOp @ 28 found.
 glDepthFunc @ 29 found.
 glPixelStoref @ 30 found.
 glPixelStorei @ 31 found.
 glReadBuffer @ 32 found.
 glReadPixels @ 33 found.
 glGetBooleanv @ 34 found.
 glGetDoublev @ 35 found.
 glGetError @ 36 found.
 glGetFloatv @ 37 found.
 glGetIntegerv @ 38 found.
 glGetString @ 39 found.
 glGetTexImage @ 40 found.
 glGetTexParameterfv @ 41 found.
 glGetTexParameteriv @ 42 found.
 glGetTexLevelParameterfv @ 43 found.
 glGetTexLevelParameteriv @ 44 found.
 glIsEnabled @ 45 found.
 glDepthRange @ 46 found.
 glViewport @ 47 found.
 glDrawArrays @ 48 found.
 glDrawElements @ 49 found.
 glGetPointerv @ 50 found.
 glPolygonOffset @ 51 found.
 glCopyTexImage1D @ 52 found.
 glCopyTexImage2D @ 53 found.
 glCopyTexSubImage1D @ 54 found.
 glCopyTexSubImage2D @ 55 found.
 glTexSubImage1D @ 56 found.
 glTexSubImage2D @ 57 found.
 glBindTexture @ 58 found.
 glDeleteTextures @ 59 found.
 glGenTextures @ 60 found.
 glIsTexture @ 61 found.
 glDrawRangeElements @ 62 found.
 glTexImage3D @ 63 found.
 glTexSubImage3D @ 64 found.
 glCopyTexSubImage3D @ 65 found.
 glActiveTexture @ 66 found.
 glSampleCoverage @ 67 found.
 glCompressedTexImage3D @ 68 found.
 glCompressedTexImage2D @ 69 found.
 glCompressedTexImage1D @ 70 found.
 glCompressedTexSubImage3D @ 71 found.
 glCompressedTexSubImage2D @ 72 found.
 glCompressedTexSubImage1D @ 73 found.
 glGetCompressedTexImage @ 74 found.
 glBlendFuncSeparate @ 75 found.
 glMultiDrawArrays @ 76 found.
 glMultiDrawElements @ 77 found.
 glPointParameterf @ 78 found.
 glPointParameterfv @ 79 found.
 glPointParameteri @ 80 found.
 glPointParameteriv @ 81 found.
 glBlendColor @ 82 found.
 glBlendEquation @ 83 found.
 glGenQueries @ 84 found.
 glDeleteQueries @ 85 found.
 glIsQuery @ 86 found.
 glBeginQuery @ 87 found.
 glEndQuery @ 88 found.
 glGetQueryiv @ 89 found.
 glGetQueryObjectiv @ 90 found.
 glGetQueryObjectuiv @ 91 found.
 glBindBuffer @ 92 found.
 glDeleteBuffers @ 93 found.
 glGenBuffers @ 94 found.
 glIsBuffer @ 95 found.
 glBufferData @ 96 found.
 glBufferSubData @ 97 found.
 glGetBufferSubData @ 98 found.
 glMapBuffer @ 99 found.
 glUnmapBuffer @ 100 found.
 glGetBufferParameteriv @ 101 found.
 glGetBufferPointerv @ 102 found.
 glBlendEquationSeparate @ 103 found.
 glDrawBuffers @ 104 found.
 glStencilOpSeparate @ 105 found.
 glStencilFuncSeparate @ 106 found.
 glStencilMaskSeparate @ 107 found.
 glAttachShader @ 108 found.
 glBindAttribLocation @ 109 found.
 glCompileShader @ 110 found.
 glCreateProgram @ 111 found.
 glCreateShader @ 112 found.
 glDeleteProgram @ 113 found.
 glDeleteShader @ 114 found.
 glDetachShader @ 115 found.
 glDisableVertexAttribArray @ 116 found.
 glEnableVertexAttribArray @ 117 found.
 glGetActiveAttrib @ 118 found.
 glGetActiveUniform @ 119 found.
 glGetAttachedShaders @ 120 found.
 glGetAttribLocation @ 121 found.
 glGetProgramiv @ 122 found.
 glGetProgramInfoLog @ 123 found.
 glGetShaderiv @ 124 found.
 glGetShaderInfoLog @ 125 found.
 glGetShaderSource @ 126 found.
 glGetUniformLocation @ 127 found.
 glGetUniformfv @ 128 found.
 glGetUniformiv @ 129 found.
 glGetVertexAttribdv @ 130 found.
 glGetVertexAttribfv @ 131 found.
 glGetVertexAttribiv @ 132 found.
 glGetVertexAttribPointerv @ 133 found.
 glIsProgram @ 134 found.
 glIsShader @ 135 found.
 glLinkProgram @ 136 found.
 glShaderSource @ 137 found.
 glUseProgram @ 138 found.
 glUniform1f @ 139 found.
 glUniform2f @ 140 found.
 glUniform3f @ 141 found.
 glUniform4f @ 142 found.
 glUniform1i @ 143 found.
 glUniform2i @ 144 found.
 glUniform3i @ 145 found.
 glUniform4i @ 146 found.
 glUniform1fv @ 147 found.
 glUniform2fv @ 148 found.
 glUniform3fv @ 149 found.
 glUniform4fv @ 150 found.
 glUniform1iv @ 151 found.
 glUniform2iv @ 152 found.
 glUniform3iv @ 153 found.
 glUniform4iv @ 154 found.
 glUniformMatrix2fv @ 155 found.
 glUniformMatrix3fv @ 156 found.
 glUniformMatrix4fv @ 157 found.
 glValidateProgram @ 158 found.
 glVertexAttrib1d @ 159 found.
 glVertexAttrib1dv @ 160 found.
 glVertexAttrib1f @ 161 found.
 glVertexAttrib1fv @ 162 found.
 glVertexAttrib1s @ 163 found.
 glVertexAttrib1sv @ 164 found.
 glVertexAttrib2d @ 165 found.
 glVertexAttrib2dv @ 166 found.
 glVertexAttrib2f @ 167 found.
 glVertexAttrib2fv @ 168 found.
 glVertexAttrib2s @ 169 found.
 glVertexAttrib2sv @ 170 found.
 glVertexAttrib3d @ 171 found.
 glVertexAttrib3dv @ 172 found.
 glVertexAttrib3f @ 173 found.
 glVertexAttrib3fv @ 174 found.
 glVertexAttrib3s @ 175 found.
 glVertexAttrib3sv @ 176 found.
 glVertexAttrib4Nbv @ 177 found.
 glVertexAttrib4Niv @ 178 found.
 glVertexAttrib4Nsv @ 179 found.
 glVertexAttrib4Nub @ 180 found.
 glVertexAttrib4Nubv @ 181 found.
 glVertexAttrib4Nuiv @ 182 found.
 glVertexAttrib4Nusv @ 183 found.
 glVertexAttrib4bv @ 184 found.
 glVertexAttrib4d @ 185 found.
 glVertexAttrib4dv @ 186 found.
 glVertexAttrib4f @ 187 found.
 glVertexAttrib4fv @ 188 found.
 glVertexAttrib4iv @ 189 found.
 glVertexAttrib4s @ 190 found.
 glVertexAttrib4sv @ 191 found.
 glVertexAttrib4ubv @ 192 found.
 glVertexAttrib4uiv @ 193 found.
 glVertexAttrib4usv @ 194 found.
 glVertexAttribPointer @ 195 found.
 glUniformMatrix2x3fv @ 196 found.
 glUniformMatrix3x2fv @ 197 found.
 glUniformMatrix2x4fv @ 198 found.
 glUniformMatrix4x2fv @ 199 found.
 glUniformMatrix3x4fv @ 200 found.
 glUniformMatrix4x3fv @ 201 found.
 glColorMaski @ 202 found.
 glGetBooleani_v @ 203 found.
 glGetIntegeri_v @ 204 found.
 glEnablei @ 205 found.
 glDisablei @ 206 found.
 glIsEnabledi @ 207 found.
 glBeginTransformFeedback @ 208 found.
 glEndTransformFeedback @ 209 found.
 glBindBufferRange @ 210 found.
 glBindBufferBase @ 211 found.
 glTransformFeedbackVaryings @ 212 found.
 glGetTransformFeedbackVarying @ 213 found.
 glClampColor @ 214 found.
 glBeginConditionalRender @ 215 found.
 glEndConditionalRender @ 216 found.
 glVertexAttribIPointer @ 217 found.
 glGetVertexAttribIiv @ 218 found.
 glGetVertexAttribIuiv @ 219 found.
 glVertexAttribI1i @ 220 found.
 glVertexAttribI2i @ 221 found.
 glVertexAttribI3i @ 222 found.
 glVertexAttribI4i @ 223 found.
 glVertexAttribI1ui @ 224 found.
 glVertexAttribI2ui @ 225 found.
 glVertexAttribI3ui @ 226 found.
 glVertexAttribI4ui @ 227 found.
 glVertexAttribI1iv @ 228 found.
 glVertexAttribI2iv @ 229 found.
 glVertexAttribI3iv @ 230 found.
 glVertexAttribI4iv @ 231 found.
 glVertexAttribI1uiv @ 232 found.
 glVertexAttribI2uiv @ 233 found.
 glVertexAttribI3uiv @ 234 found.
 glVertexAttribI4uiv @ 235 found.
 glVertexAttribI4bv @ 236 found.
 glVertexAttribI4sv @ 237 found.
 glVertexAttribI4ubv @ 238 found.
 glVertexAttribI4usv @ 239 found.
 glGetUniformuiv @ 240 found.
 glBindFragDataLocation @ 241 found.
 glGetFragDataLocation @ 242 found.
 glUniform1ui @ 243 found.
 glUniform2ui @ 244 found.
 glUniform3ui @ 245 found.
 glUniform4ui @ 246 found.
 glUniform1uiv @ 247 found.
 glUniform2uiv @ 248 found.
 glUniform3uiv @ 249 found.
 glUniform4uiv @ 250 found.
 glTexParameterIiv @ 251 found.
 glTexParameterIuiv @ 252 found.
 glGetTexParameterIiv @ 253 found.
 glGetTexParameterIuiv @ 254 found.
 glClearBufferiv @ 255 found.
 glClearBufferuiv @ 256 found.
 glClearBufferfv @ 257 found.
 glClearBufferfi @ 258 found.
 glGetStringi @ 259 found.
 glIsRenderbuffer @ 260 found.
 glBindRenderbuffer @ 261 found.
 glDeleteRenderbuffers @ 262 found.
 glGenRenderbuffers @ 263 found.
 glRenderbufferStorage @ 264 found.
 glGetRenderbufferParameteriv @ 265 found.
 glIsFramebuffer @ 266 found.
 glBindFramebuffer @ 267 found.
 glDeleteFramebuffers @ 268 found.
 glGenFramebuffers @ 269 found.
 glCheckFramebufferStatus @ 270 found.
 glFramebufferTexture1D @ 271 found.
 glFramebufferTexture2D @ 272 found.
 glFramebufferTexture3D @ 273 found.
 glFramebufferRenderbuffer @ 274 found.
 glGetFramebufferAttachmentParameteriv @ 275 found.
 glGenerateMipmap @ 276 found.
 glBlitFramebuffer @ 277 found.
 glRenderbufferStorageMultisample @ 278 found.
 glFramebufferTextureLayer @ 279 found.
 glMapBufferRange @ 280 found.
 glFlushMappedBufferRange @ 281 found.
 glBindVertexArray @ 282 found.
 glDeleteVertexArrays @ 283 found.
 glGenVertexArrays @ 284 found.
 glIsVertexArray @ 285 found.
 glDrawArraysInstanced @ 286 found.
 glDrawElementsInstanced @ 287 found.
 glTexBuffer @ 288 found.
 glPrimitiveRestartIndex @ 289 found.
 glCopyBufferSubData @ 290 found.
 glGetUniformIndices @ 291 found.
 glGetActiveUniformsiv @ 292 found.
 glGetActiveUniformName @ 293 found.
 glGetUniformBlockIndex @ 294 found.
 glGetActiveUniformBlockiv @ 295 found.
 glGetActiveUniformBlockName @ 296 found.
 glUniformBlockBinding @ 297 found.
 glDrawElementsBaseVertex @ 298 found.
 glDrawRangeElementsBaseVertex @ 299 found.
 glDrawElementsInstancedBaseVertex @ 300 found.
 glMultiDrawElementsBaseVertex @ 301 found.
 glProvokingVertex @ 302 found.
 glFenceSync @ 303 found.
 glIsSync @ 304 found.
 glDeleteSync @ 305 found.
 glClientWaitSync @ 306 found.
 glWaitSync @ 307 found.
 glGetInteger64v @ 308 found.
 glGetSynciv @ 309 found.
 glGetInteger64i_v @ 310 found.
 glGetBufferParameteri64v @ 311 found.
 glFramebufferTexture @ 312 found.
 glTexImage2DMultisample @ 313 found.
 glTexImage3DMultisample @ 314 found.
 glGetMultisamplefv @ 315 found.
 glSampleMaski @ 316 found.
 glBindFragDataLocationIndexed @ 317 found.
 glGetFragDataIndex @ 318 found.
 glGenSamplers @ 319 found.
 glDeleteSamplers @ 320 found.
 glIsSampler @ 321 found.
 glBindSampler @ 322 found.
 glSamplerParameteri @ 323 found.
 glSamplerParameteriv @ 324 found.
 glSamplerParameterf @ 325 found.
 glSamplerParameterfv @ 326 found.
 glSamplerParameterIiv @ 327 found.
 glSamplerParameterIuiv @ 328 found.
 glGetSamplerParameteriv @ 329 found.
 glGetSamplerParameterIiv @ 330 found.
 glGetSamplerParameterfv @ 331 found.
 glGetSamplerParameterIuiv @ 332 found.
 glQueryCounter @ 333 found.
 glGetQueryObjecti64v @ 334 found.
 glGetQueryObjectui64v @ 335 found.
 glVertexAttribDivisor @ 336 found.
 glVertexAttribP1ui @ 337 found.
 glVertexAttribP1uiv @ 338 found.
 glVertexAttribP2ui @ 339 found.
 glVertexAttribP2uiv @ 340 found.
 glVertexAttribP3ui @ 341 found.
 glVertexAttribP3uiv @ 342 found.
 glVertexAttribP4ui @ 343 found.
 glVertexAttribP4uiv @ 344 found.
 glMinSampleShading @ 345 found.
 glBlendEquationi @ 346 found.
 glBlendEquationSeparatei @ 347 found.
 glBlendFunci @ 348 found.
 glBlendFuncSeparatei @ 349 found.
 glDrawArraysIndirect @ 350 found.
 glDrawElementsIndirect @ 351 found.
 glUniform1d @ 352 found.
 glUniform2d @ 353 found.
 glUniform3d @ 354 found.
 glUniform4d @ 355 found.
 glUniform1dv @ 356 found.
 glUniform2dv @ 357 found.
 glUniform3dv @ 358 found.
 glUniform4dv @ 359 found.
 glUniformMatrix2dv @ 360 found.
 glUniformMatrix3dv @ 361 found.
 glUniformMatrix4dv @ 362 found.
 glUniformMatrix2x3dv @ 363 found.
 glUniformMatrix2x4dv @ 364 found.
 glUniformMatrix3x2dv @ 365 found.
 glUniformMatrix3x4dv @ 366 found.
 glUniformMatrix4x2dv @ 367 found.
 glUniformMatrix4x3dv @ 368 found.
 glGetUniformdv @ 369 found.
 glGetSubroutineUniformLocation @ 370 found.
 glGetSubroutineIndex @ 371 found.
 glGetActiveSubroutineUniformiv @ 372 found.
 glGetActiveSubroutineUniformName @ 373 found.
 glGetActiveSubroutineName @ 374 found.
 glUniformSubroutinesuiv @ 375 found.
 glGetUniformSubroutineuiv @ 376 found.
 glGetProgramStageiv @ 377 found.
 glPatchParameteri @ 378 found.
 glPatchParameterfv @ 379 found.
 glBindTransformFeedback @ 380 found.
 glDeleteTransformFeedbacks @ 381 found.
 glGenTransformFeedbacks @ 382 found.
 glIsTransformFeedback @ 383 found.
 glPauseTransformFeedback @ 384 found.
 glResumeTransformFeedback @ 385 found.
 glDrawTransformFeedback @ 386 found.
 glDrawTransformFeedbackStream @ 387 found.
 glBeginQueryIndexed @ 388 found.
 glEndQueryIndexed @ 389 found.
 glGetQueryIndexediv @ 390 found.
 glReleaseShaderCompiler @ 391 found.
 glShaderBinary @ 392 found.
 glGetShaderPrecisionFormat @ 393 found.
 glDepthRangef @ 394 found.
 glClearDepthf @ 395 found.
 glGetProgramBinary @ 396 found.
 glProgramBinary @ 397 found.
 glProgramParameteri @ 398 found.
 glUseProgramStages @ 399 found.
 glActiveShaderProgram @ 400 found.
 glCreateShaderProgramv @ 401 found.
 glBindProgramPipeline @ 402 found.
 glDeleteProgramPipelines @ 403 found.
 glGenProgramPipelines @ 404 found.
 glIsProgramPipeline @ 405 found.
 glGetProgramPipelineiv @ 406 found.
 glProgramUniform1i @ 407 found.
 glProgramUniform1iv @ 408 found.
 glProgramUniform1f @ 409 found.
 glProgramUniform1fv @ 410 found.
 glProgramUniform1d @ 411 found.
 glProgramUniform1dv @ 412 found.
 glProgramUniform1ui @ 413 found.
 glProgramUniform1uiv @ 414 found.
 glProgramUniform2i @ 415 found.
 glProgramUniform2iv @ 416 found.
 glProgramUniform2f @ 417 found.
 glProgramUniform2fv @ 418 found.
 glProgramUniform2d @ 419 found.
 glProgramUniform2dv @ 420 found.
 glProgramUniform2ui @ 421 found.
 glProgramUniform2uiv @ 422 found.
 glProgramUniform3i @ 423 found.
 glProgramUniform3iv @ 424 found.
 glProgramUniform3f @ 425 found.
 glProgramUniform3fv @ 426 found.
 glProgramUniform3d @ 427 found.
 glProgramUniform3dv @ 428 found.
 glProgramUniform3ui @ 429 found.
 glProgramUniform3uiv @ 430 found.
 glProgramUniform4i @ 431 found.
 glProgramUniform4iv @ 432 found.
 glProgramUniform4f @ 433 found.
 glProgramUniform4fv @ 434 found.
 glProgramUniform4d @ 435 found.
 glProgramUniform4dv @ 436 found.
 glProgramUniform4ui @ 437 found.
 glProgramUniform4uiv @ 438 found.
 glProgramUniformMatrix2fv @ 439 found.
 glProgramUniformMatrix3fv @ 440 found.
 glProgramUniformMatrix4fv @ 441 found.
 glProgramUniformMatrix2dv @ 442 found.
 glProgramUniformMatrix3dv @ 443 found.
 glProgramUniformMatrix4dv @ 444 found.
 glProgramUniformMatrix2x3fv @ 445 found.
 glProgramUniformMatrix3x2fv @ 446 found.
 glProgramUniformMatrix2x4fv @ 447 found.
 glProgramUniformMatrix4x2fv @ 448 found.
 glProgramUniformMatrix3x4fv @ 449 found.
 glProgramUniformMatrix4x3fv @ 450 found.
 glProgramUniformMatrix2x3dv @ 451 found.
 glProgramUniformMatrix3x2dv @ 452 found.
 glProgramUniformMatrix2x4dv @ 453 found.
 glProgramUniformMatrix4x2dv @ 454 found.
 glProgramUniformMatrix3x4dv @ 455 found.
 glProgramUniformMatrix4x3dv @ 456 found.
 glValidateProgramPipeline @ 457 found.
 glGetProgramPipelineInfoLog @ 458 found.
 glVertexAttribL1d @ 459 found.
 glVertexAttribL2d @ 460 found.
 glVertexAttribL3d @ 461 found.
 glVertexAttribL4d @ 462 found.
 glVertexAttribL1dv @ 463 found.
 glVertexAttribL2dv @ 464 found.
 glVertexAttribL3dv @ 465 found.
 glVertexAttribL4dv @ 466 found.
 glVertexAttribLPointer @ 467 found.
 glGetVertexAttribLdv @ 468 found.
 glViewportArrayv @ 469 found.
 glViewportIndexedf @ 470 found.
 glViewportIndexedfv @ 471 found.
 glScissorArrayv @ 472 found.
 glScissorIndexed @ 473 found.
 glScissorIndexedv @ 474 found.
 glDepthRangeArrayv @ 475 found.
 glDepthRangeIndexed @ 476 found.
 glGetFloati_v @ 477 found.
 glGetDoublei_v @ 478 found.
 glDrawArraysInstancedBaseInstance @ 479 found.
 glDrawElementsInstancedBaseInstance @ 480 found.
 glDrawElementsInstancedBaseVertexBaseInstance @ 481 found.
 glGetInternalformativ @ 482 found.
 glGetActiveAtomicCounterBufferiv @ 483 found.
 glBindImageTexture @ 484 found.
 glMemoryBarrier @ 485 found.
 glTexStorage1D @ 486 found.
 glTexStorage2D @ 487 found.
 glTexStorage3D @ 488 found.
 glDrawTransformFeedbackInstanced @ 489 found.
 glDrawTransformFeedbackStreamInstanced @ 490 found.
 glDispatchCompute @ 493 found.
 glDispatchComputeIndirect @ 494 found.
 glFramebufferParameteri @ 496 found.
 glGetFramebufferParameteriv @ 497 found.
 glGetInternalformati64v @ 498 found.
 glInvalidateFramebuffer @ 503 found.
 glInvalidateSubFramebuffer @ 504 found.
 glMultiDrawArraysIndirect @ 505 found.
 glMultiDrawElementsIndirect @ 506 found.
 glGetProgramInterfaceiv @ 507 found.
 glGetProgramResourceIndex @ 508 found.
 glGetProgramResourceName @ 509 found.
 glGetProgramResourceiv @ 510 found.
 glGetProgramResourceLocation @ 511 found.
 glGetProgramResourceLocationIndex @ 512 found.
 glShaderStorageBlockBinding @ 513 found.
 glTexBufferRange @ 514 found.
 glTexStorage2DMultisample @ 515 found.
 glTexStorage3DMultisample @ 516 found.
 glBindVertexBuffer @ 518 found.
 glVertexAttribFormat @ 519 found.
 glVertexAttribIFormat @ 520 found.
 glVertexAttribLFormat @ 521 found.
 glVertexAttribBinding @ 522 found.
 glVertexBindingDivisor @ 523 found.
 glDebugMessageControl @ 524 found.
 glDebugMessageInsert @ 525 found.
 glDebugMessageCallback @ 526 found.
 glGetDebugMessageLog @ 527 found.
 glPushDebugGroup @ 528 found.
 glPopDebugGroup @ 529 found.
 glObjectLabel @ 530 found.
 glGetObjectLabel @ 531 found.
 glObjectPtrLabel @ 532 found.
 glGetObjectPtrLabel @ 533 found.
 glBufferStorage @ 534 found.
 glClipControlEXT @ 543 found.
 glNamedBufferStorageEXT @ 551 found.
 glTextureBufferRangeEXT @ 589 found.
 glTextureParameteriEXT @ 606 found.
 glMemoryBarrierByRegion @ 641 found.
 glGetGraphicsResetStatusARB @ 644 found.
 glGetnCompressedTexImageARB @ 645 found.
 glGetnTexImageARB @ 646 found.
 glGetnUniformdvARB @ 647 found.
 glGetnUniformfvARB @ 648 found.
 glGetnUniformivARB @ 649 found.
 glGetnUniformuivARB @ 650 found.
 glReadnPixelsARB @ 651 found.
 FIX sglDrawDriver.c:1589?_SglBuildDpu
    DPU#0 Intel(R) HD Graphics
 FIX sglDrawDriver.c:1590?_SglBuildDpu
    DPU#0 3.3.0 - Build 10.18.10.5161
 FIX sglDrawDriver.c:1592?_SglBuildDpu
    WGL_EXT_depth_float WGL_ARB_buffer_region WGL_ARB_extensions_string WGL_ARB_make_current_read WGL_ARB_pixel_format WGL_ARB_pbuffer WGL_EXT_extensions_string WGL_EXT_swap_control WGL_EXT_swap_control_tear WGL_ARB_multisample WGL_ARB_pixel_format_float WGL_ARB_framebuffer_sRGB WGL_ARB_create_context WGL_ARB_create_context_profile WGL_EXT_pixel_format_packed_float WGL_EXT_create_context_es_profile WGL_EXT_create_context_es2_profile WGL_NV_DX_interop WGL_ARB_create_context_robustness 
New draw driver registered.
Name: OpenGL/Vulkan Continuous Integration over Qwadro
Author: SIGMA Technology Group
Version: 0.7.2
Note: 
           :::::::::::     :::     :::::::::   ::::::::      :::               
               :+:       :+: :+:   :+:    :+: :+:    :+:   :+: :+:             
               +:+      +:+   +:+  +:+    +:+ +:+         +:+   +:+            
               +#+     +#++:++#++: +#++:++#:  :#:        +#++:++#++:           
               +#+     +#+     +#+ +#+    +#+ +#+   +#+# +#+     +#+           
               #+#     #+#     #+# #+#    #+# #+#    #+# #+#     #+#           
               ###     ###     ### ###    ###  ########  ###     ###           
                                                                               
                  S I G M A   T E C H N O L O G Y   G R O U P                  
                                                                               
                               Public Test Build                               
                           (c) 2017 Federacao SIGMA                            
                                www.sigmaco.org                                
                                                                               
 Loading draw ICDs...
 afxModule.c:93?AfxAcquireModules(uri=e2draw.icd)
 afxModule.c:93?AfxAcquireModules(uri=e2newton.icd)
 afxClass<afxModule>::AllocateObjects(1, 0044e9c8, 0044e924)
 afxClass<afxModule>::BuildObjects(1, 0044e9c8, 0044e9cc)
 afxClass<afxModule>::ConstructObject(030d3730)
 afxModule.c:170?_AfxMdleCtor(uri:e2newton.icd)
 afxDrawThread.c:63?AfxAcquireDrawThreads(spec=00000000,cnt=2)
 afxClass<afxDrawThread>::AllocateObjects(1, 0044ec74, 0044eb48)
 afxClass<afxDrawThread>::BuildObjects(1, 0044ec74, 00000000)
 afxClass<afxDrawThread, afxThread>ConstructingObject(0098c5d0)
 afxClass<afxThread>::ConstructObject(0098c5d0)
 afxThread.c:1258?_AfxThrCtor(0098c5d0)
 afxClass<afxDrawThread>::ConstructObject(0098c5d0)
 afxDrawThread.c:156?_AfxDthrCtor(dthr=0098c5d0)
 afxClass<afxDrawThread>::AllocateObjects(1, 0044ec78, 0044eb48)
 afxClass<afxDrawThread>::BuildObjects(1, 0044ec78, 00000000)
 afxClass<afxDrawThread, afxThread>ConstructingObject(0098c700)
 afxClass<afxThread>::ConstructObject(0098c700)
 afxThread.c:1258?_AfxThrCtor(0098c700)
 afxClass<afxDrawThread>::ConstructObject(0098c700)
 afxDrawThread.c:156?_AfxDthrCtor(dthr=0098c700)
 afxThread.c:1133?AfxSetThreadAffinity(thr=0098c5d0)
 afxThread.c:1144?AfxRunThread(thr=0098c5d0)
 afxThread.c:1133?AfxSetThreadAffinity(thr=0098c700)
 afxThread.c:1144?AfxRunThread(thr=0098c700)
 afxDrawContext.c:560?AfxAcquireDrawContexts(spec=0044f08c,cnt=1)
 afxClass<afxDrawContext>::AllocateObjects(1, 01335030, 0044efc0)
 afxClass<afxDrawContext>::BuildObjects(1, 01335030, 0044f08c)
 afxClass<afxDrawContext>::ConstructObject(047356b0)
 afxDrawContext.c:639?_AfxDctxCtor(dctx=047356b0)
 afxArena.c:767?AfxAcquireArena(aren=04735f48)
 afxArena.c:768?AfxAcquireArena(spec=00000000,hint="afxDrawContext.c:658!_AfxDctxCtor")
 afxClass<afxBuffer>::Mount(04735a04, 047356f0, 00000000, 515ba048)
 afxClass<afxVertexBuffer>::Mount(04735ac4, 047356f0, 04735a04, 515bb6fc)
 afxClass<afxIndexBuffer>::Mount(04735b84, 047356f0, 04735a04, 515ba314)
 afxClass<afxSampler>::Mount(04735c44, 047356f0, 00000000, 515ba714)
 afxClass<afxTexture>::Mount(04735d04, 047356f0, 00000000, 515baed8)
 afxClass<afxSurface>::Mount(04735dc4, 047356f0, 04735d04, 515bad5c)
 afxClass<afxShader>::Mount(04735e84, 047356f0, 00000000, 515ba934)
 afxClass<afxLego>::Mount(04735884, 047356f0, 00000000, 515b9904)
 afxClass<afxCanvas>::Mount(04735704, 047356f0, 00000000, 515b8e80)
 afxClass<afxPipeline>::Mount(047357c4, 047356f0, 00000000, 515b9b90)
 afxClass<afxDrawOperation>::Mount(04735944, 047356f0, 00000000, 515b9300)
 sglDrawContext.c:272?_SglDdrvVmtDctxCb(dctx=047356b0)
 Uploading draw operation 'data/pipeline/rgbaToRgba.xml'
 afxXml.c:976?AfxLoadXml(uri:data/pipeline/rgbaToRgba.xml)
 afxFile.c:344?AfxOpenFile(00000001,data/pipeline/rgbaToRgba.xml)
 afxClass<afxFile>::AllocateObjects(1, 0044e254, 0044e264)
 afxClass<afxFile>::BuildObjects(1, 0044e254, 0044e24c)
 afxClass<afxFile>::ConstructObject(030e1cf0)
 afxStream.c:600?AfxAcquireStream(ios=030e1d24,flags=1,start=00000000,len=0)
 afxClass<afxFile>::DismantleObjects(1, 0044e2a4)
 Destructing instance 030e1cf0 of afxFile class.
 afxClass<afxFile>::DeallocateObjects(1, 0044e2a4)
 afxClass<afxDrawOperation>::AllocateObjects(1, 0098b788, 0044e29c)
 afxClass<afxDrawOperation>::BuildObjects(1, 0098b788, 0044e520)
 afxClass<afxDrawOperation>::ConstructObject(0098b400)
 afxDrawOperation.c:659?_AfxDopCtor(dop=0098b400)
 afxPipeline.c:380?AfxBuildPipelines(dctx=047356b0)
 afxClass<afxPipeline>::AllocateObjects(1, 047488c8, 0044dc44)
 afxClass<afxPipeline>::BuildObjects(1, 047488c8, 0044dd38)
 afxClass<afxPipeline>::ConstructObject(04749640)
 afxPipeline.c:452?_AfxPipCtor(pip=04749640)
 afxShader.c:550?AfxAcquireShaders(cnt=1,uri=0098b530,shd=0044d6a8)
 Uploading shader 'data/pipeline/rgbaToRgba.xml?vs'
 afxXml.c:976?AfxLoadXml(uri:data/pipeline/rgbaToRgba.xml)
 afxFile.c:344?AfxOpenFile(00000001,data/pipeline/rgbaToRgba.xml)
 afxClass<afxFile>::AllocateObjects(1, 0044cf28, 0044cf38)
 afxClass<afxFile>::BuildObjects(1, 0044cf28, 0044cf20)
 afxClass<afxFile>::ConstructObject(04749910)
 afxStream.c:600?AfxAcquireStream(ios=04749944,flags=1,start=00000000,len=0)
 afxClass<afxFile>::DismantleObjects(1, 0044cf78)
 Destructing instance 04749910 of afxFile class.
 afxClass<afxFile>::DeallocateObjects(1, 0044cf78)
 afxFile.c:364?AfxOpenReadableFile(data/pipeline/stdEnv.inc)
 afxClass<afxFile>::AllocateObjects(1, 0044cd14, 0044cd24)
 afxClass<afxFile>::BuildObjects(1, 0044cd14, 0044cd0c)
 afxClass<afxFile>::ConstructObject(04749910)
 afxStream.c:600?AfxAcquireStream(ios=04749944,flags=5,start=00000000,len=0)
 afxClass<afxFile>::DismantleObjects(1, 0044cd64)
 Destructing instance 04749910 of afxFile class.
 afxClass<afxFile>::DeallocateObjects(1, 0044cd64)
 afxShader.c:397?AfxBuildShaders(cnt=1,blueprint=0044d274,shd=0044d6a8)
 afxClass<afxShader>::AllocateObjects(1, 0044d6a8, 0044cf70)
 afxClass<afxShader>::BuildObjects(1, 0044d6a8, 0044d274)
 afxClass<afxShader>::ConstructObject(04749910)
 afxShader.c:660?_AfxShdCtor(shd=04749910)
 #version 330 core // QWADRO. Engineered by SIGMA Technology Group.

#define afxInt int
#define afxNat uint

#define afxReal float

#define afxV2d vec2
#define afxV3d vec3
#define afxV4d vec4

#define afxM2d mat2
#define afxM3d mat3
#define afxM4d mat4

        
        layout(location = 0) in vec2 a_xy;

        out block
        {
            vec2 uv0;
        } sgl_v;

        void main()
        {
            gl_Position = vec4(a_xy, 0.0, 1.0);
            sgl_v.uv0 = vec2(gl_Position.xy * 0.5 + 0.5).xy;
        }
       
 sglShader.c:134?_AfxShdCtor(shd=04749910)
 afxObject<04749910>::InstallEventFilter(04749640)
 afxShader.c:550?AfxAcquireShaders(cnt=1,uri=047495b0,shd=0044d6a8)
 Uploading shader 'data/pipeline/rgbaToRgba.xml?fs'
 afxXml.c:976?AfxLoadXml(uri:data/pipeline/rgbaToRgba.xml)
 afxFile.c:344?AfxOpenFile(00000001,data/pipeline/rgbaToRgba.xml)
 afxClass<afxFile>::AllocateObjects(1, 0044cf28, 0044cf38)
 afxClass<afxFile>::BuildObjects(1, 0044cf28, 0044cf20)
 afxClass<afxFile>::ConstructObject(04749eb0)
 afxStream.c:600?AfxAcquireStream(ios=04749ee4,flags=1,start=00000000,len=0)
 afxClass<afxFile>::DismantleObjects(1, 0044cf78)
 Destructing instance 04749eb0 of afxFile class.
 afxClass<afxFile>::DeallocateObjects(1, 0044cf78)
 afxFile.c:364?AfxOpenReadableFile(data/pipeline/stdEnv.inc)
 afxClass<afxFile>::AllocateObjects(1, 0044cd14, 0044cd24)
 afxClass<afxFile>::BuildObjects(1, 0044cd14, 0044cd0c)
 afxClass<afxFile>::ConstructObject(04749eb0)
 afxStream.c:600?AfxAcquireStream(ios=04749ee4,flags=5,start=00000000,len=0)
 afxClass<afxFile>::DismantleObjects(1, 0044cd64)
 Destructing instance 04749eb0 of afxFile class.
 afxClass<afxFile>::DeallocateObjects(1, 0044cd64)
 afxShader.c:397?AfxBuildShaders(cnt=1,blueprint=0044d274,shd=0044d6a8)
 afxClass<afxShader>::AllocateObjects(1, 0044d6a8, 0044cf70)
 afxClass<afxShader>::BuildObjects(1, 0044d6a8, 0044d274)
 afxClass<afxShader>::ConstructObject(04749eb0)
 afxShader.c:660?_AfxShdCtor(shd=04749eb0)
 #version 330 core // QWADRO. Engineered by SIGMA Technology Group.

#define afxInt int
#define afxNat uint

#define afxReal float

#define afxV2d vec2
#define afxV3d vec3
#define afxV4d vec4

#define afxM2d mat2
#define afxM3d mat3
#define afxM4d mat4

        
        uniform sampler2D samp;

        in block
        {
            vec2 uv0;
        } sgl_v;

        out vec4 sgl_rgba;

        void main()
        {
            sgl_rgba = texture(samp, sgl_v.uv0);
        }
       
 sglShader.c:134?_AfxShdCtor(shd=04749eb0)
 afxObject<04749eb0>::InstallEventFilter(04749640)
 afxLego.c:218?AfxBuildLegos(dctx=047356b0)
 afxClass<afxLego>::AllocateObjects(1, 0475e314, 0044d4f0)
 afxClass<afxLego>::BuildObjects(1, 0475e314, 0044d864)
 afxClass<afxLego>::ConstructObject(0475fb00)
 afxLego.c:275?_AfxLegtCtor(legt=0475fb00)
 sglPipeline.c:293?_AfxPipCtor(pip=04749640)
 afxPipeline.c:380?AfxBuildPipelines(dctx=047356b0)
 afxClass<afxPipeline>::AllocateObjects(1, 04748928, 0044dc44)
 afxClass<afxPipeline>::BuildObjects(1, 04748928, 0044dd38)
 afxClass<afxPipeline>::ConstructObject(04757bf0)
 afxPipeline.c:452?_AfxPipCtor(pip=04757bf0)
 afxShader.c:550?AfxAcquireShaders(cnt=1,uri=0475fba0,shd=0044d6a8)
 Uploading shader 'data/pipeline/rgbaToRgba.xml?vsFlippedY'
 afxXml.c:976?AfxLoadXml(uri:data/pipeline/rgbaToRgba.xml)
 afxFile.c:344?AfxOpenFile(00000001,data/pipeline/rgbaToRgba.xml)
 afxClass<afxFile>::AllocateObjects(1, 0044cf28, 0044cf38)
 afxClass<afxFile>::BuildObjects(1, 0044cf28, 0044cf20)
 afxClass<afxFile>::ConstructObject(0475fc40)
 afxStream.c:600?AfxAcquireStream(ios=0475fc74,flags=1,start=00000000,len=0)
 afxClass<afxFile>::DismantleObjects(1, 0044cf78)
 Destructing instance 0475fc40 of afxFile class.
 afxClass<afxFile>::DeallocateObjects(1, 0044cf78)
 afxFile.c:364?AfxOpenReadableFile(data/pipeline/stdEnv.inc)
 afxClass<afxFile>::AllocateObjects(1, 0044cd14, 0044cd24)
 afxClass<afxFile>::BuildObjects(1, 0044cd14, 0044cd0c)
 afxClass<afxFile>::ConstructObject(0475fc40)
 afxStream.c:600?AfxAcquireStream(ios=0475fc74,flags=5,start=00000000,len=0)
 afxClass<afxFile>::DismantleObjects(1, 0044cd64)
 Destructing instance 0475fc40 of afxFile class.
 afxClass<afxFile>::DeallocateObjects(1, 0044cd64)
 afxShader.c:397?AfxBuildShaders(cnt=1,blueprint=0044d274,shd=0044d6a8)
 afxClass<afxShader>::AllocateObjects(1, 0044d6a8, 0044cf70)
 afxClass<afxShader>::BuildObjects(1, 0044d6a8, 0044d274)
 afxClass<afxShader>::ConstructObject(04758380)
 afxShader.c:660?_AfxShdCtor(shd=04758380)
 #version 330 core // QWADRO. Engineered by SIGMA Technology Group.

#define afxInt int
#define afxNat uint

#define afxReal float

#define afxV2d vec2
#define afxV3d vec3
#define afxV4d vec4

#define afxM2d mat2
#define afxM3d mat3
#define afxM4d mat4

        
        const mat4 m = mat4(1, 0, 0, 0, 0, -1, 0, 0, 0, 0, 1, 0, 0, 0, 0, 1);
        
        layout(location = 0) in vec2 a_xy;
        
        out block
        {
            vec2 uv0;
        } sgl_v;

        void main()
        {
            gl_Position = vec4(a_xy, 0.0, 1.0);
            sgl_v.uv0 = vec2(m * vec4(gl_Position.xy * 0.5 + 0.5, 0, 1)).xy;
        }
       
 sglShader.c:134?_AfxShdCtor(shd=04758380)
 afxObject<04758380>::InstallEventFilter(04757bf0)
 afxShader.c:550?AfxAcquireShaders(cnt=1,uri=047495b0,shd=0044d6a8)
 Uploading shader 'data/pipeline/rgbaToRgba.xml?fs'
 afxXml.c:976?AfxLoadXml(uri:data/pipeline/rgbaToRgba.xml)
 afxFile.c:344?AfxOpenFile(00000001,data/pipeline/rgbaToRgba.xml)
 afxClass<afxFile>::AllocateObjects(1, 0044cf28, 0044cf38)
 afxClass<afxFile>::BuildObjects(1, 0044cf28, 0044cf20)
 afxClass<afxFile>::ConstructObject(0475fce0)
 afxStream.c:600?AfxAcquireStream(ios=0475fd14,flags=1,start=00000000,len=0)
 afxClass<afxFile>::DismantleObjects(1, 0044cf78)
 Destructing instance 0475fce0 of afxFile class.
 afxClass<afxFile>::DeallocateObjects(1, 0044cf78)
 afxFile.c:364?AfxOpenReadableFile(data/pipeline/stdEnv.inc)
 afxClass<afxFile>::AllocateObjects(1, 0044cd14, 0044cd24)
 afxClass<afxFile>::BuildObjects(1, 0044cd14, 0044cd0c)
 afxClass<afxFile>::ConstructObject(04758690)
 afxStream.c:600?AfxAcquireStream(ios=047586c4,flags=5,start=00000000,len=0)
 afxClass<afxFile>::DismantleObjects(1, 0044cd64)
 Destructing instance 04758690 of afxFile class.
 afxClass<afxFile>::DeallocateObjects(1, 0044cd64)
 afxShader.c:397?AfxBuildShaders(cnt=1,blueprint=0044d274,shd=0044d6a8)
 afxClass<afxShader>::AllocateObjects(1, 0044d6a8, 0044cf70)
 afxClass<afxShader>::BuildObjects(1, 0044d6a8, 0044d274)
 afxClass<afxShader>::ConstructObject(04758690)
 afxShader.c:660?_AfxShdCtor(shd=04758690)
 #version 330 core // QWADRO. Engineered by SIGMA Technology Group.

#define afxInt int
#define afxNat uint

#define afxReal float

#define afxV2d vec2
#define afxV3d vec3
#define afxV4d vec4

#define afxM2d mat2
#define afxM3d mat3
#define afxM4d mat4

        
        uniform sampler2D samp;

        in block
        {
            vec2 uv0;
        } sgl_v;

        out vec4 sgl_rgba;

        void main()
        {
            sgl_rgba = texture(samp, sgl_v.uv0);
        }
       
 sglShader.c:134?_AfxShdCtor(shd=04758690)
 afxObject<04758690>::InstallEventFilter(04757bf0)
 afxLego.c:218?AfxBuildLegos(dctx=047356b0)
 afxClass<afxLego>::AllocateObjects(1, 0475d6b4, 0044d4f0)
 afxClass<afxLego>::BuildObjects(1, 0475d6b4, 0044d864)
 afxClass<afxLego>::ConstructObject(0475fce0)
 afxLego.c:275?_AfxLegtCtor(legt=0475fce0)
 sglPipeline.c:293?_AfxPipCtor(pip=04757bf0)
 afxSampler.c:53?AfxAcquireSamplers(cnt=1,spec=0044ea50,spec=0098b78c)
 afxClass<afxSampler>::AllocateObjects(1, 0098b78c, 0044e750)
 afxClass<afxSampler>::BuildObjects(1, 0098b78c, 0044ea50)
 afxClass<afxSampler>::ConstructObject(0475fd70)
 afxSampler.c:111?_AfxSampCtor(samp=0475fd70)
 sglSampler.c:143?_AfxSmpCtor(smp=0475fd70)
 afxClass<afxVertexBuffer>::AllocateObjects(1, 0098b790, 0044e7a4)
 afxClass<afxVertexBuffer>::BuildObjects(1, 0098b790, 0044e77c)
 afxClass<afxVertexBuffer, afxBuffer>ConstructingObject(04736020)
 afxClass<afxBuffer>::ConstructObject(04736020)
 afxBuffer.c:247?_AfxBufCtor(buf=04736020)
 sglBuffer.c:329?_SglBufCtor(buf=04736020)
 afxClass<afxVertexBuffer>::ConstructObject(04736020)
 afxVertexBuffer.c:446?_AfxVbufCtor(vbuf=04736020)
 afxDrawQueue.c:314?AfxAcquireDrawQueues(ddrv=008c7530,spec=0044ebd0,cnt=1)
 afxClass<afxDrawQueue>::AllocateObjects(1, 030dfeb0, 0044ead0)
 afxClass<afxDrawQueue>::BuildObjects(1, 030dfeb0, 0044ebd0)
 afxClass<afxDrawQueue>::ConstructObject(0098b280)
 afxDrawQueue.c:385?_AfxDqueCtor(dque=0098b280)
 afxArena.c:767?AfxAcquireArena(aren=0098b304)
 afxArena.c:768?AfxAcquireArena(spec=00000000,hint="afxDrawQueue.c:404!_AfxDqueCtor")
 sglDrawQueue.c:1715?_SglDdrvVmtDqueCb(dque=0098b280)
 afxApplication.c:243?AfxAcquireApplications(spec=0044f068,cnt=1)
 afxClass<afxApplication>::AllocateObjects(1, 0044f088, 0044efd8)
 afxClass<afxApplication>::BuildObjects(1, 0044f088, 0044f068)
 afxClass<afxApplication, afxThread>ConstructingObject(0475a2b0)
 afxClass<afxThread>::ConstructObject(0475a2b0)
 afxThread.c:1258?_AfxThrCtor(0475a2b0)
 afxClass<afxApplication>::ConstructObject(0475a2b0)
 afxApplication.c:331?_AfxAppCtor(app=0475a2b0)
 afxMouse.c:273?AfxAcquireMouses(port=0)
 afxClass<afxMouse>::AllocateObjects(1, 0475a510, 0044ebc8)
 afxClass<afxMouse>::BuildObjects(1, 0475a510, 0044ebb8)
 afxClass<afxMouse, afxHid>ConstructingObject(030cb330)
 afxClass<afxHid>::ConstructObject(030cb330)
 afxHid.c:226?_AfxHidCtor(hid=030cb330)
 afxClass<afxMouse>::ConstructObject(030cb330)
 afxMouse.c:335?_AfxMseCtor(mse=030cb330)
 afxDrawInput.c:259?AfxAcquireDrawInputs(spec=0044ec64,cnt=1)
 afxClass<afxDrawInput>::AllocateObjects(1, 0475a534, 0044ebc0)
 afxClass<afxDrawInput>::BuildObjects(1, 0475a534, 0044ec64)
 afxClass<afxDrawInput>::ConstructObject(030c5290)
 afxDrawInput.c:343?_AfxDinCtor(din=030c5290)
 afxClass<afxWidget>::Mount(0475a38c, 0475a378, 00000000, 515bd2b0)
 afxClass<afxSimulation>::Mount(0475a44c, 0475a378, 00000000, 515bdb48)
 afxApplication.c:194?AfxRunApplication(app=0475a2b0)
 afxThread.c:1144?AfxRunThread(thr=0475a2b0)
 Skybox.c:77?AfxEnterApplication(app=0475a2b0)
 afxIoSystem.c:412?AfxMountStoragePoints(008bfdb0,1,0044ec6c)
 ERR afxIoSystem.c:439?AfxMountStoragePoints
    
 ERR Skybox.c:91?AfxEnterApplication
    
 ERR Skybox.c:91?AfxEnterApplication
    (rslt == 1)
    Invalid
 afxArchive.c:574?AfxAcquireArchive(Afx.IoSystem.AcquireArchive(1,"art/mnt.zip"))
 afxClass<afxArchive>::AllocateObjects(1, 0044ead0, 0044eae0)
 afxClass<afxArchive>::BuildObjects(1, 0044ead0, 0044eac8)
 afxClass<afxArchive, afxFile>ConstructingObject(04758df0)
 afxClass<afxFile>::ConstructObject(04758df0)
 afxStream.c:600?AfxAcquireStream(ios=04758e24,flags=5,start=00000000,len=0)
 afxClass<afxArchive>::ConstructObject(04758df0)
 afxArchive.c:620?_AfxArcCtor(arc=04758df0)
 signature: 0x6054B50
 diskNumber: 0
 centralDirectoryDiskNumber: 0
 numEntriesThisDisk: 2
 numEntries: 2
 centralDirectorySize: 185 0xb9
 centralDirectoryOffset: 514621 0x7da3d
 zipCommentLength: 0
 Archived item 0 -> 514621 0x7da3d
 signature: 33639248 0x2014b50
 versionMadeBy: 63 0x3f
 versionNeededToExtract: 20 0x14
 generalPurposeBitFlag: 0 0
 compressionMethod: 0 0
 lastModFileTime: 1350 0x546
 lastModFileDate: 22171 0x569b
 crc32: 0
 compressedSize: 0
 uncompressedSize: 0
 fileNameLength: 4
 textraFieldLength: 36
 fileCommentLength: 0
 diskNumberStart: 0
 internalFileAttributes: 0
 externalFileAttributes: 0x10
 relativeOffsetOflocalHeader: 0 0
 Archived item 0, 34 0x22
 2023/04/27 00:42:12 #0000 art/
 Archived item 1 -> 514707 0x7da93
 signature: 33639248 0x2014b50
 versionMadeBy: 63 0x3f
 versionNeededToExtract: 10 0xa
 generalPurposeBitFlag: 0 0
 compressionMethod: 0 0
 lastModFileTime: 1423 0x58f
 lastModFileDate: 22171 0x569b
 crc32: 0x594b0260
 compressedSize: 514540
 uncompressedSize: 514540
 fileNameLength: 17
 textraFieldLength: 36
 fileCommentLength: 0
 diskNumberStart: 0
 internalFileAttributes: 0
 externalFileAttributes: 0x20
 relativeOffsetOflocalHeader: 34 0x22
 Archived item 1, 81 0x51
 2023/04/27 00:44:30 #0001 art/worldtest.tga
 afxStream.c:600?AfxAcquireStream(ios=0044ec00,flags=7,start=00000000,len=514540)
 ERR afxArchive.c:477?AfxOpenArchiveItem
    
 afxFile.c:344?AfxOpenFile(00000002,tmp/worldtest.tga)
 afxClass<afxFile>::AllocateObjects(1, 0044e9a8, 0044e9b8)
 afxClass<afxFile>::BuildObjects(1, 0044e9a8, 0044e9a0)
 afxClass<afxFile>::ConstructObject(030e1cf0)
 afxStream.c:600?AfxAcquireStream(ios=030e1d24,flags=2,start=00000000,len=0)
 afxClass<afxFile>::DismantleObjects(1, 0044e9f8)
 Destructing instance 030e1cf0 of afxFile class.
 afxClass<afxFile>::DeallocateObjects(1, 0044e9f8)
 afxSimulation.c:392?AfxApplicationAcquireSimulation(app=0475a2b0,bounding=[[0.000000,0.000000,0.000000,1.000000],[0.000000,0.000000,0.000000,1.000000]])
 afxClass<afxSimulation>::AllocateObjects(1, 0044ea98, 0044eaa8)
 afxClass<afxSimulation>::BuildObjects(1, 0044ea98, 0044ea90)
 afxClass<afxSimulation>::ConstructObject(04780330)
 afxSimulation.c:313?_AfxSimCtor(sim=04780330)
 afxMemory.c:144?AfxAcquireMemory(strategy=0044e72c,hint="afxSimulation.c:332!_AfxSimCtor")
 afxClass<afxMemory>::AllocateObjects(1, 0044e628, 0044e638)
 afxClass<afxMemory>::BuildObjects(1, 0044e628, 0044e620)
 afxClass<afxMemory>::ConstructObject(030e1cf0)
 afxMemory.c:198?_AfxMemCtor(mem=030e1cf0)
 afxClass<afxMaterial>::Mount(04780738, 04780364, 00000000, 515be240)
 afxClass<afxMesh>::Mount(047807f8, 04780364, 00000000, 515be560)
 afxClass<afxNode>::Mount(04780a38, 04780364, 00000000, 515bd700)
 afxClass<afxSkeleton>::Mount(04780978, 04780364, 00000000, 515bf068)
 afxClass<afxModel>::Mount(047808b8, 04780364, 00000000, 515bedf4)
 afxClass<afxBody>::Mount(04780378, 04780364, 00000000, 515bdfe0)
 afxClass<afxBodyControl>::Mount(04780438, 04780364, 00000000, 515be108)
 afxClass<afxEntity>::Mount(047804f8, 04780364, 04780a38, 515bd530)
 afxClass<afxCamera>::Mount(047805b8, 04780364, 04780a38, 515bf5d4)
 afxClass<afxLight>::Mount(04780678, 04780364, 04780a38, 515bf81c)
 afxClass<afxRenderer>::Mount(04780af8, 04780364, 00000000, 515bfc68)
 afxDrawOutput.c:462?AfxAcquireDrawOutputs(spec=0044ece0,cnt=1)
 afxClass<afxDrawOutput>::AllocateObjects(1, 0133502c, 0044ead8)
 afxClass<afxDrawOutput>::BuildObjects(1, 0133502c, 0044ece0)
 afxClass<afxDrawOutput>::ConstructObject(04758ef0)
 afxDrawOutput.c:550?_AfxDoutCtor(dout=04758ef0)
 sglDrawOutput.c:235?_SglDdrvVmtDoutCb(dout=04758ef0,uri=window)
 afxDrawOutput.c:307?AfxRegenerateDrawOutputBuffers(dout=04758ef0)
 Draw output (04758ef0) extent readjusted to 960x540; 0.500000%:0.500000% of 1920x1080.
 afxDrawOutput.c:307?AfxRegenerateDrawOutputBuffers(dout=04758ef0)
 Draw output (04758ef0) extent readjusted to 952x513; 0.495833%:0.475000% of 1920x1080.
 afxDrawOutput.c:307?AfxRegenerateDrawOutputBuffers(dout=04758ef0)
 afxSurface.c:52?AfxAcquireSurface(fmt=12,whd=[952,513,1],usage=16)
 ADV afxTexture.c:69?AfxAcquireTextureBlueprint
    texb->fcc == AFX_FCC_TEXB
 afxClass<afxSurface>::AllocateObjects(1, 0044e4c8, 0044e4e4)
 afxClass<afxSurface>::BuildObjects(1, 0044e4c8, 0044e4f0)
 afxClass<afxSurface, afxTexture>ConstructingObject(04786a70)
 afxClass<afxTexture>::ConstructObject(04786a70)
 afxTexture.c:1024?_AfxTexCtor(tex=04786a70)
 sglTexture.c:987?_SglTexCtor(tex=04786a70)
 afxClass<afxSurface>::ConstructObject(04786a70)
 afxSurface.c:131?_AfxSurfCtor(surf=04786a70)
 sglSurface.c:114?_AfxSurfCtor(surf=04786a70)
 afxClass<afxRenderer>::AllocateObjects(1, 01335034, 0044eaf0)
 afxClass<afxRenderer>::BuildObjects(1, 01335034, 00000000)
 afxClass<afxRenderer>::ConstructObject(047c7020)
 afxRenderer.c:360?_AfxRndCtor(rnd=047c7020)
 afxDrawInput.c:259?AfxAcquireDrawInputs(spec=0044ded8,cnt=1)
 afxClass<afxDrawInput>::AllocateObjects(1, 047c705c, 0044dd58)
 afxClass<afxDrawInput>::BuildObjects(1, 047c705c, 0044ded8)
 afxClass<afxDrawInput>::ConstructObject(04786b60)
 afxDrawInput.c:343?_AfxDinCtor(din=04786b60)
 ADV afxTexture.c:69?AfxAcquireTextureBlueprint
    texb->fcc == AFX_FCC_TEXB
 afxTexture.c:833?AfxBuildTextures(cnt=1,blueprint=0044e3c0,tex=047c9188)
 afxClass<afxTexture>::AllocateObjects(1, 047c9188, 0044dd28)
 afxClass<afxTexture>::BuildObjects(1, 047c9188, 0044e3c0)
 afxClass<afxTexture>::ConstructObject(030cb250)
 afxTexture.c:1024?_AfxTexCtor(tex=030cb250)
 sglTexture.c:987?_SglTexCtor(tex=030cb250)
 afxFile.c:344?AfxOpenFile(00000001,art/skybox/day/right.tga)
 afxClass<afxFile>::AllocateObjects(1, 0044d570, 0044d580)
 afxClass<afxFile>::BuildObjects(1, 0044d570, 0044d568)
 afxClass<afxFile>::ConstructObject(04786d50)
 afxStream.c:600?AfxAcquireStream(ios=04786d84,flags=1,start=00000000,len=0)
 afxClass<afxFile>::DismantleObjects(1, 0044d5c0)
 Destructing instance 04786d50 of afxFile class.
 afxClass<afxFile>::DeallocateObjects(1, 0044d5c0)
 afxFile.c:344?AfxOpenFile(00000001,art/skybox/day/left.tga)
 afxClass<afxFile>::AllocateObjects(1, 0044d570, 0044d580)
 afxClass<afxFile>::BuildObjects(1, 0044d570, 0044d568)
 afxClass<afxFile>::ConstructObject(04786d50)
 afxStream.c:600?AfxAcquireStream(ios=04786d84,flags=1,start=00000000,len=0)
 afxClass<afxFile>::DismantleObjects(1, 0044d5c0)
 Destructing instance 04786d50 of afxFile class.
 afxClass<afxFile>::DeallocateObjects(1, 0044d5c0)
 afxFile.c:344?AfxOpenFile(00000001,art/skybox/day/bottom.tga)
 afxClass<afxFile>::AllocateObjects(1, 0044d570, 0044d580)
 afxClass<afxFile>::BuildObjects(1, 0044d570, 0044d568)
 afxClass<afxFile>::ConstructObject(04786d50)
 afxStream.c:600?AfxAcquireStream(ios=04786d84,flags=1,start=00000000,len=0)
 afxClass<afxFile>::DismantleObjects(1, 0044d5c0)
 Destructing instance 04786d50 of afxFile class.
 afxClass<afxFile>::DeallocateObjects(1, 0044d5c0)
 afxFile.c:344?AfxOpenFile(00000001,art/skybox/day/top.tga)
 afxClass<afxFile>::AllocateObjects(1, 0044d570, 0044d580)
 afxClass<afxFile>::BuildObjects(1, 0044d570, 0044d568)
 afxClass<afxFile>::ConstructObject(04786d50)
 afxStream.c:600?AfxAcquireStream(ios=04786d84,flags=1,start=00000000,len=0)
 afxClass<afxFile>::DismantleObjects(1, 0044d5c0)
 Destructing instance 04786d50 of afxFile class.
 afxClass<afxFile>::DeallocateObjects(1, 0044d5c0)
 afxFile.c:344?AfxOpenFile(00000001,art/skybox/day/front.tga)
 afxClass<afxFile>::AllocateObjects(1, 0044d570, 0044d580)
 afxClass<afxFile>::BuildObjects(1, 0044d570, 0044d568)
 afxClass<afxFile>::ConstructObject(04786d50)
 afxStream.c:600?AfxAcquireStream(ios=04786d84,flags=1,start=00000000,len=0)
 afxClass<afxFile>::DismantleObjects(1, 0044d5c0)
 Destructing instance 04786d50 of afxFile class.
 afxClass<afxFile>::DeallocateObjects(1, 0044d5c0)
 afxFile.c:344?AfxOpenFile(00000001,art/skybox/day/back.tga)
 afxClass<afxFile>::AllocateObjects(1, 0044d570, 0044d580)
 afxClass<afxFile>::BuildObjects(1, 0044d570, 0044d568)
 afxClass<afxFile>::ConstructObject(04786d50)
 afxStream.c:600?AfxAcquireStream(ios=04786d84,flags=1,start=00000000,len=0)
 afxClass<afxFile>::DismantleObjects(1, 0044d5c0)
 Destructing instance 04786d50 of afxFile class.
 afxClass<afxFile>::DeallocateObjects(1, 0044d5c0)
 afxClass<afxVertexBuffer>::AllocateObjects(1, 047c9184, 0044dd04)
 afxClass<afxVertexBuffer>::BuildObjects(1, 047c9184, 0044dcdc)
 afxClass<afxVertexBuffer, afxBuffer>ConstructingObject(04786c30)
 afxClass<afxBuffer>::ConstructObject(04786c30)
 afxBuffer.c:247?_AfxBufCtor(buf=04786c30)
 sglBuffer.c:329?_SglBufCtor(buf=04786c30)
 afxClass<afxVertexBuffer>::ConstructObject(04786c30)
 afxVertexBuffer.c:446?_AfxVbufCtor(vbuf=04786c30)
 Uploading draw operation 'data/pipeline/skybox.xml'
 afxXml.c:976?AfxLoadXml(uri:data/pipeline/skybox.xml)
 afxFile.c:344?AfxOpenFile(00000001,data/pipeline/skybox.xml)
 afxClass<afxFile>::AllocateObjects(1, 0044d7b4, 0044d7c4)
 afxClass<afxFile>::BuildObjects(1, 0044d7b4, 0044d7ac)
 afxClass<afxFile>::ConstructObject(04786f00)
 afxStream.c:600?AfxAcquireStream(ios=04786f34,flags=1,start=00000000,len=0)
 afxClass<afxFile>::DismantleObjects(1, 0044d804)
 Destructing instance 04786f00 of afxFile class.
 afxClass<afxFile>::DeallocateObjects(1, 0044d804)
 afxClass<afxDrawOperation>::AllocateObjects(1, 047c91b0, 0044d7fc)
 afxClass<afxDrawOperation>::BuildObjects(1, 047c91b0, 0044da80)
 afxClass<afxDrawOperation>::ConstructObject(047c9820)
 afxDrawOperation.c:659?_AfxDopCtor(dop=047c9820)
 afxPipeline.c:380?AfxBuildPipelines(dctx=047356b0)
 afxClass<afxPipeline>::AllocateObjects(1, 04748ce8, 0044d1a4)
 afxClass<afxPipeline>::BuildObjects(1, 04748ce8, 0044d298)
 afxClass<afxPipeline>::ConstructObject(047c99e0)
 afxPipeline.c:452?_AfxPipCtor(pip=047c99e0)
 afxShader.c:550?AfxAcquireShaders(cnt=1,uri=047c98b0,shd=0044cc08)
 Uploading shader 'data/pipeline/skybox.xml?vs'
 afxXml.c:976?AfxLoadXml(uri:data/pipeline/skybox.xml)
 afxFile.c:344?AfxOpenFile(00000001,data/pipeline/skybox.xml)
 afxClass<afxFile>::AllocateObjects(1, 0044c488, 0044c498)
 afxClass<afxFile>::BuildObjects(1, 0044c488, 0044c480)
 afxClass<afxFile>::ConstructObject(047c9cb0)
 afxStream.c:600?AfxAcquireStream(ios=047c9ce4,flags=1,start=00000000,len=0)
 afxClass<afxFile>::DismantleObjects(1, 0044c4d8)
 Destructing instance 047c9cb0 of afxFile class.
 afxClass<afxFile>::DeallocateObjects(1, 0044c4d8)
 afxFile.c:364?AfxOpenReadableFile(data/pipeline/stdEnv.inc)
 afxClass<afxFile>::AllocateObjects(1, 0044c274, 0044c284)
 afxClass<afxFile>::BuildObjects(1, 0044c274, 0044c26c)
 afxClass<afxFile>::ConstructObject(047c9cb0)
 afxStream.c:600?AfxAcquireStream(ios=047c9ce4,flags=5,start=00000000,len=0)
 afxClass<afxFile>::DismantleObjects(1, 0044c2c4)
 Destructing instance 047c9cb0 of afxFile class.
 afxClass<afxFile>::DeallocateObjects(1, 0044c2c4)
 afxFile.c:364?AfxOpenReadableFile(data/pipeline/stdView.inc)
 afxClass<afxFile>::AllocateObjects(1, 0044c274, 0044c284)
 afxClass<afxFile>::BuildObjects(1, 0044c274, 0044c26c)
 afxClass<afxFile>::ConstructObject(047c9cb0)
 afxStream.c:600?AfxAcquireStream(ios=047c9ce4,flags=5,start=00000000,len=0)
 afxClass<afxFile>::DismantleObjects(1, 0044c2c4)
 Destructing instance 047c9cb0 of afxFile class.
 afxClass<afxFile>::DeallocateObjects(1, 0044c2c4)
 afxShader.c:397?AfxBuildShaders(cnt=1,blueprint=0044c7d4,shd=0044cc08)
 afxClass<afxShader>::AllocateObjects(1, 0044cc08, 0044c4d0)
 afxClass<afxShader>::BuildObjects(1, 0044cc08, 0044c7d4)
 afxClass<afxShader>::ConstructObject(047c9cb0)
 afxShader.c:660?_AfxShdCtor(shd=047c9cb0)
 #version 330 core // QWADRO. Engineered by SIGMA Technology Group.

#define afxInt int
#define afxNat uint

#define afxReal float

#define afxV2d vec2
#define afxV3d vec3
#define afxV4d vec4

#define afxM2d mat2
#define afxM3d mat3
#define afxM4d mat4

layout(std140) uniform sgl_view
{
    mat4 v;
    mat4 iv;
    mat4 p;
    mat4 ip;
    mat4 vp;
    mat4 ivp;
    vec4 viewpoint; // view point
    vec2 viewExtent;

    vec3 starDir;
    vec4 starPos;
    vec4 starKd;
};

        
        layout(location = 0) in vec3 a_xyz;

        out block
        {
            vec3 uvw0;
        } sgl_v;

        void main()
        {
            sgl_v.uvw0 = a_xyz;
            vec4 pos = p * v * vec4(a_xyz, 1.0);
            gl_Position = pos.xyww;
        }
       
 sglShader.c:134?_AfxShdCtor(shd=047c9cb0)
 afxObject<047c9cb0>::InstallEventFilter(047c99e0)
 afxShader.c:550?AfxAcquireShaders(cnt=1,uri=047c9950,shd=0044cc08)
 Uploading shader 'data/pipeline/skybox.xml?fs'
 afxXml.c:976?AfxLoadXml(uri:data/pipeline/skybox.xml)
 afxFile.c:344?AfxOpenFile(00000001,data/pipeline/skybox.xml)
 afxClass<afxFile>::AllocateObjects(1, 0044c488, 0044c498)
 afxClass<afxFile>::BuildObjects(1, 0044c488, 0044c480)
 afxClass<afxFile>::ConstructObject(047ca550)
 afxStream.c:600?AfxAcquireStream(ios=047ca584,flags=1,start=00000000,len=0)
 afxClass<afxFile>::DismantleObjects(1, 0044c4d8)
 Destructing instance 047ca550 of afxFile class.
 afxClass<afxFile>::DeallocateObjects(1, 0044c4d8)
 afxFile.c:364?AfxOpenReadableFile(data/pipeline/stdEnv.inc)
 afxClass<afxFile>::AllocateObjects(1, 0044c274, 0044c284)
 afxClass<afxFile>::BuildObjects(1, 0044c274, 0044c26c)
 afxClass<afxFile>::ConstructObject(047ca550)
 afxStream.c:600?AfxAcquireStream(ios=047ca584,flags=5,start=00000000,len=0)
 afxClass<afxFile>::DismantleObjects(1, 0044c2c4)
 Destructing instance 047ca550 of afxFile class.
 afxClass<afxFile>::DeallocateObjects(1, 0044c2c4)
 afxShader.c:397?AfxBuildShaders(cnt=1,blueprint=0044c7d4,shd=0044cc08)
 afxClass<afxShader>::AllocateObjects(1, 0044cc08, 0044c4d0)
 afxClass<afxShader>::BuildObjects(1, 0044cc08, 0044c7d4)
 afxClass<afxShader>::ConstructObject(047ca550)
 afxShader.c:660?_AfxShdCtor(shd=047ca550)
 #version 330 core // QWADRO. Engineered by SIGMA Technology Group.

#define afxInt int
#define afxNat uint

#define afxReal float

#define afxV2d vec2
#define afxV3d vec3
#define afxV4d vec4

#define afxM2d mat2
#define afxM3d mat3
#define afxM4d mat4

        
        uniform samplerCube samp;

        in block
        {
            vec3 uvw0;
        } sgl_v;

        out vec4 sgl_rgba;

        void main()
        {
            sgl_rgba = texture(samp, sgl_v.uvw0);
        }
       
 sglShader.c:134?_AfxShdCtor(shd=047ca550)
 afxObject<047ca550>::InstallEventFilter(047c99e0)
 afxLego.c:218?AfxBuildLegos(dctx=047356b0)
 afxClass<afxLego>::AllocateObjects(1, 04749044, 0044ca50)
 afxClass<afxLego>::BuildObjects(1, 04749044, 0044cdc4)
 afxClass<afxLego>::ConstructObject(04733240)
 afxLego.c:275?_AfxLegtCtor(legt=04733240)
 sglPipeline.c:293?_AfxPipCtor(pip=047c99e0)
 afxSampler.c:53?AfxAcquireSamplers(cnt=1,spec=0044df60,spec=047c91b4)
 afxClass<afxSampler>::AllocateObjects(1, 047c91b4, 0044dcb0)
 afxClass<afxSampler>::BuildObjects(1, 047c91b4, 0044df60)
 afxClass<afxSampler>::ConstructObject(04786f00)
 afxSampler.c:111?_AfxSampCtor(samp=04786f00)
 sglSampler.c:143?_AfxSmpCtor(smp=04786f00)
 afxClass<afxBuffer>::AllocateObjects(1, 047c7b10, 0044dd34)
 afxClass<afxBuffer>::BuildObjects(1, 047c7b10, 0044df24)
 afxClass<afxBuffer>::ConstructObject(047c96f0)
 afxBuffer.c:247?_AfxBufCtor(buf=047c96f0)
 sglBuffer.c:329?_SglBufCtor(buf=047c96f0)
 afxClass<afxBuffer>::AllocateObjects(1, 047c7b14, 0044dd34)
 afxClass<afxBuffer>::BuildObjects(1, 047c7b14, 0044df30)
 afxClass<afxBuffer>::ConstructObject(047c98b0)
 afxBuffer.c:247?_AfxBufCtor(buf=047c98b0)
 sglBuffer.c:329?_SglBufCtor(buf=047c98b0)
 afxClass<afxBuffer>::AllocateObjects(1, 047c7b18, 0044dd34)
 afxClass<afxBuffer>::BuildObjects(1, 047c7b18, 0044df3c)
 afxClass<afxBuffer>::ConstructObject(047ca6a0)
 afxBuffer.c:247?_AfxBufCtor(buf=047ca6a0)
 sglBuffer.c:329?_SglBufCtor(buf=047ca6a0)
 afxClass<afxBuffer>::AllocateObjects(1, 047c7b1c, 0044dd34)
 afxClass<afxBuffer>::BuildObjects(1, 047c7b1c, 0044df48)
 afxClass<afxBuffer>::ConstructObject(047ca750)
 afxBuffer.c:247?_AfxBufCtor(buf=047ca750)
 sglBuffer.c:329?_SglBufCtor(buf=047ca750)
 afxClass<afxBuffer>::AllocateObjects(1, 047c8590, 0044dd34)
 afxClass<afxBuffer>::BuildObjects(1, 047c8590, 0044df24)
 afxClass<afxBuffer>::ConstructObject(047ca7f0)
 afxBuffer.c:247?_AfxBufCtor(buf=047ca7f0)
 sglBuffer.c:329?_SglBufCtor(buf=047ca7f0)
 afxClass<afxBuffer>::AllocateObjects(1, 047c8594, 0044dd34)
 afxClass<afxBuffer>::BuildObjects(1, 047c8594, 0044df30)
 afxClass<afxBuffer>::ConstructObject(047ca8a0)
 afxBuffer.c:247?_AfxBufCtor(buf=047ca8a0)
 sglBuffer.c:329?_SglBufCtor(buf=047ca8a0)
 afxClass<afxBuffer>::AllocateObjects(1, 047c8598, 0044dd34)
 afxClass<afxBuffer>::BuildObjects(1, 047c8598, 0044df3c)
 afxClass<afxBuffer>::ConstructObject(047ca940)
 afxBuffer.c:247?_AfxBufCtor(buf=047ca940)
 sglBuffer.c:329?_SglBufCtor(buf=047ca940)
 afxClass<afxBuffer>::AllocateObjects(1, 047c859c, 0044dd34)
 afxClass<afxBuffer>::BuildObjects(1, 047c859c, 0044df48)
 afxClass<afxBuffer>::ConstructObject(047c9e00)
 afxBuffer.c:247?_AfxBufCtor(buf=047c9e00)
 sglBuffer.c:329?_SglBufCtor(buf=047c9e00)
 Uploading draw operation 'data/pipeline/body.xml'
 afxXml.c:976?AfxLoadXml(uri:data/pipeline/body.xml)
 afxFile.c:344?AfxOpenFile(00000001,data/pipeline/body.xml)
 afxClass<afxFile>::AllocateObjects(1, 0044d7b4, 0044d7c4)
 afxClass<afxFile>::BuildObjects(1, 0044d7b4, 0044d7ac)
 afxClass<afxFile>::ConstructObject(047cbdf0)
 afxStream.c:600?AfxAcquireStream(ios=047cbe24,flags=1,start=00000000,len=0)
 afxClass<afxFile>::DismantleObjects(1, 0044d804)
 Destructing instance 047cbdf0 of afxFile class.
 afxClass<afxFile>::DeallocateObjects(1, 0044d804)
 afxClass<afxDrawOperation>::AllocateObjects(1, 047c91c8, 0044d7fc)
 afxClass<afxDrawOperation>::BuildObjects(1, 047c91c8, 0044da80)
 afxClass<afxDrawOperation>::ConstructObject(047335d0)
 afxDrawOperation.c:659?_AfxDopCtor(dop=047335d0)
 afxPipeline.c:380?AfxBuildPipelines(dctx=047356b0)
 afxClass<afxPipeline>::AllocateObjects(1, 0475d778, 0044d1a4)
 afxClass<afxPipeline>::BuildObjects(1, 0475d778, 0044d298)
 afxClass<afxPipeline>::ConstructObject(047c9f90)
 afxPipeline.c:452?_AfxPipCtor(pip=047c9f90)
 afxShader.c:550?AfxAcquireShaders(cnt=1,uri=04733660,shd=0044cc08)
 Uploading shader 'data/pipeline/body.xml?vsRigid'
 afxXml.c:976?AfxLoadXml(uri:data/pipeline/body.xml)
 afxFile.c:344?AfxOpenFile(00000001,data/pipeline/body.xml)
 afxClass<afxFile>::AllocateObjects(1, 0044c488, 0044c498)
 afxClass<afxFile>::BuildObjects(1, 0044c488, 0044c480)
 afxClass<afxFile>::ConstructObject(047ca250)
 afxStream.c:600?AfxAcquireStream(ios=047ca284,flags=1,start=00000000,len=0)
 afxClass<afxFile>::DismantleObjects(1, 0044c4d8)
 Destructing instance 047ca250 of afxFile class.
 afxClass<afxFile>::DeallocateObjects(1, 0044c4d8)
 afxFile.c:364?AfxOpenReadableFile(data/pipeline/stdEnv.inc)
 afxClass<afxFile>::AllocateObjects(1, 0044c274, 0044c284)
 afxClass<afxFile>::BuildObjects(1, 0044c274, 0044c26c)
 afxClass<afxFile>::ConstructObject(047ca250)
 afxStream.c:600?AfxAcquireStream(ios=047ca284,flags=5,start=00000000,len=0)
 afxClass<afxFile>::DismantleObjects(1, 0044c2c4)
 Destructing instance 047ca250 of afxFile class.
 afxClass<afxFile>::DeallocateObjects(1, 0044c2c4)
 afxFile.c:364?AfxOpenReadableFile(data/pipeline/stdView.inc)
 afxClass<afxFile>::AllocateObjects(1, 0044c274, 0044c284)
 afxClass<afxFile>::BuildObjects(1, 0044c274, 0044c26c)
 afxClass<afxFile>::ConstructObject(047ca250)
 afxStream.c:600?AfxAcquireStream(ios=047ca284,flags=5,start=00000000,len=0)
 afxClass<afxFile>::DismantleObjects(1, 0044c2c4)
 Destructing instance 047ca250 of afxFile class.
 afxClass<afxFile>::DeallocateObjects(1, 0044c2c4)
 afxFile.c:364?AfxOpenReadableFile(data/pipeline/stdObject.inc)
 afxClass<afxFile>::AllocateObjects(1, 0044c274, 0044c284)
 afxClass<afxFile>::BuildObjects(1, 0044c274, 0044c26c)
 afxClass<afxFile>::ConstructObject(047ca250)
 afxStream.c:600?AfxAcquireStream(ios=047ca284,flags=5,start=00000000,len=0)
 afxClass<afxFile>::DismantleObjects(1, 0044c2c4)
 Destructing instance 047ca250 of afxFile class.
 afxClass<afxFile>::DeallocateObjects(1, 0044c2c4)
 afxShader.c:397?AfxBuildShaders(cnt=1,blueprint=0044c7d4,shd=0044cc08)
 afxClass<afxShader>::AllocateObjects(1, 0044cc08, 0044c4d0)
 afxClass<afxShader>::BuildObjects(1, 0044cc08, 0044c7d4)
 afxClass<afxShader>::ConstructObject(047ca250)
 afxShader.c:660?_AfxShdCtor(shd=047ca250)
 #version 330 core // QWADRO. Engineered by SIGMA Technology Group.

#define afxInt int
#define afxNat uint

#define afxReal float

#define afxV2d vec2
#define afxV3d vec3
#define afxV4d vec4

#define afxM2d mat2
#define afxM3d mat3
#define afxM4d mat4

layout(std140) uniform sgl_view
{
    mat4 v;
    mat4 iv;
    mat4 p;
    mat4 ip;
    mat4 vp;
    mat4 ivp;
    vec4 viewpoint; // view point
    vec2 viewExtent;

    vec3 starDir;
    vec4 starPos;
    vec4 starKd;
};

layout(std140) uniform sgl_obj
{
    int boneCnt;
    mat4 m;
    mat4 w[32];
};

        
        layout (location = 0) in vec4 aPos;
        layout (location = 1) in vec3 aNormal;
        layout (location = 2) in vec2 aUv;

        const vec4 AmbientColour = vec4(0.2, 0.2, 0.2, 0.2);
        
        out block
        {
            vec3 Position;
            vec4 Diffuse;
            vec2 Tex0;
        } sgl_v;

        void main()
        {
            vec3 ObjNormal = vec3(v * inverse(w[0]) * vec4(aNormal, 0));

            gl_Position = p * v * w[0] * aPos;
            sgl_v.Tex0     = aUv;
            sgl_v.Diffuse  = starKd * (dot(ObjNormal, starDir)) + AmbientColour;
        }
       
 sglShader.c:134?_AfxShdCtor(shd=047ca250)
 afxObject<047ca250>::InstallEventFilter(047c9f90)
 afxShader.c:550?AfxAcquireShaders(cnt=1,uri=04746800,shd=0044cc08)
 Uploading shader 'data/pipeline/body.xml?fs'
 afxXml.c:976?AfxLoadXml(uri:data/pipeline/body.xml)
 afxFile.c:344?AfxOpenFile(00000001,data/pipeline/body.xml)
 afxClass<afxFile>::AllocateObjects(1, 0044c488, 0044c498)
 afxClass<afxFile>::BuildObjects(1, 0044c488, 0044c480)
 afxClass<afxFile>::ConstructObject(047ca310)
 afxStream.c:600?AfxAcquireStream(ios=047ca344,flags=1,start=00000000,len=0)
 afxClass<afxFile>::DismantleObjects(1, 0044c4d8)
 Destructing instance 047ca310 of afxFile class.
 afxClass<afxFile>::DeallocateObjects(1, 0044c4d8)
 afxFile.c:364?AfxOpenReadableFile(data/pipeline/stdEnv.inc)
 afxClass<afxFile>::AllocateObjects(1, 0044c274, 0044c284)
 afxClass<afxFile>::BuildObjects(1, 0044c274, 0044c26c)
 afxClass<afxFile>::ConstructObject(047ca310)
 afxStream.c:600?AfxAcquireStream(ios=047ca344,flags=5,start=00000000,len=0)
 afxClass<afxFile>::DismantleObjects(1, 0044c2c4)
 Destructing instance 047ca310 of afxFile class.
 afxClass<afxFile>::DeallocateObjects(1, 0044c2c4)
 afxShader.c:397?AfxBuildShaders(cnt=1,blueprint=0044c7d4,shd=0044cc08)
 afxClass<afxShader>::AllocateObjects(1, 0044cc08, 0044c4d0)
 afxClass<afxShader>::BuildObjects(1, 0044cc08, 0044c7d4)
 afxClass<afxShader>::ConstructObject(047ca310)
 afxShader.c:660?_AfxShdCtor(shd=047ca310)
 #version 330 core // QWADRO. Engineered by SIGMA Technology Group.

#define afxInt int
#define afxNat uint

#define afxReal float

#define afxV2d vec2
#define afxV3d vec3
#define afxV4d vec4

#define afxM2d mat2
#define afxM3d mat3
#define afxM4d mat4

        
        uniform sampler2D diffuse_sampler;
        
        in block
        {
            vec3 Position;
            vec4 Diffuse;
            vec2 Tex0;
        } sgl_v;
        
        out vec4 FragColor;
        
        void main()
        {
            FragColor = /*texture( diffuse_sampler, sgl_v.Tex0 ) * */sgl_v.Diffuse;
        }
       
 sglShader.c:134?_AfxShdCtor(shd=047ca310)
 afxObject<047ca310>::InstallEventFilter(047c9f90)
 afxLego.c:218?AfxBuildLegos(dctx=047356b0)
 afxClass<afxLego>::AllocateObjects(1, 008c3254, 0044ca50)
 afxClass<afxLego>::BuildObjects(1, 008c3254, 0044cdc4)
 afxClass<afxLego>::ConstructObject(04733790)
 afxLego.c:275?_AfxLegtCtor(legt=04733790)
 afxLego.c:218?AfxBuildLegos(dctx=047356b0)
 afxClass<afxLego>::AllocateObjects(1, 008c3260, 0044ca50)
 afxClass<afxLego>::BuildObjects(1, 008c3260, 0044ce04)
 afxClass<afxLego>::ConstructObject(04733830)
 afxLego.c:275?_AfxLegtCtor(legt=04733830)
 afxLego.c:218?AfxBuildLegos(dctx=047356b0)
 afxClass<afxLego>::AllocateObjects(1, 008c326c, 0044ca50)
 afxClass<afxLego>::BuildObjects(1, 008c326c, 0044ce24)
 afxClass<afxLego>::ConstructObject(047338c0)
 afxLego.c:275?_AfxLegtCtor(legt=047338c0)
 sglPipeline.c:293?_AfxPipCtor(pip=047c9f90)
 afxPipeline.c:380?AfxBuildPipelines(dctx=047356b0)
 afxClass<afxPipeline>::AllocateObjects(1, 0475d898, 0044d1a4)
 afxClass<afxPipeline>::BuildObjects(1, 0475d898, 0044d298)
 afxClass<afxPipeline>::ConstructObject(047def90)
 afxPipeline.c:452?_AfxPipCtor(pip=047def90)
 afxShader.c:550?AfxAcquireShaders(cnt=1,uri=04733660,shd=0044cc08)
 Uploading shader 'data/pipeline/body.xml?vsSkinned'
 afxXml.c:976?AfxLoadXml(uri:data/pipeline/body.xml)
 afxFile.c:344?AfxOpenFile(00000001,data/pipeline/body.xml)
 afxClass<afxFile>::AllocateObjects(1, 0044c488, 0044c498)
 afxClass<afxFile>::BuildObjects(1, 0044c488, 0044c480)
 afxClass<afxFile>::ConstructObject(047ca3c0)
 afxStream.c:600?AfxAcquireStream(ios=047ca3f4,flags=1,start=00000000,len=0)
 afxClass<afxFile>::DismantleObjects(1, 0044c4d8)
 Destructing instance 047ca3c0 of afxFile class.
 afxClass<afxFile>::DeallocateObjects(1, 0044c4d8)
 afxFile.c:364?AfxOpenReadableFile(data/pipeline/stdEnv.inc)
 afxClass<afxFile>::AllocateObjects(1, 0044c274, 0044c284)
 afxClass<afxFile>::BuildObjects(1, 0044c274, 0044c26c)
 afxClass<afxFile>::ConstructObject(047ca3c0)
 afxStream.c:600?AfxAcquireStream(ios=047ca3f4,flags=5,start=00000000,len=0)
 afxClass<afxFile>::DismantleObjects(1, 0044c2c4)
 Destructing instance 047ca3c0 of afxFile class.
 afxClass<afxFile>::DeallocateObjects(1, 0044c2c4)
 afxFile.c:364?AfxOpenReadableFile(data/pipeline/stdView.inc)
 afxClass<afxFile>::AllocateObjects(1, 0044c274, 0044c284)
 afxClass<afxFile>::BuildObjects(1, 0044c274, 0044c26c)
 afxClass<afxFile>::ConstructObject(047ca3c0)
 afxStream.c:600?AfxAcquireStream(ios=047ca3f4,flags=5,start=00000000,len=0)
 afxClass<afxFile>::DismantleObjects(1, 0044c2c4)
 Destructing instance 047ca3c0 of afxFile class.
 afxClass<afxFile>::DeallocateObjects(1, 0044c2c4)
 afxFile.c:364?AfxOpenReadableFile(data/pipeline/stdObject.inc)
 afxClass<afxFile>::AllocateObjects(1, 0044c274, 0044c284)
 afxClass<afxFile>::BuildObjects(1, 0044c274, 0044c26c)
 afxClass<afxFile>::ConstructObject(047df650)
 afxStream.c:600?AfxAcquireStream(ios=047df684,flags=5,start=00000000,len=0)
 afxClass<afxFile>::DismantleObjects(1, 0044c2c4)
 Destructing instance 047df650 of afxFile class.
 afxClass<afxFile>::DeallocateObjects(1, 0044c2c4)
 afxShader.c:397?AfxBuildShaders(cnt=1,blueprint=0044c7d4,shd=0044cc08)
 afxClass<afxShader>::AllocateObjects(1, 0044cc08, 0044c4d0)
 afxClass<afxShader>::BuildObjects(1, 0044cc08, 0044c7d4)
 afxClass<afxShader>::ConstructObject(047ca3c0)
 afxShader.c:660?_AfxShdCtor(shd=047ca3c0)
 #version 330 core // QWADRO. Engineered by SIGMA Technology Group.

#define afxInt int
#define afxNat uint

#define afxReal float

#define afxV2d vec2
#define afxV3d vec3
#define afxV4d vec4

#define afxM2d mat2
#define afxM3d mat3
#define afxM4d mat4

layout(std140) uniform sgl_view
{
    mat4 v;
    mat4 iv;
    mat4 p;
    mat4 ip;
    mat4 vp;
    mat4 ivp;
    vec4 viewpoint; // view point
    vec2 viewExtent;

    vec3 starDir;
    vec4 starPos;
    vec4 starKd;
};

layout(std140) uniform sgl_obj
{
    int boneCnt;
    mat4 m;
    mat4 w[32];
};

        
        layout (location = 0) in vec3 aPos;
        layout (location = 1) in vec3 aNormal;
        layout (location = 2) in vec2 aUv;
        layout (location = 3) in vec4 aBlendIndices;
        layout (location = 4) in vec4 aBlendWeights;

        out block
        {
            vec3 Position;
            vec4 Diffuse;
            vec2 Tex0;
        } sgl_v;

        const vec4 AmbientColour = vec4(0.2, 0.2, 0.2, 0.2);
        
        void main()
        {
            vec4 InPos     = vec4( aPos, 1 );
            vec4 WorldPos    = 0;
            vec3 WorldNormal = 0;
            
            // We're going to assume that we can transform the normal by the matrix, which is not
            // technically correct unless we're positive there's not a scaling factor involved.

            for( int i = 0; i < 4; ++i )
            {
                mat4 BoneMatrix = w[int(aBlendIndices[i])];
                WorldPos    += (aBlendWeights[i] * vec4( InPos * BoneMatrix ));
                WorldNormal += vec3(vec4(aBlendWeights[i] * vec4( vec4( aNormal, 0 ) * BoneMatrix )));
            }

            vec4 ViewPosL = (WorldPos * v);
            vec4 ClipPos = (ViewPosL * p);
            gl_Position = ClipPos;
            sgl_v.Position   = vec3(ClipPos);
            sgl_v.Tex0    = aUv;
            sgl_v.Diffuse = starKd * (dot(normalize(WorldNormal), starDir)) + AmbientColour;
        }
       
 sglShader.c:134?_AfxShdCtor(shd=047ca3c0)
 afxObject<047ca3c0>::InstallEventFilter(047def90)
 afxShader.c:550?AfxAcquireShaders(cnt=1,uri=04746800,shd=0044cc08)
 Uploading shader 'data/pipeline/body.xml?fs'
 afxXml.c:976?AfxLoadXml(uri:data/pipeline/body.xml)
 afxFile.c:344?AfxOpenFile(00000001,data/pipeline/body.xml)
 afxClass<afxFile>::AllocateObjects(1, 0044c488, 0044c498)
 afxClass<afxFile>::BuildObjects(1, 0044c488, 0044c480)
 afxClass<afxFile>::ConstructObject(047dfe60)
 afxStream.c:600?AfxAcquireStream(ios=047dfe94,flags=1,start=00000000,len=0)
 afxClass<afxFile>::DismantleObjects(1, 0044c4d8)
 Destructing instance 047dfe60 of afxFile class.
 afxClass<afxFile>::DeallocateObjects(1, 0044c4d8)
 afxFile.c:364?AfxOpenReadableFile(data/pipeline/stdEnv.inc)
 afxClass<afxFile>::AllocateObjects(1, 0044c274, 0044c284)
 afxClass<afxFile>::BuildObjects(1, 0044c274, 0044c26c)
 afxClass<afxFile>::ConstructObject(047dfe60)
 afxStream.c:600?AfxAcquireStream(ios=047dfe94,flags=5,start=00000000,len=0)
 afxClass<afxFile>::DismantleObjects(1, 0044c2c4)
 Destructing instance 047dfe60 of afxFile class.
 afxClass<afxFile>::DeallocateObjects(1, 0044c2c4)
 afxShader.c:397?AfxBuildShaders(cnt=1,blueprint=0044c7d4,shd=0044cc08)
 afxClass<afxShader>::AllocateObjects(1, 0044cc08, 0044c4d0)
 afxClass<afxShader>::BuildObjects(1, 0044cc08, 0044c7d4)
 afxClass<afxShader>::ConstructObject(047ca480)
 afxShader.c:660?_AfxShdCtor(shd=047ca480)
 #version 330 core // QWADRO. Engineered by SIGMA Technology Group.

#define afxInt int
#define afxNat uint

#define afxReal float

#define afxV2d vec2
#define afxV3d vec3
#define afxV4d vec4

#define afxM2d mat2
#define afxM3d mat3
#define afxM4d mat4

        
        uniform sampler2D diffuse_sampler;
        
        in block
        {
            vec3 Position;
            vec4 Diffuse;
            vec2 Tex0;
        } sgl_v;
        
        out vec4 FragColor;
        
        void main()
        {
            FragColor = /*texture( diffuse_sampler, sgl_v.Tex0 ) * */sgl_v.Diffuse;
        }
       
 sglShader.c:134?_AfxShdCtor(shd=047ca480)
 afxObject<047ca480>::InstallEventFilter(047def90)
 afxLego.c:218?AfxBuildLegos(dctx=047356b0)
 afxClass<afxLego>::AllocateObjects(1, 0474a844, 0044ca50)
 afxClass<afxLego>::BuildObjects(1, 0474a844, 0044cdc4)
 afxClass<afxLego>::ConstructObject(047339f0)
 afxLego.c:275?_AfxLegtCtor(legt=047339f0)
 afxLego.c:218?AfxBuildLegos(dctx=047356b0)
 afxClass<afxLego>::AllocateObjects(1, 0474a850, 0044ca50)
 afxClass<afxLego>::BuildObjects(1, 0474a850, 0044ce04)
 afxClass<afxLego>::ConstructObject(04733a90)
 afxLego.c:275?_AfxLegtCtor(legt=04733a90)
 afxLego.c:218?AfxBuildLegos(dctx=047356b0)
 afxClass<afxLego>::AllocateObjects(1, 0474a85c, 0044ca50)
 afxClass<afxLego>::BuildObjects(1, 0474a85c, 0044ce24)
 afxClass<afxLego>::ConstructObject(04733b20)
 afxLego.c:275?_AfxLegtCtor(legt=04733b20)
 sglPipeline.c:293?_AfxPipCtor(pip=047def90)
 afxCanvas.c:253?AfxBuildCanvases(dctx=047356b0,cnt=1,blueprint=0044e980,canv=047c7084)
 afxClass<afxCanvas>::AllocateObjects(1, 047c7084, 0044e85c)
 afxClass<afxCanvas>::BuildObjects(1, 047c7084, 0044e980)
 afxClass<afxCanvas>::ConstructObject(008c81c0)
 afxCanvas.c:379?_AfxCanvCtor(canv=008c81c0)
 afxSurface.c:52?AfxAcquireSurface(fmt=21,whd=[952,513,1],usage=32)
 ADV afxTexture.c:69?AfxAcquireTextureBlueprint
    texb->fcc == AFX_FCC_TEXB
 afxClass<afxSurface>::AllocateObjects(1, 0044de38, 0044de54)
 afxClass<afxSurface>::BuildObjects(1, 0044de38, 0044de60)
 afxClass<afxSurface, afxTexture>ConstructingObject(047cbdf0)
 afxClass<afxTexture>::ConstructObject(047cbdf0)
 afxTexture.c:1024?_AfxTexCtor(tex=047cbdf0)
 sglTexture.c:987?_SglTexCtor(tex=047cbdf0)
 afxClass<afxSurface>::ConstructObject(047cbdf0)
 afxSurface.c:131?_AfxSurfCtor(surf=047cbdf0)
 sglSurface.c:114?_AfxSurfCtor(surf=047cbdf0)
 sglCanvas.c:372?_AfxCanvCtor(canv=008c81c0)
 afxObject<04786a70>::InstallEventFilter(008c81c0)
 afxObject<047cbdf0>::InstallEventFilter(008c81c0)
 afxObject<04758ef0>::InstallEventFilter(008c81c0)
 afxCamera.c:791?AfxSimulationAcquireCamera(sim=04780330,name=viewer,perspective=1)
 afxClass<afxCamera>::AllocateObjects(1, 0044e934, 0044e944)
 afxClass<afxCamera>::BuildObjects(1, 0044e934, 0044e950)
 afxClass<afxCamera, afxNode>ConstructingObject(047dc240)
 afxClass<afxNode>::ConstructObject(047dc240)
 afxClass<afxCamera>::ConstructObject(047dc240)
 afxCamera.c:867?_AfxCamCtor(cam=047dc240)
 afxObject<030cb330>::InstallEventFilter(047dc240)
 afxDrawScript.c:369?AfxAcquireDrawScripts(ddrv=008c7530)
 afxClass<afxDrawScript>::AllocateObjects(1, 047c706c, 0044e1c8)
 afxClass<afxDrawScript>::BuildObjects(1, 047c706c, 0044e1b4)
 afxClass<afxDrawScript>::ConstructObject(047dbb80)
 afxDrawScript.c:453?_AfxDscrCtor(dscr=047dbb80)
 afxArena.c:767?AfxAcquireArena(aren=047dbbcc)
 afxArena.c:768?AfxAcquireArena(spec=00000000,hint="afxDrawScript.c:467!_AfxDscrCtor")
 afxBuffer 047c96f0 hardware-side data instanced.
 sglCanvas.c:55?_SglCanvReinstantiateIdd(canv=008c81c0)
 sglTexture.c:756?_SglTexReinstantiateIdd(tex=04786a70)
 afxTexture 04786a70 hardware-side data instanced.
 afxSurface 04786a70 hardware-side data instanced.
 sglTexture.c:756?_SglTexReinstantiateIdd(tex=047cbdf0)