
 afxDebug.c:363?AfxAttachDebugTerminal()
      ::::::::  :::       :::     :::     :::::::::  :::::::::   ::::::::      
     :+:    :+: :+:       :+:   :+: :+:   :+:    :+: :+:    :+: :+:    :+:     
     +:+    +:+ +:+       +:+  +:+   +:+  +:+    +:+ +:+    +:+ +:+    +:+     
     +#+    +:+ +#+  +:+  +#+ +#++:++#++: +#+    +:+ +#++:++#:  +#+    +:+     
     +#+  # +#+ +#+ +#+#+ +#+ +#+     +#+ +#+    +#+ +#+    +#+ +#+    +#+     
     #+#   +#+   #+#+# #+#+#  #+#     #+# #+#    #+# #+#    #+# #+#    #+#     
      ###### ###  ###   ###   ###     ### #########  ###    ###  ########      
                                                                               
             S I G M A   C O . ,   T E C H N O L O G Y   G R O U P             
                                                                             
                                    4D AFX                                   
                              Public Test Build                              
                     (c) 2017 SIGMA Co., Technology Group                    
                               www.sigmaco.org                               
                                                                             
                                                                             
 afxClass<afxSystem>::Mount(50d6edf0, 00000000, 00000000, 50d4d720)
 afxClass<afxSystem>::AllocateObjects(1, 0019e954, 0019e964)
 afxClass<afxSystem>::BuildObjects(1, 0019e954, 00000000)
 afxClass<afxSystem>::ConstructObject(0032f070)
 afxSystem.c:810?_AfxSysCtor(sys=0032f070)
 ADV afxSystem.c:825?_AfxSysCtor
    Memoy page size: 4096
 ADV afxSystem.c:826?_AfxSysCtor
    Logical processor count: 2
 afxClass<afxMemory>::Mount(003300f0, 0032f0a4, 00000000, 50d519b4)
 afxClass<Memory Arena>::Mount(003301b0, 0032f0a4, 003300f0, 50d51334)
 afxMemory.c:259?AfxSystemAcquireMemory(sys=0032f070,strategy=0019d4d0,hint="afxSystem.c:844!_AfxSysCtor")
 afxClass<afxMemory>::AllocateObjects(1, 0019d350, 0019d360)
 afxClass<afxMemory>::BuildObjects(1, 0019d350, 0019d344)
 afxClass<afxMemory>::ConstructObject(003308e0)
 afxMemory.c:317?_AfxMemCtor(mem=003308e0)
 afxClass<afxThread>::Mount(00330270, 0032f0a4, 00000000, 50d4dde8)
 afxClass<afxFileSystem>::Mount(00330330, 0032f0a4, 00000000, 50d4f2a4)
 afxFileSystem.c:558?AfxSystemAcquireFileSystem(Afx.System.AcquireFileSystem(0032f070,5,0019d690))
 afxClass<afxFileSystem>::AllocateObjects(1, 0019d338, 0019d348)
 afxClass<afxFileSystem>::BuildObjects(1, 0019d338, 0019d48c)
 afxClass<afxFileSystem>::ConstructObject(00330f20)
 afxFileSystem.c:617?_AfxFsysCtor(fsys=00330f20)
 afxClass<afxStream>::Mount(00330f70, 00330f58, 00000000, 50d506c4)
 afxClass<afxFile>::Mount(00331030, 00330f58, 00330f70, 50d4f020)
 afxClass<afxArchive>::Mount(003310f0, 00330f58, 00331030, 50d4e9c4)
 afxClass<afxResource>::Mount(00331330, 00330f58, 00000000, 50d50524)
 afxClass<afxXml>::Mount(003311b0, 00330f58, 00000000, 50d50bbc)
 afxClass<afxUrd>::Mount(00331270, 00330f58, 00000000, 50d50adc)
 afxFileSystem.c:389?AfxFileSystemMountStoragePoints(Afx.FileSystem.MountStoragePoints(00330f20,5,0019d690))
 Point "." 5 mounted -> "E:/qwadro/afx".
 Point "system" 7 mounted -> "E:/qwadro/afx/system32".
 Point "art" 5 mounted -> "E:/qwadro/afx/art".
 Point "data" 5 mounted -> "E:/qwadro/afx/data".
 Point "sound" 5 mounted -> "E:/qwadro/afx/sound".
 afxClass<afxModule>::Mount(003303f0, 0032f0a4, 00000000, 50d4bf08)
 afxModule.c:71?AfxSystemAcquireModule(sys=0032f070,uri=system/e2coree.dll)
 afxClass<afxModule>::AllocateObjects(1, 0019d2f0, 0019d338)
 afxClass<afxModule>::BuildObjects(1, 0019d2f0, 0019d5b4)
 afxClass<afxModule>::ConstructObject(00332940)
 afxModule.c:135?_AfxMdleCtor(uri:system/e2coree.dll)
 afxClass<afxHid>::Mount(003304b0, 0032f0a4, 00000000, 50d4f7bc)
 afxClass<afxKeyboard>::Mount(00330570, 0032f0a4, 003304b0, 50d500bc)
 afxClass<afxMouse>::Mount(00330630, 0032f0a4, 003304b0, 50d5027c)
 afxClass<afxDrawSystem>::Mount(003306f0, 0032f0a4, 00000000, 50d5503c)
 afxClass<afxApplication>::Mount(003307b0, 0032f0a4, 00000000, 50d4b000)
 afxKeyboard.c:165?AfxSystemAcquireKeyboard(sys=0032f070,port=0)
 afxClass<afxKeyboard>::AllocateObjects(1, 0019d35c, 0019d36c)
 afxClass<afxKeyboard>::BuildObjects(1, 0019d35c, 0019d354)
 afxClass<afxKeyboard, afxHid>ConstructingObject(00332a90)
 afxClass<afxHid>::ConstructObject(00332a90)
 afxHid.c:75?_AfxHidCtor(hid=00332a90)
 afxClass<afxKeyboard>::ConstructObject(00332a90)
 afxKeyboard.c:221?_AfxKbdCtor(kbd=00332a90)
 afxDrawSystem.c:320?AfxSystemAcquireDrawSystem(sys=0032f070)
 afxClass<afxDrawSystem>::AllocateObjects(1, 0019e950, 0019e960)
 afxClass<afxDrawSystem>::BuildObjects(1, 0019e950, 0019ea5c)
 afxClass<afxDrawSystem>::ConstructObject(00333320)
 afxDrawSystem.c:418?_AfxDsysCtor(dsys=00333320)
 afxClass<afxDrawDriver>::Mount(00333368, 00333354, 00000000, 50d53b6c)
New texture codec registered.
Name: SIGGL
Author: SIGMA Technology Group
Version: 0.5.1
Note: 
    :::::::::::     :::     :::::::::   ::::::::      :::        
        :+:       :+: :+:   :+:    :+: :+:    :+:   :+: :+:      
        +:+      +:+   +:+  +:+    +:+ +:+         +:+   +:+     
        +#+     +#++:++#++: +#++:++#:  :#:        +#++:++#++:    
        +#+     +#+     +#+ +#+    +#+ +#+   +#+# +#+     +#+    
        #+#     #+#     #+# #+#    #+# #+#    #+# #+#     #+#    
        ###     ###     ### ###    ###  ########  ###     ###    
                                                                 
                      SIGMA Technology Group                     
 Truecolor Targa texture serializer installed!
 afxModule.c:71?AfxSystemAcquireModule(sys=0032f070,uri=e2draw.icd)
 afxClass<afxModule>::AllocateObjects(1, 0019e41c, 0019e464)
 afxClass<afxModule>::BuildObjects(1, 0019e41c, 0019e548)
 afxClass<afxModule>::ConstructObject(003334a0)
 afxModule.c:135?_AfxMdleCtor(uri:e2draw.icd)
 Listing mem available display devices...

 #0 = Intel(R) HD Graphics (\\.\DISPLAY1) 8000005
 #1 = RDPDD Chained DD (\\.\DISPLAYV1) 200008
 #2 = RDP Encoder Mirror Driver (\\.\DISPLAYV2) 200008
 #3 = RDP Reflector Display Driver (\\.\DISPLAYV3) 200008
 sglDriver.c:1281?_SglCreateCombinedDeviceContext(oglWndClss=00335ec0,shareCtx=00000000,phwnd=00335ef0,phdc=00335ef4,phrc=00335efc)
 sglDriver.c:786?_SglLoadVmt(vmt=00335f00,verMajor=1,verMinor=0)
 glCullFace @ 0 found.
 glFrontFace @ 1 found.
 glHint @ 2 found.
 glLineWidth @ 3 found.
 glPointSize @ 4 found.
 glPolygonMode @ 5 found.
 glScissor @ 6 found.
 glTexParameterf @ 7 found.
 glTexParameterfv @ 8 found.
 glTexParameteri @ 9 found.
 glTexParameteriv @ 10 found.
 glTexImage1D @ 11 found.
 glTexImage2D @ 12 found.
 glDrawBuffer @ 13 found.
 glClear @ 14 found.
 glClearColor @ 15 found.
 glClearStencil @ 16 found.
 glClearDepth @ 17 found.
 glStencilMask @ 18 found.
 glColorMask @ 19 found.
 glDepthMask @ 20 found.
 glDisable @ 21 found.
 glEnable @ 22 found.
 glFinish @ 23 found.
 glFlush @ 24 found.
 glBlendFunc @ 25 found.
 glLogicOp @ 26 found.
 glStencilFunc @ 27 found.
 glStencilOp @ 28 found.
 glDepthFunc @ 29 found.
 glPixelStoref @ 30 found.
 glPixelStorei @ 31 found.
 glReadBuffer @ 32 found.
 glReadPixels @ 33 found.
 glGetBooleanv @ 34 found.
 glGetDoublev @ 35 found.
 glGetError @ 36 found.
 glGetFloatv @ 37 found.
 glGetIntegerv @ 38 found.
 glGetString @ 39 found.
 glGetTexImage @ 40 found.
 glGetTexParameterfv @ 41 found.
 glGetTexParameteriv @ 42 found.
 glGetTexLevelParameterfv @ 43 found.
 glGetTexLevelParameteriv @ 44 found.
 glIsEnabled @ 45 found.
 glDepthRange @ 46 found.
 glViewport @ 47 found.
 sglDriver.c:786?_SglLoadVmt(vmt=00335f00,verMajor=4,verMinor=6)
 glCullFace @ 0 found.
 glFrontFace @ 1 found.
 glHint @ 2 found.
 glLineWidth @ 3 found.
 glPointSize @ 4 found.
 glPolygonMode @ 5 found.
 glScissor @ 6 found.
 glTexParameterf @ 7 found.
 glTexParameterfv @ 8 found.
 glTexParameteri @ 9 found.
 glTexParameteriv @ 10 found.
 glTexImage1D @ 11 found.
 glTexImage2D @ 12 found.
 glDrawBuffer @ 13 found.
 glClear @ 14 found.
 glClearColor @ 15 found.
 glClearStencil @ 16 found.
 glClearDepth @ 17 found.
 glStencilMask @ 18 found.
 glColorMask @ 19 found.
 glDepthMask @ 20 found.
 glDisable @ 21 found.
 glEnable @ 22 found.
 glFinish @ 23 found.
 glFlush @ 24 found.
 glBlendFunc @ 25 found.
 glLogicOp @ 26 found.
 glStencilFunc @ 27 found.
 glStencilOp @ 28 found.
 glDepthFunc @ 29 found.
 glPixelStoref @ 30 found.
 glPixelStorei @ 31 found.
 glReadBuffer @ 32 found.
 glReadPixels @ 33 found.
 glGetBooleanv @ 34 found.
 glGetDoublev @ 35 found.
 glGetError @ 36 found.
 glGetFloatv @ 37 found.
 glGetIntegerv @ 38 found.
 glGetString @ 39 found.
 glGetTexImage @ 40 found.
 glGetTexParameterfv @ 41 found.
 glGetTexParameteriv @ 42 found.
 glGetTexLevelParameterfv @ 43 found.
 glGetTexLevelParameteriv @ 44 found.
 glIsEnabled @ 45 found.
 glDepthRange @ 46 found.
 glViewport @ 47 found.
 glDrawArrays @ 48 found.
 glDrawElements @ 49 found.
 glGetPointerv @ 50 found.
 glPolygonOffset @ 51 found.
 glCopyTexImage1D @ 52 found.
 glCopyTexImage2D @ 53 found.
 glCopyTexSubImage1D @ 54 found.
 glCopyTexSubImage2D @ 55 found.
 glTexSubImage1D @ 56 found.
 glTexSubImage2D @ 57 found.
 glBindTexture @ 58 found.
 glDeleteTextures @ 59 found.
 glGenTextures @ 60 found.
 glIsTexture @ 61 found.
 glDrawRangeElements @ 62 found.
 glTexImage3D @ 63 found.
 glTexSubImage3D @ 64 found.
 glCopyTexSubImage3D @ 65 found.
 glActiveTexture @ 66 found.
 glSampleCoverage @ 67 found.
 glCompressedTexImage3D @ 68 found.
 glCompressedTexImage2D @ 69 found.
 glCompressedTexImage1D @ 70 found.
 glCompressedTexSubImage3D @ 71 found.
 glCompressedTexSubImage2D @ 72 found.
 glCompressedTexSubImage1D @ 73 found.
 glGetCompressedTexImage @ 74 found.
 glBlendFuncSeparate @ 75 found.
 glMultiDrawArrays @ 76 found.
 glMultiDrawElements @ 77 found.
 glPointParameterf @ 78 found.
 glPointParameterfv @ 79 found.
 glPointParameteri @ 80 found.
 glPointParameteriv @ 81 found.
 glBlendColor @ 82 found.
 glBlendEquation @ 83 found.
 glGenQueries @ 84 found.
 glDeleteQueries @ 85 found.
 glIsQuery @ 86 found.
 glBeginQuery @ 87 found.
 glEndQuery @ 88 found.
 glGetQueryiv @ 89 found.
 glGetQueryObjectiv @ 90 found.
 glGetQueryObjectuiv @ 91 found.
 glBindBuffer @ 92 found.
 glDeleteBuffers @ 93 found.
 glGenBuffers @ 94 found.
 glIsBuffer @ 95 found.
 glBufferData @ 96 found.
 glBufferSubData @ 97 found.
 glGetBufferSubData @ 98 found.
 glMapBuffer @ 99 found.
 glUnmapBuffer @ 100 found.
 glGetBufferParameteriv @ 101 found.
 glGetBufferPointerv @ 102 found.
 glBlendEquationSeparate @ 103 found.
 glDrawBuffers @ 104 found.
 glStencilOpSeparate @ 105 found.
 glStencilFuncSeparate @ 106 found.
 glStencilMaskSeparate @ 107 found.
 glAttachShader @ 108 found.
 glBindAttribLocation @ 109 found.
 glCompileShader @ 110 found.
 glCreateProgram @ 111 found.
 glCreateShader @ 112 found.
 glDeleteProgram @ 113 found.
 glDeleteShader @ 114 found.
 glDetachShader @ 115 found.
 glDisableVertexAttribArray @ 116 found.
 glEnableVertexAttribArray @ 117 found.
 glGetActiveAttrib @ 118 found.
 glGetActiveUniform @ 119 found.
 glGetAttachedShaders @ 120 found.
 glGetAttribLocation @ 121 found.
 glGetProgramiv @ 122 found.
 glGetProgramInfoLog @ 123 found.
 glGetShaderiv @ 124 found.
 glGetShaderInfoLog @ 125 found.
 glGetShaderSource @ 126 found.
 glGetUniformLocation @ 127 found.
 glGetUniformfv @ 128 found.
 glGetUniformiv @ 129 found.
 glGetVertexAttribdv @ 130 found.
 glGetVertexAttribfv @ 131 found.
 glGetVertexAttribiv @ 132 found.
 glGetVertexAttribPointerv @ 133 found.
 glIsProgram @ 134 found.
 glIsShader @ 135 found.
 glLinkProgram @ 136 found.
 glShaderSource @ 137 found.
 glUseProgram @ 138 found.
 glUniform1f @ 139 found.
 glUniform2f @ 140 found.
 glUniform3f @ 141 found.
 glUniform4f @ 142 found.
 glUniform1i @ 143 found.
 glUniform2i @ 144 found.
 glUniform3i @ 145 found.
 glUniform4i @ 146 found.
 glUniform1fv @ 147 found.
 glUniform2fv @ 148 found.
 glUniform3fv @ 149 found.
 glUniform4fv @ 150 found.
 glUniform1iv @ 151 found.
 glUniform2iv @ 152 found.
 glUniform3iv @ 153 found.
 glUniform4iv @ 154 found.
 glUniformMatrix2fv @ 155 found.
 glUniformMatrix3fv @ 156 found.
 glUniformMatrix4fv @ 157 found.
 glValidateProgram @ 158 found.
 glVertexAttrib1d @ 159 found.
 glVertexAttrib1dv @ 160 found.
 glVertexAttrib1f @ 161 found.
 glVertexAttrib1fv @ 162 found.
 glVertexAttrib1s @ 163 found.
 glVertexAttrib1sv @ 164 found.
 glVertexAttrib2d @ 165 found.
 glVertexAttrib2dv @ 166 found.
 glVertexAttrib2f @ 167 found.
 glVertexAttrib2fv @ 168 found.
 glVertexAttrib2s @ 169 found.
 glVertexAttrib2sv @ 170 found.
 glVertexAttrib3d @ 171 found.
 glVertexAttrib3dv @ 172 found.
 glVertexAttrib3f @ 173 found.
 glVertexAttrib3fv @ 174 found.
 glVertexAttrib3s @ 175 found.
 glVertexAttrib3sv @ 176 found.
 glVertexAttrib4Nbv @ 177 found.
 glVertexAttrib4Niv @ 178 found.
 glVertexAttrib4Nsv @ 179 found.
 glVertexAttrib4Nub @ 180 found.
 glVertexAttrib4Nubv @ 181 found.
 glVertexAttrib4Nuiv @ 182 found.
 glVertexAttrib4Nusv @ 183 found.
 glVertexAttrib4bv @ 184 found.
 glVertexAttrib4d @ 185 found.
 glVertexAttrib4dv @ 186 found.
 glVertexAttrib4f @ 187 found.
 glVertexAttrib4fv @ 188 found.
 glVertexAttrib4iv @ 189 found.
 glVertexAttrib4s @ 190 found.
 glVertexAttrib4sv @ 191 found.
 glVertexAttrib4ubv @ 192 found.
 glVertexAttrib4uiv @ 193 found.
 glVertexAttrib4usv @ 194 found.
 glVertexAttribPointer @ 195 found.
 glUniformMatrix2x3fv @ 196 found.
 glUniformMatrix3x2fv @ 197 found.
 glUniformMatrix2x4fv @ 198 found.
 glUniformMatrix4x2fv @ 199 found.
 glUniformMatrix3x4fv @ 200 found.
 glUniformMatrix4x3fv @ 201 found.
 glColorMaski @ 202 found.
 glGetBooleani_v @ 203 found.
 glGetIntegeri_v @ 204 found.
 glEnablei @ 205 found.
 glDisablei @ 206 found.
 glIsEnabledi @ 207 found.
 glBeginTransformFeedback @ 208 found.
 glEndTransformFeedback @ 209 found.
 glBindBufferRange @ 210 found.
 glBindBufferBase @ 211 found.
 glTransformFeedbackVaryings @ 212 found.
 glGetTransformFeedbackVarying @ 213 found.
 glClampColor @ 214 found.
 glBeginConditionalRender @ 215 found.
 glEndConditionalRender @ 216 found.
 glVertexAttribIPointer @ 217 found.
 glGetVertexAttribIiv @ 218 found.
 glGetVertexAttribIuiv @ 219 found.
 glVertexAttribI1i @ 220 found.
 glVertexAttribI2i @ 221 found.
 glVertexAttribI3i @ 222 found.
 glVertexAttribI4i @ 223 found.
 glVertexAttribI1ui @ 224 found.
 glVertexAttribI2ui @ 225 found.
 glVertexAttribI3ui @ 226 found.
 glVertexAttribI4ui @ 227 found.
 glVertexAttribI1iv @ 228 found.
 glVertexAttribI2iv @ 229 found.
 glVertexAttribI3iv @ 230 found.
 glVertexAttribI4iv @ 231 found.
 glVertexAttribI1uiv @ 232 found.
 glVertexAttribI2uiv @ 233 found.
 glVertexAttribI3uiv @ 234 found.
 glVertexAttribI4uiv @ 235 found.
 glVertexAttribI4bv @ 236 found.
 glVertexAttribI4sv @ 237 found.
 glVertexAttribI4ubv @ 238 found.
 glVertexAttribI4usv @ 239 found.
 glGetUniformuiv @ 240 found.
 glBindFragDataLocation @ 241 found.
 glGetFragDataLocation @ 242 found.
 glUniform1ui @ 243 found.
 glUniform2ui @ 244 found.
 glUniform3ui @ 245 found.
 glUniform4ui @ 246 found.
 glUniform1uiv @ 247 found.
 glUniform2uiv @ 248 found.
 glUniform3uiv @ 249 found.
 glUniform4uiv @ 250 found.
 glTexParameterIiv @ 251 found.
 glTexParameterIuiv @ 252 found.
 glGetTexParameterIiv @ 253 found.
 glGetTexParameterIuiv @ 254 found.
 glClearBufferiv @ 255 found.
 glClearBufferuiv @ 256 found.
 glClearBufferfv @ 257 found.
 glClearBufferfi @ 258 found.
 glGetStringi @ 259 found.
 glIsRenderbuffer @ 260 found.
 glBindRenderbuffer @ 261 found.
 glDeleteRenderbuffers @ 262 found.
 glGenRenderbuffers @ 263 found.
 glRenderbufferStorage @ 264 found.
 glGetRenderbufferParameteriv @ 265 found.
 glIsFramebuffer @ 266 found.
 glBindFramebuffer @ 267 found.
 glDeleteFramebuffers @ 268 found.
 glGenFramebuffers @ 269 found.
 glCheckFramebufferStatus @ 270 found.
 glFramebufferTexture1D @ 271 found.
 glFramebufferTexture2D @ 272 found.
 glFramebufferTexture3D @ 273 found.
 glFramebufferRenderbuffer @ 274 found.
 glGetFramebufferAttachmentParameteriv @ 275 found.
 glGenerateMipmap @ 276 found.
 glBlitFramebuffer @ 277 found.
 glRenderbufferStorageMultisample @ 278 found.
 glFramebufferTextureLayer @ 279 found.
 glMapBufferRange @ 280 found.
 glFlushMappedBufferRange @ 281 found.
 glBindVertexArray @ 282 found.
 glDeleteVertexArrays @ 283 found.
 glGenVertexArrays @ 284 found.
 glIsVertexArray @ 285 found.
 glDrawArraysInstanced @ 286 found.
 glDrawElementsInstanced @ 287 found.
 glTexBuffer @ 288 found.
 glPrimitiveRestartIndex @ 289 found.
 glCopyBufferSubData @ 290 found.
 glGetUniformIndices @ 291 found.
 glGetActiveUniformsiv @ 292 found.
 glGetActiveUniformName @ 293 found.
 glGetUniformBlockIndex @ 294 found.
 glGetActiveUniformBlockiv @ 295 found.
 glGetActiveUniformBlockName @ 296 found.
 glUniformBlockBinding @ 297 found.
 glDrawElementsBaseVertex @ 298 found.
 glDrawRangeElementsBaseVertex @ 299 found.
 glDrawElementsInstancedBaseVertex @ 300 found.
 glMultiDrawElementsBaseVertex @ 301 found.
 glProvokingVertex @ 302 found.
 glFenceSync @ 303 found.
 glIsSync @ 304 found.
 glDeleteSync @ 305 found.
 glClientWaitSync @ 306 found.
 glWaitSync @ 307 found.
 glGetInteger64v @ 308 found.
 glGetSynciv @ 309 found.
 glGetInteger64i_v @ 310 found.
 glGetBufferParameteri64v @ 311 found.
 glFramebufferTexture @ 312 found.
 glTexImage2DMultisample @ 313 found.
 glTexImage3DMultisample @ 314 found.
 glGetMultisamplefv @ 315 found.
 glSampleMaski @ 316 found.
 glBindFragDataLocationIndexed @ 317 found.
 glGetFragDataIndex @ 318 found.
 glGenSamplers @ 319 found.
 glDeleteSamplers @ 320 found.
 glIsSampler @ 321 found.
 glBindSampler @ 322 found.
 glSamplerParameteri @ 323 found.
 glSamplerParameteriv @ 324 found.
 glSamplerParameterf @ 325 found.
 glSamplerParameterfv @ 326 found.
 glSamplerParameterIiv @ 327 found.
 glSamplerParameterIuiv @ 328 found.
 glGetSamplerParameteriv @ 329 found.
 glGetSamplerParameterIiv @ 330 found.
 glGetSamplerParameterfv @ 331 found.
 glGetSamplerParameterIuiv @ 332 found.
 glQueryCounter @ 333 found.
 glGetQueryObjecti64v @ 334 found.
 glGetQueryObjectui64v @ 335 found.
 glVertexAttribDivisor @ 336 found.
 glVertexAttribP1ui @ 337 found.
 glVertexAttribP1uiv @ 338 found.
 glVertexAttribP2ui @ 339 found.
 glVertexAttribP2uiv @ 340 found.
 glVertexAttribP3ui @ 341 found.
 glVertexAttribP3uiv @ 342 found.
 glVertexAttribP4ui @ 343 found.
 glVertexAttribP4uiv @ 344 found.
 glMinSampleShading @ 345 found.
 glBlendEquationi @ 346 found.
 glBlendEquationSeparatei @ 347 found.
 glBlendFunci @ 348 found.
 glBlendFuncSeparatei @ 349 found.
 glDrawArraysIndirect @ 350 found.
 glDrawElementsIndirect @ 351 found.
 glUniform1d @ 352 found.
 glUniform2d @ 353 found.
 glUniform3d @ 354 found.
 glUniform4d @ 355 found.
 glUniform1dv @ 356 found.
 glUniform2dv @ 357 found.
 glUniform3dv @ 358 found.
 glUniform4dv @ 359 found.
 glUniformMatrix2dv @ 360 found.
 glUniformMatrix3dv @ 361 found.
 glUniformMatrix4dv @ 362 found.
 glUniformMatrix2x3dv @ 363 found.
 glUniformMatrix2x4dv @ 364 found.
 glUniformMatrix3x2dv @ 365 found.
 glUniformMatrix3x4dv @ 366 found.
 glUniformMatrix4x2dv @ 367 found.
 glUniformMatrix4x3dv @ 368 found.
 glGetUniformdv @ 369 found.
 glGetSubroutineUniformLocation @ 370 found.
 glGetSubroutineIndex @ 371 found.
 glGetActiveSubroutineUniformiv @ 372 found.
 glGetActiveSubroutineUniformName @ 373 found.
 glGetActiveSubroutineName @ 374 found.
 glUniformSubroutinesuiv @ 375 found.
 glGetUniformSubroutineuiv @ 376 found.
 glGetProgramStageiv @ 377 found.
 glPatchParameteri @ 378 found.
 glPatchParameterfv @ 379 found.
 glBindTransformFeedback @ 380 found.
 glDeleteTransformFeedbacks @ 381 found.
 glGenTransformFeedbacks @ 382 found.
 glIsTransformFeedback @ 383 found.
 glPauseTransformFeedback @ 384 found.
 glResumeTransformFeedback @ 385 found.
 glDrawTransformFeedback @ 386 found.
 glDrawTransformFeedbackStream @ 387 found.
 glBeginQueryIndexed @ 388 found.
 glEndQueryIndexed @ 389 found.
 glGetQueryIndexediv @ 390 found.
 glReleaseShaderCompiler @ 391 found.
 glShaderBinary @ 392 found.
 glGetShaderPrecisionFormat @ 393 found.
 glDepthRangef @ 394 found.
 glClearDepthf @ 395 found.
 glGetProgramBinary @ 396 found.
 glProgramBinary @ 397 found.
 glProgramParameteri @ 398 found.
 glUseProgramStages @ 399 found.
 glActiveShaderProgram @ 400 found.
 glCreateShaderProgramv @ 401 found.
 glBindProgramPipeline @ 402 found.
 glDeleteProgramPipelines @ 403 found.
 glGenProgramPipelines @ 404 found.
 glIsProgramPipeline @ 405 found.
 glGetProgramPipelineiv @ 406 found.
 glProgramUniform1i @ 407 found.
 glProgramUniform1iv @ 408 found.
 glProgramUniform1f @ 409 found.
 glProgramUniform1fv @ 410 found.
 glProgramUniform1d @ 411 found.
 glProgramUniform1dv @ 412 found.
 glProgramUniform1ui @ 413 found.
 glProgramUniform1uiv @ 414 found.
 glProgramUniform2i @ 415 found.
 glProgramUniform2iv @ 416 found.
 glProgramUniform2f @ 417 found.
 glProgramUniform2fv @ 418 found.
 glProgramUniform2d @ 419 found.
 glProgramUniform2dv @ 420 found.
 glProgramUniform2ui @ 421 found.
 glProgramUniform2uiv @ 422 found.
 glProgramUniform3i @ 423 found.
 glProgramUniform3iv @ 424 found.
 glProgramUniform3f @ 425 found.
 glProgramUniform3fv @ 426 found.
 glProgramUniform3d @ 427 found.
 glProgramUniform3dv @ 428 found.
 glProgramUniform3ui @ 429 found.
 glProgramUniform3uiv @ 430 found.
 glProgramUniform4i @ 431 found.
 glProgramUniform4iv @ 432 found.
 glProgramUniform4f @ 433 found.
 glProgramUniform4fv @ 434 found.
 glProgramUniform4d @ 435 found.
 glProgramUniform4dv @ 436 found.
 glProgramUniform4ui @ 437 found.
 glProgramUniform4uiv @ 438 found.
 glProgramUniformMatrix2fv @ 439 found.
 glProgramUniformMatrix3fv @ 440 found.
 glProgramUniformMatrix4fv @ 441 found.
 glProgramUniformMatrix2dv @ 442 found.
 glProgramUniformMatrix3dv @ 443 found.
 glProgramUniformMatrix4dv @ 444 found.
 glProgramUniformMatrix2x3fv @ 445 found.
 glProgramUniformMatrix3x2fv @ 446 found.
 glProgramUniformMatrix2x4fv @ 447 found.
 glProgramUniformMatrix4x2fv @ 448 found.
 glProgramUniformMatrix3x4fv @ 449 found.
 glProgramUniformMatrix4x3fv @ 450 found.
 glProgramUniformMatrix2x3dv @ 451 found.
 glProgramUniformMatrix3x2dv @ 452 found.
 glProgramUniformMatrix2x4dv @ 453 found.
 glProgramUniformMatrix4x2dv @ 454 found.
 glProgramUniformMatrix3x4dv @ 455 found.
 glProgramUniformMatrix4x3dv @ 456 found.
 glValidateProgramPipeline @ 457 found.
 glGetProgramPipelineInfoLog @ 458 found.
 glVertexAttribL1d @ 459 found.
 glVertexAttribL2d @ 460 found.
 glVertexAttribL3d @ 461 found.
 glVertexAttribL4d @ 462 found.
 glVertexAttribL1dv @ 463 found.
 glVertexAttribL2dv @ 464 found.
 glVertexAttribL3dv @ 465 found.
 glVertexAttribL4dv @ 466 found.
 glVertexAttribLPointer @ 467 found.
 glGetVertexAttribLdv @ 468 found.
 glViewportArrayv @ 469 found.
 glViewportIndexedf @ 470 found.
 glViewportIndexedfv @ 471 found.
 glScissorArrayv @ 472 found.
 glScissorIndexed @ 473 found.
 glScissorIndexedv @ 474 found.
 glDepthRangeArrayv @ 475 found.
 glDepthRangeIndexed @ 476 found.
 glGetFloati_v @ 477 found.
 glGetDoublei_v @ 478 found.
 glDrawArraysInstancedBaseInstance @ 479 found.
 glDrawElementsInstancedBaseInstance @ 480 found.
 glDrawElementsInstancedBaseVertexBaseInstance @ 481 found.
 glGetInternalformativ @ 482 found.
 glGetActiveAtomicCounterBufferiv @ 483 found.
 glBindImageTexture @ 484 found.
 glMemoryBarrier @ 485 found.
 glTexStorage1D @ 486 found.
 glTexStorage2D @ 487 found.
 glTexStorage3D @ 488 found.
 glDrawTransformFeedbackInstanced @ 489 found.
 glDrawTransformFeedbackStreamInstanced @ 490 found.
 glDispatchCompute @ 493 found.
 glDispatchComputeIndirect @ 494 found.
 glFramebufferParameteri @ 496 found.
 glGetFramebufferParameteriv @ 497 found.
 glGetInternalformati64v @ 498 found.
 glInvalidateFramebuffer @ 503 found.
 glInvalidateSubFramebuffer @ 504 found.
 glMultiDrawArraysIndirect @ 505 found.
 glMultiDrawElementsIndirect @ 506 found.
 glGetProgramInterfaceiv @ 507 found.
 glGetProgramResourceIndex @ 508 found.
 glGetProgramResourceName @ 509 found.
 glGetProgramResourceiv @ 510 found.
 glGetProgramResourceLocation @ 511 found.
 glGetProgramResourceLocationIndex @ 512 found.
 glShaderStorageBlockBinding @ 513 found.
 glTexBufferRange @ 514 found.
 glTexStorage2DMultisample @ 515 found.
 glTexStorage3DMultisample @ 516 found.
 glBindVertexBuffer @ 518 found.
 glVertexAttribFormat @ 519 found.
 glVertexAttribIFormat @ 520 found.
 glVertexAttribLFormat @ 521 found.
 glVertexAttribBinding @ 522 found.
 glVertexBindingDivisor @ 523 found.
 glDebugMessageControl @ 524 found.
 glDebugMessageInsert @ 525 found.
 glDebugMessageCallback @ 526 found.
 glGetDebugMessageLog @ 527 found.
 glPushDebugGroup @ 528 found.
 glPopDebugGroup @ 529 found.
 glObjectLabel @ 530 found.
 glGetObjectLabel @ 531 found.
 glObjectPtrLabel @ 532 found.
 glGetObjectPtrLabel @ 533 found.
 glBufferStorage @ 534 found.
 glClipControl @ 543 found.
 glNamedBufferStorage @ 551 found.
 glTextureBufferRange @ 589 found.
 glTextureParameteri @ 606 found.
 glMemoryBarrierByRegion @ 641 found.
 glGetGraphicsResetStatus @ 644 found.
 glGetnCompressedTexImage @ 645 found.
 glGetnTexImage @ 646 found.
 glGetnUniformdv @ 647 found.
 glGetnUniformfv @ 648 found.
 glGetnUniformiv @ 649 found.
 glGetnUniformuiv @ 650 found.
 glReadnPixels @ 651 found.
 afxDrawDriver.c:77?AfxDrawSystemRegisterDriver(dsys=00333320,mdle=003334a0,spec=0019e148)
 afxClass<afxDrawDriver>::AllocateObjects(1, 0019e064, 0019e074)
 afxClass<afxDrawDriver>::BuildObjects(1, 0019e064, 0019e058)
 afxClass<afxDrawDriver>::ConstructObject(00e7f560)
 afxDrawDriver.c:138?_AfxDdrvCtor(ddrv=00e7f560)
 afxClass<Draw Context>::Mount(00e7f5a8, 00e7f594, 00000000, 0019dcd8)
New draw driver registered.
Name: 4DGL
Author: SIGMA Technology Group
Version: 0.7.2
Note: 
     .::::         :::::::::         ::::::::        :::        
    :+:+:+         :+:    :+:       :+:    :+:       :+:        
   +:+ +:+         +:+    +:+       +:+              +:+        
  +#+  +:+         +#+    +:+       :#:              +#+        
 +#+#+#+#+#+       +#+    +#+       +#+   +#+#       +#+        
       #+#         #+#    #+#       #+#    #+#       #+#        
       ###         #########         ########        ########## 
 Loading draw ICDs...
 afxModule.c:71?AfxSystemAcquireModule(sys=0032f070,uri=e2draw.icd)
 afxModule.c:71?AfxSystemAcquireModule(sys=0032f070,uri=e2newton.icd)
 afxClass<afxModule>::AllocateObjects(1, 0019e210, 0019e258)
 afxClass<afxModule>::BuildObjects(1, 0019e210, 0019e30c)
 afxClass<afxModule>::ConstructObject(02cdaf70)
 afxModule.c:135?_AfxMdleCtor(uri:e2newton.icd)
 afxDrawContext.c:318?AfxDrawSystemAcquireContext(dsys=00333320,spec=0019ea20)
 afxClass<Draw Context>::AllocateObjects(1, 0019e91c, 0019e92c)
 afxClass<Draw Context>::BuildObjects(1, 0019e91c, 0019e914)
 afxClass<Draw Context>::ConstructObject(00e7e2f0)
 sglDrawContext.c:270?_AfxDctxCtor(dctx=00e7e2f0)
 afxClass<afxDrawScript>::Mount(00e7ec38, 00e7e324, 00000000, 5199fd74)
 afxClass<afxDrawInput>::Mount(00e7ecf8, 00e7e324, 00000000, 5199f724)
 afxClass<afxDrawQueue>::Mount(00e7edb8, 00e7e324, 00000000, 0019e570)
 afxClass<afxBuffer>::Mount(00e7e338, 00e7e324, 00000000, 5199e020)
 afxClass<afxVertexBuffer>::Mount(00e7e3f8, 00e7e324, 00e7e338, 0019e570)
 afxClass<afxIndexBuffer>::Mount(00e7e4b8, 00e7e324, 00e7e338, 0019e570)
 afxClass<afxSampler>::Mount(00e7e578, 00e7e324, 00000000, 519a4670)
 afxClass<afxTexture>::Mount(00e7e638, 00e7e324, 00000000, 519a4b20)
 afxClass<afxSurface>::Mount(00e7e6f8, 00e7e324, 00e7e638, 519a47e8)
 afxClass<afxCanvas>::Mount(00e7e7b8, 00e7e324, 00000000, 5199e334)
 afxClass<afxShader>::Mount(00e7e878, 00e7e324, 00000000, 519a4330)
 afxClass<afxPipelineRig>::Mount(00e7e938, 00e7e324, 00000000, 519a4544)
 afxClass<afxPipeline>::Mount(00e7e9f8, 00e7e324, 00000000, 519a3f30)
 afxClass<afxDrawOperation>::Mount(00e7eb78, 00e7e324, 00000000, 50d53df0)
 afxClass<afxLegoTemplate>::Mount(00e7eab8, 00e7e324, 00000000, 519a3d64)
 afxClass<afxDrawOutput>::Mount(00e7ee78, 00e7e324, 00000000, 5199f978)
 afxDrawQueue.c:47?AfxDrawContextAcquireQueue(dctx=00e7e2f0)
 afxClass<afxDrawQueue>::AllocateObjects(1, 0019e448, 0019e464)
 afxClass<afxDrawQueue>::BuildObjects(1, 0019e448, 0019e568)
 afxClass<afxDrawQueue>::ConstructObject(02c38fa0)
 sglDrawQueue.c:1825?_AfxDqueCtor(dque=02c38fa0)
 Uploading draw operation 'data/pipeline/rgbaToRgba.xml'
 afxXml.c:1036?AfxFileSystemLoadXml(uri=data/pipeline/rgbaToRgba.xmlp)
 afxClass<afxXml>::AllocateObjects(1, 0019d72c, 0019d73c)
 afxClass<afxXml>::BuildObjects(1, 0019d72c, 0019d724)
 afxClass<afxXml>::ConstructObject(00e256b0)
 afxXml.c:995?_AfxXmlCtor(uri:data/pipeline/rgbaToRgba.xml)
 afxFile.c:273?AfxFileSystemOpenFile(Afx.FileSystem.OpenFile(00330f20,00000001,data/pipeline/rgbaToRgba.xml))
 afxClass<afxFile>::AllocateObjects(1, 0019d3a4, 0019d3b4)
 afxClass<afxFile>::BuildObjects(1, 0019d3a4, 0019d390)
 afxClass<afxFile, afxStream>ConstructingObject(02c3a720)
 afxClass<afxStream>::ConstructObject(02c3a720)
 afxClass<afxFile>::ConstructObject(02c3a720)
 afxClass<afxFile>::DismantleObjects(1, 0019d408)
 Destructing instance 02c3a720 of afxFile class.
 Destructing instance 02c3a720 of afxFile : afxStream class.
 Destructing instance 02c3a720 of afxStream class.
 afxClass<afxFile>::DeallocateObjects(1, 0019d408)
 afxClass<afxDrawOperation>::AllocateObjects(1, 02c3a6c0, 0019d718)
 afxClass<afxDrawOperation>::BuildObjects(1, 02c3a6c0, 0019db54)
 afxClass<afxDrawOperation>::ConstructObject(00e7f190)
 afxDrawOperation.c:574?_AfxDopCtor(dop=00e7f190)
 afxPipeline.c:316?AfxDrawContextBuildPipelines(dctx=00e7e2f0)
 afxClass<afxPipeline>::AllocateObjects(1, 02cc3890, 0019d0c0)
 afxClass<afxPipeline>::BuildObjects(1, 02cc3890, 0019d1ac)
 afxClass<afxPipeline>::ConstructObject(02c387a0)
 sglPipeline.c:577?_AfxPipCtor(pip=02c387a0)
 afxShader.c:462?AfxDrawContextAcquireShaders(dctx=00e7e2f0,cnt=1,uri=02cdb0c0,shd=0019c88c)
 Uploading shader 'data/pipeline/rgbaToRgba.xml?vs'
 afxXml.c:1036?AfxFileSystemLoadXml(uri=data/pipeline/rgbaToRgba.xmlp)
 afxClass<afxXml>::AllocateObjects(1, 0019bf64, 0019bf74)
 afxClass<afxXml>::BuildObjects(1, 0019bf64, 0019bf5c)
 afxClass<afxXml>::ConstructObject(02cdd560)
 afxXml.c:995?_AfxXmlCtor(uri:data/pipeline/rgbaToRgba.xml)
 afxFile.c:273?AfxFileSystemOpenFile(Afx.FileSystem.OpenFile(00330f20,00000001,data/pipeline/rgbaToRgba.xml))
 afxClass<afxFile>::AllocateObjects(1, 0019bbdc, 0019bbec)
 afxClass<afxFile>::BuildObjects(1, 0019bbdc, 0019bbc8)
 afxClass<afxFile, afxStream>ConstructingObject(02c3a720)
 afxClass<afxStream>::ConstructObject(02c3a720)
 afxClass<afxFile>::ConstructObject(02c3a720)
 afxClass<afxFile>::DismantleObjects(1, 0019bc40)
 Destructing instance 02c3a720 of afxFile class.
 Destructing instance 02c3a720 of afxFile : afxStream class.
 Destructing instance 02c3a720 of afxStream class.
 afxClass<afxFile>::DeallocateObjects(1, 0019bc40)
 afxFile.c:294?AfxFileSystemOpenReadableFile(Afx.FileSystem.OpenReadableFile(00330f20,data/pipeline/stdEnv.inc))
 afxClass<afxFile>::AllocateObjects(1, 0019bc48, 0019bc58)
 afxClass<afxFile>::BuildObjects(1, 0019bc48, 0019bc34)
 afxClass<afxFile, afxStream>ConstructingObject(02c3a720)
 afxClass<afxStream>::ConstructObject(02c3a720)
 afxClass<afxFile>::ConstructObject(02c3a720)
 afxClass<afxFile>::DismantleObjects(1, 0019bca8)
 Destructing instance 02c3a720 of afxFile class.
 Destructing instance 02c3a720 of afxFile : afxStream class.
 Destructing instance 02c3a720 of afxStream class.
 afxClass<afxFile>::DeallocateObjects(1, 0019bca8)
 afxShader.c:304?AfxDrawContextBuildShaders(dctx=00e7e2f0,cnt=1,blueprint=0019c38c,shd=0019c88c)
 afxClass<afxShader>::AllocateObjects(1, 0019c88c, 0019bf44)
 afxClass<afxShader>::BuildObjects(1, 0019c88c, 0019c38c)
 afxClass<afxShader>::ConstructObject(003f9bb0)
 sglShader.c:238?_AfxShdCtor(shd=003f9bb0)
 #version 330 core // QWADRO. Engineered by SIGMA Technology Group.

#define afxInt int
#define afxNat uint

#define afxReal float

#define afxV2d vec2
#define afxV3d vec3
#define afxV4d vec4

#define afxM2d mat2
#define afxM3d mat3
#define afxM4d mat4

        
        layout(location = 0) in vec2 a_xy;

        out block
        {
            vec2 uv0;
        } sgl_v;

        void main()
        {
            gl_Position = vec4(a_xy, 0.0, 1.0);
            sgl_v.uv0 = vec2(gl_Position.xy * 0.5 + 0.5).xy;
        }
       
 afxClass<afxXml>::DismantleObjects(1, 0019bfc8)
 Destructing instance 02cdd560 of afxXml class.
 afxXml.c:972?_AfxXmlDtor(xml=02cdd560)
 afxClass<afxXml>::DeallocateObjects(1, 0019bfc8)
 afxObject<003f9bb0>::InstallEventFilter(02c387a0)
 afxShader.c:462?AfxDrawContextAcquireShaders(dctx=00e7e2f0,cnt=1,uri=02cdb0f8,shd=0019c88c)
 Uploading shader 'data/pipeline/rgbaToRgba.xml?fs'
 afxXml.c:1036?AfxFileSystemLoadXml(uri=data/pipeline/rgbaToRgba.xmlp)
 afxClass<afxXml>::AllocateObjects(1, 0019bf64, 0019bf74)
 afxClass<afxXml>::BuildObjects(1, 0019bf64, 0019bf5c)
 afxClass<afxXml>::ConstructObject(02cdd560)
 afxXml.c:995?_AfxXmlCtor(uri:data/pipeline/rgbaToRgba.xml)
 afxFile.c:273?AfxFileSystemOpenFile(Afx.FileSystem.OpenFile(00330f20,00000001,data/pipeline/rgbaToRgba.xml))
 afxClass<afxFile>::AllocateObjects(1, 0019bbdc, 0019bbec)
 afxClass<afxFile>::BuildObjects(1, 0019bbdc, 0019bbc8)
 afxClass<afxFile, afxStream>ConstructingObject(02c3a720)
 afxClass<afxStream>::ConstructObject(02c3a720)
 afxClass<afxFile>::ConstructObject(02c3a720)
 afxClass<afxFile>::DismantleObjects(1, 0019bc40)
 Destructing instance 02c3a720 of afxFile class.
 Destructing instance 02c3a720 of afxFile : afxStream class.
 Destructing instance 02c3a720 of afxStream class.
 afxClass<afxFile>::DeallocateObjects(1, 0019bc40)
 afxFile.c:294?AfxFileSystemOpenReadableFile(Afx.FileSystem.OpenReadableFile(00330f20,data/pipeline/stdEnv.inc))
 afxClass<afxFile>::AllocateObjects(1, 0019bc48, 0019bc58)
 afxClass<afxFile>::BuildObjects(1, 0019bc48, 0019bc34)
 afxClass<afxFile, afxStream>ConstructingObject(02c3a720)
 afxClass<afxStream>::ConstructObject(02c3a720)
 afxClass<afxFile>::ConstructObject(02c3a720)
 afxClass<afxFile>::DismantleObjects(1, 0019bca8)
 Destructing instance 02c3a720 of afxFile class.
 Destructing instance 02c3a720 of afxFile : afxStream class.
 Destructing instance 02c3a720 of afxStream class.
 afxClass<afxFile>::DeallocateObjects(1, 0019bca8)
 afxShader.c:304?AfxDrawContextBuildShaders(dctx=00e7e2f0,cnt=1,blueprint=0019c38c,shd=0019c88c)
 afxClass<afxShader>::AllocateObjects(1, 0019c88c, 0019bf44)
 afxClass<afxShader>::BuildObjects(1, 0019c88c, 0019c38c)
 afxClass<afxShader>::ConstructObject(003f9fb0)
 sglShader.c:238?_AfxShdCtor(shd=003f9fb0)
 #version 330 core // QWADRO. Engineered by SIGMA Technology Group.

#define afxInt int
#define afxNat uint

#define afxReal float

#define afxV2d vec2
#define afxV3d vec3
#define afxV4d vec4

#define afxM2d mat2
#define afxM3d mat3
#define afxM4d mat4

        
        uniform sampler2D samp;

        in block
        {
            vec2 uv0;
        } sgl_v;

        out vec4 sgl_rgba;

        void main()
        {
            sgl_rgba = texture(samp, sgl_v.uv0);
        }
       
 afxClass<afxXml>::DismantleObjects(1, 0019bfc8)
 Destructing instance 02cdd560 of afxXml class.
 afxXml.c:972?_AfxXmlDtor(xml=02cdd560)
 afxClass<afxXml>::DeallocateObjects(1, 0019bfc8)
 afxObject<003f9fb0>::InstallEventFilter(02c387a0)
 afxClass<afxLegoTemplate>::AllocateObjects(1, 0019c6a0, 0019c6bc)
 afxClass<afxLegoTemplate>::BuildObjects(1, 0019c6a0, 0019c694)
 afxClass<afxLegoTemplate>::ConstructObject(02c38aa0)
 sglLego.c:199?_AfxLegtCtor(legt=02c38aa0)
 afxClass<afxPipelineRig>::AllocateObjects(1, 0019c6ac, 0019c6bc)
 afxClass<afxPipelineRig>::BuildObjects(1, 0019c6ac, 0019c6a0)
 afxClass<afxPipelineRig>::ConstructObject(02cdd560)
 sglPipelineRig.c:118?_AfxPiprCtor(pipr=02cdd560)
 afxPipeline.c:316?AfxDrawContextBuildPipelines(dctx=00e7e2f0)
 afxClass<afxPipeline>::AllocateObjects(1, 02cc36f0, 0019d0c0)
 afxClass<afxPipeline>::BuildObjects(1, 02cc36f0, 0019d1ac)
 afxClass<afxPipeline>::ConstructObject(02cdb560)
 sglPipeline.c:577?_AfxPipCtor(pip=02cdb560)
 afxShader.c:462?AfxDrawContextAcquireShaders(dctx=00e7e2f0,cnt=1,uri=02cdb0c0,shd=0019c88c)
 Uploading shader 'data/pipeline/rgbaToRgba.xml?vsFlippedY'
 afxXml.c:1036?AfxFileSystemLoadXml(uri=data/pipeline/rgbaToRgba.xmlp)
 afxClass<afxXml>::AllocateObjects(1, 0019bf64, 0019bf74)
 afxClass<afxXml>::BuildObjects(1, 0019bf64, 0019bf5c)
 afxClass<afxXml>::ConstructObject(02cdbae0)
 afxXml.c:995?_AfxXmlCtor(uri:data/pipeline/rgbaToRgba.xml)
 afxFile.c:273?AfxFileSystemOpenFile(Afx.FileSystem.OpenFile(00330f20,00000001,data/pipeline/rgbaToRgba.xml))
 afxClass<afxFile>::AllocateObjects(1, 0019bbdc, 0019bbec)
 afxClass<afxFile>::BuildObjects(1, 0019bbdc, 0019bbc8)
 afxClass<afxFile, afxStream>ConstructingObject(02c3a720)
 afxClass<afxStream>::ConstructObject(02c3a720)
 afxClass<afxFile>::ConstructObject(02c3a720)
 afxClass<afxFile>::DismantleObjects(1, 0019bc40)
 Destructing instance 02c3a720 of afxFile class.
 Destructing instance 02c3a720 of afxFile : afxStream class.
 Destructing instance 02c3a720 of afxStream class.
 afxClass<afxFile>::DeallocateObjects(1, 0019bc40)
 afxFile.c:294?AfxFileSystemOpenReadableFile(Afx.FileSystem.OpenReadableFile(00330f20,data/pipeline/stdEnv.inc))
 afxClass<afxFile>::AllocateObjects(1, 0019bc48, 0019bc58)
 afxClass<afxFile>::BuildObjects(1, 0019bc48, 0019bc34)
 afxClass<afxFile, afxStream>ConstructingObject(02c3a720)
 afxClass<afxStream>::ConstructObject(02c3a720)
 afxClass<afxFile>::ConstructObject(02c3a720)
 afxClass<afxFile>::DismantleObjects(1, 0019bca8)
 Destructing instance 02c3a720 of afxFile class.
 Destructing instance 02c3a720 of afxFile : afxStream class.
 Destructing instance 02c3a720 of afxStream class.
 afxClass<afxFile>::DeallocateObjects(1, 0019bca8)
 afxShader.c:304?AfxDrawContextBuildShaders(dctx=00e7e2f0,cnt=1,blueprint=0019c38c,shd=0019c88c)
 afxClass<afxShader>::AllocateObjects(1, 0019c88c, 0019bf44)
 afxClass<afxShader>::BuildObjects(1, 0019c88c, 0019c38c)
 afxClass<afxShader>::ConstructObject(00e80960)
 sglShader.c:238?_AfxShdCtor(shd=00e80960)
 #version 330 core // QWADRO. Engineered by SIGMA Technology Group.

#define afxInt int
#define afxNat uint

#define afxReal float

#define afxV2d vec2
#define afxV3d vec3
#define afxV4d vec4

#define afxM2d mat2
#define afxM3d mat3
#define afxM4d mat4

        
        const mat4 m = mat4(1, 0, 0, 0, 0, -1, 0, 0, 0, 0, 1, 0, 0, 0, 0, 1);
        
        layout(location = 0) in vec2 a_xy;
        
        out block
        {
            vec2 uv0;
        } sgl_v;

        void main()
        {
            gl_Position = vec4(a_xy, 0.0, 1.0);
            sgl_v.uv0 = vec2(m * vec4(gl_Position.xy * 0.5 + 0.5, 0, 1)).xy;
        }
       
 afxClass<afxXml>::DismantleObjects(1, 0019bfc8)
 Destructing instance 02cdbae0 of afxXml class.
 afxXml.c:972?_AfxXmlDtor(xml=02cdbae0)
 afxClass<afxXml>::DeallocateObjects(1, 0019bfc8)
 afxObject<00e80960>::InstallEventFilter(02cdb560)
 afxShader.c:462?AfxDrawContextAcquireShaders(dctx=00e7e2f0,cnt=1,uri=02cdb0f8,shd=0019c88c)
 Uploading shader 'data/pipeline/rgbaToRgba.xml?fs'
 afxXml.c:1036?AfxFileSystemLoadXml(uri=data/pipeline/rgbaToRgba.xmlp)
 afxClass<afxXml>::AllocateObjects(1, 0019bf64, 0019bf74)
 afxClass<afxXml>::BuildObjects(1, 0019bf64, 0019bf5c)
 afxClass<afxXml>::ConstructObject(02cdbae0)
 afxXml.c:995?_AfxXmlCtor(uri:data/pipeline/rgbaToRgba.xml)
 afxFile.c:273?AfxFileSystemOpenFile(Afx.FileSystem.OpenFile(00330f20,00000001,data/pipeline/rgbaToRgba.xml))
 afxClass<afxFile>::AllocateObjects(1, 0019bbdc, 0019bbec)
 afxClass<afxFile>::BuildObjects(1, 0019bbdc, 0019bbc8)
 afxClass<afxFile, afxStream>ConstructingObject(02c3a720)
 afxClass<afxStream>::ConstructObject(02c3a720)
 afxClass<afxFile>::ConstructObject(02c3a720)
 afxClass<afxFile>::DismantleObjects(1, 0019bc40)
 Destructing instance 02c3a720 of afxFile class.
 Destructing instance 02c3a720 of afxFile : afxStream class.
 Destructing instance 02c3a720 of afxStream class.
 afxClass<afxFile>::DeallocateObjects(1, 0019bc40)
 afxFile.c:294?AfxFileSystemOpenReadableFile(Afx.FileSystem.OpenReadableFile(00330f20,data/pipeline/stdEnv.inc))
 afxClass<afxFile>::AllocateObjects(1, 0019bc48, 0019bc58)
 afxClass<afxFile>::BuildObjects(1, 0019bc48, 0019bc34)
 afxClass<afxFile, afxStream>ConstructingObject(02c3a720)
 afxClass<afxStream>::ConstructObject(02c3a720)
 afxClass<afxFile>::ConstructObject(02c3a720)
 afxClass<afxFile>::DismantleObjects(1, 0019bca8)
 Destructing instance 02c3a720 of afxFile class.
 Destructing instance 02c3a720 of afxFile : afxStream class.
 Destructing instance 02c3a720 of afxStream class.
 afxClass<afxFile>::DeallocateObjects(1, 0019bca8)
 afxShader.c:304?AfxDrawContextBuildShaders(dctx=00e7e2f0,cnt=1,blueprint=0019c38c,shd=0019c88c)
 afxClass<afxShader>::AllocateObjects(1, 0019c88c, 0019bf44)
 afxClass<afxShader>::BuildObjects(1, 0019c88c, 0019c38c)
 afxClass<afxShader>::ConstructObject(02c53240)
 sglShader.c:238?_AfxShdCtor(shd=02c53240)
 #version 330 core // QWADRO. Engineered by SIGMA Technology Group.

#define afxInt int
#define afxNat uint

#define afxReal float

#define afxV2d vec2
#define afxV3d vec3
#define afxV4d vec4

#define afxM2d mat2
#define afxM3d mat3
#define afxM4d mat4

        
        uniform sampler2D samp;

        in block
        {
            vec2 uv0;
        } sgl_v;

        out vec4 sgl_rgba;

        void main()
        {
            sgl_rgba = texture(samp, sgl_v.uv0);
        }
       
 afxClass<afxXml>::DismantleObjects(1, 0019bfc8)
 Destructing instance 02cdbae0 of afxXml class.
 afxXml.c:972?_AfxXmlDtor(xml=02cdbae0)
 afxClass<afxXml>::DeallocateObjects(1, 0019bfc8)
 afxObject<02c53240>::InstallEventFilter(02cdb560)
 afxClass<afxXml>::DismantleObjects(1, 0019d790)
 Destructing instance 00e256b0 of afxXml class.
 afxXml.c:972?_AfxXmlDtor(xml=00e256b0)
 afxClass<afxXml>::DeallocateObjects(1, 0019d790)
 afxSampler.c:47?AfxDrawContextAcquireSamplers(dctx=00e7e2f0,spec=0019e0f0)
 afxClass<afxSampler>::AllocateObjects(1, 02c3a6c4, 0019ddb4)
 afxClass<afxSampler>::BuildObjects(1, 02c3a6c4, 0019e0f0)
 afxClass<afxSampler>::ConstructObject(00e80f70)
 sglSampler.c:184?_AfxSmpCtor(smp=00e80f70)
 afxClass<afxVertexBuffer>::AllocateObjects(1, 02c3a6c8, 0019de08)
 afxClass<afxVertexBuffer>::BuildObjects(1, 02c3a6c8, 0019dde0)
 afxClass<afxVertexBuffer, afxBuffer>ConstructingObject(00e256b0)
 afxClass<afxBuffer>::ConstructObject(00e256b0)
 sglBuffer.c:454?_AfxBufCtor(buf=00e256b0)
 afxClass<afxVertexBuffer>::ConstructObject(00e256b0)
 afxVertexBuffer.c:342?_AfxVbufCtor(vbuf=00e256b0)
 afxApplication.c:372?AfxSystemAcquireApplication(sys=0019ea20,spec=00e7e2f0)
 afxClass<afxApplication>::AllocateObjects(1, 0019e948, 0019e958)
 afxClass<afxApplication>::BuildObjects(1, 0019e948, 0019e9f0)
 afxClass<afxApplication>::ConstructObject(00e405b0)
 afxApplication.c:422?_AfxAppCtor(app=00e405b0)
 afxMouse.c:249?AfxSystemAcquireMouse(sys=0032f070,port=0)
 afxClass<afxMouse>::AllocateObjects(1, 0019e52c, 0019e53c)
 afxClass<afxMouse>::BuildObjects(1, 0019e52c, 0019e524)
 afxClass<afxMouse, afxHid>ConstructingObject(02cdc3a0)
 afxClass<afxHid>::ConstructObject(02cdc3a0)
 afxHid.c:75?_AfxHidCtor(hid=02cdc3a0)
 afxClass<afxMouse>::ConstructObject(02cdc3a0)
 afxMouse.c:304?_AfxMseCtor(mse=02cdc3a0)
 afxDrawInput.c:102?AfxDrawContextAcquireInput(dctx=00e7e2f0,spec=0019e604)
 afxClass<afxDrawInput>::AllocateObjects(1, 0019e514, 0019e530)
 afxClass<afxDrawInput>::BuildObjects(1, 0019e514, 0019e604)
 afxClass<afxDrawInput>::ConstructObject(00e7efb0)
 sglDrawInput.c:274?_AfxDinCtor(din=00e7efb0)
 afxArena.c:822?AfxSystemAcquireArena(sys=0032f070,strategy=0019e18c,hint="sglDrawInput.c:310!_AfxDinCtor")
 afxClass<Memory Arena>::AllocateObjects(1, 0019e0d8, 0019e0e8)
 afxClass<Memory Arena>::BuildObjects(1, 0019e0d8, 0019e0cc)
 afxClass<Memory Arena, afxMemory>ConstructingObject(02c52f00)
 afxClass<afxMemory>::ConstructObject(02c52f00)
 afxMemory.c:317?_AfxMemCtor(mem=02c52f00)
 afxClass<Memory Arena>::ConstructObject(02c52f00)
 afxArena.c:799?_AfxArenCtor(aren=02c52f00)
 afxClass<afxWidget>::Mount(00e40a88, 00e405e4, 00000000, 50d59868)
 afxClass<afxSimulation>::Mount(00e40b48, 00e405e4, 00000000, 50d5a2e8)
 afxApplication.c:322?AfxApplicationExecute(app=00e405b0)
 Skybox.c:83?AfxEnterApplication(app=00e405b0)
 afxFileSystem.c:389?AfxFileSystemMountStoragePoints(Afx.FileSystem.MountStoragePoints(00330f20,1,0019e6a8))
 ERR afxFileSystem.c:400?AfxFileSystemMountStoragePoints
    
 ERR Skybox.c:98?AfxEnterApplication
    
 ERR Skybox.c:98?AfxEnterApplication
    (rslt == 1)
    Invalid
 afxArchive.c:598?AfxFileSystemAcquireArchive(Afx.FileSystem.AcquireArchive(00330f20,1,"art/mnt.zip"))
 afxClass<afxArchive>::AllocateObjects(1, 0019e50c, 0019e51c)
 afxClass<afxArchive>::BuildObjects(1, 0019e50c, 0019e4f8)
 afxClass<afxArchive, afxFile>ConstructingObject(02c75de0)
 afxClass<afxFile, afxStream>ConstructingObject(02c75de0)
 afxClass<afxStream>::ConstructObject(02c75de0)
 afxClass<afxFile>::ConstructObject(02c75de0)
 afxClass<afxArchive>::ConstructObject(02c75de0)
 afxArchive.c:644?_AfxArcCtor(arc=02c75de0)
 signature: 0x6054B50
 diskNumber: 0
 centralDirectoryDiskNumber: 0
 numEntriesThisDisk: 2
 numEntries: 2
 centralDirectorySize: 185 0xb9
 centralDirectoryOffset: 514621 0x7da3d
 zipCommentLength: 0
 Archived item 0 -> 514621 0x7da3d
 signature: 33639248 0x2014b50
 versionMadeBy: 63 0x3f
 versionNeededToExtract: 20 0x14
 generalPurposeBitFlag: 0 0
 compressionMethod: 0 0
 lastModFileTime: 1350 0x546
 lastModFileDate: 22171 0x569b
 crc32: 0
 compressedSize: 0
 uncompressedSize: 0
 fileNameLength: 4
 textraFieldLength: 36
 fileCommentLength: 0
 diskNumberStart: 0
 internalFileAttributes: 0
 externalFileAttributes: 0x10
 relativeOffsetOflocalHeader: 0 0
 Archived item 0, 34 0x22
 2023/04/27 00:42:12 #0000 art/
 Archived item 1 -> 514707 0x7da93
 signature: 33639248 0x2014b50
 versionMadeBy: 63 0x3f
 versionNeededToExtract: 10 0xa
 generalPurposeBitFlag: 0 0
 compressionMethod: 0 0
 lastModFileTime: 1423 0x58f
 lastModFileDate: 22171 0x569b
 crc32: 0x594b0260
 compressedSize: 514540
 uncompressedSize: 514540
 fileNameLength: 17
 textraFieldLength: 36
 fileCommentLength: 0
 diskNumberStart: 0
 internalFileAttributes: 0
 externalFileAttributes: 0x20
 relativeOffsetOflocalHeader: 34 0x22
 Archived item 1, 81 0x51
 2023/04/27 00:44:30 #0001 art/worldtest.tga
 afxStream.c:354?AfxFileSystemAcquireStream(fsys:00330f20,flags=1,src=042a08b0,len=514540)
 afxClass<afxStream>::AllocateObjects(1, 0019e434, 0019e444)
 afxClass<afxStream>::BuildObjects(1, 0019e434, 0019e424)
 afxClass<afxStream>::ConstructObject(02cdbae0)
 afxFile.c:273?AfxFileSystemOpenFile(Afx.FileSystem.OpenFile(00330f20,00000002,system/worldtest.tga))
 afxClass<afxFile>::AllocateObjects(1, 0019e3e0, 0019e3f0)
 afxClass<afxFile>::BuildObjects(1, 0019e3e0, 0019e3cc)
 afxClass<afxFile, afxStream>ConstructingObject(0439bd30)
 afxClass<afxStream>::ConstructObject(0439bd30)
 afxClass<afxFile>::ConstructObject(0439bd30)
 afxClass<afxFile>::DismantleObjects(1, 0019e444)
 Destructing instance 0439bd30 of afxFile class.
 Destructing instance 0439bd30 of afxFile : afxStream class.
 Destructing instance 0439bd30 of afxStream class.
 afxClass<afxFile>::DeallocateObjects(1, 0019e444)
 afxSimulation.c:437?AfxApplicationAcquireSimulation(app=00e405b0,bounding=[[0.000000,0.000000,0.000000,1.000000],[0.000000,0.000000,0.000000,1.000000]])
 afxClass<afxSimulation>::AllocateObjects(1, 0019e4e8, 0019e4f8)
 afxClass<afxSimulation>::BuildObjects(1, 0019e4e8, 0019e4e0)
 afxClass<afxSimulation>::ConstructObject(0439bd30)
 afxSimulation.c:355?_AfxSimCtor(sim=0439bd30)
 afxMemory.c:259?AfxSystemAcquireMemory(sys=0032f070,strategy=0019e178,hint="afxSimulation.c:377!_AfxSimCtor")
 afxClass<afxMemory>::AllocateObjects(1, 0019e06c, 0019e07c)
 afxClass<afxMemory>::BuildObjects(1, 0019e06c, 0019e060)
 afxClass<afxMemory>::ConstructObject(00e40ec0)
 afxMemory.c:317?_AfxMemCtor(mem=00e40ec0)
 afxClass<afxMaterial>::Mount(0439c138, 0439bd64, 00000000, 50d5b230)
 afxClass<afxMesh>::Mount(0439c1f8, 0439bd64, 00000000, 50d5b590)
 afxClass<afxNode>::Mount(0439c438, 0439bd64, 00000000, 50d5a6e8)
 afxClass<afxSkeleton>::Mount(0439c378, 0439bd64, 00000000, 50d5ab24)
 afxClass<afxModel>::Mount(0439c2b8, 0439bd64, 00000000, 50d5bcec)
 afxClass<afxBody>::Mount(0439bd78, 0439bd64, 00000000, 50d59af4)
 afxClass<afxBodyControl>::Mount(0439be38, 0439bd64, 00000000, 50d59ca8)
 afxClass<afxEntity>::Mount(0439bef8, 0439bd64, 0439c438, 50d5a0b8)
 afxClass<afxCamera>::Mount(0439bfb8, 0439bd64, 0439c438, 50d59ddc)
 afxClass<afxLight>::Mount(0439c078, 0439bd64, 0439c438, 50d5a19c)
 afxClass<afxRenderer>::Mount(0439c4f8, 0439bd64, 00000000, 50d5c188)
 afxDrawOutput.c:137?AfxDrawContextAcquireOutput(dctx=00e7e2f0,spec=0019e730)
 afxClass<afxDrawOutput>::AllocateObjects(1, 0019e518, 0019e534)
 afxClass<afxDrawOutput>::BuildObjects(1, 0019e518, 0019e730)
 afxClass<afxDrawOutput>::ConstructObject(0439c6d0)
 sglDrawOutput.c:518?_AfxDoutCtor(dout=0439c6d0)
 afxSurface.c:12?AfxDrawContextAcquireSurface(dctx=00e7e2f0,fmt=4,whd=[1280,720,1],usage=16)
 ADV afxTexture.c:15?AfxTextureBlueprintReset
    texb->fcc == AFX_FCC_TEXB
 afxClass<afxSurface>::AllocateObjects(1, 0019dae8, 0019db04)
 afxClass<afxSurface>::BuildObjects(1, 0019dae8, 0019db10)
 afxClass<afxSurface, afxTexture>ConstructingObject(02cdd380)
 afxClass<afxTexture>::ConstructObject(02cdd380)
 sglTexture.c:1027?_AfxTexCtor(tex=02cdd380)
 afxClass<afxSurface>::ConstructObject(02cdd380)
 sglSurface.c:131?_AfxSurfCtor(surf=02cdd380)
 afxSurface.c:12?AfxDrawContextAcquireSurface(dctx=00e7e2f0,fmt=4,whd=[1280,720,1],usage=16)
 ADV afxTexture.c:15?AfxTextureBlueprintReset
    texb->fcc == AFX_FCC_TEXB
 afxClass<afxSurface>::AllocateObjects(1, 0019dae8, 0019db04)
 afxClass<afxSurface>::BuildObjects(1, 0019dae8, 0019db10)
 afxClass<afxSurface, afxTexture>ConstructingObject(0439cc30)
 afxClass<afxTexture>::ConstructObject(0439cc30)
 sglTexture.c:1027?_AfxTexCtor(tex=0439cc30)
 afxClass<afxSurface>::ConstructObject(0439cc30)
 sglSurface.c:131?_AfxSurfCtor(surf=0439cc30)
 sglDrawOutput.c:470?_AfxStdDoutImplCtor(dout=0439c6d0,uri=window)
 sglDrawOutput.c:321?_AfxStdDoutImplCtorWnd(dout=0439c6d0)
 Extent readjusted. (dout)0439c6d0 -> 1272, 0.000000 of 4240849206; 693 0.000046 of 15199840
 afxClass<afxRenderer>::AllocateObjects(1, 0019e634, 0019e540)
 afxClass<afxRenderer>::BuildObjects(1, 0019e634, 00000000)
 afxClass<afxRenderer>::ConstructObject(02c478a0)
 afxRenderer.c:299?_AfxRndCtor(rnd=02c478a0)
 afxDrawInput.c:102?AfxDrawContextAcquireInput(dctx=00e7e2f0,spec=0019e248)
 afxClass<afxDrawInput>::AllocateObjects(1, 0019d4f0, 0019d50c)
 afxClass<afxDrawInput>::BuildObjects(1, 0019d4f0, 0019e248)
 afxClass<afxDrawInput>::ConstructObject(02c47b50)
 sglDrawInput.c:274?_AfxDinCtor(din=02c47b50)
 afxArena.c:822?AfxSystemAcquireArena(sys=0032f070,strategy=0019d168,hint="sglDrawInput.c:310!_AfxDinCtor")
 afxClass<Memory Arena>::AllocateObjects(1, 0019d0b4, 0019d0c4)
 afxClass<Memory Arena>::BuildObjects(1, 0019d0b4, 0019d0a8)
 afxClass<Memory Arena, afxMemory>ConstructingObject(02c47cb0)
 afxClass<afxMemory>::ConstructObject(02c47cb0)
 afxMemory.c:317?_AfxMemCtor(mem=02c47cb0)
 afxClass<Memory Arena>::ConstructObject(02c47cb0)
 afxArena.c:799?_AfxArenCtor(aren=02c47cb0)
 ADV afxTexture.c:15?AfxTextureBlueprintReset
    texb->fcc == AFX_FCC_TEXB
 afxTexture.c:401?AfxDrawContextBuildTextures(dctx=00e7e2f0,cnt=1,blueprint=0019dc20,tex=02c47ab8)
 afxClass<afxTexture>::AllocateObjects(1, 02c47ab8, 0019d4dc)
 afxClass<afxTexture>::BuildObjects(1, 02c47ab8, 0019dc20)
 afxClass<afxTexture>::ConstructObject(02c487d0)
 sglTexture.c:1027?_AfxTexCtor(tex=02c487d0)
 afxFile.c:273?AfxFileSystemOpenFile(Afx.FileSystem.OpenFile(00330f20,00000001,art/skybox/day/right.tga))
 afxClass<afxFile>::AllocateObjects(1, 0019cd34, 0019cd44)
 afxClass<afxFile>::BuildObjects(1, 0019cd34, 0019cd20)
 afxClass<afxFile, afxStream>ConstructingObject(02d56000)
 afxClass<afxStream>::ConstructObject(02d56000)
 afxClass<afxFile>::ConstructObject(02d56000)
 afxClass<afxFile>::DismantleObjects(1, 0019cd98)
 Destructing instance 02d56000 of afxFile class.
 Destructing instance 02d56000 of afxFile : afxStream class.
 Destructing instance 02d56000 of afxStream class.
 afxClass<afxFile>::DeallocateObjects(1, 0019cd98)
 afxFile.c:273?AfxFileSystemOpenFile(Afx.FileSystem.OpenFile(00330f20,00000001,art/skybox/day/left.tga))
 afxClass<afxFile>::AllocateObjects(1, 0019cd34, 0019cd44)
 afxClass<afxFile>::BuildObjects(1, 0019cd34, 0019cd20)
 afxClass<afxFile, afxStream>ConstructingObject(02d56000)
 afxClass<afxStream>::ConstructObject(02d56000)
 afxClass<afxFile>::ConstructObject(02d56000)
 afxClass<afxFile>::DismantleObjects(1, 0019cd98)
 Destructing instance 02d56000 of afxFile class.
 Destructing instance 02d56000 of afxFile : afxStream class.
 Destructing instance 02d56000 of afxStream class.
 afxClass<afxFile>::DeallocateObjects(1, 0019cd98)
 afxFile.c:273?AfxFileSystemOpenFile(Afx.FileSystem.OpenFile(00330f20,00000001,art/skybox/day/bottom.tga))
 afxClass<afxFile>::AllocateObjects(1, 0019cd34, 0019cd44)
 afxClass<afxFile>::BuildObjects(1, 0019cd34, 0019cd20)
 afxClass<afxFile, afxStream>ConstructingObject(02d56000)
 afxClass<afxStream>::ConstructObject(02d56000)
 afxClass<afxFile>::ConstructObject(02d56000)
 afxClass<afxFile>::DismantleObjects(1, 0019cd98)
 Destructing instance 02d56000 of afxFile class.
 Destructing instance 02d56000 of afxFile : afxStream class.
 Destructing instance 02d56000 of afxStream class.
 afxClass<afxFile>::DeallocateObjects(1, 0019cd98)
 afxFile.c:273?AfxFileSystemOpenFile(Afx.FileSystem.OpenFile(00330f20,00000001,art/skybox/day/top.tga))
 afxClass<afxFile>::AllocateObjects(1, 0019cd34, 0019cd44)
 afxClass<afxFile>::BuildObjects(1, 0019cd34, 0019cd20)
 afxClass<afxFile, afxStream>ConstructingObject(02d56000)
 afxClass<afxStream>::ConstructObject(02d56000)
 afxClass<afxFile>::ConstructObject(02d56000)
 afxClass<afxFile>::DismantleObjects(1, 0019cd98)
 Destructing instance 02d56000 of afxFile class.
 Destructing instance 02d56000 of afxFile : afxStream class.
 Destructing instance 02d56000 of afxStream class.
 afxClass<afxFile>::DeallocateObjects(1, 0019cd98)
 afxFile.c:273?AfxFileSystemOpenFile(Afx.FileSystem.OpenFile(00330f20,00000001,art/skybox/day/front.tga))
 afxClass<afxFile>::AllocateObjects(1, 0019cd34, 0019cd44)
 afxClass<afxFile>::BuildObjects(1, 0019cd34, 0019cd20)
 afxClass<afxFile, afxStream>ConstructingObject(02d56000)
 afxClass<afxStream>::ConstructObject(02d56000)
 afxClass<afxFile>::ConstructObject(02d56000)
 afxClass<afxFile>::DismantleObjects(1, 0019cd98)
 Destructing instance 02d56000 of afxFile class.
 Destructing instance 02d56000 of afxFile : afxStream class.
 Destructing instance 02d56000 of afxStream class.
 afxClass<afxFile>::DeallocateObjects(1, 0019cd98)
 afxFile.c:273?AfxFileSystemOpenFile(Afx.FileSystem.OpenFile(00330f20,00000001,art/skybox/day/back.tga))
 afxClass<afxFile>::AllocateObjects(1, 0019cd34, 0019cd44)
 afxClass<afxFile>::BuildObjects(1, 0019cd34, 0019cd20)
 afxClass<afxFile, afxStream>ConstructingObject(02d56000)
 afxClass<afxStream>::ConstructObject(02d56000)
 afxClass<afxFile>::ConstructObject(02d56000)
 afxClass<afxFile>::DismantleObjects(1, 0019cd98)
 Destructing instance 02d56000 of afxFile class.
 Destructing instance 02d56000 of afxFile : afxStream class.
 Destructing instance 02d56000 of afxStream class.
 afxClass<afxFile>::DeallocateObjects(1, 0019cd98)
 afxClass<afxVertexBuffer>::AllocateObjects(1, 02c47ab4, 0019d4b8)
 afxClass<afxVertexBuffer>::BuildObjects(1, 02c47ab4, 0019d490)
 afxClass<afxVertexBuffer, afxBuffer>ConstructingObject(02c48990)
 afxClass<afxBuffer>::ConstructObject(02c48990)
 sglBuffer.c:454?_AfxBufCtor(buf=02c48990)
 afxClass<afxVertexBuffer>::ConstructObject(02c48990)
 afxVertexBuffer.c:342?_AfxVbufCtor(vbuf=02c48990)
 Uploading draw operation 'data/pipeline/skybox.xml'
 afxXml.c:1036?AfxFileSystemLoadXml(uri=data/pipeline/skybox.xmlp)
 afxClass<afxXml>::AllocateObjects(1, 0019cddc, 0019cdec)
 afxClass<afxXml>::BuildObjects(1, 0019cddc, 0019cdd4)
 afxClass<afxXml>::ConstructObject(02c48a60)
 afxXml.c:995?_AfxXmlCtor(uri:data/pipeline/skybox.xml)
 afxFile.c:273?AfxFileSystemOpenFile(Afx.FileSystem.OpenFile(00330f20,00000001,data/pipeline/skybox.xml))
 afxClass<afxFile>::AllocateObjects(1, 0019ca54, 0019ca64)
 afxClass<afxFile>::BuildObjects(1, 0019ca54, 0019ca40)
 afxClass<afxFile, afxStream>ConstructingObject(02d56000)
 afxClass<afxStream>::ConstructObject(02d56000)
 afxClass<afxFile>::ConstructObject(02d56000)
 afxClass<afxFile>::DismantleObjects(1, 0019cab8)
 Destructing instance 02d56000 of afxFile class.
 Destructing instance 02d56000 of afxFile : afxStream class.
 Destructing instance 02d56000 of afxStream class.
 afxClass<afxFile>::DeallocateObjects(1, 0019cab8)
 afxClass<afxDrawOperation>::AllocateObjects(1, 02c47ae0, 0019cdc8)
 afxClass<afxDrawOperation>::BuildObjects(1, 02c47ae0, 0019d204)
 afxClass<afxDrawOperation>::ConstructObject(02c96db0)
 afxDrawOperation.c:574?_AfxDopCtor(dop=02c96db0)
 afxPipeline.c:316?AfxDrawContextBuildPipelines(dctx=00e7e2f0)
 afxClass<afxPipeline>::AllocateObjects(1, 02cc3bc0, 0019c770)
 afxClass<afxPipeline>::BuildObjects(1, 02cc3bc0, 0019c85c)
 afxClass<afxPipeline>::ConstructObject(02d560d0)
 sglPipeline.c:577?_AfxPipCtor(pip=02d560d0)
 afxShader.c:462?AfxDrawContextAcquireShaders(dctx=00e7e2f0,cnt=1,uri=02d56000,shd=0019bf3c)
 Uploading shader 'data/pipeline/skybox.xml?vs'
 afxXml.c:1036?AfxFileSystemLoadXml(uri=data/pipeline/skybox.xmlp)
 afxClass<afxXml>::AllocateObjects(1, 0019b614, 0019b624)
 afxClass<afxXml>::BuildObjects(1, 0019b614, 0019b60c)
 afxClass<afxXml>::ConstructObject(02c96f00)
 afxXml.c:995?_AfxXmlCtor(uri:data/pipeline/skybox.xml)
 afxFile.c:273?AfxFileSystemOpenFile(Afx.FileSystem.OpenFile(00330f20,00000001,data/pipeline/skybox.xml))
 afxClass<afxFile>::AllocateObjects(1, 0019b28c, 0019b29c)
 afxClass<afxFile>::BuildObjects(1, 0019b28c, 0019b278)
 afxClass<afxFile, afxStream>ConstructingObject(02d563d0)
 afxClass<afxStream>::ConstructObject(02d563d0)
 afxClass<afxFile>::ConstructObject(02d563d0)
 afxClass<afxFile>::DismantleObjects(1, 0019b2f0)
 Destructing instance 02d563d0 of afxFile class.
 Destructing instance 02d563d0 of afxFile : afxStream class.
 Destructing instance 02d563d0 of afxStream class.
 afxClass<afxFile>::DeallocateObjects(1, 0019b2f0)
 afxFile.c:294?AfxFileSystemOpenReadableFile(Afx.FileSystem.OpenReadableFile(00330f20,data/pipeline/stdEnv.inc))
 afxClass<afxFile>::AllocateObjects(1, 0019b2f8, 0019b308)
 afxClass<afxFile>::BuildObjects(1, 0019b2f8, 0019b2e4)
 afxClass<afxFile, afxStream>ConstructingObject(02d563d0)
 afxClass<afxStream>::ConstructObject(02d563d0)
 afxClass<afxFile>::ConstructObject(02d563d0)
 afxClass<afxFile>::DismantleObjects(1, 0019b358)
 Destructing instance 02d563d0 of afxFile class.
 Destructing instance 02d563d0 of afxFile : afxStream class.
 Destructing instance 02d563d0 of afxStream class.
 afxClass<afxFile>::DeallocateObjects(1, 0019b358)
 afxFile.c:294?AfxFileSystemOpenReadableFile(Afx.FileSystem.OpenReadableFile(00330f20,data/pipeline/stdView.inc))
 afxClass<afxFile>::AllocateObjects(1, 0019b2f8, 0019b308)
 afxClass<afxFile>::BuildObjects(1, 0019b2f8, 0019b2e4)
 afxClass<afxFile, afxStream>ConstructingObject(02d563d0)
 afxClass<afxStream>::ConstructObject(02d563d0)
 afxClass<afxFile>::ConstructObject(02d563d0)
 afxClass<afxFile>::DismantleObjects(1, 0019b358)
 Destructing instance 02d563d0 of afxFile class.
 Destructing instance 02d563d0 of afxFile : afxStream class.
 Destructing instance 02d563d0 of afxStream class.
 afxClass<afxFile>::DeallocateObjects(1, 0019b358)
 afxShader.c:304?AfxDrawContextBuildShaders(dctx=00e7e2f0,cnt=1,blueprint=0019ba3c,shd=0019bf3c)
 afxClass<afxShader>::AllocateObjects(1, 0019bf3c, 0019b5f4)
 afxClass<afxShader>::BuildObjects(1, 0019bf3c, 0019ba3c)
 afxClass<afxShader>::ConstructObject(02d56700)
 sglShader.c:238?_AfxShdCtor(shd=02d56700)
 #version 330 core // QWADRO. Engineered by SIGMA Technology Group.

#define afxInt int
#define afxNat uint

#define afxReal float

#define afxV2d vec2
#define afxV3d vec3
#define afxV4d vec4

#define afxM2d mat2
#define afxM3d mat3
#define afxM4d mat4

layout(std140, row_major) uniform sgl_view
{
    mat4 v, iv;
    mat4 p, ip;
    mat4 vp, ivp;
    vec4 viewpoint; // view point

    vec3 starDir;
    vec4 starPos;
    vec4 starKd;
};

        
        layout(location = 0) in vec3 a_xyz;

        out block
        {
            vec3 uvw0;
        } sgl_v;

        void main()
        {
            sgl_v.uvw0 = a_xyz;
            vec4 pos = vec4(a_xyz, 1.0) * v * p;
            gl_Position = pos.xyww;
        }
       
 afxClass<afxXml>::DismantleObjects(1, 0019b678)
 Destructing instance 02c96f00 of afxXml class.
 afxXml.c:972?_AfxXmlDtor(xml=02c96f00)
 afxClass<afxXml>::DeallocateObjects(1, 0019b678)
 afxObject<02d56700>::InstallEventFilter(02d560d0)
 afxShader.c:462?AfxDrawContextAcquireShaders(dctx=00e7e2f0,cnt=1,uri=02d56038,shd=0019bf3c)
 Uploading shader 'data/pipeline/skybox.xml?fs'
 afxXml.c:1036?AfxFileSystemLoadXml(uri=data/pipeline/skybox.xmlp)
 afxClass<afxXml>::AllocateObjects(1, 0019b614, 0019b624)
 afxClass<afxXml>::BuildObjects(1, 0019b614, 0019b60c)
 afxClass<afxXml>::ConstructObject(02c96f00)
 afxXml.c:995?_AfxXmlCtor(uri:data/pipeline/skybox.xml)
 afxFile.c:273?AfxFileSystemOpenFile(Afx.FileSystem.OpenFile(00330f20,00000001,data/pipeline/skybox.xml))
 afxClass<afxFile>::AllocateObjects(1, 0019b28c, 0019b29c)
 afxClass<afxFile>::BuildObjects(1, 0019b28c, 0019b278)
 afxClass<afxFile, afxStream>ConstructingObject(02d56bc0)
 afxClass<afxStream>::ConstructObject(02d56bc0)
 afxClass<afxFile>::ConstructObject(02d56bc0)
 afxClass<afxFile>::DismantleObjects(1, 0019b2f0)
 Destructing instance 02d56bc0 of afxFile class.
 Destructing instance 02d56bc0 of afxFile : afxStream class.
 Destructing instance 02d56bc0 of afxStream class.
 afxClass<afxFile>::DeallocateObjects(1, 0019b2f0)
 afxFile.c:294?AfxFileSystemOpenReadableFile(Afx.FileSystem.OpenReadableFile(00330f20,data/pipeline/stdEnv.inc))
 afxClass<afxFile>::AllocateObjects(1, 0019b2f8, 0019b308)
 afxClass<afxFile>::BuildObjects(1, 0019b2f8, 0019b2e4)
 afxClass<afxFile, afxStream>ConstructingObject(02d56bc0)
 afxClass<afxStream>::ConstructObject(02d56bc0)
 afxClass<afxFile>::ConstructObject(02d56bc0)
 afxClass<afxFile>::DismantleObjects(1, 0019b358)
 Destructing instance 02d56bc0 of afxFile class.
 Destructing instance 02d56bc0 of afxFile : afxStream class.
 Destructing instance 02d56bc0 of afxStream class.
 afxClass<afxFile>::DeallocateObjects(1, 0019b358)
 afxShader.c:304?AfxDrawContextBuildShaders(dctx=00e7e2f0,cnt=1,blueprint=0019ba3c,shd=0019bf3c)
 afxClass<afxShader>::AllocateObjects(1, 0019bf3c, 0019b5f4)
 afxClass<afxShader>::BuildObjects(1, 0019bf3c, 0019ba3c)
 afxClass<afxShader>::ConstructObject(02d563d0)
 sglShader.c:238?_AfxShdCtor(shd=02d563d0)
 #version 330 core // QWADRO. Engineered by SIGMA Technology Group.

#define afxInt int
#define afxNat uint

#define afxReal float

#define afxV2d vec2
#define afxV3d vec3
#define afxV4d vec4

#define afxM2d mat2
#define afxM3d mat3
#define afxM4d mat4

        
        uniform samplerCube samp;

        in block
        {
            vec3 uvw0;
        } sgl_v;

        out vec4 sgl_rgba;

        void main()
        {
            sgl_rgba = texture(samp, sgl_v.uvw0);
        }
       
 afxClass<afxXml>::DismantleObjects(1, 0019b678)
 Destructing instance 02c96f00 of afxXml class.
 afxXml.c:972?_AfxXmlDtor(xml=02c96f00)
 afxClass<afxXml>::DeallocateObjects(1, 0019b678)
 afxObject<02d563d0>::InstallEventFilter(02d560d0)
 afxClass<afxLegoTemplate>::AllocateObjects(1, 0019bd50, 0019bd6c)
 afxClass<afxLegoTemplate>::BuildObjects(1, 0019bd50, 0019bd44)
 afxClass<afxLegoTemplate>::ConstructObject(02d56e00)
 sglLego.c:199?_AfxLegtCtor(legt=02d56e00)
 afxClass<afxPipelineRig>::AllocateObjects(1, 0019bd5c, 0019bd6c)
 afxClass<afxPipelineRig>::BuildObjects(1, 0019bd5c, 0019bd50)
 afxClass<afxPipelineRig>::ConstructObject(02c96f00)
 sglPipelineRig.c:118?_AfxPiprCtor(pipr=02c96f00)
 afxClass<afxXml>::DismantleObjects(1, 0019ce40)
 Destructing instance 02c48a60 of afxXml class.
 afxXml.c:972?_AfxXmlDtor(xml=02c48a60)
 afxClass<afxXml>::DeallocateObjects(1, 0019ce40)
 afxSampler.c:47?AfxDrawContextAcquireSamplers(dctx=00e7e2f0,spec=0019d760)
 afxClass<afxSampler>::AllocateObjects(1, 02c47ae4, 0019d464)
 afxClass<afxSampler>::BuildObjects(1, 02c47ae4, 0019d760)
 afxClass<afxSampler>::ConstructObject(02c48a60)
 sglSampler.c:184?_AfxSmpCtor(smp=02c48a60)
 afxClass<afxBuffer>::AllocateObjects(1, 02c47918, 0019d4e8)
 afxClass<afxBuffer>::BuildObjects(1, 02c47918, 0019d724)
 afxClass<afxBuffer>::ConstructObject(00337900)
 sglBuffer.c:454?_AfxBufCtor(buf=00337900)
 afxClass<afxBuffer>::AllocateObjects(1, 02c4791c, 0019d4e8)
 afxClass<afxBuffer>::BuildObjects(1, 02c4791c, 0019d730)
 afxClass<afxBuffer>::ConstructObject(003379c0)
 sglBuffer.c:454?_AfxBufCtor(buf=003379c0)
 afxClass<afxBuffer>::AllocateObjects(1, 02c47920, 0019d4e8)
 afxClass<afxBuffer>::BuildObjects(1, 02c47920, 0019d73c)
 afxClass<afxBuffer>::ConstructObject(00337a80)
 sglBuffer.c:454?_AfxBufCtor(buf=00337a80)
 afxClass<afxBuffer>::AllocateObjects(1, 02c47924, 0019d4e8)
 afxClass<afxBuffer>::BuildObjects(1, 02c47924, 0019d748)
 afxClass<afxBuffer>::ConstructObject(00337b40)
 sglBuffer.c:454?_AfxBufCtor(buf=00337b40)
 afxClass<afxBuffer>::AllocateObjects(1, 02c47928, 0019d4e8)
 afxClass<afxBuffer>::BuildObjects(1, 02c47928, 0019d724)
 afxClass<afxBuffer>::ConstructObject(00337c00)
 sglBuffer.c:454?_AfxBufCtor(buf=00337c00)
 afxClass<afxBuffer>::AllocateObjects(1, 02c4792c, 0019d4e8)
 afxClass<afxBuffer>::BuildObjects(1, 02c4792c, 0019d730)
 afxClass<afxBuffer>::ConstructObject(00337cc0)
 sglBuffer.c:454?_AfxBufCtor(buf=00337cc0)
 afxClass<afxBuffer>::AllocateObjects(1, 02c47930, 0019d4e8)
 afxClass<afxBuffer>::BuildObjects(1, 02c47930, 0019d73c)
 afxClass<afxBuffer>::ConstructObject(00337d80)
 sglBuffer.c:454?_AfxBufCtor(buf=00337d80)
 afxClass<afxBuffer>::AllocateObjects(1, 02c47934, 0019d4e8)
 afxClass<afxBuffer>::BuildObjects(1, 02c47934, 0019d748)
 afxClass<afxBuffer>::ConstructObject(00337e40)
 sglBuffer.c:454?_AfxBufCtor(buf=00337e40)
 Uploading draw operation 'data/pipeline/body.xml'
 afxXml.c:1036?AfxFileSystemLoadXml(uri=data/pipeline/body.xmlp)
 afxClass<afxXml>::AllocateObjects(1, 0019cddc, 0019cdec)
 afxClass<afxXml>::BuildObjects(1, 0019cddc, 0019cdd4)
 afxClass<afxXml>::ConstructObject(00ebb330)
 afxXml.c:995?_AfxXmlCtor(uri:data/pipeline/body.xml)
 afxFile.c:273?AfxFileSystemOpenFile(Afx.FileSystem.OpenFile(00330f20,00000001,data/pipeline/body.xml))
 afxClass<afxFile>::AllocateObjects(1, 0019ca54, 0019ca64)
 afxClass<afxFile>::BuildObjects(1, 0019ca54, 0019ca40)
 afxClass<afxFile, afxStream>ConstructingObject(02d57040)
 afxClass<afxStream>::ConstructObject(02d57040)
 afxClass<afxFile>::ConstructObject(02d57040)
 afxClass<afxFile>::DismantleObjects(1, 0019cab8)
 Destructing instance 02d57040 of afxFile class.
 Destructing instance 02d57040 of afxFile : afxStream class.
 Destructing instance 02d57040 of afxStream class.
 afxClass<afxFile>::DeallocateObjects(1, 0019cab8)
 afxClass<afxDrawOperation>::AllocateObjects(1, 02c47af8, 0019cdc8)
 afxClass<afxDrawOperation>::BuildObjects(1, 02c47af8, 0019d204)
 afxClass<afxDrawOperation>::ConstructObject(02d56560)
 afxDrawOperation.c:574?_AfxDopCtor(dop=02d56560)
 afxPipeline.c:316?AfxDrawContextBuildPipelines(dctx=00e7e2f0)
 afxClass<afxPipeline>::AllocateObjects(1, 02cc3910, 0019c770)
 afxClass<afxPipeline>::BuildObjects(1, 02cc3910, 0019c85c)
 afxClass<afxPipeline>::ConstructObject(02d57110)
 sglPipeline.c:577?_AfxPipCtor(pip=02d57110)
 afxShader.c:462?AfxDrawContextAcquireShaders(dctx=00e7e2f0,cnt=1,uri=02d57040,shd=0019bf3c)
 Uploading shader 'data/pipeline/body.xml?vsRigid'
 afxXml.c:1036?AfxFileSystemLoadXml(uri=data/pipeline/body.xmlp)
 afxClass<afxXml>::AllocateObjects(1, 0019b614, 0019b624)
 afxClass<afxXml>::BuildObjects(1, 0019b614, 0019b60c)
 afxClass<afxXml>::ConstructObject(00ebb3d0)
 afxXml.c:995?_AfxXmlCtor(uri:data/pipeline/body.xml)
 afxFile.c:273?AfxFileSystemOpenFile(Afx.FileSystem.OpenFile(00330f20,00000001,data/pipeline/body.xml))
 afxClass<afxFile>::AllocateObjects(1, 0019b28c, 0019b29c)
 afxClass<afxFile>::BuildObjects(1, 0019b28c, 0019b278)
 afxClass<afxFile, afxStream>ConstructingObject(02d5d690)
 afxClass<afxStream>::ConstructObject(02d5d690)
 afxClass<afxFile>::ConstructObject(02d5d690)
 afxClass<afxFile>::DismantleObjects(1, 0019b2f0)
 Destructing instance 02d5d690 of afxFile class.
 Destructing instance 02d5d690 of afxFile : afxStream class.
 Destructing instance 02d5d690 of afxStream class.
 afxClass<afxFile>::DeallocateObjects(1, 0019b2f0)
 afxFile.c:294?AfxFileSystemOpenReadableFile(Afx.FileSystem.OpenReadableFile(00330f20,data/pipeline/stdEnv.inc))
 afxClass<afxFile>::AllocateObjects(1, 0019b2f8, 0019b308)
 afxClass<afxFile>::BuildObjects(1, 0019b2f8, 0019b2e4)
 afxClass<afxFile, afxStream>ConstructingObject(02d5d690)
 afxClass<afxStream>::ConstructObject(02d5d690)
 afxClass<afxFile>::ConstructObject(02d5d690)
 afxClass<afxFile>::DismantleObjects(1, 0019b358)
 Destructing instance 02d5d690 of afxFile class.
 Destructing instance 02d5d690 of afxFile : afxStream class.
 Destructing instance 02d5d690 of afxStream class.
 afxClass<afxFile>::DeallocateObjects(1, 0019b358)
 afxFile.c:294?AfxFileSystemOpenReadableFile(Afx.FileSystem.OpenReadableFile(00330f20,data/pipeline/stdView.inc))
 afxClass<afxFile>::AllocateObjects(1, 0019b2f8, 0019b308)
 afxClass<afxFile>::BuildObjects(1, 0019b2f8, 0019b2e4)
 afxClass<afxFile, afxStream>ConstructingObject(02d5d690)
 afxClass<afxStream>::ConstructObject(02d5d690)
 afxClass<afxFile>::ConstructObject(02d5d690)
 afxClass<afxFile>::DismantleObjects(1, 0019b358)
 Destructing instance 02d5d690 of afxFile class.
 Destructing instance 02d5d690 of afxFile : afxStream class.
 Destructing instance 02d5d690 of afxStream class.
 afxClass<afxFile>::DeallocateObjects(1, 0019b358)
 afxShader.c:304?AfxDrawContextBuildShaders(dctx=00e7e2f0,cnt=1,blueprint=0019ba3c,shd=0019bf3c)
 afxClass<afxShader>::AllocateObjects(1, 0019bf3c, 0019b5f4)
 afxClass<afxShader>::BuildObjects(1, 0019bf3c, 0019ba3c)
 afxClass<afxShader>::ConstructObject(02d57750)
 sglShader.c:238?_AfxShdCtor(shd=02d57750)
 #version 330 core // QWADRO. Engineered by SIGMA Technology Group.

#define afxInt int
#define afxNat uint

#define afxReal float

#define afxV2d vec2
#define afxV3d vec3
#define afxV4d vec4

#define afxM2d mat2
#define afxM3d mat3
#define afxM4d mat4

layout(std140, row_major) uniform sgl_view
{
    mat4 v, iv;
    mat4 p, ip;
    mat4 vp, ivp;
    vec4 viewpoint; // view point

    vec3 starDir;
    vec4 starPos;
    vec4 starKd;
};

        
        layout(std140, row_major) uniform sgl_obj
        {
            mat4 w;
            mat3 n;
        };

        layout (location = 0) in vec3 aPos;
        layout (location = 1) in vec3 aNormal;
        layout (location = 2) in vec2 aUv;

        uniform vec3 DirFromLight;
        uniform vec4 LightColour;
        uniform vec4 AmbientColour;
        
        out block
        {
            vec3 Position;
            vec4 Diffuse;
            vec2 Tex0;
        } sgl_v;

        void main()
        {
            vec4 WorldPos = vec4(aPos, 1) * w;
            vec4 ViewPosL  = WorldPos * v;
            vec4 ClipPos  = ViewPosL * p;

            vec4 InNormal  = vec4(aNormal, 0);
            vec3 ObjNormal = vec3(InNormal * w);

            gl_Position = ClipPos;
            sgl_v.Position = vec3(ClipPos);
            sgl_v.Tex0     = aUv;
            sgl_v.Diffuse  = LightColour * (dot(ObjNormal, DirFromLight)) + AmbientColour;
        }
       
 afxClass<afxXml>::DismantleObjects(1, 0019b678)
 Destructing instance 00ebb3d0 of afxXml class.
 afxXml.c:972?_AfxXmlDtor(xml=00ebb3d0)
 afxClass<afxXml>::DeallocateObjects(1, 0019b678)
 afxObject<02d57750>::InstallEventFilter(02d57110)
 afxShader.c:462?AfxDrawContextAcquireShaders(dctx=00e7e2f0,cnt=1,uri=02d57078,shd=0019bf3c)
 Uploading shader 'data/pipeline/body.xml?fs'
 afxXml.c:1036?AfxFileSystemLoadXml(uri=data/pipeline/body.xmlp)
 afxClass<afxXml>::AllocateObjects(1, 0019b614, 0019b624)
 afxClass<afxXml>::BuildObjects(1, 0019b614, 0019b60c)
 afxClass<afxXml>::ConstructObject(00ebb3d0)
 afxXml.c:995?_AfxXmlCtor(uri:data/pipeline/body.xml)
 afxFile.c:273?AfxFileSystemOpenFile(Afx.FileSystem.OpenFile(00330f20,00000001,data/pipeline/body.xml))
 afxClass<afxFile>::AllocateObjects(1, 0019b28c, 0019b29c)
 afxClass<afxFile>::BuildObjects(1, 0019b28c, 0019b278)
 afxClass<afxFile, afxStream>ConstructingObject(02d5d690)
 afxClass<afxStream>::ConstructObject(02d5d690)
 afxClass<afxFile>::ConstructObject(02d5d690)
 afxClass<afxFile>::DismantleObjects(1, 0019b2f0)
 Destructing instance 02d5d690 of afxFile class.
 Destructing instance 02d5d690 of afxFile : afxStream class.
 Destructing instance 02d5d690 of afxStream class.
 afxClass<afxFile>::DeallocateObjects(1, 0019b2f0)
 afxFile.c:294?AfxFileSystemOpenReadableFile(Afx.FileSystem.OpenReadableFile(00330f20,data/pipeline/stdEnv.inc))
 afxClass<afxFile>::AllocateObjects(1, 0019b2f8, 0019b308)
 afxClass<afxFile>::BuildObjects(1, 0019b2f8, 0019b2e4)
 afxClass<afxFile, afxStream>ConstructingObject(02d5d690)
 afxClass<afxStream>::ConstructObject(02d5d690)
 afxClass<afxFile>::ConstructObject(02d5d690)
 afxClass<afxFile>::DismantleObjects(1, 0019b358)
 Destructing instance 02d5d690 of afxFile class.
 Destructing instance 02d5d690 of afxFile : afxStream class.
 Destructing instance 02d5d690 of afxStream class.
 afxClass<afxFile>::DeallocateObjects(1, 0019b358)
 afxShader.c:304?AfxDrawContextBuildShaders(dctx=00e7e2f0,cnt=1,blueprint=0019ba3c,shd=0019bf3c)
 afxClass<afxShader>::AllocateObjects(1, 0019bf3c, 0019b5f4)
 afxClass<afxShader>::BuildObjects(1, 0019bf3c, 0019ba3c)
 afxClass<afxShader>::ConstructObject(02d57410)
 sglShader.c:238?_AfxShdCtor(shd=02d57410)
 #version 330 core // QWADRO. Engineered by SIGMA Technology Group.

#define afxInt int
#define afxNat uint

#define afxReal float

#define afxV2d vec2
#define afxV3d vec3
#define afxV4d vec4

#define afxM2d mat2
#define afxM3d mat3
#define afxM4d mat4

        
        uniform sampler2D diffuse_sampler;
        
        in block
        {
            vec3 Position;
            vec4 Diffuse;
            vec2 Tex0;
        } sgl_v;
        
        out vec4 FragColor;
        
        void main()
        {
            FragColor = texture( diffuse_sampler, sgl_v.Tex0 ) * sgl_v.Diffuse;
        }
       
 afxClass<afxXml>::DismantleObjects(1, 0019b678)
 Destructing instance 00ebb3d0 of afxXml class.
 afxXml.c:972?_AfxXmlDtor(xml=00ebb3d0)
 afxClass<afxXml>::DeallocateObjects(1, 0019b678)
 afxObject<02d57410>::InstallEventFilter(02d57110)
 afxClass<afxLegoTemplate>::AllocateObjects(1, 0019bd50, 0019bd6c)
 afxClass<afxLegoTemplate>::BuildObjects(1, 0019bd50, 0019bd44)
 afxClass<afxLegoTemplate>::ConstructObject(02d75cd0)
 sglLego.c:199?_AfxLegtCtor(legt=02d75cd0)
 afxClass<afxPipelineRig>::AllocateObjects(1, 0019bd5c, 0019bd6c)
 afxClass<afxPipelineRig>::BuildObjects(1, 0019bd5c, 0019bd50)
 afxClass<afxPipelineRig>::ConstructObject(02d75f20)
 sglPipelineRig.c:118?_AfxPiprCtor(pipr=02d75f20)
 afxPipeline.c:316?AfxDrawContextBuildPipelines(dctx=00e7e2f0)
 afxClass<afxPipeline>::AllocateObjects(1, 02cc3670, 0019c770)
 afxClass<afxPipeline>::BuildObjects(1, 02cc3670, 0019c85c)
 afxClass<afxPipeline>::ConstructObject(02d57990)
 sglPipeline.c:577?_AfxPipCtor(pip=02d57990)
 afxShader.c:462?AfxDrawContextAcquireShaders(dctx=00e7e2f0,cnt=1,uri=02d57040,shd=0019bf3c)
 Uploading shader 'data/pipeline/body.xml?vsSkinned'
 afxXml.c:1036?AfxFileSystemLoadXml(uri=data/pipeline/body.xmlp)
 afxClass<afxXml>::AllocateObjects(1, 0019b614, 0019b624)
 afxClass<afxXml>::BuildObjects(1, 0019b614, 0019b60c)
 afxClass<afxXml>::ConstructObject(00ebb3d0)
 afxXml.c:995?_AfxXmlCtor(uri:data/pipeline/body.xml)
 afxFile.c:273?AfxFileSystemOpenFile(Afx.FileSystem.OpenFile(00330f20,00000001,data/pipeline/body.xml))
 afxClass<afxFile>::AllocateObjects(1, 0019b28c, 0019b29c)
 afxClass<afxFile>::BuildObjects(1, 0019b28c, 0019b278)
 afxClass<afxFile, afxStream>ConstructingObject(02d5d690)
 afxClass<afxStream>::ConstructObject(02d5d690)
 afxClass<afxFile>::ConstructObject(02d5d690)
 afxClass<afxFile>::DismantleObjects(1, 0019b2f0)
 Destructing instance 02d5d690 of afxFile class.
 Destructing instance 02d5d690 of afxFile : afxStream class.
 Destructing instance 02d5d690 of afxStream class.
 afxClass<afxFile>::DeallocateObjects(1, 0019b2f0)
 afxFile.c:294?AfxFileSystemOpenReadableFile(Afx.FileSystem.OpenReadableFile(00330f20,data/pipeline/stdEnv.inc))
 afxClass<afxFile>::AllocateObjects(1, 0019b2f8, 0019b308)
 afxClass<afxFile>::BuildObjects(1, 0019b2f8, 0019b2e4)
 afxClass<afxFile, afxStream>ConstructingObject(02d5d690)
 afxClass<afxStream>::ConstructObject(02d5d690)
 afxClass<afxFile>::ConstructObject(02d5d690)
 afxClass<afxFile>::DismantleObjects(1, 0019b358)
 Destructing instance 02d5d690 of afxFile class.
 Destructing instance 02d5d690 of afxFile : afxStream class.
 Destructing instance 02d5d690 of afxStream class.
 afxClass<afxFile>::DeallocateObjects(1, 0019b358)
 afxFile.c:294?AfxFileSystemOpenReadableFile(Afx.FileSystem.OpenReadableFile(00330f20,data/pipeline/stdView.inc))
 afxClass<afxFile>::AllocateObjects(1, 0019b2f8, 0019b308)
 afxClass<afxFile>::BuildObjects(1, 0019b2f8, 0019b2e4)
 afxClass<afxFile, afxStream>ConstructingObject(02d5d690)
 afxClass<afxStream>::ConstructObject(02d5d690)
 afxClass<afxFile>::ConstructObject(02d5d690)
 afxClass<afxFile>::DismantleObjects(1, 0019b358)
 Destructing instance 02d5d690 of afxFile class.
 Destructing instance 02d5d690 of afxFile : afxStream class.
 Destructing instance 02d5d690 of afxStream class.
 afxClass<afxFile>::DeallocateObjects(1, 0019b358)
 afxShader.c:304?AfxDrawContextBuildShaders(dctx=00e7e2f0,cnt=1,blueprint=0019ba3c,shd=0019bf3c)
 afxClass<afxShader>::AllocateObjects(1, 0019bf3c, 0019b5f4)
 afxClass<afxShader>::BuildObjects(1, 0019bf3c, 0019ba3c)
 afxClass<afxShader>::ConstructObject(02d57f80)
 sglShader.c:238?_AfxShdCtor(shd=02d57f80)
 #version 330 core // QWADRO. Engineered by SIGMA Technology Group.

#define afxInt int
#define afxNat uint

#define afxReal float

#define afxV2d vec2
#define afxV3d vec3
#define afxV4d vec4

#define afxM2d mat2
#define afxM3d mat3
#define afxM4d mat4

layout(std140, row_major) uniform sgl_view
{
    mat4 v, iv;
    mat4 p, ip;
    mat4 vp, ivp;
    vec4 viewpoint; // view point

    vec3 starDir;
    vec4 starPos;
    vec4 starKd;
};

        
        layout(std140, row_major) uniform sgl_obj
        {
            mat4 w;
            mat3 n;
        };

        layout (location = 0) in vec3 aPos;
        layout (location = 1) in vec3 aNormal;
        layout (location = 2) in vec2 aUv;
        layout (location = 3) in vec4 aBlendIndices;
        layout (location = 4) in vec4 aBlendWeights;

        out block
        {
            vec3 Position;
            vec4 Diffuse;
            vec2 Tex0;
        } sgl_v;

        uniform mat4 BoneMatrices[32];

        uniform vec3 DirFromLight;
        uniform vec4 LightColour;
        uniform vec4 AmbientColour;
        
        void main()
        {
            vec4 InPos     = vec4( aPos, 1 );
            vec4 WorldPos    = 0;
            vec3 WorldNormal = 0;
            
            // We're going to assume that we can transform the normal by the matrix, which is not
            // technically correct unless we're positive there's not a scaling factor involved.

            for( int i = 0; i < 4; ++i )
            {
                mat4 BoneMatrix = BoneMatrices[int(aBlendIndices[i])];
                WorldPos    += (aBlendWeights[i] * vec4( InPos * BoneMatrix ));
                WorldNormal += vec3(vec4(aBlendWeights[i] * vec4( vec4( aNormal, 0 ) * BoneMatrix )));
            }

            vec4 ViewPosL = (WorldPos * v);
            vec4 ClipPos = (ViewPosL * p);
            gl_Position = ClipPos;
            sgl_v.Position   = vec3(ClipPos);
            sgl_v.Tex0    = aUv;
            sgl_v.Diffuse = LightColour * (dot(normalize(WorldNormal), DirFromLight)) + AmbientColour;
        }
       
 afxClass<afxXml>::DismantleObjects(1, 0019b678)
 Destructing instance 00ebb3d0 of afxXml class.
 afxXml.c:972?_AfxXmlDtor(xml=00ebb3d0)
 afxClass<afxXml>::DeallocateObjects(1, 0019b678)
 afxObject<02d57f80>::InstallEventFilter(02d57990)
 afxShader.c:462?AfxDrawContextAcquireShaders(dctx=00e7e2f0,cnt=1,uri=02d57078,shd=0019bf3c)
 Uploading shader 'data/pipeline/body.xml?fs'
 afxXml.c:1036?AfxFileSystemLoadXml(uri=data/pipeline/body.xmlp)
 afxClass<afxXml>::AllocateObjects(1, 0019b614, 0019b624)
 afxClass<afxXml>::BuildObjects(1, 0019b614, 0019b60c)
 afxClass<afxXml>::ConstructObject(00ebb3d0)
 afxXml.c:995?_AfxXmlCtor(uri:data/pipeline/body.xml)
 afxFile.c:273?AfxFileSystemOpenFile(Afx.FileSystem.OpenFile(00330f20,00000001,data/pipeline/body.xml))
 afxClass<afxFile>::AllocateObjects(1, 0019b28c, 0019b29c)
 afxClass<afxFile>::BuildObjects(1, 0019b28c, 0019b278)
 afxClass<afxFile, afxStream>ConstructingObject(02d6ab70)
 afxClass<afxStream>::ConstructObject(02d6ab70)
 afxClass<afxFile>::ConstructObject(02d6ab70)
 afxClass<afxFile>::DismantleObjects(1, 0019b2f0)
 Destructing instance 02d6ab70 of afxFile class.
 Destructing instance 02d6ab70 of afxFile : afxStream class.
 Destructing instance 02d6ab70 of afxStream class.
 afxClass<afxFile>::DeallocateObjects(1, 0019b2f0)
 afxFile.c:294?AfxFileSystemOpenReadableFile(Afx.FileSystem.OpenReadableFile(00330f20,data/pipeline/stdEnv.inc))
 afxClass<afxFile>::AllocateObjects(1, 0019b2f8, 0019b308)
 afxClass<afxFile>::BuildObjects(1, 0019b2f8, 0019b2e4)
 afxClass<afxFile, afxStream>ConstructingObject(02d6ab70)
 afxClass<afxStream>::ConstructObject(02d6ab70)
 afxClass<afxFile>::ConstructObject(02d6ab70)
 afxClass<afxFile>::DismantleObjects(1, 0019b358)
 Destructing instance 02d6ab70 of afxFile class.
 Destructing instance 02d6ab70 of afxFile : afxStream class.
 Destructing instance 02d6ab70 of afxStream class.
 afxClass<afxFile>::DeallocateObjects(1, 0019b358)
 afxShader.c:304?AfxDrawContextBuildShaders(dctx=00e7e2f0,cnt=1,blueprint=0019ba3c,shd=0019bf3c)
 afxClass<afxShader>::AllocateObjects(1, 0019bf3c, 0019b5f4)
 afxClass<afxShader>::BuildObjects(1, 0019bf3c, 0019ba3c)
 afxClass<afxShader>::ConstructObject(02d5d690)
 sglShader.c:238?_AfxShdCtor(shd=02d5d690)
 #version 330 core // QWADRO. Engineered by SIGMA Technology Group.

#define afxInt int
#define afxNat uint

#define afxReal float

#define afxV2d vec2
#define afxV3d vec3
#define afxV4d vec4

#define afxM2d mat2
#define afxM3d mat3
#define afxM4d mat4

        
        uniform sampler2D diffuse_sampler;
        
        in block
        {
            vec3 Position;
            vec4 Diffuse;
            vec2 Tex0;
        } sgl_v;
        
        out vec4 FragColor;
        
        void main()
        {
            FragColor = texture( diffuse_sampler, sgl_v.Tex0 ) * sgl_v.Diffuse;
        }
       
 afxClass<afxXml>::DismantleObjects(1, 0019b678)
 Destructing instance 00ebb3d0 of afxXml class.
 afxXml.c:972?_AfxXmlDtor(xml=00ebb3d0)
 afxClass<afxXml>::DeallocateObjects(1, 0019b678)
 afxObject<02d5d690>::InstallEventFilter(02d57990)
 afxClass<afxXml>::DismantleObjects(1, 0019ce40)
 Destructing instance 00ebb330 of afxXml class.
 afxXml.c:972?_AfxXmlDtor(xml=00ebb330)
 afxClass<afxXml>::DeallocateObjects(1, 0019ce40)
 afxCanvas.c:156?AfxDrawContextBuildCanvases(dctx=00e7e2f0,cnt=1,blueprint=0019e3f0,canv=02c47904)
 afxClass<afxCanvas>::AllocateObjects(1, 02c47904, 0019e2ec)
 afxClass<afxCanvas>::BuildObjects(1, 02c47904, 0019e3f0)
 afxClass<afxCanvas>::ConstructObject(02d57650)
 sglCanvas.c:399?_AfxCanvCtor(canv=02d57650)
 afxSurface.c:12?AfxDrawContextAcquireSurface(dctx=00e7e2f0,fmt=22,whd=[1272,693,1],usage=32)
 ADV afxTexture.c:15?AfxTextureBlueprintReset
    texb->fcc == AFX_FCC_TEXB
 afxClass<afxSurface>::AllocateObjects(1, 0019d7b8, 0019d7d4)
 afxClass<afxSurface>::BuildObjects(1, 0019d7b8, 0019d7e0)
 afxClass<afxSurface, afxTexture>ConstructingObject(042c88b0)
 afxClass<afxTexture>::ConstructObject(042c88b0)
 sglTexture.c:1027?_AfxTexCtor(tex=042c88b0)
 afxClass<afxSurface>::ConstructObject(042c88b0)
 sglSurface.c:131?_AfxSurfCtor(surf=042c88b0)
 afxCanvas.c:156?AfxDrawContextBuildCanvases(dctx=00e7e2f0,cnt=1,blueprint=0019e3f0,canv=02c47908)
 afxClass<afxCanvas>::AllocateObjects(1, 02c47908, 0019e2ec)
 afxClass<afxCanvas>::BuildObjects(1, 02c47908, 0019e3f0)
 afxClass<afxCanvas>::ConstructObject(042c8a80)
 sglCanvas.c:399?_AfxCanvCtor(canv=042c8a80)
 afxSurface.c:12?AfxDrawContextAcquireSurface(dctx=00e7e2f0,fmt=22,whd=[1272,693,1],usage=32)
 ADV afxTexture.c:15?AfxTextureBlueprintReset
    texb->fcc == AFX_FCC_TEXB
 afxClass<afxSurface>::AllocateObjects(1, 0019d7b8, 0019d7d4)
 afxClass<afxSurface>::BuildObjects(1, 0019d7b8, 0019d7e0)
 afxClass<afxSurface, afxTexture>ConstructingObject(02c967e0)
 afxClass<afxTexture>::ConstructObject(02c967e0)
 sglTexture.c:1027?_AfxTexCtor(tex=02c967e0)
 afxClass<afxSurface>::ConstructObject(02c967e0)
 sglSurface.c:131?_AfxSurfCtor(surf=02c967e0)
 afxCamera.c:863?AfxSimulationAcquireCamera(sim=0439bd30,name=viewer,perspective=1)
 afxClass<afxCamera>::AllocateObjects(1, 0019e384, 0019e394)
 afxClass<afxCamera>::BuildObjects(1, 0019e384, 0019e3a0)
 afxClass<afxCamera, afxNode>ConstructingObject(042c8e20)
 afxClass<afxNode>::ConstructObject(042c8e20)
 afxClass<afxCamera>::ConstructObject(042c8e20)
 afxCamera.c:939?_AfxCamCtor(cam=042c8e20)
 afxObject<02cdc3a0>::InstallEventFilter(042c8e20)
 ERR afxObject.c:279?AfxObjectAssert
    
 ERR afxObject.c:279?AfxObjectAssert
    (obj)
    Invalid
 ERR afxObject.c:157?AfxObjectTestFcc
    
 ERR afxObject.c:157?AfxObjectTestFcc
    (obj)
    Invalid
 ERR afxObject.c:204?AfxObjectGetClass
    
 ERR afxObject.c:204?AfxObjectGetClass
    (obj)
    Invalid