
 afxDebug.c:363?AfxAttachDebugTerminal()
      ::::::::  :::       :::     :::     :::::::::  :::::::::   ::::::::      
     :+:    :+: :+:       :+:   :+: :+:   :+:    :+: :+:    :+: :+:    :+:     
     +:+    +:+ +:+       +:+  +:+   +:+  +:+    +:+ +:+    +:+ +:+    +:+     
     +#+    +:+ +#+  +:+  +#+ +#++:++#++: +#+    +:+ +#++:++#:  +#+    +:+     
     +#+  # +#+ +#+ +#+#+ +#+ +#+     +#+ +#+    +#+ +#+    +#+ +#+    +#+     
     #+#   +#+   #+#+# #+#+#  #+#     #+# #+#    #+# #+#    #+# #+#    #+#     
      ###### ###  ###   ###   ###     ### #########  ###    ###  ########      
                                                                               
             S I G M A   C O . ,   T E C H N O L O G Y   G R O U P             
                                                                             
                                    4D AFX                                   
                              Public Test Build                              
                     (c) 2017 SIGMA Co., Technology Group                    
                               www.sigmaco.org                               
                                                                             
                                                                             
 afxSystem class registered.
 Class[afxSystem].ConstructInstances(1, 0034e6c0, 0034e720)
 Constructing instance 0071f520 of afxSystem.
 afxSystem.c:802?_AfxSysCtor(sys=0071f520)
 ADV afxSystem.c:818?_AfxSysCtor
    Memoy page size: 4096
 ADV afxSystem.c:819?_AfxSysCtor
    Logical processor count: 2
 afxMemory class registered.
 Memory Arena class registered.
 afxMemory.c:259?AfxSystemAcquireMemory(sys=0071f520,strategy=0034d2bc,hint="afxSystem.c:837!_AfxSysCtor")
 Class[afxMemory].ConstructInstances(1, 0034d084, 0034d0e4)
 Constructing instance 00720cb0 of afxMemory.
 afxMemory.c:298?_AfxMemCtor(mem=00720cb0)
 Instance 00720cb0[mem]^1 built.
 afxThread class registered.
 afxFileSystem class registered.
 afxFileSystem.c:545?AfxSystemAcquireFileSystem(Afx.System.AcquireFileSystem(0071f520,5,0034d480))
 Class[afxFileSystem].ConstructInstances(1, 0034d078, 0034d0d8)
 Constructing instance 007212f0 of afxFileSystem.
 afxFileSystem.c:593?_AfxFsysCtor(fsys=007212f0)
 afxStream class registered.
 afxFile class registered.
 afxArchive class registered.
 afxResource class registered.
 afxUrd class registered.
 afxFileSystem.c:376?AfxFileSystemMountStoragePoints(Afx.FileSystem.MountStoragePoints(007212f0,5,0034d480))
 Point "." 5 mounted -> "E:/qwadro/afx".
 Point "system" 7 mounted -> "E:/qwadro/afx/system32".
 Point "art" 5 mounted -> "E:/qwadro/afx/art".
 Point "data" 5 mounted -> "E:/qwadro/afx/data".
 Point "sound" 5 mounted -> "E:/qwadro/afx/sound".
 Instance 007212f0[fsys]^1 built.
 afxModule class registered.
 afxModule.c:72?AfxSystemAcquireModule(sys=0071f520,uri=system/e2coree.dll)
 Class[afxModule].ConstructInstances(1, 0034d01c, 0034d07c)
 Constructing instance 00723320 of afxModule.
 afxModule.c:123?_AfxMdleCtor(uri:system/e2coree.dll)
 Instance 00723320[mdle]^1 built.
 afxHid class registered.
 afxKeyboard class registered.
 afxMouse class registered.
 afxDrawSystem class registered.
 afxApplication class registered.
 afxKeyboard.c:163?AfxSystemAcquireKeyboard(sys=0071f520,port=0)
 Class[afxKeyboard].ConstructInstances(1, 0034d09c, 0034d0fc)
 Constructing instance 007233f0 of afxKeyboard : afxHid.
 Constructing instance 007233f0 of afxHid.
 afxHid.c:56?_AfxHidCtor(hid=007233f0)
 Constructing instance 007233f0 of afxKeyboard.
 afxKeyboard.c:203?_AfxKbdCtor(kbd=007233f0)
 Instance 007233f0[kbd]^1 built.
 Instance 0071f520[sys]^1 built.
 afxDrawSystem.c:320?AfxSystemAcquireDrawSystem(sys=0071f520)
 Class[afxDrawSystem].ConstructInstances(1, 0034e6c0, 0034e720)
 Constructing instance 00724010 of afxDrawSystem.
 afxDrawSystem.c:399?_AfxDsysCtor(dsys=00724010)
 afxDrawDriver class registered.
New texture codec registered.
Name: SIGGL
Author: SIGMA Technology Group
Version: 0.5.1
Note: 
    :::::::::::     :::     :::::::::   ::::::::      :::        
        :+:       :+: :+:   :+:    :+: :+:    :+:   :+: :+:      
        +:+      +:+   +:+  +:+    +:+ +:+         +:+   +:+     
        +#+     +#++:++#++: +#++:++#:  :#:        +#++:++#++:    
        +#+     +#+     +#+ +#+    +#+ +#+   +#+# +#+     +#+    
        #+#     #+#     #+# #+#    #+# #+#    #+# #+#     #+#    
        ###     ###     ### ###    ###  ########  ###     ###    
                                                                 
                      SIGMA Technology Group                     
 Truecolor Targa texture serializer installed!
 afxModule.c:72?AfxSystemAcquireModule(sys=0071f520,uri=e2draw.icd)
 Class[afxModule].ConstructInstances(1, 0034e16c, 0034e1cc)
 Constructing instance 007254a0 of afxModule.
 afxModule.c:123?_AfxMdleCtor(uri:e2draw.icd)
 Instance 007254a0[mdle]^1 built.
 Listing mem available display devices...

 #0 = Intel(R) HD Graphics (\\.\DISPLAY1) 8000005
 #1 = RDPDD Chained DD (\\.\DISPLAYV1) 200008
 #2 = RDP Encoder Mirror Driver (\\.\DISPLAYV2) 200008
 #3 = RDP Reflector Display Driver (\\.\DISPLAYV3) 200008
 sglDriver.c:1268?_SglCreateCombinedDeviceContext(oglWndClss=00725ee0,shareCtx=00000000,phwnd=00725f10,phdc=00725f14,phrc=00725f1c)
 sglDriver.c:786?_SglLoadVmt(vmt=00725f20,verMajor=1,verMinor=0)
 glCullFace @ 0 found.
 glFrontFace @ 1 found.
 glHint @ 2 found.
 glLineWidth @ 3 found.
 glPointSize @ 4 found.
 glPolygonMode @ 5 found.
 glScissor @ 6 found.
 glTexParameterf @ 7 found.
 glTexParameterfv @ 8 found.
 glTexParameteri @ 9 found.
 glTexParameteriv @ 10 found.
 glTexImage1D @ 11 found.
 glTexImage2D @ 12 found.
 glDrawBuffer @ 13 found.
 glClear @ 14 found.
 glClearColor @ 15 found.
 glClearStencil @ 16 found.
 glClearDepth @ 17 found.
 glStencilMask @ 18 found.
 glColorMask @ 19 found.
 glDepthMask @ 20 found.
 glDisable @ 21 found.
 glEnable @ 22 found.
 glFinish @ 23 found.
 glFlush @ 24 found.
 glBlendFunc @ 25 found.
 glLogicOp @ 26 found.
 glStencilFunc @ 27 found.
 glStencilOp @ 28 found.
 glDepthFunc @ 29 found.
 glPixelStoref @ 30 found.
 glPixelStorei @ 31 found.
 glReadBuffer @ 32 found.
 glReadPixels @ 33 found.
 glGetBooleanv @ 34 found.
 glGetDoublev @ 35 found.
 glGetError @ 36 found.
 glGetFloatv @ 37 found.
 glGetIntegerv @ 38 found.
 glGetString @ 39 found.
 glGetTexImage @ 40 found.
 glGetTexParameterfv @ 41 found.
 glGetTexParameteriv @ 42 found.
 glGetTexLevelParameterfv @ 43 found.
 glGetTexLevelParameteriv @ 44 found.
 glIsEnabled @ 45 found.
 glDepthRange @ 46 found.
 glViewport @ 47 found.
 sglDriver.c:786?_SglLoadVmt(vmt=00725f20,verMajor=4,verMinor=6)
 glCullFace @ 0 found.
 glFrontFace @ 1 found.
 glHint @ 2 found.
 glLineWidth @ 3 found.
 glPointSize @ 4 found.
 glPolygonMode @ 5 found.
 glScissor @ 6 found.
 glTexParameterf @ 7 found.
 glTexParameterfv @ 8 found.
 glTexParameteri @ 9 found.
 glTexParameteriv @ 10 found.
 glTexImage1D @ 11 found.
 glTexImage2D @ 12 found.
 glDrawBuffer @ 13 found.
 glClear @ 14 found.
 glClearColor @ 15 found.
 glClearStencil @ 16 found.
 glClearDepth @ 17 found.
 glStencilMask @ 18 found.
 glColorMask @ 19 found.
 glDepthMask @ 20 found.
 glDisable @ 21 found.
 glEnable @ 22 found.
 glFinish @ 23 found.
 glFlush @ 24 found.
 glBlendFunc @ 25 found.
 glLogicOp @ 26 found.
 glStencilFunc @ 27 found.
 glStencilOp @ 28 found.
 glDepthFunc @ 29 found.
 glPixelStoref @ 30 found.
 glPixelStorei @ 31 found.
 glReadBuffer @ 32 found.
 glReadPixels @ 33 found.
 glGetBooleanv @ 34 found.
 glGetDoublev @ 35 found.
 glGetError @ 36 found.
 glGetFloatv @ 37 found.
 glGetIntegerv @ 38 found.
 glGetString @ 39 found.
 glGetTexImage @ 40 found.
 glGetTexParameterfv @ 41 found.
 glGetTexParameteriv @ 42 found.
 glGetTexLevelParameterfv @ 43 found.
 glGetTexLevelParameteriv @ 44 found.
 glIsEnabled @ 45 found.
 glDepthRange @ 46 found.
 glViewport @ 47 found.
 glDrawArrays @ 48 found.
 glDrawElements @ 49 found.
 glGetPointerv @ 50 found.
 glPolygonOffset @ 51 found.
 glCopyTexImage1D @ 52 found.
 glCopyTexImage2D @ 53 found.
 glCopyTexSubImage1D @ 54 found.
 glCopyTexSubImage2D @ 55 found.
 glTexSubImage1D @ 56 found.
 glTexSubImage2D @ 57 found.
 glBindTexture @ 58 found.
 glDeleteTextures @ 59 found.
 glGenTextures @ 60 found.
 glIsTexture @ 61 found.
 glDrawRangeElements @ 62 found.
 glTexImage3D @ 63 found.
 glTexSubImage3D @ 64 found.
 glCopyTexSubImage3D @ 65 found.
 glActiveTexture @ 66 found.
 glSampleCoverage @ 67 found.
 glCompressedTexImage3D @ 68 found.
 glCompressedTexImage2D @ 69 found.
 glCompressedTexImage1D @ 70 found.
 glCompressedTexSubImage3D @ 71 found.
 glCompressedTexSubImage2D @ 72 found.
 glCompressedTexSubImage1D @ 73 found.
 glGetCompressedTexImage @ 74 found.
 glBlendFuncSeparate @ 75 found.
 glMultiDrawArrays @ 76 found.
 glMultiDrawElements @ 77 found.
 glPointParameterf @ 78 found.
 glPointParameterfv @ 79 found.
 glPointParameteri @ 80 found.
 glPointParameteriv @ 81 found.
 glBlendColor @ 82 found.
 glBlendEquation @ 83 found.
 glGenQueries @ 84 found.
 glDeleteQueries @ 85 found.
 glIsQuery @ 86 found.
 glBeginQuery @ 87 found.
 glEndQuery @ 88 found.
 glGetQueryiv @ 89 found.
 glGetQueryObjectiv @ 90 found.
 glGetQueryObjectuiv @ 91 found.
 glBindBuffer @ 92 found.
 glDeleteBuffers @ 93 found.
 glGenBuffers @ 94 found.
 glIsBuffer @ 95 found.
 glBufferData @ 96 found.
 glBufferSubData @ 97 found.
 glGetBufferSubData @ 98 found.
 glMapBuffer @ 99 found.
 glUnmapBuffer @ 100 found.
 glGetBufferParameteriv @ 101 found.
 glGetBufferPointerv @ 102 found.
 glBlendEquationSeparate @ 103 found.
 glDrawBuffers @ 104 found.
 glStencilOpSeparate @ 105 found.
 glStencilFuncSeparate @ 106 found.
 glStencilMaskSeparate @ 107 found.
 glAttachShader @ 108 found.
 glBindAttribLocation @ 109 found.
 glCompileShader @ 110 found.
 glCreateProgram @ 111 found.
 glCreateShader @ 112 found.
 glDeleteProgram @ 113 found.
 glDeleteShader @ 114 found.
 glDetachShader @ 115 found.
 glDisableVertexAttribArray @ 116 found.
 glEnableVertexAttribArray @ 117 found.
 glGetActiveAttrib @ 118 found.
 glGetActiveUniform @ 119 found.
 glGetAttachedShaders @ 120 found.
 glGetAttribLocation @ 121 found.
 glGetProgramiv @ 122 found.
 glGetProgramInfoLog @ 123 found.
 glGetShaderiv @ 124 found.
 glGetShaderInfoLog @ 125 found.
 glGetShaderSource @ 126 found.
 glGetUniformLocation @ 127 found.
 glGetUniformfv @ 128 found.
 glGetUniformiv @ 129 found.
 glGetVertexAttribdv @ 130 found.
 glGetVertexAttribfv @ 131 found.
 glGetVertexAttribiv @ 132 found.
 glGetVertexAttribPointerv @ 133 found.
 glIsProgram @ 134 found.
 glIsShader @ 135 found.
 glLinkProgram @ 136 found.
 glShaderSource @ 137 found.
 glUseProgram @ 138 found.
 glUniform1f @ 139 found.
 glUniform2f @ 140 found.
 glUniform3f @ 141 found.
 glUniform4f @ 142 found.
 glUniform1i @ 143 found.
 glUniform2i @ 144 found.
 glUniform3i @ 145 found.
 glUniform4i @ 146 found.
 glUniform1fv @ 147 found.
 glUniform2fv @ 148 found.
 glUniform3fv @ 149 found.
 glUniform4fv @ 150 found.
 glUniform1iv @ 151 found.
 glUniform2iv @ 152 found.
 glUniform3iv @ 153 found.
 glUniform4iv @ 154 found.
 glUniformMatrix2fv @ 155 found.
 glUniformMatrix3fv @ 156 found.
 glUniformMatrix4fv @ 157 found.
 glValidateProgram @ 158 found.
 glVertexAttrib1d @ 159 found.
 glVertexAttrib1dv @ 160 found.
 glVertexAttrib1f @ 161 found.
 glVertexAttrib1fv @ 162 found.
 glVertexAttrib1s @ 163 found.
 glVertexAttrib1sv @ 164 found.
 glVertexAttrib2d @ 165 found.
 glVertexAttrib2dv @ 166 found.
 glVertexAttrib2f @ 167 found.
 glVertexAttrib2fv @ 168 found.
 glVertexAttrib2s @ 169 found.
 glVertexAttrib2sv @ 170 found.
 glVertexAttrib3d @ 171 found.
 glVertexAttrib3dv @ 172 found.
 glVertexAttrib3f @ 173 found.
 glVertexAttrib3fv @ 174 found.
 glVertexAttrib3s @ 175 found.
 glVertexAttrib3sv @ 176 found.
 glVertexAttrib4Nbv @ 177 found.
 glVertexAttrib4Niv @ 178 found.
 glVertexAttrib4Nsv @ 179 found.
 glVertexAttrib4Nub @ 180 found.
 glVertexAttrib4Nubv @ 181 found.
 glVertexAttrib4Nuiv @ 182 found.
 glVertexAttrib4Nusv @ 183 found.
 glVertexAttrib4bv @ 184 found.
 glVertexAttrib4d @ 185 found.
 glVertexAttrib4dv @ 186 found.
 glVertexAttrib4f @ 187 found.
 glVertexAttrib4fv @ 188 found.
 glVertexAttrib4iv @ 189 found.
 glVertexAttrib4s @ 190 found.
 glVertexAttrib4sv @ 191 found.
 glVertexAttrib4ubv @ 192 found.
 glVertexAttrib4uiv @ 193 found.
 glVertexAttrib4usv @ 194 found.
 glVertexAttribPointer @ 195 found.
 glUniformMatrix2x3fv @ 196 found.
 glUniformMatrix3x2fv @ 197 found.
 glUniformMatrix2x4fv @ 198 found.
 glUniformMatrix4x2fv @ 199 found.
 glUniformMatrix3x4fv @ 200 found.
 glUniformMatrix4x3fv @ 201 found.
 glColorMaski @ 202 found.
 glGetBooleani_v @ 203 found.
 glGetIntegeri_v @ 204 found.
 glEnablei @ 205 found.
 glDisablei @ 206 found.
 glIsEnabledi @ 207 found.
 glBeginTransformFeedback @ 208 found.
 glEndTransformFeedback @ 209 found.
 glBindBufferRange @ 210 found.
 glBindBufferBase @ 211 found.
 glTransformFeedbackVaryings @ 212 found.
 glGetTransformFeedbackVarying @ 213 found.
 glClampColor @ 214 found.
 glBeginConditionalRender @ 215 found.
 glEndConditionalRender @ 216 found.
 glVertexAttribIPointer @ 217 found.
 glGetVertexAttribIiv @ 218 found.
 glGetVertexAttribIuiv @ 219 found.
 glVertexAttribI1i @ 220 found.
 glVertexAttribI2i @ 221 found.
 glVertexAttribI3i @ 222 found.
 glVertexAttribI4i @ 223 found.
 glVertexAttribI1ui @ 224 found.
 glVertexAttribI2ui @ 225 found.
 glVertexAttribI3ui @ 226 found.
 glVertexAttribI4ui @ 227 found.
 glVertexAttribI1iv @ 228 found.
 glVertexAttribI2iv @ 229 found.
 glVertexAttribI3iv @ 230 found.
 glVertexAttribI4iv @ 231 found.
 glVertexAttribI1uiv @ 232 found.
 glVertexAttribI2uiv @ 233 found.
 glVertexAttribI3uiv @ 234 found.
 glVertexAttribI4uiv @ 235 found.
 glVertexAttribI4bv @ 236 found.
 glVertexAttribI4sv @ 237 found.
 glVertexAttribI4ubv @ 238 found.
 glVertexAttribI4usv @ 239 found.
 glGetUniformuiv @ 240 found.
 glBindFragDataLocation @ 241 found.
 glGetFragDataLocation @ 242 found.
 glUniform1ui @ 243 found.
 glUniform2ui @ 244 found.
 glUniform3ui @ 245 found.
 glUniform4ui @ 246 found.
 glUniform1uiv @ 247 found.
 glUniform2uiv @ 248 found.
 glUniform3uiv @ 249 found.
 glUniform4uiv @ 250 found.
 glTexParameterIiv @ 251 found.
 glTexParameterIuiv @ 252 found.
 glGetTexParameterIiv @ 253 found.
 glGetTexParameterIuiv @ 254 found.
 glClearBufferiv @ 255 found.
 glClearBufferuiv @ 256 found.
 glClearBufferfv @ 257 found.
 glClearBufferfi @ 258 found.
 glGetStringi @ 259 found.
 glIsRenderbuffer @ 260 found.
 glBindRenderbuffer @ 261 found.
 glDeleteRenderbuffers @ 262 found.
 glGenRenderbuffers @ 263 found.
 glRenderbufferStorage @ 264 found.
 glGetRenderbufferParameteriv @ 265 found.
 glIsFramebuffer @ 266 found.
 glBindFramebuffer @ 267 found.
 glDeleteFramebuffers @ 268 found.
 glGenFramebuffers @ 269 found.
 glCheckFramebufferStatus @ 270 found.
 glFramebufferTexture1D @ 271 found.
 glFramebufferTexture2D @ 272 found.
 glFramebufferTexture3D @ 273 found.
 glFramebufferRenderbuffer @ 274 found.
 glGetFramebufferAttachmentParameteriv @ 275 found.
 glGenerateMipmap @ 276 found.
 glBlitFramebuffer @ 277 found.
 glRenderbufferStorageMultisample @ 278 found.
 glFramebufferTextureLayer @ 279 found.
 glMapBufferRange @ 280 found.
 glFlushMappedBufferRange @ 281 found.
 glBindVertexArray @ 282 found.
 glDeleteVertexArrays @ 283 found.
 glGenVertexArrays @ 284 found.
 glIsVertexArray @ 285 found.
 glDrawArraysInstanced @ 286 found.
 glDrawElementsInstanced @ 287 found.
 glTexBuffer @ 288 found.
 glPrimitiveRestartIndex @ 289 found.
 glCopyBufferSubData @ 290 found.
 glGetUniformIndices @ 291 found.
 glGetActiveUniformsiv @ 292 found.
 glGetActiveUniformName @ 293 found.
 glGetUniformBlockIndex @ 294 found.
 glGetActiveUniformBlockiv @ 295 found.
 glGetActiveUniformBlockName @ 296 found.
 glUniformBlockBinding @ 297 found.
 glDrawElementsBaseVertex @ 298 found.
 glDrawRangeElementsBaseVertex @ 299 found.
 glDrawElementsInstancedBaseVertex @ 300 found.
 glMultiDrawElementsBaseVertex @ 301 found.
 glProvokingVertex @ 302 found.
 glFenceSync @ 303 found.
 glIsSync @ 304 found.
 glDeleteSync @ 305 found.
 glClientWaitSync @ 306 found.
 glWaitSync @ 307 found.
 glGetInteger64v @ 308 found.
 glGetSynciv @ 309 found.
 glGetInteger64i_v @ 310 found.
 glGetBufferParameteri64v @ 311 found.
 glFramebufferTexture @ 312 found.
 glTexImage2DMultisample @ 313 found.
 glTexImage3DMultisample @ 314 found.
 glGetMultisamplefv @ 315 found.
 glSampleMaski @ 316 found.
 glBindFragDataLocationIndexed @ 317 found.
 glGetFragDataIndex @ 318 found.
 glGenSamplers @ 319 found.
 glDeleteSamplers @ 320 found.
 glIsSampler @ 321 found.
 glBindSampler @ 322 found.
 glSamplerParameteri @ 323 found.
 glSamplerParameteriv @ 324 found.
 glSamplerParameterf @ 325 found.
 glSamplerParameterfv @ 326 found.
 glSamplerParameterIiv @ 327 found.
 glSamplerParameterIuiv @ 328 found.
 glGetSamplerParameteriv @ 329 found.
 glGetSamplerParameterIiv @ 330 found.
 glGetSamplerParameterfv @ 331 found.
 glGetSamplerParameterIuiv @ 332 found.
 glQueryCounter @ 333 found.
 glGetQueryObjecti64v @ 334 found.
 glGetQueryObjectui64v @ 335 found.
 glVertexAttribDivisor @ 336 found.
 glVertexAttribP1ui @ 337 found.
 glVertexAttribP1uiv @ 338 found.
 glVertexAttribP2ui @ 339 found.
 glVertexAttribP2uiv @ 340 found.
 glVertexAttribP3ui @ 341 found.
 glVertexAttribP3uiv @ 342 found.
 glVertexAttribP4ui @ 343 found.
 glVertexAttribP4uiv @ 344 found.
 glMinSampleShading @ 345 found.
 glBlendEquationi @ 346 found.
 glBlendEquationSeparatei @ 347 found.
 glBlendFunci @ 348 found.
 glBlendFuncSeparatei @ 349 found.
 glDrawArraysIndirect @ 350 found.
 glDrawElementsIndirect @ 351 found.
 glUniform1d @ 352 found.
 glUniform2d @ 353 found.
 glUniform3d @ 354 found.
 glUniform4d @ 355 found.
 glUniform1dv @ 356 found.
 glUniform2dv @ 357 found.
 glUniform3dv @ 358 found.
 glUniform4dv @ 359 found.
 glUniformMatrix2dv @ 360 found.
 glUniformMatrix3dv @ 361 found.
 glUniformMatrix4dv @ 362 found.
 glUniformMatrix2x3dv @ 363 found.
 glUniformMatrix2x4dv @ 364 found.
 glUniformMatrix3x2dv @ 365 found.
 glUniformMatrix3x4dv @ 366 found.
 glUniformMatrix4x2dv @ 367 found.
 glUniformMatrix4x3dv @ 368 found.
 glGetUniformdv @ 369 found.
 glGetSubroutineUniformLocation @ 370 found.
 glGetSubroutineIndex @ 371 found.
 glGetActiveSubroutineUniformiv @ 372 found.
 glGetActiveSubroutineUniformName @ 373 found.
 glGetActiveSubroutineName @ 374 found.
 glUniformSubroutinesuiv @ 375 found.
 glGetUniformSubroutineuiv @ 376 found.
 glGetProgramStageiv @ 377 found.
 glPatchParameteri @ 378 found.
 glPatchParameterfv @ 379 found.
 glBindTransformFeedback @ 380 found.
 glDeleteTransformFeedbacks @ 381 found.
 glGenTransformFeedbacks @ 382 found.
 glIsTransformFeedback @ 383 found.
 glPauseTransformFeedback @ 384 found.
 glResumeTransformFeedback @ 385 found.
 glDrawTransformFeedback @ 386 found.
 glDrawTransformFeedbackStream @ 387 found.
 glBeginQueryIndexed @ 388 found.
 glEndQueryIndexed @ 389 found.
 glGetQueryIndexediv @ 390 found.
 glReleaseShaderCompiler @ 391 found.
 glShaderBinary @ 392 found.
 glGetShaderPrecisionFormat @ 393 found.
 glDepthRangef @ 394 found.
 glClearDepthf @ 395 found.
 glGetProgramBinary @ 396 found.
 glProgramBinary @ 397 found.
 glProgramParameteri @ 398 found.
 glUseProgramStages @ 399 found.
 glActiveShaderProgram @ 400 found.
 glCreateShaderProgramv @ 401 found.
 glBindProgramPipeline @ 402 found.
 glDeleteProgramPipelines @ 403 found.
 glGenProgramPipelines @ 404 found.
 glIsProgramPipeline @ 405 found.
 glGetProgramPipelineiv @ 406 found.
 glProgramUniform1i @ 407 found.
 glProgramUniform1iv @ 408 found.
 glProgramUniform1f @ 409 found.
 glProgramUniform1fv @ 410 found.
 glProgramUniform1d @ 411 found.
 glProgramUniform1dv @ 412 found.
 glProgramUniform1ui @ 413 found.
 glProgramUniform1uiv @ 414 found.
 glProgramUniform2i @ 415 found.
 glProgramUniform2iv @ 416 found.
 glProgramUniform2f @ 417 found.
 glProgramUniform2fv @ 418 found.
 glProgramUniform2d @ 419 found.
 glProgramUniform2dv @ 420 found.
 glProgramUniform2ui @ 421 found.
 glProgramUniform2uiv @ 422 found.
 glProgramUniform3i @ 423 found.
 glProgramUniform3iv @ 424 found.
 glProgramUniform3f @ 425 found.
 glProgramUniform3fv @ 426 found.
 glProgramUniform3d @ 427 found.
 glProgramUniform3dv @ 428 found.
 glProgramUniform3ui @ 429 found.
 glProgramUniform3uiv @ 430 found.
 glProgramUniform4i @ 431 found.
 glProgramUniform4iv @ 432 found.
 glProgramUniform4f @ 433 found.
 glProgramUniform4fv @ 434 found.
 glProgramUniform4d @ 435 found.
 glProgramUniform4dv @ 436 found.
 glProgramUniform4ui @ 437 found.
 glProgramUniform4uiv @ 438 found.
 glProgramUniformMatrix2fv @ 439 found.
 glProgramUniformMatrix3fv @ 440 found.
 glProgramUniformMatrix4fv @ 441 found.
 glProgramUniformMatrix2dv @ 442 found.
 glProgramUniformMatrix3dv @ 443 found.
 glProgramUniformMatrix4dv @ 444 found.
 glProgramUniformMatrix2x3fv @ 445 found.
 glProgramUniformMatrix3x2fv @ 446 found.
 glProgramUniformMatrix2x4fv @ 447 found.
 glProgramUniformMatrix4x2fv @ 448 found.
 glProgramUniformMatrix3x4fv @ 449 found.
 glProgramUniformMatrix4x3fv @ 450 found.
 glProgramUniformMatrix2x3dv @ 451 found.
 glProgramUniformMatrix3x2dv @ 452 found.
 glProgramUniformMatrix2x4dv @ 453 found.
 glProgramUniformMatrix4x2dv @ 454 found.
 glProgramUniformMatrix3x4dv @ 455 found.
 glProgramUniformMatrix4x3dv @ 456 found.
 glValidateProgramPipeline @ 457 found.
 glGetProgramPipelineInfoLog @ 458 found.
 glVertexAttribL1d @ 459 found.
 glVertexAttribL2d @ 460 found.
 glVertexAttribL3d @ 461 found.
 glVertexAttribL4d @ 462 found.
 glVertexAttribL1dv @ 463 found.
 glVertexAttribL2dv @ 464 found.
 glVertexAttribL3dv @ 465 found.
 glVertexAttribL4dv @ 466 found.
 glVertexAttribLPointer @ 467 found.
 glGetVertexAttribLdv @ 468 found.
 glViewportArrayv @ 469 found.
 glViewportIndexedf @ 470 found.
 glViewportIndexedfv @ 471 found.
 glScissorArrayv @ 472 found.
 glScissorIndexed @ 473 found.
 glScissorIndexedv @ 474 found.
 glDepthRangeArrayv @ 475 found.
 glDepthRangeIndexed @ 476 found.
 glGetFloati_v @ 477 found.
 glGetDoublei_v @ 478 found.
 glDrawArraysInstancedBaseInstance @ 479 found.
 glDrawElementsInstancedBaseInstance @ 480 found.
 glDrawElementsInstancedBaseVertexBaseInstance @ 481 found.
 glGetInternalformativ @ 482 found.
 glGetActiveAtomicCounterBufferiv @ 483 found.
 glBindImageTexture @ 484 found.
 glMemoryBarrier @ 485 found.
 glTexStorage1D @ 486 found.
 glTexStorage2D @ 487 found.
 glTexStorage3D @ 488 found.
 glDrawTransformFeedbackInstanced @ 489 found.
 glDrawTransformFeedbackStreamInstanced @ 490 found.
 glDispatchCompute @ 493 found.
 glDispatchComputeIndirect @ 494 found.
 glFramebufferParameteri @ 496 found.
 glGetFramebufferParameteriv @ 497 found.
 glGetInternalformati64v @ 498 found.
 glInvalidateFramebuffer @ 503 found.
 glInvalidateSubFramebuffer @ 504 found.
 glMultiDrawArraysIndirect @ 505 found.
 glMultiDrawElementsIndirect @ 506 found.
 glGetProgramInterfaceiv @ 507 found.
 glGetProgramResourceIndex @ 508 found.
 glGetProgramResourceName @ 509 found.
 glGetProgramResourceiv @ 510 found.
 glGetProgramResourceLocation @ 511 found.
 glGetProgramResourceLocationIndex @ 512 found.
 glShaderStorageBlockBinding @ 513 found.
 glTexBufferRange @ 514 found.
 glTexStorage2DMultisample @ 515 found.
 glTexStorage3DMultisample @ 516 found.
 glBindVertexBuffer @ 518 found.
 glVertexAttribFormat @ 519 found.
 glVertexAttribIFormat @ 520 found.
 glVertexAttribLFormat @ 521 found.
 glVertexAttribBinding @ 522 found.
 glVertexBindingDivisor @ 523 found.
 glDebugMessageControl @ 524 found.
 glDebugMessageInsert @ 525 found.
 glDebugMessageCallback @ 526 found.
 glGetDebugMessageLog @ 527 found.
 glPushDebugGroup @ 528 found.
 glPopDebugGroup @ 529 found.
 glObjectLabel @ 530 found.
 glGetObjectLabel @ 531 found.
 glObjectPtrLabel @ 532 found.
 glGetObjectPtrLabel @ 533 found.
 glBufferStorage @ 534 found.
 glClipControl @ 543 found.
 glNamedBufferStorage @ 551 found.
 glTextureBufferRange @ 589 found.
 glTextureParameteri @ 606 found.
 glMemoryBarrierByRegion @ 641 found.
 glGetGraphicsResetStatus @ 644 found.
 glGetnCompressedTexImage @ 645 found.
 glGetnTexImage @ 646 found.
 glGetnUniformdv @ 647 found.
 glGetnUniformfv @ 648 found.
 glGetnUniformiv @ 649 found.
 glGetnUniformuiv @ 650 found.
 glReadnPixels @ 651 found.
 afxDrawDriver.c:77?AfxDrawSystemRegisterDriver(dsys=00724010,mdle=007254a0,spec=0034df44)
 Class[afxDrawDriver].ConstructInstances(1, 0034ddc0, 0034de20)
 Constructing instance 02a87e90 of afxDrawDriver.
 afxDrawDriver.c:119?_AfxDdrvCtor(ddrv=02a87e90)
 Draw Context class registered.
New draw driver registered.
Name: SIGGL
Author: SIGMA Technology Group
Version: 0.7.2
Note: 
 ad88888ba   88    ,ad8888ba,     ,ad8888ba,   88           
d8"     "8b  88   d8"'    `"8b   d8"'    `"8b  88           
Y8,          88  d8'            d8'            88           
`Y8aaaaa,    88  88             88             88           
  `"""""8b,  88  88      88888  88      88888  88
        `8b  88  Y8,        88  Y8,        88  88           
Y8a     a8P  88   Y8a.    .a88   Y8a.    .a88  88           
 "Y88888P"   88    `"Y88888P"     `"Y88888P"   88888888888  
 Instance 02a87e90[ddrv]^1 built.
 Loading draw ICDs...
 afxModule.c:72?AfxSystemAcquireModule(sys=0071f520,uri=e2draw.icd)
 afxModule.c:72?AfxSystemAcquireModule(sys=0071f520,uri=e2newton.icd)
 Class[afxModule].ConstructInstances(1, 0034df58, 0034dfb8)
 Constructing instance 02b10fe0 of afxModule.
 afxModule.c:123?_AfxMdleCtor(uri:e2newton.icd)
 Instance 02b10fe0[mdle]^1 built.
 Instance 00724010[dsys]^1 built.
 afxDrawContext.c:285?AfxDrawSystemAcquireContext(dsys=00724010,spec=0034e808)
 Class[Draw Context].ConstructInstances(1, 0034e678, 0034e6d8)
 Constructing instance 02a39080 of Draw Context.
 sglDrawContext.c:435?_AfxDctxCtor(dctx=02a39080)
 Draw Script class registered.
 Draw Input class registered.
 Draw Queue class registered.
 Buffer class registered.
 afxVertexBuffer class registered.
 afxIndexBuffer class registered.
 Sampler class registered.
 Texture class registered.
 Surface class registered.
 Canvas class registered.
 Shader class registered.
 Pipeline Rig class registered.
 Pipeline class registered.
 afxDrawOperation class registered.
 Lego Template class registered.
 Lego class registered.
 Draw Output class registered.
 sglDrawQueue.c:1835?_AfxDrawContextAcquireQueue(dctx=02a39080)
 Class[Draw Queue].ConstructInstances(1, 0034e1c4, 0034e224)
 Constructing instance 01c1de30 of Draw Queue.
 sglDrawQueue.c:1886?_AfxDqueCtor(dque=01c1de30)
 Uploading draw operation 'data/pipeline/rgbaToRgba.urd'
 afxDrawOperation.c:628?_AfxDrawContextUploadOperationsUrd(dctx=02a39080)
 afxUrd.c:980?AfxFileSystemLoadUrd(uri=data/pipeline/rgbaToRgba.urdp)
 Class[afxUrd].ConstructInstances(1, 0034016c, 003401cc)
 Constructing instance 01c1d590 of afxUrd.
 afxUrd.c:939?_AfxUrdCtor(uri:data/pipeline/rgbaToRgba.urd)
 afxFile.c:253?AfxFileSystemOpenFile(Afx.FileSystem.OpenFile(007212f0,00000001,data/pipeline/rgbaToRgba.urd))
 Class[afxFile].ConstructInstances(1, 0033fdf4, 0033fe54)
 Constructing instance 02a91430 of afxFile : afxStream.
 Constructing instance 02a91430 of afxStream.
 Constructing instance 02a91430 of afxFile.
 Instance 02a91430[file]^1 built.
 Class[afxFile].DestructInstances(1, 0033ff14, 00000000)
 Destructing instance 02a91430 of afxFile class.
 Destructing instance 02a91430 of afxFile : afxStream class.
 Destructing instance 02a91430 of afxStream class.
 Instance 02a91430[file]^0 destroyed.
 Instance 01c1d590[urd]^1 built.
 afxShader.c:443?AfxDrawContextBuildShaders(dctx=02a39080,cnt=1,blueprint=0034032c,shd=00340300)
 sglShader.c:405?_AfxDrawContextBuildShaders(dctx=02a39080,cnt=1,blueprint=0034032c,shd=00340300)
 Building draw operation 'rgbaToRgbaVs'
 Class[Shader].ConstructInstances(1, 00340020, 00340080)
 Constructing instance 007e96f0 of Shader.
 sglShader.c:216?_AfxShdCtor(shd=007e96f0)
 
        #version 330 core

        // QWADRO. Engineered by SIGMA Technology Group.

        layout(location = 0) in vec2 a_xy;

        out block
        {
            vec2 uv0;
        } sgl_v;

        void main()
        {
            gl_Position = vec4(a_xy, 0.0, 1.0);
            sgl_v.uv0 = vec2(gl_Position.xy * 0.5 + 0.5).xy;
        }
       
 Instance 007e96f0[shd]^1 built.
 afxShader.c:443?AfxDrawContextBuildShaders(dctx=02a39080,cnt=1,blueprint=0034032c,shd=00340300)
 sglShader.c:405?_AfxDrawContextBuildShaders(dctx=02a39080,cnt=1,blueprint=0034032c,shd=00340300)
 Building draw operation 'rgbaToRgbaFs'
 Class[Shader].ConstructInstances(1, 00340020, 00340080)
 Constructing instance 02a3acf0 of Shader.
 sglShader.c:216?_AfxShdCtor(shd=02a3acf0)
 
        #version 330 core

        // QWADRO. Engineered by SIGMA Technology Group.

        uniform sampler2D samp;

        in block
        {
            vec2 uv0;
        } sgl_v;

        out vec4 sgl_rgba;

        void main()
        {
            sgl_rgba = texture(samp, sgl_v.uv0);
        }
       
 Class[Lego Template].ConstructInstances(1, 0033f99c, 0033f9fc)
 Constructing instance 01b9f120 of Lego Template.
 sglLego.c:260?_AfxLegtCtor(legt=01b9f120)
 Instance 01b9f120[legt]^1 built.
 Instance 02a3acf0[shd]^1 built.
 afxShader.c:443?AfxDrawContextBuildShaders(dctx=02a39080,cnt=1,blueprint=0034032c,shd=00340300)
 sglShader.c:405?_AfxDrawContextBuildShaders(dctx=02a39080,cnt=1,blueprint=0034032c,shd=00340300)
 Building draw operation 'rgbaToRgbaVsYFlipped'
 Class[Shader].ConstructInstances(1, 00340020, 00340080)
 Constructing instance 01b9f3b0 of Shader.
 sglShader.c:216?_AfxShdCtor(shd=01b9f3b0)
 
        #version 330 core

        // QWADRO. Engineered by SIGMA Technology Group.

        const mat4 m = mat4(1, 0, 0, 0, 0, -1, 0, 0, 0, 0, 1, 0, 0, 0, 0, 1);
        
        layout(location = 0) in vec2 a_xy;
        
        out block
        {
            vec2 uv0;
        } sgl_v;

        void main()
        {
            gl_Position = vec4(a_xy, 0.0, 1.0);
            sgl_v.uv0 = vec2(m * vec4(gl_Position.xy * 0.5 + 0.5, 0, 1)).xy;
        }
       
 Instance 01b9f3b0[shd]^1 built.
 Building draw operation 'rgbaToRgba'
 Class[afxDrawOperation].ConstructInstances(1, 003400f8, 00340158)
 Constructing instance 01b8dd00 of afxDrawOperation.
 afxDrawOperation.c:474?_AfxDopCtor(dop=01b8dd00)
 afxPipeline.c:204?AfxDrawContextBuildPipeline(dctx=02a39080)
 sglPipeline.c:983?_AfxDrawContextBuildPipeline(dctx=02a39080)
 Class[Pipeline].ConstructInstances(1, 00337764, 003377c4)
 Constructing instance 02b0ed20 of Pipeline : afxResource.
 Constructing instance 02b0ed20 of afxResource.
 afxResource.c:99?_AfxResCtor(res=02b0ed20)
 Constructing instance 02b0ed20 of Pipeline.
 sglPipeline.c:665?_AfxPipCtor(pip=02b0ed20)
 afxShader.c:690?AfxDrawContextAcquireShaders(dctx=02a39080,cnt=1,uri=00337958,shd=00336a98)
 Taking connection 02b0ee4c connecting 007e96f0?shd#2 to holder 02b0ed20?pip#1.
 afxShader.c:690?AfxDrawContextAcquireShaders(dctx=02a39080,cnt=1,uri=00338970,shd=00336a98)
 Taking connection 02b0ee80 connecting 02a3acf0?shd#2 to holder 02b0ed20?pip#1.
 Class[Lego Template].ConstructInstances(1, 00336818, 00336878)
 Constructing instance 007e7f60 of Lego Template.
 sglLego.c:260?_AfxLegtCtor(legt=007e7f60)
 Instance 007e7f60[legt]^1 built.
 Class[Pipeline Rig].ConstructInstances(1, 003368ec, 0033694c)
 Constructing instance 007e81f0 of Pipeline Rig.
 sglPipelineRig.c:76?_AfxPiprCtor(pipr=007e81f0)
 Instance 007e81f0[pipa]^1 built.
 Instance 02b0ed20[pip]^1 built.
 afxPipeline.c:204?AfxDrawContextBuildPipeline(dctx=02a39080)
 sglPipeline.c:983?_AfxDrawContextBuildPipeline(dctx=02a39080)
 Class[Pipeline].ConstructInstances(1, 00337764, 003377c4)
 Constructing instance 01c1f400 of Pipeline : afxResource.
 Constructing instance 01c1f400 of afxResource.
 afxResource.c:99?_AfxResCtor(res=01c1f400)
 Constructing instance 01c1f400 of Pipeline.
 sglPipeline.c:665?_AfxPipCtor(pip=01c1f400)
 afxShader.c:690?AfxDrawContextAcquireShaders(dctx=02a39080,cnt=1,uri=00337958,shd=00336a98)
 Taking connection 01c1f52c connecting 01b9f3b0?shd#2 to holder 01c1f400?pip#1.
 afxShader.c:690?AfxDrawContextAcquireShaders(dctx=02a39080,cnt=1,uri=00338970,shd=00336a98)
 Taking connection 01c1f560 connecting 02a3acf0?shd#4 to holder 01c1f400?pip#1.
 Class[Lego Template].ConstructInstances(1, 00336818, 00336878)
 Constructing instance 02b0f4c0 of Lego Template.
 sglLego.c:260?_AfxLegtCtor(legt=02b0f4c0)
 Instance 02b0f4c0[legt]^1 built.
 Class[Pipeline Rig].ConstructInstances(1, 003368ec, 0033694c)
 Constructing instance 02a3b030 of Pipeline Rig.
 sglPipelineRig.c:76?_AfxPiprCtor(pipr=02a3b030)
 Instance 02a3b030[pipa]^1 built.
 Instance 01c1f400[pip]^1 built.
 Instance 01b8dd00[dop]^1 built.
 Class[afxUrd].DestructInstances(1, 00340268, 98c882e3)
 Destructing instance 01c1d590 of afxUrd class.
 afxUrd.c:918?_AfxUrdDtor(urd=01c1d590)
 Instance 01c1d590[urd]^0 destroyed.
 sglSampler.c:137?_AfxDrawContextAcquireSampler(dctx=02a39080,spec=0034df30)
 Class[Sampler].ConstructInstances(1, 0034dabc, 0034db1c)
 Constructing instance 02b0f750 of Sampler.
 sglSampler.c:184?_AfxSmpCtor(smp=02b0f750)
 Instance 02b0f750[smp]^1 built.
 Class[Lego].ConstructInstances(1, 0034da60, 0034dac0)
 Constructing instance 01c1fb90 of Lego.
 sglLego.c:333?_AfxLegoCtor(lego=01c1fb90)
 Instance 01c1fb90[lego]^1 built.
 Class[afxVertexBuffer].ConstructInstances(1, 0034daf8, 0034db58)
 Constructing instance 02b16210 of afxVertexBuffer : Buffer.
 Constructing instance 02b16210 of Buffer.
 sglBuffer.c:455?_AfxBufCtor(buf=02b16210)
 Constructing instance 02b16210 of afxVertexBuffer.
 afxVertexBuffer.c:303?_AfxVbufCtor(vbuf=02b16210)
 Instance 02b16210[vbuf]^1 built.
 Instance 01c1de30[dque]^1 built.
 Instance 02a39080[dctx]^1 built.
 afxApplication.c:368?AfxSystemAcquireApplication(sys=0fcfa6f9,spec=0fd663fe)
 Class[afxApplication].ConstructInstances(1, 0034e6b4, 0034e714)
 Constructing instance 02a39c80 of afxApplication.
 afxApplication.c:399?_AfxAppCtor(app=02a39c80)
 afxMouse.c:232?AfxSystemAcquireMouse(sys=0071f520,port=0)
 Class[afxMouse].ConstructInstances(1, 0034e2a8, 0034e308)
 Constructing instance 01c1fcb0 of afxMouse : afxHid.
 Constructing instance 01c1fcb0 of afxHid.
 afxHid.c:56?_AfxHidCtor(hid=01c1fcb0)
 Constructing instance 01c1fcb0 of afxMouse.
 afxMouse.c:270?_AfxMseCtor(mse=01c1fcb0)
 Instance 01c1fcb0[mse]^1 built.
 sglDrawInput.c:219?_AfxDrawContextAcquireInput(dctx=02a39080,spec=0034e3fc)
 Class[Draw Input].ConstructInstances(1, 0034e26c, 0034e2cc)
 Constructing instance 01c1fd90 of Draw Input.
 sglDrawInput.c:268?_AfxDinCtor(din=01c1fd90)
 afxArena.c:802?AfxSystemAcquireArena(sys=0071f520,strategy=0034df94,hint="sglDrawInput.c:303!_AfxDinCtor")
 Class[Memory Arena].ConstructInstances(1, 0034de34, 0034de94)
 Constructing instance 02a3a300 of Memory Arena : afxMemory.
 Constructing instance 02a3a300 of afxMemory.
 afxMemory.c:298?_AfxMemCtor(mem=02a3a300)
 Constructing instance 02a3a300 of Memory Arena.
 afxArena.c:780?_AfxArenCtor(aren=02a3a300)
 Instance 02a3a300[aren]^1 built.
 Instance 01c1fd90[din]^1 built.
 afxWidget class registered.
 afxSimulation class registered.
 Instance 02a39c80[app]^1 built.
 afxApplication.c:320?AfxApplicationExecute(app=02a39c80)
 Skybox.c:406?AfxEnterApplication(app=02a39c80)
 afxFileSystem.c:376?AfxFileSystemMountStoragePoints(Afx.FileSystem.MountStoragePoints(007212f0,1,0034e488))
 ERR afxFileSystem.c:387?AfxFileSystemMountStoragePoints
    
 ERR Skybox.c:420?AfxEnterApplication
    
 ERR Skybox.c:420?AfxEnterApplication
    (rslt == 1)
    Invalid
 afxArchive.c:599?AfxFileSystemAcquireArchive(Afx.FileSystem.AcquireArchive(007212f0,1,"art/mnt.zip"))
 Class[afxArchive].ConstructInstances(1, 0034e1e0, 0034e240)
 Constructing instance 02aaf6e0 of afxArchive : afxFile.
 Constructing instance 02aaf6e0 of afxFile : afxStream.
 Constructing instance 02aaf6e0 of afxStream.
 Constructing instance 02aaf6e0 of afxFile.
 Constructing instance 02aaf6e0 of afxArchive.
 afxArchive.c:626?_AfxArcCtor(arc=02aaf6e0)
 signature: 0x6054B50
 diskNumber: 0
 centralDirectoryDiskNumber: 0
 numEntriesThisDisk: 2
 numEntries: 2
 centralDirectorySize: 185 0xb9
 centralDirectoryOffset: 514621 0x7da3d
 zipCommentLength: 0
 Archived item 0 -> 514621 0x7da3d
 signature: 33639248 0x2014b50
 versionMadeBy: 63 0x3f
 versionNeededToExtract: 20 0x14
 generalPurposeBitFlag: 0 0
 compressionMethod: 0 0
 lastModFileTime: 1350 0x546
 lastModFileDate: 22171 0x569b
 crc32: 0
 compressedSize: 0
 uncompressedSize: 0
 fileNameLength: 4
 textraFieldLength: 36
 fileCommentLength: 0
 diskNumberStart: 0
 internalFileAttributes: 0
 externalFileAttributes: 0x10
 relativeOffsetOflocalHeader: 0 0
 Archived item 0, 34 0x22
 2023/04/27 00:42:12 #0000 art/
 Archived item 1 -> 514707 0x7da93
 signature: 33639248 0x2014b50
 versionMadeBy: 63 0x3f
 versionNeededToExtract: 10 0xa
 generalPurposeBitFlag: 0 0
 compressionMethod: 0 0
 lastModFileTime: 1423 0x58f
 lastModFileDate: 22171 0x569b
 crc32: 0x594b0260
 compressedSize: 514540
 uncompressedSize: 514540
 fileNameLength: 17
 textraFieldLength: 36
 fileCommentLength: 0
 diskNumberStart: 0
 internalFileAttributes: 0
 externalFileAttributes: 0x20
 relativeOffsetOflocalHeader: 34 0x22
 Archived item 1, 81 0x51
 2023/04/27 00:44:30 #0001 art/worldtest.tga
 Instance 02aaf6e0[arc]^1 built.
 afxStream.c:354?AfxFileSystemAcquireStream(fsys:007212f0,flags=1,src=02b69020,len=514540)
 Class[afxStream].ConstructInstances(1, 0034e114, 0034e174)
 Constructing instance 01c1d590 of afxStream.
 Instance 01c1d590[ios]^1 built.
 afxFile.c:253?AfxFileSystemOpenFile(Afx.FileSystem.OpenFile(007212f0,00000002,system/worldtest.tga))
 Class[afxFile].ConstructInstances(1, 0034e0b4, 0034e114)
 Constructing instance 02dadac0 of afxFile : afxStream.
 Constructing instance 02dadac0 of afxStream.
 Constructing instance 02dadac0 of afxFile.
 Instance 02dadac0[file]^1 built.
 Class[afxFile].DestructInstances(1, 0034e1d4, 0034e00c)
 Destructing instance 02dadac0 of afxFile class.
 Destructing instance 02dadac0 of afxFile : afxStream class.
 Destructing instance 02dadac0 of afxStream class.
 Instance 02dadac0[file]^0 destroyed.
 afxSimulation.c:461?AfxApplicationAcquireSimulation(app=02a39c80,bounding=[[0.000000,0.000000,0.000000,1.000000],[0.000000,0.000000,0.000000,1.000000]])
 Class[afxSimulation].ConstructInstances(1, 0034e1a4, 0034e204)
 Constructing instance 02dadac0 of afxSimulation.
 afxSimulation.c:384?_AfxSimCtor(sim=02dadac0)
 afxMemory.c:259?AfxSystemAcquireMemory(sys=0071f520,strategy=0034df18,hint="afxSimulation.c:404!_AfxSimCtor")
 Class[afxMemory].ConstructInstances(1, 0034dd70, 0034ddd0)
 Constructing instance 02b1f910 of afxMemory.
 afxMemory.c:298?_AfxMemCtor(mem=02b1f910)
 Instance 02b1f910[mem]^1 built.
 afxMaterial class registered.
 afxMesh class registered.
 afxNode class registered.
 afxSkeleton class registered.
 afxModel class registered.
 afxBody class registered.
 afxEntity class registered.
 afxCamera class registered.
 afxLight class registered.
 Instance 02dadac0[sim]^1 built.
 afxDrawOutput.c:127?AfxDrawContextAcquireOutput(dctx=02a39080,extent=0034e560,spec=0034e3f0)
 sglDrawOutput.c:271?_AfxDrawContextAcquireOutput(dctx=02a39080,extent=0034e560,spec=0034e3f0)
 Class[Draw Output].ConstructInstances(1, 0034e1a4, 0034e204)
 Constructing instance 02dae1e0 of Draw Output.
 sglDrawOutput.c:525?_AfxDoutCtor(dout=02dae1e0)
 sglSurface.c:91?_AfxDrawContextAcquireSurface(dctx=02a39080,fmt=4,whd=[1280,720,1],usage=16)
 ADV afxTexture.c:15?AfxTextureBlueprintReset
    texb->fcc == AFX_FCC_TEXB
 Class[Surface].ConstructInstances(1, 0034d6f4, 0034d754)
 Constructing instance 02dae760 of Surface : Texture.
 Constructing instance 02dae760 of Texture : afxResource.
 Constructing instance 02dae760 of afxResource.
 afxResource.c:99?_AfxResCtor(res=02dae760)
 Constructing instance 02dae760 of Texture.
 sglTexture.c:1000?_AfxTexCtor(tex=02dae760)
 Constructing instance 02dae760 of Surface.
 sglSurface.c:154?_AfxSurfCtor(surf=02dae760)
 Instance 02dae760[surf]^1 built.
 sglSurface.c:91?_AfxDrawContextAcquireSurface(dctx=02a39080,fmt=4,whd=[1280,720,1],usage=16)
 ADV afxTexture.c:15?AfxTextureBlueprintReset
    texb->fcc == AFX_FCC_TEXB
 Class[Surface].ConstructInstances(1, 0034d6f4, 0034d754)
 Constructing instance 02dae960 of Surface : Texture.
 Constructing instance 02dae960 of Texture : afxResource.
 Constructing instance 02dae960 of afxResource.
 afxResource.c:99?_AfxResCtor(res=02dae960)
 Constructing instance 02dae960 of Texture.
 sglTexture.c:1000?_AfxTexCtor(tex=02dae960)
 Constructing instance 02dae960 of Surface.
 sglSurface.c:154?_AfxSurfCtor(surf=02dae960)
 Instance 02dae960[surf]^1 built.
 sglDrawOutput.c:478?_AfxStdDoutImplCtor(dout=02dae1e0,uri=window)
 sglDrawOutput.c:329?_AfxStdDoutImplCtorWnd(dout=02dae1e0)
 Extent readjusted. (dout)02dae1e0 -> 1272, 0.000000 of 3456035313; 693 0.000041 of 16842985
 Instance 02dae1e0[dout]^1 built.
 sglDrawInput.c:219?_AfxDrawContextAcquireInput(dctx=02a39080,spec=0034e3d4)
 Class[Draw Input].ConstructInstances(1, 0034e1cc, 0034e22c)
 Constructing instance 02ab6260 of Draw Input.
 sglDrawInput.c:268?_AfxDinCtor(din=02ab6260)
 afxArena.c:802?AfxSystemAcquireArena(sys=0071f520,strategy=0034def4,hint="sglDrawInput.c:303!_AfxDinCtor")
 Class[Memory Arena].ConstructInstances(1, 0034dd94, 0034ddf4)
 Constructing instance 02ab63c0 of Memory Arena : afxMemory.
 Constructing instance 02ab63c0 of afxMemory.
 afxMemory.c:298?_AfxMemCtor(mem=02ab63c0)
 Constructing instance 02ab63c0 of Memory Arena.
 afxArena.c:780?_AfxArenCtor(aren=02ab63c0)
 Instance 02ab63c0[aren]^1 built.
 Instance 02ab6260[din]^1 built.
 afxCamera.c:294?AfxSimulationAcquireCamera(sim=02dadac0,name=viewer,perspective=1)
 Class[afxCamera].ConstructInstances(1, 0034e054, 0034e0b4)
 Constructing instance 02ab9820 of afxCamera : afxNode.
 Constructing instance 02ab9820 of afxNode.
 Constructing instance 02ab9820 of afxCamera.
 afxCamera.c:323?_AfxCamCtor(cam=02ab9820)
 Instance 02ab9820[cam]^1 built.
 ADV afxTexture.c:15?AfxTextureBlueprintReset
    texb->fcc == AFX_FCC_TEXB
 sglTexture.c:1153?_AfxDrawContextBuildTextures(dctx=02a39080,cnt=1,blueprint=0034dd40,tex=00fa8008)
 Class[Texture].ConstructInstances(1, 0034d4a4, 0034d504)
 Constructing instance 02ab9bd0 of Texture : afxResource.
 Constructing instance 02ab9bd0 of afxResource.
 afxResource.c:99?_AfxResCtor(res=02ab9bd0)
 Constructing instance 02ab9bd0 of Texture.
 sglTexture.c:1000?_AfxTexCtor(tex=02ab9bd0)
 afxFile.c:253?AfxFileSystemOpenFile(Afx.FileSystem.OpenFile(007212f0,00000001,art/skybox/day/right.tga))
 Class[afxFile].ConstructInstances(1, 0034cd10, 0034cd70)
 Constructing instance 02ab9db0 of afxFile : afxStream.
 Constructing instance 02ab9db0 of afxStream.
 Constructing instance 02ab9db0 of afxFile.
 Instance 02ab9db0[file]^1 built.
 Class[afxFile].DestructInstances(1, 0034ce30, 0a570020)
 Destructing instance 02ab9db0 of afxFile class.
 Destructing instance 02ab9db0 of afxFile : afxStream class.
 Destructing instance 02ab9db0 of afxStream class.
 Instance 02ab9db0[file]^0 destroyed.
 ERR afxTexture.c:203?AfxTextureUploadRegions
    
 afxFile.c:253?AfxFileSystemOpenFile(Afx.FileSystem.OpenFile(007212f0,00000001,art/skybox/day/left.tga))
 Class[afxFile].ConstructInstances(1, 0034cd10, 0034cd70)
 Constructing instance 02ab9db0 of afxFile : afxStream.
 Constructing instance 02ab9db0 of afxStream.
 Constructing instance 02ab9db0 of afxFile.
 Instance 02ab9db0[file]^1 built.
 Class[afxFile].DestructInstances(1, 0034ce30, 0a570020)
 Destructing instance 02ab9db0 of afxFile class.
 Destructing instance 02ab9db0 of afxFile : afxStream class.
 Destructing instance 02ab9db0 of afxStream class.
 Instance 02ab9db0[file]^0 destroyed.
 ERR afxTexture.c:203?AfxTextureUploadRegions
    
 afxFile.c:253?AfxFileSystemOpenFile(Afx.FileSystem.OpenFile(007212f0,00000001,art/skybox/day/bottom.tga))
 Class[afxFile].ConstructInstances(1, 0034cd10, 0034cd70)
 Constructing instance 02ab9db0 of afxFile : afxStream.
 Constructing instance 02ab9db0 of afxStream.
 Constructing instance 02ab9db0 of afxFile.
 Instance 02ab9db0[file]^1 built.
 Class[afxFile].DestructInstances(1, 0034ce30, 0a570020)
 Destructing instance 02ab9db0 of afxFile class.
 Destructing instance 02ab9db0 of afxFile : afxStream class.
 Destructing instance 02ab9db0 of afxStream class.
 Instance 02ab9db0[file]^0 destroyed.
 ERR afxTexture.c:203?AfxTextureUploadRegions
    
 afxFile.c:253?AfxFileSystemOpenFile(Afx.FileSystem.OpenFile(007212f0,00000001,art/skybox/day/top.tga))
 Class[afxFile].ConstructInstances(1, 0034cd10, 0034cd70)
 Constructing instance 02ab9db0 of afxFile : afxStream.
 Constructing instance 02ab9db0 of afxStream.
 Constructing instance 02ab9db0 of afxFile.
 Instance 02ab9db0[file]^1 built.
 Class[afxFile].DestructInstances(1, 0034ce30, 0a570020)
 Destructing instance 02ab9db0 of afxFile class.
 Destructing instance 02ab9db0 of afxFile : afxStream class.
 Destructing instance 02ab9db0 of afxStream class.
 Instance 02ab9db0[file]^0 destroyed.
 ERR afxTexture.c:203?AfxTextureUploadRegions
    
 afxFile.c:253?AfxFileSystemOpenFile(Afx.FileSystem.OpenFile(007212f0,00000001,art/skybox/day/front.tga))
 Class[afxFile].ConstructInstances(1, 0034cd10, 0034cd70)
 Constructing instance 02ab9db0 of afxFile : afxStream.
 Constructing instance 02ab9db0 of afxStream.
 Constructing instance 02ab9db0 of afxFile.
 Instance 02ab9db0[file]^1 built.
 Class[afxFile].DestructInstances(1, 0034ce30, 0a570020)
 Destructing instance 02ab9db0 of afxFile class.
 Destructing instance 02ab9db0 of afxFile : afxStream class.
 Destructing instance 02ab9db0 of afxStream class.
 Instance 02ab9db0[file]^0 destroyed.
 ERR afxTexture.c:203?AfxTextureUploadRegions
    
 afxFile.c:253?AfxFileSystemOpenFile(Afx.FileSystem.OpenFile(007212f0,00000001,art/skybox/day/back.tga))
 Class[afxFile].ConstructInstances(1, 0034cd10, 0034cd70)
 Constructing instance 02ab9db0 of afxFile : afxStream.
 Constructing instance 02ab9db0 of afxStream.
 Constructing instance 02ab9db0 of afxFile.
 Instance 02ab9db0[file]^1 built.
 Class[afxFile].DestructInstances(1, 0034ce30, 0a570020)
 Destructing instance 02ab9db0 of afxFile class.
 Destructing instance 02ab9db0 of afxFile : afxStream class.
 Destructing instance 02ab9db0 of afxStream class.
 Instance 02ab9db0[file]^0 destroyed.
 ERR afxTexture.c:203?AfxTextureUploadRegions
    
 Instance 02ab9bd0[tex]^1 built.
 Class[afxVertexBuffer].ConstructInstances(1, 0034d538, 0034d598)
 Constructing instance 02b162e0 of afxVertexBuffer : Buffer.
 Constructing instance 02b162e0 of Buffer.
 sglBuffer.c:455?_AfxBufCtor(buf=02b162e0)
 Constructing instance 02b162e0 of afxVertexBuffer.
 afxVertexBuffer.c:303?_AfxVbufCtor(vbuf=02b162e0)
 Instance 02b162e0[vbuf]^1 built.
 Uploading draw operation 'data/pipeline/skybox.urd'
 afxDrawOperation.c:628?_AfxDrawContextUploadOperationsUrd(dctx=02a39080)
 afxUrd.c:980?AfxFileSystemLoadUrd(uri=data/pipeline/skybox.urdp)
 Class[afxUrd].ConstructInstances(1, 0033fbac, 0033fc0c)
 Constructing instance 02ab9db0 of afxUrd.
 afxUrd.c:939?_AfxUrdCtor(uri:data/pipeline/skybox.urd)
 afxFile.c:253?AfxFileSystemOpenFile(Afx.FileSystem.OpenFile(007212f0,00000001,data/pipeline/skybox.urd))
 Class[afxFile].ConstructInstances(1, 0033f834, 0033f894)
 Constructing instance 02ab9e50 of afxFile : afxStream.
 Constructing instance 02ab9e50 of afxStream.
 Constructing instance 02ab9e50 of afxFile.
 Instance 02ab9e50[file]^1 built.
 Class[afxFile].DestructInstances(1, 0033f954, 00000000)
 Destructing instance 02ab9e50 of afxFile class.
 Destructing instance 02ab9e50 of afxFile : afxStream class.
 Destructing instance 02ab9e50 of afxStream class.
 Instance 02ab9e50[file]^0 destroyed.
 Instance 02ab9db0[urd]^1 built.
 afxShader.c:443?AfxDrawContextBuildShaders(dctx=02a39080,cnt=1,blueprint=0033fd6c,shd=0033fd40)
 sglShader.c:405?_AfxDrawContextBuildShaders(dctx=02a39080,cnt=1,blueprint=0033fd6c,shd=0033fd40)
 Building draw operation 'skyboxVs'
 Class[Shader].ConstructInstances(1, 0033fa60, 0033fac0)
 Constructing instance 02ab9e50 of Shader.
 sglShader.c:216?_AfxShdCtor(shd=02ab9e50)
 
        #version 330 core

        // QWADRO. Engineered by SIGMA Technology Group.

        layout(std140, row_major) uniform sgl_view
        {
            mat4 v;
            mat4 p;
            mat4 vp;
        };

        layout(location = 0) in vec3 a_xyz;

        out block
        {
            vec3 uvw0;
        } sgl_v;

        void main()
        {
            sgl_v.uvw0 = a_xyz;
            vec4 pos = vec4(a_xyz, 1.0) * v * p;
            gl_Position = pos.xyww;
        }
       
 Class[Lego Template].ConstructInstances(1, 0033f3dc, 0033f43c)
 Constructing instance 02aba250 of Lego Template.
 sglLego.c:260?_AfxLegtCtor(legt=02aba250)
 Instance 02aba250[legt]^1 built.
 Instance 02ab9e50[shd]^1 built.
 afxShader.c:443?AfxDrawContextBuildShaders(dctx=02a39080,cnt=1,blueprint=0033fd6c,shd=0033fd40)
 sglShader.c:405?_AfxDrawContextBuildShaders(dctx=02a39080,cnt=1,blueprint=0033fd6c,shd=0033fd40)
 Building draw operation 'skyboxFs'
 Class[Shader].ConstructInstances(1, 0033fa60, 0033fac0)
 Constructing instance 02aba4e0 of Shader.
 sglShader.c:216?_AfxShdCtor(shd=02aba4e0)
 
        #version 330 core

        // QWADRO. Engineered by SIGMA Technology Group.

        uniform samplerCube samp;

        in block
        {
            vec3 uvw0;
        } sgl_v;

        out vec4 sgl_rgba;

        void main()
        {
            sgl_rgba = texture(samp, sgl_v.uvw0);
        }
       
 Class[Lego Template].ConstructInstances(1, 0033f3dc, 0033f43c)
 Constructing instance 02aba820 of Lego Template.
 sglLego.c:260?_AfxLegtCtor(legt=02aba820)
 Instance 02aba820[legt]^1 built.
 Instance 02aba4e0[shd]^1 built.
 Building draw operation 'skybox'
 Class[afxDrawOperation].ConstructInstances(1, 0033fb38, 0033fb98)
 Constructing instance 02abaab0 of afxDrawOperation.
 afxDrawOperation.c:474?_AfxDopCtor(dop=02abaab0)
 afxPipeline.c:204?AfxDrawContextBuildPipeline(dctx=02a39080)
 sglPipeline.c:983?_AfxDrawContextBuildPipeline(dctx=02a39080)
 Class[Pipeline].ConstructInstances(1, 003371a4, 00337204)
 Constructing instance 02abac90 of Pipeline : afxResource.
 Constructing instance 02abac90 of afxResource.
 afxResource.c:99?_AfxResCtor(res=02abac90)
 Constructing instance 02abac90 of Pipeline.
 sglPipeline.c:665?_AfxPipCtor(pip=02abac90)
 afxShader.c:690?AfxDrawContextAcquireShaders(dctx=02a39080,cnt=1,uri=00337398,shd=003364d8)
 Taking connection 02abadbc connecting 02ab9e50?shd#2 to holder 02abac90?pip#1.
 afxShader.c:690?AfxDrawContextAcquireShaders(dctx=02a39080,cnt=1,uri=003383b0,shd=003364d8)
 Taking connection 02abadf0 connecting 02aba4e0?shd#2 to holder 02abac90?pip#1.
 Class[Lego Template].ConstructInstances(1, 00336258, 003362b8)
 Constructing instance 02abb430 of Lego Template.
 sglLego.c:260?_AfxLegtCtor(legt=02abb430)
 Instance 02abb430[legt]^1 built.
 Class[Pipeline Rig].ConstructInstances(1, 0033632c, 0033638c)
 Constructing instance 02abb6c0 of Pipeline Rig.
 sglPipelineRig.c:76?_AfxPiprCtor(pipr=02abb6c0)
 Instance 02abb6c0[pipa]^1 built.
 Instance 02abac90[pip]^1 built.
 Instance 02abaab0[dop]^1 built.
 Class[afxUrd].DestructInstances(1, 0033fca8, 98cf78a3)
 Destructing instance 02ab9db0 of afxUrd class.
 afxUrd.c:918?_AfxUrdDtor(urd=02ab9db0)
 Instance 02ab9db0[urd]^0 destroyed.
 sglSampler.c:137?_AfxDrawContextAcquireSampler(dctx=02a39080,spec=0034d840)
 Class[Sampler].ConstructInstances(1, 0034d4fc, 0034d55c)
 Constructing instance 02abb780 of Sampler.
 sglSampler.c:184?_AfxSmpCtor(smp=02abb780)
 Instance 02abb780[smp]^1 built.
 sglCanvas.c:322?_AfxDrawContextBuildCanvases(dctx=02a39080,cnt=1,blueprint=0034d5a0,canv=00fa803c)
 Class[Canvas].ConstructInstances(1, 0034d314, 0034d374)
 Constructing instance 02abb870 of Canvas.
 sglCanvas.c:414?_AfxCanvCtor(canv=02abb870)
 sglSurface.c:91?_AfxDrawContextAcquireSurface(dctx=02a39080,fmt=22,whd=[1272,693,1],usage=32)
 ADV afxTexture.c:15?AfxTextureBlueprintReset
    texb->fcc == AFX_FCC_TEXB
 Class[Surface].ConstructInstances(1, 0034c794, 0034c7f4)
 Constructing instance 02abb960 of Surface : Texture.
 Constructing instance 02abb960 of Texture : afxResource.
 Constructing instance 02abb960 of afxResource.
 afxResource.c:99?_AfxResCtor(res=02abb960)
 Constructing instance 02abb960 of Texture.
 sglTexture.c:1000?_AfxTexCtor(tex=02abb960)
 Constructing instance 02abb960 of Surface.
 sglSurface.c:154?_AfxSurfCtor(surf=02abb960)
 Instance 02abb960[surf]^1 built.
 Instance 02abb870[canv]^1 built.
 Class[Buffer].ConstructInstances(1, 0034d538, 0034d598)
 Constructing instance 02abbb60 of Buffer.
 sglBuffer.c:455?_AfxBufCtor(buf=02abbb60)
 Instance 02abbb60[buf]^1 built.
 Class[Lego].ConstructInstances(1, 0034d4a0, 0034d500)
 Constructing instance 02abbd70 of Lego.
 sglLego.c:333?_AfxLegoCtor(lego=02abbd70)
 Instance 02abbd70[lego]^1 built.
 sglCanvas.c:322?_AfxDrawContextBuildCanvases(dctx=02a39080,cnt=1,blueprint=0034d5a0,canv=00fa8048)
 Class[Canvas].ConstructInstances(1, 0034d314, 0034d374)
 Constructing instance 02abbe80 of Canvas.
 sglCanvas.c:414?_AfxCanvCtor(canv=02abbe80)
 sglSurface.c:91?_AfxDrawContextAcquireSurface(dctx=02a39080,fmt=22,whd=[1272,693,1],usage=32)
 ADV afxTexture.c:15?AfxTextureBlueprintReset
    texb->fcc == AFX_FCC_TEXB
 Class[Surface].ConstructInstances(1, 0034c794, 0034c7f4)
 Constructing instance 02abbf70 of Surface : Texture.
 Constructing instance 02abbf70 of Texture : afxResource.
 Constructing instance 02abbf70 of afxResource.
 afxResource.c:99?_AfxResCtor(res=02abbf70)
 Constructing instance 02abbf70 of Texture.
 sglTexture.c:1000?_AfxTexCtor(tex=02abbf70)
 Constructing instance 02abbf70 of Surface.
 sglSurface.c:154?_AfxSurfCtor(surf=02abbf70)
 Instance 02abbf70[surf]^1 built.
 Instance 02abbe80[canv]^1 built.
 Class[Buffer].ConstructInstances(1, 0034d538, 0034d598)
 Constructing instance 02abc170 of Buffer.
 sglBuffer.c:455?_AfxBufCtor(buf=02abc170)
 Instance 02abc170[buf]^1 built.
 Class[Lego].ConstructInstances(1, 0034d4a0, 0034d500)
 Constructing instance 02abc380 of Lego.
 sglLego.c:333?_AfxLegoCtor(lego=02abc380)
 Instance 02abc380[lego]^1 built.
 sglDrawScript.c:439?_AfxDrawInputAcquireScript(din=02ab6260)
 Class[Draw Script].ConstructInstances(1, 0034de88, 0034dee8)
 Constructing instance 02abc490 of Draw Script.
 sglDrawScript.c:483?_AfxDscrCtor(dscr=02abc490)
 Instance 02abc490[dscr]^1 built.
 afxTexture 02dae760 hardware-side data instanced.
 afxSurface 02dae760 hardware-side data instanced.
 afxTexture 02abb960 hardware-side data instanced.
 afxSurface 02abb960 hardware-side data instanced.
 afxCanvas 02abb870 hardware-side data instanced.
 afxShader 02ab9e50 hardware-side data instanced.
 afxShader 02aba4e0 hardware-side data instanced.
 afxPipeline 02abac90 hardware-side data instanced.
 afxBuffer 02abbb60 hardware-side data instanced.
 afxTexture 02ab9bd0 hardware-side data instanced.
 afxSampler 02abb780 hardware-side data instanced.
 afxBuffer 02b162e0 hardware-side data instanced.
 afxShader 01b9f3b0 hardware-side data instanced.
 afxShader 02a3acf0 hardware-side data instanced.
 afxPipeline 01c1f400 hardware-side data instanced.
 afxBuffer 02b16210 hardware-side data instanced.
 afxSampler 02b0f750 hardware-side data instanced.
 afxTexture 02dae960 hardware-side data instanced.
 afxSurface 02dae960 hardware-side data instanced.
 afxTexture 02abbf70 hardware-side data instanced.
 afxSurface 02abbf70 hardware-side data instanced.
 afxCanvas 02abbe80 hardware-side data instanced.
 ADV afxSystem.c:574?AfxSystemProcess
    User input requested application break.
 afxApplication.c:293?AfxApplicationExit(app=02a39c80)
 Skybox.c:484?AfxLeaveApplication(app=02a39c80)
 Class[Draw Input].DestructInstances(1, 0034e6dc, 3d83126f)
 Destructing instance 02ab6260 of Draw Input class.
 sglDrawInput.c:231?_AfxDinDtor(din=02ab6260)
 Instance 02ab6260[din]^0 destroyed.
 aaaaaaaaaaaa
 Class[afxApplication].DestructInstances(1, 0034e77c, 01010101)
 Destructing instance 02a39c80 of afxApplication class.
 afxApplication.c:382?_AfxAppDtor(app=02a39c80)
 Deregistering afxSimulation class...
 Class[afxSimulation].DestructInstances(1, 0034e384, 0034e21c)
 Destructing instance 02dadac0 of afxSimulation class.
 afxSimulation.c:369?_AfxSimDtor(sim=02dadac0)
 Deregistering afxLight class...
 afxLight class deregistered.
 Deregistering afxCamera class...
 Class[afxCamera].DestructInstances(1, 0034df84, 02ab7ee0)
 Destructing instance 02ab9820 of afxCamera class.
 afxCamera.c:315?_AfxCamDtor(cam=02ab9820)
 Destructing instance 02ab9820 of afxCamera : afxNode class.
 Destructing instance 02ab9820 of afxNode class.
 Instance 02ab9820[cam]^0 destroyed.
 afxCamera class deregistered.
 Deregistering afxEntity class...
 afxEntity class deregistered.
 Deregistering afxBody class...
 afxBody class deregistered.
 Deregistering afxModel class...
 afxModel class deregistered.
 Deregistering afxSkeleton class...
 afxSkeleton class deregistered.
 Deregistering afxNode class...
 afxNode class deregistered.
 Deregistering afxMesh class...
 afxMesh class deregistered.
 Deregistering afxMaterial class...
 afxMaterial class deregistered.
 Class[afxMemory].DestructInstances(1, 0034e0b0, 02dae1e0)
 Destructing instance 02b1f910 of afxMemory class.
 afxMemory.c:280?_AfxMemDtor(mem=02b1f910)
 afxMemory.c:219?AfxMemoryExhaust(mem=02b1f910)
 Exhausted. (mem)02b1f910
 Instance 02b1f910[mem]^0 destroyed.
 Instance 02dadac0[sim]^0 destroyed.
 afxSimulation class deregistered.
 Deregistering afxWidget class...
 afxWidget class deregistered.
 Class[Draw Input].DestructInstances(1, 0034e4b0, 0fc913d7)
 Destructing instance 01c1fd90 of Draw Input class.
 sglDrawInput.c:231?_AfxDinDtor(din=01c1fd90)
 Instance 01c1fd90[din]^0 destroyed.
 Class[afxMouse].DestructInstances(1, 0034e4b0, 0f3fee04)
 Destructing instance 01c1fcb0 of afxMouse class.
 afxMouse.c:261?_AfxMseDtor(mse=01c1fcb0)
 Destructing instance 01c1fcb0 of afxMouse : afxHid class.
 Destructing instance 01c1fcb0 of afxHid class.
 afxHid.c:47?_AfxHidDtor(hid=01c1fcb0)
 Instance 01c1fcb0[mse]^0 destroyed.
 Instance 02a39c80[app]^0 destroyed.
 Class[Draw Context].DestructInstances(1, 0034e77c, 0f3fee04)
 Destructing instance 02a39080 of Draw Context class.
 sglDrawContext.c:355?_AfxDctxDtor(dctx=02a39080)
 Deregistering Draw Output class...
 Class[Draw Output].DestructInstances(1, 0034e384, 00aabe68)
 Destructing instance 02dae1e0 of Draw Output class.
 sglDrawOutput.c:291?_AfxDoutDtor(dout=02dae1e0)
 sglDrawOutput.c:245?_AfxDoutDropAllSurfaces(dout=02dae1e0)
 Instance 02dae1e0[dout]^0 destroyed.
 Draw Output class deregistered.
 Deregistering Lego class...
 Class[Lego].DestructInstances(1, 0034e384, 0f3fee04)
 Destructing instance 02abc380 of Lego class.
 sglLego.c:220?_AfxLegoDtor(lego=02abc380)
 Instance 02abc380[lego]^0 destroyed.
 Class[Lego].DestructInstances(1, 0034e384, 0f3fee04)
 Destructing instance 02abbd70 of Lego class.
 sglLego.c:220?_AfxLegoDtor(lego=02abbd70)
 Instance 02abbd70[lego]^0 destroyed.
 Class[Lego].DestructInstances(1, 0034e384, 0f3fee04)
 Destructing instance 01c1fb90 of Lego class.
 sglLego.c:220?_AfxLegoDtor(lego=01c1fb90)
 Instance 01c1fb90[lego]^0 destroyed.
 Lego class deregistered.
 Deregistering Lego Template class...
 Class[Lego Template].DestructInstances(1, 0034e384, 0f3fee04)
 Destructing instance 02abb430 of Lego Template class.
 sglLego.c:234?_AfxLegtDtor(legt=02abb430)
 Instance 02abb430[legt]^0 destroyed.
 Class[Lego Template].DestructInstances(1, 0034e384, 0f3fee04)
 Destructing instance 02aba820 of Lego Template class.
 sglLego.c:234?_AfxLegtDtor(legt=02aba820)
 Instance 02aba820[legt]^0 destroyed.
 Class[Lego Template].DestructInstances(1, 0034e384, 0f3fee04)
 Destructing instance 02aba250 of Lego Template class.
 sglLego.c:234?_AfxLegtDtor(legt=02aba250)
 Instance 02aba250[legt]^0 destroyed.
 Class[Lego Template].DestructInstances(1, 0034e384, 0f3fee04)
 Destructing instance 02b0f4c0 of Lego Template class.
 sglLego.c:234?_AfxLegtDtor(legt=02b0f4c0)
 Instance 02b0f4c0[legt]^0 destroyed.
 Class[Lego Template].DestructInstances(1, 0034e384, 0f3fee04)
 Destructing instance 007e7f60 of Lego Template class.
 sglLego.c:234?_AfxLegtDtor(legt=007e7f60)
 Instance 007e7f60[legt]^0 destroyed.
 Class[Lego Template].DestructInstances(1, 0034e384, 0f3fee04)
 Destructing instance 01b9f120 of Lego Template class.
 sglLego.c:234?_AfxLegtDtor(legt=01b9f120)
 Instance 01b9f120[legt]^0 destroyed.
 Lego Template class deregistered.
 Deregistering afxDrawOperation class...
 Class[afxDrawOperation].DestructInstances(1, 0034e384, 0f3fee04)
 Destructing instance 02abaab0 of afxDrawOperation class.
 afxDrawOperation.c:465?_AfxDopDtor(dop=02abaab0)
 Instance 02abaab0[dop]^0 destroyed.
 Class[afxDrawOperation].DestructInstances(1, 0034e384, 0f3fee04)
 Destructing instance 01b8dd00 of afxDrawOperation class.
 afxDrawOperation.c:465?_AfxDopDtor(dop=01b8dd00)
 Instance 01b8dd00[dop]^0 destroyed.
 afxDrawOperation class deregistered.
 Deregistering Pipeline class...
 Class[Pipeline].DestructInstances(1, 0034e384, 0f3fee04)
 Dropping connection 02abadf0 from 02aba4e0?shd#3 to holder 02abac90?pip#0.
 Dropping connection 02abadbc from 02ab9e50?shd#3 to holder 02abac90?pip#0.
 Destructing instance 02abac90 of Pipeline class.
 sglPipeline.c:602?_AfxPipDtor(pip=02abac90)
 Class[Pipeline Rig].DestructInstances(1, 0034e078, 0034dec0)
 Destructing instance 02abb6c0 of Pipeline Rig class.
 sglPipelineRig.c:58?_AfxPiprDtor(pipr=02abb6c0)
 Instance 02abb6c0[pipa]^0 destroyed.
 Destructing instance 02abac90 of Pipeline : afxResource class.
 Destructing instance 02abac90 of afxResource class.
 afxResource.c:88?_AfxResDtor(res=02abac90)
 Instance 02abac90[pip]^0 destroyed.
 Class[Pipeline].DestructInstances(1, 0034e384, 0f3fee04)
 Dropping connection 01c1f560 from 02a3acf0?shd#5 to holder 01c1f400?pip#0.
 Dropping connection 01c1f52c from 01b9f3b0?shd#3 to holder 01c1f400?pip#0.
 Destructing instance 01c1f400 of Pipeline class.
 sglPipeline.c:602?_AfxPipDtor(pip=01c1f400)
 Class[Pipeline Rig].DestructInstances(1, 0034e078, 0f3fee04)
 Destructing instance 02a3b030 of Pipeline Rig class.
 sglPipelineRig.c:58?_AfxPiprDtor(pipr=02a3b030)
 Instance 02a3b030[pipa]^0 destroyed.
 Destructing instance 01c1f400 of Pipeline : afxResource class.
 Destructing instance 01c1f400 of afxResource class.
 afxResource.c:88?_AfxResDtor(res=01c1f400)
 Instance 01c1f400[pip]^0 destroyed.
 Class[Pipeline].DestructInstances(1, 0034e384, 0f3fee04)
 Dropping connection 02b0ee80 from 02a3acf0?shd#4 to holder 02b0ed20?pip#0.
 Dropping connection 02b0ee4c from 007e96f0?shd#3 to holder 02b0ed20?pip#0.
 Destructing instance 02b0ed20 of Pipeline class.
 sglPipeline.c:602?_AfxPipDtor(pip=02b0ed20)
 Class[Pipeline Rig].DestructInstances(1, 0034e078, 0f3fee04)
 Destructing instance 007e81f0 of Pipeline Rig class.
 sglPipelineRig.c:58?_AfxPiprDtor(pipr=007e81f0)
 Instance 007e81f0[pipa]^0 destroyed.
 Destructing instance 02b0ed20 of Pipeline : afxResource class.
 Destructing instance 02b0ed20 of afxResource class.
 afxResource.c:88?_AfxResDtor(res=02b0ed20)
 Instance 02b0ed20[pip]^0 destroyed.
 Pipeline class deregistered.
 Deregistering Pipeline Rig class...
 Pipeline Rig class deregistered.
 Deregistering Shader class...
 Class[Shader].DestructInstances(1, 0034e384, 0f3fee04)
 Destructing instance 02aba4e0 of Shader class.
 ERR afxObject.c:276?AfxObjectAssert
    
 ERR afxObject.c:276?AfxObjectAssert
    (obj)
    Invalid
 ERR afxObject.c:157?AfxObjectTestFcc
    
 ERR afxObject.c:157?AfxObjectTestFcc
    (obj)
    Invalid
 ERR afxObject.c:204?AfxObjectGetClass
    
 ERR afxObject.c:204?AfxObjectGetClass
    (obj)
    Invalid