
 afxDebug.c:363?AfxAttachDebugTerminal()
      ::::::::  :::       :::     :::     :::::::::  :::::::::   ::::::::      
     :+:    :+: :+:       :+:   :+: :+:   :+:    :+: :+:    :+: :+:    :+:     
     +:+    +:+ +:+       +:+  +:+   +:+  +:+    +:+ +:+    +:+ +:+    +:+     
     +#+    +:+ +#+  +:+  +#+ +#++:++#++: +#+    +:+ +#++:++#:  +#+    +:+     
     +#+  # +#+ +#+ +#+#+ +#+ +#+     +#+ +#+    +#+ +#+    +#+ +#+    +#+     
     #+#   +#+   #+#+# #+#+#  #+#     #+# #+#    #+# #+#    #+# #+#    #+#     
      ###### ###  ###   ###   ###     ### #########  ###    ###  ########      
                                                                               
             S I G M A   C O . ,   T E C H N O L O G Y   G R O U P             
                                                                             
                                    4D AFX                                   
                              Public Test Build                              
                     (c) 2017 SIGMA Co., Technology Group                    
                               www.sigmaco.org                               
                                                                             
                                                                             
 afxClass<afxSystem>::Register(512e4df0, 00000000, 00000000, 512c45ec)
 afxClass<afxSystem>::AllocateInstances(1, 003aeb0c, 003aeba4)
 afxClass<afxSystem>::ConstructInstances(1, 003aeb0c, 003aeb6c)
 afxClass<afxSystem>::ConstructInstance(0065f520)
 afxSystem.c:818?_AfxSysCtor(sys=0065f520)
 ADV afxSystem.c:834?_AfxSysCtor
    Memoy page size: 4096
 ADV afxSystem.c:835?_AfxSysCtor
    Logical processor count: 2
 afxClass<afxMemory>::Register(006605a4, 0065f554, 00000000, 512c86f8)
 afxClass<Memory Arena>::Register(0066064c, 0065f554, 006605a4, 512c807c)
 afxMemory.c:259?AfxSystemAcquireMemory(sys=0065f520,strategy=003ad718,hint="afxSystem.c:853!_AfxSysCtor")
 afxClass<afxMemory>::AllocateInstances(1, 003ad4e0, 003ad59c)
 afxClass<afxMemory>::ConstructInstances(1, 003ad4e0, 003ad540)
 afxClass<afxMemory>::ConstructInstance(00660ca0)
 afxMemory.c:317?_AfxMemCtor(mem=00660ca0)
 afxClass<afxThread>::Register(006606f4, 0065f554, 00000000, 512c4cb4)
 afxClass<afxFileSystem>::Register(0066079c, 0065f554, 00000000, 512c6188)
 afxFileSystem.c:545?AfxSystemAcquireFileSystem(Afx.System.AcquireFileSystem(0065f520,5,003ad8dc))
 afxClass<afxFileSystem>::AllocateInstances(1, 003ad4d4, 003ad584)
 afxClass<afxFileSystem>::ConstructInstances(1, 003ad4d4, 003ad534)
 afxClass<afxFileSystem>::ConstructInstance(006612e0)
 afxFileSystem.c:612?_AfxFsysCtor(fsys=006612e0)
 afxClass<afxStream>::Register(00661330, 00661318, 00000000, 512c7570)
 afxClass<afxFile>::Register(006613d8, 00661318, 00661330, 512c5f04)
 afxClass<afxArchive>::Register(00661480, 00661318, 006613d8, 512c5890)
 afxClass<afxResource>::Register(006615d0, 00661318, 00000000, 512c73d0)
 afxClass<afxUrd>::Register(00661528, 00661318, 00000000, 512c7988)
 afxFileSystem.c:376?AfxFileSystemMountStoragePoints(Afx.FileSystem.MountStoragePoints(006612e0,5,003ad8dc))
 Point "." 5 mounted -> "E:/qwadro/afx".
 Point "system" 7 mounted -> "E:/qwadro/afx/system32".
 Point "art" 5 mounted -> "E:/qwadro/afx/art".
 Point "data" 5 mounted -> "E:/qwadro/afx/data".
 Point "sound" 5 mounted -> "E:/qwadro/afx/sound".
 afxClass<afxModule>::Register(00660844, 0065f554, 00000000, 512c2e3c)
 afxModule.c:72?AfxSystemAcquireModule(sys=0065f520,uri=system/e2coree.dll)
 afxClass<afxModule>::AllocateInstances(1, 003ad478, 003ad574)
 afxClass<afxModule>::ConstructInstances(1, 003ad478, 003ad4d8)
 afxClass<afxModule>::ConstructInstance(00663310)
 afxModule.c:142?_AfxMdleCtor(uri:system/e2coree.dll)
 afxClass<afxHid>::Register(006608ec, 0065f554, 00000000, 512c6668)
 afxClass<afxKeyboard>::Register(00660994, 0065f554, 006608ec, 512c6f68)
 afxClass<afxMouse>::Register(00660a3c, 0065f554, 006608ec, 512c7128)
 afxClass<afxDrawSystem>::Register(00660ae4, 0065f554, 00000000, 512cbef0)
 afxClass<afxApplication>::Register(00660b8c, 0065f554, 00000000, 512c2000)
 afxKeyboard.c:163?AfxSystemAcquireKeyboard(sys=0065f520,port=0)
 afxClass<afxKeyboard>::AllocateInstances(1, 003ad4f8, 003ad5a8)
 afxClass<afxKeyboard>::ConstructInstances(1, 003ad4f8, 003ad558)
 afxClass<afxKeyboard, afxHid>ConstructingInstance(006633d0)
 afxClass<afxHid>::ConstructInstance(006633d0)
 afxHid.c:75?_AfxHidCtor(hid=006633d0)
 afxClass<afxKeyboard>::ConstructInstance(006633d0)
 afxKeyboard.c:222?_AfxKbdCtor(kbd=006633d0)
 afxDrawSystem.c:320?AfxSystemAcquireDrawSystem(sys=0065f520)
 afxClass<afxDrawSystem>::AllocateInstances(1, 003aeb0c, 003aeb9c)
 afxClass<afxDrawSystem>::ConstructInstances(1, 003aeb0c, 003aeb6c)
 afxClass<afxDrawSystem>::ConstructInstance(00663ff0)
 afxDrawSystem.c:418?_AfxDsysCtor(dsys=00663ff0)
 afxClass<afxDrawDriver>::Register(00664038, 00664024, 00000000, 512ca7e4)
New texture codec registered.
Name: SIGGL
Author: SIGMA Technology Group
Version: 0.5.1
Note: 
    :::::::::::     :::     :::::::::   ::::::::      :::        
        :+:       :+: :+:   :+:    :+: :+:    :+:   :+: :+:      
        +:+      +:+   +:+  +:+    +:+ +:+         +:+   +:+     
        +#+     +#++:++#++: +#++:++#:  :#:        +#++:++#++:    
        +#+     +#+     +#+ +#+    +#+ +#+   +#+# +#+     +#+    
        #+#     #+#     #+# #+#    #+# #+#    #+# #+#     #+#    
        ###     ###     ### ###    ###  ########  ###     ###    
                                                                 
                      SIGMA Technology Group                     
 Truecolor Targa texture serializer installed!
 afxModule.c:72?AfxSystemAcquireModule(sys=0065f520,uri=e2draw.icd)
 afxClass<afxModule>::AllocateInstances(1, 003ae5c8, 003ae6c4)
 afxClass<afxModule>::ConstructInstances(1, 003ae5c8, 003ae628)
 afxClass<afxModule>::ConstructInstance(00665480)
 afxModule.c:142?_AfxMdleCtor(uri:e2draw.icd)
 Listing mem available display devices...

 #0 = Intel(R) HD Graphics (\\.\DISPLAY1) 8000005
 #1 = RDPDD Chained DD (\\.\DISPLAYV1) 200008
 #2 = RDP Encoder Mirror Driver (\\.\DISPLAYV2) 200008
 #3 = RDP Reflector Display Driver (\\.\DISPLAYV3) 200008
 sglDriver.c:1268?_SglCreateCombinedDeviceContext(oglWndClss=006666c0,shareCtx=00000000,phwnd=006666f0,phdc=006666f4,phrc=006666fc)
 sglDriver.c:786?_SglLoadVmt(vmt=00666700,verMajor=1,verMinor=0)
 glCullFace @ 0 found.
 glFrontFace @ 1 found.
 glHint @ 2 found.
 glLineWidth @ 3 found.
 glPointSize @ 4 found.
 glPolygonMode @ 5 found.
 glScissor @ 6 found.
 glTexParameterf @ 7 found.
 glTexParameterfv @ 8 found.
 glTexParameteri @ 9 found.
 glTexParameteriv @ 10 found.
 glTexImage1D @ 11 found.
 glTexImage2D @ 12 found.
 glDrawBuffer @ 13 found.
 glClear @ 14 found.
 glClearColor @ 15 found.
 glClearStencil @ 16 found.
 glClearDepth @ 17 found.
 glStencilMask @ 18 found.
 glColorMask @ 19 found.
 glDepthMask @ 20 found.
 glDisable @ 21 found.
 glEnable @ 22 found.
 glFinish @ 23 found.
 glFlush @ 24 found.
 glBlendFunc @ 25 found.
 glLogicOp @ 26 found.
 glStencilFunc @ 27 found.
 glStencilOp @ 28 found.
 glDepthFunc @ 29 found.
 glPixelStoref @ 30 found.
 glPixelStorei @ 31 found.
 glReadBuffer @ 32 found.
 glReadPixels @ 33 found.
 glGetBooleanv @ 34 found.
 glGetDoublev @ 35 found.
 glGetError @ 36 found.
 glGetFloatv @ 37 found.
 glGetIntegerv @ 38 found.
 glGetString @ 39 found.
 glGetTexImage @ 40 found.
 glGetTexParameterfv @ 41 found.
 glGetTexParameteriv @ 42 found.
 glGetTexLevelParameterfv @ 43 found.
 glGetTexLevelParameteriv @ 44 found.
 glIsEnabled @ 45 found.
 glDepthRange @ 46 found.
 glViewport @ 47 found.
 sglDriver.c:786?_SglLoadVmt(vmt=00666700,verMajor=4,verMinor=6)
 glCullFace @ 0 found.
 glFrontFace @ 1 found.
 glHint @ 2 found.
 glLineWidth @ 3 found.
 glPointSize @ 4 found.
 glPolygonMode @ 5 found.
 glScissor @ 6 found.
 glTexParameterf @ 7 found.
 glTexParameterfv @ 8 found.
 glTexParameteri @ 9 found.
 glTexParameteriv @ 10 found.
 glTexImage1D @ 11 found.
 glTexImage2D @ 12 found.
 glDrawBuffer @ 13 found.
 glClear @ 14 found.
 glClearColor @ 15 found.
 glClearStencil @ 16 found.
 glClearDepth @ 17 found.
 glStencilMask @ 18 found.
 glColorMask @ 19 found.
 glDepthMask @ 20 found.
 glDisable @ 21 found.
 glEnable @ 22 found.
 glFinish @ 23 found.
 glFlush @ 24 found.
 glBlendFunc @ 25 found.
 glLogicOp @ 26 found.
 glStencilFunc @ 27 found.
 glStencilOp @ 28 found.
 glDepthFunc @ 29 found.
 glPixelStoref @ 30 found.
 glPixelStorei @ 31 found.
 glReadBuffer @ 32 found.
 glReadPixels @ 33 found.
 glGetBooleanv @ 34 found.
 glGetDoublev @ 35 found.
 glGetError @ 36 found.
 glGetFloatv @ 37 found.
 glGetIntegerv @ 38 found.
 glGetString @ 39 found.
 glGetTexImage @ 40 found.
 glGetTexParameterfv @ 41 found.
 glGetTexParameteriv @ 42 found.
 glGetTexLevelParameterfv @ 43 found.
 glGetTexLevelParameteriv @ 44 found.
 glIsEnabled @ 45 found.
 glDepthRange @ 46 found.
 glViewport @ 47 found.
 glDrawArrays @ 48 found.
 glDrawElements @ 49 found.
 glGetPointerv @ 50 found.
 glPolygonOffset @ 51 found.
 glCopyTexImage1D @ 52 found.
 glCopyTexImage2D @ 53 found.
 glCopyTexSubImage1D @ 54 found.
 glCopyTexSubImage2D @ 55 found.
 glTexSubImage1D @ 56 found.
 glTexSubImage2D @ 57 found.
 glBindTexture @ 58 found.
 glDeleteTextures @ 59 found.
 glGenTextures @ 60 found.
 glIsTexture @ 61 found.
 glDrawRangeElements @ 62 found.
 glTexImage3D @ 63 found.
 glTexSubImage3D @ 64 found.
 glCopyTexSubImage3D @ 65 found.
 glActiveTexture @ 66 found.
 glSampleCoverage @ 67 found.
 glCompressedTexImage3D @ 68 found.
 glCompressedTexImage2D @ 69 found.
 glCompressedTexImage1D @ 70 found.
 glCompressedTexSubImage3D @ 71 found.
 glCompressedTexSubImage2D @ 72 found.
 glCompressedTexSubImage1D @ 73 found.
 glGetCompressedTexImage @ 74 found.
 glBlendFuncSeparate @ 75 found.
 glMultiDrawArrays @ 76 found.
 glMultiDrawElements @ 77 found.
 glPointParameterf @ 78 found.
 glPointParameterfv @ 79 found.
 glPointParameteri @ 80 found.
 glPointParameteriv @ 81 found.
 glBlendColor @ 82 found.
 glBlendEquation @ 83 found.
 glGenQueries @ 84 found.
 glDeleteQueries @ 85 found.
 glIsQuery @ 86 found.
 glBeginQuery @ 87 found.
 glEndQuery @ 88 found.
 glGetQueryiv @ 89 found.
 glGetQueryObjectiv @ 90 found.
 glGetQueryObjectuiv @ 91 found.
 glBindBuffer @ 92 found.
 glDeleteBuffers @ 93 found.
 glGenBuffers @ 94 found.
 glIsBuffer @ 95 found.
 glBufferData @ 96 found.
 glBufferSubData @ 97 found.
 glGetBufferSubData @ 98 found.
 glMapBuffer @ 99 found.
 glUnmapBuffer @ 100 found.
 glGetBufferParameteriv @ 101 found.
 glGetBufferPointerv @ 102 found.
 glBlendEquationSeparate @ 103 found.
 glDrawBuffers @ 104 found.
 glStencilOpSeparate @ 105 found.
 glStencilFuncSeparate @ 106 found.
 glStencilMaskSeparate @ 107 found.
 glAttachShader @ 108 found.
 glBindAttribLocation @ 109 found.
 glCompileShader @ 110 found.
 glCreateProgram @ 111 found.
 glCreateShader @ 112 found.
 glDeleteProgram @ 113 found.
 glDeleteShader @ 114 found.
 glDetachShader @ 115 found.
 glDisableVertexAttribArray @ 116 found.
 glEnableVertexAttribArray @ 117 found.
 glGetActiveAttrib @ 118 found.
 glGetActiveUniform @ 119 found.
 glGetAttachedShaders @ 120 found.
 glGetAttribLocation @ 121 found.
 glGetProgramiv @ 122 found.
 glGetProgramInfoLog @ 123 found.
 glGetShaderiv @ 124 found.
 glGetShaderInfoLog @ 125 found.
 glGetShaderSource @ 126 found.
 glGetUniformLocation @ 127 found.
 glGetUniformfv @ 128 found.
 glGetUniformiv @ 129 found.
 glGetVertexAttribdv @ 130 found.
 glGetVertexAttribfv @ 131 found.
 glGetVertexAttribiv @ 132 found.
 glGetVertexAttribPointerv @ 133 found.
 glIsProgram @ 134 found.
 glIsShader @ 135 found.
 glLinkProgram @ 136 found.
 glShaderSource @ 137 found.
 glUseProgram @ 138 found.
 glUniform1f @ 139 found.
 glUniform2f @ 140 found.
 glUniform3f @ 141 found.
 glUniform4f @ 142 found.
 glUniform1i @ 143 found.
 glUniform2i @ 144 found.
 glUniform3i @ 145 found.
 glUniform4i @ 146 found.
 glUniform1fv @ 147 found.
 glUniform2fv @ 148 found.
 glUniform3fv @ 149 found.
 glUniform4fv @ 150 found.
 glUniform1iv @ 151 found.
 glUniform2iv @ 152 found.
 glUniform3iv @ 153 found.
 glUniform4iv @ 154 found.
 glUniformMatrix2fv @ 155 found.
 glUniformMatrix3fv @ 156 found.
 glUniformMatrix4fv @ 157 found.
 glValidateProgram @ 158 found.
 glVertexAttrib1d @ 159 found.
 glVertexAttrib1dv @ 160 found.
 glVertexAttrib1f @ 161 found.
 glVertexAttrib1fv @ 162 found.
 glVertexAttrib1s @ 163 found.
 glVertexAttrib1sv @ 164 found.
 glVertexAttrib2d @ 165 found.
 glVertexAttrib2dv @ 166 found.
 glVertexAttrib2f @ 167 found.
 glVertexAttrib2fv @ 168 found.
 glVertexAttrib2s @ 169 found.
 glVertexAttrib2sv @ 170 found.
 glVertexAttrib3d @ 171 found.
 glVertexAttrib3dv @ 172 found.
 glVertexAttrib3f @ 173 found.
 glVertexAttrib3fv @ 174 found.
 glVertexAttrib3s @ 175 found.
 glVertexAttrib3sv @ 176 found.
 glVertexAttrib4Nbv @ 177 found.
 glVertexAttrib4Niv @ 178 found.
 glVertexAttrib4Nsv @ 179 found.
 glVertexAttrib4Nub @ 180 found.
 glVertexAttrib4Nubv @ 181 found.
 glVertexAttrib4Nuiv @ 182 found.
 glVertexAttrib4Nusv @ 183 found.
 glVertexAttrib4bv @ 184 found.
 glVertexAttrib4d @ 185 found.
 glVertexAttrib4dv @ 186 found.
 glVertexAttrib4f @ 187 found.
 glVertexAttrib4fv @ 188 found.
 glVertexAttrib4iv @ 189 found.
 glVertexAttrib4s @ 190 found.
 glVertexAttrib4sv @ 191 found.
 glVertexAttrib4ubv @ 192 found.
 glVertexAttrib4uiv @ 193 found.
 glVertexAttrib4usv @ 194 found.
 glVertexAttribPointer @ 195 found.
 glUniformMatrix2x3fv @ 196 found.
 glUniformMatrix3x2fv @ 197 found.
 glUniformMatrix2x4fv @ 198 found.
 glUniformMatrix4x2fv @ 199 found.
 glUniformMatrix3x4fv @ 200 found.
 glUniformMatrix4x3fv @ 201 found.
 glColorMaski @ 202 found.
 glGetBooleani_v @ 203 found.
 glGetIntegeri_v @ 204 found.
 glEnablei @ 205 found.
 glDisablei @ 206 found.
 glIsEnabledi @ 207 found.
 glBeginTransformFeedback @ 208 found.
 glEndTransformFeedback @ 209 found.
 glBindBufferRange @ 210 found.
 glBindBufferBase @ 211 found.
 glTransformFeedbackVaryings @ 212 found.
 glGetTransformFeedbackVarying @ 213 found.
 glClampColor @ 214 found.
 glBeginConditionalRender @ 215 found.
 glEndConditionalRender @ 216 found.
 glVertexAttribIPointer @ 217 found.
 glGetVertexAttribIiv @ 218 found.
 glGetVertexAttribIuiv @ 219 found.
 glVertexAttribI1i @ 220 found.
 glVertexAttribI2i @ 221 found.
 glVertexAttribI3i @ 222 found.
 glVertexAttribI4i @ 223 found.
 glVertexAttribI1ui @ 224 found.
 glVertexAttribI2ui @ 225 found.
 glVertexAttribI3ui @ 226 found.
 glVertexAttribI4ui @ 227 found.
 glVertexAttribI1iv @ 228 found.
 glVertexAttribI2iv @ 229 found.
 glVertexAttribI3iv @ 230 found.
 glVertexAttribI4iv @ 231 found.
 glVertexAttribI1uiv @ 232 found.
 glVertexAttribI2uiv @ 233 found.
 glVertexAttribI3uiv @ 234 found.
 glVertexAttribI4uiv @ 235 found.
 glVertexAttribI4bv @ 236 found.
 glVertexAttribI4sv @ 237 found.
 glVertexAttribI4ubv @ 238 found.
 glVertexAttribI4usv @ 239 found.
 glGetUniformuiv @ 240 found.
 glBindFragDataLocation @ 241 found.
 glGetFragDataLocation @ 242 found.
 glUniform1ui @ 243 found.
 glUniform2ui @ 244 found.
 glUniform3ui @ 245 found.
 glUniform4ui @ 246 found.
 glUniform1uiv @ 247 found.
 glUniform2uiv @ 248 found.
 glUniform3uiv @ 249 found.
 glUniform4uiv @ 250 found.
 glTexParameterIiv @ 251 found.
 glTexParameterIuiv @ 252 found.
 glGetTexParameterIiv @ 253 found.
 glGetTexParameterIuiv @ 254 found.
 glClearBufferiv @ 255 found.
 glClearBufferuiv @ 256 found.
 glClearBufferfv @ 257 found.
 glClearBufferfi @ 258 found.
 glGetStringi @ 259 found.
 glIsRenderbuffer @ 260 found.
 glBindRenderbuffer @ 261 found.
 glDeleteRenderbuffers @ 262 found.
 glGenRenderbuffers @ 263 found.
 glRenderbufferStorage @ 264 found.
 glGetRenderbufferParameteriv @ 265 found.
 glIsFramebuffer @ 266 found.
 glBindFramebuffer @ 267 found.
 glDeleteFramebuffers @ 268 found.
 glGenFramebuffers @ 269 found.
 glCheckFramebufferStatus @ 270 found.
 glFramebufferTexture1D @ 271 found.
 glFramebufferTexture2D @ 272 found.
 glFramebufferTexture3D @ 273 found.
 glFramebufferRenderbuffer @ 274 found.
 glGetFramebufferAttachmentParameteriv @ 275 found.
 glGenerateMipmap @ 276 found.
 glBlitFramebuffer @ 277 found.
 glRenderbufferStorageMultisample @ 278 found.
 glFramebufferTextureLayer @ 279 found.
 glMapBufferRange @ 280 found.
 glFlushMappedBufferRange @ 281 found.
 glBindVertexArray @ 282 found.
 glDeleteVertexArrays @ 283 found.
 glGenVertexArrays @ 284 found.
 glIsVertexArray @ 285 found.
 glDrawArraysInstanced @ 286 found.
 glDrawElementsInstanced @ 287 found.
 glTexBuffer @ 288 found.
 glPrimitiveRestartIndex @ 289 found.
 glCopyBufferSubData @ 290 found.
 glGetUniformIndices @ 291 found.
 glGetActiveUniformsiv @ 292 found.
 glGetActiveUniformName @ 293 found.
 glGetUniformBlockIndex @ 294 found.
 glGetActiveUniformBlockiv @ 295 found.
 glGetActiveUniformBlockName @ 296 found.
 glUniformBlockBinding @ 297 found.
 glDrawElementsBaseVertex @ 298 found.
 glDrawRangeElementsBaseVertex @ 299 found.
 glDrawElementsInstancedBaseVertex @ 300 found.
 glMultiDrawElementsBaseVertex @ 301 found.
 glProvokingVertex @ 302 found.
 glFenceSync @ 303 found.
 glIsSync @ 304 found.
 glDeleteSync @ 305 found.
 glClientWaitSync @ 306 found.
 glWaitSync @ 307 found.
 glGetInteger64v @ 308 found.
 glGetSynciv @ 309 found.
 glGetInteger64i_v @ 310 found.
 glGetBufferParameteri64v @ 311 found.
 glFramebufferTexture @ 312 found.
 glTexImage2DMultisample @ 313 found.
 glTexImage3DMultisample @ 314 found.
 glGetMultisamplefv @ 315 found.
 glSampleMaski @ 316 found.
 glBindFragDataLocationIndexed @ 317 found.
 glGetFragDataIndex @ 318 found.
 glGenSamplers @ 319 found.
 glDeleteSamplers @ 320 found.
 glIsSampler @ 321 found.
 glBindSampler @ 322 found.
 glSamplerParameteri @ 323 found.
 glSamplerParameteriv @ 324 found.
 glSamplerParameterf @ 325 found.
 glSamplerParameterfv @ 326 found.
 glSamplerParameterIiv @ 327 found.
 glSamplerParameterIuiv @ 328 found.
 glGetSamplerParameteriv @ 329 found.
 glGetSamplerParameterIiv @ 330 found.
 glGetSamplerParameterfv @ 331 found.
 glGetSamplerParameterIuiv @ 332 found.
 glQueryCounter @ 333 found.
 glGetQueryObjecti64v @ 334 found.
 glGetQueryObjectui64v @ 335 found.
 glVertexAttribDivisor @ 336 found.
 glVertexAttribP1ui @ 337 found.
 glVertexAttribP1uiv @ 338 found.
 glVertexAttribP2ui @ 339 found.
 glVertexAttribP2uiv @ 340 found.
 glVertexAttribP3ui @ 341 found.
 glVertexAttribP3uiv @ 342 found.
 glVertexAttribP4ui @ 343 found.
 glVertexAttribP4uiv @ 344 found.
 glMinSampleShading @ 345 found.
 glBlendEquationi @ 346 found.
 glBlendEquationSeparatei @ 347 found.
 glBlendFunci @ 348 found.
 glBlendFuncSeparatei @ 349 found.
 glDrawArraysIndirect @ 350 found.
 glDrawElementsIndirect @ 351 found.
 glUniform1d @ 352 found.
 glUniform2d @ 353 found.
 glUniform3d @ 354 found.
 glUniform4d @ 355 found.
 glUniform1dv @ 356 found.
 glUniform2dv @ 357 found.
 glUniform3dv @ 358 found.
 glUniform4dv @ 359 found.
 glUniformMatrix2dv @ 360 found.
 glUniformMatrix3dv @ 361 found.
 glUniformMatrix4dv @ 362 found.
 glUniformMatrix2x3dv @ 363 found.
 glUniformMatrix2x4dv @ 364 found.
 glUniformMatrix3x2dv @ 365 found.
 glUniformMatrix3x4dv @ 366 found.
 glUniformMatrix4x2dv @ 367 found.
 glUniformMatrix4x3dv @ 368 found.
 glGetUniformdv @ 369 found.
 glGetSubroutineUniformLocation @ 370 found.
 glGetSubroutineIndex @ 371 found.
 glGetActiveSubroutineUniformiv @ 372 found.
 glGetActiveSubroutineUniformName @ 373 found.
 glGetActiveSubroutineName @ 374 found.
 glUniformSubroutinesuiv @ 375 found.
 glGetUniformSubroutineuiv @ 376 found.
 glGetProgramStageiv @ 377 found.
 glPatchParameteri @ 378 found.
 glPatchParameterfv @ 379 found.
 glBindTransformFeedback @ 380 found.
 glDeleteTransformFeedbacks @ 381 found.
 glGenTransformFeedbacks @ 382 found.
 glIsTransformFeedback @ 383 found.
 glPauseTransformFeedback @ 384 found.
 glResumeTransformFeedback @ 385 found.
 glDrawTransformFeedback @ 386 found.
 glDrawTransformFeedbackStream @ 387 found.
 glBeginQueryIndexed @ 388 found.
 glEndQueryIndexed @ 389 found.
 glGetQueryIndexediv @ 390 found.
 glReleaseShaderCompiler @ 391 found.
 glShaderBinary @ 392 found.
 glGetShaderPrecisionFormat @ 393 found.
 glDepthRangef @ 394 found.
 glClearDepthf @ 395 found.
 glGetProgramBinary @ 396 found.
 glProgramBinary @ 397 found.
 glProgramParameteri @ 398 found.
 glUseProgramStages @ 399 found.
 glActiveShaderProgram @ 400 found.
 glCreateShaderProgramv @ 401 found.
 glBindProgramPipeline @ 402 found.
 glDeleteProgramPipelines @ 403 found.
 glGenProgramPipelines @ 404 found.
 glIsProgramPipeline @ 405 found.
 glGetProgramPipelineiv @ 406 found.
 glProgramUniform1i @ 407 found.
 glProgramUniform1iv @ 408 found.
 glProgramUniform1f @ 409 found.
 glProgramUniform1fv @ 410 found.
 glProgramUniform1d @ 411 found.
 glProgramUniform1dv @ 412 found.
 glProgramUniform1ui @ 413 found.
 glProgramUniform1uiv @ 414 found.
 glProgramUniform2i @ 415 found.
 glProgramUniform2iv @ 416 found.
 glProgramUniform2f @ 417 found.
 glProgramUniform2fv @ 418 found.
 glProgramUniform2d @ 419 found.
 glProgramUniform2dv @ 420 found.
 glProgramUniform2ui @ 421 found.
 glProgramUniform2uiv @ 422 found.
 glProgramUniform3i @ 423 found.
 glProgramUniform3iv @ 424 found.
 glProgramUniform3f @ 425 found.
 glProgramUniform3fv @ 426 found.
 glProgramUniform3d @ 427 found.
 glProgramUniform3dv @ 428 found.
 glProgramUniform3ui @ 429 found.
 glProgramUniform3uiv @ 430 found.
 glProgramUniform4i @ 431 found.
 glProgramUniform4iv @ 432 found.
 glProgramUniform4f @ 433 found.
 glProgramUniform4fv @ 434 found.
 glProgramUniform4d @ 435 found.
 glProgramUniform4dv @ 436 found.
 glProgramUniform4ui @ 437 found.
 glProgramUniform4uiv @ 438 found.
 glProgramUniformMatrix2fv @ 439 found.
 glProgramUniformMatrix3fv @ 440 found.
 glProgramUniformMatrix4fv @ 441 found.
 glProgramUniformMatrix2dv @ 442 found.
 glProgramUniformMatrix3dv @ 443 found.
 glProgramUniformMatrix4dv @ 444 found.
 glProgramUniformMatrix2x3fv @ 445 found.
 glProgramUniformMatrix3x2fv @ 446 found.
 glProgramUniformMatrix2x4fv @ 447 found.
 glProgramUniformMatrix4x2fv @ 448 found.
 glProgramUniformMatrix3x4fv @ 449 found.
 glProgramUniformMatrix4x3fv @ 450 found.
 glProgramUniformMatrix2x3dv @ 451 found.
 glProgramUniformMatrix3x2dv @ 452 found.
 glProgramUniformMatrix2x4dv @ 453 found.
 glProgramUniformMatrix4x2dv @ 454 found.
 glProgramUniformMatrix3x4dv @ 455 found.
 glProgramUniformMatrix4x3dv @ 456 found.
 glValidateProgramPipeline @ 457 found.
 glGetProgramPipelineInfoLog @ 458 found.
 glVertexAttribL1d @ 459 found.
 glVertexAttribL2d @ 460 found.
 glVertexAttribL3d @ 461 found.
 glVertexAttribL4d @ 462 found.
 glVertexAttribL1dv @ 463 found.
 glVertexAttribL2dv @ 464 found.
 glVertexAttribL3dv @ 465 found.
 glVertexAttribL4dv @ 466 found.
 glVertexAttribLPointer @ 467 found.
 glGetVertexAttribLdv @ 468 found.
 glViewportArrayv @ 469 found.
 glViewportIndexedf @ 470 found.
 glViewportIndexedfv @ 471 found.
 glScissorArrayv @ 472 found.
 glScissorIndexed @ 473 found.
 glScissorIndexedv @ 474 found.
 glDepthRangeArrayv @ 475 found.
 glDepthRangeIndexed @ 476 found.
 glGetFloati_v @ 477 found.
 glGetDoublei_v @ 478 found.
 glDrawArraysInstancedBaseInstance @ 479 found.
 glDrawElementsInstancedBaseInstance @ 480 found.
 glDrawElementsInstancedBaseVertexBaseInstance @ 481 found.
 glGetInternalformativ @ 482 found.
 glGetActiveAtomicCounterBufferiv @ 483 found.
 glBindImageTexture @ 484 found.
 glMemoryBarrier @ 485 found.
 glTexStorage1D @ 486 found.
 glTexStorage2D @ 487 found.
 glTexStorage3D @ 488 found.
 glDrawTransformFeedbackInstanced @ 489 found.
 glDrawTransformFeedbackStreamInstanced @ 490 found.
 glDispatchCompute @ 493 found.
 glDispatchComputeIndirect @ 494 found.
 glFramebufferParameteri @ 496 found.
 glGetFramebufferParameteriv @ 497 found.
 glGetInternalformati64v @ 498 found.
 glInvalidateFramebuffer @ 503 found.
 glInvalidateSubFramebuffer @ 504 found.
 glMultiDrawArraysIndirect @ 505 found.
 glMultiDrawElementsIndirect @ 506 found.
 glGetProgramInterfaceiv @ 507 found.
 glGetProgramResourceIndex @ 508 found.
 glGetProgramResourceName @ 509 found.
 glGetProgramResourceiv @ 510 found.
 glGetProgramResourceLocation @ 511 found.
 glGetProgramResourceLocationIndex @ 512 found.
 glShaderStorageBlockBinding @ 513 found.
 glTexBufferRange @ 514 found.
 glTexStorage2DMultisample @ 515 found.
 glTexStorage3DMultisample @ 516 found.
 glBindVertexBuffer @ 518 found.
 glVertexAttribFormat @ 519 found.
 glVertexAttribIFormat @ 520 found.
 glVertexAttribLFormat @ 521 found.
 glVertexAttribBinding @ 522 found.
 glVertexBindingDivisor @ 523 found.
 glDebugMessageControl @ 524 found.
 glDebugMessageInsert @ 525 found.
 glDebugMessageCallback @ 526 found.
 glGetDebugMessageLog @ 527 found.
 glPushDebugGroup @ 528 found.
 glPopDebugGroup @ 529 found.
 glObjectLabel @ 530 found.
 glGetObjectLabel @ 531 found.
 glObjectPtrLabel @ 532 found.
 glGetObjectPtrLabel @ 533 found.
 glBufferStorage @ 534 found.
 glClipControl @ 543 found.
 glNamedBufferStorage @ 551 found.
 glTextureBufferRange @ 589 found.
 glTextureParameteri @ 606 found.
 glMemoryBarrierByRegion @ 641 found.
 glGetGraphicsResetStatus @ 644 found.
 glGetnCompressedTexImage @ 645 found.
 glGetnTexImage @ 646 found.
 glGetnUniformdv @ 647 found.
 glGetnUniformfv @ 648 found.
 glGetnUniformiv @ 649 found.
 glGetnUniformuiv @ 650 found.
 glReadnPixels @ 651 found.
 afxDrawDriver.c:77?AfxDrawSystemRegisterDriver(dsys=00663ff0,mdle=00665480,spec=003ae3a0)
 afxClass<afxDrawDriver>::AllocateInstances(1, 003ae21c, 003ae2c8)
 afxClass<afxDrawDriver>::ConstructInstances(1, 003ae21c, 003ae27c)
 afxClass<afxDrawDriver>::ConstructInstance(01924da0)
 afxDrawDriver.c:138?_AfxDdrvCtor(ddrv=01924da0)
 afxClass<Draw Context>::Register(01924de8, 01924dd4, 00000000, 003adf58)
New draw driver registered.
Name: SIGGL
Author: SIGMA Technology Group
Version: 0.7.2
Note: 
 ad88888ba   88    ,ad8888ba,     ,ad8888ba,   88           
d8"     "8b  88   d8"'    `"8b   d8"'    `"8b  88           
Y8,          88  d8'            d8'            88           
`Y8aaaaa,    88  88             88             88           
  `"""""8b,  88  88      88888  88      88888  88
        `8b  88  Y8,        88  Y8,        88  88           
Y8a     a8P  88   Y8a.    .a88   Y8a.    .a88  88           
 "Y88888P"   88    `"Y88888P"     `"Y88888P"   88888888888  
 Loading draw ICDs...
 afxModule.c:72?AfxSystemAcquireModule(sys=0065f520,uri=e2draw.icd)
 afxModule.c:72?AfxSystemAcquireModule(sys=0065f520,uri=e2newton.icd)
 afxClass<afxModule>::AllocateInstances(1, 003ae3b4, 003ae4b0)
 afxClass<afxModule>::ConstructInstances(1, 003ae3b4, 003ae414)
 afxClass<afxModule>::ConstructInstance(018d06d0)
 afxModule.c:142?_AfxMdleCtor(uri:e2newton.icd)
 afxDrawContext.c:285?AfxDrawSystemAcquireContext(dsys=00663ff0,spec=003aec54)
 afxClass<Draw Context>::AllocateInstances(1, 003aeac4, 003aeb68)
 afxClass<Draw Context>::ConstructInstances(1, 003aeac4, 003aeb24)
 afxClass<Draw Context>::ConstructInstance(01923b30)
 sglDrawContext.c:435?_AfxDctxCtor(dctx=01923b30)
 afxClass<afxDrawScript>::Register(01924400, 01923b64, 00000000, 5384911c)
 afxClass<afxDrawInput>::Register(019244a8, 01923b64, 00000000, 53848a60)
 afxClass<afxDrawQueue>::Register(01924550, 01923b64, 00000000, 003ae7dc)
 afxClass<afxBuffer>::Register(01923b78, 01923b64, 00000000, 53847020)
 afxClass<afxVertexBuffer>::Register(01923c20, 01923b64, 01923b78, 003ae7dc)
 afxClass<afxIndexBuffer>::Register(01923cc8, 01923b64, 01923b78, 003ae7dc)
 afxClass<afxSampler>::Register(01923d70, 01923b64, 00000000, 5384ddb0)
 afxClass<afxTexture>::Register(01923e18, 01923b64, 006615d0, 5384e2dc)
 afxClass<afxSurface>::Register(01923ec0, 01923b64, 01923e18, 5384df44)
 afxClass<afxCanvas>::Register(01923f68, 01923b64, 00000000, 53847350)
 afxClass<afxShader>::Register(01924010, 01923b64, 00000000, 5384d950)
 afxClass<afxPipelineRig>::Register(019240b8, 01923b64, 00000000, 5384dc7c)
 afxClass<afxPipeline>::Register(01924160, 01923b64, 006615d0, 5384d45c)
 afxClass<afxDrawOperation>::Register(01924358, 01923b64, 00000000, 512caa64)
 afxClass<afxLegoTemplate>::Register(01924208, 01923b64, 00000000, 5384cfa8)
 afxClass<afxLego>::Register(019242b0, 01923b64, 00000000, 5384cf7c)
 afxClass<afxDrawOutput>::Register(019245f8, 01923b64, 00000000, 53848ce0)
 sglDrawQueue.c:1835?_AfxDrawContextAcquireQueue(dctx=01923b30)
 afxClass<afxDrawQueue>::AllocateInstances(1, 003ae618, 003ae6bc)
 afxClass<afxDrawQueue>::ConstructInstances(1, 003ae618, 003ae678)
 afxClass<afxDrawQueue>::ConstructInstance(0192fcf0)
 sglDrawQueue.c:1905?_AfxDqueCtor(dque=0192fcf0)
 Uploading draw operation 'data/pipeline/rgbaToRgba.urd'
 afxDrawOperation.c:647?_AfxDrawContextUploadOperationsUrd(dctx=01923b30)
 afxUrd.c:999?AfxFileSystemLoadUrd(uri=data/pipeline/rgbaToRgba.urdp)
 afxClass<afxUrd>::AllocateInstances(1, 003a05cc, 003a0678)
 afxClass<afxUrd>::ConstructInstances(1, 003a05cc, 003a062c)
 afxClass<afxUrd>::ConstructInstance(0072ff60)
 afxUrd.c:958?_AfxUrdCtor(uri:data/pipeline/rgbaToRgba.urd)
 afxFile.c:272?AfxFileSystemOpenFile(Afx.FileSystem.OpenFile(006612e0,00000001,data/pipeline/rgbaToRgba.urd))
 afxClass<afxFile>::AllocateInstances(1, 003a0264, 003a0334)
 afxClass<afxFile>::ConstructInstances(1, 003a0264, 003a02c4)
 afxClass<afxFile, afxStream>ConstructingInstance(019261a0)
 afxClass<afxStream>::ConstructInstance(019261a0)
 afxClass<afxFile>::ConstructInstance(019261a0)
 afxClass<afxFile>::DestructInstances(1, 003a0384)
 Destructing instance 019261a0 of afxFile class.
 Destructing instance 019261a0 of afxFile : afxStream class.
 Destructing instance 019261a0 of afxStream class.
 afxClass<afxFile>::DeallocateInstances(1, 003a0384)
 afxShader.c:443?AfxDrawContextBuildShaders(dctx=01923b30,cnt=1,blueprint=003a078c,shd=003a0760)
 sglShader.c:457?_AfxDrawContextBuildShaders(dctx=01923b30,cnt=1,blueprint=003a078c,shd=003a0760)
 Building draw operation 'rgbaToRgbaVs'
 afxClass<afxShader>::AllocateInstances(1, 003a0480, 003a054c)
 afxClass<afxShader>::ConstructInstances(1, 003a0480, 003a04e0)
 afxClass<afxShader>::ConstructInstance(00fc8220)
 sglShader.c:260?_AfxShdCtor(shd=00fc8220)
 
        #version 330 core

        // QWADRO. Engineered by SIGMA Technology Group.

        layout(location = 0) in vec2 a_xy;

        out block
        {
            vec2 uv0;
        } sgl_v;

        void main()
        {
            gl_Position = vec4(a_xy, 0.0, 1.0);
            sgl_v.uv0 = vec2(gl_Position.xy * 0.5 + 0.5).xy;
        }
       
 afxShader.c:443?AfxDrawContextBuildShaders(dctx=01923b30,cnt=1,blueprint=003a078c,shd=003a0760)
 sglShader.c:457?_AfxDrawContextBuildShaders(dctx=01923b30,cnt=1,blueprint=003a078c,shd=003a0760)
 Building draw operation 'rgbaToRgbaFs'
 afxClass<afxShader>::AllocateInstances(1, 003a0480, 003a054c)
 afxClass<afxShader>::ConstructInstances(1, 003a0480, 003a04e0)
 afxClass<afxShader>::ConstructInstance(01921010)
 sglShader.c:260?_AfxShdCtor(shd=01921010)
 
        #version 330 core

        // QWADRO. Engineered by SIGMA Technology Group.

        uniform sampler2D samp;

        in block
        {
            vec2 uv0;
        } sgl_v;

        out vec4 sgl_rgba;

        void main()
        {
            sgl_rgba = texture(samp, sgl_v.uv0);
        }
       
 afxClass<afxLegoTemplate>::AllocateInstances(1, 0039fe00, 0039febc)
 afxClass<afxLegoTemplate>::ConstructInstances(1, 0039fe00, 0039fe60)
 afxClass<afxLegoTemplate>::ConstructInstance(01924720)
 sglLego.c:298?_AfxLegtCtor(legt=01924720)
 afxShader.c:443?AfxDrawContextBuildShaders(dctx=01923b30,cnt=1,blueprint=003a078c,shd=003a0760)
 sglShader.c:457?_AfxDrawContextBuildShaders(dctx=01923b30,cnt=1,blueprint=003a078c,shd=003a0760)
 Building draw operation 'rgbaToRgbaVsYFlipped'
 afxClass<afxShader>::AllocateInstances(1, 003a0480, 003a054c)
 afxClass<afxShader>::ConstructInstances(1, 003a0480, 003a04e0)
 afxClass<afxShader>::ConstructInstance(0071b7d0)
 sglShader.c:260?_AfxShdCtor(shd=0071b7d0)
 
        #version 330 core

        // QWADRO. Engineered by SIGMA Technology Group.

        const mat4 m = mat4(1, 0, 0, 0, 0, -1, 0, 0, 0, 0, 1, 0, 0, 0, 0, 1);
        
        layout(location = 0) in vec2 a_xy;
        
        out block
        {
            vec2 uv0;
        } sgl_v;

        void main()
        {
            gl_Position = vec4(a_xy, 0.0, 1.0);
            sgl_v.uv0 = vec2(m * vec4(gl_Position.xy * 0.5 + 0.5, 0, 1)).xy;
        }
       
 Building draw operation 'rgbaToRgba'
 afxClass<afxDrawOperation>::AllocateInstances(1, 003a0558, 003a062c)
 afxClass<afxDrawOperation>::ConstructInstances(1, 003a0558, 003a05b8)
 afxClass<afxDrawOperation>::ConstructInstance(019211c0)
 afxDrawOperation.c:493?_AfxDopCtor(dop=019211c0)
 afxPipeline.c:204?AfxDrawContextBuildPipeline(dctx=01923b30)
 sglPipeline.c:1002?_AfxDrawContextBuildPipeline(dctx=01923b30)
 afxClass<afxPipeline>::AllocateInstances(1, 00397bd4, 00397c7c)
 afxClass<afxPipeline>::ConstructInstances(1, 00397bd4, 00397c34)
 afxClass<afxPipeline, afxResource>ConstructingInstance(019322c0)
 afxClass<afxResource>::ConstructInstance(019322c0)
 afxResource.c:118?_AfxResCtor(res=019322c0)
 afxClass<afxPipeline>::ConstructInstance(019322c0)
 sglPipeline.c:684?_AfxPipCtor(pip=019322c0)
 afxShader.c:690?AfxDrawContextAcquireShaders(dctx=01923b30,cnt=1,uri=00397dc8,shd=00396f18)
 Taking connection 019323e4 connecting 00fc8220?shd#2 to holder 019322c0?pip#1.
 afxShader.c:690?AfxDrawContextAcquireShaders(dctx=01923b30,cnt=1,uri=00398de0,shd=00396f18)
 Taking connection 01932418 connecting 01921010?shd#2 to holder 019322c0?pip#1.
 afxClass<afxLegoTemplate>::AllocateInstances(1, 00396c98, 00396d54)
 afxClass<afxLegoTemplate>::ConstructInstances(1, 00396c98, 00396cf8)
 afxClass<afxLegoTemplate>::ConstructInstance(00719c90)
 sglLego.c:298?_AfxLegtCtor(legt=00719c90)
 afxClass<afxPipelineRig>::AllocateInstances(1, 00396d6c, 00396e18)
 afxClass<afxPipelineRig>::ConstructInstances(1, 00396d6c, 00396dcc)
 afxClass<afxPipelineRig>::ConstructInstance(01922a80)
 sglPipelineRig.c:95?_AfxPiprCtor(pipr=01922a80)
 afxPipeline.c:204?AfxDrawContextBuildPipeline(dctx=01923b30)
 sglPipeline.c:1002?_AfxDrawContextBuildPipeline(dctx=01923b30)
 afxClass<afxPipeline>::AllocateInstances(1, 00397bd4, 00397c7c)
 afxClass<afxPipeline>::ConstructInstances(1, 00397bd4, 00397c34)
 afxClass<afxPipeline, afxResource>ConstructingInstance(019261a0)
 afxClass<afxResource>::ConstructInstance(019261a0)
 afxResource.c:118?_AfxResCtor(res=019261a0)
 afxClass<afxPipeline>::ConstructInstance(019261a0)
 sglPipeline.c:684?_AfxPipCtor(pip=019261a0)
 afxShader.c:690?AfxDrawContextAcquireShaders(dctx=01923b30,cnt=1,uri=00397dc8,shd=00396f18)
 Taking connection 019262c4 connecting 0071b7d0?shd#2 to holder 019261a0?pip#1.
 afxShader.c:690?AfxDrawContextAcquireShaders(dctx=01923b30,cnt=1,uri=00398de0,shd=00396f18)
 Taking connection 019262f8 connecting 01921010?shd#4 to holder 019261a0?pip#1.
 afxClass<afxLegoTemplate>::AllocateInstances(1, 00396c98, 00396d54)
 afxClass<afxLegoTemplate>::ConstructInstances(1, 00396c98, 00396cf8)
 afxClass<afxLegoTemplate>::ConstructInstance(00719f10)
 sglLego.c:298?_AfxLegtCtor(legt=00719f10)
 afxClass<afxPipelineRig>::AllocateInstances(1, 00396d6c, 00396e18)
 afxClass<afxPipelineRig>::ConstructInstances(1, 00396d6c, 00396dcc)
 afxClass<afxPipelineRig>::ConstructInstance(019249b0)
 sglPipelineRig.c:95?_AfxPiprCtor(pipr=019249b0)
 afxClass<afxUrd>::DestructInstances(1, 003a06c8)
 Destructing instance 0072ff60 of afxUrd class.
 afxUrd.c:937?_AfxUrdDtor(urd=0072ff60)
 afxClass<afxUrd>::DeallocateInstances(1, 003a06c8)
 sglSampler.c:137?_AfxDrawContextAcquireSampler(dctx=01923b30,spec=003ae390)
 afxClass<afxSampler>::AllocateInstances(1, 003adf1c, 003adfb8)
 afxClass<afxSampler>::ConstructInstances(1, 003adf1c, 003adf7c)
 afxClass<afxSampler>::ConstructInstance(01005830)
 sglSampler.c:203?_AfxSmpCtor(smp=01005830)
 afxClass<afxLego>::AllocateInstances(1, 003adec0, 003adf88)
 afxClass<afxLego>::ConstructInstances(1, 003adec0, 003adf20)
 afxClass<afxLego>::ConstructInstance(01005910)
 sglLego.c:371?_AfxLegoCtor(lego=01005910)
 afxClass<afxVertexBuffer>::AllocateInstances(1, 003adf58, 003ae038)
 afxClass<afxVertexBuffer>::ConstructInstances(1, 003adf58, 003adfb8)
 afxClass<afxVertexBuffer, afxBuffer>ConstructingInstance(01924a60)
 afxClass<afxBuffer>::ConstructInstance(01924a60)
 sglBuffer.c:474?_AfxBufCtor(buf=01924a60)
 afxClass<afxVertexBuffer>::ConstructInstance(01924a60)
 afxVertexBuffer.c:322?_AfxVbufCtor(vbuf=01924a60)
 afxApplication.c:368?AfxSystemAcquireApplication(sys=5125ba59,spec=512c96fe)
 afxClass<afxApplication>::AllocateInstances(1, 003aeb00, 003aeb94)
 afxClass<afxApplication>::ConstructInstances(1, 003aeb00, 003aeb60)
 afxClass<afxApplication>::ConstructInstance(01932a50)
 afxApplication.c:418?_AfxAppCtor(app=01932a50)
 afxMouse.c:232?AfxSystemAcquireMouse(sys=0065f520,port=0)
 afxClass<afxMouse>::AllocateInstances(1, 003ae704, 003ae7b4)
 afxClass<afxMouse>::ConstructInstances(1, 003ae704, 003ae764)
 afxClass<afxMouse, afxHid>ConstructingInstance(019a61b0)
 afxClass<afxHid>::ConstructInstance(019a61b0)
 afxHid.c:75?_AfxHidCtor(hid=019a61b0)
 afxClass<afxMouse>::ConstructInstance(019a61b0)
 afxMouse.c:289?_AfxMseCtor(mse=019a61b0)
 sglDrawInput.c:219?_AfxDrawContextAcquireInput(dctx=01923b30,spec=003ae858)
 afxClass<afxDrawInput>::AllocateInstances(1, 003ae6c8, 003ae75c)
 afxClass<afxDrawInput>::ConstructInstances(1, 003ae6c8, 003ae728)
 afxClass<afxDrawInput>::ConstructInstance(01926940)
 sglDrawInput.c:287?_AfxDinCtor(din=01926940)
 afxArena.c:821?AfxSystemAcquireArena(sys=0065f520,strategy=003ae400,hint="sglDrawInput.c:322!_AfxDinCtor")
 afxClass<Memory Arena>::AllocateInstances(1, 003ae2a0, 003ae368)
 afxClass<Memory Arena>::ConstructInstances(1, 003ae2a0, 003ae300)
 afxClass<Memory Arena, afxMemory>ConstructingInstance(01926a90)
 afxClass<afxMemory>::ConstructInstance(01926a90)
 afxMemory.c:317?_AfxMemCtor(mem=01926a90)
 afxClass<Memory Arena>::ConstructInstance(01926a90)
 afxArena.c:799?_AfxArenCtor(aren=01926a90)
 afxClass<afxWidget>::Register(01932f28, 01932a84, 00000000, 512d0930)
 afxClass<afxSimulation>::Register(01932fd0, 01932a84, 00000000, 512d1418)
 afxApplication.c:320?AfxApplicationExecute(app=01932a50)
 Skybox.c:406?AfxEnterApplication(app=01932a50)
 afxFileSystem.c:376?AfxFileSystemMountStoragePoints(Afx.FileSystem.MountStoragePoints(006612e0,1,003ae8d8))
 ERR afxFileSystem.c:387?AfxFileSystemMountStoragePoints
    
 ERR Skybox.c:420?AfxEnterApplication
    
 ERR Skybox.c:420?AfxEnterApplication
    (rslt == 1)
    Invalid
 afxArchive.c:599?AfxFileSystemAcquireArchive(Afx.FileSystem.AcquireArchive(006612e0,1,"art/mnt.zip"))
 afxClass<afxArchive>::AllocateInstances(1, 003ae630, 003ae700)
 afxClass<afxArchive>::ConstructInstances(1, 003ae630, 003ae690)
 afxClass<afxArchive, afxFile>ConstructingInstance(01a0fe10)
 afxClass<afxFile, afxStream>ConstructingInstance(01a0fe10)
 afxClass<afxStream>::ConstructInstance(01a0fe10)
 afxClass<afxFile>::ConstructInstance(01a0fe10)
 afxClass<afxArchive>::ConstructInstance(01a0fe10)
 afxArchive.c:645?_AfxArcCtor(arc=01a0fe10)
 signature: 0x6054B50
 diskNumber: 0
 centralDirectoryDiskNumber: 0
 numEntriesThisDisk: 2
 numEntries: 2
 centralDirectorySize: 185 0xb9
 centralDirectoryOffset: 514621 0x7da3d
 zipCommentLength: 0
 Archived item 0 -> 514621 0x7da3d
 signature: 33639248 0x2014b50
 versionMadeBy: 63 0x3f
 versionNeededToExtract: 20 0x14
 generalPurposeBitFlag: 0 0
 compressionMethod: 0 0
 lastModFileTime: 1350 0x546
 lastModFileDate: 22171 0x569b
 crc32: 0
 compressedSize: 0
 uncompressedSize: 0
 fileNameLength: 4
 textraFieldLength: 36
 fileCommentLength: 0
 diskNumberStart: 0
 internalFileAttributes: 0
 externalFileAttributes: 0x10
 relativeOffsetOflocalHeader: 0 0
 Archived item 0, 34 0x22
 2023/04/27 00:42:12 #0000 art/
 Archived item 1 -> 514707 0x7da93
 signature: 33639248 0x2014b50
 versionMadeBy: 63 0x3f
 versionNeededToExtract: 10 0xa
 generalPurposeBitFlag: 0 0
 compressionMethod: 0 0
 lastModFileTime: 1423 0x58f
 lastModFileDate: 22171 0x569b
 crc32: 0x594b0260
 compressedSize: 514540
 uncompressedSize: 514540
 fileNameLength: 17
 textraFieldLength: 36
 fileCommentLength: 0
 diskNumberStart: 0
 internalFileAttributes: 0
 externalFileAttributes: 0x20
 relativeOffsetOflocalHeader: 34 0x22
 Archived item 1, 81 0x51
 2023/04/27 00:44:30 #0001 art/worldtest.tga
 afxStream.c:354?AfxFileSystemAcquireStream(fsys:006612e0,flags=1,src=01a10f10,len=514540)
 afxClass<afxStream>::AllocateInstances(1, 003ae564, 003ae624)
 afxClass<afxStream>::ConstructInstances(1, 003ae564, 003ae5c4)
 afxClass<afxStream>::ConstructInstance(0071a1a0)
 afxFile.c:272?AfxFileSystemOpenFile(Afx.FileSystem.OpenFile(006612e0,00000002,system/worldtest.tga))
 afxClass<afxFile>::AllocateInstances(1, 003ae504, 003ae5d4)
 afxClass<afxFile>::ConstructInstances(1, 003ae504, 003ae564)
 afxClass<afxFile, afxStream>ConstructingInstance(046ddac0)
 afxClass<afxStream>::ConstructInstance(046ddac0)
 afxClass<afxFile>::ConstructInstance(046ddac0)
 afxClass<afxFile>::DestructInstances(1, 003ae624)
 Destructing instance 046ddac0 of afxFile class.
 Destructing instance 046ddac0 of afxFile : afxStream class.
 Destructing instance 046ddac0 of afxStream class.
 afxClass<afxFile>::DeallocateInstances(1, 003ae624)
 afxSimulation.c:480?AfxApplicationAcquireSimulation(app=01932a50,bounding=[[0.000000,0.000000,0.000000,1.000000],[0.000000,0.000000,0.000000,1.000000]])
 afxClass<afxSimulation>::AllocateInstances(1, 003ae5f4, 003ae6d8)
 afxClass<afxSimulation>::ConstructInstances(1, 003ae5f4, 003ae654)
 afxClass<afxSimulation>::ConstructInstance(046ddac0)
 afxSimulation.c:403?_AfxSimCtor(sim=046ddac0)
 afxMemory.c:259?AfxSystemAcquireMemory(sys=0065f520,strategy=003ae378,hint="afxSimulation.c:423!_AfxSimCtor")
 afxClass<afxMemory>::AllocateInstances(1, 003ae1d0, 003ae28c)
 afxClass<afxMemory>::ConstructInstances(1, 003ae1d0, 003ae230)
 afxClass<afxMemory>::ConstructInstance(01927120)
 afxMemory.c:317?_AfxMemCtor(mem=01927120)
 afxClass<afxMaterial>::Register(046ddda8, 046ddaf4, 00000000, 512d22b0)
 afxClass<afxMesh>::Register(046dde50, 046ddaf4, 00000000, 512d262c)
 afxClass<afxNode>::Register(046de048, 046ddaf4, 00000000, 512d1824)
 afxClass<afxSkeleton>::Register(046ddfa0, 046ddaf4, 046de048, 512d1c60)
 afxClass<afxModel>::Register(046ddef8, 046ddaf4, 00000000, 512d2f68)
 afxClass<afxBody>::Register(046ddb08, 046ddaf4, 046de048, 512d0bb8)
 afxClass<afxEntity>::Register(046ddbb0, 046ddaf4, 046de048, 512d11e8)
 afxClass<afxCamera>::Register(046ddc58, 046ddaf4, 046de048, 512d0e70)
 afxClass<afxLight>::Register(046ddd00, 046ddaf4, 046de048, 512d12cc)
 afxDrawOutput.c:127?AfxDrawContextAcquireOutput(dctx=01923b30,extent=003ae9b0,spec=003ae840)
 sglDrawOutput.c:271?_AfxDrawContextAcquireOutput(dctx=01923b30,extent=003ae9b0,spec=003ae840)
 afxClass<afxDrawOutput>::AllocateInstances(1, 003ae5f4, 003ae6a0)
 afxClass<afxDrawOutput>::ConstructInstances(1, 003ae5f4, 003ae654)
 afxClass<afxDrawOutput>::ConstructInstance(046de1d0)
 sglDrawOutput.c:544?_AfxDoutCtor(dout=046de1d0)
 sglSurface.c:91?_AfxDrawContextAcquireSurface(dctx=01923b30,fmt=4,whd=[1280,720,1],usage=16)
 ADV afxTexture.c:15?AfxTextureBlueprintReset
    texb->fcc == AFX_FCC_TEXB
 afxClass<afxSurface>::AllocateInstances(1, 003adb54, 003adc38)
 afxClass<afxSurface>::ConstructInstances(1, 003adb54, 003adbb4)
 afxClass<afxSurface, afxTexture>ConstructingInstance(046de740)
 afxClass<afxTexture, afxResource>ConstructingInstance(046de740)
 afxClass<afxResource>::ConstructInstance(046de740)
 afxResource.c:118?_AfxResCtor(res=046de740)
 afxClass<afxTexture>::ConstructInstance(046de740)
 sglTexture.c:1019?_AfxTexCtor(tex=046de740)
 afxClass<afxSurface>::ConstructInstance(046de740)
 sglSurface.c:173?_AfxSurfCtor(surf=046de740)
 sglSurface.c:91?_AfxDrawContextAcquireSurface(dctx=01923b30,fmt=4,whd=[1280,720,1],usage=16)
 ADV afxTexture.c:15?AfxTextureBlueprintReset
    texb->fcc == AFX_FCC_TEXB
 afxClass<afxSurface>::AllocateInstances(1, 003adb54, 003adc38)
 afxClass<afxSurface>::ConstructInstances(1, 003adb54, 003adbb4)
 afxClass<afxSurface, afxTexture>ConstructingInstance(046de940)
 afxClass<afxTexture, afxResource>ConstructingInstance(046de940)
 afxClass<afxResource>::ConstructInstance(046de940)
 afxResource.c:118?_AfxResCtor(res=046de940)
 afxClass<afxTexture>::ConstructInstance(046de940)
 sglTexture.c:1019?_AfxTexCtor(tex=046de940)
 afxClass<afxSurface>::ConstructInstance(046de940)
 sglSurface.c:173?_AfxSurfCtor(surf=046de940)
 sglDrawOutput.c:497?_AfxStdDoutImplCtor(dout=046de1d0,uri=window)
 sglDrawOutput.c:348?_AfxStdDoutImplCtorWnd(dout=046de1d0)
 Extent readjusted. (dout)046de1d0 -> 1272, 0.000000 of 3271487712; 693 0.000041 of 16842985
 sglDrawInput.c:219?_AfxDrawContextAcquireInput(dctx=01923b30,spec=003ae824)
 afxClass<afxDrawInput>::AllocateInstances(1, 003ae61c, 003ae6b0)
 afxClass<afxDrawInput>::ConstructInstances(1, 003ae61c, 003ae67c)
 afxClass<afxDrawInput>::ConstructInstance(01938f20)
 sglDrawInput.c:287?_AfxDinCtor(din=01938f20)
 afxArena.c:821?AfxSystemAcquireArena(sys=0065f520,strategy=003ae354,hint="sglDrawInput.c:322!_AfxDinCtor")
 afxClass<Memory Arena>::AllocateInstances(1, 003ae1f4, 003ae2bc)
 afxClass<Memory Arena>::ConstructInstances(1, 003ae1f4, 003ae254)
 afxClass<Memory Arena, afxMemory>ConstructingInstance(01939070)
 afxClass<afxMemory>::ConstructInstance(01939070)
 afxMemory.c:317?_AfxMemCtor(mem=01939070)
 afxClass<Memory Arena>::ConstructInstance(01939070)
 afxArena.c:799?_AfxArenCtor(aren=01939070)
 afxCamera.c:294?AfxSimulationAcquireCamera(sim=046ddac0,name=viewer,perspective=1)
 afxClass<afxCamera>::AllocateInstances(1, 003ae4a4, 003ae574)
 afxClass<afxCamera>::ConstructInstances(1, 003ae4a4, 003ae504)
 afxClass<afxCamera, afxNode>ConstructingInstance(0193c4d0)
 afxClass<afxNode>::ConstructInstance(0193c4d0)
 afxClass<afxCamera>::ConstructInstance(0193c4d0)
 afxCamera.c:342?_AfxCamCtor(cam=0193c4d0)
 ADV afxTexture.c:15?AfxTextureBlueprintReset
    texb->fcc == AFX_FCC_TEXB
 sglTexture.c:1172?_AfxDrawContextBuildTextures(dctx=01923b30,cnt=1,blueprint=003ae190,tex=010b8008)
 afxClass<afxTexture>::AllocateInstances(1, 003ad8f4, 003ad9b4)
 afxClass<afxTexture>::ConstructInstances(1, 003ad8f4, 003ad954)
 afxClass<afxTexture, afxResource>ConstructingInstance(0193c870)
 afxClass<afxResource>::ConstructInstance(0193c870)
 afxResource.c:118?_AfxResCtor(res=0193c870)
 afxClass<afxTexture>::ConstructInstance(0193c870)
 sglTexture.c:1019?_AfxTexCtor(tex=0193c870)
 afxFile.c:272?AfxFileSystemOpenFile(Afx.FileSystem.OpenFile(006612e0,00000001,art/skybox/day/right.tga))
 afxClass<afxFile>::AllocateInstances(1, 003ad170, 003ad240)
 afxClass<afxFile>::ConstructInstances(1, 003ad170, 003ad1d0)
 afxClass<afxFile, afxStream>ConstructingInstance(0193ca50)
 afxClass<afxStream>::ConstructInstance(0193ca50)
 afxClass<afxFile>::ConstructInstance(0193ca50)
 afxClass<afxFile>::DestructInstances(1, 003ad290)
 Destructing instance 0193ca50 of afxFile class.
 Destructing instance 0193ca50 of afxFile : afxStream class.
 Destructing instance 0193ca50 of afxStream class.
 afxClass<afxFile>::DeallocateInstances(1, 003ad290)
 ERR afxTexture.c:203?AfxTextureUploadRegions
    
 afxFile.c:272?AfxFileSystemOpenFile(Afx.FileSystem.OpenFile(006612e0,00000001,art/skybox/day/left.tga))
 afxClass<afxFile>::AllocateInstances(1, 003ad170, 003ad240)
 afxClass<afxFile>::ConstructInstances(1, 003ad170, 003ad1d0)
 afxClass<afxFile, afxStream>ConstructingInstance(0193ca50)
 afxClass<afxStream>::ConstructInstance(0193ca50)
 afxClass<afxFile>::ConstructInstance(0193ca50)
 afxClass<afxFile>::DestructInstances(1, 003ad290)
 Destructing instance 0193ca50 of afxFile class.
 Destructing instance 0193ca50 of afxFile : afxStream class.
 Destructing instance 0193ca50 of afxStream class.
 afxClass<afxFile>::DeallocateInstances(1, 003ad290)
 ERR afxTexture.c:203?AfxTextureUploadRegions
    
 afxFile.c:272?AfxFileSystemOpenFile(Afx.FileSystem.OpenFile(006612e0,00000001,art/skybox/day/bottom.tga))
 afxClass<afxFile>::AllocateInstances(1, 003ad170, 003ad240)
 afxClass<afxFile>::ConstructInstances(1, 003ad170, 003ad1d0)
 afxClass<afxFile, afxStream>ConstructingInstance(0193ca50)
 afxClass<afxStream>::ConstructInstance(0193ca50)
 afxClass<afxFile>::ConstructInstance(0193ca50)
 afxClass<afxFile>::DestructInstances(1, 003ad290)
 Destructing instance 0193ca50 of afxFile class.
 Destructing instance 0193ca50 of afxFile : afxStream class.
 Destructing instance 0193ca50 of afxStream class.
 afxClass<afxFile>::DeallocateInstances(1, 003ad290)
 ERR afxTexture.c:203?AfxTextureUploadRegions
    
 afxFile.c:272?AfxFileSystemOpenFile(Afx.FileSystem.OpenFile(006612e0,00000001,art/skybox/day/top.tga))
 afxClass<afxFile>::AllocateInstances(1, 003ad170, 003ad240)
 afxClass<afxFile>::ConstructInstances(1, 003ad170, 003ad1d0)
 afxClass<afxFile, afxStream>ConstructingInstance(0193ca50)
 afxClass<afxStream>::ConstructInstance(0193ca50)
 afxClass<afxFile>::ConstructInstance(0193ca50)
 afxClass<afxFile>::DestructInstances(1, 003ad290)
 Destructing instance 0193ca50 of afxFile class.
 Destructing instance 0193ca50 of afxFile : afxStream class.
 Destructing instance 0193ca50 of afxStream class.
 afxClass<afxFile>::DeallocateInstances(1, 003ad290)
 ERR afxTexture.c:203?AfxTextureUploadRegions
    
 afxFile.c:272?AfxFileSystemOpenFile(Afx.FileSystem.OpenFile(006612e0,00000001,art/skybox/day/front.tga))
 afxClass<afxFile>::AllocateInstances(1, 003ad170, 003ad240)
 afxClass<afxFile>::ConstructInstances(1, 003ad170, 003ad1d0)
 afxClass<afxFile, afxStream>ConstructingInstance(0193ca50)
 afxClass<afxStream>::ConstructInstance(0193ca50)
 afxClass<afxFile>::ConstructInstance(0193ca50)
 afxClass<afxFile>::DestructInstances(1, 003ad290)
 Destructing instance 0193ca50 of afxFile class.
 Destructing instance 0193ca50 of afxFile : afxStream class.
 Destructing instance 0193ca50 of afxStream class.
 afxClass<afxFile>::DeallocateInstances(1, 003ad290)
 ERR afxTexture.c:203?AfxTextureUploadRegions
    
 afxFile.c:272?AfxFileSystemOpenFile(Afx.FileSystem.OpenFile(006612e0,00000001,art/skybox/day/back.tga))
 afxClass<afxFile>::AllocateInstances(1, 003ad170, 003ad240)
 afxClass<afxFile>::ConstructInstances(1, 003ad170, 003ad1d0)
 afxClass<afxFile, afxStream>ConstructingInstance(0193ca50)
 afxClass<afxStream>::ConstructInstance(0193ca50)
 afxClass<afxFile>::ConstructInstance(0193ca50)
 afxClass<afxFile>::DestructInstances(1, 003ad290)
 Destructing instance 0193ca50 of afxFile class.
 Destructing instance 0193ca50 of afxFile : afxStream class.
 Destructing instance 0193ca50 of afxStream class.
 afxClass<afxFile>::DeallocateInstances(1, 003ad290)
 ERR afxTexture.c:203?AfxTextureUploadRegions
    
 afxClass<afxVertexBuffer>::AllocateInstances(1, 003ad988, 003ada68)
 afxClass<afxVertexBuffer>::ConstructInstances(1, 003ad988, 003ad9e8)
 afxClass<afxVertexBuffer, afxBuffer>ConstructingInstance(0193ca50)
 afxClass<afxBuffer>::ConstructInstance(0193ca50)
 sglBuffer.c:474?_AfxBufCtor(buf=0193ca50)
 afxClass<afxVertexBuffer>::ConstructInstance(0193ca50)
 afxVertexBuffer.c:322?_AfxVbufCtor(vbuf=0193ca50)
 Uploading draw operation 'data/pipeline/skybox.urd'
 afxDrawOperation.c:647?_AfxDrawContextUploadOperationsUrd(dctx=01923b30)
 afxUrd.c:999?AfxFileSystemLoadUrd(uri=data/pipeline/skybox.urdp)
 afxClass<afxUrd>::AllocateInstances(1, 0039fffc, 003a00a8)
 afxClass<afxUrd>::ConstructInstances(1, 0039fffc, 003a005c)
 afxClass<afxUrd>::ConstructInstance(0193cb20)
 afxUrd.c:958?_AfxUrdCtor(uri:data/pipeline/skybox.urd)
 afxFile.c:272?AfxFileSystemOpenFile(Afx.FileSystem.OpenFile(006612e0,00000001,data/pipeline/skybox.urd))
 afxClass<afxFile>::AllocateInstances(1, 0039fc94, 0039fd64)
 afxClass<afxFile>::ConstructInstances(1, 0039fc94, 0039fcf4)
 afxClass<afxFile, afxStream>ConstructingInstance(0193cbc0)
 afxClass<afxStream>::ConstructInstance(0193cbc0)
 afxClass<afxFile>::ConstructInstance(0193cbc0)
 afxClass<afxFile>::DestructInstances(1, 0039fdb4)
 Destructing instance 0193cbc0 of afxFile class.
 Destructing instance 0193cbc0 of afxFile : afxStream class.
 Destructing instance 0193cbc0 of afxStream class.
 afxClass<afxFile>::DeallocateInstances(1, 0039fdb4)
 afxShader.c:443?AfxDrawContextBuildShaders(dctx=01923b30,cnt=1,blueprint=003a01bc,shd=003a0190)
 sglShader.c:457?_AfxDrawContextBuildShaders(dctx=01923b30,cnt=1,blueprint=003a01bc,shd=003a0190)
 Building draw operation 'skyboxVs'
 afxClass<afxShader>::AllocateInstances(1, 0039feb0, 0039ff7c)
 afxClass<afxShader>::ConstructInstances(1, 0039feb0, 0039ff10)
 afxClass<afxShader>::ConstructInstance(0193cbc0)
 sglShader.c:260?_AfxShdCtor(shd=0193cbc0)
 
        #version 330 core

        // QWADRO. Engineered by SIGMA Technology Group.

        layout(std140, row_major) uniform sgl_view
        {
            mat4 v;
            mat4 p;
            mat4 vp;
        };

        layout(location = 0) in vec3 a_xyz;

        out block
        {
            vec3 uvw0;
        } sgl_v;

        void main()
        {
            sgl_v.uvw0 = a_xyz;
            vec4 pos = vec4(a_xyz, 1.0) * v * p;
            gl_Position = pos.xyww;
        }
       
 afxClass<afxLegoTemplate>::AllocateInstances(1, 0039f830, 0039f8ec)
 afxClass<afxLegoTemplate>::ConstructInstances(1, 0039f830, 0039f890)
 afxClass<afxLegoTemplate>::ConstructInstance(0193cfb0)
 sglLego.c:298?_AfxLegtCtor(legt=0193cfb0)
 afxShader.c:443?AfxDrawContextBuildShaders(dctx=01923b30,cnt=1,blueprint=003a01bc,shd=003a0190)
 sglShader.c:457?_AfxDrawContextBuildShaders(dctx=01923b30,cnt=1,blueprint=003a01bc,shd=003a0190)
 Building draw operation 'skyboxFs'
 afxClass<afxShader>::AllocateInstances(1, 0039feb0, 0039ff7c)
 afxClass<afxShader>::ConstructInstances(1, 0039feb0, 0039ff10)
 afxClass<afxShader>::ConstructInstance(0193d230)
 sglShader.c:260?_AfxShdCtor(shd=0193d230)
 
        #version 330 core

        // QWADRO. Engineered by SIGMA Technology Group.

        uniform samplerCube samp;

        in block
        {
            vec3 uvw0;
        } sgl_v;

        out vec4 sgl_rgba;

        void main()
        {
            sgl_rgba = texture(samp, sgl_v.uvw0);
        }
       
 afxClass<afxLegoTemplate>::AllocateInstances(1, 0039f830, 0039f8ec)
 afxClass<afxLegoTemplate>::ConstructInstances(1, 0039f830, 0039f890)
 afxClass<afxLegoTemplate>::ConstructInstance(0193d570)
 sglLego.c:298?_AfxLegtCtor(legt=0193d570)
 Building draw operation 'skybox'
 afxClass<afxDrawOperation>::AllocateInstances(1, 0039ff88, 003a005c)
 afxClass<afxDrawOperation>::ConstructInstances(1, 0039ff88, 0039ffe8)
 afxClass<afxDrawOperation>::ConstructInstance(0193d7f0)
 afxDrawOperation.c:493?_AfxDopCtor(dop=0193d7f0)
 afxPipeline.c:204?AfxDrawContextBuildPipeline(dctx=01923b30)
 sglPipeline.c:1002?_AfxDrawContextBuildPipeline(dctx=01923b30)
 afxClass<afxPipeline>::AllocateInstances(1, 00397604, 003976ac)
 afxClass<afxPipeline>::ConstructInstances(1, 00397604, 00397664)
 afxClass<afxPipeline, afxResource>ConstructingInstance(0193d9d0)
 afxClass<afxResource>::ConstructInstance(0193d9d0)
 afxResource.c:118?_AfxResCtor(res=0193d9d0)
 afxClass<afxPipeline>::ConstructInstance(0193d9d0)
 sglPipeline.c:684?_AfxPipCtor(pip=0193d9d0)
 afxShader.c:690?AfxDrawContextAcquireShaders(dctx=01923b30,cnt=1,uri=003977f8,shd=00396948)
 Taking connection 0193daf4 connecting 0193cbc0?shd#2 to holder 0193d9d0?pip#1.
 afxShader.c:690?AfxDrawContextAcquireShaders(dctx=01923b30,cnt=1,uri=00398810,shd=00396948)
 Taking connection 0193db28 connecting 0193d230?shd#2 to holder 0193d9d0?pip#1.
 afxClass<afxLegoTemplate>::AllocateInstances(1, 003966c8, 00396784)
 afxClass<afxLegoTemplate>::ConstructInstances(1, 003966c8, 00396728)
 afxClass<afxLegoTemplate>::ConstructInstance(0193e170)
 sglLego.c:298?_AfxLegtCtor(legt=0193e170)
 afxClass<afxPipelineRig>::AllocateInstances(1, 0039679c, 00396848)
 afxClass<afxPipelineRig>::ConstructInstances(1, 0039679c, 003967fc)
 afxClass<afxPipelineRig>::ConstructInstance(0193e3f0)
 sglPipelineRig.c:95?_AfxPiprCtor(pipr=0193e3f0)
 afxClass<afxUrd>::DestructInstances(1, 003a00f8)
 Destructing instance 0193cb20 of afxUrd class.
 afxUrd.c:937?_AfxUrdDtor(urd=0193cb20)
 afxClass<afxUrd>::DeallocateInstances(1, 003a00f8)
 sglSampler.c:137?_AfxDrawContextAcquireSampler(dctx=01923b30,spec=003adc90)
 afxClass<afxSampler>::AllocateInstances(1, 003ad94c, 003ad9e8)
 afxClass<afxSampler>::ConstructInstances(1, 003ad94c, 003ad9ac)
 afxClass<afxSampler>::ConstructInstance(0193e4b0)
 sglSampler.c:203?_AfxSmpCtor(smp=0193e4b0)
 sglCanvas.c:322?_AfxDrawContextBuildCanvases(dctx=01923b30,cnt=1,blueprint=003ad9f0,canv=010b803c)
 afxClass<afxCanvas>::AllocateInstances(1, 003ad764, 003ad824)
 afxClass<afxCanvas>::ConstructInstances(1, 003ad764, 003ad7c4)
 afxClass<afxCanvas>::ConstructInstance(0193e590)
 sglCanvas.c:433?_AfxCanvCtor(canv=0193e590)
 sglSurface.c:91?_AfxDrawContextAcquireSurface(dctx=01923b30,fmt=22,whd=[1272,693,1],usage=32)
 ADV afxTexture.c:15?AfxTextureBlueprintReset
    texb->fcc == AFX_FCC_TEXB
 afxClass<afxSurface>::AllocateInstances(1, 003acbf4, 003accd8)
 afxClass<afxSurface>::ConstructInstances(1, 003acbf4, 003acc54)
 afxClass<afxSurface, afxTexture>ConstructingInstance(0193e670)
 afxClass<afxTexture, afxResource>ConstructingInstance(0193e670)
 afxClass<afxResource>::ConstructInstance(0193e670)
 afxResource.c:118?_AfxResCtor(res=0193e670)
 afxClass<afxTexture>::ConstructInstance(0193e670)
 sglTexture.c:1019?_AfxTexCtor(tex=0193e670)
 afxClass<afxSurface>::ConstructInstance(0193e670)
 sglSurface.c:173?_AfxSurfCtor(surf=0193e670)
 afxClass<afxBuffer>::AllocateInstances(1, 003ad988, 003ada28)
 afxClass<afxBuffer>::ConstructInstances(1, 003ad988, 003ad9e8)
 afxClass<afxBuffer>::ConstructInstance(0193e870)
 sglBuffer.c:474?_AfxBufCtor(buf=0193e870)
 afxClass<afxLego>::AllocateInstances(1, 003ad8f0, 003ad9b8)
 afxClass<afxLego>::ConstructInstances(1, 003ad8f0, 003ad950)
 afxClass<afxLego>::ConstructInstance(0193ea70)
 sglLego.c:371?_AfxLegoCtor(lego=0193ea70)
 sglCanvas.c:322?_AfxDrawContextBuildCanvases(dctx=01923b30,cnt=1,blueprint=003ad9f0,canv=010b8048)
 afxClass<afxCanvas>::AllocateInstances(1, 003ad764, 003ad824)
 afxClass<afxCanvas>::ConstructInstances(1, 003ad764, 003ad7c4)
 afxClass<afxCanvas>::ConstructInstance(0193eb80)
 sglCanvas.c:433?_AfxCanvCtor(canv=0193eb80)
 sglSurface.c:91?_AfxDrawContextAcquireSurface(dctx=01923b30,fmt=22,whd=[1272,693,1],usage=32)
 ADV afxTexture.c:15?AfxTextureBlueprintReset
    texb->fcc == AFX_FCC_TEXB
 afxClass<afxSurface>::AllocateInstances(1, 003acbf4, 003accd8)
 afxClass<afxSurface>::ConstructInstances(1, 003acbf4, 003acc54)
 afxClass<afxSurface, afxTexture>ConstructingInstance(0193ec60)
 afxClass<afxTexture, afxResource>ConstructingInstance(0193ec60)
 afxClass<afxResource>::ConstructInstance(0193ec60)
 afxResource.c:118?_AfxResCtor(res=0193ec60)
 afxClass<afxTexture>::ConstructInstance(0193ec60)
 sglTexture.c:1019?_AfxTexCtor(tex=0193ec60)
 afxClass<afxSurface>::ConstructInstance(0193ec60)
 sglSurface.c:173?_AfxSurfCtor(surf=0193ec60)
 afxClass<afxBuffer>::AllocateInstances(1, 003ad988, 003ada28)
 afxClass<afxBuffer>::ConstructInstances(1, 003ad988, 003ad9e8)
 afxClass<afxBuffer>::ConstructInstance(0193ee60)
 sglBuffer.c:474?_AfxBufCtor(buf=0193ee60)
 afxClass<afxLego>::AllocateInstances(1, 003ad8f0, 003ad9b8)
 afxClass<afxLego>::ConstructInstances(1, 003ad8f0, 003ad950)
 afxClass<afxLego>::ConstructInstance(0193f060)
 sglLego.c:371?_AfxLegoCtor(lego=0193f060)
 sglDrawScript.c:439?_AfxDrawInputAcquireScript(din=01938f20)
 afxClass<afxDrawScript>::AllocateInstances(1, 003ae2d8, 003ae380)
 afxClass<afxDrawScript>::ConstructInstances(1, 003ae2d8, 003ae338)
 afxClass<afxDrawScript>::ConstructInstance(019a6280)
 sglDrawScript.c:502?_AfxDscrCtor(dscr=019a6280)
 afxTexture 046de740 hardware-side data instanced.
 afxSurface 046de740 hardware-side data instanced.
 afxTexture 0193e670 hardware-side data instanced.
 afxSurface 0193e670 hardware-side data instanced.
 afxCanvas 0193e590 hardware-side data instanced.
 afxShader 0193cbc0 hardware-side data instanced.
 afxShader 0193d230 hardware-side data instanced.
 afxPipeline 0193d9d0 hardware-side data instanced.
 afxBuffer 0193e870 hardware-side data instanced.
 afxTexture 0193c870 hardware-side data instanced.
 afxSampler 0193e4b0 hardware-side data instanced.
 afxBuffer 0193ca50 hardware-side data instanced.
 afxShader 0071b7d0 hardware-side data instanced.
 afxShader 01921010 hardware-side data instanced.
 afxPipeline 019261a0 hardware-side data instanced.
 afxBuffer 01924a60 hardware-side data instanced.
 afxSampler 01005830 hardware-side data instanced.
 afxTexture 046de940 hardware-side data instanced.
 afxSurface 046de940 hardware-side data instanced.
 afxTexture 0193ec60 hardware-side data instanced.
 afxSurface 0193ec60 hardware-side data instanced.
 afxCanvas 0193eb80 hardware-side data instanced.
 ADV afxSystem.c:574?AfxSystemProcess
    User input requested application break.
 afxApplication.c:293?AfxApplicationExit(app=01932a50)
 Skybox.c:484?AfxLeaveApplication(app=01932a50)
 afxClass<afxDrawInput>::DestructInstances(1, 003aeb28)
 Destructing instance 01938f20 of afxDrawInput class.
 sglDrawInput.c:250?_AfxDinDtor(din=01938f20)
 afxClass<afxDrawInput>::DeallocateInstances(1, 003aeb28)
 aaaaaaaaaaaa
 afxClass<afxApplication>::DestructInstances(1, 003aebc8)
 Destructing instance 01932a50 of afxApplication class.
 afxApplication.c:401?_AfxAppDtor(app=01932a50)
 afxClass<afxSimulation>::Deregister(01932fd0)
 afxClass<afxSimulation>::DestructInstances(1, 003ae7f0)
 Destructing instance 046ddac0 of afxSimulation class.
 afxSimulation.c:388?_AfxSimDtor(sim=046ddac0)
 afxClass<afxLight>::Deregister(046ddd00)
 afxClass<afxCamera>::Deregister(046ddc58)
 afxClass<afxCamera>::DestructInstances(1, 003ae410)
 Destructing instance 0193c4d0 of afxCamera class.
 afxCamera.c:334?_AfxCamDtor(cam=0193c4d0)
 Destructing instance 0193c4d0 of afxCamera : afxNode class.
 Destructing instance 0193c4d0 of afxNode class.
 afxClass<afxCamera>::DeallocateInstances(1, 003ae410)
 afxClass<afxEntity>::Deregister(046ddbb0)
 afxClass<afxBody>::Deregister(046ddb08)
 afxClass<afxModel>::Deregister(046ddef8)
 afxClass<afxSkeleton>::Deregister(046ddfa0)
 afxClass<afxNode>::Deregister(046de048)
 afxClass<afxMesh>::Deregister(046dde50)
 afxClass<afxMaterial>::Deregister(046ddda8)
 afxClass<afxMemory>::DestructInstances(1, 003ae534)
 Destructing instance 01927120 of afxMemory class.
 afxMemory.c:299?_AfxMemDtor(mem=01927120)
 afxMemory.c:219?AfxMemoryExhaust(mem=01927120)
 Exhausted. (mem)01927120
 afxClass<afxMemory>::DeallocateInstances(1, 003ae534)
 afxClass<afxSimulation>::DeallocateInstances(1, 003ae7f0)
 afxClass<afxWidget>::Deregister(01932f28)
 afxClass<afxDrawInput>::DestructInstances(1, 003ae914)
 Destructing instance 01926940 of afxDrawInput class.
 sglDrawInput.c:250?_AfxDinDtor(din=01926940)
 afxClass<afxDrawInput>::DeallocateInstances(1, 003ae914)
 afxClass<afxMouse>::DestructInstances(1, 003ae914)
 Destructing instance 019a61b0 of afxMouse class.
 afxMouse.c:280?_AfxMseDtor(mse=019a61b0)
 Destructing instance 019a61b0 of afxMouse : afxHid class.
 Destructing instance 019a61b0 of afxHid class.
 afxHid.c:66?_AfxHidDtor(hid=019a61b0)
 afxClass<afxMouse>::DeallocateInstances(1, 003ae914)
 afxClass<afxApplication>::DeallocateInstances(1, 003aebc8)
 afxClass<Draw Context>::DestructInstances(1, 003aebc8)