
 afxDebug.c:363?AfxAttachDebugTerminal()
      ::::::::  :::       :::     :::     :::::::::  :::::::::   ::::::::      
     :+:    :+: :+:       :+:   :+: :+:   :+:    :+: :+:    :+: :+:    :+:     
     +:+    +:+ +:+       +:+  +:+   +:+  +:+    +:+ +:+    +:+ +:+    +:+     
     +#+    +:+ +#+  +:+  +#+ +#++:++#++: +#+    +:+ +#++:++#:  +#+    +:+     
     +#+  # +#+ +#+ +#+#+ +#+ +#+     +#+ +#+    +#+ +#+    +#+ +#+    +#+     
     #+#   +#+   #+#+# #+#+#  #+#     #+# #+#    #+# #+#    #+# #+#    #+#     
      ###### ###  ###   ###   ###     ### #########  ###    ###  ########      
                                                                               
             S I G M A   C O . ,   T E C H N O L O G Y   G R O U P             
                                                                             
                                    4D AFX                                   
                              Public Test Build                              
                     (c) 2017 SIGMA Co., Technology Group                    
                               www.sigmaco.org                               
                                                                             
                                                                             
 afxClass<afxSystem>::Mount(51beddf0, 00000000, 00000000, 51bcc720)
 afxClass<afxSystem>::AllocateObjects(1, 002ce660, 002ce670)
 afxClass<afxSystem>::BuildObjects(1, 002ce660, 00000000)
 afxClass<afxSystem>::ConstructObject(0057f070)
 afxSystem.c:810?_AfxSysCtor(sys=0057f070)
 ADV afxSystem.c:825?_AfxSysCtor
    Memoy page size: 4096
 ADV afxSystem.c:826?_AfxSysCtor
    Logical processor count: 2
 afxClass<afxMemory>::Mount(005800f0, 0057f0a4, 00000000, 51bd09b4)
 afxClass<Memory Arena>::Mount(005801b0, 0057f0a4, 005800f0, 51bd0334)
 afxMemory.c:259?AfxSystemAcquireMemory(sys=0057f070,strategy=002cd1dc,hint="afxSystem.c:844!_AfxSysCtor")
 afxClass<afxMemory>::AllocateObjects(1, 002cd05c, 002cd06c)
 afxClass<afxMemory>::BuildObjects(1, 002cd05c, 002cd050)
 afxClass<afxMemory>::ConstructObject(005808e0)
 afxMemory.c:317?_AfxMemCtor(mem=005808e0)
 afxClass<afxThread>::Mount(00580270, 0057f0a4, 00000000, 51bccde8)
 afxClass<afxFileSystem>::Mount(00580330, 0057f0a4, 00000000, 51bce2a4)
 afxFileSystem.c:558?AfxSystemAcquireFileSystem(Afx.System.AcquireFileSystem(0057f070,5,002cd39c))
 afxClass<afxFileSystem>::AllocateObjects(1, 002cd044, 002cd054)
 afxClass<afxFileSystem>::BuildObjects(1, 002cd044, 002cd198)
 afxClass<afxFileSystem>::ConstructObject(00580f20)
 afxFileSystem.c:617?_AfxFsysCtor(fsys=00580f20)
 afxClass<afxStream>::Mount(00580f70, 00580f58, 00000000, 51bcf6c4)
 afxClass<afxFile>::Mount(00581030, 00580f58, 00580f70, 51bce020)
 afxClass<afxArchive>::Mount(005810f0, 00580f58, 00581030, 51bcd9c4)
 afxClass<afxResource>::Mount(00581330, 00580f58, 00000000, 51bcf524)
 afxClass<afxXml>::Mount(005811b0, 00580f58, 00000000, 51bcfbbc)
 afxClass<afxUrd>::Mount(00581270, 00580f58, 00000000, 51bcfadc)
 afxFileSystem.c:389?AfxFileSystemMountStoragePoints(Afx.FileSystem.MountStoragePoints(00580f20,5,002cd39c))
 Point "." 5 mounted -> "E:/qwadro/afx".
 Point "system" 7 mounted -> "E:/qwadro/afx/system32".
 Point "art" 5 mounted -> "E:/qwadro/afx/art".
 Point "data" 5 mounted -> "E:/qwadro/afx/data".
 Point "sound" 5 mounted -> "E:/qwadro/afx/sound".
 afxClass<afxModule>::Mount(005803f0, 0057f0a4, 00000000, 51bcaf08)
 afxModule.c:71?AfxSystemAcquireModule(sys=0057f070,uri=system/e2coree.dll)
 afxClass<afxModule>::AllocateObjects(1, 002ccffc, 002cd044)
 afxClass<afxModule>::BuildObjects(1, 002ccffc, 002cd2c0)
 afxClass<afxModule>::ConstructObject(00582940)
 afxModule.c:135?_AfxMdleCtor(uri:system/e2coree.dll)
 afxClass<afxHid>::Mount(005804b0, 0057f0a4, 00000000, 51bce7bc)
 afxClass<afxKeyboard>::Mount(00580570, 0057f0a4, 005804b0, 51bcf0bc)
 afxClass<afxMouse>::Mount(00580630, 0057f0a4, 005804b0, 51bcf27c)
 afxClass<afxDrawSystem>::Mount(005806f0, 0057f0a4, 00000000, 51bd403c)
 afxClass<afxApplication>::Mount(005807b0, 0057f0a4, 00000000, 51bca000)
 afxKeyboard.c:165?AfxSystemAcquireKeyboard(sys=0057f070,port=0)
 afxClass<afxKeyboard>::AllocateObjects(1, 002cd068, 002cd078)
 afxClass<afxKeyboard>::BuildObjects(1, 002cd068, 002cd060)
 afxClass<afxKeyboard, afxHid>ConstructingObject(00582a90)
 afxClass<afxHid>::ConstructObject(00582a90)
 afxHid.c:75?_AfxHidCtor(hid=00582a90)
 afxClass<afxKeyboard>::ConstructObject(00582a90)
 afxKeyboard.c:221?_AfxKbdCtor(kbd=00582a90)
 afxDrawSystem.c:320?AfxSystemAcquireDrawSystem(sys=0057f070)
 afxClass<afxDrawSystem>::AllocateObjects(1, 002ce65c, 002ce66c)
 afxClass<afxDrawSystem>::BuildObjects(1, 002ce65c, 002ce768)
 afxClass<afxDrawSystem>::ConstructObject(00583320)
 afxDrawSystem.c:418?_AfxDsysCtor(dsys=00583320)
 afxClass<afxDrawDriver>::Mount(00583368, 00583354, 00000000, 51bd2b6c)
New texture codec registered.
Name: SIGGL
Author: SIGMA Technology Group
Version: 0.5.1
Note: 
    :::::::::::     :::     :::::::::   ::::::::      :::        
        :+:       :+: :+:   :+:    :+: :+:    :+:   :+: :+:      
        +:+      +:+   +:+  +:+    +:+ +:+         +:+   +:+     
        +#+     +#++:++#++: +#++:++#:  :#:        +#++:++#++:    
        +#+     +#+     +#+ +#+    +#+ +#+   +#+# +#+     +#+    
        #+#     #+#     #+# #+#    #+# #+#    #+# #+#     #+#    
        ###     ###     ### ###    ###  ########  ###     ###    
                                                                 
                      SIGMA Technology Group                     
 Truecolor Targa texture serializer installed!
 afxModule.c:71?AfxSystemAcquireModule(sys=0057f070,uri=e2draw.icd)
 afxClass<afxModule>::AllocateObjects(1, 002ce128, 002ce170)
 afxClass<afxModule>::BuildObjects(1, 002ce128, 002ce254)
 afxClass<afxModule>::ConstructObject(005834a0)
 afxModule.c:135?_AfxMdleCtor(uri:e2draw.icd)
 Listing mem available display devices...

 #0 = Intel(R) HD Graphics (\\.\DISPLAY1) 8000005
 #1 = RDPDD Chained DD (\\.\DISPLAYV1) 200008
 #2 = RDP Encoder Mirror Driver (\\.\DISPLAYV2) 200008
 #3 = RDP Reflector Display Driver (\\.\DISPLAYV3) 200008
 sglDriver.c:1270?_SglCreateCombinedDeviceContext(oglWndClss=00585ec0,shareCtx=00000000,phwnd=00585ef0,phdc=00585ef4,phrc=00585efc)
 sglDriver.c:786?_SglLoadVmt(vmt=00585f00,verMajor=1,verMinor=0)
 glCullFace @ 0 found.
 glFrontFace @ 1 found.
 glHint @ 2 found.
 glLineWidth @ 3 found.
 glPointSize @ 4 found.
 glPolygonMode @ 5 found.
 glScissor @ 6 found.
 glTexParameterf @ 7 found.
 glTexParameterfv @ 8 found.
 glTexParameteri @ 9 found.
 glTexParameteriv @ 10 found.
 glTexImage1D @ 11 found.
 glTexImage2D @ 12 found.
 glDrawBuffer @ 13 found.
 glClear @ 14 found.
 glClearColor @ 15 found.
 glClearStencil @ 16 found.
 glClearDepth @ 17 found.
 glStencilMask @ 18 found.
 glColorMask @ 19 found.
 glDepthMask @ 20 found.
 glDisable @ 21 found.
 glEnable @ 22 found.
 glFinish @ 23 found.
 glFlush @ 24 found.
 glBlendFunc @ 25 found.
 glLogicOp @ 26 found.
 glStencilFunc @ 27 found.
 glStencilOp @ 28 found.
 glDepthFunc @ 29 found.
 glPixelStoref @ 30 found.
 glPixelStorei @ 31 found.
 glReadBuffer @ 32 found.
 glReadPixels @ 33 found.
 glGetBooleanv @ 34 found.
 glGetDoublev @ 35 found.
 glGetError @ 36 found.
 glGetFloatv @ 37 found.
 glGetIntegerv @ 38 found.
 glGetString @ 39 found.
 glGetTexImage @ 40 found.
 glGetTexParameterfv @ 41 found.
 glGetTexParameteriv @ 42 found.
 glGetTexLevelParameterfv @ 43 found.
 glGetTexLevelParameteriv @ 44 found.
 glIsEnabled @ 45 found.
 glDepthRange @ 46 found.
 glViewport @ 47 found.
 sglDriver.c:786?_SglLoadVmt(vmt=00585f00,verMajor=4,verMinor=6)
 glCullFace @ 0 found.
 glFrontFace @ 1 found.
 glHint @ 2 found.
 glLineWidth @ 3 found.
 glPointSize @ 4 found.
 glPolygonMode @ 5 found.
 glScissor @ 6 found.
 glTexParameterf @ 7 found.
 glTexParameterfv @ 8 found.
 glTexParameteri @ 9 found.
 glTexParameteriv @ 10 found.
 glTexImage1D @ 11 found.
 glTexImage2D @ 12 found.
 glDrawBuffer @ 13 found.
 glClear @ 14 found.
 glClearColor @ 15 found.
 glClearStencil @ 16 found.
 glClearDepth @ 17 found.
 glStencilMask @ 18 found.
 glColorMask @ 19 found.
 glDepthMask @ 20 found.
 glDisable @ 21 found.
 glEnable @ 22 found.
 glFinish @ 23 found.
 glFlush @ 24 found.
 glBlendFunc @ 25 found.
 glLogicOp @ 26 found.
 glStencilFunc @ 27 found.
 glStencilOp @ 28 found.
 glDepthFunc @ 29 found.
 glPixelStoref @ 30 found.
 glPixelStorei @ 31 found.
 glReadBuffer @ 32 found.
 glReadPixels @ 33 found.
 glGetBooleanv @ 34 found.
 glGetDoublev @ 35 found.
 glGetError @ 36 found.
 glGetFloatv @ 37 found.
 glGetIntegerv @ 38 found.
 glGetString @ 39 found.
 glGetTexImage @ 40 found.
 glGetTexParameterfv @ 41 found.
 glGetTexParameteriv @ 42 found.
 glGetTexLevelParameterfv @ 43 found.
 glGetTexLevelParameteriv @ 44 found.
 glIsEnabled @ 45 found.
 glDepthRange @ 46 found.
 glViewport @ 47 found.
 glDrawArrays @ 48 found.
 glDrawElements @ 49 found.
 glGetPointerv @ 50 found.
 glPolygonOffset @ 51 found.
 glCopyTexImage1D @ 52 found.
 glCopyTexImage2D @ 53 found.
 glCopyTexSubImage1D @ 54 found.
 glCopyTexSubImage2D @ 55 found.
 glTexSubImage1D @ 56 found.
 glTexSubImage2D @ 57 found.
 glBindTexture @ 58 found.
 glDeleteTextures @ 59 found.
 glGenTextures @ 60 found.
 glIsTexture @ 61 found.
 glDrawRangeElements @ 62 found.
 glTexImage3D @ 63 found.
 glTexSubImage3D @ 64 found.
 glCopyTexSubImage3D @ 65 found.
 glActiveTexture @ 66 found.
 glSampleCoverage @ 67 found.
 glCompressedTexImage3D @ 68 found.
 glCompressedTexImage2D @ 69 found.
 glCompressedTexImage1D @ 70 found.
 glCompressedTexSubImage3D @ 71 found.
 glCompressedTexSubImage2D @ 72 found.
 glCompressedTexSubImage1D @ 73 found.
 glGetCompressedTexImage @ 74 found.
 glBlendFuncSeparate @ 75 found.
 glMultiDrawArrays @ 76 found.
 glMultiDrawElements @ 77 found.
 glPointParameterf @ 78 found.
 glPointParameterfv @ 79 found.
 glPointParameteri @ 80 found.
 glPointParameteriv @ 81 found.
 glBlendColor @ 82 found.
 glBlendEquation @ 83 found.
 glGenQueries @ 84 found.
 glDeleteQueries @ 85 found.
 glIsQuery @ 86 found.
 glBeginQuery @ 87 found.
 glEndQuery @ 88 found.
 glGetQueryiv @ 89 found.
 glGetQueryObjectiv @ 90 found.
 glGetQueryObjectuiv @ 91 found.
 glBindBuffer @ 92 found.
 glDeleteBuffers @ 93 found.
 glGenBuffers @ 94 found.
 glIsBuffer @ 95 found.
 glBufferData @ 96 found.
 glBufferSubData @ 97 found.
 glGetBufferSubData @ 98 found.
 glMapBuffer @ 99 found.
 glUnmapBuffer @ 100 found.
 glGetBufferParameteriv @ 101 found.
 glGetBufferPointerv @ 102 found.
 glBlendEquationSeparate @ 103 found.
 glDrawBuffers @ 104 found.
 glStencilOpSeparate @ 105 found.
 glStencilFuncSeparate @ 106 found.
 glStencilMaskSeparate @ 107 found.
 glAttachShader @ 108 found.
 glBindAttribLocation @ 109 found.
 glCompileShader @ 110 found.
 glCreateProgram @ 111 found.
 glCreateShader @ 112 found.
 glDeleteProgram @ 113 found.
 glDeleteShader @ 114 found.
 glDetachShader @ 115 found.
 glDisableVertexAttribArray @ 116 found.
 glEnableVertexAttribArray @ 117 found.
 glGetActiveAttrib @ 118 found.
 glGetActiveUniform @ 119 found.
 glGetAttachedShaders @ 120 found.
 glGetAttribLocation @ 121 found.
 glGetProgramiv @ 122 found.
 glGetProgramInfoLog @ 123 found.
 glGetShaderiv @ 124 found.
 glGetShaderInfoLog @ 125 found.
 glGetShaderSource @ 126 found.
 glGetUniformLocation @ 127 found.
 glGetUniformfv @ 128 found.
 glGetUniformiv @ 129 found.
 glGetVertexAttribdv @ 130 found.
 glGetVertexAttribfv @ 131 found.
 glGetVertexAttribiv @ 132 found.
 glGetVertexAttribPointerv @ 133 found.
 glIsProgram @ 134 found.
 glIsShader @ 135 found.
 glLinkProgram @ 136 found.
 glShaderSource @ 137 found.
 glUseProgram @ 138 found.
 glUniform1f @ 139 found.
 glUniform2f @ 140 found.
 glUniform3f @ 141 found.
 glUniform4f @ 142 found.
 glUniform1i @ 143 found.
 glUniform2i @ 144 found.
 glUniform3i @ 145 found.
 glUniform4i @ 146 found.
 glUniform1fv @ 147 found.
 glUniform2fv @ 148 found.
 glUniform3fv @ 149 found.
 glUniform4fv @ 150 found.
 glUniform1iv @ 151 found.
 glUniform2iv @ 152 found.
 glUniform3iv @ 153 found.
 glUniform4iv @ 154 found.
 glUniformMatrix2fv @ 155 found.
 glUniformMatrix3fv @ 156 found.
 glUniformMatrix4fv @ 157 found.
 glValidateProgram @ 158 found.
 glVertexAttrib1d @ 159 found.
 glVertexAttrib1dv @ 160 found.
 glVertexAttrib1f @ 161 found.
 glVertexAttrib1fv @ 162 found.
 glVertexAttrib1s @ 163 found.
 glVertexAttrib1sv @ 164 found.
 glVertexAttrib2d @ 165 found.
 glVertexAttrib2dv @ 166 found.
 glVertexAttrib2f @ 167 found.
 glVertexAttrib2fv @ 168 found.
 glVertexAttrib2s @ 169 found.
 glVertexAttrib2sv @ 170 found.
 glVertexAttrib3d @ 171 found.
 glVertexAttrib3dv @ 172 found.
 glVertexAttrib3f @ 173 found.
 glVertexAttrib3fv @ 174 found.
 glVertexAttrib3s @ 175 found.
 glVertexAttrib3sv @ 176 found.
 glVertexAttrib4Nbv @ 177 found.
 glVertexAttrib4Niv @ 178 found.
 glVertexAttrib4Nsv @ 179 found.
 glVertexAttrib4Nub @ 180 found.
 glVertexAttrib4Nubv @ 181 found.
 glVertexAttrib4Nuiv @ 182 found.
 glVertexAttrib4Nusv @ 183 found.
 glVertexAttrib4bv @ 184 found.
 glVertexAttrib4d @ 185 found.
 glVertexAttrib4dv @ 186 found.
 glVertexAttrib4f @ 187 found.
 glVertexAttrib4fv @ 188 found.
 glVertexAttrib4iv @ 189 found.
 glVertexAttrib4s @ 190 found.
 glVertexAttrib4sv @ 191 found.
 glVertexAttrib4ubv @ 192 found.
 glVertexAttrib4uiv @ 193 found.
 glVertexAttrib4usv @ 194 found.
 glVertexAttribPointer @ 195 found.
 glUniformMatrix2x3fv @ 196 found.
 glUniformMatrix3x2fv @ 197 found.
 glUniformMatrix2x4fv @ 198 found.
 glUniformMatrix4x2fv @ 199 found.
 glUniformMatrix3x4fv @ 200 found.
 glUniformMatrix4x3fv @ 201 found.
 glColorMaski @ 202 found.
 glGetBooleani_v @ 203 found.
 glGetIntegeri_v @ 204 found.
 glEnablei @ 205 found.
 glDisablei @ 206 found.
 glIsEnabledi @ 207 found.
 glBeginTransformFeedback @ 208 found.
 glEndTransformFeedback @ 209 found.
 glBindBufferRange @ 210 found.
 glBindBufferBase @ 211 found.
 glTransformFeedbackVaryings @ 212 found.
 glGetTransformFeedbackVarying @ 213 found.
 glClampColor @ 214 found.
 glBeginConditionalRender @ 215 found.
 glEndConditionalRender @ 216 found.
 glVertexAttribIPointer @ 217 found.
 glGetVertexAttribIiv @ 218 found.
 glGetVertexAttribIuiv @ 219 found.
 glVertexAttribI1i @ 220 found.
 glVertexAttribI2i @ 221 found.
 glVertexAttribI3i @ 222 found.
 glVertexAttribI4i @ 223 found.
 glVertexAttribI1ui @ 224 found.
 glVertexAttribI2ui @ 225 found.
 glVertexAttribI3ui @ 226 found.
 glVertexAttribI4ui @ 227 found.
 glVertexAttribI1iv @ 228 found.
 glVertexAttribI2iv @ 229 found.
 glVertexAttribI3iv @ 230 found.
 glVertexAttribI4iv @ 231 found.
 glVertexAttribI1uiv @ 232 found.
 glVertexAttribI2uiv @ 233 found.
 glVertexAttribI3uiv @ 234 found.
 glVertexAttribI4uiv @ 235 found.
 glVertexAttribI4bv @ 236 found.
 glVertexAttribI4sv @ 237 found.
 glVertexAttribI4ubv @ 238 found.
 glVertexAttribI4usv @ 239 found.
 glGetUniformuiv @ 240 found.
 glBindFragDataLocation @ 241 found.
 glGetFragDataLocation @ 242 found.
 glUniform1ui @ 243 found.
 glUniform2ui @ 244 found.
 glUniform3ui @ 245 found.
 glUniform4ui @ 246 found.
 glUniform1uiv @ 247 found.
 glUniform2uiv @ 248 found.
 glUniform3uiv @ 249 found.
 glUniform4uiv @ 250 found.
 glTexParameterIiv @ 251 found.
 glTexParameterIuiv @ 252 found.
 glGetTexParameterIiv @ 253 found.
 glGetTexParameterIuiv @ 254 found.
 glClearBufferiv @ 255 found.
 glClearBufferuiv @ 256 found.
 glClearBufferfv @ 257 found.
 glClearBufferfi @ 258 found.
 glGetStringi @ 259 found.
 glIsRenderbuffer @ 260 found.
 glBindRenderbuffer @ 261 found.
 glDeleteRenderbuffers @ 262 found.
 glGenRenderbuffers @ 263 found.
 glRenderbufferStorage @ 264 found.
 glGetRenderbufferParameteriv @ 265 found.
 glIsFramebuffer @ 266 found.
 glBindFramebuffer @ 267 found.
 glDeleteFramebuffers @ 268 found.
 glGenFramebuffers @ 269 found.
 glCheckFramebufferStatus @ 270 found.
 glFramebufferTexture1D @ 271 found.
 glFramebufferTexture2D @ 272 found.
 glFramebufferTexture3D @ 273 found.
 glFramebufferRenderbuffer @ 274 found.
 glGetFramebufferAttachmentParameteriv @ 275 found.
 glGenerateMipmap @ 276 found.
 glBlitFramebuffer @ 277 found.
 glRenderbufferStorageMultisample @ 278 found.
 glFramebufferTextureLayer @ 279 found.
 glMapBufferRange @ 280 found.
 glFlushMappedBufferRange @ 281 found.
 glBindVertexArray @ 282 found.
 glDeleteVertexArrays @ 283 found.
 glGenVertexArrays @ 284 found.
 glIsVertexArray @ 285 found.
 glDrawArraysInstanced @ 286 found.
 glDrawElementsInstanced @ 287 found.
 glTexBuffer @ 288 found.
 glPrimitiveRestartIndex @ 289 found.
 glCopyBufferSubData @ 290 found.
 glGetUniformIndices @ 291 found.
 glGetActiveUniformsiv @ 292 found.
 glGetActiveUniformName @ 293 found.
 glGetUniformBlockIndex @ 294 found.
 glGetActiveUniformBlockiv @ 295 found.
 glGetActiveUniformBlockName @ 296 found.
 glUniformBlockBinding @ 297 found.
 glDrawElementsBaseVertex @ 298 found.
 glDrawRangeElementsBaseVertex @ 299 found.
 glDrawElementsInstancedBaseVertex @ 300 found.
 glMultiDrawElementsBaseVertex @ 301 found.
 glProvokingVertex @ 302 found.
 glFenceSync @ 303 found.
 glIsSync @ 304 found.
 glDeleteSync @ 305 found.
 glClientWaitSync @ 306 found.
 glWaitSync @ 307 found.
 glGetInteger64v @ 308 found.
 glGetSynciv @ 309 found.
 glGetInteger64i_v @ 310 found.
 glGetBufferParameteri64v @ 311 found.
 glFramebufferTexture @ 312 found.
 glTexImage2DMultisample @ 313 found.
 glTexImage3DMultisample @ 314 found.
 glGetMultisamplefv @ 315 found.
 glSampleMaski @ 316 found.
 glBindFragDataLocationIndexed @ 317 found.
 glGetFragDataIndex @ 318 found.
 glGenSamplers @ 319 found.
 glDeleteSamplers @ 320 found.
 glIsSampler @ 321 found.
 glBindSampler @ 322 found.
 glSamplerParameteri @ 323 found.
 glSamplerParameteriv @ 324 found.
 glSamplerParameterf @ 325 found.
 glSamplerParameterfv @ 326 found.
 glSamplerParameterIiv @ 327 found.
 glSamplerParameterIuiv @ 328 found.
 glGetSamplerParameteriv @ 329 found.
 glGetSamplerParameterIiv @ 330 found.
 glGetSamplerParameterfv @ 331 found.
 glGetSamplerParameterIuiv @ 332 found.
 glQueryCounter @ 333 found.
 glGetQueryObjecti64v @ 334 found.
 glGetQueryObjectui64v @ 335 found.
 glVertexAttribDivisor @ 336 found.
 glVertexAttribP1ui @ 337 found.
 glVertexAttribP1uiv @ 338 found.
 glVertexAttribP2ui @ 339 found.
 glVertexAttribP2uiv @ 340 found.
 glVertexAttribP3ui @ 341 found.
 glVertexAttribP3uiv @ 342 found.
 glVertexAttribP4ui @ 343 found.
 glVertexAttribP4uiv @ 344 found.
 glMinSampleShading @ 345 found.
 glBlendEquationi @ 346 found.
 glBlendEquationSeparatei @ 347 found.
 glBlendFunci @ 348 found.
 glBlendFuncSeparatei @ 349 found.
 glDrawArraysIndirect @ 350 found.
 glDrawElementsIndirect @ 351 found.
 glUniform1d @ 352 found.
 glUniform2d @ 353 found.
 glUniform3d @ 354 found.
 glUniform4d @ 355 found.
 glUniform1dv @ 356 found.
 glUniform2dv @ 357 found.
 glUniform3dv @ 358 found.
 glUniform4dv @ 359 found.
 glUniformMatrix2dv @ 360 found.
 glUniformMatrix3dv @ 361 found.
 glUniformMatrix4dv @ 362 found.
 glUniformMatrix2x3dv @ 363 found.
 glUniformMatrix2x4dv @ 364 found.
 glUniformMatrix3x2dv @ 365 found.
 glUniformMatrix3x4dv @ 366 found.
 glUniformMatrix4x2dv @ 367 found.
 glUniformMatrix4x3dv @ 368 found.
 glGetUniformdv @ 369 found.
 glGetSubroutineUniformLocation @ 370 found.
 glGetSubroutineIndex @ 371 found.
 glGetActiveSubroutineUniformiv @ 372 found.
 glGetActiveSubroutineUniformName @ 373 found.
 glGetActiveSubroutineName @ 374 found.
 glUniformSubroutinesuiv @ 375 found.
 glGetUniformSubroutineuiv @ 376 found.
 glGetProgramStageiv @ 377 found.
 glPatchParameteri @ 378 found.
 glPatchParameterfv @ 379 found.
 glBindTransformFeedback @ 380 found.
 glDeleteTransformFeedbacks @ 381 found.
 glGenTransformFeedbacks @ 382 found.
 glIsTransformFeedback @ 383 found.
 glPauseTransformFeedback @ 384 found.
 glResumeTransformFeedback @ 385 found.
 glDrawTransformFeedback @ 386 found.
 glDrawTransformFeedbackStream @ 387 found.
 glBeginQueryIndexed @ 388 found.
 glEndQueryIndexed @ 389 found.
 glGetQueryIndexediv @ 390 found.
 glReleaseShaderCompiler @ 391 found.
 glShaderBinary @ 392 found.
 glGetShaderPrecisionFormat @ 393 found.
 glDepthRangef @ 394 found.
 glClearDepthf @ 395 found.
 glGetProgramBinary @ 396 found.
 glProgramBinary @ 397 found.
 glProgramParameteri @ 398 found.
 glUseProgramStages @ 399 found.
 glActiveShaderProgram @ 400 found.
 glCreateShaderProgramv @ 401 found.
 glBindProgramPipeline @ 402 found.
 glDeleteProgramPipelines @ 403 found.
 glGenProgramPipelines @ 404 found.
 glIsProgramPipeline @ 405 found.
 glGetProgramPipelineiv @ 406 found.
 glProgramUniform1i @ 407 found.
 glProgramUniform1iv @ 408 found.
 glProgramUniform1f @ 409 found.
 glProgramUniform1fv @ 410 found.
 glProgramUniform1d @ 411 found.
 glProgramUniform1dv @ 412 found.
 glProgramUniform1ui @ 413 found.
 glProgramUniform1uiv @ 414 found.
 glProgramUniform2i @ 415 found.
 glProgramUniform2iv @ 416 found.
 glProgramUniform2f @ 417 found.
 glProgramUniform2fv @ 418 found.
 glProgramUniform2d @ 419 found.
 glProgramUniform2dv @ 420 found.
 glProgramUniform2ui @ 421 found.
 glProgramUniform2uiv @ 422 found.
 glProgramUniform3i @ 423 found.
 glProgramUniform3iv @ 424 found.
 glProgramUniform3f @ 425 found.
 glProgramUniform3fv @ 426 found.
 glProgramUniform3d @ 427 found.
 glProgramUniform3dv @ 428 found.
 glProgramUniform3ui @ 429 found.
 glProgramUniform3uiv @ 430 found.
 glProgramUniform4i @ 431 found.
 glProgramUniform4iv @ 432 found.
 glProgramUniform4f @ 433 found.
 glProgramUniform4fv @ 434 found.
 glProgramUniform4d @ 435 found.
 glProgramUniform4dv @ 436 found.
 glProgramUniform4ui @ 437 found.
 glProgramUniform4uiv @ 438 found.
 glProgramUniformMatrix2fv @ 439 found.
 glProgramUniformMatrix3fv @ 440 found.
 glProgramUniformMatrix4fv @ 441 found.
 glProgramUniformMatrix2dv @ 442 found.
 glProgramUniformMatrix3dv @ 443 found.
 glProgramUniformMatrix4dv @ 444 found.
 glProgramUniformMatrix2x3fv @ 445 found.
 glProgramUniformMatrix3x2fv @ 446 found.
 glProgramUniformMatrix2x4fv @ 447 found.
 glProgramUniformMatrix4x2fv @ 448 found.
 glProgramUniformMatrix3x4fv @ 449 found.
 glProgramUniformMatrix4x3fv @ 450 found.
 glProgramUniformMatrix2x3dv @ 451 found.
 glProgramUniformMatrix3x2dv @ 452 found.
 glProgramUniformMatrix2x4dv @ 453 found.
 glProgramUniformMatrix4x2dv @ 454 found.
 glProgramUniformMatrix3x4dv @ 455 found.
 glProgramUniformMatrix4x3dv @ 456 found.
 glValidateProgramPipeline @ 457 found.
 glGetProgramPipelineInfoLog @ 458 found.
 glVertexAttribL1d @ 459 found.
 glVertexAttribL2d @ 460 found.
 glVertexAttribL3d @ 461 found.
 glVertexAttribL4d @ 462 found.
 glVertexAttribL1dv @ 463 found.
 glVertexAttribL2dv @ 464 found.
 glVertexAttribL3dv @ 465 found.
 glVertexAttribL4dv @ 466 found.
 glVertexAttribLPointer @ 467 found.
 glGetVertexAttribLdv @ 468 found.
 glViewportArrayv @ 469 found.
 glViewportIndexedf @ 470 found.
 glViewportIndexedfv @ 471 found.
 glScissorArrayv @ 472 found.
 glScissorIndexed @ 473 found.
 glScissorIndexedv @ 474 found.
 glDepthRangeArrayv @ 475 found.
 glDepthRangeIndexed @ 476 found.
 glGetFloati_v @ 477 found.
 glGetDoublei_v @ 478 found.
 glDrawArraysInstancedBaseInstance @ 479 found.
 glDrawElementsInstancedBaseInstance @ 480 found.
 glDrawElementsInstancedBaseVertexBaseInstance @ 481 found.
 glGetInternalformativ @ 482 found.
 glGetActiveAtomicCounterBufferiv @ 483 found.
 glBindImageTexture @ 484 found.
 glMemoryBarrier @ 485 found.
 glTexStorage1D @ 486 found.
 glTexStorage2D @ 487 found.
 glTexStorage3D @ 488 found.
 glDrawTransformFeedbackInstanced @ 489 found.
 glDrawTransformFeedbackStreamInstanced @ 490 found.
 glDispatchCompute @ 493 found.
 glDispatchComputeIndirect @ 494 found.
 glFramebufferParameteri @ 496 found.
 glGetFramebufferParameteriv @ 497 found.
 glGetInternalformati64v @ 498 found.
 glInvalidateFramebuffer @ 503 found.
 glInvalidateSubFramebuffer @ 504 found.
 glMultiDrawArraysIndirect @ 505 found.
 glMultiDrawElementsIndirect @ 506 found.
 glGetProgramInterfaceiv @ 507 found.
 glGetProgramResourceIndex @ 508 found.
 glGetProgramResourceName @ 509 found.
 glGetProgramResourceiv @ 510 found.
 glGetProgramResourceLocation @ 511 found.
 glGetProgramResourceLocationIndex @ 512 found.
 glShaderStorageBlockBinding @ 513 found.
 glTexBufferRange @ 514 found.
 glTexStorage2DMultisample @ 515 found.
 glTexStorage3DMultisample @ 516 found.
 glBindVertexBuffer @ 518 found.
 glVertexAttribFormat @ 519 found.
 glVertexAttribIFormat @ 520 found.
 glVertexAttribLFormat @ 521 found.
 glVertexAttribBinding @ 522 found.
 glVertexBindingDivisor @ 523 found.
 glDebugMessageControl @ 524 found.
 glDebugMessageInsert @ 525 found.
 glDebugMessageCallback @ 526 found.
 glGetDebugMessageLog @ 527 found.
 glPushDebugGroup @ 528 found.
 glPopDebugGroup @ 529 found.
 glObjectLabel @ 530 found.
 glGetObjectLabel @ 531 found.
 glObjectPtrLabel @ 532 found.
 glGetObjectPtrLabel @ 533 found.
 glBufferStorage @ 534 found.
 glClipControl @ 543 found.
 glNamedBufferStorage @ 551 found.
 glTextureBufferRange @ 589 found.
 glTextureParameteri @ 606 found.
 glMemoryBarrierByRegion @ 641 found.
 glGetGraphicsResetStatus @ 644 found.
 glGetnCompressedTexImage @ 645 found.
 glGetnTexImage @ 646 found.
 glGetnUniformdv @ 647 found.
 glGetnUniformfv @ 648 found.
 glGetnUniformiv @ 649 found.
 glGetnUniformuiv @ 650 found.
 glReadnPixels @ 651 found.
 afxDrawDriver.c:77?AfxDrawSystemRegisterDriver(dsys=00583320,mdle=005834a0,spec=002cde54)
 afxClass<afxDrawDriver>::AllocateObjects(1, 002cdd70, 002cdd80)
 afxClass<afxDrawDriver>::BuildObjects(1, 002cdd70, 002cdd64)
 afxClass<afxDrawDriver>::ConstructObject(02c6a200)
 afxDrawDriver.c:138?_AfxDdrvCtor(ddrv=02c6a200)
 afxClass<Draw Context>::Mount(02c6a248, 02c6a234, 00000000, 002cd9e4)
New draw driver registered.
Name: SIGGL
Author: SIGMA Technology Group
Version: 0.7.2
Note: 
 ad88888ba   88    ,ad8888ba,     ,ad8888ba,   88           
d8"     "8b  88   d8"'    `"8b   d8"'    `"8b  88           
Y8,          88  d8'            d8'            88           
`Y8aaaaa,    88  88             88             88           
  `"""""8b,  88  88      88888  88      88888  88
        `8b  88  Y8,        88  Y8,        88  88           
Y8a     a8P  88   Y8a.    .a88   Y8a.    .a88  88           
 "Y88888P"   88    `"Y88888P"     `"Y88888P"   88888888888  
 Loading draw ICDs...
 afxModule.c:71?AfxSystemAcquireModule(sys=0057f070,uri=e2draw.icd)
 afxModule.c:71?AfxSystemAcquireModule(sys=0057f070,uri=e2newton.icd)
 afxClass<afxModule>::AllocateObjects(1, 002cdf1c, 002cdf64)
 afxClass<afxModule>::BuildObjects(1, 002cdf1c, 002ce018)
 afxClass<afxModule>::ConstructObject(00a6ed00)
 afxModule.c:135?_AfxMdleCtor(uri:e2newton.icd)
 afxDrawContext.c:318?AfxDrawSystemAcquireContext(dsys=00583320,spec=002ce72c)
 afxClass<Draw Context>::AllocateObjects(1, 002ce628, 002ce638)
 afxClass<Draw Context>::BuildObjects(1, 002ce628, 002ce620)
 afxClass<Draw Context>::ConstructObject(02c64d50)
 sglDrawContext.c:270?_AfxDctxCtor(dctx=02c64d50)
 afxClass<afxDrawScript>::Mount(02c65698, 02c64d84, 00000000, 53c8fd74)
 afxClass<afxDrawInput>::Mount(02c65758, 02c64d84, 00000000, 53c8f724)
 afxClass<afxDrawQueue>::Mount(02c65818, 02c64d84, 00000000, 002ce27c)
 afxClass<afxBuffer>::Mount(02c64d98, 02c64d84, 00000000, 53c8e020)
 afxClass<afxVertexBuffer>::Mount(02c64e58, 02c64d84, 02c64d98, 002ce27c)
 afxClass<afxIndexBuffer>::Mount(02c64f18, 02c64d84, 02c64d98, 002ce27c)
 afxClass<afxSampler>::Mount(02c64fd8, 02c64d84, 00000000, 53c944a8)
 afxClass<afxTexture>::Mount(02c65098, 02c64d84, 00000000, 53c94958)
 afxClass<afxSurface>::Mount(02c65158, 02c64d84, 02c65098, 53c94620)
 afxClass<afxCanvas>::Mount(02c65218, 02c64d84, 00000000, 53c8e334)
 afxClass<afxShader>::Mount(02c652d8, 02c64d84, 00000000, 53c94168)
 afxClass<afxPipelineRig>::Mount(02c65398, 02c64d84, 00000000, 53c9437c)
 afxClass<afxPipeline>::Mount(02c65458, 02c64d84, 00000000, 53c93d68)
 afxClass<afxDrawOperation>::Mount(02c655d8, 02c64d84, 00000000, 51bd2df0)
 afxClass<afxLegoTemplate>::Mount(02c65518, 02c64d84, 00000000, 53c93b9c)
 afxClass<afxDrawOutput>::Mount(02c658d8, 02c64d84, 00000000, 53c8f978)
 afxDrawQueue.c:47?AfxDrawContextAcquireQueue(dctx=02c64d50)
 afxClass<afxDrawQueue>::AllocateObjects(1, 002ce154, 002ce170)
 afxClass<afxDrawQueue>::BuildObjects(1, 002ce154, 002ce274)
 afxClass<afxDrawQueue>::ConstructObject(02c65a10)
 sglDrawQueue.c:1825?_AfxDqueCtor(dque=02c65a10)
 Uploading draw operation 'data/pipeline/rgbaToRgba.xml'
 afxXml.c:1036?AfxFileSystemLoadXml(uri=data/pipeline/rgbaToRgba.xmlp)
 afxClass<afxXml>::AllocateObjects(1, 002cd43c, 002cd44c)
 afxClass<afxXml>::BuildObjects(1, 002cd43c, 002cd434)
 afxClass<afxXml>::ConstructObject(00a6b070)
 afxXml.c:995?_AfxXmlCtor(uri:data/pipeline/rgbaToRgba.xml)
 afxFile.c:273?AfxFileSystemOpenFile(Afx.FileSystem.OpenFile(00580f20,00000001,data/pipeline/rgbaToRgba.xml))
 afxClass<afxFile>::AllocateObjects(1, 002cd0b4, 002cd0c4)
 afxClass<afxFile>::BuildObjects(1, 002cd0b4, 002cd0a0)
 afxClass<afxFile, afxStream>ConstructingObject(02c671a0)
 afxClass<afxStream>::ConstructObject(02c671a0)
 afxClass<afxFile>::ConstructObject(02c671a0)
 afxClass<afxFile>::DismantleObjects(1, 002cd118)
 Destructing instance 02c671a0 of afxFile class.
 Destructing instance 02c671a0 of afxFile : afxStream class.
 Destructing instance 02c671a0 of afxStream class.
 afxClass<afxFile>::DeallocateObjects(1, 002cd118)
 afxClass<afxDrawOperation>::AllocateObjects(1, 02c67130, 002cd428)
 afxClass<afxDrawOperation>::BuildObjects(1, 02c67130, 002cd864)
 afxClass<afxDrawOperation>::ConstructObject(0064b340)
 afxDrawOperation.c:574?_AfxDopCtor(dop=0064b340)
 afxPipeline.c:316?AfxDrawContextBuildPipelines(dctx=02c64d50)
 afxClass<afxPipeline>::AllocateObjects(1, 02cf3890, 002ccdd0)
 afxClass<afxPipeline>::BuildObjects(1, 02cf3890, 002ccebc)
 afxClass<afxPipeline>::ConstructObject(02c6b6d0)
 sglPipeline.c:577?_AfxPipCtor(pip=02c6b6d0)
 afxShader.c:462?AfxDrawContextAcquireShaders(dctx=02c64d50,cnt=1,uri=02c6b600,shd=002cc59c)
 Uploading shader 'data/pipeline/rgbaToRgba.xml?vs'
 afxXml.c:1036?AfxFileSystemLoadXml(uri=data/pipeline/rgbaToRgba.xmlp)
 afxClass<afxXml>::AllocateObjects(1, 002cbc74, 002cbc84)
 afxClass<afxXml>::BuildObjects(1, 002cbc74, 002cbc6c)
 afxClass<afxXml>::ConstructObject(0064b480)
 afxXml.c:995?_AfxXmlCtor(uri:data/pipeline/rgbaToRgba.xml)
 afxFile.c:273?AfxFileSystemOpenFile(Afx.FileSystem.OpenFile(00580f20,00000001,data/pipeline/rgbaToRgba.xml))
 afxClass<afxFile>::AllocateObjects(1, 002cb8ec, 002cb8fc)
 afxClass<afxFile>::BuildObjects(1, 002cb8ec, 002cb8d8)
 afxClass<afxFile, afxStream>ConstructingObject(02c671a0)
 afxClass<afxStream>::ConstructObject(02c671a0)
 afxClass<afxFile>::ConstructObject(02c671a0)
 afxClass<afxFile>::DismantleObjects(1, 002cb950)
 Destructing instance 02c671a0 of afxFile class.
 Destructing instance 02c671a0 of afxFile : afxStream class.
 Destructing instance 02c671a0 of afxStream class.
 afxClass<afxFile>::DeallocateObjects(1, 002cb950)
 afxFile.c:294?AfxFileSystemOpenReadableFile(Afx.FileSystem.OpenReadableFile(00580f20,data/pipeline/stdEnv.inc))
 afxClass<afxFile>::AllocateObjects(1, 002cb958, 002cb968)
 afxClass<afxFile>::BuildObjects(1, 002cb958, 002cb944)
 afxClass<afxFile, afxStream>ConstructingObject(02c671a0)
 afxClass<afxStream>::ConstructObject(02c671a0)
 afxClass<afxFile>::ConstructObject(02c671a0)
 afxClass<afxFile>::DismantleObjects(1, 002cb9b8)
 Destructing instance 02c671a0 of afxFile class.
 Destructing instance 02c671a0 of afxFile : afxStream class.
 Destructing instance 02c671a0 of afxStream class.
 afxClass<afxFile>::DeallocateObjects(1, 002cb9b8)
 afxShader.c:304?AfxDrawContextBuildShaders(dctx=02c64d50,cnt=1,blueprint=002cc09c,shd=002cc59c)
 afxClass<afxShader>::AllocateObjects(1, 002cc59c, 002cbc54)
 afxClass<afxShader>::BuildObjects(1, 002cc59c, 002cc09c)
 afxClass<afxShader>::ConstructObject(00649d60)
 sglShader.c:238?_AfxShdCtor(shd=00649d60)
 #version 330 core // QWADRO. Engineered by SIGMA Technology Group.
        
        layout(location = 0) in vec2 a_xy;

        out block
        {
            vec2 uv0;
        } sgl_v;

        void main()
        {
            gl_Position = vec4(a_xy, 0.0, 1.0);
            sgl_v.uv0 = vec2(gl_Position.xy * 0.5 + 0.5).xy;
        }
       
 afxClass<afxXml>::DismantleObjects(1, 002cbcd8)
 Destructing instance 0064b480 of afxXml class.
 afxXml.c:972?_AfxXmlDtor(xml=0064b480)
 afxClass<afxXml>::DeallocateObjects(1, 002cbcd8)
 afxObject<00649d60>::InstallEventFilter(02c6b6d0)
 afxShader.c:462?AfxDrawContextAcquireShaders(dctx=02c64d50,cnt=1,uri=02c6b638,shd=002cc59c)
 Uploading shader 'data/pipeline/rgbaToRgba.xml?fs'
 afxXml.c:1036?AfxFileSystemLoadXml(uri=data/pipeline/rgbaToRgba.xmlp)
 afxClass<afxXml>::AllocateObjects(1, 002cbc74, 002cbc84)
 afxClass<afxXml>::BuildObjects(1, 002cbc74, 002cbc6c)
 afxClass<afxXml>::ConstructObject(0064b480)
 afxXml.c:995?_AfxXmlCtor(uri:data/pipeline/rgbaToRgba.xml)
 afxFile.c:273?AfxFileSystemOpenFile(Afx.FileSystem.OpenFile(00580f20,00000001,data/pipeline/rgbaToRgba.xml))
 afxClass<afxFile>::AllocateObjects(1, 002cb8ec, 002cb8fc)
 afxClass<afxFile>::BuildObjects(1, 002cb8ec, 002cb8d8)
 afxClass<afxFile, afxStream>ConstructingObject(02c671a0)
 afxClass<afxStream>::ConstructObject(02c671a0)
 afxClass<afxFile>::ConstructObject(02c671a0)
 afxClass<afxFile>::DismantleObjects(1, 002cb950)
 Destructing instance 02c671a0 of afxFile class.
 Destructing instance 02c671a0 of afxFile : afxStream class.
 Destructing instance 02c671a0 of afxStream class.
 afxClass<afxFile>::DeallocateObjects(1, 002cb950)
 afxFile.c:294?AfxFileSystemOpenReadableFile(Afx.FileSystem.OpenReadableFile(00580f20,data/pipeline/stdEnv.inc))
 afxClass<afxFile>::AllocateObjects(1, 002cb958, 002cb968)
 afxClass<afxFile>::BuildObjects(1, 002cb958, 002cb944)
 afxClass<afxFile, afxStream>ConstructingObject(02c671a0)
 afxClass<afxStream>::ConstructObject(02c671a0)
 afxClass<afxFile>::ConstructObject(02c671a0)
 afxClass<afxFile>::DismantleObjects(1, 002cb9b8)
 Destructing instance 02c671a0 of afxFile class.
 Destructing instance 02c671a0 of afxFile : afxStream class.
 Destructing instance 02c671a0 of afxStream class.
 afxClass<afxFile>::DeallocateObjects(1, 002cb9b8)
 afxShader.c:304?AfxDrawContextBuildShaders(dctx=02c64d50,cnt=1,blueprint=002cc09c,shd=002cc59c)
 afxClass<afxShader>::AllocateObjects(1, 002cc59c, 002cbc54)
 afxClass<afxShader>::BuildObjects(1, 002cc59c, 002cc09c)
 afxClass<afxShader>::ConstructObject(02d0d260)
 sglShader.c:238?_AfxShdCtor(shd=02d0d260)
 #version 330 core // QWADRO. Engineered by SIGMA Technology Group.
        
        uniform sampler2D samp;

        in block
        {
            vec2 uv0;
        } sgl_v;

        out vec4 sgl_rgba;

        void main()
        {
            sgl_rgba = texture(samp, sgl_v.uv0);
        }
       
 afxClass<afxXml>::DismantleObjects(1, 002cbcd8)
 Destructing instance 0064b480 of afxXml class.
 afxXml.c:972?_AfxXmlDtor(xml=0064b480)
 afxClass<afxXml>::DeallocateObjects(1, 002cbcd8)
 afxObject<02d0d260>::InstallEventFilter(02c6b6d0)
 afxClass<afxLegoTemplate>::AllocateObjects(1, 002cc3b0, 002cc3cc)
 afxClass<afxLegoTemplate>::BuildObjects(1, 002cc3b0, 002cc3a4)
 afxClass<afxLegoTemplate>::ConstructObject(02d0cf20)
 sglLego.c:199?_AfxLegtCtor(legt=02d0cf20)
 afxClass<afxPipelineRig>::AllocateObjects(1, 002cc3bc, 002cc3cc)
 afxClass<afxPipelineRig>::BuildObjects(1, 002cc3bc, 002cc3b0)
 afxClass<afxPipelineRig>::ConstructObject(0064a0a0)
 sglPipelineRig.c:118?_AfxPiprCtor(pipr=0064a0a0)
 afxPipeline.c:316?AfxDrawContextBuildPipelines(dctx=02c64d50)
 afxClass<afxPipeline>::AllocateObjects(1, 02cf36f0, 002ccdd0)
 afxClass<afxPipeline>::BuildObjects(1, 02cf36f0, 002ccebc)
 afxClass<afxPipeline>::ConstructObject(00a309b0)
 sglPipeline.c:577?_AfxPipCtor(pip=00a309b0)
 afxShader.c:462?AfxDrawContextAcquireShaders(dctx=02c64d50,cnt=1,uri=02c6b600,shd=002cc59c)
 Uploading shader 'data/pipeline/rgbaToRgba.xml?vsFlippedY'
 afxXml.c:1036?AfxFileSystemLoadXml(uri=data/pipeline/rgbaToRgba.xmlp)
 afxClass<afxXml>::AllocateObjects(1, 002cbc74, 002cbc84)
 afxClass<afxXml>::BuildObjects(1, 002cbc74, 002cbc6c)
 afxClass<afxXml>::ConstructObject(0064b480)
 afxXml.c:995?_AfxXmlCtor(uri:data/pipeline/rgbaToRgba.xml)
 afxFile.c:273?AfxFileSystemOpenFile(Afx.FileSystem.OpenFile(00580f20,00000001,data/pipeline/rgbaToRgba.xml))
 afxClass<afxFile>::AllocateObjects(1, 002cb8ec, 002cb8fc)
 afxClass<afxFile>::BuildObjects(1, 002cb8ec, 002cb8d8)
 afxClass<afxFile, afxStream>ConstructingObject(02c671a0)
 afxClass<afxStream>::ConstructObject(02c671a0)
 afxClass<afxFile>::ConstructObject(02c671a0)
 afxClass<afxFile>::DismantleObjects(1, 002cb950)
 Destructing instance 02c671a0 of afxFile class.
 Destructing instance 02c671a0 of afxFile : afxStream class.
 Destructing instance 02c671a0 of afxStream class.
 afxClass<afxFile>::DeallocateObjects(1, 002cb950)
 afxFile.c:294?AfxFileSystemOpenReadableFile(Afx.FileSystem.OpenReadableFile(00580f20,data/pipeline/stdEnv.inc))
 afxClass<afxFile>::AllocateObjects(1, 002cb958, 002cb968)
 afxClass<afxFile>::BuildObjects(1, 002cb958, 002cb944)
 afxClass<afxFile, afxStream>ConstructingObject(02c671a0)
 afxClass<afxStream>::ConstructObject(02c671a0)
 afxClass<afxFile>::ConstructObject(02c671a0)
 afxClass<afxFile>::DismantleObjects(1, 002cb9b8)
 Destructing instance 02c671a0 of afxFile class.
 Destructing instance 02c671a0 of afxFile : afxStream class.
 Destructing instance 02c671a0 of afxStream class.
 afxClass<afxFile>::DeallocateObjects(1, 002cb9b8)
 afxShader.c:304?AfxDrawContextBuildShaders(dctx=02c64d50,cnt=1,blueprint=002cc09c,shd=002cc59c)
 afxClass<afxShader>::AllocateObjects(1, 002cc59c, 002cbc54)
 afxClass<afxShader>::BuildObjects(1, 002cc59c, 002cc09c)
 afxClass<afxShader>::ConstructObject(00a30ed0)
 sglShader.c:238?_AfxShdCtor(shd=00a30ed0)
 #version 330 core // QWADRO. Engineered by SIGMA Technology Group.
        
        const mat4 m = mat4(1, 0, 0, 0, 0, -1, 0, 0, 0, 0, 1, 0, 0, 0, 0, 1);
        
        layout(location = 0) in vec2 a_xy;
        
        out block
        {
            vec2 uv0;
        } sgl_v;

        void main()
        {
            gl_Position = vec4(a_xy, 0.0, 1.0);
            sgl_v.uv0 = vec2(m * vec4(gl_Position.xy * 0.5 + 0.5, 0, 1)).xy;
        }
       
 afxClass<afxXml>::DismantleObjects(1, 002cbcd8)
 Destructing instance 0064b480 of afxXml class.
 afxXml.c:972?_AfxXmlDtor(xml=0064b480)
 afxClass<afxXml>::DeallocateObjects(1, 002cbcd8)
 afxObject<00a30ed0>::InstallEventFilter(00a309b0)
 afxShader.c:462?AfxDrawContextAcquireShaders(dctx=02c64d50,cnt=1,uri=02c6b638,shd=002cc59c)
 Uploading shader 'data/pipeline/rgbaToRgba.xml?fs'
 afxXml.c:1036?AfxFileSystemLoadXml(uri=data/pipeline/rgbaToRgba.xmlp)
 afxClass<afxXml>::AllocateObjects(1, 002cbc74, 002cbc84)
 afxClass<afxXml>::BuildObjects(1, 002cbc74, 002cbc6c)
 afxClass<afxXml>::ConstructObject(0064b480)
 afxXml.c:995?_AfxXmlCtor(uri:data/pipeline/rgbaToRgba.xml)
 afxFile.c:273?AfxFileSystemOpenFile(Afx.FileSystem.OpenFile(00580f20,00000001,data/pipeline/rgbaToRgba.xml))
 afxClass<afxFile>::AllocateObjects(1, 002cb8ec, 002cb8fc)
 afxClass<afxFile>::BuildObjects(1, 002cb8ec, 002cb8d8)
 afxClass<afxFile, afxStream>ConstructingObject(02c671a0)
 afxClass<afxStream>::ConstructObject(02c671a0)
 afxClass<afxFile>::ConstructObject(02c671a0)
 afxClass<afxFile>::DismantleObjects(1, 002cb950)
 Destructing instance 02c671a0 of afxFile class.
 Destructing instance 02c671a0 of afxFile : afxStream class.
 Destructing instance 02c671a0 of afxStream class.
 afxClass<afxFile>::DeallocateObjects(1, 002cb950)
 afxFile.c:294?AfxFileSystemOpenReadableFile(Afx.FileSystem.OpenReadableFile(00580f20,data/pipeline/stdEnv.inc))
 afxClass<afxFile>::AllocateObjects(1, 002cb958, 002cb968)
 afxClass<afxFile>::BuildObjects(1, 002cb958, 002cb944)
 afxClass<afxFile, afxStream>ConstructingObject(02c671a0)
 afxClass<afxStream>::ConstructObject(02c671a0)
 afxClass<afxFile>::ConstructObject(02c671a0)
 afxClass<afxFile>::DismantleObjects(1, 002cb9b8)
 Destructing instance 02c671a0 of afxFile class.
 Destructing instance 02c671a0 of afxFile : afxStream class.
 Destructing instance 02c671a0 of afxStream class.
 afxClass<afxFile>::DeallocateObjects(1, 002cb9b8)
 afxShader.c:304?AfxDrawContextBuildShaders(dctx=02c64d50,cnt=1,blueprint=002cc09c,shd=002cc59c)
 afxClass<afxShader>::AllocateObjects(1, 002cc59c, 002cbc54)
 afxClass<afxShader>::BuildObjects(1, 002cc59c, 002cc09c)
 afxClass<afxShader>::ConstructObject(00a30cb0)
 sglShader.c:238?_AfxShdCtor(shd=00a30cb0)
 #version 330 core // QWADRO. Engineered by SIGMA Technology Group.
        
        uniform sampler2D samp;

        in block
        {
            vec2 uv0;
        } sgl_v;

        out vec4 sgl_rgba;

        void main()
        {
            sgl_rgba = texture(samp, sgl_v.uv0);
        }
       
 afxClass<afxXml>::DismantleObjects(1, 002cbcd8)
 Destructing instance 0064b480 of afxXml class.
 afxXml.c:972?_AfxXmlDtor(xml=0064b480)
 afxClass<afxXml>::DeallocateObjects(1, 002cbcd8)
 afxObject<00a30cb0>::InstallEventFilter(00a309b0)
 afxClass<afxXml>::DismantleObjects(1, 002cd4a0)
 Destructing instance 00a6b070 of afxXml class.
 afxXml.c:972?_AfxXmlDtor(xml=00a6b070)
 afxClass<afxXml>::DeallocateObjects(1, 002cd4a0)
 afxSampler.c:47?AfxDrawContextAcquireSamplers(dctx=02c64d50,spec=002cde00)
 afxClass<afxSampler>::AllocateObjects(1, 02c67134, 002cdac4)
 afxClass<afxSampler>::BuildObjects(1, 02c67134, 002cde00)
 afxClass<afxSampler>::ConstructObject(00a41ba0)
 sglSampler.c:184?_AfxSmpCtor(smp=00a41ba0)
 afxClass<afxVertexBuffer>::AllocateObjects(1, 02c67138, 002cdb18)
 afxClass<afxVertexBuffer>::BuildObjects(1, 02c67138, 002cdaf0)
 afxClass<afxVertexBuffer, afxBuffer>ConstructingObject(02d0d160)
 afxClass<afxBuffer>::ConstructObject(02d0d160)
 sglBuffer.c:454?_AfxBufCtor(buf=02d0d160)
 afxClass<afxVertexBuffer>::ConstructObject(02d0d160)
 afxVertexBuffer.c:342?_AfxVbufCtor(vbuf=02d0d160)
 afxApplication.c:372?AfxSystemAcquireApplication(sys=002ce72c,spec=02c64d50)
 afxClass<afxApplication>::AllocateObjects(1, 002ce654, 002ce664)
 afxClass<afxApplication>::BuildObjects(1, 002ce654, 002ce6fc)
 afxClass<afxApplication>::ConstructObject(02c82f10)
 afxApplication.c:422?_AfxAppCtor(app=02c82f10)
 afxMouse.c:249?AfxSystemAcquireMouse(sys=0057f070,port=0)
 afxClass<afxMouse>::AllocateObjects(1, 002ce244, 002ce254)
 afxClass<afxMouse>::BuildObjects(1, 002ce244, 002ce23c)
 afxClass<afxMouse, afxHid>ConstructingObject(02c73b10)
 afxClass<afxHid>::ConstructObject(02c73b10)
 afxHid.c:75?_AfxHidCtor(hid=02c73b10)
 afxClass<afxMouse>::ConstructObject(02c73b10)
 afxMouse.c:304?_AfxMseCtor(mse=02c73b10)
 afxDrawInput.c:102?AfxDrawContextAcquireInput(dctx=02c64d50,spec=002ce2f8)
 afxClass<afxDrawInput>::AllocateObjects(1, 002ce22c, 002ce248)
 afxClass<afxDrawInput>::BuildObjects(1, 002ce22c, 002ce2f8)
 afxClass<afxDrawInput>::ConstructObject(00a2f630)
 sglDrawInput.c:274?_AfxDinCtor(din=00a2f630)
 afxArena.c:822?AfxSystemAcquireArena(sys=0057f070,strategy=002cdea4,hint="sglDrawInput.c:310!_AfxDinCtor")
 afxClass<Memory Arena>::AllocateObjects(1, 002cddf0, 002cde00)
 afxClass<Memory Arena>::BuildObjects(1, 002cddf0, 002cdde4)
 afxClass<Memory Arena, afxMemory>ConstructingObject(02c835d0)
 afxClass<afxMemory>::ConstructObject(02c835d0)
 afxMemory.c:317?_AfxMemCtor(mem=02c835d0)
 afxClass<Memory Arena>::ConstructObject(02c835d0)
 afxArena.c:799?_AfxArenCtor(aren=02c835d0)
 afxClass<afxWidget>::Mount(02c833e8, 02c82f44, 00000000, 51bd8868)
 afxClass<afxSimulation>::Mount(02c834a8, 02c82f44, 00000000, 51bd92f0)
 afxApplication.c:322?AfxApplicationExecute(app=02c82f10)
 Skybox.c:464?AfxEnterApplication(app=02c82f10)
 afxFileSystem.c:389?AfxFileSystemMountStoragePoints(Afx.FileSystem.MountStoragePoints(00580f20,1,002ce360))
 ERR afxFileSystem.c:400?AfxFileSystemMountStoragePoints
    
 ERR Skybox.c:479?AfxEnterApplication
    
 ERR Skybox.c:479?AfxEnterApplication
    (rslt == 1)
    Invalid
 afxArchive.c:598?AfxFileSystemAcquireArchive(Afx.FileSystem.AcquireArchive(00580f20,1,"art/mnt.zip"))
 afxClass<afxArchive>::AllocateObjects(1, 002ce19c, 002ce1ac)
 afxClass<afxArchive>::BuildObjects(1, 002ce19c, 002ce188)
 afxClass<afxArchive, afxFile>ConstructingObject(02c76ba0)
 afxClass<afxFile, afxStream>ConstructingObject(02c76ba0)
 afxClass<afxStream>::ConstructObject(02c76ba0)
 afxClass<afxFile>::ConstructObject(02c76ba0)
 afxClass<afxArchive>::ConstructObject(02c76ba0)
 afxArchive.c:644?_AfxArcCtor(arc=02c76ba0)
 signature: 0x6054B50
 diskNumber: 0
 centralDirectoryDiskNumber: 0
 numEntriesThisDisk: 2
 numEntries: 2
 centralDirectorySize: 185 0xb9
 centralDirectoryOffset: 514621 0x7da3d
 zipCommentLength: 0
 Archived item 0 -> 514621 0x7da3d
 signature: 33639248 0x2014b50
 versionMadeBy: 63 0x3f
 versionNeededToExtract: 20 0x14
 generalPurposeBitFlag: 0 0
 compressionMethod: 0 0
 lastModFileTime: 1350 0x546
 lastModFileDate: 22171 0x569b
 crc32: 0
 compressedSize: 0
 uncompressedSize: 0
 fileNameLength: 4
 textraFieldLength: 36
 fileCommentLength: 0
 diskNumberStart: 0
 internalFileAttributes: 0
 externalFileAttributes: 0x10
 relativeOffsetOflocalHeader: 0 0
 Archived item 0, 34 0x22
 2023/04/27 00:42:12 #0000 art/
 Archived item 1 -> 514707 0x7da93
 signature: 33639248 0x2014b50
 versionMadeBy: 63 0x3f
 versionNeededToExtract: 10 0xa
 generalPurposeBitFlag: 0 0
 compressionMethod: 0 0
 lastModFileTime: 1423 0x58f
 lastModFileDate: 22171 0x569b
 crc32: 0x594b0260
 compressedSize: 514540
 uncompressedSize: 514540
 fileNameLength: 17
 textraFieldLength: 36
 fileCommentLength: 0
 diskNumberStart: 0
 internalFileAttributes: 0
 externalFileAttributes: 0x20
 relativeOffsetOflocalHeader: 34 0x22
 Archived item 1, 81 0x51
 2023/04/27 00:44:30 #0001 art/worldtest.tga
 afxStream.c:354?AfxFileSystemAcquireStream(fsys:00580f20,flags=1,src=04260080,len=514540)
 afxClass<afxStream>::AllocateObjects(1, 002ce0c4, 002ce0d4)
 afxClass<afxStream>::BuildObjects(1, 002ce0c4, 002ce0b4)
 afxClass<afxStream>::ConstructObject(0064b480)
 afxFile.c:273?AfxFileSystemOpenFile(Afx.FileSystem.OpenFile(00580f20,00000002,system/worldtest.tga))
 afxClass<afxFile>::AllocateObjects(1, 002ce070, 002ce080)
 afxClass<afxFile>::BuildObjects(1, 002ce070, 002ce05c)
 afxClass<afxFile, afxStream>ConstructingObject(02c77ca0)
 afxClass<afxStream>::ConstructObject(02c77ca0)
 afxClass<afxFile>::ConstructObject(02c77ca0)
 afxClass<afxFile>::DismantleObjects(1, 002ce0d4)
 Destructing instance 02c77ca0 of afxFile class.
 Destructing instance 02c77ca0 of afxFile : afxStream class.
 Destructing instance 02c77ca0 of afxStream class.
 afxClass<afxFile>::DeallocateObjects(1, 002ce0d4)
 afxSimulation.c:425?AfxApplicationAcquireSimulation(app=02c82f10,bounding=[[0.000000,0.000000,0.000000,1.000000],[0.000000,0.000000,0.000000,1.000000]])
 afxClass<afxSimulation>::AllocateObjects(1, 002ce178, 002ce188)
 afxClass<afxSimulation>::BuildObjects(1, 002ce178, 002ce170)
 afxClass<afxSimulation>::ConstructObject(02c77ca0)
 afxSimulation.c:345?_AfxSimCtor(sim=02c77ca0)
 afxMemory.c:259?AfxSystemAcquireMemory(sys=0057f070,strategy=002cde08,hint="afxSimulation.c:367!_AfxSimCtor")
 afxClass<afxMemory>::AllocateObjects(1, 002cdcfc, 002cdd0c)
 afxClass<afxMemory>::BuildObjects(1, 002cdcfc, 002cdcf0)
 afxClass<afxMemory>::ConstructObject(02c68a20)
 afxMemory.c:317?_AfxMemCtor(mem=02c68a20)
 afxClass<afxMaterial>::Mount(02c780a8, 02c77cd4, 00000000, 51bda224)
 afxClass<afxMesh>::Mount(02c78168, 02c77cd4, 00000000, 51bda588)
 afxClass<afxNode>::Mount(02c783a8, 02c77cd4, 00000000, 51bd96d4)
 afxClass<afxSkeleton>::Mount(02c782e8, 02c77cd4, 00000000, 51bd9b14)
 afxClass<afxModel>::Mount(02c78228, 02c77cd4, 00000000, 51bdacec)
 afxClass<afxBody>::Mount(02c77ce8, 02c77cd4, 00000000, 51bd8af4)
 afxClass<afxBodyControl>::Mount(02c77da8, 02c77cd4, 00000000, 51bd91bc)
 afxClass<afxEntity>::Mount(02c77e68, 02c77cd4, 02c783a8, 51bd8f8c)
 afxClass<afxCamera>::Mount(02c77f28, 02c77cd4, 02c783a8, 51bd8cb0)
 afxClass<afxLight>::Mount(02c77fe8, 02c77cd4, 02c783a8, 51bd9070)
 afxDrawOutput.c:137?AfxDrawContextAcquireOutput(dctx=02c64d50,spec=002ce430)
 afxClass<afxDrawOutput>::AllocateObjects(1, 002ce1a8, 002ce1c4)
 afxClass<afxDrawOutput>::BuildObjects(1, 002ce1a8, 002ce430)
 afxClass<afxDrawOutput>::ConstructObject(02c78570)
 sglDrawOutput.c:518?_AfxDoutCtor(dout=02c78570)
 afxSurface.c:12?AfxDrawContextAcquireSurface(dctx=02c64d50,fmt=4,whd=[1280,720,1],usage=16)
 ADV afxTexture.c:15?AfxTextureBlueprintReset
    texb->fcc == AFX_FCC_TEXB
 afxClass<afxSurface>::AllocateObjects(1, 002cd778, 002cd794)
 afxClass<afxSurface>::BuildObjects(1, 002cd778, 002cd7a0)
 afxClass<afxSurface, afxTexture>ConstructingObject(0064b160)
 afxClass<afxTexture>::ConstructObject(0064b160)
 sglTexture.c:1027?_AfxTexCtor(tex=0064b160)
 afxClass<afxSurface>::ConstructObject(0064b160)
 sglSurface.c:131?_AfxSurfCtor(surf=0064b160)
 afxSurface.c:12?AfxDrawContextAcquireSurface(dctx=02c64d50,fmt=4,whd=[1280,720,1],usage=16)
 ADV afxTexture.c:15?AfxTextureBlueprintReset
    texb->fcc == AFX_FCC_TEXB
 afxClass<afxSurface>::AllocateObjects(1, 002cd778, 002cd794)
 afxClass<afxSurface>::BuildObjects(1, 002cd778, 002cd7a0)
 afxClass<afxSurface, afxTexture>ConstructingObject(02d45de0)
 afxClass<afxTexture>::ConstructObject(02d45de0)
 sglTexture.c:1027?_AfxTexCtor(tex=02d45de0)
 afxClass<afxSurface>::ConstructObject(02d45de0)
 sglSurface.c:131?_AfxSurfCtor(surf=02d45de0)
 sglDrawOutput.c:470?_AfxStdDoutImplCtor(dout=02c78570,uri=window)
 sglDrawOutput.c:321?_AfxStdDoutImplCtorWnd(dout=02c78570)
 Extent readjusted. (dout)02c78570 -> 1272, 0.000000 of 4265114262; 693 0.000015 of 46553280
 afxDrawInput.c:102?AfxDrawContextAcquireInput(dctx=02c64d50,spec=002ce2d4)
 afxClass<afxDrawInput>::AllocateObjects(1, 002ce190, 002ce1ac)
 afxClass<afxDrawInput>::BuildObjects(1, 002ce190, 002ce2d4)
 afxClass<afxDrawInput>::ConstructObject(0435cea0)
 sglDrawInput.c:274?_AfxDinCtor(din=0435cea0)
 afxArena.c:822?AfxSystemAcquireArena(sys=0057f070,strategy=002cde08,hint="sglDrawInput.c:310!_AfxDinCtor")
 afxClass<Memory Arena>::AllocateObjects(1, 002cdd54, 002cdd64)
 afxClass<Memory Arena>::BuildObjects(1, 002cdd54, 002cdd48)
 afxClass<Memory Arena, afxMemory>ConstructingObject(02cba290)
 afxClass<afxMemory>::ConstructObject(02cba290)
 afxMemory.c:317?_AfxMemCtor(mem=02cba290)
 afxClass<Memory Arena>::ConstructObject(02cba290)
 afxArena.c:799?_AfxArenCtor(aren=02cba290)
 afxCamera.c:863?AfxSimulationAcquireCamera(sim=02c77ca0,name=viewer,perspective=1)
 afxClass<afxCamera>::AllocateObjects(1, 002ce014, 002ce024)
 afxClass<afxCamera>::BuildObjects(1, 002ce014, 002ce030)
 afxClass<afxCamera, afxNode>ConstructingObject(02cbd6f0)
 afxClass<afxNode>::ConstructObject(02cbd6f0)
 afxClass<afxCamera>::ConstructObject(02cbd6f0)
 afxCamera.c:939?_AfxCamCtor(cam=02cbd6f0)
 afxObject<02c73b10>::InstallEventFilter(02cbd6f0)
 ADV afxTexture.c:15?AfxTextureBlueprintReset
    texb->fcc == AFX_FCC_TEXB
 ERR afxUri.c:1685?AfxUri128
    
 ERR afxUri.c:1685?AfxUri128
    (src)
    Invalid
 ERR afxUri.c:1586?AfxUriCopy
    
 ERR afxUri.c:1586?AfxUriCopy
    (src)
    Invalid
 ERR afxString.c:427?AfxStringCopy
    (in)
    Invalid
 ADV afxString.c:437?AfxStringCopy
    String length truncation: 21107 -> 128 bytes
 afxTexture.c:401?AfxDrawContextBuildTextures(dctx=02c64d50,cnt=1,blueprint=002cdbd0,tex=00e57008)
 afxClass<afxTexture>::AllocateObjects(1, 00e57008, 002cd54c)
 afxClass<afxTexture>::BuildObjects(1, 00e57008, 002cdbd0)
 afxClass<afxTexture>::ConstructObject(02cbdbc0)
 sglTexture.c:1027?_AfxTexCtor(tex=02cbdbc0)
 ADV afxString.c:437?AfxStringCopy
    String length truncation: 128 -> 128 bytes
 afxFile.c:273?AfxFileSystemOpenFile(Afx.FileSystem.OpenFile(00580f20,00000001,art/skybox/day/right.tga))
 afxClass<afxFile>::AllocateObjects(1, 002ccda4, 002ccdb4)
 afxClass<afxFile>::BuildObjects(1, 002ccda4, 002ccd90)
 afxClass<afxFile, afxStream>ConstructingObject(02cbdd70)
 afxClass<afxStream>::ConstructObject(02cbdd70)
 afxClass<afxFile>::ConstructObject(02cbdd70)
 afxClass<afxFile>::DismantleObjects(1, 002cce08)
 Destructing instance 02cbdd70 of afxFile class.
 Destructing instance 02cbdd70 of afxFile : afxStream class.
 Destructing instance 02cbdd70 of afxStream class.
 afxClass<afxFile>::DeallocateObjects(1, 002cce08)
 afxFile.c:273?AfxFileSystemOpenFile(Afx.FileSystem.OpenFile(00580f20,00000001,art/skybox/day/left.tga))
 afxClass<afxFile>::AllocateObjects(1, 002ccda4, 002ccdb4)
 afxClass<afxFile>::BuildObjects(1, 002ccda4, 002ccd90)
 afxClass<afxFile, afxStream>ConstructingObject(02cbdd70)
 afxClass<afxStream>::ConstructObject(02cbdd70)
 afxClass<afxFile>::ConstructObject(02cbdd70)
 afxClass<afxFile>::DismantleObjects(1, 002cce08)
 Destructing instance 02cbdd70 of afxFile class.
 Destructing instance 02cbdd70 of afxFile : afxStream class.
 Destructing instance 02cbdd70 of afxStream class.
 afxClass<afxFile>::DeallocateObjects(1, 002cce08)
 afxFile.c:273?AfxFileSystemOpenFile(Afx.FileSystem.OpenFile(00580f20,00000001,art/skybox/day/bottom.tga))
 afxClass<afxFile>::AllocateObjects(1, 002ccda4, 002ccdb4)
 afxClass<afxFile>::BuildObjects(1, 002ccda4, 002ccd90)
 afxClass<afxFile, afxStream>ConstructingObject(02cbdd70)
 afxClass<afxStream>::ConstructObject(02cbdd70)
 afxClass<afxFile>::ConstructObject(02cbdd70)
 afxClass<afxFile>::DismantleObjects(1, 002cce08)
 Destructing instance 02cbdd70 of afxFile class.
 Destructing instance 02cbdd70 of afxFile : afxStream class.
 Destructing instance 02cbdd70 of afxStream class.
 afxClass<afxFile>::DeallocateObjects(1, 002cce08)
 afxFile.c:273?AfxFileSystemOpenFile(Afx.FileSystem.OpenFile(00580f20,00000001,art/skybox/day/top.tga))
 afxClass<afxFile>::AllocateObjects(1, 002ccda4, 002ccdb4)
 afxClass<afxFile>::BuildObjects(1, 002ccda4, 002ccd90)
 afxClass<afxFile, afxStream>ConstructingObject(02cbdd70)
 afxClass<afxStream>::ConstructObject(02cbdd70)
 afxClass<afxFile>::ConstructObject(02cbdd70)
 afxClass<afxFile>::DismantleObjects(1, 002cce08)
 Destructing instance 02cbdd70 of afxFile class.
 Destructing instance 02cbdd70 of afxFile : afxStream class.
 Destructing instance 02cbdd70 of afxStream class.
 afxClass<afxFile>::DeallocateObjects(1, 002cce08)
 afxFile.c:273?AfxFileSystemOpenFile(Afx.FileSystem.OpenFile(00580f20,00000001,art/skybox/day/front.tga))
 afxClass<afxFile>::AllocateObjects(1, 002ccda4, 002ccdb4)
 afxClass<afxFile>::BuildObjects(1, 002ccda4, 002ccd90)
 afxClass<afxFile, afxStream>ConstructingObject(02cbdd70)
 afxClass<afxStream>::ConstructObject(02cbdd70)
 afxClass<afxFile>::ConstructObject(02cbdd70)
 afxClass<afxFile>::DismantleObjects(1, 002cce08)
 Destructing instance 02cbdd70 of afxFile class.
 Destructing instance 02cbdd70 of afxFile : afxStream class.
 Destructing instance 02cbdd70 of afxStream class.
 afxClass<afxFile>::DeallocateObjects(1, 002cce08)
 afxFile.c:273?AfxFileSystemOpenFile(Afx.FileSystem.OpenFile(00580f20,00000001,art/skybox/day/back.tga))
 afxClass<afxFile>::AllocateObjects(1, 002ccda4, 002ccdb4)
 afxClass<afxFile>::BuildObjects(1, 002ccda4, 002ccd90)
 afxClass<afxFile, afxStream>ConstructingObject(02cbdd70)
 afxClass<afxStream>::ConstructObject(02cbdd70)
 afxClass<afxFile>::ConstructObject(02cbdd70)
 afxClass<afxFile>::DismantleObjects(1, 002cce08)
 Destructing instance 02cbdd70 of afxFile class.
 Destructing instance 02cbdd70 of afxFile : afxStream class.
 Destructing instance 02cbdd70 of afxStream class.
 afxClass<afxFile>::DeallocateObjects(1, 002cce08)
 afxClass<afxVertexBuffer>::AllocateObjects(1, 00e57004, 002cd528)
 afxClass<afxVertexBuffer>::BuildObjects(1, 00e57004, 002cd500)
 afxClass<afxVertexBuffer, afxBuffer>ConstructingObject(02cbdd70)
 afxClass<afxBuffer>::ConstructObject(02cbdd70)
 sglBuffer.c:454?_AfxBufCtor(buf=02cbdd70)
 afxClass<afxVertexBuffer>::ConstructObject(02cbdd70)
 afxVertexBuffer.c:342?_AfxVbufCtor(vbuf=02cbdd70)
 Uploading draw operation 'data/pipeline/skybox.xml'
 afxXml.c:1036?AfxFileSystemLoadXml(uri=data/pipeline/skybox.xmlp)
 afxClass<afxXml>::AllocateObjects(1, 002cce4c, 002cce5c)
 afxClass<afxXml>::BuildObjects(1, 002cce4c, 002cce44)
 afxClass<afxXml>::ConstructObject(00a6b070)
 afxXml.c:995?_AfxXmlCtor(uri:data/pipeline/skybox.xml)
 afxFile.c:273?AfxFileSystemOpenFile(Afx.FileSystem.OpenFile(00580f20,00000001,data/pipeline/skybox.xml))
 afxClass<afxFile>::AllocateObjects(1, 002ccac4, 002ccad4)
 afxClass<afxFile>::BuildObjects(1, 002ccac4, 002ccab0)
 afxClass<afxFile, afxStream>ConstructingObject(02cbe050)
 afxClass<afxStream>::ConstructObject(02cbe050)
 afxClass<afxFile>::ConstructObject(02cbe050)
 afxClass<afxFile>::DismantleObjects(1, 002ccb28)
 Destructing instance 02cbe050 of afxFile class.
 Destructing instance 02cbe050 of afxFile : afxStream class.
 Destructing instance 02cbe050 of afxStream class.
 afxClass<afxFile>::DeallocateObjects(1, 002ccb28)
 afxClass<afxDrawOperation>::AllocateObjects(1, 00e57030, 002cce38)
 afxClass<afxDrawOperation>::BuildObjects(1, 00e57030, 002cd274)
 afxClass<afxDrawOperation>::ConstructObject(02cc0c40)
 afxDrawOperation.c:574?_AfxDopCtor(dop=02cc0c40)
 afxPipeline.c:316?AfxDrawContextBuildPipelines(dctx=02c64d50)
 afxClass<afxPipeline>::AllocateObjects(1, 02cf3bc0, 002cc7e0)
 afxClass<afxPipeline>::BuildObjects(1, 02cf3bc0, 002cc8cc)
 afxClass<afxPipeline>::ConstructObject(02cbe050)
 sglPipeline.c:577?_AfxPipCtor(pip=02cbe050)
 afxShader.c:462?AfxDrawContextAcquireShaders(dctx=02c64d50,cnt=1,uri=02cc0e20,shd=002cbfac)
 Uploading shader 'data/pipeline/skybox.xml?vs'
 afxXml.c:1036?AfxFileSystemLoadXml(uri=data/pipeline/skybox.xmlp)
 afxClass<afxXml>::AllocateObjects(1, 002cb684, 002cb694)
 afxClass<afxXml>::BuildObjects(1, 002cb684, 002cb67c)
 afxClass<afxXml>::ConstructObject(02cc0ee0)
 afxXml.c:995?_AfxXmlCtor(uri:data/pipeline/skybox.xml)
 afxFile.c:273?AfxFileSystemOpenFile(Afx.FileSystem.OpenFile(00580f20,00000001,data/pipeline/skybox.xml))
 afxClass<afxFile>::AllocateObjects(1, 002cb2fc, 002cb30c)
 afxClass<afxFile>::BuildObjects(1, 002cb2fc, 002cb2e8)
 afxClass<afxFile, afxStream>ConstructingObject(02cbe350)
 afxClass<afxStream>::ConstructObject(02cbe350)
 afxClass<afxFile>::ConstructObject(02cbe350)
 afxClass<afxFile>::DismantleObjects(1, 002cb360)
 Destructing instance 02cbe350 of afxFile class.
 Destructing instance 02cbe350 of afxFile : afxStream class.
 Destructing instance 02cbe350 of afxStream class.
 afxClass<afxFile>::DeallocateObjects(1, 002cb360)
 afxFile.c:294?AfxFileSystemOpenReadableFile(Afx.FileSystem.OpenReadableFile(00580f20,data/pipeline/stdEnv.inc))
 afxClass<afxFile>::AllocateObjects(1, 002cb368, 002cb378)
 afxClass<afxFile>::BuildObjects(1, 002cb368, 002cb354)
 afxClass<afxFile, afxStream>ConstructingObject(02cbe350)
 afxClass<afxStream>::ConstructObject(02cbe350)
 afxClass<afxFile>::ConstructObject(02cbe350)
 afxClass<afxFile>::DismantleObjects(1, 002cb3c8)
 Destructing instance 02cbe350 of afxFile class.
 Destructing instance 02cbe350 of afxFile : afxStream class.
 Destructing instance 02cbe350 of afxStream class.
 afxClass<afxFile>::DeallocateObjects(1, 002cb3c8)
 afxShader.c:304?AfxDrawContextBuildShaders(dctx=02c64d50,cnt=1,blueprint=002cbaac,shd=002cbfac)
 afxClass<afxShader>::AllocateObjects(1, 002cbfac, 002cb664)
 afxClass<afxShader>::BuildObjects(1, 002cbfac, 002cbaac)
 afxClass<afxShader>::ConstructObject(02cbe590)
 sglShader.c:238?_AfxShdCtor(shd=02cbe590)
 #version 330 core // QWADRO. Engineered by SIGMA Technology Group.
        
        layout(std140, row_major) uniform sgl_view
        {
            mat4 v;
            mat4 p;
            mat4 vp;
        };

        layout(location = 0) in vec3 a_xyz;

        out block
        {
            vec3 uvw0;
        } sgl_v;

        void main()
        {
            sgl_v.uvw0 = a_xyz;
            vec4 pos = vec4(a_xyz, 1.0) * v * p;
            gl_Position = pos.xyww;
        }
       
 afxClass<afxXml>::DismantleObjects(1, 002cb6e8)
 Destructing instance 02cc0ee0 of afxXml class.
 afxXml.c:972?_AfxXmlDtor(xml=02cc0ee0)
 afxClass<afxXml>::DeallocateObjects(1, 002cb6e8)
 afxObject<02cbe590>::InstallEventFilter(02cbe050)
 afxShader.c:462?AfxDrawContextAcquireShaders(dctx=02c64d50,cnt=1,uri=02cc0e58,shd=002cbfac)
 Uploading shader 'data/pipeline/skybox.xml?fs'
 afxXml.c:1036?AfxFileSystemLoadXml(uri=data/pipeline/skybox.xmlp)
 afxClass<afxXml>::AllocateObjects(1, 002cb684, 002cb694)
 afxClass<afxXml>::BuildObjects(1, 002cb684, 002cb67c)
 afxClass<afxXml>::ConstructObject(02cc0ee0)
 afxXml.c:995?_AfxXmlCtor(uri:data/pipeline/skybox.xml)
 afxFile.c:273?AfxFileSystemOpenFile(Afx.FileSystem.OpenFile(00580f20,00000001,data/pipeline/skybox.xml))
 afxClass<afxFile>::AllocateObjects(1, 002cb2fc, 002cb30c)
 afxClass<afxFile>::BuildObjects(1, 002cb2fc, 002cb2e8)
 afxClass<afxFile, afxStream>ConstructingObject(02cbe960)
 afxClass<afxStream>::ConstructObject(02cbe960)
 afxClass<afxFile>::ConstructObject(02cbe960)
 afxClass<afxFile>::DismantleObjects(1, 002cb360)
 Destructing instance 02cbe960 of afxFile class.
 Destructing instance 02cbe960 of afxFile : afxStream class.
 Destructing instance 02cbe960 of afxStream class.
 afxClass<afxFile>::DeallocateObjects(1, 002cb360)
 afxFile.c:294?AfxFileSystemOpenReadableFile(Afx.FileSystem.OpenReadableFile(00580f20,data/pipeline/stdEnv.inc))
 afxClass<afxFile>::AllocateObjects(1, 002cb368, 002cb378)
 afxClass<afxFile>::BuildObjects(1, 002cb368, 002cb354)
 afxClass<afxFile, afxStream>ConstructingObject(02cbe960)
 afxClass<afxStream>::ConstructObject(02cbe960)
 afxClass<afxFile>::ConstructObject(02cbe960)
 afxClass<afxFile>::DismantleObjects(1, 002cb3c8)
 Destructing instance 02cbe960 of afxFile class.
 Destructing instance 02cbe960 of afxFile : afxStream class.
 Destructing instance 02cbe960 of afxStream class.
 afxClass<afxFile>::DeallocateObjects(1, 002cb3c8)
 afxShader.c:304?AfxDrawContextBuildShaders(dctx=02c64d50,cnt=1,blueprint=002cbaac,shd=002cbfac)
 afxClass<afxShader>::AllocateObjects(1, 002cbfac, 002cb664)
 afxClass<afxShader>::BuildObjects(1, 002cbfac, 002cbaac)
 afxClass<afxShader>::ConstructObject(0426c3c0)
 sglShader.c:238?_AfxShdCtor(shd=0426c3c0)
 #version 330 core // QWADRO. Engineered by SIGMA Technology Group.
        
        uniform samplerCube samp;

        in block
        {
            vec3 uvw0;
        } sgl_v;

        out vec4 sgl_rgba;

        void main()
        {
            sgl_rgba = texture(samp, sgl_v.uvw0);
        }
       
 afxClass<afxXml>::DismantleObjects(1, 002cb6e8)
 Destructing instance 02cc0ee0 of afxXml class.
 afxXml.c:972?_AfxXmlDtor(xml=02cc0ee0)
 afxClass<afxXml>::DeallocateObjects(1, 002cb6e8)
 afxObject<0426c3c0>::InstallEventFilter(02cbe050)
 afxClass<afxLegoTemplate>::AllocateObjects(1, 002cbdc0, 002cbddc)
 afxClass<afxLegoTemplate>::BuildObjects(1, 002cbdc0, 002cbdb4)
 afxClass<afxLegoTemplate>::ConstructObject(0426c080)
 sglLego.c:199?_AfxLegtCtor(legt=0426c080)
 afxClass<afxPipelineRig>::AllocateObjects(1, 002cbdcc, 002cbddc)
 afxClass<afxPipelineRig>::BuildObjects(1, 002cbdcc, 002cbdc0)
 afxClass<afxPipelineRig>::ConstructObject(0426c2d0)
 sglPipelineRig.c:118?_AfxPiprCtor(pipr=0426c2d0)
 afxClass<afxXml>::DismantleObjects(1, 002cceb0)
 Destructing instance 00a6b070 of afxXml class.
 afxXml.c:972?_AfxXmlDtor(xml=00a6b070)
 afxClass<afxXml>::DeallocateObjects(1, 002cceb0)
 afxSampler.c:47?AfxDrawContextAcquireSamplers(dctx=02c64d50,spec=002cd710)
 afxClass<afxSampler>::AllocateObjects(1, 00e57034, 002cd4d4)
 afxClass<afxSampler>::BuildObjects(1, 00e57034, 002cd710)
 afxClass<afxSampler>::ConstructObject(02cbe350)
 sglSampler.c:184?_AfxSmpCtor(smp=02cbe350)
 afxCanvas.c:156?AfxDrawContextBuildCanvases(dctx=02c64d50,cnt=1,blueprint=002cd4b0,canv=00e5703c)
 afxClass<afxCanvas>::AllocateObjects(1, 00e5703c, 002cd3ac)
 afxClass<afxCanvas>::BuildObjects(1, 00e5703c, 002cd4b0)
 afxClass<afxCanvas>::ConstructObject(02cbe430)
 sglCanvas.c:399?_AfxCanvCtor(canv=02cbe430)
 afxSurface.c:12?AfxDrawContextAcquireSurface(dctx=02c64d50,fmt=22,whd=[1272,693,1],usage=32)
 ADV afxTexture.c:15?AfxTextureBlueprintReset
    texb->fcc == AFX_FCC_TEXB
 afxClass<afxSurface>::AllocateObjects(1, 002cc878, 002cc894)
 afxClass<afxSurface>::BuildObjects(1, 002cc878, 002cc8a0)
 afxClass<afxSurface, afxTexture>ConstructingObject(02cc0d90)
 afxClass<afxTexture>::ConstructObject(02cc0d90)
 sglTexture.c:1027?_AfxTexCtor(tex=02cc0d90)
 afxClass<afxSurface>::ConstructObject(02cc0d90)
 sglSurface.c:131?_AfxSurfCtor(surf=02cc0d90)
 afxClass<afxBuffer>::AllocateObjects(1, 00e57040, 002cd558)
 afxClass<afxBuffer>::BuildObjects(1, 00e57040, 002cd77c)
 afxClass<afxBuffer>::ConstructObject(00587900)
 sglBuffer.c:454?_AfxBufCtor(buf=00587900)
 afxCanvas.c:156?AfxDrawContextBuildCanvases(dctx=02c64d50,cnt=1,blueprint=002cd4b0,canv=00e57044)
 afxClass<afxCanvas>::AllocateObjects(1, 00e57044, 002cd3ac)
 afxClass<afxCanvas>::BuildObjects(1, 00e57044, 002cd4b0)
 afxClass<afxCanvas>::ConstructObject(02cbeaa0)
 sglCanvas.c:399?_AfxCanvCtor(canv=02cbeaa0)
 afxSurface.c:12?AfxDrawContextAcquireSurface(dctx=02c64d50,fmt=22,whd=[1272,693,1],usage=32)
 ADV afxTexture.c:15?AfxTextureBlueprintReset
    texb->fcc == AFX_FCC_TEXB
 afxClass<afxSurface>::AllocateObjects(1, 002cc878, 002cc894)
 afxClass<afxSurface>::BuildObjects(1, 002cc878, 002cc8a0)
 afxClass<afxSurface, afxTexture>ConstructingObject(02cbeb80)
 afxClass<afxTexture>::ConstructObject(02cbeb80)
 sglTexture.c:1027?_AfxTexCtor(tex=02cbeb80)
 afxClass<afxSurface>::ConstructObject(02cbeb80)
 sglSurface.c:131?_AfxSurfCtor(surf=02cbeb80)
 afxClass<afxBuffer>::AllocateObjects(1, 00e57048, 002cd558)
 afxClass<afxBuffer>::BuildObjects(1, 00e57048, 002cd77c)
 afxClass<afxBuffer>::ConstructObject(005879c0)
 sglBuffer.c:454?_AfxBufCtor(buf=005879c0)
 afxDrawScript.c:298?AfxDrawInputAcquireScript(din=0435cea0)
 afxClass<afxDrawScript>::AllocateObjects(1, 002cdf88, 002cdf98)
 afxClass<afxDrawScript>::BuildObjects(1, 002cdf88, 002cdff0)
 afxClass<afxDrawScript>::ConstructObject(00587a80)
 sglDrawScript.c:464?_AfxDscrCtor(dscr=00587a80)
 afxTexture 0064b160 hardware-side data instanced.
 afxSurface 0064b160 hardware-side data instanced.
 afxTexture 02cc0d90 hardware-side data instanced.
 afxSurface 02cc0d90 hardware-side data instanced.
 afxCanvas 02cbe430 hardware-side data instanced.
 afxShader 02cbe590 hardware-side data instanced.
 afxShader 0426c3c0 hardware-side data instanced.
 afxPipeline 02cbe050 hardware-side data instanced.
 afxBuffer 00587900 hardware-side data instanced.
 afxTexture 02cbdbc0 hardware-side data instanced.
 afxSampler 02cbe350 hardware-side data instanced.
 afxBuffer 02cbdd70 hardware-side data instanced.
 afxShader 00a30ed0 hardware-side data instanced.
 afxShader 00a30cb0 hardware-side data instanced.
 afxPipeline 00a309b0 hardware-side data instanced.
 afxBuffer 02d0d160 hardware-side data instanced.
 afxSampler 00a41ba0 hardware-side data instanced.
 afxTexture 02d45de0 hardware-side data instanced.
 afxSurface 02d45de0 hardware-side data instanced.
 afxTexture 02cbeb80 hardware-side data instanced.
 afxSurface 02cbeb80 hardware-side data instanced.
 afxCanvas 02cbeaa0 hardware-side data instanced.
 ADV afxSystem.c:566?AfxSystemProcess
    User input requested application break.
 afxApplication.c:293?AfxApplicationExit(app=02c82f10)
 Skybox.c:549?AfxLeaveApplication(app=02c82f10)
 afxClass<afxDrawInput>::DismantleObjects(1, 002ce5e0)
 Destructing instance 0435cea0 of afxDrawInput class.
 sglDrawInput.c:237?_AfxDinDtor(din=0435cea0)
 afxClass<afxDrawInput>::DeallocateObjects(1, 002ce5e0)
 aaaaaaaaaaaa
 afxClass<afxApplication>::DismantleObjects(1, 002ce698)
 Destructing instance 02c82f10 of afxApplication class.
 afxApplication.c:405?_AfxAppDtor(app=02c82f10)
 afxClass<afxSimulation>::Dismount(02c834a8)
 afxClass<afxSimulation>::DismantleObjects(1, 002ce23c)
 Destructing instance 02c77ca0 of afxSimulation class.
 afxSimulation.c:330?_AfxSimDtor(sim=02c77ca0)
 afxClass<afxLight>::Dismount(02c77fe8)
 afxClass<afxCamera>::Dismount(02c77f28)
 afxClass<afxCamera>::DismantleObjects(1, 002cdddc)
 afxObject<02c73b10>::RemoveEventFilter(02cbd6f0)
 Destructing instance 02cbd6f0 of afxCamera class.
 afxCamera.c:931?_AfxCamDtor(cam=02cbd6f0)
 Destructing instance 02cbd6f0 of afxCamera : afxNode class.
 Destructing instance 02cbd6f0 of afxNode class.
 afxClass<afxCamera>::DeallocateObjects(1, 002cdddc)
 afxClass<afxEntity>::Dismount(02c77e68)
 afxClass<afxBodyControl>::Dismount(02c77da8)
 afxClass<afxBody>::Dismount(02c77ce8)
 afxClass<afxModel>::Dismount(02c78228)
 afxClass<afxSkeleton>::Dismount(02c782e8)
 afxClass<afxNode>::Dismount(02c783a8)
 afxClass<afxMesh>::Dismount(02c78168)
 afxClass<afxMaterial>::Dismount(02c780a8)
 afxClass<afxMemory>::DismantleObjects(1, 002cdf00)
 Destructing instance 02c68a20 of afxMemory class.
 afxMemory.c:299?_AfxMemDtor(mem=02c68a20)
 afxMemory.c:219?AfxMemoryExhaust(mem=02c68a20)
 Exhausted. (mem)02c68a20
 afxClass<afxMemory>::DeallocateObjects(1, 002cdf00)
 afxClass<afxSimulation>::DeallocateObjects(1, 002ce23c)
 afxClass<afxWidget>::Dismount(02c833e8)
 afxClass<afxDrawInput>::DismantleObjects(1, 002ce360)
 Destructing instance 00a2f630 of afxDrawInput class.
 sglDrawInput.c:237?_AfxDinDtor(din=00a2f630)
 afxClass<afxDrawInput>::DeallocateObjects(1, 002ce360)
 afxClass<afxMouse>::DismantleObjects(1, 002ce360)
 Destructing instance 02c73b10 of afxMouse class.
 afxMouse.c:295?_AfxMseDtor(mse=02c73b10)
 Destructing instance 02c73b10 of afxMouse : afxHid class.
 Destructing instance 02c73b10 of afxHid class.
 afxHid.c:66?_AfxHidDtor(hid=02c73b10)
 afxClass<afxMouse>::DeallocateObjects(1, 002ce360)
 afxClass<afxApplication>::DeallocateObjects(1, 002ce698)
 afxClass<Draw Context>::DismantleObjects(1, 002ce698)
 Destructing instance 02c64d50 of Draw Context class.
 sglDrawContext.c:222?_AfxDctxDtor(dctx=02c64d50)
 afxClass<afxDrawOutput>::Dismount(02c658d8)
 afxClass<afxDrawOutput>::DismantleObjects(1, 002ce23c)
 Destructing instance 02c78570 of afxDrawOutput class.
 sglDrawOutput.c:283?_AfxDoutDtor(dout=02c78570)
 sglDrawOutput.c:238?_AfxDoutDropAllSurfaces(dout=02c78570)
 afxClass<afxDrawOutput>::DeallocateObjects(1, 002ce23c)
 afxClass<afxLegoTemplate>::Dismount(02c65518)
 afxClass<afxLegoTemplate>::DismantleObjects(1, 002ce23c)
 Destructing instance 0426c080 of afxLegoTemplate class.
 sglLego.c:191?_AfxLegtDtor(legt=0426c080)
 afxClass<afxLegoTemplate>::DeallocateObjects(1, 002ce23c)
 afxClass<afxLegoTemplate>::DismantleObjects(1, 002ce23c)
 Destructing instance 02d0cf20 of afxLegoTemplate class.
 sglLego.c:191?_AfxLegtDtor(legt=02d0cf20)
 afxClass<afxLegoTemplate>::DeallocateObjects(1, 002ce23c)
 afxClass<afxDrawOperation>::Dismount(02c655d8)
 afxClass<afxDrawOperation>::DismantleObjects(1, 002ce23c)
 Destructing instance 02cc0c40 of afxDrawOperation class.
 afxDrawOperation.c:549?_AfxDopDtor(dop=02cc0c40)
 afxClass<afxPipeline>::DismantleObjects(1, 002cdeac)
 afxObject<0426c3c0>::RemoveEventFilter(02cbe050)
 afxObject<02cbe590>::RemoveEventFilter(02cbe050)
 Destructing instance 02cbe050 of afxPipeline class.
 sglPipeline.c:511?_AfxPipDtor(pip=02cbe050)
 afxClass<afxPipelineRig>::DismantleObjects(1, 002cdb1c)
 Destructing instance 0426c2d0 of afxPipelineRig class.
 sglPipelineRig.c:100?_AfxPiprDtor(pipr=0426c2d0)
 afxClass<afxPipelineRig>::DeallocateObjects(1, 002cdb1c)
 afxClass<afxPipeline>::DeallocateObjects(1, 002cdeac)
 afxClass<afxDrawOperation>::DeallocateObjects(1, 002ce23c)
 afxClass<afxDrawOperation>::DismantleObjects(1, 002ce23c)
 Destructing instance 0064b340 of afxDrawOperation class.
 afxDrawOperation.c:549?_AfxDopDtor(dop=0064b340)
 afxClass<afxPipeline>::DismantleObjects(1, 002cdeac)
 afxObject<02d0d260>::RemoveEventFilter(02c6b6d0)
 afxObject<00649d60>::RemoveEventFilter(02c6b6d0)
 Destructing instance 02c6b6d0 of afxPipeline class.
 sglPipeline.c:511?_AfxPipDtor(pip=02c6b6d0)
 afxClass<afxPipeline>::DeallocateObjects(1, 002cdeac)
 afxClass<afxPipeline>::DismantleObjects(1, 002cdeac)
 afxObject<00a30cb0>::RemoveEventFilter(00a309b0)
 afxObject<00a30ed0>::RemoveEventFilter(00a309b0)
 Destructing instance 00a309b0 of afxPipeline class.
 sglPipeline.c:511?_AfxPipDtor(pip=00a309b0)
 afxClass<afxPipelineRig>::DismantleObjects(1, 002cdb1c)
 Destructing instance 0064a0a0 of afxPipelineRig class.
 sglPipelineRig.c:100?_AfxPiprDtor(pipr=0064a0a0)
 afxClass<afxPipelineRig>::DeallocateObjects(1, 002cdb1c)
 afxClass<afxPipeline>::DeallocateObjects(1, 002cdeac)
 afxClass<afxDrawOperation>::DeallocateObjects(1, 002ce23c)
 afxClass<afxPipeline>::Dismount(02c65458)
 afxClass<afxPipelineRig>::Dismount(02c65398)
 afxClass<afxShader>::Dismount(02c652d8)
 afxClass<afxShader>::DismantleObjects(1, 002ce23c)
 Destructing instance 0426c3c0 of afxShader class.
 afxClass<afxShader>::DeallocateObjects(1, 002ce23c)
 afxClass<afxShader>::DismantleObjects(1, 002ce23c)
 Destructing instance 02cbe590 of afxShader class.
 afxClass<afxShader>::DeallocateObjects(1, 002ce23c)
 afxClass<afxShader>::DismantleObjects(1, 002ce23c)
 Destructing instance 00a30cb0 of afxShader class.
 afxClass<afxShader>::DeallocateObjects(1, 002ce23c)
 afxClass<afxShader>::DismantleObjects(1, 002ce23c)
 Destructing instance 00a30ed0 of afxShader class.
 afxClass<afxShader>::DeallocateObjects(1, 002ce23c)
 afxClass<afxShader>::DismantleObjects(1, 002ce23c)
 Destructing instance 02d0d260 of afxShader class.
 afxClass<afxShader>::DeallocateObjects(1, 002ce23c)
 afxClass<afxShader>::DismantleObjects(1, 002ce23c)
 Destructing instance 00649d60 of afxShader class.
 afxClass<afxShader>::DeallocateObjects(1, 002ce23c)
 afxClass<afxCanvas>::Dismount(02c65218)
 afxClass<afxCanvas>::DismantleObjects(1, 002ce23c)
 Destructing instance 02cbeaa0 of afxCanvas class.
 sglCanvas.c:377?_AfxCanvDtor(canv=02cbeaa0)
 sglCanvas.c:327?_AfxCanvDropAllSurfaces(canv=02cbeaa0)
 afxClass<afxSurface>::DismantleObjects(1, 002cdea0)
 Destructing instance 02d45de0 of afxSurface class.
 sglSurface.c:98?_AfxSurfDtor(surf=02d45de0)
 Destructing instance 02d45de0 of afxSurface : afxTexture class.
 Destructing instance 02d45de0 of afxTexture class.
 sglTexture.c:981?_AfxTexDtor(tex=02d45de0)
 afxClass<afxSurface>::DeallocateObjects(1, 002cdea0)
 afxClass<afxSurface>::DismantleObjects(1, 002cdea0)
 Destructing instance 02cbeb80 of afxSurface class.
 sglSurface.c:98?_AfxSurfDtor(surf=02cbeb80)
 Destructing instance 02cbeb80 of afxSurface : afxTexture class.
 Destructing instance 02cbeb80 of afxTexture class.
 sglTexture.c:981?_AfxTexDtor(tex=02cbeb80)
 afxClass<afxSurface>::DeallocateObjects(1, 002cdea0)
 afxClass<afxCanvas>::DeallocateObjects(1, 002ce23c)
 afxClass<afxCanvas>::DismantleObjects(1, 002ce23c)
 Destructing instance 02cbe430 of afxCanvas class.
 sglCanvas.c:377?_AfxCanvDtor(canv=02cbe430)
 sglCanvas.c:327?_AfxCanvDropAllSurfaces(canv=02cbe430)
 afxClass<afxSurface>::DismantleObjects(1, 002cdea0)
 Destructing instance 0064b160 of afxSurface class.
 sglSurface.c:98?_AfxSurfDtor(surf=0064b160)
 Destructing instance 0064b160 of afxSurface : afxTexture class.
 Destructing instance 0064b160 of afxTexture class.
 sglTexture.c:981?_AfxTexDtor(tex=0064b160)
 afxClass<afxSurface>::DeallocateObjects(1, 002cdea0)
 afxClass<afxSurface>::DismantleObjects(1, 002cdea0)
 Destructing instance 02cc0d90 of afxSurface class.
 sglSurface.c:98?_AfxSurfDtor(surf=02cc0d90)
 Destructing instance 02cc0d90 of afxSurface : afxTexture class.
 Destructing instance 02cc0d90 of afxTexture class.
 sglTexture.c:981?_AfxTexDtor(tex=02cc0d90)
 afxClass<afxSurface>::DeallocateObjects(1, 002cdea0)
 afxClass<afxCanvas>::DeallocateObjects(1, 002ce23c)
 afxClass<afxSurface>::Dismount(02c65158)
 afxClass<afxTexture>::Dismount(02c65098)
 afxClass<afxTexture>::DismantleObjects(1, 002ce23c)
 Destructing instance 02cbdbc0 of afxTexture class.
 sglTexture.c:981?_AfxTexDtor(tex=02cbdbc0)
 afxClass<afxTexture>::DeallocateObjects(1, 002ce23c)
 afxClass<afxSampler>::Dismount(02c64fd8)
 afxClass<afxSampler>::DismantleObjects(1, 002ce23c)
 Destructing instance 02cbe350 of afxSampler class.
 sglSampler.c:157?_AfxSmpDtor(smp=02cbe350)
 afxClass<afxSampler>::DeallocateObjects(1, 002ce23c)
 afxClass<afxSampler>::DismantleObjects(1, 002ce23c)
 Destructing instance 00a41ba0 of afxSampler class.
 sglSampler.c:157?_AfxSmpDtor(smp=00a41ba0)
 afxClass<afxSampler>::DeallocateObjects(1, 002ce23c)
 afxClass<afxIndexBuffer>::Dismount(02c64f18)
 afxClass<afxVertexBuffer>::Dismount(02c64e58)
 afxClass<afxVertexBuffer>::DismantleObjects(1, 002ce23c)
 Destructing instance 02cbdd70 of afxVertexBuffer class.
 afxVertexBuffer.c:324?_AfxVbufDtor(vbuf=02cbdd70)
 Destructing instance 02cbdd70 of afxVertexBuffer : afxBuffer class.
 Destructing instance 02cbdd70 of afxBuffer class.
 sglBuffer.c:415?_AfxBufDtor(buf=02cbdd70)
 afxClass<afxVertexBuffer>::DeallocateObjects(1, 002ce23c)
 afxClass<afxVertexBuffer>::DismantleObjects(1, 002ce23c)
 Destructing instance 02d0d160 of afxVertexBuffer class.
 afxVertexBuffer.c:324?_AfxVbufDtor(vbuf=02d0d160)
 Destructing instance 02d0d160 of afxVertexBuffer : afxBuffer class.
 Destructing instance 02d0d160 of afxBuffer class.
 sglBuffer.c:415?_AfxBufDtor(buf=02d0d160)
 afxClass<afxVertexBuffer>::DeallocateObjects(1, 002ce23c)
 afxClass<afxBuffer>::Dismount(02c64d98)
 afxClass<afxBuffer>::DismantleObjects(1, 002ce23c)
 Destructing instance 005879c0 of afxBuffer class.
 sglBuffer.c:415?_AfxBufDtor(buf=005879c0)
 afxClass<afxBuffer>::DeallocateObjects(1, 002ce23c)
 afxClass<afxBuffer>::DismantleObjects(1, 002ce23c)
 Destructing instance 00587900 of afxBuffer class.
 sglBuffer.c:415?_AfxBufDtor(buf=00587900)
 afxClass<afxBuffer>::DeallocateObjects(1, 002ce23c)
 afxClass<afxDrawQueue>::Dismount(02c65818)
 afxClass<afxDrawQueue>::DismantleObjects(1, 002ce23c)
 Destructing instance 02c65a10 of afxDrawQueue class.
 sglDrawQueue.c:1792?_AfxDqueDtor(dque=02c65a10)
 afxClass<afxDrawQueue>::DeallocateObjects(1, 002ce23c)
 afxClass<afxDrawInput>::Dismount(02c65758)
 afxClass<afxDrawScript>::Dismount(02c65698)
 afxClass<afxDrawScript>::DismantleObjects(1, 002ce23c)
 Destructing instance 00587a80 of afxDrawScript class.
 sglDrawScript.c:438?_AfxDscrDtor(dscr=00587a80)
 afxClass<afxDrawScript>::DeallocateObjects(1, 002ce23c)
 afxClass<Draw Context>::DeallocateObjects(1, 002ce698)
 afxClass<afxDrawSystem>::DismantleObjects(1, 002ce698)
 Destructing instance 00583320 of afxDrawSystem class.
 afxDrawSystem.c:351?_AfxDsysDtor(dsys=00583320)
 afxClass<afxDrawDriver>::Dismount(00583368)
 afxClass<afxDrawDriver>::DismantleObjects(1, 002ce208)
 Destructing instance 02c6a200 of afxDrawDriver class.
 afxDrawDriver.c:116?_AfxDdrvDtor(ddrv=02c6a200)
 afxClass<Draw Context>::Dismount(02c6a248)
 afxClass<afxDrawDriver>::DeallocateObjects(1, 002ce208)
 afxClass<afxDrawSystem>::DeallocateObjects(1, 002ce698)
 afxClass<afxSystem>::DismantleObjects(1, 002ce698)
 Destructing instance 0057f070 of afxSystem class.
 afxSystem.c:790?_AfxSysDtor(sys=0057f070)
 afxClass<afxApplication>::Dismount(005807b0)
 afxClass<afxDrawSystem>::Dismount(005806f0)
 afxClass<afxMouse>::Dismount(00580630)
 afxClass<afxKeyboard>::Dismount(00580570)
 afxClass<afxKeyboard>::DismantleObjects(1, 002ce238)
 Destructing instance 00582a90 of afxKeyboard class.
 afxKeyboard.c:211?_AfxKbdDtor(kbd=00582a90)
 Destructing instance 00582a90 of afxKeyboard : afxHid class.
 Destructing instance 00582a90 of afxHid class.
 afxHid.c:66?_AfxHidDtor(hid=00582a90)
 afxClass<afxKeyboard>::DeallocateObjects(1, 002ce238)
 afxClass<afxHid>::Dismount(005804b0)
 afxClass<afxModule>::Dismount(005803f0)
 afxClass<afxModule>::DismantleObjects(1, 002ce238)
 Destructing instance 00a6ed00 of afxModule class.
 afxModule.c:116?_AfxMdleDtor(mdle=00a6ed00)
 afxClass<afxModule>::DeallocateObjects(1, 002ce238)
 afxClass<afxModule>::DismantleObjects(1, 002ce238)
 Destructing instance 005834a0 of afxModule class.
 afxModule.c:116?_AfxMdleDtor(mdle=005834a0)
 afxClass<afxModule>::DeallocateObjects(1, 002ce238)
 afxClass<afxModule>::DismantleObjects(1, 002ce238)
 Destructing instance 00582940 of afxModule class.
 afxModule.c:116?_AfxMdleDtor(mdle=00582940)
 afxClass<afxModule>::DeallocateObjects(1, 002ce238)
 afxClass<afxFileSystem>::Dismount(00580330)
 afxClass<afxFileSystem>::DismantleObjects(1, 002ce238)
 Destructing instance 00580f20 of afxFileSystem class.
 afxFileSystem.c:588?_AfxFsysDtor(fsys=00580f20)
 afxFileSystem.c:345?AfxFileSystemDismountStoragePoints(Afx.FileSystem.DismountStoragePoints(00580f20,1,002cdedc))
 Point "sound" 5 unmounted -> "E:/qwadro/afx/sound".
 afxFileSystem.c:345?AfxFileSystemDismountStoragePoints(Afx.FileSystem.DismountStoragePoints(00580f20,1,002cdedc))
 Point "data" 5 unmounted -> "E:/qwadro/afx/data".
 afxFileSystem.c:345?AfxFileSystemDismountStoragePoints(Afx.FileSystem.DismountStoragePoints(00580f20,1,002cdedc))
 Point "art" 5 unmounted -> "E:/qwadro/afx/art".
 afxFileSystem.c:345?AfxFileSystemDismountStoragePoints(Afx.FileSystem.DismountStoragePoints(00580f20,1,002cdedc))
 Point "system" 7 unmounted -> "E:/qwadro/afx/system32".
 afxFileSystem.c:345?AfxFileSystemDismountStoragePoints(Afx.FileSystem.DismountStoragePoints(00580f20,1,002cdedc))
 Point "." 5 unmounted -> "E:/qwadro/afx".
 afxClass<afxUrd>::Dismount(00581270)
 afxClass<afxXml>::Dismount(005811b0)
 afxClass<afxResource>::Dismount(00581330)
 afxClass<afxArchive>::Dismount(005810f0)
 afxClass<afxArchive>::DismantleObjects(1, 002cdd8c)
 Destructing instance 02c76ba0 of afxArchive class.
 Destructing instance 02c76ba0 of afxArchive : afxFile class.
 Destructing instance 02c76ba0 of afxFile class.
 Destructing instance 02c76ba0 of afxFile : afxStream class.
 Destructing instance 02c76ba0 of afxStream class.
 afxClass<afxArchive>::DeallocateObjects(1, 002cdd8c)
 afxClass<afxFile>::Dismount(00581030)
 afxClass<afxStream>::Dismount(00580f70)
 afxClass<afxStream>::DismantleObjects(1, 002cdd8c)
 Destructing instance 0064b480 of afxStream class.
 afxClass<afxStream>::DeallocateObjects(1, 002cdd8c)
 afxClass<afxFileSystem>::DeallocateObjects(1, 002ce238)
 afxClass<afxThread>::Dismount(00580270)
 afxClass<Memory Arena>::Dismount(005801b0)
 afxClass<Memory Arena>::DismantleObjects(1, 002ce238)
 Destructing instance 02cba290 of Memory Arena class.
 afxArena.c:789?_AfxArenDtor(aren=02cba290)
 Destructing instance 02cba290 of Memory Arena : afxMemory class.
 Destructing instance 02cba290 of afxMemory class.
 afxMemory.c:299?_AfxMemDtor(mem=02cba290)
 afxMemory.c:219?AfxMemoryExhaust(mem=02cba290)
 Exhausted. (mem)02cba290
 afxClass<Memory Arena>::DeallocateObjects(1, 002ce238)
 afxClass<Memory Arena>::DismantleObjects(1, 002ce238)
 Destructing instance 02c835d0 of Memory Arena class.
 afxArena.c:789?_AfxArenDtor(aren=02c835d0)
 Destructing instance 02c835d0 of Memory Arena : afxMemory class.
 Destructing instance 02c835d0 of afxMemory class.
 afxMemory.c:299?_AfxMemDtor(mem=02c835d0)
 afxMemory.c:219?AfxMemoryExhaust(mem=02c835d0)
 Exhausted. (mem)02c835d0
 afxClass<Memory Arena>::DeallocateObjects(1, 002ce238)
 afxClass<afxMemory>::Dismount(005800f0)
 afxClass<afxMemory>::DismantleObjects(1, 002ce238)
 Destructing instance 005808e0 of afxMemory class.
 afxMemory.c:299?_AfxMemDtor(mem=005808e0)
 afxMemory.c:219?AfxMemoryExhaust(mem=005808e0)
 Exhausted. (mem)005808e0
 afxClass<afxMemory>::DeallocateObjects(1, 002ce238)
 afxClass<afxSystem>::DeallocateObjects(1, 002ce698)