
 afxDebug.c:363?AfxAttachDebugTerminal()
      ::::::::  :::       :::     :::     :::::::::  :::::::::   ::::::::      
     :+:    :+: :+:       :+:   :+: :+:   :+:    :+: :+:    :+: :+:    :+:     
     +:+    +:+ +:+       +:+  +:+   +:+  +:+    +:+ +:+    +:+ +:+    +:+     
     +#+    +:+ +#+  +:+  +#+ +#++:++#++: +#+    +:+ +#++:++#:  +#+    +:+     
     +#+  # +#+ +#+ +#+#+ +#+ +#+     +#+ +#+    +#+ +#+    +#+ +#+    +#+     
     #+#   +#+   #+#+# #+#+#  #+#     #+# #+#    #+# #+#    #+# #+#    #+#     
      ###### ###  ###   ###   ###     ### #########  ###    ###  ########      
                                                                               
             S I G M A   C O . ,   T E C H N O L O G Y   G R O U P             
                                                                             
                                    4D AFX                                   
                              Public Test Build                              
                     (c) 2017 SIGMA Co., Technology Group                    
                               www.sigmaco.org                               
                                                                             
                                                                             
 afxClass<afxSystem>::Register(0f897df0, 00000000, 00000000, 0f8776e8)
 afxClass<afxSystem>::AllocateInstances(1, 0044ea74, 0044eb0c)
 afxClass<afxSystem>::ConstructInstances(1, 0044ea74, 0044ead4)
 afxClass<afxSystem>::ConstructInstance(0085f520)
 afxSystem.c:818?_AfxSysCtor(sys=0085f520)
 ADV afxSystem.c:834?_AfxSysCtor
    Memoy page size: 4096
 ADV afxSystem.c:835?_AfxSysCtor
    Logical processor count: 2
 afxClass<afxMemory>::Register(008605a0, 0085f554, 00000000, 0f87b90c)
 afxClass<Memory Arena>::Register(00860648, 0085f554, 008605a0, 0f87b290)
 afxMemory.c:259?AfxSystemAcquireMemory(sys=0085f520,strategy=0044d6ac,hint="afxSystem.c:853!_AfxSysCtor")
 afxClass<afxMemory>::AllocateInstances(1, 0044d478, 0044d534)
 afxClass<afxMemory>::ConstructInstances(1, 0044d478, 0044d4d8)
 afxClass<afxMemory>::ConstructInstance(00860ca0)
 afxMemory.c:317?_AfxMemCtor(mem=00860ca0)
 afxClass<afxThread>::Register(008606f0, 0085f554, 00000000, 0f877db0)
 afxClass<afxFileSystem>::Register(00860798, 0085f554, 00000000, 0f879284)
 afxFileSystem.c:564?AfxSystemAcquireFileSystem(Afx.System.AcquireFileSystem(0085f520,5,0044d86c))
 afxClass<afxFileSystem>::AllocateInstances(1, 0044d46c, 0044d51c)
 afxClass<afxFileSystem>::ConstructInstances(1, 0044d46c, 0044d4cc)
 afxClass<afxFileSystem>::ConstructInstance(008612d0)
 afxFileSystem.c:631?_AfxFsysCtor(fsys=008612d0)
 afxClass<afxStream>::Register(00861320, 00861308, 00000000, 0f87a6a4)
 afxClass<afxFile>::Register(008613c8, 00861308, 00861320, 0f879000)
 afxClass<afxArchive>::Register(00861470, 00861308, 008613c8, 0f87898c)
 afxClass<afxResource>::Register(00861668, 00861308, 00000000, 0f87a504)
 afxClass<afxXml>::Register(00861518, 00861308, 00000000, 0f87ab9c)
 afxClass<afxUrd>::Register(008615c0, 00861308, 00000000, 0f87aabc)
 afxFileSystem.c:395?AfxFileSystemMountStoragePoints(Afx.FileSystem.MountStoragePoints(008612d0,5,0044d86c))
 Point "." 5 mounted -> "E:/qwadro/afx".
 Point "system" 7 mounted -> "E:/qwadro/afx/system32".
 Point "art" 5 mounted -> "E:/qwadro/afx/art".
 Point "data" 5 mounted -> "E:/qwadro/afx/data".
 Point "sound" 5 mounted -> "E:/qwadro/afx/sound".
 afxClass<afxModule>::Register(00860840, 0085f554, 00000000, 0f875ef4)
 afxModule.c:72?AfxSystemAcquireModule(sys=0085f520,uri=system/e2coree.dll)
 afxClass<afxModule>::AllocateInstances(1, 0044d414, 0044d50c)
 afxClass<afxModule>::ConstructInstances(1, 0044d414, 0044d474)
 afxClass<afxModule>::ConstructInstance(00863460)
 afxModule.c:142?_AfxMdleCtor(uri:system/e2coree.dll)
 afxClass<afxHid>::Register(008608e8, 0085f554, 00000000, 0f87979c)
 afxClass<afxKeyboard>::Register(00860990, 0085f554, 008608e8, 0f87a09c)
 afxClass<afxMouse>::Register(00860a38, 0085f554, 008608e8, 0f87a25c)
 afxClass<afxDrawSystem>::Register(00860ae0, 0085f554, 00000000, 0f87efa8)
 afxClass<afxApplication>::Register(00860b88, 0085f554, 00000000, 0f875000)
 afxKeyboard.c:163?AfxSystemAcquireKeyboard(sys=0085f520,port=0)
 afxClass<afxKeyboard>::AllocateInstances(1, 0044d490, 0044d540)
 afxClass<afxKeyboard>::ConstructInstances(1, 0044d490, 0044d4f0)
 afxClass<afxKeyboard, afxHid>ConstructingInstance(00863fe0)
 afxClass<afxHid>::ConstructInstance(00863fe0)
 afxHid.c:75?_AfxHidCtor(hid=00863fe0)
 afxClass<afxKeyboard>::ConstructInstance(00863fe0)
 afxKeyboard.c:222?_AfxKbdCtor(kbd=00863fe0)
 afxDrawSystem.c:320?AfxSystemAcquireDrawSystem(sys=0085f520)
 afxClass<afxDrawSystem>::AllocateInstances(1, 0044ea74, 0044eb04)
 afxClass<afxDrawSystem>::ConstructInstances(1, 0044ea74, 0044ead4)
 afxClass<afxDrawSystem>::ConstructInstance(00864880)
 afxDrawSystem.c:418?_AfxDsysCtor(dsys=00864880)
 afxClass<afxDrawDriver>::Register(008648c8, 008648b4, 00000000, 0f87d89c)
New texture codec registered.
Name: SIGGL
Author: SIGMA Technology Group
Version: 0.5.1
Note: 
    :::::::::::     :::     :::::::::   ::::::::      :::        
        :+:       :+: :+:   :+:    :+: :+:    :+:   :+: :+:      
        +:+      +:+   +:+  +:+    +:+ +:+         +:+   +:+     
        +#+     +#++:++#++: +#++:++#:  :#:        +#++:++#++:    
        +#+     +#+     +#+ +#+    +#+ +#+   +#+# +#+     +#+    
        #+#     #+#     #+# #+#    #+# #+#    #+# #+#     #+#    
        ###     ###     ### ###    ###  ########  ###     ###    
                                                                 
                      SIGMA Technology Group                     
 Truecolor Targa texture serializer installed!
 afxModule.c:72?AfxSystemAcquireModule(sys=0085f520,uri=e2draw.icd)
 afxClass<afxModule>::AllocateInstances(1, 0044e54c, 0044e644)
 afxClass<afxModule>::ConstructInstances(1, 0044e54c, 0044e5ac)
 afxClass<afxModule>::ConstructInstance(00863520)
 afxModule.c:142?_AfxMdleCtor(uri:e2draw.icd)
 Listing mem available display devices...

 #0 = Intel(R) HD Graphics (\\.\DISPLAY1) 8000005
 #1 = RDPDD Chained DD (\\.\DISPLAYV1) 200008
 #2 = RDP Encoder Mirror Driver (\\.\DISPLAYV2) 200008
 #3 = RDP Reflector Display Driver (\\.\DISPLAYV3) 200008
 sglDriver.c:1268?_SglCreateCombinedDeviceContext(oglWndClss=00865f60,shareCtx=00000000,phwnd=00865f90,phdc=00865f94,phrc=00865f9c)
 sglDriver.c:786?_SglLoadVmt(vmt=00865fa0,verMajor=1,verMinor=0)
 glCullFace @ 0 found.
 glFrontFace @ 1 found.
 glHint @ 2 found.
 glLineWidth @ 3 found.
 glPointSize @ 4 found.
 glPolygonMode @ 5 found.
 glScissor @ 6 found.
 glTexParameterf @ 7 found.
 glTexParameterfv @ 8 found.
 glTexParameteri @ 9 found.
 glTexParameteriv @ 10 found.
 glTexImage1D @ 11 found.
 glTexImage2D @ 12 found.
 glDrawBuffer @ 13 found.
 glClear @ 14 found.
 glClearColor @ 15 found.
 glClearStencil @ 16 found.
 glClearDepth @ 17 found.
 glStencilMask @ 18 found.
 glColorMask @ 19 found.
 glDepthMask @ 20 found.
 glDisable @ 21 found.
 glEnable @ 22 found.
 glFinish @ 23 found.
 glFlush @ 24 found.
 glBlendFunc @ 25 found.
 glLogicOp @ 26 found.
 glStencilFunc @ 27 found.
 glStencilOp @ 28 found.
 glDepthFunc @ 29 found.
 glPixelStoref @ 30 found.
 glPixelStorei @ 31 found.
 glReadBuffer @ 32 found.
 glReadPixels @ 33 found.
 glGetBooleanv @ 34 found.
 glGetDoublev @ 35 found.
 glGetError @ 36 found.
 glGetFloatv @ 37 found.
 glGetIntegerv @ 38 found.
 glGetString @ 39 found.
 glGetTexImage @ 40 found.
 glGetTexParameterfv @ 41 found.
 glGetTexParameteriv @ 42 found.
 glGetTexLevelParameterfv @ 43 found.
 glGetTexLevelParameteriv @ 44 found.
 glIsEnabled @ 45 found.
 glDepthRange @ 46 found.
 glViewport @ 47 found.
 sglDriver.c:786?_SglLoadVmt(vmt=00865fa0,verMajor=4,verMinor=6)
 glCullFace @ 0 found.
 glFrontFace @ 1 found.
 glHint @ 2 found.
 glLineWidth @ 3 found.
 glPointSize @ 4 found.
 glPolygonMode @ 5 found.
 glScissor @ 6 found.
 glTexParameterf @ 7 found.
 glTexParameterfv @ 8 found.
 glTexParameteri @ 9 found.
 glTexParameteriv @ 10 found.
 glTexImage1D @ 11 found.
 glTexImage2D @ 12 found.
 glDrawBuffer @ 13 found.
 glClear @ 14 found.
 glClearColor @ 15 found.
 glClearStencil @ 16 found.
 glClearDepth @ 17 found.
 glStencilMask @ 18 found.
 glColorMask @ 19 found.
 glDepthMask @ 20 found.
 glDisable @ 21 found.
 glEnable @ 22 found.
 glFinish @ 23 found.
 glFlush @ 24 found.
 glBlendFunc @ 25 found.
 glLogicOp @ 26 found.
 glStencilFunc @ 27 found.
 glStencilOp @ 28 found.
 glDepthFunc @ 29 found.
 glPixelStoref @ 30 found.
 glPixelStorei @ 31 found.
 glReadBuffer @ 32 found.
 glReadPixels @ 33 found.
 glGetBooleanv @ 34 found.
 glGetDoublev @ 35 found.
 glGetError @ 36 found.
 glGetFloatv @ 37 found.
 glGetIntegerv @ 38 found.
 glGetString @ 39 found.
 glGetTexImage @ 40 found.
 glGetTexParameterfv @ 41 found.
 glGetTexParameteriv @ 42 found.
 glGetTexLevelParameterfv @ 43 found.
 glGetTexLevelParameteriv @ 44 found.
 glIsEnabled @ 45 found.
 glDepthRange @ 46 found.
 glViewport @ 47 found.
 glDrawArrays @ 48 found.
 glDrawElements @ 49 found.
 glGetPointerv @ 50 found.
 glPolygonOffset @ 51 found.
 glCopyTexImage1D @ 52 found.
 glCopyTexImage2D @ 53 found.
 glCopyTexSubImage1D @ 54 found.
 glCopyTexSubImage2D @ 55 found.
 glTexSubImage1D @ 56 found.
 glTexSubImage2D @ 57 found.
 glBindTexture @ 58 found.
 glDeleteTextures @ 59 found.
 glGenTextures @ 60 found.
 glIsTexture @ 61 found.
 glDrawRangeElements @ 62 found.
 glTexImage3D @ 63 found.
 glTexSubImage3D @ 64 found.
 glCopyTexSubImage3D @ 65 found.
 glActiveTexture @ 66 found.
 glSampleCoverage @ 67 found.
 glCompressedTexImage3D @ 68 found.
 glCompressedTexImage2D @ 69 found.
 glCompressedTexImage1D @ 70 found.
 glCompressedTexSubImage3D @ 71 found.
 glCompressedTexSubImage2D @ 72 found.
 glCompressedTexSubImage1D @ 73 found.
 glGetCompressedTexImage @ 74 found.
 glBlendFuncSeparate @ 75 found.
 glMultiDrawArrays @ 76 found.
 glMultiDrawElements @ 77 found.
 glPointParameterf @ 78 found.
 glPointParameterfv @ 79 found.
 glPointParameteri @ 80 found.
 glPointParameteriv @ 81 found.
 glBlendColor @ 82 found.
 glBlendEquation @ 83 found.
 glGenQueries @ 84 found.
 glDeleteQueries @ 85 found.
 glIsQuery @ 86 found.
 glBeginQuery @ 87 found.
 glEndQuery @ 88 found.
 glGetQueryiv @ 89 found.
 glGetQueryObjectiv @ 90 found.
 glGetQueryObjectuiv @ 91 found.
 glBindBuffer @ 92 found.
 glDeleteBuffers @ 93 found.
 glGenBuffers @ 94 found.
 glIsBuffer @ 95 found.
 glBufferData @ 96 found.
 glBufferSubData @ 97 found.
 glGetBufferSubData @ 98 found.
 glMapBuffer @ 99 found.
 glUnmapBuffer @ 100 found.
 glGetBufferParameteriv @ 101 found.
 glGetBufferPointerv @ 102 found.
 glBlendEquationSeparate @ 103 found.
 glDrawBuffers @ 104 found.
 glStencilOpSeparate @ 105 found.
 glStencilFuncSeparate @ 106 found.
 glStencilMaskSeparate @ 107 found.
 glAttachShader @ 108 found.
 glBindAttribLocation @ 109 found.
 glCompileShader @ 110 found.
 glCreateProgram @ 111 found.
 glCreateShader @ 112 found.
 glDeleteProgram @ 113 found.
 glDeleteShader @ 114 found.
 glDetachShader @ 115 found.
 glDisableVertexAttribArray @ 116 found.
 glEnableVertexAttribArray @ 117 found.
 glGetActiveAttrib @ 118 found.
 glGetActiveUniform @ 119 found.
 glGetAttachedShaders @ 120 found.
 glGetAttribLocation @ 121 found.
 glGetProgramiv @ 122 found.
 glGetProgramInfoLog @ 123 found.
 glGetShaderiv @ 124 found.
 glGetShaderInfoLog @ 125 found.
 glGetShaderSource @ 126 found.
 glGetUniformLocation @ 127 found.
 glGetUniformfv @ 128 found.
 glGetUniformiv @ 129 found.
 glGetVertexAttribdv @ 130 found.
 glGetVertexAttribfv @ 131 found.
 glGetVertexAttribiv @ 132 found.
 glGetVertexAttribPointerv @ 133 found.
 glIsProgram @ 134 found.
 glIsShader @ 135 found.
 glLinkProgram @ 136 found.
 glShaderSource @ 137 found.
 glUseProgram @ 138 found.
 glUniform1f @ 139 found.
 glUniform2f @ 140 found.
 glUniform3f @ 141 found.
 glUniform4f @ 142 found.
 glUniform1i @ 143 found.
 glUniform2i @ 144 found.
 glUniform3i @ 145 found.
 glUniform4i @ 146 found.
 glUniform1fv @ 147 found.
 glUniform2fv @ 148 found.
 glUniform3fv @ 149 found.
 glUniform4fv @ 150 found.
 glUniform1iv @ 151 found.
 glUniform2iv @ 152 found.
 glUniform3iv @ 153 found.
 glUniform4iv @ 154 found.
 glUniformMatrix2fv @ 155 found.
 glUniformMatrix3fv @ 156 found.
 glUniformMatrix4fv @ 157 found.
 glValidateProgram @ 158 found.
 glVertexAttrib1d @ 159 found.
 glVertexAttrib1dv @ 160 found.
 glVertexAttrib1f @ 161 found.
 glVertexAttrib1fv @ 162 found.
 glVertexAttrib1s @ 163 found.
 glVertexAttrib1sv @ 164 found.
 glVertexAttrib2d @ 165 found.
 glVertexAttrib2dv @ 166 found.
 glVertexAttrib2f @ 167 found.
 glVertexAttrib2fv @ 168 found.
 glVertexAttrib2s @ 169 found.
 glVertexAttrib2sv @ 170 found.
 glVertexAttrib3d @ 171 found.
 glVertexAttrib3dv @ 172 found.
 glVertexAttrib3f @ 173 found.
 glVertexAttrib3fv @ 174 found.
 glVertexAttrib3s @ 175 found.
 glVertexAttrib3sv @ 176 found.
 glVertexAttrib4Nbv @ 177 found.
 glVertexAttrib4Niv @ 178 found.
 glVertexAttrib4Nsv @ 179 found.
 glVertexAttrib4Nub @ 180 found.
 glVertexAttrib4Nubv @ 181 found.
 glVertexAttrib4Nuiv @ 182 found.
 glVertexAttrib4Nusv @ 183 found.
 glVertexAttrib4bv @ 184 found.
 glVertexAttrib4d @ 185 found.
 glVertexAttrib4dv @ 186 found.
 glVertexAttrib4f @ 187 found.
 glVertexAttrib4fv @ 188 found.
 glVertexAttrib4iv @ 189 found.
 glVertexAttrib4s @ 190 found.
 glVertexAttrib4sv @ 191 found.
 glVertexAttrib4ubv @ 192 found.
 glVertexAttrib4uiv @ 193 found.
 glVertexAttrib4usv @ 194 found.
 glVertexAttribPointer @ 195 found.
 glUniformMatrix2x3fv @ 196 found.
 glUniformMatrix3x2fv @ 197 found.
 glUniformMatrix2x4fv @ 198 found.
 glUniformMatrix4x2fv @ 199 found.
 glUniformMatrix3x4fv @ 200 found.
 glUniformMatrix4x3fv @ 201 found.
 glColorMaski @ 202 found.
 glGetBooleani_v @ 203 found.
 glGetIntegeri_v @ 204 found.
 glEnablei @ 205 found.
 glDisablei @ 206 found.
 glIsEnabledi @ 207 found.
 glBeginTransformFeedback @ 208 found.
 glEndTransformFeedback @ 209 found.
 glBindBufferRange @ 210 found.
 glBindBufferBase @ 211 found.
 glTransformFeedbackVaryings @ 212 found.
 glGetTransformFeedbackVarying @ 213 found.
 glClampColor @ 214 found.
 glBeginConditionalRender @ 215 found.
 glEndConditionalRender @ 216 found.
 glVertexAttribIPointer @ 217 found.
 glGetVertexAttribIiv @ 218 found.
 glGetVertexAttribIuiv @ 219 found.
 glVertexAttribI1i @ 220 found.
 glVertexAttribI2i @ 221 found.
 glVertexAttribI3i @ 222 found.
 glVertexAttribI4i @ 223 found.
 glVertexAttribI1ui @ 224 found.
 glVertexAttribI2ui @ 225 found.
 glVertexAttribI3ui @ 226 found.
 glVertexAttribI4ui @ 227 found.
 glVertexAttribI1iv @ 228 found.
 glVertexAttribI2iv @ 229 found.
 glVertexAttribI3iv @ 230 found.
 glVertexAttribI4iv @ 231 found.
 glVertexAttribI1uiv @ 232 found.
 glVertexAttribI2uiv @ 233 found.
 glVertexAttribI3uiv @ 234 found.
 glVertexAttribI4uiv @ 235 found.
 glVertexAttribI4bv @ 236 found.
 glVertexAttribI4sv @ 237 found.
 glVertexAttribI4ubv @ 238 found.
 glVertexAttribI4usv @ 239 found.
 glGetUniformuiv @ 240 found.
 glBindFragDataLocation @ 241 found.
 glGetFragDataLocation @ 242 found.
 glUniform1ui @ 243 found.
 glUniform2ui @ 244 found.
 glUniform3ui @ 245 found.
 glUniform4ui @ 246 found.
 glUniform1uiv @ 247 found.
 glUniform2uiv @ 248 found.
 glUniform3uiv @ 249 found.
 glUniform4uiv @ 250 found.
 glTexParameterIiv @ 251 found.
 glTexParameterIuiv @ 252 found.
 glGetTexParameterIiv @ 253 found.
 glGetTexParameterIuiv @ 254 found.
 glClearBufferiv @ 255 found.
 glClearBufferuiv @ 256 found.
 glClearBufferfv @ 257 found.
 glClearBufferfi @ 258 found.
 glGetStringi @ 259 found.
 glIsRenderbuffer @ 260 found.
 glBindRenderbuffer @ 261 found.
 glDeleteRenderbuffers @ 262 found.
 glGenRenderbuffers @ 263 found.
 glRenderbufferStorage @ 264 found.
 glGetRenderbufferParameteriv @ 265 found.
 glIsFramebuffer @ 266 found.
 glBindFramebuffer @ 267 found.
 glDeleteFramebuffers @ 268 found.
 glGenFramebuffers @ 269 found.
 glCheckFramebufferStatus @ 270 found.
 glFramebufferTexture1D @ 271 found.
 glFramebufferTexture2D @ 272 found.
 glFramebufferTexture3D @ 273 found.
 glFramebufferRenderbuffer @ 274 found.
 glGetFramebufferAttachmentParameteriv @ 275 found.
 glGenerateMipmap @ 276 found.
 glBlitFramebuffer @ 277 found.
 glRenderbufferStorageMultisample @ 278 found.
 glFramebufferTextureLayer @ 279 found.
 glMapBufferRange @ 280 found.
 glFlushMappedBufferRange @ 281 found.
 glBindVertexArray @ 282 found.
 glDeleteVertexArrays @ 283 found.
 glGenVertexArrays @ 284 found.
 glIsVertexArray @ 285 found.
 glDrawArraysInstanced @ 286 found.
 glDrawElementsInstanced @ 287 found.
 glTexBuffer @ 288 found.
 glPrimitiveRestartIndex @ 289 found.
 glCopyBufferSubData @ 290 found.
 glGetUniformIndices @ 291 found.
 glGetActiveUniformsiv @ 292 found.
 glGetActiveUniformName @ 293 found.
 glGetUniformBlockIndex @ 294 found.
 glGetActiveUniformBlockiv @ 295 found.
 glGetActiveUniformBlockName @ 296 found.
 glUniformBlockBinding @ 297 found.
 glDrawElementsBaseVertex @ 298 found.
 glDrawRangeElementsBaseVertex @ 299 found.
 glDrawElementsInstancedBaseVertex @ 300 found.
 glMultiDrawElementsBaseVertex @ 301 found.
 glProvokingVertex @ 302 found.
 glFenceSync @ 303 found.
 glIsSync @ 304 found.
 glDeleteSync @ 305 found.
 glClientWaitSync @ 306 found.
 glWaitSync @ 307 found.
 glGetInteger64v @ 308 found.
 glGetSynciv @ 309 found.
 glGetInteger64i_v @ 310 found.
 glGetBufferParameteri64v @ 311 found.
 glFramebufferTexture @ 312 found.
 glTexImage2DMultisample @ 313 found.
 glTexImage3DMultisample @ 314 found.
 glGetMultisamplefv @ 315 found.
 glSampleMaski @ 316 found.
 glBindFragDataLocationIndexed @ 317 found.
 glGetFragDataIndex @ 318 found.
 glGenSamplers @ 319 found.
 glDeleteSamplers @ 320 found.
 glIsSampler @ 321 found.
 glBindSampler @ 322 found.
 glSamplerParameteri @ 323 found.
 glSamplerParameteriv @ 324 found.
 glSamplerParameterf @ 325 found.
 glSamplerParameterfv @ 326 found.
 glSamplerParameterIiv @ 327 found.
 glSamplerParameterIuiv @ 328 found.
 glGetSamplerParameteriv @ 329 found.
 glGetSamplerParameterIiv @ 330 found.
 glGetSamplerParameterfv @ 331 found.
 glGetSamplerParameterIuiv @ 332 found.
 glQueryCounter @ 333 found.
 glGetQueryObjecti64v @ 334 found.
 glGetQueryObjectui64v @ 335 found.
 glVertexAttribDivisor @ 336 found.
 glVertexAttribP1ui @ 337 found.
 glVertexAttribP1uiv @ 338 found.
 glVertexAttribP2ui @ 339 found.
 glVertexAttribP2uiv @ 340 found.
 glVertexAttribP3ui @ 341 found.
 glVertexAttribP3uiv @ 342 found.
 glVertexAttribP4ui @ 343 found.
 glVertexAttribP4uiv @ 344 found.
 glMinSampleShading @ 345 found.
 glBlendEquationi @ 346 found.
 glBlendEquationSeparatei @ 347 found.
 glBlendFunci @ 348 found.
 glBlendFuncSeparatei @ 349 found.
 glDrawArraysIndirect @ 350 found.
 glDrawElementsIndirect @ 351 found.
 glUniform1d @ 352 found.
 glUniform2d @ 353 found.
 glUniform3d @ 354 found.
 glUniform4d @ 355 found.
 glUniform1dv @ 356 found.
 glUniform2dv @ 357 found.
 glUniform3dv @ 358 found.
 glUniform4dv @ 359 found.
 glUniformMatrix2dv @ 360 found.
 glUniformMatrix3dv @ 361 found.
 glUniformMatrix4dv @ 362 found.
 glUniformMatrix2x3dv @ 363 found.
 glUniformMatrix2x4dv @ 364 found.
 glUniformMatrix3x2dv @ 365 found.
 glUniformMatrix3x4dv @ 366 found.
 glUniformMatrix4x2dv @ 367 found.
 glUniformMatrix4x3dv @ 368 found.
 glGetUniformdv @ 369 found.
 glGetSubroutineUniformLocation @ 370 found.
 glGetSubroutineIndex @ 371 found.
 glGetActiveSubroutineUniformiv @ 372 found.
 glGetActiveSubroutineUniformName @ 373 found.
 glGetActiveSubroutineName @ 374 found.
 glUniformSubroutinesuiv @ 375 found.
 glGetUniformSubroutineuiv @ 376 found.
 glGetProgramStageiv @ 377 found.
 glPatchParameteri @ 378 found.
 glPatchParameterfv @ 379 found.
 glBindTransformFeedback @ 380 found.
 glDeleteTransformFeedbacks @ 381 found.
 glGenTransformFeedbacks @ 382 found.
 glIsTransformFeedback @ 383 found.
 glPauseTransformFeedback @ 384 found.
 glResumeTransformFeedback @ 385 found.
 glDrawTransformFeedback @ 386 found.
 glDrawTransformFeedbackStream @ 387 found.
 glBeginQueryIndexed @ 388 found.
 glEndQueryIndexed @ 389 found.
 glGetQueryIndexediv @ 390 found.
 glReleaseShaderCompiler @ 391 found.
 glShaderBinary @ 392 found.
 glGetShaderPrecisionFormat @ 393 found.
 glDepthRangef @ 394 found.
 glClearDepthf @ 395 found.
 glGetProgramBinary @ 396 found.
 glProgramBinary @ 397 found.
 glProgramParameteri @ 398 found.
 glUseProgramStages @ 399 found.
 glActiveShaderProgram @ 400 found.
 glCreateShaderProgramv @ 401 found.
 glBindProgramPipeline @ 402 found.
 glDeleteProgramPipelines @ 403 found.
 glGenProgramPipelines @ 404 found.
 glIsProgramPipeline @ 405 found.
 glGetProgramPipelineiv @ 406 found.
 glProgramUniform1i @ 407 found.
 glProgramUniform1iv @ 408 found.
 glProgramUniform1f @ 409 found.
 glProgramUniform1fv @ 410 found.
 glProgramUniform1d @ 411 found.
 glProgramUniform1dv @ 412 found.
 glProgramUniform1ui @ 413 found.
 glProgramUniform1uiv @ 414 found.
 glProgramUniform2i @ 415 found.
 glProgramUniform2iv @ 416 found.
 glProgramUniform2f @ 417 found.
 glProgramUniform2fv @ 418 found.
 glProgramUniform2d @ 419 found.
 glProgramUniform2dv @ 420 found.
 glProgramUniform2ui @ 421 found.
 glProgramUniform2uiv @ 422 found.
 glProgramUniform3i @ 423 found.
 glProgramUniform3iv @ 424 found.
 glProgramUniform3f @ 425 found.
 glProgramUniform3fv @ 426 found.
 glProgramUniform3d @ 427 found.
 glProgramUniform3dv @ 428 found.
 glProgramUniform3ui @ 429 found.
 glProgramUniform3uiv @ 430 found.
 glProgramUniform4i @ 431 found.
 glProgramUniform4iv @ 432 found.
 glProgramUniform4f @ 433 found.
 glProgramUniform4fv @ 434 found.
 glProgramUniform4d @ 435 found.
 glProgramUniform4dv @ 436 found.
 glProgramUniform4ui @ 437 found.
 glProgramUniform4uiv @ 438 found.
 glProgramUniformMatrix2fv @ 439 found.
 glProgramUniformMatrix3fv @ 440 found.
 glProgramUniformMatrix4fv @ 441 found.
 glProgramUniformMatrix2dv @ 442 found.
 glProgramUniformMatrix3dv @ 443 found.
 glProgramUniformMatrix4dv @ 444 found.
 glProgramUniformMatrix2x3fv @ 445 found.
 glProgramUniformMatrix3x2fv @ 446 found.
 glProgramUniformMatrix2x4fv @ 447 found.
 glProgramUniformMatrix4x2fv @ 448 found.
 glProgramUniformMatrix3x4fv @ 449 found.
 glProgramUniformMatrix4x3fv @ 450 found.
 glProgramUniformMatrix2x3dv @ 451 found.
 glProgramUniformMatrix3x2dv @ 452 found.
 glProgramUniformMatrix2x4dv @ 453 found.
 glProgramUniformMatrix4x2dv @ 454 found.
 glProgramUniformMatrix3x4dv @ 455 found.
 glProgramUniformMatrix4x3dv @ 456 found.
 glValidateProgramPipeline @ 457 found.
 glGetProgramPipelineInfoLog @ 458 found.
 glVertexAttribL1d @ 459 found.
 glVertexAttribL2d @ 460 found.
 glVertexAttribL3d @ 461 found.
 glVertexAttribL4d @ 462 found.
 glVertexAttribL1dv @ 463 found.
 glVertexAttribL2dv @ 464 found.
 glVertexAttribL3dv @ 465 found.
 glVertexAttribL4dv @ 466 found.
 glVertexAttribLPointer @ 467 found.
 glGetVertexAttribLdv @ 468 found.
 glViewportArrayv @ 469 found.
 glViewportIndexedf @ 470 found.
 glViewportIndexedfv @ 471 found.
 glScissorArrayv @ 472 found.
 glScissorIndexed @ 473 found.
 glScissorIndexedv @ 474 found.
 glDepthRangeArrayv @ 475 found.
 glDepthRangeIndexed @ 476 found.
 glGetFloati_v @ 477 found.
 glGetDoublei_v @ 478 found.
 glDrawArraysInstancedBaseInstance @ 479 found.
 glDrawElementsInstancedBaseInstance @ 480 found.
 glDrawElementsInstancedBaseVertexBaseInstance @ 481 found.
 glGetInternalformativ @ 482 found.
 glGetActiveAtomicCounterBufferiv @ 483 found.
 glBindImageTexture @ 484 found.
 glMemoryBarrier @ 485 found.
 glTexStorage1D @ 486 found.
 glTexStorage2D @ 487 found.
 glTexStorage3D @ 488 found.
 glDrawTransformFeedbackInstanced @ 489 found.
 glDrawTransformFeedbackStreamInstanced @ 490 found.
 glDispatchCompute @ 493 found.
 glDispatchComputeIndirect @ 494 found.
 glFramebufferParameteri @ 496 found.
 glGetFramebufferParameteriv @ 497 found.
 glGetInternalformati64v @ 498 found.
 glInvalidateFramebuffer @ 503 found.
 glInvalidateSubFramebuffer @ 504 found.
 glMultiDrawArraysIndirect @ 505 found.
 glMultiDrawElementsIndirect @ 506 found.
 glGetProgramInterfaceiv @ 507 found.
 glGetProgramResourceIndex @ 508 found.
 glGetProgramResourceName @ 509 found.
 glGetProgramResourceiv @ 510 found.
 glGetProgramResourceLocation @ 511 found.
 glGetProgramResourceLocationIndex @ 512 found.
 glShaderStorageBlockBinding @ 513 found.
 glTexBufferRange @ 514 found.
 glTexStorage2DMultisample @ 515 found.
 glTexStorage3DMultisample @ 516 found.
 glBindVertexBuffer @ 518 found.
 glVertexAttribFormat @ 519 found.
 glVertexAttribIFormat @ 520 found.
 glVertexAttribLFormat @ 521 found.
 glVertexAttribBinding @ 522 found.
 glVertexBindingDivisor @ 523 found.
 glDebugMessageControl @ 524 found.
 glDebugMessageInsert @ 525 found.
 glDebugMessageCallback @ 526 found.
 glGetDebugMessageLog @ 527 found.
 glPushDebugGroup @ 528 found.
 glPopDebugGroup @ 529 found.
 glObjectLabel @ 530 found.
 glGetObjectLabel @ 531 found.
 glObjectPtrLabel @ 532 found.
 glGetObjectPtrLabel @ 533 found.
 glBufferStorage @ 534 found.
 glClipControl @ 543 found.
 glNamedBufferStorage @ 551 found.
 glTextureBufferRange @ 589 found.
 glTextureParameteri @ 606 found.
 glMemoryBarrierByRegion @ 641 found.
 glGetGraphicsResetStatus @ 644 found.
 glGetnCompressedTexImage @ 645 found.
 glGetnTexImage @ 646 found.
 glGetnUniformdv @ 647 found.
 glGetnUniformfv @ 648 found.
 glGetnUniformiv @ 649 found.
 glGetnUniformuiv @ 650 found.
 glReadnPixels @ 651 found.
 afxDrawDriver.c:77?AfxDrawSystemRegisterDriver(dsys=00864880,mdle=00863520,spec=0044e328)
 afxClass<afxDrawDriver>::AllocateInstances(1, 0044e1a8, 0044e254)
 afxClass<afxDrawDriver>::ConstructInstances(1, 0044e1a8, 0044e208)
 afxClass<afxDrawDriver>::ConstructInstance(04837b20)
 afxDrawDriver.c:138?_AfxDdrvCtor(ddrv=04837b20)
 afxClass<Draw Context>::Register(04837b68, 04837b54, 00000000, 0044dee4)
New draw driver registered.
Name: SIGGL
Author: SIGMA Technology Group
Version: 0.7.2
Note: 
 ad88888ba   88    ,ad8888ba,     ,ad8888ba,   88           
d8"     "8b  88   d8"'    `"8b   d8"'    `"8b  88           
Y8,          88  d8'            d8'            88           
`Y8aaaaa,    88  88             88             88           
  `"""""8b,  88  88      88888  88      88888  88
        `8b  88  Y8,        88  Y8,        88  88           
Y8a     a8P  88   Y8a.    .a88   Y8a.    .a88  88           
 "Y88888P"   88    `"Y88888P"     `"Y88888P"   88888888888  
 Loading draw ICDs...
 afxModule.c:72?AfxSystemAcquireModule(sys=0085f520,uri=e2draw.icd)
 afxModule.c:72?AfxSystemAcquireModule(sys=0085f520,uri=e2newton.icd)
 afxClass<afxModule>::AllocateInstances(1, 0044e340, 0044e438)
 afxClass<afxModule>::ConstructInstances(1, 0044e340, 0044e3a0)
 afxClass<afxModule>::ConstructInstance(00c529a0)
 afxModule.c:142?_AfxMdleCtor(uri:e2newton.icd)
 afxDrawContext.c:285?AfxDrawSystemAcquireContext(dsys=00864880,spec=0044ebbc)
 afxClass<Draw Context>::AllocateInstances(1, 0044ea2c, 0044ead0)
 afxClass<Draw Context>::ConstructInstances(1, 0044ea2c, 0044ea8c)
 afxClass<Draw Context>::ConstructInstance(00cef350)
 sglDrawContext.c:454?_AfxDctxCtor(dctx=00cef350)
 afxClass<afxDrawScript>::Register(00cefc20, 00cef384, 00000000, 5036814c)
 afxClass<afxDrawInput>::Register(00cefcc8, 00cef384, 00000000, 50367a90)
 afxClass<afxDrawQueue>::Register(00cefd70, 00cef384, 00000000, 0044e744)
 afxClass<afxBuffer>::Register(00cef398, 00cef384, 00000000, 50366020)
 afxClass<afxVertexBuffer>::Register(00cef440, 00cef384, 00cef398, 0044e744)
 afxClass<afxIndexBuffer>::Register(00cef4e8, 00cef384, 00cef398, 0044e744)
 afxClass<afxSampler>::Register(00cef590, 00cef384, 00000000, 5036cde0)
 afxClass<afxTexture>::Register(00cef638, 00cef384, 00000000, 5036d30c)
 afxClass<afxSurface>::Register(00cef6e0, 00cef384, 00cef638, 5036cf74)
 afxClass<afxCanvas>::Register(00cef788, 00cef384, 00000000, 50366350)
 afxClass<afxShader>::Register(00cef830, 00cef384, 00000000, 5036c980)
 afxClass<afxPipelineRig>::Register(00cef8d8, 00cef384, 00000000, 5036ccac)
 afxClass<afxPipeline>::Register(00cef980, 00cef384, 00000000, 5036c48c)
 afxClass<afxDrawOperation>::Register(00cefb78, 00cef384, 00000000, 0f87db1c)
 afxClass<afxLegoTemplate>::Register(00cefa28, 00cef384, 00000000, 5036bfd8)
 afxClass<afxLego>::Register(00cefad0, 00cef384, 00000000, 5036bfac)
 afxClass<afxDrawOutput>::Register(00cefe18, 00cef384, 00000000, 50367d10)
 sglDrawQueue.c:1835?_AfxDrawContextAcquireQueue(dctx=00cef350)
 afxClass<afxDrawQueue>::AllocateInstances(1, 0044e578, 0044e61c)
 afxClass<afxDrawQueue>::ConstructInstances(1, 0044e578, 0044e5d8)
 afxClass<afxDrawQueue>::ConstructInstance(04833d70)
 sglDrawQueue.c:1905?_AfxDqueCtor(dque=04833d70)
 Uploading draw operation 'data/pipeline/rgbaToRgba.xml'
 afxDrawOperation.c:647?_AfxDrawContextUploadOperationsUrd(dctx=00cef350)
 afxXml.c:999?AfxFileSystemLoadXml(uri=data/pipeline/rgbaToRgba.xmlp)
 afxClass<afxXml>::AllocateInstances(1, 00440aac, 00440b58)
 afxClass<afxXml>::ConstructInstances(1, 00440aac, 00440b0c)
 afxClass<afxXml>::ConstructInstance(048d9f40)
 afxXml.c:958?_AfxXmlCtor(uri:data/pipeline/rgbaToRgba.xml)
 afxFile.c:272?AfxFileSystemOpenFile(Afx.FileSystem.OpenFile(008612d0,00000001,data/pipeline/rgbaToRgba.xml))
 afxClass<afxFile>::AllocateInstances(1, 00440744, 00440814)
 afxClass<afxFile>::ConstructInstances(1, 00440744, 004407a4)
 afxClass<afxFile, afxStream>ConstructingInstance(04835330)
 afxClass<afxStream>::ConstructInstance(04835330)
 afxClass<afxFile>::ConstructInstance(04835330)
 afxClass<afxFile>::DestructInstances(1, 00440864)
 Destructing instance 04835330 of afxFile class.
 Destructing instance 04835330 of afxFile : afxStream class.
 Destructing instance 04835330 of afxStream class.
 afxClass<afxFile>::DeallocateInstances(1, 00440864)
 afxShader.c:443?AfxDrawContextBuildShaders(dctx=00cef350,cnt=1,blueprint=00440c6c,shd=00440c40)
 sglShader.c:456?_AfxDrawContextBuildShaders(dctx=00cef350,cnt=1,blueprint=00440c6c,shd=00440c40)
 Building draw operation 'rgbaToRgbaVs'
 afxClass<afxShader>::AllocateInstances(1, 00440960, 00440a2c)
 afxClass<afxShader>::ConstructInstances(1, 00440960, 004409c0)
 afxClass<afxShader>::ConstructInstance(00ceced0)
 sglShader.c:259?_AfxShdCtor(shd=00ceced0)
 
        #version 330 core

        // QWADRO. Engineered by SIGMA Technology Group.

        layout(location = 0) in vec2 a_xy;

        out block
        {
            vec2 uv0;
        } sgl_v;

        void main()
        {
            gl_Position = vec4(a_xy, 0.0, 1.0);
            sgl_v.uv0 = vec2(gl_Position.xy * 0.5 + 0.5).xy;
        }
       
 afxShader.c:443?AfxDrawContextBuildShaders(dctx=00cef350,cnt=1,blueprint=00440c6c,shd=00440c40)
 sglShader.c:456?_AfxDrawContextBuildShaders(dctx=00cef350,cnt=1,blueprint=00440c6c,shd=00440c40)
 Building draw operation 'rgbaToRgbaFs'
 afxClass<afxShader>::AllocateInstances(1, 00440960, 00440a2c)
 afxClass<afxShader>::ConstructInstances(1, 00440960, 004409c0)
 afxClass<afxShader>::ConstructInstance(00c672f0)
 sglShader.c:259?_AfxShdCtor(shd=00c672f0)
 
        #version 330 core

        // QWADRO. Engineered by SIGMA Technology Group.

        uniform sampler2D samp;

        in block
        {
            vec2 uv0;
        } sgl_v;

        out vec4 sgl_rgba;

        void main()
        {
            sgl_rgba = texture(samp, sgl_v.uv0);
        }
       
 afxClass<afxLegoTemplate>::AllocateInstances(1, 004402dc, 00440398)
 afxClass<afxLegoTemplate>::ConstructInstances(1, 004402dc, 0044033c)
 afxClass<afxLegoTemplate>::ConstructInstance(009298b0)
 sglLego.c:298?_AfxLegtCtor(legt=009298b0)
 afxObject<009298b0>::InstallEventFilter(00c672f0)
 afxShader.c:443?AfxDrawContextBuildShaders(dctx=00cef350,cnt=1,blueprint=00440c6c,shd=00440c40)
 sglShader.c:456?_AfxDrawContextBuildShaders(dctx=00cef350,cnt=1,blueprint=00440c6c,shd=00440c40)
 Building draw operation 'rgbaToRgbaVsYFlipped'
 afxClass<afxShader>::AllocateInstances(1, 00440960, 00440a2c)
 afxClass<afxShader>::ConstructInstances(1, 00440960, 004409c0)
 afxClass<afxShader>::ConstructInstance(048375a0)
 sglShader.c:259?_AfxShdCtor(shd=048375a0)
 
        #version 330 core

        // QWADRO. Engineered by SIGMA Technology Group.

        const mat4 m = mat4(1, 0, 0, 0, 0, -1, 0, 0, 0, 0, 1, 0, 0, 0, 0, 1);
        
        layout(location = 0) in vec2 a_xy;
        
        out block
        {
            vec2 uv0;
        } sgl_v;

        void main()
        {
            gl_Position = vec4(a_xy, 0.0, 1.0);
            sgl_v.uv0 = vec2(m * vec4(gl_Position.xy * 0.5 + 0.5, 0, 1)).xy;
        }
       
 Building draw operation 'rgbaToRgba'
 afxClass<afxDrawOperation>::AllocateInstances(1, 00440a38, 00440b0c)
 afxClass<afxDrawOperation>::ConstructInstances(1, 00440a38, 00440a98)
 afxClass<afxDrawOperation>::ConstructInstance(00c67490)
 afxDrawOperation.c:493?_AfxDopCtor(dop=00c67490)
 afxPipeline.c:204?AfxDrawContextBuildPipeline(dctx=00cef350)
 sglPipeline.c:1002?_AfxDrawContextBuildPipeline(dctx=00cef350)
 afxClass<afxPipeline>::AllocateInstances(1, 004380dc, 0043817c)
 afxClass<afxPipeline>::ConstructInstances(1, 004380dc, 0043813c)
 afxClass<afxPipeline>::ConstructInstance(04838f10)
 sglPipeline.c:684?_AfxPipCtor(pip=04838f10)
 afxShader.c:690?AfxDrawContextAcquireShaders(dctx=00cef350,cnt=1,uri=004382c8,shd=004374a4)
 Taking connection 04838f48 connecting 00ceced0?shd#2 to holder 04838f10?pip#1.
 afxShader.c:690?AfxDrawContextAcquireShaders(dctx=00cef350,cnt=1,uri=004392dc,shd=004374a4)
 Taking connection 04838f7c connecting 00c672f0?shd#2 to holder 04838f10?pip#1.
 afxClass<afxLegoTemplate>::AllocateInstances(1, 00437224, 004372e0)
 afxClass<afxLegoTemplate>::ConstructInstances(1, 00437224, 00437284)
 afxClass<afxLegoTemplate>::ConstructInstance(00928130)
 sglLego.c:298?_AfxLegtCtor(legt=00928130)
 afxClass<afxPipelineRig>::AllocateInstances(1, 004372f8, 004373a4)
 afxClass<afxPipelineRig>::ConstructInstances(1, 004372f8, 00437358)
 afxClass<afxPipelineRig>::ConstructInstance(00928390)
 sglPipelineRig.c:95?_AfxPiprCtor(pipr=00928390)
 afxPipeline.c:204?AfxDrawContextBuildPipeline(dctx=00cef350)
 sglPipeline.c:1002?_AfxDrawContextBuildPipeline(dctx=00cef350)
 afxClass<afxPipeline>::AllocateInstances(1, 004380dc, 0043817c)
 afxClass<afxPipeline>::ConstructInstances(1, 004380dc, 0043813c)
 afxClass<afxPipeline>::ConstructInstance(048395b0)
 sglPipeline.c:684?_AfxPipCtor(pip=048395b0)
 afxShader.c:690?AfxDrawContextAcquireShaders(dctx=00cef350,cnt=1,uri=004382c8,shd=004374a4)
 Taking connection 048395e8 connecting 048375a0?shd#2 to holder 048395b0?pip#1.
 afxShader.c:690?AfxDrawContextAcquireShaders(dctx=00cef350,cnt=1,uri=004392dc,shd=004374a4)
 Taking connection 0483961c connecting 00c672f0?shd#4 to holder 048395b0?pip#1.
 afxClass<afxLegoTemplate>::AllocateInstances(1, 00437224, 004372e0)
 afxClass<afxLegoTemplate>::ConstructInstances(1, 00437224, 00437284)
 afxClass<afxLegoTemplate>::ConstructInstance(04835330)
 sglLego.c:298?_AfxLegtCtor(legt=04835330)
 afxClass<afxPipelineRig>::AllocateInstances(1, 004372f8, 004373a4)
 afxClass<afxPipelineRig>::ConstructInstances(1, 004372f8, 00437358)
 afxClass<afxPipelineRig>::ConstructInstance(00929b10)
 sglPipelineRig.c:95?_AfxPiprCtor(pipr=00929b10)
 afxClass<afxXml>::DestructInstances(1, 00440ba8)
 Destructing instance 048d9f40 of afxXml class.
 afxXml.c:937?_AfxXmlDtor(xml=048d9f40)
 afxClass<afxXml>::DeallocateInstances(1, 00440ba8)
 sglSampler.c:137?_AfxDrawContextAcquireSampler(dctx=00cef350,spec=0044e2f0)
 afxClass<afxSampler>::AllocateInstances(1, 0044deac, 0044df48)
 afxClass<afxSampler>::ConstructInstances(1, 0044deac, 0044df0c)
 afxClass<afxSampler>::ConstructInstance(04839c60)
 sglSampler.c:203?_AfxSmpCtor(smp=04839c60)
 afxClass<afxLego>::AllocateInstances(1, 0044de50, 0044df18)
 afxClass<afxLego>::ConstructInstances(1, 0044de50, 0044deb0)
 afxClass<afxLego>::ConstructInstance(04839d40)
 sglLego.c:371?_AfxLegoCtor(lego=04839d40)
 afxClass<afxVertexBuffer>::AllocateInstances(1, 0044dee8, 0044dfc8)
 afxClass<afxVertexBuffer>::ConstructInstances(1, 0044dee8, 0044df48)
 afxClass<afxVertexBuffer, afxBuffer>ConstructingInstance(04835590)
 afxClass<afxBuffer>::ConstructInstance(04835590)
 sglBuffer.c:474?_AfxBufCtor(buf=04835590)
 afxClass<afxVertexBuffer>::ConstructInstance(04835590)
 afxVertexBuffer.c:322?_AfxVbufCtor(vbuf=04835590)
 afxApplication.c:368?AfxSystemAcquireApplication(sys=0f80cdc9,spec=0f87c91e)
 afxClass<afxApplication>::AllocateInstances(1, 0044ea68, 0044eafc)
 afxClass<afxApplication>::ConstructInstances(1, 0044ea68, 0044eac8)
 afxClass<afxApplication>::ConstructInstance(04835660)
 afxApplication.c:418?_AfxAppCtor(app=04835660)
 afxMouse.c:243?AfxSystemAcquireMouse(sys=0085f520,port=0)
 afxClass<afxMouse>::AllocateInstances(1, 0044e66c, 0044e71c)
 afxClass<afxMouse>::ConstructInstances(1, 0044e66c, 0044e6cc)
 afxClass<afxMouse, afxHid>ConstructingInstance(048c29b0)
 afxClass<afxHid>::ConstructInstance(048c29b0)
 afxHid.c:75?_AfxHidCtor(hid=048c29b0)
 afxClass<afxMouse>::ConstructInstance(048c29b0)
 afxMouse.c:300?_AfxMseCtor(mse=048c29b0)
 sglDrawInput.c:219?_AfxDrawContextAcquireInput(dctx=00cef350,spec=0044e7c0)
 afxClass<afxDrawInput>::AllocateInstances(1, 0044e630, 0044e6c4)
 afxClass<afxDrawInput>::ConstructInstances(1, 0044e630, 0044e690)
 afxClass<afxDrawInput>::ConstructInstance(04835cd0)
 sglDrawInput.c:287?_AfxDinCtor(din=04835cd0)
 afxArena.c:821?AfxSystemAcquireArena(sys=0085f520,strategy=0044e368,hint="sglDrawInput.c:322!_AfxDinCtor")
 afxClass<Memory Arena>::AllocateInstances(1, 0044e208, 0044e2d0)
 afxClass<Memory Arena>::ConstructInstances(1, 0044e208, 0044e268)
 afxClass<Memory Arena, afxMemory>ConstructingInstance(04835e20)
 afxClass<afxMemory>::ConstructInstance(04835e20)
 afxMemory.c:317?_AfxMemCtor(mem=04835e20)
 afxClass<Memory Arena>::ConstructInstance(04835e20)
 afxArena.c:799?_AfxArenCtor(aren=04835e20)
 afxClass<afxWidget>::Register(04835b28, 04835694, 00000000, 0f883920)
 afxClass<afxSimulation>::Register(04835bd0, 04835694, 00000000, 0f8843b4)
 afxApplication.c:320?AfxApplicationExecute(app=04835660)
 Skybox.c:501?AfxEnterApplication(app=04835660)
 afxFileSystem.c:395?AfxFileSystemMountStoragePoints(Afx.FileSystem.MountStoragePoints(008612d0,1,0044e840))
 ERR afxFileSystem.c:406?AfxFileSystemMountStoragePoints
    
 ERR Skybox.c:515?AfxEnterApplication
    
 ERR Skybox.c:515?AfxEnterApplication
    (rslt == 1)
    Invalid
 afxArchive.c:599?AfxFileSystemAcquireArchive(Afx.FileSystem.AcquireArchive(008612d0,1,"art/mnt.zip"))
 afxClass<afxArchive>::AllocateInstances(1, 0044e5a0, 0044e670)
 afxClass<afxArchive>::ConstructInstances(1, 0044e5a0, 0044e600)
 afxClass<afxArchive, afxFile>ConstructingInstance(04858470)
 afxClass<afxFile, afxStream>ConstructingInstance(04858470)
 afxClass<afxStream>::ConstructInstance(04858470)
 afxClass<afxFile>::ConstructInstance(04858470)
 afxClass<afxArchive>::ConstructInstance(04858470)
 afxArchive.c:645?_AfxArcCtor(arc=04858470)
 signature: 0x6054B50
 diskNumber: 0
 centralDirectoryDiskNumber: 0
 numEntriesThisDisk: 2
 numEntries: 2
 centralDirectorySize: 185 0xb9
 centralDirectoryOffset: 514621 0x7da3d
 zipCommentLength: 0
 Archived item 0 -> 514621 0x7da3d
 signature: 33639248 0x2014b50
 versionMadeBy: 63 0x3f
 versionNeededToExtract: 20 0x14
 generalPurposeBitFlag: 0 0
 compressionMethod: 0 0
 lastModFileTime: 1350 0x546
 lastModFileDate: 22171 0x569b
 crc32: 0
 compressedSize: 0
 uncompressedSize: 0
 fileNameLength: 4
 textraFieldLength: 36
 fileCommentLength: 0
 diskNumberStart: 0
 internalFileAttributes: 0
 externalFileAttributes: 0x10
 relativeOffsetOflocalHeader: 0 0
 Archived item 0, 34 0x22
 2023/04/27 00:42:12 #0000 art/
 Archived item 1 -> 514707 0x7da93
 signature: 33639248 0x2014b50
 versionMadeBy: 63 0x3f
 versionNeededToExtract: 10 0xa
 generalPurposeBitFlag: 0 0
 compressionMethod: 0 0
 lastModFileTime: 1423 0x58f
 lastModFileDate: 22171 0x569b
 crc32: 0x594b0260
 compressedSize: 514540
 uncompressedSize: 514540
 fileNameLength: 17
 textraFieldLength: 36
 fileCommentLength: 0
 diskNumberStart: 0
 internalFileAttributes: 0
 externalFileAttributes: 0x20
 relativeOffsetOflocalHeader: 34 0x22
 Archived item 1, 81 0x51
 2023/04/27 00:44:30 #0001 art/worldtest.tga
 afxStream.c:354?AfxFileSystemAcquireStream(fsys:008612d0,flags=1,src=04911010,len=514540)
 afxClass<afxStream>::AllocateInstances(1, 0044e4d4, 0044e594)
 afxClass<afxStream>::ConstructInstances(1, 0044e4d4, 0044e534)
 afxClass<afxStream>::ConstructInstance(048d9f40)
 afxFile.c:272?AfxFileSystemOpenFile(Afx.FileSystem.OpenFile(008612d0,00000002,system/worldtest.tga))
 afxClass<afxFile>::AllocateInstances(1, 0044e474, 0044e544)
 afxClass<afxFile>::ConstructInstances(1, 0044e474, 0044e4d4)
 afxClass<afxFile, afxStream>ConstructingInstance(04a5dac0)
 afxClass<afxStream>::ConstructInstance(04a5dac0)
 afxClass<afxFile>::ConstructInstance(04a5dac0)
 afxClass<afxFile>::DestructInstances(1, 0044e594)
 Destructing instance 04a5dac0 of afxFile class.
 Destructing instance 04a5dac0 of afxFile : afxStream class.
 Destructing instance 04a5dac0 of afxStream class.
 afxClass<afxFile>::DeallocateInstances(1, 0044e594)
 afxSimulation.c:480?AfxApplicationAcquireSimulation(app=04835660,bounding=[[0.000000,0.000000,0.000000,1.000000],[0.000000,0.000000,0.000000,1.000000]])
 afxClass<afxSimulation>::AllocateInstances(1, 0044e564, 0044e648)
 afxClass<afxSimulation>::ConstructInstances(1, 0044e564, 0044e5c4)
 afxClass<afxSimulation>::ConstructInstance(04a5dac0)
 afxSimulation.c:403?_AfxSimCtor(sim=04a5dac0)
 afxMemory.c:259?AfxSystemAcquireMemory(sys=0085f520,strategy=0044e2e8,hint="afxSimulation.c:423!_AfxSimCtor")
 afxClass<afxMemory>::AllocateInstances(1, 0044e140, 0044e1fc)
 afxClass<afxMemory>::ConstructInstances(1, 0044e140, 0044e1a0)
 afxClass<afxMemory>::ConstructInstance(04a5e1d0)
 afxMemory.c:317?_AfxMemCtor(mem=04a5e1d0)
 afxClass<afxMaterial>::Register(04a5dda8, 04a5daf4, 00000000, 0f88524c)
 afxClass<afxMesh>::Register(04a5de50, 04a5daf4, 00000000, 0f8855c8)
 afxClass<afxNode>::Register(04a5e048, 04a5daf4, 00000000, 0f8847c0)
 afxClass<afxSkeleton>::Register(04a5dfa0, 04a5daf4, 04a5e048, 0f884bfc)
 afxClass<afxModel>::Register(04a5def8, 04a5daf4, 00000000, 0f885f04)
 afxClass<afxBody>::Register(04a5db08, 04a5daf4, 04a5e048, 0f883ba8)
 afxClass<afxEntity>::Register(04a5dbb0, 04a5daf4, 04a5e048, 0f884184)
 afxClass<afxCamera>::Register(04a5dc58, 04a5daf4, 04a5e048, 0f883e60)
 afxClass<afxLight>::Register(04a5dd00, 04a5daf4, 04a5e048, 0f884268)
 afxDrawOutput.c:127?AfxDrawContextAcquireOutput(dctx=00cef350,extent=0044e910,spec=0044e7ac)
 sglDrawOutput.c:271?_AfxDrawContextAcquireOutput(dctx=00cef350,extent=0044e910,spec=0044e7ac)
 afxClass<afxDrawOutput>::AllocateInstances(1, 0044e564, 0044e610)
 afxClass<afxDrawOutput>::ConstructInstances(1, 0044e564, 0044e5c4)
 afxClass<afxDrawOutput>::ConstructInstance(04a5e3d0)
 sglDrawOutput.c:544?_AfxDoutCtor(dout=04a5e3d0)
 sglSurface.c:91?_AfxDrawContextAcquireSurface(dctx=00cef350,fmt=4,whd=[1280,720,1],usage=16)
 ADV afxTexture.c:15?AfxTextureBlueprintReset
    texb->fcc == AFX_FCC_TEXB
 afxClass<afxSurface>::AllocateInstances(1, 0044dac4, 0044dba8)
 afxClass<afxSurface>::ConstructInstances(1, 0044dac4, 0044db24)
 afxClass<afxSurface, afxTexture>ConstructingInstance(04a5e930)
 afxClass<afxTexture>::ConstructInstance(04a5e930)
 sglTexture.c:1019?_AfxTexCtor(tex=04a5e930)
 afxClass<afxSurface>::ConstructInstance(04a5e930)
 sglSurface.c:173?_AfxSurfCtor(surf=04a5e930)
 sglSurface.c:91?_AfxDrawContextAcquireSurface(dctx=00cef350,fmt=4,whd=[1280,720,1],usage=16)
 ADV afxTexture.c:15?AfxTextureBlueprintReset
    texb->fcc == AFX_FCC_TEXB
 afxClass<afxSurface>::AllocateInstances(1, 0044dac4, 0044dba8)
 afxClass<afxSurface>::ConstructInstances(1, 0044dac4, 0044db24)
 afxClass<afxSurface, afxTexture>ConstructingInstance(04a5ea50)
 afxClass<afxTexture>::ConstructInstance(04a5ea50)
 sglTexture.c:1019?_AfxTexCtor(tex=04a5ea50)
 afxClass<afxSurface>::ConstructInstance(04a5ea50)
 sglSurface.c:173?_AfxSurfCtor(surf=04a5ea50)
 sglDrawOutput.c:497?_AfxStdDoutImplCtor(dout=04a5e3d0,uri=window)
 sglDrawOutput.c:348?_AfxStdDoutImplCtorWnd(dout=04a5e3d0)
 Extent readjusted. (dout)04a5e3d0 -> 1272, 0.000001 of 2164188386; 693 0.000000 of 4052155834
 sglDrawInput.c:219?_AfxDrawContextAcquireInput(dctx=00cef350,spec=0044e790)
 afxClass<afxDrawInput>::AllocateInstances(1, 0044e58c, 0044e620)
 afxClass<afxDrawInput>::ConstructInstances(1, 0044e58c, 0044e5ec)
 afxClass<afxDrawInput>::ConstructInstance(0485f2b0)
 sglDrawInput.c:287?_AfxDinCtor(din=0485f2b0)
 afxArena.c:821?AfxSystemAcquireArena(sys=0085f520,strategy=0044e2c4,hint="sglDrawInput.c:322!_AfxDinCtor")
 afxClass<Memory Arena>::AllocateInstances(1, 0044e164, 0044e22c)
 afxClass<Memory Arena>::ConstructInstances(1, 0044e164, 0044e1c4)
 afxClass<Memory Arena, afxMemory>ConstructingInstance(0485f400)
 afxClass<afxMemory>::ConstructInstance(0485f400)
 afxMemory.c:317?_AfxMemCtor(mem=0485f400)
 afxClass<Memory Arena>::ConstructInstance(0485f400)
 afxArena.c:799?_AfxArenCtor(aren=0485f400)
 afxCamera.c:833?AfxSimulationAcquireCamera(sim=04a5dac0,name=viewer,perspective=1)
 afxClass<afxCamera>::AllocateInstances(1, 0044e414, 0044e4e4)
 afxClass<afxCamera>::ConstructInstances(1, 0044e414, 0044e474)
 afxClass<afxCamera, afxNode>ConstructingInstance(048627b0)
 afxClass<afxNode>::ConstructInstance(048627b0)
 afxClass<afxCamera>::ConstructInstance(048627b0)
 afxCamera.c:881?_AfxCamCtor(cam=048627b0)
 ADV afxTexture.c:15?AfxTextureBlueprintReset
    texb->fcc == AFX_FCC_TEXB
 sglTexture.c:1172?_AfxDrawContextBuildTextures(dctx=00cef350,cnt=1,blueprint=0044e100,tex=00e07008)
 afxClass<afxTexture>::AllocateInstances(1, 0044d8ac, 0044d964)
 afxClass<afxTexture>::ConstructInstances(1, 0044d8ac, 0044d90c)
 afxClass<afxTexture>::ConstructInstance(04862c80)
 sglTexture.c:1019?_AfxTexCtor(tex=04862c80)
 afxFile.c:272?AfxFileSystemOpenFile(Afx.FileSystem.OpenFile(008612d0,00000001,art/skybox/day/right.tga))
 afxClass<afxFile>::AllocateInstances(1, 0044d11c, 0044d1ec)
 afxClass<afxFile>::ConstructInstances(1, 0044d11c, 0044d17c)
 afxClass<afxFile, afxStream>ConstructingInstance(04862d80)
 afxClass<afxStream>::ConstructInstance(04862d80)
 afxClass<afxFile>::ConstructInstance(04862d80)
 afxClass<afxFile>::DestructInstances(1, 0044d23c)
 Destructing instance 04862d80 of afxFile class.
 Destructing instance 04862d80 of afxFile : afxStream class.
 Destructing instance 04862d80 of afxStream class.
 afxClass<afxFile>::DeallocateInstances(1, 0044d23c)
 afxFile.c:272?AfxFileSystemOpenFile(Afx.FileSystem.OpenFile(008612d0,00000001,art/skybox/day/left.tga))
 afxClass<afxFile>::AllocateInstances(1, 0044d11c, 0044d1ec)
 afxClass<afxFile>::ConstructInstances(1, 0044d11c, 0044d17c)
 afxClass<afxFile, afxStream>ConstructingInstance(04862d80)
 afxClass<afxStream>::ConstructInstance(04862d80)
 afxClass<afxFile>::ConstructInstance(04862d80)
 afxClass<afxFile>::DestructInstances(1, 0044d23c)
 Destructing instance 04862d80 of afxFile class.
 Destructing instance 04862d80 of afxFile : afxStream class.
 Destructing instance 04862d80 of afxStream class.
 afxClass<afxFile>::DeallocateInstances(1, 0044d23c)
 afxFile.c:272?AfxFileSystemOpenFile(Afx.FileSystem.OpenFile(008612d0,00000001,art/skybox/day/bottom.tga))
 afxClass<afxFile>::AllocateInstances(1, 0044d11c, 0044d1ec)
 afxClass<afxFile>::ConstructInstances(1, 0044d11c, 0044d17c)
 afxClass<afxFile, afxStream>ConstructingInstance(04862d80)
 afxClass<afxStream>::ConstructInstance(04862d80)
 afxClass<afxFile>::ConstructInstance(04862d80)
 afxClass<afxFile>::DestructInstances(1, 0044d23c)
 Destructing instance 04862d80 of afxFile class.
 Destructing instance 04862d80 of afxFile : afxStream class.
 Destructing instance 04862d80 of afxStream class.
 afxClass<afxFile>::DeallocateInstances(1, 0044d23c)
 afxFile.c:272?AfxFileSystemOpenFile(Afx.FileSystem.OpenFile(008612d0,00000001,art/skybox/day/top.tga))
 afxClass<afxFile>::AllocateInstances(1, 0044d11c, 0044d1ec)
 afxClass<afxFile>::ConstructInstances(1, 0044d11c, 0044d17c)
 afxClass<afxFile, afxStream>ConstructingInstance(04862d80)
 afxClass<afxStream>::ConstructInstance(04862d80)
 afxClass<afxFile>::ConstructInstance(04862d80)
 afxClass<afxFile>::DestructInstances(1, 0044d23c)
 Destructing instance 04862d80 of afxFile class.
 Destructing instance 04862d80 of afxFile : afxStream class.
 Destructing instance 04862d80 of afxStream class.
 afxClass<afxFile>::DeallocateInstances(1, 0044d23c)
 afxFile.c:272?AfxFileSystemOpenFile(Afx.FileSystem.OpenFile(008612d0,00000001,art/skybox/day/front.tga))
 afxClass<afxFile>::AllocateInstances(1, 0044d11c, 0044d1ec)
 afxClass<afxFile>::ConstructInstances(1, 0044d11c, 0044d17c)
 afxClass<afxFile, afxStream>ConstructingInstance(04862d80)
 afxClass<afxStream>::ConstructInstance(04862d80)
 afxClass<afxFile>::ConstructInstance(04862d80)
 afxClass<afxFile>::DestructInstances(1, 0044d23c)
 Destructing instance 04862d80 of afxFile class.
 Destructing instance 04862d80 of afxFile : afxStream class.
 Destructing instance 04862d80 of afxStream class.
 afxClass<afxFile>::DeallocateInstances(1, 0044d23c)
 afxFile.c:272?AfxFileSystemOpenFile(Afx.FileSystem.OpenFile(008612d0,00000001,art/skybox/day/back.tga))
 afxClass<afxFile>::AllocateInstances(1, 0044d11c, 0044d1ec)
 afxClass<afxFile>::ConstructInstances(1, 0044d11c, 0044d17c)
 afxClass<afxFile, afxStream>ConstructingInstance(04862d80)
 afxClass<afxStream>::ConstructInstance(04862d80)
 afxClass<afxFile>::ConstructInstance(04862d80)
 afxClass<afxFile>::DestructInstances(1, 0044d23c)
 Destructing instance 04862d80 of afxFile class.
 Destructing instance 04862d80 of afxFile : afxStream class.
 Destructing instance 04862d80 of afxStream class.
 afxClass<afxFile>::DeallocateInstances(1, 0044d23c)
 afxClass<afxVertexBuffer>::AllocateInstances(1, 0044d938, 0044da18)
 afxClass<afxVertexBuffer>::ConstructInstances(1, 0044d938, 0044d998)
 afxClass<afxVertexBuffer, afxBuffer>ConstructingInstance(04862d80)
 afxClass<afxBuffer>::ConstructInstance(04862d80)
 sglBuffer.c:474?_AfxBufCtor(buf=04862d80)
 afxClass<afxVertexBuffer>::ConstructInstance(04862d80)
 afxVertexBuffer.c:322?_AfxVbufCtor(vbuf=04862d80)
 Uploading draw operation 'data/pipeline/skybox.xml'
 afxDrawOperation.c:647?_AfxDrawContextUploadOperationsUrd(dctx=00cef350)
 afxXml.c:999?AfxFileSystemLoadXml(uri=data/pipeline/skybox.xmlp)
 afxClass<afxXml>::AllocateInstances(1, 004404fc, 004405a8)
 afxClass<afxXml>::ConstructInstances(1, 004404fc, 0044055c)
 afxClass<afxXml>::ConstructInstance(04836370)
 afxXml.c:958?_AfxXmlCtor(uri:data/pipeline/skybox.xml)
 afxFile.c:272?AfxFileSystemOpenFile(Afx.FileSystem.OpenFile(008612d0,00000001,data/pipeline/skybox.xml))
 afxClass<afxFile>::AllocateInstances(1, 00440194, 00440264)
 afxClass<afxFile>::ConstructInstances(1, 00440194, 004401f4)
 afxClass<afxFile, afxStream>ConstructingInstance(04863050)
 afxClass<afxStream>::ConstructInstance(04863050)
 afxClass<afxFile>::ConstructInstance(04863050)
 afxClass<afxFile>::DestructInstances(1, 004402b4)
 Destructing instance 04863050 of afxFile class.
 Destructing instance 04863050 of afxFile : afxStream class.
 Destructing instance 04863050 of afxStream class.
 afxClass<afxFile>::DeallocateInstances(1, 004402b4)
 afxShader.c:443?AfxDrawContextBuildShaders(dctx=00cef350,cnt=1,blueprint=004406bc,shd=00440690)
 sglShader.c:456?_AfxDrawContextBuildShaders(dctx=00cef350,cnt=1,blueprint=004406bc,shd=00440690)
 Building draw operation 'skyboxVs'
 afxClass<afxShader>::AllocateInstances(1, 004403b0, 0044047c)
 afxClass<afxShader>::ConstructInstances(1, 004403b0, 00440410)
 afxClass<afxShader>::ConstructInstance(04863050)
 sglShader.c:259?_AfxShdCtor(shd=04863050)
 
        #version 330 core

        // QWADRO. Engineered by SIGMA Technology Group.

        layout(std140, row_major) uniform sgl_view
        {
            mat4 v;
            mat4 p;
            mat4 vp;
        };

        layout(location = 0) in vec3 a_xyz;

        out block
        {
            vec3 uvw0;
        } sgl_v;

        void main()
        {
            sgl_v.uvw0 = a_xyz;
            vec4 pos = vec4(a_xyz, 1.0) * v * p;
            gl_Position = pos.xyww;
        }
       
 afxClass<afxLegoTemplate>::AllocateInstances(1, 0043fd2c, 0043fde8)
 afxClass<afxLegoTemplate>::ConstructInstances(1, 0043fd2c, 0043fd8c)
 afxClass<afxLegoTemplate>::ConstructInstance(04863440)
 sglLego.c:298?_AfxLegtCtor(legt=04863440)
 afxObject<04863440>::InstallEventFilter(04863050)
 afxShader.c:443?AfxDrawContextBuildShaders(dctx=00cef350,cnt=1,blueprint=004406bc,shd=00440690)
 sglShader.c:456?_AfxDrawContextBuildShaders(dctx=00cef350,cnt=1,blueprint=004406bc,shd=00440690)
 Building draw operation 'skyboxFs'
 afxClass<afxShader>::AllocateInstances(1, 004403b0, 0044047c)
 afxClass<afxShader>::ConstructInstances(1, 004403b0, 00440410)
 afxClass<afxShader>::ConstructInstance(048636a0)
 sglShader.c:259?_AfxShdCtor(shd=048636a0)
 
        #version 330 core

        // QWADRO. Engineered by SIGMA Technology Group.

        uniform samplerCube samp;

        in block
        {
            vec3 uvw0;
        } sgl_v;

        out vec4 sgl_rgba;

        void main()
        {
            sgl_rgba = texture(samp, sgl_v.uvw0);
        }
       
 afxClass<afxLegoTemplate>::AllocateInstances(1, 0043fd2c, 0043fde8)
 afxClass<afxLegoTemplate>::ConstructInstances(1, 0043fd2c, 0043fd8c)
 afxClass<afxLegoTemplate>::ConstructInstance(048639d0)
 sglLego.c:298?_AfxLegtCtor(legt=048639d0)
 afxObject<048639d0>::InstallEventFilter(048636a0)
 Building draw operation 'skybox'
 afxClass<afxDrawOperation>::AllocateInstances(1, 00440488, 0044055c)
 afxClass<afxDrawOperation>::ConstructInstances(1, 00440488, 004404e8)
 afxClass<afxDrawOperation>::ConstructInstance(04863c30)
 afxDrawOperation.c:493?_AfxDopCtor(dop=04863c30)
 afxPipeline.c:204?AfxDrawContextBuildPipeline(dctx=00cef350)
 sglPipeline.c:1002?_AfxDrawContextBuildPipeline(dctx=00cef350)
 afxClass<afxPipeline>::AllocateInstances(1, 00437b2c, 00437bcc)
 afxClass<afxPipeline>::ConstructInstances(1, 00437b2c, 00437b8c)
 afxClass<afxPipeline>::ConstructInstance(04863d80)
 sglPipeline.c:684?_AfxPipCtor(pip=04863d80)
 afxShader.c:690?AfxDrawContextAcquireShaders(dctx=00cef350,cnt=1,uri=00437d18,shd=00436ef4)
 Taking connection 04863db8 connecting 04863050?shd#2 to holder 04863d80?pip#1.
 afxShader.c:690?AfxDrawContextAcquireShaders(dctx=00cef350,cnt=1,uri=00438d2c,shd=00436ef4)
 Taking connection 04863dec connecting 048636a0?shd#2 to holder 04863d80?pip#1.
 afxClass<afxLegoTemplate>::AllocateInstances(1, 00436c74, 00436d30)
 afxClass<afxLegoTemplate>::ConstructInstances(1, 00436c74, 00436cd4)
 afxClass<afxLegoTemplate>::ConstructInstance(04864420)
 sglLego.c:298?_AfxLegtCtor(legt=04864420)
 afxClass<afxPipelineRig>::AllocateInstances(1, 00436d48, 00436df4)
 afxClass<afxPipelineRig>::ConstructInstances(1, 00436d48, 00436da8)
 afxClass<afxPipelineRig>::ConstructInstance(04864680)
 sglPipelineRig.c:95?_AfxPiprCtor(pipr=04864680)
 afxClass<afxXml>::DestructInstances(1, 004405f8)
 Destructing instance 04836370 of afxXml class.
 afxXml.c:937?_AfxXmlDtor(xml=04836370)
 afxClass<afxXml>::DeallocateInstances(1, 004405f8)
 sglSampler.c:137?_AfxDrawContextAcquireSampler(dctx=00cef350,spec=0044dc30)
 afxClass<afxSampler>::AllocateInstances(1, 0044d8fc, 0044d998)
 afxClass<afxSampler>::ConstructInstances(1, 0044d8fc, 0044d95c)
 afxClass<afxSampler>::ConstructInstance(04864740)
 sglSampler.c:203?_AfxSmpCtor(smp=04864740)
 sglCanvas.c:322?_AfxDrawContextBuildCanvases(dctx=00cef350,cnt=1,blueprint=0044d9a0,canv=00e0703c)
 afxClass<afxCanvas>::AllocateInstances(1, 0044d714, 0044d7d4)
 afxClass<afxCanvas>::ConstructInstances(1, 0044d714, 0044d774)
 afxClass<afxCanvas>::ConstructInstance(04864820)
 sglCanvas.c:433?_AfxCanvCtor(canv=04864820)
 sglSurface.c:91?_AfxDrawContextAcquireSurface(dctx=00cef350,fmt=22,whd=[1272,693,1],usage=32)
 ADV afxTexture.c:15?AfxTextureBlueprintReset
    texb->fcc == AFX_FCC_TEXB
 afxClass<afxSurface>::AllocateInstances(1, 0044cba4, 0044cc88)
 afxClass<afxSurface>::ConstructInstances(1, 0044cba4, 0044cc04)
 afxClass<afxSurface, afxTexture>ConstructingInstance(04864900)
 afxClass<afxTexture>::ConstructInstance(04864900)
 sglTexture.c:1019?_AfxTexCtor(tex=04864900)
 afxClass<afxSurface>::ConstructInstance(04864900)
 sglSurface.c:173?_AfxSurfCtor(surf=04864900)
 afxClass<afxBuffer>::AllocateInstances(1, 0044d938, 0044d9d8)
 afxClass<afxBuffer>::ConstructInstances(1, 0044d938, 0044d998)
 afxClass<afxBuffer>::ConstructInstance(04864a20)
 sglBuffer.c:474?_AfxBufCtor(buf=04864a20)
 afxClass<afxLego>::AllocateInstances(1, 0044d8a0, 0044d968)
 afxClass<afxLego>::ConstructInstances(1, 0044d8a0, 0044d900)
 afxClass<afxLego>::ConstructInstance(04864c20)
 sglLego.c:371?_AfxLegoCtor(lego=04864c20)
 sglCanvas.c:322?_AfxDrawContextBuildCanvases(dctx=00cef350,cnt=1,blueprint=0044d9a0,canv=00e07048)
 afxClass<afxCanvas>::AllocateInstances(1, 0044d714, 0044d7d4)
 afxClass<afxCanvas>::ConstructInstances(1, 0044d714, 0044d774)
 afxClass<afxCanvas>::ConstructInstance(04864d30)
 sglCanvas.c:433?_AfxCanvCtor(canv=04864d30)
 sglSurface.c:91?_AfxDrawContextAcquireSurface(dctx=00cef350,fmt=22,whd=[1272,693,1],usage=32)
 ADV afxTexture.c:15?AfxTextureBlueprintReset
    texb->fcc == AFX_FCC_TEXB
 afxClass<afxSurface>::AllocateInstances(1, 0044cba4, 0044cc88)
 afxClass<afxSurface>::ConstructInstances(1, 0044cba4, 0044cc04)
 afxClass<afxSurface, afxTexture>ConstructingInstance(04864e10)
 afxClass<afxTexture>::ConstructInstance(04864e10)
 sglTexture.c:1019?_AfxTexCtor(tex=04864e10)
 afxClass<afxSurface>::ConstructInstance(04864e10)
 sglSurface.c:173?_AfxSurfCtor(surf=04864e10)
 afxClass<afxBuffer>::AllocateInstances(1, 0044d938, 0044d9d8)
 afxClass<afxBuffer>::ConstructInstances(1, 0044d938, 0044d998)
 afxClass<afxBuffer>::ConstructInstance(04864f30)
 sglBuffer.c:474?_AfxBufCtor(buf=04864f30)
 afxClass<afxLego>::AllocateInstances(1, 0044d8a0, 0044d968)
 afxClass<afxLego>::ConstructInstances(1, 0044d8a0, 0044d900)
 afxClass<afxLego>::ConstructInstance(04865130)
 sglLego.c:371?_AfxLegoCtor(lego=04865130)
 sglDrawScript.c:439?_AfxDrawInputAcquireScript(din=0485f2b0)
 afxClass<afxDrawScript>::AllocateInstances(1, 0044e358, 0044e400)
 afxClass<afxDrawScript>::ConstructInstances(1, 0044e358, 0044e3b8)
 afxClass<afxDrawScript>::ConstructInstance(048c2a80)
 sglDrawScript.c:502?_AfxDscrCtor(dscr=048c2a80)
 afxTexture 04a5e930 hardware-side data instanced.
 afxSurface 04a5e930 hardware-side data instanced.
 afxTexture 04864900 hardware-side data instanced.
 afxSurface 04864900 hardware-side data instanced.
 afxCanvas 04864820 hardware-side data instanced.
 afxShader 04863050 hardware-side data instanced.
 afxShader 048636a0 hardware-side data instanced.
 afxPipeline 04863d80 hardware-side data instanced.
 afxBuffer 04864a20 hardware-side data instanced.
 afxTexture 04862c80 hardware-side data instanced.
 afxSampler 04864740 hardware-side data instanced.
 afxBuffer 04862d80 hardware-side data instanced.
 afxShader 048375a0 hardware-side data instanced.
 afxShader 00c672f0 hardware-side data instanced.
 afxPipeline 048395b0 hardware-side data instanced.
 afxBuffer 04835590 hardware-side data instanced.
 afxSampler 04839c60 hardware-side data instanced.
 afxTexture 04a5ea50 hardware-side data instanced.
 afxSurface 04a5ea50 hardware-side data instanced.
 afxTexture 04864e10 hardware-side data instanced.
 afxSurface 04864e10 hardware-side data instanced.
 afxCanvas 04864d30 hardware-side data instanced.
 ADV afxSystem.c:574?AfxSystemProcess
    User input requested application break.
 afxApplication.c:293?AfxApplicationExit(app=04835660)
 Skybox.c:579?AfxLeaveApplication(app=04835660)
 afxClass<afxDrawInput>::DestructInstances(1, 0044ea90)
 Destructing instance 0485f2b0 of afxDrawInput class.
 sglDrawInput.c:250?_AfxDinDtor(din=0485f2b0)
 afxClass<afxDrawInput>::DeallocateInstances(1, 0044ea90)
 aaaaaaaaaaaa
 afxClass<afxApplication>::DestructInstances(1, 0044eb30)
 Destructing instance 04835660 of afxApplication class.
 afxApplication.c:401?_AfxAppDtor(app=04835660)
 afxClass<afxSimulation>::Deregister(04835bd0)
 afxClass<afxSimulation>::DestructInstances(1, 0044e6d0)
 Destructing instance 04a5dac0 of afxSimulation class.
 afxSimulation.c:388?_AfxSimDtor(sim=04a5dac0)
 afxClass<afxLight>::Deregister(04a5dd00)
 afxClass<afxCamera>::Deregister(04a5dc58)
 afxClass<afxCamera>::DestructInstances(1, 0044e268)
 Destructing instance 048627b0 of afxCamera class.
 afxCamera.c:873?_AfxCamDtor(cam=048627b0)
 Destructing instance 048627b0 of afxCamera : afxNode class.
 Destructing instance 048627b0 of afxNode class.
 afxClass<afxCamera>::DeallocateInstances(1, 0044e268)
 afxClass<afxEntity>::Deregister(04a5dbb0)
 afxClass<afxBody>::Deregister(04a5db08)
 afxClass<afxModel>::Deregister(04a5def8)
 afxClass<afxSkeleton>::Deregister(04a5dfa0)
 afxClass<afxNode>::Deregister(04a5e048)
 afxClass<afxMesh>::Deregister(04a5de50)
 afxClass<afxMaterial>::Deregister(04a5dda8)
 afxClass<afxMemory>::DestructInstances(1, 0044e38c)
 Destructing instance 04a5e1d0 of afxMemory class.
 afxMemory.c:299?_AfxMemDtor(mem=04a5e1d0)
 afxMemory.c:219?AfxMemoryExhaust(mem=04a5e1d0)
 Exhausted. (mem)04a5e1d0
 afxClass<afxMemory>::DeallocateInstances(1, 0044e38c)
 afxClass<afxSimulation>::DeallocateInstances(1, 0044e6d0)
 afxClass<afxWidget>::Deregister(04835b28)
 afxClass<afxDrawInput>::DestructInstances(1, 0044e7f4)
 Destructing instance 04835cd0 of afxDrawInput class.
 sglDrawInput.c:250?_AfxDinDtor(din=04835cd0)
 afxClass<afxDrawInput>::DeallocateInstances(1, 0044e7f4)
 afxClass<afxMouse>::DestructInstances(1, 0044e7f4)
 Destructing instance 048c29b0 of afxMouse class.
 afxMouse.c:291?_AfxMseDtor(mse=048c29b0)
 Destructing instance 048c29b0 of afxMouse : afxHid class.
 Destructing instance 048c29b0 of afxHid class.
 afxHid.c:66?_AfxHidDtor(hid=048c29b0)
 afxClass<afxMouse>::DeallocateInstances(1, 0044e7f4)
 afxClass<afxApplication>::DeallocateInstances(1, 0044eb30)
 afxClass<Draw Context>::DestructInstances(1, 0044eb30)
 Destructing instance 00cef350 of Draw Context class.
 sglDrawContext.c:374?_AfxDctxDtor(dctx=00cef350)
 afxClass<afxDrawOutput>::Deregister(00cefe18)
 afxClass<afxDrawOutput>::DestructInstances(1, 0044e6d0)
 Destructing instance 04a5e3d0 of afxDrawOutput class.
 sglDrawOutput.c:310?_AfxDoutDtor(dout=04a5e3d0)
 sglDrawOutput.c:245?_AfxDoutDropAllSurfaces(dout=04a5e3d0)
 afxClass<afxDrawOutput>::DeallocateInstances(1, 0044e6d0)
 afxClass<afxLego>::Deregister(00cefad0)
 afxClass<afxLego>::DestructInstances(1, 0044e6d0)
 Destructing instance 04865130 of afxLego class.
 sglLego.c:239?_AfxLegoDtor(lego=04865130)
 afxClass<afxLego>::DeallocateInstances(1, 0044e6d0)
 afxClass<afxLego>::DestructInstances(1, 0044e6d0)
 Destructing instance 04864c20 of afxLego class.
 sglLego.c:239?_AfxLegoDtor(lego=04864c20)
 afxClass<afxLego>::DeallocateInstances(1, 0044e6d0)
 afxClass<afxLego>::DestructInstances(1, 0044e6d0)
 Destructing instance 04839d40 of afxLego class.
 sglLego.c:239?_AfxLegoDtor(lego=04839d40)
 afxClass<afxLego>::DeallocateInstances(1, 0044e6d0)
 afxClass<afxLegoTemplate>::Deregister(00cefa28)
 afxClass<afxLegoTemplate>::DestructInstances(1, 0044e6d0)
 Destructing instance 04864420 of afxLegoTemplate class.
 sglLego.c:272?_AfxLegtDtor(legt=04864420)
 afxClass<afxLegoTemplate>::DeallocateInstances(1, 0044e6d0)
 afxClass<afxLegoTemplate>::DestructInstances(1, 0044e6d0)
 afxObject<048639d0>::RemoveEventFilter(048636a0)
 Destructing instance 048639d0 of afxLegoTemplate class.
 sglLego.c:272?_AfxLegtDtor(legt=048639d0)
 afxClass<afxLegoTemplate>::DeallocateInstances(1, 0044e6d0)
 afxClass<afxLegoTemplate>::DestructInstances(1, 0044e6d0)
 afxObject<04863440>::RemoveEventFilter(04863050)
 Destructing instance 04863440 of afxLegoTemplate class.
 sglLego.c:272?_AfxLegtDtor(legt=04863440)
 afxClass<afxLegoTemplate>::DeallocateInstances(1, 0044e6d0)
 afxClass<afxLegoTemplate>::DestructInstances(1, 0044e6d0)
 Destructing instance 04835330 of afxLegoTemplate class.
 sglLego.c:272?_AfxLegtDtor(legt=04835330)
 afxClass<afxLegoTemplate>::DeallocateInstances(1, 0044e6d0)
 afxClass<afxLegoTemplate>::DestructInstances(1, 0044e6d0)
 Destructing instance 00928130 of afxLegoTemplate class.
 sglLego.c:272?_AfxLegtDtor(legt=00928130)
 afxClass<afxLegoTemplate>::DeallocateInstances(1, 0044e6d0)
 afxClass<afxLegoTemplate>::DestructInstances(1, 0044e6d0)
 afxObject<009298b0>::RemoveEventFilter(00c672f0)
 Destructing instance 009298b0 of afxLegoTemplate class.
 sglLego.c:272?_AfxLegtDtor(legt=009298b0)
 afxClass<afxLegoTemplate>::DeallocateInstances(1, 0044e6d0)
 afxClass<afxDrawOperation>::Deregister(00cefb78)
 afxClass<afxDrawOperation>::DestructInstances(1, 0044e6d0)
 Destructing instance 04863c30 of afxDrawOperation class.
 afxDrawOperation.c:484?_AfxDopDtor(dop=04863c30)
 afxClass<afxDrawOperation>::DeallocateInstances(1, 0044e6d0)
 afxClass<afxDrawOperation>::DestructInstances(1, 0044e6d0)
 Destructing instance 00c67490 of afxDrawOperation class.
 afxDrawOperation.c:484?_AfxDopDtor(dop=00c67490)
 afxClass<afxDrawOperation>::DeallocateInstances(1, 0044e6d0)
 afxClass<afxPipeline>::Deregister(00cef980)
 afxClass<afxPipeline>::DestructInstances(1, 0044e6d0)
 Dropping connection 04863dec from 048636a0?shd#3 to holder 04863d80?pip#0.
 Dropping connection 04863db8 from 04863050?shd#3 to holder 04863d80?pip#0.
 Destructing instance 04863d80 of afxPipeline class.
 sglPipeline.c:621?_AfxPipDtor(pip=04863d80)
 afxClass<afxPipelineRig>::DestructInstances(1, 0044e354)
 Destructing instance 04864680 of afxPipelineRig class.
 sglPipelineRig.c:77?_AfxPiprDtor(pipr=04864680)
 afxClass<afxPipelineRig>::DeallocateInstances(1, 0044e354)
 afxClass<afxPipeline>::DeallocateInstances(1, 0044e6d0)
 afxClass<afxPipeline>::DestructInstances(1, 0044e6d0)
 Dropping connection 0483961c from 00c672f0?shd#5 to holder 048395b0?pip#0.
 Dropping connection 048395e8 from 048375a0?shd#3 to holder 048395b0?pip#0.
 Destructing instance 048395b0 of afxPipeline class.
 sglPipeline.c:621?_AfxPipDtor(pip=048395b0)
 afxClass<afxPipelineRig>::DestructInstances(1, 0044e354)
 Destructing instance 00929b10 of afxPipelineRig class.
 sglPipelineRig.c:77?_AfxPiprDtor(pipr=00929b10)
 afxClass<afxPipelineRig>::DeallocateInstances(1, 0044e354)
 afxClass<afxPipeline>::DeallocateInstances(1, 0044e6d0)
 afxClass<afxPipeline>::DestructInstances(1, 0044e6d0)
 Dropping connection 04838f7c from 00c672f0?shd#4 to holder 04838f10?pip#0.
 Dropping connection 04838f48 from 00ceced0?shd#3 to holder 04838f10?pip#0.
 Destructing instance 04838f10 of afxPipeline class.
 sglPipeline.c:621?_AfxPipDtor(pip=04838f10)
 afxClass<afxPipelineRig>::DestructInstances(1, 0044e354)
 Destructing instance 00928390 of afxPipelineRig class.
 sglPipelineRig.c:77?_AfxPiprDtor(pipr=00928390)
 afxClass<afxPipelineRig>::DeallocateInstances(1, 0044e354)
 afxClass<afxPipeline>::DeallocateInstances(1, 0044e6d0)
 afxClass<afxPipelineRig>::Deregister(00cef8d8)
 afxClass<afxShader>::Deregister(00cef830)
 afxClass<afxShader>::DestructInstances(1, 0044e6d0)
 Destructing instance 048636a0 of afxShader class.
 afxClass<afxShader>::DeallocateInstances(1, 0044e6d0)
 afxClass<afxShader>::DestructInstances(1, 0044e6d0)
 Destructing instance 04863050 of afxShader class.
 afxClass<afxShader>::DeallocateInstances(1, 0044e6d0)
 afxClass<afxShader>::DestructInstances(1, 0044e6d0)
 Destructing instance 048375a0 of afxShader class.
 afxClass<afxShader>::DeallocateInstances(1, 0044e6d0)
 afxClass<afxShader>::DestructInstances(1, 0044e6d0)
 Destructing instance 00c672f0 of afxShader class.
 afxClass<afxShader>::DeallocateInstances(1, 0044e6d0)
 afxClass<afxShader>::DestructInstances(1, 0044e6d0)
 Destructing instance 00ceced0 of afxShader class.
 afxClass<afxShader>::DeallocateInstances(1, 0044e6d0)
 afxClass<afxCanvas>::Deregister(00cef788)
 afxClass<afxCanvas>::DestructInstances(1, 0044e6d0)
 Destructing instance 04864d30 of afxCanvas class.
 sglCanvas.c:411?_AfxCanvDtor(canv=04864d30)
 sglCanvas.c:361?_AfxCanvDropAllSurfaces(canv=04864d30)
 afxClass<afxSurface>::DestructInstances(1, 0044e330)
 Destructing instance 04a5ea50 of afxSurface class.
 sglSurface.c:140?_AfxSurfDtor(surf=04a5ea50)
 Destructing instance 04a5ea50 of afxSurface : afxTexture class.
 Destructing instance 04a5ea50 of afxTexture class.
 sglTexture.c:974?_AfxTexDtor(tex=04a5ea50)
 afxClass<afxSurface>::DeallocateInstances(1, 0044e330)
 afxClass<afxSurface>::DestructInstances(1, 0044e330)
 Destructing instance 04864e10 of afxSurface class.
 sglSurface.c:140?_AfxSurfDtor(surf=04864e10)
 Destructing instance 04864e10 of afxSurface : afxTexture class.
 Destructing instance 04864e10 of afxTexture class.
 sglTexture.c:974?_AfxTexDtor(tex=04864e10)
 afxClass<afxSurface>::DeallocateInstances(1, 0044e330)
 afxClass<afxCanvas>::DeallocateInstances(1, 0044e6d0)
 afxClass<afxCanvas>::DestructInstances(1, 0044e6d0)
 Destructing instance 04864820 of afxCanvas class.
 sglCanvas.c:411?_AfxCanvDtor(canv=04864820)
 sglCanvas.c:361?_AfxCanvDropAllSurfaces(canv=04864820)
 afxClass<afxSurface>::DestructInstances(1, 0044e330)
 Destructing instance 04a5e930 of afxSurface class.
 sglSurface.c:140?_AfxSurfDtor(surf=04a5e930)
 Destructing instance 04a5e930 of afxSurface : afxTexture class.
 Destructing instance 04a5e930 of afxTexture class.
 sglTexture.c:974?_AfxTexDtor(tex=04a5e930)
 afxClass<afxSurface>::DeallocateInstances(1, 0044e330)
 afxClass<afxSurface>::DestructInstances(1, 0044e330)
 Destructing instance 04864900 of afxSurface class.
 sglSurface.c:140?_AfxSurfDtor(surf=04864900)
 Destructing instance 04864900 of afxSurface : afxTexture class.
 Destructing instance 04864900 of afxTexture class.
 sglTexture.c:974?_AfxTexDtor(tex=04864900)
 afxClass<afxSurface>::DeallocateInstances(1, 0044e330)
 afxClass<afxCanvas>::DeallocateInstances(1, 0044e6d0)
 afxClass<afxSurface>::Deregister(00cef6e0)
 afxClass<afxTexture>::Deregister(00cef638)
 afxClass<afxTexture>::DestructInstances(1, 0044e6d0)
 Destructing instance 04862c80 of afxTexture class.
 sglTexture.c:974?_AfxTexDtor(tex=04862c80)
 afxClass<afxTexture>::DeallocateInstances(1, 0044e6d0)
 afxClass<afxSampler>::Deregister(00cef590)
 afxClass<afxSampler>::DestructInstances(1, 0044e6d0)
 Destructing instance 04864740 of afxSampler class.
 sglSampler.c:176?_AfxSmpDtor(smp=04864740)
 afxClass<afxSampler>::DeallocateInstances(1, 0044e6d0)
 afxClass<afxSampler>::DestructInstances(1, 0044e6d0)
 Destructing instance 04839c60 of afxSampler class.
 sglSampler.c:176?_AfxSmpDtor(smp=04839c60)
 afxClass<afxSampler>::DeallocateInstances(1, 0044e6d0)
 afxClass<afxIndexBuffer>::Deregister(00cef4e8)
 afxClass<afxVertexBuffer>::Deregister(00cef440)
 afxClass<afxVertexBuffer>::DestructInstances(1, 0044e6d0)
 Destructing instance 04862d80 of afxVertexBuffer class.
 afxVertexBuffer.c:304?_AfxVbufDtor(vbuf=04862d80)
 Destructing instance 04862d80 of afxVertexBuffer : afxBuffer class.
 Destructing instance 04862d80 of afxBuffer class.
 sglBuffer.c:435?_AfxBufDtor(buf=04862d80)
 afxClass<afxVertexBuffer>::DeallocateInstances(1, 0044e6d0)
 afxClass<afxVertexBuffer>::DestructInstances(1, 0044e6d0)
 Destructing instance 04835590 of afxVertexBuffer class.
 afxVertexBuffer.c:304?_AfxVbufDtor(vbuf=04835590)
 Destructing instance 04835590 of afxVertexBuffer : afxBuffer class.
 Destructing instance 04835590 of afxBuffer class.
 sglBuffer.c:435?_AfxBufDtor(buf=04835590)
 afxClass<afxVertexBuffer>::DeallocateInstances(1, 0044e6d0)
 afxClass<afxBuffer>::Deregister(00cef398)
 afxClass<afxBuffer>::DestructInstances(1, 0044e6d0)
 Destructing instance 04864f30 of afxBuffer class.
 sglBuffer.c:435?_AfxBufDtor(buf=04864f30)
 afxClass<afxBuffer>::DeallocateInstances(1, 0044e6d0)
 afxClass<afxBuffer>::DestructInstances(1, 0044e6d0)
 Destructing instance 04864a20 of afxBuffer class.
 sglBuffer.c:435?_AfxBufDtor(buf=04864a20)
 afxClass<afxBuffer>::DeallocateInstances(1, 0044e6d0)
 afxClass<afxDrawQueue>::Deregister(00cefd70)
 afxClass<afxDrawQueue>::DestructInstances(1, 0044e6d0)
 Destructing instance 04833d70 of afxDrawQueue class.
 sglDrawQueue.c:1872?_AfxDqueDtor(dque=04833d70)
 afxClass<afxDrawQueue>::DeallocateInstances(1, 0044e6d0)
 afxClass<afxDrawInput>::Deregister(00cefcc8)
 afxClass<afxDrawScript>::Deregister(00cefc20)
 afxClass<afxDrawScript>::DestructInstances(1, 0044e6d0)
 Destructing instance 048c2a80 of afxDrawScript class.
 sglDrawScript.c:476?_AfxDscrDtor(dscr=048c2a80)
 afxClass<afxDrawScript>::DeallocateInstances(1, 0044e6d0)
 afxClass<Draw Context>::DeallocateInstances(1, 0044eb30)
 afxClass<afxDrawSystem>::DestructInstances(1, 0044eb30)
 Destructing instance 00864880 of afxDrawSystem class.
 afxDrawSystem.c:351?_AfxDsysDtor(dsys=00864880)
 afxClass<afxDrawDriver>::Deregister(008648c8)
 afxClass<afxDrawDriver>::DestructInstances(1, 0044e69c)
 Destructing instance 04837b20 of afxDrawDriver class.
 afxDrawDriver.c:116?_AfxDdrvDtor(ddrv=04837b20)
 afxClass<Draw Context>::Deregister(04837b68)
 afxClass<afxDrawDriver>::DeallocateInstances(1, 0044e69c)
 afxClass<afxDrawSystem>::DeallocateInstances(1, 0044eb30)
 afxClass<afxSystem>::DestructInstances(1, 0044eb30)
 Destructing instance 0085f520 of afxSystem class.
 afxSystem.c:798?_AfxSysDtor(sys=0085f520)
 afxClass<afxApplication>::Deregister(00860b88)
 afxClass<afxDrawSystem>::Deregister(00860ae0)
 afxClass<afxMouse>::Deregister(00860a38)
 afxClass<afxKeyboard>::Deregister(00860990)
 afxClass<afxKeyboard>::DestructInstances(1, 0044e6cc)
 Destructing instance 00863fe0 of afxKeyboard class.
 afxKeyboard.c:212?_AfxKbdDtor(kbd=00863fe0)
 Destructing instance 00863fe0 of afxKeyboard : afxHid class.
 Destructing instance 00863fe0 of afxHid class.
 afxHid.c:66?_AfxHidDtor(hid=00863fe0)
 afxClass<afxKeyboard>::DeallocateInstances(1, 0044e6cc)
 afxClass<afxHid>::Deregister(008608e8)
 afxClass<afxModule>::Deregister(00860840)
 afxClass<afxModule>::DestructInstances(1, 0044e6cc)
 Destructing instance 00c529a0 of afxModule class.
 afxModule.c:126?_AfxMdleDtor(mdle=00c529a0)
 afxClass<afxModule>::DeallocateInstances(1, 0044e6cc)
 afxClass<afxModule>::DestructInstances(1, 0044e6cc)
 Destructing instance 00863520 of afxModule class.
 afxModule.c:126?_AfxMdleDtor(mdle=00863520)
 afxClass<afxModule>::DeallocateInstances(1, 0044e6cc)
 afxClass<afxModule>::DestructInstances(1, 0044e6cc)
 Destructing instance 00863460 of afxModule class.
 afxModule.c:126?_AfxMdleDtor(mdle=00863460)
 afxClass<afxModule>::DeallocateInstances(1, 0044e6cc)
 afxClass<afxFileSystem>::Deregister(00860798)
 afxClass<afxFileSystem>::DestructInstances(1, 0044e6cc)
 Destructing instance 008612d0 of afxFileSystem class.
 afxFileSystem.c:602?_AfxFsysDtor(fsys=008612d0)
 afxFileSystem.c:351?AfxFileSystemDismountStoragePoints(Afx.FileSystem.DismountStoragePoints(008612d0,1,0044e36c))
 Point "sound" 5 unmounted -> "E:/qwadro/afx/sound".
 afxFileSystem.c:351?AfxFileSystemDismountStoragePoints(Afx.FileSystem.DismountStoragePoints(008612d0,1,0044e36c))
 Point "data" 5 unmounted -> "E:/qwadro/afx/data".
 afxFileSystem.c:351?AfxFileSystemDismountStoragePoints(Afx.FileSystem.DismountStoragePoints(008612d0,1,0044e36c))
 Point "art" 5 unmounted -> "E:/qwadro/afx/art".
 afxFileSystem.c:351?AfxFileSystemDismountStoragePoints(Afx.FileSystem.DismountStoragePoints(008612d0,1,0044e36c))
 Point "system" 7 unmounted -> "E:/qwadro/afx/system32".
 afxFileSystem.c:351?AfxFileSystemDismountStoragePoints(Afx.FileSystem.DismountStoragePoints(008612d0,1,0044e36c))
 Point "." 5 unmounted -> "E:/qwadro/afx".
 afxClass<afxUrd>::Deregister(008615c0)
 afxClass<afxXml>::Deregister(00861518)
 afxClass<afxResource>::Deregister(00861668)
 afxClass<afxArchive>::Deregister(00861470)
 afxClass<afxArchive>::DestructInstances(1, 0044e21c)
 Destructing instance 04858470 of afxArchive class.
 Destructing instance 04858470 of afxArchive : afxFile class.
 Destructing instance 04858470 of afxFile class.
 Destructing instance 04858470 of afxFile : afxStream class.
 Destructing instance 04858470 of afxStream class.
 afxClass<afxArchive>::DeallocateInstances(1, 0044e21c)
 afxClass<afxFile>::Deregister(008613c8)
 afxClass<afxStream>::Deregister(00861320)
 afxClass<afxStream>::DestructInstances(1, 0044e21c)
 Destructing instance 048d9f40 of afxStream class.
 afxClass<afxStream>::DeallocateInstances(1, 0044e21c)
 afxClass<afxFileSystem>::DeallocateInstances(1, 0044e6cc)
 afxClass<afxThread>::Deregister(008606f0)
 afxClass<Memory Arena>::Deregister(00860648)
 afxClass<Memory Arena>::DestructInstances(1, 0044e6cc)
 Destructing instance 0485f400 of Memory Arena class.
 afxArena.c:789?_AfxArenDtor(aren=0485f400)
 Destructing instance 0485f400 of Memory Arena : afxMemory class.
 Destructing instance 0485f400 of afxMemory class.
 afxMemory.c:299?_AfxMemDtor(mem=0485f400)
 afxMemory.c:219?AfxMemoryExhaust(mem=0485f400)
 Exhausted. (mem)0485f400
 afxClass<Memory Arena>::DeallocateInstances(1, 0044e6cc)
 afxClass<Memory Arena>::DestructInstances(1, 0044e6cc)
 Destructing instance 04835e20 of Memory Arena class.
 afxArena.c:789?_AfxArenDtor(aren=04835e20)
 Destructing instance 04835e20 of Memory Arena : afxMemory class.
 Destructing instance 04835e20 of afxMemory class.
 afxMemory.c:299?_AfxMemDtor(mem=04835e20)
 afxMemory.c:219?AfxMemoryExhaust(mem=04835e20)
 Exhausted. (mem)04835e20
 afxClass<Memory Arena>::DeallocateInstances(1, 0044e6cc)
 afxClass<afxMemory>::Deregister(008605a0)
 afxClass<afxMemory>::DestructInstances(1, 0044e6cc)
 Destructing instance 00860ca0 of afxMemory class.
 afxMemory.c:299?_AfxMemDtor(mem=00860ca0)
 afxMemory.c:219?AfxMemoryExhaust(mem=00860ca0)
 Exhausted. (mem)00860ca0
 afxClass<afxMemory>::DeallocateInstances(1, 0044e6cc)
 afxClass<afxSystem>::DeallocateInstances(1, 0044eb30)