> Initializing Ultralight v1.2.1 with the following configuration
    resource_path: ./resources/
    cache_path: 
    use_gpu_renderer: 0
    device_scale: 2
    face_winding: CounterClockwise
    enable_images: 1
    enable_javascript: 1
    font_hinting: Normal
    font_gamma: 1.8
    user_agent: Mozilla/5.0 (Windows NT 10.0; Win64; x64) AppleWebKit/608.3.10 (KHTML, like Gecko) Ultralight/1.2.0 Safari/608.3.10
    force_repaint: 0
    animation_timer_delay: 0.0166667
    scroll_timer_delay: 0.0166667
    recycle_delay: 4
    memory_cache_size: 64.00 MB
    page_cache_size: 0
    override_ram_size: disabled
    min_large_heap_size: 32.00 MB
    min_small_heap_size: 1.00 MB


> Using ICU data found at: ./resources/\icudt67l.dat (you can adjust this location in Config::resource_path)

> Creating Session with the following configuration:
    id: 2
    is_persistent: 1
    name: default
    is_default: 1
    disk_path: default (you can adjust this location in Config::cache_path)

> Creating View with the following configuration:
    width: 1600
    height: 1600
    device scale: 2
    session id: 2

