
 afxDebug.c:391
  AfxAttachDebugTerminal()
      ::::::::  :::       :::     :::     :::::::::  :::::::::   ::::::::      
     :+:    :+: :+:       :+:   :+: :+:   :+:    :+: :+:    :+: :+:    :+:     
     +:+    +:+ +:+       +:+  +:+   +:+  +:+    +:+ +:+    +:+ +:+    +:+     
     +#+    +:+ +#+  +:+  +#+ +#++:++#++: +#+    +:+ +#++:++#:  +#+    +:+     
     +#+  # +#+ +#+ +#+#+ +#+ +#+     +#+ +#+    +#+ +#+    +#+ +#+    +#+     
     #+#   +#+   #+#+# #+#+#  #+#     #+# #+#    #+# #+#    #+# #+#    #+#     
      ###### ###  ###   ###   ###     ### #########  ###    ###  ########      
                                                                               
          T H E   Q W A D R O   E X E C U T I O N   E C O S Y S T E M          
                                                                               
                               Public Test Build                               
              (c) 2017 SIGMA Technology Group --- Federacao SIGMA              
                                www.sigmaco.org                                
                                                                               
 Installing Basic I/O System at 67be37dc by 00000000 over 00000000 with 67be11c0)
 afxClass<Basic I/O System>::ConstructObject(00458090)
 afxSystem.c:1007
  _AfxSysCtor(sys=00458090)
 Installing Context at 004580cc by 004580b8 over 00000000 with 67be17a4)
 Installing Module at 0045818c by 004580b8 over 00000000 with 67be1080)
 Installing Thread at 004583cc by 004580b8 over 00000000 with 67be11f0)
 Installing File at 0045854c by 004580b8 over 00000000 with 67be1314)
 Installing Archive at 0045860c by 004580b8 over 00000000 with 67be12e4)
 Installing Application at 0045848c by 004580b8 over 00000000 with 67be1000)
 Installing Keyboard at 0045824c by 004580b8 over 00000000 with 67be1344)
 Installing Mouse at 0045830c by 004580b8 over 00000000 with 67be1374)
 Installing Draw System at 004586cc by 004580b8 over 00000000 with 67be2074)
 [!] afxSystem.c:1091?_AfxSysCtor
  Memory page size: 4096
 [!] afxSystem.c:1092?_AfxSysCtor
  Logical processor count: 2
 afxContext.c:209
  AfxAcquireContexts(cnt=1,app=0045878c,strategy=003ce530)
 afxClass<Context>::ConstructObject(004588f0)
 afxContext.c:166
  _AfxCtxCtor(ctx=004588f0)
 afxArena.c:767
  AfxAcquireArena(aren=004587e8)
 afxArena.c:768
  AfxAcquireArena(spec=00000000,hint="afxSystem.c:1144!_AfxSysCtor")
 afxSystem.c:752
  AfxMountStoragePoints(6,003ce688)
 Point "." 5 mounted -> "E:/qwadro/afx".
 Point "system" 5 mounted -> "E:/qwadro/afx/system32".
 Point "sound" 5 mounted -> "E:/qwadro/afx/sound".
 Point "data" 5 mounted -> "E:/qwadro/afx/data".
 Point "art" 5 mounted -> "E:/qwadro/afx/art".
 Point "tmp" 7 mounted -> "E:/qwadro/afx/tmp".
 afxModule.c:169
  AfxAcquireModules(cnt=1,mdle=004587b8,uri=003ce5c0)
 afxClass<Module>::ConstructObject(0045d560)
 afxModule.c:125
  _AfxMdleCtor(uri:system/e2coree.dll)
 E:/qwadro/afx/system32/e2coree.dll
 afxKeyboard.c:317
  AfxAcquireKeyboards(cnt=1,kbd=004587bc,port=003ce508)
 afxClass<Keyboard>::ConstructObject(0045d9a0)
 afxKeyboard.c:281
  _AfxKbdCtor(kbd=0045d9a0)
 Entering the Threading Execution Environment  0
 afxContext.c:209
  AfxAcquireContexts(cnt=10,app=003cf530,strategy=00000000)
 afxClass<Context>::ConstructObject(0045e400)
 afxContext.c:166
  _AfxCtxCtor(ctx=0045e400)
 afxClass<Context>::ConstructObject(0045e500)
 afxContext.c:166
  _AfxCtxCtor(ctx=0045e500)
 afxClass<Context>::ConstructObject(0045e620)
 afxContext.c:166
  _AfxCtxCtor(ctx=0045e620)
 afxClass<Context>::ConstructObject(0045e6c0)
 afxContext.c:166
  _AfxCtxCtor(ctx=0045e6c0)
 afxClass<Context>::ConstructObject(0045e7f0)
 afxContext.c:166
  _AfxCtxCtor(ctx=0045e7f0)
 afxClass<Context>::ConstructObject(0045e920)
 afxContext.c:166
  _AfxCtxCtor(ctx=0045e920)
 afxClass<Context>::ConstructObject(0045ea70)
 afxContext.c:166
  _AfxCtxCtor(ctx=0045ea70)
 afxClass<Context>::ConstructObject(0045e9c0)
 afxContext.c:166
  _AfxCtxCtor(ctx=0045e9c0)
 afxClass<Context>::ConstructObject(0045eb10)
 afxContext.c:166
  _AfxCtxCtor(ctx=0045eb10)
 afxClass<Context>::ConstructObject(0045ebb0)
 afxContext.c:166
  _AfxCtxCtor(ctx=0045ebb0)
 Dismantling Context object (#0) 0045ebb0...
 Destructing instance 0045ebb0 of Context class.
 afxContext.c:149
  _AfxCtxDtor(ctx=0045ebb0)
 Dismantling Context object (#0) 0045eb10...
 Destructing instance 0045eb10 of Context class.
 afxContext.c:149
  _AfxCtxDtor(ctx=0045eb10)
 Dismantling Context object (#0) 0045e9c0...
 Destructing instance 0045e9c0 of Context class.
 afxContext.c:149
  _AfxCtxDtor(ctx=0045e9c0)
 Dismantling Context object (#0) 0045ea70...
 Destructing instance 0045ea70 of Context class.
 afxContext.c:149
  _AfxCtxDtor(ctx=0045ea70)
 Dismantling Context object (#0) 0045e920...
 Destructing instance 0045e920 of Context class.
 afxContext.c:149
  _AfxCtxDtor(ctx=0045e920)
 Dismantling Context object (#0) 0045e7f0...
 Destructing instance 0045e7f0 of Context class.
 afxContext.c:149
  _AfxCtxDtor(ctx=0045e7f0)
 Dismantling Context object (#0) 0045e6c0...
 Destructing instance 0045e6c0 of Context class.
 afxContext.c:149
  _AfxCtxDtor(ctx=0045e6c0)
 Dismantling Context object (#0) 0045e620...
 Destructing instance 0045e620 of Context class.
 afxContext.c:149
  _AfxCtxDtor(ctx=0045e620)
 Dismantling Context object (#0) 0045e500...
 Destructing instance 0045e500 of Context class.
 afxContext.c:149
  _AfxCtxDtor(ctx=0045e500)
 Dismantling Context object (#0) 0045e400...
 Destructing instance 0045e400 of Context class.
 afxContext.c:149
  _AfxCtxDtor(ctx=0045e400)
 afxContext.c:209
  AfxAcquireContexts(cnt=10,app=003cf530,strategy=00000000)
 afxClass<Context>::ConstructObject(004588f0)
 afxContext.c:166
  _AfxCtxCtor(ctx=004588f0)
 afxClass<Context>::ConstructObject(0045ec50)
 afxContext.c:166
  _AfxCtxCtor(ctx=0045ec50)
 afxClass<Context>::ConstructObject(00460650)
 afxContext.c:166
  _AfxCtxCtor(ctx=00460650)
 afxClass<Context>::ConstructObject(004606f0)
 afxContext.c:166
  _AfxCtxCtor(ctx=004606f0)
 afxClass<Context>::ConstructObject(00460a00)
 afxContext.c:166
  _AfxCtxCtor(ctx=00460a00)
 afxClass<Context>::ConstructObject(00460aa0)
 afxContext.c:166
  _AfxCtxCtor(ctx=00460aa0)
 afxClass<Context>::ConstructObject(00460b40)
 afxContext.c:166
  _AfxCtxCtor(ctx=00460b40)
 afxClass<Context>::ConstructObject(00460be0)
 afxContext.c:166
  _AfxCtxCtor(ctx=00460be0)
 afxClass<Context>::ConstructObject(00460c80)
 afxContext.c:166
  _AfxCtxCtor(ctx=00460c80)
 afxClass<Context>::ConstructObject(00460d20)
 afxContext.c:166
  _AfxCtxCtor(ctx=00460d20)
 Dismantling Context object (#0) 00460d20...
 Destructing instance 00460d20 of Context class.
 afxContext.c:149
  _AfxCtxDtor(ctx=00460d20)
 Dismantling Context object (#0) 00460c80...
 Destructing instance 00460c80 of Context class.
 afxContext.c:149
  _AfxCtxDtor(ctx=00460c80)
 Dismantling Context object (#0) 00460be0...
 Destructing instance 00460be0 of Context class.
 afxContext.c:149
  _AfxCtxDtor(ctx=00460be0)
 Dismantling Context object (#0) 00460b40...
 Destructing instance 00460b40 of Context class.
 afxContext.c:149
  _AfxCtxDtor(ctx=00460b40)
 Dismantling Context object (#0) 00460aa0...
 Destructing instance 00460aa0 of Context class.
 afxContext.c:149
  _AfxCtxDtor(ctx=00460aa0)
 Dismantling Context object (#0) 00460a00...
 Destructing instance 00460a00 of Context class.
 afxContext.c:149
  _AfxCtxDtor(ctx=00460a00)
 Dismantling Context object (#0) 004606f0...
 Destructing instance 004606f0 of Context class.
 afxContext.c:149
  _AfxCtxDtor(ctx=004606f0)
 Dismantling Context object (#0) 00460650...
 Destructing instance 00460650 of Context class.
 afxContext.c:149
  _AfxCtxDtor(ctx=00460650)
 Dismantling Context object (#0) 0045ec50...
 Destructing instance 0045ec50 of Context class.
 afxContext.c:149
  _AfxCtxDtor(ctx=0045ec50)
 ERR afxClass.c:789?AfxReleaseObjects
  
 ERR afxClass.c:789?AfxReleaseObjects
  (inst)
    Invalid
 afxContext.c:209
  AfxAcquireContexts(cnt=10,app=003cf530,strategy=00000000)
 afxClass<Context>::ConstructObject(00460dc0)
 afxContext.c:166
  _AfxCtxCtor(ctx=00460dc0)
 afxClass<Context>::ConstructObject(00460e60)
 afxContext.c:166
  _AfxCtxCtor(ctx=00460e60)
 afxClass<Context>::ConstructObject(00460f00)
 afxContext.c:166
  _AfxCtxCtor(ctx=00460f00)
 afxClass<Context>::ConstructObject(00460fa0)
 afxContext.c:166
  _AfxCtxCtor(ctx=00460fa0)
 afxClass<Context>::ConstructObject(00461040)
 afxContext.c:166
  _AfxCtxCtor(ctx=00461040)
 afxClass<Context>::ConstructObject(004610e0)
 afxContext.c:166
  _AfxCtxCtor(ctx=004610e0)
 afxClass<Context>::ConstructObject(00461180)
 afxContext.c:166
  _AfxCtxCtor(ctx=00461180)
 afxClass<Context>::ConstructObject(00461220)
 afxContext.c:166
  _AfxCtxCtor(ctx=00461220)
 afxClass<Context>::ConstructObject(004612c0)
 afxContext.c:166
  _AfxCtxCtor(ctx=004612c0)
 afxClass<Context>::ConstructObject(00461360)
 afxContext.c:166
  _AfxCtxCtor(ctx=00461360)
 Dismantling Context object (#0) 00461360...
 Destructing instance 00461360 of Context class.
 afxContext.c:149
  _AfxCtxDtor(ctx=00461360)
 Dismantling Context object (#0) 004612c0...
 Destructing instance 004612c0 of Context class.
 afxContext.c:149
  _AfxCtxDtor(ctx=004612c0)
 Dismantling Context object (#0) 00461220...
 Destructing instance 00461220 of Context class.
 afxContext.c:149
  _AfxCtxDtor(ctx=00461220)
 Dismantling Context object (#0) 00461180...
 Destructing instance 00461180 of Context class.
 afxContext.c:149
  _AfxCtxDtor(ctx=00461180)
 Dismantling Context object (#0) 004610e0...
 Destructing instance 004610e0 of Context class.
 afxContext.c:149
  _AfxCtxDtor(ctx=004610e0)
 Dismantling Context object (#0) 00461040...
 Destructing instance 00461040 of Context class.
 afxContext.c:149
  _AfxCtxDtor(ctx=00461040)
 Dismantling Context object (#0) 00460fa0...
 Destructing instance 00460fa0 of Context class.
 afxContext.c:149
  _AfxCtxDtor(ctx=00460fa0)
 Dismantling Context object (#0) 00460f00...
 Destructing instance 00460f00 of Context class.
 Entering the Threading Execution Environment  1
 afxSystem.c:988
  startCbOnSysProcUnit(Threading Execution Environment 1 started)
 Entering the Threading Execution Environment  0
 afxContext.c:149
  _AfxCtxDtor(ctx=00460f00)
 Dismantling Context object (#0) 00460e60...
 Destructing instance 00460e60 of Context class.
 afxContext.c:149
  _AfxCtxDtor(ctx=00460e60)
 ERR afxClass.c:789?AfxReleaseObjects
  
 ERR afxClass.c:789?AfxReleaseObjects
  (inst)
    Invalid
 afxContext.c:209
  AfxAcquireContexts(cnt=10,app=003cf530,strategy=00000000)
 afxClass<Context>::ConstructObject(00460dc0)
 afxContext.c:166
  _AfxCtxCtor(ctx=00460dc0)
 afxClass<Context>::ConstructObject(00461400)
 afxContext.c:166
  _AfxCtxCtor(ctx=00461400)
 afxClass<Context>::ConstructObject(004614a0)
 afxContext.c:166
  _AfxCtxCtor(ctx=004614a0)
 afxClass<Context>::ConstructObject(00461540)
 afxContext.c:166
  _AfxCtxCtor(ctx=00461540)
 afxClass<Context>::ConstructObject(004615e0)
 afxContext.c:166
  _AfxCtxCtor(ctx=004615e0)
 afxClass<Context>::ConstructObject(00461680)
 afxContext.c:166
  _AfxCtxCtor(ctx=00461680)
 afxClass<Context>::ConstructObject(00461720)
 afxContext.c:166
  _AfxCtxCtor(ctx=00461720)
 afxClass<Context>::ConstructObject(004617c0)
 afxContext.c:166
  _AfxCtxCtor(ctx=004617c0)
 afxClass<Context>::ConstructObject(00461860)
 afxContext.c:166
  _AfxCtxCtor(ctx=00461860)
 afxClass<Context>::ConstructObject(00461900)
 afxContext.c:166
  _AfxCtxCtor(ctx=00461900)
 Dismantling Context object (#0) 00461900...
 Destructing instance 00461900 of Context class.
 afxContext.c:149
  _AfxCtxDtor(ctx=00461900)
 Dismantling Context object (#0) 00461860...
 Destructing instance 00461860 of Context class.
 afxContext.c:149
  _AfxCtxDtor(ctx=00461860)
 Dismantling Context object (#0) 004617c0...
 Destructing instance 004617c0 of Context class.
 afxContext.c:149
  _AfxCtxDtor(ctx=004617c0)
 Dismantling Context object (#0) 00461720...
 Destructing instance 00461720 of Context class.
 afxContext.c:149
  _AfxCtxDtor(ctx=00461720)
 Dismantling Context object (#0) 00461680...
 Destructing instance 00461680 of Context class.
 afxContext.c:149
  _AfxCtxDtor(ctx=00461680)
 Dismantling Context object (#0) 004615e0...
 Destructing instance 004615e0 of Context class.
 afxContext.c:149
  _AfxCtxDtor(ctx=004615e0)
 Dismantling Context object (#0) 00461540...
 Destructing instance 00461540 of Context class.
 afxContext.c:149
  _AfxCtxDtor(ctx=00461540)
 Dismantling Context object (#0) 004614a0...
 Destructing instance 004614a0 of Context class.
 afxContext.c:149
  _AfxCtxDtor(ctx=004614a0)
 Dismantling Context object (#0) 00461400...
 Destructing instance 00461400 of Context class.
 afxContext.c:149
  _AfxCtxDtor(ctx=00461400)
 ERR afxClass.c:789?AfxReleaseObjects
  
 ERR afxClass.c:789?AfxReleaseObjects
  (inst)
    Invalid