
 afxDebug.c:391
  AfxAttachDebugTerminal()
      ::::::::  :::       :::     :::     :::::::::  :::::::::   ::::::::      
     :+:    :+: :+:       :+:   :+: :+:   :+:    :+: :+:    :+: :+:    :+:     
     +:+    +:+ +:+       +:+  +:+   +:+  +:+    +:+ +:+    +:+ +:+    +:+     
     +#+    +:+ +#+  +:+  +#+ +#++:++#++: +#+    +:+ +#++:++#:  +#+    +:+     
     +#+  # +#+ +#+ +#+#+ +#+ +#+     +#+ +#+    +#+ +#+    +#+ +#+    +#+     
     #+#   +#+   #+#+# #+#+#  #+#     #+# #+#    #+# #+#    #+# #+#    #+#     
      ###### ###  ###   ###   ###     ### #########  ###    ###  ########      
                                                                               
          T H E   Q W A D R O   E X E C U T I O N   E C O S Y S T E M          
                                                                               
                               Public Test Build                               
              (c) 2017 SIGMA Technology Group --- Federacao SIGMA              
                                www.sigmaco.org                                
                                                                               
 Installing Basic I/O System at 685e37dc by 00000000 over 00000000 with 685e11c0)
 afxClass<Basic I/O System>::ConstructObject(00638090)
 afxSystem.c:1007
  _AfxSysCtor(sys=00638090)
 Installing Context at 006380cc by 006380b8 over 00000000 with 685e17a4)
 Installing Module at 0063818c by 006380b8 over 00000000 with 685e1080)
 Installing Thread at 006383cc by 006380b8 over 00000000 with 685e11f0)
 Installing File at 0063854c by 006380b8 over 00000000 with 685e1314)
 Installing Archive at 0063860c by 006380b8 over 00000000 with 685e12e4)
 Installing Application at 0063848c by 006380b8 over 00000000 with 685e1000)
 Installing Keyboard at 0063824c by 006380b8 over 00000000 with 685e1344)
 Installing Mouse at 0063830c by 006380b8 over 00000000 with 685e1374)
 Installing Draw System at 006386cc by 006380b8 over 00000000 with 685e2074)
 [!] afxSystem.c:1091?_AfxSysCtor
  Memory page size: 4096
 [!] afxSystem.c:1092?_AfxSysCtor
  Logical processor count: 2
 afxContext.c:209
  AfxAcquireContexts(cnt=1,app=0063878c,strategy=0038e360)
 afxClass<Context>::ConstructObject(006388f0)
 afxContext.c:166
  _AfxCtxCtor(ctx=006388f0)
 afxArena.c:767
  AfxAcquireArena(aren=006387e8)
 afxArena.c:768
  AfxAcquireArena(spec=00000000,hint="afxSystem.c:1144!_AfxSysCtor")
 afxSystem.c:752
  AfxMountStoragePoints(6,0038e4b8)
 Point "." 5 mounted -> "E:/qwadro/afx".
 Point "system" 5 mounted -> "E:/qwadro/afx/system32".
 Point "sound" 5 mounted -> "E:/qwadro/afx/sound".
 Point "data" 5 mounted -> "E:/qwadro/afx/data".
 Point "art" 5 mounted -> "E:/qwadro/afx/art".
 Point "tmp" 7 mounted -> "E:/qwadro/afx/tmp".
 afxModule.c:169
  AfxAcquireModules(cnt=1,mdle=006387b8,uri=0038e3f0)
 afxClass<Module>::ConstructObject(0063d560)
 afxModule.c:125
  _AfxMdleCtor(uri:system/e2coree.dll)
 E:/qwadro/afx/system32/e2coree.dll
 afxKeyboard.c:317
  AfxAcquireKeyboards(cnt=1,kbd=006387bc,port=0038e338)
 afxClass<Keyboard>::ConstructObject(0063d9a0)
 afxKeyboard.c:281
  _AfxKbdCtor(kbd=0063d9a0)
 Entering the Threading Execution Environment  0
 afxContext.c:209
  AfxAcquireContexts(cnt=10,app=0038f360,strategy=00000000)
 afxClass<Context>::ConstructObject(0063ff70)
 afxContext.c:166
  _AfxCtxCtor(ctx=0063ff70)
 afxClass<Context>::ConstructObject(00640070)
 afxContext.c:166
  _AfxCtxCtor(ctx=00640070)
 afxClass<Context>::ConstructObject(00640190)
 afxContext.c:166
  _AfxCtxCtor(ctx=00640190)
 Entering the Threading Execution Environment  1
 afxSystem.c:988
  startCbOnSysProcUnit(Threading Execution Environment 1 started)
 Entering the Threading Execution Environment  0
 afxClass<Context>::ConstructObject(00640230)
 afxContext.c:166
  _AfxCtxCtor(ctx=00640230)
 afxClass<Context>::ConstructObject(00640360)
 afxContext.c:166
  _AfxCtxCtor(ctx=00640360)
 afxClass<Context>::ConstructObject(00640490)
 afxContext.c:166
  _AfxCtxCtor(ctx=00640490)
 afxClass<Context>::ConstructObject(006405e0)
 afxContext.c:166
  _AfxCtxCtor(ctx=006405e0)
 afxClass<Context>::ConstructObject(00640530)
 afxContext.c:166
  _AfxCtxCtor(ctx=00640530)
 afxClass<Context>::ConstructObject(00640680)
 afxContext.c:166
  _AfxCtxCtor(ctx=00640680)
 afxClass<Context>::ConstructObject(00640720)
 afxContext.c:166
  _AfxCtxCtor(ctx=00640720)
 Dismantling Context object (#0) 00640720...
 Destructing instance 00640720 of Context class.
 afxContext.c:149
  _AfxCtxDtor(ctx=00640720)
 [!] afxPool.c:438?AfxDeallocatePoolUnit
  Deallocate page 006407c0, data 006388c0, usage 00633ea0
 Dismantling Context object (#0) 00640680...
 Destructing instance 00640680 of Context class.
 afxContext.c:149
  _AfxCtxDtor(ctx=00640680)
 Dismantling Context object (#0) 00640530...
 Destructing instance 00640530 of Context class.
 afxContext.c:149
  _AfxCtxDtor(ctx=00640530)
 Dismantling Context object (#0) 006405e0...
 Destructing instance 006405e0 of Context class.
 afxContext.c:149
  _AfxCtxDtor(ctx=006405e0)
 Dismantling Context object (#0) 00640490...
 Destructing instance 00640490 of Context class.
 afxContext.c:149
  _AfxCtxDtor(ctx=00640490)
 Dismantling Context object (#0) 00640360...
 Destructing instance 00640360 of Context class.
 afxContext.c:149
  _AfxCtxDtor(ctx=00640360)
 Dismantling Context object (#0) 00640230...
 Destructing instance 00640230 of Context class.
 afxContext.c:149
  _AfxCtxDtor(ctx=00640230)
 Dismantling Context object (#0) 00640190...
 Destructing instance 00640190 of Context class.
 afxContext.c:149
  _AfxCtxDtor(ctx=00640190)
 Dismantling Context object (#0) 00640070...
 Destructing instance 00640070 of Context class.
 afxContext.c:149
  _AfxCtxDtor(ctx=00640070)
 Dismantling Context object (#0) 0063ff70...
 Destructing instance 0063ff70 of Context class.
 afxContext.c:149
  _AfxCtxDtor(ctx=0063ff70)
 afxContext.c:209
  AfxAcquireContexts(cnt=10,app=0038f360,strategy=00000000)
 afxClass<Context>::ConstructObject(006388f0)
 afxContext.c:166
  _AfxCtxCtor(ctx=006388f0)
 afxClass<Context>::ConstructObject(0063fd80)
 afxContext.c:166
  _AfxCtxCtor(ctx=0063fd80)
 afxClass<Context>::ConstructObject(0063fca0)
 afxContext.c:166
  _AfxCtxCtor(ctx=0063fca0)
 afxClass<Context>::ConstructObject(0063fe20)
 afxContext.c:166
  _AfxCtxCtor(ctx=0063fe20)
 afxClass<Context>::ConstructObject(006409c0)
 afxContext.c:166
  _AfxCtxCtor(ctx=006409c0)
 afxClass<Context>::ConstructObject(00640a60)
 afxContext.c:166
  _AfxCtxCtor(ctx=00640a60)
 afxClass<Context>::ConstructObject(00640b00)
 afxContext.c:166
  _AfxCtxCtor(ctx=00640b00)
 afxClass<Context>::ConstructObject(00640ba0)
 afxContext.c:166
  _AfxCtxCtor(ctx=00640ba0)
 afxClass<Context>::ConstructObject(00640c40)
 afxContext.c:166
  _AfxCtxCtor(ctx=00640c40)
 afxClass<Context>::ConstructObject(00640ce0)
 afxContext.c:166
  _AfxCtxCtor(ctx=00640ce0)
 Dismantling Context object (#0) 00640ce0...
 Destructing instance 00640ce0 of Context class.
 afxContext.c:149
  _AfxCtxDtor(ctx=00640ce0)
 [!] afxPool.c:438?AfxDeallocatePoolUnit
  Deallocate page 00642970, data 006388c0, usage 00633ea0
 Dismantling Context object (#0) 00640c40...
 Destructing instance 00640c40 of Context class.
 afxContext.c:149
  _AfxCtxDtor(ctx=00640c40)
 Dismantling Context object (#0) 00640ba0...
 Destructing instance 00640ba0 of Context class.
 afxContext.c:149
  _AfxCtxDtor(ctx=00640ba0)
 Dismantling Context object (#0) 00640b00...
 Destructing instance 00640b00 of Context class.
 afxContext.c:149
  _AfxCtxDtor(ctx=00640b00)
 Dismantling Context object (#0) 00640a60...
 Destructing instance 00640a60 of Context class.
 afxContext.c:149
  _AfxCtxDtor(ctx=00640a60)
 Dismantling Context object (#0) 006409c0...
 Destructing instance 006409c0 of Context class.
 afxContext.c:149
  _AfxCtxDtor(ctx=006409c0)
 Dismantling Context object (#0) 0063fe20...
 Destructing instance 0063fe20 of Context class.
 afxContext.c:149
  _AfxCtxDtor(ctx=0063fe20)
 Dismantling Context object (#0) 0063fca0...
 Destructing instance 0063fca0 of Context class.
 afxContext.c:149
  _AfxCtxDtor(ctx=0063fca0)
 Dismantling Context object (#0) 0063fd80...
 Destructing instance 0063fd80 of Context class.
 afxContext.c:149
  _AfxCtxDtor(ctx=0063fd80)
 ERR afxClass.c:791?AfxReleaseObjects
  
 ERR afxClass.c:791?AfxReleaseObjects
  (inst)
    Invalid
 afxContext.c:209
  AfxAcquireContexts(cnt=10,app=0038f360,strategy=00000000)
 afxClass<Context>::ConstructObject(00640d80)
 afxContext.c:166
  _AfxCtxCtor(ctx=00640d80)
 afxClass<Context>::ConstructObject(00640e20)
 afxContext.c:166
  _AfxCtxCtor(ctx=00640e20)
 afxClass<Context>::ConstructObject(00640ec0)
 afxContext.c:166
  _AfxCtxCtor(ctx=00640ec0)
 afxClass<Context>::ConstructObject(00640f60)
 afxContext.c:166
  _AfxCtxCtor(ctx=00640f60)
 afxClass<Context>::ConstructObject(00641000)
 afxContext.c:166
  _AfxCtxCtor(ctx=00641000)
 afxClass<Context>::ConstructObject(006410a0)
 afxContext.c:166
  _AfxCtxCtor(ctx=006410a0)
 afxClass<Context>::ConstructObject(00641140)
 afxContext.c:166
  _AfxCtxCtor(ctx=00641140)
 afxClass<Context>::ConstructObject(006411e0)
 afxContext.c:166
  _AfxCtxCtor(ctx=006411e0)
 afxClass<Context>::ConstructObject(00641280)
 afxContext.c:166
  _AfxCtxCtor(ctx=00641280)
 afxClass<Context>::ConstructObject(00641320)
 afxContext.c:166
  _AfxCtxCtor(ctx=00641320)
 Dismantling Context object (#0) 00641320...
 Destructing instance 00641320 of Context class.
 afxContext.c:149
  _AfxCtxDtor(ctx=00641320)
 [!] afxPool.c:438?AfxDeallocatePoolUnit
  Deallocate page 00640790, data 00640d50, usage 00633ea0
 Dismantling Context object (#0) 00641280...
 Destructing instance 00641280 of Context class.
 afxContext.c:149
  _AfxCtxDtor(ctx=00641280)
 Dismantling Context object (#0) 006411e0...
 Destructing instance 006411e0 of Context class.
 afxContext.c:149
  _AfxCtxDtor(ctx=006411e0)
 Dismantling Context object (#0) 00641140...
 Destructing instance 00641140 of Context class.
 afxContext.c:149
  _AfxCtxDtor(ctx=00641140)
 Dismantling Context object (#0) 006410a0...
 Destructing instance 006410a0 of Context class.
 afxContext.c:149
  _AfxCtxDtor(ctx=006410a0)
 Dismantling Context object (#0) 00641000...
 Destructing instance 00641000 of Context class.
 afxContext.c:149
  _AfxCtxDtor(ctx=00641000)
 Dismantling Context object (#0) 00640f60...
 Destructing instance 00640f60 of Context class.
 afxContext.c:149
  _AfxCtxDtor(ctx=00640f60)
 Dismantling Context object (#0) 00640ec0...
 Destructing instance 00640ec0 of Context class.
 afxContext.c:149
  _AfxCtxDtor(ctx=00640ec0)
 Dismantling Context object (#0) 00640e20...
 Destructing instance 00640e20 of Context class.
 afxContext.c:149
  _AfxCtxDtor(ctx=00640e20)
 ERR afxClass.c:791?AfxReleaseObjects
  
 ERR afxClass.c:791?AfxReleaseObjects
  (inst)
    Invalid
 afxContext.c:209
  AfxAcquireContexts(cnt=10,app=0038f360,strategy=00000000)
 afxClass<Context>::ConstructObject(00640d80)
 afxContext.c:166
  _AfxCtxCtor(ctx=00640d80)
 afxClass<Context>::ConstructObject(006413c0)
 afxContext.c:166
  _AfxCtxCtor(ctx=006413c0)
 afxClass<Context>::ConstructObject(00641460)
 afxContext.c:166
  _AfxCtxCtor(ctx=00641460)
 afxClass<Context>::ConstructObject(00641500)
 afxContext.c:166
  _AfxCtxCtor(ctx=00641500)
 afxClass<Context>::ConstructObject(006415a0)
 afxContext.c:166
  _AfxCtxCtor(ctx=006415a0)
 afxClass<Context>::ConstructObject(00641640)
 afxContext.c:166
  _AfxCtxCtor(ctx=00641640)
 afxClass<Context>::ConstructObject(006416e0)
 afxContext.c:166
  _AfxCtxCtor(ctx=006416e0)
 afxClass<Context>::ConstructObject(00641780)
 afxContext.c:166
  _AfxCtxCtor(ctx=00641780)
 afxClass<Context>::ConstructObject(00641820)
 afxContext.c:166
  _AfxCtxCtor(ctx=00641820)
 afxClass<Context>::ConstructObject(006418c0)
 afxContext.c:166
  _AfxCtxCtor(ctx=006418c0)
 Dismantling Context object (#0) 006418c0...
 Destructing instance 006418c0 of Context class.
 afxContext.c:149
  _AfxCtxDtor(ctx=006418c0)
 [!] afxPool.c:438?AfxDeallocatePoolUnit
  Deallocate page 00643d70, data 00640d50, usage 00633ea0
 Dismantling Context object (#0) 00641820...
 Destructing instance 00641820 of Context class.
 afxContext.c:149
  _AfxCtxDtor(ctx=00641820)
 Dismantling Context object (#0) 00641780...
 Destructing instance 00641780 of Context class.
 afxContext.c:149
  _AfxCtxDtor(ctx=00641780)
 Dismantling Context object (#0) 006416e0...
 Destructing instance 006416e0 of Context class.
 afxContext.c:149
  _AfxCtxDtor(ctx=006416e0)
 Dismantling Context object (#0) 00641640...
 Destructing instance 00641640 of Context class.
 afxContext.c:149
  _AfxCtxDtor(ctx=00641640)
 Dismantling Context object (#0) 006415a0...
 Destructing instance 006415a0 of Context class.
 afxContext.c:149
  _AfxCtxDtor(ctx=006415a0)
 Dismantling Context object (#0) 00641500...
 Destructing instance 00641500 of Context class.
 afxContext.c:149
  _AfxCtxDtor(ctx=00641500)
 Dismantling Context object (#0) 00641460...
 Destructing instance 00641460 of Context class.
 afxContext.c:149
  _AfxCtxDtor(ctx=00641460)
 Dismantling Context object (#0) 006413c0...
 Destructing instance 006413c0 of Context class.
 afxContext.c:149
  _AfxCtxDtor(ctx=006413c0)
 ERR afxClass.c:791?AfxReleaseObjects
  
 ERR afxClass.c:791?AfxReleaseObjects
  (inst)
    Invalid