
 afxDebug.c:391
	AfxAttachDebugTerminal()
      ::::::::  :::       :::     :::     :::::::::  :::::::::   ::::::::      
     :+:    :+: :+:       :+:   :+: :+:   :+:    :+: :+:    :+: :+:    :+:     
     +:+    +:+ +:+       +:+  +:+   +:+  +:+    +:+ +:+    +:+ +:+    +:+     
     +#+    +:+ +#+  +:+  +#+ +#++:++#++: +#+    +:+ +#++:++#:  +#+    +:+     
     +#+  # +#+ +#+ +#+#+ +#+ +#+     +#+ +#+    +#+ +#+    +#+ +#+    +#+     
     #+#   +#+   #+#+# #+#+#  #+#     #+# #+#    #+# #+#    #+# #+#    #+#     
      ###### ###  ###   ###   ###     ### #########  ###    ###  ########      
                                                                               
          T H E   Q W A D R O   E X E C U T I O N   E C O S Y S T E M          
                                                                               
                               Public Test Build                               
              (c) 2017 SIGMA Technology Group --- Federacao SIGMA              
                                www.sigmaco.org                                
                                                                               
 Installing Basic I/O System at 519ff7dc by 00000000 over 00000000 with 519fd1c0)
 afxClass<Basic I/O System>::ConstructObject(0046f110)
 afxSystem.c:1006
	_AfxSysCtor(sys=0046f110)
 Installing Context at 0046f12c by 0046f118 over 00000000 with 519fd7a4)
 Installing Module at 0046f1ec by 0046f118 over 00000000 with 519fd080)
 Installing Thread at 0046f42c by 0046f118 over 00000000 with 519fd1f0)
 Installing File at 0046f5ac by 0046f118 over 00000000 with 519fd314)
 Installing Archive at 0046f66c by 0046f118 over 00000000 with 519fd2e4)
 Installing Application at 0046f4ec by 0046f118 over 00000000 with 519fd000)
 Installing Keyboard at 0046f2ac by 0046f118 over 00000000 with 519fd344)
 Installing Mouse at 0046f36c by 0046f118 over 00000000 with 519fd374)
 Installing Draw System at 0046f72c by 0046f118 over 00000000 with 519fe074)
 ADV afxSystem.c:1090?_AfxSysCtor
    Memory page size: 4096
 ADV afxSystem.c:1091?_AfxSysCtor
    Logical processor count: 2
 afxContext.c:202
	AfxAcquireContexts(cnt=1,app=0046f7ec,strategy=003ae334)
 afxClass<Context>::ConstructObject(0046f950)
 afxContext.c:166
	_AfxCtxCtor(ctx=0046f950)
 afxArena.c:767
	AfxAcquireArena(aren=0046f848)
 afxArena.c:768
	AfxAcquireArena(spec=00000000,hint="afxSystem.c:1143!_AfxSysCtor")
 afxSystem.c:750
	AfxMountStoragePoints(6,003ae48c)
 Point "." 5 mounted -> "E:/qwadro/afx".
 Point "system" 5 mounted -> "E:/qwadro/afx/system32".
 Point "sound" 5 mounted -> "E:/qwadro/afx/sound".
 Point "data" 5 mounted -> "E:/qwadro/afx/data".
 Point "art" 5 mounted -> "E:/qwadro/afx/art".
 Point "tmp" 7 mounted -> "E:/qwadro/afx/tmp".
 afxModule.c:170
	AfxAcquireModules(cnt=1,mdle=0046f818,uri=003ae3c4)
 afxClass<Module>::ConstructObject(0045b460)
 afxModule.c:126
	_AfxMdleCtor(uri:system/e2coree.dll)
 afxKeyboard.c:317
	AfxAcquireKeyboards(cnt=1,kbd=0046f81c,port=003ae30c)
 afxClass<Keyboard>::ConstructObject(00472d10)
 afxKeyboard.c:281
	_AfxKbdCtor(kbd=00472d10)
-------  0> Threading Execution Environment -------
 afxClass<Draw System>::ConstructObject(00475040)
 afxDrawSystem.c:635
	_AfxDsysCtor(dsys=00475040)
-------  1> Threading Execution Environment -------
 afxSystem.c:987
	startCbOnSysProcUnit(Threading Execution Environment 1 started)
-------  0> Threading Execution Environment -------
 Installing Draw Thread at 0047546c by 00475098 over 00000000 with 003aede8)
 Installing Installable Client (Draw) Driver at 004750ac by 00475098 over 00000000 with 003aedb8)
 Installing Draw Device at 0047516c by 00475098 over 00000000 with 003aed88)
 Installing Draw Context at 0047522c by 00475098 over 00000000 with 003aed58)
 Installing Draw Output at 004752ec by 00475098 over 00000000 with 003aed28)
 Installing Draw Input at 004753ac by 00475098 over 00000000 with 003aecf8)
New texture codec registered.
Name: SIGGL
Author: SIGMA Technology Group
Version: 0.5.1
Note: 
 Truecolor Targa texture serializer installed!
 afxModule.c:170
	AfxAcquireModules(cnt=1,mdle=00475540,uri=003aec80)
 afxClass<Module>::ConstructObject(0045b560)
 afxModule.c:126
	_AfxMdleCtor(uri:e2draw.icd)
 afxClass<Installable Client (Draw) Driver>::ConstructObject(00478540)
 afxDrawSystem.c:261
	_AfxDdrvCtor(ddrv=00478540)
 Installing Draw Device at 00478554 by 00478540 over 0047516c with 003aeb68)
New installable client driver registered.
Name: OpenGL/Vulkan Continuous Integration
Author: SIGMA Technology Group
Version: 0.7.2
Note: 
           :::::::::::     :::     :::::::::   ::::::::      :::               
               :+:       :+: :+:   :+:    :+: :+:    :+:   :+: :+:             
               +:+      +:+   +:+  +:+    +:+ +:+         +:+   +:+            
               +#+     +#++:++#++: +#++:++#:  :#:        +#++:++#++:           
               +#+     +#+     +#+ +#+    +#+ +#+   +#+# +#+     +#+           
               #+#     #+#     #+# #+#    #+# #+#    #+# #+#     #+#           
               ###     ###     ### ###    ###  ########  ###     ###           
                                                                               
          T H E   Q W A D R O   E X E C U T I O N   E C O S Y S T E M          
                                                                               
                               Public Test Build                               
              (c) 2017 SIGMA Technology Group --- Federacao SIGMA              
                                www.sigmaco.org                                
                                                                               
 afxClass<Draw Device, Draw Device>ConstructingObject(004786e0)
 afxClass<Draw Device>::ConstructObject(004786e0)
 afxClass<Draw Device>::ConstructObject(004786e0)
 sglDrawDriver.c:1747
	_SglDdevCtor(ddev=004786e0)
 Installing Draw Context at 004786f8 by 004786e4 over 0047522c with 517940cc)
 Installing Draw Output at 004787b8 by 004786e4 over 004752ec with 517941c8)
 Installing Draw Input at 00478878 by 004786e4 over 004753ac with 51794180)
 Listing mem available display devices...

 #0 = Intel(R) HD Graphics (\\.\DISPLAY1) 8000005
 #1 = RDPDD Chained DD (\\.\DISPLAYV1) 200008
 #2 = RDP Encoder Mirror Driver (\\.\DISPLAYV2) 200008
 #3 = RDP Reflector Display Driver (\\.\DISPLAYV3) 200008
 sglDrawDriver.c:1252
	_SglCreateCombinedDeviceContext(oglWndClss=00478a24,shareCtx=00000000,phwnd=0047d280,phdc=0047d284,phrc=0047d28c)
 wglCreateContext fallback @ 0 found.
 wglDeleteContext fallback @ 1 found.
 wglGetCurrentContext fallback @ 2 found.
 wglGetCurrentDC fallback @ 3 found.
 wglGetProcAddress fallback @ 4 found.
 wglMakeCurrent fallback @ 5 found.
 wglChoosePixelFormatARB @ 6 found.
 wglDescribePixelFormat fallback @ 7 found.
 wglSetPixelFormat fallback @ 8 found.
 wglGetPixelFormat fallback @ 9 found.
 wglSwapBuffers fallback @ 10 found.
 wglChoosePixelFormatARB @ 11 found.
 wglMakeContextCurrentARB @ 12 found.
 wglGetCurrentReadDCARB @ 13 found.
 wglCreateContextAttribsARB @ 14 found.
 wglGetExtensionsStringARB @ 15 found.
 wglSwapIntervalEXT @ 16 found.
 ADV sglDrawDriver.c:1577?_SglBuildDpu
    677 381 1920 1080 96 96 32 1 36 36 51 60 1 
 ERR sglDrawDriver.c:1033?SglGetPixelFormat
    
 ERR sglDrawDriver.c:1033?SglGetPixelFormat
    
 ERR sglDrawDriver.c:1021?SglDescribePixelFormat
    
 ERR sglDrawDriver.c:1021?SglDescribePixelFormat
    
 glCullFace @ 0 found.
 glFrontFace @ 1 found.
 glHint @ 2 found.
 glLineWidth @ 3 found.
 glPointSize @ 4 found.
 glPolygonMode @ 5 found.
 glScissor @ 6 found.
 glTexParameterf @ 7 found.
 glTexParameterfv @ 8 found.
 glTexParameteri @ 9 found.
 glTexParameteriv @ 10 found.
 glTexImage1D @ 11 found.
 glTexImage2D @ 12 found.
 glDrawBuffer @ 13 found.
 glClear @ 14 found.
 glClearColor @ 15 found.
 glClearStencil @ 16 found.
 glClearDepth @ 17 found.
 glStencilMask @ 18 found.
 glColorMask @ 19 found.
 glDepthMask @ 20 found.
 glDisable @ 21 found.
 glEnable @ 22 found.
 glFinish @ 23 found.
 glFlush @ 24 found.
 glBlendFunc @ 25 found.
 glLogicOp @ 26 found.
 glStencilFunc @ 27 found.
 glStencilOp @ 28 found.
 glDepthFunc @ 29 found.
 glPixelStoref @ 30 found.
 glPixelStorei @ 31 found.
 glReadBuffer @ 32 found.
 glReadPixels @ 33 found.
 glGetBooleanv @ 34 found.
 glGetDoublev @ 35 found.
 glGetError @ 36 found.
 glGetFloatv @ 37 found.
 glGetIntegerv @ 38 found.
 glGetString @ 39 found.
 glGetTexImage @ 40 found.
 glGetTexParameterfv @ 41 found.
 glGetTexParameteriv @ 42 found.
 glGetTexLevelParameterfv @ 43 found.
 glGetTexLevelParameteriv @ 44 found.
 glIsEnabled @ 45 found.
 glDepthRange @ 46 found.
 glViewport @ 47 found.
 glDrawArrays @ 48 found.
 glDrawElements @ 49 found.
 glGetPointerv @ 50 found.
 glPolygonOffset @ 51 found.
 glCopyTexImage1D @ 52 found.
 glCopyTexImage2D @ 53 found.
 glCopyTexSubImage1D @ 54 found.
 glCopyTexSubImage2D @ 55 found.
 glTexSubImage1D @ 56 found.
 glTexSubImage2D @ 57 found.
 glBindTexture @ 58 found.
 glDeleteTextures @ 59 found.
 glGenTextures @ 60 found.
 glIsTexture @ 61 found.
 glDrawRangeElements @ 62 found.
 glTexImage3D @ 63 found.
 glTexSubImage3D @ 64 found.
 glCopyTexSubImage3D @ 65 found.
 glActiveTexture @ 66 found.
 glSampleCoverage @ 67 found.
 glCompressedTexImage3D @ 68 found.
 glCompressedTexImage2D @ 69 found.
 glCompressedTexImage1D @ 70 found.
 glCompressedTexSubImage3D @ 71 found.
 glCompressedTexSubImage2D @ 72 found.
 glCompressedTexSubImage1D @ 73 found.
 glGetCompressedTexImage @ 74 found.
 glBlendFuncSeparate @ 75 found.
 glMultiDrawArrays @ 76 found.
 glMultiDrawElements @ 77 found.
 glPointParameterf @ 78 found.
 glPointParameterfv @ 79 found.
 glPointParameteri @ 80 found.
 glPointParameteriv @ 81 found.
 glBlendColor @ 82 found.
 glBlendEquation @ 83 found.
 glGenQueries @ 84 found.
 glDeleteQueries @ 85 found.
 glIsQuery @ 86 found.
 glBeginQuery @ 87 found.
 glEndQuery @ 88 found.
 glGetQueryiv @ 89 found.
 glGetQueryObjectiv @ 90 found.
 glGetQueryObjectuiv @ 91 found.
 glBindBuffer @ 92 found.
 glDeleteBuffers @ 93 found.
 glGenBuffers @ 94 found.
 glIsBuffer @ 95 found.
 glBufferData @ 96 found.
 glBufferSubData @ 97 found.
 glGetBufferSubData @ 98 found.
 glMapBuffer @ 99 found.
 glUnmapBuffer @ 100 found.
 glGetBufferParameteriv @ 101 found.
 glGetBufferPointerv @ 102 found.
 glBlendEquationSeparate @ 103 found.
 glDrawBuffers @ 104 found.
 glStencilOpSeparate @ 105 found.
 glStencilFuncSeparate @ 106 found.
 glStencilMaskSeparate @ 107 found.
 glAttachShader @ 108 found.
 glBindAttribLocation @ 109 found.
 glCompileShader @ 110 found.
 glCreateProgram @ 111 found.
 glCreateShader @ 112 found.
 glDeleteProgram @ 113 found.
 glDeleteShader @ 114 found.
 glDetachShader @ 115 found.
 glDisableVertexAttribArray @ 116 found.
 glEnableVertexAttribArray @ 117 found.
 glGetActiveAttrib @ 118 found.
 glGetActiveUniform @ 119 found.
 glGetAttachedShaders @ 120 found.
 glGetAttribLocation @ 121 found.
 glGetProgramiv @ 122 found.
 glGetProgramInfoLog @ 123 found.
 glGetShaderiv @ 124 found.
 glGetShaderInfoLog @ 125 found.
 glGetShaderSource @ 126 found.
 glGetUniformLocation @ 127 found.
 glGetUniformfv @ 128 found.
 glGetUniformiv @ 129 found.
 glGetVertexAttribdv @ 130 found.
 glGetVertexAttribfv @ 131 found.
 glGetVertexAttribiv @ 132 found.
 glGetVertexAttribPointerv @ 133 found.
 glIsProgram @ 134 found.
 glIsShader @ 135 found.
 glLinkProgram @ 136 found.
 glShaderSource @ 137 found.
 glUseProgram @ 138 found.
 glUniform1f @ 139 found.
 glUniform2f @ 140 found.
 glUniform3f @ 141 found.
 glUniform4f @ 142 found.
 glUniform1i @ 143 found.
 glUniform2i @ 144 found.
 glUniform3i @ 145 found.
 glUniform4i @ 146 found.
 glUniform1fv @ 147 found.
 glUniform2fv @ 148 found.
 glUniform3fv @ 149 found.
 glUniform4fv @ 150 found.
 glUniform1iv @ 151 found.
 glUniform2iv @ 152 found.
 glUniform3iv @ 153 found.
 glUniform4iv @ 154 found.
 glUniformMatrix2fv @ 155 found.
 glUniformMatrix3fv @ 156 found.
 glUniformMatrix4fv @ 157 found.
 glValidateProgram @ 158 found.
 glVertexAttrib1d @ 159 found.
 glVertexAttrib1dv @ 160 found.
 glVertexAttrib1f @ 161 found.
 glVertexAttrib1fv @ 162 found.
 glVertexAttrib1s @ 163 found.
 glVertexAttrib1sv @ 164 found.
 glVertexAttrib2d @ 165 found.
 glVertexAttrib2dv @ 166 found.
 glVertexAttrib2f @ 167 found.
 glVertexAttrib2fv @ 168 found.
 glVertexAttrib2s @ 169 found.
 glVertexAttrib2sv @ 170 found.
 glVertexAttrib3d @ 171 found.
 glVertexAttrib3dv @ 172 found.
 glVertexAttrib3f @ 173 found.
 glVertexAttrib3fv @ 174 found.
 glVertexAttrib3s @ 175 found.
 glVertexAttrib3sv @ 176 found.
 glVertexAttrib4Nbv @ 177 found.
 glVertexAttrib4Niv @ 178 found.
 glVertexAttrib4Nsv @ 179 found.
 glVertexAttrib4Nub @ 180 found.
 glVertexAttrib4Nubv @ 181 found.
 glVertexAttrib4Nuiv @ 182 found.
 glVertexAttrib4Nusv @ 183 found.
 glVertexAttrib4bv @ 184 found.
 glVertexAttrib4d @ 185 found.
 glVertexAttrib4dv @ 186 found.
 glVertexAttrib4f @ 187 found.
 glVertexAttrib4fv @ 188 found.
 glVertexAttrib4iv @ 189 found.
 glVertexAttrib4s @ 190 found.
 glVertexAttrib4sv @ 191 found.
 glVertexAttrib4ubv @ 192 found.
 glVertexAttrib4uiv @ 193 found.
 glVertexAttrib4usv @ 194 found.
 glVertexAttribPointer @ 195 found.
 glUniformMatrix2x3fv @ 196 found.
 glUniformMatrix3x2fv @ 197 found.
 glUniformMatrix2x4fv @ 198 found.
 glUniformMatrix4x2fv @ 199 found.
 glUniformMatrix3x4fv @ 200 found.
 glUniformMatrix4x3fv @ 201 found.
 glColorMaski @ 202 found.
 glGetBooleani_v @ 203 found.
 glGetIntegeri_v @ 204 found.
 glEnablei @ 205 found.
 glDisablei @ 206 found.
 glIsEnabledi @ 207 found.
 glBeginTransformFeedback @ 208 found.
 glEndTransformFeedback @ 209 found.
 glBindBufferRange @ 210 found.
 glBindBufferBase @ 211 found.
 glTransformFeedbackVaryings @ 212 found.
 glGetTransformFeedbackVarying @ 213 found.
 glClampColor @ 214 found.
 glBeginConditionalRender @ 215 found.
 glEndConditionalRender @ 216 found.
 glVertexAttribIPointer @ 217 found.
 glGetVertexAttribIiv @ 218 found.
 glGetVertexAttribIuiv @ 219 found.
 glVertexAttribI1i @ 220 found.
 glVertexAttribI2i @ 221 found.
 glVertexAttribI3i @ 222 found.
 glVertexAttribI4i @ 223 found.
 glVertexAttribI1ui @ 224 found.
 glVertexAttribI2ui @ 225 found.
 glVertexAttribI3ui @ 226 found.
 glVertexAttribI4ui @ 227 found.
 glVertexAttribI1iv @ 228 found.
 glVertexAttribI2iv @ 229 found.
 glVertexAttribI3iv @ 230 found.
 glVertexAttribI4iv @ 231 found.
 glVertexAttribI1uiv @ 232 found.
 glVertexAttribI2uiv @ 233 found.
 glVertexAttribI3uiv @ 234 found.
 glVertexAttribI4uiv @ 235 found.
 glVertexAttribI4bv @ 236 found.
 glVertexAttribI4sv @ 237 found.
 glVertexAttribI4ubv @ 238 found.
 glVertexAttribI4usv @ 239 found.
 glGetUniformuiv @ 240 found.
 glBindFragDataLocation @ 241 found.
 glGetFragDataLocation @ 242 found.
 glUniform1ui @ 243 found.
 glUniform2ui @ 244 found.
 glUniform3ui @ 245 found.
 glUniform4ui @ 246 found.
 glUniform1uiv @ 247 found.
 glUniform2uiv @ 248 found.
 glUniform3uiv @ 249 found.
 glUniform4uiv @ 250 found.
 glTexParameterIiv @ 251 found.
 glTexParameterIuiv @ 252 found.
 glGetTexParameterIiv @ 253 found.
 glGetTexParameterIuiv @ 254 found.
 glClearBufferiv @ 255 found.
 glClearBufferuiv @ 256 found.
 glClearBufferfv @ 257 found.
 glClearBufferfi @ 258 found.
 glGetStringi @ 259 found.
 glIsRenderbuffer @ 260 found.
 glBindRenderbuffer @ 261 found.
 glDeleteRenderbuffers @ 262 found.
 glGenRenderbuffers @ 263 found.
 glRenderbufferStorage @ 264 found.
 glGetRenderbufferParameteriv @ 265 found.
 glIsFramebuffer @ 266 found.
 glBindFramebuffer @ 267 found.
 glDeleteFramebuffers @ 268 found.
 glGenFramebuffers @ 269 found.
 glCheckFramebufferStatus @ 270 found.
 glFramebufferTexture1D @ 271 found.
 glFramebufferTexture2D @ 272 found.
 glFramebufferTexture3D @ 273 found.
 glFramebufferRenderbuffer @ 274 found.
 glGetFramebufferAttachmentParameteriv @ 275 found.
 glGenerateMipmap @ 276 found.
 glBlitFramebuffer @ 277 found.
 glRenderbufferStorageMultisample @ 278 found.
 glFramebufferTextureLayer @ 279 found.
 glMapBufferRange @ 280 found.
 glFlushMappedBufferRange @ 281 found.
 glBindVertexArray @ 282 found.
 glDeleteVertexArrays @ 283 found.
 glGenVertexArrays @ 284 found.
 glIsVertexArray @ 285 found.
 glDrawArraysInstanced @ 286 found.
 glDrawElementsInstanced @ 287 found.
 glTexBuffer @ 288 found.
 glPrimitiveRestartIndex @ 289 found.
 glCopyBufferSubData @ 290 found.
 glGetUniformIndices @ 291 found.
 glGetActiveUniformsiv @ 292 found.
 glGetActiveUniformName @ 293 found.
 glGetUniformBlockIndex @ 294 found.
 glGetActiveUniformBlockiv @ 295 found.
 glGetActiveUniformBlockName @ 296 found.
 glUniformBlockBinding @ 297 found.
 glDrawElementsBaseVertex @ 298 found.
 glDrawRangeElementsBaseVertex @ 299 found.
 glDrawElementsInstancedBaseVertex @ 300 found.
 glMultiDrawElementsBaseVertex @ 301 found.
 glProvokingVertex @ 302 found.
 glFenceSync @ 303 found.
 glIsSync @ 304 found.
 glDeleteSync @ 305 found.
 glClientWaitSync @ 306 found.
 glWaitSync @ 307 found.
 glGetInteger64v @ 308 found.
 glGetSynciv @ 309 found.
 glGetInteger64i_v @ 310 found.
 glGetBufferParameteri64v @ 311 found.
 glFramebufferTexture @ 312 found.
 glTexImage2DMultisample @ 313 found.
 glTexImage3DMultisample @ 314 found.
 glGetMultisamplefv @ 315 found.
 glSampleMaski @ 316 found.
 glBindFragDataLocationIndexed @ 317 found.
 glGetFragDataIndex @ 318 found.
 glGenSamplers @ 319 found.
 glDeleteSamplers @ 320 found.
 glIsSampler @ 321 found.
 glBindSampler @ 322 found.
 glSamplerParameteri @ 323 found.
 glSamplerParameteriv @ 324 found.
 glSamplerParameterf @ 325 found.
 glSamplerParameterfv @ 326 found.
 glSamplerParameterIiv @ 327 found.
 glSamplerParameterIuiv @ 328 found.
 glGetSamplerParameteriv @ 329 found.
 glGetSamplerParameterIiv @ 330 found.
 glGetSamplerParameterfv @ 331 found.
 glGetSamplerParameterIuiv @ 332 found.
 glQueryCounter @ 333 found.
 glGetQueryObjecti64v @ 334 found.
 glGetQueryObjectui64v @ 335 found.
 glVertexAttribDivisor @ 336 found.
 glVertexAttribP1ui @ 337 found.
 glVertexAttribP1uiv @ 338 found.
 glVertexAttribP2ui @ 339 found.
 glVertexAttribP2uiv @ 340 found.
 glVertexAttribP3ui @ 341 found.
 glVertexAttribP3uiv @ 342 found.
 glVertexAttribP4ui @ 343 found.
 glVertexAttribP4uiv @ 344 found.
 glMinSampleShading @ 345 found.
 glBlendEquationi @ 346 found.
 glBlendEquationSeparatei @ 347 found.
 glBlendFunci @ 348 found.
 glBlendFuncSeparatei @ 349 found.
 glDrawArraysIndirect @ 350 found.
 glDrawElementsIndirect @ 351 found.
 glUniform1d @ 352 found.
 glUniform2d @ 353 found.
 glUniform3d @ 354 found.
 glUniform4d @ 355 found.
 glUniform1dv @ 356 found.
 glUniform2dv @ 357 found.
 glUniform3dv @ 358 found.
 glUniform4dv @ 359 found.
 glUniformMatrix2dv @ 360 found.
 glUniformMatrix3dv @ 361 found.
 glUniformMatrix4dv @ 362 found.
 glUniformMatrix2x3dv @ 363 found.
 glUniformMatrix2x4dv @ 364 found.
 glUniformMatrix3x2dv @ 365 found.
 glUniformMatrix3x4dv @ 366 found.
 glUniformMatrix4x2dv @ 367 found.
 glUniformMatrix4x3dv @ 368 found.
 glGetUniformdv @ 369 found.
 glGetSubroutineUniformLocation @ 370 found.
 glGetSubroutineIndex @ 371 found.
 glGetActiveSubroutineUniformiv @ 372 found.
 glGetActiveSubroutineUniformName @ 373 found.
 glGetActiveSubroutineName @ 374 found.
 glUniformSubroutinesuiv @ 375 found.
 glGetUniformSubroutineuiv @ 376 found.
 glGetProgramStageiv @ 377 found.
 glPatchParameteri @ 378 found.
 glPatchParameterfv @ 379 found.
 glBindTransformFeedback @ 380 found.
 glDeleteTransformFeedbacks @ 381 found.
 glGenTransformFeedbacks @ 382 found.
 glIsTransformFeedback @ 383 found.
 glPauseTransformFeedback @ 384 found.
 glResumeTransformFeedback @ 385 found.
 glDrawTransformFeedback @ 386 found.
 glDrawTransformFeedbackStream @ 387 found.
 glBeginQueryIndexed @ 388 found.
 glEndQueryIndexed @ 389 found.
 glGetQueryIndexediv @ 390 found.
 glReleaseShaderCompiler @ 391 found.
 glShaderBinary @ 392 found.
 glGetShaderPrecisionFormat @ 393 found.
 glDepthRangef @ 394 found.
 glClearDepthf @ 395 found.
 glGetProgramBinary @ 396 found.
 glProgramBinary @ 397 found.
 glProgramParameteri @ 398 found.
 FIX sglDrawDriver.c:1606?_SglBuildDpu
    DPU#0 Intel(R) HD Graphics
 FIX sglDrawDriver.c:1607?_SglBuildDpu
    DPU#0 3.3.0 - Build 9.17.10.4229
 FIX sglDrawDriver.c:1609?_SglBuildDpu
    WGL_EXT_depth_float WGL_ARB_buffer_region WGL_ARB_extensions_string WGL_ARB_make_current_read WGL_ARB_pixel_format WGL_ARB_pbuffer WGL_EXT_extensions_string WGL_EXT_swap_control WGL_EXT_swap_control_tear WGL_ARB_multisample WGL_ARB_pixel_format_float WGL_ARB_framebuffer_sRGB WGL_ARB_create_context WGL_ARB_create_context_profile WGL_EXT_pixel_format_packed_float WGL_EXT_create_context_es2_profile 
 sglDrawDriver.c:1252
	_SglCreateCombinedDeviceContext(oglWndClss=00478a24,shareCtx=00010001,phwnd=0047e6e0,phdc=0047e6e4,phrc=0047e6ec)
 ADV sglDrawDriver.c:1577?_SglBuildDpu
    677 381 1920 1080 96 96 32 1 36 36 51 60 1 
 ERR sglDrawDriver.c:1033?SglGetPixelFormat
    
 ERR sglDrawDriver.c:1033?SglGetPixelFormat
    
 ERR sglDrawDriver.c:1021?SglDescribePixelFormat
    
 ERR sglDrawDriver.c:1021?SglDescribePixelFormat
    
 FIX sglDrawDriver.c:1606?_SglBuildDpu
    DPU#1 Intel(R) HD Graphics
 FIX sglDrawDriver.c:1607?_SglBuildDpu
    DPU#1 3.3.0 - Build 9.17.10.4229
 FIX sglDrawDriver.c:1609?_SglBuildDpu
    WGL_EXT_depth_float WGL_ARB_buffer_region WGL_ARB_extensions_string WGL_ARB_make_current_read WGL_ARB_pixel_format WGL_ARB_pbuffer WGL_EXT_extensions_string WGL_EXT_swap_control WGL_EXT_swap_control_tear WGL_ARB_multisample WGL_ARB_pixel_format_float WGL_ARB_framebuffer_sRGB WGL_ARB_create_context WGL_ARB_create_context_profile WGL_EXT_pixel_format_packed_float WGL_EXT_create_context_es2_profile 
 Loading draw ICDs...
 afxModule.c:170
	AfxAcquireModules(cnt=1,mdle=003aea28,uri=003aea2c)
 afxModule.c:170
	AfxAcquireModules(cnt=1,mdle=003aea28,uri=003aea2c)
 afxClass<Module>::ConstructObject(04051e00)
 afxModule.c:126
	_AfxMdleCtor(uri:e2newton.icd)
 afxDrawThread.c:163
	AfxAcquireDrawThreads(cnt=2,dthr=003aee48,config=00000000)
 afxClass<Draw Thread>::ConstructObject(038f0c90)
 afxDrawThread.c:139
	_AfxDthrCtor(dthr=038f0c90)
 afxThread.c:1228
	AfxAcquireThreads(cnt=1,thr=038f0c90,config=003ae908,hint="afxDrawThread.c:155!_AfxDthrCtor")
 afxClass<Thread>::ConstructObject(034e4f50)
 afxThread.c:1173
	_AfxThrCtor(034e4f50)
 afxClass<Draw Thread>::ConstructObject(038f0cdc)
 afxDrawThread.c:139
	_AfxDthrCtor(dthr=038f0cdc)
 afxThread.c:1228
	AfxAcquireThreads(cnt=1,thr=038f0cdc,config=003ae908,hint="afxDrawThread.c:155!_AfxDthrCtor")
 afxClass<Thread>::ConstructObject(034e5060)
 afxThread.c:1173
	_AfxThrCtor(034e5060)
 afxThread.c:1079
	AfxSetThreadAffinity(thr=034e4f50)
 afxThread.c:1090
	AfxRunThread(thr=034e4f50)
 afxThread.c:1079
	AfxSetThreadAffinity(thr=034e5060)
 afxThread.c:1090
	AfxRunThread(thr=034e5060)
 afxDrawContext.c:320
	AfxAcquireDrawContexts(cnt=1,config=003af24c)
 afxClass<Draw Context, Draw Context>ConstructingObject(04138560)
 afxClass<Draw Context>::ConstructObject(04138560)
 afxClass<Draw Context>::ConstructObject(04138560)
 sglDrawContext.c:367
	_SglDctxCtor(dctx=04138560)
 afxArena.c:767
	AfxAcquireArena(aren=04138700)
 afxArena.c:768
	AfxAcquireArena(spec=00000000,hint="sglDrawContext.c:390!_SglDctxCtor")
 Installing Buffer at 04138838 by 04138568 over 00000000 with 51794000)
 Installing Vertex Buffer at 041388f8 by 04138568 over 00000000 with 51794030)
 Installing Index Buffer at 041389b8 by 04138568 over 00000000 with 51794060)
 Installing Texture at 04138778 by 04138568 over 00000000 with 51794f90)
 Installing Surface at 04138a78 by 04138568 over 00000000 with 51794f58)
 Installing Sampler at 04138e38 by 04138568 over 00000000 with 51794f28)
 Installing Canvas at 04138d78 by 04138568 over 00000000 with 51794090)
 Installing Lego at 04138cb8 by 04138568 over 00000000 with 51794e98)
 Installing Shader at 04138b38 by 04138568 over 00000000 with 51794ef8)
 Installing Pipeline at 04138bf8 by 04138568 over 00000000 with 51794ec8)
 Installing Draw Queue at 0413857c by 04138568 over 00000000 with 51794150)
 Installing Draw Script at 0413863c by 04138568 over 00000000 with 5179424c)
 Uploading pipeline 'data/pipeline/rgbaToRgba/rgbaToRgbaPip.xml?yFlipped'
 afxXml.c:993
	AfxLoadXml(uri:data/pipeline/rgbaToRgba/rgbaToRgbaPip.xml)
 afxFile.c:341
	AfxOpenFiles(cnt=1,file=003ae490,uri=003ae5c4,flags=3ae498)
 afxClass<File>::ConstructObject(038f0d70)
 afxStream.c:600
	AfxAcquireStream(ios=038f0d70,flags=1,start=00000000,len=0)
 afxClass<File>::DismantleObjects(1, 003ae494)
 Destructing instance 038f0d70 of File class.
 afxClass<Pipeline>::ConstructObject(04140c40)
 sglPipeline.c:300
	_SglPipCtor(pip=04140c40)
 afxShader.c:544
	AfxAcquireShaders(cnt=1,uri=038ee970,shd=003adfa8)
 Uploading shader 'data/pipeline/rgbaToRgba/rgbaToRgbaShdVtx.xml?vsFlippedY'
 afxXml.c:993
	AfxLoadXml(uri:data/pipeline/rgbaToRgba/rgbaToRgbaShdVtx.xml)
 afxFile.c:341
	AfxOpenFiles(cnt=1,file=003ad858,uri=003ad9a4,flags=3ad860)
 afxClass<File>::ConstructObject(038f0d70)
 afxStream.c:600
	AfxAcquireStream(ios=038f0d70,flags=1,start=00000000,len=0)
 afxClass<File>::DismantleObjects(1, 003ad85c)
 Destructing instance 038f0d70 of File class.
 afxFile.c:341
	AfxOpenFiles(cnt=1,file=003ad640,uri=003ad7b0,flags=3ad64c)
 afxClass<File>::ConstructObject(038f0d70)
 afxStream.c:600
	AfxAcquireStream(ios=038f0d70,flags=5,start=00000000,len=0)
 afxClass<File>::DismantleObjects(1, 003ad648)
 Destructing instance 038f0d70 of File class.
 afxShader.c:396
	AfxBuildShaders(cnt=1,shd=003adfa8,blueprint=003adb50)
 afxClass<Shader>::ConstructObject(04143430)
 sglShader.c:152
	_SglShdCtor(shd=04143430)
 #version 330 core // QWADRO. Engineered by SIGMA Technology Group.

#define afxInt int
#define afxNat uint

#define afxReal float

#define afxV2d vec2
#define afxV3d vec3
#define afxV4d vec4

#define afxM2d mat2
#define afxM3d mat3
#define afxM4d mat4

        
        const mat4 m = mat4(1, 0, 0, 0, 0, -1, 0, 0, 0, 0, 1, 0, 0, 0, 0, 1);
        
        layout(location = 0) in vec2 a_xy;
        
        out block
        {
            vec2 uv0;
        } sgl_v;

        void main()
        {
            gl_Position = vec4(a_xy, 0.0, 1.0);
            sgl_v.uv0 = vec2(m * vec4(gl_Position.xy * 0.5 + 0.5, 0, 1)).xy;
        }
       
 afxShader.c:544
	AfxAcquireShaders(cnt=1,uri=04128c60,shd=003adfa8)
 Uploading shader 'data/pipeline/rgbaToRgba/rgbaToRgbaShdFrg.xml?fs'
 afxXml.c:993
	AfxLoadXml(uri:data/pipeline/rgbaToRgba/rgbaToRgbaShdFrg.xml)
 afxFile.c:341
	AfxOpenFiles(cnt=1,file=003ad858,uri=003ad9a4,flags=3ad860)
 afxClass<File>::ConstructObject(038f0d70)
 afxStream.c:600
	AfxAcquireStream(ios=038f0d70,flags=1,start=00000000,len=0)
 afxClass<File>::DismantleObjects(1, 003ad85c)
 Destructing instance 038f0d70 of File class.
 afxFile.c:341
	AfxOpenFiles(cnt=1,file=003ad640,uri=003ad7b0,flags=3ad64c)
 afxClass<File>::ConstructObject(0414ede0)
 afxStream.c:600
	AfxAcquireStream(ios=0414ede0,flags=5,start=00000000,len=0)
 afxClass<File>::DismantleObjects(1, 003ad648)
 Destructing instance 0414ede0 of File class.
 afxShader.c:396
	AfxBuildShaders(cnt=1,shd=003adfa8,blueprint=003adb50)
 afxClass<Shader>::ConstructObject(04143498)
 sglShader.c:152
	_SglShdCtor(shd=04143498)
 #version 330 core // QWADRO. Engineered by SIGMA Technology Group.

#define afxInt int
#define afxNat uint

#define afxReal float

#define afxV2d vec2
#define afxV3d vec3
#define afxV4d vec4

#define afxM2d mat2
#define afxM3d mat3
#define afxM4d mat4

        
        uniform sampler2D samp;

        in block
        {
            vec2 uv0;
        } sgl_v;

        out vec4 sgl_rgba;

        void main()
        {
            sgl_rgba = texture(samp, sgl_v.uv0);
        }
       
 afxClass<Lego>::ConstructObject(04142920)
 sglLego.c:281
	_SglLegoCtor(lego=04142920)
 afxSampler.c:47
	AfxAcquireSamplers(cnt=1,samp=04138f04,config=003aed90)
 afxClass<Sampler>::ConstructObject(0413f7e0)
 sglSampler.c:129
	_SglSampCtor(samp=0413f7e0)
 afxClass<Vertex Buffer>::ConstructObject(04128c90)
 sglBuffer.c:375
	_SglVbufCtor(vbuf=04128c90)
 afxClass<Buffer>::ConstructObject(038ee9a0)
 sglBuffer.c:313
	_SglBufCtor(buf=038ee9a0)
 afxClass<Draw Queue>::ConstructObject(0413f8c0)
 sglDrawQueue.c:1603
	_SglDqueCtor(dque=0413f8c0)
 afxArena.c:767
	AfxAcquireArena(aren=0413f908)
 afxArena.c:768
	AfxAcquireArena(spec=00000000,hint="sglDrawQueue.c:1618!_SglDqueCtor")
 afxClass<Draw Queue>::ConstructObject(0413f9d0)
 sglDrawQueue.c:1603
	_SglDqueCtor(dque=0413f9d0)
 afxArena.c:767
	AfxAcquireArena(aren=0413fa18)
 afxArena.c:768
	AfxAcquireArena(spec=00000000,hint="sglDrawQueue.c:1618!_SglDqueCtor")
 afxApplication.c:398
	AfxAcquireApplications(cnt=1,app=003af218,config=003af1f8)
 afxClass<Application>::ConstructObject(0414c680)
 afxApplication.c:301
	_AfxAppCtor(app=0414c680)
 afxThread.c:1228
	AfxAcquireThreads(cnt=1,thr=0414c814,config=003aee14,hint="afxApplication.c:311!_AfxAppCtor")
 afxClass<Thread>::ConstructObject(034e5480)
 afxThread.c:1173
	_AfxThrCtor(034e5480)
 afxMouse.c:514
	AfxAcquireMouses(cnt=1,mse=0414c81c,port=003aee20)
 afxClass<Mouse>::ConstructObject(004fef70)
 afxMouse.c:473
	_AfxMseCtor(mse=004fef70)
 afxDrawInput.c:244
	AfxAcquireDrawInputs(cnt=1,config=003aedfc,)
 afxClass<Draw Input, Draw Input>ConstructingObject(04051f00)
 afxClass<Draw Input>::ConstructObject(04051f00)
 afxClass<Draw Input>::ConstructObject(04051f00)
 Installing Widget at 0414c694 by 0414c680 over 00000000 with 519fe0d4)
 Installing Simulation at 0414c754 by 0414c680 over 00000000 with 519fe190)
 afxApplication.c:207
	AfxRunApplication(app=0414c680)
 afxThread.c:1090
	AfxRunThread(thr=034e5480)
 mmplayer.c:107
	AfxEnterApplication(app=0414c680)
 Uploading texture 'art/world.tga'
 afxFile.c:341
	AfxOpenFiles(cnt=1,file=003ae574,uri=01215160,flags=3ae580)
 afxClass<File>::ConstructObject(0413fae0)
 afxStream.c:600
	AfxAcquireStream(ios=0413fae0,flags=1,start=00000000,len=0)
 ADV afxTexture.c:67?AfxAcquireTextureBlueprint
    texb->fcc == AFX_FCC_TEXB
 afxTexture.c:887
	AfxBuildTextures(cnt=1,blueprint=003ae590,tex=0121501c)
 afxClass<Texture>::ConstructObject(034e5580)
 sglTexture.c:926
	_SglTexCtor(tex=034e5580)
 afxClass<File>::DismantleObjects(1, 003ae57c)
 Destructing instance 0413fae0 of File class.
 afxFile.c:341
	AfxOpenFiles(cnt=1,file=003aea08,uri=01215160,flags=3aea14)
 afxClass<File>::ConstructObject(0413fae0)
 afxStream.c:600
	AfxAcquireStream(ios=0413fae0,flags=2,start=00000000,len=0)
 afxClass<File>::DismantleObjects(1, 003aea10)
 Destructing instance 0413fae0 of File class.
 afxClass<Texture>::DismantleObjects(1, 003aee4c)
 Destructing instance 034e5580 of Texture class.
 sglTexture.c:903
	_SglTexDtor(tex=034e5580)
 afxDrawOutput.c:574
	AfxAcquireDrawOutputs(cnt=1,config=003aeeb0,dout=01215020)
 afxClass<Draw Output, Draw Output>ConstructingObject(0414cd80)
 afxClass<Draw Output>::ConstructObject(0414cd80)
 afxClass<Draw Output>::ConstructObject(0414cd80)
 sglDrawOutput.c:336
	_SglDoutCtor(dout=0414cd80)
 afxDrawOutput.c:367
	AfxRegenerateDrawOutputBuffers(dout=0414cd80)
 Draw output (0414cd80) extent readjusted to 960x540; 5.000000:5.0000003600f 1080x17564244.
 afxDrawOutput.c:367
	AfxRegenerateDrawOutputBuffers(dout=0414cd80)
 Draw output (0414cd80) extent readjusted to 952x510; 4.958333:4.7222223600f 1080x4294967294.
 afxDrawOutput.c:367
	AfxRegenerateDrawOutputBuffers(dout=0414cd80)
 ADV afxTexture.c:67?AfxAcquireTextureBlueprint
    texb->fcc == AFX_FCC_TEXB
 afxTexture.c:887
	AfxBuildTextures(cnt=1,blueprint=003ae870,tex=003ae728)
 afxClass<Texture>::ConstructObject(034e5580)
 sglTexture.c:926
	_SglTexCtor(tex=034e5580)
 afxCanvas.c:216
	AfxBuildCanvases(dctx=00000000,cnt=1,blueprint=003ae760,canv=003ae724)
 afxClass<Canvas>::ConstructObject(04153430)
 sglCanvas.c:308
	_SglCanvCtor(canv=04153430)
 afxDrawInput.c:244
	AfxAcquireDrawInputs(cnt=1,config=003aee34,)
 afxClass<Draw Input, Draw Input>ConstructingObject(04051f80)
 afxClass<Draw Input>::ConstructObject(04051f80)
 afxClass<Draw Input>::ConstructObject(04051f80)
 afxModule.c:170
	AfxAcquireModules(cnt=1,mdle=01215064,uri=003aeb78)
 afxClass<Module>::ConstructObject(04045ef0)
 afxModule.c:126
	_AfxMdleCtor(uri:binkw32.dll)
 afxSampler.c:47
	AfxAcquireSamplers(cnt=1,samp=0121513c,config=003aed50)
 afxClass<Sampler>::ConstructObject(041534e0)
 sglSampler.c:129
	_SglSampCtor(samp=041534e0)
 Uploading pipeline 'data/pipeline/yv12ToRgba/yv12ToRgbaPip.xml'
 afxXml.c:993
	AfxLoadXml(uri:data/pipeline/yv12ToRgba/yv12ToRgbaPip.xml)
 afxFile.c:341
	AfxOpenFiles(cnt=1,file=003ae500,uri=003ae634,flags=3ae508)
 afxClass<File>::ConstructObject(041535c0)
 afxStream.c:600
	AfxAcquireStream(ios=041535c0,flags=1,start=00000000,len=0)
 afxClass<File>::DismantleObjects(1, 003ae504)
 Destructing instance 041535c0 of File class.
 afxClass<Pipeline>::ConstructObject(04140eb4)
 sglPipeline.c:300
	_SglPipCtor(pip=04140eb4)
 afxShader.c:544
	AfxAcquireShaders(cnt=1,uri=04153590,shd=003ae018)
 Uploading shader 'data/pipeline/yv12ToRgba/yv12ToRgbaShdVtx.xml?vs'
 afxXml.c:993
	AfxLoadXml(uri:data/pipeline/yv12ToRgba/yv12ToRgbaShdVtx.xml)
 afxFile.c:341
	AfxOpenFiles(cnt=1,file=003ad8c8,uri=003ada14,flags=3ad8d0)
 afxClass<File>::ConstructObject(04153960)
 afxStream.c:600
	AfxAcquireStream(ios=04153960,flags=1,start=00000000,len=0)
 afxClass<File>::DismantleObjects(1, 003ad8cc)
 Destructing instance 04153960 of File class.
 afxFile.c:341
	AfxOpenFiles(cnt=1,file=003ad6b0,uri=003ad820,flags=3ad6bc)
 afxClass<File>::ConstructObject(04153960)