
 afxDebug.c:391
  AfxAttachDebugTerminal()
      ::::::::  :::       :::     :::     :::::::::  :::::::::   ::::::::      
     :+:    :+: :+:       :+:   :+: :+:   :+:    :+: :+:    :+: :+:    :+:     
     +:+    +:+ +:+       +:+  +:+   +:+  +:+    +:+ +:+    +:+ +:+    +:+     
     +#+    +:+ +#+  +:+  +#+ +#++:++#++: +#+    +:+ +#++:++#:  +#+    +:+     
     +#+  # +#+ +#+ +#+#+ +#+ +#+     +#+ +#+    +#+ +#+    +#+ +#+    +#+     
     #+#   +#+   #+#+# #+#+#  #+#     #+# #+#    #+# #+#    #+# #+#    #+#     
      ###### ###  ###   ###   ###     ### #########  ###    ###  ########      
                                                                               
          T H E   Q W A D R O   E X E C U T I O N   E C O S Y S T E M          
                                                                               
                               Public Test Build                               
              (c) 2017 SIGMA Technology Group --- Federacao SIGMA              
                                www.sigmaco.org                                
                                                                               
 Installing Basic I/O System at 511c27dc by 00000000 over 00000000 with 511c01c0)
 afxClass<Basic I/O System>::ConstructObject(002e8090)
 afxSystem.c:1007
  _AfxSysCtor(sys=002e8090)
 Installing Context at 002e80cc by 002e80b8 over 00000000 with 511c07a4)
 Installing Module at 002e818c by 002e80b8 over 00000000 with 511c0080)
 Installing Thread at 002e83cc by 002e80b8 over 00000000 with 511c01f0)
 Installing File at 002e854c by 002e80b8 over 00000000 with 511c0314)
 Installing Archive at 002e860c by 002e80b8 over 00000000 with 511c02e4)
 Installing Application at 002e848c by 002e80b8 over 00000000 with 511c0000)
 Installing Keyboard at 002e824c by 002e80b8 over 00000000 with 511c0344)
 Installing Mouse at 002e830c by 002e80b8 over 00000000 with 511c0374)
 Installing Draw System at 002e86cc by 002e80b8 over 00000000 with 511c1074)
 [!] afxSystem.c:1091?_AfxSysCtor
  Memory page size: 4096
 [!] afxSystem.c:1092?_AfxSysCtor
  Logical processor count: 2
 afxContext.c:202
  AfxAcquireContexts(cnt=1,app=002e878c,strategy=0023df84)
 afxClass<Context>::ConstructObject(002e88f0)
 afxContext.c:166
  _AfxCtxCtor(ctx=002e88f0)
 afxArena.c:767
  AfxAcquireArena(aren=002e87e8)
 afxArena.c:768
  AfxAcquireArena(spec=00000000,hint="afxSystem.c:1144!_AfxSysCtor")
 afxSystem.c:752
  AfxMountStoragePoints(6,0023e0dc)
 Point "." 5 mounted -> "E:/qwadro/afx".
 Point "system" 5 mounted -> "E:/qwadro/afx/system32".
 Point "sound" 5 mounted -> "E:/qwadro/afx/sound".
 Point "data" 5 mounted -> "E:/qwadro/afx/data".
 Point "art" 5 mounted -> "E:/qwadro/afx/art".
 Point "tmp" 7 mounted -> "E:/qwadro/afx/tmp".
 afxModule.c:169
  AfxAcquireModules(cnt=1,mdle=002e87b8,uri=0023e014)
 afxClass<Module>::ConstructObject(002ed560)
 afxModule.c:125
  _AfxMdleCtor(uri:system/e2coree.dll)
 E:/qwadro/afx/system32/e2coree.dll
 afxKeyboard.c:317
  AfxAcquireKeyboards(cnt=1,kbd=002e87bc,port=0023df5c)
 afxClass<Keyboard>::ConstructObject(002ed9a0)
 afxKeyboard.c:281
  _AfxKbdCtor(kbd=002ed9a0)
 Entering the Threading Execution Environment  0
 afxClass<Draw System>::ConstructObject(002ee3a0)
 afxDrawSystem.c:771
  _AfxDsysCtor(dsys=002ee3a0)
 Installing Draw Thread at 002ee7cc by 002ee3f8 over 00000000 with 0023ea50)
 Installing Installable Client (Draw) Driver at 002ee40c by 002ee3f8 over 00000000 with 0023ea20)
 Installing Draw Device at 002ee4cc by 002ee3f8 over 00000000 with 0023e9f0)
 Entering the Threading Execution Environment  1
 afxSystem.c:988
  startCbOnSysProcUnit(Threading Execution Environment 1 started)
 Entering the Threading Execution Environment  0
 Installing Draw Context at 002ee58c by 002ee3f8 over 00000000 with 0023e9c0)
 Installing Draw Output at 002ee64c by 002ee3f8 over 00000000 with 0023e990)
 Installing Draw Input at 002ee70c by 002ee3f8 over 00000000 with 0023e960)
New texture codec registered.
Name: SIGGL
Author: SIGMA Technology Group
Version: 0.5.1
Note: 
 Truecolor Targa texture serializer installed!
 Loading draw ICD system/e2draw.icd
 afxModule.c:169
  AfxAcquireModules(cnt=1,mdle=0023e78c,uri=0023e794)
 afxClass<Module>::ConstructObject(002ed5bc)
 afxModule.c:125
  _AfxMdleCtor(uri:e2draw.icd)
 afxClass<Installable Client (Draw) Driver>::ConstructObject(002f0ce0)
 afxDrawSystem.c:331
  _AfxDdrvCtor(ddrv=002f0ce0)
Installing 'e2draw.icd' ICD on draw system 002ee3a0...
	OpenGL/Vulkan Continuous Integration 0.7.2
	Vendor: SIGMA Technology Group <www.sigmaco.org>
	Note: 
       ::::::::    :::::::::::    ::::::::    ::::     ::::       :::          
      :+:    :+:       :+:       :+:    :+:   +:+:+: :+:+:+     :+: :+:        
      +:+              +:+       +:+          +:+ +:+:+ +:+    +:+   +:+       
      +#++:++#++       +#+       :#:          +#+  +:+  +#+   +#++:++#++:      
             +#+       +#+       +#+   +#+#   +#+       +#+   +#+     +#+      
      #+#    #+#       #+#       #+#    #+#   #+#       #+#   #+#     #+#      
       ########    ###########    ########    ###       ###   ###     ###      
                                                                               
          T H E   Q W A D R O   E X E C U T I O N   E C O S Y S T E M          
                                                                               
                               Public Test Build                               
              (c) 2017 SIGMA Technology Group --- Federacao SIGMA              
                                www.sigmaco.org                                
                                                                               
 Installing Draw Device at 002f0cf4 by 002f0ce0 over 002ee4cc with 0023df14)
 afxClass<Draw Device, Draw Device>ConstructingObject(002f0e70)
 afxClass<Draw Device>::ConstructObject(002f0e70)
 afxDrawSystem.c:271
  _AfxDdevCtor(ddev=002f0e70)
 Installing Draw Context at 002f0e88 by 002f0e74 over 002ee58c with 51b030c0)
 Installing Draw Output at 002f0f48 by 002f0e74 over 002ee64c with 51b031ac)
 Installing Draw Input at 002f1008 by 002f0e74 over 002ee70c with 51b03164)
 afxClass<Draw Device>::ConstructObject(002f0e70)
 sglDrawDriver.c:2102
  _SglDdevCtor(ddev=002f0e70)
 Listing mem available display devices...

 #0 = Intel(R) HD Graphics (\\.\DISPLAY1) 8000005
 #1 = RDPDD Chained DD (\\.\DISPLAYV1) 200008
 #2 = RDP Encoder Mirror Driver (\\.\DISPLAYV2) 200008
 #3 = RDP Reflector Display Driver (\\.\DISPLAYV3) 200008
 Creating temp OpenGL context
 Creating definitive OpenGL context
 000 glCullFace core found.
 001 glFrontFace core found.
 002 glHint core found.
 003 glLineWidth core found.
 004 glPointSize core found.
 005 glPolygonMode core found.
 006 glScissor core found.
 007 glTexParameterf core found.
 008 glTexParameterfv core found.
 009 glTexParameteri core found.
 010 glTexParameteriv core found.
 011 glTexImage1D core found.
 012 glTexImage2D core found.
 013 glDrawBuffer core found.
 014 glClear core found.
 015 glClearColor core found.
 016 glClearStencil core found.
 017 glClearDepth core found.
 018 glStencilMask core found.
 019 glColorMask core found.
 020 glDepthMask core found.
 021 glDisable core found.
 022 glEnable core found.
 023 glFinish core found.
 024 glFlush core found.
 025 glBlendFunc core found.
 026 glLogicOp core found.
 027 glStencilFunc core found.
 028 glStencilOp core found.
 029 glDepthFunc core found.
 030 glPixelStoref core found.
 031 glPixelStorei core found.
 032 glReadBuffer core found.
 033 glReadPixels core found.
 034 glGetBooleanv core found.
 035 glGetDoublev core found.
 036 glGetError core found.
 037 glGetFloatv core found.
 038 glGetIntegerv core found.
 039 glGetString core found.
 040 glGetTexImage core found.
 041 glGetTexParameterfv core found.
 042 glGetTexParameteriv core found.
 043 glGetTexLevelParameterfv core found.
 044 glGetTexLevelParameteriv core found.
 045 glIsEnabled core found.
 046 glDepthRange core found.
 047 glViewport core found.
 048 glDrawArrays core found.
 049 glDrawElements core found.
 050 glGetPointerv core found.
 051 glPolygonOffset core found.
 052 glCopyTexImage1D core found.
 053 glCopyTexImage2D core found.
 054 glCopyTexSubImage1D core found.
 055 glCopyTexSubImage2D core found.
 056 glTexSubImage1D core found.
 057 glTexSubImage2D core found.
 058 glBindTexture core found.
 059 glDeleteTextures core found.
 060 glGenTextures core found.
 061 glIsTexture core found.
 062 glDrawRangeElements core found.
 063 glTexImage3D core found.
 064 glTexSubImage3D core found.
 065 glCopyTexSubImage3D core found.
 066 glActiveTexture core found.
 067 glSampleCoverage core found.
 068 glCompressedTexImage3D core found.
 069 glCompressedTexImage2D core found.
 070 glCompressedTexImage1D core found.
 071 glCompressedTexSubImage3D core found.
 072 glCompressedTexSubImage2D core found.
 073 glCompressedTexSubImage1D core found.
 074 glGetCompressedTexImage core found.
 075 glBlendFuncSeparate core found.
 076 glMultiDrawArrays core found.
 077 glMultiDrawElements core found.
 078 glPointParameterf core found.
 079 glPointParameterfv core found.
 080 glPointParameteri core found.
 081 glPointParameteriv core found.
 082 glBlendColor core found.
 083 glBlendEquation core found.
 084 glGenQueries core found.
 085 glDeleteQueries core found.
 086 glIsQuery core found.
 087 glBeginQuery core found.
 088 glEndQuery core found.
 089 glGetQueryiv core found.
 090 glGetQueryObjectiv core found.
 091 glGetQueryObjectuiv core found.
 092 glBindBuffer core found.
 093 glDeleteBuffers core found.
 094 glGenBuffers core found.
 095 glIsBuffer core found.
 096 glBufferData core found.
 097 glBufferSubData core found.
 098 glGetBufferSubData core found.
 099 glMapBuffer core found.
 100 glUnmapBuffer core found.
 101 glGetBufferParameteriv core found.
 102 glGetBufferPointerv core found.
 103 glBlendEquationSeparate core found.
 104 glDrawBuffers core found.
 105 glStencilOpSeparate core found.
 106 glStencilFuncSeparate core found.
 107 glStencilMaskSeparate core found.
 108 glAttachShader core found.
 109 glBindAttribLocation core found.
 110 glCompileShader core found.
 111 glCreateProgram core found.
 112 glCreateShader core found.
 113 glDeleteProgram core found.
 114 glDeleteShader core found.
 115 glDetachShader core found.
 116 glDisableVertexAttribArray core found.
 117 glEnableVertexAttribArray core found.
 118 glGetActiveAttrib core found.
 119 glGetActiveUniform core found.
 120 glGetAttachedShaders core found.
 121 glGetAttribLocation core found.
 122 glGetProgramiv core found.
 123 glGetProgramInfoLog core found.
 124 glGetShaderiv core found.
 125 glGetShaderInfoLog core found.
 126 glGetShaderSource core found.
 127 glGetUniformLocation core found.
 128 glGetUniformfv core found.
 129 glGetUniformiv core found.
 130 glGetVertexAttribdv core found.
 131 glGetVertexAttribfv core found.
 132 glGetVertexAttribiv core found.
 133 glGetVertexAttribPointerv core found.
 134 glIsProgram core found.
 135 glIsShader core found.
 136 glLinkProgram core found.
 137 glShaderSource core found.
 138 glUseProgram core found.
 139 glUniform1f core found.
 140 glUniform2f core found.
 141 glUniform3f core found.
 142 glUniform4f core found.
 143 glUniform1i core found.
 144 glUniform2i core found.
 145 glUniform3i core found.
 146 glUniform4i core found.
 147 glUniform1fv core found.
 148 glUniform2fv core found.
 149 glUniform3fv core found.
 150 glUniform4fv core found.
 151 glUniform1iv core found.
 152 glUniform2iv core found.
 153 glUniform3iv core found.
 154 glUniform4iv core found.
 155 glUniformMatrix2fv core found.
 156 glUniformMatrix3fv core found.
 157 glUniformMatrix4fv core found.
 158 glValidateProgram core found.
 159 glVertexAttrib1d core found.
 160 glVertexAttrib1dv core found.
 161 glVertexAttrib1f core found.
 162 glVertexAttrib1fv core found.
 163 glVertexAttrib1s core found.
 164 glVertexAttrib1sv core found.
 165 glVertexAttrib2d core found.
 166 glVertexAttrib2dv core found.
 167 glVertexAttrib2f core found.
 168 glVertexAttrib2fv core found.
 169 glVertexAttrib2s core found.
 170 glVertexAttrib2sv core found.
 171 glVertexAttrib3d core found.
 172 glVertexAttrib3dv core found.
 173 glVertexAttrib3f core found.
 174 glVertexAttrib3fv core found.
 175 glVertexAttrib3s core found.
 176 glVertexAttrib3sv core found.
 177 glVertexAttrib4Nbv core found.
 178 glVertexAttrib4Niv core found.
 179 glVertexAttrib4Nsv core found.
 180 glVertexAttrib4Nub core found.
 181 glVertexAttrib4Nubv core found.
 182 glVertexAttrib4Nuiv core found.
 183 glVertexAttrib4Nusv core found.
 184 glVertexAttrib4bv core found.
 185 glVertexAttrib4d core found.
 186 glVertexAttrib4dv core found.
 187 glVertexAttrib4f core found.
 188 glVertexAttrib4fv core found.
 189 glVertexAttrib4iv core found.
 190 glVertexAttrib4s core found.
 191 glVertexAttrib4sv core found.
 192 glVertexAttrib4ubv core found.
 193 glVertexAttrib4uiv core found.
 194 glVertexAttrib4usv core found.
 195 glVertexAttribPointer core found.
 196 glUniformMatrix2x3fv core found.
 197 glUniformMatrix3x2fv core found.
 198 glUniformMatrix2x4fv core found.
 199 glUniformMatrix4x2fv core found.
 200 glUniformMatrix3x4fv core found.
 201 glUniformMatrix4x3fv core found.
 202 glColorMaski core found.
 203 glGetBooleani_v core found.
 204 glGetIntegeri_v core found.
 205 glEnablei core found.
 206 glDisablei core found.
 207 glIsEnabledi core found.
 208 glBeginTransformFeedback core found.
 209 glEndTransformFeedback core found.
 210 glBindBufferRange core found.
 211 glBindBufferBase core found.
 212 glTransformFeedbackVaryings core found.
 213 glGetTransformFeedbackVarying core found.
 214 glClampColor core found.
 215 glBeginConditionalRender core found.
 216 glEndConditionalRender core found.
 217 glVertexAttribIPointer core found.
 218 glGetVertexAttribIiv core found.
 219 glGetVertexAttribIuiv core found.
 220 glVertexAttribI1i core found.
 221 glVertexAttribI2i core found.
 222 glVertexAttribI3i core found.
 223 glVertexAttribI4i core found.
 224 glVertexAttribI1ui core found.
 225 glVertexAttribI2ui core found.
 226 glVertexAttribI3ui core found.
 227 glVertexAttribI4ui core found.
 228 glVertexAttribI1iv core found.
 229 glVertexAttribI2iv core found.
 230 glVertexAttribI3iv core found.
 231 glVertexAttribI4iv core found.
 232 glVertexAttribI1uiv core found.
 233 glVertexAttribI2uiv core found.
 234 glVertexAttribI3uiv core found.
 235 glVertexAttribI4uiv core found.
 236 glVertexAttribI4bv core found.
 237 glVertexAttribI4sv core found.
 238 glVertexAttribI4ubv core found.
 239 glVertexAttribI4usv core found.
 240 glGetUniformuiv core found.
 241 glBindFragDataLocation core found.
 242 glGetFragDataLocation core found.
 243 glUniform1ui core found.
 244 glUniform2ui core found.
 245 glUniform3ui core found.
 246 glUniform4ui core found.
 247 glUniform1uiv core found.
 248 glUniform2uiv core found.
 249 glUniform3uiv core found.
 250 glUniform4uiv core found.
 251 glTexParameterIiv core found.
 252 glTexParameterIuiv core found.
 253 glGetTexParameterIiv core found.
 254 glGetTexParameterIuiv core found.
 255 glClearBufferiv core found.
 256 glClearBufferuiv core found.
 257 glClearBufferfv core found.
 258 glClearBufferfi core found.
 259 glGetStringi core found.
 260 glIsRenderbuffer core found.
 261 glBindRenderbuffer core found.
 262 glDeleteRenderbuffers core found.
 263 glGenRenderbuffers core found.
 264 glRenderbufferStorage core found.
 265 glGetRenderbufferParameteriv core found.
 266 glIsFramebuffer core found.
 267 glBindFramebuffer core found.
 268 glDeleteFramebuffers core found.
 269 glGenFramebuffers core found.
 270 glCheckFramebufferStatus core found.
 271 glFramebufferTexture1D core found.
 272 glFramebufferTexture2D core found.
 273 glFramebufferTexture3D core found.
 274 glFramebufferRenderbuffer core found.
 275 glGetFramebufferAttachmentParameteriv core found.
 276 glGenerateMipmap core found.
 277 glBlitFramebuffer core found.
 278 glRenderbufferStorageMultisample core found.
 279 glFramebufferTextureLayer core found.
 280 glMapBufferRange core found.
 281 glFlushMappedBufferRange core found.
 282 glBindVertexArray core found.
 283 glDeleteVertexArrays core found.
 284 glGenVertexArrays core found.
 285 glIsVertexArray core found.
 286 glDrawArraysInstanced core found.
 287 glDrawElementsInstanced core found.
 288 glTexBuffer core found.
 289 glPrimitiveRestartIndex core found.
 290 glCopyBufferSubData core found.
 291 glGetUniformIndices core found.
 292 glGetActiveUniformsiv core found.
 293 glGetActiveUniformName core found.
 294 glGetUniformBlockIndex core found.
 295 glGetActiveUniformBlockiv core found.
 296 glGetActiveUniformBlockName core found.
 297 glUniformBlockBinding core found.
 298 glDrawElementsBaseVertex core found.
 299 glDrawRangeElementsBaseVertex core found.
 300 glDrawElementsInstancedBaseVertex core found.
 301 glMultiDrawElementsBaseVertex core found.
 302 glProvokingVertex core found.
 303 glFenceSync core found.
 304 glIsSync core found.
 305 glDeleteSync core found.
 306 glClientWaitSync core found.
 307 glWaitSync core found.
 308 glGetInteger64v core found.
 309 glGetSynciv core found.
 310 glGetInteger64i_v core found.
 311 glGetBufferParameteri64v core found.
 312 glFramebufferTexture core found.
 313 glTexImage2DMultisample core found.
 314 glTexImage3DMultisample core found.
 315 glGetMultisamplefv core found.
 316 glSampleMaski core found.
 317 glBindFragDataLocationIndexed core found.
 318 glGetFragDataIndex core found.
 319 glGenSamplers core found.
 320 glDeleteSamplers core found.
 321 glIsSampler core found.
 322 glBindSampler core found.
 323 glSamplerParameteri core found.
 324 glSamplerParameteriv core found.
 325 glSamplerParameterf core found.
 326 glSamplerParameterfv core found.
 327 glSamplerParameterIiv core found.
 328 glSamplerParameterIuiv core found.
 329 glGetSamplerParameteriv core found.
 330 glGetSamplerParameterIiv core found.
 331 glGetSamplerParameterfv core found.
 332 glGetSamplerParameterIuiv core found.
 333 glQueryCounter core found.
 334 glGetQueryObjecti64v core found.
 335 glGetQueryObjectui64v core found.
 336 glVertexAttribDivisor core found.
 337 glVertexAttribP1ui core found.
 338 glVertexAttribP1uiv core found.
 339 glVertexAttribP2ui core found.
 340 glVertexAttribP2uiv core found.
 341 glVertexAttribP3ui core found.
 342 glVertexAttribP3uiv core found.
 343 glVertexAttribP4ui core found.
 344 glVertexAttribP4uiv core found.
 345 glMinSampleShading core found.
 346 glBlendEquationi core found.
 347 glBlendEquationSeparatei core found.
 348 glBlendFunci core found.
 349 glBlendFuncSeparatei core found.
 350 glDrawArraysIndirect core found.
 351 glDrawElementsIndirect core found.
 352 glUniform1d core found.
 353 glUniform2d core found.
 354 glUniform3d core found.
 355 glUniform4d core found.
 356 glUniform1dv core found.
 357 glUniform2dv core found.
 358 glUniform3dv core found.
 359 glUniform4dv core found.
 360 glUniformMatrix2dv core found.
 361 glUniformMatrix3dv core found.
 362 glUniformMatrix4dv core found.
 363 glUniformMatrix2x3dv core found.
 364 glUniformMatrix2x4dv core found.
 365 glUniformMatrix3x2dv core found.
 366 glUniformMatrix3x4dv core found.
 367 glUniformMatrix4x2dv core found.
 368 glUniformMatrix4x3dv core found.
 369 glGetUniformdv core found.
 370 glGetSubroutineUniformLocation core found.
 371 glGetSubroutineIndex core found.
 372 glGetActiveSubroutineUniformiv core found.
 373 glGetActiveSubroutineUniformName core found.
 374 glGetActiveSubroutineName core found.
 375 glUniformSubroutinesuiv core found.
 376 glGetUniformSubroutineuiv core found.
 377 glGetProgramStageiv core found.
 378 glPatchParameteri core found.
 379 glPatchParameterfv core found.
 380 glBindTransformFeedback core found.
 381 glDeleteTransformFeedbacks core found.
 382 glGenTransformFeedbacks core found.
 383 glIsTransformFeedback core found.
 384 glPauseTransformFeedback core found.
 385 glResumeTransformFeedback core found.
 386 glDrawTransformFeedback core found.
 387 glDrawTransformFeedbackStream core found.
 388 glBeginQueryIndexed core found.
 389 glEndQueryIndexed core found.
 390 glGetQueryIndexediv core found.
 391 glReleaseShaderCompiler core found.
 392 glShaderBinary core found.
 393 glGetShaderPrecisionFormat core found.
 394 glDepthRangef core found.
 395 glClearDepthf core found.
 396 glGetProgramBinary core found.
 397 glProgramBinary core found.
 398 glProgramParameteri core found.
 399 glUseProgramStages core found.
 400 glActiveShaderProgram core found.
 401 glCreateShaderProgramv core found.
 402 glBindProgramPipeline core found.
 403 glDeleteProgramPipelines core found.
 404 glGenProgramPipelines core found.
 405 glIsProgramPipeline core found.
 406 glGetProgramPipelineiv core found.
 407 glProgramUniform1i core found.
 408 glProgramUniform1iv core found.
 409 glProgramUniform1f core found.
 410 glProgramUniform1fv core found.
 411 glProgramUniform1d core found.
 412 glProgramUniform1dv core found.
 413 glProgramUniform1ui core found.
 414 glProgramUniform1uiv core found.
 415 glProgramUniform2i core found.
 416 glProgramUniform2iv core found.
 417 glProgramUniform2f core found.
 418 glProgramUniform2fv core found.
 419 glProgramUniform2d core found.
 420 glProgramUniform2dv core found.
 421 glProgramUniform2ui core found.
 422 glProgramUniform2uiv core found.
 423 glProgramUniform3i core found.
 424 glProgramUniform3iv core found.
 425 glProgramUniform3f core found.
 426 glProgramUniform3fv core found.
 427 glProgramUniform3d core found.
 428 glProgramUniform3dv core found.
 429 glProgramUniform3ui core found.
 430 glProgramUniform3uiv core found.
 431 glProgramUniform4i core found.
 432 glProgramUniform4iv core found.
 433 glProgramUniform4f core found.
 434 glProgramUniform4fv core found.
 435 glProgramUniform4d core found.
 436 glProgramUniform4dv core found.
 437 glProgramUniform4ui core found.
 438 glProgramUniform4uiv core found.
 439 glProgramUniformMatrix2fv core found.
 440 glProgramUniformMatrix3fv core found.
 441 glProgramUniformMatrix4fv core found.
 442 glProgramUniformMatrix2dv core found.
 443 glProgramUniformMatrix3dv core found.
 444 glProgramUniformMatrix4dv core found.
 445 glProgramUniformMatrix2x3fv core found.
 446 glProgramUniformMatrix3x2fv core found.
 447 glProgramUniformMatrix2x4fv core found.
 448 glProgramUniformMatrix4x2fv core found.
 449 glProgramUniformMatrix3x4fv core found.
 450 glProgramUniformMatrix4x3fv core found.
 451 glProgramUniformMatrix2x3dv core found.
 452 glProgramUniformMatrix3x2dv core found.
 453 glProgramUniformMatrix2x4dv core found.
 454 glProgramUniformMatrix4x2dv core found.
 455 glProgramUniformMatrix3x4dv core found.
 456 glProgramUniformMatrix4x3dv core found.
 457 glValidateProgramPipeline core found.
 458 glGetProgramPipelineInfoLog core found.
 459 glVertexAttribL1d core found.
 460 glVertexAttribL2d core found.
 461 glVertexAttribL3d core found.
 462 glVertexAttribL4d core found.
 463 glVertexAttribL1dv core found.
 464 glVertexAttribL2dv core found.
 465 glVertexAttribL3dv core found.
 466 glVertexAttribL4dv core found.
 467 glVertexAttribLPointer core found.
 468 glGetVertexAttribLdv core found.
 469 glViewportArrayv core found.
 470 glViewportIndexedf core found.
 471 glViewportIndexedfv core found.
 472 glScissorArrayv core found.
 473 glScissorIndexed core found.
 474 glScissorIndexedv core found.
 475 glDepthRangeArrayv core found.
 476 glDepthRangeIndexed core found.
 477 glGetFloati_v core found.
 478 glGetDoublei_v core found.
 479 glDrawArraysInstancedBaseInstance core found.
 480 glDrawElementsInstancedBaseInstance core found.
 481 glDrawElementsInstancedBaseVertexBaseInstance core found.
 482 glGetInternalformativ core found.
 483 glGetActiveAtomicCounterBufferiv core found.
 484 glBindImageTexture core found.
 485 glMemoryBarrier core found.
 486 glTexStorage1D core found.
 487 glTexStorage2D core found.
 488 glTexStorage3D core found.
 489 glDrawTransformFeedbackInstanced core found.
 490 glDrawTransformFeedbackStreamInstanced core found.
 491 glClearBufferData core found.
 492 glClearBufferSubData core found.
 493 glDispatchCompute core found.
 494 glDispatchComputeIndirect core found.
 495 glCopyImageSubData core found.
 496 glFramebufferParameteri core found.
 497 glGetFramebufferParameteriv core found.
 498 glGetInternalformati64v core found.
 499 glInvalidateTexSubImage core found.
 500 glInvalidateTexImage core found.
 501 glInvalidateBufferSubData core found.
 502 glInvalidateBufferData core found.
 503 glInvalidateFramebuffer core found.
 504 glInvalidateSubFramebuffer core found.
 505 glMultiDrawArraysIndirect core found.
 506 glMultiDrawElementsIndirect core found.
 507 glGetProgramInterfaceiv core found.
 508 glGetProgramResourceIndex core found.
 509 glGetProgramResourceName core found.
 510 glGetProgramResourceiv core found.
 511 glGetProgramResourceLocation core found.
 512 glGetProgramResourceLocationIndex core found.
 513 glShaderStorageBlockBinding core found.
 514 glTexBufferRange core found.
 515 glTexStorage2DMultisample core found.
 516 glTexStorage3DMultisample core found.
 517 glTextureView core found.
 518 glBindVertexBuffer core found.
 519 glVertexAttribFormat core found.
 520 glVertexAttribIFormat core found.
 521 glVertexAttribLFormat core found.
 522 glVertexAttribBinding core found.
 523 glVertexBindingDivisor core found.
 524 glDebugMessageControl core found.
 525 glDebugMessageInsert core found.
 526 glDebugMessageCallback core found.
 527 glGetDebugMessageLog core found.
 528 glPushDebugGroup core found.
 529 glPopDebugGroup core found.
 530 glObjectLabel core found.
 531 glGetObjectLabel core found.
 532 glObjectPtrLabel core found.
 533 glGetObjectPtrLabel core found.
 534 glBufferStorage core found.
 535 glClearTexImage core found.
 536 glClearTexSubImage core found.
 537 glBindBuffersBase core found.
 538 glBindBuffersRange core found.
 539 glBindTextures core found.
 540 glBindSamplers core found.
 541 glBindImageTextures core found.
 542 glBindVertexBuffers core found.
 543 glClipControl core found.
 544 glCreateTransformFeedbacks core found.
 545 glTransformFeedbackBufferBase core found.
 546 glTransformFeedbackBufferRange core found.
 547 glGetTransformFeedbackiv core found.
 548 glGetTransformFeedbacki_v core found.
 549 glGetTransformFeedbacki64_v core found.
 550 glCreateBuffers core found.
 551 glNamedBufferStorage core found.
 552 glNamedBufferData core found.
 553 glNamedBufferSubData core found.
 554 glCopyNamedBufferSubData core found.
 555 glClearNamedBufferData core found.
 556 glClearNamedBufferSubData core found.
 557 glMapNamedBuffer core found.
 558 glMapNamedBufferRange core found.
 559 glUnmapNamedBuffer core found.
 560 glFlushMappedNamedBufferRange core found.
 561 glGetNamedBufferParameteriv core found.
 562 glGetNamedBufferParameteri64v core found.
 563 glGetNamedBufferPointerv core found.
 564 glGetNamedBufferSubData core found.
 565 glCreateFramebuffers core found.
 566 glNamedFramebufferRenderbuffer core found.
 567 glNamedFramebufferParameteri core found.
 568 glNamedFramebufferTexture core found.
 569 glNamedFramebufferTextureLayer core found.
 572 glNamedFramebufferReadBuffer core found.
 573 glInvalidateNamedFramebufferData core found.
 574 glInvalidateNamedFramebufferSubData core found.
 575 glClearNamedFramebufferiv core found.
 576 glClearNamedFramebufferuiv core found.
 577 glClearNamedFramebufferfv core found.
 578 glClearNamedFramebufferfi core found.
 579 glBlitNamedFramebuffer core found.
 580 glCheckNamedFramebufferStatus core found.
 581 glGetNamedFramebufferParameteriv core found.
 582 glGetNamedFramebufferAttachmentParameteriv core found.
 583 glCreateRenderbuffers core found.
 584 glNamedRenderbufferStorage core found.
 585 glNamedRenderbufferStorageMultisample core found.
 586 glGetNamedRenderbufferParameteriv core found.
 587 glCreateTextures core found.
 588 glTextureBuffer core found.
 589 glTextureBufferRange core found.
 590 glTextureStorage1D core found.
 591 glTextureStorage2D core found.
 592 glTextureStorage3D core found.
 593 glTextureStorage2DMultisample core found.
 594 glTextureStorage3DMultisample core found.
 595 glTextureSubImage1D core found.
 596 glTextureSubImage2D core found.
 597 glTextureSubImage3D core found.
 598 glCompressedTextureSubImage1D core found.
 599 glCompressedTextureSubImage2D core found.
 600 glCompressedTextureSubImage3D core found.
 601 glCopyTextureSubImage1D core found.
 602 glCopyTextureSubImage2D core found.
 603 glCopyTextureSubImage3D core found.
 604 glTextureParameterf core found.
 605 glTextureParameterfv core found.
 606 glTextureParameteri core found.
 607 glTextureParameterIiv core found.
 608 glTextureParameterIuiv core found.
 609 glTextureParameteriv core found.
 610 glGenerateTextureMipmap core found.
 611 glBindTextureUnit core found.
 612 glGetTextureImage core found.
 613 glGetCompressedTextureImage core found.
 614 glGetTextureLevelParameterfv core found.
 615 glGetTextureLevelParameteriv core found.
 616 glGetTextureParameterfv core found.
 617 glGetTextureParameterIiv core found.
 618 glGetTextureParameterIuiv core found.
 619 glGetTextureParameteriv core found.
 620 glCreateVertexArrays core found.
 621 glDisableVertexArrayAttrib core found.
 622 glEnableVertexArrayAttrib core found.
 623 glVertexArrayElementBuffer core found.
 624 glVertexArrayVertexBuffer core found.
 625 glVertexArrayVertexBuffers core found.
 626 glVertexArrayAttribBinding core found.
 627 glVertexArrayAttribFormat core found.
 628 glVertexArrayAttribIFormat core found.
 629 glVertexArrayAttribLFormat core found.
 630 glVertexArrayBindingDivisor core found.
 631 glGetVertexArrayiv core found.
 632 glGetVertexArrayIndexediv core found.
 633 glGetVertexArrayIndexed64iv core found.
 634 glCreateSamplers core found.
 635 glCreateProgramPipelines core found.
 636 glCreateQueries core found.
 637 glGetQueryBufferObjecti64v core found.
 638 glGetQueryBufferObjectiv core found.
 639 glGetQueryBufferObjectui64v core found.
 640 glGetQueryBufferObjectuiv core found.
 641 glMemoryBarrierByRegion core found.
 642 glGetTextureSubImage core found.
 643 glGetCompressedTextureSubImage core found.
 644 glGetGraphicsResetStatus core found.
 [!] sglDrawDriver.c:795?SglLoadOpenGlVmt
  645 glGetnCompressedTexImageARB ext found.
 [!] sglDrawDriver.c:795?SglLoadOpenGlVmt
  646 glGetnTexImageARB ext found.
 [!] sglDrawDriver.c:795?SglLoadOpenGlVmt
  647 glGetnUniformdvARB ext found.
 648 glGetnUniformfv core found.
 649 glGetnUniformiv core found.
 650 glGetnUniformuiv core found.
 651 glReadnPixels core found.
 652 glTextureBarrier core found.
 653 glSpecializeShader core found.
 654 glMultiDrawArraysIndirectCount core found.
 655 glMultiDrawElementsIndirectCount core found.
 656 glPolygonOffsetClamp core found.
 Listing #229 "core" GL supported extensions.
 000: GL_AMD_conservative_depth
 001: GL_AMD_draw_buffers_blend
 002: GL_AMD_seamless_cubemap_per_texture
 003: GL_AMD_shader_stencil_export
 004: GL_AMD_shader_trinary_minmax
 005: GL_ANGLE_texture_compression_dxt3
 006: GL_ANGLE_texture_compression_dxt5
 007: GL_APPLE_packed_pixels
 008: GL_ARB_ES2_compatibility
 009: GL_ARB_ES3_compatibility
 010: GL_ARB_arrays_of_arrays
 011: GL_ARB_base_instance
 012: GL_ARB_blend_func_extended
 013: GL_ARB_buffer_storage
 014: GL_ARB_clear_buffer_object
 015: GL_ARB_clear_texture
 016: GL_ARB_clip_control
 017: GL_ARB_color_buffer_float
 018: GL_ARB_compatibility
 019: GL_ARB_compressed_texture_pixel_storage
 020: GL_ARB_conditional_render_inverted
 021: GL_ARB_conservative_depth
 022: GL_ARB_copy_buffer
 023: GL_ARB_copy_image
 024: GL_ARB_cull_distance
 025: GL_ARB_debug_output
 026: GL_ARB_depth_buffer_float
 027: GL_ARB_depth_clamp
 028: GL_ARB_depth_texture
 029: GL_ARB_draw_buffers
 030: GL_ARB_draw_buffers_blend
 031: GL_ARB_draw_elements_base_vertex
 032: GL_ARB_draw_indirect
 033: GL_ARB_draw_instanced
 034: GL_ARB_enhanced_layouts
 035: GL_ARB_explicit_attrib_location
 036: GL_ARB_explicit_uniform_location
 037: GL_ARB_fragment_coord_conventions
 038: GL_ARB_fragment_layer_viewport
 039: GL_ARB_fragment_program
 040: GL_ARB_fragment_program_shadow
 041: GL_ARB_fragment_shader
 042: GL_ARB_framebuffer_object
 043: GL_ARB_framebuffer_sRGB
 044: GL_ARB_get_program_binary
 045: GL_ARB_get_texture_sub_image
 046: GL_ARB_half_float_pixel
 047: GL_ARB_half_float_vertex
 048: GL_ARB_instanced_arrays
 049: GL_ARB_internalformat_query
 050: GL_ARB_internalformat_query2
 051: GL_ARB_invalidate_subdata
 052: GL_ARB_map_buffer_alignment
 053: GL_ARB_map_buffer_range
 054: GL_ARB_multi_bind
 055: GL_ARB_multi_draw_indirect
 056: GL_ARB_multisample
 057: GL_ARB_multitexture
 058: GL_ARB_occlusion_query
 059: GL_ARB_occlusion_query2
 060: GL_ARB_pipeline_statistics_query
 061: GL_ARB_pixel_buffer_object
 062: GL_ARB_point_parameters
 063: GL_ARB_point_sprite
 064: GL_ARB_polygon_offset_clamp
 065: GL_ARB_program_interface_query
 066: GL_ARB_provoking_vertex
 067: GL_ARB_robustness
 068: GL_ARB_sampler_objects
 069: GL_ARB_seamless_cube_map
 070: GL_ARB_seamless_cubemap_per_texture
 071: GL_ARB_separate_shader_objects
 072: GL_ARB_shader_bit_encoding
 073: GL_ARB_shader_objects
 074: GL_ARB_shader_stencil_export
 075: GL_ARB_shader_subroutine
 076: GL_ARB_shader_texture_lod
 077: GL_ARB_shading_language_100
 078: GL_ARB_shading_language_420pack
 079: GL_ARB_shading_language_packing
 080: GL_ARB_shadow
 081: GL_ARB_stencil_texturing
 082: GL_ARB_sync
 083: GL_ARB_texture_border_clamp
 084: GL_ARB_texture_buffer_object
 085: GL_ARB_texture_buffer_object_rgb32
 086: GL_ARB_texture_buffer_range
 087: GL_ARB_texture_compression
 088: GL_ARB_texture_compression_bptc
 089: GL_ARB_texture_compression_rgtc
 090: GL_ARB_texture_cube_map
 091: GL_ARB_texture_cube_map_array
 092: GL_ARB_texture_env_add
 093: GL_ARB_texture_env_combine
 094: GL_ARB_texture_env_crossbar
 095: GL_ARB_texture_env_dot3
 096: GL_ARB_texture_float
 097: GL_ARB_texture_gather
 098: GL_ARB_texture_mirror_clamp_to_edge
 099: GL_ARB_texture_mirrored_repeat
 100: GL_ARB_texture_multisample
 101: GL_ARB_texture_non_power_of_two
 102: GL_ARB_texture_query_levels
 103: GL_ARB_texture_query_lod
 104: GL_ARB_texture_rectangle
 105: GL_ARB_texture_rg
 106: GL_ARB_texture_rgb10_a2ui
 107: GL_ARB_texture_stencil8
 108: GL_ARB_texture_storage
 109: GL_ARB_texture_storage_multisample
 110: GL_ARB_texture_swizzle
 111: GL_ARB_texture_view
 112: GL_ARB_timer_query
 113: GL_ARB_transform_feedback2
 114: GL_ARB_transform_feedback3
 115: GL_ARB_transform_feedback_instanced
 116: GL_ARB_transform_feedback_overflow_query
 117: GL_ARB_transpose_matrix
 118: GL_ARB_uniform_buffer_object
 119: GL_ARB_vertex_array_bgra
 120: GL_ARB_vertex_array_object
 121: GL_ARB_vertex_attrib_binding
 122: GL_ARB_vertex_buffer_object
 123: GL_ARB_vertex_program
 124: GL_ARB_vertex_shader
 125: GL_ARB_vertex_type_10f_11f_11f_rev
 126: GL_ARB_vertex_type_2_10_10_10_rev
 127: GL_ARB_viewport_array
 128: GL_ARB_window_pos
 129: GL_ATI_blend_equation_separate
 130: GL_ATI_draw_buffers
 131: GL_ATI_fragment_shader
 132: GL_ATI_separate_stencil
 133: GL_ATI_texture_compression_3dc
 134: GL_ATI_texture_env_combine3
 135: GL_ATI_texture_float
 136: GL_ATI_texture_mirror_once
 137: GL_EXT_abgr
 138: GL_EXT_bgra
 139: GL_EXT_blend_color
 140: GL_EXT_blend_equation_separate
 141: GL_EXT_blend_func_separate
 142: GL_EXT_blend_minmax
 143: GL_EXT_blend_subtract
 144: GL_EXT_compiled_vertex_array
 145: GL_EXT_copy_texture
 146: GL_EXT_draw_buffers2
 147: GL_EXT_draw_instanced
 148: GL_EXT_draw_range_elements
 149: GL_EXT_fog_coord
 150: GL_EXT_framebuffer_blit
 151: GL_EXT_framebuffer_multisample
 152: GL_EXT_framebuffer_multisample_blit_scaled
 153: GL_EXT_framebuffer_object
 154: GL_EXT_framebuffer_sRGB
 155: GL_EXT_gpu_program_parameters
 156: GL_EXT_multi_draw_arrays
 157: GL_EXT_packed_depth_stencil
 158: GL_EXT_packed_float
 159: GL_EXT_packed_pixels
 160: GL_EXT_pixel_buffer_object
 161: GL_EXT_point_parameters
 162: GL_EXT_polygon_offset_clamp
 163: GL_EXT_provoking_vertex
 164: GL_EXT_rescale_normal
 165: GL_EXT_secondary_color
 166: GL_EXT_separate_specular_color
 167: GL_EXT_shader_integer_mix
 168: GL_EXT_shadow_funcs
 169: GL_EXT_stencil_two_side
 170: GL_EXT_stencil_wrap
 171: GL_EXT_subtexture
 172: GL_EXT_texture
 173: GL_EXT_texture3D
 174: GL_EXT_texture_array
 175: GL_EXT_texture_compression_dxt1
 176: GL_EXT_texture_compression_latc
 177: GL_EXT_texture_compression_rgtc
 178: GL_EXT_texture_compression_s3tc
 179: GL_EXT_texture_cube_map
 180: GL_EXT_texture_edge_clamp
 181: GL_EXT_texture_env_add
 182: GL_EXT_texture_env_combine
 183: GL_EXT_texture_env_dot3
 184: GL_EXT_texture_integer
 185: GL_EXT_texture_lod_bias
 186: GL_EXT_texture_mirror_clamp
 187: GL_EXT_texture_object
 188: GL_EXT_texture_rectangle
 189: GL_EXT_texture_sRGB
 190: GL_EXT_texture_sRGB_decode
 191: GL_EXT_texture_shared_exponent
 192: GL_EXT_texture_snorm
 193: GL_EXT_texture_swizzle
 194: GL_EXT_timer_query
 195: GL_EXT_transform_feedback
 196: GL_EXT_vertex_array
 197: GL_EXT_vertex_array_bgra
 198: GL_IBM_multimode_draw_arrays
 199: GL_IBM_rasterpos_clip
 200: GL_IBM_texture_mirrored_repeat
 201: GL_INGR_blend_func_separate
 202: GL_KHR_context_flush_control
 203: GL_KHR_debug
 204: GL_KHR_no_error
 205: GL_KHR_texture_compression_astc_ldr
 206: GL_MESA_pack_invert
 207: GL_MESA_shader_integer_functions
 208: GL_MESA_texture_signed_rgba
 209: GL_MESA_window_pos
 210: GL_MESA_ycbcr_texture
 211: GL_NV_blend_square
 212: GL_NV_conditional_render
 213: GL_NV_depth_clamp
 214: GL_NV_fog_distance
 215: GL_NV_light_max_exponent
 216: GL_NV_packed_depth_stencil
 217: GL_NV_primitive_restart
 218: GL_NV_texgen_reflection
 219: GL_NV_texture_env_combine4
 220: GL_NV_texture_rectangle
 221: GL_OES_EGL_image
 222: GL_OES_read_format
 223: GL_S3_s3tc
 224: GL_SGIS_generate_mipmap
 225: GL_SGIS_texture_border_clamp
 226: GL_SGIS_texture_edge_clamp
 227: GL_SGIS_texture_lod
 228: GL_SUN_multi_draw_arrays
 [!] sglDrawDriver.c:1844?_SglBuildDpu
  677 381 1920 1080 96 96 32 1 36 36 51 60 1 
 Opening the Drawing Execution Port 000
	llvmpipe (LLVM 6.0, 128 bits) 3.1 Mesa 18.2.1
 [$] sglDrawDriver.c:1873?_SglBuildDpu
  WGL_ARB_create_context WGL_ARB_create_context_profile WGL_ARB_extensions_string WGL_ARB_make_current_read WGL_ARB_multisample WGL_ARB_pbuffer WGL_ARB_pixel_format WGL_ARB_render_texture WGL_EXT_create_context_es_profile WGL_EXT_create_context_es2_profile WGL_EXT_extensions_string WGL_EXT_swap_control
 Creating temp OpenGL context
 Creating definitive OpenGL context
 [!] sglDrawDriver.c:1844?_SglBuildDpu
  677 381 1920 1080 96 96 32 1 36 36 51 60 1 
 Opening the Drawing Execution Port 001
	llvmpipe (LLVM 6.0, 128 bits) 3.1 Mesa 18.2.1
 [$] sglDrawDriver.c:1873?_SglBuildDpu
  WGL_ARB_create_context WGL_ARB_create_context_profile WGL_ARB_extensions_string WGL_ARB_make_current_read WGL_ARB_multisample WGL_ARB_pbuffer WGL_ARB_pixel_format WGL_ARB_render_texture WGL_EXT_create_context_es_profile WGL_EXT_create_context_es2_profile WGL_EXT_extensions_string WGL_EXT_swap_control
Draw device '
           :::::::::::     :::     :::::::::   ::::::::      :::               
               :+:       :+: :+:   :+:    :+: :+:    :+:   :+: :+:             
               +:+      +:+   +:+  +:+    +:+ +:+         +:+   +:+            
               +#+     +#++:++#++: +#++:++#:  :#:        +#++:++#++:           
               +#+     +#+     +#+ +#+    +#+ +#+   +#+# +#+     +#+           
               #+#     #+#     #+# #+#    #+# #+#    #+# #+#     #+#           
               ###     ###     ### ###    ###  ########  ###     ###           
                                                                               
          T H E   Q W A D R O   E X E C U T I O N   E C O S Y S T E M          
                                                                               
                               Public Test Build                               
              (c) 2017 SIGMA Technology Group --- Federacao SIGMA              
                                www.sigmaco.org                                
                                                                               ' <'targa'> discovered on draw system 002ee3a0.
 E:/qwadro/afx/system32/*.icd
 ERR afxSystem.c:672?AfxResolveUris
  
 ERR afxSystem.c:692?AfxResolveUri
  
 Loading draw ICD e2newton.icd
 afxModule.c:169
  AfxAcquireModules(cnt=1,mdle=0023dd70,uri=0023dd78)
 afxClass<Module>::ConstructObject(002ed618)
 afxModule.c:125
  _AfxMdleCtor(uri:e2newton.icd)
 afxClass<Module>::DismantleObjects(1, 0023dd9c)
 Destructing instance 002ed618 of Module class.
 afxModule.c:104
  _AfxMdleDtor(mdle=002ed618)
 afxDrawThread.c:163
  AfxAcquireDrawThreads(cnt=1,dthr=0023eab0,config=00000000)
 afxClass<Draw Thread>::ConstructObject(031a9290)
 afxDrawThread.c:139
  _AfxDthrCtor(dthr=031a9290)
 afxThread.c:1228
  AfxAcquireThreads(cnt=1,thr=031a9290,config=0023e564,hint="afxDrawThread.c:155!_AfxDthrCtor")
 afxClass<Thread>::ConstructObject(03209200)
 afxThread.c:1173
  _AfxThrCtor(03209200)
 afxThread.c:1079
  AfxSetThreadAffinity(thr=03209200)
 afxThread.c:1090
  AfxRunThread(thr=03209200)
 afxDrawContext.c:282
  AfxAcquireDrawContexts(cnt=1,config=0023eea8)
 afxClass<Draw Context, Draw Context>ConstructingObject(033d7620)
 afxClass<Draw Context>::ConstructObject(033d7620)
 afxClass<Draw Context>::ConstructObject(033d7620)
 sglDrawContext.c:355
  _SglDctxCtor(dctx=033d7620)
 afxArena.c:767
  AfxAcquireArena(aren=033d7640)
 afxArena.c:768
  AfxAcquireArena(spec=00000000,hint="sglDrawContext.c:378!_SglDctxCtor")
 Installing Buffer at 033d7778 by 033d7628 over 00000000 with 0023e820)
 Installing Vertex Buffer at 033d7838 by 033d7628 over 00000000 with 0023e820)
 Installing Index Buffer at 033d78f8 by 033d7628 over 00000000 with 0023e820)
 Installing Texture at 033d76b8 by 033d7628 over 00000000 with 0023e820)
 Installing Surface at 033d79b8 by 033d7628 over 00000000 with 0023e820)
 Installing Sampler at 033d7d78 by 033d7628 over 00000000 with 0023e820)
 Installing Canvas at 033d7cb8 by 033d7628 over 00000000 with 0023e820)
 Installing Lego at 033d7bf8 by 033d7628 over 00000000 with 0023e820)
 Installing Shader at 033d7a78 by 033d7628 over 00000000 with 0023e820)
 Installing Pipeline at 033d7b38 by 033d7628 over 00000000 with 0023e820)
 Installing Draw Queue at 033f58e4 by 033d7628 over 00000000 with 51b03134)
 Installing Draw Script at 033f59a4 by 033d7628 over 00000000 with 51b03234)
 afxClass<Draw Queue>::ConstructObject(037bdf80)
 sglDrawQueue.c:2168
  _SglDqueCtor(dque=037bdf80)
 afxArena.c:767
  AfxAcquireArena(aren=037bdfc8)
 afxArena.c:768
  AfxAcquireArena(spec=00000000,hint="sglDrawQueue.c:2185!_SglDqueCtor")
 afxClass<Draw Queue>::ConstructObject(037be04c)
 sglDrawQueue.c:2168
  _SglDqueCtor(dque=037be04c)
 afxArena.c:767
  AfxAcquireArena(aren=037be094)
 afxArena.c:768
  AfxAcquireArena(spec=00000000,hint="sglDrawQueue.c:2185!_SglDqueCtor")
 Installing Draw Queue at 033f5a68 by 033d7628 over 00000000 with 51b03134)
 Installing Draw Script at 033f5b28 by 033d7628 over 00000000 with 51b03234)
 afxClass<Draw Queue>::ConstructObject(0318ba00)
 sglDrawQueue.c:2168
  _SglDqueCtor(dque=0318ba00)
 afxArena.c:767
  AfxAcquireArena(aren=0318ba48)
 afxArena.c:768
  AfxAcquireArena(spec=00000000,hint="sglDrawQueue.c:2185!_SglDqueCtor")
 afxClass<Draw Queue>::ConstructObject(0318bacc)
 sglDrawQueue.c:2168
  _SglDqueCtor(dque=0318bacc)
 afxArena.c:767
  AfxAcquireArena(aren=0318bb14)
 afxArena.c:768
  AfxAcquireArena(spec=00000000,hint="sglDrawQueue.c:2185!_SglDqueCtor")
 Uploading pipeline 'data/pipeline/rgbaToRgba/rgbaToRgbaPip.xml?yFlipped'
 afxXml.c:993
  AfxLoadXml(uri:data/pipeline/rgbaToRgba/rgbaToRgbaPip.xml)
 afxFile.c:340
  AfxOpenFiles(cnt=1,file=0023e0c0,uri=0023e1f4,flags=23e0c8)
 afxClass<File>::ConstructObject(033e5410)
 E:/qwadro/afx/data/pipeline/rgbaToRgba/rgbaToRgbaPip.xml
 afxStream.c:600
  AfxAcquireStream(ios=033e5410,flags=1,start=00000000,len=0)
 afxClass<File>::DismantleObjects(1, 0023e0c4)
 Destructing instance 033e5410 of File class.
 data/pipeline/rgbaToRgba/rgbaToRgbaShdVtx.xml?vsFlippedY
 data/pipeline/rgbaToRgba/rgbaToRgbaShdFrg.xml?fs
 afxClass<Pipeline>::ConstructObject(03820000)
 sglPipeline.c:300
  _SglPipCtor(pip=03820000)
 afxShader.c:544
  AfxAcquireShaders(cnt=1,uri=0321e2d0,shd=0023db9c)
 Uploading shader 'data/pipeline/rgbaToRgba/rgbaToRgbaShdVtx.xml?vsFlippedY'
 afxXml.c:993
  AfxLoadXml(uri:data/pipeline/rgbaToRgba/rgbaToRgbaShdVtx.xml)
 afxFile.c:340
  AfxOpenFiles(cnt=1,file=0023d448,uri=0023d594,flags=23d450)
 afxClass<File>::ConstructObject(033e5410)
 E:/qwadro/afx/data/pipeline/rgbaToRgba/rgbaToRgbaShdVtx.xml
 afxStream.c:600
  AfxAcquireStream(ios=033e5410,flags=1,start=00000000,len=0)
 afxClass<File>::DismantleObjects(1, 0023d44c)
 Destructing instance 033e5410 of File class.
 afxFile.c:340
  AfxOpenFiles(cnt=1,file=0023d230,uri=0023d3a0,flags=23d23c)
 afxClass<File>::ConstructObject(033e5410)
 E:/qwadro/afx/data/pipeline/stdEnv.inc
 afxStream.c:600
  AfxAcquireStream(ios=033e5410,flags=5,start=00000000,len=0)
 afxClass<File>::DismantleObjects(1, 0023d238)
 Destructing instance 033e5410 of File class.
 afxShader.c:396
  AfxBuildShaders(cnt=1,shd=0023db9c,blueprint=0023d740)
 afxClass<Shader>::ConstructObject(03187be0)
 sglShader.c:149
  _SglShdCtor(shd=03187be0)
 #version 330 core // QWADRO. Engineered by SIGMA Technology Group.

#define afxInt int
#define afxNat uint

#define afxReal float

#define afxV2d vec2
#define afxV3d vec3
#define afxV4d vec4

#define afxM2d mat2
#define afxM3d mat3
#define afxM4d mat4

        
        const mat4 m = mat4(1, 0, 0, 0, 0, -1, 0, 0, 0, 0, 1, 0, 0, 0, 0, 1);
        
        layout(location = 0) in vec2 a_xy;
        
        out block
        {
            vec2 uv0;
        } sgl_v;

        void main()
        {
            gl_Position = vec4(a_xy, 0.0, 1.0);
            sgl_v.uv0 = vec2(m * vec4(gl_Position.xy * 0.5 + 0.5, 0, 1)).xy;
        }
       
 afxShader.c:544
  AfxAcquireShaders(cnt=1,uri=0321e2f4,shd=0023db9c)
 Uploading shader 'data/pipeline/rgbaToRgba/rgbaToRgbaShdFrg.xml?fs'
 afxXml.c:993
  AfxLoadXml(uri:data/pipeline/rgbaToRgba/rgbaToRgbaShdFrg.xml)
 afxFile.c:340
  AfxOpenFiles(cnt=1,file=0023d448,uri=0023d594,flags=23d450)
 afxClass<File>::ConstructObject(033e5410)
 E:/qwadro/afx/data/pipeline/rgbaToRgba/rgbaToRgbaShdFrg.xml
 afxStream.c:600
  AfxAcquireStream(ios=033e5410,flags=1,start=00000000,len=0)
 afxClass<File>::DismantleObjects(1, 0023d44c)
 Destructing instance 033e5410 of File class.
 afxFile.c:340
  AfxOpenFiles(cnt=1,file=0023d230,uri=0023d3a0,flags=23d23c)
 afxClass<File>::ConstructObject(033e5410)
 E:/qwadro/afx/data/pipeline/stdEnv.inc
 afxStream.c:600
  AfxAcquireStream(ios=033e5410,flags=5,start=00000000,len=0)
 afxClass<File>::DismantleObjects(1, 0023d238)
 Destructing instance 033e5410 of File class.
 afxShader.c:396
  AfxBuildShaders(cnt=1,shd=0023db9c,blueprint=0023d740)
 afxClass<Shader>::ConstructObject(03187c74)
 sglShader.c:149
  _SglShdCtor(shd=03187c74)
 #version 330 core // QWADRO. Engineered by SIGMA Technology Group.

#define afxInt int
#define afxNat uint

#define afxReal float

#define afxV2d vec2
#define afxV3d vec3
#define afxV4d vec4

#define afxM2d mat2
#define afxM3d mat3
#define afxM4d mat4

        
        uniform sampler2D samp;

        in block
        {
            vec2 uv0;
        } sgl_v;

        out vec4 sgl_rgba;

        void main()
        {
            sgl_rgba = texture(samp, sgl_v.uv0);
        }
       
 afxClass<Lego>::ConstructObject(03820a20)
 sglLego.c:280
  _SglLegoCtor(lego=03820a20)
 afxSampler.c:47
  AfxAcquireSamplers(cnt=1,samp=033d7e44,config=0023ea00)
 afxClass<Sampler>::ConstructObject(03379550)
 sglSampler.c:129
  _SglSampCtor(samp=03379550)
 afxClass<Vertex Buffer>::ConstructObject(034309a0)
 sglBuffer.c:378
  _SglVbufCtor(vbuf=034309a0)
 afxClass<Buffer>::ConstructObject(0321c150)
 sglBuffer.c:317
  _SglBufCtor(buf=0321c150)
 afxApplication.c:398
  AfxAcquireApplications(cnt=1,app=0023ee74,config=0023ee54)
 afxClass<Application>::ConstructObject(03820c20)
 afxApplication.c:301
  _AfxAppCtor(app=03820c20)
 afxThread.c:1228
  AfxAcquireThreads(cnt=1,thr=03820db4,config=0023ea64,hint="afxApplication.c:311!_AfxAppCtor")
 afxClass<Thread>::ConstructObject(03209830)
 afxThread.c:1173
  _AfxThrCtor(03209830)
 afxMouse.c:514
  AfxAcquireMouses(cnt=1,mse=03820dbc,port=0023ea70)
 afxClass<Mouse>::ConstructObject(00390c80)
 afxMouse.c:473
  _AfxMseCtor(mse=00390c80)
 afxDrawInput.c:172
  AfxAcquireDrawInputs(cnt=1,config=0023ea4c,)
 afxClass<Draw Input, Draw Input>ConstructingObject(03492380)
 afxClass<Draw Input>::ConstructObject(03492380)
 afxClass<Draw Input>::ConstructObject(03492380)
 Installing Widget at 03820c34 by 03820c20 over 00000000 with 511c10d4)
 Installing Simulation at 03820cf4 by 03820c20 over 00000000 with 511c1190)
 afxApplication.c:207
  AfxRunApplication(app=03820c20)
 afxThread.c:1090
  AfxRunThread(thr=03209830)
 mmplayer.c:109
  AfxEnterApplication(app=03820c20)
 Uploading texture 'art/world.tga'
 afxFile.c:340
  AfxOpenFiles(cnt=1,file=0023e1a4,uri=012d5160,flags=23e1b0)
 afxClass<File>::ConstructObject(033e5410)
 E:/qwadro/afx/art/world.tga
 afxStream.c:600
  AfxAcquireStream(ios=033e5410,flags=1,start=00000000,len=0)
 [!] afxTexture.c:67?AfxAcquireTextureBlueprint
  texb->fcc == AFX_FCC_TEXB
 afxTexture.c:887
  AfxBuildTextures(cnt=1,blueprint=0023e1c0,tex=012d501c)
 afxClass<Texture>::ConstructObject(03209940)
 sglTexture.c:926
  _SglTexCtor(tex=03209940)
 afxClass<File>::DismantleObjects(1, 0023e1ac)
 Destructing instance 033e5410 of File class.
 afxFile.c:340
  AfxOpenFiles(cnt=1,file=0023e638,uri=012d5160,flags=23e644)
 afxClass<File>::ConstructObject(033e5410)
 E:/qwadro/afx/tmp/world2.tga
 afxStream.c:600
  AfxAcquireStream(ios=033e5410,flags=2,start=00000000,len=0)
 afxClass<File>::DismantleObjects(1, 0023e640)
 Destructing instance 033e5410 of File class.
 afxClass<Texture>::DismantleObjects(1, 0023ea7c)
 Destructing instance 03209940 of Texture class.
 sglTexture.c:903
  _SglTexDtor(tex=03209940)
 afxDrawOutput.c:560
  AfxAcquireDrawOutputs(cnt=1,config=0023eae0,dout=012d5020)
 afxClass<Draw Output, Draw Output>ConstructingObject(032308f0)
 afxClass<Draw Output>::ConstructObject(032308f0)
 afxClass<Draw Output>::ConstructObject(032308f0)
 sglDrawOutput.c:328
  _SglDoutCtor(dout=032308f0)
 Draw output (032308f0) porportions readjusted. P 1.776903, R 1.777778 W -NaN
 Draw output (032308f0) porportions readjusted. P 1.776903, R 1.777778 W 1.777778
 afxDrawOutput.c:352
  AfxRegenerateDrawOutputBuffers(dout=032308f0)
 Draw output (032308f0) extent readjusted to 960x540; 0:0% of 54343952x1.
 Draw output (032308f0) porportions readjusted. P 1.776903, R 1.777778 W 1.866667
 afxDrawOutput.c:352
  AfxRegenerateDrawOutputBuffers(dout=032308f0)
 Draw output (032308f0) extent readjusted to 952x510; 0:0% of 1972022238x4201461009.
 afxDrawOutput.c:352
  AfxRegenerateDrawOutputBuffers(dout=032308f0)
 [!] afxTexture.c:67?AfxAcquireTextureBlueprint
  texb->fcc == AFX_FCC_TEXB
 afxTexture.c:887
  AfxBuildTextures(cnt=1,blueprint=0023e3e0,tex=0023e298)
 afxClass<Texture>::ConstructObject(03209940)
 sglTexture.c:926
  _SglTexCtor(tex=03209940)
 afxCanvas.c:216
  AfxBuildCanvases(dctx=00000000,cnt=1,blueprint=0023e2d0,canv=0023e294)
 afxClass<Canvas>::ConstructObject(03492b10)
 sglCanvas.c:308
  _SglCanvCtor(canv=03492b10)
 afxDrawInput.c:172
  AfxAcquireDrawInputs(cnt=1,config=0023ea64,)
 afxClass<Draw Input, Draw Input>ConstructingObject(03492a60)
 afxClass<Draw Input>::ConstructObject(03492a60)
 afxClass<Draw Input>::ConstructObject(03492a60)
 afxModule.c:169
  AfxAcquireModules(cnt=1,mdle=012d5064,uri=0023e7a8)
 ERR afxClass.c:800?_AfxAssertObjects
  
 ERR afxClass.c:800?_AfxAssertObjects
  (inst)
    Invalid
 ERR afxClass.c:802?_AfxAssertObjects
  
 ERR afxClass.c:802?_AfxAssertObjects
  (var_)
    Invalid
 ERR afxClass.c:163?_AfxClsEnumerateInstances
  
 ERR afxClass.c:163?_AfxClsEnumerateInstances
  (((afxResult)(1)) == _AfxAssertObjects((1), (afxHandle const*)(&inst2),(cls->objFcc)))
    Invalid
 ERR afxClass.c:800?_AfxAssertObjects
  
 ERR afxClass.c:800?_AfxAssertObjects
  (inst)
    Invalid
 ERR afxClass.c:802?_AfxAssertObjects
  
 ERR afxClass.c:802?_AfxAssertObjects
  (var_)
    Invalid
 ERR afxClass.c:165?_AfxClsEnumerateInstances
  
 ERR afxClass.c:165?_AfxClsEnumerateInstances
  (((afxResult)(1)) == _AfxAssertObjects((1), (afxHandle const*)(&obj[i]),(cls->objFcc)))
    Invalid
 ERR afxClass.c:800?_AfxAssertObjects
  
 ERR afxClass.c:800?_AfxAssertObjects
  (inst)
    Invalid
 ERR afxClass.c:802?_AfxAssertObjects
  
 ERR afxClass.c:802?_AfxAssertObjects
  (var_)
    Invalid
 ERR afxModule.c:92?AfxFindModule
  
 ERR afxModule.c:92?AfxFindModule
  (((afxResult)(1)) == _AfxAssertObjects((1), (afxHandle const*)(&mdle),(AFX_FCC_MDLE)))
    Invalid
 ERR afxClass.c:800?_AfxAssertObjects
  
 ERR afxClass.c:800?_AfxAssertObjects
  (inst)
    Invalid
 ERR afxClass.c:802?_AfxAssertObjects
  
 ERR afxClass.c:802?_AfxAssertObjects
  (var_)
    Invalid
 ERR afxModule.c:68?AfxGetModulePath
  
 ERR afxModule.c:68?AfxGetModulePath
  (((afxResult)(1)) == _AfxAssertObjects((1), (afxHandle const*)(&mdle),(AFX_FCC_MDLE)))
    Invalid
 afxClass<Module>::ConstructObject(002ed560)
 afxModule.c:125
  _AfxMdleCtor(uri:binkw32.dll)
 afxSampler.c:47
  AfxAcquireSamplers(cnt=1,samp=012d513c,config=0023e980)
 afxClass<Sampler>::ConstructObject(0381c3d0)
 sglSampler.c:129
  _SglSampCtor(samp=0381c3d0)
 Uploading pipeline 'data/pipeline/yv12ToRgba/yv12ToRgbaPip.xml'
 afxXml.c:993
  AfxLoadXml(uri:data/pipeline/yv12ToRgba/yv12ToRgbaPip.xml)
 afxFile.c:340
  AfxOpenFiles(cnt=1,file=0023e130,uri=0023e264,flags=23e138)
 afxClass<File>::ConstructObject(0381c4c0)
 E:/qwadro/afx/data/pipeline/yv12ToRgba/yv12ToRgbaPip.xml
 afxStream.c:600
  AfxAcquireStream(ios=0381c4c0,flags=1,start=00000000,len=0)
 afxClass<File>::DismantleObjects(1, 0023e134)
 Destructing instance 0381c4c0 of File class.
 data/pipeline/yv12ToRgba/yv12ToRgbaShdVtx.xml?vs
 data/pipeline/yv12ToRgba/yv12ToRgbaShdFrg.xml?fsSigma
 afxClass<Pipeline>::ConstructObject(03820274)
 sglPipeline.c:300
  _SglPipCtor(pip=03820274)
 afxShader.c:544
  AfxAcquireShaders(cnt=1,uri=0321e240,shd=0023dc0c)
 Uploading shader 'data/pipeline/yv12ToRgba/yv12ToRgbaShdVtx.xml?vs'
 afxXml.c:993
  AfxLoadXml(uri:data/pipeline/yv12ToRgba/yv12ToRgbaShdVtx.xml)
 afxFile.c:340
  AfxOpenFiles(cnt=1,file=0023d4b8,uri=0023d604,flags=23d4c0)
 afxClass<File>::ConstructObject(0381c4c0)
 E:/qwadro/afx/data/pipeline/yv12ToRgba/yv12ToRgbaShdVtx.xml
 afxStream.c:600
  AfxAcquireStream(ios=0381c4c0,flags=1,start=00000000,len=0)
 afxClass<File>::DismantleObjects(1, 0023d4bc)
 Destructing instance 0381c4c0 of File class.
 afxFile.c:340
  AfxOpenFiles(cnt=1,file=0023d2a0,uri=0023d410,flags=23d2ac)
 afxClass<File>::ConstructObject(0381c4c0)
 E:/qwadro/afx/data/pipeline/stdEnv.inc
 afxStream.c:600
  AfxAcquireStream(ios=0381c4c0,flags=5,start=00000000,len=0)
 afxClass<File>::DismantleObjects(1, 0023d2a8)
 Destructing instance 0381c4c0 of File class.
 afxShader.c:396
  AfxBuildShaders(cnt=1,shd=0023dc0c,blueprint=0023d7b0)
 afxClass<Shader>::ConstructObject(03187d08)
 sglShader.c:149
  _SglShdCtor(shd=03187d08)
 #version 330 core // QWADRO. Engineered by SIGMA Technology Group.

#define afxInt int
#define afxNat uint

#define afxReal float

#define afxV2d vec2
#define afxV3d vec3
#define afxV4d vec4

#define afxM2d mat2
#define afxM3d mat3
#define afxM4d mat4

        
        layout(location = 0) in vec2 a_xy;

        out block
        {
            vec2 uv0;
        } sgl_v;

        void main()
        {
            gl_Position = vec4(a_xy, 0.0, 1.0);
            sgl_v.uv0 = vec2(gl_Position.xy * 0.5 + 0.5).xy;
        }
       
 afxShader.c:544
  AfxAcquireShaders(cnt=1,uri=0321e264,shd=0023dc0c)
 Uploading shader 'data/pipeline/yv12ToRgba/yv12ToRgbaShdFrg.xml?fsSigma'
 afxXml.c:993
  AfxLoadXml(uri:data/pipeline/yv12ToRgba/yv12ToRgbaShdFrg.xml)
 afxFile.c:340
  AfxOpenFiles(cnt=1,file=0023d4b8,uri=0023d604,flags=23d4c0)
 afxClass<File>::ConstructObject(0381c4c0)
 E:/qwadro/afx/data/pipeline/yv12ToRgba/yv12ToRgbaShdFrg.xml
 afxStream.c:600
  AfxAcquireStream(ios=0381c4c0,flags=1,start=00000000,len=0)
 afxClass<File>::DismantleObjects(1, 0023d4bc)
 Destructing instance 0381c4c0 of File class.
 afxFile.c:340
  AfxOpenFiles(cnt=1,file=0023d2a0,uri=0023d410,flags=23d2ac)
 afxClass<File>::ConstructObject(0381c4c0)
 E:/qwadro/afx/data/pipeline/stdEnv.inc
 afxStream.c:600
  AfxAcquireStream(ios=0381c4c0,flags=5,start=00000000,len=0)
 afxClass<File>::DismantleObjects(1, 0023d2a8)
 Destructing instance 0381c4c0 of File class.
 afxShader.c:396
  AfxBuildShaders(cnt=1,shd=0023dc0c,blueprint=0023d7b0)
 afxClass<Shader>::ConstructObject(03187d9c)
 sglShader.c:149
  _SglShdCtor(shd=03187d9c)
 #version 330 core // QWADRO. Engineered by SIGMA Technology Group.

#define afxInt int
#define afxNat uint

#define afxReal float

#define afxV2d vec2
#define afxV3d vec3
#define afxV4d vec4

#define afxM2d mat2
#define afxM3d mat3
#define afxM4d mat4

        
        uniform sampler2D samp0;
        uniform sampler2D samp1;
        uniform sampler2D samp2;
        
        in block
        {
            vec2 uv0;
        } sgl_v;

        out vec4 sgl_rgba;

        void main()
        {
            vec3 yuv;
            yuv.x = texture(samp0, sgl_v.uv0).r;
            yuv.y = texture(samp2, sgl_v.uv0).r - 0.5;
            yuv.z = texture(samp1, sgl_v.uv0).r - 0.5;
            
            vec3 rgb = mat3( 1, 1, 1, 0, -0.34414, 1.772, 1.402, -0.71414, 0) * yuv;
            sgl_rgba = vec4(rgb, 1);
        }
       
 afxClass<Lego>::ConstructObject(03820a60)
 sglLego.c:280
  _SglLegoCtor(lego=03820a60)
 afxClass<Vertex Buffer>::ConstructObject(034300c0)
 sglBuffer.c:378
  _SglVbufCtor(vbuf=034300c0)
 afxClass<Buffer>::ConstructObject(0321c5b0)
 sglBuffer.c:317
  _SglBufCtor(buf=0321c5b0)
 E:/qwadro/afx/art/fmv/ubi.bik
 [!] afxTexture.c:67?AfxAcquireTextureBlueprint
  texb->fcc == AFX_FCC_TEXB
 afxTexture.c:887
  AfxBuildTextures(cnt=1,blueprint=0023dcf0,tex=0023db50)
 afxClass<Texture>::ConstructObject(03209a40)
 sglTexture.c:926
  _SglTexCtor(tex=03209a40)
 [!] afxTexture.c:67?AfxAcquireTextureBlueprint
  texb->fcc == AFX_FCC_TEXB
 afxTexture.c:887
  AfxBuildTextures(cnt=1,blueprint=0023dcf0,tex=0023db50)
 afxClass<Texture>::ConstructObject(03209b50)
 sglTexture.c:926
  _SglTexCtor(tex=03209b50)
 [!] afxTexture.c:67?AfxAcquireTextureBlueprint
  texb->fcc == AFX_FCC_TEXB
 afxTexture.c:887
  AfxBuildTextures(cnt=1,blueprint=0023dcf0,tex=0023db50)
 afxClass<Texture>::ConstructObject(03209c50)
 sglTexture.c:926
  _SglTexCtor(tex=03209c50)
 afxCanvas.c:216
  AfxBuildCanvases(dctx=00000000,cnt=1,blueprint=0023db60,canv=012d50f0)
 afxClass<Canvas>::ConstructObject(034929b0)
 sglCanvas.c:308
  _SglCanvCtor(canv=034929b0)
 [!] afxTexture.c:67?AfxAcquireTextureBlueprint
  texb->fcc == AFX_FCC_TEXB
 afxTexture.c:887
  AfxBuildTextures(cnt=1,blueprint=0023d300,tex=0023ce10)
 afxClass<Texture>::ConstructObject(03209d60)
 sglTexture.c:926
  _SglTexCtor(tex=03209d60)
 [!] afxTexture.c:67?AfxAcquireTextureBlueprint
  texb->fcc == AFX_FCC_TEXB
 afxTexture.c:887
  AfxBuildTextures(cnt=1,blueprint=0023dcf0,tex=0023db50)
 afxClass<Texture>::ConstructObject(03209e60)
 sglTexture.c:926
  _SglTexCtor(tex=03209e60)
 [!] afxTexture.c:67?AfxAcquireTextureBlueprint
  texb->fcc == AFX_FCC_TEXB
 afxTexture.c:887
  AfxBuildTextures(cnt=1,blueprint=0023dcf0,tex=0023db50)
 afxClass<Texture>::ConstructObject(03209f70)
 sglTexture.c:926
  _SglTexCtor(tex=03209f70)
 [!] afxTexture.c:67?AfxAcquireTextureBlueprint
  texb->fcc == AFX_FCC_TEXB
 afxTexture.c:887
  AfxBuildTextures(cnt=1,blueprint=0023dcf0,tex=0023db50)
 afxClass<Texture>::ConstructObject(0320a070)
 sglTexture.c:926
  _SglTexCtor(tex=0320a070)
 afxCanvas.c:216
  AfxBuildCanvases(dctx=00000000,cnt=1,blueprint=0023db60,canv=012d50f4)
 afxClass<Canvas>::ConstructObject(034920c0)
 sglCanvas.c:308
  _SglCanvCtor(canv=034920c0)
 [!] afxTexture.c:67?AfxAcquireTextureBlueprint
  texb->fcc == AFX_FCC_TEXB
 afxTexture.c:887
  AfxBuildTextures(cnt=1,blueprint=0023d300,tex=0023ce10)
 afxClass<Texture>::ConstructObject(0320a180)
 sglTexture.c:926
  _SglTexCtor(tex=0320a180)
 Draw output (032308f0) porportions readjusted. P 1.776903, R 1.777778 W 1.777778
 afxDrawOutput.c:352
  AfxRegenerateDrawOutputBuffers(dout=032308f0)
 [!] afxTexture.c:67?AfxAcquireTextureBlueprint
  texb->fcc == AFX_FCC_TEXB
 afxTexture.c:887
  AfxBuildTextures(cnt=1,blueprint=0023e450,tex=0023e308)
 afxClass<Texture>::ConstructObject(0320a280)
 sglTexture.c:926
  _SglTexCtor(tex=0320a280)
 afxClass<Canvas>::DismantleObjects(1, 0023e314)
 Destructing instance 03492b10 of Canvas class.
 sglCanvas.c:284
  _SglCanvDtor(canv=03492b10)
 sglCanvas.c:261
  _AfxCanvDropAllSurfaces(canv=03492b10)
 afxClass<Texture>::DismantleObjects(1, 0023dec4)
 Destructing instance 03209940 of Texture class.
 sglTexture.c:903
  _SglTexDtor(tex=03209940)
 afxCanvas.c:216
  AfxBuildCanvases(dctx=00000000,cnt=1,blueprint=0023e340,canv=0023e304)
 afxClass<Canvas>::ConstructObject(03492b10)
 sglCanvas.c:308
  _SglCanvCtor(canv=03492b10)
 Draw output (032308f0) extent readjusted to 1280x720; 0:0% of 0x0.
 afxClass<Draw Script>::ConstructObject(03229350)
 sglDrawScript.c:496
  _SglDscrCtor(dscr=03229350)
 afxArena.c:767
  AfxAcquireArena(aren=03229364)
 afxArena.c:768
  AfxAcquireArena(spec=00000000,hint="sglDrawScript.c:511!_SglDscrCtor")
 ERR sglDrawQueue.c:290?_SglDpuBeginDrawPass
  GL: INVAL_PARAM
 sglTexture.c:747
  _SglTexReinstantiateIdd(tex=0320a280)
 afxTexture 0320a280 hardware-side data instanced.
 ERR sglDrawQueue.c:354?_SglDpuBeginDrawPass
  GL: INVAL_OP
 ERR sglDrawQueue.c:418?_SglDpuBeginDrawPass
  No images are attached to the framebuffer.