Booting...
Threading... #3692 (afxSystem_w32.c:426)Mounting... <//./z/>(''),5Mounting... <//./z/>('E:\qwadro\repo\binkv\system'),5Mounting... <//./z/>('E:\qwadro\repo\binkv\system32'),7Mounting... <//./z/>('E:\qwadro\repo\binkv\system32d'),7Mounting... <//./c/>('C:\Windows\SysWow64'),5Loading... <e2coree.dll>Threading... #0 (afxIoBridge.c:250)Memory page Size: 4096HW threading: 2Loading... <e2draw.dll>Loading... <e2combo.dll>Loading... <e2sound.dll>Loading... <e2mmux.dll>Loading... <//./z////eaxzal1.dll>Installing... <//./z/////eaxzal1.dll>	<//./eaxzal1/>("")  0.0.0 Loading... <//./z////galileo.dll>Installing... <//./z/////galileo.dll>	<//./galileo/>("")  0.0.0 Loading... <//./z////tarzgl4.dll>Installing... <//./z/////tarzgl4.dll>	<//./tarzgl3/>("")  0.0.0 	<//./tarzgl4/>("")  0.0.0 Loading... <//./z////winsh4d.dll>Installing... <//./z/////winsh4d.dll>Mounting... <//./d/>('E:\qwadro\repo\binkv\system'),7	<//./dwm/>("")  0.0.0 	<//./kbd/>("")  0.0.0 	<//./mse/>("")  0.0.0 	<//./gpad/>("")  0.0.0 Entering the Thread Execution Environment 3692
Loading... <//./c/opengl32.dll>Listing mem available display devices...
#0 = Intel(R) HD Graphics (\\.\DISPLAY1) 8080005#1 = RDPDD Chained DD (\\.\DISPLAYV1) 200008#2 = RDP Encoder Mirror Driver (\\.\DISPLAYV2) 200008#3 = RDP Reflector Display Driver (\\.\DISPLAYV3) 200008zglInterop_WGL.c:1534
GL: INVAL_PARAMzglInterop_WGL.c:1549
GL: INVAL_PARAMzglInterop_WGL.c:1560
GL: INVAL_PARAMzglInterop_WGL.c:1592
GL: INVAL_PARAMzglInterop_WGL.c:1623
GL: INVAL_PARAMzglInterop_WGL.c:1625
GL: INVAL_PARAMzglInterop_WGL.c:1782
GL: INVAL_PARAMzglInterop_WGL.c:1785
GL: INVAL_PARAMzglInterop_WGL.c:1790
GL: INVAL_PARAMzglInterop_WGL.c:1795
GL: INVAL_PARAMThreading... #0 (afxDrawBridge.c:500)Entering the Thread Execution Environment 4624
Starting 4624 on thread execution unit #2...SIGMA GL/2 Draw Execution Unit 000
	Intel(R) HD Graphics 3.2.0 - Build 10.18.10.5129Entering the Thread Execution Environment 3692
afxClass.c:910
afxClass.c:910
(cfg->fcc)
    SuccessafxClass.c:933
afxClass.c:933
(cfg->name && cfg->name[0])
    SuccessThreading... #0 (afxDrawBridge.c:500)Entering the Thread Execution Environment 8040
Starting 8040 on thread execution unit #3...Entering the Thread Execution Environment 3692
Loading... <//./c/openal32.dll>Entering the Thread Execution Environment 8040
SIGMA GL/2 Draw Execution Unit 000
	Intel(R) HD Graphics 3.2.0 - Build 10.18.10.5129Entering the Thread Execution Environment 3692
Threading... #0 (afxSoundBridge.c:399)Entering the Thread Execution Environment 7968
Starting 7968 on thread execution unit #4...Entering the Thread Execution Environment 3692
Mounting... <//./d/>('E:\qwadro\repo\binkv\tmp'),7Mounting... <//./a/>('E:\qwadro\repo\binkv\art'),7Entering the Thread Execution Environment 7968
Sound Execution Unit .Entering the Thread Execution Environment 3692
afxFile.c:410
afxFile.c:411
Couldn't open <//./d/Tex_0099_0.tga>afxRaster.c:837
mmplayer.c:73
mmplayer.c:75
mmplayer.c:75
(dumpImg)
    SuccessafxRaster.c:489
afxRaster.c:489
((!1) || ((&ras) && !(_AfxAssertObjects((1), (afxObject const*)(&ras),(afxFcc_RAS)))))
    SuccessEntering the Thread Execution Environment 7968
Loading... <//./c/openal32.dll>Entering the Thread Execution Environment 3692
afxFile.c:441
afxRaster.c:497
//./z/video/uvOutTristripQuad.vsh//./z/video/rgbOutYuvSigma.fshTag 'id' not handled.//./z/video/uvOutTristripQuadInvY.vsh//./z/video/rgbOutYuvSigma.fshLoading... <//./z/binkw32.dl_>Entering the Thread Execution Environment 4624
GPU buffer 00896bf0 ready. 35052, 2, 1GPU buffer 00896cd0 ready. 35052, 3, 1Entering the Thread Execution Environment 3692
afxDrawOutput.c:691
afxDrawOutput.c:691
((!1) || ((&dsys) && !(_AfxAssertObjects((1), (afxObject const*)(&dsys),(afxFcc_DSYS)))))
    SuccessafxDrawOutput.c:691
afxDrawOutput.c:691
((!1) || ((&dsys) && !(_AfxAssertObjects((1), (afxObject const*)(&dsys),(afxFcc_DSYS)))))
    SuccessEntering the Thread Execution Environment 4624
GPU RO 05a440f0 ready. de1, 8058, [512,512,1]GPU RO 049fdb90 ready. de1, 8229, [1280,720,1]