Booting up Qwadro Execution Ecosystem...
Installing Basic I/O System
afxConfig.c:216
1: Section 'BasedOn="E:\qwadro\afx"' missing ']' operator.
Installing Thread Execution Unit
Entering the Thread Execution Environment 3528
Installing Memory Management Unit
Installing Thread
Installing Device
Installing Autonomous Service
Installing Codec
Installing String Catalog
Installing Storage System
Installing Stream
Installing Archive
Installing Executable & Linkable Modulation
Installing Installable Client Driver
Installing Human Input Device : Device
Installing Keyboard : Human Input Device
Installing Mouse : Human Input Device
Installing Controller : Human Input Device
afxSystem_w32.c:518
Memory page size: 4096
afxSystem_w32.c:519
Logical processor count: 1
afxClass.c:355

afxClass.c:755

afxMmu.c:369

afxSystem_w32.c:529

Deinstalling Controller : Human Input Device
Deinstalling Mouse : Human Input Device
Deinstalling Keyboard : Human Input Device
Deinstalling Human Input Device : Device
Deinstalling Installable Client Driver
Deinstalling Executable & Linkable Modulation
Deinstalling Archive
Deinstalling Stream
Deinstalling Storage System
Deinstalling String Catalog
Deinstalling Codec
Deinstalling Autonomous Service
Deinstalling Device
Deinstalling Thread
Deinstalling Memory Management Unit
Deinstalling Thread Execution Unit
