Booting...
Threading... #3812 (afxSystem_w32.c:426)Mounting... <//./z/>(''),5Mounting... <//./z/>('E:\qwadro\system'),5Mounting... <//./z/>('E:\qwadro\system32'),7Mounting... <//./z/>('E:\qwadro\system32d'),7Mounting... <//./c/>('C:\Windows\SysWow64'),5Loading... <e2coree.dll>Threading... #0 (afxIoBridge.c:250)Memory page Size: 4096HW threading: 2Loading... <e2draw.dll>Loading... <e2combo.dll>Loading... <e2sound.dll>Loading... <e2mmux.dll>Loading... <//./z////eaxzal1.dll>Installing... <//./z/////eaxzal1.dll>	<//./eaxzal1/>("")  0.0.0 Loading... <//./z////galileo.dll>Installing... <//./z/////galileo.dll>	<//./galileo/>("")  0.0.0 Loading... <//./z////tarzgl4.dll>Installing... <//./z/////tarzgl4.dll>	<//./tarzgl3/>("")  0.0.0 	<//./tarzgl4/>("")  0.0.0 Loading... <//./z////winsh4d.dll>Installing... <//./z/////winsh4d.dll>Mounting... <//./d/>('E:\qwadro\system'),7	<//./dwm/>("")  0.0.0 	<//./kbd/>("")  0.0.0 	<//./mse/>("")  0.0.0 	<//./gpad/>("")  0.0.0 Entering the Thread Execution Environment 3812
Loading... <//./c/opengl32.dll>Listing mem available display devices...
#0 = Intel(R) HD Graphics (\\.\DISPLAY1) 8080005#1 = RDPDD Chained DD (\\.\DISPLAYV1) 200008#2 = RDP Encoder Mirror Driver (\\.\DISPLAYV2) 200008#3 = RDP Reflector Display Driver (\\.\DISPLAYV3) 200008zglInterop_WGL.c:1534
GL: INVAL_PARAMzglInterop_WGL.c:1549
GL: INVAL_PARAMzglInterop_WGL.c:1560
GL: INVAL_PARAMzglInterop_WGL.c:1592
GL: INVAL_PARAMzglInterop_WGL.c:1623
GL: INVAL_PARAMzglInterop_WGL.c:1625
GL: INVAL_PARAMzglInterop_WGL.c:1782
GL: INVAL_PARAMzglInterop_WGL.c:1785
GL: INVAL_PARAMzglInterop_WGL.c:1790
GL: INVAL_PARAMzglInterop_WGL.c:1795
GL: INVAL_PARAMThreading... #0 (afxDrawBridge.c:500)Entering the Thread Execution Environment 6732
Starting 6732 on thread execution unit #2...SIGMA GL/2 Draw Execution Unit 000
	Intel(R) HD Graphics 3.2.0 - Build 10.18.10.5129Entering the Thread Execution Environment 3812
Reopening... <//./z/video/uvOutTristripQuad.vsh>Reopening... <//./z/video/stdEnv.inc>Reopening... <//./z/video/sampleOutRgba2d.fsh>Reopening... <//./z/video/stdEnv.inc>afxClass.c:910
afxClass.c:910
(cfg->fcc)
    SuccessafxClass.c:933
afxClass.c:933
(cfg->name && cfg->name[0])
    SuccessThreading... #0 (afxDrawBridge.c:500)Entering the Thread Execution Environment 4776
Starting 4776 on thread execution unit #3...SIGMA GL/2 Draw Execution Unit 000
	Intel(R) HD Graphics 3.2.0 - Build 10.18.10.5129Entering the Thread Execution Environment 3812
Reopening... <//./z/video/uvOutTristripQuad.vsh>Reopening... <//./z/video/stdEnv.inc>Reopening... <//./z/video/sampleOutRgba2d.fsh>Reopening... <//./z/video/stdEnv.inc>Loading... <//./c/openal32.dll>Threading... #0 (afxSoundBridge.c:399)Entering the Thread Execution Environment 4860
Starting 4860 on thread execution unit #4...Sound Execution Unit .Loading... <//./c/openal32.dll>Entering the Thread Execution Environment 3812
Mounting... <//./d/>('E:\qwadro\tmp'),7Reopening... <//./z/video/zgui.vsh>Reopening... <//./z/video/stdEnv.inc>Reopening... <//./z/video/zgui.fsh>Reopening... <//./z/video/stdEnv.inc>Entering the Thread Execution Environment 6732
GPU RO 0cb170f0 ready. de1, 8058, [512,128,1]GPU buffer 007bf8c0 ready. 34962, 53, 4GPU buffer 007bfb50 ready. 34963, 54, 8GPU RO 0cb16b80 ready. de1, 8058, [675,330,1]GPU RO 0cb16c60 ready. de1, 8cac, [675,330,1]avxCanvas 0ccf3220 hardware-side data instanced.Reopening... <//./z/video/zgui.vsh>Reopening... <//./z/video/stdEnv.inc>Reopening... <//./z/video/zgui.fsh>Reopening... <//./z/video/stdEnv.inc>avxPipeline 093129c0 hardware-side data instanced.GPU RO 0cb16d50 ready. de1, 8058, [675,330,1]GPU RO 0cb16e30 ready. de1, 8cac, [675,330,1]avxCanvas 0ccf32b0 hardware-side data instanced.GPU RO 0cb16f20 ready. de1, 8058, [675,330,1]GPU RO 0cb17000 ready. de1, 8cac, [675,330,1]avxCanvas 0ccf3340 hardware-side data instanced.