Booting up the Qwadro Execution Ecosystem...
Setting up SystemSetting up String BaseafxManifest.c:327
1: Section 'BasedOn="E:\qwadro\afx"' missing ']' operator.Setting up ThreadSetting up Memory Management UnitSetting up ServiceSetting up CodecSetting up StreamSetting up ArchiveSetting up StorageSetting up ModuleSetting up DeviceAcquiring thread...  9108 "afxSystem_w32.c:484"Mounting storage unit... <.>('E:/qwadro/afx///'),5Mounting storage unit... <system>('E:/qwadro/afx//system/'),5Mounting storage unit... <system>('E:/qwadro/afx//system32/'),7Mounting storage unit... <system>('E:/qwadro/afx//system32d/'),7Loading module... <system/e2coree.dll>Memory page size: 4096Logical processor count: 2Doing the AVX start up...Loading module... <e2draw>afxStorage.c:153
afxStorage.c:215
Setting up DrawSystemSetting up CameraSetting up DrawDevice[Device]Setting up DrawOutputSetting up DrawInputLoading module... <targl4.dll>Installable client driver discovered.
	Device: TARGA Advanced Raster Graphics Adapter
	Driver: TARGA over OpenGL 4
	Version: 4.0.16385
	Provider: SIGMA Technology Group <https://sigmaco.org>
Setting up DrawQueueSetting up DrawBridgeSetting up DrawContextLoading module... <opengl32.dll>afxStorage.c:153
afxStorage.c:215
Listing mem available display devices...
#0 = Intel(R) HD Graphics (\\.\DISPLAY1) 8080005#1 = RDPDD Chained DD (\\.\DISPLAYV1) 200008#2 = RDP Encoder Mirror Driver (\\.\DISPLAYV2) 200008#3 = RDP Reflector Display Driver (\\.\DISPLAYV3) 200008Acquiring thread...  0 "sglDdev_w32.c:1076"afxThread_w32.c:558
afxThread_w32.c:558
(thr->osHandle)
    InvalidDoing the ASX start up...Loading module... <e2sound>Starting Thread Execution Unit 1728afxStorage.c:153
afxStorage.c:215
Setting up SoundSystemSetting up SoundDevice[Device]Setting up SoundOutputSetting up SoundInputLoading module... <oal4d.dll>Installable client driver discovered.
	Device: A4D Sound Acceleration Adapter
	Driver: A4D over OpenAL 1
	Version: 0.1.1514
	Provider: SIGMA Technology Group <https://sigmaco.org>
Setting up SoundBrigeSetting up SoundContextLoading module... <openal32.dll>Acquiring thread...  0 "salSdev_w32.c:448"Starting Thread Execution Unit 7076The audience is listeningDoing the AUX start up...Loading module... <e2ux>afxStorage.c:153
afxStorage.c:215
Setting up ShellCreating transient OpenGL contextSetting up HIDSetting up Controller[HID]Setting up WindowSetting up Script000 wglMakeContextCurrentARB core found.Acquiring HID at port 0Mounting storage unit... <code>('E:/qwadro/afx//system/'),7Loading file... <system/qwadro.xss>('E:/qwadro/afx//system//qwadro.xss')000 wglGetCurrentReadDCARB core found.000 wglCreateContextAttribsARB core found.000 wglChoosePixelFormatARB core found.000 wglSwapIntervalEXT core found.// This technology is part of Qwadro (c) 2017 SIGMA Federation
require "core" for Storage, Stream

class Main {
  construct new() {
    System.print("new");
  }

  init() {
    System.print("init");
    //Storage.Mount("tmp", "system/tmp", "rwx");
    var f = Stream.OpenFile("tmp/camera.lua", "rwx");
    f.Seek(10, 0);
    f.Write("stdout", 6, 0);
    f.Close();
  }

  update() {
    System.print("update");
  }

  draw(dt) {
    System.print("draw");
  }
  

}

Storage.Mount("code", "code", "rx");
Storage.Mount("sound", "sound", "rx");
Storage.Mount("data", "data", "rx");
Storage.Mount("art", "art", "rx");
Storage.Mount("tmp", "tmp", "rwx");

var Game = Main.new();
System.print(".");
var file = Stream.OpenFile("tmp/camera.lua", "rwx");
file.Seek(1, 0);
file.Close();

000 wglGetExtensionsStringARB core found.Loading file... <code/core.xs>('E:/qwadro/afx//system//core.xs')Creating definitive OpenGL contextMounting storage unit... <code>('E:/qwadro/afx//code/'),5Mounting storage unit... <sound>('E:/qwadro/afx//sound/'),5Mounting storage unit... <data>('E:/qwadro/afx//data/'),5Mounting storage unit... <art>('E:/qwadro/afx//art/'),5Mounting storage unit... <tmp>('E:/qwadro/afx//tmp/'),7new
.
Opening file... <tmp/camera.lua>('E:/qwadro/afx//tmp//camera.lua'),7Entering the Thread Execution Environment 1728
000 wglMakeContextCurrentARB core found.000 wglGetCurrentReadDCARB core found.000 wglCreateContextAttribsARB core found.000 wglChoosePixelFormatARB core found.Entering the Thread Execution Environment 9108
Setting up SemaphoreSetting up FenceSetting up SoundBufferSetting up SemaphoreSetting up FenceSetting up Query PoolSetting up LigatureSetting up SamplerSetting up BufferSetting up RasterSetting up CanvasSetting up Vertex InputSetting up ShaderSetting up RasterizerEntering the Thread Execution Environment 1728
000 wglSwapIntervalEXT core found.Entering the Thread Execution Environment 9108
Setting up PipelineUploading pipeline 'system/video/sampleOutRgba.xsh.xml'Loading file... <system/video/sampleOutRgba.xsh.xml>('E:/qwadro/afx//system//video/sampleOutRgba.xsh.xml')Entering the Thread Execution Environment 1728
000 wglGetExtensionsStringARB core found.Entering the Thread Execution Environment 9108
system/video/uvOutTristripQuad.vshEntering the Thread Execution Environment 1728
391 glReleaseShaderCompiler core found.Entering the Thread Execution Environment 9108
system/video/sampleOutRgba.xsh.xmlUploading pipeline 'system/video/sampleOutRgba.xsh.xml'Entering the Thread Execution Environment 1728
392 glShaderBinary core found.Entering the Thread Execution Environment 9108
Loading file... <system/video/sampleOutRgba.xsh.xml>('E:/qwadro/afx//system//video/sampleOutRgba.xsh.xml')Entering the Thread Execution Environment 1728
393 glGetShaderPrecisionFormat core found.Entering the Thread Execution Environment 9108
Node 'DepthWriteEnabled' not handled.system/video/sampleOutRgba2d.fshOpening file... <system/video/sampleOutRgba2d.fsh>('E:/qwadro/afx//system//video/sampleOutRgba2d.fsh'),1Opening file... <system/video/stdEnv.inc>('E:/qwadro/afx//system//video/stdEnv.inc'),1Entering the Thread Execution Environment 1728
394 glDepthRangef core found.395 glClearDepthf core found.396 glGetProgramBinary core found.Entering the Thread Execution Environment 9108
#version 330 core // QWADRO. Engineered by SIGMA Technology Group.

#define afxInt int
#define afxNat uint

#define afxReal float

#define afxV2d vec2
#define afxV3d vec3
#define afxV4d vec4

#define afxM2d mat2
#define afxM3d mat3
#define afxM4d mat4

#define float2 vec2
#define float3 vec3
#define float4 vec4

#define IN(_location_, _type_, _name_) layout(location = _location_) in _type_ _name_ 
#define OUT(_location_, _type_, _name_) layout(location = _location_) out _type_ _name_ 
//#define UNIFORM(_set_, _binding_, _type_, _name_) uniform _type_ _name_ 
//#define MULTIFORM(_set_, _binding_, _type_, _name_, _count_) _type_ _name_[_count_] 

// ubo = std140, ssbo = std430
#define UNIFORM_UNIT(_set_, _binding_, _name_) layout(std140) uniform _name_ 
#define STORAGE_UNIT(_set_, _binding_, _access_, _name_) layout(std430) _access_ buffer _name_ 
#define SAMPLING_UNIT(_set_, _binding_, _type_, _name_) uniform _type_ _name_ 

SAMPLING_UNIT(0, 0, sampler2D, samp);

in block
{
    vec2 uv0;
} sgl_v;

OUT(0, vec4, sgl_rgba);

void main()
{
    sgl_rgba = texture(samp, sgl_v.uv0);
}
Entering the Thread Execution Environment 1728
397 glProgramBinary core found.Entering the Thread Execution Environment 9108
Opening file... <system/video/uvOutTristripQuad.vsh>('E:/qwadro/afx//system//video/uvOutTristripQuad.vsh'),1Entering the Thread Execution Environment 1728
398 glProgramParameteri core found.Entering the Thread Execution Environment 9108
Opening file... <system/video/stdEnv.inc>('E:/qwadro/afx//system//video/stdEnv.inc'),1Entering the Thread Execution Environment 1728
399 glUseProgramStages core found.Entering the Thread Execution Environment 9108
#version 330 core // QWADRO. Engineered by SIGMA Technology Group.

#define afxInt int
#define afxNat uint

#define afxReal float

#define afxV2d vec2
#define afxV3d vec3
#define afxV4d vec4

#define afxM2d mat2
#define afxM3d mat3
#define afxM4d mat4

#define float2 vec2
#define float3 vec3
#define float4 vec4

#define IN(_location_, _type_, _name_) layout(location = _location_) in _type_ _name_ 
#define OUT(_location_, _type_, _name_) layout(location = _location_) out _type_ _name_ 
//#define UNIFORM(_set_, _binding_, _type_, _name_) uniform _type_ _name_ 
//#define MULTIFORM(_set_, _binding_, _type_, _name_, _count_) _type_ _name_[_count_] 

// ubo = std140, ssbo = std430
#define UNIFORM_UNIT(_set_, _binding_, _name_) layout(std140) uniform _name_ 
#define STORAGE_UNIT(_set_, _binding_, _access_, _name_) layout(std430) _access_ buffer _name_ 
#define SAMPLING_UNIT(_set_, _binding_, _type_, _name_) uniform _type_ _name_ 

const vec4 gsQuadPos[4] = vec4[](vec4(-1, 1, 0, 1), vec4(-1,-1, 0, 1), vec4(1, 1, 0, 1), vec4(1,-1, 0, 1));
const vec2 gsQuadUv[4] = vec2[](vec2(0, 1), vec2(0, 0), vec2(1, 1), vec2(1, 0));

out block
{
    vec2 uv0;
} sgl_v;

void main()
{
    // draw a full coverage quad based on two tristripped triangles (4 indices). AfxDraw(0, 1, 0, 4)
    
    gl_Position = gsQuadPos[gl_VertexID];
    sgl_v.uv0 = gsQuadUv[gl_VertexID];
}
Entering the Thread Execution Environment 1728
400 glActiveShaderProgram core found.Entering the Thread Execution Environment 9108
Reloading file 0... <system/video/font-256.tga>('E:/qwadro/afx//system//video/font-256.tga')Entering the Thread Execution Environment 1728
401 glCreateShaderProgramv core found.402 glBindProgramPipeline core found.403 glDeleteProgramPipelines core found.404 glGenProgramPipelines core found.405 glIsProgramPipeline core found.406 glGetProgramPipelineiv core found.407 glProgramUniform1i core found.408 glProgramUniform1iv core found.409 glProgramUniform1f core found.410 glProgramUniform1fv core found.411 glProgramUniform1d core found.412 glProgramUniform1dv core found.413 glProgramUniform1ui core found.414 glProgramUniform1uiv core found.415 glProgramUniform2i core found.416 glProgramUniform2iv core found.417 glProgramUniform2f core found.418 glProgramUniform2fv core found.419 glProgramUniform2d core found.420 glProgramUniform2dv core found.421 glProgramUniform2ui core found.422 glProgramUniform2uiv core found.423 glProgramUniform3i core found.424 glProgramUniform3iv core found.425 glProgramUniform3f core found.426 glProgramUniform3fv core found.427 glProgramUniform3d core found.428 glProgramUniform3dv core found.429 glProgramUniform3ui core found.430 glProgramUniform3uiv core found.431 glProgramUniform4i core found.432 glProgramUniform4iv core found.433 glProgramUniform4f core found.434 glProgramUniform4fv core found.435 glProgramUniform4d core found.436 glProgramUniform4dv core found.437 glProgramUniform4ui core found.438 glProgramUniform4uiv core found.439 glProgramUniformMatrix2fv core found.440 glProgramUniformMatrix3fv core found.441 glProgramUniformMatrix4fv core found.442 glProgramUniformMatrix2dv core found.443 glProgramUniformMatrix3dv core found.444 glProgramUniformMatrix4dv core found.445 glProgramUniformMatrix2x3fv core found.446 glProgramUniformMatrix3x2fv core found.447 glProgramUniformMatrix2x4fv core found.448 glProgramUniformMatrix4x2fv core found.449 glProgramUniformMatrix3x4fv core found.450 glProgramUniformMatrix4x3fv core found.451 glProgramUniformMatrix2x3dv core found.452 glProgramUniformMatrix3x2dv core found.453 glProgramUniformMatrix2x4dv core found.454 glProgramUniformMatrix4x2dv core found.455 glProgramUniformMatrix3x4dv core found.456 glProgramUniformMatrix4x3dv core found.457 glValidateProgramPipeline core found.458 glGetProgramPipelineInfoLog core found.459 glVertexAttribL1d core found.460 glVertexAttribL2d core found.461 glVertexAttribL3d core found.462 glVertexAttribL4d core found.463 glVertexAttribL1dv core found.464 glVertexAttribL2dv core found.465 glVertexAttribL3dv core found.466 glVertexAttribL4dv core found.467 glVertexAttribLPointer core found.468 glGetVertexAttribLdv core found.469 glViewportArrayv core found.470 glViewportIndexedf core found.471 glViewportIndexedfv core found.472 glScissorArrayv core found.473 glScissorIndexed core found.474 glScissorIndexedv core found.475 glDepthRangeArrayv core found.476 glDepthRangeIndexed core found.477 glGetFloati_v core found.478 glGetDoublei_v core found.479 glDrawArraysInstancedBaseInstance core found.480 glDrawElementsInstancedBaseInstance core found.481 glDrawElementsInstancedBaseVertexBaseInstance core found.482 glGetInternalformativ core found.483 glGetActiveAtomicCounterBufferiv core found.484 glBindImageTexture core found.485 glMemoryBarrier core found.486 glTexStorage1D core found.487 glTexStorage2D core found.488 glTexStorage3D core found.489 glDrawTransformFeedbackInstanced core found.490 glDrawTransformFeedbackStreamInstanced core found.493 glDispatchCompute core found.494 glDispatchComputeIndirect core found.496 glFramebufferParameteri core found.497 glGetFramebufferParameteriv core found.498 glGetInternalformati64v core found.503 glInvalidateFramebuffer core found.504 glInvalidateSubFramebuffer core found.505 glMultiDrawArraysIndirect core found.506 glMultiDrawElementsIndirect core found.507 glGetProgramInterfaceiv core found.508 glGetProgramResourceIndex core found.509 glGetProgramResourceName core found.510 glGetProgramResourceiv core found.511 glGetProgramResourceLocation core found.512 glGetProgramResourceLocationIndex core found.513 glShaderStorageBlockBinding core found.514 glTexBufferRange core found.515 glTexStorage2DMultisample core found.516 glTexStorage3DMultisample core found.518 glBindVertexBuffer core found.519 glVertexAttribFormat core found.520 glVertexAttribIFormat core found.521 glVertexAttribLFormat core found.522 glVertexAttribBinding core found.523 glVertexBindingDivisor core found.524 glDebugMessageControl core found.525 glDebugMessageInsert core found.526 glDebugMessageCallback core found.527 glGetDebugMessageLog core found.528 glPushDebugGroup core found.529 glPopDebugGroup core found.530 glObjectLabel core found.531 glGetObjectLabel core found.532 glObjectPtrLabel core found.533 glGetObjectPtrLabel core found.534 glBufferStorage core found.543 glClipControlEXT ext found.551 glNamedBufferStorageEXT ext found.589 glTextureBufferRangeEXT ext found.606 glTextureParameteriEXT ext found.641 glMemoryBarrierByRegion core found.644 glGetGraphicsResetStatusARB ext found.645 glGetnCompressedTexImageARB ext found.646 glGetnTexImageARB ext found.647 glGetnUniformdvARB ext found.648 glGetnUniformfvARB ext found.649 glGetnUniformivARB ext found.650 glGetnUniformuivARB ext found.651 glReadnPixelsARB ext found.677 381 1920 1080 96 96 32 1 36 36 51 60 1 SIGMA GL/2 Hardware-accelerated Draw Processing Unit 000
	Intel(R) HD Graphics 4.0.0 - Build 10.18.10.5161sglDdev_w32.c:299
API ERROR HIGH 1280 GL error GL_INVALID_ENUMsglDdev_w32.c:744
GL: INVAL_PARAMsglDdev_w32.c:299
API ERROR HIGH 1280 GL error GL_INVALID_ENUMsglDdev_w32.c:770
GL: INVAL_PARAMsglDdev_w32.c:299
API ERROR HIGH 1280 GL error GL_INVALID_ENUMsglDdev_w32.c:780
GL: INVAL_PARAMsglDdev_w32.c:299
API ERROR HIGH 1280 GL error GL_INVALID_ENUMsglDdev_w32.c:782
GL: INVAL_PARAMsglDdev_w32.c:299
API ERROR HIGH 1280 GL error GL_INVALID_ENUMsglDdev_w32.c:786
GL: INVAL_PARAMEntering the Thread Execution Environment 9108
afxRaster.c:172
afxRaster.c:172
<layerIdx>1 + <1>1 is out of capacity <ras->whd[2]>1.Entering the Thread Execution Environment 1728
Hardware-side raster 04a0da90 ready. de1, 8058, [4096,4096,1]Entering the Thread Execution Environment 9108
Uploading pipeline 'system/video/font.xsh.xml?instanced'Loading file... <system/video/font.xsh.xml>('E:/qwadro/afx//system//video/font.xsh.xml')system/video/font.vshsystem/video/font.xsh.xml?instancedUploading pipeline 'system/video/font.xsh.xml?instanced'Loading file... <system/video/font.xsh.xml>('E:/qwadro/afx//system//video/font.xsh.xml')Node 'DepthWriteEnabled' not handled.system/video/font.fshOpening file... <system/video/font.fsh>('E:/qwadro/afx//system//video/font.fsh'),1Opening file... <system/video/stdEnv.inc>('E:/qwadro/afx//system//video/stdEnv.inc'),1#version 330 core // QWADRO. Engineered by SIGMA Technology Group.

#define afxInt int
#define afxNat uint

#define afxReal float

#define afxV2d vec2
#define afxV3d vec3
#define afxV4d vec4

#define afxM2d mat2
#define afxM3d mat3
#define afxM4d mat4

#define float2 vec2
#define float3 vec3
#define float4 vec4

#define IN(_location_, _type_, _name_) layout(location = _location_) in _type_ _name_ 
#define OUT(_location_, _type_, _name_) layout(location = _location_) out _type_ _name_ 
//#define UNIFORM(_set_, _binding_, _type_, _name_) uniform _type_ _name_ 
//#define MULTIFORM(_set_, _binding_, _type_, _name_, _count_) _type_ _name_[_count_] 

// ubo = std140, ssbo = std430
#define UNIFORM_UNIT(_set_, _binding_, _name_) layout(std140) uniform _name_ 
#define STORAGE_UNIT(_set_, _binding_, _access_, _name_) layout(std430) _access_ buffer _name_ 
#define SAMPLING_UNIT(_set_, _binding_, _type_, _name_) uniform _type_ _name_ 

SAMPLING_UNIT(0, 1, sampler2D, atlas);

in block
{
    vec2 uv;
    vec4 rgba;
} sgl_v;

OUT(0, vec4, sgl_rgba);

void main()
{    
    vec4 sampled = texture(atlas, sgl_v.uv); //vec4(1.0, 1.0, 1.0, texture(samp, sgl_v.uv0).a);
    sgl_rgba = sgl_v.rgba * sampled;
    //sgl_rgba = vec4(/*sgl_v.rgba.rgb*/vec3(1.0, 1.0, 1.0), texture(atlas, sgl_v.uv).r);
}
Opening file... <system/video/font.vsh>('E:/qwadro/afx//system//video/font.vsh'),1Opening file... <system/video/stdEnv.inc>('E:/qwadro/afx//system//video/stdEnv.inc'),1Opening file... <system/video/stdView.inc>('E:/qwadro/afx//system//video/stdView.inc'),1#version 330 core // QWADRO. Engineered by SIGMA Technology Group.

#define afxInt int
#define afxNat uint

#define afxReal float

#define afxV2d vec2
#define afxV3d vec3
#define afxV4d vec4

#define afxM2d mat2
#define afxM3d mat3
#define afxM4d mat4

#define float2 vec2
#define float3 vec3
#define float4 vec4

#define IN(_location_, _type_, _name_) layout(location = _location_) in _type_ _name_ 
#define OUT(_location_, _type_, _name_) layout(location = _location_) out _type_ _name_ 
//#define UNIFORM(_set_, _binding_, _type_, _name_) uniform _type_ _name_ 
//#define MULTIFORM(_set_, _binding_, _type_, _name_, _count_) _type_ _name_[_count_] 

// ubo = std140, ssbo = std430
#define UNIFORM_UNIT(_set_, _binding_, _name_) layout(std140) uniform _name_ 
#define STORAGE_UNIT(_set_, _binding_, _access_, _name_) layout(std430) _access_ buffer _name_ 
#define SAMPLING_UNIT(_set_, _binding_, _type_, _name_) uniform _type_ _name_ 

UNIFORM_UNIT(0, 0, sgl_view)
{
    mat4 v;
    mat4 iv;
    mat4 p;
    mat4 ip;
    mat4 vp;
    mat4 ivp;
    
    vec4 viewPos; // view point
    vec2 viewExtent;

    vec3 starDir;
    vec4 starPos;
    vec4 starKd;
};

IN(0, vec2, in_instPos);
IN(1, vec2, in_instUv);
IN(2, vec4, in_instRgba);

const vec2 pos[4] =
{
    vec2( 0, 16),
    vec2( 0, 0),
    vec2(16, 16),
    vec2(16, 0)
};
const vec2 uv[4] =
{
    vec2(0.00625, -0.00625),
    vec2(0.00625, -0.05625),
    vec2(0.05625, -0.00625),
    vec2(0.05652, -0.05625)
};

out block
{
    vec2 uv;
    vec4 rgba;
} sgl_v;

void main()
{
    gl_Position = p * vec4((pos[gl_VertexID] + in_instPos), 0.0, 1.0);
    sgl_v.uv = uv[gl_VertexID] + in_instUv;
    sgl_v.rgba = vec4(1,1,1,1);//in_instRgba;
}
Setting up WidgetafxDrawOutput 000 readapted. 1920x1080 @ 60.000000Hz <1.777778r, 1.776903p>afxDrawOutput 000 adjusted. <952, 1920, 0.496> 1.881423 <506, 1080, 0.469>Setting up Vertex BufferSetting up CmdBufferSetting up CmdBufferSetting up SimulationSetting up MaterialSetting up Mesh TopologySetting up Vertex DataSetting up MeshSetting up SkeletonSetting up ModelSetting up MotionSetting up AnimationSetting up MotorSetting up BodySetting up EntitySetting up LightSetting up CAD AssetSetting up RendererLoading file... <system/engine.xss>('E:/qwadro/afx//system//engine.xss')require "core" for Storage

class Main {
  construct new() {
    System.print("new game")
  }

  init() {
    System.print("init game")
  }
  
  quit() {
      System.print("quit game")
  }

  step(dt) {
    //System.print("update game")
  }

  draw(din, event) {
    System.print("draw game")
  }
}

var Game = Main.new()
System.print(". game")
new game
. game
Entering the Thread Execution Environment 1728
Hardware-side raster 04a21540 ready. de1, 8229, [512,512,1]Hardware-side buffer 04a35ab0 ready. 34962, 1, 4Hardware-side buffer 04a35b28 ready. 35345, 2, 10Hardware-side buffer 04a35be0 ready. 35345, 3, 10Entering the Thread Execution Environment 9108
Opening file... <system/gui/fill_edge_aa.fsh>('E:/qwadro/afx//system//gui/fill_edge_aa.fsh'),1Opening file... <data/pipeline/stdEnv.inc>('E:/qwadro/afx//data//pipeline/stdEnv.inc'),1#version 330 core // QWADRO. Engineered by SIGMA Technology Group.

#define afxInt int
#define afxNat uint

#define afxReal float

#define afxV2d vec2
#define afxV3d vec3
#define afxV4d vec4

#define afxM2d mat2
#define afxM3d mat3
#define afxM4d mat4

#define float2 vec2
#define float3 vec3
#define float4 vec4

#define IN(_location_, _type_, _name_) layout(location = _location_) in _type_ _name_ 
#define OUT(_location_, _type_, _name_) layout(location = _location_) out _type_ _name_ 
//#define UNIFORM(_set_, _binding_, _type_, _name_) uniform _type_ _name_ 
//#define MULTIFORM(_set_, _binding_, _type_, _name_, _count_) _type_ _name_[_count_] 

// ubo = std140, ssbo = std430
#define UNIFORM_UNIT(_set_, _binding_, _name_) layout(std140) uniform _name_ 
#define STORAGE_UNIT(_set_, _binding_, _access_, _name_) layout(std430) _access_ buffer _name_ 
#define SAMPLING_UNIT(_set_, _binding_, _type_, _name_) uniform _type_ _name_ 

UNIFORM_UNIT(0, 1, frag)
{
    mat3 scissorMat;
    mat3 paintMat;
    vec4 innerCol;
    vec4 outerCol;
    vec2 scissorExt;
    vec2 scissorScale;
    vec2 extent;
    float radius;
    float feather;
    float strokeMult;
    float strokeThr;
    int texType;
    int type;
};

SAMPLING_UNIT(0, 2, sampler2D, tex);

in block
{
    vec2 ftcoord;
    vec2 fpos;
} sgl_v;

OUT(0, vec4, outColor);

float sdroundrect(vec2 pt, vec2 ext, float rad) {
	vec2 ext2 = ext - vec2(rad,rad);
	vec2 d = abs(pt) - ext2;
	return min(max(d.x,d.y),0.0) + length(max(d,0.0)) - rad;
}

// Scissoring
float scissorMask(vec2 p) {
	vec2 sc = (abs((scissorMat * vec3(p,1.0)).xy) - scissorExt);
	sc = vec2(0.5,0.5) - sc * scissorScale;
	return clamp(sc.x,0.0,1.0) * clamp(sc.y,0.0,1.0);
}
// Stroke - from [0..1] to clipped pyramid, where the slope is 1px.
float strokeMask() {
	return min(1.0, (1.0-abs(sgl_v.ftcoord.x*2.0-1.0))*strokeMult) * min(1.0, sgl_v.ftcoord.y);
}

void main(void) {
   vec4 result;
	float scissor = scissorMask(sgl_v.fpos);
	float strokeAlpha = strokeMask();
	if (strokeAlpha < strokeThr) discard;
	if (type == 0) {			// Gradient
		// Calculate gradient color using box gradient
		vec2 pt = (paintMat * vec3(sgl_v.fpos,1.0)).xy;
		float d = clamp((sdroundrect(pt, extent, radius) + feather*0.5) / feather, 0.0, 1.0);
		vec4 color = mix(innerCol,outerCol,d);
		// Combine alpha
		color *= strokeAlpha * scissor;
		result = color;
	} else if (type == 1) {		// Image
		// Calculate color fron texture
		vec2 pt = (paintMat * vec3(sgl_v.fpos,1.0)).xy / extent;
		vec4 color = texture(tex, pt);
		if (texType == 1) color = vec4(color.xyz*color.w,color.w);
		if (texType == 2) color = vec4(color.x);
		// Apply color tint and alpha.
		color *= innerCol;
		// Combine alpha
		color *= strokeAlpha * scissor;
		result = color;
	} else if (type == 2) {		// Stencil fill
		result = vec4(1,1,1,1);
	} else if (type == 3) {		// Textured tris
		vec4 color = texture(tex, sgl_v.ftcoord);
		if (texType == 1) color = vec4(color.xyz*color.w,color.w);
		if (texType == 2) color = vec4(color.x);
		color *= scissor;
		result = color * innerCol;
	}
	outColor = result;
}
Opening file... <system/gui/fill.vsh>('E:/qwadro/afx//system//gui/fill.vsh'),1Opening file... <data/pipeline/stdEnv.inc>('E:/qwadro/afx//data//pipeline/stdEnv.inc'),1#version 330 core // QWADRO. Engineered by SIGMA Technology Group.

#define afxInt int
#define afxNat uint

#define afxReal float

#define afxV2d vec2
#define afxV3d vec3
#define afxV4d vec4

#define afxM2d mat2
#define afxM3d mat3
#define afxM4d mat4

#define float2 vec2
#define float3 vec3
#define float4 vec4

#define IN(_location_, _type_, _name_) layout(location = _location_) in _type_ _name_ 
#define OUT(_location_, _type_, _name_) layout(location = _location_) out _type_ _name_ 
//#define UNIFORM(_set_, _binding_, _type_, _name_) uniform _type_ _name_ 
//#define MULTIFORM(_set_, _binding_, _type_, _name_, _count_) _type_ _name_[_count_] 

// ubo = std140, ssbo = std430
#define UNIFORM_UNIT(_set_, _binding_, _name_) layout(std140) uniform _name_ 
#define STORAGE_UNIT(_set_, _binding_, _access_, _name_) layout(std430) _access_ buffer _name_ 
#define SAMPLING_UNIT(_set_, _binding_, _type_, _name_) uniform _type_ _name_ 

UNIFORM_UNIT(0, 0, buffer)
{
    vec2 viewSize;
};

IN(0, vec2, vertex);
IN(1, vec2, tcoord);

out block
{
    vec2 ftcoord;
    vec2 fpos;
} sgl_v;

void main(void)
{
	sgl_v.ftcoord = tcoord;
	sgl_v.fpos = vertex;
	//gl_Position = vec4(2.0*vertex.x/viewSize.x - 1.0, 2.0*vertex.y/viewSize.y - 1.0, 0, 1);
    gl_Position = vec4(2.0*vertex.x/viewSize.x - 1.0, 1.0 - 2.0*vertex.y/viewSize.y, 0, 1);
}
Opening file... <system/gui/fill_edge_aa.fsh>('E:/qwadro/afx//system//gui/fill_edge_aa.fsh'),1Opening file... <data/pipeline/stdEnv.inc>('E:/qwadro/afx//data//pipeline/stdEnv.inc'),1#version 330 core // QWADRO. Engineered by SIGMA Technology Group.

#define afxInt int
#define afxNat uint

#define afxReal float

#define afxV2d vec2
#define afxV3d vec3
#define afxV4d vec4

#define afxM2d mat2
#define afxM3d mat3
#define afxM4d mat4

#define float2 vec2
#define float3 vec3
#define float4 vec4

#define IN(_location_, _type_, _name_) layout(location = _location_) in _type_ _name_ 
#define OUT(_location_, _type_, _name_) layout(location = _location_) out _type_ _name_ 
//#define UNIFORM(_set_, _binding_, _type_, _name_) uniform _type_ _name_ 
//#define MULTIFORM(_set_, _binding_, _type_, _name_, _count_) _type_ _name_[_count_] 

// ubo = std140, ssbo = std430
#define UNIFORM_UNIT(_set_, _binding_, _name_) layout(std140) uniform _name_ 
#define STORAGE_UNIT(_set_, _binding_, _access_, _name_) layout(std430) _access_ buffer _name_ 
#define SAMPLING_UNIT(_set_, _binding_, _type_, _name_) uniform _type_ _name_ 

UNIFORM_UNIT(0, 1, frag)
{
    mat3 scissorMat;
    mat3 paintMat;
    vec4 innerCol;
    vec4 outerCol;
    vec2 scissorExt;
    vec2 scissorScale;
    vec2 extent;
    float radius;
    float feather;
    float strokeMult;
    float strokeThr;
    int texType;
    int type;
};

SAMPLING_UNIT(0, 2, sampler2D, tex);

in block
{
    vec2 ftcoord;
    vec2 fpos;
} sgl_v;

OUT(0, vec4, outColor);

float sdroundrect(vec2 pt, vec2 ext, float rad) {
	vec2 ext2 = ext - vec2(rad,rad);
	vec2 d = abs(pt) - ext2;
	return min(max(d.x,d.y),0.0) + length(max(d,0.0)) - rad;
}

// Scissoring
float scissorMask(vec2 p) {
	vec2 sc = (abs((scissorMat * vec3(p,1.0)).xy) - scissorExt);
	sc = vec2(0.5,0.5) - sc * scissorScale;
	return clamp(sc.x,0.0,1.0) * clamp(sc.y,0.0,1.0);
}
// Stroke - from [0..1] to clipped pyramid, where the slope is 1px.
float strokeMask() {
	return min(1.0, (1.0-abs(sgl_v.ftcoord.x*2.0-1.0))*strokeMult) * min(1.0, sgl_v.ftcoord.y);
}

void main(void) {
   vec4 result;
	float scissor = scissorMask(sgl_v.fpos);
	float strokeAlpha = strokeMask();
	if (strokeAlpha < strokeThr) discard;
	if (type == 0) {			// Gradient
		// Calculate gradient color using box gradient
		vec2 pt = (paintMat * vec3(sgl_v.fpos,1.0)).xy;
		float d = clamp((sdroundrect(pt, extent, radius) + feather*0.5) / feather, 0.0, 1.0);
		vec4 color = mix(innerCol,outerCol,d);
		// Combine alpha
		color *= strokeAlpha * scissor;
		result = color;
	} else if (type == 1) {		// Image
		// Calculate color fron texture
		vec2 pt = (paintMat * vec3(sgl_v.fpos,1.0)).xy / extent;
		vec4 color = texture(tex, pt);
		if (texType == 1) color = vec4(color.xyz*color.w,color.w);
		if (texType == 2) color = vec4(color.x);
		// Apply color tint and alpha.
		color *= innerCol;
		// Combine alpha
		color *= strokeAlpha * scissor;
		result = color;
	} else if (type == 2) {		// Stencil fill
		result = vec4(1,1,1,1);
	} else if (type == 3) {		// Textured tris
		vec4 color = texture(tex, sgl_v.ftcoord);
		if (texType == 1) color = vec4(color.xyz*color.w,color.w);
		if (texType == 2) color = vec4(color.x);
		color *= scissor;
		result = color * innerCol;
	}
	outColor = result;
}
Opening file... <system/gui/fill.vsh>('E:/qwadro/afx//system//gui/fill.vsh'),1Opening file... <data/pipeline/stdEnv.inc>('E:/qwadro/afx//data//pipeline/stdEnv.inc'),1#version 330 core // QWADRO. Engineered by SIGMA Technology Group.

#define afxInt int
#define afxNat uint

#define afxReal float

#define afxV2d vec2
#define afxV3d vec3
#define afxV4d vec4

#define afxM2d mat2
#define afxM3d mat3
#define afxM4d mat4

#define float2 vec2
#define float3 vec3
#define float4 vec4

#define IN(_location_, _type_, _name_) layout(location = _location_) in _type_ _name_ 
#define OUT(_location_, _type_, _name_) layout(location = _location_) out _type_ _name_ 
//#define UNIFORM(_set_, _binding_, _type_, _name_) uniform _type_ _name_ 
//#define MULTIFORM(_set_, _binding_, _type_, _name_, _count_) _type_ _name_[_count_] 

// ubo = std140, ssbo = std430
#define UNIFORM_UNIT(_set_, _binding_, _name_) layout(std140) uniform _name_ 
#define STORAGE_UNIT(_set_, _binding_, _access_, _name_) layout(std430) _access_ buffer _name_ 
#define SAMPLING_UNIT(_set_, _binding_, _type_, _name_) uniform _type_ _name_ 

UNIFORM_UNIT(0, 0, buffer)
{
    vec2 viewSize;
};

IN(0, vec2, vertex);
IN(1, vec2, tcoord);

out block
{
    vec2 ftcoord;
    vec2 fpos;
} sgl_v;

void main(void)
{
	sgl_v.ftcoord = tcoord;
	sgl_v.fpos = vertex;
	//gl_Position = vec4(2.0*vertex.x/viewSize.x - 1.0, 2.0*vertex.y/viewSize.y - 1.0, 0, 1);
    gl_Position = vec4(2.0*vertex.x/viewSize.x - 1.0, 1.0 - 2.0*vertex.y/viewSize.y, 0, 1);
}
Opening file... <system/gui/fill_edge_aa.fsh>('E:/qwadro/afx//system//gui/fill_edge_aa.fsh'),1Opening file... <data/pipeline/stdEnv.inc>('E:/qwadro/afx//data//pipeline/stdEnv.inc'),1#version 330 core // QWADRO. Engineered by SIGMA Technology Group.

#define afxInt int
#define afxNat uint

#define afxReal float

#define afxV2d vec2
#define afxV3d vec3
#define afxV4d vec4

#define afxM2d mat2
#define afxM3d mat3
#define afxM4d mat4

#define float2 vec2
#define float3 vec3
#define float4 vec4

#define IN(_location_, _type_, _name_) layout(location = _location_) in _type_ _name_ 
#define OUT(_location_, _type_, _name_) layout(location = _location_) out _type_ _name_ 
//#define UNIFORM(_set_, _binding_, _type_, _name_) uniform _type_ _name_ 
//#define MULTIFORM(_set_, _binding_, _type_, _name_, _count_) _type_ _name_[_count_] 

// ubo = std140, ssbo = std430
#define UNIFORM_UNIT(_set_, _binding_, _name_) layout(std140) uniform _name_ 
#define STORAGE_UNIT(_set_, _binding_, _access_, _name_) layout(std430) _access_ buffer _name_ 
#define SAMPLING_UNIT(_set_, _binding_, _type_, _name_) uniform _type_ _name_ 

UNIFORM_UNIT(0, 1, frag)
{
    mat3 scissorMat;
    mat3 paintMat;
    vec4 innerCol;
    vec4 outerCol;
    vec2 scissorExt;
    vec2 scissorScale;
    vec2 extent;
    float radius;
    float feather;
    float strokeMult;
    float strokeThr;
    int texType;
    int type;
};

SAMPLING_UNIT(0, 2, sampler2D, tex);

in block
{
    vec2 ftcoord;
    vec2 fpos;
} sgl_v;

OUT(0, vec4, outColor);

float sdroundrect(vec2 pt, vec2 ext, float rad) {
	vec2 ext2 = ext - vec2(rad,rad);
	vec2 d = abs(pt) - ext2;
	return min(max(d.x,d.y),0.0) + length(max(d,0.0)) - rad;
}

// Scissoring
float scissorMask(vec2 p) {
	vec2 sc = (abs((scissorMat * vec3(p,1.0)).xy) - scissorExt);
	sc = vec2(0.5,0.5) - sc * scissorScale;
	return clamp(sc.x,0.0,1.0) * clamp(sc.y,0.0,1.0);
}
// Stroke - from [0..1] to clipped pyramid, where the slope is 1px.
float strokeMask() {
	return min(1.0, (1.0-abs(sgl_v.ftcoord.x*2.0-1.0))*strokeMult) * min(1.0, sgl_v.ftcoord.y);
}

void main(void) {
   vec4 result;
	float scissor = scissorMask(sgl_v.fpos);
	float strokeAlpha = strokeMask();
	if (strokeAlpha < strokeThr) discard;
	if (type == 0) {			// Gradient
		// Calculate gradient color using box gradient
		vec2 pt = (paintMat * vec3(sgl_v.fpos,1.0)).xy;
		float d = clamp((sdroundrect(pt, extent, radius) + feather*0.5) / feather, 0.0, 1.0);
		vec4 color = mix(innerCol,outerCol,d);
		// Combine alpha
		color *= strokeAlpha * scissor;
		result = color;
	} else if (type == 1) {		// Image
		// Calculate color fron texture
		vec2 pt = (paintMat * vec3(sgl_v.fpos,1.0)).xy / extent;
		vec4 color = texture(tex, pt);
		if (texType == 1) color = vec4(color.xyz*color.w,color.w);
		if (texType == 2) color = vec4(color.x);
		// Apply color tint and alpha.
		color *= innerCol;
		// Combine alpha
		color *= strokeAlpha * scissor;
		result = color;
	} else if (type == 2) {		// Stencil fill
		result = vec4(1,1,1,1);
	} else if (type == 3) {		// Textured tris
		vec4 color = texture(tex, sgl_v.ftcoord);
		if (texType == 1) color = vec4(color.xyz*color.w,color.w);
		if (texType == 2) color = vec4(color.x);
		color *= scissor;
		result = color * innerCol;
	}
	outColor = result;
}
Opening file... <system/gui/fill.vsh>('E:/qwadro/afx//system//gui/fill.vsh'),1Opening file... <data/pipeline/stdEnv.inc>('E:/qwadro/afx//data//pipeline/stdEnv.inc'),1#version 330 core // QWADRO. Engineered by SIGMA Technology Group.

#define afxInt int
#define afxNat uint

#define afxReal float

#define afxV2d vec2
#define afxV3d vec3
#define afxV4d vec4

#define afxM2d mat2
#define afxM3d mat3
#define afxM4d mat4

#define float2 vec2
#define float3 vec3
#define float4 vec4

#define IN(_location_, _type_, _name_) layout(location = _location_) in _type_ _name_ 
#define OUT(_location_, _type_, _name_) layout(location = _location_) out _type_ _name_ 
//#define UNIFORM(_set_, _binding_, _type_, _name_) uniform _type_ _name_ 
//#define MULTIFORM(_set_, _binding_, _type_, _name_, _count_) _type_ _name_[_count_] 

// ubo = std140, ssbo = std430
#define UNIFORM_UNIT(_set_, _binding_, _name_) layout(std140) uniform _name_ 
#define STORAGE_UNIT(_set_, _binding_, _access_, _name_) layout(std430) _access_ buffer _name_ 
#define SAMPLING_UNIT(_set_, _binding_, _type_, _name_) uniform _type_ _name_ 

UNIFORM_UNIT(0, 0, buffer)
{
    vec2 viewSize;
};

IN(0, vec2, vertex);
IN(1, vec2, tcoord);

out block
{
    vec2 ftcoord;
    vec2 fpos;
} sgl_v;

void main(void)
{
	sgl_v.ftcoord = tcoord;
	sgl_v.fpos = vertex;
	//gl_Position = vec4(2.0*vertex.x/viewSize.x - 1.0, 2.0*vertex.y/viewSize.y - 1.0, 0, 1);
    gl_Position = vec4(2.0*vertex.x/viewSize.x - 1.0, 1.0 - 2.0*vertex.y/viewSize.y, 0, 1);
}
Opening file... <system/gui/fill_edge_aa.fsh>('E:/qwadro/afx//system//gui/fill_edge_aa.fsh'),1Opening file... <data/pipeline/stdEnv.inc>('E:/qwadro/afx//data//pipeline/stdEnv.inc'),1#version 330 core // QWADRO. Engineered by SIGMA Technology Group.

#define afxInt int
#define afxNat uint

#define afxReal float

#define afxV2d vec2
#define afxV3d vec3
#define afxV4d vec4

#define afxM2d mat2
#define afxM3d mat3
#define afxM4d mat4

#define float2 vec2
#define float3 vec3
#define float4 vec4

#define IN(_location_, _type_, _name_) layout(location = _location_) in _type_ _name_ 
#define OUT(_location_, _type_, _name_) layout(location = _location_) out _type_ _name_ 
//#define UNIFORM(_set_, _binding_, _type_, _name_) uniform _type_ _name_ 
//#define MULTIFORM(_set_, _binding_, _type_, _name_, _count_) _type_ _name_[_count_] 

// ubo = std140, ssbo = std430
#define UNIFORM_UNIT(_set_, _binding_, _name_) layout(std140) uniform _name_ 
#define STORAGE_UNIT(_set_, _binding_, _access_, _name_) layout(std430) _access_ buffer _name_ 
#define SAMPLING_UNIT(_set_, _binding_, _type_, _name_) uniform _type_ _name_ 

UNIFORM_UNIT(0, 1, frag)
{
    mat3 scissorMat;
    mat3 paintMat;
    vec4 innerCol;
    vec4 outerCol;
    vec2 scissorExt;
    vec2 scissorScale;
    vec2 extent;
    float radius;
    float feather;
    float strokeMult;
    float strokeThr;
    int texType;
    int type;
};

SAMPLING_UNIT(0, 2, sampler2D, tex);

in block
{
    vec2 ftcoord;
    vec2 fpos;
} sgl_v;

OUT(0, vec4, outColor);

float sdroundrect(vec2 pt, vec2 ext, float rad) {
	vec2 ext2 = ext - vec2(rad,rad);
	vec2 d = abs(pt) - ext2;
	return min(max(d.x,d.y),0.0) + length(max(d,0.0)) - rad;
}

// Scissoring
float scissorMask(vec2 p) {
	vec2 sc = (abs((scissorMat * vec3(p,1.0)).xy) - scissorExt);
	sc = vec2(0.5,0.5) - sc * scissorScale;
	return clamp(sc.x,0.0,1.0) * clamp(sc.y,0.0,1.0);
}
// Stroke - from [0..1] to clipped pyramid, where the slope is 1px.
float strokeMask() {
	return min(1.0, (1.0-abs(sgl_v.ftcoord.x*2.0-1.0))*strokeMult) * min(1.0, sgl_v.ftcoord.y);
}

void main(void) {
   vec4 result;
	float scissor = scissorMask(sgl_v.fpos);
	float strokeAlpha = strokeMask();
	if (strokeAlpha < strokeThr) discard;
	if (type == 0) {			// Gradient
		// Calculate gradient color using box gradient
		vec2 pt = (paintMat * vec3(sgl_v.fpos,1.0)).xy;
		float d = clamp((sdroundrect(pt, extent, radius) + feather*0.5) / feather, 0.0, 1.0);
		vec4 color = mix(innerCol,outerCol,d);
		// Combine alpha
		color *= strokeAlpha * scissor;
		result = color;
	} else if (type == 1) {		// Image
		// Calculate color fron texture
		vec2 pt = (paintMat * vec3(sgl_v.fpos,1.0)).xy / extent;
		vec4 color = texture(tex, pt);
		if (texType == 1) color = vec4(color.xyz*color.w,color.w);
		if (texType == 2) color = vec4(color.x);
		// Apply color tint and alpha.
		color *= innerCol;
		// Combine alpha
		color *= strokeAlpha * scissor;
		result = color;
	} else if (type == 2) {		// Stencil fill
		result = vec4(1,1,1,1);
	} else if (type == 3) {		// Textured tris
		vec4 color = texture(tex, sgl_v.ftcoord);
		if (texType == 1) color = vec4(color.xyz*color.w,color.w);
		if (texType == 2) color = vec4(color.x);
		color *= scissor;
		result = color * innerCol;
	}
	outColor = result;
}
Opening file... <system/gui/fill.vsh>('E:/qwadro/afx//system//gui/fill.vsh'),1Opening file... <data/pipeline/stdEnv.inc>('E:/qwadro/afx//data//pipeline/stdEnv.inc'),1#version 330 core // QWADRO. Engineered by SIGMA Technology Group.

#define afxInt int
#define afxNat uint

#define afxReal float

#define afxV2d vec2
#define afxV3d vec3
#define afxV4d vec4

#define afxM2d mat2
#define afxM3d mat3
#define afxM4d mat4

#define float2 vec2
#define float3 vec3
#define float4 vec4

#define IN(_location_, _type_, _name_) layout(location = _location_) in _type_ _name_ 
#define OUT(_location_, _type_, _name_) layout(location = _location_) out _type_ _name_ 
//#define UNIFORM(_set_, _binding_, _type_, _name_) uniform _type_ _name_ 
//#define MULTIFORM(_set_, _binding_, _type_, _name_, _count_) _type_ _name_[_count_] 

// ubo = std140, ssbo = std430
#define UNIFORM_UNIT(_set_, _binding_, _name_) layout(std140) uniform _name_ 
#define STORAGE_UNIT(_set_, _binding_, _access_, _name_) layout(std430) _access_ buffer _name_ 
#define SAMPLING_UNIT(_set_, _binding_, _type_, _name_) uniform _type_ _name_ 

UNIFORM_UNIT(0, 0, buffer)
{
    vec2 viewSize;
};

IN(0, vec2, vertex);
IN(1, vec2, tcoord);

out block
{
    vec2 ftcoord;
    vec2 fpos;
} sgl_v;

void main(void)
{
	sgl_v.ftcoord = tcoord;
	sgl_v.fpos = vertex;
	//gl_Position = vec4(2.0*vertex.x/viewSize.x - 1.0, 2.0*vertex.y/viewSize.y - 1.0, 0, 1);
    gl_Position = vec4(2.0*vertex.x/viewSize.x - 1.0, 1.0 - 2.0*vertex.y/viewSize.y, 0, 1);
}
Opening file... <system/gui/fill_edge_aa.fsh>('E:/qwadro/afx//system//gui/fill_edge_aa.fsh'),1Opening file... <data/pipeline/stdEnv.inc>('E:/qwadro/afx//data//pipeline/stdEnv.inc'),1#version 330 core // QWADRO. Engineered by SIGMA Technology Group.

#define afxInt int
#define afxNat uint

#define afxReal float

#define afxV2d vec2
#define afxV3d vec3
#define afxV4d vec4

#define afxM2d mat2
#define afxM3d mat3
#define afxM4d mat4

#define float2 vec2
#define float3 vec3
#define float4 vec4

#define IN(_location_, _type_, _name_) layout(location = _location_) in _type_ _name_ 
#define OUT(_location_, _type_, _name_) layout(location = _location_) out _type_ _name_ 
//#define UNIFORM(_set_, _binding_, _type_, _name_) uniform _type_ _name_ 
//#define MULTIFORM(_set_, _binding_, _type_, _name_, _count_) _type_ _name_[_count_] 

// ubo = std140, ssbo = std430
#define UNIFORM_UNIT(_set_, _binding_, _name_) layout(std140) uniform _name_ 
#define STORAGE_UNIT(_set_, _binding_, _access_, _name_) layout(std430) _access_ buffer _name_ 
#define SAMPLING_UNIT(_set_, _binding_, _type_, _name_) uniform _type_ _name_ 

UNIFORM_UNIT(0, 1, frag)
{
    mat3 scissorMat;
    mat3 paintMat;
    vec4 innerCol;
    vec4 outerCol;
    vec2 scissorExt;
    vec2 scissorScale;
    vec2 extent;
    float radius;
    float feather;
    float strokeMult;
    float strokeThr;
    int texType;
    int type;
};

SAMPLING_UNIT(0, 2, sampler2D, tex);

in block
{
    vec2 ftcoord;
    vec2 fpos;
} sgl_v;

OUT(0, vec4, outColor);

float sdroundrect(vec2 pt, vec2 ext, float rad) {
	vec2 ext2 = ext - vec2(rad,rad);
	vec2 d = abs(pt) - ext2;
	return min(max(d.x,d.y),0.0) + length(max(d,0.0)) - rad;
}

// Scissoring
float scissorMask(vec2 p) {
	vec2 sc = (abs((scissorMat * vec3(p,1.0)).xy) - scissorExt);
	sc = vec2(0.5,0.5) - sc * scissorScale;
	return clamp(sc.x,0.0,1.0) * clamp(sc.y,0.0,1.0);
}
// Stroke - from [0..1] to clipped pyramid, where the slope is 1px.
float strokeMask() {
	return min(1.0, (1.0-abs(sgl_v.ftcoord.x*2.0-1.0))*strokeMult) * min(1.0, sgl_v.ftcoord.y);
}

void main(void) {
   vec4 result;
	float scissor = scissorMask(sgl_v.fpos);
	float strokeAlpha = strokeMask();
	if (strokeAlpha < strokeThr) discard;
	if (type == 0) {			// Gradient
		// Calculate gradient color using box gradient
		vec2 pt = (paintMat * vec3(sgl_v.fpos,1.0)).xy;
		float d = clamp((sdroundrect(pt, extent, radius) + feather*0.5) / feather, 0.0, 1.0);
		vec4 color = mix(innerCol,outerCol,d);
		// Combine alpha
		color *= strokeAlpha * scissor;
		result = color;
	} else if (type == 1) {		// Image
		// Calculate color fron texture
		vec2 pt = (paintMat * vec3(sgl_v.fpos,1.0)).xy / extent;
		vec4 color = texture(tex, pt);
		if (texType == 1) color = vec4(color.xyz*color.w,color.w);
		if (texType == 2) color = vec4(color.x);
		// Apply color tint and alpha.
		color *= innerCol;
		// Combine alpha
		color *= strokeAlpha * scissor;
		result = color;
	} else if (type == 2) {		// Stencil fill
		result = vec4(1,1,1,1);
	} else if (type == 3) {		// Textured tris
		vec4 color = texture(tex, sgl_v.ftcoord);
		if (texType == 1) color = vec4(color.xyz*color.w,color.w);
		if (texType == 2) color = vec4(color.x);
		color *= scissor;
		result = color * innerCol;
	}
	outColor = result;
}
Opening file... <system/gui/fill.vsh>('E:/qwadro/afx//system//gui/fill.vsh'),1Opening file... <data/pipeline/stdEnv.inc>('E:/qwadro/afx//data//pipeline/stdEnv.inc'),1#version 330 core // QWADRO. Engineered by SIGMA Technology Group.

#define afxInt int
#define afxNat uint

#define afxReal float

#define afxV2d vec2
#define afxV3d vec3
#define afxV4d vec4

#define afxM2d mat2
#define afxM3d mat3
#define afxM4d mat4

#define float2 vec2
#define float3 vec3
#define float4 vec4

#define IN(_location_, _type_, _name_) layout(location = _location_) in _type_ _name_ 
#define OUT(_location_, _type_, _name_) layout(location = _location_) out _type_ _name_ 
//#define UNIFORM(_set_, _binding_, _type_, _name_) uniform _type_ _name_ 
//#define MULTIFORM(_set_, _binding_, _type_, _name_, _count_) _type_ _name_[_count_] 

// ubo = std140, ssbo = std430
#define UNIFORM_UNIT(_set_, _binding_, _name_) layout(std140) uniform _name_ 
#define STORAGE_UNIT(_set_, _binding_, _access_, _name_) layout(std430) _access_ buffer _name_ 
#define SAMPLING_UNIT(_set_, _binding_, _type_, _name_) uniform _type_ _name_ 

UNIFORM_UNIT(0, 0, buffer)
{
    vec2 viewSize;
};

IN(0, vec2, vertex);
IN(1, vec2, tcoord);

out block
{
    vec2 ftcoord;
    vec2 fpos;
} sgl_v;

void main(void)
{
	sgl_v.ftcoord = tcoord;
	sgl_v.fpos = vertex;
	//gl_Position = vec4(2.0*vertex.x/viewSize.x - 1.0, 2.0*vertex.y/viewSize.y - 1.0, 0, 1);
    gl_Position = vec4(2.0*vertex.x/viewSize.x - 1.0, 1.0 - 2.0*vertex.y/viewSize.y, 0, 1);
}
Entering the Thread Execution Environment 1728
Hardware-side raster 04a0db20 ready. de1, 8058, [952,506,1]Hardware-side raster 04a0de40 ready. de1, 88f0, [952,506,1]afxCanvas 04a21160 hardware-side data instanced.Opening file... <system/gui/fill.vsh>('E:/qwadro/afx//system//gui/fill.vsh'),1Opening file... <data/pipeline/stdEnv.inc>('E:/qwadro/afx//data//pipeline/stdEnv.inc'),1#version 330 core // QWADRO. Engineered by SIGMA Technology Group.

#define afxInt int
#define afxNat uint

#define afxReal float

#define afxV2d vec2
#define afxV3d vec3
#define afxV4d vec4

#define afxM2d mat2
#define afxM3d mat3
#define afxM4d mat4

#define float2 vec2
#define float3 vec3
#define float4 vec4

#define IN(_location_, _type_, _name_) layout(location = _location_) in _type_ _name_ 
#define OUT(_location_, _type_, _name_) layout(location = _location_) out _type_ _name_ 
//#define UNIFORM(_set_, _binding_, _type_, _name_) uniform _type_ _name_ 
//#define MULTIFORM(_set_, _binding_, _type_, _name_, _count_) _type_ _name_[_count_] 

// ubo = std140, ssbo = std430
#define UNIFORM_UNIT(_set_, _binding_, _name_) layout(std140) uniform _name_ 
#define STORAGE_UNIT(_set_, _binding_, _access_, _name_) layout(std430) _access_ buffer _name_ 
#define SAMPLING_UNIT(_set_, _binding_, _type_, _name_) uniform _type_ _name_ 

UNIFORM_UNIT(0, 0, buffer)
{
    vec2 viewSize;
};

IN(0, vec2, vertex);
IN(1, vec2, tcoord);

out block
{
    vec2 ftcoord;
    vec2 fpos;
} sgl_v;

void main(void)
{
	sgl_v.ftcoord = tcoord;
	sgl_v.fpos = vertex;
	//gl_Position = vec4(2.0*vertex.x/viewSize.x - 1.0, 2.0*vertex.y/viewSize.y - 1.0, 0, 1);
    gl_Position = vec4(2.0*vertex.x/viewSize.x - 1.0, 1.0 - 2.0*vertex.y/viewSize.y, 0, 1);
}
Opening file... <system/gui/fill_edge_aa.fsh>('E:/qwadro/afx//system//gui/fill_edge_aa.fsh'),1Opening file... <data/pipeline/stdEnv.inc>('E:/qwadro/afx//data//pipeline/stdEnv.inc'),1#version 330 core // QWADRO. Engineered by SIGMA Technology Group.

#define afxInt int
#define afxNat uint

#define afxReal float

#define afxV2d vec2
#define afxV3d vec3
#define afxV4d vec4

#define afxM2d mat2
#define afxM3d mat3
#define afxM4d mat4

#define float2 vec2
#define float3 vec3
#define float4 vec4

#define IN(_location_, _type_, _name_) layout(location = _location_) in _type_ _name_ 
#define OUT(_location_, _type_, _name_) layout(location = _location_) out _type_ _name_ 
//#define UNIFORM(_set_, _binding_, _type_, _name_) uniform _type_ _name_ 
//#define MULTIFORM(_set_, _binding_, _type_, _name_, _count_) _type_ _name_[_count_] 

// ubo = std140, ssbo = std430
#define UNIFORM_UNIT(_set_, _binding_, _name_) layout(std140) uniform _name_ 
#define STORAGE_UNIT(_set_, _binding_, _access_, _name_) layout(std430) _access_ buffer _name_ 
#define SAMPLING_UNIT(_set_, _binding_, _type_, _name_) uniform _type_ _name_ 

UNIFORM_UNIT(0, 1, frag)
{
    mat3 scissorMat;
    mat3 paintMat;
    vec4 innerCol;
    vec4 outerCol;
    vec2 scissorExt;
    vec2 scissorScale;
    vec2 extent;
    float radius;
    float feather;
    float strokeMult;
    float strokeThr;
    int texType;
    int type;
};

SAMPLING_UNIT(0, 2, sampler2D, tex);

in block
{
    vec2 ftcoord;
    vec2 fpos;
} sgl_v;

OUT(0, vec4, outColor);

float sdroundrect(vec2 pt, vec2 ext, float rad) {
	vec2 ext2 = ext - vec2(rad,rad);
	vec2 d = abs(pt) - ext2;
	return min(max(d.x,d.y),0.0) + length(max(d,0.0)) - rad;
}

// Scissoring
float scissorMask(vec2 p) {
	vec2 sc = (abs((scissorMat * vec3(p,1.0)).xy) - scissorExt);
	sc = vec2(0.5,0.5) - sc * scissorScale;
	return clamp(sc.x,0.0,1.0) * clamp(sc.y,0.0,1.0);
}
// Stroke - from [0..1] to clipped pyramid, where the slope is 1px.
float strokeMask() {
	return min(1.0, (1.0-abs(sgl_v.ftcoord.x*2.0-1.0))*strokeMult) * min(1.0, sgl_v.ftcoord.y);
}

void main(void) {
   vec4 result;
	float scissor = scissorMask(sgl_v.fpos);
	float strokeAlpha = strokeMask();
	if (strokeAlpha < strokeThr) discard;
	if (type == 0) {			// Gradient
		// Calculate gradient color using box gradient
		vec2 pt = (paintMat * vec3(sgl_v.fpos,1.0)).xy;
		float d = clamp((sdroundrect(pt, extent, radius) + feather*0.5) / feather, 0.0, 1.0);
		vec4 color = mix(innerCol,outerCol,d);
		// Combine alpha
		color *= strokeAlpha * scissor;
		result = color;
	} else if (type == 1) {		// Image
		// Calculate color fron texture
		vec2 pt = (paintMat * vec3(sgl_v.fpos,1.0)).xy / extent;
		vec4 color = texture(tex, pt);
		if (texType == 1) color = vec4(color.xyz*color.w,color.w);
		if (texType == 2) color = vec4(color.x);
		// Apply color tint and alpha.
		color *= innerCol;
		// Combine alpha
		color *= strokeAlpha * scissor;
		result = color;
	} else if (type == 2) {		// Stencil fill
		result = vec4(1,1,1,1);
	} else if (type == 3) {		// Textured tris
		vec4 color = texture(tex, sgl_v.ftcoord);
		if (texType == 1) color = vec4(color.xyz*color.w,color.w);
		if (texType == 2) color = vec4(color.x);
		color *= scissor;
		result = color * innerCol;
	}
	outColor = result;
}
afxPipeline 04a1e800 hardware-side data instanced.Hardware-side sampler 04a57620 ready.Opening file... <system/gui/fill.vsh>('E:/qwadro/afx//system//gui/fill.vsh'),1Opening file... <data/pipeline/stdEnv.inc>('E:/qwadro/afx//data//pipeline/stdEnv.inc'),1#version 330 core // QWADRO. Engineered by SIGMA Technology Group.

#define afxInt int
#define afxNat uint

#define afxReal float

#define afxV2d vec2
#define afxV3d vec3
#define afxV4d vec4

#define afxM2d mat2
#define afxM3d mat3
#define afxM4d mat4

#define float2 vec2
#define float3 vec3
#define float4 vec4

#define IN(_location_, _type_, _name_) layout(location = _location_) in _type_ _name_ 
#define OUT(_location_, _type_, _name_) layout(location = _location_) out _type_ _name_ 
//#define UNIFORM(_set_, _binding_, _type_, _name_) uniform _type_ _name_ 
//#define MULTIFORM(_set_, _binding_, _type_, _name_, _count_) _type_ _name_[_count_] 

// ubo = std140, ssbo = std430
#define UNIFORM_UNIT(_set_, _binding_, _name_) layout(std140) uniform _name_ 
#define STORAGE_UNIT(_set_, _binding_, _access_, _name_) layout(std430) _access_ buffer _name_ 
#define SAMPLING_UNIT(_set_, _binding_, _type_, _name_) uniform _type_ _name_ 

UNIFORM_UNIT(0, 0, buffer)
{
    vec2 viewSize;
};

IN(0, vec2, vertex);
IN(1, vec2, tcoord);

out block
{
    vec2 ftcoord;
    vec2 fpos;
} sgl_v;

void main(void)
{
	sgl_v.ftcoord = tcoord;
	sgl_v.fpos = vertex;
	//gl_Position = vec4(2.0*vertex.x/viewSize.x - 1.0, 2.0*vertex.y/viewSize.y - 1.0, 0, 1);
    gl_Position = vec4(2.0*vertex.x/viewSize.x - 1.0, 1.0 - 2.0*vertex.y/viewSize.y, 0, 1);
}
Opening file... <system/gui/fill_edge_aa.fsh>('E:/qwadro/afx//system//gui/fill_edge_aa.fsh'),1Opening file... <data/pipeline/stdEnv.inc>('E:/qwadro/afx//data//pipeline/stdEnv.inc'),1#version 330 core // QWADRO. Engineered by SIGMA Technology Group.

#define afxInt int
#define afxNat uint

#define afxReal float

#define afxV2d vec2
#define afxV3d vec3
#define afxV4d vec4

#define afxM2d mat2
#define afxM3d mat3
#define afxM4d mat4

#define float2 vec2
#define float3 vec3
#define float4 vec4

#define IN(_location_, _type_, _name_) layout(location = _location_) in _type_ _name_ 
#define OUT(_location_, _type_, _name_) layout(location = _location_) out _type_ _name_ 
//#define UNIFORM(_set_, _binding_, _type_, _name_) uniform _type_ _name_ 
//#define MULTIFORM(_set_, _binding_, _type_, _name_, _count_) _type_ _name_[_count_] 

// ubo = std140, ssbo = std430
#define UNIFORM_UNIT(_set_, _binding_, _name_) layout(std140) uniform _name_ 
#define STORAGE_UNIT(_set_, _binding_, _access_, _name_) layout(std430) _access_ buffer _name_ 
#define SAMPLING_UNIT(_set_, _binding_, _type_, _name_) uniform _type_ _name_ 

UNIFORM_UNIT(0, 1, frag)
{
    mat3 scissorMat;
    mat3 paintMat;
    vec4 innerCol;
    vec4 outerCol;
    vec2 scissorExt;
    vec2 scissorScale;
    vec2 extent;
    float radius;
    float feather;
    float strokeMult;
    float strokeThr;
    int texType;
    int type;
};

SAMPLING_UNIT(0, 2, sampler2D, tex);

in block
{
    vec2 ftcoord;
    vec2 fpos;
} sgl_v;

OUT(0, vec4, outColor);

float sdroundrect(vec2 pt, vec2 ext, float rad) {
	vec2 ext2 = ext - vec2(rad,rad);
	vec2 d = abs(pt) - ext2;
	return min(max(d.x,d.y),0.0) + length(max(d,0.0)) - rad;
}

// Scissoring
float scissorMask(vec2 p) {
	vec2 sc = (abs((scissorMat * vec3(p,1.0)).xy) - scissorExt);
	sc = vec2(0.5,0.5) - sc * scissorScale;
	return clamp(sc.x,0.0,1.0) * clamp(sc.y,0.0,1.0);
}
// Stroke - from [0..1] to clipped pyramid, where the slope is 1px.
float strokeMask() {
	return min(1.0, (1.0-abs(sgl_v.ftcoord.x*2.0-1.0))*strokeMult) * min(1.0, sgl_v.ftcoord.y);
}

void main(void) {
   vec4 result;
	float scissor = scissorMask(sgl_v.fpos);
	float strokeAlpha = strokeMask();
	if (strokeAlpha < strokeThr) discard;
	if (type == 0) {			// Gradient
		// Calculate gradient color using box gradient
		vec2 pt = (paintMat * vec3(sgl_v.fpos,1.0)).xy;
		float d = clamp((sdroundrect(pt, extent, radius) + feather*0.5) / feather, 0.0, 1.0);
		vec4 color = mix(innerCol,outerCol,d);
		// Combine alpha
		color *= strokeAlpha * scissor;
		result = color;
	} else if (type == 1) {		// Image
		// Calculate color fron texture
		vec2 pt = (paintMat * vec3(sgl_v.fpos,1.0)).xy / extent;
		vec4 color = texture(tex, pt);
		if (texType == 1) color = vec4(color.xyz*color.w,color.w);
		if (texType == 2) color = vec4(color.x);
		// Apply color tint and alpha.
		color *= innerCol;
		// Combine alpha
		color *= strokeAlpha * scissor;
		result = color;
	} else if (type == 2) {		// Stencil fill
		result = vec4(1,1,1,1);
	} else if (type == 3) {		// Textured tris
		vec4 color = texture(tex, sgl_v.ftcoord);
		if (texType == 1) color = vec4(color.xyz*color.w,color.w);
		if (texType == 2) color = vec4(color.x);
		color *= scissor;
		result = color * innerCol;
	}
	outColor = result;
}
Entering the Thread Execution Environment 7076
0  - OpenAL Soft1  - Generic SoftwareListing devices available with ALC_ENUMERATE_ALL_EXT0  - OpenAL Soft on Alto-falantes (VIA HD Audio(Compatible))1  - OpenAL Soft on Headphone (VIA HD Audio(Compatible))2  - Generic Software on Alto-falantes (VIA HD Audio(Compatible))3  - Generic Software on Headphone (VIA HD Audio(Compatible))Listing available capture devices:0  - OpenAL Soft on Mixagem estreo (VIA HD Audio(Compatible))1  - OpenAL Soft on Microfone (VIA HD Audio(Compatible))2  - OpenAL Soft on Entrada (VIA HD Audio(Compatible))3  - Mixagem estreo (VIA HD Audio(C4  - Microfone (VIA HD Audio(Compati5  - Entrada (VIA HD Audio(CompatiblEntering the Thread Execution Environment 1728
afxPipeline 04a1e888 hardware-side data instanced.Opening file... <system/gui/fill.vsh>('E:/qwadro/afx//system//gui/fill.vsh'),1Opening file... <data/pipeline/stdEnv.inc>('E:/qwadro/afx//data//pipeline/stdEnv.inc'),1#version 330 core // QWADRO. Engineered by SIGMA Technology Group.

#define afxInt int
#define afxNat uint

#define afxReal float

#define afxV2d vec2
#define afxV3d vec3
#define afxV4d vec4

#define afxM2d mat2
#define afxM3d mat3
#define afxM4d mat4

#define float2 vec2
#define float3 vec3
#define float4 vec4

#define IN(_location_, _type_, _name_) layout(location = _location_) in _type_ _name_ 
#define OUT(_location_, _type_, _name_) layout(location = _location_) out _type_ _name_ 
//#define UNIFORM(_set_, _binding_, _type_, _name_) uniform _type_ _name_ 
//#define MULTIFORM(_set_, _binding_, _type_, _name_, _count_) _type_ _name_[_count_] 

// ubo = std140, ssbo = std430
#define UNIFORM_UNIT(_set_, _binding_, _name_) layout(std140) uniform _name_ 
#define STORAGE_UNIT(_set_, _binding_, _access_, _name_) layout(std430) _access_ buffer _name_ 
#define SAMPLING_UNIT(_set_, _binding_, _type_, _name_) uniform _type_ _name_ 

UNIFORM_UNIT(0, 0, buffer)
{
    vec2 viewSize;
};

IN(0, vec2, vertex);
IN(1, vec2, tcoord);

out block
{
    vec2 ftcoord;
    vec2 fpos;
} sgl_v;

void main(void)
{
	sgl_v.ftcoord = tcoord;
	sgl_v.fpos = vertex;
	//gl_Position = vec4(2.0*vertex.x/viewSize.x - 1.0, 2.0*vertex.y/viewSize.y - 1.0, 0, 1);
    gl_Position = vec4(2.0*vertex.x/viewSize.x - 1.0, 1.0 - 2.0*vertex.y/viewSize.y, 0, 1);
}
Opening file... <system/gui/fill_edge_aa.fsh>('E:/qwadro/afx//system//gui/fill_edge_aa.fsh'),1Opening file... <data/pipeline/stdEnv.inc>('E:/qwadro/afx//data//pipeline/stdEnv.inc'),1#version 330 core // QWADRO. Engineered by SIGMA Technology Group.

#define afxInt int
#define afxNat uint

#define afxReal float

#define afxV2d vec2
#define afxV3d vec3
#define afxV4d vec4

#define afxM2d mat2
#define afxM3d mat3
#define afxM4d mat4

#define float2 vec2
#define float3 vec3
#define float4 vec4

#define IN(_location_, _type_, _name_) layout(location = _location_) in _type_ _name_ 
#define OUT(_location_, _type_, _name_) layout(location = _location_) out _type_ _name_ 
//#define UNIFORM(_set_, _binding_, _type_, _name_) uniform _type_ _name_ 
//#define MULTIFORM(_set_, _binding_, _type_, _name_, _count_) _type_ _name_[_count_] 

// ubo = std140, ssbo = std430
#define UNIFORM_UNIT(_set_, _binding_, _name_) layout(std140) uniform _name_ 
#define STORAGE_UNIT(_set_, _binding_, _access_, _name_) layout(std430) _access_ buffer _name_ 
#define SAMPLING_UNIT(_set_, _binding_, _type_, _name_) uniform _type_ _name_ 

UNIFORM_UNIT(0, 1, frag)
{
    mat3 scissorMat;
    mat3 paintMat;
    vec4 innerCol;
    vec4 outerCol;
    vec2 scissorExt;
    vec2 scissorScale;
    vec2 extent;
    float radius;
    float feather;
    float strokeMult;
    float strokeThr;
    int texType;
    int type;
};

SAMPLING_UNIT(0, 2, sampler2D, tex);

in block
{
    vec2 ftcoord;
    vec2 fpos;
} sgl_v;

OUT(0, vec4, outColor);

float sdroundrect(vec2 pt, vec2 ext, float rad) {
	vec2 ext2 = ext - vec2(rad,rad);
	vec2 d = abs(pt) - ext2;
	return min(max(d.x,d.y),0.0) + length(max(d,0.0)) - rad;
}

// Scissoring
float scissorMask(vec2 p) {
	vec2 sc = (abs((scissorMat * vec3(p,1.0)).xy) - scissorExt);
	sc = vec2(0.5,0.5) - sc * scissorScale;
	return clamp(sc.x,0.0,1.0) * clamp(sc.y,0.0,1.0);
}
// Stroke - from [0..1] to clipped pyramid, where the slope is 1px.
float strokeMask() {
	return min(1.0, (1.0-abs(sgl_v.ftcoord.x*2.0-1.0))*strokeMult) * min(1.0, sgl_v.ftcoord.y);
}

void main(void) {
   vec4 result;
	float scissor = scissorMask(sgl_v.fpos);
	float strokeAlpha = strokeMask();
	if (strokeAlpha < strokeThr) discard;
	if (type == 0) {			// Gradient
		// Calculate gradient color using box gradient
		vec2 pt = (paintMat * vec3(sgl_v.fpos,1.0)).xy;
		float d = clamp((sdroundrect(pt, extent, radius) + feather*0.5) / feather, 0.0, 1.0);
		vec4 color = mix(innerCol,outerCol,d);
		// Combine alpha
		color *= strokeAlpha * scissor;
		result = color;
	} else if (type == 1) {		// Image
		// Calculate color fron texture
		vec2 pt = (paintMat * vec3(sgl_v.fpos,1.0)).xy / extent;
		vec4 color = texture(tex, pt);
		if (texType == 1) color = vec4(color.xyz*color.w,color.w);
		if (texType == 2) color = vec4(color.x);
		// Apply color tint and alpha.
		color *= innerCol;
		// Combine alpha
		color *= strokeAlpha * scissor;
		result = color;
	} else if (type == 2) {		// Stencil fill
		result = vec4(1,1,1,1);
	} else if (type == 3) {		// Textured tris
		vec4 color = texture(tex, sgl_v.ftcoord);
		if (texType == 1) color = vec4(color.xyz*color.w,color.w);
		if (texType == 2) color = vec4(color.x);
		color *= scissor;
		result = color * innerCol;
	}
	outColor = result;
}
Entering the Thread Execution Environment 7076
Opening file... <system/qwadroDeepNote>('E:/qwadro/afx//system//qwadroDeepNote'),1Entering the Thread Execution Environment 1728
afxPipeline 04a4af30 hardware-side data instanced.Opening file... <system/gui/fill.vsh>('E:/qwadro/afx//system//gui/fill.vsh'),1Opening file... <data/pipeline/stdEnv.inc>('E:/qwadro/afx//data//pipeline/stdEnv.inc'),1#version 330 core // QWADRO. Engineered by SIGMA Technology Group.

#define afxInt int
#define afxNat uint

#define afxReal float

#define afxV2d vec2
#define afxV3d vec3
#define afxV4d vec4

#define afxM2d mat2
#define afxM3d mat3
#define afxM4d mat4

#define float2 vec2
#define float3 vec3
#define float4 vec4

#define IN(_location_, _type_, _name_) layout(location = _location_) in _type_ _name_ 
#define OUT(_location_, _type_, _name_) layout(location = _location_) out _type_ _name_ 
//#define UNIFORM(_set_, _binding_, _type_, _name_) uniform _type_ _name_ 
//#define MULTIFORM(_set_, _binding_, _type_, _name_, _count_) _type_ _name_[_count_] 

// ubo = std140, ssbo = std430
#define UNIFORM_UNIT(_set_, _binding_, _name_) layout(std140) uniform _name_ 
#define STORAGE_UNIT(_set_, _binding_, _access_, _name_) layout(std430) _access_ buffer _name_ 
#define SAMPLING_UNIT(_set_, _binding_, _type_, _name_) uniform _type_ _name_ 

UNIFORM_UNIT(0, 0, buffer)
{
    vec2 viewSize;
};

IN(0, vec2, vertex);
IN(1, vec2, tcoord);

out block
{
    vec2 ftcoord;
    vec2 fpos;
} sgl_v;

void main(void)
{
	sgl_v.ftcoord = tcoord;
	sgl_v.fpos = vertex;
	//gl_Position = vec4(2.0*vertex.x/viewSize.x - 1.0, 2.0*vertex.y/viewSize.y - 1.0, 0, 1);
    gl_Position = vec4(2.0*vertex.x/viewSize.x - 1.0, 1.0 - 2.0*vertex.y/viewSize.y, 0, 1);
}
Opening file... <system/gui/fill_edge_aa.fsh>('E:/qwadro/afx//system//gui/fill_edge_aa.fsh'),1Opening file... <data/pipeline/stdEnv.inc>('E:/qwadro/afx//data//pipeline/stdEnv.inc'),1#version 330 core // QWADRO. Engineered by SIGMA Technology Group.

#define afxInt int
#define afxNat uint

#define afxReal float

#define afxV2d vec2
#define afxV3d vec3
#define afxV4d vec4

#define afxM2d mat2
#define afxM3d mat3
#define afxM4d mat4

#define float2 vec2
#define float3 vec3
#define float4 vec4

#define IN(_location_, _type_, _name_) layout(location = _location_) in _type_ _name_ 
#define OUT(_location_, _type_, _name_) layout(location = _location_) out _type_ _name_ 
//#define UNIFORM(_set_, _binding_, _type_, _name_) uniform _type_ _name_ 
//#define MULTIFORM(_set_, _binding_, _type_, _name_, _count_) _type_ _name_[_count_] 

// ubo = std140, ssbo = std430
#define UNIFORM_UNIT(_set_, _binding_, _name_) layout(std140) uniform _name_ 
#define STORAGE_UNIT(_set_, _binding_, _access_, _name_) layout(std430) _access_ buffer _name_ 
#define SAMPLING_UNIT(_set_, _binding_, _type_, _name_) uniform _type_ _name_ 

UNIFORM_UNIT(0, 1, frag)
{
    mat3 scissorMat;
    mat3 paintMat;
    vec4 innerCol;
    vec4 outerCol;
    vec2 scissorExt;
    vec2 scissorScale;
    vec2 extent;
    float radius;
    float feather;
    float strokeMult;
    float strokeThr;
    int texType;
    int type;
};

SAMPLING_UNIT(0, 2, sampler2D, tex);

in block
{
    vec2 ftcoord;
    vec2 fpos;
} sgl_v;

OUT(0, vec4, outColor);

float sdroundrect(vec2 pt, vec2 ext, float rad) {
	vec2 ext2 = ext - vec2(rad,rad);
	vec2 d = abs(pt) - ext2;
	return min(max(d.x,d.y),0.0) + length(max(d,0.0)) - rad;
}

// Scissoring
float scissorMask(vec2 p) {
	vec2 sc = (abs((scissorMat * vec3(p,1.0)).xy) - scissorExt);
	sc = vec2(0.5,0.5) - sc * scissorScale;
	return clamp(sc.x,0.0,1.0) * clamp(sc.y,0.0,1.0);
}
// Stroke - from [0..1] to clipped pyramid, where the slope is 1px.
float strokeMask() {
	return min(1.0, (1.0-abs(sgl_v.ftcoord.x*2.0-1.0))*strokeMult) * min(1.0, sgl_v.ftcoord.y);
}

void main(void) {
   vec4 result;
	float scissor = scissorMask(sgl_v.fpos);
	float strokeAlpha = strokeMask();
	if (strokeAlpha < strokeThr) discard;
	if (type == 0) {			// Gradient
		// Calculate gradient color using box gradient
		vec2 pt = (paintMat * vec3(sgl_v.fpos,1.0)).xy;
		float d = clamp((sdroundrect(pt, extent, radius) + feather*0.5) / feather, 0.0, 1.0);
		vec4 color = mix(innerCol,outerCol,d);
		// Combine alpha
		color *= strokeAlpha * scissor;
		result = color;
	} else if (type == 1) {		// Image
		// Calculate color fron texture
		vec2 pt = (paintMat * vec3(sgl_v.fpos,1.0)).xy / extent;
		vec4 color = texture(tex, pt);
		if (texType == 1) color = vec4(color.xyz*color.w,color.w);
		if (texType == 2) color = vec4(color.x);
		// Apply color tint and alpha.
		color *= innerCol;
		// Combine alpha
		color *= strokeAlpha * scissor;
		result = color;
	} else if (type == 2) {		// Stencil fill
		result = vec4(1,1,1,1);
	} else if (type == 3) {		// Textured tris
		vec4 color = texture(tex, sgl_v.ftcoord);
		if (texType == 1) color = vec4(color.xyz*color.w,color.w);
		if (texType == 2) color = vec4(color.x);
		color *= scissor;
		result = color * innerCol;
	}
	outColor = result;
}
afxPipeline 04a4afb8 hardware-side data instanced.Opening file... <system/gui/fill.vsh>('E:/qwadro/afx//system//gui/fill.vsh'),1Opening file... <data/pipeline/stdEnv.inc>('E:/qwadro/afx//data//pipeline/stdEnv.inc'),1#version 330 core // QWADRO. Engineered by SIGMA Technology Group.

#define afxInt int
#define afxNat uint

#define afxReal float

#define afxV2d vec2
#define afxV3d vec3
#define afxV4d vec4

#define afxM2d mat2
#define afxM3d mat3
#define afxM4d mat4

#define float2 vec2
#define float3 vec3
#define float4 vec4

#define IN(_location_, _type_, _name_) layout(location = _location_) in _type_ _name_ 
#define OUT(_location_, _type_, _name_) layout(location = _location_) out _type_ _name_ 
//#define UNIFORM(_set_, _binding_, _type_, _name_) uniform _type_ _name_ 
//#define MULTIFORM(_set_, _binding_, _type_, _name_, _count_) _type_ _name_[_count_] 

// ubo = std140, ssbo = std430
#define UNIFORM_UNIT(_set_, _binding_, _name_) layout(std140) uniform _name_ 
#define STORAGE_UNIT(_set_, _binding_, _access_, _name_) layout(std430) _access_ buffer _name_ 
#define SAMPLING_UNIT(_set_, _binding_, _type_, _name_) uniform _type_ _name_ 

UNIFORM_UNIT(0, 0, buffer)
{
    vec2 viewSize;
};

IN(0, vec2, vertex);
IN(1, vec2, tcoord);

out block
{
    vec2 ftcoord;
    vec2 fpos;
} sgl_v;

void main(void)
{
	sgl_v.ftcoord = tcoord;
	sgl_v.fpos = vertex;
	//gl_Position = vec4(2.0*vertex.x/viewSize.x - 1.0, 2.0*vertex.y/viewSize.y - 1.0, 0, 1);
    gl_Position = vec4(2.0*vertex.x/viewSize.x - 1.0, 1.0 - 2.0*vertex.y/viewSize.y, 0, 1);
}
Opening file... <system/gui/fill_edge_aa.fsh>('E:/qwadro/afx//system//gui/fill_edge_aa.fsh'),1Opening file... <data/pipeline/stdEnv.inc>('E:/qwadro/afx//data//pipeline/stdEnv.inc'),1#version 330 core // QWADRO. Engineered by SIGMA Technology Group.

#define afxInt int
#define afxNat uint

#define afxReal float

#define afxV2d vec2
#define afxV3d vec3
#define afxV4d vec4

#define afxM2d mat2
#define afxM3d mat3
#define afxM4d mat4

#define float2 vec2
#define float3 vec3
#define float4 vec4

#define IN(_location_, _type_, _name_) layout(location = _location_) in _type_ _name_ 
#define OUT(_location_, _type_, _name_) layout(location = _location_) out _type_ _name_ 
//#define UNIFORM(_set_, _binding_, _type_, _name_) uniform _type_ _name_ 
//#define MULTIFORM(_set_, _binding_, _type_, _name_, _count_) _type_ _name_[_count_] 

// ubo = std140, ssbo = std430
#define UNIFORM_UNIT(_set_, _binding_, _name_) layout(std140) uniform _name_ 
#define STORAGE_UNIT(_set_, _binding_, _access_, _name_) layout(std430) _access_ buffer _name_ 
#define SAMPLING_UNIT(_set_, _binding_, _type_, _name_) uniform _type_ _name_ 

UNIFORM_UNIT(0, 1, frag)
{
    mat3 scissorMat;
    mat3 paintMat;
    vec4 innerCol;
    vec4 outerCol;
    vec2 scissorExt;
    vec2 scissorScale;
    vec2 extent;
    float radius;
    float feather;
    float strokeMult;
    float strokeThr;
    int texType;
    int type;
};

SAMPLING_UNIT(0, 2, sampler2D, tex);

in block
{
    vec2 ftcoord;
    vec2 fpos;
} sgl_v;

OUT(0, vec4, outColor);

float sdroundrect(vec2 pt, vec2 ext, float rad) {
	vec2 ext2 = ext - vec2(rad,rad);
	vec2 d = abs(pt) - ext2;
	return min(max(d.x,d.y),0.0) + length(max(d,0.0)) - rad;
}

// Scissoring
float scissorMask(vec2 p) {
	vec2 sc = (abs((scissorMat * vec3(p,1.0)).xy) - scissorExt);
	sc = vec2(0.5,0.5) - sc * scissorScale;
	return clamp(sc.x,0.0,1.0) * clamp(sc.y,0.0,1.0);
}
// Stroke - from [0..1] to clipped pyramid, where the slope is 1px.
float strokeMask() {
	return min(1.0, (1.0-abs(sgl_v.ftcoord.x*2.0-1.0))*strokeMult) * min(1.0, sgl_v.ftcoord.y);
}

void main(void) {
   vec4 result;
	float scissor = scissorMask(sgl_v.fpos);
	float strokeAlpha = strokeMask();
	if (strokeAlpha < strokeThr) discard;
	if (type == 0) {			// Gradient
		// Calculate gradient color using box gradient
		vec2 pt = (paintMat * vec3(sgl_v.fpos,1.0)).xy;
		float d = clamp((sdroundrect(pt, extent, radius) + feather*0.5) / feather, 0.0, 1.0);
		vec4 color = mix(innerCol,outerCol,d);
		// Combine alpha
		color *= strokeAlpha * scissor;
		result = color;
	} else if (type == 1) {		// Image
		// Calculate color fron texture
		vec2 pt = (paintMat * vec3(sgl_v.fpos,1.0)).xy / extent;
		vec4 color = texture(tex, pt);
		if (texType == 1) color = vec4(color.xyz*color.w,color.w);
		if (texType == 2) color = vec4(color.x);
		// Apply color tint and alpha.
		color *= innerCol;
		// Combine alpha
		color *= strokeAlpha * scissor;
		result = color;
	} else if (type == 2) {		// Stencil fill
		result = vec4(1,1,1,1);
	} else if (type == 3) {		// Textured tris
		vec4 color = texture(tex, sgl_v.ftcoord);
		if (texType == 1) color = vec4(color.xyz*color.w,color.w);
		if (texType == 2) color = vec4(color.x);
		color *= scissor;
		result = color * innerCol;
	}
	outColor = result;
}
afxPipeline 04a2f3c0 hardware-side data instanced.sglDdev_w32.c:122
Hardware-side raster 04a0ded0 ready. de1, 8058, [952,506,1]Hardware-side raster 04a0f580 ready. de1, 88f0, [952,506,1]afxCanvas 04a21210 hardware-side data instanced.Hardware-side raster 04a0f610 ready. de1, 8058, [952,506,1]Hardware-side raster 04a214b0 ready. de1, 88f0, [952,506,1]afxCanvas 04a21300 hardware-side data instanced.Entering the Thread Execution Environment 9108
afxDrawOutput 000 adjusted. <953, 1920, 0.496> 1.883399 <506, 1080, 0.469>afxDrawOutput 000 adjusted. <956, 1920, 0.498> 1.889328 <506, 1080, 0.469>afxDrawOutput 000 adjusted. <957, 1920, 0.498> 1.891304 <506, 1080, 0.469>afxDrawOutput 000 adjusted. <958, 1920, 0.499> 1.893281 <506, 1080, 0.469>afxDrawOutput 000 adjusted. <960, 1920, 0.500> 1.897233 <506, 1080, 0.469>Entering the Thread Execution Environment 1728
Hardware-side raster 04a0ded0 ready. de1, 8058, [960,506,1]Hardware-side raster 04a0f580 ready. de1, 88f0, [960,506,1]afxCanvas 04a21210 hardware-side data instanced.Hardware-side raster 04a0f610 ready. de1, 8058, [960,506,1]Hardware-side raster 04a214b0 ready. de1, 88f0, [960,506,1]afxCanvas 0e8a9180 hardware-side data instanced.Hardware-side raster 04a0db20 ready. de1, 8058, [960,506,1]Hardware-side raster 04a0de40 ready. de1, 88f0, [960,506,1]afxCanvas 04a21160 hardware-side data instanced.Entering the Thread Execution Environment 9108
afxDrawOutput 000 adjusted. <959, 1920, 0.499> 1.895257 <506, 1080, 0.469>afxDrawOutput 000 adjusted. <955, 1920, 0.497> 1.887352 <506, 1080, 0.469>afxDrawOutput 000 adjusted. <954, 1920, 0.497> 1.885375 <506, 1080, 0.469>afxDrawOutput 000 adjusted. <952, 1920, 0.496> 1.881423 <506, 1080, 0.469>afxDrawOutput 000 adjusted. <951, 1920, 0.495> 1.879447 <506, 1080, 0.469>Entering the Thread Execution Environment 1728
Hardware-side raster 04a0db20 ready. de1, 8058, [951,506,1]Hardware-side raster 04a0de40 ready. de1, 88f0, [951,506,1]afxCanvas 04a21160 hardware-side data instanced.Hardware-side raster 04a0ded0 ready. de1, 8058, [951,506,1]Hardware-side raster 04a0f580 ready. de1, 88f0, [951,506,1]afxCanvas 04a21210 hardware-side data instanced.Hardware-side raster 04a0f610 ready. de1, 8058, [951,506,1]Hardware-side raster 04a214b0 ready. de1, 88f0, [951,506,1]afxCanvas 0e8a9180 hardware-side data instanced.Entering the Thread Execution Environment 9108
afxDrawOutput 000 adjusted. <951, 1920, 0.495> 1.872047 <508, 1080, 0.470>afxDrawOutput 000 adjusted. <951, 1920, 0.495> 1.846602 <515, 1080, 0.477>afxDrawOutput 000 adjusted. <951, 1920, 0.495> 1.832370 <519, 1080, 0.481>afxDrawOutput 000 adjusted. <951, 1920, 0.495> 1.828846 <520, 1080, 0.481>afxDrawOutput 000 adjusted. <951, 1920, 0.495> 1.818356 <523, 1080, 0.484>afxDrawOutput 000 adjusted. <951, 1920, 0.495> 1.811429 <525, 1080, 0.486>afxDrawOutput 000 adjusted. <951, 1920, 0.495> 1.807985 <526, 1080, 0.487>afxDrawOutput 000 adjusted. <951, 1920, 0.495> 1.804554 <527, 1080, 0.488>Entering the Thread Execution Environment 1728
Hardware-side raster 04a0ded0 ready. de1, 8058, [951,527,1]Hardware-side raster 04a0f580 ready. de1, 88f0, [951,527,1]afxCanvas 04a21210 hardware-side data instanced.Hardware-side raster 04a0f610 ready. de1, 8058, [951,527,1]Hardware-side raster 04a214b0 ready. de1, 88f0, [951,527,1]afxCanvas 0e8a9180 hardware-side data instanced.Hardware-side raster 04a0db20 ready. de1, 8058, [951,527,1]Hardware-side raster 04a0de40 ready. de1, 88f0, [951,527,1]afxCanvas 04a21160 hardware-side data instanced.Entering the Thread Execution Environment 9108
afxDrawOutput 000 adjusted. <951, 1920, 0.495> 1.807985 <526, 1080, 0.487>afxDrawOutput 000 adjusted. <951, 1920, 0.495> 1.811429 <525, 1080, 0.486>Entering the Thread Execution Environment 1728
Hardware-side raster 04a0ded0 ready. de1, 8058, [951,525,1]Hardware-side raster 04a0f580 ready. de1, 88f0, [951,525,1]afxCanvas 04a21210 hardware-side data instanced.Hardware-side raster 04a0f610 ready. de1, 8058, [951,525,1]Hardware-side raster 04a214b0 ready. de1, 88f0, [951,525,1]afxCanvas 0e8a9180 hardware-side data instanced.Hardware-side raster 04a0db20 ready. de1, 8058, [951,525,1]Hardware-side raster 04a0de40 ready. de1, 88f0, [951,525,1]afxCanvas 04a21160 hardware-side data instanced.Entering the Thread Execution Environment 9108
afxDrawOutput 000 adjusted. <951, 1920, 0.495> 1.814885 <524, 1080, 0.485>afxDrawOutput 000 adjusted. <951, 1920, 0.495> 1.818356 <523, 1080, 0.484>afxDrawOutput 000 adjusted. <951, 1920, 0.495> 1.825336 <521, 1080, 0.482>afxDrawOutput 000 adjusted. <951, 1920, 0.495> 1.835907 <518, 1080, 0.480>afxDrawOutput 000 adjusted. <951, 1920, 0.495> 1.839458 <517, 1080, 0.479>Entering the Thread Execution Environment 1728
Hardware-side raster 04a0db20 ready. de1, 8058, [951,517,1]Hardware-side raster 04a0de40 ready. de1, 88f0, [951,517,1]afxCanvas 04a21160 hardware-side data instanced.Hardware-side raster 04a0ded0 ready. de1, 8058, [951,517,1]Hardware-side raster 04a0f580 ready. de1, 88f0, [951,517,1]afxCanvas 04a21210 hardware-side data instanced.Hardware-side raster 04a0f610 ready. de1, 8058, [951,517,1]Hardware-side raster 04a214b0 ready. de1, 88f0, [951,517,1]afxCanvas 0e8a9180 hardware-side data instanced.Entering the Thread Execution Environment 9108
afxDrawOutput 000 adjusted. <951, 1920, 0.495> 1.846602 <515, 1080, 0.477>afxDrawOutput 000 adjusted. <951, 1920, 0.495> 1.864706 <510, 1080, 0.472>afxDrawOutput 000 adjusted. <951, 1920, 0.495> 1.868369 <509, 1080, 0.471>Entering the Thread Execution Environment 1728
Hardware-side raster 04a0f610 ready. de1, 8058, [951,509,1]Hardware-side raster 04a214b0 ready. de1, 88f0, [951,509,1]afxCanvas 0e8a9180 hardware-side data instanced.Hardware-side raster 04a0db20 ready. de1, 8058, [951,509,1]Hardware-side raster 04a0de40 ready. de1, 88f0, [951,509,1]afxCanvas 04a21160 hardware-side data instanced.Hardware-side raster 04a0ded0 ready. de1, 8058, [951,509,1]Hardware-side raster 04a0f580 ready. de1, 88f0, [951,509,1]afxCanvas 04a21210 hardware-side data instanced.Entering the Thread Execution Environment 9108
afxDrawOutput 000 adjusted. <951, 1920, 0.495> 1.872047 <508, 1080, 0.470>afxDrawOutput 000 adjusted. <951, 1920, 0.495> 1.879447 <506, 1080, 0.469>afxDrawOutput 000 adjusted. <951, 1920, 0.495> 1.883168 <505, 1080, 0.468>afxDrawOutput 000 adjusted. <951, 1920, 0.495> 1.886905 <504, 1080, 0.467>afxDrawOutput 000 adjusted. <951, 1920, 0.495> 1.890656 <503, 1080, 0.466>Entering the Thread Execution Environment 1728
Hardware-side raster 04a0f610 ready. de1, 8058, [951,503,1]Hardware-side raster 04a214b0 ready. de1, 88f0, [951,503,1]afxCanvas 0e8a9180 hardware-side data instanced.Hardware-side raster 04a0db20 ready. de1, 8058, [951,503,1]Hardware-side raster 04a0de40 ready. de1, 88f0, [951,503,1]afxCanvas 04a21160 hardware-side data instanced.Hardware-side raster 04a0ded0 ready. de1, 8058, [951,503,1]Hardware-side raster 04a0f580 ready. de1, 88f0, [951,503,1]afxCanvas 04a21210 hardware-side data instanced.Entering the Thread Execution Environment 9108
afxDrawOutput 000 adjusted. <951, 1920, 0.495> 1.894422 <502, 1080, 0.465>afxDrawOutput 000 adjusted. <951, 1920, 0.495> 1.898204 <501, 1080, 0.464>afxDrawOutput 000 adjusted. <951, 1920, 0.495> 1.902000 <500, 1080, 0.463>afxDrawOutput 000 adjusted. <951, 1920, 0.495> 1.905812 <499, 1080, 0.462>afxDrawOutput 000 adjusted. <951, 1920, 0.495> 1.909639 <498, 1080, 0.461>Entering the Thread Execution Environment 1728
Hardware-side raster 04a0ded0 ready. de1, 8058, [951,498,1]Hardware-side raster 04a0f580 ready. de1, 88f0, [951,498,1]afxCanvas 04a21210 hardware-side data instanced.Hardware-side raster 04a0f610 ready. de1, 8058, [951,498,1]Hardware-side raster 04a214b0 ready. de1, 88f0, [951,498,1]afxCanvas 0e8a9180 hardware-side data instanced.Hardware-side raster 04a0db20 ready. de1, 8058, [951,498,1]Hardware-side raster 04a0de40 ready. de1, 88f0, [951,498,1]afxCanvas 04a21160 hardware-side data instanced.