
 afxDebug_w32.c:360
  AfxAttachDebugTerminal()
      ::::::::  :::       :::     :::     :::::::::  :::::::::   ::::::::      
     :+:    :+: :+:       :+:   :+: :+:   :+:    :+: :+:    :+: :+:    :+:     
     +:+    +:+ +:+       +:+  +:+   +:+  +:+    +:+ +:+    +:+ +:+    +:+     
     +#+    +:+ +#+  +:+  +#+ +#++:++#++: +#+    +:+ +#++:++#:  +#+    +:+     
     +#+  # +#+ +#+ +#+#+ +#+ +#+     +#+ +#+    +#+ +#+    +#+ +#+    +#+     
     #+#   +#+   #+#+# #+#+#  #+#     #+# #+#    #+# #+#    #+# #+#    #+#     
      ###### ###  ###   ###   ###     ### #########  ###    ###  ########      
                                                                               
              Q W A D R O   E X E C U T I O N   E C O S Y S T E M              
                                                                               
                               Public Test Build                               
                   (c) 2017 SIGMA, Engineering In Technology                   
                                www.sigmaco.org                                
                                                                               
Booting up Qwadro Execution Ecosystem...
 Installing Qwadro Execution Ecosystem at 518042a0...
 ERR afxConfig.c:216?AfxIniLoadFromFile
  1: Section 'BasedOn="E:\qwadro\afx"' missing ']' operator.
 Installing Thread Execution Unit at 007237c8 by 00723088...
 Entering the Thread Execution Environment 7596
 Installing Memory Management Unit at 0072309c by 00723088...
 Installing Thread at 007236fc by 00723088...
 Installing Device at 00723894 by 00723088...
 Installing Autonomous Service at 00723960 by 00723088...
 Installing I/O Stream at 00723a2c by 00723088...
 Installing Codec at 00723af8 by 00723088...
 Installing Archive at 00723c90 by 00723088...
 Installing Executable & Linkable Module at 00723234 by 00723088...
 Installing Installable Client Driver at 00723300 by 00723088...
 Installing File System at 00723d5c by 00723088...
 Installing Human Input Device at 007233cc by 00723088 over 00723894...
 Installing Keyboard at 00723498 by 00723088 over 007233cc...
 Installing Mouse at 00723564 by 00723088 over 007233cc...
 Installing Controller at 00723630 by 00723088 over 007233cc...
 Installing String Catalog at 00723168 by 00723088...
 [!] afxSystem_w32.c:458?_AfxSysCtor
  Memory page size: 4096
 [!] afxSystem_w32.c:459?_AfxSysCtor
  Logical processor count: 1
 Mounting file system... <.>(''),5
 Mounting file system... <system>('system'),5
 ERR afxFileSystem.c:152?AfxResolveUris
  
 ERR afxFileSystem.c:210?AfxResolveUri
  
 Opening file... <system>('system'),5
 ERR afxFile.c:559?AfxOpenFile
  
 ERR afxArchive.c:650?AfxOpenArchive
  
 ERR afxFileSystem.c:315?AfxMountFileSystem
  