
 afxDebug_w32.c:360
  AfxAttachDebugTerminal()
      ::::::::  :::       :::     :::     :::::::::  :::::::::   ::::::::      
     :+:    :+: :+:       :+:   :+: :+:   :+:    :+: :+:    :+: :+:    :+:     
     +:+    +:+ +:+       +:+  +:+   +:+  +:+    +:+ +:+    +:+ +:+    +:+     
     +#+    +:+ +#+  +:+  +#+ +#++:++#++: +#+    +:+ +#++:++#:  +#+    +:+     
     +#+  # +#+ +#+ +#+#+ +#+ +#+     +#+ +#+    +#+ +#+    +#+ +#+    +#+     
     #+#   +#+   #+#+# #+#+#  #+#     #+# #+#    #+# #+#    #+# #+#    #+#     
      ###### ###  ###   ###   ###     ### #########  ###    ###  ########      
                                                                               
              Q W A D R O   E X E C U T I O N   E C O S Y S T E M              
                                                                               
                               Public Test Build                               
                   (c) 2017 SIGMA, Engineering In Technology                   
                                www.sigmaco.org                                
                                                                               
 [!] afxSystem.c:525?AfxDoSystemBootUp
  Booting up Qwadro...
 Installing Qwadro Execution Ecosystem at 0f4732a8...
 afxClass<Qwadro Execution Ecosystem>::ConstructObject(003a2320)
 afxSystem_w32.c:288
  _AfxSysCtor(sys=003a2320)
 ERR afxInitialization.c:216?AfxIniLoadFromFile
  1: Section 'BasedOn="E:\qwadro\afx"' missing ']' operator.
 Installing Thread Execution Unit at 003a3a50 by 003a3358...
 Entering the Thread Execution Environment 3280
 afxClass<Thread Execution Unit>::ConstructObject(003b9ea0)
 afxTxu_w32.c:399
  _AfxTxuCtor(003b9ea0)
 Installing Memory Management Unit at 003a336c by 003a3358...
 Installing Thread at 003a398c by 003a3358...
 Installing Device at 003a3b14 by 003a3358...
 Installing Autonomous Service at 003a3bd8 by 003a3358...
 Installing I/O Stream at 003a3c9c by 003a3358...
 Installing Codec at 003a3d60 by 003a3358...
 ERR afxSystem.c:227?AfxGetFileClass
  
 ERR afxSystem.c:227?AfxGetFileClass
  (var_)
    Invalid
 Installing File Archive at 003a3ee8 by 003a3358 over 003a3e24...
 ERR afxClass.c:647?AfxMountClass
  
 ERR afxClass.c:647?AfxMountClass
  (base)
    Invalid