Booting...
Threading... #2768 (afxSystem_w32.c:426)Mounting... <//./z/>(''),5Mounting... <//./z/>('E:\qwadro\repo\bangitk\system'),5Mounting... <//./z/>('E:\qwadro\repo\bangitk\system32'),7Mounting... <//./z/>('E:\qwadro\repo\bangitk\system32d'),7Mounting... <//./c/>('C:\Windows\SysWow64'),5Loading... <e2coree.dll>Threading... #0 (afxIoBridge.c:250)Memory page Size: 4096HW threading: 2Loading... <e2draw.dll>Loading... <e2combo.dll>Loading... <e2sound.dll>Loading... <e2mmux.dll>Loading... <//./z////eaxzal1.dll>Installing... <//./z/////eaxzal1.dll>	<//./eaxzal1/>("")  0.0.0 Loading... <//./z////galileo.dll>Installing... <//./z/////galileo.dll>	<//./galileo/>("")  0.0.0 Loading... <//./z////tarzgl4.dll>Installing... <//./z/////tarzgl4.dll>	<//./tarzgl3/>("")  0.0.0 	<//./tarzgl4/>("")  0.0.0 Loading... <//./z////winsh4d.dll>Installing... <//./z/////winsh4d.dll>Mounting... <//./d/>('E:\qwadro\repo\bangitk\system'),7	<//./dwm/>("")  0.0.0 	<//./kbd/>("")  0.0.0 	<//./mse/>("")  0.0.0 	<//./gpad/>("")  0.0.0 Entering the Thread Execution Environment 2768
Loading... <//./c/opengl32.dll>Listing mem available display devices...
#0 = Intel(R) HD Graphics (\\.\DISPLAY1) 8080005#1 = RDPDD Chained DD (\\.\DISPLAYV1) 200008#2 = RDP Encoder Mirror Driver (\\.\DISPLAYV2) 200008#3 = RDP Reflector Display Driver (\\.\DISPLAYV3) 200008zglInterop_WGL.c:1534
GL: INVAL_PARAMzglInterop_WGL.c:1549
GL: INVAL_PARAMzglInterop_WGL.c:1560
GL: INVAL_PARAMzglInterop_WGL.c:1592
GL: INVAL_PARAMzglInterop_WGL.c:1623
GL: INVAL_PARAMzglInterop_WGL.c:1625
GL: INVAL_PARAMzglInterop_WGL.c:1782
GL: INVAL_PARAMzglInterop_WGL.c:1785
GL: INVAL_PARAMzglInterop_WGL.c:1790
GL: INVAL_PARAMzglInterop_WGL.c:1795
GL: INVAL_PARAMThreading... #0 (afxDrawBridge.c:500)Entering the Thread Execution Environment 5196
Starting 5196 on thread execution unit #2...Entering the Thread Execution Environment 2768
Reopening... <//./z/video/uvOutTristripQuad.vsh>Entering the Thread Execution Environment 5196
SIGMA GL/2 Draw Execution Unit 000
	Intel(R) HD Graphics 3.2.0 - Build 10.18.10.5129Entering the Thread Execution Environment 2768
Reopening... <//./z/video/stdEnv.inc>Reopening... <//./z/video/sampleOutRgba2d.fsh>Reopening... <//./z/video/stdEnv.inc>afxClass.c:910
afxClass.c:910
(cfg->fcc)
    SuccessafxClass.c:933
afxClass.c:933
(cfg->name && cfg->name[0])
    SuccessThreading... #0 (afxDrawBridge.c:500)Reopening... <//./z/video/uvOutTristripQuad.vsh>Reopening... <//./z/video/stdEnv.inc>Reopening... <//./z/video/sampleOutRgba2d.fsh>Reopening... <//./z/video/stdEnv.inc>Loading... <//./c/openal32.dll>Entering the Thread Execution Environment 6372
Starting 6372 on thread execution unit #3...Entering the Thread Execution Environment 2768
Threading... #0 (afxSoundBridge.c:399)Entering the Thread Execution Environment 6372
SIGMA GL/2 Draw Execution Unit 000
	Intel(R) HD Graphics 3.2.0 - Build 10.18.10.5129Entering the Thread Execution Environment 4632
Starting 4632 on thread execution unit #4...Entering the Thread Execution Environment 2768
Mounting... <//./d/>('E:\qwadro\repo\bangitk\tmp'),7Entering the Thread Execution Environment 4632
Sound Execution Unit .Loading... <//./c/openal32.dll>Entering the Thread Execution Environment 2768
Reopening... <//./z/video/zgui.vsh>Reopening... <//./z/video/stdEnv.inc>Reopening... <//./z/video/zgui.fsh>Reopening... <//./z/video/stdEnv.inc>Entering the Thread Execution Environment 5196
GPU RO 05940c70 ready. de1, 8058, [512,128,1]GPU buffer 05932360 ready. 34962, 2, 4GPU buffer 059323f0 ready. 34963, 3, 8GPU RO 05931cc0 ready. de1, 8058, [675,330,1]GPU RO 05931da0 ready. de1, 8cac, [675,330,1]avxCanvas 0592d660 hardware-side data instanced.Reopening... <//./z/video/zgui.vsh>Reopening... <//./z/video/stdEnv.inc>Reopening... <//./z/video/zgui.fsh>Reopening... <//./z/video/stdEnv.inc>avxPipeline 01f6fa40 hardware-side data instanced.Hardware-side sampler 05932230 ready.GPU RO 05931e90 ready. de1, 8058, [675,330,1]GPU RO 05931f70 ready. de1, 8cac, [675,330,1]avxCanvas 0592d6f0 hardware-side data instanced.GPU RO 05932060 ready. de1, 8058, [675,330,1]GPU RO 05932140 ready. de1, 8cac, [675,330,1]avxCanvas 0592d780 hardware-side data instanced.GPU RO 05a8ebe0 ready. de1, 8058, [1366,690,1]GPU RO 05a8ecd0 ready. de1, 8cac, [1366,690,1]avxCanvas 0592d6f0 hardware-side data instanced.GPU RO 05a8edb0 ready. de1, 8058, [1366,690,1]GPU RO 05a8eea0 ready. de1, 8cac, [1366,690,1]avxCanvas 0592d780 hardware-side data instanced.GPU RO 05a8ea10 ready. de1, 8058, [1366,690,1]GPU RO 05a8eb00 ready. de1, 8cac, [1366,690,1]avxCanvas 0592d660 hardware-side data instanced.GPU RO 05a8ecd0 ready. de1, 8058, [675,330,1]GPU RO 05a8ebe0 ready. de1, 8cac, [675,330,1]avxCanvas 0592d6f0 hardware-side data instanced.GPU RO 05a8eea0 ready. de1, 8058, [675,330,1]GPU RO 05a8edb0 ready. de1, 8cac, [675,330,1]avxCanvas 0592d780 hardware-side data instanced.GPU RO 05a8eb00 ready. de1, 8058, [675,330,1]GPU RO 05a8ea10 ready. de1, 8cac, [675,330,1]avxCanvas 0592d660 hardware-side data instanced.GPU RO 05a8edb0 ready. de1, 8058, [1366,690,1]GPU RO 05a8eea0 ready. de1, 8cac, [1366,690,1]avxCanvas 0592d780 hardware-side data instanced.GPU RO 05a8ea10 ready. de1, 8058, [1366,690,1]GPU RO 05a8eb00 ready. de1, 8cac, [1366,690,1]avxCanvas 0592d660 hardware-side data instanced.GPU RO 05a8ebe0 ready. de1, 8058, [1366,690,1]GPU RO 05a8ecd0 ready. de1, 8cac, [1366,690,1]avxCanvas 0592d6f0 hardware-side data instanced.GPU RO 05a8eb00 ready. de1, 8058, [675,330,1]GPU RO 05a8ea10 ready. de1, 8cac, [675,330,1]avxCanvas 0592d660 hardware-side data instanced.GPU RO 05a8ecd0 ready. de1, 8058, [675,330,1]GPU RO 05a8ebe0 ready. de1, 8cac, [675,330,1]avxCanvas 0592d6f0 hardware-side data instanced.GPU RO 05a8eea0 ready. de1, 8058, [675,330,1]GPU RO 05a8edb0 ready. de1, 8cac, [675,330,1]avxCanvas 0592d780 hardware-side data instanced.GPU RO 05a8edb0 ready. de1, 8058, [1366,690,1]GPU RO 05a8eea0 ready. de1, 8cac, [1366,690,1]avxCanvas 0592d780 hardware-side data instanced.GPU RO 05a8ea10 ready. de1, 8058, [1366,690,1]GPU RO 05a8eb00 ready. de1, 8cac, [1366,690,1]avxCanvas 0592d660 hardware-side data instanced.GPU RO 05a8ebe0 ready. de1, 8058, [1366,690,1]GPU RO 05a8ecd0 ready. de1, 8cac, [1366,690,1]avxCanvas 0592d6f0 hardware-side data instanced.GPU RO 05a8eea0 ready. de1, 8058, [675,330,1]GPU RO 05a8edb0 ready. de1, 8cac, [675,330,1]avxCanvas 0592d780 hardware-side data instanced.GPU RO 05a8eb00 ready. de1, 8058, [675,330,1]GPU RO 05a8ea10 ready. de1, 8cac, [675,330,1]avxCanvas 0592d660 hardware-side data instanced.GPU RO 05a8ecd0 ready. de1, 8058, [675,330,1]GPU RO 05a8ebe0 ready. de1, 8cac, [675,330,1]avxCanvas 0592d6f0 hardware-side data instanced.GPU RO 05a8edb0 ready. de1, 8058, [1366,690,1]GPU RO 05a8eea0 ready. de1, 8cac, [1366,690,1]avxCanvas 0592d780 hardware-side data instanced.GPU RO 05a8ea10 ready. de1, 8058, [1366,690,1]GPU RO 05a8eb00 ready. de1, 8cac, [1366,690,1]avxCanvas 0592d660 hardware-side data instanced.GPU RO 05a8ebe0 ready. de1, 8058, [1366,690,1]GPU RO 05a8ecd0 ready. de1, 8cac, [1366,690,1]avxCanvas 0592d6f0 hardware-side data instanced.GPU RO 05a8eb00 ready. de1, 8058, [675,330,1]GPU RO 05a8ea10 ready. de1, 8cac, [675,330,1]avxCanvas 0592d660 hardware-side data instanced.GPU RO 05a8ecd0 ready. de1, 8058, [675,330,1]GPU RO 05a8ebe0 ready. de1, 8cac, [675,330,1]avxCanvas 0592d6f0 hardware-side data instanced.GPU RO 05a8eea0 ready. de1, 8058, [675,330,1]GPU RO 05a8edb0 ready. de1, 8cac, [675,330,1]avxCanvas 0592d780 hardware-side data instanced.