Booting...
Threading... #6804 (afxSystem_w32.c:426)Mounting... <//./z/>(''),5Mounting... <//./z/>('E:\qwadro\repo\bangitk\system'),5Mounting... <//./z/>('E:\qwadro\repo\bangitk\system32'),7Mounting... <//./z/>('E:\qwadro\repo\bangitk\system32d'),7Mounting... <//./c/>('C:\Windows\SysWow64'),5Loading... <e2coree.dll>Threading... #0 (afxIoBridge.c:250)Memory page Size: 4096HW threading: 2Loading... <e2draw.dll>Loading... <e2combo.dll>Loading... <e2sound.dll>Loading... <e2mmux.dll>Loading... <//./z////eaxzal1.dll>Installing... <//./z/////eaxzal1.dll>	<//./eaxzal1/>("")  0.0.0 Loading... <//./z////galileo.dll>Installing... <//./z/////galileo.dll>	<//./galileo/>("")  0.0.0 Loading... <//./z////tarzgl4.dll>Installing... <//./z/////tarzgl4.dll>	<//./tarzgl3/>("")  0.0.0 	<//./tarzgl4/>("")  0.0.0 Loading... <//./z////winsh4d.dll>Installing... <//./z/////winsh4d.dll>Mounting... <//./d/>('E:\qwadro\repo\bangitk\system'),7	<//./dwm/>("")  0.0.0 	<//./kbd/>("")  0.0.0 	<//./mse/>("")  0.0.0 	<//./gpad/>("")  0.0.0 Entering the Thread Execution Environment 6804
Loading... <//./c/opengl32.dll>Listing mem available display devices...
#0 = Intel(R) HD Graphics (\\.\DISPLAY1) 8080005#1 = RDPDD Chained DD (\\.\DISPLAYV1) 200008#2 = RDP Encoder Mirror Driver (\\.\DISPLAYV2) 200008#3 = RDP Reflector Display Driver (\\.\DISPLAYV3) 200008zglInterop_WGL.c:1534
GL: INVAL_PARAMzglInterop_WGL.c:1549
GL: INVAL_PARAMzglInterop_WGL.c:1560
GL: INVAL_PARAMzglInterop_WGL.c:1592
GL: INVAL_PARAMzglInterop_WGL.c:1623
GL: INVAL_PARAMzglInterop_WGL.c:1625
GL: INVAL_PARAMzglInterop_WGL.c:1782
GL: INVAL_PARAMzglInterop_WGL.c:1785
GL: INVAL_PARAMzglInterop_WGL.c:1790
GL: INVAL_PARAMzglInterop_WGL.c:1795
GL: INVAL_PARAMThreading... #0 (afxDrawBridge.c:500)Reopening... <//./z/video/uvOutTristripQuad.vsh>Reopening... <//./z/video/stdEnv.inc>Reopening... <//./z/video/sampleOutRgba2d.fsh>Reopening... <//./z/video/stdEnv.inc>afxClass.c:910
afxClass.c:910
(cfg->fcc)
    SuccessafxClass.c:933
afxClass.c:933
(cfg->name && cfg->name[0])
    SuccessEntering the Thread Execution Environment 7964
Starting 7964 on thread execution unit #2...SIGMA GL/2 Draw Execution Unit 000
	Intel(R) HD Graphics 3.2.0 - Build 10.18.10.5129Entering the Thread Execution Environment 6804
Threading... #0 (afxDrawBridge.c:500)Reopening... <//./z/video/uvOutTristripQuad.vsh>Reopening... <//./z/video/stdEnv.inc>Reopening... <//./z/video/sampleOutRgba2d.fsh>Reopening... <//./z/video/stdEnv.inc>Loading... <//./c/openal32.dll>Entering the Thread Execution Environment 7360
Starting 7360 on thread execution unit #3...SIGMA GL/2 Draw Execution Unit 000
	Intel(R) HD Graphics 3.2.0 - Build 10.18.10.5129Entering the Thread Execution Environment 6804
Threading... #0 (afxSoundBridge.c:399)Mounting... <//./d/>('E:\qwadro\repo\bangitk\tmp'),7Entering the Thread Execution Environment 1876
Starting 1876 on thread execution unit #4...Sound Execution Unit .Loading... <//./c/openal32.dll>Entering the Thread Execution Environment 6804
Reopening... <//./z/video/zgui.vsh>Reopening... <//./z/video/stdEnv.inc>Reopening... <//./z/video/zgui.fsh>Reopening... <//./z/video/stdEnv.inc>Entering the Thread Execution Environment 7964
GPU RO 05bc7760 ready. de1, 8058, [512,128,1]GPU buffer 0051be20 ready. 34962, 2, 4GPU buffer 0051c0b0 ready. 34963, 3, 8GPU RO 05bc7110 ready. de1, 8058, [675,330,1]GPU RO 05bc71f0 ready. de1, 8cac, [675,330,1]avxCanvas 05bc5b50 hardware-side data instanced.Reopening... <//./z/video/zgui.vsh>Reopening... <//./z/video/stdEnv.inc>Reopening... <//./z/video/zgui.fsh>Reopening... <//./z/video/stdEnv.inc>avxPipeline 02ec6220 hardware-side data instanced.zglDrawBridge_W32.c:964
zglDrawBridge_W32.c:964
((!1) || ((&dpu->activeVin->bindings.idxSrcBuf) && !(_AfxAssertObjects((1), (afxObject const*)(&dpu->activeVin->bindings.idxSrcBuf),(afxFcc_BUF)))))
    SuccesszglInterop_WGL.c:1447
API ERROR HIGH 1280 GL error GL_INVALID_ENUMzglDrawBridge_W32.c:995
GL: INVAL_PARAMzglDrawBridge_W32.c:964
zglDrawBridge_W32.c:964
((!1) || ((&dpu->activeVin->bindings.idxSrcBuf) && !(_AfxAssertObjects((1), (afxObject const*)(&dpu->activeVin->bindings.idxSrcBuf),(afxFcc_BUF)))))
    SuccesszglInterop_WGL.c:1447
API ERROR HIGH 1280 GL error GL_INVALID_ENUMzglDrawBridge_W32.c:995
GL: INVAL_PARAMzglDrawBridge_W32.c:964
zglDrawBridge_W32.c:964
((!1) || ((&dpu->activeVin->bindings.idxSrcBuf) && !(_AfxAssertObjects((1), (afxObject const*)(&dpu->activeVin->bindings.idxSrcBuf),(afxFcc_BUF)))))
    SuccesszglInterop_WGL.c:1447
API ERROR HIGH 1280 GL error GL_INVALID_ENUMzglDrawBridge_W32.c:995
GL: INVAL_PARAMzglDrawBridge_W32.c:964
zglDrawBridge_W32.c:964
((!1) || ((&dpu->activeVin->bindings.idxSrcBuf) && !(_AfxAssertObjects((1), (afxObject const*)(&dpu->activeVin->bindings.idxSrcBuf),(afxFcc_BUF)))))
    SuccesszglInterop_WGL.c:1447
API ERROR HIGH 1280 GL error GL_INVALID_ENUMzglDrawBridge_W32.c:995
GL: INVAL_PARAMzglDrawBridge_W32.c:964
zglDrawBridge_W32.c:964
((!1) || ((&dpu->activeVin->bindings.idxSrcBuf) && !(_AfxAssertObjects((1), (afxObject const*)(&dpu->activeVin->bindings.idxSrcBuf),(afxFcc_BUF)))))
    SuccesszglInterop_WGL.c:1447
API ERROR HIGH 1280 GL error GL_INVALID_ENUMzglDrawBridge_W32.c:995
GL: INVAL_PARAMGPU RO 05bc72e0 ready. de1, 8058, [675,330,1]GPU RO 05bc73c0 ready. de1, 8cac, [675,330,1]avxCanvas 05bc5be0 hardware-side data instanced.zglDrawBridge_W32.c:964
zglDrawBridge_W32.c:964
((!1) || ((&dpu->activeVin->bindings.idxSrcBuf) && !(_AfxAssertObjects((1), (afxObject const*)(&dpu->activeVin->bindings.idxSrcBuf),(afxFcc_BUF)))))
    SuccesszglInterop_WGL.c:1447
API ERROR HIGH 1280 GL error GL_INVALID_ENUMzglDrawBridge_W32.c:995
GL: INVAL_PARAMzglDrawBridge_W32.c:964
zglDrawBridge_W32.c:964
((!1) || ((&dpu->activeVin->bindings.idxSrcBuf) && !(_AfxAssertObjects((1), (afxObject const*)(&dpu->activeVin->bindings.idxSrcBuf),(afxFcc_BUF)))))
    SuccesszglInterop_WGL.c:1447
API ERROR HIGH 1280 GL error GL_INVALID_ENUMzglDrawBridge_W32.c:995
GL: INVAL_PARAMzglDrawBridge_W32.c:964
zglDrawBridge_W32.c:964
((!1) || ((&dpu->activeVin->bindings.idxSrcBuf) && !(_AfxAssertObjects((1), (afxObject const*)(&dpu->activeVin->bindings.idxSrcBuf),(afxFcc_BUF)))))
    SuccesszglInterop_WGL.c:1447
API ERROR HIGH 1280 GL error GL_INVALID_ENUMzglDrawBridge_W32.c:995
GL: INVAL_PARAMzglDrawBridge_W32.c:964
zglDrawBridge_W32.c:964
((!1) || ((&dpu->activeVin->bindings.idxSrcBuf) && !(_AfxAssertObjects((1), (afxObject const*)(&dpu->activeVin->bindings.idxSrcBuf),(afxFcc_BUF)))))
    SuccesszglInterop_WGL.c:1447
API ERROR HIGH 1280 GL error GL_INVALID_ENUMzglDrawBridge_W32.c:995
GL: INVAL_PARAMzglDrawBridge_W32.c:964
zglDrawBridge_W32.c:964
((!1) || ((&dpu->activeVin->bindings.idxSrcBuf) && !(_AfxAssertObjects((1), (afxObject const*)(&dpu->activeVin->bindings.idxSrcBuf),(afxFcc_BUF)))))
    SuccesszglInterop_WGL.c:1447
API ERROR HIGH 1280 GL error GL_INVALID_ENUMzglDrawBridge_W32.c:995
GL: INVAL_PARAMGPU RO 05bc74b0 ready. de1, 8058, [675,330,1]GPU RO 05bc7590 ready. de1, 8cac, [675,330,1]avxCanvas 05bc5c70 hardware-side data instanced.zglDrawBridge_W32.c:964
zglDrawBridge_W32.c:964
((!1) || ((&dpu->activeVin->bindings.idxSrcBuf) && !(_AfxAssertObjects((1), (afxObject const*)(&dpu->activeVin->bindings.idxSrcBuf),(afxFcc_BUF)))))
    SuccesszglInterop_WGL.c:1447
API ERROR HIGH 1280 GL error GL_INVALID_ENUMzglDrawBridge_W32.c:995
GL: INVAL_PARAMzglDrawBridge_W32.c:964
zglDrawBridge_W32.c:964
((!1) || ((&dpu->activeVin->bindings.idxSrcBuf) && !(_AfxAssertObjects((1), (afxObject const*)(&dpu->activeVin->bindings.idxSrcBuf),(afxFcc_BUF)))))
    SuccesszglInterop_WGL.c:1447
API ERROR HIGH 1280 GL error GL_INVALID_ENUMzglDrawBridge_W32.c:995
GL: INVAL_PARAMzglDrawBridge_W32.c:964
zglDrawBridge_W32.c:964
((!1) || ((&dpu->activeVin->bindings.idxSrcBuf) && !(_AfxAssertObjects((1), (afxObject const*)(&dpu->activeVin->bindings.idxSrcBuf),(afxFcc_BUF)))))
    SuccesszglInterop_WGL.c:1447
API ERROR HIGH 1280 GL error GL_INVALID_ENUMzglDrawBridge_W32.c:995
GL: INVAL_PARAMzglDrawBridge_W32.c:964
zglDrawBridge_W32.c:964
((!1) || ((&dpu->activeVin->bindings.idxSrcBuf) && !(_AfxAssertObjects((1), (afxObject const*)(&dpu->activeVin->bindings.idxSrcBuf),(afxFcc_BUF)))))
    SuccesszglInterop_WGL.c:1447
API ERROR HIGH 1280 GL error GL_INVALID_ENUMzglDrawBridge_W32.c:995
GL: INVAL_PARAMzglDrawBridge_W32.c:964
zglDrawBridge_W32.c:964
((!1) || ((&dpu->activeVin->bindings.idxSrcBuf) && !(_AfxAssertObjects((1), (afxObject const*)(&dpu->activeVin->bindings.idxSrcBuf),(afxFcc_BUF)))))
    SuccesszglInterop_WGL.c:1447
API ERROR HIGH 1280 GL error GL_INVALID_ENUMzglDrawBridge_W32.c:995
GL: INVAL_PARAMzglDrawBridge_W32.c:964
zglDrawBridge_W32.c:964
((!1) || ((&dpu->activeVin->bindings.idxSrcBuf) && !(_AfxAssertObjects((1), (afxObject const*)(&dpu->activeVin->bindings.idxSrcBuf),(afxFcc_BUF)))))
    SuccesszglInterop_WGL.c:1447
API ERROR HIGH 1280 GL error GL_INVALID_ENUMzglDrawBridge_W32.c:995
GL: INVAL_PARAMzglDrawBridge_W32.c:964
zglDrawBridge_W32.c:964
((!1) || ((&dpu->activeVin->bindings.idxSrcBuf) && !(_AfxAssertObjects((1), (afxObject const*)(&dpu->activeVin->bindings.idxSrcBuf),(afxFcc_BUF)))))
    SuccesszglInterop_WGL.c:1447
API ERROR HIGH 1280 GL error GL_INVALID_ENUMzglDrawBridge_W32.c:995
GL: INVAL_PARAMzglDrawBridge_W32.c:964
zglDrawBridge_W32.c:964
((!1) || ((&dpu->activeVin->bindings.idxSrcBuf) && !(_AfxAssertObjects((1), (afxObject const*)(&dpu->activeVin->bindings.idxSrcBuf),(afxFcc_BUF)))))
    SuccesszglInterop_WGL.c:1447
API ERROR HIGH 1280 GL error GL_INVALID_ENUMzglDrawBridge_W32.c:995
GL: INVAL_PARAMzglDrawBridge_W32.c:964
zglDrawBridge_W32.c:964
((!1) || ((&dpu->activeVin->bindings.idxSrcBuf) && !(_AfxAssertObjects((1), (afxObject const*)(&dpu->activeVin->bindings.idxSrcBuf),(afxFcc_BUF)))))
    SuccesszglInterop_WGL.c:1447
API ERROR HIGH 1280 GL error GL_INVALID_ENUMzglDrawBridge_W32.c:995
GL: INVAL_PARAMzglDrawBridge_W32.c:964
zglDrawBridge_W32.c:964
((!1) || ((&dpu->activeVin->bindings.idxSrcBuf) && !(_AfxAssertObjects((1), (afxObject const*)(&dpu->activeVin->bindings.idxSrcBuf),(afxFcc_BUF)))))
    SuccesszglInterop_WGL.c:1447
API ERROR HIGH 1280 GL error GL_INVALID_ENUMzglDrawBridge_W32.c:995
GL: INVAL_PARAMzglDrawBridge_W32.c:964
zglDrawBridge_W32.c:964
((!1) || ((&dpu->activeVin->bindings.idxSrcBuf) && !(_AfxAssertObjects((1), (afxObject const*)(&dpu->activeVin->bindings.idxSrcBuf),(afxFcc_BUF)))))
    SuccesszglInterop_WGL.c:1447
API ERROR HIGH 1280 GL error GL_INVALID_ENUMzglDrawBridge_W32.c:995
GL: INVAL_PARAMzglDrawBridge_W32.c:964
zglDrawBridge_W32.c:964
((!1) || ((&dpu->activeVin->bindings.idxSrcBuf) && !(_AfxAssertObjects((1), (afxObject const*)(&dpu->activeVin->bindings.idxSrcBuf),(afxFcc_BUF)))))
    SuccesszglInterop_WGL.c:1447
API ERROR HIGH 1280 GL error GL_INVALID_ENUMzglDrawBridge_W32.c:995
GL: INVAL_PARAMzglDrawBridge_W32.c:964
zglDrawBridge_W32.c:964
((!1) || ((&dpu->activeVin->bindings.idxSrcBuf) && !(_AfxAssertObjects((1), (afxObject const*)(&dpu->activeVin->bindings.idxSrcBuf),(afxFcc_BUF)))))
    SuccesszglInterop_WGL.c:1447
API ERROR HIGH 1280 GL error GL_INVALID_ENUMzglDrawBridge_W32.c:995
GL: INVAL_PARAMzglDrawBridge_W32.c:964
zglDrawBridge_W32.c:964
((!1) || ((&dpu->activeVin->bindings.idxSrcBuf) && !(_AfxAssertObjects((1), (afxObject const*)(&dpu->activeVin->bindings.idxSrcBuf),(afxFcc_BUF)))))
    SuccesszglInterop_WGL.c:1447
API ERROR HIGH 1280 GL error GL_INVALID_ENUMzglDrawBridge_W32.c:995
GL: INVAL_PARAMzglDrawBridge_W32.c:964
zglDrawBridge_W32.c:964
((!1) || ((&dpu->activeVin->bindings.idxSrcBuf) && !(_AfxAssertObjects((1), (afxObject const*)(&dpu->activeVin->bindings.idxSrcBuf),(afxFcc_BUF)))))
    SuccesszglInterop_WGL.c:1447
API ERROR HIGH 1280 GL error GL_INVALID_ENUMzglDrawBridge_W32.c:995
GL: INVAL_PARAMzglDrawBridge_W32.c:964
zglDrawBridge_W32.c:964
((!1) || ((&dpu->activeVin->bindings.idxSrcBuf) && !(_AfxAssertObjects((1), (afxObject const*)(&dpu->activeVin->bindings.idxSrcBuf),(afxFcc_BUF)))))
    SuccesszglInterop_WGL.c:1447
API ERROR HIGH 1280 GL error GL_INVALID_ENUMzglDrawBridge_W32.c:995
GL: INVAL_PARAMzglDrawBridge_W32.c:964
zglDrawBridge_W32.c:964
((!1) || ((&dpu->activeVin->bindings.idxSrcBuf) && !(_AfxAssertObjects((1), (afxObject const*)(&dpu->activeVin->bindings.idxSrcBuf),(afxFcc_BUF)))))
    SuccesszglInterop_WGL.c:1447
API ERROR HIGH 1280 GL error GL_INVALID_ENUMzglDrawBridge_W32.c:995
GL: INVAL_PARAMzglDrawBridge_W32.c:964
zglDrawBridge_W32.c:964
((!1) || ((&dpu->activeVin->bindings.idxSrcBuf) && !(_AfxAssertObjects((1), (afxObject const*)(&dpu->activeVin->bindings.idxSrcBuf),(afxFcc_BUF)))))
    SuccesszglInterop_WGL.c:1447
API ERROR HIGH 1280 GL error GL_INVALID_ENUMzglDrawBridge_W32.c:995
GL: INVAL_PARAMzglDrawBridge_W32.c:964
zglDrawBridge_W32.c:964
((!1) || ((&dpu->activeVin->bindings.idxSrcBuf) && !(_AfxAssertObjects((1), (afxObject const*)(&dpu->activeVin->bindings.idxSrcBuf),(afxFcc_BUF)))))
    SuccesszglInterop_WGL.c:1447
API ERROR HIGH 1280 GL error GL_INVALID_ENUMzglDrawBridge_W32.c:995
GL: INVAL_PARAMzglDrawBridge_W32.c:964
zglDrawBridge_W32.c:964
((!1) || ((&dpu->activeVin->bindings.idxSrcBuf) && !(_AfxAssertObjects((1), (afxObject const*)(&dpu->activeVin->bindings.idxSrcBuf),(afxFcc_BUF)))))
    SuccesszglInterop_WGL.c:1447
API ERROR HIGH 1280 GL error GL_INVALID_ENUMzglDrawBridge_W32.c:995
GL: INVAL_PARAMzglDrawBridge_W32.c:964
zglDrawBridge_W32.c:964
((!1) || ((&dpu->activeVin->bindings.idxSrcBuf) && !(_AfxAssertObjects((1), (afxObject const*)(&dpu->activeVin->bindings.idxSrcBuf),(afxFcc_BUF)))))
    SuccesszglInterop_WGL.c:1447
API ERROR HIGH 1280 GL error GL_INVALID_ENUMzglDrawBridge_W32.c:995
GL: INVAL_PARAMzglDrawBridge_W32.c:964
zglDrawBridge_W32.c:964
((!1) || ((&dpu->activeVin->bindings.idxSrcBuf) && !(_AfxAssertObjects((1), (afxObject const*)(&dpu->activeVin->bindings.idxSrcBuf),(afxFcc_BUF)))))
    SuccesszglInterop_WGL.c:1447
API ERROR HIGH 1280 GL error GL_INVALID_ENUMzglDrawBridge_W32.c:995
GL: INVAL_PARAMzglDrawBridge_W32.c:964
zglDrawBridge_W32.c:964
((!1) || ((&dpu->activeVin->bindings.idxSrcBuf) && !(_AfxAssertObjects((1), (afxObject const*)(&dpu->activeVin->bindings.idxSrcBuf),(afxFcc_BUF)))))
    SuccesszglInterop_WGL.c:1447
API ERROR HIGH 1280 GL error GL_INVALID_ENUMzglDrawBridge_W32.c:995
GL: INVAL_PARAMzglDrawBridge_W32.c:964
zglDrawBridge_W32.c:964
((!1) || ((&dpu->activeVin->bindings.idxSrcBuf) && !(_AfxAssertObjects((1), (afxObject const*)(&dpu->activeVin->bindings.idxSrcBuf),(afxFcc_BUF)))))
    SuccesszglInterop_WGL.c:1447
API ERROR HIGH 1280 GL error GL_INVALID_ENUMzglDrawBridge_W32.c:995
GL: INVAL_PARAMzglDrawBridge_W32.c:964
zglDrawBridge_W32.c:964
((!1) || ((&dpu->activeVin->bindings.idxSrcBuf) && !(_AfxAssertObjects((1), (afxObject const*)(&dpu->activeVin->bindings.idxSrcBuf),(afxFcc_BUF)))))
    SuccesszglInterop_WGL.c:1447
API ERROR HIGH 1280 GL error GL_INVALID_ENUMzglDrawBridge_W32.c:995
GL: INVAL_PARAMzglDrawBridge_W32.c:964
zglDrawBridge_W32.c:964
((!1) || ((&dpu->activeVin->bindings.idxSrcBuf) && !(_AfxAssertObjects((1), (afxObject const*)(&dpu->activeVin->bindings.idxSrcBuf),(afxFcc_BUF)))))
    SuccesszglInterop_WGL.c:1447
API ERROR HIGH 1280 GL error GL_INVALID_ENUMzglDrawBridge_W32.c:995
GL: INVAL_PARAMzglDrawBridge_W32.c:964
zglDrawBridge_W32.c:964
((!1) || ((&dpu->activeVin->bindings.idxSrcBuf) && !(_AfxAssertObjects((1), (afxObject const*)(&dpu->activeVin->bindings.idxSrcBuf),(afxFcc_BUF)))))
    SuccesszglInterop_WGL.c:1447
API ERROR HIGH 1280 GL error GL_INVALID_ENUMzglDrawBridge_W32.c:995
GL: INVAL_PARAMzglDrawBridge_W32.c:964
zglDrawBridge_W32.c:964
((!1) || ((&dpu->activeVin->bindings.idxSrcBuf) && !(_AfxAssertObjects((1), (afxObject const*)(&dpu->activeVin->bindings.idxSrcBuf),(afxFcc_BUF)))))
    SuccesszglInterop_WGL.c:1447
API ERROR HIGH 1280 GL error GL_INVALID_ENUMzglDrawBridge_W32.c:995
GL: INVAL_PARAMzglDrawBridge_W32.c:964
zglDrawBridge_W32.c:964
((!1) || ((&dpu->activeVin->bindings.idxSrcBuf) && !(_AfxAssertObjects((1), (afxObject const*)(&dpu->activeVin->bindings.idxSrcBuf),(afxFcc_BUF)))))
    SuccesszglInterop_WGL.c:1447
API ERROR HIGH 1280 GL error GL_INVALID_ENUMzglDrawBridge_W32.c:995
GL: INVAL_PARAMzglDrawBridge_W32.c:964
zglDrawBridge_W32.c:964
((!1) || ((&dpu->activeVin->bindings.idxSrcBuf) && !(_AfxAssertObjects((1), (afxObject const*)(&dpu->activeVin->bindings.idxSrcBuf),(afxFcc_BUF)))))
    SuccesszglInterop_WGL.c:1447
API ERROR HIGH 1280 GL error GL_INVALID_ENUMzglDrawBridge_W32.c:995
GL: INVAL_PARAMzglDrawBridge_W32.c:964
zglDrawBridge_W32.c:964
((!1) || ((&dpu->activeVin->bindings.idxSrcBuf) && !(_AfxAssertObjects((1), (afxObject const*)(&dpu->activeVin->bindings.idxSrcBuf),(afxFcc_BUF)))))
    SuccesszglInterop_WGL.c:1447
API ERROR HIGH 1280 GL error GL_INVALID_ENUMzglDrawBridge_W32.c:995
GL: INVAL_PARAMzglDrawBridge_W32.c:964
zglDrawBridge_W32.c:964
((!1) || ((&dpu->activeVin->bindings.idxSrcBuf) && !(_AfxAssertObjects((1), (afxObject const*)(&dpu->activeVin->bindings.idxSrcBuf),(afxFcc_BUF)))))
    SuccesszglInterop_WGL.c:1447
API ERROR HIGH 1280 GL error GL_INVALID_ENUMzglDrawBridge_W32.c:995
GL: INVAL_PARAMzglDrawBridge_W32.c:964
zglDrawBridge_W32.c:964
((!1) || ((&dpu->activeVin->bindings.idxSrcBuf) && !(_AfxAssertObjects((1), (afxObject const*)(&dpu->activeVin->bindings.idxSrcBuf),(afxFcc_BUF)))))
    SuccesszglInterop_WGL.c:1447
API ERROR HIGH 1280 GL error GL_INVALID_ENUMzglDrawBridge_W32.c:995
GL: INVAL_PARAMzglDrawBridge_W32.c:964
zglDrawBridge_W32.c:964
((!1) || ((&dpu->activeVin->bindings.idxSrcBuf) && !(_AfxAssertObjects((1), (afxObject const*)(&dpu->activeVin->bindings.idxSrcBuf),(afxFcc_BUF)))))
    SuccesszglInterop_WGL.c:1447
API ERROR HIGH 1280 GL error GL_INVALID_ENUMzglDrawBridge_W32.c:995
GL: INVAL_PARAMzglDrawBridge_W32.c:964
zglDrawBridge_W32.c:964
((!1) || ((&dpu->activeVin->bindings.idxSrcBuf) && !(_AfxAssertObjects((1), (afxObject const*)(&dpu->activeVin->bindings.idxSrcBuf),(afxFcc_BUF)))))
    SuccesszglInterop_WGL.c:1447
API ERROR HIGH 1280 GL error GL_INVALID_ENUMzglDrawBridge_W32.c:995
GL: INVAL_PARAMzglDrawBridge_W32.c:964
zglDrawBridge_W32.c:964
((!1) || ((&dpu->activeVin->bindings.idxSrcBuf) && !(_AfxAssertObjects((1), (afxObject const*)(&dpu->activeVin->bindings.idxSrcBuf),(afxFcc_BUF)))))
    SuccesszglInterop_WGL.c:1447
API ERROR HIGH 1280 GL error GL_INVALID_ENUMzglDrawBridge_W32.c:995
GL: INVAL_PARAMzglDrawBridge_W32.c:964
zglDrawBridge_W32.c:964
((!1) || ((&dpu->activeVin->bindings.idxSrcBuf) && !(_AfxAssertObjects((1), (afxObject const*)(&dpu->activeVin->bindings.idxSrcBuf),(afxFcc_BUF)))))
    SuccesszglInterop_WGL.c:1447
API ERROR HIGH 1280 GL error GL_INVALID_ENUMzglDrawBridge_W32.c:995
GL: INVAL_PARAMzglDrawBridge_W32.c:964
zglDrawBridge_W32.c:964
((!1) || ((&dpu->activeVin->bindings.idxSrcBuf) && !(_AfxAssertObjects((1), (afxObject const*)(&dpu->activeVin->bindings.idxSrcBuf),(afxFcc_BUF)))))
    SuccesszglInterop_WGL.c:1447
API ERROR HIGH 1280 GL error GL_INVALID_ENUMzglDrawBridge_W32.c:995
GL: INVAL_PARAMzglDrawBridge_W32.c:964
zglDrawBridge_W32.c:964
((!1) || ((&dpu->activeVin->bindings.idxSrcBuf) && !(_AfxAssertObjects((1), (afxObject const*)(&dpu->activeVin->bindings.idxSrcBuf),(afxFcc_BUF)))))
    SuccesszglInterop_WGL.c:1447
API ERROR HIGH 1280 GL error GL_INVALID_ENUMzglDrawBridge_W32.c:995
GL: INVAL_PARAMzglDrawBridge_W32.c:964
zglDrawBridge_W32.c:964
((!1) || ((&dpu->activeVin->bindings.idxSrcBuf) && !(_AfxAssertObjects((1), (afxObject const*)(&dpu->activeVin->bindings.idxSrcBuf),(afxFcc_BUF)))))
    SuccesszglInterop_WGL.c:1447
API ERROR HIGH 1280 GL error GL_INVALID_ENUMzglDrawBridge_W32.c:995
GL: INVAL_PARAMzglDrawBridge_W32.c:964
zglDrawBridge_W32.c:964
((!1) || ((&dpu->activeVin->bindings.idxSrcBuf) && !(_AfxAssertObjects((1), (afxObject const*)(&dpu->activeVin->bindings.idxSrcBuf),(afxFcc_BUF)))))
    SuccesszglInterop_WGL.c:1447
API ERROR HIGH 1280 GL error GL_INVALID_ENUMzglDrawBridge_W32.c:995
GL: INVAL_PARAMzglDrawBridge_W32.c:964
zglDrawBridge_W32.c:964
((!1) || ((&dpu->activeVin->bindings.idxSrcBuf) && !(_AfxAssertObjects((1), (afxObject const*)(&dpu->activeVin->bindings.idxSrcBuf),(afxFcc_BUF)))))
    SuccesszglInterop_WGL.c:1447
API ERROR HIGH 1280 GL error GL_INVALID_ENUMzglDrawBridge_W32.c:995
GL: INVAL_PARAMzglDrawBridge_W32.c:964
zglDrawBridge_W32.c:964
((!1) || ((&dpu->activeVin->bindings.idxSrcBuf) && !(_AfxAssertObjects((1), (afxObject const*)(&dpu->activeVin->bindings.idxSrcBuf),(afxFcc_BUF)))))
    SuccesszglInterop_WGL.c:1447
API ERROR HIGH 1280 GL error GL_INVALID_ENUMzglDrawBridge_W32.c:995
GL: INVAL_PARAMzglDrawBridge_W32.c:964
zglDrawBridge_W32.c:964
((!1) || ((&dpu->activeVin->bindings.idxSrcBuf) && !(_AfxAssertObjects((1), (afxObject const*)(&dpu->activeVin->bindings.idxSrcBuf),(afxFcc_BUF)))))
    SuccesszglInterop_WGL.c:1447
API ERROR HIGH 1280 GL error GL_INVALID_ENUMzglDrawBridge_W32.c:995
GL: INVAL_PARAMzglDrawBridge_W32.c:964
zglDrawBridge_W32.c:964
((!1) || ((&dpu->activeVin->bindings.idxSrcBuf) && !(_AfxAssertObjects((1), (afxObject const*)(&dpu->activeVin->bindings.idxSrcBuf),(afxFcc_BUF)))))
    SuccesszglInterop_WGL.c:1447
API ERROR HIGH 1280 GL error GL_INVALID_ENUMzglDrawBridge_W32.c:995
GL: INVAL_PARAMzglDrawBridge_W32.c:964
zglDrawBridge_W32.c:964
((!1) || ((&dpu->activeVin->bindings.idxSrcBuf) && !(_AfxAssertObjects((1), (afxObject const*)(&dpu->activeVin->bindings.idxSrcBuf),(afxFcc_BUF)))))
    SuccesszglInterop_WGL.c:1447
API ERROR HIGH 1280 GL error GL_INVALID_ENUMzglDrawBridge_W32.c:995
GL: INVAL_PARAMzglDrawBridge_W32.c:964
zglDrawBridge_W32.c:964
((!1) || ((&dpu->activeVin->bindings.idxSrcBuf) && !(_AfxAssertObjects((1), (afxObject const*)(&dpu->activeVin->bindings.idxSrcBuf),(afxFcc_BUF)))))
    SuccesszglInterop_WGL.c:1447
API ERROR HIGH 1280 GL error GL_INVALID_ENUMzglDrawBridge_W32.c:995
GL: INVAL_PARAMzglDrawBridge_W32.c:964
zglDrawBridge_W32.c:964
((!1) || ((&dpu->activeVin->bindings.idxSrcBuf) && !(_AfxAssertObjects((1), (afxObject const*)(&dpu->activeVin->bindings.idxSrcBuf),(afxFcc_BUF)))))
    SuccesszglInterop_WGL.c:1447
API ERROR HIGH 1280 GL error GL_INVALID_ENUMzglDrawBridge_W32.c:995
GL: INVAL_PARAMzglDrawBridge_W32.c:964
zglDrawBridge_W32.c:964
((!1) || ((&dpu->activeVin->bindings.idxSrcBuf) && !(_AfxAssertObjects((1), (afxObject const*)(&dpu->activeVin->bindings.idxSrcBuf),(afxFcc_BUF)))))
    SuccesszglInterop_WGL.c:1447
API ERROR HIGH 1280 GL error GL_INVALID_ENUMzglDrawBridge_W32.c:995
GL: INVAL_PARAMzglDrawBridge_W32.c:964
zglDrawBridge_W32.c:964
((!1) || ((&dpu->activeVin->bindings.idxSrcBuf) && !(_AfxAssertObjects((1), (afxObject const*)(&dpu->activeVin->bindings.idxSrcBuf),(afxFcc_BUF)))))
    SuccesszglInterop_WGL.c:1447
API ERROR HIGH 1280 GL error GL_INVALID_ENUMzglDrawBridge_W32.c:995
GL: INVAL_PARAMzglDrawBridge_W32.c:964
zglDrawBridge_W32.c:964
((!1) || ((&dpu->activeVin->bindings.idxSrcBuf) && !(_AfxAssertObjects((1), (afxObject const*)(&dpu->activeVin->bindings.idxSrcBuf),(afxFcc_BUF)))))
    SuccesszglInterop_WGL.c:1447
API ERROR HIGH 1280 GL error GL_INVALID_ENUMzglDrawBridge_W32.c:995
GL: INVAL_PARAMzglDrawBridge_W32.c:964
zglDrawBridge_W32.c:964
((!1) || ((&dpu->activeVin->bindings.idxSrcBuf) && !(_AfxAssertObjects((1), (afxObject const*)(&dpu->activeVin->bindings.idxSrcBuf),(afxFcc_BUF)))))
    SuccesszglInterop_WGL.c:1447
API ERROR HIGH 1280 GL error GL_INVALID_ENUMzglDrawBridge_W32.c:995
GL: INVAL_PARAMzglDrawBridge_W32.c:964
zglDrawBridge_W32.c:964
((!1) || ((&dpu->activeVin->bindings.idxSrcBuf) && !(_AfxAssertObjects((1), (afxObject const*)(&dpu->activeVin->bindings.idxSrcBuf),(afxFcc_BUF)))))
    SuccesszglInterop_WGL.c:1447
API ERROR HIGH 1280 GL error GL_INVALID_ENUMzglDrawBridge_W32.c:995
GL: INVAL_PARAMzglDrawBridge_W32.c:964
zglDrawBridge_W32.c:964
((!1) || ((&dpu->activeVin->bindings.idxSrcBuf) && !(_AfxAssertObjects((1), (afxObject const*)(&dpu->activeVin->bindings.idxSrcBuf),(afxFcc_BUF)))))
    SuccesszglInterop_WGL.c:1447
API ERROR HIGH 1280 GL error GL_INVALID_ENUMzglDrawBridge_W32.c:995
GL: INVAL_PARAMzglDrawBridge_W32.c:964
zglDrawBridge_W32.c:964
((!1) || ((&dpu->activeVin->bindings.idxSrcBuf) && !(_AfxAssertObjects((1), (afxObject const*)(&dpu->activeVin->bindings.idxSrcBuf),(afxFcc_BUF)))))
    SuccesszglInterop_WGL.c:1447
API ERROR HIGH 1280 GL error GL_INVALID_ENUMzglDrawBridge_W32.c:995
GL: INVAL_PARAMzglDrawBridge_W32.c:964
zglDrawBridge_W32.c:964
((!1) || ((&dpu->activeVin->bindings.idxSrcBuf) && !(_AfxAssertObjects((1), (afxObject const*)(&dpu->activeVin->bindings.idxSrcBuf),(afxFcc_BUF)))))
    SuccesszglInterop_WGL.c:1447
API ERROR HIGH 1280 GL error GL_INVALID_ENUMzglDrawBridge_W32.c:995
GL: INVAL_PARAMzglDrawBridge_W32.c:964
zglDrawBridge_W32.c:964
((!1) || ((&dpu->activeVin->bindings.idxSrcBuf) && !(_AfxAssertObjects((1), (afxObject const*)(&dpu->activeVin->bindings.idxSrcBuf),(afxFcc_BUF)))))
    SuccesszglInterop_WGL.c:1447
API ERROR HIGH 1280 GL error GL_INVALID_ENUMzglDrawBridge_W32.c:995
GL: INVAL_PARAMzglDrawBridge_W32.c:964
zglDrawBridge_W32.c:964
((!1) || ((&dpu->activeVin->bindings.idxSrcBuf) && !(_AfxAssertObjects((1), (afxObject const*)(&dpu->activeVin->bindings.idxSrcBuf),(afxFcc_BUF)))))
    SuccesszglInterop_WGL.c:1447
API ERROR HIGH 1280 GL error GL_INVALID_ENUMzglDrawBridge_W32.c:995
GL: INVAL_PARAMzglDrawBridge_W32.c:964
zglDrawBridge_W32.c:964
((!1) || ((&dpu->activeVin->bindings.idxSrcBuf) && !(_AfxAssertObjects((1), (afxObject const*)(&dpu->activeVin->bindings.idxSrcBuf),(afxFcc_BUF)))))
    SuccesszglInterop_WGL.c:1447
API ERROR HIGH 1280 GL error GL_INVALID_ENUMzglDrawBridge_W32.c:995
GL: INVAL_PARAMzglDrawBridge_W32.c:964
zglDrawBridge_W32.c:964
((!1) || ((&dpu->activeVin->bindings.idxSrcBuf) && !(_AfxAssertObjects((1), (afxObject const*)(&dpu->activeVin->bindings.idxSrcBuf),(afxFcc_BUF)))))
    SuccesszglInterop_WGL.c:1447
API ERROR HIGH 1280 GL error GL_INVALID_ENUMzglDrawBridge_W32.c:995
GL: INVAL_PARAMzglDrawBridge_W32.c:964
zglDrawBridge_W32.c:964
((!1) || ((&dpu->activeVin->bindings.idxSrcBuf) && !(_AfxAssertObjects((1), (afxObject const*)(&dpu->activeVin->bindings.idxSrcBuf),(afxFcc_BUF)))))
    SuccesszglInterop_WGL.c:1447
API ERROR HIGH 1280 GL error GL_INVALID_ENUMzglDrawBridge_W32.c:995
GL: INVAL_PARAMzglDrawBridge_W32.c:964
zglDrawBridge_W32.c:964
((!1) || ((&dpu->activeVin->bindings.idxSrcBuf) && !(_AfxAssertObjects((1), (afxObject const*)(&dpu->activeVin->bindings.idxSrcBuf),(afxFcc_BUF)))))
    SuccesszglInterop_WGL.c:1447
API ERROR HIGH 1280 GL error GL_INVALID_ENUMzglDrawBridge_W32.c:995
GL: INVAL_PARAMzglDrawBridge_W32.c:964
zglDrawBridge_W32.c:964
((!1) || ((&dpu->activeVin->bindings.idxSrcBuf) && !(_AfxAssertObjects((1), (afxObject const*)(&dpu->activeVin->bindings.idxSrcBuf),(afxFcc_BUF)))))
    SuccesszglInterop_WGL.c:1447
API ERROR HIGH 1280 GL error GL_INVALID_ENUMzglDrawBridge_W32.c:995
GL: INVAL_PARAMzglDrawBridge_W32.c:964
zglDrawBridge_W32.c:964
((!1) || ((&dpu->activeVin->bindings.idxSrcBuf) && !(_AfxAssertObjects((1), (afxObject const*)(&dpu->activeVin->bindings.idxSrcBuf),(afxFcc_BUF)))))
    SuccesszglInterop_WGL.c:1447
API ERROR HIGH 1280 GL error GL_INVALID_ENUMzglDrawBridge_W32.c:995
GL: INVAL_PARAMzglDrawBridge_W32.c:964
zglDrawBridge_W32.c:964
((!1) || ((&dpu->activeVin->bindings.idxSrcBuf) && !(_AfxAssertObjects((1), (afxObject const*)(&dpu->activeVin->bindings.idxSrcBuf),(afxFcc_BUF)))))
    SuccesszglInterop_WGL.c:1447
API ERROR HIGH 1280 GL error GL_INVALID_ENUMzglDrawBridge_W32.c:995
GL: INVAL_PARAMzglDrawBridge_W32.c:964
zglDrawBridge_W32.c:964
((!1) || ((&dpu->activeVin->bindings.idxSrcBuf) && !(_AfxAssertObjects((1), (afxObject const*)(&dpu->activeVin->bindings.idxSrcBuf),(afxFcc_BUF)))))
    SuccesszglInterop_WGL.c:1447
API ERROR HIGH 1280 GL error GL_INVALID_ENUMzglDrawBridge_W32.c:995
GL: INVAL_PARAMzglDrawBridge_W32.c:964
zglDrawBridge_W32.c:964
((!1) || ((&dpu->activeVin->bindings.idxSrcBuf) && !(_AfxAssertObjects((1), (afxObject const*)(&dpu->activeVin->bindings.idxSrcBuf),(afxFcc_BUF)))))
    SuccesszglInterop_WGL.c:1447
API ERROR HIGH 1280 GL error GL_INVALID_ENUMzglDrawBridge_W32.c:995
GL: INVAL_PARAMzglDrawBridge_W32.c:964
zglDrawBridge_W32.c:964
((!1) || ((&dpu->activeVin->bindings.idxSrcBuf) && !(_AfxAssertObjects((1), (afxObject const*)(&dpu->activeVin->bindings.idxSrcBuf),(afxFcc_BUF)))))
    SuccesszglInterop_WGL.c:1447
API ERROR HIGH 1280 GL error GL_INVALID_ENUMzglDrawBridge_W32.c:995
GL: INVAL_PARAMzglDrawBridge_W32.c:964
zglDrawBridge_W32.c:964
((!1) || ((&dpu->activeVin->bindings.idxSrcBuf) && !(_AfxAssertObjects((1), (afxObject const*)(&dpu->activeVin->bindings.idxSrcBuf),(afxFcc_BUF)))))
    SuccesszglInterop_WGL.c:1447
API ERROR HIGH 1280 GL error GL_INVALID_ENUMzglDrawBridge_W32.c:995
GL: INVAL_PARAMzglDrawBridge_W32.c:964
zglDrawBridge_W32.c:964
((!1) || ((&dpu->activeVin->bindings.idxSrcBuf) && !(_AfxAssertObjects((1), (afxObject const*)(&dpu->activeVin->bindings.idxSrcBuf),(afxFcc_BUF)))))
    SuccesszglInterop_WGL.c:1447
API ERROR HIGH 1280 GL error GL_INVALID_ENUMzglDrawBridge_W32.c:995
GL: INVAL_PARAMzglDrawBridge_W32.c:964
zglDrawBridge_W32.c:964
((!1) || ((&dpu->activeVin->bindings.idxSrcBuf) && !(_AfxAssertObjects((1), (afxObject const*)(&dpu->activeVin->bindings.idxSrcBuf),(afxFcc_BUF)))))
    SuccesszglInterop_WGL.c:1447
API ERROR HIGH 1280 GL error GL_INVALID_ENUMzglDrawBridge_W32.c:995
GL: INVAL_PARAMzglDrawBridge_W32.c:964
zglDrawBridge_W32.c:964
((!1) || ((&dpu->activeVin->bindings.idxSrcBuf) && !(_AfxAssertObjects((1), (afxObject const*)(&dpu->activeVin->bindings.idxSrcBuf),(afxFcc_BUF)))))
    SuccesszglInterop_WGL.c:1447
API ERROR HIGH 1280 GL error GL_INVALID_ENUMzglDrawBridge_W32.c:995
GL: INVAL_PARAMzglDrawBridge_W32.c:964
zglDrawBridge_W32.c:964
((!1) || ((&dpu->activeVin->bindings.idxSrcBuf) && !(_AfxAssertObjects((1), (afxObject const*)(&dpu->activeVin->bindings.idxSrcBuf),(afxFcc_BUF)))))
    SuccesszglInterop_WGL.c:1447
API ERROR HIGH 1280 GL error GL_INVALID_ENUMzglDrawBridge_W32.c:995
GL: INVAL_PARAMzglDrawBridge_W32.c:964
zglDrawBridge_W32.c:964
((!1) || ((&dpu->activeVin->bindings.idxSrcBuf) && !(_AfxAssertObjects((1), (afxObject const*)(&dpu->activeVin->bindings.idxSrcBuf),(afxFcc_BUF)))))
    SuccesszglInterop_WGL.c:1447
API ERROR HIGH 1280 GL error GL_INVALID_ENUMzglDrawBridge_W32.c:995
GL: INVAL_PARAMzglDrawBridge_W32.c:964
zglDrawBridge_W32.c:964
((!1) || ((&dpu->activeVin->bindings.idxSrcBuf) && !(_AfxAssertObjects((1), (afxObject const*)(&dpu->activeVin->bindings.idxSrcBuf),(afxFcc_BUF)))))
    SuccesszglInterop_WGL.c:1447
API ERROR HIGH 1280 GL error GL_INVALID_ENUMzglDrawBridge_W32.c:995
GL: INVAL_PARAMzglDrawBridge_W32.c:964
zglDrawBridge_W32.c:964
((!1) || ((&dpu->activeVin->bindings.idxSrcBuf) && !(_AfxAssertObjects((1), (afxObject const*)(&dpu->activeVin->bindings.idxSrcBuf),(afxFcc_BUF)))))
    SuccesszglInterop_WGL.c:1447
API ERROR HIGH 1280 GL error GL_INVALID_ENUMzglDrawBridge_W32.c:995
GL: INVAL_PARAMzglDrawBridge_W32.c:964
zglDrawBridge_W32.c:964
((!1) || ((&dpu->activeVin->bindings.idxSrcBuf) && !(_AfxAssertObjects((1), (afxObject const*)(&dpu->activeVin->bindings.idxSrcBuf),(afxFcc_BUF)))))
    SuccesszglInterop_WGL.c:1447
API ERROR HIGH 1280 GL error GL_INVALID_ENUMzglDrawBridge_W32.c:995
GL: INVAL_PARAMzglDrawBridge_W32.c:964
zglDrawBridge_W32.c:964
((!1) || ((&dpu->activeVin->bindings.idxSrcBuf) && !(_AfxAssertObjects((1), (afxObject const*)(&dpu->activeVin->bindings.idxSrcBuf),(afxFcc_BUF)))))
    SuccesszglInterop_WGL.c:1447
API ERROR HIGH 1280 GL error GL_INVALID_ENUMzglDrawBridge_W32.c:995
GL: INVAL_PARAMzglDrawBridge_W32.c:964
zglDrawBridge_W32.c:964
((!1) || ((&dpu->activeVin->bindings.idxSrcBuf) && !(_AfxAssertObjects((1), (afxObject const*)(&dpu->activeVin->bindings.idxSrcBuf),(afxFcc_BUF)))))
    SuccesszglInterop_WGL.c:1447
API ERROR HIGH 1280 GL error GL_INVALID_ENUMzglDrawBridge_W32.c:995
GL: INVAL_PARAMzglDrawBridge_W32.c:964
zglDrawBridge_W32.c:964
((!1) || ((&dpu->activeVin->bindings.idxSrcBuf) && !(_AfxAssertObjects((1), (afxObject const*)(&dpu->activeVin->bindings.idxSrcBuf),(afxFcc_BUF)))))
    SuccesszglInterop_WGL.c:1447
API ERROR HIGH 1280 GL error GL_INVALID_ENUMzglDrawBridge_W32.c:995
GL: INVAL_PARAMzglDrawBridge_W32.c:964
zglDrawBridge_W32.c:964
((!1) || ((&dpu->activeVin->bindings.idxSrcBuf) && !(_AfxAssertObjects((1), (afxObject const*)(&dpu->activeVin->bindings.idxSrcBuf),(afxFcc_BUF)))))
    SuccesszglInterop_WGL.c:1447
API ERROR HIGH 1280 GL error GL_INVALID_ENUMzglDrawBridge_W32.c:995
GL: INVAL_PARAMzglDrawBridge_W32.c:964
zglDrawBridge_W32.c:964
((!1) || ((&dpu->activeVin->bindings.idxSrcBuf) && !(_AfxAssertObjects((1), (afxObject const*)(&dpu->activeVin->bindings.idxSrcBuf),(afxFcc_BUF)))))
    SuccesszglInterop_WGL.c:1447
API ERROR HIGH 1280 GL error GL_INVALID_ENUMzglDrawBridge_W32.c:995
GL: INVAL_PARAMzglDrawBridge_W32.c:964
zglDrawBridge_W32.c:964
((!1) || ((&dpu->activeVin->bindings.idxSrcBuf) && !(_AfxAssertObjects((1), (afxObject const*)(&dpu->activeVin->bindings.idxSrcBuf),(afxFcc_BUF)))))
    SuccesszglInterop_WGL.c:1447
API ERROR HIGH 1280 GL error GL_INVALID_ENUMzglDrawBridge_W32.c:995
GL: INVAL_PARAMzglDrawBridge_W32.c:964
zglDrawBridge_W32.c:964
((!1) || ((&dpu->activeVin->bindings.idxSrcBuf) && !(_AfxAssertObjects((1), (afxObject const*)(&dpu->activeVin->bindings.idxSrcBuf),(afxFcc_BUF)))))
    SuccesszglInterop_WGL.c:1447
API ERROR HIGH 1280 GL error GL_INVALID_ENUMzglDrawBridge_W32.c:995
GL: INVAL_PARAMzglDrawBridge_W32.c:964
zglDrawBridge_W32.c:964
((!1) || ((&dpu->activeVin->bindings.idxSrcBuf) && !(_AfxAssertObjects((1), (afxObject const*)(&dpu->activeVin->bindings.idxSrcBuf),(afxFcc_BUF)))))
    SuccesszglInterop_WGL.c:1447
API ERROR HIGH 1280 GL error GL_INVALID_ENUMzglDrawBridge_W32.c:995
GL: INVAL_PARAMzglDrawBridge_W32.c:964
zglDrawBridge_W32.c:964
((!1) || ((&dpu->activeVin->bindings.idxSrcBuf) && !(_AfxAssertObjects((1), (afxObject const*)(&dpu->activeVin->bindings.idxSrcBuf),(afxFcc_BUF)))))
    SuccesszglInterop_WGL.c:1447
API ERROR HIGH 1280 GL error GL_INVALID_ENUMzglDrawBridge_W32.c:995
GL: INVAL_PARAMzglDrawBridge_W32.c:964
zglDrawBridge_W32.c:964
((!1) || ((&dpu->activeVin->bindings.idxSrcBuf) && !(_AfxAssertObjects((1), (afxObject const*)(&dpu->activeVin->bindings.idxSrcBuf),(afxFcc_BUF)))))
    SuccesszglInterop_WGL.c:1447
API ERROR HIGH 1280 GL error GL_INVALID_ENUMzglDrawBridge_W32.c:995
GL: INVAL_PARAMzglDrawBridge_W32.c:964
zglDrawBridge_W32.c:964
((!1) || ((&dpu->activeVin->bindings.idxSrcBuf) && !(_AfxAssertObjects((1), (afxObject const*)(&dpu->activeVin->bindings.idxSrcBuf),(afxFcc_BUF)))))
    SuccesszglInterop_WGL.c:1447
API ERROR HIGH 1280 GL error GL_INVALID_ENUMzglDrawBridge_W32.c:995
GL: INVAL_PARAMzglDrawBridge_W32.c:964
zglDrawBridge_W32.c:964
((!1) || ((&dpu->activeVin->bindings.idxSrcBuf) && !(_AfxAssertObjects((1), (afxObject const*)(&dpu->activeVin->bindings.idxSrcBuf),(afxFcc_BUF)))))
    SuccesszglInterop_WGL.c:1447
API ERROR HIGH 1280 GL error GL_INVALID_ENUMzglDrawBridge_W32.c:995
GL: INVAL_PARAMzglDrawBridge_W32.c:964
zglDrawBridge_W32.c:964
((!1) || ((&dpu->activeVin->bindings.idxSrcBuf) && !(_AfxAssertObjects((1), (afxObject const*)(&dpu->activeVin->bindings.idxSrcBuf),(afxFcc_BUF)))))
    SuccesszglInterop_WGL.c:1447
API ERROR HIGH 1280 GL error GL_INVALID_ENUMzglDrawBridge_W32.c:995
GL: INVAL_PARAMzglDrawBridge_W32.c:964
zglDrawBridge_W32.c:964
((!1) || ((&dpu->activeVin->bindings.idxSrcBuf) && !(_AfxAssertObjects((1), (afxObject const*)(&dpu->activeVin->bindings.idxSrcBuf),(afxFcc_BUF)))))
    SuccesszglInterop_WGL.c:1447
API ERROR HIGH 1280 GL error GL_INVALID_ENUMzglDrawBridge_W32.c:995
GL: INVAL_PARAMzglDrawBridge_W32.c:964
zglDrawBridge_W32.c:964
((!1) || ((&dpu->activeVin->bindings.idxSrcBuf) && !(_AfxAssertObjects((1), (afxObject const*)(&dpu->activeVin->bindings.idxSrcBuf),(afxFcc_BUF)))))
    SuccesszglInterop_WGL.c:1447
API ERROR HIGH 1280 GL error GL_INVALID_ENUMzglDrawBridge_W32.c:995
GL: INVAL_PARAMzglDrawBridge_W32.c:964
zglDrawBridge_W32.c:964
((!1) || ((&dpu->activeVin->bindings.idxSrcBuf) && !(_AfxAssertObjects((1), (afxObject const*)(&dpu->activeVin->bindings.idxSrcBuf),(afxFcc_BUF)))))
    SuccesszglInterop_WGL.c:1447
API ERROR HIGH 1280 GL error GL_INVALID_ENUMzglDrawBridge_W32.c:995
GL: INVAL_PARAMzglDrawBridge_W32.c:964
zglDrawBridge_W32.c:964
((!1) || ((&dpu->activeVin->bindings.idxSrcBuf) && !(_AfxAssertObjects((1), (afxObject const*)(&dpu->activeVin->bindings.idxSrcBuf),(afxFcc_BUF)))))
    SuccesszglInterop_WGL.c:1447
API ERROR HIGH 1280 GL error GL_INVALID_ENUMzglDrawBridge_W32.c:995
GL: INVAL_PARAMzglDrawBridge_W32.c:964
zglDrawBridge_W32.c:964
((!1) || ((&dpu->activeVin->bindings.idxSrcBuf) && !(_AfxAssertObjects((1), (afxObject const*)(&dpu->activeVin->bindings.idxSrcBuf),(afxFcc_BUF)))))
    SuccesszglInterop_WGL.c:1447
API ERROR HIGH 1280 GL error GL_INVALID_ENUMzglDrawBridge_W32.c:995
GL: INVAL_PARAMzglDrawBridge_W32.c:964
zglDrawBridge_W32.c:964
((!1) || ((&dpu->activeVin->bindings.idxSrcBuf) && !(_AfxAssertObjects((1), (afxObject const*)(&dpu->activeVin->bindings.idxSrcBuf),(afxFcc_BUF)))))
    SuccesszglInterop_WGL.c:1447
API ERROR HIGH 1280 GL error GL_INVALID_ENUMzglDrawBridge_W32.c:995
GL: INVAL_PARAMzglDrawBridge_W32.c:964
zglDrawBridge_W32.c:964
((!1) || ((&dpu->activeVin->bindings.idxSrcBuf) && !(_AfxAssertObjects((1), (afxObject const*)(&dpu->activeVin->bindings.idxSrcBuf),(afxFcc_BUF)))))
    SuccesszglInterop_WGL.c:1447
API ERROR HIGH 1280 GL error GL_INVALID_ENUMzglDrawBridge_W32.c:995
GL: INVAL_PARAMzglDrawBridge_W32.c:964
zglDrawBridge_W32.c:964
((!1) || ((&dpu->activeVin->bindings.idxSrcBuf) && !(_AfxAssertObjects((1), (afxObject const*)(&dpu->activeVin->bindings.idxSrcBuf),(afxFcc_BUF)))))
    SuccesszglInterop_WGL.c:1447
API ERROR HIGH 1280 GL error GL_INVALID_ENUMzglDrawBridge_W32.c:995
GL: INVAL_PARAMzglDrawBridge_W32.c:964
zglDrawBridge_W32.c:964
((!1) || ((&dpu->activeVin->bindings.idxSrcBuf) && !(_AfxAssertObjects((1), (afxObject const*)(&dpu->activeVin->bindings.idxSrcBuf),(afxFcc_BUF)))))
    SuccesszglInterop_WGL.c:1447
API ERROR HIGH 1280 GL error GL_INVALID_ENUMzglDrawBridge_W32.c:995
GL: INVAL_PARAMzglDrawBridge_W32.c:964
zglDrawBridge_W32.c:964
((!1) || ((&dpu->activeVin->bindings.idxSrcBuf) && !(_AfxAssertObjects((1), (afxObject const*)(&dpu->activeVin->bindings.idxSrcBuf),(afxFcc_BUF)))))
    SuccesszglInterop_WGL.c:1447
API ERROR HIGH 1280 GL error GL_INVALID_ENUMzglDrawBridge_W32.c:995
GL: INVAL_PARAMzglDrawBridge_W32.c:964
zglDrawBridge_W32.c:964
((!1) || ((&dpu->activeVin->bindings.idxSrcBuf) && !(_AfxAssertObjects((1), (afxObject const*)(&dpu->activeVin->bindings.idxSrcBuf),(afxFcc_BUF)))))
    SuccesszglInterop_WGL.c:1447
API ERROR HIGH 1280 GL error GL_INVALID_ENUMzglDrawBridge_W32.c:995
GL: INVAL_PARAMzglDrawBridge_W32.c:964
zglDrawBridge_W32.c:964
((!1) || ((&dpu->activeVin->bindings.idxSrcBuf) && !(_AfxAssertObjects((1), (afxObject const*)(&dpu->activeVin->bindings.idxSrcBuf),(afxFcc_BUF)))))
    SuccesszglInterop_WGL.c:1447
API ERROR HIGH 1280 GL error GL_INVALID_ENUMzglDrawBridge_W32.c:995
GL: INVAL_PARAMzglDrawBridge_W32.c:964
zglDrawBridge_W32.c:964
((!1) || ((&dpu->activeVin->bindings.idxSrcBuf) && !(_AfxAssertObjects((1), (afxObject const*)(&dpu->activeVin->bindings.idxSrcBuf),(afxFcc_BUF)))))
    SuccesszglInterop_WGL.c:1447
API ERROR HIGH 1280 GL error GL_INVALID_ENUMzglDrawBridge_W32.c:995
GL: INVAL_PARAMzglDrawBridge_W32.c:964
zglDrawBridge_W32.c:964
((!1) || ((&dpu->activeVin->bindings.idxSrcBuf) && !(_AfxAssertObjects((1), (afxObject const*)(&dpu->activeVin->bindings.idxSrcBuf),(afxFcc_BUF)))))
    SuccesszglInterop_WGL.c:1447
API ERROR HIGH 1280 GL error GL_INVALID_ENUMzglDrawBridge_W32.c:995
GL: INVAL_PARAMzglDrawBridge_W32.c:964
zglDrawBridge_W32.c:964
((!1) || ((&dpu->activeVin->bindings.idxSrcBuf) && !(_AfxAssertObjects((1), (afxObject const*)(&dpu->activeVin->bindings.idxSrcBuf),(afxFcc_BUF)))))
    SuccesszglInterop_WGL.c:1447
API ERROR HIGH 1280 GL error GL_INVALID_ENUMzglDrawBridge_W32.c:995
GL: INVAL_PARAMzglDrawBridge_W32.c:964
zglDrawBridge_W32.c:964
((!1) || ((&dpu->activeVin->bindings.idxSrcBuf) && !(_AfxAssertObjects((1), (afxObject const*)(&dpu->activeVin->bindings.idxSrcBuf),(afxFcc_BUF)))))
    SuccesszglInterop_WGL.c:1447
API ERROR HIGH 1280 GL error GL_INVALID_ENUMzglDrawBridge_W32.c:995
GL: INVAL_PARAMzglDrawBridge_W32.c:964
zglDrawBridge_W32.c:964
((!1) || ((&dpu->activeVin->bindings.idxSrcBuf) && !(_AfxAssertObjects((1), (afxObject const*)(&dpu->activeVin->bindings.idxSrcBuf),(afxFcc_BUF)))))
    SuccesszglInterop_WGL.c:1447
API ERROR HIGH 1280 GL error GL_INVALID_ENUMzglDrawBridge_W32.c:995
GL: INVAL_PARAMzglDrawBridge_W32.c:964
zglDrawBridge_W32.c:964
((!1) || ((&dpu->activeVin->bindings.idxSrcBuf) && !(_AfxAssertObjects((1), (afxObject const*)(&dpu->activeVin->bindings.idxSrcBuf),(afxFcc_BUF)))))
    SuccesszglInterop_WGL.c:1447
API ERROR HIGH 1280 GL error GL_INVALID_ENUMzglDrawBridge_W32.c:995
GL: INVAL_PARAMzglDrawBridge_W32.c:964
zglDrawBridge_W32.c:964
((!1) || ((&dpu->activeVin->bindings.idxSrcBuf) && !(_AfxAssertObjects((1), (afxObject const*)(&dpu->activeVin->bindings.idxSrcBuf),(afxFcc_BUF)))))
    SuccesszglInterop_WGL.c:1447
API ERROR HIGH 1280 GL error GL_INVALID_ENUMzglDrawBridge_W32.c:995
GL: INVAL_PARAMzglDrawBridge_W32.c:964
zglDrawBridge_W32.c:964
((!1) || ((&dpu->activeVin->bindings.idxSrcBuf) && !(_AfxAssertObjects((1), (afxObject const*)(&dpu->activeVin->bindings.idxSrcBuf),(afxFcc_BUF)))))
    SuccesszglInterop_WGL.c:1447
API ERROR HIGH 1280 GL error GL_INVALID_ENUMzglDrawBridge_W32.c:995
GL: INVAL_PARAMzglDrawBridge_W32.c:964
zglDrawBridge_W32.c:964
((!1) || ((&dpu->activeVin->bindings.idxSrcBuf) && !(_AfxAssertObjects((1), (afxObject const*)(&dpu->activeVin->bindings.idxSrcBuf),(afxFcc_BUF)))))
    SuccesszglInterop_WGL.c:1447
API ERROR HIGH 1280 GL error GL_INVALID_ENUMzglDrawBridge_W32.c:995
GL: INVAL_PARAMzglDrawBridge_W32.c:964
zglDrawBridge_W32.c:964
((!1) || ((&dpu->activeVin->bindings.idxSrcBuf) && !(_AfxAssertObjects((1), (afxObject const*)(&dpu->activeVin->bindings.idxSrcBuf),(afxFcc_BUF)))))
    SuccesszglInterop_WGL.c:1447
API ERROR HIGH 1280 GL error GL_INVALID_ENUMzglDrawBridge_W32.c:995
GL: INVAL_PARAMzglDrawBridge_W32.c:964
zglDrawBridge_W32.c:964
((!1) || ((&dpu->activeVin->bindings.idxSrcBuf) && !(_AfxAssertObjects((1), (afxObject const*)(&dpu->activeVin->bindings.idxSrcBuf),(afxFcc_BUF)))))
    SuccesszglInterop_WGL.c:1447
API ERROR HIGH 1280 GL error GL_INVALID_ENUMzglDrawBridge_W32.c:995
GL: INVAL_PARAMzglDrawBridge_W32.c:964
zglDrawBridge_W32.c:964
((!1) || ((&dpu->activeVin->bindings.idxSrcBuf) && !(_AfxAssertObjects((1), (afxObject const*)(&dpu->activeVin->bindings.idxSrcBuf),(afxFcc_BUF)))))
    SuccesszglInterop_WGL.c:1447
API ERROR HIGH 1280 GL error GL_INVALID_ENUMzglDrawBridge_W32.c:995
GL: INVAL_PARAMzglDrawBridge_W32.c:964
zglDrawBridge_W32.c:964
((!1) || ((&dpu->activeVin->bindings.idxSrcBuf) && !(_AfxAssertObjects((1), (afxObject const*)(&dpu->activeVin->bindings.idxSrcBuf),(afxFcc_BUF)))))
    SuccesszglInterop_WGL.c:1447
API ERROR HIGH 1280 GL error GL_INVALID_ENUMzglDrawBridge_W32.c:995
GL: INVAL_PARAMzglDrawBridge_W32.c:964
zglDrawBridge_W32.c:964
((!1) || ((&dpu->activeVin->bindings.idxSrcBuf) && !(_AfxAssertObjects((1), (afxObject const*)(&dpu->activeVin->bindings.idxSrcBuf),(afxFcc_BUF)))))
    SuccesszglInterop_WGL.c:1447
API ERROR HIGH 1280 GL error GL_INVALID_ENUMzglDrawBridge_W32.c:995
GL: INVAL_PARAMzglDrawBridge_W32.c:964
zglDrawBridge_W32.c:964
((!1) || ((&dpu->activeVin->bindings.idxSrcBuf) && !(_AfxAssertObjects((1), (afxObject const*)(&dpu->activeVin->bindings.idxSrcBuf),(afxFcc_BUF)))))
    SuccesszglInterop_WGL.c:1447
API ERROR HIGH 1280 GL error GL_INVALID_ENUMzglDrawBridge_W32.c:995
GL: INVAL_PARAMzglDrawBridge_W32.c:964
zglDrawBridge_W32.c:964
((!1) || ((&dpu->activeVin->bindings.idxSrcBuf) && !(_AfxAssertObjects((1), (afxObject const*)(&dpu->activeVin->bindings.idxSrcBuf),(afxFcc_BUF)))))
    SuccesszglInterop_WGL.c:1447
API ERROR HIGH 1280 GL error GL_INVALID_ENUMzglDrawBridge_W32.c:995
GL: INVAL_PARAMzglDrawBridge_W32.c:964
zglDrawBridge_W32.c:964
((!1) || ((&dpu->activeVin->bindings.idxSrcBuf) && !(_AfxAssertObjects((1), (afxObject const*)(&dpu->activeVin->bindings.idxSrcBuf),(afxFcc_BUF)))))
    SuccesszglInterop_WGL.c:1447
API ERROR HIGH 1280 GL error GL_INVALID_ENUMzglDrawBridge_W32.c:995
GL: INVAL_PARAMzglDrawBridge_W32.c:964
zglDrawBridge_W32.c:964
((!1) || ((&dpu->activeVin->bindings.idxSrcBuf) && !(_AfxAssertObjects((1), (afxObject const*)(&dpu->activeVin->bindings.idxSrcBuf),(afxFcc_BUF)))))
    SuccesszglInterop_WGL.c:1447
API ERROR HIGH 1280 GL error GL_INVALID_ENUMzglDrawBridge_W32.c:995
GL: INVAL_PARAMzglDrawBridge_W32.c:964
zglDrawBridge_W32.c:964
((!1) || ((&dpu->activeVin->bindings.idxSrcBuf) && !(_AfxAssertObjects((1), (afxObject const*)(&dpu->activeVin->bindings.idxSrcBuf),(afxFcc_BUF)))))
    SuccesszglInterop_WGL.c:1447
API ERROR HIGH 1280 GL error GL_INVALID_ENUMzglDrawBridge_W32.c:995
GL: INVAL_PARAMzglDrawBridge_W32.c:964
zglDrawBridge_W32.c:964
((!1) || ((&dpu->activeVin->bindings.idxSrcBuf) && !(_AfxAssertObjects((1), (afxObject const*)(&dpu->activeVin->bindings.idxSrcBuf),(afxFcc_BUF)))))
    SuccesszglInterop_WGL.c:1447
API ERROR HIGH 1280 GL error GL_INVALID_ENUMzglDrawBridge_W32.c:995
GL: INVAL_PARAMzglDrawBridge_W32.c:964
zglDrawBridge_W32.c:964
((!1) || ((&dpu->activeVin->bindings.idxSrcBuf) && !(_AfxAssertObjects((1), (afxObject const*)(&dpu->activeVin->bindings.idxSrcBuf),(afxFcc_BUF)))))
    SuccesszglInterop_WGL.c:1447
API ERROR HIGH 1280 GL error GL_INVALID_ENUMzglDrawBridge_W32.c:995
GL: INVAL_PARAMzglDrawBridge_W32.c:964
zglDrawBridge_W32.c:964
((!1) || ((&dpu->activeVin->bindings.idxSrcBuf) && !(_AfxAssertObjects((1), (afxObject const*)(&dpu->activeVin->bindings.idxSrcBuf),(afxFcc_BUF)))))
    SuccesszglInterop_WGL.c:1447
API ERROR HIGH 1280 GL error GL_INVALID_ENUMzglDrawBridge_W32.c:995
GL: INVAL_PARAMzglDrawBridge_W32.c:964
zglDrawBridge_W32.c:964
((!1) || ((&dpu->activeVin->bindings.idxSrcBuf) && !(_AfxAssertObjects((1), (afxObject const*)(&dpu->activeVin->bindings.idxSrcBuf),(afxFcc_BUF)))))
    SuccesszglInterop_WGL.c:1447
API ERROR HIGH 1280 GL error GL_INVALID_ENUMzglDrawBridge_W32.c:995
GL: INVAL_PARAMzglDrawBridge_W32.c:964
zglDrawBridge_W32.c:964
((!1) || ((&dpu->activeVin->bindings.idxSrcBuf) && !(_AfxAssertObjects((1), (afxObject const*)(&dpu->activeVin->bindings.idxSrcBuf),(afxFcc_BUF)))))
    SuccesszglInterop_WGL.c:1447
API ERROR HIGH 1280 GL error GL_INVALID_ENUMzglDrawBridge_W32.c:995
GL: INVAL_PARAMzglDrawBridge_W32.c:964
zglDrawBridge_W32.c:964
((!1) || ((&dpu->activeVin->bindings.idxSrcBuf) && !(_AfxAssertObjects((1), (afxObject const*)(&dpu->activeVin->bindings.idxSrcBuf),(afxFcc_BUF)))))
    SuccesszglInterop_WGL.c:1447
API ERROR HIGH 1280 GL error GL_INVALID_ENUMzglDrawBridge_W32.c:995
GL: INVAL_PARAMzglDrawBridge_W32.c:964
zglDrawBridge_W32.c:964
((!1) || ((&dpu->activeVin->bindings.idxSrcBuf) && !(_AfxAssertObjects((1), (afxObject const*)(&dpu->activeVin->bindings.idxSrcBuf),(afxFcc_BUF)))))
    SuccesszglInterop_WGL.c:1447
API ERROR HIGH 1280 GL error GL_INVALID_ENUMzglDrawBridge_W32.c:995
GL: INVAL_PARAMzglDrawBridge_W32.c:964
zglDrawBridge_W32.c:964
((!1) || ((&dpu->activeVin->bindings.idxSrcBuf) && !(_AfxAssertObjects((1), (afxObject const*)(&dpu->activeVin->bindings.idxSrcBuf),(afxFcc_BUF)))))
    SuccesszglInterop_WGL.c:1447
API ERROR HIGH 1280 GL error GL_INVALID_ENUMzglDrawBridge_W32.c:995
GL: INVAL_PARAMzglDrawBridge_W32.c:964
zglDrawBridge_W32.c:964
((!1) || ((&dpu->activeVin->bindings.idxSrcBuf) && !(_AfxAssertObjects((1), (afxObject const*)(&dpu->activeVin->bindings.idxSrcBuf),(afxFcc_BUF)))))
    SuccesszglInterop_WGL.c:1447
API ERROR HIGH 1280 GL error GL_INVALID_ENUMzglDrawBridge_W32.c:995
GL: INVAL_PARAMzglDrawBridge_W32.c:964
zglDrawBridge_W32.c:964
((!1) || ((&dpu->activeVin->bindings.idxSrcBuf) && !(_AfxAssertObjects((1), (afxObject const*)(&dpu->activeVin->bindings.idxSrcBuf),(afxFcc_BUF)))))
    SuccesszglInterop_WGL.c:1447
API ERROR HIGH 1280 GL error GL_INVALID_ENUMzglDrawBridge_W32.c:995
GL: INVAL_PARAMzglDrawBridge_W32.c:964
zglDrawBridge_W32.c:964
((!1) || ((&dpu->activeVin->bindings.idxSrcBuf) && !(_AfxAssertObjects((1), (afxObject const*)(&dpu->activeVin->bindings.idxSrcBuf),(afxFcc_BUF)))))
    SuccesszglInterop_WGL.c:1447
API ERROR HIGH 1280 GL error GL_INVALID_ENUMzglDrawBridge_W32.c:995
GL: INVAL_PARAMzglDrawBridge_W32.c:964
zglDrawBridge_W32.c:964
((!1) || ((&dpu->activeVin->bindings.idxSrcBuf) && !(_AfxAssertObjects((1), (afxObject const*)(&dpu->activeVin->bindings.idxSrcBuf),(afxFcc_BUF)))))
    SuccesszglInterop_WGL.c:1447
API ERROR HIGH 1280 GL error GL_INVALID_ENUMzglDrawBridge_W32.c:995
GL: INVAL_PARAMzglDrawBridge_W32.c:964
zglDrawBridge_W32.c:964
((!1) || ((&dpu->activeVin->bindings.idxSrcBuf) && !(_AfxAssertObjects((1), (afxObject const*)(&dpu->activeVin->bindings.idxSrcBuf),(afxFcc_BUF)))))
    SuccesszglInterop_WGL.c:1447
API ERROR HIGH 1280 GL error GL_INVALID_ENUMzglDrawBridge_W32.c:995
GL: INVAL_PARAMzglDrawBridge_W32.c:964
zglDrawBridge_W32.c:964
((!1) || ((&dpu->activeVin->bindings.idxSrcBuf) && !(_AfxAssertObjects((1), (afxObject const*)(&dpu->activeVin->bindings.idxSrcBuf),(afxFcc_BUF)))))
    SuccesszglInterop_WGL.c:1447
API ERROR HIGH 1280 GL error GL_INVALID_ENUMzglDrawBridge_W32.c:995
GL: INVAL_PARAMzglDrawBridge_W32.c:964
zglDrawBridge_W32.c:964
((!1) || ((&dpu->activeVin->bindings.idxSrcBuf) && !(_AfxAssertObjects((1), (afxObject const*)(&dpu->activeVin->bindings.idxSrcBuf),(afxFcc_BUF)))))
    SuccesszglInterop_WGL.c:1447
API ERROR HIGH 1280 GL error GL_INVALID_ENUMzglDrawBridge_W32.c:995
GL: INVAL_PARAMzglDrawBridge_W32.c:964
zglDrawBridge_W32.c:964
((!1) || ((&dpu->activeVin->bindings.idxSrcBuf) && !(_AfxAssertObjects((1), (afxObject const*)(&dpu->activeVin->bindings.idxSrcBuf),(afxFcc_BUF)))))
    SuccesszglInterop_WGL.c:1447
API ERROR HIGH 1280 GL error GL_INVALID_ENUMzglDrawBridge_W32.c:995
GL: INVAL_PARAMzglDrawBridge_W32.c:964
zglDrawBridge_W32.c:964
((!1) || ((&dpu->activeVin->bindings.idxSrcBuf) && !(_AfxAssertObjects((1), (afxObject const*)(&dpu->activeVin->bindings.idxSrcBuf),(afxFcc_BUF)))))
    SuccesszglInterop_WGL.c:1447
API ERROR HIGH 1280 GL error GL_INVALID_ENUMzglDrawBridge_W32.c:995
GL: INVAL_PARAMzglDrawBridge_W32.c:964
zglDrawBridge_W32.c:964
((!1) || ((&dpu->activeVin->bindings.idxSrcBuf) && !(_AfxAssertObjects((1), (afxObject const*)(&dpu->activeVin->bindings.idxSrcBuf),(afxFcc_BUF)))))
    SuccesszglInterop_WGL.c:1447
API ERROR HIGH 1280 GL error GL_INVALID_ENUMzglDrawBridge_W32.c:995
GL: INVAL_PARAMzglDrawBridge_W32.c:964
zglDrawBridge_W32.c:964
((!1) || ((&dpu->activeVin->bindings.idxSrcBuf) && !(_AfxAssertObjects((1), (afxObject const*)(&dpu->activeVin->bindings.idxSrcBuf),(afxFcc_BUF)))))
    SuccesszglInterop_WGL.c:1447
API ERROR HIGH 1280 GL error GL_INVALID_ENUMzglDrawBridge_W32.c:995
GL: INVAL_PARAMzglDrawBridge_W32.c:964
zglDrawBridge_W32.c:964
((!1) || ((&dpu->activeVin->bindings.idxSrcBuf) && !(_AfxAssertObjects((1), (afxObject const*)(&dpu->activeVin->bindings.idxSrcBuf),(afxFcc_BUF)))))
    SuccesszglInterop_WGL.c:1447
API ERROR HIGH 1280 GL error GL_INVALID_ENUMzglDrawBridge_W32.c:995
GL: INVAL_PARAMzglDrawBridge_W32.c:964
zglDrawBridge_W32.c:964
((!1) || ((&dpu->activeVin->bindings.idxSrcBuf) && !(_AfxAssertObjects((1), (afxObject const*)(&dpu->activeVin->bindings.idxSrcBuf),(afxFcc_BUF)))))
    SuccesszglInterop_WGL.c:1447
API ERROR HIGH 1280 GL error GL_INVALID_ENUMzglDrawBridge_W32.c:995
GL: INVAL_PARAMzglDrawBridge_W32.c:964
zglDrawBridge_W32.c:964
((!1) || ((&dpu->activeVin->bindings.idxSrcBuf) && !(_AfxAssertObjects((1), (afxObject const*)(&dpu->activeVin->bindings.idxSrcBuf),(afxFcc_BUF)))))
    SuccesszglInterop_WGL.c:1447
API ERROR HIGH 1280 GL error GL_INVALID_ENUMzglDrawBridge_W32.c:995
GL: INVAL_PARAMzglDrawBridge_W32.c:964
zglDrawBridge_W32.c:964
((!1) || ((&dpu->activeVin->bindings.idxSrcBuf) && !(_AfxAssertObjects((1), (afxObject const*)(&dpu->activeVin->bindings.idxSrcBuf),(afxFcc_BUF)))))
    SuccesszglInterop_WGL.c:1447
API ERROR HIGH 1280 GL error GL_INVALID_ENUMzglDrawBridge_W32.c:995
GL: INVAL_PARAMzglDrawBridge_W32.c:964
zglDrawBridge_W32.c:964
((!1) || ((&dpu->activeVin->bindings.idxSrcBuf) && !(_AfxAssertObjects((1), (afxObject const*)(&dpu->activeVin->bindings.idxSrcBuf),(afxFcc_BUF)))))
    SuccesszglInterop_WGL.c:1447
API ERROR HIGH 1280 GL error GL_INVALID_ENUMzglDrawBridge_W32.c:995
GL: INVAL_PARAMzglDrawBridge_W32.c:964
zglDrawBridge_W32.c:964
((!1) || ((&dpu->activeVin->bindings.idxSrcBuf) && !(_AfxAssertObjects((1), (afxObject const*)(&dpu->activeVin->bindings.idxSrcBuf),(afxFcc_BUF)))))
    SuccesszglInterop_WGL.c:1447
API ERROR HIGH 1280 GL error GL_INVALID_ENUMzglDrawBridge_W32.c:995
GL: INVAL_PARAMzglDrawBridge_W32.c:964
zglDrawBridge_W32.c:964
((!1) || ((&dpu->activeVin->bindings.idxSrcBuf) && !(_AfxAssertObjects((1), (afxObject const*)(&dpu->activeVin->bindings.idxSrcBuf),(afxFcc_BUF)))))
    SuccesszglInterop_WGL.c:1447
API ERROR HIGH 1280 GL error GL_INVALID_ENUMzglDrawBridge_W32.c:995
GL: INVAL_PARAMzglDrawBridge_W32.c:964
zglDrawBridge_W32.c:964
((!1) || ((&dpu->activeVin->bindings.idxSrcBuf) && !(_AfxAssertObjects((1), (afxObject const*)(&dpu->activeVin->bindings.idxSrcBuf),(afxFcc_BUF)))))
    SuccesszglInterop_WGL.c:1447
API ERROR HIGH 1280 GL error GL_INVALID_ENUMzglDrawBridge_W32.c:995
GL: INVAL_PARAMzglDrawBridge_W32.c:964
zglDrawBridge_W32.c:964
((!1) || ((&dpu->activeVin->bindings.idxSrcBuf) && !(_AfxAssertObjects((1), (afxObject const*)(&dpu->activeVin->bindings.idxSrcBuf),(afxFcc_BUF)))))
    SuccesszglInterop_WGL.c:1447
API ERROR HIGH 1280 GL error GL_INVALID_ENUMzglDrawBridge_W32.c:995
GL: INVAL_PARAMzglDrawBridge_W32.c:964
zglDrawBridge_W32.c:964
((!1) || ((&dpu->activeVin->bindings.idxSrcBuf) && !(_AfxAssertObjects((1), (afxObject const*)(&dpu->activeVin->bindings.idxSrcBuf),(afxFcc_BUF)))))
    SuccesszglInterop_WGL.c:1447
API ERROR HIGH 1280 GL error GL_INVALID_ENUMzglDrawBridge_W32.c:995
GL: INVAL_PARAMzglDrawBridge_W32.c:964
zglDrawBridge_W32.c:964
((!1) || ((&dpu->activeVin->bindings.idxSrcBuf) && !(_AfxAssertObjects((1), (afxObject const*)(&dpu->activeVin->bindings.idxSrcBuf),(afxFcc_BUF)))))
    SuccesszglInterop_WGL.c:1447
API ERROR HIGH 1280 GL error GL_INVALID_ENUMzglDrawBridge_W32.c:995
GL: INVAL_PARAMzglDrawBridge_W32.c:964
zglDrawBridge_W32.c:964
((!1) || ((&dpu->activeVin->bindings.idxSrcBuf) && !(_AfxAssertObjects((1), (afxObject const*)(&dpu->activeVin->bindings.idxSrcBuf),(afxFcc_BUF)))))
    SuccesszglInterop_WGL.c:1447
API ERROR HIGH 1280 GL error GL_INVALID_ENUMzglDrawBridge_W32.c:995
GL: INVAL_PARAMzglDrawBridge_W32.c:964
zglDrawBridge_W32.c:964
((!1) || ((&dpu->activeVin->bindings.idxSrcBuf) && !(_AfxAssertObjects((1), (afxObject const*)(&dpu->activeVin->bindings.idxSrcBuf),(afxFcc_BUF)))))
    SuccesszglInterop_WGL.c:1447
API ERROR HIGH 1280 GL error GL_INVALID_ENUMzglDrawBridge_W32.c:995
GL: INVAL_PARAMzglDrawBridge_W32.c:964
zglDrawBridge_W32.c:964
((!1) || ((&dpu->activeVin->bindings.idxSrcBuf) && !(_AfxAssertObjects((1), (afxObject const*)(&dpu->activeVin->bindings.idxSrcBuf),(afxFcc_BUF)))))
    SuccesszglInterop_WGL.c:1447
API ERROR HIGH 1280 GL error GL_INVALID_ENUMzglDrawBridge_W32.c:995
GL: INVAL_PARAMzglDrawBridge_W32.c:964
zglDrawBridge_W32.c:964
((!1) || ((&dpu->activeVin->bindings.idxSrcBuf) && !(_AfxAssertObjects((1), (afxObject const*)(&dpu->activeVin->bindings.idxSrcBuf),(afxFcc_BUF)))))
    SuccesszglInterop_WGL.c:1447
API ERROR HIGH 1280 GL error GL_INVALID_ENUMzglDrawBridge_W32.c:995
GL: INVAL_PARAMzglDrawBridge_W32.c:964
zglDrawBridge_W32.c:964
((!1) || ((&dpu->activeVin->bindings.idxSrcBuf) && !(_AfxAssertObjects((1), (afxObject const*)(&dpu->activeVin->bindings.idxSrcBuf),(afxFcc_BUF)))))
    SuccesszglInterop_WGL.c:1447
API ERROR HIGH 1280 GL error GL_INVALID_ENUMzglDrawBridge_W32.c:995
GL: INVAL_PARAMzglDrawBridge_W32.c:964
zglDrawBridge_W32.c:964
((!1) || ((&dpu->activeVin->bindings.idxSrcBuf) && !(_AfxAssertObjects((1), (afxObject const*)(&dpu->activeVin->bindings.idxSrcBuf),(afxFcc_BUF)))))
    SuccesszglInterop_WGL.c:1447
API ERROR HIGH 1280 GL error GL_INVALID_ENUMzglDrawBridge_W32.c:995
GL: INVAL_PARAMzglDrawBridge_W32.c:964
zglDrawBridge_W32.c:964
((!1) || ((&dpu->activeVin->bindings.idxSrcBuf) && !(_AfxAssertObjects((1), (afxObject const*)(&dpu->activeVin->bindings.idxSrcBuf),(afxFcc_BUF)))))
    SuccesszglInterop_WGL.c:1447
API ERROR HIGH 1280 GL error GL_INVALID_ENUMzglDrawBridge_W32.c:995
GL: INVAL_PARAMzglDrawBridge_W32.c:964
zglDrawBridge_W32.c:964
((!1) || ((&dpu->activeVin->bindings.idxSrcBuf) && !(_AfxAssertObjects((1), (afxObject const*)(&dpu->activeVin->bindings.idxSrcBuf),(afxFcc_BUF)))))
    SuccesszglInterop_WGL.c:1447
API ERROR HIGH 1280 GL error GL_INVALID_ENUMzglDrawBridge_W32.c:995
GL: INVAL_PARAMzglDrawBridge_W32.c:964
zglDrawBridge_W32.c:964
((!1) || ((&dpu->activeVin->bindings.idxSrcBuf) && !(_AfxAssertObjects((1), (afxObject const*)(&dpu->activeVin->bindings.idxSrcBuf),(afxFcc_BUF)))))
    SuccesszglInterop_WGL.c:1447
API ERROR HIGH 1280 GL error GL_INVALID_ENUMzglDrawBridge_W32.c:995
GL: INVAL_PARAMzglDrawBridge_W32.c:964
zglDrawBridge_W32.c:964
((!1) || ((&dpu->activeVin->bindings.idxSrcBuf) && !(_AfxAssertObjects((1), (afxObject const*)(&dpu->activeVin->bindings.idxSrcBuf),(afxFcc_BUF)))))
    SuccesszglInterop_WGL.c:1447
API ERROR HIGH 1280 GL error GL_INVALID_ENUMzglDrawBridge_W32.c:995
GL: INVAL_PARAMzglDrawBridge_W32.c:964
zglDrawBridge_W32.c:964
((!1) || ((&dpu->activeVin->bindings.idxSrcBuf) && !(_AfxAssertObjects((1), (afxObject const*)(&dpu->activeVin->bindings.idxSrcBuf),(afxFcc_BUF)))))
    SuccesszglInterop_WGL.c:1447
API ERROR HIGH 1280 GL error GL_INVALID_ENUMzglDrawBridge_W32.c:995
GL: INVAL_PARAMzglDrawBridge_W32.c:964
zglDrawBridge_W32.c:964
((!1) || ((&dpu->activeVin->bindings.idxSrcBuf) && !(_AfxAssertObjects((1), (afxObject const*)(&dpu->activeVin->bindings.idxSrcBuf),(afxFcc_BUF)))))
    SuccesszglInterop_WGL.c:1447
API ERROR HIGH 1280 GL error GL_INVALID_ENUMzglDrawBridge_W32.c:995
GL: INVAL_PARAMzglDrawBridge_W32.c:964
zglDrawBridge_W32.c:964
((!1) || ((&dpu->activeVin->bindings.idxSrcBuf) && !(_AfxAssertObjects((1), (afxObject const*)(&dpu->activeVin->bindings.idxSrcBuf),(afxFcc_BUF)))))
    SuccesszglInterop_WGL.c:1447
API ERROR HIGH 1280 GL error GL_INVALID_ENUMzglDrawBridge_W32.c:995
GL: INVAL_PARAMzglDrawBridge_W32.c:964
zglDrawBridge_W32.c:964
((!1) || ((&dpu->activeVin->bindings.idxSrcBuf) && !(_AfxAssertObjects((1), (afxObject const*)(&dpu->activeVin->bindings.idxSrcBuf),(afxFcc_BUF)))))
    SuccesszglInterop_WGL.c:1447
API ERROR HIGH 1280 GL error GL_INVALID_ENUMzglDrawBridge_W32.c:995
GL: INVAL_PARAMzglDrawBridge_W32.c:964
zglDrawBridge_W32.c:964
((!1) || ((&dpu->activeVin->bindings.idxSrcBuf) && !(_AfxAssertObjects((1), (afxObject const*)(&dpu->activeVin->bindings.idxSrcBuf),(afxFcc_BUF)))))
    SuccesszglInterop_WGL.c:1447
API ERROR HIGH 1280 GL error GL_INVALID_ENUMzglDrawBridge_W32.c:995
GL: INVAL_PARAMzglDrawBridge_W32.c:964
zglDrawBridge_W32.c:964
((!1) || ((&dpu->activeVin->bindings.idxSrcBuf) && !(_AfxAssertObjects((1), (afxObject const*)(&dpu->activeVin->bindings.idxSrcBuf),(afxFcc_BUF)))))
    SuccesszglInterop_WGL.c:1447
API ERROR HIGH 1280 GL error GL_INVALID_ENUMzglDrawBridge_W32.c:995
GL: INVAL_PARAMzglDrawBridge_W32.c:964
zglDrawBridge_W32.c:964
((!1) || ((&dpu->activeVin->bindings.idxSrcBuf) && !(_AfxAssertObjects((1), (afxObject const*)(&dpu->activeVin->bindings.idxSrcBuf),(afxFcc_BUF)))))
    SuccesszglInterop_WGL.c:1447
API ERROR HIGH 1280 GL error GL_INVALID_ENUMzglDrawBridge_W32.c:995
GL: INVAL_PARAMzglDrawBridge_W32.c:964
zglDrawBridge_W32.c:964
((!1) || ((&dpu->activeVin->bindings.idxSrcBuf) && !(_AfxAssertObjects((1), (afxObject const*)(&dpu->activeVin->bindings.idxSrcBuf),(afxFcc_BUF)))))
    SuccesszglInterop_WGL.c:1447
API ERROR HIGH 1280 GL error GL_INVALID_ENUMzglDrawBridge_W32.c:995
GL: INVAL_PARAMzglDrawBridge_W32.c:964
zglDrawBridge_W32.c:964
((!1) || ((&dpu->activeVin->bindings.idxSrcBuf) && !(_AfxAssertObjects((1), (afxObject const*)(&dpu->activeVin->bindings.idxSrcBuf),(afxFcc_BUF)))))
    SuccesszglInterop_WGL.c:1447
API ERROR HIGH 1280 GL error GL_INVALID_ENUMzglDrawBridge_W32.c:995
GL: INVAL_PARAMzglDrawBridge_W32.c:964
zglDrawBridge_W32.c:964
((!1) || ((&dpu->activeVin->bindings.idxSrcBuf) && !(_AfxAssertObjects((1), (afxObject const*)(&dpu->activeVin->bindings.idxSrcBuf),(afxFcc_BUF)))))
    SuccesszglInterop_WGL.c:1447
API ERROR HIGH 1280 GL error GL_INVALID_ENUMzglDrawBridge_W32.c:995
GL: INVAL_PARAMzglDrawBridge_W32.c:964
zglDrawBridge_W32.c:964
((!1) || ((&dpu->activeVin->bindings.idxSrcBuf) && !(_AfxAssertObjects((1), (afxObject const*)(&dpu->activeVin->bindings.idxSrcBuf),(afxFcc_BUF)))))
    SuccesszglInterop_WGL.c:1447
API ERROR HIGH 1280 GL error GL_INVALID_ENUMzglDrawBridge_W32.c:995
GL: INVAL_PARAMzglDrawBridge_W32.c:964
zglDrawBridge_W32.c:964
((!1) || ((&dpu->activeVin->bindings.idxSrcBuf) && !(_AfxAssertObjects((1), (afxObject const*)(&dpu->activeVin->bindings.idxSrcBuf),(afxFcc_BUF)))))
    SuccesszglInterop_WGL.c:1447
API ERROR HIGH 1280 GL error GL_INVALID_ENUMzglDrawBridge_W32.c:995
GL: INVAL_PARAMzglDrawBridge_W32.c:964
zglDrawBridge_W32.c:964
((!1) || ((&dpu->activeVin->bindings.idxSrcBuf) && !(_AfxAssertObjects((1), (afxObject const*)(&dpu->activeVin->bindings.idxSrcBuf),(afxFcc_BUF)))))
    SuccesszglInterop_WGL.c:1447
API ERROR HIGH 1280 GL error GL_INVALID_ENUMzglDrawBridge_W32.c:995
GL: INVAL_PARAMzglDrawBridge_W32.c:964
zglDrawBridge_W32.c:964
((!1) || ((&dpu->activeVin->bindings.idxSrcBuf) && !(_AfxAssertObjects((1), (afxObject const*)(&dpu->activeVin->bindings.idxSrcBuf),(afxFcc_BUF)))))
    SuccesszglInterop_WGL.c:1447
API ERROR HIGH 1280 GL error GL_INVALID_ENUMzglDrawBridge_W32.c:995
GL: INVAL_PARAMzglDrawBridge_W32.c:964
zglDrawBridge_W32.c:964
((!1) || ((&dpu->activeVin->bindings.idxSrcBuf) && !(_AfxAssertObjects((1), (afxObject const*)(&dpu->activeVin->bindings.idxSrcBuf),(afxFcc_BUF)))))
    SuccesszglInterop_WGL.c:1447
API ERROR HIGH 1280 GL error GL_INVALID_ENUMzglDrawBridge_W32.c:995
GL: INVAL_PARAMzglDrawBridge_W32.c:964
zglDrawBridge_W32.c:964
((!1) || ((&dpu->activeVin->bindings.idxSrcBuf) && !(_AfxAssertObjects((1), (afxObject const*)(&dpu->activeVin->bindings.idxSrcBuf),(afxFcc_BUF)))))
    SuccesszglInterop_WGL.c:1447
API ERROR HIGH 1280 GL error GL_INVALID_ENUMzglDrawBridge_W32.c:995
GL: INVAL_PARAMzglDrawBridge_W32.c:964
zglDrawBridge_W32.c:964
((!1) || ((&dpu->activeVin->bindings.idxSrcBuf) && !(_AfxAssertObjects((1), (afxObject const*)(&dpu->activeVin->bindings.idxSrcBuf),(afxFcc_BUF)))))
    SuccesszglInterop_WGL.c:1447
API ERROR HIGH 1280 GL error GL_INVALID_ENUMzglDrawBridge_W32.c:995
GL: INVAL_PARAMzglDrawBridge_W32.c:964
zglDrawBridge_W32.c:964
((!1) || ((&dpu->activeVin->bindings.idxSrcBuf) && !(_AfxAssertObjects((1), (afxObject const*)(&dpu->activeVin->bindings.idxSrcBuf),(afxFcc_BUF)))))
    SuccesszglInterop_WGL.c:1447
API ERROR HIGH 1280 GL error GL_INVALID_ENUMzglDrawBridge_W32.c:995
GL: INVAL_PARAMzglDrawBridge_W32.c:964
zglDrawBridge_W32.c:964
((!1) || ((&dpu->activeVin->bindings.idxSrcBuf) && !(_AfxAssertObjects((1), (afxObject const*)(&dpu->activeVin->bindings.idxSrcBuf),(afxFcc_BUF)))))
    SuccesszglInterop_WGL.c:1447
API ERROR HIGH 1280 GL error GL_INVALID_ENUMzglDrawBridge_W32.c:995
GL: INVAL_PARAMzglDrawBridge_W32.c:964
zglDrawBridge_W32.c:964
((!1) || ((&dpu->activeVin->bindings.idxSrcBuf) && !(_AfxAssertObjects((1), (afxObject const*)(&dpu->activeVin->bindings.idxSrcBuf),(afxFcc_BUF)))))
    SuccesszglInterop_WGL.c:1447
API ERROR HIGH 1280 GL error GL_INVALID_ENUMzglDrawBridge_W32.c:995
GL: INVAL_PARAMzglDrawBridge_W32.c:964
zglDrawBridge_W32.c:964
((!1) || ((&dpu->activeVin->bindings.idxSrcBuf) && !(_AfxAssertObjects((1), (afxObject const*)(&dpu->activeVin->bindings.idxSrcBuf),(afxFcc_BUF)))))
    SuccesszglInterop_WGL.c:1447
API ERROR HIGH 1280 GL error GL_INVALID_ENUMzglDrawBridge_W32.c:995
GL: INVAL_PARAMzglDrawBridge_W32.c:964
zglDrawBridge_W32.c:964
((!1) || ((&dpu->activeVin->bindings.idxSrcBuf) && !(_AfxAssertObjects((1), (afxObject const*)(&dpu->activeVin->bindings.idxSrcBuf),(afxFcc_BUF)))))
    SuccesszglInterop_WGL.c:1447
API ERROR HIGH 1280 GL error GL_INVALID_ENUMzglDrawBridge_W32.c:995
GL: INVAL_PARAMzglDrawBridge_W32.c:964
zglDrawBridge_W32.c:964
((!1) || ((&dpu->activeVin->bindings.idxSrcBuf) && !(_AfxAssertObjects((1), (afxObject const*)(&dpu->activeVin->bindings.idxSrcBuf),(afxFcc_BUF)))))
    SuccesszglInterop_WGL.c:1447
API ERROR HIGH 1280 GL error GL_INVALID_ENUMzglDrawBridge_W32.c:995
GL: INVAL_PARAMzglDrawBridge_W32.c:964
zglDrawBridge_W32.c:964
((!1) || ((&dpu->activeVin->bindings.idxSrcBuf) && !(_AfxAssertObjects((1), (afxObject const*)(&dpu->activeVin->bindings.idxSrcBuf),(afxFcc_BUF)))))
    SuccesszglInterop_WGL.c:1447
API ERROR HIGH 1280 GL error GL_INVALID_ENUMzglDrawBridge_W32.c:995
GL: INVAL_PARAMzglDrawBridge_W32.c:964
zglDrawBridge_W32.c:964
((!1) || ((&dpu->activeVin->bindings.idxSrcBuf) && !(_AfxAssertObjects((1), (afxObject const*)(&dpu->activeVin->bindings.idxSrcBuf),(afxFcc_BUF)))))
    SuccesszglInterop_WGL.c:1447
API ERROR HIGH 1280 GL error GL_INVALID_ENUMzglDrawBridge_W32.c:995
GL: INVAL_PARAMzglDrawBridge_W32.c:964
zglDrawBridge_W32.c:964
((!1) || ((&dpu->activeVin->bindings.idxSrcBuf) && !(_AfxAssertObjects((1), (afxObject const*)(&dpu->activeVin->bindings.idxSrcBuf),(afxFcc_BUF)))))
    SuccesszglInterop_WGL.c:1447
API ERROR HIGH 1280 GL error GL_INVALID_ENUMzglDrawBridge_W32.c:995
GL: INVAL_PARAMzglDrawBridge_W32.c:964
zglDrawBridge_W32.c:964
((!1) || ((&dpu->activeVin->bindings.idxSrcBuf) && !(_AfxAssertObjects((1), (afxObject const*)(&dpu->activeVin->bindings.idxSrcBuf),(afxFcc_BUF)))))
    SuccesszglInterop_WGL.c:1447
API ERROR HIGH 1280 GL error GL_INVALID_ENUMzglDrawBridge_W32.c:995
GL: INVAL_PARAMzglDrawBridge_W32.c:964
zglDrawBridge_W32.c:964
((!1) || ((&dpu->activeVin->bindings.idxSrcBuf) && !(_AfxAssertObjects((1), (afxObject const*)(&dpu->activeVin->bindings.idxSrcBuf),(afxFcc_BUF)))))
    SuccesszglInterop_WGL.c:1447
API ERROR HIGH 1280 GL error GL_INVALID_ENUMzglDrawBridge_W32.c:995
GL: INVAL_PARAMzglDrawBridge_W32.c:964
zglDrawBridge_W32.c:964
((!1) || ((&dpu->activeVin->bindings.idxSrcBuf) && !(_AfxAssertObjects((1), (afxObject const*)(&dpu->activeVin->bindings.idxSrcBuf),(afxFcc_BUF)))))
    SuccesszglInterop_WGL.c:1447
API ERROR HIGH 1280 GL error GL_INVALID_ENUMzglDrawBridge_W32.c:995
GL: INVAL_PARAM