
 afxDebug_w32.c:360
  AfxAttachDebugTerminal()
      ::::::::  :::       :::     :::     :::::::::  :::::::::   ::::::::      
     :+:    :+: :+:       :+:   :+: :+:   :+:    :+: :+:    :+: :+:    :+:     
     +:+    +:+ +:+       +:+  +:+   +:+  +:+    +:+ +:+    +:+ +:+    +:+     
     +#+    +:+ +#+  +:+  +#+ +#++:++#++: +#+    +:+ +#++:++#:  +#+    +:+     
     +#+  # +#+ +#+ +#+#+ +#+ +#+     +#+ +#+    +#+ +#+    +#+ +#+    +#+     
     #+#   +#+   #+#+# #+#+#  #+#     #+# #+#    #+# #+#    #+# #+#    #+#     
      ###### ###  ###   ###   ###     ### #########  ###    ###  ########      
                                                                               
              Q W A D R O   E X E C U T I O N   E C O S Y S T E M              
                                                                               
                               Public Test Build                               
                   (c) 2017 SIGMA, Engineering In Technology                   
                                www.sigmaco.org                                
                                                                               
Booting up Qwadro Execution Ecosystem...
 Installing Qwadro Execution Ecosystem at 508042a0...
 ERR afxConfig.c:216?AfxIniLoadFromFile
  1: Section 'BasedOn="E:\qwadro\afx"' missing ']' operator.
 Installing Thread Execution Unit at 004e37c8 by 004e3088...
 Entering the Thread Execution Environment 2328
 Installing Memory Management Unit at 004e309c by 004e3088...
 Installing Thread at 004e36fc by 004e3088...
 Installing Device at 004e3894 by 004e3088...
 Installing Autonomous Service at 004e3960 by 004e3088...
 Installing I/O Stream at 004e3a2c by 004e3088...
 Installing Codec at 004e3af8 by 004e3088...
 Installing Archive at 004e3c90 by 004e3088...
 Installing Executable & Linkable Module at 004e3234 by 004e3088...
 Installing Installable Client Driver at 004e3300 by 004e3088...
 Installing File System at 004e3d5c by 004e3088...
 Installing Human Input Device at 004e33cc by 004e3088 over 004e3894...
 Installing Keyboard at 004e3498 by 004e3088 over 004e33cc...
 Installing Mouse at 004e3564 by 004e3088 over 004e33cc...
 Installing Controller at 004e3630 by 004e3088 over 004e33cc...
 Installing String Catalog at 004e3168 by 004e3088...
 [!] afxSystem_w32.c:458?_AfxSysCtor
  Memory page size: 4096
 [!] afxSystem_w32.c:459?_AfxSysCtor
  Logical processor count: 1
 Mounting file system... <.>(''),5
 Mounting file system... <system>('system'),5
 ERR afxFileSystem.c:152?AfxResolveUris
  
 ERR afxFileSystem.c:210?AfxResolveUri
  
 Opening file... <system>('system'),5
 ERR afxFile.c:559?AfxOpenFile
  
 ERR afxArchive.c:650?AfxOpenArchive
  
 ERR afxFileSystem.c:315?AfxMountFileSystem
  
 ERR afxSystem_w32.c:235?_AfxSysMountDefaultFileStorages
  
 ERR afxSystem_w32.c:475?_AfxSysCtor
  
 Dismounting String Catalog :  class... (004e3168)
 Dismounting Controller :  class... (004e3630)
 Dismounting Mouse :  class... (004e3564)
 Dismounting Keyboard :  class... (004e3498)
 Dismounting Human Input Device :  class... (004e33cc)
 Dismounting File System :  class... (004e3d5c)