Booting...
Mounting... <//./z/>(''),5Mounting... <//./z/>('E:\qwadro\repo\bangitk\system'),5Mounting... <//./z/>('E:\qwadro\repo\bangitk\system32'),7Mounting... <//./z/>('E:\qwadro\repo\bangitk\system32d'),7Mounting... <//./c/>('C:\Windows\SysWow64'),5Loading... <e2coree.dll>Memory page Size: 4096HW threading: 2Loading... <e2draw.dll>Loading... <e2combo.dll>Loading... <e2sound.dll>Loading... <e2mmux.dll>Loading... <//./z////eaxzal1.dll>Installing... <eaxzal1>	<//./eaxzal1/>("")  0.0.0 Loading... <//./z////galileo.dll>Installing... <galileo>	<//./galileo/>("")  0.0.0 Loading... <//./z////tarzgl4.dll>Installing... <tarzgl4>	<//./tarzgl3/>("")  0.0.0 	<//./tarzgl4/>("")  0.0.0 Loading... <//./z////winsh4d.dll>Installing... <winsh4d>Mounting... <//./d/>('E:\qwadro\repo\bangitk\system'),7	<//./dwm/>("")  0.0.0 	<//./kbd/>("")  0.0.0 	<//./mse/>("")  0.0.0 	<//./gpad/>("")  0.0.0 Entering the Thread Execution Environment 3888
Loading... <//./c/opengl32.dll>Listing mem available display devices...
#0 = Intel(R) HD Graphics (\\.\DISPLAY1) 8080005#1 = RDPDD Chained DD (\\.\DISPLAYV1) 200008#2 = RDP Encoder Mirror Driver (\\.\DISPLAYV2) 200008#3 = RDP Reflector Display Driver (\\.\DISPLAYV3) 200008zglInterop_WGL.c:1534
GL: INVAL_PARAMzglInterop_WGL.c:1549
GL: INVAL_PARAMzglInterop_WGL.c:1560
GL: INVAL_PARAMzglInterop_WGL.c:1592
GL: INVAL_PARAMzglInterop_WGL.c:1623
GL: INVAL_PARAMzglInterop_WGL.c:1625
GL: INVAL_PARAMzglInterop_WGL.c:1782
GL: INVAL_PARAMzglInterop_WGL.c:1785
GL: INVAL_PARAMzglInterop_WGL.c:1790
GL: INVAL_PARAMzglInterop_WGL.c:1795
GL: INVAL_PARAMEntering the Thread Execution Environment 7756
Starting 7756 on thread execution unit #2...Entering the Thread Execution Environment 3888
Running... 05229a60#7756 --- null:500Entering the Thread Execution Environment 7756
SIGMA GL/2 Draw Execution Unit 000
	Intel(R) HD Graphics 3.2.0 - Build 10.18.10.5129Entering the Thread Execution Environment 3888
afxClass.c:910
afxClass.c:910
(cfg->fcc)
    SuccessafxClass.c:933
afxClass.c:933
(cfg->name && cfg->name[0])
    SuccessEntering the Thread Execution Environment 1376
Starting 1376 on thread execution unit #3...Entering the Thread Execution Environment 3888
Running... 05229c00#1376 --- null:500Loading... <//./c/openal32.dll>Entering the Thread Execution Environment 1376
SIGMA GL/2 Draw Execution Unit 000
	Intel(R) HD Graphics 3.2.0 - Build 10.18.10.5129Entering the Thread Execution Environment 3456
Starting 3456 on thread execution unit #4...Entering the Thread Execution Environment 3888
Running... 05958f00#3456 --- null:399Entering the Thread Execution Environment 3456
Sound Execution Unit .Entering the Thread Execution Environment 3888
Mounting... <//./d/>('E:\qwadro\repo\bangitk\tmp'),7Entering the Thread Execution Environment 3456
Loading... <//./c/openal32.dll>Entering the Thread Execution Environment 3888
afxDrawOutput.c:92
afxDrawOutput.c:92
((!1) || ((&ddev) && !(_AfxAssertObjects((1), (afxObject const*)(&ddev),(afxFcc_DDEV)))))
    SuccesszglDrawOutput_GDI.c:374
zglDrawOutput_GDI.c:374
((!1) || ((&ddev) && !(_AfxAssertObjects((1), (afxObject const*)(&ddev),(afxFcc_DDEV)))))
    Success