Booting...
Mounting... <//./z/>(''),5Mounting... <//./z/>('E:\qwadro\repo\bangitk\system'),5Mounting... <//./z/>('E:\qwadro\repo\bangitk\system32'),7Mounting... <//./z/>('E:\qwadro\repo\bangitk\system32d'),7Mounting... <//./c/>('C:\Windows\SysWow64'),5Loading... <e2coree.dll>Memory page Size: 4096HW threading: 2Loading... <e2draw.dll>Loading... <e2combo.dll>Loading... <e2sound.dll>Loading... <e2mmux.dll>Loading... <//./z////eaxzal1.dll>Installing... <eaxzal1>	<//./eaxzal1/>("")  0.0.0 Loading... <//./z////galileo.dll>Installing... <galileo>	<//./galileo/>("")  0.0.0 Loading... <//./z////tarzgl4.dll>Installing... <tarzgl4>Loading... <//./c/opengl32.dll>Listing mem available display devices...
#0 = Intel(R) HD Graphics (\\.\DISPLAY1) 8080005#1 = RDPDD Chained DD (\\.\DISPLAYV1) 200008#2 = RDP Encoder Mirror Driver (\\.\DISPLAYV2) 200008#3 = RDP Reflector Display Driver (\\.\DISPLAYV3) 200008zglInterop_WGL.c:1537
GL: INVAL_PARAMzglInterop_WGL.c:1552
GL: INVAL_PARAMzglInterop_WGL.c:1563
GL: INVAL_PARAMzglInterop_WGL.c:1595
GL: INVAL_PARAMzglInterop_WGL.c:1626
GL: INVAL_PARAMzglInterop_WGL.c:1628
GL: INVAL_PARAMzglInterop_WGL.c:1785
GL: INVAL_PARAMzglInterop_WGL.c:1788
GL: INVAL_PARAMzglInterop_WGL.c:1793
GL: INVAL_PARAMzglInterop_WGL.c:1798
GL: INVAL_PARAMLoading... <//./c/opengl32.dll>Listing mem available display devices...
#0 = Intel(R) HD Graphics (\\.\DISPLAY1) 8080005#1 = RDPDD Chained DD (\\.\DISPLAYV1) 200008#2 = RDP Encoder Mirror Driver (\\.\DISPLAYV2) 200008#3 = RDP Reflector Display Driver (\\.\DISPLAYV3) 200008zglInterop_WGL.c:1537
GL: INVAL_PARAMzglInterop_WGL.c:1552
GL: INVAL_PARAMzglInterop_WGL.c:1563
GL: INVAL_PARAMzglInterop_WGL.c:1595
GL: INVAL_PARAMzglInterop_WGL.c:1626
GL: INVAL_PARAMzglInterop_WGL.c:1628
GL: INVAL_PARAMzglInterop_WGL.c:1785
GL: INVAL_PARAMzglInterop_WGL.c:1788
GL: INVAL_PARAMzglInterop_WGL.c:1793
GL: INVAL_PARAMzglInterop_WGL.c:1798
GL: INVAL_PARAM	<//./tarzgl3/>("")  0.0.0 	<//./tarzgl4/>("")  0.0.0 Loading... <//./z////winsh4d.dll>Installing... <winsh4d>Mounting... <//./d/>('E:\qwadro\repo\bangitk\system'),7	<//./dwm/>("")  0.0.0 	<//./kbd/>("")  0.0.0 	<//./mse/>("")  0.0.0 	<//./gpad/>("")  0.0.0 Entering the Thread Execution Environment 5372
Starting 5372 on thread execution unit #2...Entering the Thread Execution Environment 2368
Running... 05005220#5372 --- null:195Entering the Thread Execution Environment 5372
SIGMA GL/2 Draw Execution Unit 000
	Intel(R) HD Graphics 3.2.0 - Build 10.18.10.5129Entering the Thread Execution Environment 2368
afxClass.c:912
afxClass.c:912
(cfg->fcc)
    SuccessafxClass.c:935
afxClass.c:935
(cfg->name && cfg->name[0])
    SuccessRunning... 050053c0#5788 --- null:195Entering the Thread Execution Environment 5788
Starting 5788 on thread execution unit #3...Entering the Thread Execution Environment 2368
Loading... <//./c/openal32.dll>Entering the Thread Execution Environment 5788
SIGMA GL/2 Draw Execution Unit 000
	Intel(R) HD Graphics 3.2.0 - Build 10.18.10.5129Entering the Thread Execution Environment 2368
Running... 05746d20#8172 --- null:399Mounting... <//./d/>('E:\qwadro\repo\bangitk\tmp'),7Entering the Thread Execution Environment 8172
Starting 8172 on thread execution unit #4...Sound Execution Unit .Loading... <//./c/openal32.dll>Entering the Thread Execution Environment 5372
GPU RO 05985d90 ready. de1, 8058, [512,256,1]GPU buffer 052a8f20 ready. 34962, 2, 4GPU buffer 052a8fb0 ready. 34963, 3, 8GPU RO 05970ae0 ready. de1, 8058, [675,330,1]GPU RO 05880630 ready. de1, 8cac, [675,330,1]avxCanvas 05961780 hardware-side data instanced.avxPipeline 05985300 hardware-side data instanced.Hardware-side sampler 05984020 ready.GPU RO 05961980 ready. de1, 8058, [675,330,1]GPU RO 0596e4f0 ready. de1, 8cac, [675,330,1]avxCanvas 05961810 hardware-side data instanced.GPU RO 0596e5e0 ready. de1, 8058, [675,330,1]GPU RO 0596e6c0 ready. de1, 8cac, [675,330,1]avxCanvas 059618a0 hardware-side data instanced.