Booting...
Acquiring...  Thread Execution Unit 9056 @ afxSystem_w32.c:447Mounting... <//./z/>(''),5Mounting... <//./z/>('E:\qwadro\repo\bangitk\system'),5Mounting... <//./z/>('E:\qwadro\repo\bangitk\system32'),7Mounting... <//./z/>('E:\qwadro\repo\bangitk\system32d'),7Mounting... <//./c/>('C:\Windows\SysWow64'),5Loading... Executable And Linkage Module <e2coree.dll>Memory Page Size: 4096HW Threading Capacity: 2Loading... Executable And Linkage Module <e2draw.dll>Loading... Executable And Linkage Module <e2combo.dll>Loading... Executable And Linkage Module <e2sound.dll>Loading... Executable And Linkage Module <e2mmux.dll>Loading... Executable And Linkage Module <//./z/eaxzal1.dll>Loading... Installable Client Driver <//./z//eaxzal1.dll>	<//./amigal1/>("")  0.0.0 Loading... Executable And Linkage Module <//./z/galileo.dll>Loading... Installable Client Driver <//./z//galileo.dll>	<//./combo/>("")  0.0.0 Loading... Executable And Linkage Module <//./z/tarzgl4.dll>Loading... Installable Client Driver <//./z//tarzgl4.dll>	<//./targl3/>("")  0.0.0 	<//./targl4/>("")  0.0.0 Loading... Executable And Linkage Module <//./z/winsh4d.dll>Loading... Installable Client Driver <//./z//winsh4d.dll>Mounting... <//./d/>('E:\qwadro\repo\bangitk\system'),7	<//./dwm/>("")  0.0.0 	<//./kbd/>("")  0.0.0 	<//./mse/>("")  0.0.0 	<//./gpad/>("")  0.0.0 Entering the Thread Execution Environment 9056
Loading... Executable And Linkage Module <//./c/opengl32.dll>Listing mem available display devices...
#0 = Intel(R) HD Graphics (\\.\DISPLAY17) 8080005#1 = RDPDD Chained DD (\\.\DISPLAYV1) 200008#2 = RDP Encoder Mirror Driver (\\.\DISPLAYV2) 200008#3 = RDP Reflector Display Driver (\\.\DISPLAYV3) 200008zglInterop_WGL32.c:1559
GL: INVAL_PARAMzglInterop_WGL32.c:1561
GL: INVAL_PARAMzglInterop_WGL32.c:1659
GL: INVAL_PARAMzglInterop_WGL32.c:1688
GL: INVAL_PARAMzglInterop_WGL32.c:1761
GL: INVAL_PARAMzglInterop_WGL32.c:1764
GL: INVAL_PARAMzglInterop_WGL32.c:1769
GL: INVAL_PARAMzglInterop_WGL32.c:1774
GL: INVAL_PARAMAcquiring...  Thread Execution Unit 0 @ zglDrawBridge.c:1847Entering the Thread Execution Environment 2792
Starting 2792 on thread execution unit #1...Entering the Thread Execution Environment 9056
Reopening... <//./z/video/uvOutTristripQuad.vsh>Entering the Thread Execution Environment 2792
SIGMA GL/2 Draw Execution Unit 000
	Intel(R) HD Graphics 3.2.0 - Build 10.18.10.5129Entering the Thread Execution Environment 9056
Reopening... <//./z/video/stdEnv.inc>Reopening... <//./z/video/sampleOutRgba2d.fsh>Reopening... <//./z/video/stdEnv.inc>afxClass.c:898
afxClass.c:898
(cfg->fcc)
    InvalidafxClass.c:921
afxClass.c:921
(cfg->name && cfg->name[0])
    InvalidMounting... <//./d/>('E:\qwadro\repo\bangitk\tmp'),7Mounting... <//./a/>('E:\qwadro\repo\bangitk\art'),5afxDrawOutput.c:225
afxDrawOutput.c:225
(whd[0])(952) is out of range [1, 255667374]afxDrawOutput.c:226
afxDrawOutput.c:226
(whd[1])(506) is out of range [1, 255667429]Window_W32.c:692
afxWindow.c:186
afxWindow.c:295
afxDrawOutput 000 readapted. 1920x1080 @ 60.000000Hz <1.777778r, 1.776903p>Reopening... <../data/pipeline/test/test.xsh.xml>Entering the Thread Execution Environment 2792
Hardware-side buffer 045b5448 ready. 34962, 1, 4Entering the Thread Execution Environment 9056
../data/pipeline/test/test.vsh../data/pipeline/test/test.fshReopening... <../data/pipeline/test/test.vsh>Reopening... <../data/pipeline/stdEnv.inc>Reopening... <../data/pipeline/stdView.inc>Reopening... <../data/pipeline/test/test.fsh>Reopening... <../data/pipeline/stdEnv.inc>Reopening... <../art/skybox/purple/right.tga>Entering the Thread Execution Environment 2792
Hardware-side raster 00721470 ready. 8c1a, 8051, [2048,2048,6]Entering the Thread Execution Environment 9056
Reopening... <../art/skybox/purple/left.tga>Reopening... <../art/skybox/purple/bottom.tga>Reopening... <../art/skybox/purple/top.tga>Reopening... <../art/skybox/purple/front.tga>Reopening... <../art/skybox/purple/back.tga>Reopening... <../data/pipeline/skybox/skybox.xsh.xml>../data/pipeline/skybox/skybox.vshNode 'DepthWriteEnabled' not handled.../data/pipeline/skybox/sampleOutRgbaCube.fshReopening... <../data/pipeline/skybox/skybox.vsh>Entering the Thread Execution Environment 2792
Hardware-side buffer 045b4dd0 ready. 34962, 2, 4Entering the Thread Execution Environment 9056
Reopening... <../data/pipeline/stdEnv.inc>Reopening... <../data/pipeline/stdView.inc>Reopening... <../data/pipeline/skybox/sampleOutRgbaCube.fsh>Reopening... <../data/pipeline/stdEnv.inc>Reopening... <../data/pipeline/body/body.xsh.xml>../data/pipeline/body/rigidBody.vshNode 'DepthWriteEnabled' not handled.../data/pipeline/body/body.fsh../data/pipeline/body/skinnedBody.vshNode 'DepthWriteEnabled' not handled.../data/pipeline/body/body.fshReopening... <../data/pipeline/body/rigidBody.vsh>Reopening... <../data/pipeline/stdEnv.inc>Reopening... <../data/pipeline/stdView.inc>Reopening... <../data/pipeline/stdObject.inc>Reopening... <../data/pipeline/body/body.fsh>Reopening... <../data/pipeline/stdEnv.inc>Reopening... <../data/pipeline/stdView.inc>Reopening... <../data/pipeline/stdMaterial.inc>afxString.c:490
afxString.c:490
(effectiveRange == len2)
    InvalidReopening... <../data/pipeline/body/skinnedBody.vsh>Reopening... <../data/pipeline/stdEnv.inc>Reopening... <../data/pipeline/stdView.inc>Reopening... <../data/pipeline/stdObject.inc>afxString.c:490
afxString.c:490
(effectiveRange == len2)
    InvalidafxString.c:490
afxString.c:490
(effectiveRange == len2)
    InvalidReopening... <../data/pipeline/body/body.fsh>Reopening... <../data/pipeline/stdEnv.inc>Reopening... <../data/pipeline/stdView.inc>Reopening... <../data/pipeline/stdMaterial.inc>afxString.c:490
afxString.c:490
(effectiveRange == len2)
    InvalidReopening... <../data/pipeline/testLighting/testLighting.xsh.xml>../data/pipeline/testLighting/testLightingBlinn.vshNode 'Transformer' not handled.../data/pipeline/testLighting/testLightingBlinn.fshReopening... <../data/pipeline/testLighting/testLightingBlinn.vsh>Reopening... <../data/pipeline/stdEnv.inc>Reopening... <../data/pipeline/stdView.inc>Reopening... <../data/pipeline/stdObject.inc>Reopening... <../data/pipeline/testLighting/testLightingBlinn.fsh>Reopening... <../data/pipeline/stdEnv.inc>Reopening... <../data/pipeline/stdView.inc>Reopening... <../data/pipeline/stdMaterial.inc>afxString.c:490
afxString.c:490
(effectiveRange == len2)
    InvalidReopening... <../data/pipeline/tutCamUtil/tutCamUtil.xsh.xml>../data/pipeline/tutCamUtil/tutCamUtilRigid.vshNode 'DepthWriteEnabled' not handled.../data/pipeline/tutCamUtil/tutCamUtil.fsh../data/pipeline/tutCamUtil/tutCamUtilSkinned.vshNode 'DepthWriteEnabled' not handled.../data/pipeline/tutCamUtil/tutCamUtil.fshReopening... <../data/pipeline/tutCamUtil/tutCamUtilRigid.vsh>Reopening... <../data/pipeline/stdEnv.inc>Reopening... <../data/pipeline/stdView.inc>Reopening... <../data/pipeline/stdObject.inc>Reopening... <../data/pipeline/tutCamUtil/tutCamUtil.fsh>Reopening... <../data/pipeline/stdEnv.inc>afxString.c:490
afxString.c:490
(effectiveRange == len2)
    InvalidReopening... <../data/pipeline/tutCamUtil/tutCamUtilSkinned.vsh>Reopening... <../data/pipeline/stdEnv.inc>Reopening... <../data/pipeline/stdView.inc>Reopening... <../data/pipeline/stdObject.inc>Reopening... <../data/pipeline/tutCamUtil/tutCamUtil.fsh>Reopening... <../data/pipeline/stdEnv.inc>afxString.c:490
afxString.c:490
(effectiveRange == len2)
    InvalidReopening... <../data/pipeline/lighting/lighting.xsh.xml>../data/pipeline/lighting/lighting.vshNode 'DepthWriteEnabled' not handled.../data/pipeline/lighting/lighting.fshReopening... <../data/pipeline/lighting/lighting.vsh>Reopening... <../data/pipeline/stdEnv.inc>Reopening... <../data/pipeline/stdView.inc>Reopening... <../data/pipeline/stdObject.inc>Reopening... <../data/pipeline/lighting/lighting.fsh>Reopening... <../data/pipeline/stdEnv.inc>Reopening... <../data/pipeline/stdView.inc>Reopening... <../data/pipeline/stdMaterial.inc>afxString.c:490
afxString.c:490
(effectiveRange == len2)
    InvalidEntering the Thread Execution Environment 2792
Hardware-side buffer 045c35a8 ready. 34962, 3, 4Entering the Thread Execution Environment 9056
Rigid Mesh <> assembled at 045d34e8.
    1089 vertices with 2 attributes.
    1 triangles (4 bytes per index) arranged in 1 surfaces.
    Listing 1 biases..:      0 <>   0afxGeometry.c:105
afxGeometry.c:105
<attrIdx>0 + <1>1 is out of capacity <geo->attrCnt>0.