Booting up the Qwadro Execution Ecosystem...
malign 6739B0
realign 695400
malign 673A80
afxManifest.c:327
1: Section 'BasedOn="E:\qwadro\afx"' missing ']' operator.realign 6A3EE0
realign 695450
malign 6739B0
realign 6A26E0
realign 6A3FC0
realign 6A4FA0
realign 6739B0
realign 6A27B0
realign 6739B0
realign 6A27B0
realign 6A4FA0
realign 6A5070
realign 6A5150
malign 6A27B0
realign 6739B0
realign 6A4FA0
realign 6A5090
realign 6A5180
realign 6A4FA0
realign 6A50A0
malign 6A27B0
realign 6A4FA0
realign 6A51A0
Acquiring thread...  3760 "afxSystem_w32.c:523"realign 695450
malign 6A52B0
malign 6A55B0
realign 6954A0
malign 6A5980
Mounting... <.>('E:/qwadro/afx///'),5malign 6A2630
malign 698E00
Mounting... <system>('E:/qwadro/afx//system/'),5malign 6A27B0
malign 6A3FC0
Mounting... <system>('E:/qwadro/afx//system32/'),7malign 6A5070
malign 6A4020
Mounting... <system>('E:/qwadro/afx//system32d/'),7malign 6A50E0
malign 6A4080
Mounting... <//./c/>('C:\'),7malign 6A5C80
malign 6904B0
Mounting... <//./e/>('E:\'),7malign 6A5CF0
malign 6904F0
Mounting... <//./f/>('F:\'),7malign 6A5D60
malign 690540
Mounting... <//./g/>('G:\'),7malign 6A5DD0
malign 690580
realign 6A40E0
malign 6A36B0
Mounting... <//./h/>('H:\'),7malign 6A5E50
malign 6905D0
Mounting... <//./i/>('I:\'),7malign 6A5EC0
malign 690610
Loading module... <e2coree.dll>realign 6954A0
malign 6A39B0
Memory page size: 4096Logical processor count: 2Doing the AVX start up...Loading module... <e2draw>malign 6A6E40
realign 6A3C10
realign 6954F0
malign 6A6E40
realign 6A3CE0
realign 698E60
realign 6A6E40
realign 6A5F30
realign 68B660
realign 6A6E40
realign 6A3DA0
realign 6A3E40
realign 6A6E40
realign 6A3DA0
realign 6A7FE0
realign 6A3DA0
realign 6A7FE0
realign 6A3DA0
realign 6A7FE0
realign 6A3DA0
realign 6A7FE0
realign 6A8130
realign 6A3CE0
malign 6A6E40
realign 6A3DF0
realign 6A8130
malign 6A6E40
realign 6A3CE0
realign 6A8240
realign 6A8360
realign 6A8130
realign 6A8260
realign 6A83A0
realign 6A8130
realign 6A8280
realign 6A83E0
realign 6A8130
realign 6A82A0
realign 6A8430
realign 6A8130
realign 6A8270
realign 6A8410
realign 6A85C0
realign 6A8270
realign 6A8450
realign 6A8630
realign 6A8270
realign 6A8470
malign 6A3C10
realign 6A3D90
realign 6954F0
malign 6A3C10
realign 6A8E70
realign 698E60
realign 6A3E50
realign 6A5F30
realign 68B660
realign 6A3C10
realign 6A8F40
realign 6A3C10
realign 6A8F40
realign 6A3C10
realign 6A8F40
realign 6A9010
realign 6A90F0
realign 6A8F40
realign 6A9030
realign 6A9120
realign 6A8F40
realign 6A9220
realign 6A9080
malign 6A8E70
realign 6A3C10
realign 6A9190
malign 6A8E70
realign 6A9080
realign 6A92B0
realign 6A9150
realign 6A9270
realign 6A93A0
realign 6A9150
realign 6A92B0
realign 6A9410
realign 6A9150
realign 6A92D0
realign 6A9460
realign 6A9150
realign 6A92F0
realign 6A9150
realign 6A9490
realign 6A9290
realign 6A9450
realign 6A9620
realign 6A9290
realign 6A9480
realign 6A9690
realign 6A9290
realign 6A94B0
realign 6A9680
realign 6A9080
realign 6A9680
malign 6A8E70
realign 6A9080
realign 6A9150
realign 6954F0
malign 6A9680
malign 6A9390
realign 6A4140
malign 6A9B10
realign 6A8E70
realign 695400
malign 6A9390
realign 6A9C10
realign 698E60
realign 6A3E50
realign 6A5F30
realign 68B660
realign 6A9390
realign 6A9CE0
realign 6A9390
realign 6A9CE0
realign 6A9390
realign 6A9CE0
realign 6A9390
realign 6A9CE0
realign 6A9390
realign 6A9CE0
realign 6A9390
realign 6A9CE0
realign 6A9E20
realign 6A9390
malign 6A9C10
realign 6A9E20
realign 6A9EF0
malign 6A9C10
realign 6A9390
realign 6AA010
realign 6A9EF0
realign 6AA010
realign 6AA140
realign 6A9EF0
realign 6AA050
realign 6AA1B0
realign 6A9EF0
realign 6AA070
realign 6AA200
realign 6A9EF0
realign 6AA090
realign 6A9EF0
realign 6AA230
realign 6AA030
realign 6AA1F0
realign 6AA3C0
realign 6AA030
realign 6AA220
realign 6AA430
realign 6AA030
realign 6AA250
realign 6AA420
realign 6A9EF0
realign 6AA420
malign 6A9C10
realign 6A9390
realign 6A9EF0
Loading module... <targl4.dll>realign 6A41A0
malign 6AA420
Installable client driver discovered.
	Device: TARGA Advanced Raster Graphics Adapter
	Driver: TARGA over OpenGL 4
	Version: 4.0.16385
	Provider: SIGMA Technology Group <https://sigmaco.org>
Doing the ASX start up...Doing the AUX start up...Loading module... <e2ux>malign 6AAC00
Acquiring HID at port 0realign 6DAC10
malign 6ED900
Mounting... <code>('E:/qwadro/afx//system/'),7malign 6BFE10
malign 6DE250
Entering the Thread Execution Environment 3760
realign 6DAC60
malign 6EDF90
malign 6A5150
malign 6EEFA0
malign 6EFFF0
malign 6E8530
realign 6DACB0
malign 6739B0
malign 6DAD00
realign 6DAD50
malign 6F0830
malign 6B5320
malign 6F0CC0
malign 6F1D00
malign 6C4A90
malign 6F2550
malign 6F3590
malign 6C4BE0
malign 6F3DE0
malign 6F4E20
Anihilating 3 lost <DrawQueue> objects.malign 68B760
Loading module... <opengl32.dll>realign 6D3F90
malign 6C4A90
Listing mem available display devices...
#0 = Intel(R) HD Graphics (\\.\DISPLAY1) 8080005#1 = RDPDD Chained DD (\\.\DISPLAYV1) 200008#2 = RDP Encoder Mirror Driver (\\.\DISPLAYV2) 200008#3 = RDP Reflector Display Driver (\\.\DISPLAYV3) 200008malign 6F3E60
Acquiring thread...  0 "sglDdev_w32.c:1005"malign 6F5C50
Entering the Thread Execution Environment 8412
Starting Thread Execution Unit 8412Entering the Thread Execution Environment 3760
Uploading pipeline 'system/video/sampleOutRgba.xsh.xml'Loading file... <system/video/sampleOutRgba.xsh.xml>('E:/qwadro/afx//system//video/sampleOutRgba.xsh.xml')realign 6DB020
malign 6C4D00
malign 6F9680
realign 6D4200
recoalign 6E8730
recoalign 6E8770
realign 6AD7B0
recoalign 6E87C0
recoalign 6E8800
malign 6D70E0
malign 6D7130
malign 6D7190
realign 6DB070
realign 6D71E0
realign 6B2000
recoalign 6E8800
recoalign 6E8850
malign 6D4200
realign 6DB0C0
realign 6FB4E0
recoalign 6E87C0
recoalign 6E8890
malign 6D4270
realign 6DB1B0
realign 6AF0D0
recoalign 6E8A00
recoalign 6E8A40
malign 6D42D0
malign 6D4340
malign 6D7130
realign 6DB2A0
realign 6D43A0
malign 6D4340
realign 6D71E0
realign 6FE8A0
recoalign 6E8A40
recoalign 6E8A90
malign 6D42D0
realign 6D70E0
malign 6D4410
realign 6DB1B0
realign 6FE9C0
recoalign 6E8730
recoalign 6E8AD0
malign 6D71E0
malign 6D7240
malign 6D7290
realign 6DB340
realign 702FA0
realign 701990
recoalign 6E8C40
recoalign 6E8C80
malign 6D43A0
realign 705C90
realign 707780
recoalign 6E8730
recoalign 6E8CD0
malign 6D4470
realign 70E940
realign 701990
recoalign 6E8D10
recoalign 6E8D60
malign 6D44E0
malign 6D4540
malign 6D7240
realign 712E30
realign 6AF150
malign 6D4540
realign 6D71E0
realign 717D10
recoalign 6E8D60
recoalign 6E8DA0
malign 6D44E0
realign 6D72F0
malign 6D45B0
realign 71B030
realign 701990
recoalign 6E8DF0
recoalign 6E8E30
malign 6D71E0
malign 6D7340
malign 6D73A0
realign 71CE30
realign 701B90
realign 722EE0
recoalign 6E8E30
recoalign 6E8E80
malign 6D4610
realign 71FC70
realign 7238F0
recoalign 6E8DF0
recoalign 6E8EC0
malign 6D4680
realign 725D20
realign 728B30
recoalign 6E8F10
recoalign 6E8F50
malign 729DB0
malign 729E10
malign 6D7340
realign 728750
realign 6AF150
malign 729DB0
realign 6D71E0
realign 701990
recoalign 6E8F50
recoalign 6E8FA0
malign 729E10
realign 6D73F0
malign 729E80
realign 6D71E0
realign 2511400
recoalign 6E91E0
recoalign 6E9220
realign 25126A0
recoalign 6E9270
recoalign 6E92B0
malign 729EE0
realign 71B030
realign 2512970
recoalign 6E91E0
recoalign 6E9300
malign 729F50
realign 72EF40
realign 2512C60
recoalign 6E9340
recoalign 7421B0
malign 729FB0
realign 6D7450
malign 72A020
realign 6D74A0
realign 25126A0
recoalign 742AB0
recoalign 745240
malign 6D7500
malign 6D7550
malign 6D75B0
realign 72EF40
realign 25115F0
realign 747E30
recoalign 745240
recoalign 7452D0
malign 72A080
realign 72EF90
realign 748190
recoalign 742AB0
recoalign 745310
malign 72A0F0
realign 72EFE0
realign 748510
recoalign 745360
recoalign 745280
malign 72A430
realign 6D7550
malign 72A490
realign 6DE4F0
realign 748010
recoalign 7453A0
recoalign 7453F0
realign 7483D0
recoalign 745430
recoalign 745480
malign 72A500
realign 72EFE0
realign 749FC0
recoalign 7453A0
recoalign 7454C0
malign 72A560
realign 72EF90
realign 748010
recoalign 745510
recoalign 745550
malign 72A5D0
realign 6D74A0
realign 748440
recoalign 7455A0
recoalign 7455E0
malign 72A630
realign 6D7500
malign 72A6A0
realign 6DE550
realign 749FC0
recoalign 745630
recoalign 745670
malign 6D74A0
malign 6D7600
malign 6D7660
realign 72EF90
realign 723A50
realign 748010
recoalign 745670
recoalign 7456C0
malign 72A700
realign 72EFE0
realign 749FC0
recoalign 745630
recoalign 745700
malign 72A770
realign 72F030
realign 748010
recoalign 745750
recoalign 745790
malign 72A7D0
realign 6D7600
realign 749FC0
recoalign 7457E0
recoalign 745820
malign 72A840
realign 6D74A0
malign 72A8A0
realign 72A910
malign 72A970
realign 748010
malign 748520
Node 'DepthWriteEnabled' not handled.../system/video/sampleOutRgba.xsh.xmlUploading pipeline '../system/video/sampleOutRgba.xsh.xml'afxStorage.c:203
afxStorage.c:223
Loading file... <../system/video/sampleOutRgba.xsh.xml>('../system/video/sampleOutRgba.xsh.xml')realign 6DB020
malign 6C4D00
malign 74A4D0
realign 72A9E0
recoalign 745870
recoalign 7458B0
realign 25115F0
recoalign 745900
recoalign 745940
malign 6D7600
malign 6D76B0
malign 702FA0
realign 72F030
realign 702FF0
realign 6B20B0
recoalign 745940
recoalign 745990
malign 72A9E0
realign 72EFE0
realign 6FB5C0
recoalign 745900
recoalign 7459D0
malign 72AA40
realign 72F080
realign 748520
recoalign 745A20
recoalign 745A60
malign 72AAB0
malign 72AB10
malign 6D76B0
realign 72EFE0
realign 72AB80
malign 72AB10
realign 702FF0
realign 748610
recoalign 745A60
recoalign 745AB0
malign 72AAB0
realign 703050
malign 72ABE0
realign 72F080
realign 748730
recoalign 745870
recoalign 745AF0
malign 702FF0
malign 7030A0
malign 703100
realign 72F0D0
realign 74C330
realign 748520
recoalign 745AF0
recoalign 745B40
malign 72AB80
realign 72F120
realign 748680
recoalign 745870
recoalign 745B80
malign 72AC50
realign 72F170
realign 74D310
recoalign 745BD0
recoalign 745C10
malign 72ACB0
malign 72AD20
malign 7030A0
realign 72F120
realign 25115F0
malign 72AD20
realign 702FF0
realign 748520
recoalign 745C10
recoalign 745C60
malign 72ACB0
realign 703150
Entering the Thread Execution Environment 8412
Creating transient OpenGL contextEntering the Thread Execution Environment 3760
malign 74D330
realign 72F170
realign 2574750
recoalign 745CA0
recoalign 745CF0
malign 702FF0
malign 7031B0
malign 703200
realign 72F080
realign 748520
realign 2574950
recoalign 745CF0
recoalign 745D30
malign 74D400
realign 72F1C0
realign 763830
recoalign 762F40
recoalign 2576060
malign 74D4D0
realign 72F210
realign 259ED30
recoalign 25766D0
recoalign 2576720
malign 74D5A0
malign 74D600
malign 76AB80
realign 72F3F0
realign 763990
malign 74D600
realign 76ABE0
realign 49022C0
recoalign 2576720
recoalign 25767B0
malign 4901480
realign 76AC30
malign 49014E0
realign 76ABE0
realign 4903950
recoalign 25767F0
recoalign 2576840
realign 4903BF0
recoalign 2576880
recoalign 25768D0
malign 4901550
realign 72F170
realign 4903EC0
recoalign 25767F0
recoalign 2576BE0
malign 4939180
realign 72F5D0
realign 4A2DDB0
recoalign 2576C70
Entering the Thread Execution Environment 8412
000 wglMakeContextCurrentARB core found.000 wglGetCurrentReadDCARB core found.000 wglCreateContextAttribsARB core found.000 wglChoosePixelFormatARB core found.000 wglSwapIntervalEXT core found.000 wglGetExtensionsStringARB core found.Entering the Thread Execution Environment 3760
recoalign 2576C30
malign 49393F0
realign 76B2C0
malign 4939450
realign 76B310
realign 4A2E0C0
recoalign 2576BA0
recoalign 2576D00
malign 76ABE0
malign 76B370
malign 76B3C0
realign 72F5D0
realign 4A30EC0
realign 4A2E400
recoalign 2576D00
recoalign 2576D50
malign 49394C0
realign 72F170
realign 4A2E760
recoalign 2576BA0
recoalign 2576D90
malign 4939520
realign 72F620
realign 4A2DDB0
recoalign 2576CC0
recoalign 2576DE0
malign 4939590
realign 76B370
malign 49395F0
realign 49148B0
realign 259D310
recoalign 2576E20
recoalign 2576E70
realign 4A2DDB0
recoalign 2576EB0
recoalign 2576F00
malign 4939660
realign 72F620
realign 4A2E1A0
recoalign 2576E20
recoalign 2576F40
malign 49396C0
realign 72F170
realign 4A2E5B0
recoalign 2576F90
recoalign 4A30FA0
malign 4939730
realign 76B310
realign 4A2DDB0
recoalign 4A30FE0
recoalign 4A31030
malign 4939790
realign 76ABE0
malign 4939800
realign 4914850
realign 4A2E200
recoalign 4A31070
recoalign 4A310C0
malign 76B310
malign 76B420
malign 76B470
realign 72F170
realign 4902470
realign 4A2E680
recoalign 4A310C0
recoalign 4A31100
malign 4939860
realign 72F620
realign 4A2DDB0
recoalign 4A31070
recoalign 4A31150
malign 49398D0
realign 72F670
realign 4A2E270
recoalign 4A31190
recoalign 4A311E0
malign 4939930
realign 76B420
realign 4A2A650
recoalign 4A31220
recoalign 4A31270
malign 49399A0
realign 76B310
malign 4939A00
realign 4939A70
malign 4939AD0
realign 4A2AB60
malign 763990
../system/video/uvOutTristripQuad.vsh../system/video/sampleOutRgba2d.fshrealign 72F170
malign 4A2B070
realign 72F5D0
malign 6C4D00
malign 68BDE0
realign 72F3F0
malign 4903FA0
malign 4939AD0
malign 4A2B2F0
afxStorage.c:203
afxStorage.c:223
Opening file... <../system/video/uvOutTristripQuad.vsh>('../system/video/uvOutTristripQuad.vsh'),1malign 4939A70
realign 72F080
malign 4A2DDB0
afxStorage.c:203
afxStorage.c:223
Opening file... <../system/video/stdEnv.inc>('../system/video/stdEnv.inc'),1malign 4914850
realign 4A26230
realign 4A26560
realign 4A30EC0
realign 6B1DF0
realign 6B1C90
realign 763990
realign 4A2B3F0
realign 763990
realign 4A2B3F0
realign 4A2F040
realign 4A2EF30
realign 4A2B3F0
realign 6DBC50
realign 4A2B3F0
realign 4A2D810
realign 4A2B3F0
realign 4A2D810
realign 4A2D970
realign 4A2DF20
realign 4A2D810
realign 6CEB90
realign 4A2D810
realign 4A2DF20
realign 4A2D810
realign 4A2DF20
realign 4A2D810
realign 4A2DF20
realign 4A2E2C0
realign 4A2E6B0
realign 4A2DF20
realign 4A2E340
realign 4A28190
realign 4A28680
realign 4A28B60
realign 4A28190
realign 4A28680
realign 4A28B80
realign 4A28190
realign 4A286A0
realign 4A28BB0
realign 4A28190
realign 4A28710
realign 4A2DF20
realign 4A2E4C0
realign 4A28190
malign 4A28770
#version 330 core // QWADRO. Engineered by SIGMA Technology Group.

#define afxInt int
#define afxNat uint

#define afxReal float

#define afxV2d vec2
#define afxV3d vec3
#define afxV4d vec4

#define afxM2d mat2
#define afxM3d mat3
#define afxM4d mat4

#define float2 vec2
#define float3 vec3
#define float4 vec4

#define IN(_location_, _type_, _name_) layout(location = _location_) in _type_ _name_ 
#define OUT(_location_, _type_, _name_) layout(location = _location_) out _type_ _name_ 
//#define UNIFORM(_set_, _binding_, _type_, _name_) uniform _type_ _name_ 
//#define MULTIFORM(_set_, _binding_, _type_, _name_, _count_) _type_ _name_[_count_] 

// ubo = std140, ssbo = std430
#define UNIFORM_UNIT(_set_, _binding_, _name_) layout(std140) uniform _name_ 
#define STORAGE_UNIT(_set_, _binding_, _access_, _name_) layout(std430) _access_ buffer _name_ 
#define SAMPLING_UNIT(_set_, _binding_, _type_, _name_) uniform _type_ _name_ 
#define PUSHABLE(_name_) layout(std140) uniform _name_

const vec4 gsQuadPos[4] = vec4[](vec4(-1, 1, 0, 1), vec4(-1,-1, 0, 1), vec4(1, 1, 0, 1), vec4(1,-1, 0, 1));
const vec2 gsQuadUv[4] = vec2[](vec2(0, 1), vec2(0, 0), vec2(1, 1), vec2(1, 0));

out block
{
    vec2 uv0;
} sgl_v;

void main()
{
    // draw a full coverage quad based on two tristripped triangles (4 indices). AfxDraw(0, 1, 0, 4)
    
    gl_Position = gsQuadPos[gl_VertexID];
    sgl_v.uv0 = gsQuadUv[gl_VertexID];
}
malign 4939A70
afxStorage.c:203
afxStorage.c:223
Opening file... <../system/video/sampleOutRgba2d.fsh>('../system/video/sampleOutRgba2d.fsh'),1malign 49399A0
realign 72F080
malign 4A28D40
afxStorage.c:203
afxStorage.c:223
Opening file... <../system/video/stdEnv.inc>('../system/video/stdEnv.inc'),1malign 4914850
realign 4A26560
realign 4A26230
realign 4A30EC0
realign 6B1C90
realign 6B1DF0
realign 763990
realign 4A2B3F0
realign 763990
realign 4A2B3F0
realign 4A2EF30
realign 4A2F040
realign 4A2B3F0
realign 6DBC50
realign 4A2B3F0
realign 4A28EB0
realign 4A2B3F0
realign 4A28EB0
realign 4A29020
realign 4A2D810
realign 4A28EB0
realign 6CEB90
realign 4A28EB0
realign 4A2D810
realign 4A28EB0
realign 4A2D810
realign 4A28190
realign 4A2DDB0
realign 4A28190
realign 4A2DDB0
realign 4A28190
realign 4914850
malign 2576F90
realign 4A2DDB0
realign 4A28190
realign 4A2DDB0
realign 4A28190
realign 4A2DDB0
realign 4A28190
realign 4A2DDB0
realign 76B310
realign 4A28190
realign 4A2DDB0
realign 4A28190
realign 4A2DDB0
realign 4A28190
realign 4A2DDB0
malign 4A28190
#version 330 core // QWADRO. Engineered by SIGMA Technology Group.

#define afxInt int
#define afxNat uint

#define afxReal float

#define afxV2d vec2
#define afxV3d vec3
#define afxV4d vec4

#define afxM2d mat2
#define afxM3d mat3
#define afxM4d mat4

#define float2 vec2
#define float3 vec3
#define float4 vec4

#define IN(_location_, _type_, _name_) layout(location = _location_) in _type_ _name_ 
#define OUT(_location_, _type_, _name_) layout(location = _location_) out _type_ _name_ 
//#define UNIFORM(_set_, _binding_, _type_, _name_) uniform _type_ _name_ 
//#define MULTIFORM(_set_, _binding_, _type_, _name_, _count_) _type_ _name_[_count_] 

// ubo = std140, ssbo = std430
#define UNIFORM_UNIT(_set_, _binding_, _name_) layout(std140) uniform _name_ 
#define STORAGE_UNIT(_set_, _binding_, _access_, _name_) layout(std430) _access_ buffer _name_ 
#define SAMPLING_UNIT(_set_, _binding_, _type_, _name_) uniform _type_ _name_ 
#define PUSHABLE(_name_) layout(std140) uniform _name_

SAMPLING_UNIT(0, 0, sampler2D, samp);

in block
{
    vec2 uv0;
} sgl_v;

OUT(0, vec4, sgl_rgba);

void main()
{
    sgl_rgba = texture(samp, sgl_v.uv0);
}
malign 49148B0
malign 2576E20
malign 76B470
realign 72F080
malign 4A28650
realign 4A26230
realign 4A2DDB0
malign 491EE20
Entering the Thread Execution Environment 8412
Creating definitive OpenGL contextEntering the Thread Execution Environment 3760
malign 76B310
realign 72EF90
malign 491A5B0
realign 72EF40
malign 4903550
malign 763710
malign 72F3A0
Loading file... <system/mmplayer.xss>('E:/qwadro/afx//system//mmplayer.xss')realign 72F350
malign 7638C0
malign 748520
require "core" for FileSystem

class Main {
  construct new() {
    System.print("new game")
  }

  init() {
    System.print("init game")
  }
  
  quit() {
      System.print("quit game")
  }

  step(dt) {
    //System.print("update game")
  }

  draw(din, event) {
    System.print("draw game")
  }
}

var Game = Main.new()
System.print(". game")
Loading file... <code/core.xs>('E:/qwadro/afx//system//core.xs')malign 2574350
afxScript.c:408
afxScript.c:408
(!xRslt)
    Invalidrealign 72F350
malign 7638C0
malign 25747A0
afxStorage.c:203
afxStorage.c:223
Reloading file 0... <art/world.tga>('art/world.tga')afxFile.c:622
afxTarga.c:1293
mmplayer.c:240
mmplayer.c:242
mmplayer.c:242
(dumpImg)
    InvalidafxTarga.c:1188
afxTarga.c:1188
(((afxResult)(1)) == _AfxAssertObjects((1), (afxObject const*)(&ras),(afxFcc_RAS)))
    InvalidafxStorage.c:203
afxStorage.c:223
Opening file... <tmp/world2.tga>('tmp/world2.tga'),2afxFile.c:543
afxTarga.c:1191
