Booting up...
Acquiring thread...  3884 "afxSystem_w32.c:502"afxString.c:136
afxString.c:136
<base>0 + <len>4 is out of capacity <maxRange>2.Mounting... <//./z/>(''),5Mounting... <//./z/>('E:\qwadro\afx\system'),5Mounting... <//./z/>('E:\qwadro\afx\system32'),7Mounting... <//./z/>('E:\qwadro\afx\system32d'),7afxString.c:136
afxString.c:136
<base>0 + <len>4 is out of capacity <maxRange>2.Mounting... <//./c/>('C:\'),7afxString.c:136
afxString.c:136
<base>0 + <len>4 is out of capacity <maxRange>2.Mounting... <//./e/>('E:\'),7afxString.c:136
afxString.c:136
<base>0 + <len>4 is out of capacity <maxRange>2.Mounting... <//./f/>('F:\'),7afxString.c:136
afxString.c:136
<base>0 + <len>4 is out of capacity <maxRange>2.Mounting... <//./g/>('G:\'),7afxString.c:136
afxString.c:136
<base>0 + <len>4 is out of capacity <maxRange>2.Mounting... <//./h/>('H:\'),7afxString.c:136
afxString.c:136
<base>0 + <len>4 is out of capacity <maxRange>2.Mounting... <//./i/>('I:\'),7Loading module... <e2coree>Memory Page Size: 4096HW Threading Capacity: 2Doing the AVX start up...Loading module... <e2draw>afxString.c:136
afxString.c:136
<base>0 + <len>6 is out of capacity <maxRange>5.afxString.c:136
afxString.c:136
<base>0 + <len>6 is out of capacity <maxRange>5.afxString.c:136
afxString.c:136
<base>0 + <len>6 is out of capacity <maxRange>5.afxString.c:136
afxString.c:136
<base>0 + <len>6 is out of capacity <maxRange>5.afxString.c:136
afxString.c:136
<base>0 + <len>6 is out of capacity <maxRange>5.afxString.c:136
afxString.c:136
<base>0 + <len>6 is out of capacity <maxRange>5.afxString.c:136
afxString.c:136
<base>0 + <len>6 is out of capacity <maxRange>5.