Booting up the Qwadro Execution Ecosystem...
malign 4B39B0
realign 4D5400
malign 4B3A80
afxManifest.c:327
1: Section 'BasedOn="E:\qwadro\afx"' missing ']' operator.realign 4E3EE0
realign 4D5450
malign 4B39B0
realign 4E26E0
realign 4E3FC0
realign 4E4FA0
realign 4B39B0
realign 4E27B0
realign 4B39B0
realign 4E27B0
realign 4E4FA0
realign 4E5070
realign 4E5150
malign 4E27B0
realign 4B39B0
realign 4E4FA0
realign 4E5090
realign 4E5180
realign 4E4FA0
realign 4E50A0
malign 4E27B0
realign 4E4FA0
realign 4E51A0
Acquiring thread...  1316 "afxSystem_w32.c:523"realign 4D5450
malign 4E52B0
malign 4E55B0
realign 4D54A0
malign 4E5980
Mounting... <.>('E:/qwadro/afx///'),5malign 4E2630
malign 4D8E00
Mounting... <system>('E:/qwadro/afx//system/'),5malign 4E27B0
malign 4E3FC0
Mounting... <system>('E:/qwadro/afx//system32/'),7malign 4E5070
malign 4E4020
Mounting... <system>('E:/qwadro/afx//system32d/'),7malign 4E50E0
malign 4E4080
Mounting... <//./c/>('C:\'),7malign 4E5C80
malign 4D04B0
Mounting... <//./e/>('E:\'),7malign 4E5CF0
malign 4D04F0
Mounting... <//./f/>('F:\'),7malign 4E5D60
malign 4D0540
Mounting... <//./g/>('G:\'),7malign 4E5DD0
malign 4D0580
realign 4E40E0
malign 4E36B0
Mounting... <//./h/>('H:\'),7malign 4E5E50
malign 4D05D0
Mounting... <//./i/>('I:\'),7malign 4E5EC0
malign 4D0610
Loading module... <e2coree.dll>realign 4D54A0
malign 4E39B0
Memory page size: 4096Logical processor count: 2Doing the AVX start up...Loading module... <e2draw>malign 4E6E40
realign 4E3C10
realign 4D54F0
malign 4E6E40
realign 4E3CE0
realign 4D8E60
realign 4E6E40
realign 4E5F30
realign 4CB660
realign 4E6E40
realign 4E3DA0
realign 4E3E40
realign 4E6E40
realign 4E3DA0
realign 4E7FE0
realign 4E3DA0
realign 4E7FE0
realign 4E3DA0
realign 4E7FE0
realign 4E3DA0
realign 4E7FE0
realign 4E8130
realign 4E3CE0
malign 4E6E40
realign 4E3DF0
realign 4E8130
malign 4E6E40
realign 4E3CE0
realign 4E8240
realign 4E8360
realign 4E8130
realign 4E8260
realign 4E83A0
realign 4E8130
realign 4E8280
realign 4E83E0
realign 4E8130
realign 4E82A0
realign 4E8430
realign 4E8130
realign 4E8270
realign 4E8410
realign 4E85C0
realign 4E8270
realign 4E8450
realign 4E8630
realign 4E8270
realign 4E8470
malign 4E3C10
realign 4E3D90
realign 4D54F0
malign 4E3C10
realign 4E8E70
realign 4D8E60
realign 4E3E50
realign 4E5F30
realign 4CB660
realign 4E3C10
realign 4E8F40
realign 4E3C10
realign 4E8F40
realign 4E3C10
realign 4E8F40
realign 4E9010
realign 4E90F0
realign 4E8F40
realign 4E9030
realign 4E9120
realign 4E8F40
realign 4E9220
realign 4E9080
malign 4E8E70
realign 4E3C10
realign 4E9190
malign 4E8E70
realign 4E9080
realign 4E92B0
realign 4E9150
realign 4E9270
realign 4E93A0
realign 4E9150
realign 4E92B0
realign 4E9410
realign 4E9150
realign 4E92D0
realign 4E9460
realign 4E9150
realign 4E92F0
realign 4E9150
realign 4E9490
realign 4E9290
realign 4E9450
realign 4E9620
realign 4E9290
realign 4E9480
realign 4E9690
realign 4E9290
realign 4E94B0
realign 4E9680
realign 4E9080
realign 4E9680
malign 4E8E70
realign 4E9080
realign 4E9150
realign 4D54F0
malign 4E9680
malign 4E9390
realign 4E4140
malign 4E9B10
realign 4E8E70
realign 4D5400
malign 4E9390
realign 4E9C10
realign 4D8E60
realign 4E3E50
realign 4E5F30
realign 4CB660
realign 4E9390
realign 4E9CE0
realign 4E9390
realign 4E9CE0
realign 4E9390
realign 4E9CE0
realign 4E9390
realign 4E9CE0
realign 4E9390
realign 4E9CE0
realign 4E9390
realign 4E9CE0
realign 4E9E20
realign 4E9390
malign 4E9C10
realign 4E9E20
realign 4E9EF0
malign 4E9C10
realign 4E9390
realign 4EA010
realign 4E9EF0
realign 4EA010
realign 4EA140
realign 4E9EF0
realign 4EA050
realign 4EA1B0
realign 4E9EF0
realign 4EA070
realign 4EA200
realign 4E9EF0
realign 4EA090
realign 4E9EF0
realign 4EA230
realign 4EA030
realign 4EA1F0
realign 4EA3C0
realign 4EA030
realign 4EA220
realign 4EA430
realign 4EA030
realign 4EA250
realign 4EA420
realign 4E9EF0
realign 4EA420
malign 4E9C10
realign 4E9390
realign 4E9EF0
Loading module... <targl4.dll>realign 4E41A0
malign 4EA420
Installable client driver discovered.
	Device: TARGA Advanced Raster Graphics Adapter
	Driver: TARGA over OpenGL 4
	Version: 4.0.16385
	Provider: SIGMA Technology Group <https://sigmaco.org>
Doing the ASX start up...Doing the AUX start up...Loading module... <e2ux>malign 4EAC00
Acquiring HID at port 0realign 51AC10
malign 52D900
Mounting... <code>('E:/qwadro/afx//system/'),7malign 4FFE10
malign 51E250
Entering the Thread Execution Environment 1316
realign 51AC60
malign 52DF90
malign 4E5150
malign 52EFA0
malign 52FFF0
malign 528530
realign 51ACB0
malign 4B39B0
malign 51AD00
realign 51AD50
malign 530830
malign 4F5320
malign 530CC0
malign 531D00
malign 504A90
malign 532550
malign 533590
malign 504BE0
malign 533DE0
malign 534E20
malign 4CB760
Loading module... <opengl32.dll>realign 513F90
malign 535670
Listing mem available display devices...
#0 = Intel(R) HD Graphics (\\.\DISPLAY1) 8080005#1 = RDPDD Chained DD (\\.\DISPLAYV1) 200008#2 = RDP Encoder Mirror Driver (\\.\DISPLAYV2) 200008#3 = RDP Reflector Display Driver (\\.\DISPLAYV3) 200008malign 538F30
Acquiring thread...  0 "sglDdev_w32.c:1013"malign 53AD30
Uploading pipeline 'system/video/sampleOutRgba.xsh.xml'Loading file... <system/video/sampleOutRgba.xsh.xml>('E:/qwadro/afx//system//video/sampleOutRgba.xsh.xml')realign 51B020
malign 504D20
malign 53E2D0
realign 514200
recoalign 528730
recoalign 528770
realign 4EAAF0
recoalign 5287C0
recoalign 528800
malign 5170E0
malign 517130
malign 517190
realign 51B070
realign 5171E0
realign 4F2000
recoalign 528800
recoalign 528850
malign 514200
realign 51B0C0
realign 540130
recoalign 5287C0
recoalign 528890
malign 514270
realign 51B110
realign 4E26A0
recoalign 5288E0
recoalign 528920
malign 5142D0
malign 514340
malign 517130
realign 51B0C0
realign 5143A0
malign 514340
realign 5171E0
realign 4EF0D0
recoalign 528920
recoalign 528970
malign 5142D0
realign 5170E0
malign 514410
realign 51B110
Entering the Thread Execution Environment 3312
Starting Thread Execution Unit 3312Entering the Thread Execution Environment 1316
realign 542110
recoalign 528730
recoalign 5289B0
malign 5171E0
malign 517240
malign 517290
realign 51B1B0
realign 4ED7B0
realign 5428B0
recoalign 5289B0
recoalign 528A00
malign 5143A0
realign 51B200
realign 542A20
recoalign 528730
recoalign 528A40
malign 514470
realign 51B2F0
realign 542690
recoalign 528A90
recoalign 528AD0
malign 5144E0
malign 514540
malign 517240
realign 51B200
realign 4E26A0
malign 514540
realign 5171E0
realign 544C70
recoalign 528BF0
recoalign 528C40
malign 5144E0
realign 5172F0
malign 5145B0
realign 51B3E0
realign 544410
recoalign 528C80
recoalign 528CD0
malign 5171E0
malign 517340
malign 5173A0
realign 51B110
realign 542110
realign 544610
recoalign 528DF0
recoalign 528E30
malign 514610
realign 549710
realign 54B2C0
recoalign 528C80
recoalign 528EC0
malign 514680
realign 54F770
realign 5445D0
recoalign 528F10
recoalign 528F50
malign 557D20
malign 557D80
malign 517340
realign 572B00
realign 5421B0
malign 557D20
realign 5171E0
realign 581900
recoalign 528F50
recoalign 528FA0
malign 557D80
realign 517450
malign 557DF0
realign 5171E0
realign 58AA60
recoalign 588E00
recoalign 588DB0
realign 58C9B0
recoalign 588E40
recoalign 588E90
malign 558130
realign 51B3E0
realign 58CC80
recoalign 588E00
recoalign 588ED0
malign 558190
realign 572B50
realign 58CF70
recoalign 588F20
recoalign 58D2A0
malign 558200
realign 5174A0
malign 558260
realign 517500
realign 58C9B0
recoalign 58D2E0
recoalign 58D330
malign 5171E0
malign 517550
malign 5175B0
realign 572B50
realign 542780
realign 58CCE0
Entering the Thread Execution Environment 3312
Creating transient OpenGL contextEntering the Thread Execution Environment 1316
recoalign 58D330
recoalign 5A2E20
malign 45F1A70
realign 572D80
realign 46097C0
recoalign 58D2E0
recoalign 5A2E70
malign 4622BD0
realign 572FB0
Entering the Thread Execution Environment 3312
000 wglMakeContextCurrentARB core found.Entering the Thread Execution Environment 1316
realign 471FFB0
Entering the Thread Execution Environment 3312
000 wglGetCurrentReadDCARB core found.000 wglCreateContextAttribsARB core found.000 wglChoosePixelFormatARB core found.Entering the Thread Execution Environment 1316
recoalign 5A3180
Entering the Thread Execution Environment 3312
000 wglSwapIntervalEXT core found.Entering the Thread Execution Environment 1316
recoalign 5A3210
malign 4622CA0
realign 45FB640
Entering the Thread Execution Environment 3312
000 wglGetExtensionsStringARB core found.Entering the Thread Execution Environment 1316
malign 4622D70
Entering the Thread Execution Environment 3312
Creating definitive OpenGL contextEntering the Thread Execution Environment 1316
realign 4601EA0
realign 460E130
recoalign 5A2570
recoalign 5A25B0
realign 47229D0
recoalign 5A2450
recoalign 5A2490
malign 5583A0
realign 572F10
realign 460BA90
recoalign 5A2D90
recoalign 5A2570
malign 47257F0
realign 572D80
Entering the Thread Execution Environment 3312
000 wglMakeContextCurrentARB core found.000 wglGetCurrentReadDCARB core found.Entering the Thread Execution Environment 1316
realign 463DD80
Entering the Thread Execution Environment 3312
000 wglCreateContextAttribsARB core found.Entering the Thread Execution Environment 1316
recoalign 46647F0
Entering the Thread Execution Environment 3312
000 wglChoosePixelFormatARB core found.000 wglSwapIntervalEXT core found.000 wglGetExtensionsStringARB core found.391 glReleaseShaderCompiler core found.392 glShaderBinary core found.393 glGetShaderPrecisionFormat core found.394 glDepthRangef core found.Entering the Thread Execution Environment 1316
recoalign 4664880
malign 4725E00
Entering the Thread Execution Environment 3312
395 glClearDepthf core found.396 glGetProgramBinary core found.397 glProgramBinary core found.Entering the Thread Execution Environment 1316
realign 45E82D0
realign 460BA90
Entering the Thread Execution Environment 3312
398 glProgramParameteri core found.Entering the Thread Execution Environment 1316
recoalign 4664840
Entering the Thread Execution Environment 3312
399 glUseProgramStages core found.Entering the Thread Execution Environment 1316
recoalign 46647B0
malign 4725ED0
Entering the Thread Execution Environment 3312
400 glActiveShaderProgram core found.401 glCreateShaderProgramv core found.402 glBindProgramPipeline core found.403 glDeleteProgramPipelines core found.404 glGenProgramPipelines core found.405 glIsProgramPipeline core found.406 glGetProgramPipelineiv core found.407 glProgramUniform1i core found.408 glProgramUniform1iv core found.Entering the Thread Execution Environment 1316
realign 45E8330
Entering the Thread Execution Environment 3312
409 glProgramUniform1f core found.Entering the Thread Execution Environment 1316
malign 4725DA0
Entering the Thread Execution Environment 3312
410 glProgramUniform1fv core found.Entering the Thread Execution Environment 1316
realign 5A5DE0
realign 463DD80
recoalign 4664910
Entering the Thread Execution Environment 3312
411 glProgramUniform1d core found.Entering the Thread Execution Environment 1316
recoalign 4664960
Entering the Thread Execution Environment 3312
412 glProgramUniform1dv core found.Entering the Thread Execution Environment 1316
malign 45E82D0
Entering the Thread Execution Environment 3312
413 glProgramUniform1ui core found.414 glProgramUniform1uiv core found.415 glProgramUniform2i core found.416 glProgramUniform2iv core found.Entering the Thread Execution Environment 1316
malign 45E8380
Entering the Thread Execution Environment 3312
417 glProgramUniform2f core found.418 glProgramUniform2fv core found.419 glProgramUniform2d core found.420 glProgramUniform2dv core found.Entering the Thread Execution Environment 1316
malign 45E83E0
Entering the Thread Execution Environment 3312
421 glProgramUniform2ui core found.Entering the Thread Execution Environment 1316
realign 572D80
realign 5AFF40
Entering the Thread Execution Environment 3312
422 glProgramUniform2uiv core found.Entering the Thread Execution Environment 1316
realign 4791B30
Entering the Thread Execution Environment 3312
423 glProgramUniform3i core found.Entering the Thread Execution Environment 1316
recoalign 4664960
recoalign 46649A0
malign 4725E70
Entering the Thread Execution Environment 3312
424 glProgramUniform3iv core found.425 glProgramUniform3f core found.426 glProgramUniform3fv core found.427 glProgramUniform3d core found.428 glProgramUniform3dv core found.429 glProgramUniform3ui core found.Entering the Thread Execution Environment 1316
realign 572F10
Entering the Thread Execution Environment 3312
430 glProgramUniform3uiv core found.Entering the Thread Execution Environment 1316
realign 463DD80
recoalign 4664910
Entering the Thread Execution Environment 3312
431 glProgramUniform4i core found.432 glProgramUniform4iv core found.Entering the Thread Execution Environment 1316
recoalign 46648D0
Entering the Thread Execution Environment 3312
433 glProgramUniform4f core found.Entering the Thread Execution Environment 1316
malign 4725F40
Entering the Thread Execution Environment 3312
434 glProgramUniform4fv core found.435 glProgramUniform4d core found.436 glProgramUniform4dv core found.Entering the Thread Execution Environment 1316
realign 573000
realign 4791B30
recoalign 46649F0
recoalign 4664A30
Entering the Thread Execution Environment 3312
437 glProgramUniform4ui core found.Entering the Thread Execution Environment 1316
malign 4725FA0
Entering the Thread Execution Environment 3312
438 glProgramUniform4uiv core found.Entering the Thread Execution Environment 1316
realign 45E8380
realign 463DD80
Entering the Thread Execution Environment 3312
439 glProgramUniformMatrix2fv core found.Entering the Thread Execution Environment 1316
recoalign 4664A80
recoalign 4664AC0
Entering the Thread Execution Environment 3312
440 glProgramUniformMatrix3fv core found.Entering the Thread Execution Environment 1316
malign 4726010
Entering the Thread Execution Environment 3312
441 glProgramUniformMatrix4fv core found.Entering the Thread Execution Environment 1316
realign 45E82D0
malign 4726070
Entering the Thread Execution Environment 3312
442 glProgramUniformMatrix2dv core found.443 glProgramUniformMatrix3dv core found.Entering the Thread Execution Environment 1316
realign 47260E0
malign 4726140
Entering the Thread Execution Environment 3312
444 glProgramUniformMatrix4dv core found.445 glProgramUniformMatrix2x3fv core found.446 glProgramUniformMatrix3x2fv core found.447 glProgramUniformMatrix2x4fv core found.448 glProgramUniformMatrix4x2fv core found.449 glProgramUniformMatrix3x4fv core found.450 glProgramUniformMatrix4x3fv core found.Entering the Thread Execution Environment 1316
realign 4791B30
malign 58D1A0
Entering the Thread Execution Environment 3312
451 glProgramUniformMatrix2x3dv core found.452 glProgramUniformMatrix3x2dv core found.453 glProgramUniformMatrix2x4dv core found.Entering the Thread Execution Environment 1316
Node 'DepthWriteEnabled' not handled.../system/video/sampleOutRgba.xsh.xmlUploading pipeline '../system/video/sampleOutRgba.xsh.xml'Entering the Thread Execution Environment 3312
454 glProgramUniformMatrix4x2dv core found.Entering the Thread Execution Environment 1316
afxStorage.c:203
afxStorage.c:223
Entering the Thread Execution Environment 3312
455 glProgramUniformMatrix3x4dv core found.456 glProgramUniformMatrix4x3dv core found.Entering the Thread Execution Environment 1316
Loading file... <../system/video/sampleOutRgba.xsh.xml>('../system/video/sampleOutRgba.xsh.xml')Entering the Thread Execution Environment 3312
457 glValidateProgramPipeline core found.458 glGetProgramPipelineInfoLog core found.459 glVertexAttribL1d core found.Entering the Thread Execution Environment 1316
realign 51B020
malign 461A260
Entering the Thread Execution Environment 3312
460 glVertexAttribL2d core found.461 glVertexAttribL3d core found.462 glVertexAttribL4d core found.Entering the Thread Execution Environment 1316
malign 471CD30
Entering the Thread Execution Environment 3312
463 glVertexAttribL1dv core found.464 glVertexAttribL2dv core found.Entering the Thread Execution Environment 1316
realign 479C9F0
Entering the Thread Execution Environment 3312
465 glVertexAttribL3dv core found.Entering the Thread Execution Environment 1316
recoalign 4664B10
recoalign 4664B50
realign 4610360
Entering the Thread Execution Environment 3312
466 glVertexAttribL4dv core found.Entering the Thread Execution Environment 1316
recoalign 4664BA0
Entering the Thread Execution Environment 3312
467 glVertexAttribLPointer core found.Entering the Thread Execution Environment 1316
recoalign 4664BE0
malign 45E8380
malign 45E8430
Entering the Thread Execution Environment 3312
468 glGetVertexAttribLdv core found.469 glViewportArrayv core found.470 glViewportIndexedf core found.471 glViewportIndexedfv core found.Entering the Thread Execution Environment 1316
malign 45E8490
Entering the Thread Execution Environment 3312
472 glScissorArrayv core found.Entering the Thread Execution Environment 1316
realign 51B3E0
realign 45E84E0
realign 4F1DF0
recoalign 4664BE0
recoalign 4664C30
malign 479C9F0
Entering the Thread Execution Environment 3312
473 glScissorIndexed core found.Entering the Thread Execution Environment 1316
realign 573000
Entering the Thread Execution Environment 3312
474 glScissorIndexedv core found.475 glDepthRangeArrayv core found.Entering the Thread Execution Environment 1316
realign 540200
Entering the Thread Execution Environment 3312
476 glDepthRangeIndexed core found.477 glGetFloati_v core found.478 glGetDoublei_v core found.479 glDrawArraysInstancedBaseInstance core found.480 glDrawElementsInstancedBaseInstance core found.481 glDrawElementsInstancedBaseVertexBaseInstance core found.Entering the Thread Execution Environment 1316
recoalign 4664BA0
recoalign 4664C70
Entering the Thread Execution Environment 3312
482 glGetInternalformativ core found.483 glGetActiveAtomicCounterBufferiv core found.Entering the Thread Execution Environment 1316
malign 479CA60
realign 572F10
Entering the Thread Execution Environment 3312
484 glBindImageTexture core found.485 glMemoryBarrier core found.486 glTexStorage1D core found.Entering the Thread Execution Environment 1316
realign 464BDC0
Entering the Thread Execution Environment 3312
487 glTexStorage2D core found.Entering the Thread Execution Environment 1316
recoalign 4664CC0
recoalign 4664D00
malign 479CAC0
Entering the Thread Execution Environment 3312
488 glTexStorage3D core found.Entering the Thread Execution Environment 1316
malign 479CB30
malign 45E8430
realign 573000
realign 479CB90
Entering the Thread Execution Environment 3312
489 glDrawTransformFeedbackInstanced core found.Entering the Thread Execution Environment 1316
malign 479CB30
Entering the Thread Execution Environment 3312
490 glDrawTransformFeedbackStreamInstanced core found.Entering the Thread Execution Environment 1316
realign 45E84E0
Entering the Thread Execution Environment 3312
493 glDispatchCompute core found.494 glDispatchComputeIndirect core found.496 glFramebufferParameteri core found.497 glGetFramebufferParameteriv core found.498 glGetInternalformati64v core found.Entering the Thread Execution Environment 1316
realign 24DFEF0
Entering the Thread Execution Environment 3312
503 glInvalidateFramebuffer core found.504 glInvalidateSubFramebuffer core found.Entering the Thread Execution Environment 1316
recoalign 4664D00
recoalign 4664D50
Entering the Thread Execution Environment 3312
505 glMultiDrawArraysIndirect core found.Entering the Thread Execution Environment 1316
malign 479CAC0
realign 45E8380
Entering the Thread Execution Environment 3312
506 glMultiDrawElementsIndirect core found.Entering the Thread Execution Environment 1316
malign 479CC00
Entering the Thread Execution Environment 3312
507 glGetProgramInterfaceiv core found.Entering the Thread Execution Environment 1316
realign 572F10
realign 5A6D30
recoalign 4664B10
recoalign 4664D90
Entering the Thread Execution Environment 3312
508 glGetProgramResourceIndex core found.Entering the Thread Execution Environment 1316
malign 45E84E0
Entering the Thread Execution Environment 3312
509 glGetProgramResourceName core found.Entering the Thread Execution Environment 1316
malign 45E8540
malign 45E8590
Entering the Thread Execution Environment 3312
510 glGetProgramResourceiv core found.511 glGetProgramResourceLocation core found.Entering the Thread Execution Environment 1316
realign 573050
realign 472CA30
realign 4601200
recoalign 4664D90
recoalign 4664DE0
malign 479CB90
realign 5730A0
realign 504D20
recoalign 4664B10
recoalign 4664E20
Entering the Thread Execution Environment 3312
512 glGetProgramResourceLocationIndex core found.Entering the Thread Execution Environment 1316
malign 479CC60
Entering the Thread Execution Environment 3312
513 glShaderStorageBlockBinding core found.Entering the Thread Execution Environment 1316
realign 5730F0
Entering the Thread Execution Environment 3312
514 glTexBufferRange core found.515 glTexStorage2DMultisample core found.Entering the Thread Execution Environment 1316
realign 4667540
recoalign 4664E70
recoalign 4664EB0
malign 479CCD0
malign 479CD30
Entering the Thread Execution Environment 3312
516 glTexStorage3DMultisample core found.518 glBindVertexBuffer core found.519 glVertexAttribFormat core found.520 glVertexAttribIFormat core found.Entering the Thread Execution Environment 1316
malign 45E8540
Entering the Thread Execution Environment 3312
521 glVertexAttribLFormat core found.Entering the Thread Execution Environment 1316
realign 5730A0
realign 4720E20
malign 479CD30
realign 45E84E0
Entering the Thread Execution Environment 3312
522 glVertexAttribBinding core found.523 glVertexBindingDivisor core found.Entering the Thread Execution Environment 1316
realign 504D20
Entering the Thread Execution Environment 3312
524 glDebugMessageControl core found.525 glDebugMessageInsert core found.526 glDebugMessageCallback core found.Entering the Thread Execution Environment 1316
recoalign 4664EB0
Entering the Thread Execution Environment 3312
527 glGetDebugMessageLog core found.528 glPushDebugGroup core found.529 glPopDebugGroup core found.Entering the Thread Execution Environment 1316
recoalign 4664F00
malign 479CCD0
realign 45E85F0
Entering the Thread Execution Environment 3312
530 glObjectLabel core found.531 glGetObjectLabel core found.532 glObjectPtrLabel core found.533 glGetObjectPtrLabel core found.Entering the Thread Execution Environment 1316
malign 479CDA0
realign 5730F0
Entering the Thread Execution Environment 3312
534 glBufferStorage core found.543 glClipControlEXT ext found.551 glNamedBufferStorageEXT ext found.589 glTextureBufferRangeEXT ext found.606 glTextureParameteriEXT ext found.641 glMemoryBarrierByRegion core found.644 glGetGraphicsResetStatusARB ext found.Entering the Thread Execution Environment 1316
realign 473A7F0
recoalign 4664F40
Entering the Thread Execution Environment 3312
645 glGetnCompressedTexImageARB ext found.646 glGetnTexImageARB ext found.Entering the Thread Execution Environment 1316
recoalign 4664F90
malign 45E84E0
malign 45E8640
Entering the Thread Execution Environment 3312
647 glGetnUniformdvARB ext found.648 glGetnUniformfvARB ext found.Entering the Thread Execution Environment 1316
malign 45E86A0
Entering the Thread Execution Environment 3312
649 glGetnUniformivARB ext found.Entering the Thread Execution Environment 1316
realign 572F10
Entering the Thread Execution Environment 3312
650 glGetnUniformuivARB ext found.651 glReadnPixelsARB ext found.677 381 1920 1080 96 96 32 1 36 36 51 60 1 SIGMA GL/2 Hardware-accelerated Draw Processing Unit 000
	Intel(R) HD Graphics 4.0.0 - Build 10.18.10.5161Entering the Thread Execution Environment 1316
realign 4610360
Entering the Thread Execution Environment 3312
malign 5A6D30
Entering the Thread Execution Environment 1316
realign 581900
recoalign 4664F90
Entering the Thread Execution Environment 3312
sglDdev_w32.c:299
API ERROR HIGH 1280 GL error GL_INVALID_ENUMEntering the Thread Execution Environment 1316
recoalign 4664FD0
Entering the Thread Execution Environment 3312
sglDdev_w32.c:751
GL: INVAL_PARAMsglDdev_w32.c:299
API ERROR HIGH 1280 GL error GL_INVALID_ENUMsglDdev_w32.c:777
GL: INVAL_PARAMEntering the Thread Execution Environment 1316
malign 5580C0
Entering the Thread Execution Environment 3312
sglDdev_w32.c:299
API ERROR HIGH 1280 GL error GL_INVALID_ENUMsglDdev_w32.c:787
GL: INVAL_PARAMsglDdev_w32.c:299
API ERROR HIGH 1280 GL error GL_INVALID_ENUMsglDdev_w32.c:789
GL: INVAL_PARAMsglDdev_w32.c:299
API ERROR HIGH 1280 GL error GL_INVALID_ENUMsglDdev_w32.c:793
GL: INVAL_PARAMEntering the Thread Execution Environment 1316
realign 573140
realign 473A7F0
recoalign 4664F40
recoalign 4665020
malign 558060
realign 573190
realign 581900
recoalign 4665060
recoalign 46650B0
malign 557FF0
malign 557E50
malign 45E8640
realign 573140
realign 45FEAF0
malign 557E50
realign 45E84E0
realign 473A7F0
recoalign 46650B0
recoalign 46650F0
malign 557FF0
realign 45E86F0
malign 557F90
realign 45E84E0
realign 473ACD0
recoalign 4665140
recoalign 4665180
realign 460BA90
recoalign 46651D0
recoalign 4665210
malign 557F20
realign 5730F0
realign 58C410
recoalign 4665140
recoalign 4665260
malign 557EC0
realign 573190
realign 460BA90
recoalign 46652A0
recoalign 46652F0
malign 479CE00
realign 45E8750
malign 479CE70
realign 45E87A0
realign 58C410
recoalign 4665330
recoalign 4665380
malign 45E84E0
malign 45E8800
malign 45E8850
realign 573190
realign 542780
realign 460BA90
recoalign 4665380
recoalign 46653C0
malign 479CED0
realign 5730F0
realign 58C410
recoalign 4665330
recoalign 4665410
malign 479CF40
realign 5731E0
realign 460BA90
recoalign 4665450
recoalign 46654A0
malign 479CFA0
realign 45E8800
malign 479D010
realign 5A5DE0
realign 4672BE0
recoalign 46654E0
recoalign 4665530
realign 460BA90
recoalign 4665570
recoalign 46655C0
malign 479D070
realign 5731E0
realign 58C410
recoalign 46654E0
recoalign 4665600
malign 479D0E0
realign 5730F0
realign 460BA90
recoalign 4665650
recoalign 471EB90
malign 479D140
realign 45E87A0
realign 58C410
recoalign 471EBE0
recoalign 471EC20
malign 479ADF0
realign 45E84E0
malign 479AE50
realign 5A5D80
realign 460BA90
recoalign 471EC70
recoalign 471ECB0
malign 45E87A0
malign 45E88B0
malign 45E8900
realign 5730F0
realign 58D1A0
realign 58C410
recoalign 471ECB0
recoalign 471ED00
malign 479AEC0
realign 5731E0
realign 471FB80
recoalign 471EC70
recoalign 471ED40
malign 479AF20
realign 573230
realign 58C410
recoalign 471ED90
recoalign 471EDD0
malign 479AF90
realign 45E88B0
realign 471FB80
recoalign 471EE20
recoalign 471EE60
malign 479AFF0
realign 45E87A0
malign 479B060
realign 479B0C0
malign 479B130
realign 58C410
malign 464BDC0
../system/video/uvOutTristripQuad.vsh../system/video/sampleOutRgba2d.fshrealign 5730F0
malign 473A7F0
realign 573190
malign 461A260
malign 4CBDE0
realign 573140
malign 504D20
malign 557EC0
malign 464BDC0
afxStorage.c:203
afxStorage.c:223
Opening file... <../system/video/uvOutTristripQuad.vsh>('../system/video/uvOutTristripQuad.vsh'),1malign 557F20
realign 572F10
malign 4667540
afxStorage.c:203
afxStorage.c:223
Opening file... <../system/video/stdEnv.inc>('../system/video/stdEnv.inc'),1malign 5A5D80
realign 4720E20
realign 4720C90
realign 4610360
realign 4F2000
realign 4F1DF0
realign 24DFEF0
realign 4722BE0
realign 4722CA0
realign 24DFEF0
realign 473B700
realign 473B5F0
realign 24DFEF0
realign 51BC50
realign 4722BE0
realign 466A970
realign 4722BE0
realign 466A970
realign 479ADF0
realign 479AF70
realign 4722BE0
realign 50EB90
realign 581900
realign 473ACD0
realign 460BA90
realign 479BDD0
realign 460BA90
realign 479BDD0
realign 460BA90
realign 479BDD0
realign 460BA90
realign 479BDD0
realign 479C260
realign 4674FC0
realign 479BDD0
realign 479C2C0
realign 4674FC0
realign 479BDD0
realign 479C2E0
realign 4674FC0
realign 479BDD0
realign 479C2F0
realign 4674FC0
realign 479BDD0
realign 479C380
realign 4674FC0
malign 479BDD0
#version 330 core // QWADRO. Engineered by SIGMA Technology Group.

#define afxInt int
#define afxNat uint

#define afxReal float

#define afxV2d vec2
#define afxV3d vec3
#define afxV4d vec4

#define afxM2d mat2
#define afxM3d mat3
#define afxM4d mat4

#define float2 vec2
#define float3 vec3
#define float4 vec4

#define IN(_location_, _type_, _name_) layout(location = _location_) in _type_ _name_ 
#define OUT(_location_, _type_, _name_) layout(location = _location_) out _type_ _name_ 
//#define UNIFORM(_set_, _binding_, _type_, _name_) uniform _type_ _name_ 
//#define MULTIFORM(_set_, _binding_, _type_, _name_, _count_) _type_ _name_[_count_] 

// ubo = std140, ssbo = std430
#define UNIFORM_UNIT(_set_, _binding_, _name_) layout(std140) uniform _name_ 
#define STORAGE_UNIT(_set_, _binding_, _access_, _name_) layout(std430) _access_ buffer _name_ 
#define SAMPLING_UNIT(_set_, _binding_, _type_, _name_) uniform _type_ _name_ 
#define PUSHABLE(_name_) layout(std140) uniform _name_

const vec4 gsQuadPos[4] = vec4[](vec4(-1, 1, 0, 1), vec4(-1,-1, 0, 1), vec4(1, 1, 0, 1), vec4(1,-1, 0, 1));
const vec2 gsQuadUv[4] = vec2[](vec2(0, 1), vec2(0, 0), vec2(1, 1), vec2(1, 0));

out block
{
    vec2 uv0;
} sgl_v;

void main()
{
    // draw a full coverage quad based on two tristripped triangles (4 indices). AfxDraw(0, 1, 0, 4)
    
    gl_Position = gsQuadPos[gl_VertexID];
    sgl_v.uv0 = gsQuadUv[gl_VertexID];
}
malign 557F20
afxStorage.c:203
afxStorage.c:223
Opening file... <../system/video/sampleOutRgba2d.fsh>('../system/video/sampleOutRgba2d.fsh'),1malign 557FF0
realign 572F10
malign 4667540
afxStorage.c:203
afxStorage.c:223
Opening file... <../system/video/stdEnv.inc>('../system/video/stdEnv.inc'),1malign 5A5D80
realign 4720C90
realign 4720E20
realign 4610360
realign 4F1DF0
realign 4F2000
realign 24DFEF0
realign 4722BE0
realign 4722CA0
realign 24DFEF0
realign 473B5F0
realign 473B700
realign 24DFEF0
realign 51BC50
realign 4722BE0
realign 466A970
realign 4722BE0
realign 466A970
realign 479AF70
realign 479ADF0
realign 4722BE0
realign 50EB90
realign 581900
realign 473ACD0
realign 460BA90
realign 479C3B0
realign 479C6A0
realign 460BA90
realign 479C3B0
realign 460BA90
realign 479C3B0
realign 5A5D80
malign 4665650
realign 460BA90
realign 479C3B0
realign 460BA90
realign 479C3B0
realign 460BA90
realign 479C3B0
realign 460BA90
realign 45E87A0
realign 479C3B0
realign 4674FC0
realign 479C3B0
realign 4674FC0
realign 479C3B0
realign 4674FC0
malign 479C3B0
#version 330 core // QWADRO. Engineered by SIGMA Technology Group.

#define afxInt int
#define afxNat uint

#define afxReal float

#define afxV2d vec2
#define afxV3d vec3
#define afxV4d vec4

#define afxM2d mat2
#define afxM3d mat3
#define afxM4d mat4

#define float2 vec2
#define float3 vec3
#define float4 vec4

#define IN(_location_, _type_, _name_) layout(location = _location_) in _type_ _name_ 
#define OUT(_location_, _type_, _name_) layout(location = _location_) out _type_ _name_ 
//#define UNIFORM(_set_, _binding_, _type_, _name_) uniform _type_ _name_ 
//#define MULTIFORM(_set_, _binding_, _type_, _name_, _count_) _type_ _name_[_count_] 

// ubo = std140, ssbo = std430
#define UNIFORM_UNIT(_set_, _binding_, _name_) layout(std140) uniform _name_ 
#define STORAGE_UNIT(_set_, _binding_, _access_, _name_) layout(std430) _access_ buffer _name_ 
#define SAMPLING_UNIT(_set_, _binding_, _type_, _name_) uniform _type_ _name_ 
#define PUSHABLE(_name_) layout(std140) uniform _name_

SAMPLING_UNIT(0, 0, sampler2D, samp);

in block
{
    vec2 uv0;
} sgl_v;

OUT(0, vec4, sgl_rgba);

void main()
{
    sgl_rgba = texture(samp, sgl_v.uv0);
}
malign 5A5DE0
malign 46654E0
malign 45E8900
realign 572F10
malign 24DFEF0
realign 4720E20
realign 4673F90
malign 472CA30
malign 45E87A0
realign 572D80
malign 581900
realign 572B50
malign 4673F90
malign 4667540
malign 572B00
realign 5730A0
malign 479C870
malign 4720090
afxStorage.c:203
afxStorage.c:223
Reloading file 0... <art/world.tga>('art/world.tga')afxFile.c:622
afxTarga.c:1293
mmplayer.c:240
mmplayer.c:242
mmplayer.c:242
(dumpImg)
    InvalidafxTarga.c:1188
afxTarga.c:1188
(((afxResult)(1)) == _AfxAssertObjects((1), (afxObject const*)(&ras),(afxFcc_RAS)))
    InvalidafxStorage.c:203
afxStorage.c:223
Opening file... <tmp/world2.tga>('tmp/world2.tga'),2afxFile.c:543
afxTarga.c:1191
Loading module... <../system32/binkw32.dl_>Uploading pipeline 'system/video/rgbOutYuv.xsh.xml?yFlipped'Loading file... <system/video/rgbOutYuv.xsh.xml>('E:/qwadro/afx//system//video/rgbOutYuv.xsh.xml')realign 573050
malign 479C870
malign 4674800
realign 4726140
recoalign 4664A80
recoalign 4664AC0
realign 58C920
recoalign 46649F0
recoalign 4664A30
realign 4F2000
recoalign 4664910
recoalign 46648D0
malign 4726140
realign 573000
realign 540200
recoalign 46649F0
recoalign 4664960
malign 47260E0
realign 573230
realign 4722BE0
recoalign 46649A0
recoalign 4664840
malign 4726070
realign 45E82D0
realign 466A970
recoalign 46647B0
recoalign 46647F0
malign 4726010
realign 45E83E0
malign 4725FA0
realign 573230
realign 4722BE0
recoalign 4664A80
recoalign 4664880
malign 45E82D0
malign 45E8330
malign 45E84E0
realign 573000
realign 45E8800
realign 466A970
recoalign 4664880
recoalign 4665600
malign 4725F40
realign 5731E0
realign 4722BE0
recoalign 4664A80
recoalign 4665570
malign 4725E70
realign 573280
realign 466A970
recoalign 46655C0
recoalign 4665530
malign 4725DA0
realign 45E8330
malign 4725ED0
realign 573280
realign 4722BE0
recoalign 4665450
recoalign 46654A0
realign 473ACD0
recoalign 4665330
recoalign 4665410
malign 4725E00
realign 573230
realign 460BA90
recoalign 4665450
recoalign 4665380
malign 47257F0
realign 5731E0
realign 460BCA0
recoalign 46653C0
recoalign 46652A0
malign 5583A0
realign 45E82D0
realign 473ACD0
recoalign 46652F0
recoalign 4665140
malign 558260
realign 45E8850
malign 558200
realign 45E82D0
realign 460BA90
recoalign 4665260
recoalign 46651D0
malign 45E8750
malign 45E86F0
malign 45E8640
realign 573280
realign 558190
realign 473ACD0
recoalign 46651D0
recoalign 4665210
malign 558130
realign 5731E0
realign 460BA90
recoalign 4665260
recoalign 4665180
malign 557DF0
realign 573230
realign 4674E40
recoalign 46650B0
recoalign 46650F0
malign 557D80
realign 45E86F0
realign 460BA90
recoalign 4665060
recoalign 4664F40
malign 557D20
realign 45E8750
malign 557FF0
realign 45E86F0
malign 557E50
realign 4674E40
malign 4610360
Node 'DepthWriteEnabled' not handled.../system/video/rgbOutYuv.xsh.xml?yFlippedUploading pipeline '../system/video/rgbOutYuv.xsh.xml?yFlipped'afxStorage.c:203
afxStorage.c:223
Loading file... <../system/video/rgbOutYuv.xsh.xml>('../system/video/rgbOutYuv.xsh.xml')realign 573050
malign 479C870
malign 4675160
realign 558060
recoalign 4665020
recoalign 4664F90
realign 58C920
recoalign 4664FD0
recoalign 4664EB0
realign 4F2000
recoalign 4664F00
recoalign 4664E70
malign 558060
realign 573230
realign 540200
recoalign 4664FD0
recoalign 4664B10
malign 5580C0
realign 5731E0
realign 460BDA0
recoalign 4664E20
recoalign 4664D90
malign 514680
realign 45E82D0
realign 4722BE0
recoalign 4664DE0
recoalign 4664D00
malign 514610
realign 45E8800
malign 5145B0
realign 5731E0
realign 460BDA0
recoalign 4665020
recoalign 4664D50
malign 45E82D0
malign 45E86A0
malign 45E85F0
realign 573230
realign 45E8540
realign 4722BE0
recoalign 4664D50
recoalign 4664CC0
malign 5144E0
realign 5732D0
realign 466A970
recoalign 4665020
recoalign 4664BA0
malign 514540
realign 573320
realign 4722BE0
recoalign 4664C70
recoalign 4664BE0
malign 514470
realign 45E86A0
malign 5143A0
realign 573320
realign 466A970
recoalign 4664C30
recoalign 4664B50
realign 473ACD0
recoalign 528F50
recoalign 528FA0
malign 514410
realign 5731E0
realign 46757A0
recoalign 4664C30
recoalign 528F10
malign 5142D0
realign 5732D0
realign 473ACD0
recoalign 528C80
recoalign 528EC0
malign 514340
realign 45E82D0
realign 46757A0
recoalign 528DF0
recoalign 528E30
malign 514270
realign 45E8590
malign 514200
realign 45E82D0
realign 473ACD0
recoalign 528BF0
recoalign 528C40
malign 45E8380
malign 45E8430
malign 45E8490
realign 573320
realign 4622D70
realign 46757A0
recoalign 528C40
recoalign 528A90
malign 4622CA0
realign 5732D0
realign 473ACD0
recoalign 528BF0
recoalign 528730
malign 4622BD0
realign 5731E0
realign 46757A0
recoalign 528A40
recoalign 5289B0
malign 45F1A70
realign 45E8430
realign 4675A90
recoalign 528A00
recoalign 528920
malign 471EB90
realign 45E8380
malign 471EC00
realign 45E8430
malign 471EC60
realign 4675DB0
malign 4610360
../system/video/uvOutTristripQuadInvY.vsh../system/video/rgbOutYuvSigma.fshmalign 4CBEE0
realign 5A5D80
malign 4722BE0
malign 24A9B80
afxStorage.c:203
afxStorage.c:223
Opening file... <../system/video/uvOutTristripQuadInvY.vsh>('../system/video/uvOutTristripQuadInvY.vsh'),1malign 24A9BF0
realign 573140
malign 479C870
afxStorage.c:203
afxStorage.c:223
Opening file... <../system/video/stdEnv.inc>('../system/video/stdEnv.inc'),1malign 5A5E40
realign 4720E20
realign 4720C90
realign 4610360
realign 4F2000
realign 4F1DF0
realign 460BDA0
realign 466A970
realign 466AA30
realign 460BDA0
realign 473B700
realign 473B5F0
realign 460BDA0
realign 51BC50
realign 460BDA0
realign 466A970
realign 460BDA0
realign 466A970
realign 479ADF0
realign 479AF70
realign 466A970
realign 50EB90
realign 473ACD0
realign 46757A0
realign 473ACD0
realign 46757A0
realign 4678120
realign 4678460
realign 4678800
realign 4678120
realign 46770F0
realign 4677520
realign 46779B0
realign 46770F0
realign 46775F0
realign 4677AF0
realign 46770F0
realign 4677600
realign 4677B10
realign 46770F0
realign 4677610
realign 4677B40
realign 46770F0
realign 4677690
realign 4677C50
realign 46770F0
malign 46760C0
#version 330 core // QWADRO. Engineered by SIGMA Technology Group.

#define afxInt int
#define afxNat uint

#define afxReal float

#define afxV2d vec2
#define afxV3d vec3
#define afxV4d vec4

#define afxM2d mat2
#define afxM3d mat3
#define afxM4d mat4

#define float2 vec2
#define float3 vec3
#define float4 vec4

#define IN(_location_, _type_, _name_) layout(location = _location_) in _type_ _name_ 
#define OUT(_location_, _type_, _name_) layout(location = _location_) out _type_ _name_ 
//#define UNIFORM(_set_, _binding_, _type_, _name_) uniform _type_ _name_ 
//#define MULTIFORM(_set_, _binding_, _type_, _name_, _count_) _type_ _name_[_count_] 

// ubo = std140, ssbo = std430
#define UNIFORM_UNIT(_set_, _binding_, _name_) layout(std140) uniform _name_ 
#define STORAGE_UNIT(_set_, _binding_, _access_, _name_) layout(std430) _access_ buffer _name_ 
#define SAMPLING_UNIT(_set_, _binding_, _type_, _name_) uniform _type_ _name_ 
#define PUSHABLE(_name_) layout(std140) uniform _name_

const vec4 gsQuadPos[4] = vec4[](vec4(-1, 1, 0, 1), vec4(-1,-1, 0, 1), vec4(1, 1, 0, 1), vec4(1,-1, 0, 1));
const vec2 gsQuadUvFlippedY[4] = vec2[](vec2(0, 0), vec2(0, 1), vec2(1, 0), vec2(1, 1));
// flipped V only

out block
{
    vec2 uv0;
} sgl_v;

void main()
{
    // draw a full coverage quad based on two tristripped triangles (4 indices). AfxDraw(0, 1, 0, 4)
    gl_Position = gsQuadPos[gl_VertexID];
    sgl_v.uv0 = gsQuadUvFlippedY[gl_VertexID];
}
malign 514200
realign 514270
malign 460BDA0
afxStorage.c:203
afxStorage.c:223
Opening file... <../system/video/rgbOutYuvSigma.fsh>('../system/video/rgbOutYuvSigma.fsh'),1malign 514340
realign 573140
malign 479C870
afxStorage.c:203
afxStorage.c:223
Opening file... <../system/video/stdEnv.inc>('../system/video/stdEnv.inc'),1malign 4E4140
realign 4720C90
realign 4720E20
realign 4610360
realign 4F1DF0
realign 4F2000
realign 466A970
realign 466AA30
realign 463E290
realign 463E370
realign 473B5F0
realign 473B700
realign 466A970
realign 51BC50
realign 466A970
realign 463E290
realign 466A970
realign 463E290
realign 479AF70
realign 479ADF0
realign 466A970
realign 50EB90
realign 473ACD0
realign 46757A0
realign 473ACD0
realign 46757A0
realign 4678710
realign 4678A50
realign 4678DF0
realign 4678710
realign 46776E0
realign 4E4140
malign 528A00
realign 4677B10
realign 4CBF60
malign 528920
realign 4677F60
realign 4610360
malign 528A40
realign 46776E0
realign 4677B80
realign 4678020
realign 46776E0
realign 4677B90
realign 4678040
realign 46776E0
realign 45E8430
realign 4677BA0
realign 4678080
realign 46776E0
realign 4677BD0
realign 461B840
realign 46776E0
realign 4677C00
realign 4678150
realign 46776E0
realign 4677C60
realign 4678230
realign 46776E0
malign 46766B0
#version 330 core // QWADRO. Engineered by SIGMA Technology Group.

#define afxInt int
#define afxNat uint

#define afxReal float

#define afxV2d vec2
#define afxV3d vec3
#define afxV4d vec4

#define afxM2d mat2
#define afxM3d mat3
#define afxM4d mat4

#define float2 vec2
#define float3 vec3
#define float4 vec4

#define IN(_location_, _type_, _name_) layout(location = _location_) in _type_ _name_ 
#define OUT(_location_, _type_, _name_) layout(location = _location_) out _type_ _name_ 
//#define UNIFORM(_set_, _binding_, _type_, _name_) uniform _type_ _name_ 
//#define MULTIFORM(_set_, _binding_, _type_, _name_, _count_) _type_ _name_[_count_] 

// ubo = std140, ssbo = std430
#define UNIFORM_UNIT(_set_, _binding_, _name_) layout(std140) uniform _name_ 
#define STORAGE_UNIT(_set_, _binding_, _access_, _name_) layout(std430) _access_ buffer _name_ 
#define SAMPLING_UNIT(_set_, _binding_, _type_, _name_) uniform _type_ _name_ 
#define PUSHABLE(_name_) layout(std140) uniform _name_

SAMPLING_UNIT(0, 0, sampler2D, samp0);
SAMPLING_UNIT(0, 1, sampler2D, samp1);
SAMPLING_UNIT(0, 2, sampler2D, samp2);

in block
{
    vec2 uv0;
} sgl_v;

OUT(0, vec4, sgl_rgba);

void main()
{
    vec3 yuv;
    yuv.x = texture(samp0, sgl_v.uv0).r;
    yuv.y = texture(samp2, sgl_v.uv0).r - 0.5;
    yuv.z = texture(samp1, sgl_v.uv0).r - 0.5;
    
    vec3 rgb = mat3( 1, 1, 1, 0, -0.34414, 1.772, 1.402, -0.71414, 0) * yuv;
    sgl_rgba = vec4(rgb, 1);
}
malign 45FEAF0
malign 5289B0
malign 528BF0
malign 528730
malign 45E8380
realign 4720E20
realign 4676CA0
malign 479C870
malign 45E8430
afxStorage.c:203
afxStorage.c:223
realign 5733C0
malign 468DA50
realign 573410
malign 4692D80
realign 5A6020
malign 467BFA0
realign 557DF0
malign 47B2770
realign 573410
malign 47B28E0
realign 573460
malign 47B3AB0
afxDrawOutput 000 readapted. 1920x1080 @ 60.000000Hz <1.777778r, 1.776903p>malign 4CC260
realign 5734B0
malign 47B3CA0
malign 4CC2E0
realign 472CAA0
malign 47B3E40
realign 573500
malign 540B50
malign 4CC360
realign 4CC3E0
malign 47B3FB0
realign 5A6020
malign 47B4110
malign 4CC460
realign 467FFC0
malign 47B42C0
realign 5A6080
malign 540C20
afxDrawOutput 000 adjusted. <1272, 1920, 0.663> 1.854227 <686, 1080, 0.635>malign 4CC2E0
malign 47B3E40
malign 4CC360
malign 47B3FB0
realign 4CC3E0
realign 573730
realign 573780
realign 5A6080
malign 47B4110
malign 4CC460
realign 467FFC0
malign 47B42C0
realign 5A6020
malign 540C20
afxDrawOutput 000 adjusted. <1280, 1920, 0.667> 1.777778 <720, 1080, 0.667>malign 4CC2E0
malign 47B3E40
malign 4CC360
malign 47B3FB0
realign 4CC3E0
realign 573780
realign 573730
realign 5A6020
malign 47B4110
malign 4CC460
realign 467FFC0
malign 47B42C0
realign 5A6080
malign 540C20
Entering the Thread Execution Environment 3312
Hardware-side buffer 0468da90 ready. 35052, 1, 1Hardware-side buffer 0468db08 ready. 35052, 2, 1Entering the Thread Execution Environment 1316
realign 573730
malign 47BC2D0
malign 47BC180
malign 47BC840
malign 47BD880
malign 47BC6F0
Entering the Thread Execution Environment 3312
Hardware-side raster 0467c070 ready. de1, 8229, [1280,720,1]Entering the Thread Execution Environment 1316
malign 47CE0D0
malign 4694F60
Entering the Thread Execution Environment 3312
Hardware-side raster 047b27b0 ready. de1, 8229, [640,360,1]Hardware-side raster 047b2840 ready. de1, 8229, [640,360,1]Hardware-side raster 047b3e80 ready. de1, 8058, [1280,720,1]Hardware-side raster 047b3f10 ready. de1, 81a6, [1280,720,1]afxCanvas 047b3ce0 hardware-side data instanced.afxStorage.c:203
afxStorage.c:223
Opening file... <../system/video/uvOutTristripQuadInvY.vsh>('../system/video/uvOutTristripQuadInvY.vsh'),1malign 24A9D40
realign 5739B0
malign 47D5260
afxStorage.c:203
afxStorage.c:223
Opening file... <../system/video/stdEnv.inc>('../system/video/stdEnv.inc'),1malign 4601EA0
realign 4721510
realign 4721400
realign 467CEA0
realign 4F2000
realign 4F1C90
realign 467CEA0
realign 47D6400
realign 47DA620
realign 47D6400
realign 473B1D0
realign 473B2E0
realign 47D6400
realign 51BFF0
realign 47DBF20
realign 47DC060
realign 47DF8A0
realign 47DBF20
realign 479ADF0
realign 479AF70
realign 47DBF20
realign 50EB90
realign 47DBF20
realign 47DF8A0
realign 47DBF20
realign 47DF8A0
realign 47DBF20
realign 47DF8A0
realign 46CED40
realign 47DF8A0
realign 47DDC00
realign 47DF8A0
realign 47DDC00
realign 47DF8A0
realign 47DDC00
realign 47DF8A0
realign 47DDC00
realign 47DF8A0
realign 47DDC00
realign 47DF8A0
realign 47DDC00
realign 47DF8A0
realign 47DDC00
realign 47DF8A0
realign 47DDC00
realign 47DF8A0
realign 47DDC00
#version 330 core // QWADRO. Engineered by SIGMA Technology Group.

#define afxInt int
#define afxNat uint

#define afxReal float

#define afxV2d vec2
#define afxV3d vec3
#define afxV4d vec4

#define afxM2d mat2
#define afxM3d mat3
#define afxM4d mat4

#define float2 vec2
#define float3 vec3
#define float4 vec4

#define IN(_location_, _type_, _name_) layout(location = _location_) in _type_ _name_ 
#define OUT(_location_, _type_, _name_) layout(location = _location_) out _type_ _name_ 
//#define UNIFORM(_set_, _binding_, _type_, _name_) uniform _type_ _name_ 
//#define MULTIFORM(_set_, _binding_, _type_, _name_, _count_) _type_ _name_[_count_] 

// ubo = std140, ssbo = std430
#define UNIFORM_UNIT(_set_, _binding_, _name_) layout(std140) uniform _name_ 
#define STORAGE_UNIT(_set_, _binding_, _access_, _name_) layout(std430) _access_ buffer _name_ 
#define SAMPLING_UNIT(_set_, _binding_, _type_, _name_) uniform _type_ _name_ 
#define PUSHABLE(_name_) layout(std140) uniform _name_

const vec4 gsQuadPos[4] = vec4[](vec4(-1, 1, 0, 1), vec4(-1,-1, 0, 1), vec4(1, 1, 0, 1), vec4(1,-1, 0, 1));
const vec2 gsQuadUvFlippedY[4] = vec2[](vec2(0, 0), vec2(0, 1), vec2(1, 0), vec2(1, 1));
// flipped V only

out block
{
    vec2 uv0;
} sgl_v;

void main()
{
    // draw a full coverage quad based on two tristripped triangles (4 indices). AfxDraw(0, 1, 0, 4)
    gl_Position = gsQuadPos[gl_VertexID];
    sgl_v.uv0 = gsQuadUvFlippedY[gl_VertexID];
}
afxStorage.c:203
afxStorage.c:223
Opening file... <../system/video/rgbOutYuvSigma.fsh>('../system/video/rgbOutYuvSigma.fsh'),1malign 514340
realign 5739B0
malign 7865200
afxStorage.c:203
afxStorage.c:223
Opening file... <../system/video/stdEnv.inc>('../system/video/stdEnv.inc'),1malign 4601EA0
realign 4722140
realign 47221D0
realign 47D6480
realign 4F1C90
realign 4F2000
realign 787EE30
realign 787F150
realign 7879400
realign 46BCAE0
realign 473C250
realign 473C150
realign 7879400
realign 51BFF0
realign 7879400
realign 46BCAE0
realign 7879400
realign 46BCAE0
realign 787DA90
realign 787D910
realign 46BCAE0
realign 50F940
realign 46B48B0
realign 46B5CD0
realign 46B48B0
realign 46B5CD0
realign 46B48B0
realign 46B5CD0
realign 78813F0
realign 46B5CD0
realign 78813F0
realign 4601EA0
malign 7880B10
realign 46B5CD0
realign 4CC6E0
malign 7880AD0
realign 78813F0
realign 47D6480
malign 46C5120
realign 46B5CD0
realign 78813F0
realign 46B5CD0
realign 78813F0
realign 46B5CD0
realign 78813F0
realign 46B5CD0
realign 517240
realign 46AC6F0
realign 46C9120
realign 46AC6F0
realign 46C9120
realign 461B840
realign 46AC6F0
realign 46C9120
realign 46AC6F0
realign 46C9120
realign 46E4FD0
realign 46C9120
realign 46E4FD0
#version 330 core // QWADRO. Engineered by SIGMA Technology Group.

#define afxInt int
#define afxNat uint

#define afxReal float

#define afxV2d vec2
#define afxV3d vec3
#define afxV4d vec4

#define afxM2d mat2
#define afxM3d mat3
#define afxM4d mat4

#define float2 vec2
#define float3 vec3
#define float4 vec4

#define IN(_location_, _type_, _name_) layout(location = _location_) in _type_ _name_ 
#define OUT(_location_, _type_, _name_) layout(location = _location_) out _type_ _name_ 
//#define UNIFORM(_set_, _binding_, _type_, _name_) uniform _type_ _name_ 
//#define MULTIFORM(_set_, _binding_, _type_, _name_, _count_) _type_ _name_[_count_] 

// ubo = std140, ssbo = std430
#define UNIFORM_UNIT(_set_, _binding_, _name_) layout(std140) uniform _name_ 
#define STORAGE_UNIT(_set_, _binding_, _access_, _name_) layout(std430) _access_ buffer _name_ 
#define SAMPLING_UNIT(_set_, _binding_, _type_, _name_) uniform _type_ _name_ 
#define PUSHABLE(_name_) layout(std140) uniform _name_

SAMPLING_UNIT(0, 0, sampler2D, samp0);
SAMPLING_UNIT(0, 1, sampler2D, samp1);
SAMPLING_UNIT(0, 2, sampler2D, samp2);

in block
{
    vec2 uv0;
} sgl_v;

OUT(0, vec4, sgl_rgba);

void main()
{
    vec3 yuv;
    yuv.x = texture(samp0, sgl_v.uv0).r;
    yuv.y = texture(samp2, sgl_v.uv0).r - 0.5;
    yuv.z = texture(samp1, sgl_v.uv0).r - 0.5;
    
    vec3 rgb = mat3( 1, 1, 1, 0, -0.34414, 1.772, 1.402, -0.71414, 0) * yuv;
    sgl_rgba = vec4(rgb, 1);
}
afxPipeline 0461a328 hardware-side data instanced.Hardware-side sampler 00581a40 ready.sglDdev_w32.c:122
Hardware-side raster 047b3ff0 ready. de1, 8058, [1280,720,1]Hardware-side raster 047b4080 ready. de1, 81a6, [1280,720,1]afxCanvas 047b3d90 hardware-side data instanced.Hardware-side raster 047b4300 ready. de1, 8058, [1280,720,1]Hardware-side raster 047b4390 ready. de1, 81a6, [1280,720,1]afxCanvas 047b4150 hardware-side data instanced.Hardware-side raster 04692dc0 ready. de1, 8229, [1280,720,1]Hardware-side raster 04692e50 ready. de1, 8229, [640,360,1]Hardware-side raster 0467bfe0 ready. de1, 8229, [640,360,1]Entering the Thread Execution Environment 1316
realign 5A6200
malign 78813F0
malign 46A5340
malign 78E1FC0
malign 46957F0
malign 46A5480
malign 46E8980
malign 4696070
realign 514680
malign 78FA6E0
malign 46A55D0
malign 78E4450
malign 4696900
malign 46A51F0
malign 46E4FD0
malign 4697180
realign 472D130
malign 47DF8A0
malign 46A5710
malign 46E6010
malign 4697A10
malign 46A5860
malign 46F2FF0
malign 4698290
realign 4CC4E0
malign 46C80F0
malign 46A59A0
malign 46F4040
malign 4698B20
malign 46A5AF0
malign 78EEEE0
malign 46993A0
realign 78794F0
malign 46E99C0
malign 46A5C30
malign 78EFF30
malign 4699C30
malign 46A5D80
malign 78F0F70
malign 469A4B0
realign 78FCE90
malign 46EB8A0
malign 46A5EC0
malign 7907E40
malign 469AD40
malign 46A6010
malign 7881FE0
malign 469B5C0
realign 78FABF0
malign 46EBCD0
malign 46A6150
malign 78830E0
malign 469BE50
malign 46A62A0
malign 78841F0
malign 469C6D0
realign 4F1BE0
malign 7900F20
malign 46A63E0
malign 78852F0
malign 469CF60
malign 46A6530
malign 7886400
malign 469D7E0
realign 47B6420
malign 7901350
malign 46A6670
malign 7887500
malign 469E070
malign 46A67C0
malign 7888610
malign 469E8F0
realign 787EE30
malign 7901770
malign 46A6900
malign 7889710
malign 469F180
malign 46A6A50
malign 788A820
malign 469FA00
realign 5412E0
malign 46F5080
malign 46A6B90
malign 788B920
malign 46A0290
malign 46A6CE0
malign 788CA30
malign 46A0B10
realign 46EAF00
malign 46F54B0
malign 78F1FE0
malign 788DB30
malign 46A13A0
malign 78F2130
malign 788EC40
malign 46A1C20
realign 46BE430
malign 46F58D0
malign 78F2270
malign 788FD40
malign 46A24B0
malign 78F23C0
malign 7890E50
malign 46A2D30
realign 46C8510
malign 78F8FD0
malign 78F2500
malign 7891F50
malign 46A35C0
malign 78F2650
malign 7893060
malign 46A3E40
realign 473C570
malign 78F93F0
malign 78F2790
malign 7894160
malign 7908EA0
malign 78F28E0
malign 7895270
malign 7909720
realign 46C8510
malign 78F9820
malign 78F2A20
malign 7896370
malign 7909FB0
malign 78F2B70
malign 7897480
malign 790A830
realign 47DFCD0
malign 51F000
malign 78F2CB0
malign 7898580
malign 790B0C0
malign 78F2E00
malign 7899690
malign 790B940
realign 46C8510
malign 51E770
malign 7918EA0
malign 789A790
malign 790C1D0
malign 7918FE0
malign 789B8A0
malign 790CA50
realign 47DFCD0
malign 5209B0
malign 7919130
malign 789C9A0
malign 790D2E0
malign 7919270
malign 789DAB0
malign 790DB60
realign 46C8510
malign 520DF0
malign 79193C0
malign 789EBB0
malign 790E3F0
malign 7919500
malign 789FCC0
malign 790EC70
realign 47DFCD0
malign 521240
malign 7919650
malign 78A0DC0
malign 790F500
malign 7919790
malign 7920C50
malign 790FD80
realign 46C8510
malign 521680
malign 79198E0
malign 7921D60
malign 7910610
afxSystem_w32.c:118
User input requested application break.afxSystem_w32.c:118
User input requested application break.afxSystem_w32.c:118
User input requested application break.afxSystem_w32.c:118
User input requested application break.afxSystem_w32.c:118
User input requested application break.afxSystem_w32.c:118
User input requested application break.afxSystem_w32.c:118
User input requested application break.afxSystem_w32.c:118
User input requested application break.afxSystem_w32.c:118
User input requested application break.afxSystem_w32.c:118
User input requested application break.realign 5A6200
realign 573820
Shutting down the Qwadro Execution Ecosystem...
Anihilating 1 lost <Window> objects.sglDdev_w32.c:199
sglDdev_w32.c:199
(!gl->IsProgram(delRes->gpuHandle))
    InvalidAnihilating 1 lost <DrawInput> objects.realign 460BDA0
Anihilating 1 lost <DrawOutput> objects.realign 4CC360
realign 5738C0
realign 5739B0
Anihilating 1 lost <Rasterizer> objects.Anihilating 1 lost <Sampler> objects.