
 afxDebug_w32.c:360
  AfxAttachDebugTerminal()
      ::::::::  :::       :::     :::     :::::::::  :::::::::   ::::::::      
     :+:    :+: :+:       :+:   :+: :+:   :+:    :+: :+:    :+: :+:    :+:     
     +:+    +:+ +:+       +:+  +:+   +:+  +:+    +:+ +:+    +:+ +:+    +:+     
     +#+    +:+ +#+  +:+  +#+ +#++:++#++: +#+    +:+ +#++:++#:  +#+    +:+     
     +#+  # +#+ +#+ +#+#+ +#+ +#+     +#+ +#+    +#+ +#+    +#+ +#+    +#+     
     #+#   +#+   #+#+# #+#+#  #+#     #+# #+#    #+# #+#    #+# #+#    #+#     
      ###### ###  ###   ###   ###     ### #########  ###    ###  ########      
                                                                               
              Q W A D R O   E X E C U T I O N   E C O S Y S T E M              
                                                                               
                               Public Test Build                               
                   (c) 2017 SIGMA, Engineering In Technology                   
                                www.sigmaco.org                                
                                                                               
 [!] afxSystem.c:525?AfxDoSystemBootUp
  Booting up Qwadro...
 Installing Qwadro Execution Ecosystem at 0f99cb68...
 afxClass<Qwadro Execution Ecosystem>::ConstructObject(00582400)
 afxSystem_w32.c:313
  _AfxSysCtor(sys=00582400)
 ERR afxInitialization.c:216?AfxIniLoadFromFile
  1: Section 'BasedOn="E:\qwadro\afx"' missing ']' operator.
 Installing Thread Execution Unit at 00583b30 by 00583438...
 Entering the Thread Execution Environment 7780
 afxClass<Thread Execution Unit>::ConstructObject(00584330)
 afxTxu_w32.c:399
  _AfxTxuCtor(00584330)
 Installing Memory Management Unit at 0058344c by 00583438...
 Installing Thread at 00583a6c by 00583438...
 Installing Device at 00583bf4 by 00583438...
 Installing Autonomous Service at 00583cb8 by 00583438...
 Installing File at 00583f04 by 00583438...
 Installing I/O Stream at 00583d7c by 00583438...
 Installing Codec at 00583e40 by 00583438...
 Installing File Archive at 00583fc8 by 00583438 over 00583f04...
 Installing Executable & Linkable File at 005835d4 by 00583438...
 Installing Installable Client Driver at 00583698 by 00583438...
 Installing File System at 0058408c by 00583438...
 Installing Human Input Device at 0058375c by 00583438 over 00583bf4...
 Installing Keyboard at 00583820 by 00583438 over 0058375c...
 Installing Mouse at 005838e4 by 00583438 over 0058375c...
 Installing Controller at 005839a8 by 00583438 over 0058375c...
 Installing String Catalog at 00583510 by 00583438...
 [!] afxSystem_w32.c:484?_AfxSysCtor
  Memory page size: 4096
 [!] afxSystem_w32.c:485?_AfxSysCtor
  Logical processor count: 1
 afxClass<Memory Management Unit>::ConstructObject(00582220)
 afxArena.c:768
  AfxAllocateArena(aren=005841cc)
 afxArena.c:769
  AfxAllocateArena(spec=00000000,hint="afxSystem_w32.c:498!_AfxSysCtor")
 afxClass<File System>::ConstructObject(0059a9a0)
 Storage point "." 5 mounted -> "E:\qwadro\afx\\\".
 afxClass<File System>::ConstructObject(0059aa18)
 Storage point "system" 5 mounted -> "E:\qwadro\afx\\system\".
 afxClass<File System>::ConstructObject(0059aa90)
 Storage point "system" 5 mounted -> "E:\qwadro\afx\\system32\".
 afxClass<File System>::ConstructObject(0059ab08)
 Storage point "system" 5 mounted -> "E:\qwadro\afx\\system32d\".
 afxClass<File System>::ConstructObject(0059ab80)
 Storage point "code" 5 mounted -> "E:\qwadro\afx\\code\".
 afxClass<File System>::ConstructObject(0059abf8)
 Storage point "sound" 5 mounted -> "E:\qwadro\afx\\sound\".
 afxClass<File System>::ConstructObject(0059acb0)
 Storage point "data" 5 mounted -> "E:\qwadro\afx\\data\".
 afxClass<File System>::ConstructObject(0059ad28)
 Storage point "art" 5 mounted -> "E:\qwadro\afx\\art\".
 afxClass<File System>::ConstructObject(0059ada0)
 Storage point "tmp" 7 mounted -> "E:\qwadro\afx\\tmp\".
 afxExecutable.c:243
  AfxLoadExecutables(cnt=1,executables=0058418c,uri=0046dda4)
 afxClass<Executable & Linkable File>::ConstructObject(00587910)
 afxExecutable.c:153
  _AfxExeCtor(uri:system/e2coree.dll)
 E:\qwadro\afx\\system32d\/e2coree.dll
 afxKeyboard.c:290
  AfxAcquireKeyboards(cnt=1,port=0046dc48,keyboards=005841a0)
 afxClass<Keyboard, Human Input Device>ConstructingObject(00587b60)
 afxClass<Human Input Device, Device>ConstructingObject(00587b60)
 afxClass<Device>::ConstructObject(00587b60)
 afxClass<Human Input Device>::ConstructObject(00587b60)
 afxClass<Keyboard>::ConstructObject(00587b60)
 afxKeyboard.c:241
  _AfxKbdCtor(kbd=00587b60)
 afxExecutable.c:243
  AfxLoadExecutables(cnt=1,executables=00584190,uri=0046f2f8)
 afxClass<Executable & Linkable File>::ConstructObject(00587a14)
 afxExecutable.c:153
  _AfxExeCtor(uri:e2sound.dll)
 Installing SIGMA Sound System at 0f74b028...
 afxClass<SIGMA Sound System>::ConstructObject(00588510)
 afxSoundSystem.c:328
  _AfxSsysCtor(ssys=00588510)
 Installing Sound Bridge at 00588528 by 00588514 over 00583b30...
 Installing Sound Thread at 005885ec by 00588514 over 00583a6c...
 Installing Sound Device at 005886b0 by 00588514 over 00583bf4...
 afxSoundThread.c:171
  AfxAcquireSoundThreads(cnt=1,config=0046edc4,sthr=0046eed4)
 afxClass<Sound Thread, Thread>ConstructingObject(005887e0)
 afxClass<Thread>::ConstructObject(005887e0)
 afxThread.c:263
  _AfxThrCtor(005887e0)
 afxClass<Sound Thread>::ConstructObject(005887e0)
 afxSoundThread.c:128
  _AfxSthrCtor(sthr=005887e0)
 afxThread.c:204
  AfxRunThread(thr=005887e0)
 afxExecutable.c:243
  AfxLoadExecutables(cnt=1,executables=00584194,uri=0046f2f8)
 afxClass<Executable & Linkable File>::ConstructObject(00588910)
 afxExecutable.c:153
  _AfxExeCtor(uri:e2draw.dll)
 Installing SIGMA Draw System at 0feda8c0...
 afxClass<SIGMA Draw System>::ConstructObject(00588b60)
 afxDrawSystem.c:450
  _AfxDsysCtor(dsys=00588b60)
 Installing Draw Bridge at 00588bcc by 00588bb8 over 00583b30...
 Installing Draw Thread at 00588c90 by 00588bb8 over 00583a6c...
 Installing Draw Device at 00588d54 by 00588bb8 over 00583bf4...
 afxDrawThread.c:171
  AfxAcquireDrawThreads(cnt=1,config=0046edc4,dthr=0046eed4)
 afxClass<Draw Thread, Thread>ConstructingObject(00589010)
 afxClass<Thread>::ConstructObject(00589010)
 afxThread.c:263
  _AfxThrCtor(00589010)
 afxClass<Draw Thread>::ConstructObject(00589010)
 afxDrawThread.c:128
  _AfxDthrCtor(dthr=00589010)
 afxThread.c:204
  AfxRunThread(thr=00589010)
 E:\qwadro\afx\\system32d\/*.inf
 Installing client driver <al1nd.inf>...
 afxClass<Installable Client Driver>::ConstructObject(00589140)
 [!] afxIcd.c:128?_AfxIcdCtor
  Installable client driver <al1nd.inf> discovered.
	Product: 
	Version: 0.0.0
	Description: 
	Vendor: 
	Website: 
	
 [!] afxIcd.c:134?_AfxIcdCtor
  Loading ICD <al1nd.inf> executable and linkable file <al1nd.dll>...
 afxExecutable.c:243
  AfxLoadExecutables(cnt=1,executables=005891b8,uri=0046e3bc)
 afxClass<Executable & Linkable File>::ConstructObject(00588a14)
 afxExecutable.c:153
  _AfxExeCtor(uri:al1nd.dll)
 afxClass<Sound Device, Device>ConstructingObject(005a4c60)
 afxClass<Device>::ConstructObject(005a4c60)
 afxClass<Sound Device>::ConstructObject(005a4c60)
 afxSoundSystem.c:208
  _AfxSdevCtor(sdev=005a4c60)
 afxMutex.c:24
  AfxTakeMutex(mtx=005a4fe0,type=00000000)
 Created. (mtx)005a4fe0
 Installing Sound Context at 005a4d88 by 005a4c60...
 salSdev.c:419
  _SalSdevIddCtor(sdev=005a4c60)
 0  - Generic Software
 Listing devices available with ALC_ENUMERATE_ALL_EXT
 0  - Generic Software on Alto-falantes (VIA HD Audio(Compatible))
 1  - Generic Software on Headphone (VIA HD Audio(Compatible))
 Listing available capture devices:
 0  - Mixagem estéreo (VIA HD Audio(C
 1  - Microfone (VIA HD Audio(Compati
 000 alEnable core found.
 001 alDisable core found.
 002 alIsEnabled core found.
 003 alGetString core found.
 004 alGetBooleanv core found.
 005 alGetIntegerv core found.
 006 alGetFloatv core found.
 007 alGetDoublev core found.
 008 alGetBoolean core found.
 009 alGetInteger core found.
 010 alGetFloat core found.
 011 alGetDouble core found.
 012 alGetError core found.
 013 alIsExtensionPresent core found.
 014 alGetProcAddress core found.
 015 alGetEnumValue core found.
 016 alListenerf core found.
 017 alListener3f core found.
 018 alListenerfv core found.
 019 alListeneri core found.
 020 alListener3i core found.
 021 alListeneriv core found.
 022 alGetListenerf core found.
 023 alGetListener3f core found.
 024 alGetListenerfv core found.
 025 alGetListeneri core found.
 026 alGetListener3i core found.
 027 alGetListeneriv core found.
 028 alGenSources core found.
 029 alDeleteSources core found.
 030 alIsSource core found.
 031 alSourcef core found.
 032 alSource3f core found.
 033 alSourcefv core found.
 034 alSourcei core found.
 035 alSource3i core found.
 036 alSourceiv core found.
 037 alGetSourcef core found.
 038 alGetSource3f core found.
 039 alGetSourcefv core found.
 040 alGetSourcei core found.
 041 alGetSource3i core found.
 042 alGetSourceiv core found.
 043 alSourcePlayv core found.
 044 alSourceStopv core found.
 045 alSourceRewindv core found.
 046 alSourcePausev core found.
 047 alSourcePlay core found.
 048 alSourceStop core found.
 049 alSourceRewind core found.
 050 alSourcePause core found.
 051 alSourceQueueBuffers core found.
 052 alSourceUnqueueBuffers core found.
 053 alGenBuffers core found.
 054 alDeleteBuffers core found.
 055 alIsBuffer core found.
 056 alBufferData core found.
 057 alBufferf core found.
 058 alBuffer3f core found.
 059 alBufferfv core found.
 060 alBufferi core found.
 061 alBuffer3i core found.
 062 alBufferiv core found.
 063 alGetBufferf core found.
 064 alGetBuffer3f core found.
 065 alGetBufferfv core found.
 066 alGetBufferi core found.
 067 alGetBuffer3i core found.
 068 alGetBufferiv core found.
 afxClass<File>::ConstructObject(005d6e00)
 E:\qwadro\afx\\sound\/qwadroDeepNote44kHz
 afxStream.c:1200
  AfxAcquireStream(cap=0,flags=1,start=00000000,range=0)
 afxClass<I/O Stream>::ConstructObject(005d57a0)
 ERR afxStream.c:320?AfxMeasureStream
  
 ERR afxStream.c:320?AfxMeasureStream
  (((((afxFlags)(ios->flags)) & ((afxFlags)(afxIoFlag_X))) == (afxFlags)(afxIoFlag_X)))
    Invalid
 Dismantling File object (#0) 005d6e00...
 Destructing instance 005d6e00 of File class.
 Dismantling I/O Stream object (#0) 005d57a0...
 Destructing instance 005d57a0 of I/O Stream class.
 [!] afxSoundSystem.c:300?_AfxSdevCtor
  The audience is listening
 afxSoundContext.c:50
  AfxAcquireSoundContexts(cnt=1,config=0046f57c)
 afxClass<Sound Context>::ConstructObject(00553cb0)
 salSctx.c:46
  _SalSctxCtor(sctx=00553cb0)
 afxArena.c:768
  AfxAllocateArena(aren=00553cd0)
 afxArena.c:769
  AfxAllocateArena(spec=00000000,hint="salSctx.c:66!_SalSctxCtor")
 Installing null at 00553d58 by 00553cb8...
 ERR afxClass.c:634?AfxMountClass
  
 ERR afxClass.c:634?AfxMountClass
  (config->fcc)
    Invalid
 ERR afxClass.c:636?AfxMountClass
  
 ERR afxClass.c:636?AfxMountClass
  (config->size)
    Invalid
 ERR afxClass.c:659?AfxMountClass
  
 ERR afxClass.c:659?AfxMountClass
  (config->name && config->name[0])
    Invalid