Booting up...
Acquiring thread...  7240 "afxSystem_w32.c:502"afxString.c:146
afxString.c:146
<base>0 + <len>4 is out of capacity <maxRange>3.Mounting... </z/>('\E:\qwadro\afx\'),5Mounting... </z/>('\E:\qwadro\afx\system'),5Mounting... </z/>('\E:\qwadro\afx\system32'),7Mounting... </z/>('\E:\qwadro\afx\system32d'),7afxString.c:146
afxString.c:146
<base>0 + <len>4 is out of capacity <maxRange>1.afxStorage.c:370
afxStorage.c:448
afxClass.c:675
afxClass.c:738
afxClass.c:988
afxPool.c:452
afxStorage.c:509
afxStorage.c:370
afxStorage.c:516
afxStorage.c:370
afxStorage.c:516
afxStorage.c:370
afxStorage.c:516
afxStorage.c:370
afxStorage.c:516
afxStorage.c:370
afxStorage.c:516
Loading module... </e2coree>afxModule.c:300
afxClass.c:675
afxClass.c:738
afxClass.c:988
afxPool.c:452
afxModule.c:375
afxSystem_w32.c:516
Anihilating 1 lost <Storage> objects.Dismounting... </z/>('\E:\qwadro\afx\system32d'),7 @uDismounting... </z/>('\E:\qwadro\afx\system32'),7 @uDismounting... </z/>('\E:\qwadro\afx\system'),5 @uDismounting... </z/>('\E:\qwadro\afx\'),5 @uAnihilating 1 lost <Thread> objects.afxClass.c:675
afxClass.c:738
afxSystem.c:505
