
 afxDebug_w32.c:394
  AfxAttachDebugTerminal()
      ::::::::  :::       :::     :::     :::::::::  :::::::::   ::::::::      
     :+:    :+: :+:       :+:   :+: :+:   :+:    :+: :+:    :+: :+:    :+:     
     +:+    +:+ +:+       +:+  +:+   +:+  +:+    +:+ +:+    +:+ +:+    +:+     
     +#+    +:+ +#+  +:+  +#+ +#++:++#++: +#+    +:+ +#++:++#:  +#+    +:+     
     +#+  # +#+ +#+ +#+#+ +#+ +#+     +#+ +#+    +#+ +#+    +#+ +#+    +#+     
     #+#   +#+   #+#+# #+#+#  #+#     #+# #+#    #+# #+#    #+# #+#    #+#     
      ###### ###  ###   ###   ###     ### #########  ###    ###  ########      
                                                                               
              Q W A D R O   E X E C U T I O N   E C O S Y S T E M              
                                                                               
                               Public Test Build                               
              (c) 2017 SIGMA Technology Group --- Federacao SIGMA              
                                www.sigmaco.org                                
                                                                               
 Installing Qwadro Execution Ecosystem at 0fc00728...
 afxClass<Qwadro Execution Ecosystem>::ConstructObject(008717b0)
 afxSystem_w32.c:317
  _AfxSysCtor(sys=008717b0)
 Installing Thread Execution Unit at 00872ef0 by 008727f8...
 Entering the Thread Execution Environment 6068
 afxClass<Thread Execution Unit>::ConstructObject(008438c0)
 afxTxu_w32.c:399
  _AfxTxuCtor(008438c0)
 Installing Memory Management Unit at 0087280c by 008727f8...
 Installing Thread at 00872e2c by 008727f8...
 Installing Device at 00872fb4 by 008727f8...
 Installing Autonomous Service at 00873078 by 008727f8...
 Installing File at 008732c4 by 008727f8...
 Installing I/O Stream at 0087313c by 008727f8...
 Installing Codec at 00873200 by 008727f8...
 Installing File Archive at 00873388 by 008727f8 over 008732c4...
 Installing Executable & Linkable Module at 00872994 by 008727f8...
 Installing Installable Client Driver at 00872a58 by 008727f8 over 00872994...
 Installing File System at 0087344c by 008727f8...
 Installing Application at 008735d4 by 008727f8...
 Installing Human Input Device at 00872b1c by 008727f8 over 00872fb4...
 Installing Keyboard at 00872be0 by 008727f8 over 00872b1c...
 Installing Mouse at 00872ca4 by 008727f8 over 00872b1c...
 Installing Controller at 00872d68 by 008727f8 over 00872b1c...
 Installing String Catalog at 008728d0 by 008727f8...
 Installing Simulation at 00873510 by 008727f8...
 [!] afxSystem_w32.c:500?_AfxSysCtor
  Memory page size: 4096
 [!] afxSystem_w32.c:501?_AfxSysCtor
  Logical processor count: 1
 afxClass<Memory Management Unit>::ConstructObject(00870370)
 afxArena.c:768
  AfxAllocateArena(aren=00873704)
 afxArena.c:769
  AfxAllocateArena(spec=00000000,hint="afxSystem_w32.c:514!_AfxSysCtor")
 afxClass<File System>::ConstructObject(00875ad0)
 Storage point "." 5 mounted -> "E:\qwadro\\\".
 afxClass<File System>::ConstructObject(00875b58)