Booting...
Threading... #6572 (afxSystem_w32.c:423)Mounting... <//./z/>(''),5Mounting... <//./z/>('E:\qwadro\repo\bangitk\system'),5Mounting... <//./z/>('E:\qwadro\repo\bangitk\system32'),7Mounting... <//./z/>('E:\qwadro\repo\bangitk\system32d'),7Mounting... <//./c/>('C:\Windows\SysWow64'),5Loading... <e2coree.dll>Memory page Size: 4096HW threading: 2Loading... <e2draw.dll>Loading... <e2combo.dll>Loading... <e2sound.dll>Loading... <e2mmux.dll>Loading... <//./z////eaxzal1.dll>Installing... <//./z/////eaxzal1.dll>	<//./eaxzal1/>("")  0.0.0 Loading... <//./z////galileo.dll>Installing... <//./z/////galileo.dll>	<//./galileo/>("")  0.0.0 Loading... <//./z////tarzgl4.dll>Installing... <//./z/////tarzgl4.dll>	<//./tarzgl3/>("")  0.0.0 	<//./tarzgl4/>("")  0.0.0 Loading... <//./z////winsh4d.dll>Installing... <//./z/////winsh4d.dll>Mounting... <//./d/>('E:\qwadro\repo\bangitk\system'),7	<//./dwm/>("")  0.0.0 	<//./kbd/>("")  0.0.0 	<//./mse/>("")  0.0.0 	<//./gpad/>("")  0.0.0 Entering the Thread Execution Environment 6572
Loading... <//./c/opengl32.dll>Listing mem available display devices...
#0 = Intel(R) HD Graphics (\\.\DISPLAY1) 8080005#1 = RDPDD Chained DD (\\.\DISPLAYV1) 200008#2 = RDP Encoder Mirror Driver (\\.\DISPLAYV2) 200008#3 = RDP Reflector Display Driver (\\.\DISPLAYV3) 200008zglInterop_WGL32.c:1534
GL: INVAL_PARAMzglInterop_WGL32.c:1549
GL: INVAL_PARAMzglInterop_WGL32.c:1560
GL: INVAL_PARAMzglInterop_WGL32.c:1592
GL: INVAL_PARAMzglInterop_WGL32.c:1623
GL: INVAL_PARAMzglInterop_WGL32.c:1625
GL: INVAL_PARAMzglInterop_WGL32.c:1782
GL: INVAL_PARAMzglInterop_WGL32.c:1785
GL: INVAL_PARAMzglInterop_WGL32.c:1790
GL: INVAL_PARAMzglInterop_WGL32.c:1795
GL: INVAL_PARAMThreading... #0 (zglDrawBridge.c:2060)Reopening... <//./z/video/uvOutTristripQuad.vsh>Reopening... <//./z/video/stdEnv.inc>Entering the Thread Execution Environment 1248
Starting 1248 on thread execution unit #1...SIGMA GL/2 Draw Execution Unit 000
	Intel(R) HD Graphics 3.2.0 - Build 10.18.10.5129Entering the Thread Execution Environment 6572
afxString.c:170
afxString.c:170
<from>430 + <1>1 is out of capacity <strLen>430.Reopening... <//./z/video/sampleOutRgba2d.fsh>Reopening... <//./z/video/stdEnv.inc>afxString.c:170
afxString.c:170
<from>157 + <1>1 is out of capacity <strLen>157.afxClass.c:916
afxClass.c:916
(cfg->fcc)
    InvalidafxClass.c:939
afxClass.c:939
(cfg->name && cfg->name[0])
    InvalidMounting... <//./d/>('E:\qwadro\repo\bangitk\tmp'),7Mounting... <//./a/>('E:\qwadro\repo\bangitk\art'),5Reopening... <../data/pipeline/test/test.xsh.xml>../data/pipeline/test/test.vshTag '/' not handled.Entering the Thread Execution Environment 1248
GPU buffer 05419c30 ready. 34962, 2, 4Entering the Thread Execution Environment 6572
../data/pipeline/test/test.fshTag '/' not handled.Reopening... <../data/pipeline/test/test.vsh>Reopening... <../data/pipeline/stdEnv.inc>Reopening... <../data/pipeline/stdView.inc>afxString.c:170
afxString.c:170
<from>327 + <1>1 is out of capacity <strLen>327.Reopening... <../data/pipeline/test/test.fsh>Reopening... <../data/pipeline/stdEnv.inc>afxString.c:170
afxString.c:170
<from>84 + <1>1 is out of capacity <strLen>84.Reopening... <../data/pipeline/body/body.xsh.xml>Tag 'id' not handled.Tag 'depthWriteEnabled' not handled.../data/pipeline/body/rigidBody.vshTag '/' not handled.../data/pipeline/body/body.fshTag '/' not handled.Reopening... <../data/pipeline/body/rigidBody.vsh>Reopening... <../data/pipeline/stdEnv.inc>Reopening... <../data/pipeline/stdView.inc>Reopening... <../data/pipeline/stdObject.inc>afxString.c:170
afxString.c:170
<from>633 + <1>1 is out of capacity <strLen>633.Reopening... <../data/pipeline/body/body.fsh>Reopening... <../data/pipeline/stdEnv.inc>Reopening... <../data/pipeline/stdView.inc>Reopening... <../data/pipeline/stdMaterial.inc>afxString.c:471
afxString.c:471
(effectiveRange == len2)
    InvalidafxString.c:170
afxString.c:170
<from>1296 + <1>1 is out of capacity <strLen>1296.Tag 'id' not handled.Tag 'depthWriteEnabled' not handled.Tag 'specialization' not handled.../data/pipeline/body/skinnedBody.vshTag '/' not handled.../data/pipeline/body/body.fshTag '/' not handled.Reopening... <../data/pipeline/body/skinnedBody.vsh>Reopening... <../data/pipeline/stdEnv.inc>Reopening... <../data/pipeline/stdView.inc>Reopening... <../data/pipeline/stdObject.inc>afxString.c:471
afxString.c:471
(effectiveRange == len2)
    InvalidafxString.c:471
afxString.c:471
(effectiveRange == len2)
    InvalidafxString.c:170
afxString.c:170
<from>1317 + <1>1 is out of capacity <strLen>1317.Reopening... <../data/pipeline/body/body.fsh>Reopening... <../data/pipeline/stdEnv.inc>Reopening... <../data/pipeline/stdView.inc>Reopening... <../data/pipeline/stdMaterial.inc>afxString.c:471
afxString.c:471
(effectiveRange == len2)
    InvalidafxString.c:170
afxString.c:170
<from>1296 + <1>1 is out of capacity <strLen>1296.Reopening... <../data/pipeline/testLighting/testLighting.xsh.xml>Tag 'id' not handled.../data/pipeline/testLighting/testLightingBlinn.vshTag '/' not handled.../data/pipeline/testLighting/testLightingBlinn.fshTag '/' not handled.Reopening... <../data/pipeline/testLighting/testLightingBlinn.vsh>Reopening... <../data/pipeline/stdEnv.inc>Reopening... <../data/pipeline/stdView.inc>Reopening... <../data/pipeline/stdObject.inc>afxString.c:170
afxString.c:170
<from>588 + <1>1 is out of capacity <strLen>588.Reopening... <../data/pipeline/testLighting/testLightingBlinn.fsh>Reopening... <../data/pipeline/stdEnv.inc>Reopening... <../data/pipeline/stdView.inc>Reopening... <../data/pipeline/stdMaterial.inc>afxString.c:471
afxString.c:471
(effectiveRange == len2)
    InvalidafxString.c:170
afxString.c:170
<from>1474 + <1>1 is out of capacity <strLen>1474.Reopening... <../data/pipeline/tutCamUtil/tutCamUtil.xsh.xml>Tag 'id' not handled.../data/pipeline/tutCamUtil/tutCamUtilRigid.vshTag '/' not handled.../data/pipeline/tutCamUtil/tutCamUtil.fshTag '/' not handled.Reopening... <../data/pipeline/tutCamUtil/tutCamUtilRigid.vsh>Reopening... <../data/pipeline/stdEnv.inc>Reopening... <../data/pipeline/stdView.inc>Reopening... <../data/pipeline/stdObject.inc>afxString.c:170
afxString.c:170
<from>925 + <1>1 is out of capacity <strLen>925.Reopening... <../data/pipeline/tutCamUtil/tutCamUtil.fsh>Reopening... <../data/pipeline/stdEnv.inc>afxString.c:471
afxString.c:471
(effectiveRange == len2)
    InvalidafxString.c:170
afxString.c:170
<from>308 + <1>1 is out of capacity <strLen>308.Tag 'id' not handled.../data/pipeline/tutCamUtil/tutCamUtilSkinned.vshTag '/' not handled.../data/pipeline/tutCamUtil/tutCamUtil.fshTag '/' not handled.Reopening... <../data/pipeline/tutCamUtil/tutCamUtilSkinned.vsh>Reopening... <../data/pipeline/stdEnv.inc>Reopening... <../data/pipeline/stdView.inc>Reopening... <../data/pipeline/stdObject.inc>afxString.c:170
afxString.c:170
<from>1389 + <1>1 is out of capacity <strLen>1389.Reopening... <../data/pipeline/tutCamUtil/tutCamUtil.fsh>Reopening... <../data/pipeline/stdEnv.inc>afxString.c:471
afxString.c:471
(effectiveRange == len2)
    InvalidafxString.c:170
afxString.c:170
<from>308 + <1>1 is out of capacity <strLen>308.Reopening... <../data/pipeline/lighting/lighting.xsh.xml>Tag 'id' not handled.../data/pipeline/lighting/lighting.vshTag '/' not handled.../data/pipeline/lighting/lighting.fshTag '/' not handled.Reopening... <../data/pipeline/lighting/lighting.vsh>Reopening... <../data/pipeline/stdEnv.inc>Reopening... <../data/pipeline/stdView.inc>Reopening... <../data/pipeline/stdObject.inc>afxString.c:170
afxString.c:170
<from>574 + <1>1 is out of capacity <strLen>574.Reopening... <../data/pipeline/lighting/lighting.fsh>Reopening... <../data/pipeline/stdEnv.inc>Reopening... <../data/pipeline/stdView.inc>Reopening... <../data/pipeline/stdMaterial.inc>afxString.c:471
afxString.c:471
(effectiveRange == len2)
    InvalidafxString.c:170
afxString.c:170
<from>1472 + <1>1 is out of capacity <strLen>1472.Installing watcher <0542a4a0> for 05205cb0...Rigid Mesh <> assembled at 02dbe770.
    10201 vertices with 4 attributes.
    20000 triangles (2 bytes per index) arranged in 1 sections.
    Listing 1 biases..:      0 <>   0Reopening... <../art/scenario/bibliotheca/bibliotheca.dff>Rigid Mesh <> assembled at 02dbe350.
    52047 vertices with 3 attributes.
    23152 triangles (2 bytes per index) arranged in 54 sections.
    Listing 1 biases..:      0 <>   0Skeleton <> assembled at 007de0b0.
    Listing 1 joints..:      0 <DrawCall_0077> 4294967295Animable model <> assembled at 05411880. 1 mesh rigs for 1 joints.Mesh 02dbe350 rigged to model 05411880.
    Listing 1 bias-joint mapping..:      0 --> -1 <-- -1 <> glus_wavefront.c:859
MTL NAME //./art/scenario/bibliotheca/bibliotheca.mtlglus_wavefront.c:291
MTL FNAME //./art/scenario/bibliotheca/bibliotheca.mtlSkeleton <bibliotheca> assembled at 007de220.
    Listing 1 joints..:      0 <> 4294967295Animable model <bibliotheca> assembled at 0551e570. 1 mesh rigs for 1 joints.Reopening... <-vtx.tga>Reopening... <-nrm.tga>Rigid Mesh <> assembled at 02dbe980.
    69456 vertices with 3 attributes.
    23152 triangles (4 bytes per index) arranged in 50 sections.
    Listing 1 biases..:      0 <>   0Mesh 02dbe980 rigged to model 0551e570.
    Listing 1 bias-joint mapping..:      0 --> 0 <-- 0 <> Skeleton <Bone_main> assembled at 007de390.
    Listing 10 joints..:      0 <Bone_main> 4294967295      1 <Mill> 4294967295      2 <Bone_hitpointbar> 4294967295      3 <Bone_Upper_mill> 4294967295      4 <Upper Mill> 4294967295      5 <Bone_Flag_Civ> 4294967295      6 <Bone_Mill_Blades> 4294967295      7 <Mill Blades> 4294967295      8 <Bone_Mill_Wheel> 4294967295      9 <Mill Wheel> 4294967295Animable model <Bone_main> assembled at 05410f50. 4 mesh rigs for 10 joints.Rigid Mesh <Mill> assembled at 02dbe870.
    524 vertices with 3 attributes.
    139 triangles (2 bytes per index) arranged in 1 sections.
    Listing 1 biases..:      0 <Mill>   0Mesh 02dbe870 rigged to model 05410f50.
    Listing 1 bias-joint mapping..:      0 --> 1 <-- 1 <Mill> Rigid Mesh <Upper Mill> assembled at 02dbe660.
    472 vertices with 3 attributes.
    126 triangles (2 bytes per index) arranged in 2 sections.
    Listing 1 biases..:      0 <Upper Mill>   0Mesh 02dbe660 rigged to model 05410f50.
    Listing 1 bias-joint mapping..:      0 --> 4 <-- 4 <Upper Mill> Rigid Mesh <Mill Blades> assembled at 02dbea80.
    278 vertices with 3 attributes.
    70 triangles (2 bytes per index) arranged in 1 sections.
    Listing 1 biases..:      0 <Mill Blades>   0Mesh 02dbea80 rigged to model 05410f50.
    Listing 1 bias-joint mapping..:      0 --> 7 <-- 7 <Mill Blades> Rigid Mesh <Mill Wheel> assembled at 02dbeb90.
    58 vertices with 3 attributes.
    20 triangles (1 bytes per index) arranged in 1 sections.
    Listing 1 biases..:      0 <Mill Wheel>   0Mesh 02dbeb90 rigged to model 05410f50.
    Listing 1 bias-joint mapping..:      0 --> 9 <-- 9 <Mill Wheel> Motion <Bone_main> assembled. 054aede0
    Listing 6 transform circuits:	0 <Bone_Flag_Civ> cdcdcdcd	1 <Bone_Mill_Blades> cdcdcdcd	2 <Bone_Mill_Wheel> cdcdcdcd	3 <Bone_Upper_mill> cdcdcdcd	4 <Bone_hitpointbar> cdcdcdcd	5 <Bone_main> cdcdcdcdRigid Mesh <> assembled at 02dbec90.
    441 vertices with 3 attributes.
    800 triangles (2 bytes per index) arranged in 1 sections.
    Listing 1 biases..:      0 <>   0Skeleton <cube> assembled at 007de450.
    Listing 1 joints..:      0 <> 4294967295Animable model <cube> assembled at 054c4a90. 1 mesh rigs for 1 joints.Mesh 02dbec90 rigged to model 054c4a90.
    Listing 1 bias-joint mapping..:      0 --> 0 <-- 0 <> Entering the Thread Execution Environment 1248
GPU TO 0551e460 ready. de1, 8229, [512,512,1]GPU buffer 054df7d0 ready. 34962, 3, 4GPU buffer 0551ef70 ready. 34963, 4, 8GPU buffer 068c1fd0 ready. 34962, 5, 4GPU buffer 068c1ef0 ready. 34963, 6, 8GPU buffer 06a17f60 ready. 34962, 7, 4GPU buffer 06a18020 ready. 34963, 8, 8GPU buffer 06a180f0 ready. 34962, 9, 4GPU buffer 06a181b0 ready. 34963, 10, 8GPU buffer 06a18280 ready. 34962, 11, 4GPU buffer 06a18340 ready. 34963, 12, 8GPU buffer 06a18410 ready. 34962, 13, 4GPU buffer 06a184d0 ready. 34963, 14, 8GPU buffer 06a185a0 ready. 34962, 15, 4GPU buffer 06a18660 ready. 34963, 16, 8GPU TO 05412e30 ready. de1, 8058, [667,326,1]GPU TO 05418580 ready. de1, 81a6, [667,326,1]avxCanvas 05412be0 hardware-side data instanced.GPU buffer 0541a070 ready. 35345, 17, 10Reopening... <../data/pipeline/testLighting/testLightingBlinn.vsh>Reopening... <../data/pipeline/stdEnv.inc>Reopening... <../data/pipeline/stdView.inc>Reopening... <../data/pipeline/stdObject.inc>Reopening... <../data/pipeline/testLighting/testLightingBlinn.fsh>Reopening... <../data/pipeline/stdEnv.inc>Reopening... <../data/pipeline/stdView.inc>Reopening... <../data/pipeline/stdMaterial.inc>zglLigature.c:238
Uniform buffer unit 'sgl_mtl' not found in ligature 0540fb70.avxPipeline 0503df10 hardware-side data instanced.Reopening... <../data/pipeline/lighting/lighting.vsh>Reopening... <../data/pipeline/stdEnv.inc>Reopening... <../data/pipeline/stdView.inc>Reopening... <../data/pipeline/stdObject.inc>Reopening... <../data/pipeline/lighting/lighting.fsh>Reopening... <../data/pipeline/stdEnv.inc>Reopening... <../data/pipeline/stdView.inc>Reopening... <../data/pipeline/stdMaterial.inc>zglLigature.c:238
Uniform buffer unit 'sgl_mtl' not found in ligature 054115c0.zglLigature.c:221
Combined raster/sampler unit 'floorTexture' not found in ligature 054115c0.avxPipeline 0542d200 hardware-side data instanced.Reopening... <../data/pipeline/test/test.vsh>Reopening... <../data/pipeline/stdEnv.inc>Reopening... <../data/pipeline/stdView.inc>Reopening... <../data/pipeline/test/test.fsh>Reopening... <../data/pipeline/stdEnv.inc>avxPipeline 0503d8f0 hardware-side data instanced.GPU buffer 0540f7e0 ready. 35345, 18, 10GPU buffer 05419d00 ready. 34963, 19, 8GPU TO 05418670 ready. de1, 8058, [667,326,1]GPU TO 05418750 ready. de1, 81a6, [667,326,1]avxCanvas 05412c70 hardware-side data instanced.GPU buffer 0540f940 ready. 35345, 20, 10GPU buffer 0540fcf0 ready. 35345, 21, 10GPU TO 052dcd00 ready. de1, 8058, [667,326,1]GPU TO 05412d50 ready. de1, 81a6, [667,326,1]avxCanvas 05412b50 hardware-side data instanced.