Booting up...
Acquiring thread...  4360 "afxSystem_w32.c:490"Mounting... <//./z/>(''),5Mounting... <//./z/>('E:\qwadro\afx\system'),5Mounting... <//./z/>('E:\qwadro\afx\system32'),7Mounting... <//./z/>('E:\qwadro\afx\system32d'),7Mounting... <//./c/>('C:\'),7Mounting... <//./e/>('E:\'),7Mounting... <//./f/>('F:\'),7Mounting... <//./g/>('G:\'),7Mounting... <//./h/>('H:\'),7Mounting... <//./i/>('I:\'),7Loading module... <e2coree>Memory Page Size: 4096HW Threading Capacity: 2Doing the AVX start up...Loading module... <e2draw>Doing the AMX start up...Loading module... <e2sim>Doing the ASX start up...Loading module... <e2sound>Doing the AUX start up...Loading module... <e2mmux>Acquiring HID at port 0Mounting... <//./c/>('E:\qwadro\afx\system'),7Loading installable client driver... <kurwa.dll>	<//./kurwa/>("kurwa")
	Math Computation Accelerator 0.1.2
	SIGMA Technology Group <https://sigmaco.org>
Loading installable client driver... <oal4d.dll>	<//./amiga/>("oal4d")
	Accoustics Immersion Accelerator 0.1.1514
	SIGMA Technology Group <https://sigmaco.org>
Loading installable client driver... <targl4.dll>	<//./targa/>("targl4")
	Truecolor Advanced Raster Graphics Accelerator 4.0.16385
	SIGMA Technology Group <https://sigmaco.org>
Entering the Thread Execution Environment 4360
Mounting... <//./a/>('E:\qwadro\afx\art'),5Loading module... <opengl32.dll>Listing mem available display devices...
#0 = Intel(R) HD Graphics (\\.\DISPLAY1) 8080005#1 = RDPDD Chained DD (\\.\DISPLAYV1) 200008#2 = RDP Encoder Mirror Driver (\\.\DISPLAYV2) 200008#3 = RDP Reflector Display Driver (\\.\DISPLAYV3) 200008Acquiring thread...  0 "sglDdev_w32.c:906"Entering the Thread Execution Environment 4592
Starting 4592 on thread execution unit #1...Entering the Thread Execution Environment 4360
Installing watcher <003362c0> for 00322eb0...Entering the Thread Execution Environment 4592
Creating transient OpenGL context000 wglMakeContextCurrentARB core found.000 wglGetCurrentReadDCARB core found.000 wglCreateContextAttribsARB core found.000 wglChoosePixelFormatARB core found.000 wglSwapIntervalEXT core found.000 wglGetExtensionsStringARB core found.000 wglDXOpenDeviceNV core found.000 wglDXCloseDeviceNV core found.000 wglDXRegisterObjectNV core found.000 wglDXUnregisterObjectNV core found.000 wglDXLockObjectsNV core found.000 wglDXUnlockObjectsNV core found.Creating definitive OpenGL context000 wglMakeContextCurrentARB core found.000 wglGetCurrentReadDCARB core found.000 wglCreateContextAttribsARB core found.000 wglChoosePixelFormatARB core found.000 wglSwapIntervalEXT core found.000 wglGetExtensionsStringARB core found.000 wglDXOpenDeviceNV core found.000 wglDXCloseDeviceNV core found.000 wglDXRegisterObjectNV core found.000 wglDXUnregisterObjectNV core found.000 wglDXLockObjectsNV core found.000 wglDXUnlockObjectsNV core found.391 glReleaseShaderCompiler core found.392 glShaderBinary core found.393 glGetShaderPrecisionFormat core found.394 glDepthRangef core found.395 glClearDepthf core found.396 glGetProgramBinary core found.397 glProgramBinary core found.398 glProgramParameteri core found.399 glUseProgramStages core found.400 glActiveShaderProgram core found.401 glCreateShaderProgramv core found.402 glBindProgramPipeline core found.403 glDeleteProgramPipelines core found.404 glGenProgramPipelines core found.405 glIsProgramPipeline core found.406 glGetProgramPipelineiv core found.407 glProgramUniform1i core found.408 glProgramUniform1iv core found.409 glProgramUniform1f core found.410 glProgramUniform1fv core found.411 glProgramUniform1d core found.412 glProgramUniform1dv core found.413 glProgramUniform1ui core found.414 glProgramUniform1uiv core found.415 glProgramUniform2i core found.416 glProgramUniform2iv core found.417 glProgramUniform2f core found.418 glProgramUniform2fv core found.419 glProgramUniform2d core found.420 glProgramUniform2dv core found.421 glProgramUniform2ui core found.422 glProgramUniform2uiv core found.423 glProgramUniform3i core found.424 glProgramUniform3iv core found.425 glProgramUniform3f core found.426 glProgramUniform3fv core found.427 glProgramUniform3d core found.428 glProgramUniform3dv core found.429 glProgramUniform3ui core found.430 glProgramUniform3uiv core found.431 glProgramUniform4i core found.432 glProgramUniform4iv core found.433 glProgramUniform4f core found.434 glProgramUniform4fv core found.435 glProgramUniform4d core found.436 glProgramUniform4dv core found.437 glProgramUniform4ui core found.438 glProgramUniform4uiv core found.439 glProgramUniformMatrix2fv core found.440 glProgramUniformMatrix3fv core found.441 glProgramUniformMatrix4fv core found.442 glProgramUniformMatrix2dv core found.443 glProgramUniformMatrix3dv core found.444 glProgramUniformMatrix4dv core found.445 glProgramUniformMatrix2x3fv core found.446 glProgramUniformMatrix3x2fv core found.447 glProgramUniformMatrix2x4fv core found.448 glProgramUniformMatrix4x2fv core found.449 glProgramUniformMatrix3x4fv core found.450 glProgramUniformMatrix4x3fv core found.451 glProgramUniformMatrix2x3dv core found.452 glProgramUniformMatrix3x2dv core found.453 glProgramUniformMatrix2x4dv core found.454 glProgramUniformMatrix4x2dv core found.455 glProgramUniformMatrix3x4dv core found.456 glProgramUniformMatrix4x3dv core found.457 glValidateProgramPipeline core found.458 glGetProgramPipelineInfoLog core found.459 glVertexAttribL1d core found.460 glVertexAttribL2d core found.461 glVertexAttribL3d core found.462 glVertexAttribL4d core found.463 glVertexAttribL1dv core found.464 glVertexAttribL2dv core found.465 glVertexAttribL3dv core found.466 glVertexAttribL4dv core found.467 glVertexAttribLPointer core found.468 glGetVertexAttribLdv core found.469 glViewportArrayv core found.470 glViewportIndexedf core found.471 glViewportIndexedfv core found.472 glScissorArrayv core found.473 glScissorIndexed core found.474 glScissorIndexedv core found.475 glDepthRangeArrayv core found.476 glDepthRangeIndexed core found.477 glGetFloati_v core found.478 glGetDoublei_v core found.479 glDrawArraysInstancedBaseInstance core found.480 glDrawElementsInstancedBaseInstance core found.481 glDrawElementsInstancedBaseVertexBaseInstance core found.482 glGetInternalformativ core found.483 glGetActiveAtomicCounterBufferiv core found.484 glBindImageTexture core found.485 glMemoryBarrier core found.486 glTexStorage1D core found.487 glTexStorage2D core found.488 glTexStorage3D core found.489 glDrawTransformFeedbackInstanced core found.490 glDrawTransformFeedbackStreamInstanced core found.493 glDispatchCompute core found.494 glDispatchComputeIndirect core found.496 glFramebufferParameteri core found.497 glGetFramebufferParameteriv core found.498 glGetInternalformati64v core found.503 glInvalidateFramebuffer core found.504 glInvalidateSubFramebuffer core found.505 glMultiDrawArraysIndirect core found.506 glMultiDrawElementsIndirect core found.507 glGetProgramInterfaceiv core found.508 glGetProgramResourceIndex core found.509 glGetProgramResourceName core found.510 glGetProgramResourceiv core found.511 glGetProgramResourceLocation core found.512 glGetProgramResourceLocationIndex core found.513 glShaderStorageBlockBinding core found.514 glTexBufferRange core found.515 glTexStorage2DMultisample core found.516 glTexStorage3DMultisample core found.518 glBindVertexBuffer core found.519 glVertexAttribFormat core found.520 glVertexAttribIFormat core found.521 glVertexAttribLFormat core found.522 glVertexAttribBinding core found.523 glVertexBindingDivisor core found.524 glDebugMessageControl core found.525 glDebugMessageInsert core found.526 glDebugMessageCallback core found.527 glGetDebugMessageLog core found.528 glPushDebugGroup core found.529 glPopDebugGroup core found.530 glObjectLabel core found.531 glGetObjectLabel core found.532 glObjectPtrLabel core found.533 glGetObjectPtrLabel core found.534 glBufferStorage core found.543 glClipControlEXT ext found.551 glNamedBufferStorageEXT ext found.589 glTextureBufferRangeEXT ext found.606 glTextureParameteriEXT ext found.641 glMemoryBarrierByRegion core found.644 glGetGraphicsResetStatusARB ext found.645 glGetnCompressedTexImageARB ext found.646 glGetnTexImageARB ext found.647 glGetnUniformdvARB ext found.648 glGetnUniformfvARB ext found.649 glGetnUniformivARB ext found.650 glGetnUniformuivARB ext found.651 glReadnPixelsARB ext found.677 381 1920 1080 96 96 32 1 36 36 51 60 1 SIGMA GL/2 Hardware-accelerated Draw Processing Unit 000
	Intel(R) HD Graphics 3.2.0 - Build 10.18.10.5161sglLoader.c:1240
API ERROR HIGH 1280 GL error GL_INVALID_ENUMsglLoader.c:1326
GL: INVAL_PARAMsglLoader.c:1240
API ERROR HIGH 1280 GL error GL_INVALID_ENUMsglLoader.c:1328
GL: INVAL_PARAMsglLoader.c:1240
API ERROR HIGH 1280 GL error GL_INVALID_ENUMsglLoader.c:1426
GL: INVAL_PARAMsglLoader.c:1240
API ERROR HIGH 1280 GL error GL_INVALID_ENUMsglLoader.c:1455
GL: INVAL_PARAMsglLoader.c:1240
API ERROR HIGH 1280 GL error GL_INVALID_ENUMsglLoader.c:1528
GL: INVAL_PARAMsglLoader.c:1240
API ERROR HIGH 1280 GL error GL_INVALID_ENUMsglLoader.c:1531
GL: INVAL_PARAMsglLoader.c:1240
API ERROR HIGH 1280 GL error GL_INVALID_ENUMsglLoader.c:1536
GL: INVAL_PARAMsglLoader.c:1240
API ERROR HIGH 1280 GL error GL_INVALID_ENUMsglLoader.c:1541
GL: INVAL_PARAMEntering the Thread Execution Environment 4360
afxDrawOutput 000 readapted. 1920x1080 @ 60.000000Hz <1.777778r, 1.776903p>Draw output 000 adjusted. 952x506 1920x1080 0.496x0.469 1.881423Entering the Thread Execution Environment 4592
sglLoader.c:1203
Hardware-side buffer 02cded08 ready. 34962, 1, 4Hardware-side buffer 04ebada0 ready. 34963, 2, 8Entering the Thread Execution Environment 4360
Loading file... <../data/pipeline/test/test.xsh.xml>('../data/pipeline/test/test.xsh.xml')../data/pipeline/test/test.vsh../data/pipeline/test/test.fshOpening file... <../data/pipeline/test/test.vsh>('../data/pipeline/test/test.vsh'),1Opening file... <../data/pipeline/stdEnv.inc>('../data/pipeline/stdEnv.inc'),1Opening file... <../data/pipeline/stdView.inc>('../data/pipeline/stdView.inc'),1Opening file... <../data/pipeline/test/test.fsh>('../data/pipeline/test/test.fsh'),1Opening file... <../data/pipeline/stdEnv.inc>('../data/pipeline/stdEnv.inc'),1afxUri.c:1480
Reloading file 0... <../art/skybox/purple/right.tga>('../art/skybox/purple/right.tga')afxUri.c:1480
Reloading file 0... <../art/skybox/purple/left.tga>('../art/skybox/purple/left.tga')Entering the Thread Execution Environment 4592
Hardware-side raster 0032c288 ready. 8513, 8051, [2048,2048,6]Entering the Thread Execution Environment 4360
afxUri.c:1480
Reloading file 0... <../art/skybox/purple/bottom.tga>('../art/skybox/purple/bottom.tga')afxUri.c:1480
Reloading file 0... <../art/skybox/purple/top.tga>('../art/skybox/purple/top.tga')afxUri.c:1480
Reloading file 0... <../art/skybox/purple/front.tga>('../art/skybox/purple/front.tga')afxUri.c:1480
Reloading file 0... <../art/skybox/purple/back.tga>('../art/skybox/purple/back.tga')Loading file... <../data/pipeline/skybox/skybox.xsh.xml>('../data/pipeline/skybox/skybox.xsh.xml')../data/pipeline/skybox/skybox.vshNode 'DepthWriteEnabled' not handled.../data/pipeline/skybox/sampleOutRgbaCube.fshOpening file... <../data/pipeline/skybox/skybox.vsh>('../data/pipeline/skybox/skybox.vsh'),1Opening file... <../data/pipeline/stdEnv.inc>('../data/pipeline/stdEnv.inc'),1Opening file... <../data/pipeline/stdView.inc>('../data/pipeline/stdView.inc'),1Opening file... <../data/pipeline/skybox/sampleOutRgbaCube.fsh>('../data/pipeline/skybox/sampleOutRgbaCube.fsh'),1Opening file... <../data/pipeline/stdEnv.inc>('../data/pipeline/stdEnv.inc'),1Loading file... <../data/pipeline/body/body.xsh.xml>('../data/pipeline/body/body.xsh.xml')../data/pipeline/body/rigidBody.vshNode 'DepthWriteEnabled' not handled.../data/pipeline/body/body.fsh../data/pipeline/body/skinnedBody.vshNode 'DepthWriteEnabled' not handled.../data/pipeline/body/body.fshOpening file... <../data/pipeline/body/rigidBody.vsh>('../data/pipeline/body/rigidBody.vsh'),1Opening file... <../data/pipeline/stdEnv.inc>('../data/pipeline/stdEnv.inc'),1Opening file... <../data/pipeline/stdView.inc>('../data/pipeline/stdView.inc'),1Opening file... <../data/pipeline/stdObject.inc>('../data/pipeline/stdObject.inc'),1Opening file... <../data/pipeline/body/body.fsh>('../data/pipeline/body/body.fsh'),1Opening file... <../data/pipeline/stdEnv.inc>('../data/pipeline/stdEnv.inc'),1Opening file... <../data/pipeline/stdView.inc>('../data/pipeline/stdView.inc'),1Opening file... <../data/pipeline/stdMaterial.inc>('../data/pipeline/stdMaterial.inc'),1afxString.c:490
afxString.c:490
(effectiveRange == len2)
    InvalidOpening file... <../data/pipeline/body/skinnedBody.vsh>('../data/pipeline/body/skinnedBody.vsh'),1Entering the Thread Execution Environment 4592
Hardware-side buffer 04ea1648 ready. 34962, 3, 4Entering the Thread Execution Environment 4360
Opening file... <../data/pipeline/stdEnv.inc>('../data/pipeline/stdEnv.inc'),1Opening file... <../data/pipeline/stdView.inc>('../data/pipeline/stdView.inc'),1Opening file... <../data/pipeline/stdObject.inc>('../data/pipeline/stdObject.inc'),1afxString.c:490
afxString.c:490
(effectiveRange == len2)
    InvalidafxString.c:490
afxString.c:490
(effectiveRange == len2)
    InvalidOpening file... <../data/pipeline/body/body.fsh>('../data/pipeline/body/body.fsh'),1Opening file... <../data/pipeline/stdEnv.inc>('../data/pipeline/stdEnv.inc'),1Opening file... <../data/pipeline/stdView.inc>('../data/pipeline/stdView.inc'),1Opening file... <../data/pipeline/stdMaterial.inc>('../data/pipeline/stdMaterial.inc'),1afxString.c:490
afxString.c:490
(effectiveRange == len2)
    InvalidLoading file... <../data/pipeline/testLighting/testLighting.xsh.xml>('../data/pipeline/testLighting/testLighting.xsh.xml')../data/pipeline/testLighting/testLightingBlinn.vshNode 'Transformer' not handled.../data/pipeline/testLighting/testLightingBlinn.fshOpening file... <../data/pipeline/testLighting/testLightingBlinn.vsh>('../data/pipeline/testLighting/testLightingBlinn.vsh'),1Opening file... <../data/pipeline/stdEnv.inc>('../data/pipeline/stdEnv.inc'),1Opening file... <../data/pipeline/stdView.inc>('../data/pipeline/stdView.inc'),1Opening file... <../data/pipeline/stdObject.inc>('../data/pipeline/stdObject.inc'),1Opening file... <../data/pipeline/testLighting/testLightingBlinn.fsh>('../data/pipeline/testLighting/testLightingBlinn.fsh'),1Opening file... <../data/pipeline/stdEnv.inc>('../data/pipeline/stdEnv.inc'),1Opening file... <../data/pipeline/stdView.inc>('../data/pipeline/stdView.inc'),1Opening file... <../data/pipeline/stdMaterial.inc>('../data/pipeline/stdMaterial.inc'),1afxString.c:490
afxString.c:490
(effectiveRange == len2)
    InvalidLoading file... <../data/pipeline/tutCamUtil/tutCamUtil.xsh.xml>('../data/pipeline/tutCamUtil/tutCamUtil.xsh.xml')../data/pipeline/tutCamUtil/tutCamUtilRigid.vshNode 'DepthWriteEnabled' not handled.../data/pipeline/tutCamUtil/tutCamUtil.fsh../data/pipeline/tutCamUtil/tutCamUtilSkinned.vshNode 'DepthWriteEnabled' not handled.../data/pipeline/tutCamUtil/tutCamUtil.fshOpening file... <../data/pipeline/tutCamUtil/tutCamUtilRigid.vsh>('../data/pipeline/tutCamUtil/tutCamUtilRigid.vsh'),1Opening file... <../data/pipeline/stdEnv.inc>('../data/pipeline/stdEnv.inc'),1Opening file... <../data/pipeline/stdView.inc>('../data/pipeline/stdView.inc'),1Opening file... <../data/pipeline/stdObject.inc>('../data/pipeline/stdObject.inc'),1Opening file... <../data/pipeline/tutCamUtil/tutCamUtil.fsh>('../data/pipeline/tutCamUtil/tutCamUtil.fsh'),1Opening file... <../data/pipeline/stdEnv.inc>('../data/pipeline/stdEnv.inc'),1afxString.c:490
afxString.c:490
(effectiveRange == len2)
    InvalidOpening file... <../data/pipeline/tutCamUtil/tutCamUtilSkinned.vsh>('../data/pipeline/tutCamUtil/tutCamUtilSkinned.vsh'),1Opening file... <../data/pipeline/stdEnv.inc>('../data/pipeline/stdEnv.inc'),1Opening file... <../data/pipeline/stdView.inc>('../data/pipeline/stdView.inc'),1Opening file... <../data/pipeline/stdObject.inc>('../data/pipeline/stdObject.inc'),1Opening file... <../data/pipeline/tutCamUtil/tutCamUtil.fsh>('../data/pipeline/tutCamUtil/tutCamUtil.fsh'),1Opening file... <../data/pipeline/stdEnv.inc>('../data/pipeline/stdEnv.inc'),1afxString.c:490
afxString.c:490
(effectiveRange == len2)
    InvalidLoading file... <../data/pipeline/lighting/lighting.xsh.xml>('../data/pipeline/lighting/lighting.xsh.xml')../data/pipeline/lighting/lighting.vshNode 'DepthWriteEnabled' not handled.../data/pipeline/lighting/lighting.fshOpening file... <../data/pipeline/lighting/lighting.vsh>('../data/pipeline/lighting/lighting.vsh'),1Opening file... <../data/pipeline/stdEnv.inc>('../data/pipeline/stdEnv.inc'),1Opening file... <../data/pipeline/stdView.inc>('../data/pipeline/stdView.inc'),1Opening file... <../data/pipeline/stdObject.inc>('../data/pipeline/stdObject.inc'),1Opening file... <../data/pipeline/lighting/lighting.fsh>('../data/pipeline/lighting/lighting.fsh'),1Opening file... <../data/pipeline/stdEnv.inc>('../data/pipeline/stdEnv.inc'),1Opening file... <../data/pipeline/stdView.inc>('../data/pipeline/stdView.inc'),1Opening file... <../data/pipeline/stdMaterial.inc>('../data/pipeline/stdMaterial.inc'),1afxString.c:490
afxString.c:490
(effectiveRange == len2)
    InvalidEntering the Thread Execution Environment 4592
Hardware-side buffer 04edc4d0 ready. 34962, 4, 4Hardware-side buffer 06874958 ready. 34963, 5, 8Entering the Thread Execution Environment 4360
glus_wavefront.c:859
MTL NAME //./art/scenario/bibliotheca/bibliotheca.mtlglus_wavefront.c:291
MTL FNAME //./art/scenario/bibliotheca/bibliotheca.mtlSkeleton <bibliotheca-uvless> assembled at 04ed0b98.
    Listing 1 joints..:      0 <> 4294967295Animable model <bibliotheca-uvless> assembled at 06874628. 1 mesh rigs for 1 joints.Mesh topology 04ef6d78 built. 23152 triangles (4 bytesPerIdx) and 1 surfaces.Rigid Mesh <> assembled at 06ab3d90.
    69456 vertices with 3 attributes.
    1 triangles (4 bytes per index) arranged in 1 surfaces.
    Listing 1 biases..:      0 <>   0Mesh 06ab3d90 linked to model 06874628.
    Listing 1 bias-joint mapping..:      0 --> 0 <-- 0 <> Skeleton <Bone_main> assembled at 0698e2a0.
    Listing 10 joints..:      0 <Bone_main> 4294967295      1 <Mill>   0      2 <Bone_hitpointbar>   0      3 <Bone_Upper_mill>   0      4 <Upper Mill>   3      5 <Bone_Flag_Civ>   3      6 <Bone_Mill_Blades>   3      7 <Mill Blades>   6      8 <Bone_Mill_Wheel>   3      9 <Mill Wheel>   8Animable model <Bone_main> assembled at 04ff7c20. 4 mesh rigs for 10 joints.Mesh topology 04edc1a0 built. 139 triangles (2 bytesPerIdx) and 1 surfaces.Rigid Mesh <Mill> assembled at 04ed3508.
    524 vertices with 3 attributes.
    1 triangles (2 bytes per index) arranged in 1 surfaces.
    Listing 1 biases..:      0 <Mill>   0Mesh 04ed3508 linked to model 04ff7c20.
    Listing 1 bias-joint mapping..:      0 --> 1 <-- 1 <Mill> Mesh topology 04ff7f58 built. 126 triangles (2 bytesPerIdx) and 2 surfaces.Rigid Mesh <Upper Mill> assembled at 0699e958.
    472 vertices with 3 attributes.
    2 triangles (2 bytes per index) arranged in 2 surfaces.
    Listing 1 biases..:      0 <Upper Mill>   0Mesh 0699e958 linked to model 04ff7c20.
    Listing 1 bias-joint mapping..:      0 --> 4 <-- 4 <Upper Mill> Mesh topology 0687f7f8 built. 70 triangles (2 bytesPerIdx) and 1 surfaces.Rigid Mesh <Mill Blades> assembled at 069c7ea8.
    278 vertices with 3 attributes.
    1 triangles (2 bytes per index) arranged in 1 surfaces.
    Listing 1 biases..:      0 <Mill Blades>   0Mesh 069c7ea8 linked to model 04ff7c20.
    Listing 1 bias-joint mapping..:      0 --> 7 <-- 7 <Mill Blades> Mesh topology 06874510 built. 20 triangles (1 bytesPerIdx) and 1 surfaces.Rigid Mesh <Mill Wheel> assembled at 0687fa30.
    58 vertices with 3 attributes.
    1 triangles (1 bytes per index) arranged in 1 surfaces.
    Listing 1 biases..:      0 <Mill Wheel>   0Mesh 0687fa30 linked to model 04ff7c20.
    Listing 1 bias-joint mapping..:      0 --> 9 <-- 9 <Mill Wheel> Motion <Bone_main> assembled. 04ef7310
    Listing 6 transform circuits:	0 <Bone_Flag_Civ> cdcdcdcd	1 <Bone_Mill_Blades> cdcdcdcd	2 <Bone_Mill_Wheel> cdcdcdcd	3 <Bone_Upper_mill> cdcdcdcd	4 <Bone_hitpointbar> cdcdcdcd	5 <Bone_main> cdcdcdcdMesh topology 04edf7f8 built. 800 triangles (4 bytesPerIdx) and 1 surfaces.Rigid Mesh <> assembled at 04edf8c0.
    441 vertices with 3 attributes.
    1 triangles (4 bytes per index) arranged in 1 surfaces.
    Listing 1 biases..:      0 <>   0Skeleton <> assembled at 06960a40.
    Listing 1 joints..:      0 <> 4294967295Mesh 04edf8c0 linked to model 0688d1e8.
    Listing 1 bias-joint mapping..:      0 --> 0 <-- 0 <> Animable model <cube> assembled at 0688d1e8. 1 mesh rigs for 1 joints.Installing watcher <0688d550> for 04eaa5b8...Entering the Thread Execution Environment 4592
Hardware-side raster 0032c360 ready. de1, 8229, [512,512,1]Hardware-side buffer 04ef2858 ready. 34962, 6, 4Hardware-side buffer 04ef29a8 ready. 34963, 7, 8Hardware-side buffer 04ef2900 ready. 34962, 8, 4Hardware-side buffer 04ef2af8 ready. 34963, 9, 8Hardware-side buffer 04ef2a50 ready. 34962, 10, 4Hardware-side buffer 04ef2c48 ready. 34963, 11, 8Hardware-side buffer 04ef2ba0 ready. 34962, 12, 4Hardware-side buffer 04ef2d98 ready. 34963, 13, 8Hardware-side buffer 04ef2cf0 ready. 34962, 14, 4Hardware-side buffer 04ef2e40 ready. 34963, 15, 8Entering the Thread Execution Environment 4360
akxRenderer.c:87
Entering the Thread Execution Environment 4592
Hardware-side buffer 04ef2ee8 ready. 34962, 16, 4Hardware-side buffer 04ef2f90 ready. 34963, 17, 8Hardware-side raster 0032bd78 ready. de1, 8058, [952,506,1]Hardware-side raster 0032be50 ready. de1, 81a6, [952,506,1]avxCanvas 04ebab88 hardware-side data instanced.Hardware-side buffer 0698e338 ready. 35345, 18, 10Opening file... <../data/pipeline/test/test.vsh>('../data/pipeline/test/test.vsh'),1Opening file... <../data/pipeline/stdEnv.inc>('../data/pipeline/stdEnv.inc'),1Opening file... <../data/pipeline/stdView.inc>('../data/pipeline/stdView.inc'),1Opening file... <../data/pipeline/test/test.fsh>('../data/pipeline/test/test.fsh'),1Opening file... <../data/pipeline/stdEnv.inc>('../data/pipeline/stdEnv.inc'),1avxPipeline 04ea1308 hardware-side data instanced.Hardware-side buffer 0698e530 ready. 35345, 19, 10Opening file... <../data/pipeline/lighting/lighting.vsh>('../data/pipeline/lighting/lighting.vsh'),1Opening file... <../data/pipeline/stdEnv.inc>('../data/pipeline/stdEnv.inc'),1Opening file... <../data/pipeline/stdView.inc>('../data/pipeline/stdView.inc'),1Opening file... <../data/pipeline/stdObject.inc>('../data/pipeline/stdObject.inc'),1Opening file... <../data/pipeline/lighting/lighting.fsh>('../data/pipeline/lighting/lighting.fsh'),1Opening file... <../data/pipeline/stdEnv.inc>('../data/pipeline/stdEnv.inc'),1Opening file... <../data/pipeline/stdView.inc>('../data/pipeline/stdView.inc'),1Opening file... <../data/pipeline/stdMaterial.inc>('../data/pipeline/stdMaterial.inc'),1afxString.c:490
afxString.c:490
(effectiveRange == len2)
    InvalidsglLiga.c:217
Uniform buffer unit 'sgl_mtl' not found in ligature 0030c408.sglLiga.c:200
Combined raster/sampler unit 'floorTexture' not found in ligature 0030c408.avxPipeline 06962a50 hardware-side data instanced.Hardware-side raster 0032bf28 ready. de1, 8058, [952,506,1]Hardware-side raster 0032c000 ready. de1, 81a6, [952,506,1]avxCanvas 04ebac28 hardware-side data instanced.Hardware-side buffer 04ef4d68 ready. 35345, 20, 10Hardware-side buffer 04ea10c0 ready. 35345, 21, 10Hardware-side raster 0032c0d8 ready. de1, 8058, [952,506,1]Hardware-side raster 0032c1b0 ready. de1, 81a6, [952,506,1]avxCanvas 04ebacc8 hardware-side data instanced.