
 afxDebug_w32.c:360
  AfxAttachDebugTerminal()
      ::::::::  :::       :::     :::     :::::::::  :::::::::   ::::::::      
     :+:    :+: :+:       :+:   :+: :+:   :+:    :+: :+:    :+: :+:    :+:     
     +:+    +:+ +:+       +:+  +:+   +:+  +:+    +:+ +:+    +:+ +:+    +:+     
     +#+    +:+ +#+  +:+  +#+ +#++:++#++: +#+    +:+ +#++:++#:  +#+    +:+     
     +#+  # +#+ +#+ +#+#+ +#+ +#+     +#+ +#+    +#+ +#+    +#+ +#+    +#+     
     #+#   +#+   #+#+# #+#+#  #+#     #+# #+#    #+# #+#    #+# #+#    #+#     
      ###### ###  ###   ###   ###     ### #########  ###    ###  ########      
                                                                               
              Q W A D R O   E X E C U T I O N   E C O S Y S T E M              
                                                                               
                               Public Test Build                               
                   (c) 2017 SIGMA, Engineering In Technology                   
                                www.sigmaco.org                                
                                                                               
 Installing Qwadro Execution Ecosystem at 0f70d6e8...
 afxClass<Qwadro Execution Ecosystem>::ConstructObject(00821a20)
 afxSystem_w32.c:318
  _AfxSysCtor(sys=00821a20)
 ERR afxInitialization.c:206?AfxIniLoadFromFile
  1: Section 'BasedOn="E:\qwadro\afx"' missing ']' operator.
 Installing Thread Execution Unit at 00823150 by 00822a58...
 Entering the Thread Execution Environment 3224
 afxClass<Thread Execution Unit>::ConstructObject(007f3c40)
 afxTxu_w32.c:399
  _AfxTxuCtor(007f3c40)
 Installing Memory Management Unit at 00822a6c by 00822a58...
 Installing Thread at 0082308c by 00822a58...
 Installing Device at 00823214 by 00822a58...
 Installing Autonomous Service at 008232d8 by 00822a58...
 Installing File at 00823524 by 00822a58...
 Installing I/O Stream at 0082339c by 00822a58...
 Installing Codec at 00823460 by 00822a58...
 Installing File Archive at 008235e8 by 00822a58 over 00823524...
 Installing Executable & Linkable File at 00822bf4 by 00822a58...
 Installing Installable Client Driver at 00822cb8 by 00822a58...
 Installing File System at 008236ac by 00822a58...
 Installing Application at 00823834 by 00822a58...
 Installing Human Input Device at 00822d7c by 00822a58 over 00823214...
 Installing Keyboard at 00822e40 by 00822a58 over 00822d7c...
 Installing Mouse at 00822f04 by 00822a58 over 00822d7c...
 Installing Controller at 00822fc8 by 00822a58 over 00822d7c...
 Installing String Catalog at 00822b30 by 00822a58...
 Installing Simulation at 00823770 by 00822a58...
 [!] afxSystem_w32.c:490?_AfxSysCtor
  Memory page size: 4096
 [!] afxSystem_w32.c:491?_AfxSysCtor
  Logical processor count: 1
 afxClass<Memory Management Unit>::ConstructObject(007f3d50)
 afxArena.c:768
  AfxAllocateArena(aren=00823964)
 afxArena.c:769
  AfxAllocateArena(spec=00000000,hint="afxSystem_w32.c:504!_AfxSysCtor")
 afxClass<File System>::ConstructObject(0083b070)
 Storage point "." 5 mounted -> "E:\qwadro\afx\\\".
 afxClass<File System>::ConstructObject(0083b0e8)
 Storage point "system" 5 mounted -> "E:\qwadro\afx\\system\".
 afxClass<File System>::ConstructObject(0083b160)
 Storage point "system" 5 mounted -> "E:\qwadro\afx\\system32\".
 afxClass<File System>::ConstructObject(0083b1d8)
 Storage point "system" 5 mounted -> "E:\qwadro\afx\\system32d\".
 afxClass<File System>::ConstructObject(0083b250)
 Storage point "code" 5 mounted -> "E:\qwadro\afx\\code\".
 afxClass<File System>::ConstructObject(0083b2c8)
 Storage point "sound" 5 mounted -> "E:\qwadro\afx\\sound\".
 afxClass<File System>::ConstructObject(0083b390)
 Storage point "data" 5 mounted -> "E:\qwadro\afx\\data\".
 afxClass<File System>::ConstructObject(0083b408)
 Storage point "art" 5 mounted -> "E:\qwadro\afx\\art\".
 afxClass<File System>::ConstructObject(0083b480)
 Storage point "tmp" 7 mounted -> "E:\qwadro\afx\\tmp\".
 afxExecutable.c:243
  AfxLoadExecutables(cnt=1,executables=00823934,uri=0038ddbc)
 afxClass<Executable & Linkable File>::ConstructObject(0083d870)
 afxExecutable.c:153
  _AfxExeCtor(uri:system/e2coree.dll)
 /qwadro/afx//system32d//e2coree.dll
 afxKeyboard.c:290
  AfxAcquireKeyboards(cnt=1,port=0038dc20,keyboards=00823938)
 afxClass<Keyboard, Human Input Device>ConstructingObject(00823c80)
 afxClass<Human Input Device, Device>ConstructingObject(00823c80)
 afxClass<Device>::ConstructObject(00823c80)
 afxClass<Human Input Device>::ConstructObject(00823c80)
 afxClass<Keyboard>::ConstructObject(00823c80)
 afxKeyboard.c:241
  _AfxKbdCtor(kbd=00823c80)
 afxSoundSystem.c:127
  _AfxSsysCtor(ssys=0083da90)
 Installing Sound Device at 0083daac by 0083da98 over 00823214...
 Installing Sound Context at 0083db70 by 0083da98...
 Installing Sound Thread at 0083dc34 by 0083da98 over 0082308c...
 Installing client driver <e2sound.inf>...
 afxClass<Installable Client Driver>::ConstructObject(008245e0)
 afxExecutable.c:243
  AfxLoadExecutables(cnt=1,executables=00824604,uri=0038d470)
 afxClass<Executable & Linkable File>::ConstructObject(0083d974)
 afxExecutable.c:153
  _AfxExeCtor(uri:e2sound.dll)
Installing 'e2sound.dll' ICD on sound system...
	A4D --- Qwadro Execution Ecosystem 0.7.2
	Vendor: SIGMA Technology Group <www.sigmaco.org>
	Note: 
       ::::::::    :::::::::::    ::::::::    ::::     ::::       :::          
      :+:    :+:       :+:       :+:    :+:   +:+:+: :+:+:+     :+: :+:        
      +:+              +:+       +:+          +:+ +:+:+ +:+    +:+   +:+       
      +#++:++#++       +#+       :#:          +#+  +:+  +#+   +#++:++#++:      
             +#+       +#+       +#+   +#+#   +#+       +#+   +#+     +#+      
      #+#    #+#       #+#       #+#    #+#   #+#       #+#   #+#     #+#      
       ########    ###########    ########    ###       ###   ###     ###      
                                                                               
              Q W A D R O   E X E C U T I O N   E C O S Y S T E M              
                                                                               
                               Public Test Build                               
              (c) 2017 SIGMA Technology Group --- Federacao SIGMA              
                                www.sigmaco.org                                
                                                                               
 Installing Sound Device at 0082461c by 00824608 over 0083daac...
 afxClass<Sound Device, Sound Device>ConstructingObject(00824a20)
 afxClass<Sound Device, Device>ConstructingObject(00824a20)
 afxClass<Device>::ConstructObject(00824a20)
 afxClass<Sound Device>::ConstructObject(00824a20)
 afxClass<Sound Device>::ConstructObject(00824a20)
 salSdev.c:419
  _SalSdevCtor(sdev=00824a20)
 Installing Sound Context at 00824b0c by 00824af8 over 0083db70...
 0  - Generic Software
 Listing devices available with ALC_ENUMERATE_ALL_EXT
 0  - Generic Software on Alto-falantes (2- USB Audio Device)
 1  - Generic Software on Alto-falantes (VIA HD Audio(Compatible))
 2  - Generic Software on Headphone (VIA HD Audio(Compatible))
 Listing available capture devices:
 0  - Mixagem estéreo (VIA HD Audio(C
 1  - Microfone (VIA HD Audio(Compati
 2  - Microfone (2- USB Audio Device)
 000 alEnable core found.
 001 alDisable core found.
 002 alIsEnabled core found.
 003 alGetString core found.
 004 alGetBooleanv core found.
 005 alGetIntegerv core found.
 006 alGetFloatv core found.
 007 alGetDoublev core found.
 008 alGetBoolean core found.
 009 alGetInteger core found.
 010 alGetFloat core found.
 011 alGetDouble core found.
 012 alGetError core found.
 013 alIsExtensionPresent core found.
 014 alGetProcAddress core found.
 015 alGetEnumValue core found.
 016 alListenerf core found.
 017 alListener3f core found.
 018 alListenerfv core found.
 019 alListeneri core found.
 020 alListener3i core found.
 021 alListeneriv core found.
 022 alGetListenerf core found.
 023 alGetListener3f core found.
 024 alGetListenerfv core found.
 025 alGetListeneri core found.
 026 alGetListener3i core found.
 027 alGetListeneriv core found.
 028 alGenSources core found.
 029 alDeleteSources core found.
 030 alIsSource core found.
 031 alSourcef core found.
 032 alSource3f core found.
 033 alSourcefv core found.
 034 alSourcei core found.
 035 alSource3i core found.
 036 alSourceiv core found.
 037 alGetSourcef core found.
 038 alGetSource3f core found.
 039 alGetSourcefv core found.
 040 alGetSourcei core found.
 041 alGetSource3i core found.
 042 alGetSourceiv core found.
 043 alSourcePlayv core found.
 044 alSourceStopv core found.
 045 alSourceRewindv core found.
 046 alSourcePausev core found.
 047 alSourcePlay core found.
 048 alSourceStop core found.
 049 alSourceRewind core found.
 050 alSourcePause core found.
 051 alSourceQueueBuffers core found.
 052 alSourceUnqueueBuffers core found.
 053 alGenBuffers core found.
 054 alDeleteBuffers core found.
 055 alIsBuffer core found.
 056 alBufferData core found.
 057 alBufferf core found.
 058 alBuffer3f core found.
 059 alBufferfv core found.
 060 alBufferi core found.
 061 alBuffer3i core found.
 062 alBufferiv core found.
 063 alGetBufferf core found.
 064 alGetBuffer3f core found.
 065 alGetBufferfv core found.
 066 alGetBufferi core found.
 067 alGetBuffer3i core found.
 068 alGetBufferiv core found.
 afxClass<File>::ConstructObject(00871fd0)
 /qwadro/afx//sound//qwadroDeepNote44kHz
 afxStream.c:1200
  AfxAcquireStream(cap=0,flags=1,start=00000000,range=0)
 afxClass<I/O Stream>::ConstructObject(00879270)
 ERR afxStream.c:320?AfxMeasureStream
  
 ERR afxStream.c:320?AfxMeasureStream
  (((((afxFlags)(ios->flags)) & ((afxFlags)(afxIoFlag_X))) == (afxFlags)(afxIoFlag_X)))
    Invalid
 Dismantling File object (#0) 00871fd0...
 Destructing instance 00871fd0 of File class.
 Dismantling I/O Stream object (#0) 00879270...
 Destructing instance 00879270 of I/O Stream class.Sound device '
                         :::           :::       :::::::::                     
                       :+: :+:        :+:        :+:    :+:                    
                      +:+   +:+      +:+ +:+     +:+    +:+                    
                     +#++:++#++:    +#+  +:+     +#+    +:+                    
                     +#+     +#+   +#+#+#+#+#+   +#+    +#+                    
                     #+#     #+#         #+#     #+#    #+#                    
                     ###     ###         ###     #########                     
                                                                               
              Q W A D R O   E X E C U T I O N   E C O S Y S T E M              
                                                                               
                               Public Test Build                               
              (c) 2017 SIGMA Technology Group --- Federacao SIGMA              
                                www.sigmaco.org                                
                                                                               ' <'a4d'> registered on sound system
 afxSoundThread.c:171
  AfxAcquireSoundThreads(cnt=1,config=0038d8ec,sthr=0038d9e0)
 afxClass<Sound Thread, Thread>ConstructingObject(00871fd0)
 afxClass<Thread>::ConstructObject(00871fd0)
 afxThread.c:263
  _AfxThrCtor(00871fd0)
 afxClass<Sound Thread>::ConstructObject(00871fd0)
 afxSoundThread.c:128
  _AfxSthrCtor(sthr=00871fd0)
 afxThread.c:204
  AfxRunThread(thr=00871fd0)
 afxDrawSystem.c:233
  _AfxDsysCtor(dsys=00879240)
 Installing Draw Device at 00879748 by 0087929c over 00823214...
 Installing Draw Context at 00879374 by 0087929c...
 Installing Draw Output at 008794fc by 0087929c...
 Installing Draw Input at 00879684 by 0087929c...
 Installing Draw Thread at 008792b0 by 0087929c over 0082308c...
 Installing client driver <e2draw.inf>...
 afxClass<Installable Client Driver>::ConstructObject(0082473c)
 afxExecutable.c:243
  AfxLoadExecutables(cnt=1,executables=00824760,uri=0038d400)
 afxClass<Executable & Linkable File>::ConstructObject(00879880)
 afxExecutable.c:153
  _AfxExeCtor(uri:e2draw.dll)
Installing 'e2draw.dll' ICD on draw system...
	OpenGL/Vulkan Continuous Integration --- SIGMA GL/2 --- Qwadro Execution Ecosystem 0.7.2
	Vendor: SIGMA Technology Group <www.sigmaco.org>
	Note: Vesa
 Installing Draw Device at 00824778 by 00824764 over 00879748...
 afxClass<Draw Device, Draw Device>ConstructingObject(00879da0)
 afxClass<Draw Device, Device>ConstructingObject(00879da0)
 afxClass<Device>::ConstructObject(00879da0)
 afxClass<Draw Device>::ConstructObject(00879da0)
 afxClass<Draw Device>::ConstructObject(00879da0)
 sglDdrv_w32.c:2632
  _SglDdevCtor(ddev=00879da0)
 Listing mem available display devices...

 #0 = Intel(R) HD Graphics (\\.\DISPLAY5) 8080005
 #1 = RDPDD Chained DD (\\.\DISPLAYV1) 200008
 #2 = RDP Encoder Mirror Driver (\\.\DISPLAYV2) 200008
 #3 = RDP Reflector Display Driver (\\.\DISPLAYV3) 200008
 afxMutex.c:24
  AfxTakeMutex(mtx=0087a3c4,type=00000000)
 Created. (mtx)0087a3c4
 Installing Draw Script at 0087a54c by 00879e78...
 Installing Draw Queue at 0087a488 by 00879e78...
 Installing Draw Context at 00879e8c by 00879e78 over 00879374...
 Installing Draw Output at 00879f50 by 00879e78 over 008794fc...
 Installing Draw Input at 0087a014 by 00879e78 over 00879684...