
 afxDebug_w32.c:360
  AfxAttachDebugTerminal()
      ::::::::  :::       :::     :::     :::::::::  :::::::::   ::::::::      
     :+:    :+: :+:       :+:   :+: :+:   :+:    :+: :+:    :+: :+:    :+:     
     +:+    +:+ +:+       +:+  +:+   +:+  +:+    +:+ +:+    +:+ +:+    +:+     
     +#+    +:+ +#+  +:+  +#+ +#++:++#++: +#+    +:+ +#++:++#:  +#+    +:+     
     +#+  # +#+ +#+ +#+#+ +#+ +#+     +#+ +#+    +#+ +#+    +#+ +#+    +#+     
     #+#   +#+   #+#+# #+#+#  #+#     #+# #+#    #+# #+#    #+# #+#    #+#     
      ###### ###  ###   ###   ###     ### #########  ###    ###  ########      
                                                                               
              Q W A D R O   E X E C U T I O N   E C O S Y S T E M              
                                                                               
                               Public Test Build                               
                   (c) 2017 SIGMA, Engineering In Technology                   
                                www.sigmaco.org                                
                                                                               
 Installing Qwadro Execution Ecosystem at 0fbed6e8...
 afxClass<Qwadro Execution Ecosystem>::ConstructObject(00661a20)
 afxSystem_w32.c:318
  _AfxSysCtor(sys=00661a20)
 ERR afxInitialization.c:206?AfxIniLoadFromFile
  1: Section 'BasedOn="E:\qwadro\afx"' missing ']' operator.
 Installing Thread Execution Unit at 00663150 by 00662a58...
 Entering the Thread Execution Environment 5420
 afxClass<Thread Execution Unit>::ConstructObject(00633c40)
 afxTxu_w32.c:399
  _AfxTxuCtor(00633c40)
 Installing Memory Management Unit at 00662a6c by 00662a58...
 Installing Thread at 0066308c by 00662a58...
 Installing Device at 00663214 by 00662a58...
 Installing Autonomous Service at 006632d8 by 00662a58...
 Installing File at 00663524 by 00662a58...
 Installing I/O Stream at 0066339c by 00662a58...
 Installing Codec at 00663460 by 00662a58...
 Installing File Archive at 006635e8 by 00662a58 over 00663524...
 Installing Executable & Linkable File at 00662bf4 by 00662a58...
 Installing Installable Client Driver at 00662cb8 by 00662a58...
 Installing File System at 006636ac by 00662a58...
 Installing Application at 00663834 by 00662a58...
 Installing Human Input Device at 00662d7c by 00662a58 over 00663214...
 Installing Keyboard at 00662e40 by 00662a58 over 00662d7c...
 Installing Mouse at 00662f04 by 00662a58 over 00662d7c...
 Installing Controller at 00662fc8 by 00662a58 over 00662d7c...
 Installing String Catalog at 00662b30 by 00662a58...
 Installing Simulation at 00663770 by 00662a58...
 [!] afxSystem_w32.c:490?_AfxSysCtor
  Memory page size: 4096
 [!] afxSystem_w32.c:491?_AfxSysCtor
  Logical processor count: 1
 afxClass<Memory Management Unit>::ConstructObject(00633d50)
 afxArena.c:768
  AfxAllocateArena(aren=00663964)
 afxArena.c:769
  AfxAllocateArena(spec=00000000,hint="afxSystem_w32.c:504!_AfxSysCtor")
 afxClass<File System>::ConstructObject(0067b070)
 Storage point "." 5 mounted -> "E:\qwadro\afx\\\".
 afxClass<File System>::ConstructObject(0067b0e8)
 Storage point "system" 5 mounted -> "E:\qwadro\afx\\system\".
 afxClass<File System>::ConstructObject(0067b160)
 Storage point "system" 5 mounted -> "E:\qwadro\afx\\system32\".
 afxClass<File System>::ConstructObject(0067b1d8)
 Storage point "system" 5 mounted -> "E:\qwadro\afx\\system32d\".
 afxClass<File System>::ConstructObject(0067b250)
 Storage point "code" 5 mounted -> "E:\qwadro\afx\\code\".