Booting...
Acquiring...  Thread Execution Unit 940 @ afxSystem_w32.c:447Mounting... <//./z/>(''),5Mounting... <//./z/>('E:\qwadro\repo\bangitk\system'),5Mounting... <//./z/>('E:\qwadro\repo\bangitk\system32'),7Mounting... <//./z/>('E:\qwadro\repo\bangitk\system32d'),7Mounting... <//./c/>('C:\Windows\SysWow64'),5Loading... Executable And Linkage Module <e2coree.dll>Memory Page Size: 4096HW Threading Capacity: 2Loading... Executable And Linkage Module <e2draw.dll>Loading... Executable And Linkage Module <e2combo.dll>Loading... Executable And Linkage Module <e2sound.dll>Loading... Executable And Linkage Module <e2mmux.dll>Loading... Executable And Linkage Module <//./z////eaxzal1.dll>Loading... Installable Client Driver <//./z/////eaxzal1.dll>	<//./amigal1/>("")  0.0.0 Loading... Executable And Linkage Module <//./z////galileo.dll>Loading... Installable Client Driver <//./z/////galileo.dll>	<//./combo/>("")  0.0.0 Loading... Executable And Linkage Module <//./z////tarzgl4.dll>Loading... Installable Client Driver <//./z/////tarzgl4.dll>	<//./targl3/>("")  0.0.0 	<//./targl4/>("")  0.0.0 Loading... Executable And Linkage Module <//./z////winsh4d.dll>Loading... Installable Client Driver <//./z/////winsh4d.dll>Mounting... <//./d/>('E:\qwadro\repo\bangitk\system'),7	<//./dwm/>("")  0.0.0 	<//./kbd/>("")  0.0.0 	<//./mse/>("")  0.0.0 	<//./gpad/>("")  0.0.0 Entering the Thread Execution Environment 940
Loading... Executable And Linkage Module <//./c/opengl32.dll>Listing mem available display devices...
#0 = Intel(R) HD Graphics (\\.\DISPLAY17) 8080005#1 = RDPDD Chained DD (\\.\DISPLAYV1) 200008#2 = RDP Encoder Mirror Driver (\\.\DISPLAYV2) 200008#3 = RDP Reflector Display Driver (\\.\DISPLAYV3) 200008zglInterop_WGL32.c:1534
GL: INVAL_PARAMzglInterop_WGL32.c:1549
GL: INVAL_PARAMzglInterop_WGL32.c:1560
GL: INVAL_PARAMzglInterop_WGL32.c:1592
GL: INVAL_PARAMzglInterop_WGL32.c:1623
GL: INVAL_PARAMzglInterop_WGL32.c:1625
GL: INVAL_PARAMzglInterop_WGL32.c:1782
GL: INVAL_PARAMzglInterop_WGL32.c:1785
GL: INVAL_PARAMzglInterop_WGL32.c:1790
GL: INVAL_PARAMzglInterop_WGL32.c:1795
GL: INVAL_PARAMAcquiring...  Thread Execution Unit 0 @ zglDrawBridge.c:2060Reopening... <//./z/video/uvOutTristripQuad.vsh>Entering the Thread Execution Environment 7984
Starting 7984 on thread execution unit #1...Entering the Thread Execution Environment 940
Reopening... <//./z/video/stdEnv.inc>Entering the Thread Execution Environment 7984
SIGMA GL/2 Draw Execution Unit 000
	Intel(R) HD Graphics 3.2.0 - Build 10.18.10.5129Entering the Thread Execution Environment 940
afxString.c:170
afxString.c:170
<from>430 + <1>1 is out of capacity <strLen>430.Reopening... <//./z/video/sampleOutRgba2d.fsh>Reopening... <//./z/video/stdEnv.inc>afxString.c:170
afxString.c:170
<from>157 + <1>1 is out of capacity <strLen>157.afxClass.c:916
afxClass.c:916
(cfg->fcc)
    InvalidafxClass.c:939
afxClass.c:939
(cfg->name && cfg->name[0])
    InvalidMounting... <//./d/>('E:\qwadro\repo\bangitk\tmp'),7Mounting... <//./a/>('E:\qwadro\repo\bangitk\art'),5Reopening... <../data/pipeline/test/test.xsh.xml>Entering the Thread Execution Environment 7984
GPU buffer 03fd15e0 ready. 34962, 2, 4Entering the Thread Execution Environment 940
../data/pipeline/test/test.vshTag '/' not handled.../data/pipeline/test/test.fshTag '/' not handled.Reopening... <../data/pipeline/test/test.vsh>Reopening... <../data/pipeline/stdEnv.inc>Reopening... <../data/pipeline/stdView.inc>afxString.c:170
afxString.c:170
<from>327 + <1>1 is out of capacity <strLen>327.Reopening... <../data/pipeline/test/test.fsh>Reopening... <../data/pipeline/stdEnv.inc>afxString.c:170
afxString.c:170
<from>84 + <1>1 is out of capacity <strLen>84.Reopening... <../data/pipeline/body/body.xsh.xml>Tag 'id' not handled.Tag 'depthWriteEnabled' not handled.../data/pipeline/body/rigidBody.vshTag '/' not handled.../data/pipeline/body/body.fshTag '/' not handled.Reopening... <../data/pipeline/body/rigidBody.vsh>Reopening... <../data/pipeline/stdEnv.inc>Reopening... <../data/pipeline/stdView.inc>Reopening... <../data/pipeline/stdObject.inc>afxString.c:170
afxString.c:170
<from>633 + <1>1 is out of capacity <strLen>633.Reopening... <../data/pipeline/body/body.fsh>Reopening... <../data/pipeline/stdEnv.inc>Reopening... <../data/pipeline/stdView.inc>Reopening... <../data/pipeline/stdMaterial.inc>afxString.c:471
afxString.c:471
(effectiveRange == len2)
    InvalidafxString.c:170
afxString.c:170
<from>1296 + <1>1 is out of capacity <strLen>1296.Tag 'id' not handled.Tag 'depthWriteEnabled' not handled.Tag 'specialization' not handled.../data/pipeline/body/skinnedBody.vshTag '/' not handled.../data/pipeline/body/body.fshTag '/' not handled.Reopening... <../data/pipeline/body/skinnedBody.vsh>Reopening... <../data/pipeline/stdEnv.inc>Reopening... <../data/pipeline/stdView.inc>Reopening... <../data/pipeline/stdObject.inc>afxString.c:471
afxString.c:471
(effectiveRange == len2)
    InvalidafxString.c:471
afxString.c:471
(effectiveRange == len2)
    InvalidafxString.c:170
afxString.c:170
<from>1317 + <1>1 is out of capacity <strLen>1317.Reopening... <../data/pipeline/body/body.fsh>Reopening... <../data/pipeline/stdEnv.inc>Reopening... <../data/pipeline/stdView.inc>Reopening... <../data/pipeline/stdMaterial.inc>afxString.c:471
afxString.c:471
(effectiveRange == len2)
    InvalidafxString.c:170
afxString.c:170
<from>1296 + <1>1 is out of capacity <strLen>1296.Reopening... <../data/pipeline/testLighting/testLighting.xsh.xml>Tag 'id' not handled.../data/pipeline/testLighting/testLightingBlinn.vshTag '/' not handled.../data/pipeline/testLighting/testLightingBlinn.fshTag '/' not handled.Reopening... <../data/pipeline/testLighting/testLightingBlinn.vsh>Reopening... <../data/pipeline/stdEnv.inc>Reopening... <../data/pipeline/stdView.inc>Reopening... <../data/pipeline/stdObject.inc>afxString.c:170
afxString.c:170
<from>588 + <1>1 is out of capacity <strLen>588.Reopening... <../data/pipeline/testLighting/testLightingBlinn.fsh>Reopening... <../data/pipeline/stdEnv.inc>Reopening... <../data/pipeline/stdView.inc>Reopening... <../data/pipeline/stdMaterial.inc>afxString.c:471
afxString.c:471
(effectiveRange == len2)
    InvalidafxString.c:170
afxString.c:170
<from>1474 + <1>1 is out of capacity <strLen>1474.Reopening... <../data/pipeline/tutCamUtil/tutCamUtil.xsh.xml>Tag 'id' not handled.../data/pipeline/tutCamUtil/tutCamUtilRigid.vshTag '/' not handled.../data/pipeline/tutCamUtil/tutCamUtil.fshTag '/' not handled.Reopening... <../data/pipeline/tutCamUtil/tutCamUtilRigid.vsh>Reopening... <../data/pipeline/stdEnv.inc>Reopening... <../data/pipeline/stdView.inc>Reopening... <../data/pipeline/stdObject.inc>afxString.c:170
afxString.c:170
<from>925 + <1>1 is out of capacity <strLen>925.Reopening... <../data/pipeline/tutCamUtil/tutCamUtil.fsh>Reopening... <../data/pipeline/stdEnv.inc>afxString.c:471
afxString.c:471
(effectiveRange == len2)
    InvalidafxString.c:170
afxString.c:170
<from>308 + <1>1 is out of capacity <strLen>308.Tag 'id' not handled.../data/pipeline/tutCamUtil/tutCamUtilSkinned.vshTag '/' not handled.../data/pipeline/tutCamUtil/tutCamUtil.fshTag '/' not handled.Reopening... <../data/pipeline/tutCamUtil/tutCamUtilSkinned.vsh>Reopening... <../data/pipeline/stdEnv.inc>Reopening... <../data/pipeline/stdView.inc>Reopening... <../data/pipeline/stdObject.inc>afxString.c:170
afxString.c:170
<from>1389 + <1>1 is out of capacity <strLen>1389.Reopening... <../data/pipeline/tutCamUtil/tutCamUtil.fsh>Reopening... <../data/pipeline/stdEnv.inc>afxString.c:471
afxString.c:471
(effectiveRange == len2)
    InvalidafxString.c:170
afxString.c:170
<from>308 + <1>1 is out of capacity <strLen>308.Reopening... <../data/pipeline/lighting/lighting.xsh.xml>Tag 'id' not handled.../data/pipeline/lighting/lighting.vshTag '/' not handled.../data/pipeline/lighting/lighting.fshTag '/' not handled.Reopening... <../data/pipeline/lighting/lighting.vsh>Reopening... <../data/pipeline/stdEnv.inc>Reopening... <../data/pipeline/stdView.inc>Reopening... <../data/pipeline/stdObject.inc>afxString.c:170
afxString.c:170
<from>574 + <1>1 is out of capacity <strLen>574.Reopening... <../data/pipeline/lighting/lighting.fsh>Reopening... <../data/pipeline/stdEnv.inc>Reopening... <../data/pipeline/stdView.inc>Reopening... <../data/pipeline/stdMaterial.inc>afxString.c:471
afxString.c:471
(effectiveRange == len2)
    InvalidafxString.c:170
afxString.c:170
<from>1472 + <1>1 is out of capacity <strLen>1472.Installing watcher <03fd8300> for 03dc64e0...Rigid Mesh <> assembled at 029ce2a0.
    10201 vertices with 4 attributes.
    20000 triangles (2 bytes per index) arranged in 1 surfaces.
    Listing 1 biases..:      0 <>   0glus_wavefront.c:859
MTL NAME //./art/scenario/bibliotheca/bibliotheca.mtlglus_wavefront.c:291
MTL FNAME //./art/scenario/bibliotheca/bibliotheca.mtlSkeleton <bibliotheca> assembled at 03fcf880.
    Listing 1 joints..:      0 <> 4294967295Animable model <bibliotheca> assembled at 029ce3b0. 1 mesh rigs for 1 joints.Reopening... <-vtx.tga>afxStream.c:468
Reopening... <-nrm.tga>afxStream.c:468
Rigid Mesh <> assembled at 029ce4b0.
    69456 vertices with 3 attributes.
    23152 triangles (4 bytes per index) arranged in 50 surfaces.
    Listing 1 biases..:      0 <>   0Mesh 029ce4b0 rigged to model 029ce3b0.
    Listing 1 bias-joint mapping..:      0 --> 0 <-- 0 <> Skeleton <Bone_main> assembled at 03fe2270.
    Listing 10 joints..:      0 <Bone_main> 4294967295      1 <Mill> 4294967295      2 <Bone_hitpointbar> 4294967295      3 <Bone_Upper_mill> 4294967295      4 <Upper Mill> 4294967295      5 <Bone_Flag_Civ> 4294967295      6 <Bone_Mill_Blades> 4294967295      7 <Mill Blades> 4294967295      8 <Bone_Mill_Wheel> 4294967295      9 <Mill Wheel> 4294967295Animable model <Bone_main> assembled at 029ce1a0. 4 mesh rigs for 10 joints.Rigid Mesh <Mill> assembled at 029cde80.
    524 vertices with 3 attributes.
    139 triangles (2 bytes per index) arranged in 1 surfaces.
    Listing 1 biases..:      0 <Mill>   0Mesh 029cde80 rigged to model 029ce1a0.
    Listing 1 bias-joint mapping..:      0 --> 1 <-- 1 <Mill> Rigid Mesh <Upper Mill> assembled at 029ce5c0.
    472 vertices with 3 attributes.
    126 triangles (2 bytes per index) arranged in 2 surfaces.
    Listing 1 biases..:      0 <Upper Mill>   0Mesh 029ce5c0 rigged to model 029ce1a0.
    Listing 1 bias-joint mapping..:      0 --> 4 <-- 4 <Upper Mill> Rigid Mesh <Mill Blades> assembled at 029ce6c0.
    278 vertices with 3 attributes.
    70 triangles (2 bytes per index) arranged in 1 surfaces.
    Listing 1 biases..:      0 <Mill Blades>   0Mesh 029ce6c0 rigged to model 029ce1a0.
    Listing 1 bias-joint mapping..:      0 --> 7 <-- 7 <Mill Blades> Rigid Mesh <Mill Wheel> assembled at 029ce7d0.
    58 vertices with 3 attributes.
    20 triangles (1 bytes per index) arranged in 1 surfaces.
    Listing 1 biases..:      0 <Mill Wheel>   0Mesh 029ce7d0 rigged to model 029ce1a0.
    Listing 1 bias-joint mapping..:      0 --> 9 <-- 9 <Mill Wheel> Motion <Bone_main> assembled. 04071d80
    Listing 6 transform circuits:	0 <Bone_Flag_Civ> cdcdcdcd	1 <Bone_Mill_Blades> cdcdcdcd	2 <Bone_Mill_Wheel> cdcdcdcd	3 <Bone_Upper_mill> cdcdcdcd	4 <Bone_hitpointbar> cdcdcdcd	5 <Bone_main> cdcdcdcdRigid Mesh <> assembled at 029ceae0.
    441 vertices with 3 attributes.
    800 triangles (2 bytes per index) arranged in 1 surfaces.
    Listing 1 biases..:      0 <>   0Skeleton <cube> assembled at 06076990.
    Listing 1 joints..:      0 <> 4294967295Animable model <cube> assembled at 029cee00. 1 mesh rigs for 1 joints.Mesh 029ceae0 rigged to model 029cee00.
    Listing 1 bias-joint mapping..:      0 --> 0 <-- 0 <> Entering the Thread Execution Environment 7984
GPU TO 06073840 ready. de1, 8229, [512,512,1]GPU buffer 0610f440 ready. 34962, 3, 4GPU buffer 0610f510 ready. 34963, 4, 8GPU buffer 040fd2d0 ready. 34962, 5, 4GPU buffer 06073a60 ready. 34963, 6, 8GPU buffer 040fd490 ready. 34962, 7, 4GPU buffer 061dc310 ready. 34963, 8, 8GPU buffer 061dc3e0 ready. 34962, 9, 4GPU buffer 061dc4a0 ready. 34963, 10, 8GPU buffer 061dc570 ready. 34962, 11, 4GPU buffer 061dc630 ready. 34963, 12, 8GPU buffer 061dc700 ready. 34962, 13, 4GPU buffer 061dc7c0 ready. 34963, 14, 8GPU TO 03fd1240 ready. de1, 8058, [667,346,1]GPU TO 03fd1320 ready. de1, 81a6, [667,346,1]avxCanvas 03fe44f0 hardware-side data instanced.GPU buffer 03fcf200 ready. 35345, 15, 10Reopening... <../data/pipeline/testLighting/testLightingBlinn.vsh>Reopening... <../data/pipeline/stdEnv.inc>Reopening... <../data/pipeline/stdView.inc>Reopening... <../data/pipeline/stdObject.inc>Reopening... <../data/pipeline/testLighting/testLightingBlinn.fsh>Reopening... <../data/pipeline/stdEnv.inc>Reopening... <../data/pipeline/stdView.inc>Reopening... <../data/pipeline/stdMaterial.inc>zglLigature.c:238
Uniform buffer unit 'sgl_mtl' not found in ligature 03fcf5a0.avxPipeline 045a08f0 hardware-side data instanced.Reopening... <../data/pipeline/lighting/lighting.vsh>Reopening... <../data/pipeline/stdEnv.inc>Reopening... <../data/pipeline/stdView.inc>Reopening... <../data/pipeline/stdObject.inc>Reopening... <../data/pipeline/lighting/lighting.fsh>Reopening... <../data/pipeline/stdEnv.inc>Reopening... <../data/pipeline/stdView.inc>Reopening... <../data/pipeline/stdMaterial.inc>zglLigature.c:238
Uniform buffer unit 'sgl_mtl' not found in ligature 03fd6420.zglLigature.c:221
Combined raster/sampler unit 'floorTexture' not found in ligature 03fd6420.avxPipeline 03fef420 hardware-side data instanced.Reopening... <../data/pipeline/test/test.vsh>Reopening... <../data/pipeline/stdEnv.inc>Reopening... <../data/pipeline/stdView.inc>Reopening... <../data/pipeline/test/test.fsh>Reopening... <../data/pipeline/stdEnv.inc>avxPipeline 045a02d0 hardware-side data instanced.GPU buffer 03fd26f0 ready. 35345, 16, 10GPU buffer 03fd16a0 ready. 34963, 17, 8GPU TO 03fd1410 ready. de1, 8058, [667,346,1]GPU TO 03fd14f0 ready. de1, 81a6, [667,346,1]avxCanvas 03fe4580 hardware-side data instanced.GPU buffer 03fd27c0 ready. 35345, 18, 10GPU buffer 03fcf720 ready. 35345, 19, 10GPU TO 03fe4e70 ready. de1, 8058, [667,346,1]GPU TO 03fe4f50 ready. de1, 81a6, [667,346,1]avxCanvas 03fe4460 hardware-side data instanced.Entering the Thread Execution Environment 940
Reopening... <tmp/ss-wnd0-4271713099.tga>afxFile.c:238
Reopening... <tmp/ss-wnd0-4271713135.tga>afxFile.c:238
