Booting up...
Acquiring thread...  5824 "afxSystem_w32.c:432"Mounting... <//./z/>(''),5Mounting... <//./z/>('E:\qwadro\afx\system'),5Mounting... <//./z/>('E:\qwadro\afx\system32'),7Mounting... <//./z/>('E:\qwadro\afx\system32d'),7Mounting... <//./c/>('C:\'),7Mounting... <//./e/>('E:\'),7Mounting... <//./f/>('F:\'),7Mounting... <//./g/>('G:\'),7Mounting... <//./h/>('H:\'),7Mounting... <//./i/>('I:\'),7Loading module... <e2coree>Memory Page Size: 4096HW Threading Capacity: 2Doing the AVX start up...Loading module... <e2vgi>Doing the AMX start up...Loading module... <e2pragma>Doing the ASX start up...Loading module... <e2sound>Doing the AUX start up...Loading module... <e2mmux>Loading installable client driver... <amigal1.dll>	<//./amigal1/>("amigal1")
	Accoustics Immersion Accelerator 0.1.1514
	SIGMA Technology Group <https://sigmaco.org>
Loading installable client driver... <emathya.dll>afxDevice.c:95
	<//./emathya/>("emathya")
	Math Computation Accelerator 0.1.2
	SIGMA Technology Group <https://sigmaco.org>
Loading installable client driver... <sh4dwin.dll>afxDevice.c:95
Mounting... <//./d/>('E:\qwadro\afx\system'),7	<//./dwm/>("sh4dwin")
	Desktop Window Manager 0.1.2
	SIGMA Technology Group <https://sigmaco.org>
	<//./kbd/>("sh4dwin")
	HID Keyboard 0.1.2
	SIGMA Technology Group <https://sigmaco.org>
	<//./mse/>("sh4dwin")
	HID Mouse 0.1.2
	SIGMA Technology Group <https://sigmaco.org>
	<//./gpad/>("sh4dwin")
	HID Gamepad 0.1.2
	SIGMA Technology Group <https://sigmaco.org>
Loading installable client driver... <targl4.dll>	<//./targl3/>("targl4")
	Truecolor Advanced Raster Graphics Accelerator 4.0.16385
	SIGMA Technology Group <https://sigmaco.org>
	<//./targl4/>("targl4")
	Truecolor Advanced Raster Graphics Accelerator 4.0.16385
	SIGMA Technology Group <https://sigmaco.org>
Entering the Thread Execution Environment 5824
afxClass.c:898
afxClass.c:898
(cfg->fcc)
    InvalidafxClass.c:921
afxClass.c:921
(cfg->name && cfg->name[0])
    InvalidMounting... <//./d/>('E:\qwadro\afx\system'),7Mounting... <//./a/>('E:\qwadro\afx\art'),5Loading module... <opengl32.dll>Listing mem available display devices...
#0 = Intel(R) HD Graphics (\\.\DISPLAY1) 8080005#1 = RDPDD Chained DD (\\.\DISPLAYV1) 200008#2 = RDP Encoder Mirror Driver (\\.\DISPLAYV2) 200008#3 = RDP Reflector Display Driver (\\.\DISPLAYV3) 200008sglInterop_WGL32.c:1569
GL: INVAL_PARAMsglInterop_WGL32.c:1571
GL: INVAL_PARAMsglInterop_WGL32.c:1669
GL: INVAL_PARAMsglInterop_WGL32.c:1698
GL: INVAL_PARAMsglInterop_WGL32.c:1771
GL: INVAL_PARAMsglInterop_WGL32.c:1774
GL: INVAL_PARAMsglInterop_WGL32.c:1779
GL: INVAL_PARAMsglInterop_WGL32.c:1784
GL: INVAL_PARAMAcquiring thread...  0 "sglDrawBridge.c:1787"Entering the Thread Execution Environment 5828
Starting 5828 on thread execution unit #1...Entering the Thread Execution Environment 5824
Opening file... <../system/video/uvOutTristripQuad.vsh>('../system/video/uvOutTristripQuad.vsh'),1Entering the Thread Execution Environment 5828
SIGMA GL/2 Draw Execution Unit 000
	Intel(R) HD Graphics 3.2.0 - Build 10.18.10.5161Entering the Thread Execution Environment 5824
Opening file... <../system/video/stdEnv.inc>('../system/video/stdEnv.inc'),1Opening file... <../system/video/sampleOutRgba2d.fsh>('../system/video/sampleOutRgba2d.fsh'),1Opening file... <../system/video/stdEnv.inc>('../system/video/stdEnv.inc'),1afxDrawOutput.c:225
afxDrawOutput.c:225
(whd[0])(952) is out of range [1, 2003241397]afxDrawOutput.c:226
afxDrawOutput.c:226
(whd[1])(506) is out of range [1, 2003241452]Window_W32.c:682
afxWindow.c:183
afxWindow.c:292
afxDrawOutput 000 readapted. 1920x1080 @ 60.000000Hz <1.777778r, 1.776903p>Entering the Thread Execution Environment 5828
Hardware-side buffer 043bed08 ready. 34962, 1, 4Hardware-side buffer 044fbf08 ready. 34963, 2, 8Entering the Thread Execution Environment 5824
Loading file... <../data/pipeline/test/test.xsh.xml>('../data/pipeline/test/test.xsh.xml')../data/pipeline/test/test.vsh../data/pipeline/test/test.fshOpening file... <../data/pipeline/test/test.vsh>('../data/pipeline/test/test.vsh'),1Opening file... <../data/pipeline/stdEnv.inc>('../data/pipeline/stdEnv.inc'),1Opening file... <../data/pipeline/stdView.inc>('../data/pipeline/stdView.inc'),1Opening file... <../data/pipeline/test/test.fsh>('../data/pipeline/test/test.fsh'),1Opening file... <../data/pipeline/stdEnv.inc>('../data/pipeline/stdEnv.inc'),1afxUri.c:1480
Reloading file 0... <../art/skybox/purple/right.tga>('../art/skybox/purple/right.tga')afxUri.c:1480
Entering the Thread Execution Environment 5828
Hardware-side raster 00331e58 ready. 8513, 8051, [2048,2048,6]Entering the Thread Execution Environment 5824
Reloading file 0... <../art/skybox/purple/left.tga>('../art/skybox/purple/left.tga')afxUri.c:1480
Reloading file 0... <../art/skybox/purple/bottom.tga>('../art/skybox/purple/bottom.tga')afxUri.c:1480
Reloading file 0... <../art/skybox/purple/top.tga>('../art/skybox/purple/top.tga')afxUri.c:1480
Reloading file 0... <../art/skybox/purple/front.tga>('../art/skybox/purple/front.tga')afxUri.c:1480
Reloading file 0... <../art/skybox/purple/back.tga>('../art/skybox/purple/back.tga')Entering the Thread Execution Environment 5828
Hardware-side buffer 044fbfb0 ready. 34962, 3, 4Entering the Thread Execution Environment 5824
Loading file... <../data/pipeline/skybox/skybox.xsh.xml>('../data/pipeline/skybox/skybox.xsh.xml')../data/pipeline/skybox/skybox.vshNode 'DepthWriteEnabled' not handled.../data/pipeline/skybox/sampleOutRgbaCube.fshOpening file... <../data/pipeline/skybox/skybox.vsh>('../data/pipeline/skybox/skybox.vsh'),1Opening file... <../data/pipeline/stdEnv.inc>('../data/pipeline/stdEnv.inc'),1Opening file... <../data/pipeline/stdView.inc>('../data/pipeline/stdView.inc'),1Opening file... <../data/pipeline/skybox/sampleOutRgbaCube.fsh>('../data/pipeline/skybox/sampleOutRgbaCube.fsh'),1Opening file... <../data/pipeline/stdEnv.inc>('../data/pipeline/stdEnv.inc'),1Loading file... <../data/pipeline/body/body.xsh.xml>('../data/pipeline/body/body.xsh.xml')../data/pipeline/body/rigidBody.vshNode 'DepthWriteEnabled' not handled.../data/pipeline/body/body.fsh../data/pipeline/body/skinnedBody.vshNode 'DepthWriteEnabled' not handled.../data/pipeline/body/body.fshOpening file... <../data/pipeline/body/rigidBody.vsh>('../data/pipeline/body/rigidBody.vsh'),1Opening file... <../data/pipeline/stdEnv.inc>('../data/pipeline/stdEnv.inc'),1Opening file... <../data/pipeline/stdView.inc>('../data/pipeline/stdView.inc'),1Opening file... <../data/pipeline/stdObject.inc>('../data/pipeline/stdObject.inc'),1Opening file... <../data/pipeline/body/body.fsh>('../data/pipeline/body/body.fsh'),1Opening file... <../data/pipeline/stdEnv.inc>('../data/pipeline/stdEnv.inc'),1Opening file... <../data/pipeline/stdView.inc>('../data/pipeline/stdView.inc'),1Opening file... <../data/pipeline/stdMaterial.inc>('../data/pipeline/stdMaterial.inc'),1afxString.c:490
afxString.c:490
(effectiveRange == len2)
    InvalidOpening file... <../data/pipeline/body/skinnedBody.vsh>('../data/pipeline/body/skinnedBody.vsh'),1Opening file... <../data/pipeline/stdEnv.inc>('../data/pipeline/stdEnv.inc'),1Opening file... <../data/pipeline/stdView.inc>('../data/pipeline/stdView.inc'),1Opening file... <../data/pipeline/stdObject.inc>('../data/pipeline/stdObject.inc'),1afxString.c:490
afxString.c:490
(effectiveRange == len2)
    InvalidafxString.c:490
afxString.c:490
(effectiveRange == len2)
    InvalidOpening file... <../data/pipeline/body/body.fsh>('../data/pipeline/body/body.fsh'),1Opening file... <../data/pipeline/stdEnv.inc>('../data/pipeline/stdEnv.inc'),1Opening file... <../data/pipeline/stdView.inc>('../data/pipeline/stdView.inc'),1Opening file... <../data/pipeline/stdMaterial.inc>('../data/pipeline/stdMaterial.inc'),1afxString.c:490
afxString.c:490
(effectiveRange == len2)
    InvalidLoading file... <../data/pipeline/testLighting/testLighting.xsh.xml>('../data/pipeline/testLighting/testLighting.xsh.xml')../data/pipeline/testLighting/testLightingBlinn.vshNode 'Transformer' not handled.../data/pipeline/testLighting/testLightingBlinn.fshOpening file... <../data/pipeline/testLighting/testLightingBlinn.vsh>('../data/pipeline/testLighting/testLightingBlinn.vsh'),1Opening file... <../data/pipeline/stdEnv.inc>('../data/pipeline/stdEnv.inc'),1Opening file... <../data/pipeline/stdView.inc>('../data/pipeline/stdView.inc'),1Opening file... <../data/pipeline/stdObject.inc>('../data/pipeline/stdObject.inc'),1Opening file... <../data/pipeline/testLighting/testLightingBlinn.fsh>('../data/pipeline/testLighting/testLightingBlinn.fsh'),1Opening file... <../data/pipeline/stdEnv.inc>('../data/pipeline/stdEnv.inc'),1Opening file... <../data/pipeline/stdView.inc>('../data/pipeline/stdView.inc'),1Opening file... <../data/pipeline/stdMaterial.inc>('../data/pipeline/stdMaterial.inc'),1afxString.c:490
afxString.c:490
(effectiveRange == len2)
    InvalidLoading file... <../data/pipeline/tutCamUtil/tutCamUtil.xsh.xml>('../data/pipeline/tutCamUtil/tutCamUtil.xsh.xml')../data/pipeline/tutCamUtil/tutCamUtilRigid.vshNode 'DepthWriteEnabled' not handled.../data/pipeline/tutCamUtil/tutCamUtil.fsh../data/pipeline/tutCamUtil/tutCamUtilSkinned.vshNode 'DepthWriteEnabled' not handled.../data/pipeline/tutCamUtil/tutCamUtil.fshOpening file... <../data/pipeline/tutCamUtil/tutCamUtilRigid.vsh>('../data/pipeline/tutCamUtil/tutCamUtilRigid.vsh'),1Opening file... <../data/pipeline/stdEnv.inc>('../data/pipeline/stdEnv.inc'),1Opening file... <../data/pipeline/stdView.inc>('../data/pipeline/stdView.inc'),1Opening file... <../data/pipeline/stdObject.inc>('../data/pipeline/stdObject.inc'),1Opening file... <../data/pipeline/tutCamUtil/tutCamUtil.fsh>('../data/pipeline/tutCamUtil/tutCamUtil.fsh'),1Opening file... <../data/pipeline/stdEnv.inc>('../data/pipeline/stdEnv.inc'),1afxString.c:490
afxString.c:490
(effectiveRange == len2)
    InvalidOpening file... <../data/pipeline/tutCamUtil/tutCamUtilSkinned.vsh>('../data/pipeline/tutCamUtil/tutCamUtilSkinned.vsh'),1Opening file... <../data/pipeline/stdEnv.inc>('../data/pipeline/stdEnv.inc'),1Opening file... <../data/pipeline/stdView.inc>('../data/pipeline/stdView.inc'),1Opening file... <../data/pipeline/stdObject.inc>('../data/pipeline/stdObject.inc'),1Opening file... <../data/pipeline/tutCamUtil/tutCamUtil.fsh>('../data/pipeline/tutCamUtil/tutCamUtil.fsh'),1Opening file... <../data/pipeline/stdEnv.inc>('../data/pipeline/stdEnv.inc'),1afxString.c:490
afxString.c:490
(effectiveRange == len2)
    InvalidLoading file... <../data/pipeline/lighting/lighting.xsh.xml>('../data/pipeline/lighting/lighting.xsh.xml')../data/pipeline/lighting/lighting.vshNode 'DepthWriteEnabled' not handled.../data/pipeline/lighting/lighting.fshOpening file... <../data/pipeline/lighting/lighting.vsh>('../data/pipeline/lighting/lighting.vsh'),1Opening file... <../data/pipeline/stdEnv.inc>('../data/pipeline/stdEnv.inc'),1Opening file... <../data/pipeline/stdView.inc>('../data/pipeline/stdView.inc'),1Opening file... <../data/pipeline/stdObject.inc>('../data/pipeline/stdObject.inc'),1Opening file... <../data/pipeline/lighting/lighting.fsh>('../data/pipeline/lighting/lighting.fsh'),1Opening file... <../data/pipeline/stdEnv.inc>('../data/pipeline/stdEnv.inc'),1Opening file... <../data/pipeline/stdView.inc>('../data/pipeline/stdView.inc'),1Opening file... <../data/pipeline/stdMaterial.inc>('../data/pipeline/stdMaterial.inc'),1afxString.c:490
afxString.c:490
(effectiveRange == len2)
    InvalidEntering the Thread Execution Environment 5828
Hardware-side buffer 10297dc0 ready. 34962, 4, 4Hardware-side buffer 0453c160 ready. 34963, 5, 8Entering the Thread Execution Environment 5824
glus_wavefront.c:859
MTL NAME //./art/scenario/bibliotheca/bibliotheca.mtlglus_wavefront.c:291
MTL FNAME //./art/scenario/bibliotheca/bibliotheca.mtlSkeleton <bibliotheca-uvless> assembled at 1018b980.
    Listing 1 joints..:      0 <> 4294967295Animable model <bibliotheca-uvless> assembled at 0453aaa8. 1 mesh rigs for 1 joints.Mesh topology 045a9b18 built. 23152 triangles (4 bytesPerIdx) and 1 surfaces.Rigid Mesh <> assembled at 0453ab90.
    69456 vertices with 3 attributes.
    1 triangles (4 bytes per index) arranged in 1 surfaces.
    Listing 1 biases..:      0 <>   0Mesh 0453ab90 linked to model 0453aaa8.
    Listing 1 bias-joint mapping..:      0 --> 0 <-- 0 <> Skeleton <Bone_main> assembled at 1018b8e8.
    Listing 10 joints..:      0 <Bone_main> 4294967295      1 <Mill>   0      2 <Bone_hitpointbar>   0      3 <Bone_Upper_mill>   0      4 <Upper Mill>   3      5 <Bone_Flag_Civ>   3      6 <Bone_Mill_Blades>   3      7 <Mill Blades>   6      8 <Bone_Mill_Wheel>   3      9 <Mill Wheel>   8Animable model <Bone_main> assembled at 04506340. 4 mesh rigs for 10 joints.Mesh topology 10297ab0 built. 139 triangles (2 bytesPerIdx) and 1 surfaces.Rigid Mesh <Mill> assembled at 04512778.
    524 vertices with 3 attributes.
    1 triangles (2 bytes per index) arranged in 1 surfaces.
    Listing 1 biases..:      0 <Mill>   0Mesh 04512778 linked to model 04506340.
    Listing 1 bias-joint mapping..:      0 --> 1 <-- 1 <Mill> Mesh topology 100d5e68 built. 126 triangles (2 bytesPerIdx) and 2 surfaces.Rigid Mesh <Upper Mill> assembled at 0454e300.
    472 vertices with 3 attributes.
    2 triangles (2 bytes per index) arranged in 2 surfaces.
    Listing 1 biases..:      0 <Upper Mill>   0Mesh 0454e300 linked to model 04506340.
    Listing 1 bias-joint mapping..:      0 --> 4 <-- 4 <Upper Mill> Mesh topology 101d4330 built. 70 triangles (2 bytesPerIdx) and 1 surfaces.Rigid Mesh <Mill Blades> assembled at 10174b78.
    278 vertices with 3 attributes.
    1 triangles (2 bytes per index) arranged in 1 surfaces.
    Listing 1 biases..:      0 <Mill Blades>   0Mesh 10174b78 linked to model 04506340.
    Listing 1 bias-joint mapping..:      0 --> 7 <-- 7 <Mill Blades> Mesh topology 04532668 built. 20 triangles (1 bytesPerIdx) and 1 surfaces.Rigid Mesh <Mill Wheel> assembled at 04532730.
    58 vertices with 3 attributes.
    1 triangles (1 bytes per index) arranged in 1 surfaces.
    Listing 1 biases..:      0 <Mill Wheel>   0Mesh 04532730 linked to model 04506340.
    Listing 1 bias-joint mapping..:      0 --> 9 <-- 9 <Mill Wheel> Motion <Bone_main> assembled. 042ee648
    Listing 6 transform circuits:	0 <Bone_Flag_Civ> cdcdcdcd	1 <Bone_Mill_Blades> cdcdcdcd	2 <Bone_Mill_Wheel> cdcdcdcd	3 <Bone_Upper_mill> cdcdcdcd	4 <Bone_hitpointbar> cdcdcdcd	5 <Bone_main> cdcdcdcdMesh topology 101cdb78 built. 800 triangles (4 bytesPerIdx) and 1 surfaces.Rigid Mesh <> assembled at 101cdc40.
    441 vertices with 3 attributes.
    1 triangles (4 bytes per index) arranged in 1 surfaces.
    Listing 1 biases..:      0 <>   0Skeleton <> assembled at 1018c4c8.
    Listing 1 joints..:      0 <> 4294967295Mesh 101cdc40 linked to model 10171108.
    Listing 1 bias-joint mapping..:      0 --> 0 <-- 0 <> Animable model <cube> assembled at 10171108. 1 mesh rigs for 1 joints.Installing watcher <10171470> for 042dfe80...Entering the Thread Execution Environment 5828
Hardware-side raster 00331f30 ready. de1, 8229, [512,512,1]Hardware-side buffer 1018d8f8 ready. 34962, 6, 4Hardware-side buffer 1018d850 ready. 34963, 7, 8Hardware-side buffer 1018da48 ready. 34962, 8, 4Hardware-side buffer 1018d9a0 ready. 34963, 9, 8Hardware-side buffer 1018db98 ready. 34962, 10, 4Hardware-side buffer 1018daf0 ready. 34963, 11, 8Hardware-side buffer 1018dce8 ready. 34962, 12, 4Hardware-side buffer 1018dc40 ready. 34963, 13, 8Hardware-side buffer 1018dd90 ready. 34962, 14, 4Hardware-side buffer 1018de38 ready. 34963, 15, 8Entering the Thread Execution Environment 5824
akxRenderer.c:87
Entering the Thread Execution Environment 5828
Hardware-side buffer 1018dee0 ready. 34962, 16, 4Hardware-side buffer 1018df88 ready. 34963, 17, 8Hardware-side raster 00331a20 ready. de1, 8058, [952,506,1]Hardware-side raster 00331948 ready. de1, 81a6, [952,506,1]avxCanvas 044f5bf0 hardware-side data instanced.Hardware-side buffer 0453bf68 ready. 35345, 18, 10Opening file... <../data/pipeline/test/test.vsh>('../data/pipeline/test/test.vsh'),1Opening file... <../data/pipeline/stdEnv.inc>('../data/pipeline/stdEnv.inc'),1Opening file... <../data/pipeline/stdView.inc>('../data/pipeline/stdView.inc'),1Opening file... <../data/pipeline/test/test.fsh>('../data/pipeline/test/test.fsh'),1Opening file... <../data/pipeline/stdEnv.inc>('../data/pipeline/stdEnv.inc'),1avxPipeline 044f9130 hardware-side data instanced.Hardware-side buffer 0453c220 ready. 35345, 19, 10Opening file... <../data/pipeline/lighting/lighting.vsh>('../data/pipeline/lighting/lighting.vsh'),1Opening file... <../data/pipeline/stdEnv.inc>('../data/pipeline/stdEnv.inc'),1Opening file... <../data/pipeline/stdView.inc>('../data/pipeline/stdView.inc'),1Opening file... <../data/pipeline/stdObject.inc>('../data/pipeline/stdObject.inc'),1Opening file... <../data/pipeline/lighting/lighting.fsh>('../data/pipeline/lighting/lighting.fsh'),1Opening file... <../data/pipeline/stdEnv.inc>('../data/pipeline/stdEnv.inc'),1Opening file... <../data/pipeline/stdView.inc>('../data/pipeline/stdView.inc'),1Opening file... <../data/pipeline/stdMaterial.inc>('../data/pipeline/stdMaterial.inc'),1afxString.c:490
afxString.c:490
(effectiveRange == len2)
    InvalidsglLigature.c:220
Uniform buffer unit 'sgl_mtl' not found in ligature 0030c4e8.sglLigature.c:203
Combined raster/sampler unit 'floorTexture' not found in ligature 0030c4e8.avxPipeline 1018fd20 hardware-side data instanced.Hardware-side raster 00331bd0 ready. de1, 8058, [952,506,1]Hardware-side raster 00331af8 ready. de1, 81a6, [952,506,1]avxCanvas 044f5c90 hardware-side data instanced.Hardware-side buffer 100b2c00 ready. 35345, 20, 10Hardware-side buffer 0453bec0 ready. 35345, 21, 10Hardware-side raster 00331ca8 ready. de1, 8058, [952,506,1]Hardware-side raster 00331d80 ready. de1, 81a6, [952,506,1]avxCanvas 044f5d30 hardware-side data instanced.