Booting...
Mounting... <//./z/>(''),5Mounting... <//./z/>('E:\qwadro\repo\bangitk\system'),5Mounting... <//./z/>('E:\qwadro\repo\bangitk\system32'),7Mounting... <//./z/>('E:\qwadro\repo\bangitk\system32d'),7Mounting... <//./c/>('C:\Windows\SysWow64'),5Loading... <e2coree.dll>Memory page Size: 4096HW threading: 2Loading... <e2draw.dll>Loading... <e2combo.dll>Loading... <e2mix.dll>Loading... <e2mmux.dll>Loading... <//./z////galileo.dll>Installing... <galileo>	<//./catalyst/>("")  0.0.0 Loading... <//./z////tarzgl4.dll>Installing... <tarzgl4>Loading... <//./c/opengl32.dll>Listing mem available display devices...
#0 = Intel(R) HD Graphics (\\.\DISPLAY1) 8080005#1 = RDPDD Chained DD (\\.\DISPLAYV1) 200008#2 = RDP Encoder Mirror Driver (\\.\DISPLAYV2) 200008#3 = RDP Reflector Display Driver (\\.\DISPLAYV3) 200008zglInterop_WGL.c:1746
GL: INVAL_PARAMzglInterop_WGL.c:1761
GL: INVAL_PARAMzglInterop_WGL.c:1772
GL: INVAL_PARAMzglInterop_WGL.c:1804
GL: INVAL_PARAMzglInterop_WGL.c:1835
GL: INVAL_PARAMzglInterop_WGL.c:1837
GL: INVAL_PARAMzglInterop_WGL.c:1994
GL: INVAL_PARAMzglInterop_WGL.c:1997
GL: INVAL_PARAMzglInterop_WGL.c:2002
GL: INVAL_PARAMzglInterop_WGL.c:2007
GL: INVAL_PARAM	<//./tarzgl4/>("")  0.0.0 Loading... <//./z////winsh4d.dll>Installing... <winsh4d>Entering the Thread Execution Environment 9060
Starting 9060 on thread execution unit #2...SIGMA GL/2 Draw Execution Unit 000
	Intel(R) HD Graphics 4.0.0 - Build 10.18.10.5129Entering the Thread Execution Environment 8868
Running... 0653ac50#9060 --- null:195afxClass.c:913
afxClass.c:913
(cfg->fcc)
    SuccessafxClass.c:936
afxClass.c:936
(cfg->name && cfg->name[0])
    SuccessEntering the Thread Execution Environment 4932
Starting 4932 on thread execution unit #3...Entering the Thread Execution Environment 8868
Running... 0653adf0#4932 --- null:195Entering the Thread Execution Environment 4932
SIGMA GL/2 Draw Execution Unit 000
	Intel(R) HD Graphics 4.0.0 - Build 10.18.10.5129Entering the Thread Execution Environment 8868
Mounting... <//./d/>('E:\qwadro\repo\bangitk\tmp'),7