
 afxDebug_w32.c:360
  AfxAttachDebugTerminal()
      ::::::::  :::       :::     :::     :::::::::  :::::::::   ::::::::      
     :+:    :+: :+:       :+:   :+: :+:   :+:    :+: :+:    :+: :+:    :+:     
     +:+    +:+ +:+       +:+  +:+   +:+  +:+    +:+ +:+    +:+ +:+    +:+     
     +#+    +:+ +#+  +:+  +#+ +#++:++#++: +#+    +:+ +#++:++#:  +#+    +:+     
     +#+  # +#+ +#+ +#+#+ +#+ +#+     +#+ +#+    +#+ +#+    +#+ +#+    +#+     
     #+#   +#+   #+#+# #+#+#  #+#     #+# #+#    #+# #+#    #+# #+#    #+#     
      ###### ###  ###   ###   ###     ### #########  ###    ###  ########      
                                                                               
              Q W A D R O   E X E C U T I O N   E C O S Y S T E M              
                                                                               
                               Public Test Build                               
                   (c) 2017 SIGMA, Engineering In Technology                   
                                www.sigmaco.org                                
                                                                               
 Installing Qwadro Execution Ecosystem at 0ff016e8...
 afxClass<Qwadro Execution Ecosystem>::ConstructObject(00201a30)
 afxSystem_w32.c:318
  _AfxSysCtor(sys=00201a30)
 ERR afxInitialization.c:216?AfxIniLoadFromFile
  1: Section 'BasedOn="E:\qwadro\afx"' missing ']' operator.
 Installing Thread Execution Unit at 00203160 by 00202a68...
 Entering the Thread Execution Environment 6700
 afxClass<Thread Execution Unit>::ConstructObject(001d3c40)
 afxTxu_w32.c:399
  _AfxTxuCtor(001d3c40)
 Installing Memory Management Unit at 00202a7c by 00202a68...
 Installing Thread at 0020309c by 00202a68...
 Installing Device at 00203224 by 00202a68...
 Installing Autonomous Service at 002032e8 by 00202a68...
 Installing File at 00203534 by 00202a68...
 Installing I/O Stream at 002033ac by 00202a68...
 Installing Codec at 00203470 by 00202a68...
 Installing File Archive at 002035f8 by 00202a68 over 00203534...
 Installing Executable & Linkable File at 00202c04 by 00202a68...
 Installing Installable Client Driver at 00202cc8 by 00202a68...
 Installing File System at 002036bc by 00202a68...
 Installing Application at 00203844 by 00202a68...
 Installing Human Input Device at 00202d8c by 00202a68 over 00203224...
 Installing Keyboard at 00202e50 by 00202a68 over 00202d8c...
 Installing Mouse at 00202f14 by 00202a68 over 00202d8c...
 Installing Controller at 00202fd8 by 00202a68 over 00202d8c...
 Installing String Catalog at 00202b40 by 00202a68...
 Installing Simulation at 00203780 by 00202a68...
 [!] afxSystem_w32.c:490?_AfxSysCtor
  Memory page size: 4096
 [!] afxSystem_w32.c:491?_AfxSysCtor
  Logical processor count: 1
 afxClass<Memory Management Unit>::ConstructObject(001d3d40)
 afxArena.c:768
  AfxAllocateArena(aren=00203974)
 afxArena.c:769
  AfxAllocateArena(spec=00000000,hint="afxSystem_w32.c:504!_AfxSysCtor")
 afxClass<File System>::ConstructObject(0021b080)
 Storage point "." 5 mounted -> "E:\qwadro\afx\\\".
 afxClass<File System>::ConstructObject(0021b0f8)
 Storage point "system" 5 mounted -> "E:\qwadro\afx\\system\".
 afxClass<File System>::ConstructObject(0021b170)
 Storage point "system" 5 mounted -> "E:\qwadro\afx\\system32\".
 afxClass<File System>::ConstructObject(0021b1e8)
 Storage point "system" 5 mounted -> "E:\qwadro\afx\\system32d\".
 afxClass<File System>::ConstructObject(0021b260)
 Storage point "code" 5 mounted -> "E:\qwadro\afx\\code\".
 afxClass<File System>::ConstructObject(0021b2d8)
 Storage point "sound" 5 mounted -> "E:\qwadro\afx\\sound\".
 afxClass<File System>::ConstructObject(0021b390)
 Storage point "data" 5 mounted -> "E:\qwadro\afx\\data\".
 afxClass<File System>::ConstructObject(0021b408)
 Storage point "art" 5 mounted -> "E:\qwadro\afx\\art\".
 afxClass<File System>::ConstructObject(0021b480)
 Storage point "tmp" 7 mounted -> "E:\qwadro\afx\\tmp\".
 afxExecutable.c:243
  AfxLoadExecutables(cnt=1,executables=00203944,uri=003fda14)
 afxClass<Executable & Linkable File>::ConstructObject(0021d870)
 afxExecutable.c:153
  _AfxExeCtor(uri:system/e2coree.dll)
 /qwadro/afx//system32d//e2coree.dll
 afxKeyboard.c:290
  AfxAcquireKeyboards(cnt=1,port=003fd878,keyboards=00203948)
 afxClass<Keyboard, Human Input Device>ConstructingObject(00203c90)
 afxClass<Human Input Device, Device>ConstructingObject(00203c90)
 afxClass<Device>::ConstructObject(00203c90)
 afxClass<Human Input Device>::ConstructObject(00203c90)
 afxClass<Keyboard>::ConstructObject(00203c90)
 afxKeyboard.c:241
  _AfxKbdCtor(kbd=00203c90)
 afxSoundSystem.c:325
  _AfxSsysCtor(ssys=0021da90)
 Installing Sound Device at 0021daac by 0021da98 over 00203224...
 Installing Sound Thread at 0021db70 by 0021da98 over 0020309c...
 afxSoundThread.c:171
  AfxAcquireSoundThreads(cnt=1,config=003fd580,sthr=003fd644)
 afxClass<Sound Thread, Thread>ConstructingObject(0021dcb0)
 afxClass<Thread>::ConstructObject(0021dcb0)
 afxThread.c:263
  _AfxThrCtor(0021dcb0)
 afxClass<Sound Thread>::ConstructObject(0021dcb0)
 afxSoundThread.c:128
  _AfxSthrCtor(sthr=0021dcb0)
 afxThread.c:204
  AfxRunThread(thr=0021dcb0)
 afxDrawSystem.c:449
  _AfxDsysCtor(dsys=00204610)
 Installing Draw Device at 00204744 by 0020466c over 00203224...
 Installing Draw Thread at 00204680 by 0020466c over 0020309c...
 afxDrawThread.c:171
  AfxAcquireDrawThreads(cnt=1,config=003fd580,dthr=003fd644)
 afxClass<Draw Thread, Thread>ConstructingObject(0021ddd0)
 afxClass<Thread>::ConstructObject(0021ddd0)
 afxThread.c:263
  _AfxThrCtor(0021ddd0)
 afxClass<Draw Thread>::ConstructObject(0021ddd0)
 afxDrawThread.c:128
  _AfxDthrCtor(dthr=0021ddd0)
 afxThread.c:204
  AfxRunThread(thr=0021ddd0)
 /qwadro/afx//system32d//*.inf
 Installing client driver <e2draw.inf>...
 afxClass<Installable Client Driver>::ConstructObject(00204a00)
 [!] afxIcd.c:91?_AfxIcdCtor
  Installable client driver <e2draw.inf> discovered.
	Product: SIGMA GL/2
	Version: 0.0.0
	Description: OpenGL/Vulkan Continuous Integration
	Vendor: SIGMA Technology Group
	Website: www.sigmaco.org
	
 [!] afxIcd.c:97?_AfxIcdCtor
  Loading ICD <e2draw.inf> executable and linkable file <e2draw.dll>...
 afxExecutable.c:243
  AfxLoadExecutables(cnt=1,executables=00204a78,uri=003fc874)
 afxClass<Executable & Linkable File>::ConstructObject(0021d974)
 afxExecutable.c:153
  _AfxExeCtor(uri:e2draw.dll)
 afxClass<Draw Device, Device>ConstructingObject(00206600)
 afxClass<Device>::ConstructObject(00206600)
 afxClass<Draw Device>::ConstructObject(00206600)
 afxDrawSystem.c:246
  _AfxDdevCtor(ddev=00206600)
 ERR afxArray.c:170?AfxReserveArraySpace
  
 ERR afxArray.c:170?AfxReserveArraySpace
  (cap)
    Invalid
 ERR afxMmu.c:539?AfxReallocate
  
 ERR afxMmu.c:539?AfxReallocate
  (cnt)
    Invalid
 ERR afxMmu.c:485?AfxFill
  
 ERR afxMmu.c:485?AfxFill
  (cnt)
    Invalid
 ERR afxArray.c:170?AfxReserveArraySpace
  
 ERR afxArray.c:170?AfxReserveArraySpace
  (cap)
    Invalid
 ERR afxMmu.c:539?AfxReallocate
  
 ERR afxMmu.c:539?AfxReallocate
  (cnt)
    Invalid
 ERR afxMmu.c:485?AfxFill
  
 ERR afxMmu.c:485?AfxFill
  (cnt)
    Invalid
 afxMutex.c:24
  AfxTakeMutex(mtx=00206c4c,type=00000000)
 Created. (mtx)00206c4c
 Installing Draw Script at 002058fc by 00206600...
 Installing Draw Queue at 00205838 by 00206600...
 Installing Draw Context at 00206728 by 00206600...
 Installing Draw Output at 002067ec by 00206600...
 Installing Draw Input at 002068b0 by 00206600...
 sglDdrv_w32.c:2636
  _SglDdevIddCtor(ddev=00206600)
 Listing mem available display devices...

 #0 = Intel(R) HD Graphics (\\.\DISPLAY5) 8080005
 #1 = RDPDD Chained DD (\\.\DISPLAYV1) 200008
 #2 = RDP Encoder Mirror Driver (\\.\DISPLAYV2) 200008
 #3 = RDP Reflector Display Driver (\\.\DISPLAYV3) 200008