Booting up the Qwadro Execution Ecosystem...
Setting up SystemSetting up String BaseafxManifest.c:306
1: Section 'BasedOn="E:\qwadro\afx"' missing ']' operator.Setting up ThreadSetting up Memory Management UnitSetting up ServiceSetting up CodecSetting up StreamSetting up ArchiveSetting up StorageSetting up ModuleSetting up DeviceAcquiring thread...  6308 "afxSystem_w32.c:500"Mounting storage unit... <.>('E:/qwadro/afx///'),5Mounting storage unit... <system>('E:/qwadro/afx//system/'),5Mounting storage unit... <system>('E:/qwadro/afx//system32/'),7Mounting storage unit... <system>('E:/qwadro/afx//system32d/'),7Loading module... <system/e2coree.dll>Memory page size: 4096Logical processor count: 2Establishing the Qwadro Sound System...Loading module... <e2sound.dll>Setting up SoundSystemSetting up SoundDevice[Device]Setting up SoundOutputSetting up SoundInputLoading module... <oal4d.dll>Installable client driver discovered.
	Device: A4D Sound Acceleration Adapter
	Driver: A4D over OpenAL 1
	Version: 0.1.1514
	Provider: SIGMA Technology Group <https://sigmaco.org>
Setting up SoundBrigeSetting up SoundContextLoading module... <openal32.dll>Acquiring thread...  0 "salSdev_w32.c:448"Starting Thread Execution Unit 4632afxQueue.c:66
afxQueue.c:66
(que)
    InvalidThe audience is listeningafxQueue.c:66
afxQueue.c:66
(que)
    InvalidafxQueue.c:66
afxQueue.c:66
(que)
    InvalidafxQueue.c:66
afxQueue.c:66
(que)
    InvalidEstablishing the Qwadro Draw System...afxQueue.c:66
afxQueue.c:66
(que)
    InvalidafxQueue.c:66
afxQueue.c:66
(que)
    InvalidafxQueue.c:66
afxQueue.c:66
(que)
    InvalidafxQueue.c:66
afxQueue.c:66
(que)
    InvalidafxQueue.c:66
afxQueue.c:66
(que)
    InvalidafxQueue.c:66
afxQueue.c:66
(que)
    InvalidafxQueue.c:66
afxQueue.c:66
(que)
    InvalidLoading module... <e2draw.dll>afxQueue.c:66
afxQueue.c:66
(que)
    InvalidafxQueue.c:66
afxQueue.c:66
(que)
    InvalidSetting up DrawSystemafxQueue.c:66
afxQueue.c:66
(que)
    InvalidafxQueue.c:66
afxQueue.c:66
(que)
    InvalidafxQueue.c:66
afxQueue.c:66
(que)
    InvalidafxQueue.c:66
afxQueue.c:66
(que)
    InvalidSetting up CameraafxQueue.c:66
afxQueue.c:66
(que)
    InvalidafxQueue.c:66
afxQueue.c:66
(que)
    InvalidafxQueue.c:66
afxQueue.c:66
(que)
    InvalidafxQueue.c:66
afxQueue.c:66
(que)
    InvalidafxQueue.c:66
afxQueue.c:66
(que)
    InvalidafxQueue.c:66
afxQueue.c:66
(que)
    InvalidafxQueue.c:66
afxQueue.c:66
(que)
    InvalidafxQueue.c:66
afxQueue.c:66
(que)
    InvalidSetting up DrawDevice[Device]afxQueue.c:66
afxQueue.c:66
(que)
    InvalidSetting up DrawOutputSetting up DrawInputafxQueue.c:66
afxQueue.c:66
(que)
    InvalidafxQueue.c:66
afxQueue.c:66
(que)
    InvalidafxQueue.c:66
afxQueue.c:66
(que)
    InvalidafxQueue.c:66
afxQueue.c:66
(que)
    InvalidLoading module... <targl4.dll>afxQueue.c:66
afxQueue.c:66
(que)
    InvalidafxQueue.c:66
afxQueue.c:66
(que)
    InvalidafxQueue.c:66
afxQueue.c:66
(que)
    InvalidInstallable client driver discovered.
	Device: TARGA Advanced Raster Graphics Adapter
	Driver: TARGA over OpenGL 4
	Version: 4.0.16385
	Provider: SIGMA Technology Group <https://sigmaco.org>
afxQueue.c:66
afxQueue.c:66
(que)
    InvalidafxQueue.c:66
afxQueue.c:66
(que)
    InvalidSetting up DrawBridgeSetting up DrawContextLoading module... <opengl32.dll>afxStorage.c:153
afxQueue.c:66
afxQueue.c:66
(que)
    InvalidafxQueue.c:66
afxQueue.c:66
(que)
    InvalidafxQueue.c:66
afxQueue.c:66
(que)
    InvalidafxStorage.c:215
afxQueue.c:66
afxQueue.c:66
(que)
    InvalidafxQueue.c:66
afxQueue.c:66
(que)
    InvalidafxQueue.c:66
afxQueue.c:66
(que)
    InvalidafxQueue.c:66
afxQueue.c:66
(que)
    InvalidafxQueue.c:66
afxQueue.c:66
(que)
    InvalidafxQueue.c:66
afxQueue.c:66
(que)
    InvalidafxQueue.c:66
afxQueue.c:66
(que)
    InvalidafxQueue.c:66
afxQueue.c:66
(que)
    InvalidafxQueue.c:66
afxQueue.c:66
(que)
    InvalidafxQueue.c:66
afxQueue.c:66
(que)
    InvalidafxQueue.c:66
afxQueue.c:66
(que)
    InvalidafxQueue.c:66
afxQueue.c:66
(que)
    InvalidafxQueue.c:66
afxQueue.c:66
(que)
    InvalidafxQueue.c:66
afxQueue.c:66
(que)
    InvalidafxQueue.c:66
afxQueue.c:66
(que)
    InvalidafxQueue.c:66
afxQueue.c:66
(que)
    InvalidafxQueue.c:66
afxQueue.c:66
(que)
    InvalidafxQueue.c:66
afxQueue.c:66
(que)
    InvalidafxQueue.c:66
afxQueue.c:66
(que)
    InvalidafxQueue.c:66
afxQueue.c:66
(que)
    InvalidafxQueue.c:66
afxQueue.c:66
(que)
    InvalidafxQueue.c:66
afxQueue.c:66
(que)
    InvalidafxQueue.c:66
afxQueue.c:66
(que)
    InvalidafxQueue.c:66
afxQueue.c:66
(que)
    InvalidafxQueue.c:66
afxQueue.c:66
(que)
    InvalidafxQueue.c:66
afxQueue.c:66
(que)
    InvalidafxQueue.c:66
afxQueue.c:66
(que)
    InvalidListing mem available display devices...
afxQueue.c:66
afxQueue.c:66
(que)
    InvalidafxQueue.c:66
afxQueue.c:66
(que)
    Invalid#0 = Intel(R) HD Graphics (\\.\DISPLAY1) 8080005afxQueue.c:66
afxQueue.c:66
(que)
    InvalidafxQueue.c:66
afxQueue.c:66
(que)
    InvalidafxQueue.c:66
afxQueue.c:66
(que)
    InvalidafxQueue.c:66
afxQueue.c:66
(que)
    Invalid#1 = RDPDD Chained DD (\\.\DISPLAYV1) 200008afxQueue.c:66
afxQueue.c:66
(que)
    InvalidafxQueue.c:66
afxQueue.c:66
(que)
    InvalidafxQueue.c:66
afxQueue.c:66
(que)
    InvalidafxQueue.c:66
afxQueue.c:66
(que)
    InvalidafxQueue.c:66
afxQueue.c:66
(que)
    InvalidafxQueue.c:66
afxQueue.c:66
(que)
    InvalidafxQueue.c:66
afxQueue.c:66
(que)
    InvalidafxQueue.c:66
afxQueue.c:66
(que)
    InvalidafxQueue.c:66
afxQueue.c:66
(que)
    InvalidafxQueue.c:66
afxQueue.c:66
(que)
    InvalidafxQueue.c:66
afxQueue.c:66
(que)
    InvalidafxQueue.c:66
afxQueue.c:66
(que)
    InvalidafxQueue.c:66
afxQueue.c:66
(que)
    InvalidafxQueue.c:66
afxQueue.c:66
(que)
    Invalid#2 = RDP Encoder Mirror Driver (\\.\DISPLAYV2) 200008afxQueue.c:66
afxQueue.c:66
(que)
    Invalid#3 = RDP Reflector Display Driver (\\.\DISPLAYV3) 200008Acquiring thread...  0 "sglDdev_w32.c:1029"afxQueue.c:66
afxQueue.c:66
(que)
    InvalidEstablishing up the Environment...Loading module... <e2ux>afxStorage.c:153
afxStorage.c:215
afxQueue.c:66
afxQueue.c:66
(que)
    InvalidSetting up ShellStarting Thread Execution Unit 2936afxQueue.c:66
afxQueue.c:66
(que)
    InvalidSetting up HIDSetting up Controller[HID]Setting up WindowSetting up ScriptafxQueue.c:66
afxQueue.c:66
(que)
    InvalidafxQueue.c:66
afxQueue.c:66
(que)
    InvalidafxQueue.c:66
afxQueue.c:66
(que)
    InvalidAcquiring HID at port 0afxQueue.c:66
afxQueue.c:66
(que)
    InvalidafxQueue.c:66
afxQueue.c:66
(que)
    InvalidMounting storage unit... <code>('E:/qwadro/afx//system/'),7afxQueue.c:66
afxQueue.c:66
(que)
    InvalidafxQueue.c:66
afxQueue.c:66
(que)
    InvalidafxQueue.c:66
afxQueue.c:66
(que)
    InvalidafxQueue.c:66
afxQueue.c:66
(que)
    InvalidafxQueue.c:66
afxQueue.c:66
(que)
    InvalidafxQueue.c:66
afxQueue.c:66
(que)
    InvalidafxQueue.c:66
afxQueue.c:66
(que)
    InvalidafxQueue.c:66
afxQueue.c:66
(que)
    InvalidafxQueue.c:66
afxQueue.c:66
(que)
    InvalidafxQueue.c:66
afxQueue.c:66
(que)
    InvalidafxQueue.c:66
afxQueue.c:66
(que)
    InvalidafxQueue.c:66
afxQueue.c:66
(que)
    InvalidafxQueue.c:66
afxQueue.c:66
(que)
    InvalidafxQueue.c:66
afxQueue.c:66
(que)
    InvalidafxQueue.c:66
afxQueue.c:66
(que)
    InvalidafxQueue.c:66
afxQueue.c:66
(que)
    InvalidafxQueue.c:66
afxQueue.c:66
(que)
    InvalidafxQueue.c:66
afxQueue.c:66
(que)
    InvalidafxQueue.c:66
afxQueue.c:66
(que)
    InvalidafxQueue.c:66
afxQueue.c:66
(que)
    InvalidafxQueue.c:66
afxQueue.c:66
(que)
    InvalidafxQueue.c:66
afxQueue.c:66
(que)
    InvalidafxQueue.c:66
afxQueue.c:66
(que)
    InvalidafxQueue.c:66
afxQueue.c:66
(que)
    InvalidafxQueue.c:66
afxQueue.c:66
(que)
    InvalidafxQueue.c:66
afxQueue.c:66
(que)
    InvalidafxQueue.c:66
afxQueue.c:66
(que)
    InvalidafxQueue.c:66
afxQueue.c:66
(que)
    InvalidafxQueue.c:66
afxQueue.c:66
(que)
    InvalidafxQueue.c:66
afxQueue.c:66
(que)
    InvalidafxQueue.c:66
afxQueue.c:66
(que)
    InvalidafxQueue.c:66
afxQueue.c:66
(que)
    InvalidafxQueue.c:66
afxQueue.c:66
(que)
    InvalidafxQueue.c:66
afxQueue.c:66
(que)
    InvalidafxQueue.c:66
afxQueue.c:66
(que)
    InvalidafxQueue.c:66
afxQueue.c:66
(que)
    InvalidafxQueue.c:66
afxQueue.c:66
(que)
    InvalidafxQueue.c:66
afxQueue.c:66
(que)
    InvalidafxQueue.c:66
afxQueue.c:66
(que)
    InvalidafxQueue.c:66
afxQueue.c:66
(que)
    InvalidafxQueue.c:66
afxQueue.c:66
(que)
    InvalidafxQueue.c:66
afxQueue.c:66
(que)
    InvalidafxQueue.c:66
afxQueue.c:66
(que)
    InvalidafxQueue.c:66
afxQueue.c:66
(que)
    InvalidafxQueue.c:66
afxQueue.c:66
(que)
    InvalidafxQueue.c:66
afxQueue.c:66
(que)
    InvalidafxQueue.c:66
afxQueue.c:66
(que)
    InvalidafxQueue.c:66
afxQueue.c:66
(que)
    InvalidafxQueue.c:66
afxQueue.c:66
(que)
    InvalidafxQueue.c:66
afxQueue.c:66
(que)
    InvalidafxQueue.c:66
afxQueue.c:66
(que)
    InvalidafxQueue.c:66
afxQueue.c:66
(que)
    InvalidafxQueue.c:66
afxQueue.c:66
(que)
    InvalidafxQueue.c:66
afxQueue.c:66
(que)
    InvalidafxQueue.c:66
afxQueue.c:66
(que)
    InvalidafxQueue.c:66
afxQueue.c:66
(que)
    InvalidafxQueue.c:66
afxQueue.c:66
(que)
    InvalidafxQueue.c:66
afxQueue.c:66
(que)
    InvalidafxQueue.c:66
afxQueue.c:66
(que)
    InvalidafxQueue.c:66
afxQueue.c:66
(que)
    InvalidafxQueue.c:66
afxQueue.c:66
(que)
    InvalidafxQueue.c:66
afxQueue.c:66
(que)
    InvalidafxQueue.c:66
afxQueue.c:66
(que)
    InvalidafxQueue.c:66
afxQueue.c:66
(que)
    InvalidafxQueue.c:66
afxQueue.c:66
(que)
    InvalidafxQueue.c:66
afxQueue.c:66
(que)
    InvalidafxQueue.c:66
afxQueue.c:66
(que)
    InvalidafxQueue.c:66
afxQueue.c:66
(que)
    InvalidafxQueue.c:66
afxQueue.c:66
(que)
    InvalidafxQueue.c:66
afxQueue.c:66
(que)
    InvalidafxQueue.c:66
afxQueue.c:66
(que)
    InvalidafxQueue.c:66
afxQueue.c:66
(que)
    InvalidafxQueue.c:66
afxQueue.c:66
(que)
    InvalidafxQueue.c:66
afxQueue.c:66
(que)
    InvalidafxQueue.c:66
afxQueue.c:66
(que)
    InvalidafxQueue.c:66
afxQueue.c:66
(que)
    InvalidafxQueue.c:66
afxQueue.c:66
(que)
    InvalidafxQueue.c:66
afxQueue.c:66
(que)
    InvalidafxQueue.c:66
afxQueue.c:66
(que)
    InvalidafxQueue.c:66
afxQueue.c:66
(que)
    InvalidafxQueue.c:66
afxQueue.c:66
(que)
    InvalidafxQueue.c:66
afxQueue.c:66
(que)
    InvalidafxQueue.c:66
afxQueue.c:66
(que)
    InvalidafxQueue.c:66
afxQueue.c:66
(que)
    InvalidafxQueue.c:66
afxQueue.c:66
(que)
    InvalidafxQueue.c:66
afxQueue.c:66
(que)
    InvalidafxQueue.c:66
afxQueue.c:66
(que)
    InvalidafxQueue.c:66
afxQueue.c:66
(que)
    InvalidafxQueue.c:66
afxQueue.c:66
(que)
    InvalidafxQueue.c:66
afxQueue.c:66
(que)
    InvalidafxQueue.c:66
afxQueue.c:66
(que)
    InvalidafxQueue.c:66
afxQueue.c:66
(que)
    InvalidafxQueue.c:66
afxQueue.c:66
(que)
    InvalidafxQueue.c:66
afxQueue.c:66
(que)
    InvalidafxQueue.c:66
afxQueue.c:66
(que)
    InvalidafxQueue.c:66
afxQueue.c:66
(que)
    InvalidafxQueue.c:66
afxQueue.c:66
(que)
    InvalidafxQueue.c:66
afxQueue.c:66
(que)
    InvalidafxQueue.c:66
afxQueue.c:66
(que)
    InvalidafxQueue.c:66
afxQueue.c:66
(que)
    InvalidafxQueue.c:66
afxQueue.c:66
(que)
    InvalidafxQueue.c:66
afxQueue.c:66
(que)
    InvalidafxQueue.c:66
afxQueue.c:66
(que)
    InvalidafxQueue.c:66
afxQueue.c:66
(que)
    InvalidafxQueue.c:66
afxQueue.c:66
(que)
    InvalidafxQueue.c:66
afxQueue.c:66
(que)
    InvalidafxQueue.c:66
afxQueue.c:66
(que)
    InvalidafxQueue.c:66
afxQueue.c:66
(que)
    InvalidafxQueue.c:66
afxQueue.c:66
(que)
    InvalidafxQueue.c:66
afxQueue.c:66
(que)
    InvalidafxQueue.c:66
afxQueue.c:66
(que)
    InvalidafxQueue.c:66
afxQueue.c:66
(que)
    InvalidafxQueue.c:66
afxQueue.c:66
(que)
    InvalidafxQueue.c:66
afxQueue.c:66
(que)
    InvalidafxQueue.c:66
afxQueue.c:66
(que)
    InvalidafxQueue.c:66
afxQueue.c:66
(que)
    InvalidafxQueue.c:66
afxQueue.c:66
(que)
    InvalidafxQueue.c:66
afxQueue.c:66
(que)
    InvalidafxQueue.c:66
afxQueue.c:66
(que)
    InvalidafxQueue.c:66
afxQueue.c:66
(que)
    InvalidafxQueue.c:66
afxQueue.c:66
(que)
    InvalidafxQueue.c:66
afxQueue.c:66
(que)
    InvalidafxQueue.c:66
afxQueue.c:66
(que)
    InvalidafxQueue.c:66
afxQueue.c:66
(que)
    InvalidafxQueue.c:66
afxQueue.c:66
(que)
    InvalidafxQueue.c:66
afxQueue.c:66
(que)
    InvalidafxQueue.c:66
afxQueue.c:66
(que)
    InvalidafxQueue.c:66
afxQueue.c:66
(que)
    InvalidafxQueue.c:66
afxQueue.c:66
(que)
    InvalidafxQueue.c:66
afxQueue.c:66
(que)
    InvalidafxQueue.c:66
afxQueue.c:66
(que)
    InvalidafxQueue.c:66
afxQueue.c:66
(que)
    InvalidafxQueue.c:66
afxQueue.c:66
(que)
    InvalidafxQueue.c:66
afxQueue.c:66
(que)
    InvalidafxQueue.c:66
afxQueue.c:66
(que)
    InvalidafxQueue.c:66
afxQueue.c:66
(que)
    InvalidafxQueue.c:66
afxQueue.c:66
(que)
    InvalidafxQueue.c:66
afxQueue.c:66
(que)
    InvalidafxQueue.c:66
afxQueue.c:66
(que)
    InvalidafxQueue.c:66
afxQueue.c:66
(que)
    InvalidafxQueue.c:66
afxQueue.c:66
(que)
    InvalidafxQueue.c:66
afxQueue.c:66
(que)
    InvalidafxQueue.c:66
afxQueue.c:66
(que)
    InvalidafxQueue.c:66
afxQueue.c:66
(que)
    InvalidafxQueue.c:66
afxQueue.c:66
(que)
    InvalidafxQueue.c:66
afxQueue.c:66
(que)
    InvalidafxQueue.c:66
afxQueue.c:66
(que)
    InvalidafxQueue.c:66
afxQueue.c:66
(que)
    InvalidafxQueue.c:66
afxQueue.c:66
(que)
    InvalidafxQueue.c:66
afxQueue.c:66
(que)
    InvalidafxQueue.c:66
afxQueue.c:66
(que)
    InvalidafxQueue.c:66
afxQueue.c:66
(que)
    InvalidafxQueue.c:66
afxQueue.c:66
(que)
    InvalidafxQueue.c:66
afxQueue.c:66
(que)
    InvalidafxQueue.c:66
afxQueue.c:66
(que)
    InvalidafxQueue.c:66
afxQueue.c:66
(que)
    InvalidafxQueue.c:66
afxQueue.c:66
(que)
    InvalidafxQueue.c:66
afxQueue.c:66
(que)
    InvalidafxQueue.c:66
afxQueue.c:66
(que)
    InvalidafxQueue.c:66
afxQueue.c:66
(que)
    InvalidafxQueue.c:66
afxQueue.c:66
(que)
    InvalidafxQueue.c:66
afxQueue.c:66
(que)
    InvalidafxQueue.c:66
afxQueue.c:66
(que)
    InvalidafxQueue.c:66
afxQueue.c:66
(que)
    InvalidafxQueue.c:66
afxQueue.c:66
(que)
    InvalidafxQueue.c:66
afxQueue.c:66
(que)
    InvalidafxQueue.c:66
afxQueue.c:66
(que)
    InvalidafxQueue.c:66
afxQueue.c:66
(que)
    InvalidafxQueue.c:66
afxQueue.c:66
(que)
    InvalidafxQueue.c:66
afxQueue.c:66
(que)
    InvalidafxQueue.c:66
afxQueue.c:66
(que)
    InvalidafxQueue.c:66
afxQueue.c:66
(que)
    InvalidafxQueue.c:66
afxQueue.c:66
(que)
    InvalidafxQueue.c:66
afxQueue.c:66
(que)
    InvalidafxQueue.c:66
afxQueue.c:66
(que)
    InvalidafxQueue.c:66
afxQueue.c:66
(que)
    InvalidafxQueue.c:66
afxQueue.c:66
(que)
    InvalidafxQueue.c:66
afxQueue.c:66
(que)
    InvalidafxQueue.c:66
afxQueue.c:66
(que)
    InvalidafxQueue.c:66
afxQueue.c:66
(que)
    InvalidafxQueue.c:66
afxQueue.c:66
(que)
    InvalidafxQueue.c:66
afxQueue.c:66
(que)
    InvalidafxQueue.c:66
afxQueue.c:66
(que)
    InvalidafxQueue.c:66
afxQueue.c:66
(que)
    InvalidafxQueue.c:66
afxQueue.c:66
(que)
    InvalidafxQueue.c:66
afxQueue.c:66
(que)
    InvalidafxQueue.c:66
afxQueue.c:66
(que)
    InvalidafxQueue.c:66
afxQueue.c:66
(que)
    InvalidafxQueue.c:66
afxQueue.c:66
(que)
    InvalidafxQueue.c:66
afxQueue.c:66
(que)
    InvalidafxQueue.c:66
afxQueue.c:66
(que)
    InvalidafxQueue.c:66
afxQueue.c:66
(que)
    InvalidafxQueue.c:66
afxQueue.c:66
(que)
    InvalidafxQueue.c:66
afxQueue.c:66
(que)
    InvalidafxQueue.c:66
afxQueue.c:66
(que)
    InvalidafxQueue.c:66
afxQueue.c:66
(que)
    InvalidafxQueue.c:66
afxQueue.c:66
(que)
    InvalidafxQueue.c:66
afxQueue.c:66
(que)
    InvalidafxQueue.c:66
afxQueue.c:66
(que)
    InvalidafxQueue.c:66
afxQueue.c:66
(que)
    InvalidafxQueue.c:66
afxQueue.c:66
(que)
    InvalidafxQueue.c:66
afxQueue.c:66
(que)
    InvalidafxQueue.c:66
afxQueue.c:66
(que)
    InvalidafxQueue.c:66
afxQueue.c:66
(que)
    InvalidafxQueue.c:66
afxQueue.c:66
(que)
    InvalidafxQueue.c:66
afxQueue.c:66
(que)
    InvalidafxQueue.c:66
afxQueue.c:66
(que)
    InvalidafxQueue.c:66
afxQueue.c:66
(que)
    InvalidafxQueue.c:66
afxQueue.c:66
(que)
    InvalidafxQueue.c:66
afxQueue.c:66
(que)
    InvalidafxQueue.c:66
afxQueue.c:66
(que)
    InvalidafxQueue.c:66
afxQueue.c:66
(que)
    InvalidafxQueue.c:66
afxQueue.c:66
(que)
    InvalidafxQueue.c:66
afxQueue.c:66
(que)
    InvalidafxQueue.c:66
afxQueue.c:66
(que)
    InvalidafxQueue.c:66
afxQueue.c:66
(que)
    InvalidafxQueue.c:66
afxQueue.c:66
(que)
    InvalidafxQueue.c:66
afxQueue.c:66
(que)
    InvalidafxQueue.c:66
afxQueue.c:66
(que)
    InvalidafxQueue.c:66
afxQueue.c:66
(que)
    InvalidafxQueue.c:66
afxQueue.c:66
(que)
    InvalidafxQueue.c:66
afxQueue.c:66
(que)
    InvalidafxQueue.c:66
afxQueue.c:66
(que)
    InvalidafxQueue.c:66
afxQueue.c:66
(que)
    InvalidafxQueue.c:66
afxQueue.c:66
(que)
    InvalidafxQueue.c:66
afxQueue.c:66
(que)
    InvalidafxQueue.c:66
afxQueue.c:66
(que)
    InvalidafxQueue.c:66
afxQueue.c:66
(que)
    InvalidafxQueue.c:66
afxQueue.c:66
(que)
    InvalidafxQueue.c:66
afxQueue.c:66
(que)
    InvalidafxQueue.c:66
afxQueue.c:66
(que)
    InvalidafxQueue.c:66
afxQueue.c:66
(que)
    InvalidafxQueue.c:66
afxQueue.c:66
(que)
    InvalidafxQueue.c:66
afxQueue.c:66
(que)
    InvalidafxQueue.c:66
afxQueue.c:66
(que)
    InvalidafxQueue.c:66
afxQueue.c:66
(que)
    InvalidafxQueue.c:66
afxQueue.c:66
(que)
    InvalidafxQueue.c:66
afxQueue.c:66
(que)
    InvalidafxQueue.c:66
afxQueue.c:66
(que)
    InvalidafxQueue.c:66
afxQueue.c:66
(que)
    InvalidafxQueue.c:66
afxQueue.c:66
(que)
    InvalidafxQueue.c:66
afxQueue.c:66
(que)
    InvalidafxQueue.c:66
afxQueue.c:66
(que)
    InvalidafxQueue.c:66
afxQueue.c:66
(que)
    InvalidafxQueue.c:66
afxQueue.c:66
(que)
    InvalidafxQueue.c:66
afxQueue.c:66
(que)
    InvalidafxQueue.c:66
afxQueue.c:66
(que)
    InvalidafxQueue.c:66
afxQueue.c:66
(que)
    InvalidafxQueue.c:66
afxQueue.c:66
(que)
    InvalidafxQueue.c:66
afxQueue.c:66
(que)
    InvalidafxQueue.c:66
afxQueue.c:66
(que)
    InvalidafxQueue.c:66
afxQueue.c:66
(que)
    InvalidafxQueue.c:66
afxQueue.c:66
(que)
    InvalidafxQueue.c:66
afxQueue.c:66
(que)
    InvalidafxQueue.c:66
afxQueue.c:66
(que)
    InvalidafxQueue.c:66
afxQueue.c:66
(que)
    InvalidafxQueue.c:66
afxQueue.c:66
(que)
    InvalidafxQueue.c:66
afxQueue.c:66
(que)
    InvalidafxQueue.c:66
afxQueue.c:66
(que)
    InvalidafxQueue.c:66
afxQueue.c:66
(que)
    InvalidafxQueue.c:66
afxQueue.c:66
(que)
    InvalidafxQueue.c:66
afxQueue.c:66
(que)
    InvalidafxQueue.c:66
afxQueue.c:66
(que)
    InvalidafxQueue.c:66
afxQueue.c:66
(que)
    InvalidafxQueue.c:66
afxQueue.c:66
(que)
    InvalidafxQueue.c:66
afxQueue.c:66
(que)
    InvalidafxQueue.c:66
afxQueue.c:66
(que)
    InvalidafxQueue.c:66
Loading file... <system/qwadro.xss>('E:/qwadro/afx//system//qwadro.xss')afxQueue.c:66
afxQueue.c:66
(que)
    InvalidafxQueue.c:66
(que)
    InvalidafxQueue.c:66
afxQueue.c:66
(que)
    InvalidafxQueue.c:66
afxQueue.c:66
(que)
    InvalidafxQueue.c:66
