
 afxDebug_w32.c:360
  AfxAttachDebugTerminal()
      ::::::::  :::       :::     :::     :::::::::  :::::::::   ::::::::      
     :+:    :+: :+:       :+:   :+: :+:   :+:    :+: :+:    :+: :+:    :+:     
     +:+    +:+ +:+       +:+  +:+   +:+  +:+    +:+ +:+    +:+ +:+    +:+     
     +#+    +:+ +#+  +:+  +#+ +#++:++#++: +#+    +:+ +#++:++#:  +#+    +:+     
     +#+  # +#+ +#+ +#+#+ +#+ +#+     +#+ +#+    +#+ +#+    +#+ +#+    +#+     
     #+#   +#+   #+#+# #+#+#  #+#     #+# #+#    #+# #+#    #+# #+#    #+#     
      ###### ###  ###   ###   ###     ### #########  ###    ###  ########      
                                                                               
              Q W A D R O   E X E C U T I O N   E C O S Y S T E M              
                                                                               
                               Public Test Build                               
                   (c) 2017 SIGMA, Engineering In Technology                   
                                www.sigmaco.org                                
                                                                               
 [!] afxSystem.c:525?AfxDoSystemBootUp
  Booting up Qwadro...
 Installing Qwadro Execution Ecosystem at 0fc8cb68...
 afxClass<Qwadro Execution Ecosystem>::ConstructObject(007622e0)
 afxSystem_w32.c:313
  _AfxSysCtor(sys=007622e0)
 ERR afxInitialization.c:216?AfxIniLoadFromFile
  1: Section 'BasedOn="E:\qwadro\afx"' missing ']' operator.
 Installing Thread Execution Unit at 00763a10 by 00763318...
 Entering the Thread Execution Environment 3716
 afxClass<Thread Execution Unit>::ConstructObject(00760b80)
 afxTxu_w32.c:399
  _AfxTxuCtor(00760b80)
 Installing Memory Management Unit at 0076332c by 00763318...
 Installing Thread at 0076394c by 00763318...
 Installing Device at 00763ad4 by 00763318...
 Installing Autonomous Service at 00763b98 by 00763318...
 Installing File at 00763de4 by 00763318...
 Installing I/O Stream at 00763c5c by 00763318...
 Installing Codec at 00763d20 by 00763318...
 Installing File Archive at 00763ea8 by 00763318 over 00763de4...
 Installing Executable & Linkable File at 007634b4 by 00763318...
 Installing Installable Client Driver at 00763578 by 00763318...
 Installing File System at 00763f6c by 00763318...
 Installing Human Input Device at 0076363c by 00763318 over 00763ad4...
 Installing Keyboard at 00763700 by 00763318 over 0076363c...
 Installing Mouse at 007637c4 by 00763318 over 0076363c...
 Installing Controller at 00763888 by 00763318 over 0076363c...
 Installing String Catalog at 007633f0 by 00763318...
 [!] afxSystem_w32.c:484?_AfxSysCtor
  Memory page size: 4096
 [!] afxSystem_w32.c:485?_AfxSysCtor
  Logical processor count: 1
 afxClass<Memory Management Unit>::ConstructObject(00760930)
 afxArena.c:768
  AfxAllocateArena(aren=007640ac)
 afxArena.c:769
  AfxAllocateArena(spec=00000000,hint="afxSystem_w32.c:498!_AfxSysCtor")
 afxClass<File System>::ConstructObject(00765e60)
 Storage point "." 5 mounted -> "E:\qwadro\afx\\\".
 afxClass<File System>::ConstructObject(00765ed8)
 Storage point "system" 5 mounted -> "E:\qwadro\afx\\system\".
 afxClass<File System>::ConstructObject(00765f50)
 Storage point "system" 5 mounted -> "E:\qwadro\afx\\system32\".
 afxClass<File System>::ConstructObject(00765fc8)
 Storage point "system" 5 mounted -> "E:\qwadro\afx\\system32d\".
 afxClass<File System>::ConstructObject(00766040)
 Storage point "code" 5 mounted -> "E:\qwadro\afx\\code\".
 afxClass<File System>::ConstructObject(007660b8)
 Storage point "sound" 5 mounted -> "E:\qwadro\afx\\sound\".
 afxClass<File System>::ConstructObject(00766180)
 Storage point "data" 5 mounted -> "E:\qwadro\afx\\data\".
 afxClass<File System>::ConstructObject(007661f8)
 Storage point "art" 5 mounted -> "E:\qwadro\afx\\art\".
 afxClass<File System>::ConstructObject(00766270)
 Storage point "tmp" 7 mounted -> "E:\qwadro\afx\\tmp\".
 afxExecutable.c:243
  AfxLoadExecutables(cnt=1,executables=0076406c,uri=003ad89c)
 afxClass<Executable & Linkable File>::ConstructObject(00768490)
 afxExecutable.c:153
  _AfxExeCtor(uri:system/e2coree.dll)
 E:\qwadro\afx\\system32d\/e2coree.dll
 afxKeyboard.c:290
  AfxAcquireKeyboards(cnt=1,port=003ad740,keyboards=00764080)
 afxClass<Keyboard, Human Input Device>ConstructingObject(007686e0)
 afxClass<Human Input Device, Device>ConstructingObject(007686e0)
 afxClass<Device>::ConstructObject(007686e0)
 afxClass<Human Input Device>::ConstructObject(007686e0)
 afxClass<Keyboard>::ConstructObject(007686e0)
 afxKeyboard.c:241
  _AfxKbdCtor(kbd=007686e0)
 afxExecutable.c:243
  AfxLoadExecutables(cnt=1,executables=00764070,uri=003aedf0)
 afxClass<Executable & Linkable File>::ConstructObject(00768594)
 afxExecutable.c:153
  _AfxExeCtor(uri:e2sound.dll)
 Installing SIGMA Sound System at 0fdeb028...
 afxClass<SIGMA Sound System>::ConstructObject(007691d0)
 afxSoundSystem.c:328
  _AfxSsysCtor(ssys=007691d0)
 Installing Sound Bridge at 007691e8 by 007691d4 over 00763a10...
 Installing Sound Thread at 007692ac by 007691d4 over 0076394c...
 Installing Sound Device at 00769370 by 007691d4 over 00763ad4...
 afxSoundThread.c:171
  AfxAcquireSoundThreads(cnt=1,config=003ae8bc,sthr=003ae9cc)
 afxClass<Sound Thread, Thread>ConstructingObject(007694a0)
 afxClass<Thread>::ConstructObject(007694a0)
 afxThread.c:263
  _AfxThrCtor(007694a0)
 afxClass<Sound Thread>::ConstructObject(007694a0)
 afxSoundThread.c:128
  _AfxSthrCtor(sthr=007694a0)
 afxThread.c:204
  AfxRunThread(thr=007694a0)
 afxExecutable.c:243
  AfxLoadExecutables(cnt=1,executables=00764074,uri=003aedf0)
 afxClass<Executable & Linkable File>::ConstructObject(0077a030)
 afxExecutable.c:153
  _AfxExeCtor(uri:e2draw.dll)
 Installing SIGMA Draw System at 0f6aa8c0...
 afxClass<SIGMA Draw System>::ConstructObject(0077a280)
 afxDrawSystem.c:450
  _AfxDsysCtor(dsys=0077a280)
 Installing Draw Bridge at 0077a2ec by 0077a2d8 over 00763a10...
 Installing Draw Thread at 0077a3b0 by 0077a2d8 over 0076394c...
 Installing Draw Device at 0077a474 by 0077a2d8 over 00763ad4...
 afxDrawThread.c:171
  AfxAcquireDrawThreads(cnt=1,config=003ae8bc,dthr=003ae9cc)
 afxClass<Draw Thread, Thread>ConstructingObject(007695d0)
 afxClass<Thread>::ConstructObject(007695d0)
 afxThread.c:263
  _AfxThrCtor(007695d0)
 afxClass<Draw Thread>::ConstructObject(007695d0)
 afxDrawThread.c:128
  _AfxDthrCtor(dthr=007695d0)
 afxThread.c:204
  AfxRunThread(thr=007695d0)
 E:\qwadro\afx\\system32d\/*.inf
 Installing client driver <al1nd.inf>...
 afxClass<Installable Client Driver>::ConstructObject(0077a730)
 [!] afxIcd.c:128?_AfxIcdCtor
  Installable client driver <al1nd.inf> discovered.
	Product: 
	Version: 0.0.0
	Description: 
	Vendor: 
	Website: 
	
 [!] afxIcd.c:134?_AfxIcdCtor
  Loading ICD <al1nd.inf> executable and linkable file <al1nd.dll>...
 afxExecutable.c:243
  AfxLoadExecutables(cnt=1,executables=0077a828,uri=003adeb4)
 afxClass<Executable & Linkable File>::ConstructObject(0077a134)
 afxExecutable.c:153
  _AfxExeCtor(uri:al1nd.dll)
 afxClass<Sound Device, Device>ConstructingObject(0077ab10)
 afxClass<Device>::ConstructObject(0077ab10)
 afxClass<Sound Device>::ConstructObject(0077ab10)
 afxSoundSystem.c:208
  _AfxSdevCtor(sdev=0077ab10)
 afxMutex.c:24
  AfxTakeMutex(mtx=0077ae90,type=00000000)
 Created. (mtx)0077ae90
 Installing Sound Context at 0077ac38 by 0077ab10...
 salSdev.c:419
  _SalSdevIddCtor(sdev=0077ab10)
 0  - Generic Software
 Listing devices available with ALC_ENUMERATE_ALL_EXT
 0  - Generic Software on Alto-falantes (VIA HD Audio(Compatible))
 1  - Generic Software on Headphone (VIA HD Audio(Compatible))
 Listing available capture devices:
 0  - Mixagem estéreo (VIA HD Audio(C
 1  - Microfone (VIA HD Audio(Compati
 000 alEnable core found.
 001 alDisable core found.
 002 alIsEnabled core found.
 003 alGetString core found.
 004 alGetBooleanv core found.
 005 alGetIntegerv core found.
 006 alGetFloatv core found.
 007 alGetDoublev core found.
 008 alGetBoolean core found.
 009 alGetInteger core found.
 010 alGetFloat core found.
 011 alGetDouble core found.
 012 alGetError core found.
 013 alIsExtensionPresent core found.
 014 alGetProcAddress core found.
 015 alGetEnumValue core found.
 016 alListenerf core found.
 017 alListener3f core found.
 018 alListenerfv core found.
 019 alListeneri core found.
 020 alListener3i core found.
 021 alListeneriv core found.
 022 alGetListenerf core found.
 023 alGetListener3f core found.
 024 alGetListenerfv core found.
 025 alGetListeneri core found.
 026 alGetListener3i core found.
 027 alGetListeneriv core found.
 028 alGenSources core found.
 029 alDeleteSources core found.
 030 alIsSource core found.
 031 alSourcef core found.
 032 alSource3f core found.
 033 alSourcefv core found.
 034 alSourcei core found.
 035 alSource3i core found.
 036 alSourceiv core found.
 037 alGetSourcef core found.
 038 alGetSource3f core found.
 039 alGetSourcefv core found.
 040 alGetSourcei core found.
 041 alGetSource3i core found.
 042 alGetSourceiv core found.
 043 alSourcePlayv core found.
 044 alSourceStopv core found.
 045 alSourceRewindv core found.
 046 alSourcePausev core found.
 047 alSourcePlay core found.
 048 alSourceStop core found.
 049 alSourceRewind core found.
 050 alSourcePause core found.
 051 alSourceQueueBuffers core found.
 052 alSourceUnqueueBuffers core found.
 053 alGenBuffers core found.
 054 alDeleteBuffers core found.
 055 alIsBuffer core found.
 056 alBufferData core found.
 057 alBufferf core found.
 058 alBuffer3f core found.
 059 alBufferfv core found.
 060 alBufferi core found.
 061 alBuffer3i core found.
 062 alBufferiv core found.
 063 alGetBufferf core found.
 064 alGetBuffer3f core found.
 065 alGetBufferfv core found.
 066 alGetBufferi core found.
 067 alGetBuffer3i core found.
 068 alGetBufferiv core found.
 afxClass<File>::ConstructObject(0079afc0)
 E:\qwadro\afx\\sound\/qwadroDeepNote44kHz
 afxStream.c:1200
  AfxAcquireStream(cap=0,flags=1,start=00000000,range=0)
 afxClass<I/O Stream>::ConstructObject(007b3910)
 ERR afxStream.c:320?AfxMeasureStream
  
 ERR afxStream.c:320?AfxMeasureStream
  (((((afxFlags)(ios->flags)) & ((afxFlags)(afxIoFlag_X))) == (afxFlags)(afxIoFlag_X)))
    Invalid
 Dismantling File object (#0) 0079afc0...
 Destructing instance 0079afc0 of File class.
 Dismantling I/O Stream object (#0) 007b3910...
 Destructing instance 007b3910 of I/O Stream class.
 [!] afxSoundSystem.c:300?_AfxSdevCtor
  The audience is listening
 Installing client driver <gl4nd.inf>...
 afxClass<Installable Client Driver>::ConstructObject(0077a85c)
 [!] afxIcd.c:128?_AfxIcdCtor
  Installable client driver <gl4nd.inf> discovered.
	Product: SIGMA GL/2
	Version: 0.0.0
	Description: SIGMA-engineered continuously integrated OpenGL/Vulkan Video Graphics Infrastructure
	Vendor: SIGMA Technology Group
	Website: www.sigmaco.org
	
 [!] afxIcd.c:134?_AfxIcdCtor
  Loading ICD <gl4nd.inf> executable and linkable file <gl4nd.dll>...
 afxExecutable.c:243
  AfxLoadExecutables(cnt=1,executables=0077a954,uri=003adeb4)
 afxClass<Executable & Linkable File>::ConstructObject(007b73d0)
 afxExecutable.c:153
  _AfxExeCtor(uri:gl4nd.dll)
 afxClass<Draw Device, Device>ConstructingObject(007c0be0)
 afxClass<Device>::ConstructObject(007c0be0)
 afxClass<Draw Device>::ConstructObject(007c0be0)
 afxDrawSystem.c:247
  _AfxDdevCtor(ddev=007c0be0)
 afxMutex.c:24
  AfxTakeMutex(mtx=007c122c,type=00000000)
 Created. (mtx)007c122c
 Installing Draw Script at 007b7abc by 007c0be0...
 Installing Draw Queue at 007b79f8 by 007c0be0...
 Installing Draw Context at 007c0d08 by 007c0be0...
 Installing Draw Output at 007c0dcc by 007c0be0...
 Installing Draw Input at 007c0e90 by 007c0be0...
 sglDdrv_w32.c:2637
  _SglDdevIddCtor(ddev=007c0be0)
 Listing mem available display devices...

 #0 = Intel(R) HD Graphics (\\.\DISPLAY5) 8080005
 #1 = RDPDD Chained DD (\\.\DISPLAYV1) 200008
 #2 = RDP Encoder Mirror Driver (\\.\DISPLAYV2) 200008
 #3 = RDP Reflector Display Driver (\\.\DISPLAYV3) 200008
 Creating transient OpenGL context
 000 wglCreateContextAttribsARB core found.
 000 wglChoosePixelFormatARB core found.
 000 wglSwapIntervalEXT core found.
 000 wglGetExtensionsStringARB core found.
 Creating definitive OpenGL context
 000 wglCreateContextAttribsARB core found.
 000 wglChoosePixelFormatARB core found.
 000 wglSwapIntervalEXT core found.
 000 wglGetExtensionsStringARB core found.
 000 glCullFace core found.
 001 glFrontFace core found.
 002 glHint core found.
 003 glLineWidth core found.
 004 glPointSize core found.
 005 glPolygonMode core found.
 006 glScissor core found.
 007 glTexParameterf core found.
 008 glTexParameterfv core found.
 009 glTexParameteri core found.
 010 glTexParameteriv core found.
 011 glTexImage1D core found.
 012 glTexImage2D core found.
 013 glDrawBuffer core found.
 014 glClear core found.
 015 glClearColor core found.
 016 glClearStencil core found.
 017 glClearDepth core found.
 018 glStencilMask core found.
 019 glColorMask core found.
 020 glDepthMask core found.
 021 glDisable core found.
 022 glEnable core found.
 023 glFinish core found.
 024 glFlush core found.
 025 glBlendFunc core found.
 026 glLogicOp core found.
 027 glStencilFunc core found.
 028 glStencilOp core found.
 029 glDepthFunc core found.
 030 glPixelStoref core found.
 031 glPixelStorei core found.
 032 glReadBuffer core found.
 033 glReadPixels core found.
 034 glGetBooleanv core found.
 035 glGetDoublev core found.
 036 glGetError core found.
 037 glGetFloatv core found.
 038 glGetIntegerv core found.
 039 glGetString core found.
 040 glGetTexImage core found.
 041 glGetTexParameterfv core found.
 042 glGetTexParameteriv core found.
 043 glGetTexLevelParameterfv core found.
 044 glGetTexLevelParameteriv core found.
 045 glIsEnabled core found.
 046 glDepthRange core found.
 047 glViewport core found.
 048 glDrawArrays core found.
 049 glDrawElements core found.
 050 glGetPointerv core found.
 051 glPolygonOffset core found.
 052 glCopyTexImage1D core found.
 053 glCopyTexImage2D core found.
 054 glCopyTexSubImage1D core found.
 055 glCopyTexSubImage2D core found.
 056 glTexSubImage1D core found.
 057 glTexSubImage2D core found.
 058 glBindTexture core found.
 059 glDeleteTextures core found.
 060 glGenTextures core found.
 061 glIsTexture core found.
 062 glDrawRangeElements core found.
 063 glTexImage3D core found.
 064 glTexSubImage3D core found.
 065 glCopyTexSubImage3D core found.
 066 glActiveTexture core found.
 067 glSampleCoverage core found.
 068 glCompressedTexImage3D core found.
 069 glCompressedTexImage2D core found.
 070 glCompressedTexImage1D core found.
 071 glCompressedTexSubImage3D core found.
 072 glCompressedTexSubImage2D core found.
 073 glCompressedTexSubImage1D core found.
 074 glGetCompressedTexImage core found.
 075 glBlendFuncSeparate core found.
 076 glMultiDrawArrays core found.
 077 glMultiDrawElements core found.
 078 glPointParameterf core found.
 079 glPointParameterfv core found.
 080 glPointParameteri core found.
 081 glPointParameteriv core found.
 082 glBlendColor core found.
 083 glBlendEquation core found.
 084 glGenQueries core found.
 085 glDeleteQueries core found.
 086 glIsQuery core found.
 087 glBeginQuery core found.
 088 glEndQuery core found.
 089 glGetQueryiv core found.
 090 glGetQueryObjectiv core found.
 091 glGetQueryObjectuiv core found.
 092 glBindBuffer core found.
 093 glDeleteBuffers core found.
 094 glGenBuffers core found.
 095 glIsBuffer core found.
 096 glBufferData core found.
 097 glBufferSubData core found.
 098 glGetBufferSubData core found.
 099 glMapBuffer core found.
 100 glUnmapBuffer core found.
 101 glGetBufferParameteriv core found.
 102 glGetBufferPointerv core found.
 103 glBlendEquationSeparate core found.
 104 glDrawBuffers core found.
 105 glStencilOpSeparate core found.
 106 glStencilFuncSeparate core found.
 107 glStencilMaskSeparate core found.
 108 glAttachShader core found.
 109 glBindAttribLocation core found.
 110 glCompileShader core found.
 111 glCreateProgram core found.
 112 glCreateShader core found.
 113 glDeleteProgram core found.
 114 glDeleteShader core found.
 115 glDetachShader core found.
 116 glDisableVertexAttribArray core found.
 117 glEnableVertexAttribArray core found.
 118 glGetActiveAttrib core found.
 119 glGetActiveUniform core found.
 120 glGetAttachedShaders core found.
 121 glGetAttribLocation core found.
 122 glGetProgramiv core found.
 123 glGetProgramInfoLog core found.
 124 glGetShaderiv core found.
 125 glGetShaderInfoLog core found.
 126 glGetShaderSource core found.
 127 glGetUniformLocation core found.
 128 glGetUniformfv core found.
 129 glGetUniformiv core found.
 130 glGetVertexAttribdv core found.
 131 glGetVertexAttribfv core found.
 132 glGetVertexAttribiv core found.
 133 glGetVertexAttribPointerv core found.
 134 glIsProgram core found.
 135 glIsShader core found.
 136 glLinkProgram core found.
 137 glShaderSource core found.
 138 glUseProgram core found.
 139 glUniform1f core found.
 140 glUniform2f core found.
 141 glUniform3f core found.
 142 glUniform4f core found.
 143 glUniform1i core found.
 144 glUniform2i core found.
 145 glUniform3i core found.
 146 glUniform4i core found.
 147 glUniform1fv core found.
 148 glUniform2fv core found.
 149 glUniform3fv core found.
 150 glUniform4fv core found.
 151 glUniform1iv core found.
 152 glUniform2iv core found.
 153 glUniform3iv core found.
 154 glUniform4iv core found.
 155 glUniformMatrix2fv core found.
 156 glUniformMatrix3fv core found.
 157 glUniformMatrix4fv core found.
 158 glValidateProgram core found.
 159 glVertexAttrib1d core found.
 160 glVertexAttrib1dv core found.
 161 glVertexAttrib1f core found.
 162 glVertexAttrib1fv core found.
 163 glVertexAttrib1s core found.
 164 glVertexAttrib1sv core found.
 165 glVertexAttrib2d core found.
 166 glVertexAttrib2dv core found.
 167 glVertexAttrib2f core found.
 168 glVertexAttrib2fv core found.
 169 glVertexAttrib2s core found.
 170 glVertexAttrib2sv core found.
 171 glVertexAttrib3d core found.
 172 glVertexAttrib3dv core found.
 173 glVertexAttrib3f core found.
 174 glVertexAttrib3fv core found.
 175 glVertexAttrib3s core found.
 176 glVertexAttrib3sv core found.
 177 glVertexAttrib4Nbv core found.
 178 glVertexAttrib4Niv core found.
 179 glVertexAttrib4Nsv core found.
 180 glVertexAttrib4Nub core found.
 181 glVertexAttrib4Nubv core found.
 182 glVertexAttrib4Nuiv core found.
 183 glVertexAttrib4Nusv core found.
 184 glVertexAttrib4bv core found.
 185 glVertexAttrib4d core found.
 186 glVertexAttrib4dv core found.
 187 glVertexAttrib4f core found.
 188 glVertexAttrib4fv core found.
 189 glVertexAttrib4iv core found.
 190 glVertexAttrib4s core found.
 191 glVertexAttrib4sv core found.
 192 glVertexAttrib4ubv core found.
 193 glVertexAttrib4uiv core found.
 194 glVertexAttrib4usv core found.
 195 glVertexAttribPointer core found.
 196 glUniformMatrix2x3fv core found.
 197 glUniformMatrix3x2fv core found.
 198 glUniformMatrix2x4fv core found.
 199 glUniformMatrix4x2fv core found.
 200 glUniformMatrix3x4fv core found.
 201 glUniformMatrix4x3fv core found.
 202 glColorMaski core found.
 203 glGetBooleani_v core found.
 204 glGetIntegeri_v core found.
 205 glEnablei core found.
 206 glDisablei core found.
 207 glIsEnabledi core found.
 208 glBeginTransformFeedback core found.
 209 glEndTransformFeedback core found.
 210 glBindBufferRange core found.
 211 glBindBufferBase core found.
 212 glTransformFeedbackVaryings core found.
 213 glGetTransformFeedbackVarying core found.
 214 glClampColor core found.
 215 glBeginConditionalRender core found.
 216 glEndConditionalRender core found.
 217 glVertexAttribIPointer core found.
 218 glGetVertexAttribIiv core found.
 219 glGetVertexAttribIuiv core found.
 220 glVertexAttribI1i core found.
 221 glVertexAttribI2i core found.
 222 glVertexAttribI3i core found.
 223 glVertexAttribI4i core found.
 224 glVertexAttribI1ui core found.
 225 glVertexAttribI2ui core found.
 226 glVertexAttribI3ui core found.
 227 glVertexAttribI4ui core found.
 228 glVertexAttribI1iv core found.
 229 glVertexAttribI2iv core found.
 230 glVertexAttribI3iv core found.
 231 glVertexAttribI4iv core found.
 232 glVertexAttribI1uiv core found.
 233 glVertexAttribI2uiv core found.
 234 glVertexAttribI3uiv core found.
 235 glVertexAttribI4uiv core found.
 236 glVertexAttribI4bv core found.
 237 glVertexAttribI4sv core found.
 238 glVertexAttribI4ubv core found.
 239 glVertexAttribI4usv core found.
 240 glGetUniformuiv core found.
 241 glBindFragDataLocation core found.
 242 glGetFragDataLocation core found.
 243 glUniform1ui core found.
 244 glUniform2ui core found.
 245 glUniform3ui core found.
 246 glUniform4ui core found.
 247 glUniform1uiv core found.
 248 glUniform2uiv core found.
 249 glUniform3uiv core found.
 250 glUniform4uiv core found.
 251 glTexParameterIiv core found.
 252 glTexParameterIuiv core found.
 253 glGetTexParameterIiv core found.
 254 glGetTexParameterIuiv core found.
 255 glClearBufferiv core found.
 256 glClearBufferuiv core found.
 257 glClearBufferfv core found.
 258 glClearBufferfi core found.
 259 glGetStringi core found.
 260 glIsRenderbuffer core found.
 261 glBindRenderbuffer core found.
 262 glDeleteRenderbuffers core found.
 263 glGenRenderbuffers core found.
 264 glRenderbufferStorage core found.
 265 glGetRenderbufferParameteriv core found.
 266 glIsFramebuffer core found.
 267 glBindFramebuffer core found.
 268 glDeleteFramebuffers core found.
 269 glGenFramebuffers core found.
 270 glCheckFramebufferStatus core found.
 271 glFramebufferTexture1D core found.
 272 glFramebufferTexture2D core found.
 273 glFramebufferTexture3D core found.
 274 glFramebufferRenderbuffer core found.
 275 glGetFramebufferAttachmentParameteriv core found.
 276 glGenerateMipmap core found.
 277 glBlitFramebuffer core found.
 278 glRenderbufferStorageMultisample core found.
 279 glFramebufferTextureLayer core found.
 280 glMapBufferRange core found.
 281 glFlushMappedBufferRange core found.
 282 glBindVertexArray core found.
 283 glDeleteVertexArrays core found.
 284 glGenVertexArrays core found.
 285 glIsVertexArray core found.
 286 glDrawArraysInstanced core found.
 287 glDrawElementsInstanced core found.
 288 glTexBuffer core found.
 289 glPrimitiveRestartIndex core found.
 290 glCopyBufferSubData core found.
 291 glGetUniformIndices core found.
 292 glGetActiveUniformsiv core found.
 293 glGetActiveUniformName core found.
 294 glGetUniformBlockIndex core found.
 295 glGetActiveUniformBlockiv core found.
 296 glGetActiveUniformBlockName core found.
 297 glUniformBlockBinding core found.
 298 glDrawElementsBaseVertex core found.
 299 glDrawRangeElementsBaseVertex core found.
 300 glDrawElementsInstancedBaseVertex core found.
 301 glMultiDrawElementsBaseVertex core found.
 302 glProvokingVertex core found.
 303 glFenceSync core found.
 304 glIsSync core found.
 305 glDeleteSync core found.
 306 glClientWaitSync core found.
 307 glWaitSync core found.
 308 glGetInteger64v core found.
 309 glGetSynciv core found.
 310 glGetInteger64i_v core found.
 311 glGetBufferParameteri64v core found.
 312 glFramebufferTexture core found.
 313 glTexImage2DMultisample core found.
 314 glTexImage3DMultisample core found.
 315 glGetMultisamplefv core found.
 316 glSampleMaski core found.
 317 glBindFragDataLocationIndexed core found.
 318 glGetFragDataIndex core found.
 319 glGenSamplers core found.
 320 glDeleteSamplers core found.
 321 glIsSampler core found.
 322 glBindSampler core found.
 323 glSamplerParameteri core found.
 324 glSamplerParameteriv core found.
 325 glSamplerParameterf core found.
 326 glSamplerParameterfv core found.
 327 glSamplerParameterIiv core found.
 328 glSamplerParameterIuiv core found.
 329 glGetSamplerParameteriv core found.
 330 glGetSamplerParameterIiv core found.
 331 glGetSamplerParameterfv core found.
 332 glGetSamplerParameterIuiv core found.
 333 glQueryCounter core found.
 334 glGetQueryObjecti64v core found.
 335 glGetQueryObjectui64v core found.
 336 glVertexAttribDivisor core found.
 337 glVertexAttribP1ui core found.
 338 glVertexAttribP1uiv core found.
 339 glVertexAttribP2ui core found.
 340 glVertexAttribP2uiv core found.
 341 glVertexAttribP3ui core found.
 342 glVertexAttribP3uiv core found.
 343 glVertexAttribP4ui core found.
 344 glVertexAttribP4uiv core found.
 345 glMinSampleShading core found.
 346 glBlendEquationi core found.
 347 glBlendEquationSeparatei core found.
 348 glBlendFunci core found.
 349 glBlendFuncSeparatei core found.
 350 glDrawArraysIndirect core found.
 351 glDrawElementsIndirect core found.
 352 glUniform1d core found.
 353 glUniform2d core found.
 354 glUniform3d core found.
 355 glUniform4d core found.
 356 glUniform1dv core found.
 357 glUniform2dv core found.
 358 glUniform3dv core found.
 359 glUniform4dv core found.
 360 glUniformMatrix2dv core found.
 361 glUniformMatrix3dv core found.
 362 glUniformMatrix4dv core found.
 363 glUniformMatrix2x3dv core found.
 364 glUniformMatrix2x4dv core found.
 365 glUniformMatrix3x2dv core found.
 366 glUniformMatrix3x4dv core found.
 367 glUniformMatrix4x2dv core found.
 368 glUniformMatrix4x3dv core found.
 369 glGetUniformdv core found.
 370 glGetSubroutineUniformLocation core found.
 371 glGetSubroutineIndex core found.
 372 glGetActiveSubroutineUniformiv core found.
 373 glGetActiveSubroutineUniformName core found.
 374 glGetActiveSubroutineName core found.
 375 glUniformSubroutinesuiv core found.
 376 glGetUniformSubroutineuiv core found.
 377 glGetProgramStageiv core found.
 378 glPatchParameteri core found.
 379 glPatchParameterfv core found.
 380 glBindTransformFeedback core found.
 381 glDeleteTransformFeedbacks core found.
 382 glGenTransformFeedbacks core found.
 383 glIsTransformFeedback core found.
 384 glPauseTransformFeedback core found.
 385 glResumeTransformFeedback core found.
 386 glDrawTransformFeedback core found.
 387 glDrawTransformFeedbackStream core found.
 388 glBeginQueryIndexed core found.
 389 glEndQueryIndexed core found.
 390 glGetQueryIndexediv core found.
 391 glReleaseShaderCompiler core found.
 392 glShaderBinary core found.
 393 glGetShaderPrecisionFormat core found.
 394 glDepthRangef core found.
 395 glClearDepthf core found.
 396 glGetProgramBinary core found.
 397 glProgramBinary core found.
 398 glProgramParameteri core found.
 399 glUseProgramStages core found.
 400 glActiveShaderProgram core found.
 401 glCreateShaderProgramv core found.
 402 glBindProgramPipeline core found.
 403 glDeleteProgramPipelines core found.
 404 glGenProgramPipelines core found.
 405 glIsProgramPipeline core found.
 406 glGetProgramPipelineiv core found.
 407 glProgramUniform1i core found.
 408 glProgramUniform1iv core found.
 409 glProgramUniform1f core found.
 410 glProgramUniform1fv core found.
 411 glProgramUniform1d core found.
 412 glProgramUniform1dv core found.
 413 glProgramUniform1ui core found.
 414 glProgramUniform1uiv core found.
 415 glProgramUniform2i core found.
 416 glProgramUniform2iv core found.
 417 glProgramUniform2f core found.
 418 glProgramUniform2fv core found.
 419 glProgramUniform2d core found.
 420 glProgramUniform2dv core found.
 421 glProgramUniform2ui core found.
 422 glProgramUniform2uiv core found.
 423 glProgramUniform3i core found.
 424 glProgramUniform3iv core found.
 425 glProgramUniform3f core found.
 426 glProgramUniform3fv core found.
 427 glProgramUniform3d core found.
 428 glProgramUniform3dv core found.
 429 glProgramUniform3ui core found.
 430 glProgramUniform3uiv core found.
 431 glProgramUniform4i core found.
 432 glProgramUniform4iv core found.
 433 glProgramUniform4f core found.
 434 glProgramUniform4fv core found.
 435 glProgramUniform4d core found.
 436 glProgramUniform4dv core found.
 437 glProgramUniform4ui core found.
 438 glProgramUniform4uiv core found.
 439 glProgramUniformMatrix2fv core found.
 440 glProgramUniformMatrix3fv core found.
 441 glProgramUniformMatrix4fv core found.
 442 glProgramUniformMatrix2dv core found.
 443 glProgramUniformMatrix3dv core found.
 444 glProgramUniformMatrix4dv core found.
 445 glProgramUniformMatrix2x3fv core found.
 446 glProgramUniformMatrix3x2fv core found.
 447 glProgramUniformMatrix2x4fv core found.
 448 glProgramUniformMatrix4x2fv core found.
 449 glProgramUniformMatrix3x4fv core found.
 450 glProgramUniformMatrix4x3fv core found.
 451 glProgramUniformMatrix2x3dv core found.
 452 glProgramUniformMatrix3x2dv core found.
 453 glProgramUniformMatrix2x4dv core found.
 454 glProgramUniformMatrix4x2dv core found.
 455 glProgramUniformMatrix3x4dv core found.
 456 glProgramUniformMatrix4x3dv core found.
 457 glValidateProgramPipeline core found.
 458 glGetProgramPipelineInfoLog core found.
 459 glVertexAttribL1d core found.
 460 glVertexAttribL2d core found.
 461 glVertexAttribL3d core found.
 462 glVertexAttribL4d core found.
 463 glVertexAttribL1dv core found.
 464 glVertexAttribL2dv core found.
 465 glVertexAttribL3dv core found.
 466 glVertexAttribL4dv core found.
 467 glVertexAttribLPointer core found.
 468 glGetVertexAttribLdv core found.
 469 glViewportArrayv core found.
 470 glViewportIndexedf core found.
 471 glViewportIndexedfv core found.
 472 glScissorArrayv core found.
 473 glScissorIndexed core found.
 474 glScissorIndexedv core found.
 475 glDepthRangeArrayv core found.
 476 glDepthRangeIndexed core found.
 477 glGetFloati_v core found.
 478 glGetDoublei_v core found.
 479 glDrawArraysInstancedBaseInstance core found.
 480 glDrawElementsInstancedBaseInstance core found.
 481 glDrawElementsInstancedBaseVertexBaseInstance core found.
 482 glGetInternalformativ core found.
 483 glGetActiveAtomicCounterBufferiv core found.
 484 glBindImageTexture core found.
 485 glMemoryBarrier core found.
 486 glTexStorage1D core found.
 487 glTexStorage2D core found.
 488 glTexStorage3D core found.
 489 glDrawTransformFeedbackInstanced core found.
 490 glDrawTransformFeedbackStreamInstanced core found.
 493 glDispatchCompute core found.
 494 glDispatchComputeIndirect core found.
 496 glFramebufferParameteri core found.
 497 glGetFramebufferParameteriv core found.
 498 glGetInternalformati64v core found.
 503 glInvalidateFramebuffer core found.
 504 glInvalidateSubFramebuffer core found.
 505 glMultiDrawArraysIndirect core found.
 506 glMultiDrawElementsIndirect core found.
 507 glGetProgramInterfaceiv core found.
 508 glGetProgramResourceIndex core found.
 509 glGetProgramResourceName core found.
 510 glGetProgramResourceiv core found.
 511 glGetProgramResourceLocation core found.
 512 glGetProgramResourceLocationIndex core found.
 513 glShaderStorageBlockBinding core found.
 514 glTexBufferRange core found.
 515 glTexStorage2DMultisample core found.
 516 glTexStorage3DMultisample core found.
 518 glBindVertexBuffer core found.
 519 glVertexAttribFormat core found.
 520 glVertexAttribIFormat core found.
 521 glVertexAttribLFormat core found.
 522 glVertexAttribBinding core found.
 523 glVertexBindingDivisor core found.
 524 glDebugMessageControl core found.
 525 glDebugMessageInsert core found.
 526 glDebugMessageCallback core found.
 527 glGetDebugMessageLog core found.
 528 glPushDebugGroup core found.
 529 glPopDebugGroup core found.
 530 glObjectLabel core found.
 531 glGetObjectLabel core found.
 532 glObjectPtrLabel core found.
 533 glGetObjectPtrLabel core found.
 534 glBufferStorage core found.
 [!] sglDdrv_w32.c:815?SglLoadOpenGlVmt
  543 glClipControlEXT ext found.
 [!] sglDdrv_w32.c:815?SglLoadOpenGlVmt
  551 glNamedBufferStorageEXT ext found.
 [!] sglDdrv_w32.c:815?SglLoadOpenGlVmt
  589 glTextureBufferRangeEXT ext found.
 [!] sglDdrv_w32.c:815?SglLoadOpenGlVmt
  606 glTextureParameteriEXT ext found.
 641 glMemoryBarrierByRegion core found.
 [!] sglDdrv_w32.c:815?SglLoadOpenGlVmt
  644 glGetGraphicsResetStatusARB ext found.
 [!] sglDdrv_w32.c:815?SglLoadOpenGlVmt
  645 glGetnCompressedTexImageARB ext found.
 [!] sglDdrv_w32.c:815?SglLoadOpenGlVmt
  646 glGetnTexImageARB ext found.
 [!] sglDdrv_w32.c:815?SglLoadOpenGlVmt
  647 glGetnUniformdvARB ext found.
 [!] sglDdrv_w32.c:815?SglLoadOpenGlVmt
  648 glGetnUniformfvARB ext found.
 [!] sglDdrv_w32.c:815?SglLoadOpenGlVmt
  649 glGetnUniformivARB ext found.
 [!] sglDdrv_w32.c:815?SglLoadOpenGlVmt
  650 glGetnUniformuivARB ext found.
 [!] sglDdrv_w32.c:815?SglLoadOpenGlVmt
  651 glReadnPixelsARB ext found.
 Listing #187 "core" GL supported extensions.
 000 GL_EXT_blend_minmax ext found.
 001 GL_EXT_blend_subtract ext found.
 002 GL_EXT_blend_color ext found.
 003 GL_EXT_abgr ext found.
 004 GL_EXT_texture3D ext found.
 005 GL_EXT_clip_volume_hint ext found.
 006 GL_EXT_compiled_vertex_array ext found.
 007 GL_SGIS_texture_edge_clamp ext found.
 008 GL_SGIS_generate_mipmap ext found.
 009 GL_EXT_draw_range_elements ext found.
 010 GL_SGIS_texture_lod ext found.
 011 GL_EXT_rescale_normal ext found.
 012 GL_EXT_packed_pixels ext found.
 013 GL_EXT_texture_edge_clamp ext found.
 014 GL_EXT_separate_specular_color ext found.
 015 GL_ARB_multitexture ext found.
 016 GL_ARB_map_buffer_alignment ext found.
 017 GL_ARB_conservative_depth ext found.
 018 GL_EXT_texture_env_combine ext found.
 019 GL_EXT_bgra ext found.
 020 GL_EXT_blend_func_separate ext found.
 021 GL_EXT_secondary_color ext found.
 022 GL_EXT_fog_coord ext found.
 023 GL_EXT_texture_env_add ext found.
 024 GL_ARB_texture_cube_map ext found.
 025 GL_ARB_transpose_matrix ext found.
 026 GL_ARB_internalformat_query ext found.
 027 GL_ARB_internalformat_query2 ext found.
 028 GL_ARB_texture_env_add ext found.
 029 GL_IBM_texture_mirrored_repeat ext found.
 030 GL_EXT_multi_draw_arrays ext found.
 031 GL_SUN_multi_draw_arrays ext found.
 032 GL_NV_blend_square ext found.
 033 GL_ARB_texture_compression ext found.
 034 GL_3DFX_texture_compression_FXT1 ext found.
 035 GL_EXT_texture_filter_anisotropic ext found.
 036 GL_ARB_texture_border_clamp ext found.
 037 GL_ARB_point_parameters ext found.
 038 GL_ARB_texture_env_combine ext found.
 039 GL_ARB_texture_env_dot3 ext found.
 040 GL_ARB_texture_env_crossbar ext found.
 041 GL_EXT_texture_compression_s3tc ext found.
 042 GL_ARB_shadow ext found.
 043 GL_ARB_window_pos ext found.
 044 GL_EXT_shadow_funcs ext found.
 045 GL_EXT_stencil_wrap ext found.
 046 GL_ARB_vertex_program ext found.
 047 GL_EXT_texture_rectangle ext found.
 048 GL_ARB_fragment_program ext found.
 049 GL_EXT_stencil_two_side ext found.
 050 GL_ATI_separate_stencil ext found.
 051 GL_ARB_vertex_buffer_object ext found.
 052 GL_EXT_texture_lod_bias ext found.
 053 GL_ARB_occlusion_query ext found.
 054 GL_ARB_fragment_shader ext found.
 055 GL_ARB_shader_objects ext found.
 056 GL_ARB_shading_language_100 ext found.
 057 GL_ARB_texture_non_power_of_two ext found.
 058 GL_ARB_vertex_shader ext found.
 059 GL_NV_texgen_reflection ext found.
 060 GL_ARB_point_sprite ext found.
 061 GL_ARB_fragment_program_shadow ext found.
 062 GL_EXT_blend_equation_separate ext found.
 063 GL_ARB_depth_texture ext found.
 064 GL_ARB_texture_rectangle ext found.
 065 GL_ARB_draw_buffers ext found.
 066 GL_ARB_color_buffer_float ext found.
 067 GL_ARB_half_float_pixel ext found.
 068 GL_ARB_texture_float ext found.
 069 GL_ARB_pixel_buffer_object ext found.
 070 GL_EXT_framebuffer_object ext found.
 071 GL_ARB_draw_instanced ext found.
 072 GL_ARB_half_float_vertex ext found.
 073 GL_ARB_occlusion_query2 ext found.
 074 GL_EXT_draw_buffers2 ext found.
 075 GL_WIN_swap_hint ext found.
 076 GL_EXT_texture_sRGB ext found.
 077 GL_ARB_multisample ext found.
 078 GL_EXT_packed_float ext found.
 079 GL_EXT_texture_shared_exponent ext found.
 080 GL_ARB_texture_rg ext found.
 081 GL_ARB_texture_compression_rgtc ext found.
 082 GL_NV_conditional_render ext found.
 083 GL_ARB_texture_swizzle ext found.
 084 GL_EXT_texture_swizzle ext found.
 085 GL_ARB_texture_gather ext found.
 086 GL_ARB_sync ext found.
 087 GL_ARB_framebuffer_sRGB ext found.
 088 GL_EXT_packed_depth_stencil ext found.
 089 GL_ARB_depth_buffer_float ext found.
 090 GL_EXT_transform_feedback ext found.
 091 GL_ARB_transform_feedback2 ext found.
 092 GL_ARB_draw_indirect ext found.
 093 GL_EXT_framebuffer_blit ext found.
 094 GL_EXT_framebuffer_multisample ext found.
 095 GL_ARB_framebuffer_object ext found.
 096 GL_ARB_framebuffer_no_attachments ext found.
 097 GL_EXT_texture_array ext found.
 098 GL_EXT_texture_integer ext found.
 099 GL_ARB_map_buffer_range ext found.
 100 GL_ARB_texture_buffer_range ext found.
 101 GL_EXT_texture_buffer ext found.
 102 GL_EXT_texture_snorm ext found.
 103 GL_ARB_blend_func_extended ext found.
 104 GL_INTEL_performance_queries ext found.
 105 GL_INTEL_performance_query ext found.
 106 GL_ARB_copy_buffer ext found.
 107 GL_ARB_sampler_objects ext found.
 108 GL_NV_primitive_restart ext found.
 109 GL_ARB_seamless_cube_map ext found.
 110 GL_ARB_uniform_buffer_object ext found.
 111 GL_ARB_depth_clamp ext found.
 112 GL_ARB_vertex_array_bgra ext found.
 113 GL_ARB_shader_bit_encoding ext found.
 114 GL_ARB_draw_buffers_blend ext found.
 115 GL_ARB_geometry_shader4 ext found.
 116 GL_EXT_geometry_shader4 ext found.
 117 GL_ARB_texture_query_lod ext found.
 118 GL_ARB_explicit_attrib_location ext found.
 119 GL_ARB_draw_elements_base_vertex ext found.
 120 GL_ARB_instanced_arrays ext found.
 121 GL_ARB_base_instance ext found.
 122 GL_ARB_fragment_coord_conventions ext found.
 123 GL_EXT_gpu_program_parameters ext found.
 124 GL_ARB_texture_buffer_object_rgb32 ext found.
 125 GL_ARB_texture_rgb10_a2ui ext found.
 126 GL_ARB_texture_multisample ext found.
 127 GL_ARB_vertex_type_2_10_10_10_rev ext found.
 128 GL_ARB_timer_query ext found.
 129 GL_ARB_tessellation_shader ext found.
 130 GL_ARB_vertex_array_object ext found.
 131 GL_ARB_provoking_vertex ext found.
 132 GL_ARB_sample_shading ext found.
 133 GL_ARB_texture_cube_map_array ext found.
 134 GL_EXT_gpu_shader4 ext found.
 135 GL_ARB_gpu_shader5 ext found.
 136 GL_ARB_gpu_shader_fp64 ext found.
 137 GL_ARB_shader_subroutine ext found.
 138 GL_ARB_transform_feedback3 ext found.
 139 GL_ARB_get_program_binary ext found.
 140 GL_ARB_separate_shader_objects ext found.
 141 GL_ARB_shader_precision ext found.
 142 GL_ARB_vertex_attrib_64bit ext found.
 143 GL_ARB_viewport_array ext found.
 144 GL_ARB_transform_feedback_instanced ext found.
 145 GL_ARB_compressed_texture_pixel_storage ext found.
 146 GL_ARB_shader_atomic_counters ext found.
 147 GL_ARB_shading_language_packing ext found.
 148 GL_ARB_shading_language_420pack ext found.
 149 GL_ARB_texture_storage ext found.
 150 GL_EXT_texture_storage ext found.
 151 GL_ARB_vertex_attrib_binding ext found.
 152 GL_ARB_multi_draw_indirect ext found.
 153 GL_ARB_program_interface_query ext found.
 154 GL_ARB_texture_storage_multisample ext found.
 155 GL_ARB_buffer_storage ext found.
 156 GL_ARB_debug_output ext found.
 157 GL_KHR_debug ext found.
 158 GL_ARB_arrays_of_arrays ext found.
 159 GL_INTEL_map_texture ext found.
 160 GL_ARB_texture_compression_bptc ext found.
 161 GL_ARB_ES2_compatibility ext found.
 162 GL_ARB_ES3_compatibility ext found.
 163 GL_ARB_robustness ext found.
 164 GL_EXT_texture_sRGB_decode ext found.
 165 GL_KHR_blend_equation_advanced ext found.
 166 GL_EXT_shader_integer_mix ext found.
 167 GL_ARB_stencil_texturing ext found.
 168 WGL_EXT_depth_float ext found.
 169 WGL_ARB_buffer_region ext found.
 170 WGL_ARB_extensions_string ext found.
 171 WGL_ARB_make_current_read ext found.
 172 WGL_ARB_pixel_format ext found.
 173 WGL_ARB_pbuffer ext found.
 174 WGL_EXT_extensions_string ext found.
 175 WGL_EXT_swap_control ext found.
 176 WGL_EXT_swap_control_tear ext found.
 177 WGL_ARB_multisample ext found.
 178 WGL_ARB_pixel_format_float ext found.
 179 WGL_ARB_framebuffer_sRGB ext found.
 180 WGL_ARB_create_context ext found.
 181 WGL_ARB_create_context_profile ext found.
 182 WGL_EXT_pixel_format_packed_float ext found.
 183 WGL_EXT_create_context_es_profile ext found.
 184 WGL_EXT_create_context_es2_profile ext found.
 185 WGL_NV_DX_interop ext found.
 186 WGL_ARB_create_context_robustness ext found.
 [!] sglDdrv_w32.c:2067?_SglBuildDpu
  677 381 1920 1080 96 96 32 1 36 36 51 60 1 
 Opening the SIGMA GL/2 Drawing Execution Port 000
	Intel(R) HD Graphics 4.0.0 - Build 10.18.10.5161
 [$] sglDdrv_w32.c:2093?_SglBuildDpu
  WGL_EXT_depth_float WGL_ARB_buffer_region WGL_ARB_extensions_string WGL_ARB_make_current_read WGL_ARB_pixel_format WGL_ARB_pbuffer WGL_EXT_extensions_string WGL_EXT_swap_control WGL_EXT_swap_control_tear WGL_ARB_multisample WGL_ARB_pixel_format_float WGL_ARB_framebuffer_sRGB WGL_ARB_create_context WGL_ARB_create_context_profile WGL_EXT_pixel_format_packed_float WGL_EXT_create_context_es_profile WGL_EXT_create_context_es2_profile WGL_NV_DX_interop WGL_ARB_create_context_robustness 
 ERR sglDdrv_w32.c:1763?_glDbgMsgCb
  API ERROR HIGH 1280 GL error GL_INVALID_ENUM
 ERR sglDdrv_w32.c:2224?_SglBuildDpu
  GL: INVAL_PARAM
 ERR sglDdrv_w32.c:1763?_glDbgMsgCb
  API ERROR HIGH 1280 GL error GL_INVALID_ENUM
 ERR sglDdrv_w32.c:2250?_SglBuildDpu
  GL: INVAL_PARAM
 ERR sglDdrv_w32.c:1763?_glDbgMsgCb
  API ERROR HIGH 1280 GL error GL_INVALID_ENUM
 ERR sglDdrv_w32.c:2260?_SglBuildDpu
  GL: INVAL_PARAM
 ERR sglDdrv_w32.c:1763?_glDbgMsgCb
  API ERROR HIGH 1280 GL error GL_INVALID_ENUM
 ERR sglDdrv_w32.c:2262?_SglBuildDpu
  GL: INVAL_PARAM
 ERR sglDdrv_w32.c:1763?_glDbgMsgCb
  API ERROR HIGH 1280 GL error GL_INVALID_ENUM
 ERR sglDdrv_w32.c:2266?_SglBuildDpu
  GL: INVAL_PARAM
 afxClass<Draw Context>::ConstructObject(007b63d0)
 sglDctx.c:84
  _SglDctxCtor(dctx=007b63d0)
 afxArena.c:768
  AfxAllocateArena(aren=007b63d8)
 afxArena.c:769
  AfxAllocateArena(spec=00000000,hint="sglDctx.c:103!_SglDctxCtor")
 Installing GPU Synchronization Semaphore at 007b676c by 007b6448...
 Installing GPU Synchronization Fence at 007b66a8 by 007b6448...
 Installing Query Pool at 007b6a7c by 007b6448...
 Installing Lego at 007b69b8 by 007b6448...
 Installing Sampler at 007b6c04 by 007b6448...
 Installing Buffer at 007b6520 by 007b6448...
 Installing Raster at 007b645c by 007b6448...
 Installing Canvas at 007b6b40 by 007b6448...
 Installing Vertex Input at 007b6cc8 by 007b6448...
 Installing Shader at 007b65e4 by 007b6448...
 Installing Rasterizer at 007b6830 by 007b6448...
 Installing Pipeline at 007b68f4 by 007b6448...
 afxClass<Draw Queue>::ConstructObject(007641a0)
 sglDque_w32.c:1301
  _SglDqueCtor(dque=007641a0)
 afxArena.c:768
  AfxAllocateArena(aren=007641ec)
 afxArena.c:769
  AfxAllocateArena(spec=00000000,hint="sglDque_w32.c:1327!_SglDqueCtor")
 afxClass<Draw Queue>::ConstructObject(00764270)
 sglDque_w32.c:1301
  _SglDqueCtor(dque=00764270)
 afxArena.c:768
  AfxAllocateArena(aren=007642bc)
 afxArena.c:769
  AfxAllocateArena(spec=00000000,hint="sglDque_w32.c:1327!_SglDqueCtor")
 Uploading pipeline 'data/pipeline/video/sampleOutRgba.xsh.xml'
 afxXml.c:1284
  AfxLoadXml(uri:data/pipeline/video/sampleOutRgba.xsh.xml)
 afxClass<File>::ConstructObject(0079b0f0)
 E:\qwadro\afx\\data\/pipeline/video/sampleOutRgba.xsh.xml
 afxStream.c:1200
  AfxAcquireStream(cap=0,flags=1,start=00000000,range=0)
 afxClass<I/O Stream>::ConstructObject(06f96350)
 Dismantling File object (#0) 0079b0f0...
 Destructing instance 0079b0f0 of File class.
 Dismantling I/O Stream object (#0) 06f96350...
 Destructing instance 06f96350 of I/O Stream class.
 data/pipeline/video/uvOutTristripQuad.vsh
 data/pipeline/video/sampleOutRgba.xsh.xml
 Uploading pipeline 'data/pipeline/video/sampleOutRgba.xsh.xml'
 afxXml.c:1284
  AfxLoadXml(uri:data/pipeline/video/sampleOutRgba.xsh.xml)
 afxClass<File>::ConstructObject(0079b0f0)
 E:\qwadro\afx\\data\/pipeline/video/sampleOutRgba.xsh.xml
 afxStream.c:1200
  AfxAcquireStream(cap=0,flags=1,start=00000000,range=0)
 afxClass<I/O Stream>::ConstructObject(06f96350)
 Dismantling File object (#0) 0079b0f0...
 Destructing instance 0079b0f0 of File class.
 Dismantling I/O Stream object (#0) 06f96350...
 Destructing instance 06f96350 of I/O Stream class.
 [!] afxXsh.c:601?AfxLoadRasterizationConfigFromXml
  Node 'DepthWriteEnabled' not handled.
 data/pipeline/video/sampleOutRgba2d.fsh
 afxClass<Rasterizer>::ConstructObject(070d6880)
 sglRazr.c:85
  _SglRazrCtor(razr=070d6880)
 afxClass<Pipeline>::ConstructObject(0713ed30)
 sglPip.c:512
  _SglPipCtor(pip=0713ed30)
 afxClass<File>::ConstructObject(0079b0f0)
 E:\qwadro\afx\\data\/pipeline/video/uvOutTristripQuad.vsh
 afxStream.c:1200
  AfxAcquireStream(cap=0,flags=1,start=00000000,range=0)
 afxClass<I/O Stream>::ConstructObject(06f96350)
 afxClass<File>::ConstructObject(0079b164)
 E:\qwadro\afx\\data\/pipeline/stdEnv.inc
 afxStream.c:1200
  AfxAcquireStream(cap=0,flags=1,start=00000000,range=0)
 afxClass<I/O Stream>::ConstructObject(06f963c0)
 Dismantling File object (#0) 0079b164...
 Destructing instance 0079b164 of File class.
 Dismantling I/O Stream object (#0) 06f963c0...
 Destructing instance 06f963c0 of I/O Stream class.
 Dismantling File object (#0) 0079b0f0...
 Destructing instance 0079b0f0 of File class.
 Dismantling I/O Stream object (#0) 06f96350...
 Destructing instance 06f96350 of I/O Stream class.
 afxClass<File>::ConstructObject(0079b0f0)
 E:\qwadro\afx\\data\/pipeline/video/sampleOutRgba2d.fsh
 afxStream.c:1200
  AfxAcquireStream(cap=0,flags=1,start=00000000,range=0)
 afxClass<I/O Stream>::ConstructObject(06f96350)
 afxClass<File>::ConstructObject(0079b164)
 E:\qwadro\afx\\data\/pipeline/stdEnv.inc
 afxStream.c:1200
  AfxAcquireStream(cap=0,flags=1,start=00000000,range=0)
 afxClass<I/O Stream>::ConstructObject(06f963c0)
 Dismantling File object (#0) 0079b164...
 Destructing instance 0079b164 of File class.
 Dismantling I/O Stream object (#0) 06f963c0...
 Destructing instance 06f963c0 of I/O Stream class.
 Dismantling File object (#0) 0079b0f0...
 Destructing instance 0079b0f0 of File class.
 Dismantling I/O Stream object (#0) 06f96350...
 Destructing instance 06f96350 of I/O Stream class.
 P¿
 afxClass<Lego>::ConstructObject(0078dd00)
 sglBsch.c:285
  _SglBschCtor(lego=0078dd00)
 afxClass<Sampler>::ConstructObject(06fae5e0)
 sglSamp.c:122
  _SglSampCtor(samp=06fae5e0)
 Installing Application at 0f93808c...
 afxClass<Application>::ConstructObject(049a4f20)
 afxApplication.c:257
  _AfxAppCtor(app=049a4f20)
 afxThread.c:339
  AfxAcquireThreads(cnt=1,threads=049a50bc,config=003aeb9c,hint="afxApplication.c:267!_AfxAppCtor")
 afxClass<Thread>::ConstructObject(0713c410)
 afxThread.c:263
  _AfxThrCtor(0713c410)
 afxMouse.c:485
  AfxAcquireMouses(cnt=1,port=003aebb4,mouses=049a50c4)
 afxClass<Mouse, Human Input Device>ConstructingObject(0713c5f0)
 afxClass<Human Input Device, Device>ConstructingObject(0713c5f0)
 afxClass<Device>::ConstructObject(0713c5f0)
 afxClass<Human Input Device>::ConstructObject(0713c5f0)
 afxClass<Mouse>::ConstructObject(0713c5f0)
 afxMouse.c:431
  _AfxMseCtor(mse=0713c5f0)
 afxClass<Draw Input>::ConstructObject(0715af60)
 Installing Vertex Buffer at 0715b110 by 0715af74...
 Installing Camera at 0715af88 by 0715af74...
 Installing Widget at 049a4ff8 by 049a4f20...
 afxApplication.c:175
  AfxRunApplication(app=049a4f20)
 afxThread.c:204
  AfxRunThread(thr=0713c410)
 Sandbox.c:132
  Once(app=049a4f20)
 Installing Simulation at 0f522520...
 afxClass<Simulation>::ConstructObject(0712f820)
 afxSimulation.c:338
  _AfxSimCtor(sim=0712f820)
 afxClass<Memory Management Unit>::ConstructObject(0078fa80)
 Installing CAD Asset at 0712f838 by 0712f824...
 Installing Material at 0712fc0c by 0712f824...
 Installing Mesh at 0712fcd0 by 0712f824...
 Installing Mesh Topology at 0712fe58 by 0712f824...
 Installing Vertex Data at 0712fd94 by 0712f824...
 Installing Node at 0713022c by 0712f824...
 ERR afxClass.c:636?AfxMountClass
  
 ERR afxClass.c:636?AfxMountClass
  (config->size)
    Invalid
 Installing Skeleton at 0712ffe0 by 0712f824...
 Installing Model at 0712ff1c by 0712f824...
 Installing Body at 0712f8fc by 0712f824...
 Installing Motor at 0712f9c0 by 0712f824...
 Installing Motion at 07130168 by 0712f824...
 Installing Animation at 071300a4 by 0712f824...
 Installing Entity at 0712fa84 by 0712f824...
 Installing Light at 0712fb48 by 0712f824...
 Installing Renderer at 071302f0 by 0712f824...
 afxClass<Draw Output>::ConstructObject(0715b7b0)
 sglDout_w32.c:256
  _SglDoutCtor(dout=0715b7b0)
 Draw output (0715b7b0) porportions readjusted. P 1.776903, R 1.777778 W -NaN
 Draw output (0715b7b0) porportions readjusted. P 1.776903, R 1.777778 W 1.778859
 afxDrawOutput.c:374
  AfxRegenerateDrawOutputBuffers(dout=0715b7b0)
 Draw output (0715b7b0) whd readjusted to 536870912x1071993105; 1:0% of 0x1061434102.
 Draw output (0715b7b0) porportions readjusted. P 1.776903, R 1.777778 W 1.855474
 afxDrawOutput.c:374
  AfxRegenerateDrawOutputBuffers(dout=0715b7b0)
 Draw output (0715b7b0) whd readjusted to 0x1071984367; 1:0% of 3758096384x1061371503.
 afxDrawOutput.c:374
  AfxRegenerateDrawOutputBuffers(dout=0715b7b0)
 afxCanvas.c:262
  AfxAcquireCanvases(dctx=007b63d0,wh=[1271,685],layerCnt=1,surCnt=00000002)
 afxClass<Canvas>::ConstructObject(0715b940)
 sglCanv.c:375
  _SglCanvCtor(canv=0715b940)
 afxClass<Raster>::ConstructObject(0713a0d0)
 sglRas.c:665
  _SglRasCtor(ras=0713a0d0)
 afxClass<Raster>::ConstructObject(0713a190)
 sglRas.c:665
  _SglRasCtor(ras=0713a190)
 afxClass<GPU Synchronization Semaphore>::ConstructObject(049a5170)
 afxClass<Renderer>::ConstructObject(0716faa0)
 awxRenderer.c:399
  _AfxRndCtor(rnd=0716faa0)
 afxClass<Draw Input>::ConstructObject(0713a2a0)
 Installing Vertex Buffer at 0713a450 by 0713a2b4...
 Installing Camera at 0713a2c8 by 0713a2b4...
 afxClass<Buffer>::ConstructObject(070c6520)
 sglBuf.c:316
  _SglBufCtor(buf=070c6520)
 afxClass<Buffer>::ConstructObject(070c6584)
 sglBuf.c:316
  _SglBufCtor(buf=070c6584)
 Uploading pipeline 'data/pipeline/test/test.xsh.xml'
 afxXml.c:1284
  AfxLoadXml(uri:data/pipeline/test/test.xsh.xml)
 afxClass<File>::ConstructObject(0079b0f0)
 E:\qwadro\afx\\data\/pipeline/test/test.xsh.xml
 afxStream.c:1200
  AfxAcquireStream(cap=0,flags=1,start=00000000,range=0)
 afxClass<I/O Stream>::ConstructObject(06fae770)
 Dismantling File object (#0) 0079b0f0...
 Destructing instance 0079b0f0 of File class.
 Dismantling I/O Stream object (#0) 06fae770...
 Destructing instance 06fae770 of I/O Stream class.
 data/pipeline/test/test.vsh
 data/pipeline/test/test.xsh.xml
 Uploading pipeline 'data/pipeline/test/test.xsh.xml'
 afxXml.c:1284
  AfxLoadXml(uri:data/pipeline/test/test.xsh.xml)
 afxClass<File>::ConstructObject(0079b0f0)
 E:\qwadro\afx\\data\/pipeline/test/test.xsh.xml
 afxStream.c:1200
  AfxAcquireStream(cap=0,flags=1,start=00000000,range=0)
 afxClass<I/O Stream>::ConstructObject(06fae770)
 Dismantling File object (#0) 0079b0f0...
 Destructing instance 0079b0f0 of File class.
 Dismantling I/O Stream object (#0) 06fae770...
 Destructing instance 06fae770 of I/O Stream class.
 [!] afxXsh.c:601?AfxLoadRasterizationConfigFromXml
  Node 'DepthWriteEnabled' not handled.
 data/pipeline/test/test.fsh
 afxClass<Rasterizer>::ConstructObject(070d6a40)
 sglRazr.c:85
  _SglRazrCtor(razr=070d6a40)
 afxClass<Pipeline>::ConstructObject(0713ee00)
 sglPip.c:512
  _SglPipCtor(pip=0713ee00)
 afxClass<File>::ConstructObject(0079b0f0)
 E:\qwadro\afx\\data\/pipeline/test/test.vsh
 afxStream.c:1200
  AfxAcquireStream(cap=0,flags=1,start=00000000,range=0)
 afxClass<I/O Stream>::ConstructObject(06fae770)
 afxClass<File>::ConstructObject(0079b164)
 E:\qwadro\afx\\data\/pipeline/stdEnv.inc
 afxStream.c:1200
  AfxAcquireStream(cap=0,flags=1,start=00000000,range=0)
 afxClass<I/O Stream>::ConstructObject(06fae7e0)
 Dismantling File object (#0) 0079b164...
 Destructing instance 0079b164 of File class.
 Dismantling I/O Stream object (#0) 06fae7e0...
 Destructing instance 06fae7e0 of I/O Stream class.
 afxClass<File>::ConstructObject(0079b164)
 E:\qwadro\afx\\data\/pipeline/stdView.inc
 afxStream.c:1200
  AfxAcquireStream(cap=0,flags=1,start=00000000,range=0)
 afxClass<I/O Stream>::ConstructObject(06fae7e0)
 Dismantling File object (#0) 0079b164...
 Destructing instance 0079b164 of File class.
 Dismantling I/O Stream object (#0) 06fae7e0...
 Destructing instance 06fae7e0 of I/O Stream class.
 Dismantling File object (#0) 0079b0f0...
 Destructing instance 0079b0f0 of File class.
 Dismantling I/O Stream object (#0) 06fae770...
 Destructing instance 06fae770 of I/O Stream class.
 afxClass<File>::ConstructObject(0079b0f0)
 E:\qwadro\afx\\data\/pipeline/test/test.fsh
 afxStream.c:1200
  AfxAcquireStream(cap=0,flags=1,start=00000000,range=0)
 afxClass<I/O Stream>::ConstructObject(06fae770)
 afxClass<File>::ConstructObject(0079b164)
 E:\qwadro\afx\\data\/pipeline/stdEnv.inc
 afxStream.c:1200
  AfxAcquireStream(cap=0,flags=1,start=00000000,range=0)
 afxClass<I/O Stream>::ConstructObject(06fae7e0)
 Dismantling File object (#0) 0079b164...
 Destructing instance 0079b164 of File class.
 Dismantling I/O Stream object (#0) 06fae7e0...
 Destructing instance 06fae7e0 of I/O Stream class.
 Dismantling File object (#0) 0079b0f0...
 Destructing instance 0079b0f0 of File class.
 Dismantling I/O Stream object (#0) 06fae770...
 Destructing instance 06fae770 of I/O Stream class.
 @\
 afxClass<Lego>::ConstructObject(0078dd48)
 sglBsch.c:285
  _SglBschCtor(lego=0078dd48)
 afxClass<Vertex Input>::ConstructObject(07175260)
 sglVin.c:210
  _SglVinCtor(vin=07175260)
 afxStream.c:1200
  AfxAcquireStream(cap=0,flags=7,start=00000000,range=0)
 afxClass<I/O Stream>::ConstructObject(06fae770)
 afxFile.c:552
  AfxReloadFile(uri=003ae0c4,flags=5)
 afxClass<File>::ConstructObject(0079b0f0)
 E:\qwadro\afx\\art\/skybox/purple/right.tga
 afxStream.c:1200
  AfxAcquireStream(cap=0,flags=5,start=00000000,range=0)
 afxClass<I/O Stream>::ConstructObject(06fae7e0)
 Dismantling File object (#0) 0079b0f0...
 Destructing instance 0079b0f0 of File class.
 Dismantling I/O Stream object (#0) 06fae7e0...
 Destructing instance 06fae7e0 of I/O Stream class.
 afxClass<Raster>::ConstructObject(0713aae0)
 sglRas.c:665
  _SglRasCtor(ras=0713aae0)
 afxFile.c:552
  AfxReloadFile(uri=003ae0e0,flags=5)
 afxClass<File>::ConstructObject(0079b0f0)
 E:\qwadro\afx\\art\/skybox/purple/left.tga
 afxStream.c:1200
  AfxAcquireStream(cap=0,flags=5,start=00000000,range=0)
 afxClass<I/O Stream>::ConstructObject(06fae7e0)
 Dismantling File object (#0) 0079b0f0...
 Destructing instance 0079b0f0 of File class.
 Dismantling I/O Stream object (#0) 06fae7e0...
 Destructing instance 06fae7e0 of I/O Stream class.
 afxFile.c:552
  AfxReloadFile(uri=003ae0fc,flags=5)
 afxClass<File>::ConstructObject(0079b0f0)
 E:\qwadro\afx\\art\/skybox/purple/bottom.tga
 afxStream.c:1200
  AfxAcquireStream(cap=0,flags=5,start=00000000,range=0)
 afxClass<I/O Stream>::ConstructObject(06fae7e0)
 Dismantling File object (#0) 0079b0f0...
 Destructing instance 0079b0f0 of File class.
 Dismantling I/O Stream object (#0) 06fae7e0...
 Destructing instance 06fae7e0 of I/O Stream class.
 afxFile.c:552
  AfxReloadFile(uri=003ae118,flags=5)
 afxClass<File>::ConstructObject(0079b0f0)
 E:\qwadro\afx\\art\/skybox/purple/top.tga
 afxStream.c:1200
  AfxAcquireStream(cap=0,flags=5,start=00000000,range=0)
 afxClass<I/O Stream>::ConstructObject(06fae7e0)
 Dismantling File object (#0) 0079b0f0...
 Destructing instance 0079b0f0 of File class.
 Dismantling I/O Stream object (#0) 06fae7e0...
 Destructing instance 06fae7e0 of I/O Stream class.
 afxFile.c:552
  AfxReloadFile(uri=003ae134,flags=5)
 afxClass<File>::ConstructObject(0079b0f0)
 E:\qwadro\afx\\art\/skybox/purple/front.tga
 afxStream.c:1200
  AfxAcquireStream(cap=0,flags=5,start=00000000,range=0)
 afxClass<I/O Stream>::ConstructObject(06fae7e0)
 Dismantling File object (#0) 0079b0f0...
 Destructing instance 0079b0f0 of File class.
 Dismantling I/O Stream object (#0) 06fae7e0...
 Destructing instance 06fae7e0 of I/O Stream class.
 afxFile.c:552
  AfxReloadFile(uri=003ae150,flags=5)
 afxClass<File>::ConstructObject(0079b0f0)
 E:\qwadro\afx\\art\/skybox/purple/back.tga
 afxStream.c:1200
  AfxAcquireStream(cap=0,flags=5,start=00000000,range=0)
 afxClass<I/O Stream>::ConstructObject(06fae7e0)
 Dismantling File object (#0) 0079b0f0...
 Destructing instance 0079b0f0 of File class.
 Dismantling I/O Stream object (#0) 06fae7e0...
 Destructing instance 06fae7e0 of I/O Stream class.
 Dismantling I/O Stream object (#0) 06fae770...
 Destructing instance 06fae770 of I/O Stream class.
 afxClass<Buffer>::ConstructObject(06fae770)
 sglBuf.c:316
  _SglBufCtor(buf=06fae770)
 Uploading pipeline 'data/pipeline/skybox/skybox.xsh.xml'
 afxXml.c:1284
  AfxLoadXml(uri:data/pipeline/skybox/skybox.xsh.xml)
 afxClass<File>::ConstructObject(0079b0f0)
 E:\qwadro\afx\\data\/pipeline/skybox/skybox.xsh.xml
 afxStream.c:1200
  AfxAcquireStream(cap=0,flags=1,start=00000000,range=0)
 afxClass<I/O Stream>::ConstructObject(06f96350)
 Dismantling File object (#0) 0079b0f0...
 Destructing instance 0079b0f0 of File class.
 Dismantling I/O Stream object (#0) 06f96350...
 Destructing instance 06f96350 of I/O Stream class.
 data/pipeline/skybox/skybox.vsh
 data/pipeline/skybox/skybox.xsh.xml
 Uploading pipeline 'data/pipeline/skybox/skybox.xsh.xml'
 afxXml.c:1284
  AfxLoadXml(uri:data/pipeline/skybox/skybox.xsh.xml)
 afxClass<File>::ConstructObject(0079b0f0)
 E:\qwadro\afx\\data\/pipeline/skybox/skybox.xsh.xml
 afxStream.c:1200
  AfxAcquireStream(cap=0,flags=1,start=00000000,range=0)
 afxClass<I/O Stream>::ConstructObject(06f96350)
 Dismantling File object (#0) 0079b0f0...
 Destructing instance 0079b0f0 of File class.
 Dismantling I/O Stream object (#0) 06f96350...
 Destructing instance 06f96350 of I/O Stream class.
 [!] afxXsh.c:601?AfxLoadRasterizationConfigFromXml
  Node 'DepthWriteEnabled' not handled.
 data/pipeline/skybox/sampleOutRgbaCube.fsh
 afxClass<Rasterizer>::ConstructObject(07171bd0)
 sglRazr.c:85
  _SglRazrCtor(razr=07171bd0)
 afxClass<Pipeline>::ConstructObject(0717bc10)
 sglPip.c:512
  _SglPipCtor(pip=0717bc10)
 afxClass<File>::ConstructObject(0079b0f0)
 E:\qwadro\afx\\data\/pipeline/skybox/skybox.vsh
 afxStream.c:1200
  AfxAcquireStream(cap=0,flags=1,start=00000000,range=0)
 afxClass<I/O Stream>::ConstructObject(07175a90)
 afxClass<File>::ConstructObject(0079b164)
 E:\qwadro\afx\\data\/pipeline/stdEnv.inc
 afxStream.c:1200
  AfxAcquireStream(cap=0,flags=1,start=00000000,range=0)
 afxClass<I/O Stream>::ConstructObject(07175b00)
 Dismantling File object (#0) 0079b164...
 Destructing instance 0079b164 of File class.
 Dismantling I/O Stream object (#0) 07175b00...
 Destructing instance 07175b00 of I/O Stream class.
 afxClass<File>::ConstructObject(0079b164)
 E:\qwadro\afx\\data\/pipeline/stdView.inc
 afxStream.c:1200
  AfxAcquireStream(cap=0,flags=1,start=00000000,range=0)
 afxClass<I/O Stream>::ConstructObject(07175b00)
 Dismantling File object (#0) 0079b164...
 Destructing instance 0079b164 of File class.
 Dismantling I/O Stream object (#0) 07175b00...
 Destructing instance 07175b00 of I/O Stream class.
 Dismantling File object (#0) 0079b0f0...
 Destructing instance 0079b0f0 of File class.
 Dismantling I/O Stream object (#0) 07175a90...
 Destructing instance 07175a90 of I/O Stream class.
 afxClass<File>::ConstructObject(0079b0f0)
 E:\qwadro\afx\\data\/pipeline/skybox/sampleOutRgbaCube.fsh
 afxStream.c:1200
  AfxAcquireStream(cap=0,flags=1,start=00000000,range=0)
 afxClass<I/O Stream>::ConstructObject(07175a90)
 afxClass<File>::ConstructObject(0079b164)
 E:\qwadro\afx\\data\/pipeline/stdEnv.inc
 afxStream.c:1200
  AfxAcquireStream(cap=0,flags=1,start=00000000,range=0)
 afxClass<I/O Stream>::ConstructObject(07175b00)
 Dismantling File object (#0) 0079b164...
 Destructing instance 0079b164 of File class.
 Dismantling I/O Stream object (#0) 07175b00...
 Destructing instance 07175b00 of I/O Stream class.
 Dismantling File object (#0) 0079b0f0...
 Destructing instance 0079b0f0 of File class.
 Dismantling I/O Stream object (#0) 07175a90...
 Destructing instance 07175a90 of I/O Stream class.
 
 afxClass<Lego>::ConstructObject(0078ddd0)
 sglBsch.c:285
  _SglBschCtor(lego=0078ddd0)
 afxClass<Vertex Input>::ConstructObject(0717534c)
 sglVin.c:210
  _SglVinCtor(vin=0717534c)
 afxClass<Vertex Input>::ConstructObject(0717be00)
 sglVin.c:210
  _SglVinCtor(vin=0717be00)
 afxClass<Sampler>::ConstructObject(06fae680)
 sglSamp.c:122
  _SglSampCtor(samp=06fae680)
 afxClass<Buffer>::ConstructObject(06fae7d4)
 sglBuf.c:316
  _SglBufCtor(buf=06fae7d4)
 afxClass<Buffer>::ConstructObject(0717c020)
 sglBuf.c:316
  _SglBufCtor(buf=0717c020)
 afxClass<Buffer>::ConstructObject(0717c084)
 sglBuf.c:316
  _SglBufCtor(buf=0717c084)
 afxClass<Buffer>::ConstructObject(07175a90)
 sglBuf.c:316
  _SglBufCtor(buf=07175a90)
 afxClass<Buffer>::ConstructObject(07175af4)
 sglBuf.c:316
  _SglBufCtor(buf=07175af4)
 afxClass<Buffer>::ConstructObject(07177330)
 sglBuf.c:316
  _SglBufCtor(buf=07177330)
 afxClass<Buffer>::ConstructObject(07177394)
 sglBuf.c:316
  _SglBufCtor(buf=07177394)
 afxClass<Buffer>::ConstructObject(07177440)
 sglBuf.c:316
  _SglBufCtor(buf=07177440)
 Uploading pipeline 'data/pipeline/body/body.xsh.xml?rigid'
 afxXml.c:1284
  AfxLoadXml(uri:data/pipeline/body/body.xsh.xml)
 afxClass<File>::ConstructObject(0079b0f0)
 E:\qwadro\afx\\data\/pipeline/body/body.xsh.xml
 afxStream.c:1200
  AfxAcquireStream(cap=0,flags=1,start=00000000,range=0)
 afxClass<I/O Stream>::ConstructObject(0717dff0)
 Dismantling File object (#0) 0079b0f0...
 Destructing instance 0079b0f0 of File class.
 Dismantling I/O Stream object (#0) 0717dff0...
 Destructing instance 0717dff0 of I/O Stream class.
 data/pipeline/body/rigidBody.vsh
 data/pipeline/body/body.xsh.xml
 Uploading pipeline 'data/pipeline/body/body.xsh.xml'
 afxXml.c:1284
  AfxLoadXml(uri:data/pipeline/body/body.xsh.xml)
 afxClass<File>::ConstructObject(0079b0f0)
 E:\qwadro\afx\\data\/pipeline/body/body.xsh.xml
 afxStream.c:1200
  AfxAcquireStream(cap=0,flags=1,start=00000000,range=0)
 afxClass<I/O Stream>::ConstructObject(0717fe70)
 Dismantling File object (#0) 0079b0f0...
 Destructing instance 0079b0f0 of File class.
 Dismantling I/O Stream object (#0) 0717fe70...
 Destructing instance 0717fe70 of I/O Stream class.
 [!] afxXsh.c:601?AfxLoadRasterizationConfigFromXml
  Node 'DepthWriteEnabled' not handled.
 data/pipeline/body/body.fsh
 afxClass<Rasterizer>::ConstructObject(07171d90)
 sglRazr.c:85
  _SglRazrCtor(razr=07171d90)
 afxClass<Pipeline>::ConstructObject(0717bce0)
 sglPip.c:512
  _SglPipCtor(pip=0717bce0)
 afxClass<File>::ConstructObject(0079b0f0)
 E:\qwadro\afx\\data\/pipeline/body/rigidBody.vsh
 afxStream.c:1200
  AfxAcquireStream(cap=0,flags=1,start=00000000,range=0)
 afxClass<I/O Stream>::ConstructObject(07032270)
 afxClass<File>::ConstructObject(0079b164)
 E:\qwadro\afx\\data\/pipeline/stdEnv.inc
 afxStream.c:1200
  AfxAcquireStream(cap=0,flags=1,start=00000000,range=0)
 afxClass<I/O Stream>::ConstructObject(070322e0)
 Dismantling File object (#0) 0079b164...
 Destructing instance 0079b164 of File class.
 Dismantling I/O Stream object (#0) 070322e0...
 Destructing instance 070322e0 of I/O Stream class.
 afxClass<File>::ConstructObject(0079b164)
 E:\qwadro\afx\\data\/pipeline/stdView.inc
 afxStream.c:1200
  AfxAcquireStream(cap=0,flags=1,start=00000000,range=0)
 afxClass<I/O Stream>::ConstructObject(070322e0)
 Dismantling File object (#0) 0079b164...
 Destructing instance 0079b164 of File class.
 Dismantling I/O Stream object (#0) 070322e0...
 Destructing instance 070322e0 of I/O Stream class.
 afxClass<File>::ConstructObject(0079b164)
 E:\qwadro\afx\\data\/pipeline/stdObject.inc
 afxStream.c:1200
  AfxAcquireStream(cap=0,flags=1,start=00000000,range=0)
 afxClass<I/O Stream>::ConstructObject(070322e0)
 Dismantling File object (#0) 0079b164...
 Destructing instance 0079b164 of File class.
 Dismantling I/O Stream object (#0) 070322e0...
 Destructing instance 070322e0 of I/O Stream class.
 Dismantling File object (#0) 0079b0f0...
 Destructing instance 0079b0f0 of File class.
 Dismantling I/O Stream object (#0) 07032270...
 Destructing instance 07032270 of I/O Stream class.
 afxClass<File>::ConstructObject(0079b0f0)
 E:\qwadro\afx\\data\/pipeline/body/body.fsh
 afxStream.c:1200
  AfxAcquireStream(cap=0,flags=1,start=00000000,range=0)
 afxClass<I/O Stream>::ConstructObject(07032270)
 afxClass<File>::ConstructObject(0079b164)
 E:\qwadro\afx\\data\/pipeline/stdEnv.inc
 afxStream.c:1200
  AfxAcquireStream(cap=0,flags=1,start=00000000,range=0)
 afxClass<I/O Stream>::ConstructObject(070322e0)
 Dismantling File object (#0) 0079b164...
 Destructing instance 0079b164 of File class.
 Dismantling I/O Stream object (#0) 070322e0...
 Destructing instance 070322e0 of I/O Stream class.
 afxClass<File>::ConstructObject(0079b164)
 E:\qwadro\afx\\data\/pipeline/stdView.inc
 afxStream.c:1200
  AfxAcquireStream(cap=0,flags=1,start=00000000,range=0)
 afxClass<I/O Stream>::ConstructObject(070322e0)
 Dismantling File object (#0) 0079b164...
 Destructing instance 0079b164 of File class.
 Dismantling I/O Stream object (#0) 070322e0...
 Destructing instance 070322e0 of I/O Stream class.
 afxClass<File>::ConstructObject(0079b164)
 E:\qwadro\afx\\data\/pipeline/stdMaterial.inc
 afxStream.c:1200
  AfxAcquireStream(cap=0,flags=1,start=00000000,range=0)
 afxClass<I/O Stream>::ConstructObject(070322e0)
 Dismantling File object (#0) 0079b164...
 Destructing instance 0079b164 of File class.
 Dismantling I/O Stream object (#0) 070322e0...
 Destructing instance 070322e0 of I/O Stream class.
 Dismantling File object (#0) 0079b0f0...
 Destructing instance 0079b0f0 of File class.
 Dismantling I/O Stream object (#0) 07032270...
 Destructing instance 07032270 of I/O Stream class.
 pS
 afxClass<Lego>::ConstructObject(0078de18)
 sglBsch.c:285
  _SglBschCtor(lego=0078de18)
 afxClass<Lego>::ConstructObject(0078deb0)
 sglBsch.c:285
  _SglBschCtor(lego=0078deb0)
 afxClass<Lego>::ConstructObject(0078def8)
 sglBsch.c:285
  _SglBschCtor(lego=0078def8)
 afxClass<Vertex Input>::ConstructObject(0717beec)
 sglVin.c:210
  _SglVinCtor(vin=0717beec)
 Uploading pipeline 'data/pipeline/body/body.xsh.xml?skinned'
 afxXml.c:1284
  AfxLoadXml(uri:data/pipeline/body/body.xsh.xml)
 afxClass<File>::ConstructObject(0079b0f0)
 E:\qwadro\afx\\data\/pipeline/body/body.xsh.xml
 afxStream.c:1200
  AfxAcquireStream(cap=0,flags=1,start=00000000,range=0)
 afxClass<I/O Stream>::ConstructObject(07032270)
 Dismantling File object (#0) 0079b0f0...
 Destructing instance 0079b0f0 of File class.
 Dismantling I/O Stream object (#0) 07032270...
 Destructing instance 07032270 of I/O Stream class.
 data/pipeline/body/skinnedBody.vsh
 data/pipeline/body/body.xsh.xml
 Uploading pipeline 'data/pipeline/body/body.xsh.xml'
 afxXml.c:1284
  AfxLoadXml(uri:data/pipeline/body/body.xsh.xml)
 afxClass<File>::ConstructObject(0079b0f0)
 E:\qwadro\afx\\data\/pipeline/body/body.xsh.xml
 afxStream.c:1200
  AfxAcquireStream(cap=0,flags=1,start=00000000,range=0)
 afxClass<I/O Stream>::ConstructObject(0717fc80)
 Dismantling File object (#0) 0079b0f0...
 Destructing instance 0079b0f0 of File class.
 Dismantling I/O Stream object (#0) 0717fc80...
 Destructing instance 0717fc80 of I/O Stream class.
 [!] afxXsh.c:601?AfxLoadRasterizationConfigFromXml
  Node 'DepthWriteEnabled' not handled.
 data/pipeline/body/body.fsh
 afxClass<Rasterizer>::ConstructObject(0717dff0)
 sglRazr.c:85
  _SglRazrCtor(razr=0717dff0)
 afxClass<Pipeline>::ConstructObject(0717fc80)
 sglPip.c:512
  _SglPipCtor(pip=0717fc80)
 afxClass<File>::ConstructObject(0079b0f0)
 E:\qwadro\afx\\data\/pipeline/body/skinnedBody.vsh
 afxStream.c:1200
  AfxAcquireStream(cap=0,flags=1,start=00000000,range=0)
 afxClass<I/O Stream>::ConstructObject(07032270)
 afxClass<File>::ConstructObject(0079b164)
 E:\qwadro\afx\\data\/pipeline/stdEnv.inc
 afxStream.c:1200
  AfxAcquireStream(cap=0,flags=1,start=00000000,range=0)
 afxClass<I/O Stream>::ConstructObject(070322e0)
 Dismantling File object (#0) 0079b164...
 Destructing instance 0079b164 of File class.
 Dismantling I/O Stream object (#0) 070322e0...
 Destructing instance 070322e0 of I/O Stream class.
 afxClass<File>::ConstructObject(0079b164)
 E:\qwadro\afx\\data\/pipeline/stdView.inc
 afxStream.c:1200
  AfxAcquireStream(cap=0,flags=1,start=00000000,range=0)
 afxClass<I/O Stream>::ConstructObject(070322e0)
 Dismantling File object (#0) 0079b164...
 Destructing instance 0079b164 of File class.
 Dismantling I/O Stream object (#0) 070322e0...
 Destructing instance 070322e0 of I/O Stream class.
 afxClass<File>::ConstructObject(0079b164)
 E:\qwadro\afx\\data\/pipeline/stdObject.inc
 afxStream.c:1200
  AfxAcquireStream(cap=0,flags=1,start=00000000,range=0)
 afxClass<I/O Stream>::ConstructObject(070322e0)
 Dismantling File object (#0) 0079b164...
 Destructing instance 0079b164 of File class.
 Dismantling I/O Stream object (#0) 070322e0...
 Destructing instance 070322e0 of I/O Stream class.
 Dismantling File object (#0) 0079b0f0...
 Destructing instance 0079b0f0 of File class.
 Dismantling I/O Stream object (#0) 07032270...
 Destructing instance 07032270 of I/O Stream class.
 afxClass<File>::ConstructObject(0079b0f0)
 E:\qwadro\afx\\data\/pipeline/body/body.fsh
 afxStream.c:1200
  AfxAcquireStream(cap=0,flags=1,start=00000000,range=0)
 afxClass<I/O Stream>::ConstructObject(07032270)
 afxClass<File>::ConstructObject(0079b164)
 E:\qwadro\afx\\data\/pipeline/stdEnv.inc
 afxStream.c:1200
  AfxAcquireStream(cap=0,flags=1,start=00000000,range=0)
 afxClass<I/O Stream>::ConstructObject(070322e0)
 Dismantling File object (#0) 0079b164...
 Destructing instance 0079b164 of File class.
 Dismantling I/O Stream object (#0) 070322e0...
 Destructing instance 070322e0 of I/O Stream class.
 afxClass<File>::ConstructObject(0079b164)
 E:\qwadro\afx\\data\/pipeline/stdView.inc
 afxStream.c:1200
  AfxAcquireStream(cap=0,flags=1,start=00000000,range=0)
 afxClass<I/O Stream>::ConstructObject(070322e0)
 Dismantling File object (#0) 0079b164...
 Destructing instance 0079b164 of File class.
 Dismantling I/O Stream object (#0) 070322e0...
 Destructing instance 070322e0 of I/O Stream class.
 afxClass<File>::ConstructObject(0079b164)
 E:\qwadro\afx\\data\/pipeline/stdMaterial.inc
 afxStream.c:1200
  AfxAcquireStream(cap=0,flags=1,start=00000000,range=0)
 afxClass<I/O Stream>::ConstructObject(070322e0)
 Dismantling File object (#0) 0079b164...
 Destructing instance 0079b164 of File class.
 Dismantling I/O Stream object (#0) 070322e0...
 Destructing instance 070322e0 of I/O Stream class.
 Dismantling File object (#0) 0079b0f0...
 Destructing instance 0079b0f0 of File class.
 Dismantling I/O Stream object (#0) 07032270...
 Destructing instance 07032270 of I/O Stream class.
 àq
 afxClass<Lego>::ConstructObject(0078df80)
 sglBsch.c:285
  _SglBschCtor(lego=0078df80)
 afxClass<Lego>::ConstructObject(0078dfc8)
 sglBsch.c:285
  _SglBschCtor(lego=0078dfc8)
 afxClass<Lego>::ConstructObject(0078e060)
 sglBsch.c:285
  _SglBschCtor(lego=0078e060)
 afxClass<Vertex Input>::ConstructObject(07032270)
 sglVin.c:210
  _SglVinCtor(vin=07032270)
 Uploading pipeline 'data/pipeline/testLighting/testLighting.xsh.xml?blinn'
 afxXml.c:1284
  AfxLoadXml(uri:data/pipeline/testLighting/testLighting.xsh.xml)
 afxClass<File>::ConstructObject(0079b0f0)
 E:\qwadro\afx\\data\/pipeline/testLighting/testLighting.xsh.xml
 afxStream.c:1200
  AfxAcquireStream(cap=0,flags=1,start=00000000,range=0)
 afxClass<I/O Stream>::ConstructObject(0717f640)
 Dismantling File object (#0) 0079b0f0...
 Destructing instance 0079b0f0 of File class.
 Dismantling I/O Stream object (#0) 0717f640...
 Destructing instance 0717f640 of I/O Stream class.
 data/pipeline/testLighting/testLightingBlinn.vsh
 data/pipeline/testLighting/testLighting.xsh.xml
 Uploading pipeline 'data/pipeline/testLighting/testLighting.xsh.xml'
 afxXml.c:1284
  AfxLoadXml(uri:data/pipeline/testLighting/testLighting.xsh.xml)
 afxClass<File>::ConstructObject(0079b0f0)
 E:\qwadro\afx\\data\/pipeline/testLighting/testLighting.xsh.xml
 afxStream.c:1200
  AfxAcquireStream(cap=0,flags=1,start=00000000,range=0)
 afxClass<I/O Stream>::ConstructObject(0717f640)
 Dismantling File object (#0) 0079b0f0...
 Destructing instance 0079b0f0 of File class.
 Dismantling I/O Stream object (#0) 0717f640...
 Destructing instance 0717f640 of I/O Stream class.
 [!] afxXsh.c:601?AfxLoadRasterizationConfigFromXml
  Node 'DepthWriteEnabled' not handled.
 data/pipeline/testLighting/testLightingBlinn.fsh
 afxClass<Rasterizer>::ConstructObject(0717e1b0)
 sglRazr.c:85
  _SglRazrCtor(razr=0717e1b0)
 afxClass<Pipeline>::ConstructObject(0717fd50)
 sglPip.c:512
  _SglPipCtor(pip=0717fd50)
 afxClass<File>::ConstructObject(0079b0f0)
 E:\qwadro\afx\\data\/pipeline/testLighting/testLightingBlinn.vsh
 afxStream.c:1200
  AfxAcquireStream(cap=0,flags=1,start=00000000,range=0)
 afxClass<I/O Stream>::ConstructObject(07033b60)
 afxClass<File>::ConstructObject(0079b164)
 E:\qwadro\afx\\data\/pipeline/stdEnv.inc
 afxStream.c:1200
  AfxAcquireStream(cap=0,flags=1,start=00000000,range=0)
 afxClass<I/O Stream>::ConstructObject(07033bd0)
 Dismantling File object (#0) 0079b164...
 Destructing instance 0079b164 of File class.
 Dismantling I/O Stream object (#0) 07033bd0...
 Destructing instance 07033bd0 of I/O Stream class.
 afxClass<File>::ConstructObject(0079b164)
 E:\qwadro\afx\\data\/pipeline/stdView.inc
 afxStream.c:1200
  AfxAcquireStream(cap=0,flags=1,start=00000000,range=0)
 afxClass<I/O Stream>::ConstructObject(07033bd0)
 Dismantling File object (#0) 0079b164...
 Destructing instance 0079b164 of File class.
 Dismantling I/O Stream object (#0) 07033bd0...
 Destructing instance 07033bd0 of I/O Stream class.
 afxClass<File>::ConstructObject(0079b164)
 E:\qwadro\afx\\data\/pipeline/stdObject.inc
 afxStream.c:1200
  AfxAcquireStream(cap=0,flags=1,start=00000000,range=0)
 afxClass<I/O Stream>::ConstructObject(07033bd0)
 Dismantling File object (#0) 0079b164...
 Destructing instance 0079b164 of File class.
 Dismantling I/O Stream object (#0) 07033bd0...
 Destructing instance 07033bd0 of I/O Stream class.
 Dismantling File object (#0) 0079b0f0...
 Destructing instance 0079b0f0 of File class.
 Dismantling I/O Stream object (#0) 07033b60...
 Destructing instance 07033b60 of I/O Stream class.
 afxClass<File>::ConstructObject(0079b0f0)
 E:\qwadro\afx\\data\/pipeline/testLighting/testLightingBlinn.fsh
 afxStream.c:1200
  AfxAcquireStream(cap=0,flags=1,start=00000000,range=0)
 afxClass<I/O Stream>::ConstructObject(07033b60)
 afxClass<File>::ConstructObject(0079b164)
 E:\qwadro\afx\\data\/pipeline/stdEnv.inc
 afxStream.c:1200
  AfxAcquireStream(cap=0,flags=1,start=00000000,range=0)
 afxClass<I/O Stream>::ConstructObject(07033bd0)
 Dismantling File object (#0) 0079b164...
 Destructing instance 0079b164 of File class.
 Dismantling I/O Stream object (#0) 07033bd0...
 Destructing instance 07033bd0 of I/O Stream class.
 afxClass<File>::ConstructObject(0079b164)
 E:\qwadro\afx\\data\/pipeline/stdView.inc
 afxStream.c:1200
  AfxAcquireStream(cap=0,flags=1,start=00000000,range=0)
 afxClass<I/O Stream>::ConstructObject(07033bd0)
 Dismantling File object (#0) 0079b164...
 Destructing instance 0079b164 of File class.
 Dismantling I/O Stream object (#0) 07033bd0...
 Destructing instance 07033bd0 of I/O Stream class.
 afxClass<File>::ConstructObject(0079b164)
 E:\qwadro\afx\\data\/pipeline/stdMaterial.inc
 afxStream.c:1200
  AfxAcquireStream(cap=0,flags=1,start=00000000,range=0)
 afxClass<I/O Stream>::ConstructObject(07033bd0)
 Dismantling File object (#0) 0079b164...
 Destructing instance 0079b164 of File class.
 Dismantling I/O Stream object (#0) 07033bd0...
 Destructing instance 07033bd0 of I/O Stream class.
 Dismantling File object (#0) 0079b0f0...
 Destructing instance 0079b0f0 of File class.
 Dismantling I/O Stream object (#0) 07033b60...
 Destructing instance 07033b60 of I/O Stream class.
 °*
 afxClass<Lego>::ConstructObject(0078e0a8)
 sglBsch.c:285
  _SglBschCtor(lego=0078e0a8)
 afxClass<Lego>::ConstructObject(0078e130)
 sglBsch.c:285
  _SglBschCtor(lego=0078e130)
 afxClass<Lego>::ConstructObject(0078e178)
 sglBsch.c:285
  _SglBschCtor(lego=0078e178)
 afxClass<Vertex Input>::ConstructObject(0703235c)
 sglVin.c:210
  _SglVinCtor(vin=0703235c)
 Uploading pipeline 'data/pipeline/tutCamUtil/tutCamUtil.xsh.xml?tutCamUtil'
 afxXml.c:1284
  AfxLoadXml(uri:data/pipeline/tutCamUtil/tutCamUtil.xsh.xml)
 afxClass<File>::ConstructObject(0079b0f0)
 E:\qwadro\afx\\data\/pipeline/tutCamUtil/tutCamUtil.xsh.xml
 afxStream.c:1200
  AfxAcquireStream(cap=0,flags=1,start=00000000,range=0)
 afxClass<I/O Stream>::ConstructObject(07033b60)
 Dismantling File object (#0) 0079b0f0...
 Destructing instance 0079b0f0 of File class.
 Dismantling I/O Stream object (#0) 07033b60...
 Destructing instance 07033b60 of I/O Stream class.
 data/pipeline/tutCamUtil/tutCamUtilRigid.vsh
 data/pipeline/tutCamUtil/tutCamUtil.xsh.xml
 Uploading pipeline 'data/pipeline/tutCamUtil/tutCamUtil.xsh.xml'
 afxXml.c:1284
  AfxLoadXml(uri:data/pipeline/tutCamUtil/tutCamUtil.xsh.xml)
 afxClass<File>::ConstructObject(0079b0f0)
 E:\qwadro\afx\\data\/pipeline/tutCamUtil/tutCamUtil.xsh.xml
 afxStream.c:1200
  AfxAcquireStream(cap=0,flags=1,start=00000000,range=0)
 afxClass<I/O Stream>::ConstructObject(07043f10)
 Dismantling File object (#0) 0079b0f0...
 Destructing instance 0079b0f0 of File class.
 Dismantling I/O Stream object (#0) 07043f10...
 Destructing instance 07043f10 of I/O Stream class.
 [!] afxXsh.c:601?AfxLoadRasterizationConfigFromXml
  Node 'DepthWriteEnabled' not handled.
 data/pipeline/tutCamUtil/tutCamUtil.fsh
 afxClass<Rasterizer>::ConstructObject(0717e5b0)
 sglRazr.c:85
  _SglRazrCtor(razr=0717e5b0)
 afxClass<Pipeline>::ConstructObject(07033b60)
 sglPip.c:512
  _SglPipCtor(pip=07033b60)
 afxClass<File>::ConstructObject(0079b0f0)
 E:\qwadro\afx\\data\/pipeline/tutCamUtil/tutCamUtilRigid.vsh
 afxStream.c:1200
  AfxAcquireStream(cap=0,flags=1,start=00000000,range=0)
 afxClass<I/O Stream>::ConstructObject(07043740)
 afxClass<File>::ConstructObject(0079b164)
 E:\qwadro\afx\\data\/pipeline/stdEnv.inc
 afxStream.c:1200
  AfxAcquireStream(cap=0,flags=1,start=00000000,range=0)
 afxClass<I/O Stream>::ConstructObject(070437b0)
 Dismantling File object (#0) 0079b164...
 Destructing instance 0079b164 of File class.
 Dismantling I/O Stream object (#0) 070437b0...
 Destructing instance 070437b0 of I/O Stream class.
 afxClass<File>::ConstructObject(0079b164)
 E:\qwadro\afx\\data\/pipeline/stdView.inc
 afxStream.c:1200
  AfxAcquireStream(cap=0,flags=1,start=00000000,range=0)
 afxClass<I/O Stream>::ConstructObject(070437b0)
 Dismantling File object (#0) 0079b164...
 Destructing instance 0079b164 of File class.
 Dismantling I/O Stream object (#0) 070437b0...
 Destructing instance 070437b0 of I/O Stream class.
 afxClass<File>::ConstructObject(0079b164)
 E:\qwadro\afx\\data\/pipeline/stdObject.inc
 afxStream.c:1200
  AfxAcquireStream(cap=0,flags=1,start=00000000,range=0)
 afxClass<I/O Stream>::ConstructObject(070437b0)
 Dismantling File object (#0) 0079b164...
 Destructing instance 0079b164 of File class.
 Dismantling I/O Stream object (#0) 070437b0...
 Destructing instance 070437b0 of I/O Stream class.
 Dismantling File object (#0) 0079b0f0...
 Destructing instance 0079b0f0 of File class.
 Dismantling I/O Stream object (#0) 07043740...
 Destructing instance 07043740 of I/O Stream class.
 afxClass<File>::ConstructObject(0079b0f0)
 E:\qwadro\afx\\data\/pipeline/tutCamUtil/tutCamUtil.fsh
 afxStream.c:1200
  AfxAcquireStream(cap=0,flags=1,start=00000000,range=0)
 afxClass<I/O Stream>::ConstructObject(07043740)
 afxClass<File>::ConstructObject(0079b164)
 E:\qwadro\afx\\data\/pipeline/stdEnv.inc
 afxStream.c:1200
  AfxAcquireStream(cap=0,flags=1,start=00000000,range=0)
 afxClass<I/O Stream>::ConstructObject(070437b0)
 Dismantling File object (#0) 0079b164...
 Destructing instance 0079b164 of File class.
 Dismantling I/O Stream object (#0) 070437b0...
 Destructing instance 070437b0 of I/O Stream class.
 Dismantling File object (#0) 0079b0f0...
 Destructing instance 0079b0f0 of File class.
 Dismantling I/O Stream object (#0) 07043740...
 Destructing instance 07043740 of I/O Stream class.
 `
 afxClass<Lego>::ConstructObject(0078e210)
 sglBsch.c:285
  _SglBschCtor(lego=0078e210)
 afxClass<Vertex Input>::ConstructObject(07036560)
 sglVin.c:210
  _SglVinCtor(vin=07036560)
 Uploading pipeline 'data/pipeline/lighting/lighting.xsh.xml?lighting'
 afxXml.c:1284
  AfxLoadXml(uri:data/pipeline/lighting/lighting.xsh.xml)
 afxClass<File>::ConstructObject(0079b0f0)
 E:\qwadro\afx\\data\/pipeline/lighting/lighting.xsh.xml
 afxStream.c:1200
  AfxAcquireStream(cap=0,flags=1,start=00000000,range=0)
 afxClass<I/O Stream>::ConstructObject(07043740)
 Dismantling File object (#0) 0079b0f0...
 Destructing instance 0079b0f0 of File class.
 Dismantling I/O Stream object (#0) 07043740...
 Destructing instance 07043740 of I/O Stream class.
 data/pipeline/lighting/lighting.vsh
 data/pipeline/lighting/lighting.xsh.xml
 [!] afxXsh.c:874?AfxLoadPipelineConfigFromXml
  Node 'Input' not handled.
 [!] afxXsh.c:874?AfxLoadPipelineConfigFromXml
  Node 'Input' not handled.
 [!] afxXsh.c:874?AfxLoadPipelineConfigFromXml
  Node 'Input' not handled.
 Uploading pipeline 'data/pipeline/lighting/lighting.xsh.xml'
 afxXml.c:1284
  AfxLoadXml(uri:data/pipeline/lighting/lighting.xsh.xml)
 afxClass<File>::ConstructObject(0079b0f0)
 E:\qwadro\afx\\data\/pipeline/lighting/lighting.xsh.xml
 afxStream.c:1200
  AfxAcquireStream(cap=0,flags=1,start=00000000,range=0)
 afxClass<I/O Stream>::ConstructObject(07043740)
 Dismantling File object (#0) 0079b0f0...
 Destructing instance 0079b0f0 of File class.
 Dismantling I/O Stream object (#0) 07043740...
 Destructing instance 07043740 of I/O Stream class.
 [!] afxXsh.c:601?AfxLoadRasterizationConfigFromXml
  Node 'DepthWriteEnabled' not handled.
 data/pipeline/lighting/lighting.fsh
 afxClass<Rasterizer>::ConstructObject(0717e770)
 sglRazr.c:85
  _SglRazrCtor(razr=0717e770)
 afxClass<Pipeline>::ConstructObject(07033c30)
 sglPip.c:512
  _SglPipCtor(pip=07033c30)
 afxClass<File>::ConstructObject(0079b0f0)
 E:\qwadro\afx\\data\/pipeline/lighting/lighting.vsh
 afxStream.c:1200
  AfxAcquireStream(cap=0,flags=1,start=00000000,range=0)
 afxClass<I/O Stream>::ConstructObject(07043740)
 afxClass<File>::ConstructObject(0079b164)
 E:\qwadro\afx\\data\/pipeline/stdEnv.inc
 afxStream.c:1200
  AfxAcquireStream(cap=0,flags=1,start=00000000,range=0)
 afxClass<I/O Stream>::ConstructObject(070437b0)
 Dismantling File object (#0) 0079b164...
 Destructing instance 0079b164 of File class.
 Dismantling I/O Stream object (#0) 070437b0...
 Destructing instance 070437b0 of I/O Stream class.
 afxClass<File>::ConstructObject(0079b164)
 E:\qwadro\afx\\data\/pipeline/stdView.inc
 afxStream.c:1200
  AfxAcquireStream(cap=0,flags=1,start=00000000,range=0)
 afxClass<I/O Stream>::ConstructObject(070437b0)
 Dismantling File object (#0) 0079b164...
 Destructing instance 0079b164 of File class.
 Dismantling I/O Stream object (#0) 070437b0...
 Destructing instance 070437b0 of I/O Stream class.
 afxClass<File>::ConstructObject(0079b164)
 E:\qwadro\afx\\data\/pipeline/stdObject.inc
 afxStream.c:1200
  AfxAcquireStream(cap=0,flags=1,start=00000000,range=0)
 afxClass<I/O Stream>::ConstructObject(070437b0)
 Dismantling File object (#0) 0079b164...
 Destructing instance 0079b164 of File class.
 Dismantling I/O Stream object (#0) 070437b0...
 Destructing instance 070437b0 of I/O Stream class.
 Dismantling File object (#0) 0079b0f0...
 Destructing instance 0079b0f0 of File class.
 Dismantling I/O Stream object (#0) 07043740...
 Destructing instance 07043740 of I/O Stream class.
 afxClass<File>::ConstructObject(0079b0f0)
 E:\qwadro\afx\\data\/pipeline/lighting/lighting.fsh
 afxStream.c:1200
  AfxAcquireStream(cap=0,flags=1,start=00000000,range=0)
 afxClass<I/O Stream>::ConstructObject(07043740)
 afxClass<File>::ConstructObject(0079b164)
 E:\qwadro\afx\\data\/pipeline/stdEnv.inc
 afxStream.c:1200
  AfxAcquireStream(cap=0,flags=1,start=00000000,range=0)
 afxClass<I/O Stream>::ConstructObject(070437b0)
 Dismantling File object (#0) 0079b164...
 Destructing instance 0079b164 of File class.
 Dismantling I/O Stream object (#0) 070437b0...
 Destructing instance 070437b0 of I/O Stream class.
 afxClass<File>::ConstructObject(0079b164)
 E:\qwadro\afx\\data\/pipeline/stdView.inc
 afxStream.c:1200
  AfxAcquireStream(cap=0,flags=1,start=00000000,range=0)
 afxClass<I/O Stream>::ConstructObject(070437b0)
 Dismantling File object (#0) 0079b164...
 Destructing instance 0079b164 of File class.
 Dismantling I/O Stream object (#0) 070437b0...
 Destructing instance 070437b0 of I/O Stream class.
 afxClass<File>::ConstructObject(0079b164)
 E:\qwadro\afx\\data\/pipeline/stdMaterial.inc
 afxStream.c:1200
  AfxAcquireStream(cap=0,flags=1,start=00000000,range=0)
 afxClass<I/O Stream>::ConstructObject(070437b0)
 Dismantling File object (#0) 0079b164...
 Destructing instance 0079b164 of File class.
 Dismantling I/O Stream object (#0) 070437b0...
 Destructing instance 070437b0 of I/O Stream class.
 Dismantling File object (#0) 0079b0f0...
 Destructing instance 0079b0f0 of File class.
 Dismantling I/O Stream object (#0) 07043740...
 Destructing instance 07043740 of I/O Stream class.
  ¢
 afxClass<Lego>::ConstructObject(0078e258)
 sglBsch.c:285
  _SglBschCtor(lego=0078e258)
 afxClass<Lego>::ConstructObject(0078e2e0)
 sglBsch.c:285
  _SglBschCtor(lego=0078e2e0)
 afxClass<Lego>::ConstructObject(0078e328)
 sglBsch.c:285
  _SglBschCtor(lego=0078e328)
 afxClass<Vertex Input>::ConstructObject(0703664c)
 sglVin.c:210
  _SglVinCtor(vin=0703664c)
 E:\qwadro\afx\\art\/building/mill/w_mill_3age.gr2
 afxClass<String Catalog>::ConstructObject(00792ee0)
 afxClass<Skeleton>::ConstructObject(0717ee20)
 afxSkeleton.c:910
  _AfxSklCtor(skl=0717ee20)
 Skeleton 0717ee20 assembled. <Bone_main>
    Listing 10 joints:
    #000 -1 <Bone_main>
    #001 -1 <Mill>
    #002 -1 <Bone_hitpointbar>
    #003 -1 <Bone_Upper_mill>
    #004 -1 <Upper Mill>
    #005 -1 <Bone_Flag_Civ>
    #006 -1 <Bone_Mill_Blades>
    #007 -1 <Mill Blades>
    #008 -1 <Bone_Mill_Wheel>
    #009 -1 <Mill Wheel>
 afxClass<Model>::ConstructObject(0717e980)
 Model 0717e980 assembled. <Bone_main>
    4 meshes.
    10 joints

 afxClass<Vertex Data>::ConstructObject(07034cb0)
 awxVertexData.c:493
  _AfxVtdCtor(vtd=07034cb0)
 afxClass<Mesh Topology>::ConstructObject(07034ea0)
 afxMeshTopology.c:382
  _AfxMshtCtor(msht=07034ea0)
 Mesh topology 07034ea0 built. With 139 triangles (2 bytes per index) arranged in 1 surfaces.
 afxClass<Mesh>::ConstructObject(00812020)
 afxMesh.c:235
  _AfxMshCtor(msh=00812020)
 Rigid Mesh 00812020 assembled. <Mill>
    524 vertices with 3 attributes.
    139 triangles (2 bytes per index) arranged in 1 surfaces.
    Listing 1 pivots:
    #000 0 <Mill>
 afxClass<Vertex Data>::ConstructObject(07034d80)
 awxVertexData.c:493
  _AfxVtdCtor(vtd=07034d80)
 afxClass<Mesh Topology>::ConstructObject(07034f28)
 afxMeshTopology.c:382
  _AfxMshtCtor(msht=07034f28)
 Mesh topology 07034f28 built. With 126 triangles (2 bytes per index) arranged in 2 surfaces.
 afxClass<Mesh>::ConstructObject(00812080)
 afxMesh.c:235
  _AfxMshCtor(msh=00812080)
 Rigid Mesh 00812080 assembled. <Upper Mill>
    472 vertices with 3 attributes.
    126 triangles (2 bytes per index) arranged in 2 surfaces.
    Listing 1 pivots:
    #000 0 <Upper Mill>
 afxClass<Vertex Data>::ConstructObject(07034ff0)
 awxVertexData.c:493
  _AfxVtdCtor(vtd=07034ff0)
 afxClass<Mesh Topology>::ConstructObject(070351e0)
 afxMeshTopology.c:382
  _AfxMshtCtor(msht=070351e0)
 Mesh topology 070351e0 built. With 70 triangles (2 bytes per index) arranged in 1 surfaces.
 afxClass<Mesh>::ConstructObject(00812230)
 afxMesh.c:235
  _AfxMshCtor(msh=00812230)
 Rigid Mesh 00812230 assembled. <Mill Blades>
    278 vertices with 3 attributes.
    70 triangles (2 bytes per index) arranged in 1 surfaces.
    Listing 1 pivots:
    #000 0 <Mill Blades>
 afxClass<Vertex Data>::ConstructObject(070350c0)
 awxVertexData.c:493
  _AfxVtdCtor(vtd=070350c0)
 afxClass<Mesh Topology>::ConstructObject(07035268)
 afxMeshTopology.c:382
  _AfxMshtCtor(msht=07035268)
 Mesh topology 07035268 built. With 20 triangles (1 bytes per index) arranged in 1 surfaces.
 afxClass<Mesh>::ConstructObject(00812290)
 afxMesh.c:235
  _AfxMshCtor(msh=00812290)
 Rigid Mesh 00812290 assembled. <Mill Wheel>
    58 vertices with 3 attributes.
    20 triangles (1 bytes per index) arranged in 1 surfaces.
    Listing 1 pivots:
    #000 0 <Mill Wheel>
 awxBody.c:493
  AwxEmbodyModel(mdl=0717e980)
 afxClass<Body>::ConstructObject(07068220)
 awxBody.c:443
  _AwxBodCtor(bod=07068220)
 E:\qwadro\afx\\art\/building/mill/w_mill_3age_idle.gr2
 afxClass<String Catalog>::ConstructObject(00792f30)
 afxClass<Animation>::ConstructObject(00792fd0)
 afxClass<Motion>::ConstructObject(0713f3d0)
 awxMotor.c:796
  AfxAcquireMotors(sim=0712f820,currClock=0.000000,localDur=8.333334)
 afxClass<Motor>::ConstructObject(07068810)
 afxClass<Vertex Data>::ConstructObject(070694f0)
 awxVertexData.c:493
  _AfxVtdCtor(vtd=070694f0)
 afxClass<Mesh Topology>::ConstructObject(07069a00)
 afxMeshTopology.c:382
  _AfxMshtCtor(msht=07069a00)
 Mesh topology 07069a00 built. With 12 triangles (4 bytes per index) arranged in 1 surfaces.
 afxClass<Mesh>::ConstructObject(00812760)
 afxMesh.c:235
  _AfxMshCtor(msh=00812760)
 Rigid Mesh 00812760 assembled. <>
    24 vertices with 3 attributes.
    12 triangles (1 bytes per index) arranged in 1 surfaces.
    Listing 1 pivots:
    #000 0 <>
 afxClass<String Catalog>::ConstructObject(007930b0)
 afxClass<Model>::ConstructObject(0717ea40)
 ERR afxModel.c:210?AfxRelinkMeshes
  Pivot '' not found in the destination skeleton.
 Model 0717ea40 assembled. <cube>
    1 meshes.
    10 joints

 awxBody.c:493
  AwxEmbodyModel(mdl=0717ea40)
 afxClass<Body>::ConstructObject(070682f0)
 awxBody.c:443
  _AwxBodCtor(bod=070682f0)
 afxClass<File>::ConstructObject(0079b230)
 E:\qwadro\afx\\tmp\/test.skl
 afxStream.c:1200
  AfxAcquireStream(cap=0,flags=2,start=00000000,range=0)
 afxClass<I/O Stream>::ConstructObject(0704a190)
 ERR afxStream.c:277?AfxSeekStream
  
 ERR afxStream.c:277?AfxSeekStream
  (((((afxFlags)(ios->flags)) & ((afxFlags)(afxIoFlag_X))) == (afxFlags)(afxIoFlag_X)))
    Invalid
 ERR afxStream.c:278?AfxSeekStream
  
 ERR afxStream.c:278?AfxSeekStream
  <afxSeekMode_ABSOLUTE>0 + <afxSeekMode_INVERSE>2 is out of capacity <origin>0.
 ERR afxStream.c:295?AfxSkipStream
  
 ERR afxStream.c:295?AfxSkipStream
  (((((afxFlags)(ios->flags)) & ((afxFlags)(afxIoFlag_X))) == (afxFlags)(afxIoFlag_X)))
    Invalid
 Dismantling File object (#0) 0079b230...
 Destructing instance 0079b230 of File class.
 Dismantling I/O Stream object (#0) 0704a190...
 Destructing instance 0704a190 of I/O Stream class.
 afxClass<File>::ConstructObject(0079b230)
 E:\qwadro\afx\\tmp\/test.skl
 afxStream.c:1200
  AfxAcquireStream(cap=0,flags=1,start=00000000,range=0)
 afxClass<I/O Stream>::ConstructObject(0704a190)
 ERR afxStream.c:304?AfxGoToStreamEnd
  
 ERR afxStream.c:304?AfxGoToStreamEnd
  (((((afxFlags)(ios->flags)) & ((afxFlags)(afxIoFlag_X))) == (afxFlags)(afxIoFlag_X)))
    Invalid
 ERR afxStream.c:713?AfxReadStream
  
 Dismantling File object (#0) 0079b230...
 Destructing instance 0079b230 of File class.
 Dismantling I/O Stream object (#0) 0704a190...
 Destructing instance 0704a190 of I/O Stream class.
 afxClass<Camera>::ConstructObject(070691c0)
 afxCamera.c:706
  _AfxCamCtor(cam=070691c0)
 afxHandle<0713c5f0>::InstallEventFilter(070691c0)
 afxClass<Draw Script>::ConstructObject(07069b60)
 sglDscr.c:126
  _SglDscrCtor(dscr=07069b60)
 afxArena.c:768
  AfxAllocateArena(aren=07069b78)
 afxArena.c:769
  AfxAllocateArena(spec=00000000,hint="sglDscr.c:142!_SglDscrCtor")