Booting...
Mounting... <//./z/>(''),5Mounting... <//./z/>('E:\qwadro\repo\bangitk\system'),5Mounting... <//./z/>('E:\qwadro\repo\bangitk\system32'),7Mounting... <//./z/>('E:\qwadro\repo\bangitk\system32d'),7Mounting... <//./c/>('C:\Windows\SysWow64'),5Loading... <e2coree.dll>Memory page Size: 4096HW threading: 2Loading... <e2draw.dll>Loading... <e2combo.dll>Loading... <e2sound.dll>Loading... <e2mmux.dll>Loading... <//./z////eaxzal1.dll>Installing... <eaxzal1>Loading... <//./c/openal32.dll>	<//./eaxzal1/>("")  0.0.0 Loading... <//./z////galileo.dll>Installing... <galileo>	<//./catalyst/>("")  0.0.0 Loading... <//./z////tarzgl4.dll>Installing... <tarzgl4>Loading... <//./c/opengl32.dll>Listing mem available display devices...
#0 = Intel(R) HD Graphics (\\.\DISPLAY1) 8080005#1 = RDPDD Chained DD (\\.\DISPLAYV1) 200008#2 = RDP Encoder Mirror Driver (\\.\DISPLAYV2) 200008#3 = RDP Reflector Display Driver (\\.\DISPLAYV3) 200008zglInterop_WGL.c:1746
GL: INVAL_PARAMzglInterop_WGL.c:1761
GL: INVAL_PARAMzglInterop_WGL.c:1772
GL: INVAL_PARAMzglInterop_WGL.c:1804
GL: INVAL_PARAMzglInterop_WGL.c:1835
GL: INVAL_PARAMzglInterop_WGL.c:1837
GL: INVAL_PARAMzglInterop_WGL.c:1994
GL: INVAL_PARAMzglInterop_WGL.c:1997
GL: INVAL_PARAMzglInterop_WGL.c:2002
GL: INVAL_PARAMzglInterop_WGL.c:2007
GL: INVAL_PARAMLoading... <//./c/opengl32.dll>Listing mem available display devices...
#0 = Intel(R) HD Graphics (\\.\DISPLAY1) 8080005#1 = RDPDD Chained DD (\\.\DISPLAYV1) 200008#2 = RDP Encoder Mirror Driver (\\.\DISPLAYV2) 200008#3 = RDP Reflector Display Driver (\\.\DISPLAYV3) 200008zglInterop_WGL.c:1746
GL: INVAL_PARAMzglInterop_WGL.c:1761
GL: INVAL_PARAMzglInterop_WGL.c:1772
GL: INVAL_PARAMzglInterop_WGL.c:1804
GL: INVAL_PARAMzglInterop_WGL.c:1835
GL: INVAL_PARAMzglInterop_WGL.c:1837
GL: INVAL_PARAMzglInterop_WGL.c:1994
GL: INVAL_PARAMzglInterop_WGL.c:1997
GL: INVAL_PARAMzglInterop_WGL.c:2002
GL: INVAL_PARAMzglInterop_WGL.c:2007
GL: INVAL_PARAM	<//./tarzgl3/>("")  0.0.0 	<//./tarzgl4/>("")  0.0.0 Loading... <//./z////winsh4d.dll>Installing... <winsh4d>Entering the Thread Execution Environment 4612
Starting 4612 on thread execution unit #2...Entering the Thread Execution Environment 8652
Running... 05563bb0#4612 --- null:195Entering the Thread Execution Environment 4612
SIGMA GL/2 Draw Execution Unit 000
	Intel(R) HD Graphics 3.2.0 - Build 10.18.10.5129Entering the Thread Execution Environment 8652
afxClass.c:912
afxClass.c:912
(cfg->fcc)
    SuccessafxClass.c:935
afxClass.c:935
(cfg->name && cfg->name[0])
    SuccessEntering the Thread Execution Environment 3324
Starting 3324 on thread execution unit #3...Entering the Thread Execution Environment 8652
Running... 05563d50#3324 --- null:195Entering the Thread Execution Environment 3324
SIGMA GL/2 Draw Execution Unit 000
	Intel(R) HD Graphics 3.2.0 - Build 10.18.10.5129Entering the Thread Execution Environment 8652
Running... 05b3f0c0#4156 --- null:418Mounting... <//./d/>('E:\qwadro\repo\bangitk\tmp'),7Entering the Thread Execution Environment 4156
Starting 4156 on thread execution unit #4...Sound Execution Unit .Loading... <//./c/openal32.dll>Entering the Thread Execution Environment 8652
afxClass.c:935
afxClass.c:935
(cfg->name && cfg->name[0])
    SuccessafxClass.c:935
afxClass.c:935
(cfg->name && cfg->name[0])
    SuccessEntering the Thread Execution Environment 4348
Starting 4348 on thread execution unit #5...Entering the Thread Execution Environment 8652
Running... 05b3f260#4348 --- null:217../data/pipeline/test/test.vshTag '/' not handled.../data/pipeline/test/test.fshTag '/' not handled.Entering the Thread Execution Environment 4612
GPU buffer 01e5aa90 ready. 34962, 2, 4GPU buffer 01e5ad10 ready. 34963, 3, 8Entering the Thread Execution Environment 8652
Tag 'id' not handled.Tag 'depthWriteEnabled' not handled.../data/pipeline/body/rigidBody.vshTag '/' not handled.../data/pipeline/body/body.fshTag '/' not handled.Entering the Thread Execution Environment 4348
Sim Execution Unit .Entering the Thread Execution Environment 8652
Tag 'id' not handled.Tag 'depthWriteEnabled' not handled.Tag 'specialization' not handled.../data/pipeline/body/skinnedBody.vshTag '/' not handled.../data/pipeline/body/body.fshTag '/' not handled.Tag 'id' not handled.../data/pipeline/testLighting/testLightingBlinn.vshTag '/' not handled.../data/pipeline/testLighting/testLightingBlinn.fshTag '/' not handled.Tag 'id' not handled.../data/pipeline/tutCamUtil/tutCamUtilRigid.vshTag '/' not handled.../data/pipeline/tutCamUtil/tutCamUtil.fshTag '/' not handled.Tag 'id' not handled.../data/pipeline/tutCamUtil/tutCamUtilSkinned.vshTag '/' not handled.../data/pipeline/tutCamUtil/tutCamUtil.fshTag '/' not handled.Tag 'id' not handled.../data/pipeline/lighting/lighting.vshTag '/' not handled.../data/pipeline/lighting/lighting.fshTag '/' not handled.Installing watcher <05de43d0> for 05b58fe0...
meshes[1]+-- msh <> 05de23e0|   +-- topology : 3|   +-- triCnt : 20000|   +-- vtxCnt : 10201|   +-- attributes[4]|   |   +-- <pos>|   |   +-- <nrm>|   |   +-- <tan>|   |   +-- <uv>|   +-- materials[1]|   |   +-- <>|   +-- sections[1]|   |   +-- [0, 20000] #0|   +-- biases[1]|   |   +-- <>|   +-- morphes[1]|   |   +-- <>Skeletal Animable model <> assembled at 05de2530. 1 mesh rigs for 33 joints.Listing 33 joints..:      0 <> 4294967295      1 <normal> 4294967295      2 < Pelvis> 4294967295      3 < Spine 1> 4294967295      4 < Spine 2> 4294967295      5 < Neck> 4294967295      6 < Head> 4294967295      7 <Jaw> 4294967295      8 <L Brow> 4294967295      9 <R Brow> 4294967295     10 <Bip01 L Clavicle> 4294967295     11 < L UpperArm> 4294967295     12 < L ForeArm> 4294967295     13 < L Hand> 4294967295     14 < L Finger> 4294967295     15 <L Finger01> 4294967295     16 <Bip01 R Clavicle> 4294967295     17 < R UpperArm> 4294967295     18 < R ForeArm> 4294967295     19 < R Hand> 4294967295     20 < R Finger> 4294967295     21 <R Finger01> 4294967295     22 <L breast> 4294967295     23 <R breast> 4294967295     24 <Belly> 4294967295     25 < L Thigh> 4294967295     26 < L Calf> 4294967295     27 < L Foot> 4294967295     28 < L Toe0> 4294967295     29 < R Thigh> 4294967295     30 < R Calf> 4294967295     31 < R Foot> 4294967295     32 < R Toe0> 4294967295
meshes[1]+-- msh <> 05de27c0|   +-- topology : 3|   +-- triCnt : 8247|   +-- vtxCnt : 6084|   +-- attributes[3]|   |   +-- <pos>|   |   +-- <uv>|   |   +-- <nrm>|   +-- materials[8]|   |   +-- <yuniwii>|   |   +-- <sak>|   |   +-- <gombolori>|   |   +-- <rambut>|   |   +-- <yuniwii>|   |   +-- <yuniwii>|   |   +-- <yuniwii>|   |   +-- <plus>|   +-- sections[8]|   |   +-- [0, 1030] #0|   |   +-- [1030, 1030] #0|   |   +-- [2060, 1030] #0|   |   +-- [3090, 1030] #0|   |   +-- [4120, 1030] #0|   |   +-- [5150, 1030] #0|   |   +-- [6180, 1030] #0|   |   +-- [7210, 1030] #0|   +-- biases[21]|   |   +-- <normal>|   |   +-- < Pelvis>|   |   +-- < Spine 1>|   |   +-- < Spine 2>|   |   +-- < Neck>|   |   +-- <R Brow>|   |   +-- <Bip01 L Clavicle>|   |   +-- < L UpperArm>|   |   +-- < L ForeArm>|   |   +-- < L Hand>|   |   +-- < L Finger>|   |   +-- <Bip01 R Clavicle>|   |   +-- < R UpperArm>|   |   +-- < R ForeArm>|   |   +-- < R Finger>|   |   +-- <Belly>|   |   +-- < L Thigh>|   |   +-- < L Calf>|   |   +-- < L Toe0>|   |   +-- < R Thigh>|   |   +-- < R Calf>|   +-- morphes[1]|   |   +-- <>+-- rig #0|   +-- msh <> 05de27c0|   +-- biases-from/to-joints|   |   +-- <normal> @ <1#normal>(1#'normal')|   |   +-- < Pelvis> @ <2# Pelvis>(2#' Pelvis')|   |   +-- < Spine 1> @ <3# Spine 1>(3#' Spine 1')|   |   +-- < Spine 2> @ <4# Spine 2>(4#' Spine 2')|   |   +-- < Neck> @ <5# Neck>(5#' Neck')|   |   +-- <R Brow> @ <9#R Brow>(9#'R Brow')|   |   +-- <Bip01 L Clavicle> @ <10#Bip01 L Clavicle>(10#'Bip01 L Clavicle')|   |   +-- < L UpperArm> @ <11# L UpperArm>(11#' L UpperArm')|   |   +-- < L ForeArm> @ <12# L ForeArm>(12#' L ForeArm')|   |   +-- < L Hand> @ <13# L Hand>(13#' L Hand')|   |   +-- < L Finger> @ <14# L Finger>(14#' L Finger')|   |   +-- <Bip01 R Clavicle> @ <16#Bip01 R Clavicle>(16#'Bip01 R Clavicle')|   |   +-- < R UpperArm> @ <17# R UpperArm>(17#' R UpperArm')|   |   +-- < R ForeArm> @ <18# R ForeArm>(18#' R ForeArm')|   |   +-- < R Finger> @ <20# R Finger>(20#' R Finger')|   |   +-- <Belly> @ <24#Belly>(24#'Belly')|   |   +-- < L Thigh> @ <25# L Thigh>(25#' L Thigh')|   |   +-- < L Calf> @ <26# L Calf>(26#' L Calf')|   |   +-- < L Toe0> @ <28# L Toe0>(28#' L Toe0')|   |   +-- < R Thigh> @ <29# R Thigh>(29#' R Thigh')|   |   +-- < R Calf> @ <30# R Calf>(30#' R Calf')Skeletal Animable model <30> assembled at 05de2f70. 1 mesh rigs for 33 joints.Listing 33 joints..:      0 <> 4294967295      1 <normal> 4294967295      2 < Pelvis> 4294967295      3 < Spine 1> 4294967295      4 < Spine 2> 4294967295      5 < Neck> 4294967295      6 < Head> 4294967295      7 <Jaw> 4294967295      8 <L Brow> 4294967295      9 <R Brow> 4294967295     10 <Bip01 L Clavicle> 4294967295     11 < L UpperArm> 4294967295     12 < L ForeArm> 4294967295     13 < L Hand> 4294967295     14 < L Finger> 4294967295     15 <L Finger01> 4294967295     16 <Bip01 R Clavicle> 4294967295     17 < R UpperArm> 4294967295     18 < R ForeArm> 4294967295     19 < R Hand> 4294967295     20 < R Finger> 4294967295     21 <R Finger01> 4294967295     22 <L breast> 4294967295     23 <R breast> 4294967295     24 <Belly> 4294967295     25 < L Thigh> 4294967295     26 < L Calf> 4294967295     27 < L Foot> 4294967295     28 < L Toe0> 4294967295     29 < R Thigh> 4294967295     30 < R Calf> 4294967295     31 < R Foot> 4294967295     32 < R Toe0> 4294967295
meshes[1]+-- msh <> 05de2e20|   +-- topology : 3|   +-- triCnt : 8247|   +-- vtxCnt : 6084|   +-- attributes[3]|   |   +-- <pos>|   |   +-- <uv>|   |   +-- <nrm>|   +-- materials[8]|   |   +-- <yuniwii>|   |   +-- <sak>|   |   +-- <gombolori>|   |   +-- <rambut>|   |   +-- <yuniwii>|   |   +-- <yuniwii>|   |   +-- <yuniwii>|   |   +-- <plus>|   +-- sections[8]|   |   +-- [0, 1030] #0|   |   +-- [1030, 1030] #0|   |   +-- [2060, 1030] #0|   |   +-- [3090, 1030] #0|   |   +-- [4120, 1030] #0|   |   +-- [5150, 1030] #0|   |   +-- [6180, 1030] #0|   |   +-- [7210, 1030] #0|   +-- biases[21]|   |   +-- <normal>|   |   +-- < Pelvis>|   |   +-- < Spine 1>|   |   +-- < Spine 2>|   |   +-- < Neck>|   |   +-- <R Brow>|   |   +-- <Bip01 L Clavicle>|   |   +-- < L UpperArm>|   |   +-- < L ForeArm>|   |   +-- < L Hand>|   |   +-- < L Finger>|   |   +-- <Bip01 R Clavicle>|   |   +-- < R UpperArm>|   |   +-- < R ForeArm>|   |   +-- < R Finger>|   |   +-- <Belly>|   |   +-- < L Thigh>|   |   +-- < L Calf>|   |   +-- < L Toe0>|   |   +-- < R Thigh>|   |   +-- < R Calf>|   +-- morphes[1]|   |   +-- <>+-- rig #0|   +-- msh <> 05de2e20|   +-- biases-from/to-joints|   |   +-- <normal> @ <1#normal>(1#'normal')|   |   +-- < Pelvis> @ <2# Pelvis>(2#' Pelvis')|   |   +-- < Spine 1> @ <3# Spine 1>(3#' Spine 1')|   |   +-- < Spine 2> @ <4# Spine 2>(4#' Spine 2')|   |   +-- < Neck> @ <5# Neck>(5#' Neck')|   |   +-- <R Brow> @ <9#R Brow>(9#'R Brow')|   |   +-- <Bip01 L Clavicle> @ <10#Bip01 L Clavicle>(10#'Bip01 L Clavicle')|   |   +-- < L UpperArm> @ <11# L UpperArm>(11#' L UpperArm')|   |   +-- < L ForeArm> @ <12# L ForeArm>(12#' L ForeArm')|   |   +-- < L Hand> @ <13# L Hand>(13#' L Hand')|   |   +-- < L Finger> @ <14# L Finger>(14#' L Finger')|   |   +-- <Bip01 R Clavicle> @ <16#Bip01 R Clavicle>(16#'Bip01 R Clavicle')|   |   +-- < R UpperArm> @ <17# R UpperArm>(17#' R UpperArm')|   |   +-- < R ForeArm> @ <18# R ForeArm>(18#' R ForeArm')|   |   +-- < R Finger> @ <20# R Finger>(20#' R Finger')|   |   +-- <Belly> @ <24#Belly>(24#'Belly')|   |   +-- < L Thigh> @ <25# L Thigh>(25#' L Thigh')|   |   +-- < L Calf> @ <26# L Calf>(26#' L Calf')|   |   +-- < L Toe0> @ <28# L Toe0>(28#' L Toe0')|   |   +-- < R Thigh> @ <29# R Thigh>(29#' R Thigh')|   |   +-- < R Calf> @ <30# R Calf>(30#' R Calf')Skeletal Animable model <Bone_main> assembled at 05de3340. 4 mesh rigs for 10 joints.Listing 10 joints..:      0 <Bone_main> 4294967295      1 <Mill> 4294967295      2 <Bone_hitpointbar> 4294967295      3 <Bone_Upper_mill> 4294967295      4 <Upper Mill> 4294967295      5 <Bone_Flag_Civ> 4294967295      6 <Bone_Mill_Blades> 4294967295      7 <Mill Blades> 4294967295      8 <Bone_Mill_Wheel> 4294967295      9 <Mill Wheel> 4294967295
meshes[1]+-- msh <Mill> 05de3490|   +-- topology : 3|   +-- triCnt : 139|   +-- vtxCnt : 524|   +-- attributes[3]|   |   +-- <pos>|   |   +-- <nrm>|   |   +-- <uv>|   +-- materials[1]|   |   +-- <West Mill Age3>|   +-- sections[1]|   |   +-- [0, 139] #0|   +-- biases[1]|   |   +-- <Mill>|   +-- morphes[1]|   |   +-- <>+-- rig #0|   +-- msh <Mill> 05de3490|   +-- biases-from/to-joints|   |   +-- <Mill> @ <1#Mill>(1#'Mill')
meshes[1]+-- msh <Upper Mill> 05de35d0|   +-- topology : 3|   +-- triCnt : 126|   +-- vtxCnt : 472|   +-- attributes[3]|   |   +-- <pos>|   |   +-- <nrm>|   |   +-- <uv>|   +-- materials[2]|   |   +-- <West Mill Age3>|   |   +-- <West Mill Age3 Pixelxform1>|   +-- sections[2]|   |   +-- [0, 119] #0|   |   +-- [119, 7] #1|   +-- biases[1]|   |   +-- <Upper Mill>|   +-- morphes[1]|   |   +-- <>+-- rig #1|   +-- msh <Upper Mill> 05de35d0|   +-- biases-from/to-joints|   |   +-- <Upper Mill> @ <4#Upper Mill>(4#'Upper Mill')
meshes[1]+-- msh <Mill Blades> 05de3720|   +-- topology : 3|   +-- triCnt : 70|   +-- vtxCnt : 278|   +-- attributes[3]|   |   +-- <pos>|   |   +-- <nrm>|   |   +-- <uv>|   +-- materials[1]|   |   +-- <West Mill Age3 alphatest>|   +-- sections[1]|   |   +-- [0, 70] #0|   +-- biases[1]|   |   +-- <Mill Blades>|   +-- morphes[1]|   |   +-- <>+-- rig #2|   +-- msh <Mill Blades> 05de3720|   +-- biases-from/to-joints|   |   +-- <Mill Blades> @ <7#Mill Blades>(7#'Mill Blades')
meshes[1]+-- msh <Mill Wheel> 05de3860|   +-- topology : 3|   +-- triCnt : 20|   +-- vtxCnt : 58|   +-- attributes[3]|   |   +-- <pos>|   |   +-- <nrm>|   |   +-- <uv>|   +-- materials[2]|   |   +-- <West Mill Age3>|   |   +-- <West Mill Age3 Pixelxform1>|   +-- sections[1]|   |   +-- [0, 20] #0|   +-- biases[1]|   |   +-- <Mill Wheel>|   +-- morphes[1]|   |   +-- <>+-- rig #3|   +-- msh <Mill Wheel> 05de3860|   +-- biases-from/to-joints|   |   +-- <Mill Wheel> @ <9#Mill Wheel>(9#'Mill Wheel')Skeletal Animable model <Bone_main> assembled at 05de3340. 4 mesh rigs for 10 joints.Listing 10 joints..:      0 <Bone_main> 4294967295      1 <Mill> 4294967295      2 <Bone_hitpointbar> 4294967295      3 <Bone_Upper_mill> 4294967295      4 <Upper Mill> 4294967295      5 <Bone_Flag_Civ> 4294967295      6 <Bone_Mill_Blades> 4294967295      7 <Mill Blades> 4294967295      8 <Bone_Mill_Wheel> 4294967295      9 <Mill Wheel> 4294967295
meshes[4]+-- msh <> 05de3860|   +-- topology : 3|   +-- triCnt : 139|   +-- vtxCnt : 524|   +-- attributes[3]|   |   +-- <pos>|   |   +-- <nrm>|   |   +-- <uv>|   +-- materials[1]|   |   +-- <West Mill Age3>|   +-- sections[1]|   |   +-- [0, 139] #0|   +-- biases[1]|   |   +-- <Mill>|   +-- morphes[1]|   |   +-- <>+-- msh <> 05de3720|   +-- topology : 3|   +-- triCnt : 126|   +-- vtxCnt : 472|   +-- attributes[3]|   |   +-- <pos>|   |   +-- <nrm>|   |   +-- <uv>|   +-- materials[2]|   |   +-- <West Mill Age3>|   |   +-- <West Mill Age3 Pixelxform1>|   +-- sections[2]|   |   +-- [0, 63] #0|   |   +-- [63, 63] #0|   +-- biases[1]|   |   +-- <Upper Mill>|   +-- morphes[1]|   |   +-- <>+-- msh <> 05de35d0|   +-- topology : 3|   +-- triCnt : 70|   +-- vtxCnt : 278|   +-- attributes[3]|   |   +-- <pos>|   |   +-- <nrm>|   |   +-- <uv>|   +-- materials[1]|   |   +-- <West Mill Age3 alphatest>|   +-- sections[1]|   |   +-- [0, 70] #0|   +-- biases[1]|   |   +-- <Mill Blades>|   +-- morphes[1]|   |   +-- <>+-- msh <> 05de3490|   +-- topology : 3|   +-- triCnt : 20|   +-- vtxCnt : 58|   +-- attributes[3]|   |   +-- <pos>|   |   +-- <nrm>|   |   +-- <uv>|   +-- materials[2]|   |   +-- <West Mill Age3>|   |   +-- <West Mill Age3 Pixelxform1>|   +-- sections[1]|   |   +-- [0, 20] #0|   +-- biases[1]|   |   +-- <Mill Wheel>|   +-- morphes[1]|   |   +-- <>+-- rig #0|   +-- msh <> 05de3860|   +-- biases-from/to-joints|   |   +-- <Mill> @ <1#Mill>(1#'Mill')+-- rig #1|   +-- msh <> 05de3720|   +-- biases-from/to-joints|   |   +-- <Upper Mill> @ <4#Upper Mill>(4#'Upper Mill')+-- rig #2|   +-- msh <> 05de35d0|   +-- biases-from/to-joints|   |   +-- <Mill Blades> @ <7#Mill Blades>(7#'Mill Blades')+-- rig #3|   +-- msh <> 05de3490|   +-- biases-from/to-joints|   |   +-- <Mill Wheel> @ <9#Mill Wheel>(9#'Mill Wheel')Motion <Bone_main> assembled. 05f803f0
    Listing 6 transform circuits:	0 <Bone_Flag_Civ> cdcdcdcd	1 <Bone_Mill_Blades> cdcdcdcd	2 <Bone_Mill_Wheel> cdcdcdcd	3 <Bone_Upper_mill> cdcdcdcd	4 <Bone_hitpointbar> cdcdcdcd	5 <Bone_main> cdcdcdcdMotion <Bone_main> assembled. 05fd3620
    Listing 6 transform circuits:	0 <Bone_Flag_Civ> cdcdcdcd	1 <Bone_Mill_Blades> cdcdcdcd	2 <Bone_Mill_Wheel> cdcdcdcd	3 <Bone_Upper_mill> cdcdcdcd	4 <Bone_hitpointbar> cdcdcdcd	5 <Bone_main> cdcdcdcd
meshes[1]+-- msh <> 05de39b0|   +-- topology : 3|   +-- triCnt : 800|   +-- vtxCnt : 441|   +-- attributes[3]|   |   +-- <pos>|   |   +-- <nrm>|   |   +-- <uv>|   +-- materials[1]|   |   +-- <>|   +-- sections[1]|   |   +-- [0, 800] #0|   +-- biases[1]|   |   +-- <>|   +-- morphes[1]|   |   +-- <>Skeletal Animable model <cube> assembled at 05de3af0. 1 mesh rigs for 1 joints.Listing 1 joints..:      0 <> 4294967295+-- rig #0|   +-- msh <> 05de39b0|   +-- biases-from/to-joints|   |   +-- <> @ <0#>(0#'')Entering the Thread Execution Environment 4612
GPU buffer 01e5b730 ready. 34962, 4, 4GPU buffer 01e5ba90 ready. 34963, 5, 8GPU buffer 01e5bb70 ready. 34962, 6, 4GPU buffer 01e5bc40 ready. 34963, 7, 8GPU buffer 01e5bd20 ready. 34962, 8, 4GPU buffer 01e5bdf0 ready. 34963, 9, 8GPU buffer 01e5bed0 ready. 34962, 10, 4GPU buffer 01e5bfa0 ready. 34963, 11, 8GPU buffer 05fdf2c0 ready. 34962, 12, 4GPU buffer 05fdf390 ready. 34963, 13, 8GPU buffer 05fdf470 ready. 34962, 14, 4GPU buffer 05fdf540 ready. 34963, 15, 8GPU buffer 05fdf620 ready. 34962, 16, 4GPU buffer 05fdf6f0 ready. 34963, 17, 8GPU buffer 01e5b660 ready. 35345, 18, 10GPU RO 05d5ae20 ready. de1, 8058, [675,330,1]GPU RO 05d5af10 ready. de1, 8cac, [675,330,1]avxCanvas 05d51c40 hardware-side data instanced.GPU buffer 01e5b3d0 ready. 35345, 19, 10zglLigature.c:238
Uniform buffer unit 'sgl_mtl' not found in ligature 05dddfd0.avxPipeline 05dc8d30 hardware-side data instanced.zglLigature.c:238
Uniform buffer unit 'sgl_mtl' not found in ligature 05dde190.zglLigature.c:221
Combined raster/sampler unit 'floorTexture' not found in ligature 05dde190.avxPipeline 05dcaca0 hardware-side data instanced.avxPipeline 05dbfea0 hardware-side data instanced.GPU buffer 01e5b220 ready. 35345, 20, 10GPU RO 05d5aff0 ready. de1, 8058, [675,330,1]GPU RO 05d5b0e0 ready. de1, 8cac, [675,330,1]avxCanvas 05d51cd0 hardware-side data instanced.GPU buffer 01e5afa0 ready. 35345, 21, 10