Booting...
Acquiring...  Thread Execution Unit 5768 @ afxSystem_w32.c:447Mounting... <//./z/>(''),5Mounting... <//./z/>('E:\qwadro\repo\bangitk\system'),5Mounting... <//./z/>('E:\qwadro\repo\bangitk\system32'),7Mounting... <//./z/>('E:\qwadro\repo\bangitk\system32d'),7Mounting... <//./c/>('C:\Windows\SysWow64'),5Loading... Executable And Linkage Module <e2coree.dll>Memory Page Size: 4096HW Threading Capacity: 2Loading... Executable And Linkage Module <e2draw.dll>Loading... Executable And Linkage Module <e2combo.dll>Loading... Executable And Linkage Module <e2sound.dll>Loading... Executable And Linkage Module <e2mmux.dll>Loading... Executable And Linkage Module <//./z/eaxzal1.dll>Loading... Installable Client Driver <//./z//eaxzal1.dll>	<//./amigal1/>("")  0.0.0 Loading... Executable And Linkage Module <//./z/galileo.dll>Loading... Installable Client Driver <//./z//galileo.dll>	<//./combo/>("")  0.0.0 Loading... Executable And Linkage Module <//./z/tarzgl4.dll>Loading... Installable Client Driver <//./z//tarzgl4.dll>	<//./targl3/>("")  0.0.0 	<//./targl4/>("")  0.0.0 Loading... Executable And Linkage Module <//./z/winsh4d.dll>Loading... Installable Client Driver <//./z//winsh4d.dll>Mounting... <//./d/>('E:\qwadro\repo\bangitk\system'),7	<//./dwm/>("")  0.0.0 	<//./kbd/>("")  0.0.0 	<//./mse/>("")  0.0.0 	<//./gpad/>("")  0.0.0 Entering the Thread Execution Environment 5768
Loading... Executable And Linkage Module <//./c/opengl32.dll>Listing mem available display devices...
#0 = Intel(R) HD Graphics (\\.\DISPLAY17) 8080005#1 = RDPDD Chained DD (\\.\DISPLAYV1) 200008#2 = RDP Encoder Mirror Driver (\\.\DISPLAYV2) 200008#3 = RDP Reflector Display Driver (\\.\DISPLAYV3) 200008zglInterop_WGL32.c:1534
GL: INVAL_PARAMzglInterop_WGL32.c:1547
GL: INVAL_PARAMzglInterop_WGL32.c:1579
GL: INVAL_PARAMzglInterop_WGL32.c:1610
GL: INVAL_PARAMzglInterop_WGL32.c:1612
GL: INVAL_PARAMzglInterop_WGL32.c:1769
GL: INVAL_PARAMzglInterop_WGL32.c:1772
GL: INVAL_PARAMzglInterop_WGL32.c:1777
GL: INVAL_PARAMzglInterop_WGL32.c:1782
GL: INVAL_PARAMAcquiring...  Thread Execution Unit 0 @ zglDrawBridge.c:1963Entering the Thread Execution Environment 1440
Starting 1440 on thread execution unit #1...SIGMA GL/2 Draw Execution Unit 000
	Intel(R) HD Graphics 3.2.0 - Build 10.18.10.5129Entering the Thread Execution Environment 5768
Reopening... <//./z/video/uvOutTristripQuad.vsh>Reopening... <//./z/video/stdEnv.inc>Reopening... <//./z/video/sampleOutRgba2d.fsh>Reopening... <//./z/video/stdEnv.inc>afxClass.c:898
afxClass.c:898
(cfg->fcc)
    InvalidafxClass.c:921
afxClass.c:921
(cfg->name && cfg->name[0])
    InvalidMounting... <//./d/>('E:\qwadro\repo\bangitk\tmp'),7Mounting... <//./a/>('E:\qwadro\repo\bangitk\art'),5afxDrawOutput.c:225
afxDrawOutput.c:225
(whd[0])(952) is out of range [1, 256495842]afxDrawOutput.c:226
afxDrawOutput.c:226
(whd[1])(506) is out of range [1, 256495897]Window_W32.c:692
afxWindow.c:186
afxWindow.c:295
afxDrawOutput 000 readapted. 1920x1080 @ 60.000000Hz <1.777778r, 1.776903p>Reopening... <../data/pipeline/test/test.xsh.xml>../data/pipeline/test/test.vshReopening... <../data/pipeline/test/test.vsh>Entering the Thread Execution Environment 1440
Hardware-side buffer 04365770 ready. 34962, 2, 4Hardware-side buffer 04365818 ready. 34963, 3, 8Entering the Thread Execution Environment 5768
Reopening... <../data/pipeline/stdEnv.inc>Reopening... <../data/pipeline/stdView.inc>../data/pipeline/test/test.fshReopening... <../data/pipeline/test/test.fsh>Reopening... <../data/pipeline/stdEnv.inc>Reopening... <../data/pipeline/body/body.xsh.xml>Attribute 'id' not handled.../data/pipeline/body/rigidBody.vshReopening... <../data/pipeline/body/rigidBody.vsh>Reopening... <../data/pipeline/stdEnv.inc>Reopening... <../data/pipeline/stdView.inc>Reopening... <../data/pipeline/stdObject.inc>../data/pipeline/body/body.fshReopening... <../data/pipeline/body/body.fsh>Reopening... <../data/pipeline/stdEnv.inc>Reopening... <../data/pipeline/stdView.inc>Reopening... <../data/pipeline/stdMaterial.inc>Attribute 'id' not handled.../data/pipeline/body/skinnedBody.vshReopening... <../data/pipeline/body/skinnedBody.vsh>Reopening... <../data/pipeline/stdEnv.inc>Reopening... <../data/pipeline/stdView.inc>Reopening... <../data/pipeline/stdObject.inc>../data/pipeline/body/body.fshReopening... <../data/pipeline/body/body.fsh>Reopening... <../data/pipeline/stdEnv.inc>Reopening... <../data/pipeline/stdView.inc>Reopening... <../data/pipeline/stdMaterial.inc>Reopening... <../data/pipeline/testLighting/testLighting.xsh.xml>Attribute 'id' not handled.../data/pipeline/testLighting/testLightingBlinn.vshReopening... <../data/pipeline/testLighting/testLightingBlinn.vsh>Reopening... <../data/pipeline/stdEnv.inc>Reopening... <../data/pipeline/stdView.inc>Reopening... <../data/pipeline/stdObject.inc>../data/pipeline/testLighting/testLightingBlinn.fshReopening... <../data/pipeline/testLighting/testLightingBlinn.fsh>Reopening... <../data/pipeline/stdEnv.inc>Reopening... <../data/pipeline/stdView.inc>Reopening... <../data/pipeline/stdMaterial.inc>Reopening... <../data/pipeline/tutCamUtil/tutCamUtil.xsh.xml>afxString.c:497
afxString.c:497
(effectiveRange == len2)
    InvalidafxString.c:497
afxString.c:497
(effectiveRange == len2)
    InvalidAttribute 'id' not handled.../data/pipeline/tutCamUtil/tutCamUtilRigid.vshReopening... <../data/pipeline/tutCamUtil/tutCamUtilRigid.vsh>Reopening... <../data/pipeline/stdEnv.inc>Reopening... <../data/pipeline/stdView.inc>Reopening... <../data/pipeline/stdObject.inc>../data/pipeline/tutCamUtil/tutCamUtil.fshReopening... <../data/pipeline/tutCamUtil/tutCamUtil.fsh>Reopening... <../data/pipeline/stdEnv.inc>Attribute 'id' not handled.../data/pipeline/tutCamUtil/tutCamUtilSkinned.vshReopening... <../data/pipeline/tutCamUtil/tutCamUtilSkinned.vsh>Reopening... <../data/pipeline/stdEnv.inc>Reopening... <../data/pipeline/stdView.inc>Reopening... <../data/pipeline/stdObject.inc>../data/pipeline/tutCamUtil/tutCamUtil.fshReopening... <../data/pipeline/tutCamUtil/tutCamUtil.fsh>Reopening... <../data/pipeline/stdEnv.inc>Reopening... <../data/pipeline/lighting/lighting.xsh.xml>Attribute 'id' not handled.../data/pipeline/lighting/lighting.vshReopening... <../data/pipeline/lighting/lighting.vsh>Reopening... <../data/pipeline/stdEnv.inc>Reopening... <../data/pipeline/stdView.inc>Reopening... <../data/pipeline/stdObject.inc>../data/pipeline/lighting/lighting.fshReopening... <../data/pipeline/lighting/lighting.fsh>Reopening... <../data/pipeline/stdEnv.inc>Reopening... <../data/pipeline/stdView.inc>Reopening... <../data/pipeline/stdMaterial.inc>Installing watcher <044bb4e8> for 042a4110...Entering the Thread Execution Environment 1440
Hardware-side buffer 044af318 ready. 34962, 4, 4Hardware-side buffer 044bc1f8 ready. 34963, 5, 8Entering the Thread Execution Environment 5768
glus_wavefront.c:859
MTL NAME //./art/scenario/bibliotheca/bibliotheca.mtlglus_wavefront.c:291
MTL FNAME //./art/scenario/bibliotheca/bibliotheca.mtlSkeleton <bibliotheca-uvless> assembled at 044af088.
    Listing 1 joints..:      0 <> 4294967295Animable model <bibliotheca-uvless> assembled at 044bb110. 1 mesh rigs for 1 joints.Rigid Mesh <> assembled at 044c91c0.
    69456 vertices with 3 attributes.
    23152 triangles (4 bytes per index) arranged in 1 surfaces.
    Listing 1 biases..:      0 <>   0Mesh 044c91c0 linked to model 044bb110.
    Listing 1 bias-joint mapping..:      0 --> 0 <-- 0 <> Skeleton <Bone_main> assembled at 044bb7c8.
    Listing 10 joints..:      0 <Bone_main> 4294967295      1 <Mill>   0      2 <Bone_hitpointbar>   0      3 <Bone_Upper_mill>   0      4 <Upper Mill>   3      5 <Bone_Flag_Civ>   3      6 <Bone_Mill_Blades>   3      7 <Mill Blades>   6      8 <Bone_Mill_Wheel>   3      9 <Mill Wheel>   8Animable model <Bone_main> assembled at 044c9618. 4 mesh rigs for 10 joints.Rigid Mesh <Mill> assembled at 044c97c8.
    524 vertices with 3 attributes.
    139 triangles (2 bytes per index) arranged in 1 surfaces.
    Listing 1 biases..:      0 <Mill>   0Mesh 044c97c8 linked to model 044c9618.
    Listing 1 bias-joint mapping..:      0 --> 1 <-- 1 <Mill> Rigid Mesh <Upper Mill> assembled at 0450ccf0.
    472 vertices with 3 attributes.
    126 triangles (2 bytes per index) arranged in 2 surfaces.
    Listing 1 biases..:      0 <Upper Mill>   0Mesh 0450ccf0 linked to model 044c9618.
    Listing 1 bias-joint mapping..:      0 --> 4 <-- 4 <Upper Mill> Rigid Mesh <Mill Blades> assembled at 04577750.
    278 vertices with 3 attributes.
    70 triangles (2 bytes per index) arranged in 1 surfaces.
    Listing 1 biases..:      0 <Mill Blades>   0Mesh 04577750 linked to model 044c9618.
    Listing 1 bias-joint mapping..:      0 --> 7 <-- 7 <Mill Blades> Rigid Mesh <Mill Wheel> assembled at 0450ceb0.
    58 vertices with 3 attributes.
    20 triangles (1 bytes per index) arranged in 1 surfaces.
    Listing 1 biases..:      0 <Mill Wheel>   0Mesh 0450ceb0 linked to model 044c9618.
    Listing 1 bias-joint mapping..:      0 --> 9 <-- 9 <Mill Wheel> Motion <Bone_main> assembled. 044de0d0
    Listing 6 transform circuits:	0 <Bone_Flag_Civ> cdcdcdcd	1 <Bone_Mill_Blades> cdcdcdcd	2 <Bone_Mill_Wheel> cdcdcdcd	3 <Bone_Upper_mill> cdcdcdcd	4 <Bone_hitpointbar> cdcdcdcd	5 <Bone_main> cdcdcdcdRigid Mesh <> assembled at 045c8950.
    441 vertices with 3 attributes.
    800 triangles (2 bytes per index) arranged in 1 surfaces.
    Listing 1 biases..:      0 <>   0Skeleton <> assembled at 045c68f8.
    Listing 1 joints..:      0 <> 4294967295Mesh 045c8950 linked to model 045c8a48.
    Listing 1 bias-joint mapping..:      0 --> 0 <-- 0 <> Animable model <cube> assembled at 045c8a48. 1 mesh rigs for 1 joints.Entering the Thread Execution Environment 1440
Hardware-side raster 008c1938 ready. de1, 8229, [512,512,1]Hardware-side buffer 044bc348 ready. 34962, 6, 4Hardware-side buffer 044bc2a0 ready. 34963, 7, 8Hardware-side buffer 044bc498 ready. 34962, 8, 4Hardware-side buffer 044bc3f0 ready. 34963, 9, 8Entering the Thread Execution Environment 5768
afxBuffer.c:149
afxBuffer.c:149
(buf->bytemap)
    InvalidafxBuffer.c:150
afxBuffer.c:150
(buf->mappedRange)
    InvalidafxBuffer.c:151
afxBuffer.c:151
(buf->mappedOffset + buf->mappedRange >= offset + range)
    InvalidakxRenderer.c:135
Entering the Thread Execution Environment 1440
Hardware-side buffer 044bc5e8 ready. 34962, 10, 4Entering the Thread Execution Environment 5768
afxBuffer.c:157
akxRenderer.c:135
Entering the Thread Execution Environment 1440
Hardware-side buffer 044bc540 ready. 34963, 11, 8Hardware-side buffer 044bc738 ready. 34962, 12, 4Hardware-side buffer 044bc690 ready. 34963, 13, 8Hardware-side buffer 044bc7e0 ready. 34962, 14, 4Hardware-side buffer 044bc888 ready. 34963, 15, 8Hardware-side buffer 044bc930 ready. 34962, 16, 4Hardware-side buffer 044bc9d8 ready. 34963, 17, 8Hardware-side raster 008c1500 ready. de1, 8058, [952,506,1]Hardware-side raster 008c1428 ready. de1, 81a6, [952,506,1]avxCanvas 044b3e68 hardware-side data instanced.Hardware-side buffer 044aefe0 ready. 35345, 18, 10Reopening... <../data/pipeline/test/test.vsh>Reopening... <../data/pipeline/stdEnv.inc>Reopening... <../data/pipeline/stdView.inc>Reopening... <../data/pipeline/test/test.fsh>Reopening... <../data/pipeline/stdEnv.inc>avxPipeline 044b39b8 hardware-side data instanced.Reopening... <../data/pipeline/lighting/lighting.vsh>Reopening... <../data/pipeline/stdEnv.inc>Reopening... <../data/pipeline/stdView.inc>Reopening... <../data/pipeline/stdObject.inc>Reopening... <../data/pipeline/lighting/lighting.fsh>Reopening... <../data/pipeline/stdEnv.inc>Reopening... <../data/pipeline/stdView.inc>Reopening... <../data/pipeline/stdMaterial.inc>avxPipeline 044bf688 hardware-side data instanced.Hardware-side buffer 044af1c8 ready. 35345, 19, 10Hardware-side raster 008c16b0 ready. de1, 8058, [952,506,1]Hardware-side raster 008c15d8 ready. de1, 81a6, [952,506,1]avxCanvas 044b3ef8 hardware-side data instanced.Hardware-side buffer 044b37a0 ready. 35345, 20, 10Hardware-side buffer 044b4378 ready. 35345, 21, 10Hardware-side raster 008c1788 ready. de1, 8058, [952,506,1]Hardware-side raster 008c1860 ready. de1, 81a6, [952,506,1]avxCanvas 044b3f88 hardware-side data instanced.