Booting...
Acquiring...  Thread Execution Unit 7276 @ afxSystem_w32.c:442Mounting... <//./z/>(''),5Mounting... <//./z/>('E:\qwadro\repo\bangitk\system'),5Mounting... <//./z/>('E:\qwadro\repo\bangitk\system32'),7Mounting... <//./z/>('E:\qwadro\repo\bangitk\system32d'),7Mounting... <//./c/>('C:\Windows\SysWow64'),5Loading... Executable And Linkage Module <e2coree.dll>Memory Page Size: 4096HW Threading Capacity: 2Loading... Executable And Linkage Module <e2draw.dll>Loading... Executable And Linkage Module <e2combo.dll>Loading... Executable And Linkage Module <e2sound.dll>Loading... Executable And Linkage Module <e2mmux.dll>Loading... Executable And Linkage Module <//./z/eaxzal1.dll>Loading... Installable Client Driver <//./z//eaxzal1.dll>	<//./amigal1/>("")  0.0.0 Loading... Executable And Linkage Module <//./z/galileo.dll>Loading... Installable Client Driver <//./z//galileo.dll>	<//./combo/>("")  0.0.0 Loading... Executable And Linkage Module <//./z/tarzgl4.dll>Loading... Installable Client Driver <//./z//tarzgl4.dll>	<//./targl3/>("")  0.0.0 	<//./targl4/>("")  0.0.0 Loading... Executable And Linkage Module <//./z/winsh4d.dll>Loading... Installable Client Driver <//./z//winsh4d.dll>Mounting... <//./d/>('E:\qwadro\repo\bangitk\system'),7	<//./dwm/>("")  0.0.0 	<//./kbd/>("")  0.0.0 	<//./mse/>("")  0.0.0 	<//./gpad/>("")  0.0.0 Entering the Thread Execution Environment 7276
Loading... Executable And Linkage Module <//./c/opengl32.dll>Listing mem available display devices...
#0 = Intel(R) HD Graphics (\\.\DISPLAY1) 8080005#1 = RDPDD Chained DD (\\.\DISPLAYV1) 200008#2 = RDP Encoder Mirror Driver (\\.\DISPLAYV2) 200008#3 = RDP Reflector Display Driver (\\.\DISPLAYV3) 200008zglInterop_WGL32.c:1559
GL: INVAL_PARAMzglInterop_WGL32.c:1561
GL: INVAL_PARAMzglInterop_WGL32.c:1659
GL: INVAL_PARAMzglInterop_WGL32.c:1688
GL: INVAL_PARAMzglInterop_WGL32.c:1761
GL: INVAL_PARAMzglInterop_WGL32.c:1764
GL: INVAL_PARAMzglInterop_WGL32.c:1769
GL: INVAL_PARAMzglInterop_WGL32.c:1774
GL: INVAL_PARAMAcquiring...  Thread Execution Unit 0 @ zglDrawBridge.c:1713Entering the Thread Execution Environment 6492
Starting 6492 on thread execution unit #1...Entering the Thread Execution Environment 7276
Reopening... <//./z/video/uvOutTristripQuad.vsh>Entering the Thread Execution Environment 6492
SIGMA GL/2 Draw Execution Unit 000
	Intel(R) HD Graphics 3.2.0 - Build 10.18.10.5161Entering the Thread Execution Environment 7276
Reopening... <//./z/video/stdEnv.inc>Reopening... <//./z/video/sampleOutRgba2d.fsh>Reopening... <//./z/video/stdEnv.inc>afxClass.c:898
afxClass.c:898
(cfg->fcc)
    InvalidafxClass.c:921
afxClass.c:921
(cfg->name && cfg->name[0])
    InvalidMounting... <//./d/>('E:\qwadro\repo\bangitk\tmp'),7Mounting... <//./a/>('E:\qwadro\repo\bangitk\art'),5afxDrawOutput.c:225
afxDrawOutput.c:225
(whd[0])(952) is out of range [1, 263380786]afxDrawOutput.c:226
afxDrawOutput.c:226
(whd[1])(506) is out of range [1, 263380841]Window_W32.c:682
afxWindow.c:186
afxWindow.c:295
afxDrawOutput 000 readapted. 1920x1080 @ 60.000000Hz <1.777778r, 1.776903p>Reopening... <../data/pipeline/test/test.xsh.xml>Entering the Thread Execution Environment 6492
Hardware-side buffer 03b4da10 ready. 34962, 1, 4Entering the Thread Execution Environment 7276
../data/pipeline/test/test.vsh../data/pipeline/test/test.fshReopening... <../data/pipeline/test/test.vsh>Reopening... <../data/pipeline/stdEnv.inc>Reopening... <../data/pipeline/stdView.inc>Reopening... <../data/pipeline/test/test.fsh>Reopening... <../data/pipeline/stdEnv.inc>Reopening... <../art/skybox/purple/right.tga>Entering the Thread Execution Environment 6492
Hardware-side raster 007f2848 ready. 8513, 8051, [2048,2048,6]Entering the Thread Execution Environment 7276
Reopening... <../art/skybox/purple/left.tga>Reopening... <../art/skybox/purple/bottom.tga>Reopening... <../art/skybox/purple/top.tga>Reopening... <../art/skybox/purple/front.tga>Reopening... <../art/skybox/purple/back.tga>Reopening... <../data/pipeline/skybox/skybox.xsh.xml>Entering the Thread Execution Environment 6492
Hardware-side buffer 03b50020 ready. 34962, 2, 4Entering the Thread Execution Environment 7276
../data/pipeline/skybox/skybox.vshNode 'DepthWriteEnabled' not handled.../data/pipeline/skybox/sampleOutRgbaCube.fshReopening... <../data/pipeline/skybox/skybox.vsh>Reopening... <../data/pipeline/stdEnv.inc>Reopening... <../data/pipeline/stdView.inc>Reopening... <../data/pipeline/skybox/sampleOutRgbaCube.fsh>Reopening... <../data/pipeline/stdEnv.inc>Reopening... <../data/pipeline/body/body.xsh.xml>../data/pipeline/body/rigidBody.vshNode 'DepthWriteEnabled' not handled.../data/pipeline/body/body.fsh../data/pipeline/body/skinnedBody.vshNode 'DepthWriteEnabled' not handled.../data/pipeline/body/body.fshReopening... <../data/pipeline/body/rigidBody.vsh>Reopening... <../data/pipeline/stdEnv.inc>Reopening... <../data/pipeline/stdView.inc>Reopening... <../data/pipeline/stdObject.inc>Reopening... <../data/pipeline/body/body.fsh>Reopening... <../data/pipeline/stdEnv.inc>Reopening... <../data/pipeline/stdView.inc>Reopening... <../data/pipeline/stdMaterial.inc>afxString.c:490
afxString.c:490
(effectiveRange == len2)
    InvalidReopening... <../data/pipeline/body/skinnedBody.vsh>Reopening... <../data/pipeline/stdEnv.inc>Reopening... <../data/pipeline/stdView.inc>Reopening... <../data/pipeline/stdObject.inc>afxString.c:490
afxString.c:490
(effectiveRange == len2)
    InvalidafxString.c:490
afxString.c:490
(effectiveRange == len2)
    InvalidReopening... <../data/pipeline/body/body.fsh>Reopening... <../data/pipeline/stdEnv.inc>Reopening... <../data/pipeline/stdView.inc>Reopening... <../data/pipeline/stdMaterial.inc>afxString.c:490
afxString.c:490
(effectiveRange == len2)
    InvalidReopening... <../data/pipeline/testLighting/testLighting.xsh.xml>../data/pipeline/testLighting/testLightingBlinn.vshNode 'Transformer' not handled.../data/pipeline/testLighting/testLightingBlinn.fshReopening... <../data/pipeline/testLighting/testLightingBlinn.vsh>Reopening... <../data/pipeline/stdEnv.inc>Reopening... <../data/pipeline/stdView.inc>Reopening... <../data/pipeline/stdObject.inc>Reopening... <../data/pipeline/testLighting/testLightingBlinn.fsh>Reopening... <../data/pipeline/stdEnv.inc>Reopening... <../data/pipeline/stdView.inc>Reopening... <../data/pipeline/stdMaterial.inc>afxString.c:490
afxString.c:490
(effectiveRange == len2)
    InvalidReopening... <../data/pipeline/tutCamUtil/tutCamUtil.xsh.xml>../data/pipeline/tutCamUtil/tutCamUtilRigid.vshNode 'DepthWriteEnabled' not handled.../data/pipeline/tutCamUtil/tutCamUtil.fsh../data/pipeline/tutCamUtil/tutCamUtilSkinned.vshNode 'DepthWriteEnabled' not handled.../data/pipeline/tutCamUtil/tutCamUtil.fshReopening... <../data/pipeline/tutCamUtil/tutCamUtilRigid.vsh>Reopening... <../data/pipeline/stdEnv.inc>Reopening... <../data/pipeline/stdView.inc>Reopening... <../data/pipeline/stdObject.inc>Reopening... <../data/pipeline/tutCamUtil/tutCamUtil.fsh>Reopening... <../data/pipeline/stdEnv.inc>afxString.c:490
afxString.c:490
(effectiveRange == len2)
    InvalidReopening... <../data/pipeline/tutCamUtil/tutCamUtilSkinned.vsh>Reopening... <../data/pipeline/stdEnv.inc>Reopening... <../data/pipeline/stdView.inc>Reopening... <../data/pipeline/stdObject.inc>Reopening... <../data/pipeline/tutCamUtil/tutCamUtil.fsh>Reopening... <../data/pipeline/stdEnv.inc>afxString.c:490
afxString.c:490
(effectiveRange == len2)
    InvalidReopening... <../data/pipeline/lighting/lighting.xsh.xml>../data/pipeline/lighting/lighting.vshNode 'DepthWriteEnabled' not handled.../data/pipeline/lighting/lighting.fshReopening... <../data/pipeline/lighting/lighting.vsh>Reopening... <../data/pipeline/stdEnv.inc>Reopening... <../data/pipeline/stdView.inc>Reopening... <../data/pipeline/stdObject.inc>Reopening... <../data/pipeline/lighting/lighting.fsh>Reopening... <../data/pipeline/stdEnv.inc>Reopening... <../data/pipeline/stdView.inc>Reopening... <../data/pipeline/stdMaterial.inc>afxString.c:490
afxString.c:490
(effectiveRange == len2)
    InvalidEntering the Thread Execution Environment 6492
Hardware-side buffer 03b50800 ready. 34962, 3, 4Entering the Thread Execution Environment 7276
glus_wavefront.c:859
MTL NAME //./art/scenario/bibliotheca/bibliotheca.mtlglus_wavefront.c:291
MTL FNAME //./art/scenario/bibliotheca/bibliotheca.mtlSkeleton <bibliotheca-uvless> assembled at 04bc8228.
    Listing 1 joints..:      0 <> 4294967295Animable model <bibliotheca-uvless> assembled at 03b4a1c0. 1 mesh rigs for 1 joints.Mesh topology 03b6a9d8 built. 23152 triangles (4 bytesPerIdx) and 1 surfaces.Rigid Mesh <> assembled at 03b53fa0.
    69456 vertices with 3 attributes.
    1 triangles (4 bytes per index) arranged in 1 surfaces.
    Listing 1 biases..:      0 <>   0Mesh 03b53fa0 linked to model 03b4a1c0.
    Listing 1 bias-joint mapping..:      0 --> 0 <-- 0 <> Skeleton <Bone_main> assembled at 04bc8190.
    Listing 10 joints..:      0 <Bone_main> 4294967295      1 <Mill>   0      2 <Bone_hitpointbar>   0      3 <Bone_Upper_mill>   0      4 <Upper Mill>   3      5 <Bone_Flag_Civ>   3      6 <Bone_Mill_Blades>   3      7 <Mill Blades>   6      8 <Bone_Mill_Wheel>   3      9 <Mill Wheel>   8Animable model <Bone_main> assembled at 03b46c58. 4 mesh rigs for 10 joints.Mesh topology 070f4e50 built. 139 triangles (2 bytesPerIdx) and 1 surfaces.Rigid Mesh <Mill> assembled at 03b54040.
    524 vertices with 3 attributes.
    1 triangles (2 bytes per index) arranged in 1 surfaces.
    Listing 1 biases..:      0 <Mill>   0Mesh 03b54040 linked to model 03b46c58.
    Listing 1 bias-joint mapping..:      0 --> 1 <-- 1 <Mill> Mesh topology 03b488e8 built. 126 triangles (2 bytesPerIdx) and 2 surfaces.Rigid Mesh <Upper Mill> assembled at 03b540e0.
    472 vertices with 3 attributes.
    2 triangles (2 bytes per index) arranged in 2 surfaces.
    Listing 1 biases..:      0 <Upper Mill>   0Mesh 03b540e0 linked to model 03b46c58.
    Listing 1 bias-joint mapping..:      0 --> 4 <-- 4 <Upper Mill> Mesh topology 03b74308 built. 70 triangles (2 bytesPerIdx) and 1 surfaces.Rigid Mesh <Mill Blades> assembled at 03b54180.
    278 vertices with 3 attributes.
    1 triangles (2 bytes per index) arranged in 1 surfaces.
    Listing 1 biases..:      0 <Mill Blades>   0Mesh 03b54180 linked to model 03b46c58.
    Listing 1 bias-joint mapping..:      0 --> 7 <-- 7 <Mill Blades> Mesh topology 03b4a088 built. 20 triangles (1 bytesPerIdx) and 1 surfaces.Rigid Mesh <Mill Wheel> assembled at 03b54220.
    58 vertices with 3 attributes.
    1 triangles (1 bytes per index) arranged in 1 surfaces.
    Listing 1 biases..:      0 <Mill Wheel>   0Mesh 03b54220 linked to model 03b46c58.
    Listing 1 bias-joint mapping..:      0 --> 9 <-- 9 <Mill Wheel> Motion <Bone_main> assembled. 03b6bc10
    Listing 6 transform circuits:	0 <Bone_Flag_Civ> cdcdcdcd	1 <Bone_Mill_Blades> cdcdcdcd	2 <Bone_Mill_Wheel> cdcdcdcd	3 <Bone_Upper_mill> cdcdcdcd	4 <Bone_hitpointbar> cdcdcdcd	5 <Bone_main> cdcdcdcdMesh topology 03b71f30 built. 800 triangles (4 bytesPerIdx) and 1 surfaces.Rigid Mesh <> assembled at 03b542c0.
    441 vertices with 3 attributes.
    1 triangles (4 bytes per index) arranged in 1 surfaces.
    Listing 1 biases..:      0 <>   0Skeleton <> assembled at 04bc8d70.
    Listing 1 joints..:      0 <> 4294967295Mesh 03b542c0 linked to model 03b71ff8.
    Listing 1 bias-joint mapping..:      0 --> 0 <-- 0 <> Animable model <cube> assembled at 03b71ff8. 1 mesh rigs for 1 joints.Installing watcher <03b72360> for 03935fc0...Entering the Thread Execution Environment 6492
Hardware-side raster 007f2920 ready. de1, 8229, [512,512,1]Hardware-side buffer 03b509f8 ready. 34962, 4, 4Hardware-side buffer 03b50950 ready. 34963, 5, 8Hardware-side buffer 03b50b48 ready. 34962, 6, 4Hardware-side buffer 03b50aa0 ready. 34963, 7, 8Hardware-side buffer 03b50c98 ready. 34962, 8, 4Hardware-side buffer 03b50bf0 ready. 34963, 9, 8Hardware-side buffer 03b50de8 ready. 34962, 10, 4Hardware-side buffer 03b50d40 ready. 34963, 11, 8Hardware-side buffer 03b50e90 ready. 34962, 12, 4Hardware-side buffer 03b50f38 ready. 34963, 13, 8Entering the Thread Execution Environment 7276
akxRenderer.c:87
Entering the Thread Execution Environment 6492
Hardware-side buffer 03b50fe0 ready. 34962, 14, 4Hardware-side buffer 03b51088 ready. 34963, 15, 8Hardware-side raster 007f2410 ready. de1, 8058, [952,506,1]Hardware-side raster 007f2338 ready. de1, 88f0, [952,506,1]avxCanvas 03b3f3b8 hardware-side data instanced.Hardware-side buffer 03b50368 ready. 35345, 16, 10Reopening... <../data/pipeline/test/test.vsh>Reopening... <../data/pipeline/stdEnv.inc>Reopening... <../data/pipeline/stdView.inc>Reopening... <../data/pipeline/test/test.fsh>Reopening... <../data/pipeline/stdEnv.inc>avxPipeline 03b3f7f8 hardware-side data instanced.Hardware-side buffer 03b508a8 ready. 34963, 17, 8Hardware-side buffer 03b50560 ready. 35345, 18, 10Reopening... <../data/pipeline/lighting/lighting.vsh>Reopening... <../data/pipeline/stdEnv.inc>Reopening... <../data/pipeline/stdView.inc>Reopening... <../data/pipeline/stdObject.inc>Reopening... <../data/pipeline/lighting/lighting.fsh>Reopening... <../data/pipeline/stdEnv.inc>Reopening... <../data/pipeline/stdView.inc>Reopening... <../data/pipeline/stdMaterial.inc>afxString.c:490
afxString.c:490
(effectiveRange == len2)
    InvalidzglLigature.c:221
Uniform buffer unit 'sgl_mtl' not found in ligature 0071c928.zglLigature.c:204
Combined raster/sampler unit 'floorTexture' not found in ligature 0071c928.avxPipeline 03b67bc8 hardware-side data instanced.Hardware-side buffer 03b4ff78 ready. 34963, 19, 8Hardware-side buffer 03b500c8 ready. 35345, 20, 10Hardware-side buffer 03b502c0 ready. 35345, 21, 10Hardware-side raster 007f25c0 ready. de1, 8058, [952,506,1]Hardware-side raster 007f24e8 ready. de1, 88f0, [952,506,1]avxCanvas 03b3f448 hardware-side data instanced.Hardware-side raster 007f2698 ready. de1, 8058, [952,506,1]Hardware-side raster 007f2770 ready. de1, 88f0, [952,506,1]avxCanvas 03b3f4d8 hardware-side data instanced.