Booting...
Acquiring...  Thread Execution Unit 4636 @ afxSystem_w32.c:447Mounting... <//./z/>(''),5Mounting... <//./z/>('E:\qwadro\repo\bangitk\system'),5Mounting... <//./z/>('E:\qwadro\repo\bangitk\system32'),7Mounting... <//./z/>('E:\qwadro\repo\bangitk\system32d'),7Mounting... <//./c/>('C:\Windows\SysWow64'),5Loading... Executable And Linkage Module <e2coree.dll>Memory Page Size: 4096HW Threading Capacity: 2Loading... Executable And Linkage Module <e2draw.dll>Loading... Executable And Linkage Module <e2combo.dll>Loading... Executable And Linkage Module <e2sound.dll>Loading... Executable And Linkage Module <e2mmux.dll>Loading... Executable And Linkage Module <//./z/eaxzal1.dll>Loading... Installable Client Driver <//./z//eaxzal1.dll>	<//./amigal1/>("")  0.0.0 Loading... Executable And Linkage Module <//./z/galileo.dll>Loading... Installable Client Driver <//./z//galileo.dll>	<//./combo/>("")  0.0.0 Loading... Executable And Linkage Module <//./z/tarzgl4.dll>Loading... Installable Client Driver <//./z//tarzgl4.dll>	<//./targl3/>("")  0.0.0 	<//./targl4/>("")  0.0.0 Loading... Executable And Linkage Module <//./z/winsh4d.dll>Loading... Installable Client Driver <//./z//winsh4d.dll>Mounting... <//./d/>('E:\qwadro\repo\bangitk\system'),7	<//./dwm/>("")  0.0.0 	<//./kbd/>("")  0.0.0 	<//./mse/>("")  0.0.0 	<//./gpad/>("")  0.0.0 Entering the Thread Execution Environment 4636
Loading... Executable And Linkage Module <//./c/opengl32.dll>Listing mem available display devices...
#0 = Intel(R) HD Graphics (\\.\DISPLAY17) 8080005#1 = RDPDD Chained DD (\\.\DISPLAYV1) 200008#2 = RDP Encoder Mirror Driver (\\.\DISPLAYV2) 200008#3 = RDP Reflector Display Driver (\\.\DISPLAYV3) 200008zglInterop_WGL32.c:1534
GL: INVAL_PARAMzglInterop_WGL32.c:1549
GL: INVAL_PARAMzglInterop_WGL32.c:1560
GL: INVAL_PARAMzglInterop_WGL32.c:1592
GL: INVAL_PARAMzglInterop_WGL32.c:1623
GL: INVAL_PARAMzglInterop_WGL32.c:1625
GL: INVAL_PARAMzglInterop_WGL32.c:1782
GL: INVAL_PARAMzglInterop_WGL32.c:1785
GL: INVAL_PARAMzglInterop_WGL32.c:1790
GL: INVAL_PARAMzglInterop_WGL32.c:1795
GL: INVAL_PARAMAcquiring...  Thread Execution Unit 0 @ zglDrawBridge.c:1962Entering the Thread Execution Environment 6588
Starting 6588 on thread execution unit #1...Entering the Thread Execution Environment 4636
Reopening... <//./z/video/uvOutTristripQuad.vsh>Entering the Thread Execution Environment 6588
SIGMA GL/2 Draw Execution Unit 000
	Intel(R) HD Graphics 3.2.0 - Build 10.18.10.5129Entering the Thread Execution Environment 4636
Reopening... <//./z/video/stdEnv.inc>afxString.c:177
afxString.c:177
<from>430 + <1>1 is out of capacity <strLen>430.Reopening... <//./z/video/sampleOutRgba2d.fsh>Reopening... <//./z/video/stdEnv.inc>afxString.c:177
afxString.c:177
<from>157 + <1>1 is out of capacity <strLen>157.afxClass.c:898
afxClass.c:898
(cfg->fcc)
    InvalidafxClass.c:921
afxClass.c:921
(cfg->name && cfg->name[0])
    InvalidMounting... <//./d/>('E:\qwadro\repo\bangitk\tmp'),7Mounting... <//./a/>('E:\qwadro\repo\bangitk\art'),5afxDrawOutput.c:225
afxDrawOutput.c:225
(whd[0])(952) is out of range [1, 1346953726]afxDrawOutput.c:226
afxDrawOutput.c:226
(whd[1])(506) is out of range [1, 1346953781]Window_W32.c:692
afxWindow.c:186
afxWindow.c:295
afxDrawOutput 000 readapted. 1920x1080 @ 60.000000Hz <1.777778r, 1.776903p>Reopening... <../data/pipeline/test/test.xsh.xml>Entering the Thread Execution Environment 6588
Hardware-side buffer 043477f8 ready. 34962, 2, 4Entering the Thread Execution Environment 4636
../data/pipeline/test/test.vsh../data/pipeline/test/test.fshReopening... <../data/pipeline/test/test.vsh>Reopening... <../data/pipeline/stdEnv.inc>Reopening... <../data/pipeline/stdView.inc>afxString.c:177
afxString.c:177
<from>327 + <1>1 is out of capacity <strLen>327.Reopening... <../data/pipeline/test/test.fsh>Reopening... <../data/pipeline/stdEnv.inc>afxString.c:177
afxString.c:177
<from>84 + <1>1 is out of capacity <strLen>84.