Booting...
Acquiring...  Thread Execution Unit 2912 @ afxSystem_w32.c:444Mounting... <//./z/>(''),5Mounting... <//./z/>('E:\qwadro\repo\bangitk\system'),5Mounting... <//./z/>('E:\qwadro\repo\bangitk\system32'),7Mounting... <//./z/>('E:\qwadro\repo\bangitk\system32d'),7Mounting... <//./c/>('C:\Windows\SysWow64'),5Loading... Executable And Linkage Module <e2coree.dll>Memory Page Size: 4096HW Threading Capacity: 2Loading... Executable And Linkage Module <e2draw.dll>Loading... Executable And Linkage Module <e2combo.dll>Loading... Executable And Linkage Module <e2sound.dll>Loading... Executable And Linkage Module <e2mmux.dll>Loading... Executable And Linkage Module <//./z/eaxzal1.dll>Loading... Installable Client Driver <//./z//eaxzal1.dll>	<//./amigal1/>("")  0.0.0 Loading... Executable And Linkage Module <//./z/galileo.dll>Loading... Installable Client Driver <//./z//galileo.dll>	<//./combo/>("")  0.0.0 Loading... Executable And Linkage Module <//./z/tarzgl4.dll>Loading... Installable Client Driver <//./z//tarzgl4.dll>	<//./targl3/>("")  0.0.0 	<//./targl4/>("")  0.0.0 Loading... Executable And Linkage Module <//./z/winsh4d.dll>Loading... Installable Client Driver <//./z//winsh4d.dll>Mounting... <//./d/>('E:\qwadro\repo\bangitk\system'),7	<//./dwm/>("")  0.0.0 	<//./kbd/>("")  0.0.0 	<//./mse/>("")  0.0.0 	<//./gpad/>("")  0.0.0 Entering the Thread Execution Environment 2912
Loading... Executable And Linkage Module <//./c/opengl32.dll>Listing mem available display devices...
#0 = Intel(R) HD Graphics (\\.\DISPLAY17) 8080005#1 = RDPDD Chained DD (\\.\DISPLAYV1) 200008#2 = RDP Encoder Mirror Driver (\\.\DISPLAYV2) 200008#3 = RDP Reflector Display Driver (\\.\DISPLAYV3) 200008zglInterop_WGL32.c:1559
GL: INVAL_PARAMzglInterop_WGL32.c:1561
GL: INVAL_PARAMzglInterop_WGL32.c:1659
GL: INVAL_PARAMzglInterop_WGL32.c:1688
GL: INVAL_PARAMzglInterop_WGL32.c:1761
GL: INVAL_PARAMzglInterop_WGL32.c:1764
GL: INVAL_PARAMzglInterop_WGL32.c:1769
GL: INVAL_PARAMzglInterop_WGL32.c:1774
GL: INVAL_PARAMAcquiring...  Thread Execution Unit 0 @ zglDrawBridge.c:1829Entering the Thread Execution Environment 8280
Starting 8280 on thread execution unit #1...Entering the Thread Execution Environment 2912
Reopening... <//./z/video/uvOutTristripQuad.vsh>Reopening... <//./z/video/stdEnv.inc>Entering the Thread Execution Environment 8280
SIGMA GL/2 Draw Execution Unit 000
	Intel(R) HD Graphics 3.2.0 - Build 10.18.10.5129Entering the Thread Execution Environment 2912
Reopening... <//./z/video/sampleOutRgba2d.fsh>Reopening... <//./z/video/stdEnv.inc>afxClass.c:898
afxClass.c:898
(cfg->fcc)
    InvalidafxClass.c:921
afxClass.c:921
(cfg->name && cfg->name[0])
    InvalidMounting... <//./d/>('E:\qwadro\repo\bangitk\tmp'),7afxDrawOutput.c:225
afxDrawOutput.c:225
(whd[0])(952) is out of range [1, 260902286]afxDrawOutput.c:226
afxDrawOutput.c:226
(whd[1])(506) is out of range [1, 260902341]Window_W32.c:692
afxWindow.c:186
afxWindow.c:295
afxDrawOutput 000 readapted. 1920x1080 @ 60.000000Hz <1.777778r, 1.776903p>Reopening... <../art/skybox/purple/right.tga>Entering the Thread Execution Environment 8280
Hardware-side raster 00610088 ready. 8c1a, 8051, [2048,2048,6]Entering the Thread Execution Environment 2912
Reopening... <../art/skybox/purple/left.tga>Reopening... <../art/skybox/purple/bottom.tga>Reopening... <../art/skybox/purple/top.tga>Reopening... <../art/skybox/purple/front.tga>Reopening... <../art/skybox/purple/back.tga>Reopening... <../data/pipeline/skybox/skybox.xsh.xml>Entering the Thread Execution Environment 8280
Hardware-side buffer 04ad94f0 ready. 34962, 1, 4Entering the Thread Execution Environment 2912
../data/pipeline/skybox/skybox.vshNode 'DepthWriteEnabled' not handled.../data/pipeline/skybox/sampleOutRgbaCube.fshReopening... <../data/pipeline/skybox/skybox.vsh>Reopening... <../data/pipeline/stdEnv.inc>Reopening... <../data/pipeline/stdView.inc>Reopening... <../data/pipeline/skybox/sampleOutRgbaCube.fsh>Reopening... <../data/pipeline/stdEnv.inc>Reopening... <../art/skybox/purple/purple.txd>Entering the Thread Execution Environment 8280
Hardware-side raster 00610238 ready. de1, 83f0, [2048,2048,1]Hardware-side raster 006103e8 ready. de1, 83f0, [2048,2048,1]Hardware-side raster 00610160 ready. de1, 83f0, [2048,2048,1]Hardware-side raster 00610598 ready. de1, 83f0, [2048,2048,1]Hardware-side raster 00610310 ready. de1, 83f0, [2048,2048,1]Hardware-side raster 00610670 ready. de1, 83f0, [2048,2048,1]Entering the Thread Execution Environment 2912
Installing watcher <045cbba0> for 043a4e68...Entering the Thread Execution Environment 8280
Hardware-side raster 0060fc50 ready. de1, 8058, [952,506,1]Hardware-side raster 0060fb78 ready. de1, 81a6, [952,506,1]avxCanvas 045b05c0 hardware-side data instanced.Hardware-side buffer 0499dd48 ready. 35345, 2, 10Reopening... <../data/pipeline/skybox/skybox.vsh>Reopening... <../data/pipeline/stdEnv.inc>Reopening... <../data/pipeline/stdView.inc>Reopening... <../data/pipeline/skybox/sampleOutRgbaCube.fsh>Reopening... <../data/pipeline/stdEnv.inc>avxPipeline 04addcd8 hardware-side data instanced.Hardware-side sampler 04613df8 ready.Hardware-side raster 0060fe00 ready. de1, 8058, [952,506,1]Hardware-side raster 0060fd28 ready. de1, 81a6, [952,506,1]avxCanvas 045b0650 hardware-side data instanced.Hardware-side buffer 043a1710 ready. 35345, 3, 10Hardware-side raster 0060fed8 ready. de1, 8058, [952,506,1]Hardware-side raster 0060ffb0 ready. de1, 81a6, [952,506,1]avxCanvas 045b06e0 hardware-side data instanced.Hardware-side buffer 0439d7c8 ready. 35345, 4, 10Entering the Thread Execution Environment 2912
Draw output 000 adjusted. 1920x1022 1920x1080 1.000x0.946 1.878669Entering the Thread Execution Environment 8280
Hardware-side raster 0060ffb0 ready. de1, 8058, [1920,1022,1]Hardware-side raster 0060fed8 ready. de1, 81a6, [1920,1022,1]avxCanvas 045b06e0 hardware-side data instanced.Hardware-side raster 0060fb78 ready. de1, 8058, [1920,1022,1]Hardware-side raster 0060fc50 ready. de1, 81a6, [1920,1022,1]avxCanvas 045b05c0 hardware-side data instanced.Hardware-side raster 0060fd28 ready. de1, 8058, [1920,1022,1]Hardware-side raster 0060fe00 ready. de1, 81a6, [1920,1022,1]avxCanvas 045b0650 hardware-side data instanced.Entering the Thread Execution Environment 2912
Draw output 000 adjusted. 952x506 1920x1080 0.496x0.469 1.881423Entering the Thread Execution Environment 8280
Hardware-side raster 0060fe00 ready. de1, 8058, [952,506,1]Hardware-side raster 0060fd28 ready. de1, 81a6, [952,506,1]avxCanvas 045b0650 hardware-side data instanced.Hardware-side raster 0060fed8 ready. de1, 8058, [952,506,1]Hardware-side raster 0060ffb0 ready. de1, 81a6, [952,506,1]avxCanvas 045b06e0 hardware-side data instanced.Hardware-side raster 0060fc50 ready. de1, 8058, [952,506,1]Hardware-side raster 0060fb78 ready. de1, 81a6, [952,506,1]avxCanvas 045b05c0 hardware-side data instanced.