Booting...
Acquiring...  Thread Execution Unit 6496 @ afxSystem_w32.c:447Mounting... <//./z/>(''),5Mounting... <//./z/>('E:\qwadro\repo\bangitk\system'),5Mounting... <//./z/>('E:\qwadro\repo\bangitk\system32'),7Mounting... <//./z/>('E:\qwadro\repo\bangitk\system32d'),7Mounting... <//./c/>('C:\Windows\SysWow64'),5Loading... Executable And Linkage Module <e2coree.dll>Memory Page Size: 4096HW Threading Capacity: 2Loading... Executable And Linkage Module <e2draw.dll>Loading... Executable And Linkage Module <e2combo.dll>Loading... Executable And Linkage Module <e2sound.dll>Loading... Executable And Linkage Module <e2mmux.dll>Loading... Executable And Linkage Module <//./z/eaxzal1.dll>Loading... Installable Client Driver <//./z//eaxzal1.dll>	<//./amigal1/>("")  0.0.0 Loading... Executable And Linkage Module <//./z/galileo.dll>Loading... Installable Client Driver <//./z//galileo.dll>	<//./combo/>("")  0.0.0 Loading... Executable And Linkage Module <//./z/tarzgl4.dll>Loading... Installable Client Driver <//./z//tarzgl4.dll>	<//./targl3/>("")  0.0.0 	<//./targl4/>("")  0.0.0 Loading... Executable And Linkage Module <//./z/winsh4d.dll>Loading... Installable Client Driver <//./z//winsh4d.dll>Mounting... <//./d/>('E:\qwadro\repo\bangitk\system'),7	<//./dwm/>("")  0.0.0 	<//./kbd/>("")  0.0.0 	<//./mse/>("")  0.0.0 	<//./gpad/>("")  0.0.0 Entering the Thread Execution Environment 6496
Loading... Executable And Linkage Module <//./c/opengl32.dll>Listing mem available display devices...
#0 = Intel(R) HD Graphics (\\.\DISPLAY17) 8080005#1 = RDPDD Chained DD (\\.\DISPLAYV1) 200008#2 = RDP Encoder Mirror Driver (\\.\DISPLAYV2) 200008#3 = RDP Reflector Display Driver (\\.\DISPLAYV3) 200008zglInterop_WGL32.c:1534
GL: INVAL_PARAMzglInterop_WGL32.c:1549
GL: INVAL_PARAMzglInterop_WGL32.c:1560
GL: INVAL_PARAMzglInterop_WGL32.c:1592
GL: INVAL_PARAMzglInterop_WGL32.c:1623
GL: INVAL_PARAMzglInterop_WGL32.c:1625
GL: INVAL_PARAMzglInterop_WGL32.c:1782
GL: INVAL_PARAMzglInterop_WGL32.c:1785
GL: INVAL_PARAMzglInterop_WGL32.c:1790
GL: INVAL_PARAMzglInterop_WGL32.c:1795
GL: INVAL_PARAMAcquiring...  Thread Execution Unit 0 @ zglDrawBridge.c:2012Entering the Thread Execution Environment 7176
afxClass.c:982
afxClass.c:982
(hdr)
    InvalidStarting 7176 on thread execution unit #1...Entering the Thread Execution Environment 6496
Reopening... <//./z/video/uvOutTristripQuad.vsh>Entering the Thread Execution Environment 7176
SIGMA GL/2 Draw Execution Unit 000
	Intel(R) HD Graphics 3.2.0 - Build 10.18.10.5129Entering the Thread Execution Environment 6496
Reopening... <//./z/video/stdEnv.inc>afxString.c:177
afxString.c:177
<from>430 + <1>1 is out of capacity <strLen>430.Reopening... <//./z/video/sampleOutRgba2d.fsh>Reopening... <//./z/video/stdEnv.inc>afxString.c:177
afxString.c:177
<from>157 + <1>1 is out of capacity <strLen>157.afxClass.c:916
afxClass.c:916
(cfg->fcc)
    InvalidafxClass.c:939
afxClass.c:939
(cfg->name && cfg->name[0])
    InvalidMounting... <//./d/>('E:\qwadro\repo\bangitk\tmp'),7afxDrawOutput.c:220
afxDrawOutput.c:220
(whd.w)(952) is out of range [1, 261444023]afxDrawOutput.c:221
afxDrawOutput.c:221
(whd.h)(506) is out of range [1, 261444076]Window_W32.c:691
afxWindow.c:186
afxWindow.c:295
Reopening... <../art/skybox/purple/right.tga>Entering the Thread Execution Environment 7176
Hardware-side raster 058d5730 ready. 8c1a, 8051, [2048,2048,6]Entering the Thread Execution Environment 6496
Reopening... <../art/skybox/purple/left.tga>Reopening... <../art/skybox/purple/bottom.tga>Reopening... <../art/skybox/purple/top.tga>Reopening... <../art/skybox/purple/front.tga>Reopening... <../art/skybox/purple/back.tga>Reopening... <../data/pipeline/skybox/skybox.xsh.xml>Entering the Thread Execution Environment 7176
Hardware-side buffer 058d67d0 ready. 34962, 2, 4Entering the Thread Execution Environment 6496
Tag 'opology' not handled.../data/pipeline/skybox/skybox.vsh../data/pipeline/skybox/sampleOutRgbaCube.fshReopening... <../data/pipeline/skybox/skybox.vsh>Reopening... <../data/pipeline/stdEnv.inc>Reopening... <../data/pipeline/stdView.inc>afxString.c:177
afxString.c:177
<from>1446 + <1>1 is out of capacity <strLen>1446.Reopening... <../data/pipeline/skybox/sampleOutRgbaCube.fsh>Reopening... <../data/pipeline/stdEnv.inc>afxString.c:177
afxString.c:177
<from>162 + <1>1 is out of capacity <strLen>162.Installing watcher <058e57a0> for 056ca6c0...Entering the Thread Execution Environment 7176
Hardware-side raster 057946d0 ready. de1, 8058, [952,506,1]Hardware-side raster 058d6600 ready. de1, 81a6, [952,506,1]avxCanvas 058d6400 hardware-side data instanced.Hardware-side buffer 058e5a90 ready. 35345, 3, 10Reopening... <../data/pipeline/skybox/skybox.vsh>Reopening... <../data/pipeline/stdEnv.inc>Reopening... <../data/pipeline/stdView.inc>Reopening... <../data/pipeline/skybox/sampleOutRgbaCube.fsh>Reopening... <../data/pipeline/stdEnv.inc>avxPipeline 04c2ac20 hardware-side data instanced.Hardware-side sampler 058d5810 ready.Hardware-side raster 058d66e0 ready. de1, 8058, [952,506,1]Hardware-side raster 058d3de0 ready. de1, 81a6, [952,506,1]avxCanvas 058d6490 hardware-side data instanced.Hardware-side buffer 058d75d0 ready. 35345, 4, 10Hardware-side raster 058d3ec0 ready. de1, 8058, [952,506,1]Hardware-side raster 058d3fb0 ready. de1, 81a6, [952,506,1]avxCanvas 058d6520 hardware-side data instanced.Hardware-side buffer 058e3d20 ready. 35345, 5, 10