Booting up the Qwadro Execution Ecosystem...
Setting up SystemSetting up String BaseafxManifest.c:327
1: Section 'BasedOn="E:\qwadro\afx"' missing ']' operator.Setting up ThreadSetting up Memory Management UnitSetting up ServiceSetting up CodecSetting up StreamSetting up ArchiveSetting up StorageSetting up ModuleSetting up DeviceAcquiring thread...  4216 "afxSystem_w32.c:500"Mounting storage unit... <.>('E:/qwadro/afx///'),5Mounting storage unit... <system>('E:/qwadro/afx//system/'),5Mounting storage unit... <system>('E:/qwadro/afx//system32/'),7Mounting storage unit... <system>('E:/qwadro/afx//system32d/'),7Loading module... <system/e2coree.dll>Memory page size: 4096Logical processor count: 2Establishing the Qwadro Sound System...Loading module... <e2sound.dll>Setting up SoundSystemSetting up SoundDevice[Device]Setting up SoundOutputSetting up SoundInputLoading module... <oal4d.dll>Installable client driver discovered.
	Device: A4D Sound Acceleration Adapter
	Driver: A4D over OpenAL 1
	Version: 0.1.1514
	Provider: SIGMA Technology Group <https://sigmaco.org>
Setting up SoundBrigeSetting up SoundContextLoading module... <openal32.dll>Acquiring thread...  0 "salSdev_w32.c:448"The audience is listeningEstablishing the Qwadro Draw System...Loading module... <e2draw.dll>Setting up DrawSystemStarting Thread Execution Unit 4644Setting up CameraSetting up DrawDevice[Device]Setting up DrawOutputSetting up DrawInputLoading module... <targl4.dll>Installable client driver discovered.
	Device: TARGA Advanced Raster Graphics Adapter
	Driver: TARGA over OpenGL 4
	Version: 4.0.16385
	Provider: SIGMA Technology Group <https://sigmaco.org>
Setting up DrawBridgeSetting up DrawBridgeSetting up DrawContextLoading module... <opengl32.dll>afxStorage.c:153
afxStorage.c:215
Listing mem available display devices...
#0 = Intel(R) HD Graphics (\\.\DISPLAY1) 8080005#1 = RDPDD Chained DD (\\.\DISPLAYV1) 200008#2 = RDP Encoder Mirror Driver (\\.\DISPLAYV2) 200008#3 = RDP Reflector Display Driver (\\.\DISPLAYV3) 200008Acquiring thread...  0 "sglDdev_w32.c:1076"Establishing up the Environment...Loading module... <e2ux>afxStorage.c:153
afxStorage.c:215
Setting up ShellSetting up HIDSetting up Controller[HID]Setting up WindowSetting up ScriptAcquiring HID at port 0Mounting storage unit... <code>('E:/qwadro/afx//system/'),7Loading file... <system/qwadro.xss>('E:/qwadro/afx//system//qwadro.xss')// This technology is part of Qwadro (c) 2017 SIGMA Federation
require "core" for Storage, Stream

class Main {
  construct new() {
    System.print("new");
  }

  init() {
    System.print("init");
    //Storage.Mount("tmp", "system/tmp", "rwx");
    var f = Stream.OpenFile("tmp/camera.lua", "rwx");
    f.Seek(10, 0);
    f.Write("stdout", 6, 0);
    f.Close();
  }

  update() {
    System.print("update");
  }

  draw(dt) {
    System.print("draw");
  }
  

}

Storage.Mount("code", "code", "rx");
Storage.Mount("sound", "sound", "rx");
Storage.Mount("data", "data", "rx");
Storage.Mount("art", "art", "rx");
Storage.Mount("tmp", "tmp", "rwx");

var Game = Main.new();
System.print(".");
var file = Stream.OpenFile("tmp/camera.lua", "rwx");
file.Seek(1, 0);
file.Close();

Loading file... <code/core.xs>('E:/qwadro/afx//system//core.xs')Mounting storage unit... <code>('E:/qwadro/afx//code/'),5Mounting storage unit... <sound>('E:/qwadro/afx//sound/'),5Mounting storage unit... <data>('E:/qwadro/afx//data/'),5Mounting storage unit... <art>('E:/qwadro/afx//art/'),5Mounting storage unit... <tmp>('E:/qwadro/afx//tmp/'),7new
.
Opening file... <tmp/camera.lua>('E:/qwadro/afx//tmp//camera.lua'),7Entering the Thread Execution Environment 4216
Setting up DrawStreamSetting up DrawStreamSetting up DrawStreamSetting up DrawStreamSetting up DrawStreamSetting up DrawStreamSetting up DrawStreamSetting up DrawStreamSetting up DrawStreamSetting up DrawStreamSetting up DrawStreamSetting up DrawStreamSetting up SemaphoreSetting up FenceSetting up Query PoolSetting up LegoSetting up SamplerSetting up BufferSetting up RasterSetting up CanvasSetting up Vertex InputSetting up ShaderSetting up RasterizerSetting up PipelineUploading pipeline 'system/video/sampleOutRgba.xsh.xml'Loading file... <system/video/sampleOutRgba.xsh.xml>('E:/qwadro/afx//system//video/sampleOutRgba.xsh.xml')system/video/uvOutTristripQuad.vshsystem/video/sampleOutRgba.xsh.xmlUploading pipeline 'system/video/sampleOutRgba.xsh.xml'Loading file... <system/video/sampleOutRgba.xsh.xml>('E:/qwadro/afx//system//video/sampleOutRgba.xsh.xml')Entering the Thread Execution Environment 3456
Starting Thread Execution Unit 3456Entering the Thread Execution Environment 4216
Node 'DepthWriteEnabled' not handled.system/video/sampleOutRgba2d.fshOpening file... <system/video/uvOutTristripQuad.vsh>('E:/qwadro/afx//system//video/uvOutTristripQuad.vsh'),1Opening file... <system/video/stdEnv.inc>('E:/qwadro/afx//system//video/stdEnv.inc'),1Opening file... <system/video/sampleOutRgba2d.fsh>('E:/qwadro/afx//system//video/sampleOutRgba2d.fsh'),1Opening file... <system/video/stdEnv.inc>('E:/qwadro/afx//system//video/stdEnv.inc'),1ˤ6Reloading file 0... <system/video/font-256.tga>('E:/qwadro/afx//system//video/font-256.tga')Entering the Thread Execution Environment 3456
Creating transient OpenGL context000 wglMakeContextCurrentARB core found.000 wglGetCurrentReadDCARB core found.000 wglCreateContextAttribsARB core found.000 wglChoosePixelFormatARB core found.000 wglSwapIntervalEXT core found.000 wglGetExtensionsStringARB core found.Creating definitive OpenGL context000 wglMakeContextCurrentARB core found.000 wglGetCurrentReadDCARB core found.000 wglCreateContextAttribsARB core found.000 wglChoosePixelFormatARB core found.000 wglSwapIntervalEXT core found.000 wglGetExtensionsStringARB core found.391 glReleaseShaderCompiler core found.392 glShaderBinary core found.393 glGetShaderPrecisionFormat core found.394 glDepthRangef core found.395 glClearDepthf core found.396 glGetProgramBinary core found.397 glProgramBinary core found.398 glProgramParameteri core found.399 glUseProgramStages core found.400 glActiveShaderProgram core found.401 glCreateShaderProgramv core found.402 glBindProgramPipeline core found.403 glDeleteProgramPipelines core found.404 glGenProgramPipelines core found.405 glIsProgramPipeline core found.406 glGetProgramPipelineiv core found.407 glProgramUniform1i core found.408 glProgramUniform1iv core found.409 glProgramUniform1f core found.410 glProgramUniform1fv core found.411 glProgramUniform1d core found.412 glProgramUniform1dv core found.413 glProgramUniform1ui core found.414 glProgramUniform1uiv core found.415 glProgramUniform2i core found.416 glProgramUniform2iv core found.417 glProgramUniform2f core found.418 glProgramUniform2fv core found.419 glProgramUniform2d core found.420 glProgramUniform2dv core found.421 glProgramUniform2ui core found.422 glProgramUniform2uiv core found.423 glProgramUniform3i core found.424 glProgramUniform3iv core found.425 glProgramUniform3f core found.426 glProgramUniform3fv core found.427 glProgramUniform3d core found.428 glProgramUniform3dv core found.429 glProgramUniform3ui core found.430 glProgramUniform3uiv core found.431 glProgramUniform4i core found.432 glProgramUniform4iv core found.433 glProgramUniform4f core found.434 glProgramUniform4fv core found.435 glProgramUniform4d core found.436 glProgramUniform4dv core found.437 glProgramUniform4ui core found.438 glProgramUniform4uiv core found.439 glProgramUniformMatrix2fv core found.440 glProgramUniformMatrix3fv core found.441 glProgramUniformMatrix4fv core found.442 glProgramUniformMatrix2dv core found.443 glProgramUniformMatrix3dv core found.444 glProgramUniformMatrix4dv core found.445 glProgramUniformMatrix2x3fv core found.446 glProgramUniformMatrix3x2fv core found.447 glProgramUniformMatrix2x4fv core found.448 glProgramUniformMatrix4x2fv core found.449 glProgramUniformMatrix3x4fv core found.450 glProgramUniformMatrix4x3fv core found.451 glProgramUniformMatrix2x3dv core found.452 glProgramUniformMatrix3x2dv core found.453 glProgramUniformMatrix2x4dv core found.454 glProgramUniformMatrix4x2dv core found.455 glProgramUniformMatrix3x4dv core found.456 glProgramUniformMatrix4x3dv core found.457 glValidateProgramPipeline core found.458 glGetProgramPipelineInfoLog core found.459 glVertexAttribL1d core found.460 glVertexAttribL2d core found.461 glVertexAttribL3d core found.462 glVertexAttribL4d core found.463 glVertexAttribL1dv core found.464 glVertexAttribL2dv core found.465 glVertexAttribL3dv core found.466 glVertexAttribL4dv core found.467 glVertexAttribLPointer core found.468 glGetVertexAttribLdv core found.469 glViewportArrayv core found.470 glViewportIndexedf core found.471 glViewportIndexedfv core found.472 glScissorArrayv core found.473 glScissorIndexed core found.474 glScissorIndexedv core found.475 glDepthRangeArrayv core found.476 glDepthRangeIndexed core found.477 glGetFloati_v core found.478 glGetDoublei_v core found.479 glDrawArraysInstancedBaseInstance core found.480 glDrawElementsInstancedBaseInstance core found.481 glDrawElementsInstancedBaseVertexBaseInstance core found.482 glGetInternalformativ core found.483 glGetActiveAtomicCounterBufferiv core found.484 glBindImageTexture core found.485 glMemoryBarrier core found.486 glTexStorage1D core found.487 glTexStorage2D core found.488 glTexStorage3D core found.489 glDrawTransformFeedbackInstanced core found.490 glDrawTransformFeedbackStreamInstanced core found.493 glDispatchCompute core found.494 glDispatchComputeIndirect core found.496 glFramebufferParameteri core found.497 glGetFramebufferParameteriv core found.498 glGetInternalformati64v core found.503 glInvalidateFramebuffer core found.504 glInvalidateSubFramebuffer core found.505 glMultiDrawArraysIndirect core found.506 glMultiDrawElementsIndirect core found.507 glGetProgramInterfaceiv core found.508 glGetProgramResourceIndex core found.509 glGetProgramResourceName core found.510 glGetProgramResourceiv core found.511 glGetProgramResourceLocation core found.512 glGetProgramResourceLocationIndex core found.513 glShaderStorageBlockBinding core found.514 glTexBufferRange core found.515 glTexStorage2DMultisample core found.516 glTexStorage3DMultisample core found.518 glBindVertexBuffer core found.519 glVertexAttribFormat core found.520 glVertexAttribIFormat core found.521 glVertexAttribLFormat core found.522 glVertexAttribBinding core found.523 glVertexBindingDivisor core found.524 glDebugMessageControl core found.525 glDebugMessageInsert core found.526 glDebugMessageCallback core found.527 glGetDebugMessageLog core found.528 glPushDebugGroup core found.529 glPopDebugGroup core found.530 glObjectLabel core found.531 glGetObjectLabel core found.532 glObjectPtrLabel core found.533 glGetObjectPtrLabel core found.534 glBufferStorage core found.543 glClipControlEXT ext found.551 glNamedBufferStorageEXT ext found.589 glTextureBufferRangeEXT ext found.606 glTextureParameteriEXT ext found.641 glMemoryBarrierByRegion core found.644 glGetGraphicsResetStatusARB ext found.645 glGetnCompressedTexImageARB ext found.646 glGetnTexImageARB ext found.647 glGetnUniformdvARB ext found.648 glGetnUniformfvARB ext found.649 glGetnUniformivARB ext found.650 glGetnUniformuivARB ext found.651 glReadnPixelsARB ext found.677 381 1920 1080 96 96 32 1 36 36 51 60 1 SIGMA GL/2 Hardware-accelerated Draw Processing Unit 000
	Intel(R) HD Graphics 4.0.0 - Build 10.18.10.5161sglDdev_w32.c:299
API ERROR HIGH 1280 GL error GL_INVALID_ENUMsglDdev_w32.c:744
GL: INVAL_PARAMsglDdev_w32.c:299
API ERROR HIGH 1280 GL error GL_INVALID_ENUMsglDdev_w32.c:770
GL: INVAL_PARAMsglDdev_w32.c:299
API ERROR HIGH 1280 GL error GL_INVALID_ENUMsglDdev_w32.c:780
GL: INVAL_PARAMsglDdev_w32.c:299
API ERROR HIGH 1280 GL error GL_INVALID_ENUMsglDdev_w32.c:782
GL: INVAL_PARAMsglDdev_w32.c:299
API ERROR HIGH 1280 GL error GL_INVALID_ENUMsglDdev_w32.c:786
GL: INVAL_PARAMafxRaster 0035b750 hardware-side data instanced. Target de1, format 8058, whd [4096,4096,1]sglDdge_w32.c:1611
sglDdge_w32.c:1611
<portIdx>1 + <1>1 is out of capacity <ddev->idd->dpuCnt>1.