
 afxDebug.c:391
  AfxAttachDebugTerminal()
      ::::::::  :::       :::     :::     :::::::::  :::::::::   ::::::::      
     :+:    :+: :+:       :+:   :+: :+:   :+:    :+: :+:    :+: :+:    :+:     
     +:+    +:+ +:+       +:+  +:+   +:+  +:+    +:+ +:+    +:+ +:+    +:+     
     +#+    +:+ +#+  +:+  +#+ +#++:++#++: +#+    +:+ +#++:++#:  +#+    +:+     
     +#+  # +#+ +#+ +#+#+ +#+ +#+     +#+ +#+    +#+ +#+    +#+ +#+    +#+     
     #+#   +#+   #+#+# #+#+#  #+#     #+# #+#    #+# #+#    #+# #+#    #+#     
      ###### ###  ###   ###   ###     ### #########  ###    ###  ########      
                                                                               
          T H E   Q W A D R O   E X E C U T I O N   E C O S Y S T E M          
                                                                               
                               Public Test Build                               
              (c) 2017 SIGMA Technology Group --- Federacao SIGMA              
                                www.sigmaco.org                                
                                                                               
 Installing Basic I/O System at 518a27dc by 00000000 over 00000000 with 518a01c0)
 afxClass<Basic I/O System>::ConstructObject(004d8070)
 afxSystem.c:1007
  _AfxSysCtor(sys=004d8070)
 Installing Context at 004d80ac by 004d8098 over 00000000 with 518a07a4)
 Installing Module at 004d816c by 004d8098 over 00000000 with 518a0080)
 Installing Thread at 004d83ac by 004d8098 over 00000000 with 518a01f0)
 Installing File at 004d852c by 004d8098 over 00000000 with 518a0314)
 Installing Archive at 004d85ec by 004d8098 over 00000000 with 518a02e4)
 Installing Application at 004d846c by 004d8098 over 00000000 with 518a0000)
 Installing Keyboard at 004d822c by 004d8098 over 00000000 with 518a0344)
 Installing Mouse at 004d82ec by 004d8098 over 00000000 with 518a0374)
 Installing Draw System at 004d86ac by 004d8098 over 00000000 with 518a1074)
 [!] afxSystem.c:1091?_AfxSysCtor
  Memory page size: 4096
 [!] afxSystem.c:1092?_AfxSysCtor
  Logical processor count: 2
 afxContext.c:202
  AfxAcquireContexts(cnt=1,app=004d876c,strategy=0040e63c)
 afxClass<Context>::ConstructObject(004d3900)
 afxContext.c:166
  _AfxCtxCtor(ctx=004d3900)
 afxArena.c:767
  AfxAcquireArena(aren=004d87c8)
 afxArena.c:768
  AfxAcquireArena(spec=00000000,hint="afxSystem.c:1144!_AfxSysCtor")
 afxSystem.c:752
  AfxMountStoragePoints(6,0040e794)
 Point "." 5 mounted -> "E:/qwadro/afx".
 Point "system" 5 mounted -> "E:/qwadro/afx/system32".
 Point "sound" 5 mounted -> "E:/qwadro/afx/sound".
 Point "data" 5 mounted -> "E:/qwadro/afx/data".
 Point "art" 5 mounted -> "E:/qwadro/afx/art".
 Point "tmp" 7 mounted -> "E:/qwadro/afx/tmp".
 afxModule.c:169
  AfxAcquireModules(cnt=1,mdle=004d8798,uri=0040e6cc)
 afxClass<Module>::ConstructObject(004dd440)
 afxModule.c:125
  _AfxMdleCtor(uri:system/e2coree.dll)
 E:/qwadro/afx/system32/e2coree.dll
 afxKeyboard.c:317
  AfxAcquireKeyboards(cnt=1,kbd=004d879c,port=0040e614)
 afxClass<Keyboard>::ConstructObject(004dd870)
 afxKeyboard.c:281
  _AfxKbdCtor(kbd=004dd870)
 Entering the Threading Execution Environment  0
 afxClass<Draw System>::ConstructObject(004de230)
 afxDrawSystem.c:864
  _AfxDsysCtor(dsys=004de230)
 Installing Draw Thread at 004de65c by 004de288 over 00000000 with 0040f108)
 Installing Installable Client (Draw) Driver at 004de29c by 004de288 over 00000000 with 0040f0d8)
 Installing Draw Device at 004de35c by 004de288 over 00000000 with 0040f0a8)
 Installing Draw Context at 004de41c by 004de288 over 00000000 with 0040f078)
 Installing Draw Output at 004de4dc by 004de288 over 00000000 with 0040f048)
 Installing Draw Input at 004de59c by 004de288 over 00000000 with 0040f018)
New texture codec registered.
Name: SIGGL
Author: SIGMA Technology Group
Version: 0.5.1
Note: 
 Truecolor Targa texture serializer installed!
 Loading draw ICD system/e2draw.icd
 afxModule.c:169
  AfxAcquireModules(cnt=1,mdle=0040ee44,uri=0040ee4c)
 afxClass<Module>::ConstructObject(004dd49c)
 afxModule.c:125
  _AfxMdleCtor(uri:e2draw.icd)
 Entering the Threading Execution Environment  1
 afxSystem.c:988
  startCbOnSysProcUnit(Threading Execution Environment 1 started)
 Entering the Threading Execution Environment  0
 afxClass<Installable Client (Draw) Driver>::ConstructObject(004e0b70)
 afxDrawSystem.c:424
  _AfxDdrvCtor(ddrv=004e0b70)
Installing 'e2draw.icd' ICD on draw system 004de230...
	OpenGL/Vulkan Continuous Integration 0.7.2
	Vendor: SIGMA Technology Group <www.sigmaco.org>
	Note: 
       ::::::::    :::::::::::    ::::::::    ::::     ::::       :::          
      :+:    :+:       :+:       :+:    :+:   +:+:+: :+:+:+     :+: :+:        
      +:+              +:+       +:+          +:+ +:+:+ +:+    +:+   +:+       
      +#++:++#++       +#+       :#:          +#+  +:+  +#+   +#++:++#++:      
             +#+       +#+       +#+   +#+#   +#+       +#+   +#+     +#+      
      #+#    #+#       #+#       #+#    #+#   #+#       #+#   #+#     #+#      
       ########    ###########    ########    ###       ###   ###     ###      
                                                                               
          T H E   Q W A D R O   E X E C U T I O N   E C O S Y S T E M          
                                                                               
                               Public Test Build                               
              (c) 2017 SIGMA Technology Group --- Federacao SIGMA              
                                www.sigmaco.org                                
                                                                               
 Installing Draw Device at 004e0b84 by 004e0b70 over 004de35c with 0040e5cc)
 afxClass<Draw Device, Draw Device>ConstructingObject(004e0d10)
 afxClass<Draw Device>::ConstructObject(004e0d10)
 afxDrawSystem.c:364
  _AfxDdevCtor(ddev=004e0d10)
 Installing Draw Context at 004e0d28 by 004e0d14 over 004de41c with 51af60c0)
 Installing Draw Output at 004e0de8 by 004e0d14 over 004de4dc with 51af61ac)
 Installing Draw Input at 004e0ea8 by 004e0d14 over 004de59c with 51af6164)
 afxClass<Draw Device>::ConstructObject(004e0d10)
 sglDrawDriver.c:2118
  _SglDdevCtor(ddev=004e0d10)
 Listing mem available display devices...

 #0 = Intel(R) HD Graphics (\\.\DISPLAY1) 8000005
 #1 = RDPDD Chained DD (\\.\DISPLAYV1) 200008
 #2 = RDP Encoder Mirror Driver (\\.\DISPLAYV2) 200008
 #3 = RDP Reflector Display Driver (\\.\DISPLAYV3) 200008
 Creating temp OpenGL context
 Creating definitive OpenGL context
 000 glCullFace core found.
 001 glFrontFace core found.
 002 glHint core found.
 003 glLineWidth core found.
 004 glPointSize core found.
 005 glPolygonMode core found.
 006 glScissor core found.
 007 glTexParameterf core found.
 008 glTexParameterfv core found.
 009 glTexParameteri core found.
 010 glTexParameteriv core found.
 011 glTexImage1D core found.
 012 glTexImage2D core found.
 013 glDrawBuffer core found.
 014 glClear core found.
 015 glClearColor core found.
 016 glClearStencil core found.
 017 glClearDepth core found.
 018 glStencilMask core found.
 019 glColorMask core found.
 020 glDepthMask core found.
 021 glDisable core found.
 022 glEnable core found.
 023 glFinish core found.
 024 glFlush core found.
 025 glBlendFunc core found.
 026 glLogicOp core found.
 027 glStencilFunc core found.
 028 glStencilOp core found.
 029 glDepthFunc core found.
 030 glPixelStoref core found.
 031 glPixelStorei core found.
 032 glReadBuffer core found.
 033 glReadPixels core found.
 034 glGetBooleanv core found.
 035 glGetDoublev core found.
 036 glGetError core found.
 037 glGetFloatv core found.
 038 glGetIntegerv core found.
 039 glGetString core found.
 040 glGetTexImage core found.
 041 glGetTexParameterfv core found.
 042 glGetTexParameteriv core found.
 043 glGetTexLevelParameterfv core found.
 044 glGetTexLevelParameteriv core found.
 045 glIsEnabled core found.
 046 glDepthRange core found.
 047 glViewport core found.
 048 glDrawArrays core found.
 049 glDrawElements core found.
 050 glGetPointerv core found.
 051 glPolygonOffset core found.
 052 glCopyTexImage1D core found.
 053 glCopyTexImage2D core found.
 054 glCopyTexSubImage1D core found.
 055 glCopyTexSubImage2D core found.
 056 glTexSubImage1D core found.
 057 glTexSubImage2D core found.
 058 glBindTexture core found.
 059 glDeleteTextures core found.
 060 glGenTextures core found.
 061 glIsTexture core found.
 062 glDrawRangeElements core found.
 063 glTexImage3D core found.
 064 glTexSubImage3D core found.
 065 glCopyTexSubImage3D core found.
 066 glActiveTexture core found.
 067 glSampleCoverage core found.
 068 glCompressedTexImage3D core found.
 069 glCompressedTexImage2D core found.
 070 glCompressedTexImage1D core found.
 071 glCompressedTexSubImage3D core found.
 072 glCompressedTexSubImage2D core found.
 073 glCompressedTexSubImage1D core found.
 074 glGetCompressedTexImage core found.
 075 glBlendFuncSeparate core found.
 076 glMultiDrawArrays core found.
 077 glMultiDrawElements core found.
 078 glPointParameterf core found.
 079 glPointParameterfv core found.
 080 glPointParameteri core found.
 081 glPointParameteriv core found.
 082 glBlendColor core found.
 083 glBlendEquation core found.
 084 glGenQueries core found.
 085 glDeleteQueries core found.
 086 glIsQuery core found.
 087 glBeginQuery core found.
 088 glEndQuery core found.
 089 glGetQueryiv core found.
 090 glGetQueryObjectiv core found.
 091 glGetQueryObjectuiv core found.
 092 glBindBuffer core found.
 093 glDeleteBuffers core found.
 094 glGenBuffers core found.
 095 glIsBuffer core found.
 096 glBufferData core found.
 097 glBufferSubData core found.
 098 glGetBufferSubData core found.
 099 glMapBuffer core found.
 100 glUnmapBuffer core found.
 101 glGetBufferParameteriv core found.
 102 glGetBufferPointerv core found.
 103 glBlendEquationSeparate core found.
 104 glDrawBuffers core found.
 105 glStencilOpSeparate core found.
 106 glStencilFuncSeparate core found.
 107 glStencilMaskSeparate core found.
 108 glAttachShader core found.
 109 glBindAttribLocation core found.
 110 glCompileShader core found.
 111 glCreateProgram core found.
 112 glCreateShader core found.
 113 glDeleteProgram core found.
 114 glDeleteShader core found.
 115 glDetachShader core found.
 116 glDisableVertexAttribArray core found.
 117 glEnableVertexAttribArray core found.
 118 glGetActiveAttrib core found.
 119 glGetActiveUniform core found.
 120 glGetAttachedShaders core found.
 121 glGetAttribLocation core found.
 122 glGetProgramiv core found.
 123 glGetProgramInfoLog core found.
 124 glGetShaderiv core found.
 125 glGetShaderInfoLog core found.
 126 glGetShaderSource core found.
 127 glGetUniformLocation core found.
 128 glGetUniformfv core found.
 129 glGetUniformiv core found.
 130 glGetVertexAttribdv core found.
 131 glGetVertexAttribfv core found.
 132 glGetVertexAttribiv core found.
 133 glGetVertexAttribPointerv core found.
 134 glIsProgram core found.
 135 glIsShader core found.
 136 glLinkProgram core found.
 137 glShaderSource core found.
 138 glUseProgram core found.
 139 glUniform1f core found.
 140 glUniform2f core found.
 141 glUniform3f core found.
 142 glUniform4f core found.
 143 glUniform1i core found.
 144 glUniform2i core found.
 145 glUniform3i core found.
 146 glUniform4i core found.
 147 glUniform1fv core found.
 148 glUniform2fv core found.
 149 glUniform3fv core found.
 150 glUniform4fv core found.
 151 glUniform1iv core found.
 152 glUniform2iv core found.
 153 glUniform3iv core found.
 154 glUniform4iv core found.
 155 glUniformMatrix2fv core found.
 156 glUniformMatrix3fv core found.
 157 glUniformMatrix4fv core found.
 158 glValidateProgram core found.
 159 glVertexAttrib1d core found.
 160 glVertexAttrib1dv core found.
 161 glVertexAttrib1f core found.
 162 glVertexAttrib1fv core found.
 163 glVertexAttrib1s core found.
 164 glVertexAttrib1sv core found.
 165 glVertexAttrib2d core found.
 166 glVertexAttrib2dv core found.
 167 glVertexAttrib2f core found.
 168 glVertexAttrib2fv core found.
 169 glVertexAttrib2s core found.
 170 glVertexAttrib2sv core found.
 171 glVertexAttrib3d core found.
 172 glVertexAttrib3dv core found.
 173 glVertexAttrib3f core found.
 174 glVertexAttrib3fv core found.
 175 glVertexAttrib3s core found.
 176 glVertexAttrib3sv core found.
 177 glVertexAttrib4Nbv core found.
 178 glVertexAttrib4Niv core found.
 179 glVertexAttrib4Nsv core found.
 180 glVertexAttrib4Nub core found.
 181 glVertexAttrib4Nubv core found.
 182 glVertexAttrib4Nuiv core found.
 183 glVertexAttrib4Nusv core found.
 184 glVertexAttrib4bv core found.
 185 glVertexAttrib4d core found.
 186 glVertexAttrib4dv core found.
 187 glVertexAttrib4f core found.
 188 glVertexAttrib4fv core found.
 189 glVertexAttrib4iv core found.
 190 glVertexAttrib4s core found.
 191 glVertexAttrib4sv core found.
 192 glVertexAttrib4ubv core found.
 193 glVertexAttrib4uiv core found.
 194 glVertexAttrib4usv core found.
 195 glVertexAttribPointer core found.
 196 glUniformMatrix2x3fv core found.
 197 glUniformMatrix3x2fv core found.
 198 glUniformMatrix2x4fv core found.
 199 glUniformMatrix4x2fv core found.
 200 glUniformMatrix3x4fv core found.
 201 glUniformMatrix4x3fv core found.
 202 glColorMaski core found.
 203 glGetBooleani_v core found.
 204 glGetIntegeri_v core found.
 205 glEnablei core found.
 206 glDisablei core found.
 207 glIsEnabledi core found.
 208 glBeginTransformFeedback core found.
 209 glEndTransformFeedback core found.
 210 glBindBufferRange core found.
 211 glBindBufferBase core found.
 212 glTransformFeedbackVaryings core found.
 213 glGetTransformFeedbackVarying core found.
 214 glClampColor core found.
 215 glBeginConditionalRender core found.
 216 glEndConditionalRender core found.
 217 glVertexAttribIPointer core found.
 218 glGetVertexAttribIiv core found.
 219 glGetVertexAttribIuiv core found.
 220 glVertexAttribI1i core found.
 221 glVertexAttribI2i core found.
 222 glVertexAttribI3i core found.
 223 glVertexAttribI4i core found.
 224 glVertexAttribI1ui core found.
 225 glVertexAttribI2ui core found.
 226 glVertexAttribI3ui core found.
 227 glVertexAttribI4ui core found.
 228 glVertexAttribI1iv core found.
 229 glVertexAttribI2iv core found.
 230 glVertexAttribI3iv core found.
 231 glVertexAttribI4iv core found.
 232 glVertexAttribI1uiv core found.
 233 glVertexAttribI2uiv core found.
 234 glVertexAttribI3uiv core found.
 235 glVertexAttribI4uiv core found.
 236 glVertexAttribI4bv core found.
 237 glVertexAttribI4sv core found.
 238 glVertexAttribI4ubv core found.
 239 glVertexAttribI4usv core found.
 240 glGetUniformuiv core found.
 241 glBindFragDataLocation core found.
 242 glGetFragDataLocation core found.
 243 glUniform1ui core found.
 244 glUniform2ui core found.
 245 glUniform3ui core found.
 246 glUniform4ui core found.
 247 glUniform1uiv core found.
 248 glUniform2uiv core found.
 249 glUniform3uiv core found.
 250 glUniform4uiv core found.
 251 glTexParameterIiv core found.
 252 glTexParameterIuiv core found.
 253 glGetTexParameterIiv core found.
 254 glGetTexParameterIuiv core found.
 255 glClearBufferiv core found.
 256 glClearBufferuiv core found.
 257 glClearBufferfv core found.
 258 glClearBufferfi core found.
 259 glGetStringi core found.
 260 glIsRenderbuffer core found.
 261 glBindRenderbuffer core found.
 262 glDeleteRenderbuffers core found.
 263 glGenRenderbuffers core found.
 264 glRenderbufferStorage core found.
 265 glGetRenderbufferParameteriv core found.
 266 glIsFramebuffer core found.
 267 glBindFramebuffer core found.
 268 glDeleteFramebuffers core found.
 269 glGenFramebuffers core found.
 270 glCheckFramebufferStatus core found.
 271 glFramebufferTexture1D core found.
 272 glFramebufferTexture2D core found.
 273 glFramebufferTexture3D core found.
 274 glFramebufferRenderbuffer core found.
 275 glGetFramebufferAttachmentParameteriv core found.
 276 glGenerateMipmap core found.
 277 glBlitFramebuffer core found.
 278 glRenderbufferStorageMultisample core found.
 279 glFramebufferTextureLayer core found.
 280 glMapBufferRange core found.
 281 glFlushMappedBufferRange core found.
 282 glBindVertexArray core found.
 283 glDeleteVertexArrays core found.
 284 glGenVertexArrays core found.
 285 glIsVertexArray core found.
 286 glDrawArraysInstanced core found.
 287 glDrawElementsInstanced core found.
 288 glTexBuffer core found.
 289 glPrimitiveRestartIndex core found.
 290 glCopyBufferSubData core found.
 291 glGetUniformIndices core found.
 292 glGetActiveUniformsiv core found.
 293 glGetActiveUniformName core found.
 294 glGetUniformBlockIndex core found.
 295 glGetActiveUniformBlockiv core found.
 296 glGetActiveUniformBlockName core found.
 297 glUniformBlockBinding core found.
 298 glDrawElementsBaseVertex core found.
 299 glDrawRangeElementsBaseVertex core found.
 300 glDrawElementsInstancedBaseVertex core found.
 301 glMultiDrawElementsBaseVertex core found.
 302 glProvokingVertex core found.
 303 glFenceSync core found.
 304 glIsSync core found.
 305 glDeleteSync core found.
 306 glClientWaitSync core found.
 307 glWaitSync core found.
 308 glGetInteger64v core found.
 309 glGetSynciv core found.
 310 glGetInteger64i_v core found.
 311 glGetBufferParameteri64v core found.
 312 glFramebufferTexture core found.
 313 glTexImage2DMultisample core found.
 314 glTexImage3DMultisample core found.
 315 glGetMultisamplefv core found.
 316 glSampleMaski core found.
 317 glBindFragDataLocationIndexed core found.
 318 glGetFragDataIndex core found.
 319 glGenSamplers core found.
 320 glDeleteSamplers core found.
 321 glIsSampler core found.
 322 glBindSampler core found.
 323 glSamplerParameteri core found.
 324 glSamplerParameteriv core found.
 325 glSamplerParameterf core found.
 326 glSamplerParameterfv core found.
 327 glSamplerParameterIiv core found.
 328 glSamplerParameterIuiv core found.
 329 glGetSamplerParameteriv core found.
 330 glGetSamplerParameterIiv core found.
 331 glGetSamplerParameterfv core found.
 332 glGetSamplerParameterIuiv core found.
 333 glQueryCounter core found.
 334 glGetQueryObjecti64v core found.
 335 glGetQueryObjectui64v core found.
 336 glVertexAttribDivisor core found.
 337 glVertexAttribP1ui core found.
 338 glVertexAttribP1uiv core found.
 339 glVertexAttribP2ui core found.
 340 glVertexAttribP2uiv core found.
 341 glVertexAttribP3ui core found.
 342 glVertexAttribP3uiv core found.
 343 glVertexAttribP4ui core found.
 344 glVertexAttribP4uiv core found.
 345 glMinSampleShading core found.
 346 glBlendEquationi core found.
 347 glBlendEquationSeparatei core found.
 348 glBlendFunci core found.
 349 glBlendFuncSeparatei core found.
 350 glDrawArraysIndirect core found.
 351 glDrawElementsIndirect core found.
 352 glUniform1d core found.
 353 glUniform2d core found.
 354 glUniform3d core found.
 355 glUniform4d core found.
 356 glUniform1dv core found.
 357 glUniform2dv core found.
 358 glUniform3dv core found.
 359 glUniform4dv core found.
 360 glUniformMatrix2dv core found.
 361 glUniformMatrix3dv core found.
 362 glUniformMatrix4dv core found.
 363 glUniformMatrix2x3dv core found.
 364 glUniformMatrix2x4dv core found.
 365 glUniformMatrix3x2dv core found.
 366 glUniformMatrix3x4dv core found.
 367 glUniformMatrix4x2dv core found.
 368 glUniformMatrix4x3dv core found.
 369 glGetUniformdv core found.
 370 glGetSubroutineUniformLocation core found.
 371 glGetSubroutineIndex core found.
 372 glGetActiveSubroutineUniformiv core found.
 373 glGetActiveSubroutineUniformName core found.
 374 glGetActiveSubroutineName core found.
 375 glUniformSubroutinesuiv core found.
 376 glGetUniformSubroutineuiv core found.
 377 glGetProgramStageiv core found.
 378 glPatchParameteri core found.
 379 glPatchParameterfv core found.
 380 glBindTransformFeedback core found.
 381 glDeleteTransformFeedbacks core found.
 382 glGenTransformFeedbacks core found.
 383 glIsTransformFeedback core found.
 384 glPauseTransformFeedback core found.
 385 glResumeTransformFeedback core found.
 386 glDrawTransformFeedback core found.
 387 glDrawTransformFeedbackStream core found.
 388 glBeginQueryIndexed core found.
 389 glEndQueryIndexed core found.
 390 glGetQueryIndexediv core found.
 391 glReleaseShaderCompiler core found.
 392 glShaderBinary core found.
 393 glGetShaderPrecisionFormat core found.
 394 glDepthRangef core found.
 395 glClearDepthf core found.
 396 glGetProgramBinary core found.
 397 glProgramBinary core found.
 398 glProgramParameteri core found.
 Listing #144 "core" GL supported extensions.
 000: GL_EXT_blend_minmax
 001: GL_EXT_blend_subtract
 002: GL_EXT_blend_color
 003: GL_EXT_abgr
 004: GL_EXT_texture3D
 005: GL_EXT_clip_volume_hint
 006: GL_EXT_compiled_vertex_array
 007: GL_SGIS_texture_edge_clamp
 008: GL_SGIS_generate_mipmap
 009: GL_EXT_draw_range_elements
 010: GL_SGIS_texture_lod
 011: GL_EXT_rescale_normal
 012: GL_EXT_packed_pixels
 013: GL_EXT_texture_edge_clamp
 014: GL_EXT_separate_specular_color
 015: GL_ARB_multitexture
 016: GL_EXT_texture_env_combine
 017: GL_EXT_bgra
 018: GL_EXT_blend_func_separate
 019: GL_EXT_secondary_color
 020: GL_EXT_fog_coord
 021: GL_EXT_texture_env_add
 022: GL_ARB_texture_cube_map
 023: GL_ARB_transpose_matrix
 024: GL_ARB_texture_env_add
 025: GL_IBM_texture_mirrored_repeat
 026: GL_EXT_multi_draw_arrays
 027: GL_SUN_multi_draw_arrays
 028: GL_NV_blend_square
 029: GL_ARB_texture_compression
 030: GL_3DFX_texture_compression_FXT1
 031: GL_EXT_texture_filter_anisotropic
 032: GL_ARB_texture_border_clamp
 033: GL_ARB_point_parameters
 034: GL_ARB_texture_env_combine
 035: GL_ARB_texture_env_dot3
 036: GL_ARB_texture_env_crossbar
 037: GL_EXT_texture_compression_s3tc
 038: GL_ARB_shadow
 039: GL_ARB_window_pos
 040: GL_EXT_shadow_funcs
 041: GL_EXT_stencil_wrap
 042: GL_ARB_vertex_program
 043: GL_EXT_texture_rectangle
 044: GL_ARB_fragment_program
 045: GL_EXT_stencil_two_side
 046: GL_ATI_separate_stencil
 047: GL_ARB_vertex_buffer_object
 048: GL_EXT_texture_lod_bias
 049: GL_ARB_occlusion_query
 050: GL_ARB_fragment_shader
 051: GL_ARB_shader_objects
 052: GL_ARB_shading_language_100
 053: GL_ARB_texture_non_power_of_two
 054: GL_ARB_vertex_shader
 055: GL_NV_texgen_reflection
 056: GL_ARB_point_sprite
 057: GL_ARB_fragment_program_shadow
 058: GL_EXT_blend_equation_separate
 059: GL_ARB_depth_texture
 060: GL_ARB_texture_rectangle
 061: GL_ARB_draw_buffers
 062: GL_ARB_color_buffer_float
 063: GL_ARB_half_float_pixel
 064: GL_ARB_texture_float
 065: GL_ARB_pixel_buffer_object
 066: GL_EXT_framebuffer_object
 067: GL_ARB_draw_instanced
 068: GL_ARB_half_float_vertex
 069: GL_ARB_occlusion_query2
 070: GL_EXT_draw_buffers2
 071: GL_WIN_swap_hint
 072: GL_EXT_texture_sRGB
 073: GL_ARB_multisample
 074: GL_EXT_packed_float
 075: GL_EXT_texture_shared_exponent
 076: GL_ARB_texture_rg
 077: GL_ARB_texture_compression_rgtc
 078: GL_NV_conditional_render
 079: GL_EXT_texture_swizzle
 080: GL_ARB_texture_gather
 081: GL_ARB_sync
 082: GL_ARB_framebuffer_sRGB
 083: GL_EXT_packed_depth_stencil
 084: GL_ARB_depth_buffer_float
 085: GL_EXT_transform_feedback
 086: GL_ARB_transform_feedback2
 087: GL_ARB_draw_indirect
 088: GL_EXT_framebuffer_blit
 089: GL_EXT_framebuffer_multisample
 090: GL_ARB_framebuffer_object
 091: GL_EXT_texture_array
 092: GL_EXT_texture_integer
 093: GL_ARB_map_buffer_range
 094: GL_EXT_texture_snorm
 095: GL_ARB_blend_func_extended
 096: GL_INTEL_performance_queries
 097: GL_ARB_copy_buffer
 098: GL_ARB_sampler_objects
 099: GL_NV_primitive_restart
 100: GL_ARB_seamless_cube_map
 101: GL_ARB_uniform_buffer_object
 102: GL_ARB_depth_clamp
 103: GL_ARB_vertex_array_bgra
 104: GL_ARB_shader_bit_encoding
 105: GL_ARB_draw_buffers_blend
 106: GL_ARB_geometry_shader4
 107: GL_ARB_texture_query_lod
 108: GL_ARB_explicit_attrib_location
 109: GL_ARB_draw_elements_base_vertex
 110: GL_ARB_instanced_arrays
 111: GL_ARB_fragment_coord_conventions
 112: GL_EXT_gpu_program_parameters
 113: GL_ARB_texture_buffer_object_rgb32
 114: GL_ARB_texture_rgb10_a2ui
 115: GL_ARB_texture_multisample
 116: GL_ARB_vertex_type_2_10_10_10_rev
 117: GL_ARB_timer_query
 118: GL_INTEL_map_texture
 119: GL_ARB_tessellation_shader
 120: GL_ARB_vertex_array_object
 121: GL_ARB_provoking_vertex
 122: GL_ARB_sample_shading
 123: GL_ARB_texture_cube_map_array
 124: GL_ARB_gpu_shader5
 125: GL_ARB_gpu_shader_fp64
 126: GL_ARB_shader_subroutine
 127: GL_ARB_transform_feedback3
 128: WGL_EXT_depth_float
 129: WGL_ARB_buffer_region
 130: WGL_ARB_extensions_string
 131: WGL_ARB_make_current_read
 132: WGL_ARB_pixel_format
 133: WGL_ARB_pbuffer
 134: WGL_EXT_extensions_string
 135: WGL_EXT_swap_control
 136: WGL_EXT_swap_control_tear
 137: WGL_ARB_multisample
 138: WGL_ARB_pixel_format_float
 139: WGL_ARB_framebuffer_sRGB
 140: WGL_ARB_create_context
 141: WGL_ARB_create_context_profile
 142: WGL_EXT_pixel_format_packed_float
 143: WGL_EXT_create_context_es2_profile
 [!] sglDrawDriver.c:1858?_SglBuildDpu
  677 381 1920 1080 96 96 32 1 36 36 51 60 1 
 Opening the Drawing Execution Port 000
	Intel(R) HD Graphics 4.0.0 - Build 9.17.10.4229
 [$] sglDrawDriver.c:1887?_SglBuildDpu
  WGL_EXT_depth_float WGL_ARB_buffer_region WGL_ARB_extensions_string WGL_ARB_make_current_read WGL_ARB_pixel_format WGL_ARB_pbuffer WGL_EXT_extensions_string WGL_EXT_swap_control WGL_EXT_swap_control_tear WGL_ARB_multisample WGL_ARB_pixel_format_float WGL_ARB_framebuffer_sRGB WGL_ARB_create_context WGL_ARB_create_context_profile WGL_EXT_pixel_format_packed_float WGL_EXT_create_context_es2_profile 
 Creating temp OpenGL context
 Creating definitive OpenGL context
 [!] sglDrawDriver.c:1858?_SglBuildDpu
  677 381 1920 1080 96 96 32 1 36 36 51 60 1 
 Opening the Drawing Execution Port 001
	Intel(R) HD Graphics 4.0.0 - Build 9.17.10.4229
 [$] sglDrawDriver.c:1887?_SglBuildDpu
  WGL_EXT_depth_float WGL_ARB_buffer_region WGL_ARB_extensions_string WGL_ARB_make_current_read WGL_ARB_pixel_format WGL_ARB_pbuffer WGL_EXT_extensions_string WGL_EXT_swap_control WGL_EXT_swap_control_tear WGL_ARB_multisample WGL_ARB_pixel_format_float WGL_ARB_framebuffer_sRGB WGL_ARB_create_context WGL_ARB_create_context_profile WGL_EXT_pixel_format_packed_float WGL_EXT_create_context_es2_profile 
Draw device '
           :::::::::::     :::     :::::::::   ::::::::      :::               
               :+:       :+: :+:   :+:    :+: :+:    :+:   :+: :+:             
               +:+      +:+   +:+  +:+    +:+ +:+         +:+   +:+            
               +#+     +#++:++#++: +#++:++#:  :#:        +#++:++#++:           
               +#+     +#+     +#+ +#+    +#+ +#+   +#+# +#+     +#+           
               #+#     #+#     #+# #+#    #+# #+#    #+# #+#     #+#           
               ###     ###     ### ###    ###  ########  ###     ###           
                                                                               
          T H E   Q W A D R O   E X E C U T I O N   E C O S Y S T E M          
                                                                               
                               Public Test Build                               
              (c) 2017 SIGMA Technology Group --- Federacao SIGMA              
                                www.sigmaco.org                                
                                                                               ' <'targa'> discovered on draw system 004de230.
 E:/qwadro/afx/system32/*.icd
 ERR afxSystem.c:672?AfxResolveUris
  
 ERR afxSystem.c:692?AfxResolveUri
  
 Loading draw ICD e2newton.icd
 afxModule.c:169
  AfxAcquireModules(cnt=1,mdle=0040e428,uri=0040e430)
 afxClass<Module>::ConstructObject(004dd4f8)
 afxModule.c:125
  _AfxMdleCtor(uri:e2newton.icd)
 afxClass<Module>::DismantleObjects(1, 0040e454)
 Destructing instance 004dd4f8 of Module class.
 afxModule.c:104
  _AfxMdleDtor(mdle=004dd4f8)
 afxDrawThread.c:163
  AfxAcquireDrawThreads(cnt=1,dthr=0040f168,config=00000000)
 afxClass<Draw Thread>::ConstructObject(025b3ba0)
 afxDrawThread.c:139
  _AfxDthrCtor(dthr=025b3ba0)
 afxThread.c:1228
  AfxAcquireThreads(cnt=1,thr=025b3ba0,config=0040ec1c,hint="afxDrawThread.c:155!_AfxDthrCtor")
 afxClass<Thread>::ConstructObject(03f93350)
 afxThread.c:1173
  _AfxThrCtor(03f93350)
 afxThread.c:1079
  AfxSetThreadAffinity(thr=03f93350)
 afxThread.c:1090
  AfxRunThread(thr=03f93350)
 afxDrawContext.c:282
  AfxAcquireDrawContexts(cnt=1,config=0040f570)
 afxClass<Draw Context, Draw Context>ConstructingObject(03eab360)
 afxClass<Draw Context>::ConstructObject(03eab360)
 afxClass<Draw Context>::ConstructObject(03eab360)
 sglDrawContext.c:355
  _SglDctxCtor(dctx=03eab360)
 afxArena.c:767
  AfxAcquireArena(aren=03eab380)
 afxArena.c:768
  AfxAcquireArena(spec=00000000,hint="sglDrawContext.c:376!_SglDctxCtor")
 Installing Buffer at 03eab4b8 by 03eab368 over 00000000 with 0040eea0)
 Installing Vertex Buffer at 03eab578 by 03eab368 over 00000000 with 0040eea0)
 Installing Index Buffer at 03eab638 by 03eab368 over 00000000 with 0040eea0)
 Installing Texture at 03eab3f8 by 03eab368 over 00000000 with 0040eea0)
 Installing Surface at 03eab6f8 by 03eab368 over 00000000 with 0040eea0)
 Installing Sampler at 03eabab8 by 03eab368 over 00000000 with 0040eea0)
 Installing Canvas at 03eab9f8 by 03eab368 over 00000000 with 0040eea0)
 Installing Lego at 03eab938 by 03eab368 over 00000000 with 0040eea0)
 Installing Shader at 03eab7b8 by 03eab368 over 00000000 with 0040eea0)
 Installing Pipeline at 03eab878 by 03eab368 over 00000000 with 0040eea0)
 Installing Draw Queue at 03a9d434 by 03eab368 over 00000000 with 51af6134)
 Installing Draw Script at 03a9d4f4 by 03eab368 over 00000000 with 51af6234)
 afxClass<Draw Queue>::ConstructObject(025df4f0)
 sglDrawQueue.c:2223
  _SglDqueCtor(dque=025df4f0)
 afxArena.c:767
  AfxAcquireArena(aren=025df538)
 afxArena.c:768
  AfxAcquireArena(spec=00000000,hint="sglDrawQueue.c:2240!_SglDqueCtor")
 afxClass<Draw Queue>::ConstructObject(025df5bc)
 sglDrawQueue.c:2223
  _SglDqueCtor(dque=025df5bc)
 afxArena.c:767
  AfxAcquireArena(aren=025df604)
 afxArena.c:768
  AfxAcquireArena(spec=00000000,hint="sglDrawQueue.c:2240!_SglDqueCtor")
 Installing Draw Queue at 03a9d5b8 by 03eab368 over 00000000 with 51af6134)
 Installing Draw Script at 03a9d678 by 03eab368 over 00000000 with 51af6234)
 afxClass<Draw Queue>::ConstructObject(0057bf10)
 sglDrawQueue.c:2223
  _SglDqueCtor(dque=0057bf10)
 afxArena.c:767
  AfxAcquireArena(aren=0057bf58)
 afxArena.c:768
  AfxAcquireArena(spec=00000000,hint="sglDrawQueue.c:2240!_SglDqueCtor")
 afxClass<Draw Queue>::ConstructObject(0057bfdc)
 sglDrawQueue.c:2223
  _SglDqueCtor(dque=0057bfdc)
 afxArena.c:767
  AfxAcquireArena(aren=0057c024)
 afxArena.c:768
  AfxAcquireArena(spec=00000000,hint="sglDrawQueue.c:2240!_SglDqueCtor")
 Uploading pipeline 'data/pipeline/rgbaToRgba/rgbaToRgbaPip.xml?yFlipped'
 afxXml.c:993
  AfxLoadXml(uri:data/pipeline/rgbaToRgba/rgbaToRgbaPip.xml)
 afxFile.c:340
  AfxOpenFiles(cnt=1,file=0040e740,uri=0040e874,flags=40e748)
 afxClass<File>::ConstructObject(03ac00c0)
 E:/qwadro/afx/data/pipeline/rgbaToRgba/rgbaToRgbaPip.xml
 afxStream.c:600
  AfxAcquireStream(ios=03ac00c0,flags=1,start=00000000,len=0)
 afxClass<File>::DismantleObjects(1, 0040e744)
 Destructing instance 03ac00c0 of File class.
 data/pipeline/rgbaToRgba/rgbaToRgbaShdVtx.xml?vsFlippedY
 data/pipeline/rgbaToRgba/rgbaToRgbaShdFrg.xml?fs
 afxClass<Pipeline>::ConstructObject(00570f10)
 sglPipeline.c:300
  _SglPipCtor(pip=00570f10)
 afxShader.c:544
  AfxAcquireShaders(cnt=1,uri=03a93a50,shd=0040e21c)
 Uploading shader 'data/pipeline/rgbaToRgba/rgbaToRgbaShdVtx.xml?vsFlippedY'
 afxXml.c:993
  AfxLoadXml(uri:data/pipeline/rgbaToRgba/rgbaToRgbaShdVtx.xml)
 afxFile.c:340
  AfxOpenFiles(cnt=1,file=0040dac8,uri=0040dc14,flags=40dad0)
 afxClass<File>::ConstructObject(03ac00c0)
 E:/qwadro/afx/data/pipeline/rgbaToRgba/rgbaToRgbaShdVtx.xml
 afxStream.c:600
  AfxAcquireStream(ios=03ac00c0,flags=1,start=00000000,len=0)
 afxClass<File>::DismantleObjects(1, 0040dacc)
 Destructing instance 03ac00c0 of File class.
 afxFile.c:340
  AfxOpenFiles(cnt=1,file=0040d8b0,uri=0040da20,flags=40d8bc)
 afxClass<File>::ConstructObject(03ac00c0)
 E:/qwadro/afx/data/pipeline/stdEnv.inc
 afxStream.c:600
  AfxAcquireStream(ios=03ac00c0,flags=5,start=00000000,len=0)
 afxClass<File>::DismantleObjects(1, 0040d8b8)
 Destructing instance 03ac00c0 of File class.
 afxShader.c:396
  AfxBuildShaders(cnt=1,shd=0040e21c,blueprint=0040ddc0)
 afxClass<Shader>::ConstructObject(03ac9dc0)
 sglShader.c:149
  _SglShdCtor(shd=03ac9dc0)
 #version 330 core // QWADRO. Engineered by SIGMA Technology Group.

#define afxInt int
#define afxNat uint

#define afxReal float

#define afxV2d vec2
#define afxV3d vec3
#define afxV4d vec4

#define afxM2d mat2
#define afxM3d mat3
#define afxM4d mat4

        
        const mat4 m = mat4(1, 0, 0, 0, 0, -1, 0, 0, 0, 0, 1, 0, 0, 0, 0, 1);
        
        layout(location = 0) in vec2 a_xy;
        
        out block
        {
            vec2 uv0;
        } sgl_v;

        void main()
        {
            gl_Position = vec4(a_xy, 0.0, 1.0);
            sgl_v.uv0 = vec2(m * vec4(gl_Position.xy * 0.5 + 0.5, 0, 1)).xy;
        }
       
 afxShader.c:544
  AfxAcquireShaders(cnt=1,uri=03a93a74,shd=0040e21c)
 Uploading shader 'data/pipeline/rgbaToRgba/rgbaToRgbaShdFrg.xml?fs'
 afxXml.c:993
  AfxLoadXml(uri:data/pipeline/rgbaToRgba/rgbaToRgbaShdFrg.xml)
 afxFile.c:340
  AfxOpenFiles(cnt=1,file=0040dac8,uri=0040dc14,flags=40dad0)
 afxClass<File>::ConstructObject(03ac00c0)
 E:/qwadro/afx/data/pipeline/rgbaToRgba/rgbaToRgbaShdFrg.xml
 afxStream.c:600
  AfxAcquireStream(ios=03ac00c0,flags=1,start=00000000,len=0)
 afxClass<File>::DismantleObjects(1, 0040dacc)
 Destructing instance 03ac00c0 of File class.
 afxFile.c:340
  AfxOpenFiles(cnt=1,file=0040d8b0,uri=0040da20,flags=40d8bc)
 afxClass<File>::ConstructObject(03ac00c0)
 E:/qwadro/afx/data/pipeline/stdEnv.inc
 afxStream.c:600
  AfxAcquireStream(ios=03ac00c0,flags=5,start=00000000,len=0)
 afxClass<File>::DismantleObjects(1, 0040d8b8)
 Destructing instance 03ac00c0 of File class.
 afxShader.c:396
  AfxBuildShaders(cnt=1,shd=0040e21c,blueprint=0040ddc0)
 afxClass<Shader>::ConstructObject(03ac9e54)
 sglShader.c:149
  _SglShdCtor(shd=03ac9e54)
 #version 330 core // QWADRO. Engineered by SIGMA Technology Group.

#define afxInt int
#define afxNat uint

#define afxReal float

#define afxV2d vec2
#define afxV3d vec3
#define afxV4d vec4

#define afxM2d mat2
#define afxM3d mat3
#define afxM4d mat4

        
        uniform sampler2D samp;

        in block
        {
            vec2 uv0;
        } sgl_v;

        out vec4 sgl_rgba;

        void main()
        {
            sgl_rgba = texture(samp, sgl_v.uv0);
        }
       
 afxClass<Lego>::ConstructObject(03a82610)
 sglLego.c:280
  _SglLegoCtor(lego=03a82610)
 afxSampler.c:47
  AfxAcquireSamplers(cnt=1,samp=03eabb84,config=0040f080)
 afxClass<Sampler>::ConstructObject(00589f10)
 sglSampler.c:129
  _SglSampCtor(samp=00589f10)
 afxClass<Vertex Buffer>::ConstructObject(03ea77d0)
 sglBuffer.c:378
  _SglVbufCtor(vbuf=03ea77d0)
 afxClass<Buffer>::ConstructObject(040f40a0)
 sglBuffer.c:317
  _SglBufCtor(buf=040f40a0)
 afxApplication.c:400
  AfxAcquireApplications(cnt=1,app=0040f52c,config=0040f50c)
 afxClass<Application>::ConstructObject(03a93620)
 afxApplication.c:301
  _AfxAppCtor(app=03a93620)
 afxThread.c:1228
  AfxAcquireThreads(cnt=1,thr=03a937b4,config=0040f11c,hint="afxApplication.c:311!_AfxAppCtor")
 afxClass<Thread>::ConstructObject(03f93980)
 afxThread.c:1173
  _AfxThrCtor(03f93980)
 afxMouse.c:514
  AfxAcquireMouses(cnt=1,mse=03a937bc,port=0040f128)
 afxClass<Mouse>::ConstructObject(004eaba0)
 afxMouse.c:473
  _AfxMseCtor(mse=004eaba0)
 afxDrawInput.c:172
  AfxAcquireDrawInputs(cnt=1,config=0040f104,)
 afxClass<Draw Input, Draw Input>ConstructingObject(03a73150)
 afxClass<Draw Input>::ConstructObject(03a73150)
 afxClass<Draw Input>::ConstructObject(03a73150)
 Installing Widget at 03a93634 by 03a93620 over 00000000 with 518a10d4)
 Installing Simulation at 03a936f4 by 03a93620 over 00000000 with 518a1190)
 afxApplication.c:207
  AfxRunApplication(app=03a93620)
 afxThread.c:1090
  AfxRunThread(thr=03f93980)
 Skybox.c:80
  AfxEnterApplication(app=03a93620)
 afxSystem.c:752
  AfxMountStoragePoints(1,0040f054)
 ERR afxSystem.c:779?AfxMountStoragePoints
  
 ERR Skybox.c:94?AfxEnterApplication
  
 ERR Skybox.c:94?AfxEnterApplication
  (rslt == 1)
    Invalid
 afxArchive.c:663
  AfxAcquireArchives(cnt=1,arc=0040f050,uri=0040f168,flags=40f09c)
 afxClass<Archive>::ConstructObject(02554290)
 afxArchive.c:630
  _AfxArcCtor(arc=02554290)
 afxFile.c:340
  AfxOpenFiles(cnt=1,file=02554290,uri=0040f168,flags=40ebd8)
 afxClass<File>::ConstructObject(03ac00c0)
 E:/qwadro/afx/art/mnt.zip
 afxStream.c:600
  AfxAcquireStream(ios=03ac00c0,flags=5,start=00000000,len=0)
 signature: 0x6054B50
 diskNumber: 0
 centralDirectoryDiskNumber: 0
 numEntriesThisDisk: 2
 numEntries: 2
 centralDirectorySize: 185 0xb9
 centralDirectoryOffset: 514621 0x7da3d
 zipCommentLength: 0
 Archived item 0 -> 514621 0x7da3d
 signature: 33639248 0x2014b50
 versionMadeBy: 63 0x3f
 versionNeededToExtract: 20 0x14
 generalPurposeBitFlag: 0 0
 compressionMethod: 0 0
 lastModFileTime: 1350 0x546
 lastModFileDate: 22171 0x569b
 crc32: 0
 compressedSize: 0
 uncompressedSize: 0
 fileNameLength: 4
 textraFieldLength: 36
 fileCommentLength: 0
 diskNumberStart: 0
 internalFileAttributes: 0
 externalFileAttributes: 0x10
 relativeOffsetOflocalHeader: 0 0
 Archived item 0, 34 0x22
 2023/04/27 00:42:12 #0000 art/
 Archived item 1 -> 514707 0x7da93
 signature: 33639248 0x2014b50
 versionMadeBy: 63 0x3f
 versionNeededToExtract: 10 0xa
 generalPurposeBitFlag: 0 0
 compressionMethod: 0 0
 lastModFileTime: 1423 0x58f
 lastModFileDate: 22171 0x569b
 crc32: 0x594b0260
 compressedSize: 514540
 uncompressedSize: 514540
 fileNameLength: 17
 textraFieldLength: 36
 fileCommentLength: 0
 diskNumberStart: 0
 internalFileAttributes: 0
 externalFileAttributes: 0x20
 relativeOffsetOflocalHeader: 34 0x22
 Archived item 1, 81 0x51
 2023/04/27 00:44:30 #0001 art/worldtest.tga
 afxStream.c:600
  AfxAcquireStream(ios=0040efe4,flags=7,start=00000000,len=514540)
 ERR afxStream.c:316?AfxCopyStreamRange
  
 ERR afxStream.c:316?AfxCopyStreamRange
  (AfxStreamIsWriteable(out))
    Invalid
 ERR afxStream.c:400?AfxWriteStream
  
 ERR afxStream.c:400?AfxWriteStream
  (AfxStreamIsWriteable(ios))
    Invalid
 ERR afxStream.c:401?AfxWriteStream
  
 ERR afxStream.c:401?AfxWriteStream
  (len)
    Invalid
 ERR afxFile.c:72?_AfxFileStreamWriteCallback
  
 ERR afxFile.c:72?_AfxFileStreamWriteCallback
  (siz)
    Invalid
 ERR afxArchive.c:520?AfxOpenArchiveItem
  
 afxClass<Archive>::DismantleObjects(1, 0040f098)
 Destructing instance 02554290 of Archive class.
 afxClass<File>::DismantleObjects(1, 0040ebb8)
 Destructing instance 03ac00c0 of File class.
 afxClass<Simulation>::ConstructObject(00584f10)
 afxSimulation.c:280
  _AfxSimCtor(sim=00584f10)
 afxContext.c:202
  AfxAcquireContexts(cnt=1,app=00585764,strategy=0040eba4)
 afxClass<Context>::ConstructObject(02554290)
 afxContext.c:166
  _AfxCtxCtor(ctx=02554290)
 Installing Material at 005852e4 by 00584f10 over 00000000 with 518a1220)
 Installing Mesh at 005853a4 by 00584f10 over 00000000 with 518a1250)
 Installing Node at 005855e4 by 00584f10 over 00000000 with 518a1134)
 Installing Skeleton at 00585524 by 00584f10 over 00000000 with 518a12b0)
 Installing Model at 00585464 by 00584f10 over 00000000 with 518a1280)
 Installing Body at 00584f24 by 00584f10 over 00000000 with 518a11c0)
 Installing Body Control at 00584fe4 by 00584f10 over 00000000 with 518a11f0)
 Installing Entity at 005850a4 by 00584f10 over 005855e4 with 518a1104)
 Installing Camera at 00585164 by 00584f10 over 005855e4 with 518a12e0)
 Installing Light at 00585224 by 00584f10 over 005855e4 with 518a1310)
 Installing Renderer at 005856a4 by 00584f10 over 00000000 with 518a1340)
 afxDrawOutput.c:563
  AfxAcquireDrawOutputs(cnt=1,config=0040f0d0,dout=010d502c)
 afxClass<Draw Output, Draw Output>ConstructingObject(03ac00c0)
 afxClass<Draw Output>::ConstructObject(03ac00c0)
 afxClass<Draw Output>::ConstructObject(03ac00c0)
 sglDrawOutput.c:328
  _SglDoutCtor(dout=03ac00c0)
 Draw output (03ac00c0) porportions readjusted. P 1.776903, R 1.777778 W -NaN
 Draw output (03ac00c0) porportions readjusted. P 1.776903, R 1.777778 W 1.777778
 afxDrawOutput.c:354
  AfxRegenerateDrawOutputBuffers(dout=03ac00c0)
 Draw output (03ac00c0) extent readjusted to 960x540; 0:0% of 39044576x1.
 Draw output (03ac00c0) porportions readjusted. P 1.776903, R 1.777778 W 1.866667
 afxDrawOutput.c:354
  AfxRegenerateDrawOutputBuffers(dout=03ac00c0)
 Draw output (03ac00c0) extent readjusted to 952x510; 0:0% of 1972022238x972049546.
 afxDrawOutput.c:354
  AfxRegenerateDrawOutputBuffers(dout=03ac00c0)
 [!] afxTexture.c:67?AfxAcquireTextureBlueprint
  texb->fcc == AFX_FCC_TEXB
 afxTexture.c:888
  AfxBuildTextures(cnt=1,blueprint=0040e8e0,tex=0040e8ac)
 afxClass<Texture>::ConstructObject(03a6ea50)
 sglTexture.c:926
  _SglTexCtor(tex=03a6ea50)
 afxClass<Renderer>::ConstructObject(03a7ae10)
 afxRenderer.c:390
  _AfxRndCtor(rnd=03a7ae10)
 afxDrawInput.c:172
  AfxAcquireDrawInputs(cnt=1,config=0040de98,)
 afxClass<Draw Input, Draw Input>ConstructingObject(005a4f20)
 afxClass<Draw Input>::ConstructObject(005a4f20)
 afxClass<Draw Input>::ConstructObject(005a4f20)
 [!] afxTexture.c:67?AfxAcquireTextureBlueprint
  texb->fcc == AFX_FCC_TEXB
 afxTexture.c:888
  AfxBuildTextures(cnt=1,blueprint=0040e800,tex=03a7cf98)
 afxClass<Texture>::ConstructObject(03a6eb10)
 sglTexture.c:926
  _SglTexCtor(tex=03a6eb10)
 afxFile.c:340
  AfxOpenFiles(cnt=1,file=0040d614,uri=0040e840,flags=40d620)
 afxClass<File>::ConstructObject(03a702a0)
 E:/qwadro/afx/art/skybox/day/right.tga
 afxStream.c:600
  AfxAcquireStream(ios=03a702a0,flags=1,start=00000000,len=0)
 afxClass<File>::DismantleObjects(1, 0040d61c)
 Destructing instance 03a702a0 of File class.
 afxFile.c:340
  AfxOpenFiles(cnt=1,file=0040d614,uri=0040e880,flags=40d620)
 afxClass<File>::ConstructObject(03a702a0)
 E:/qwadro/afx/art/skybox/day/left.tga
 afxStream.c:600
  AfxAcquireStream(ios=03a702a0,flags=1,start=00000000,len=0)
 afxClass<File>::DismantleObjects(1, 0040d61c)
 Destructing instance 03a702a0 of File class.
 afxFile.c:340
  AfxOpenFiles(cnt=1,file=0040d614,uri=0040e8c0,flags=40d620)
 afxClass<File>::ConstructObject(03a702a0)
 E:/qwadro/afx/art/skybox/day/bottom.tga
 afxStream.c:600
  AfxAcquireStream(ios=03a702a0,flags=1,start=00000000,len=0)
 afxClass<File>::DismantleObjects(1, 0040d61c)
 Destructing instance 03a702a0 of File class.
 afxFile.c:340
  AfxOpenFiles(cnt=1,file=0040d614,uri=0040e900,flags=40d620)
 afxClass<File>::ConstructObject(03a702a0)
 E:/qwadro/afx/art/skybox/day/top.tga
 afxStream.c:600
  AfxAcquireStream(ios=03a702a0,flags=1,start=00000000,len=0)
 afxClass<File>::DismantleObjects(1, 0040d61c)
 Destructing instance 03a702a0 of File class.
 afxFile.c:340
  AfxOpenFiles(cnt=1,file=0040d614,uri=0040e940,flags=40d620)
 afxClass<File>::ConstructObject(03a702a0)
 E:/qwadro/afx/art/skybox/day/front.tga
 afxStream.c:600
  AfxAcquireStream(ios=03a702a0,flags=1,start=00000000,len=0)
 afxClass<File>::DismantleObjects(1, 0040d61c)
 Destructing instance 03a702a0 of File class.
 afxFile.c:340
  AfxOpenFiles(cnt=1,file=0040d614,uri=0040e980,flags=40d620)
 afxClass<File>::ConstructObject(03a702a0)
 E:/qwadro/afx/art/skybox/day/back.tga
 afxStream.c:600
  AfxAcquireStream(ios=03a702a0,flags=1,start=00000000,len=0)
 afxClass<File>::DismantleObjects(1, 0040d61c)
 Destructing instance 03a702a0 of File class.
 afxClass<Vertex Buffer>::ConstructObject(03a74e20)
 sglBuffer.c:378
  _SglVbufCtor(vbuf=03a74e20)
 afxClass<Buffer>::ConstructObject(03a708d0)
 sglBuffer.c:317
  _SglBufCtor(buf=03a708d0)
 Uploading pipeline 'data/pipeline/skybox/skyboxPip.xml'
 afxXml.c:993
  AfxLoadXml(uri:data/pipeline/skybox/skyboxPip.xml)
 afxFile.c:340
  AfxOpenFiles(cnt=1,file=0040d730,uri=0040d864,flags=40d738)
 afxClass<File>::ConstructObject(03a702a0)
 E:/qwadro/afx/data/pipeline/skybox/skyboxPip.xml
 afxStream.c:600
  AfxAcquireStream(ios=03a702a0,flags=1,start=00000000,len=0)
 afxClass<File>::DismantleObjects(1, 0040d734)
 Destructing instance 03a702a0 of File class.
 data/pipeline/skybox/skyboxShdVtx.xml?vs
 data/pipeline/skybox/skyboxShdFrg.xml?fs
 afxClass<Pipeline>::ConstructObject(00571184)
 sglPipeline.c:300
  _SglPipCtor(pip=00571184)
 afxShader.c:544
  AfxAcquireShaders(cnt=1,uri=03a70940,shd=0040d20c)
 Uploading shader 'data/pipeline/skybox/skyboxShdVtx.xml?vs'
 afxXml.c:993
  AfxLoadXml(uri:data/pipeline/skybox/skyboxShdVtx.xml)
 afxFile.c:340
  AfxOpenFiles(cnt=1,file=0040cab8,uri=0040cc04,flags=40cac0)
 afxClass<File>::ConstructObject(03a702a0)
 E:/qwadro/afx/data/pipeline/skybox/skyboxShdVtx.xml
 afxStream.c:600
  AfxAcquireStream(ios=03a702a0,flags=1,start=00000000,len=0)
 afxClass<File>::DismantleObjects(1, 0040cabc)
 Destructing instance 03a702a0 of File class.
 afxFile.c:340
  AfxOpenFiles(cnt=1,file=0040c8a0,uri=0040ca10,flags=40c8ac)
 afxClass<File>::ConstructObject(03a702a0)
 E:/qwadro/afx/data/pipeline/stdEnv.inc
 afxStream.c:600
  AfxAcquireStream(ios=03a702a0,flags=5,start=00000000,len=0)
 afxClass<File>::DismantleObjects(1, 0040c8a8)
 Destructing instance 03a702a0 of File class.
 afxFile.c:340
  AfxOpenFiles(cnt=1,file=0040c8a0,uri=0040ca10,flags=40c8ac)
 afxClass<File>::ConstructObject(03a702a0)
 E:/qwadro/afx/data/pipeline/stdView.inc
 afxStream.c:600
  AfxAcquireStream(ios=03a702a0,flags=5,start=00000000,len=0)
 afxClass<File>::DismantleObjects(1, 0040c8a8)
 Destructing instance 03a702a0 of File class.
 afxShader.c:396
  AfxBuildShaders(cnt=1,shd=0040d20c,blueprint=0040cdb0)
 afxClass<Shader>::ConstructObject(03ac9ee8)
 sglShader.c:149
  _SglShdCtor(shd=03ac9ee8)
 #version 330 core // QWADRO. Engineered by SIGMA Technology Group.

#define afxInt int
#define afxNat uint

#define afxReal float

#define afxV2d vec2
#define afxV3d vec3
#define afxV4d vec4

#define afxM2d mat2
#define afxM3d mat3
#define afxM4d mat4

layout(std140) uniform sgl_view
{
    mat4 v;
    mat4 iv;
    mat4 p;
    mat4 ip;
    mat4 vp;
    mat4 ivp;
    vec4 viewpoint; // view point
    vec2 viewExtent;

    vec3 starDir;
    vec4 starPos;
    vec4 starKd;
};

        
        layout(location = 0) in vec3 a_xyz;

        out block
        {
            vec3 uvw0;
        } sgl_v;

        void main()
        {
            sgl_v.uvw0 = a_xyz;
            vec4 pos = p * v * vec4(a_xyz, 1.0);
            gl_Position = pos.xyww;
        }
       
 afxShader.c:544
  AfxAcquireShaders(cnt=1,uri=03a70964,shd=0040d20c)
 Uploading shader 'data/pipeline/skybox/skyboxShdFrg.xml?fs'
 afxXml.c:993
  AfxLoadXml(uri:data/pipeline/skybox/skyboxShdFrg.xml)
 afxFile.c:340
  AfxOpenFiles(cnt=1,file=0040cab8,uri=0040cc04,flags=40cac0)
 afxClass<File>::ConstructObject(03a702a0)
 E:/qwadro/afx/data/pipeline/skybox/skyboxShdFrg.xml
 afxStream.c:600
  AfxAcquireStream(ios=03a702a0,flags=1,start=00000000,len=0)
 afxClass<File>::DismantleObjects(1, 0040cabc)
 Destructing instance 03a702a0 of File class.
 afxFile.c:340
  AfxOpenFiles(cnt=1,file=0040c8a0,uri=0040ca10,flags=40c8ac)
 afxClass<File>::ConstructObject(03a702a0)
 E:/qwadro/afx/data/pipeline/stdEnv.inc
 afxStream.c:600
  AfxAcquireStream(ios=03a702a0,flags=5,start=00000000,len=0)
 afxClass<File>::DismantleObjects(1, 0040c8a8)
 Destructing instance 03a702a0 of File class.
 afxShader.c:396
  AfxBuildShaders(cnt=1,shd=0040d20c,blueprint=0040cdb0)
 afxClass<Shader>::ConstructObject(03ac9f7c)
 sglShader.c:149
  _SglShdCtor(shd=03ac9f7c)
 #version 330 core // QWADRO. Engineered by SIGMA Technology Group.

#define afxInt int
#define afxNat uint

#define afxReal float

#define afxV2d vec2
#define afxV3d vec3
#define afxV4d vec4

#define afxM2d mat2
#define afxM3d mat3
#define afxM4d mat4

        
        uniform samplerCube samp;

        in block
        {
            vec3 uvw0;
        } sgl_v;

        out vec4 sgl_rgba;

        void main()
        {
            sgl_rgba = texture(samp, sgl_v.uvw0);
        }
       
 ERR afxString.c:582?AfxCloneString
  (in)
    Uninitialized
 ERR afxString.c:74?AfxGetStringSize
  (str)
    Uninitialized
 ERR afxString.c:288?AfxDeallocateString
  (str)
    Uninitialized
 ERR afxString.c:289?AfxDeallocateString
  
 ERR afxString.c:289?AfxDeallocateString
  (str->flags & _AFX_STR_FLAG_ALLOCED)
    Invalid
 afxClass<Lego>::ConstructObject(03a82650)
 sglLego.c:280
  _SglLegoCtor(lego=03a82650)
 afxSampler.c:47
  AfxAcquireSamplers(cnt=1,samp=03a7cfc4,config=0040e390)
 afxClass<Sampler>::ConstructObject(03a702a0)
 sglSampler.c:129
  _SglSampCtor(samp=03a702a0)
 [!] afxTexture.c:67?AfxAcquireTextureBlueprint
  texb->fcc == AFX_FCC_TEXB
 afxTexture.c:888
  AfxBuildTextures(cnt=1,blueprint=0040df00,tex=03a7b900)
 afxClass<Texture>::ConstructObject(03a6ebd0)
 sglTexture.c:926
  _SglTexCtor(tex=03a6ebd0)
 afxClass<Buffer>::ConstructObject(03a70970)
 sglBuffer.c:317
  _SglBufCtor(buf=03a70970)
 afxClass<Buffer>::ConstructObject(03a70380)
 sglBuffer.c:317
  _SglBufCtor(buf=03a70380)
 afxClass<Buffer>::ConstructObject(03a78620)
 sglBuffer.c:317
  _SglBufCtor(buf=03a78620)
 afxClass<Buffer>::ConstructObject(03a786c0)
 sglBuffer.c:317
  _SglBufCtor(buf=03a786c0)
 afxTexture.c:888
  AfxBuildTextures(cnt=1,blueprint=0040df00,tex=03a7c390)
 afxClass<Texture>::ConstructObject(03a6ec90)
 sglTexture.c:926
  _SglTexCtor(tex=03a6ec90)
 afxClass<Buffer>::ConstructObject(03a78760)
 sglBuffer.c:317
  _SglBufCtor(buf=03a78760)
 afxClass<Buffer>::ConstructObject(03a78800)
 sglBuffer.c:317
  _SglBufCtor(buf=03a78800)
 afxClass<Buffer>::ConstructObject(03a788a0)
 sglBuffer.c:317
  _SglBufCtor(buf=03a788a0)
 afxClass<Buffer>::ConstructObject(03a78940)
 sglBuffer.c:317
  _SglBufCtor(buf=03a78940)
 Uploading pipeline 'data/pipeline/body/bodyPip.xml?rigid'
 afxXml.c:993
  AfxLoadXml(uri:data/pipeline/body/bodyPip.xml)
 afxFile.c:340
  AfxOpenFiles(cnt=1,file=0040d730,uri=0040d864,flags=40d738)
 afxClass<File>::ConstructObject(00568890)
 E:/qwadro/afx/data/pipeline/body/bodyPip.xml
 afxStream.c:600
  AfxAcquireStream(ios=00568890,flags=1,start=00000000,len=0)
 afxClass<File>::DismantleObjects(1, 0040d734)
 Destructing instance 00568890 of File class.
 data/pipeline/body/bodyShdVtx.xml?vsRigid
 data/pipeline/body/bodyShdFrg.xml?fs
 afxClass<Pipeline>::ConstructObject(005713f8)
 sglPipeline.c:300
  _SglPipCtor(pip=005713f8)
 afxShader.c:544
  AfxAcquireShaders(cnt=1,uri=00569340,shd=0040d20c)
 Uploading shader 'data/pipeline/body/bodyShdVtx.xml?vsRigid'
 afxXml.c:993
  AfxLoadXml(uri:data/pipeline/body/bodyShdVtx.xml)
 afxFile.c:340
  AfxOpenFiles(cnt=1,file=0040cab8,uri=0040cc04,flags=40cac0)
 afxClass<File>::ConstructObject(00568890)
 E:/qwadro/afx/data/pipeline/body/bodyShdVtx.xml
 afxStream.c:600
  AfxAcquireStream(ios=00568890,flags=1,start=00000000,len=0)
 afxClass<File>::DismantleObjects(1, 0040cabc)
 Destructing instance 00568890 of File class.
 afxFile.c:340
  AfxOpenFiles(cnt=1,file=0040c8a0,uri=0040ca10,flags=40c8ac)
 afxClass<File>::ConstructObject(00568890)
 E:/qwadro/afx/data/pipeline/stdEnv.inc
 afxStream.c:600
  AfxAcquireStream(ios=00568890,flags=5,start=00000000,len=0)
 afxClass<File>::DismantleObjects(1, 0040c8a8)
 Destructing instance 00568890 of File class.
 afxFile.c:340
  AfxOpenFiles(cnt=1,file=0040c8a0,uri=0040ca10,flags=40c8ac)
 afxClass<File>::ConstructObject(00568890)
 E:/qwadro/afx/data/pipeline/stdView.inc
 afxStream.c:600
  AfxAcquireStream(ios=00568890,flags=5,start=00000000,len=0)
 afxClass<File>::DismantleObjects(1, 0040c8a8)
 Destructing instance 00568890 of File class.
 afxFile.c:340
  AfxOpenFiles(cnt=1,file=0040c8a0,uri=0040ca10,flags=40c8ac)
 afxClass<File>::ConstructObject(045cee40)
 E:/qwadro/afx/data/pipeline/stdObject.inc
 afxStream.c:600
  AfxAcquireStream(ios=045cee40,flags=5,start=00000000,len=0)
 afxClass<File>::DismantleObjects(1, 0040c8a8)
 Destructing instance 045cee40 of File class.
 afxShader.c:396
  AfxBuildShaders(cnt=1,shd=0040d20c,blueprint=0040cdb0)
 afxClass<Shader>::ConstructObject(03aca010)
 sglShader.c:149
  _SglShdCtor(shd=03aca010)
 #version 330 core // QWADRO. Engineered by SIGMA Technology Group.

#define afxInt int
#define afxNat uint

#define afxReal float

#define afxV2d vec2
#define afxV3d vec3
#define afxV4d vec4

#define afxM2d mat2
#define afxM3d mat3
#define afxM4d mat4

layout(std140) uniform sgl_view
{
    mat4 v;
    mat4 iv;
    mat4 p;
    mat4 ip;
    mat4 vp;
    mat4 ivp;
    vec4 viewpoint; // view point
    vec2 viewExtent;

    vec3 starDir;
    vec4 starPos;
    vec4 starKd;
};

layout(std140) uniform sgl_obj
{
    int boneCnt;
    mat4 m;
    mat4 w[32];
};

        
        layout (location = 0) in vec4 aPos;
        layout (location = 1) in vec3 aNormal;
        layout (location = 2) in vec2 aUv;

        const vec4 AmbientColour = vec4(0.2, 0.2, 0.2, 0.2);
        
        out block
        {
            vec3 Position;
            vec4 Diffuse;
            vec2 Tex0;
        } sgl_v;

        void main()
        {
            vec3 ObjNormal = vec3(v * inverse(w[0]) * vec4(aNormal, 0));

            gl_Position = p * v * w[0] * aPos;
            sgl_v.Tex0     = aUv;
            sgl_v.Diffuse  = starKd * (dot(ObjNormal, starDir)) + AmbientColour;
        }
       
 afxShader.c:544
  AfxAcquireShaders(cnt=1,uri=00569364,shd=0040d20c)
 Uploading shader 'data/pipeline/body/bodyShdFrg.xml?fs'
 afxXml.c:993
  AfxLoadXml(uri:data/pipeline/body/bodyShdFrg.xml)
 afxFile.c:340
  AfxOpenFiles(cnt=1,file=0040cab8,uri=0040cc04,flags=40cac0)
 afxClass<File>::ConstructObject(00568920)
 E:/qwadro/afx/data/pipeline/body/bodyShdFrg.xml
 afxStream.c:600
  AfxAcquireStream(ios=00568920,flags=1,start=00000000,len=0)
 afxClass<File>::DismantleObjects(1, 0040cabc)
 Destructing instance 00568920 of File class.
 afxFile.c:340
  AfxOpenFiles(cnt=1,file=0040c8a0,uri=0040ca10,flags=40c8ac)
 afxClass<File>::ConstructObject(03ac5d10)
 E:/qwadro/afx/data/pipeline/stdEnv.inc
 afxStream.c:600
  AfxAcquireStream(ios=03ac5d10,flags=5,start=00000000,len=0)
 afxClass<File>::DismantleObjects(1, 0040c8a8)
 Destructing instance 03ac5d10 of File class.
 afxShader.c:396
  AfxBuildShaders(cnt=1,shd=0040d20c,blueprint=0040cdb0)
 afxClass<Shader>::ConstructObject(03aca0a4)
 sglShader.c:149
  _SglShdCtor(shd=03aca0a4)
 #version 330 core // QWADRO. Engineered by SIGMA Technology Group.

#define afxInt int
#define afxNat uint

#define afxReal float

#define afxV2d vec2
#define afxV3d vec3
#define afxV4d vec4

#define afxM2d mat2
#define afxM3d mat3
#define afxM4d mat4

        
        uniform sampler2D diffuse_sampler;
        
        in block
        {
            vec3 Position;
            vec4 Diffuse;
            vec2 Tex0;
        } sgl_v;
        
        out vec4 FragColor;
        
        void main()
        {
            FragColor = /*texture( diffuse_sampler, sgl_v.Tex0 ) * */sgl_v.Diffuse;
        }
       
 afxClass<Lego>::ConstructObject(03a82690)
 sglLego.c:280
  _SglLegoCtor(lego=03a82690)
 afxClass<Lego>::ConstructObject(03a826d0)
 sglLego.c:280
  _SglLegoCtor(lego=03a826d0)
 afxClass<Lego>::ConstructObject(03a82710)
 sglLego.c:280
  _SglLegoCtor(lego=03a82710)
 Uploading pipeline 'data/pipeline/body/bodyPip.xml?skinned'
 afxXml.c:993
  AfxLoadXml(uri:data/pipeline/body/bodyPip.xml)
 afxFile.c:340
  AfxOpenFiles(cnt=1,file=0040d730,uri=0040d864,flags=40d738)
 afxClass<File>::ConstructObject(045cec20)
 E:/qwadro/afx/data/pipeline/body/bodyPip.xml
 afxStream.c:600
  AfxAcquireStream(ios=045cec20,flags=1,start=00000000,len=0)
 afxClass<File>::DismantleObjects(1, 0040d734)
 Destructing instance 045cec20 of File class.
 data/pipeline/body/bodyShdVtx.xml?vsSkinned
 data/pipeline/body/bodyShdFrg.xml?fs
 afxClass<Pipeline>::ConstructObject(0057166c)
 sglPipeline.c:300
  _SglPipCtor(pip=0057166c)
 afxShader.c:544
  AfxAcquireShaders(cnt=1,uri=00569340,shd=0040d20c)
 Uploading shader 'data/pipeline/body/bodyShdVtx.xml?vsSkinned'
 afxXml.c:993
  AfxLoadXml(uri:data/pipeline/body/bodyShdVtx.xml)
 afxFile.c:340
  AfxOpenFiles(cnt=1,file=0040cab8,uri=0040cc04,flags=40cac0)
 afxClass<File>::ConstructObject(045cec20)
 E:/qwadro/afx/data/pipeline/body/bodyShdVtx.xml
 afxStream.c:600
  AfxAcquireStream(ios=045cec20,flags=1,start=00000000,len=0)
 afxClass<File>::DismantleObjects(1, 0040cabc)
 Destructing instance 045cec20 of File class.
 afxFile.c:340
  AfxOpenFiles(cnt=1,file=0040c8a0,uri=0040ca10,flags=40c8ac)
 afxClass<File>::ConstructObject(045cec20)
 E:/qwadro/afx/data/pipeline/stdEnv.inc
 afxStream.c:600
  AfxAcquireStream(ios=045cec20,flags=5,start=00000000,len=0)
 afxClass<File>::DismantleObjects(1, 0040c8a8)
 Destructing instance 045cec20 of File class.
 afxFile.c:340
  AfxOpenFiles(cnt=1,file=0040c8a0,uri=0040ca10,flags=40c8ac)
 afxClass<File>::ConstructObject(045cec20)
 E:/qwadro/afx/data/pipeline/stdView.inc
 afxStream.c:600
  AfxAcquireStream(ios=045cec20,flags=5,start=00000000,len=0)
 afxClass<File>::DismantleObjects(1, 0040c8a8)
 Destructing instance 045cec20 of File class.
 afxFile.c:340
  AfxOpenFiles(cnt=1,file=0040c8a0,uri=0040ca10,flags=40c8ac)
 afxClass<File>::ConstructObject(03ac5c70)
 E:/qwadro/afx/data/pipeline/stdObject.inc
 afxStream.c:600
  AfxAcquireStream(ios=03ac5c70,flags=5,start=00000000,len=0)
 afxClass<File>::DismantleObjects(1, 0040c8a8)
 Destructing instance 03ac5c70 of File class.
 afxShader.c:396
  AfxBuildShaders(cnt=1,shd=0040d20c,blueprint=0040cdb0)
 afxClass<Shader>::ConstructObject(03aca138)
 sglShader.c:149
  _SglShdCtor(shd=03aca138)
 #version 330 core // QWADRO. Engineered by SIGMA Technology Group.

#define afxInt int
#define afxNat uint

#define afxReal float

#define afxV2d vec2
#define afxV3d vec3
#define afxV4d vec4

#define afxM2d mat2
#define afxM3d mat3
#define afxM4d mat4

layout(std140) uniform sgl_view
{
    mat4 v;
    mat4 iv;
    mat4 p;
    mat4 ip;
    mat4 vp;
    mat4 ivp;
    vec4 viewpoint; // view point
    vec2 viewExtent;

    vec3 starDir;
    vec4 starPos;
    vec4 starKd;
};

layout(std140) uniform sgl_obj
{
    int boneCnt;
    mat4 m;
    mat4 w[32];
};

        
        layout (location = 0) in vec3 aPos;
        layout (location = 1) in vec3 aNormal;
        layout (location = 2) in vec2 aUv;
        layout (location = 3) in vec4 aBlendIndices;
        layout (location = 4) in vec4 aBlendWeights;

        out block
        {
            vec3 Position;
            vec4 Diffuse;
            vec2 Tex0;
        } sgl_v;

        const vec4 AmbientColour = vec4(0.2, 0.2, 0.2, 0.2);
        
        void main()
        {
            vec4 InPos     = vec4( aPos, 1 );
            vec4 WorldPos    = 0;
            vec3 WorldNormal = 0;
            
            // We're going to assume that we can transform the normal by the matrix, which is not
            // technically correct unless we're positive there's not a scaling factor involved.

            for( int i = 0; i < 4; ++i )
            {
                mat4 BoneMatrix = w[int(aBlendIndices[i])];
                WorldPos    += (aBlendWeights[i] * vec4( InPos * BoneMatrix ));
                WorldNormal += vec3(vec4(aBlendWeights[i] * vec4( vec4( aNormal, 0 ) * BoneMatrix )));
            }

            vec4 ViewPosL = (WorldPos * v);
            vec4 ClipPos = (ViewPosL * p);
            gl_Position = ClipPos;
            sgl_v.Position   = vec3(ClipPos);
            sgl_v.Tex0    = aUv;
            sgl_v.Diffuse = starKd * (dot(normalize(WorldNormal), starDir)) + AmbientColour;
        }
       
 afxShader.c:544
  AfxAcquireShaders(cnt=1,uri=00569364,shd=0040d20c)
 Uploading shader 'data/pipeline/body/bodyShdFrg.xml?fs'
 afxXml.c:993
  AfxLoadXml(uri:data/pipeline/body/bodyShdFrg.xml)
 afxFile.c:340
  AfxOpenFiles(cnt=1,file=0040cab8,uri=0040cc04,flags=40cac0)
 afxClass<File>::ConstructObject(045cece0)
 E:/qwadro/afx/data/pipeline/body/bodyShdFrg.xml
 afxStream.c:600
  AfxAcquireStream(ios=045cece0,flags=1,start=00000000,len=0)
 afxClass<File>::DismantleObjects(1, 0040cabc)
 Destructing instance 045cece0 of File class.
 afxFile.c:340
  AfxOpenFiles(cnt=1,file=0040c8a0,uri=0040ca10,flags=40c8ac)
 afxClass<File>::ConstructObject(045cece0)
 E:/qwadro/afx/data/pipeline/stdEnv.inc
 afxStream.c:600
  AfxAcquireStream(ios=045cece0,flags=5,start=00000000,len=0)
 afxClass<File>::DismantleObjects(1, 0040c8a8)
 Destructing instance 045cece0 of File class.
 afxShader.c:396
  AfxBuildShaders(cnt=1,shd=0040d20c,blueprint=0040cdb0)
 afxClass<Shader>::ConstructObject(03aca1cc)
 sglShader.c:149
  _SglShdCtor(shd=03aca1cc)
 #version 330 core // QWADRO. Engineered by SIGMA Technology Group.

#define afxInt int
#define afxNat uint

#define afxReal float

#define afxV2d vec2
#define afxV3d vec3
#define afxV4d vec4

#define afxM2d mat2
#define afxM3d mat3
#define afxM4d mat4

        
        uniform sampler2D diffuse_sampler;
        
        in block
        {
            vec3 Position;
            vec4 Diffuse;
            vec2 Tex0;
        } sgl_v;
        
        out vec4 FragColor;
        
        void main()
        {
            FragColor = /*texture( diffuse_sampler, sgl_v.Tex0 ) * */sgl_v.Diffuse;
        }
       
 afxClass<Lego>::ConstructObject(03a82750)
 sglLego.c:280
  _SglLegoCtor(lego=03a82750)
 afxClass<Lego>::ConstructObject(03a82790)
 sglLego.c:280
  _SglLegoCtor(lego=03a82790)
 afxClass<Lego>::ConstructObject(03ac5a50)
 sglLego.c:280
  _SglLegoCtor(lego=03ac5a50)
 afxClass<Camera, Node>ConstructingObject(03ac6410)
 afxClass<Node>::ConstructObject(03ac6410)
 ERR afxClass.c:807?_AfxAssertObjects
  
 ERR afxClass.c:807?_AfxAssertObjects
  (var_)
    Invalid
 ERR afxNode.c:110?AfxNodeSetFlags
  
 ERR afxNode.c:110?AfxNodeSetFlags
  (((afxResult)(1)) == _AfxAssertObjects((1), (afxHandle const*)(&nod),(AFX_FCC_NOD)))
    Invalid
 afxClass<Camera>::ConstructObject(03ac6410)
 afxCamera.c:828
  _AfxCamCtor(cam=03ac6410)
 afxInstance<004eaba0>::InstallEventFilter(03ac6410)
 afxClass<Draw Script>::ConstructObject(03ac5c60)
 sglDrawScript.c:496
  _SglDscrCtor(dscr=03ac5c60)
 afxArena.c:767
  AfxAcquireArena(aren=03ac5c74)
 afxArena.c:768
  AfxAcquireArena(spec=00000000,hint="sglDrawScript.c:511!_SglDscrCtor")
 [!] afxTexture.c:67?AfxAcquireTextureBlueprint
  texb->fcc == AFX_FCC_TEXB
 afxClass<Texture>::DismantleObjects(1, 0040e0ac)
 Destructing instance 03a6ebd0 of Texture class.
 sglTexture.c:903
  _SglTexDtor(tex=03a6ebd0)
 afxTexture.c:888
  AfxBuildTextures(cnt=1,blueprint=0040e270,tex=03a7b900)
 afxClass<Texture>::ConstructObject(03a6ea50)
 sglTexture.c:926
  _SglTexCtor(tex=03a6ea50)