
 afxDebug.c:391
  AfxAttachDebugTerminal()
      ::::::::  :::       :::     :::     :::::::::  :::::::::   ::::::::      
     :+:    :+: :+:       :+:   :+: :+:   :+:    :+: :+:    :+: :+:    :+:     
     +:+    +:+ +:+       +:+  +:+   +:+  +:+    +:+ +:+    +:+ +:+    +:+     
     +#+    +:+ +#+  +:+  +#+ +#++:++#++: +#+    +:+ +#++:++#:  +#+    +:+     
     +#+  # +#+ +#+ +#+#+ +#+ +#+     +#+ +#+    +#+ +#+    +#+ +#+    +#+     
     #+#   +#+   #+#+# #+#+#  #+#     #+# #+#    #+# #+#    #+# #+#    #+#     
      ###### ###  ###   ###   ###     ### #########  ###    ###  ########      
                                                                               
          T H E   Q W A D R O   E X E C U T I O N   E C O S Y S T E M          
                                                                               
                               Public Test Build                               
              (c) 2017 SIGMA Technology Group --- Federacao SIGMA              
                                www.sigmaco.org                                
                                                                               
 Installing Basic I/O System at 67be37dc by 00000000 over 00000000 with 67be11c0)
 afxClass<Basic I/O System>::ConstructObject(006d8090)
 afxSystem.c:1007
  _AfxSysCtor(sys=006d8090)
 Installing Context at 006d80cc by 006d80b8 over 00000000 with 67be17a4)
 Installing Module at 006d818c by 006d80b8 over 00000000 with 67be1080)
 Installing Thread at 006d83cc by 006d80b8 over 00000000 with 67be11f0)
 Installing File at 006d854c by 006d80b8 over 00000000 with 67be1314)
 Installing Archive at 006d860c by 006d80b8 over 00000000 with 67be12e4)
 Installing Application at 006d848c by 006d80b8 over 00000000 with 67be1000)
 Installing Keyboard at 006d824c by 006d80b8 over 00000000 with 67be1344)
 Installing Mouse at 006d830c by 006d80b8 over 00000000 with 67be1374)
 Installing Draw System at 006d86cc by 006d80b8 over 00000000 with 67be2074)
 [!] afxSystem.c:1091?_AfxSysCtor
  Memory page size: 4096
 [!] afxSystem.c:1092?_AfxSysCtor
  Logical processor count: 2
 afxContext.c:209
  AfxAcquireContexts(cnt=1,app=006d878c,strategy=003ee5c8)
 afxClass<Context>::ConstructObject(006d88f0)
 afxContext.c:166
  _AfxCtxCtor(ctx=006d88f0)
 afxArena.c:767
  AfxAcquireArena(aren=006d87e8)
 afxArena.c:768
  AfxAcquireArena(spec=00000000,hint="afxSystem.c:1144!_AfxSysCtor")
 afxSystem.c:752
  AfxMountStoragePoints(6,003ee720)
 Point "." 5 mounted -> "E:/qwadro/afx".
 Point "system" 5 mounted -> "E:/qwadro/afx/system32".
 Point "sound" 5 mounted -> "E:/qwadro/afx/sound".
 Point "data" 5 mounted -> "E:/qwadro/afx/data".
 Point "art" 5 mounted -> "E:/qwadro/afx/art".
 Point "tmp" 7 mounted -> "E:/qwadro/afx/tmp".
 afxModule.c:169
  AfxAcquireModules(cnt=1,mdle=006d87b8,uri=003ee658)
 afxClass<Module>::ConstructObject(006dd560)
 afxModule.c:125
  _AfxMdleCtor(uri:system/e2coree.dll)
 E:/qwadro/afx/system32/e2coree.dll
 afxKeyboard.c:317
  AfxAcquireKeyboards(cnt=1,kbd=006d87bc,port=003ee5a0)
 afxClass<Keyboard>::ConstructObject(006dd9a0)
 afxKeyboard.c:281
  _AfxKbdCtor(kbd=006dd9a0)
 Entering the Threading Execution Environment  0
 afxContext.c:209
  AfxAcquireContexts(cnt=10,app=003ef5c8,strategy=00000000)
 afxClass<Context>::ConstructObject(006de400)
 afxContext.c:166
  _AfxCtxCtor(ctx=006de400)
 afxClass<Context>::ConstructObject(006de500)
 afxContext.c:166
  _AfxCtxCtor(ctx=006de500)
 afxClass<Context>::ConstructObject(006de620)
 afxContext.c:166
  _AfxCtxCtor(ctx=006de620)
 afxClass<Context>::ConstructObject(006de6c0)
 afxContext.c:166
  _AfxCtxCtor(ctx=006de6c0)
 afxClass<Context>::ConstructObject(006de7f0)
 afxContext.c:166
  _AfxCtxCtor(ctx=006de7f0)
 afxClass<Context>::ConstructObject(006de920)
 afxContext.c:166
  _AfxCtxCtor(ctx=006de920)
 afxClass<Context>::ConstructObject(006dea70)
 afxContext.c:166
  _AfxCtxCtor(ctx=006dea70)
 afxClass<Context>::ConstructObject(006de9c0)
 afxContext.c:166
  _AfxCtxCtor(ctx=006de9c0)
 afxClass<Context>::ConstructObject(006deb10)
 afxContext.c:166
  _AfxCtxCtor(ctx=006deb10)
 afxClass<Context>::ConstructObject(006debb0)
 afxContext.c:166
  _AfxCtxCtor(ctx=006debb0)
 Dismantling Context object (#0) 006debb0...
 Destructing instance 006debb0 of Context class.
 afxContext.c:149
  _AfxCtxDtor(ctx=006debb0)