
 afxDebug.c:363?AfxAttachDebugTerminal()
      ::::::::  :::       :::     :::     :::::::::  :::::::::   ::::::::      
     :+:    :+: :+:       :+:   :+: :+:   :+:    :+: :+:    :+: :+:    :+:     
     +:+    +:+ +:+       +:+  +:+   +:+  +:+    +:+ +:+    +:+ +:+    +:+     
     +#+    +:+ +#+  +:+  +#+ +#++:++#++: +#+    +:+ +#++:++#:  +#+    +:+     
     +#+  # +#+ +#+ +#+#+ +#+ +#+     +#+ +#+    +#+ +#+    +#+ +#+    +#+     
     #+#   +#+   #+#+# #+#+#  #+#     #+# #+#    #+# #+#    #+# #+#    #+#     
      ###### ###  ###   ###   ###     ### #########  ###    ###  ########      
                                                                               
             S I G M A   C O . ,   T E C H N O L O G Y   G R O U P             
                                                                             
                                    4D AFX                                   
                              Public Test Build                              
                     (c) 2017 SIGMA Co., Technology Group                    
                               www.sigmaco.org                               
                                                                             
                                                                             
 Core Execution System class registered.
 Class[Core Execution System].ConstructInstances(1, 00000000001ce300, 00000000001ce308)
 Constructing instance 00000000002c20d0 of Core Execution System.
 afxSystem.c:802?_AfxSysCtor(sys=00000000002c20d0)
 ADV afxSystem.c:818?_AfxSysCtor
    Memoy page size: 4096
 ADV afxSystem.c:819?_AfxSysCtor
    Logical processor count: 2
 Memory Context class registered.
 Memory Arena class registered.
 afxMemory.c:255?AfxSystemAcquireMemory(sys=00000000002c20d0,strategy=00000000001cc930,hint="afxSystem.c:837!_AfxSysCtor")
 Class[Memory Context].ConstructInstances(1, 00000000001cc5b0, 00000000001cc5b8)
 Constructing instance 00000000002bce00 of Memory Context.
 afxMemory.c:294?_AfxMemCtor(mem=00000000002bce00)
 Instance 00000000002bce00[mem]^1 built.
 Thread class registered.
 File System class registered.
 afxFileSystem.c:543?AfxSystemAcquireFileSystem(Afx.System.AcquireFileSystem(00000000002c20d0,5,00000000001ccc10))
 Class[File System].ConstructInstances(1, 00000000001cc5b0, 00000000001cc5b8)
 Constructing instance 00000000002c4110 of File System.
 afxFileSystem.c:591?_AfxFsysCtor(fsys=00000000002c4110)
 I/O Stream class registered.
 File class registered.
 ZIP-compatible Archive class registered.
 Resource class registered.
 Uniform Resource Dictionary class registered.
 afxFileSystem.c:374?AfxFileSystemMountStoragePoints(Afx.FileSystem.MountStoragePoints(00000000002c4110,5,00000000001ccc10))
 Point "." 5 mounted -> "E:/qwadro/afx".
 Point "system" 7 mounted -> "E:/qwadro/afx/system64".
 Point "art" 5 mounted -> "E:/qwadro/afx/art".
 Point "data" 5 mounted -> "E:/qwadro/afx/data".
 Point "sound" 5 mounted -> "E:/qwadro/afx/sound".
 Instance 00000000002c4110[fsys]^1 built.
 Module class registered.
 afxModule.c:72?AfxSystemAcquireModule(sys=00000000002c20d0,uri=system/e2coree.dll)
 Class[Module].ConstructInstances(1, 00000000001cc4f0, 00000000001cc4f8)
 Constructing instance 00000000002c6780 of Module.
 afxModule.c:123?_AfxMdleCtor(uri:system/e2coree.dll)
 Instance 00000000002c6780[mdle]^1 built.
 HID class registered.
 Keyboard class registered.
 Mouse class registered.
 Draw System class registered.
 Application class registered.
 afxKeyboard.c:163?AfxSystemAcquireKeyboard(sys=00000000002c20d0,port=0)
 Class[Keyboard].ConstructInstances(1, 00000000001cc5f0, 00000000001cc5f8)
 Constructing instance 00000000002c7fb0 of Keyboard : HID.
 Constructing instance 00000000002c7fb0 of HID.
 afxHid.c:56?_AfxHidCtor(hid=00000000002c7fb0)
 Constructing instance 00000000002c7fb0 of Keyboard.
 afxKeyboard.c:203?_AfxKbdCtor(kbd=00000000002c7fb0)
 Instance 00000000002c7fb0[kbd]^1 built.
 Instance 00000000002c20d0[sys]^1 built.
 afxDrawSystem.c:320?AfxSystemAcquireDrawSystem(sys=00000000002c20d0)
 Class[Draw System].ConstructInstances(1, 00000000001ce310, 00000000001ce318)
 Constructing instance 00000000002c68a0 of Draw System.
 afxDrawSystem.c:399?_AfxDsysCtor(dsys=00000000002c68a0)
 Draw Driver class registered.
New texture codec registered.
Name: SIGGL
Author: SIGMA Technology Group
Version: 0.5.1
Note: 
    :::::::::::     :::     :::::::::   ::::::::      :::        
        :+:       :+: :+:   :+:    :+: :+:    :+:   :+: :+:      
        +:+      +:+   +:+  +:+    +:+ +:+         +:+   +:+     
        +#+     +#++:++#++: +#++:++#:  :#:        +#++:++#++:    
        +#+     +#+     +#+ +#+    +#+ +#+   +#+# +#+     +#+    
        #+#     #+#     #+# #+#    #+# #+#    #+# #+#     #+#    
        ###     ###     ### ###    ###  ########  ###     ###    
                                                                 
                      SIGMA Technology Group                     
 Truecolor Targa texture serializer installed!
 afxModule.c:72?AfxSystemAcquireModule(sys=00000000002c20d0,uri=e2draw.icd)
 Class[Module].ConstructInstances(1, 00000000001cd940, 00000000001cd948)
 Constructing instance 00000000002c6af0 of Module.
 afxModule.c:123?_AfxMdleCtor(uri:e2draw.icd)
 Instance 00000000002c6af0[mdle]^1 built.
 Listing mem available display devices...

 #0 = Intel(R) HD Graphics (\\.\DISPLAY1) 8000005
 #1 = RDPDD Chained DD (\\.\DISPLAYV1) 200008
 #2 = RDP Encoder Mirror Driver (\\.\DISPLAYV2) 200008
 #3 = RDP Reflector Display Driver (\\.\DISPLAYV3) 200008
 sglDriver.c:1267?_SglCreateCombinedDeviceContext(oglWndClss=00000000002ca7d0,shareCtx=0000000000000000,phwnd=00000000002ca820,phdc=00000000002ca828,phrc=00000000002ca838)
 sglDriver.c:786?_SglLoadVmt(vmt=00000000002ca840,verMajor=1,verMinor=0)
 glCullFace @ 0 found.
 glFrontFace @ 1 found.
 glHint @ 2 found.
 glLineWidth @ 3 found.
 glPointSize @ 4 found.
 glPolygonMode @ 5 found.
 glScissor @ 6 found.
 glTexParameterf @ 7 found.
 glTexParameterfv @ 8 found.
 glTexParameteri @ 9 found.
 glTexParameteriv @ 10 found.
 glTexImage1D @ 11 found.
 glTexImage2D @ 12 found.
 glDrawBuffer @ 13 found.
 glClear @ 14 found.
 glClearColor @ 15 found.
 glClearStencil @ 16 found.
 glClearDepth @ 17 found.
 glStencilMask @ 18 found.
 glColorMask @ 19 found.
 glDepthMask @ 20 found.
 glDisable @ 21 found.
 glEnable @ 22 found.
 glFinish @ 23 found.
 glFlush @ 24 found.
 glBlendFunc @ 25 found.
 glLogicOp @ 26 found.
 glStencilFunc @ 27 found.
 glStencilOp @ 28 found.
 glDepthFunc @ 29 found.
 glPixelStoref @ 30 found.
 glPixelStorei @ 31 found.
 glReadBuffer @ 32 found.
 glReadPixels @ 33 found.
 glGetBooleanv @ 34 found.
 glGetDoublev @ 35 found.
 glGetError @ 36 found.
 glGetFloatv @ 37 found.
 glGetIntegerv @ 38 found.
 glGetString @ 39 found.
 glGetTexImage @ 40 found.
 glGetTexParameterfv @ 41 found.
 glGetTexParameteriv @ 42 found.
 glGetTexLevelParameterfv @ 43 found.
 glGetTexLevelParameteriv @ 44 found.
 glIsEnabled @ 45 found.
 glDepthRange @ 46 found.
 glViewport @ 47 found.
 sglDriver.c:786?_SglLoadVmt(vmt=00000000002ca840,verMajor=4,verMinor=6)
 glCullFace @ 0 found.
 glFrontFace @ 1 found.
 glHint @ 2 found.
 glLineWidth @ 3 found.
 glPointSize @ 4 found.
 glPolygonMode @ 5 found.
 glScissor @ 6 found.
 glTexParameterf @ 7 found.
 glTexParameterfv @ 8 found.
 glTexParameteri @ 9 found.
 glTexParameteriv @ 10 found.
 glTexImage1D @ 11 found.
 glTexImage2D @ 12 found.
 glDrawBuffer @ 13 found.
 glClear @ 14 found.
 glClearColor @ 15 found.
 glClearStencil @ 16 found.
 glClearDepth @ 17 found.
 glStencilMask @ 18 found.
 glColorMask @ 19 found.
 glDepthMask @ 20 found.
 glDisable @ 21 found.
 glEnable @ 22 found.
 glFinish @ 23 found.
 glFlush @ 24 found.
 glBlendFunc @ 25 found.
 glLogicOp @ 26 found.
 glStencilFunc @ 27 found.
 glStencilOp @ 28 found.
 glDepthFunc @ 29 found.
 glPixelStoref @ 30 found.
 glPixelStorei @ 31 found.
 glReadBuffer @ 32 found.
 glReadPixels @ 33 found.
 glGetBooleanv @ 34 found.
 glGetDoublev @ 35 found.
 glGetError @ 36 found.
 glGetFloatv @ 37 found.
 glGetIntegerv @ 38 found.
 glGetString @ 39 found.
 glGetTexImage @ 40 found.
 glGetTexParameterfv @ 41 found.
 glGetTexParameteriv @ 42 found.
 glGetTexLevelParameterfv @ 43 found.
 glGetTexLevelParameteriv @ 44 found.
 glIsEnabled @ 45 found.
 glDepthRange @ 46 found.
 glViewport @ 47 found.
 glDrawArrays @ 48 found.
 glDrawElements @ 49 found.
 glGetPointerv @ 50 found.
 glPolygonOffset @ 51 found.
 glCopyTexImage1D @ 52 found.
 glCopyTexImage2D @ 53 found.
 glCopyTexSubImage1D @ 54 found.
 glCopyTexSubImage2D @ 55 found.
 glTexSubImage1D @ 56 found.
 glTexSubImage2D @ 57 found.
 glBindTexture @ 58 found.
 glDeleteTextures @ 59 found.
 glGenTextures @ 60 found.
 glIsTexture @ 61 found.
 glDrawRangeElements @ 62 found.
 glTexImage3D @ 63 found.
 glTexSubImage3D @ 64 found.
 glCopyTexSubImage3D @ 65 found.
 glActiveTexture @ 66 found.
 glSampleCoverage @ 67 found.
 glCompressedTexImage3D @ 68 found.
 glCompressedTexImage2D @ 69 found.
 glCompressedTexImage1D @ 70 found.
 glCompressedTexSubImage3D @ 71 found.
 glCompressedTexSubImage2D @ 72 found.
 glCompressedTexSubImage1D @ 73 found.
 glGetCompressedTexImage @ 74 found.
 glBlendFuncSeparate @ 75 found.
 glMultiDrawArrays @ 76 found.
 glMultiDrawElements @ 77 found.
 glPointParameterf @ 78 found.
 glPointParameterfv @ 79 found.
 glPointParameteri @ 80 found.
 glPointParameteriv @ 81 found.
 glBlendColor @ 82 found.
 glBlendEquation @ 83 found.
 glGenQueries @ 84 found.
 glDeleteQueries @ 85 found.
 glIsQuery @ 86 found.
 glBeginQuery @ 87 found.
 glEndQuery @ 88 found.
 glGetQueryiv @ 89 found.
 glGetQueryObjectiv @ 90 found.
 glGetQueryObjectuiv @ 91 found.
 glBindBuffer @ 92 found.
 glDeleteBuffers @ 93 found.
 glGenBuffers @ 94 found.
 glIsBuffer @ 95 found.
 glBufferData @ 96 found.
 glBufferSubData @ 97 found.
 glGetBufferSubData @ 98 found.
 glMapBuffer @ 99 found.
 glUnmapBuffer @ 100 found.
 glGetBufferParameteriv @ 101 found.
 glGetBufferPointerv @ 102 found.
 glBlendEquationSeparate @ 103 found.
 glDrawBuffers @ 104 found.
 glStencilOpSeparate @ 105 found.
 glStencilFuncSeparate @ 106 found.
 glStencilMaskSeparate @ 107 found.
 glAttachShader @ 108 found.
 glBindAttribLocation @ 109 found.
 glCompileShader @ 110 found.
 glCreateProgram @ 111 found.
 glCreateShader @ 112 found.
 glDeleteProgram @ 113 found.
 glDeleteShader @ 114 found.
 glDetachShader @ 115 found.
 glDisableVertexAttribArray @ 116 found.
 glEnableVertexAttribArray @ 117 found.
 glGetActiveAttrib @ 118 found.
 glGetActiveUniform @ 119 found.
 glGetAttachedShaders @ 120 found.
 glGetAttribLocation @ 121 found.
 glGetProgramiv @ 122 found.
 glGetProgramInfoLog @ 123 found.
 glGetShaderiv @ 124 found.
 glGetShaderInfoLog @ 125 found.
 glGetShaderSource @ 126 found.
 glGetUniformLocation @ 127 found.
 glGetUniformfv @ 128 found.
 glGetUniformiv @ 129 found.
 glGetVertexAttribdv @ 130 found.
 glGetVertexAttribfv @ 131 found.
 glGetVertexAttribiv @ 132 found.
 glGetVertexAttribPointerv @ 133 found.
 glIsProgram @ 134 found.
 glIsShader @ 135 found.
 glLinkProgram @ 136 found.
 glShaderSource @ 137 found.
 glUseProgram @ 138 found.
 glUniform1f @ 139 found.
 glUniform2f @ 140 found.
 glUniform3f @ 141 found.
 glUniform4f @ 142 found.
 glUniform1i @ 143 found.
 glUniform2i @ 144 found.
 glUniform3i @ 145 found.
 glUniform4i @ 146 found.
 glUniform1fv @ 147 found.
 glUniform2fv @ 148 found.
 glUniform3fv @ 149 found.
 glUniform4fv @ 150 found.
 glUniform1iv @ 151 found.
 glUniform2iv @ 152 found.
 glUniform3iv @ 153 found.
 glUniform4iv @ 154 found.
 glUniformMatrix2fv @ 155 found.
 glUniformMatrix3fv @ 156 found.
 glUniformMatrix4fv @ 157 found.
 glValidateProgram @ 158 found.
 glVertexAttrib1d @ 159 found.
 glVertexAttrib1dv @ 160 found.
 glVertexAttrib1f @ 161 found.
 glVertexAttrib1fv @ 162 found.
 glVertexAttrib1s @ 163 found.
 glVertexAttrib1sv @ 164 found.
 glVertexAttrib2d @ 165 found.
 glVertexAttrib2dv @ 166 found.
 glVertexAttrib2f @ 167 found.
 glVertexAttrib2fv @ 168 found.
 glVertexAttrib2s @ 169 found.
 glVertexAttrib2sv @ 170 found.
 glVertexAttrib3d @ 171 found.
 glVertexAttrib3dv @ 172 found.
 glVertexAttrib3f @ 173 found.
 glVertexAttrib3fv @ 174 found.
 glVertexAttrib3s @ 175 found.
 glVertexAttrib3sv @ 176 found.
 glVertexAttrib4Nbv @ 177 found.
 glVertexAttrib4Niv @ 178 found.
 glVertexAttrib4Nsv @ 179 found.
 glVertexAttrib4Nub @ 180 found.
 glVertexAttrib4Nubv @ 181 found.
 glVertexAttrib4Nuiv @ 182 found.
 glVertexAttrib4Nusv @ 183 found.
 glVertexAttrib4bv @ 184 found.
 glVertexAttrib4d @ 185 found.
 glVertexAttrib4dv @ 186 found.
 glVertexAttrib4f @ 187 found.
 glVertexAttrib4fv @ 188 found.
 glVertexAttrib4iv @ 189 found.
 glVertexAttrib4s @ 190 found.
 glVertexAttrib4sv @ 191 found.
 glVertexAttrib4ubv @ 192 found.
 glVertexAttrib4uiv @ 193 found.
 glVertexAttrib4usv @ 194 found.
 glVertexAttribPointer @ 195 found.
 glUniformMatrix2x3fv @ 196 found.
 glUniformMatrix3x2fv @ 197 found.
 glUniformMatrix2x4fv @ 198 found.
 glUniformMatrix4x2fv @ 199 found.
 glUniformMatrix3x4fv @ 200 found.
 glUniformMatrix4x3fv @ 201 found.
 glColorMaski @ 202 found.
 glGetBooleani_v @ 203 found.
 glGetIntegeri_v @ 204 found.
 glEnablei @ 205 found.
 glDisablei @ 206 found.
 glIsEnabledi @ 207 found.
 glBeginTransformFeedback @ 208 found.
 glEndTransformFeedback @ 209 found.
 glBindBufferRange @ 210 found.
 glBindBufferBase @ 211 found.
 glTransformFeedbackVaryings @ 212 found.
 glGetTransformFeedbackVarying @ 213 found.
 glClampColor @ 214 found.
 glBeginConditionalRender @ 215 found.
 glEndConditionalRender @ 216 found.
 glVertexAttribIPointer @ 217 found.
 glGetVertexAttribIiv @ 218 found.
 glGetVertexAttribIuiv @ 219 found.
 glVertexAttribI1i @ 220 found.
 glVertexAttribI2i @ 221 found.
 glVertexAttribI3i @ 222 found.
 glVertexAttribI4i @ 223 found.
 glVertexAttribI1ui @ 224 found.
 glVertexAttribI2ui @ 225 found.
 glVertexAttribI3ui @ 226 found.
 glVertexAttribI4ui @ 227 found.
 glVertexAttribI1iv @ 228 found.
 glVertexAttribI2iv @ 229 found.
 glVertexAttribI3iv @ 230 found.
 glVertexAttribI4iv @ 231 found.
 glVertexAttribI1uiv @ 232 found.
 glVertexAttribI2uiv @ 233 found.
 glVertexAttribI3uiv @ 234 found.
 glVertexAttribI4uiv @ 235 found.
 glVertexAttribI4bv @ 236 found.
 glVertexAttribI4sv @ 237 found.
 glVertexAttribI4ubv @ 238 found.
 glVertexAttribI4usv @ 239 found.
 glGetUniformuiv @ 240 found.
 glBindFragDataLocation @ 241 found.
 glGetFragDataLocation @ 242 found.
 glUniform1ui @ 243 found.
 glUniform2ui @ 244 found.
 glUniform3ui @ 245 found.
 glUniform4ui @ 246 found.
 glUniform1uiv @ 247 found.
 glUniform2uiv @ 248 found.
 glUniform3uiv @ 249 found.
 glUniform4uiv @ 250 found.
 glTexParameterIiv @ 251 found.
 glTexParameterIuiv @ 252 found.
 glGetTexParameterIiv @ 253 found.
 glGetTexParameterIuiv @ 254 found.
 glClearBufferiv @ 255 found.
 glClearBufferuiv @ 256 found.
 glClearBufferfv @ 257 found.
 glClearBufferfi @ 258 found.
 glGetStringi @ 259 found.
 glIsRenderbuffer @ 260 found.
 glBindRenderbuffer @ 261 found.
 glDeleteRenderbuffers @ 262 found.
 glGenRenderbuffers @ 263 found.
 glRenderbufferStorage @ 264 found.
 glGetRenderbufferParameteriv @ 265 found.
 glIsFramebuffer @ 266 found.
 glBindFramebuffer @ 267 found.
 glDeleteFramebuffers @ 268 found.
 glGenFramebuffers @ 269 found.
 glCheckFramebufferStatus @ 270 found.
 glFramebufferTexture1D @ 271 found.
 glFramebufferTexture2D @ 272 found.
 glFramebufferTexture3D @ 273 found.
 glFramebufferRenderbuffer @ 274 found.
 glGetFramebufferAttachmentParameteriv @ 275 found.
 glGenerateMipmap @ 276 found.
 glBlitFramebuffer @ 277 found.
 glRenderbufferStorageMultisample @ 278 found.
 glFramebufferTextureLayer @ 279 found.
 glMapBufferRange @ 280 found.
 glFlushMappedBufferRange @ 281 found.
 glBindVertexArray @ 282 found.
 glDeleteVertexArrays @ 283 found.
 glGenVertexArrays @ 284 found.
 glIsVertexArray @ 285 found.
 glDrawArraysInstanced @ 286 found.
 glDrawElementsInstanced @ 287 found.
 glTexBuffer @ 288 found.
 glPrimitiveRestartIndex @ 289 found.
 glCopyBufferSubData @ 290 found.
 glGetUniformIndices @ 291 found.
 glGetActiveUniformsiv @ 292 found.
 glGetActiveUniformName @ 293 found.
 glGetUniformBlockIndex @ 294 found.
 glGetActiveUniformBlockiv @ 295 found.
 glGetActiveUniformBlockName @ 296 found.
 glUniformBlockBinding @ 297 found.
 glDrawElementsBaseVertex @ 298 found.
 glDrawRangeElementsBaseVertex @ 299 found.
 glDrawElementsInstancedBaseVertex @ 300 found.
 glMultiDrawElementsBaseVertex @ 301 found.
 glProvokingVertex @ 302 found.
 glFenceSync @ 303 found.
 glIsSync @ 304 found.
 glDeleteSync @ 305 found.
 glClientWaitSync @ 306 found.
 glWaitSync @ 307 found.
 glGetInteger64v @ 308 found.
 glGetSynciv @ 309 found.
 glGetInteger64i_v @ 310 found.
 glGetBufferParameteri64v @ 311 found.
 glFramebufferTexture @ 312 found.
 glTexImage2DMultisample @ 313 found.
 glTexImage3DMultisample @ 314 found.
 glGetMultisamplefv @ 315 found.
 glSampleMaski @ 316 found.
 glBindFragDataLocationIndexed @ 317 found.
 glGetFragDataIndex @ 318 found.
 glGenSamplers @ 319 found.
 glDeleteSamplers @ 320 found.
 glIsSampler @ 321 found.
 glBindSampler @ 322 found.
 glSamplerParameteri @ 323 found.
 glSamplerParameteriv @ 324 found.
 glSamplerParameterf @ 325 found.
 glSamplerParameterfv @ 326 found.
 glSamplerParameterIiv @ 327 found.
 glSamplerParameterIuiv @ 328 found.
 glGetSamplerParameteriv @ 329 found.
 glGetSamplerParameterIiv @ 330 found.
 glGetSamplerParameterfv @ 331 found.
 glGetSamplerParameterIuiv @ 332 found.
 glQueryCounter @ 333 found.
 glGetQueryObjecti64v @ 334 found.
 glGetQueryObjectui64v @ 335 found.
 glVertexAttribDivisor @ 336 found.
 glVertexAttribP1ui @ 337 found.
 glVertexAttribP1uiv @ 338 found.
 glVertexAttribP2ui @ 339 found.
 glVertexAttribP2uiv @ 340 found.
 glVertexAttribP3ui @ 341 found.
 glVertexAttribP3uiv @ 342 found.
 glVertexAttribP4ui @ 343 found.
 glVertexAttribP4uiv @ 344 found.
 glMinSampleShading @ 345 found.
 glBlendEquationi @ 346 found.
 glBlendEquationSeparatei @ 347 found.
 glBlendFunci @ 348 found.
 glBlendFuncSeparatei @ 349 found.
 glDrawArraysIndirect @ 350 found.
 glDrawElementsIndirect @ 351 found.
 glUniform1d @ 352 found.
 glUniform2d @ 353 found.
 glUniform3d @ 354 found.
 glUniform4d @ 355 found.
 glUniform1dv @ 356 found.
 glUniform2dv @ 357 found.
 glUniform3dv @ 358 found.
 glUniform4dv @ 359 found.
 glUniformMatrix2dv @ 360 found.
 glUniformMatrix3dv @ 361 found.
 glUniformMatrix4dv @ 362 found.
 glUniformMatrix2x3dv @ 363 found.
 glUniformMatrix2x4dv @ 364 found.
 glUniformMatrix3x2dv @ 365 found.
 glUniformMatrix3x4dv @ 366 found.
 glUniformMatrix4x2dv @ 367 found.
 glUniformMatrix4x3dv @ 368 found.
 glGetUniformdv @ 369 found.
 glGetSubroutineUniformLocation @ 370 found.
 glGetSubroutineIndex @ 371 found.
 glGetActiveSubroutineUniformiv @ 372 found.
 glGetActiveSubroutineUniformName @ 373 found.
 glGetActiveSubroutineName @ 374 found.
 glUniformSubroutinesuiv @ 375 found.
 glGetUniformSubroutineuiv @ 376 found.
 glGetProgramStageiv @ 377 found.
 glPatchParameteri @ 378 found.
 glPatchParameterfv @ 379 found.
 glBindTransformFeedback @ 380 found.
 glDeleteTransformFeedbacks @ 381 found.
 glGenTransformFeedbacks @ 382 found.
 glIsTransformFeedback @ 383 found.
 glPauseTransformFeedback @ 384 found.
 glResumeTransformFeedback @ 385 found.
 glDrawTransformFeedback @ 386 found.
 glDrawTransformFeedbackStream @ 387 found.
 glBeginQueryIndexed @ 388 found.
 glEndQueryIndexed @ 389 found.
 glGetQueryIndexediv @ 390 found.
 glReleaseShaderCompiler @ 391 found.
 glShaderBinary @ 392 found.
 glGetShaderPrecisionFormat @ 393 found.
 glDepthRangef @ 394 found.
 glClearDepthf @ 395 found.
 glGetProgramBinary @ 396 found.
 glProgramBinary @ 397 found.
 glProgramParameteri @ 398 found.
 glUseProgramStages @ 399 found.
 glActiveShaderProgram @ 400 found.
 glCreateShaderProgramv @ 401 found.
 glBindProgramPipeline @ 402 found.
 glDeleteProgramPipelines @ 403 found.
 glGenProgramPipelines @ 404 found.
 glIsProgramPipeline @ 405 found.
 glGetProgramPipelineiv @ 406 found.
 glProgramUniform1i @ 407 found.
 glProgramUniform1iv @ 408 found.
 glProgramUniform1f @ 409 found.
 glProgramUniform1fv @ 410 found.
 glProgramUniform1d @ 411 found.
 glProgramUniform1dv @ 412 found.
 glProgramUniform1ui @ 413 found.
 glProgramUniform1uiv @ 414 found.
 glProgramUniform2i @ 415 found.
 glProgramUniform2iv @ 416 found.
 glProgramUniform2f @ 417 found.
 glProgramUniform2fv @ 418 found.
 glProgramUniform2d @ 419 found.
 glProgramUniform2dv @ 420 found.
 glProgramUniform2ui @ 421 found.
 glProgramUniform2uiv @ 422 found.
 glProgramUniform3i @ 423 found.
 glProgramUniform3iv @ 424 found.
 glProgramUniform3f @ 425 found.
 glProgramUniform3fv @ 426 found.
 glProgramUniform3d @ 427 found.
 glProgramUniform3dv @ 428 found.
 glProgramUniform3ui @ 429 found.
 glProgramUniform3uiv @ 430 found.
 glProgramUniform4i @ 431 found.
 glProgramUniform4iv @ 432 found.
 glProgramUniform4f @ 433 found.
 glProgramUniform4fv @ 434 found.
 glProgramUniform4d @ 435 found.
 glProgramUniform4dv @ 436 found.
 glProgramUniform4ui @ 437 found.
 glProgramUniform4uiv @ 438 found.
 glProgramUniformMatrix2fv @ 439 found.
 glProgramUniformMatrix3fv @ 440 found.
 glProgramUniformMatrix4fv @ 441 found.
 glProgramUniformMatrix2dv @ 442 found.
 glProgramUniformMatrix3dv @ 443 found.
 glProgramUniformMatrix4dv @ 444 found.
 glProgramUniformMatrix2x3fv @ 445 found.
 glProgramUniformMatrix3x2fv @ 446 found.
 glProgramUniformMatrix2x4fv @ 447 found.
 glProgramUniformMatrix4x2fv @ 448 found.
 glProgramUniformMatrix3x4fv @ 449 found.
 glProgramUniformMatrix4x3fv @ 450 found.
 glProgramUniformMatrix2x3dv @ 451 found.
 glProgramUniformMatrix3x2dv @ 452 found.
 glProgramUniformMatrix2x4dv @ 453 found.
 glProgramUniformMatrix4x2dv @ 454 found.
 glProgramUniformMatrix3x4dv @ 455 found.
 glProgramUniformMatrix4x3dv @ 456 found.
 glValidateProgramPipeline @ 457 found.
 glGetProgramPipelineInfoLog @ 458 found.
 glVertexAttribL1d @ 459 found.
 glVertexAttribL2d @ 460 found.
 glVertexAttribL3d @ 461 found.
 glVertexAttribL4d @ 462 found.
 glVertexAttribL1dv @ 463 found.
 glVertexAttribL2dv @ 464 found.
 glVertexAttribL3dv @ 465 found.
 glVertexAttribL4dv @ 466 found.
 glVertexAttribLPointer @ 467 found.
 glGetVertexAttribLdv @ 468 found.
 glViewportArrayv @ 469 found.
 glViewportIndexedf @ 470 found.
 glViewportIndexedfv @ 471 found.
 glScissorArrayv @ 472 found.
 glScissorIndexed @ 473 found.
 glScissorIndexedv @ 474 found.
 glDepthRangeArrayv @ 475 found.
 glDepthRangeIndexed @ 476 found.
 glGetFloati_v @ 477 found.
 glGetDoublei_v @ 478 found.
 glDrawArraysInstancedBaseInstance @ 479 found.
 glDrawElementsInstancedBaseInstance @ 480 found.
 glDrawElementsInstancedBaseVertexBaseInstance @ 481 found.
 glGetInternalformativ @ 482 found.
 glGetActiveAtomicCounterBufferiv @ 483 found.
 glBindImageTexture @ 484 found.
 glMemoryBarrier @ 485 found.
 glTexStorage1D @ 486 found.
 glTexStorage2D @ 487 found.
 glTexStorage3D @ 488 found.
 glDrawTransformFeedbackInstanced @ 489 found.
 glDrawTransformFeedbackStreamInstanced @ 490 found.
 glDispatchCompute @ 493 found.
 glDispatchComputeIndirect @ 494 found.
 glFramebufferParameteri @ 496 found.
 glGetFramebufferParameteriv @ 497 found.
 glGetInternalformati64v @ 498 found.
 glInvalidateFramebuffer @ 503 found.
 glInvalidateSubFramebuffer @ 504 found.
 glMultiDrawArraysIndirect @ 505 found.
 glMultiDrawElementsIndirect @ 506 found.
 glGetProgramInterfaceiv @ 507 found.
 glGetProgramResourceIndex @ 508 found.
 glGetProgramResourceName @ 509 found.
 glGetProgramResourceiv @ 510 found.
 glGetProgramResourceLocation @ 511 found.
 glGetProgramResourceLocationIndex @ 512 found.
 glShaderStorageBlockBinding @ 513 found.
 glTexBufferRange @ 514 found.
 glTexStorage2DMultisample @ 515 found.
 glTexStorage3DMultisample @ 516 found.
 glBindVertexBuffer @ 518 found.
 glVertexAttribFormat @ 519 found.
 glVertexAttribIFormat @ 520 found.
 glVertexAttribLFormat @ 521 found.
 glVertexAttribBinding @ 522 found.
 glVertexBindingDivisor @ 523 found.
 glDebugMessageControl @ 524 found.
 glDebugMessageInsert @ 525 found.
 glDebugMessageCallback @ 526 found.
 glGetDebugMessageLog @ 527 found.
 glPushDebugGroup @ 528 found.
 glPopDebugGroup @ 529 found.
 glObjectLabel @ 530 found.
 glGetObjectLabel @ 531 found.
 glObjectPtrLabel @ 532 found.
 glGetObjectPtrLabel @ 533 found.
 glBufferStorage @ 534 found.
 glClipControl @ 543 found.
 glNamedBufferStorage @ 551 found.
 glTextureBufferRange @ 589 found.
 glTextureParameteri @ 606 found.
 glMemoryBarrierByRegion @ 641 found.
 glGetGraphicsResetStatus @ 644 found.
 glGetnCompressedTexImage @ 645 found.
 glGetnTexImage @ 646 found.
 glGetnUniformdv @ 647 found.
 glGetnUniformfv @ 648 found.
 glGetnUniformiv @ 649 found.
 glGetnUniformuiv @ 650 found.
 glReadnPixels @ 651 found.
 afxDrawDriver.c:77?AfxDrawSystemRegisterDriver(dsys=00000000002c68a0,mdle=00000000002c6af0,spec=00000000001cd798)
 Class[Draw Driver].ConstructInstances(1, 00000000001cd4e0, 00000000001cd4e8)
 Constructing instance 000000000036c0f0 of Draw Driver.
 afxDrawDriver.c:119?_AfxDdrvCtor(ddrv=000000000036c0f0)
 Draw Context class registered.
New draw driver registered.
Name: SIGGL
Author: SIGMA Technology Group
Version: 0.7.2
Note: 
 ad88888ba   88    ,ad8888ba,     ,ad8888ba,   88           
d8"     "8b  88   d8"'    `"8b   d8"'    `"8b  88           
Y8,          88  d8'            d8'            88           
`Y8aaaaa,    88  88             88             88           
  `"""""8b,  88  88      88888  88      88888  88
        `8b  88  Y8,        88  Y8,        88  88           
Y8a     a8P  88   Y8a.    .a88   Y8a.    .a88  88           
 "Y88888P"   88    `"Y88888P"     `"Y88888P"   88888888888  
 Instance 000000000036c0f0[ddrv]^1 built.
 Loading draw ICDs...
 afxModule.c:72?AfxSystemAcquireModule(sys=00000000002c20d0,uri=e2draw.icd)
 afxModule.c:72?AfxSystemAcquireModule(sys=00000000002c20d0,uri=e2newton.icd)
 Class[Module].ConstructInstances(1, 00000000001cd670, 00000000001cd678)
 Constructing instance 0000000004347ff0 of Module.
 afxModule.c:123?_AfxMdleCtor(uri:e2newton.icd)
 Instance 0000000004347ff0[mdle]^1 built.
 Instance 00000000002c68a0[dsys]^1 built.
 afxDrawContext.c:282?AfxDrawSystemAcquireContext(dsys=00000000002c68a0,spec=00000000001ce538)
 Class[Draw Context].ConstructInstances(1, 00000000001ce290, 00000000001ce298)
 Constructing instance 0000000002d84400 of Draw Context.
 sglDrawContext.c:423?_AfxDctxCtor(dctx=0000000002d84400)
 Draw Script class registered.
 Draw Input class registered.
 Draw Queue class registered.
 Buffer class registered.
 Vertex Buffer class registered.
 Index Buffer class registered.
 Sampler class registered.
 Texture class registered.
 Surface class registered.
 Canvas class registered.
 Pipeline Module class registered.
 Pipeline Rig class registered.
 Pipeline class registered.
 Draw Technique class registered.
 Lego class registered.
 Draw Output class registered.
 sglDrawQueue.c:1785?_AfxDrawContextAcquireQueue(dctx=0000000002d84400)
 Class[Draw Queue].ConstructInstances(1, 00000000001cda30, 00000000001cda38)
 Constructing instance 0000000002de0380 of Draw Queue.
 sglDrawQueue.c:1836?_AfxDqueCtor(dque=0000000002de0380)
 afxUniformPipelineDescriptor.c:603?_AfxDrawContextUploadPipelineUrd(dctx=0000000002d84400,uri=data/pipeline/rgbaToRgbaYFlipped.pip.urd)
 afxUniformPipelineDescriptor.c:559?_AfxLoadAndParsePipelineUrd(dctx=0000000002d84400)
 afxUrd.c:1109?AfxFileSystemLoadUrd(uri=data/pipeline/rgbaToRgbaYFlipped.pip.urdp)
 Class[Uniform Resource Dictionary].ConstructInstances(1, 00000000001c3e80, 00000000001c3e88)
 Constructing instance 00000000002ac4e0 of Uniform Resource Dictionary.
 afxUrd.c:1068?_AfxUrdCtor(uri:data/pipeline/rgbaToRgbaYFlipped.pip.urd)
 afxFile.c:253?AfxFileSystemOpenFile(Afx.FileSystem.OpenFile(00000000002c4110,0000000000000001,data/pipeline/rgbaToRgbaYFlipped.pip.urd))
 Class[File].ConstructInstances(1, 00000000001c37b0, 00000000001c37b8)
 Constructing instance 0000000002de24a0 of File : I/O Stream.
 Constructing instance 0000000002de24a0 of I/O Stream.
 Constructing instance 0000000002de24a0 of File.
 Instance 0000000002de24a0[file]^1 built.
 Class[File].DestructInstances(1, 00000000001c3958, 00000000043142a0)
 Destructing instance 0000000002de24a0 of File class.
 Destructing instance 0000000002de24a0 of File : I/O Stream class.
 Destructing instance 0000000002de24a0 of I/O Stream class.
 Instance 0000000002de24a0[file]^0 destroyed.
 Instance 00000000002ac4e0[urd]^1 built.
 Class[Uniform Resource Dictionary].DestructInstances(1, 00000000001c3fe8, 0000000173797366)
 Destructing instance 00000000002ac4e0 of Uniform Resource Dictionary class.
 afxUrd.c:1047?_AfxUrdDtor(urd=00000000002ac4e0)
 Instance 00000000002ac4e0[urd]^0 destroyed.
 Class[Pipeline].ConstructInstances(1, 00000000001c40e0, 00000000001c40e8)
 Constructing instance 000000000037f5b0 of Pipeline : Resource.
 Constructing instance 000000000037f5b0 of Resource.
 afxResource.c:99?_AfxResCtor(res=000000000037f5b0)
 Constructing instance 000000000037f5b0 of Pipeline.
 sglPipeline.c:670?_AfxPipCtor(pip=000000000037f5b0)
 afxShader.c:58?AfxDrawContextBuildShader(dctx=0000000002d84400,code=00000000001c4a00,len=560)
 sglShader.c:217?_AfxDrawContextBuildShader(dctx=0000000002d84400,code=00000000001c4a00,len=560)
 Class[Pipeline Module].ConstructInstances(1, 00000000001c36c0, 00000000001c36c8)
 Constructing instance 00000000043142a0 of Pipeline Module.
 sglShader.c:175?_AfxPipmCtor(pipm=00000000043142a0)
 Instance 00000000043142a0[pipm]^1 built.
 Taking connection 000000000037f748 connecting 00000000043142a0?pipm#1 to holder 000000000037f5b0?pip#1.
 afxShader.c:58?AfxDrawContextBuildShader(dctx=0000000002d84400,code=00000000001c5a20,len=398)
 sglShader.c:217?_AfxDrawContextBuildShader(dctx=0000000002d84400,code=00000000001c5a20,len=398)
 Class[Pipeline Module].ConstructInstances(1, 00000000001c36c0, 00000000001c36c8)
 Constructing instance 00000000043143e0 of Pipeline Module.
 sglShader.c:175?_AfxPipmCtor(pipm=00000000043143e0)
 Instance 00000000043143e0[pipm]^1 built.
 Taking connection 000000000037f7a8 connecting 00000000043143e0?pipm#1 to holder 000000000037f5b0?pip#1.
 Class[Pipeline Rig].ConstructInstances(1, 00000000001c3790, 00000000001c3798)
 Constructing instance 0000000002de24a0 of Pipeline Rig.
 sglPipelineRig.c:116?_AfxPiprCtor(pipr=0000000002de24a0)
 Instance 0000000002de24a0[pipa]^1 built.
 Instance 000000000037f5b0[pip]^1 built.
 sglSampler.c:137?_AfxDrawContextAcquireSampler(dctx=0000000002d84400,spec=00000000001cd590)
 Class[Sampler].ConstructInstances(1, 00000000001ccfe0, 00000000001ccfe8)
 Constructing instance 0000000002de33f0 of Sampler.
 sglSampler.c:184?_AfxSmpCtor(smp=0000000002de33f0)
 Instance 0000000002de33f0[smp]^1 built.
 Class[Lego].ConstructInstances(1, 00000000001cd0b0, 00000000001cd0b8)
 Constructing instance 0000000002de3520 of Lego.
 sglLego.c:163?_AfxLegoCtor(lego=0000000002de3520)
 Instance 0000000002de3520[bset]^1 built.
 Class[Vertex Buffer].ConstructInstances(1, 00000000001cd070, 00000000001cd078)
 Constructing instance 0000000002de3870 of Vertex Buffer : Buffer.
 Constructing instance 0000000002de3870 of Buffer.
 sglBuffer.c:455?_AfxBufCtor(buf=0000000002de3870)
 Constructing instance 0000000002de3870 of Vertex Buffer.
 afxVertexBuffer.c:267?_AfxVbufCtor(vbuf=0000000002de3870)
 Instance 0000000002de3870[vbuf]^1 built.
 Instance 0000000002de0380[dque]^1 built.
 Instance 0000000002d84400[dctx]^1 built.
 afxApplication.c:368?AfxSystemAcquireApplication(sys=000052a85a598d82,spec=0000000000000000)
 Class[Application].ConstructInstances(1, 00000000001ce2f0, 00000000001ce2f8)
 Constructing instance 000000000036b480 of Application.
 afxApplication.c:399?_AfxAppCtor(app=000000000036b480)
 afxMouse.c:232?AfxSystemAcquireMouse(sys=00000000002c20d0,port=0)
 Class[Mouse].ConstructInstances(1, 00000000001cdb50, 00000000001cdb58)
 Constructing instance 000000000036bc70 of Mouse : HID.
 Constructing instance 000000000036bc70 of HID.
 afxHid.c:56?_AfxHidCtor(hid=000000000036bc70)
 Constructing instance 000000000036bc70 of Mouse.
 afxMouse.c:270?_AfxMseCtor(mse=000000000036bc70)
 Instance 000000000036bc70[mse]^1 built.
 sglDrawInput.c:219?_AfxDrawContextAcquireInput(dctx=0000000002d84400,spec=00000000001cddb0)
 Class[Draw Input].ConstructInstances(1, 00000000001cdae0, 00000000001cdae8)
 Constructing instance 000000000036d5e0 of Draw Input.
 sglDrawInput.c:268?_AfxDinCtor(din=000000000036d5e0)
 afxArena.c:800?AfxSystemAcquireArena(sys=00000000002c20d0,strategy=00000000001cd560,hint="sglDrawInput.c:303!_AfxDinCtor")
 Class[Memory Arena].ConstructInstances(1, 00000000001cd2c0, 00000000001cd2c8)
 Constructing instance 000000000036d7d0 of Memory Arena : Memory Context.
 Constructing instance 000000000036d7d0 of Memory Context.
 afxMemory.c:294?_AfxMemCtor(mem=000000000036d7d0)
 Constructing instance 000000000036d7d0 of Memory Arena.
 afxArena.c:778?_AfxArenCtor(aren=000000000036d7d0)
 Instance 000000000036d7d0[aren]^1 built.
 Instance 000000000036d5e0[din]^1 built.
 Widget class registered.
 Simulation class registered.
 Instance 000000000036b480[app]^1 built.
 afxApplication.c:320?AfxApplicationExecute(app=000000000036b480)
 mmplayer.c:94?AfxEnterApplication(app=000000000036b480)
 afxFile.c:253?AfxFileSystemOpenFile(Afx.FileSystem.OpenFile(00000000002c4110,0000000000000001,art/world.tga))
 Class[File].ConstructInstances(1, 00000000001cc7f0, 00000000001cc7f8)
 Constructing instance 00000000042e1d30 of File : I/O Stream.
 Constructing instance 00000000042e1d30 of I/O Stream.
 Constructing instance 00000000042e1d30 of File.
 Instance 00000000042e1d30[file]^1 built.
 ADV afxTextureBlueprint.c:23?AfxTextureBlueprintDeploy
    texb->fcc == AFX_FCC_TEXB
 sglTexture.c:1106?_AfxDrawContextBuildTextures(dctx=0000000002d84400,fmt=4,whd=[512,512,1],lodCnt=1,usage=0)
 Class[Texture].ConstructInstances(1, 00000000001cc590, 00000000001cc598)
 Constructing instance 000000000036dc60 of Texture : Resource.
 Constructing instance 000000000036dc60 of Resource.
 afxResource.c:99?_AfxResCtor(res=000000000036dc60)
 Constructing instance 000000000036dc60 of Texture.
 sglTexture.c:1003?_AfxTexCtor(tex=000000000036dc60)
 Instance 000000000036dc60[tex]^1 built.
 Class[File].DestructInstances(1, 00000000001cc998, 006d656d006d656d)
 Destructing instance 00000000042e1d30 of File class.
 Destructing instance 00000000042e1d30 of File : I/O Stream class.
 Destructing instance 00000000042e1d30 of I/O Stream class.
 Instance 00000000042e1d30[file]^0 destroyed.
 ERR afxTexture.c:372?AfxDrawContextAcquireTextures
    
 ERR mmplayer.c:100?AfxEnterApplication
    
 afxFile.c:253?AfxFileSystemOpenFile(Afx.FileSystem.OpenFile(00000000002c4110,0000000000000002,system/world2.tga))
 Class[File].ConstructInstances(1, 00000000001cdc10, 00000000001cdc18)
 Constructing instance 00000000042e1d30 of File : I/O Stream.
 Constructing instance 00000000042e1d30 of I/O Stream.
 Constructing instance 00000000042e1d30 of File.
 Instance 00000000042e1d30[file]^1 built.
 Class[File].DestructInstances(1, 00000000001cddb8, 006d656d006d656d)
 Destructing instance 00000000042e1d30 of File class.
 Destructing instance 00000000042e1d30 of File : I/O Stream class.
 Destructing instance 00000000042e1d30 of I/O Stream class.
 Instance 00000000042e1d30[file]^0 destroyed.
 Class[Texture].DestructInstances(1, 00000000001ce078, 000007fed7bb007d)
 Destructing instance 000000000036dc60 of Texture class.
 sglTexture.c:958?_AfxTexDtor(tex=000000000036dc60)
 Destructing instance 000000000036dc60 of Texture : Resource class.
 Destructing instance 000000000036dc60 of Resource class.
 afxResource.c:88?_AfxResDtor(res=000000000036dc60)
 Instance 000000000036dc60[tex]^0 destroyed.
 afxDrawOutput.c:129?AfxDrawContextAcquireOutput(dctx=0000000002d84400,extent=00000000001ce350,spec=00000000001ce1f0)
 sglDrawOutput.c:271?_AfxDrawContextAcquireOutput(dctx=0000000002d84400,extent=00000000001ce350,spec=00000000001ce1f0)
 Class[Draw Output].ConstructInstances(1, 00000000001cde80, 00000000001cde88)
 Constructing instance 000000000036dc60 of Draw Output.
 sglDrawOutput.c:525?_AfxDoutCtor(dout=000000000036dc60)
 sglSurface.c:91?_AfxDrawContextAcquireSurface(dctx=0000000002d84400,fmt=4,whd=[1280,720,1],usage=16)
 ADV afxTextureBlueprint.c:23?AfxTextureBlueprintDeploy
    texb->fcc == AFX_FCC_TEXB
 Class[Surface].ConstructInstances(1, 00000000001cc4b0, 00000000001cc4b8)
 Constructing instance 0000000000341060 of Surface : Texture.
 Constructing instance 0000000000341060 of Texture : Resource.
 Constructing instance 0000000000341060 of Resource.
 afxResource.c:99?_AfxResCtor(res=0000000000341060)
 Constructing instance 0000000000341060 of Texture.
 sglTexture.c:1003?_AfxTexCtor(tex=0000000000341060)
 Constructing instance 0000000000341060 of Surface.
 sglSurface.c:147?_AfxSurfCtor(surf=0000000000341060)
 Instance 0000000000341060[surf]^1 built.
 sglSurface.c:91?_AfxDrawContextAcquireSurface(dctx=0000000002d84400,fmt=4,whd=[1280,720,1],usage=16)
 ADV afxTextureBlueprint.c:23?AfxTextureBlueprintDeploy
    texb->fcc == AFX_FCC_TEXB
 Class[Surface].ConstructInstances(1, 00000000001cc4b0, 00000000001cc4b8)
 Constructing instance 0000000002d86610 of Surface : Texture.
 Constructing instance 0000000002d86610 of Texture : Resource.
 Constructing instance 0000000002d86610 of Resource.
 afxResource.c:99?_AfxResCtor(res=0000000002d86610)
 Constructing instance 0000000002d86610 of Texture.
 sglTexture.c:1003?_AfxTexCtor(tex=0000000002d86610)
 Constructing instance 0000000002d86610 of Surface.
 sglSurface.c:147?_AfxSurfCtor(surf=0000000002d86610)
 Instance 0000000002d86610[surf]^1 built.
 sglDrawOutput.c:478?_AfxStdDoutImplCtor(dout=000000000036dc60,uri=window)
 sglDrawOutput.c:329?_AfxStdDoutImplCtorWnd(dout=000000000036dc60)
 Extent readjusted. (dout)000000000036dc60 -> 1272, 0.000001 of 2343001160; 693 0.000041 of 16843007
 Instance 000000000036dc60[dout]^1 built.
 sglCanvas.c:322?_AfxDrawContextBuildCanvases(dctx=0000000002d84400,cnt=1,blueprint=00000000001cdfc0,canv=000000013f9b70b0)
 Class[Canvas].ConstructInstances(1, 00000000001cdb20, 00000000001cdb28)
 Constructing instance 00000000042e9c90 of Canvas.
 sglCanvas.c:414?_AfxCanvCtor(canv=00000000042e9c90)
 Instance 00000000042e9c90[canv]^1 built.
 sglCanvas.c:322?_AfxDrawContextBuildCanvases(dctx=0000000002d84400,cnt=1,blueprint=00000000001cdfc0,canv=000000013f9b70b8)
 Class[Canvas].ConstructInstances(1, 00000000001cdb20, 00000000001cdb28)
 Constructing instance 00000000042e9df0 of Canvas.
 sglCanvas.c:414?_AfxCanvCtor(canv=00000000042e9df0)
 Instance 00000000042e9df0[canv]^1 built.
 sglDrawInput.c:219?_AfxDrawContextAcquireInput(dctx=0000000002d84400,spec=00000000001ce1c0)
 Class[Draw Input].ConstructInstances(1, 00000000001cdeb0, 00000000001cdeb8)
 Constructing instance 00000000042e9f50 of Draw Input.
 sglDrawInput.c:268?_AfxDinCtor(din=00000000042e9f50)
 afxArena.c:800?AfxSystemAcquireArena(sys=00000000002c20d0,strategy=00000000001cd930,hint="sglDrawInput.c:303!_AfxDinCtor")
 Class[Memory Arena].ConstructInstances(1, 00000000001cd690, 00000000001cd698)
 Constructing instance 00000000042ea140 of Memory Arena : Memory Context.
 Constructing instance 00000000042ea140 of Memory Context.
 afxMemory.c:294?_AfxMemCtor(mem=00000000042ea140)
 Constructing instance 00000000042ea140 of Memory Arena.
 afxArena.c:778?_AfxArenCtor(aren=00000000042ea140)
 Instance 00000000042ea140[aren]^1 built.
 Instance 00000000042e9f50[din]^1 built.
 afxModule.c:72?AfxSystemAcquireModule(sys=00000000002c20d0,uri=binkw64.dll)
 Class[Module].ConstructInstances(1, 00000000001cdbb0, 00000000001cdbb8)
 Constructing instance 0000000004348590 of Module.
 afxModule.c:123?_AfxMdleCtor(uri:binkw64.dll)
 Instance 0000000004348590[mdle]^1 built.
 sglSampler.c:137?_AfxDrawContextAcquireSampler(dctx=0000000002d84400,spec=00000000001ce060)
 Class[Sampler].ConstructInstances(1, 00000000001cdb30, 00000000001cdb38)
 Constructing instance 00000000042ee340 of Sampler.
 sglSampler.c:184?_AfxSmpCtor(smp=00000000042ee340)
 Instance 00000000042ee340[smp]^1 built.
 afxUniformPipelineDescriptor.c:603?_AfxDrawContextUploadPipelineUrd(dctx=0000000002d84400,uri=data/pipeline/yv12ToRgba.pip.urd)
 afxUniformPipelineDescriptor.c:559?_AfxLoadAndParsePipelineUrd(dctx=0000000002d84400)
 afxUrd.c:1109?AfxFileSystemLoadUrd(uri=data/pipeline/yv12ToRgba.pip.urdp)
 Class[Uniform Resource Dictionary].ConstructInstances(1, 00000000001c49d0, 00000000001c49d8)
 Constructing instance 00000000042dbdc0 of Uniform Resource Dictionary.
 afxUrd.c:1068?_AfxUrdCtor(uri:data/pipeline/yv12ToRgba.pip.urd)
 afxFile.c:253?AfxFileSystemOpenFile(Afx.FileSystem.OpenFile(00000000002c4110,0000000000000001,data/pipeline/yv12ToRgba.pip.urd))
 Class[File].ConstructInstances(1, 00000000001c4300, 00000000001c4308)
 Constructing instance 000000000434ba40 of File : I/O Stream.
 Constructing instance 000000000434ba40 of I/O Stream.
 Constructing instance 000000000434ba40 of File.
 Instance 000000000434ba40[file]^1 built.
 Class[File].DestructInstances(1, 00000000001c44a8, 00000000043552e0)
 Destructing instance 000000000434ba40 of File class.
 Destructing instance 000000000434ba40 of File : I/O Stream class.
 Destructing instance 000000000434ba40 of I/O Stream class.
 Instance 000000000434ba40[file]^0 destroyed.
 Instance 00000000042dbdc0[urd]^1 built.
 Class[Uniform Resource Dictionary].DestructInstances(1, 00000000001c4b38, 0000000173797366)
 Destructing instance 00000000042dbdc0 of Uniform Resource Dictionary class.
 afxUrd.c:1047?_AfxUrdDtor(urd=00000000042dbdc0)
 Instance 00000000042dbdc0[urd]^0 destroyed.
 Class[Pipeline].ConstructInstances(1, 00000000001c4c30, 00000000001c4c38)
 Constructing instance 000000000435c7f0 of Pipeline : Resource.
 Constructing instance 000000000435c7f0 of Resource.
 afxResource.c:99?_AfxResCtor(res=000000000435c7f0)
 Constructing instance 000000000435c7f0 of Pipeline.
 sglPipeline.c:670?_AfxPipCtor(pip=000000000435c7f0)
 afxShader.c:58?AfxDrawContextBuildShader(dctx=0000000002d84400,code=00000000001c5550,len=442)
 sglShader.c:217?_AfxDrawContextBuildShader(dctx=0000000002d84400,code=00000000001c5550,len=442)
 Class[Pipeline Module].ConstructInstances(1, 00000000001c4210, 00000000001c4218)
 Constructing instance 000000000434d070 of Pipeline Module.
 sglShader.c:175?_AfxPipmCtor(pipm=000000000434d070)
 Instance 000000000434d070[pipm]^1 built.
 Taking connection 000000000435c988 connecting 000000000434d070?pipm#1 to holder 000000000435c7f0?pip#1.
 afxShader.c:58?AfxDrawContextBuildShader(dctx=0000000002d84400,code=00000000001c6570,len=828)
 sglShader.c:217?_AfxDrawContextBuildShader(dctx=0000000002d84400,code=00000000001c6570,len=828)
 Class[Pipeline Module].ConstructInstances(1, 00000000001c4210, 00000000001c4218)
 Constructing instance 000000000435a250 of Pipeline Module.
 sglShader.c:175?_AfxPipmCtor(pipm=000000000435a250)
 Instance 000000000435a250[pipm]^1 built.
 Taking connection 000000000435c9e8 connecting 000000000435a250?pipm#1 to holder 000000000435c7f0?pip#1.
 Class[Pipeline Rig].ConstructInstances(1, 00000000001c42e0, 00000000001c42e8)
 Constructing instance 000000000434ba40 of Pipeline Rig.
 sglPipelineRig.c:116?_AfxPiprCtor(pipr=000000000434ba40)
 Instance 000000000434ba40[pipa]^1 built.
 Instance 000000000435c7f0[pip]^1 built.
 Class[Vertex Buffer].ConstructInstances(1, 00000000001cdbc0, 00000000001cdbc8)
 Constructing instance 000000000435a390 of Vertex Buffer : Buffer.
 Constructing instance 000000000435a390 of Buffer.
 sglBuffer.c:455?_AfxBufCtor(buf=000000000435a390)
 Constructing instance 000000000435a390 of Vertex Buffer.
 afxVertexBuffer.c:267?_AfxVbufCtor(vbuf=000000000435a390)
 Instance 000000000435a390[vbuf]^1 built.
 sglSurface.c:91?_AfxDrawContextAcquireSurface(dctx=0000000002d84400,fmt=1,whd=[688,384,1],usage=16)
 ADV afxTextureBlueprint.c:23?AfxTextureBlueprintDeploy
    texb->fcc == AFX_FCC_TEXB
 Class[Surface].ConstructInstances(1, 00000000001cb650, 00000000001cb658)
 Constructing instance 00000000042e8980 of Surface : Texture.
 Constructing instance 00000000042e8980 of Texture : Resource.
 Constructing instance 00000000042e8980 of Resource.
 afxResource.c:99?_AfxResCtor(res=00000000042e8980)
 Constructing instance 00000000042e8980 of Texture.
 sglTexture.c:1003?_AfxTexCtor(tex=00000000042e8980)
 Constructing instance 00000000042e8980 of Surface.
 sglSurface.c:147?_AfxSurfCtor(surf=00000000042e8980)
 Instance 00000000042e8980[surf]^1 built.
 sglSurface.c:91?_AfxDrawContextAcquireSurface(dctx=0000000002d84400,fmt=1,whd=[344,192,1],usage=16)
 ADV afxTextureBlueprint.c:23?AfxTextureBlueprintDeploy
    texb->fcc == AFX_FCC_TEXB
 Class[Surface].ConstructInstances(1, 00000000001cb650, 00000000001cb658)
 Constructing instance 00000000043603c0 of Surface : Texture.
 Constructing instance 00000000043603c0 of Texture : Resource.
 Constructing instance 00000000043603c0 of Resource.
 afxResource.c:99?_AfxResCtor(res=00000000043603c0)
 Constructing instance 00000000043603c0 of Texture.
 sglTexture.c:1003?_AfxTexCtor(tex=00000000043603c0)
 Constructing instance 00000000043603c0 of Surface.
 sglSurface.c:147?_AfxSurfCtor(surf=00000000043603c0)
 Instance 00000000043603c0[surf]^1 built.
 sglSurface.c:91?_AfxDrawContextAcquireSurface(dctx=0000000002d84400,fmt=1,whd=[344,192,1],usage=16)
 ADV afxTextureBlueprint.c:23?AfxTextureBlueprintDeploy
    texb->fcc == AFX_FCC_TEXB
 Class[Surface].ConstructInstances(1, 00000000001cb650, 00000000001cb658)
 Constructing instance 000000000435fdc0 of Surface : Texture.
 Constructing instance 000000000435fdc0 of Texture : Resource.
 Constructing instance 000000000435fdc0 of Resource.
 afxResource.c:99?_AfxResCtor(res=000000000435fdc0)
 Constructing instance 000000000435fdc0 of Texture.
 sglTexture.c:1003?_AfxTexCtor(tex=000000000435fdc0)
 Constructing instance 000000000435fdc0 of Surface.
 sglSurface.c:147?_AfxSurfCtor(surf=000000000435fdc0)
 Instance 000000000435fdc0[surf]^1 built.
 Class[Lego].ConstructInstances(1, 00000000001cc860, 00000000001cc868)
 Constructing instance 000000000434c990 of Lego.
 sglLego.c:163?_AfxLegoCtor(lego=000000000434c990)
 Instance 000000000434c990[bset]^1 built.
 sglCanvas.c:322?_AfxDrawContextBuildCanvases(dctx=0000000002d84400,cnt=1,blueprint=00000000001ccb90,canv=000000013f9b7240)
 Class[Canvas].ConstructInstances(1, 00000000001cc720, 00000000001cc728)
 Constructing instance 0000000004362b70 of Canvas.
 sglCanvas.c:414?_AfxCanvCtor(canv=0000000004362b70)
 sglSurface.c:91?_AfxDrawContextAcquireSurface(dctx=0000000002d84400,fmt=4,whd=[688,384,1],usage=16)
 ADV afxTextureBlueprint.c:23?AfxTextureBlueprintDeploy
    texb->fcc == AFX_FCC_TEXB
 Class[Surface].ConstructInstances(1, 00000000001cab80, 00000000001cab88)
 Constructing instance 00000000043d5960 of Surface : Texture.
 Constructing instance 00000000043d5960 of Texture : Resource.
 Constructing instance 00000000043d5960 of Resource.
 afxResource.c:99?_AfxResCtor(res=00000000043d5960)
 Constructing instance 00000000043d5960 of Texture.
 sglTexture.c:1003?_AfxTexCtor(tex=00000000043d5960)
 Constructing instance 00000000043d5960 of Surface.
 sglSurface.c:147?_AfxSurfCtor(surf=00000000043d5960)
 Instance 00000000043d5960[surf]^1 built.
 Instance 0000000004362b70[canv]^1 built.
 sglSurface.c:91?_AfxDrawContextAcquireSurface(dctx=0000000002d84400,fmt=1,whd=[688,384,1],usage=16)
 ADV afxTextureBlueprint.c:23?AfxTextureBlueprintDeploy
    texb->fcc == AFX_FCC_TEXB
 Class[Surface].ConstructInstances(1, 00000000001cb650, 00000000001cb658)
 Constructing instance 00000000043d5c20 of Surface : Texture.
 Constructing instance 00000000043d5c20 of Texture : Resource.
 Constructing instance 00000000043d5c20 of Resource.
 afxResource.c:99?_AfxResCtor(res=00000000043d5c20)
 Constructing instance 00000000043d5c20 of Texture.
 sglTexture.c:1003?_AfxTexCtor(tex=00000000043d5c20)
 Constructing instance 00000000043d5c20 of Surface.
 sglSurface.c:147?_AfxSurfCtor(surf=00000000043d5c20)
 Instance 00000000043d5c20[surf]^1 built.
 sglSurface.c:91?_AfxDrawContextAcquireSurface(dctx=0000000002d84400,fmt=1,whd=[344,192,1],usage=16)
 ADV afxTextureBlueprint.c:23?AfxTextureBlueprintDeploy
    texb->fcc == AFX_FCC_TEXB
 Class[Surface].ConstructInstances(1, 00000000001cb650, 00000000001cb658)
 Constructing instance 0000000004416760 of Surface : Texture.
 Constructing instance 0000000004416760 of Texture : Resource.
 Constructing instance 0000000004416760 of Resource.
 afxResource.c:99?_AfxResCtor(res=0000000004416760)
 Constructing instance 0000000004416760 of Texture.
 sglTexture.c:1003?_AfxTexCtor(tex=0000000004416760)
 Constructing instance 0000000004416760 of Surface.
 sglSurface.c:147?_AfxSurfCtor(surf=0000000004416760)
 Instance 0000000004416760[surf]^1 built.
 sglSurface.c:91?_AfxDrawContextAcquireSurface(dctx=0000000002d84400,fmt=1,whd=[344,192,1],usage=16)
 ADV afxTextureBlueprint.c:23?AfxTextureBlueprintDeploy
    texb->fcc == AFX_FCC_TEXB
 Class[Surface].ConstructInstances(1, 00000000001cb650, 00000000001cb658)
 Constructing instance 0000000004426ca0 of Surface : Texture.
 Constructing instance 0000000004426ca0 of Texture : Resource.
 Constructing instance 0000000004426ca0 of Resource.
 afxResource.c:99?_AfxResCtor(res=0000000004426ca0)
 Constructing instance 0000000004426ca0 of Texture.
 sglTexture.c:1003?_AfxTexCtor(tex=0000000004426ca0)
 Constructing instance 0000000004426ca0 of Surface.
 sglSurface.c:147?_AfxSurfCtor(surf=0000000004426ca0)
 Instance 0000000004426ca0[surf]^1 built.
 Class[Lego].ConstructInstances(1, 00000000001cc860, 00000000001cc868)
 Constructing instance 00000000044371e0 of Lego.
 sglLego.c:163?_AfxLegoCtor(lego=00000000044371e0)
 Instance 00000000044371e0[bset]^1 built.
 sglCanvas.c:322?_AfxDrawContextBuildCanvases(dctx=0000000002d84400,cnt=1,blueprint=00000000001ccb90,canv=000000013f9b7248)
 Class[Canvas].ConstructInstances(1, 00000000001cc720, 00000000001cc728)
 Constructing instance 0000000004362e30 of Canvas.
 sglCanvas.c:414?_AfxCanvCtor(canv=0000000004362e30)
 sglSurface.c:91?_AfxDrawContextAcquireSurface(dctx=0000000002d84400,fmt=4,whd=[688,384,1],usage=16)
 ADV afxTextureBlueprint.c:23?AfxTextureBlueprintDeploy
    texb->fcc == AFX_FCC_TEXB
 Class[Surface].ConstructInstances(1, 00000000001cab80, 00000000001cab88)
 Constructing instance 0000000004437530 of Surface : Texture.
 Constructing instance 0000000004437530 of Texture : Resource.
 Constructing instance 0000000004437530 of Resource.
 afxResource.c:99?_AfxResCtor(res=0000000004437530)
 Constructing instance 0000000004437530 of Texture.
 sglTexture.c:1003?_AfxTexCtor(tex=0000000004437530)
 Constructing instance 0000000004437530 of Surface.
 sglSurface.c:147?_AfxSurfCtor(surf=0000000004437530)
 Instance 0000000004437530[surf]^1 built.
 Instance 0000000004362e30[canv]^1 built.
 Extent readjusted. (dout)000000000036dc60 -> 1366, 0.000002 of 693304006; 768 0.000000 of 4294965264
 sglDrawScript.c:426?_AfxDrawInputAcquireScript(din=00000000042e9f50)
 Class[Draw Script].ConstructInstances(1, 00000000001cda30, 00000000001cda38)
 Constructing instance 0000000004362f90 of Draw Script.
 sglDrawScript.c:470?_AfxDscrCtor(dscr=0000000004362f90)
 Instance 0000000004362f90[dscr]^1 built.
 afxTexture 0000000000341060 GPU-side data instanced.
 afxSurface 0000000000341060 GPU-side data instanced.
 afxCanvas 00000000042e9c90 GPU-side data instanced.
 ERR sglDrawQueue.c:327?_SglDqueBeginRenderPass
    
 ERR sglDrawQueue.c:327?_SglDqueBeginRenderPass
    (AfxCanvasGetSurfaceCount(dque->state.renderPass.canv) >= dque->state.renderPass.annexCnt)
    Invalid
 ERR afxCanvas.c:42?AfxCanvasGetSurface
    
 ERR afxCanvas.c:42?AfxCanvasGetSurface
    (surfIdx < AfxCanvasGetSurfaceCount(canv))
    Invalid
 ERR sglCanvas.c:252?_AfxCanvasGetSurface
    
 ERR sglCanvas.c:252?_AfxCanvasGetSurface
    (surfIdx < canv->surfCnt)
    Invalid