
 afxDebug.c:391
  AfxAttachDebugTerminal()
      ::::::::  :::       :::     :::     :::::::::  :::::::::   ::::::::      
     :+:    :+: :+:       :+:   :+: :+:   :+:    :+: :+:    :+: :+:    :+:     
     +:+    +:+ +:+       +:+  +:+   +:+  +:+    +:+ +:+    +:+ +:+    +:+     
     +#+    +:+ +#+  +:+  +#+ +#++:++#++: +#+    +:+ +#++:++#:  +#+    +:+     
     +#+  # +#+ +#+ +#+#+ +#+ +#+     +#+ +#+    +#+ +#+    +#+ +#+    +#+     
     #+#   +#+   #+#+# #+#+#  #+#     #+# #+#    #+# #+#    #+# #+#    #+#     
      ###### ###  ###   ###   ###     ### #########  ###    ###  ########      
                                                                               
          T H E   Q W A D R O   E X E C U T I O N   E C O S Y S T E M          
                                                                               
                               Public Test Build                               
              (c) 2017 SIGMA Technology Group --- Federacao SIGMA              
                                www.sigmaco.org                                
                                                                               
 Installing Basic I/O System at 67ab37dc by 00000000 over 00000000 with 67ab11c0)
 afxClass<Basic I/O System>::ConstructObject(00458090)
 afxSystem.c:1007
  _AfxSysCtor(sys=00458090)
 Installing Context at 004580cc by 004580b8 over 00000000 with 67ab17a4)
 Installing Module at 0045818c by 004580b8 over 00000000 with 67ab1080)
 Installing Thread at 004583cc by 004580b8 over 00000000 with 67ab11f0)
 Installing File at 0045854c by 004580b8 over 00000000 with 67ab1314)
 Installing Archive at 0045860c by 004580b8 over 00000000 with 67ab12e4)
 Installing Application at 0045848c by 004580b8 over 00000000 with 67ab1000)
 Installing Keyboard at 0045824c by 004580b8 over 00000000 with 67ab1344)
 Installing Mouse at 0045830c by 004580b8 over 00000000 with 67ab1374)
 Installing Draw System at 004586cc by 004580b8 over 00000000 with 67ab2074)
 [!] afxSystem.c:1091?_AfxSysCtor
  Memory page size: 4096
 [!] afxSystem.c:1092?_AfxSysCtor
  Logical processor count: 2
 afxContext.c:202
  AfxAcquireContexts(cnt=1,app=0045878c,strategy=0014e608)
 afxClass<Context>::ConstructObject(004588f0)
 afxContext.c:166
  _AfxCtxCtor(ctx=004588f0)
 afxArena.c:767
  AfxAcquireArena(aren=004587e8)
 afxArena.c:768
  AfxAcquireArena(spec=00000000,hint="afxSystem.c:1144!_AfxSysCtor")
 afxSystem.c:752
  AfxMountStoragePoints(6,0014e760)
 Point "." 5 mounted -> "E:/qwadro/afx".
 Point "system" 5 mounted -> "E:/qwadro/afx/system32".
 Point "sound" 5 mounted -> "E:/qwadro/afx/sound".
 Point "data" 5 mounted -> "E:/qwadro/afx/data".
 Point "art" 5 mounted -> "E:/qwadro/afx/art".
 Point "tmp" 7 mounted -> "E:/qwadro/afx/tmp".
 afxModule.c:169
  AfxAcquireModules(cnt=1,mdle=004587b8,uri=0014e698)
 afxClass<Module>::ConstructObject(0045d560)
 afxModule.c:125
  _AfxMdleCtor(uri:system/e2coree.dll)
 E:/qwadro/afx/system32/e2coree.dll
 afxKeyboard.c:317
  AfxAcquireKeyboards(cnt=1,kbd=004587bc,port=0014e5e0)
 afxClass<Keyboard>::ConstructObject(0045d9a0)
 afxKeyboard.c:281
  _AfxKbdCtor(kbd=0045d9a0)
 Entering the Threading Execution Environment  0
 afxThread.c:1227
  AfxAcquireThreads(cnt=10,thr=0014f608,config=00000000,hint="mmplayer.c:285!main")
 afxClass<Thread>::ConstructObject(0045ff10)
 Entering the Threading Execution Environment  1
 afxSystem.c:988
  startCbOnSysProcUnit(Threading Execution Environment 1 started)
 Entering the Threading Execution Environment  0
 afxThread.c:1173
  _AfxThrCtor(0045ff10)
 afxClass<Thread>::ConstructObject(00460070)
 afxThread.c:1173
  _AfxThrCtor(00460070)
 afxClass<Thread>::ConstructObject(004601e0)
 afxThread.c:1173
  _AfxThrCtor(004601e0)
 afxClass<Thread>::ConstructObject(00460360)
 afxThread.c:1173
  _AfxThrCtor(00460360)
 afxClass<Thread>::ConstructObject(00460470)
 afxThread.c:1173
  _AfxThrCtor(00460470)
 afxClass<Thread>::ConstructObject(00460600)
 afxThread.c:1173
  _AfxThrCtor(00460600)
 afxClass<Thread>::ConstructObject(004607a0)
 afxThread.c:1173
  _AfxThrCtor(004607a0)
 afxClass<Thread>::ConstructObject(00460950)
 afxThread.c:1173
  _AfxThrCtor(00460950)
 afxClass<Thread>::ConstructObject(00460b10)
 afxThread.c:1173
  _AfxThrCtor(00460b10)
 afxClass<Thread>::ConstructObject(00460cd0)
 afxThread.c:1173
  _AfxThrCtor(00460cd0)
 Dismantling Thread object (#0) 00460cd0...
 Destructing instance 00460cd0 of Thread class.
 afxThread.c:1142
  _AfxThrDtor(thr=00460cd0)
 Dismantling Thread object (#0) 00460b10...
 Destructing instance 00460b10 of Thread class.
 afxThread.c:1142
  _AfxThrDtor(thr=00460b10)
 Dismantling Thread object (#0) 00460950...
 Destructing instance 00460950 of Thread class.
 afxThread.c:1142
  _AfxThrDtor(thr=00460950)
 Dismantling Thread object (#0) 004607a0...
 Destructing instance 004607a0 of Thread class.
 afxThread.c:1142
  _AfxThrDtor(thr=004607a0)
 Dismantling Thread object (#0) 00460600...
 Destructing instance 00460600 of Thread class.
 afxThread.c:1142
  _AfxThrDtor(thr=00460600)
 Dismantling Thread object (#0) 00460470...
 Destructing instance 00460470 of Thread class.
 afxThread.c:1142
  _AfxThrDtor(thr=00460470)
 Dismantling Thread object (#0) 00460360...
 Destructing instance 00460360 of Thread class.
 afxThread.c:1142
  _AfxThrDtor(thr=00460360)
 Dismantling Thread object (#0) 004601e0...
 Destructing instance 004601e0 of Thread class.
 afxThread.c:1142
  _AfxThrDtor(thr=004601e0)
 Dismantling Thread object (#0) 00460070...
 Destructing instance 00460070 of Thread class.
 afxThread.c:1142
  _AfxThrDtor(thr=00460070)
 ERR afxClass.c:789?AfxReleaseObjects
  
 ERR afxClass.c:789?AfxReleaseObjects
  (inst)
    Invalid
 afxThread.c:1227
  AfxAcquireThreads(cnt=10,thr=0014f608,config=00000000,hint="mmplayer.c:287!main")
 Entering the Threading Execution Environment  1
 [!] afxPool.c:64?AfxEnumeratePoolItems
  pool 00458434, upp 1, pageIdx = 1, usedCnt 1, 0, alloced 1
 ERR afxClass.c:158?_AfxClsEnumerateInstances
  
 ERR afxClass.c:158?_AfxClsEnumerateInstances
  (inst)
    Invalid
 ERR afxClass.c:819?_AfxAssertObjects
  
 ERR afxClass.c:819?_AfxAssertObjects
  (inst)
    Invalid
 ERR afxClass.c:821?_AfxAssertObjects
  
 ERR afxClass.c:821?_AfxAssertObjects
  (cls)
    Invalid