
 afxDebug.c:373?AfxAttachDebugTerminal()
      ::::::::  :::       :::     :::     :::::::::  :::::::::   ::::::::      
     :+:    :+: :+:       :+:   :+: :+:   :+:    :+: :+:    :+: :+:    :+:     
     +:+    +:+ +:+       +:+  +:+   +:+  +:+    +:+ +:+    +:+ +:+    +:+     
     +#+    +:+ +#+  +:+  +#+ +#++:++#++: +#+    +:+ +#++:++#:  +#+    +:+     
     +#+  # +#+ +#+ +#+#+ +#+ +#+     +#+ +#+    +#+ +#+    +#+ +#+    +#+     
     #+#   +#+   #+#+# #+#+#  #+#     #+# #+#    #+# #+#    #+# #+#    #+#     
      ###### ###  ###   ###   ###     ### #########  ###    ###  ########      
                                                                               
                  S I G M A   T E C H N O L O G Y   G R O U P                  
                                                                               
                               Public Test Build                               
                           (c) 2017 Federacao SIGMA                            
                                www.sigmaco.org                                
                                                                               
 afxClass<afxSystem>::Mount(77cfec00, 00000000, 00000000, 77cdc658)
 afxClass<afxSystem>::AllocateObjects(1, 0032edb8, 0032edc8)
 afxClass<afxSystem>::BuildObjects(1, 0032edb8, 00000000)
 afxClass<afxSystem>::ConstructObject(006bf0f0)
 afxSystem.c:893?_AfxSysCtor(sys=006bf0f0)
 ADV afxSystem.c:916?_AfxSysCtor
    Memoy page size: 4096
 ADV afxSystem.c:917?_AfxSysCtor
    Logical processor count: 2
 afxClass<afxMemory>::Mount(006bf13c, 006bf124, 00000000, 77ce0958)
 afxMemory.c:259?AfxAcquireMemory(strategy=0032ded0,hint="afxSystem.c:933!_AfxSysCtor")
 afxClass<afxMemory>::AllocateObjects(1, 0032dd90, 0032dda0)
 afxClass<afxMemory>::BuildObjects(1, 0032dd90, 0032dd88)
 afxClass<afxMemory>::ConstructObject(006bf8b0)
 afxMemory.c:315?_AfxMemCtor(mem=006bf8b0)
 afxClass<afxThread>::Mount(006bf1fc, 006bf124, 00000000, 77cdccfc)
 afxClass<afxIoSystem>::Mount(006bf2bc, 006bf124, 00000000, 77cde360)
 afxClass<afxIoSystem>::AllocateObjects(1, 0032dd74, 0032dd84)
 afxClass<afxIoSystem>::BuildObjects(1, 0032dd74, 0032de9c)
 afxClass<afxIoSystem>::ConstructObject(006bffe0)
 afxIoSystem.c:683?_AfxIoCtor(io=006bffe0)
 afxArena.c:751?AfxAcquireArena(aren=006c002c)
 afxArena.c:752?AfxAcquireArena(spec=00000000,hint="afxIoSystem.c:699!_AfxIoCtor")
 afxClass<afxFile>::Mount(006c0084, 006c0014, 00000000, 77cde0a0)
 afxClass<afxArchive>::Mount(006c0144, 006c0014, 006c0084, 77cdda3c)
 afxClass<afxResource>::Mount(006c02c4, 006c0014, 00000000, 77cdf370)
 afxClass<afxUrd>::Mount(006c0204, 006c0014, 00000000, 77cdf960)
 afxIoSystem.c:384?AfxMountStoragePoints(006bffe0,6,0032e07c)
 Point "." 5 mounted -> "E:/qwadro/afx".
 Point "system" 5 mounted -> "E:/qwadro/afx/system32".
 Point "sound" 5 mounted -> "E:/qwadro/afx/sound".
 Point "tmp" 7 mounted -> "E:/qwadro/afx/tmp".
 Point "data" 5 mounted -> "E:/qwadro/afx/data".
 Point "art" 5 mounted -> "E:/qwadro/afx/art".
 afxClass<afxModule>::Mount(006bf37c, 006bf124, 00000000, 77cdaf4c)
 afxModule.c:62?AfxAcquireModule(uri=system/e2coree.dll)
 afxClass<afxModule>::AllocateObjects(1, 0032dd44, 0032dd78)
 afxClass<afxModule>::BuildObjects(1, 0032dd44, 0032dfb4)
 afxClass<afxModule>::ConstructObject(006c54b0)
 afxModule.c:130?_AfxMdleCtor(uri:system/e2coree.dll)
 afxClass<afxHid>::Mount(006bf43c, 006bf124, 00000000, 77cde6c4)
 afxClass<afxKeyboard>::Mount(006bf4fc, 006bf124, 006bf43c, 77cdefac)
 afxClass<afxMouse>::Mount(006bf5bc, 006bf124, 006bf43c, 77cdf12c)
 afxClass<afxDrawSystem>::Mount(006bf67c, 006bf124, 00000000, 77ce318c)
 afxClass<afxApplication>::Mount(006bf73c, 006bf124, 00000000, 77cda000)
 afxKeyboard.c:156?AfxAcquireKeyboard(port=0)
 afxClass<afxKeyboard>::AllocateObjects(1, 0032dd98, 0032dda8)
 afxClass<afxKeyboard>::BuildObjects(1, 0032dd98, 0032dd94)
 afxClass<afxKeyboard, afxHid>ConstructingObject(006c55e0)
 afxClass<afxHid>::ConstructObject(006c55e0)
 afxHid.c:66?_AfxHidCtor(hid=006c55e0)
 afxClass<afxKeyboard>::ConstructObject(006c55e0)
 afxKeyboard.c:212?_AfxKbdCtor(kbd=006c55e0)
 afxClass<afxDrawSystem>::AllocateObjects(1, 0032edb8, 0032edc8)
 afxClass<afxDrawSystem>::BuildObjects(1, 0032edb8, 0032eeac)
 afxClass<afxDrawSystem>::ConstructObject(006c3210)
 afxDrawSystem.c:475?_AfxDsysCtor(dsys=006c3210)
 afxClass<afxDrawDriver>::Mount(006c3258, 006c3244, 00000000, 77ce247c)
 afxClass<afxDrawContext>::Mount(006c3318, 006c3244, 00000000, 77ce1154)
 afxClass<afxDrawOutput>::Mount(006c33d8, 006c3244, 00000000, 77ce2ad0)
 afxClass<afxDrawInput>::Mount(006c3498, 006c3244, 00000000, 77ce2648)
New texture codec registered.
Name: SIGGL
Author: SIGMA Technology Group
Version: 0.5.1
Note: 
    :::::::::::     :::     :::::::::   ::::::::      :::        
        :+:       :+: :+:   :+:    :+: :+:    :+:   :+: :+:      
        +:+      +:+   +:+  +:+    +:+ +:+         +:+   +:+     
        +#+     +#++:++#++: +#++:++#:  :#:        +#++:++#++:    
        +#+     +#+     +#+ +#+    +#+ +#+   +#+# +#+     +#+    
        #+#     #+#     #+# #+#    #+# #+#    #+# #+#     #+#    
        ###     ###     ### ###    ###  ########  ###     ###    
                                                                 
                      SIGMA Technology Group                     
 Truecolor Targa texture serializer installed!
 afxModule.c:62?AfxAcquireModule(uri=e2draw.icd)
 afxClass<afxModule>::AllocateObjects(1, 0032e91c, 0032e950)
 afxClass<afxModule>::BuildObjects(1, 0032e91c, 0032ea28)
 afxClass<afxModule>::ConstructObject(006c5f30)
 afxModule.c:130?_AfxMdleCtor(uri:e2draw.icd)
 afxDrawDriver.c:98?AfxRegisterDrawDriver(spec=539f6c28)
 afxClass<afxDrawDriver>::AllocateObjects(1, 0032e93c, 0032e94c)
 afxClass<afxDrawDriver>::BuildObjects(1, 0032e93c, 539f6c28)
 afxClass<afxDrawDriver>::ConstructObject(006c6c00)
 afxDrawDriver.c:155?_AfxDdrvCtor(ddrv=006c6c00)
 Listing mem available display devices...

 #0 = Intel(R) HD Graphics (\\.\DISPLAY1) 8000005
 #1 = RDPDD Chained DD (\\.\DISPLAYV1) 200008
 #2 = RDP Encoder Mirror Driver (\\.\DISPLAYV2) 200008
 #3 = RDP Reflector Display Driver (\\.\DISPLAYV3) 200008
 sglDriver.c:1285?_SglCreateCombinedDeviceContext(oglWndClss=006c6cc0,shareCtx=00000000,phwnd=006c6cf0,phdc=006c6cf4,phrc=006c6cfc)
 sglDriver.c:787?_SglLoadVmt(vmt=006c6d00,verMajor=1,verMinor=0)
 glCullFace @ 0 found.
 glFrontFace @ 1 found.
 glHint @ 2 found.
 glLineWidth @ 3 found.
 glPointSize @ 4 found.
 glPolygonMode @ 5 found.
 glScissor @ 6 found.
 glTexParameterf @ 7 found.
 glTexParameterfv @ 8 found.
 glTexParameteri @ 9 found.
 glTexParameteriv @ 10 found.
 glTexImage1D @ 11 found.
 glTexImage2D @ 12 found.
 glDrawBuffer @ 13 found.
 glClear @ 14 found.
 glClearColor @ 15 found.
 glClearStencil @ 16 found.
 glClearDepth @ 17 found.
 glStencilMask @ 18 found.
 glColorMask @ 19 found.
 glDepthMask @ 20 found.
 glDisable @ 21 found.
 glEnable @ 22 found.
 glFinish @ 23 found.
 glFlush @ 24 found.
 glBlendFunc @ 25 found.
 glLogicOp @ 26 found.
 glStencilFunc @ 27 found.
 glStencilOp @ 28 found.
 glDepthFunc @ 29 found.
 glPixelStoref @ 30 found.
 glPixelStorei @ 31 found.
 glReadBuffer @ 32 found.
 glReadPixels @ 33 found.
 glGetBooleanv @ 34 found.
 glGetDoublev @ 35 found.
 glGetError @ 36 found.
 glGetFloatv @ 37 found.
 glGetIntegerv @ 38 found.
 glGetString @ 39 found.
 glGetTexImage @ 40 found.
 glGetTexParameterfv @ 41 found.
 glGetTexParameteriv @ 42 found.
 glGetTexLevelParameterfv @ 43 found.
 glGetTexLevelParameteriv @ 44 found.
 glIsEnabled @ 45 found.
 glDepthRange @ 46 found.
 glViewport @ 47 found.
 sglDriver.c:787?_SglLoadVmt(vmt=006c6d00,verMajor=4,verMinor=6)
 glCullFace @ 0 found.
 glFrontFace @ 1 found.
 glHint @ 2 found.
 glLineWidth @ 3 found.
 glPointSize @ 4 found.
 glPolygonMode @ 5 found.
 glScissor @ 6 found.
 glTexParameterf @ 7 found.
 glTexParameterfv @ 8 found.
 glTexParameteri @ 9 found.
 glTexParameteriv @ 10 found.
 glTexImage1D @ 11 found.
 glTexImage2D @ 12 found.
 glDrawBuffer @ 13 found.
 glClear @ 14 found.
 glClearColor @ 15 found.
 glClearStencil @ 16 found.
 glClearDepth @ 17 found.
 glStencilMask @ 18 found.
 glColorMask @ 19 found.
 glDepthMask @ 20 found.
 glDisable @ 21 found.
 glEnable @ 22 found.
 glFinish @ 23 found.
 glFlush @ 24 found.
 glBlendFunc @ 25 found.
 glLogicOp @ 26 found.
 glStencilFunc @ 27 found.
 glStencilOp @ 28 found.
 glDepthFunc @ 29 found.
 glPixelStoref @ 30 found.
 glPixelStorei @ 31 found.
 glReadBuffer @ 32 found.
 glReadPixels @ 33 found.
 glGetBooleanv @ 34 found.
 glGetDoublev @ 35 found.
 glGetError @ 36 found.
 glGetFloatv @ 37 found.
 glGetIntegerv @ 38 found.
 glGetString @ 39 found.
 glGetTexImage @ 40 found.
 glGetTexParameterfv @ 41 found.
 glGetTexParameteriv @ 42 found.
 glGetTexLevelParameterfv @ 43 found.
 glGetTexLevelParameteriv @ 44 found.
 glIsEnabled @ 45 found.
 glDepthRange @ 46 found.
 glViewport @ 47 found.
 glDrawArrays @ 48 found.
 glDrawElements @ 49 found.
 glGetPointerv @ 50 found.
 glPolygonOffset @ 51 found.
 glCopyTexImage1D @ 52 found.
 glCopyTexImage2D @ 53 found.
 glCopyTexSubImage1D @ 54 found.
 glCopyTexSubImage2D @ 55 found.
 glTexSubImage1D @ 56 found.
 glTexSubImage2D @ 57 found.
 glBindTexture @ 58 found.
 glDeleteTextures @ 59 found.
 glGenTextures @ 60 found.
 glIsTexture @ 61 found.
 glDrawRangeElements @ 62 found.
 glTexImage3D @ 63 found.
 glTexSubImage3D @ 64 found.
 glCopyTexSubImage3D @ 65 found.
 glActiveTexture @ 66 found.
 glSampleCoverage @ 67 found.
 glCompressedTexImage3D @ 68 found.
 glCompressedTexImage2D @ 69 found.
 glCompressedTexImage1D @ 70 found.
 glCompressedTexSubImage3D @ 71 found.
 glCompressedTexSubImage2D @ 72 found.
 glCompressedTexSubImage1D @ 73 found.
 glGetCompressedTexImage @ 74 found.
 glBlendFuncSeparate @ 75 found.
 glMultiDrawArrays @ 76 found.
 glMultiDrawElements @ 77 found.
 glPointParameterf @ 78 found.
 glPointParameterfv @ 79 found.
 glPointParameteri @ 80 found.
 glPointParameteriv @ 81 found.
 glBlendColor @ 82 found.
 glBlendEquation @ 83 found.
 glGenQueries @ 84 found.
 glDeleteQueries @ 85 found.
 glIsQuery @ 86 found.
 glBeginQuery @ 87 found.
 glEndQuery @ 88 found.
 glGetQueryiv @ 89 found.
 glGetQueryObjectiv @ 90 found.
 glGetQueryObjectuiv @ 91 found.
 glBindBuffer @ 92 found.
 glDeleteBuffers @ 93 found.
 glGenBuffers @ 94 found.
 glIsBuffer @ 95 found.
 glBufferData @ 96 found.
 glBufferSubData @ 97 found.
 glGetBufferSubData @ 98 found.
 glMapBuffer @ 99 found.
 glUnmapBuffer @ 100 found.
 glGetBufferParameteriv @ 101 found.
 glGetBufferPointerv @ 102 found.
 glBlendEquationSeparate @ 103 found.
 glDrawBuffers @ 104 found.
 glStencilOpSeparate @ 105 found.
 glStencilFuncSeparate @ 106 found.
 glStencilMaskSeparate @ 107 found.
 glAttachShader @ 108 found.
 glBindAttribLocation @ 109 found.
 glCompileShader @ 110 found.
 glCreateProgram @ 111 found.
 glCreateShader @ 112 found.
 glDeleteProgram @ 113 found.
 glDeleteShader @ 114 found.
 glDetachShader @ 115 found.
 glDisableVertexAttribArray @ 116 found.
 glEnableVertexAttribArray @ 117 found.
 glGetActiveAttrib @ 118 found.
 glGetActiveUniform @ 119 found.
 glGetAttachedShaders @ 120 found.
 glGetAttribLocation @ 121 found.
 glGetProgramiv @ 122 found.
 glGetProgramInfoLog @ 123 found.
 glGetShaderiv @ 124 found.
 glGetShaderInfoLog @ 125 found.
 glGetShaderSource @ 126 found.
 glGetUniformLocation @ 127 found.
 glGetUniformfv @ 128 found.
 glGetUniformiv @ 129 found.
 glGetVertexAttribdv @ 130 found.
 glGetVertexAttribfv @ 131 found.
 glGetVertexAttribiv @ 132 found.
 glGetVertexAttribPointerv @ 133 found.
 glIsProgram @ 134 found.
 glIsShader @ 135 found.
 glLinkProgram @ 136 found.
 glShaderSource @ 137 found.
 glUseProgram @ 138 found.
 glUniform1f @ 139 found.
 glUniform2f @ 140 found.
 glUniform3f @ 141 found.
 glUniform4f @ 142 found.
 glUniform1i @ 143 found.
 glUniform2i @ 144 found.
 glUniform3i @ 145 found.
 glUniform4i @ 146 found.
 glUniform1fv @ 147 found.
 glUniform2fv @ 148 found.
 glUniform3fv @ 149 found.
 glUniform4fv @ 150 found.
 glUniform1iv @ 151 found.
 glUniform2iv @ 152 found.
 glUniform3iv @ 153 found.
 glUniform4iv @ 154 found.
 glUniformMatrix2fv @ 155 found.
 glUniformMatrix3fv @ 156 found.
 glUniformMatrix4fv @ 157 found.
 glValidateProgram @ 158 found.
 glVertexAttrib1d @ 159 found.
 glVertexAttrib1dv @ 160 found.
 glVertexAttrib1f @ 161 found.
 glVertexAttrib1fv @ 162 found.
 glVertexAttrib1s @ 163 found.
 glVertexAttrib1sv @ 164 found.
 glVertexAttrib2d @ 165 found.
 glVertexAttrib2dv @ 166 found.
 glVertexAttrib2f @ 167 found.
 glVertexAttrib2fv @ 168 found.
 glVertexAttrib2s @ 169 found.
 glVertexAttrib2sv @ 170 found.
 glVertexAttrib3d @ 171 found.
 glVertexAttrib3dv @ 172 found.
 glVertexAttrib3f @ 173 found.
 glVertexAttrib3fv @ 174 found.
 glVertexAttrib3s @ 175 found.
 glVertexAttrib3sv @ 176 found.
 glVertexAttrib4Nbv @ 177 found.
 glVertexAttrib4Niv @ 178 found.
 glVertexAttrib4Nsv @ 179 found.
 glVertexAttrib4Nub @ 180 found.
 glVertexAttrib4Nubv @ 181 found.
 glVertexAttrib4Nuiv @ 182 found.
 glVertexAttrib4Nusv @ 183 found.
 glVertexAttrib4bv @ 184 found.
 glVertexAttrib4d @ 185 found.
 glVertexAttrib4dv @ 186 found.
 glVertexAttrib4f @ 187 found.
 glVertexAttrib4fv @ 188 found.
 glVertexAttrib4iv @ 189 found.
 glVertexAttrib4s @ 190 found.
 glVertexAttrib4sv @ 191 found.
 glVertexAttrib4ubv @ 192 found.
 glVertexAttrib4uiv @ 193 found.
 glVertexAttrib4usv @ 194 found.
 glVertexAttribPointer @ 195 found.
 glUniformMatrix2x3fv @ 196 found.
 glUniformMatrix3x2fv @ 197 found.
 glUniformMatrix2x4fv @ 198 found.
 glUniformMatrix4x2fv @ 199 found.
 glUniformMatrix3x4fv @ 200 found.
 glUniformMatrix4x3fv @ 201 found.
 glColorMaski @ 202 found.
 glGetBooleani_v @ 203 found.
 glGetIntegeri_v @ 204 found.
 glEnablei @ 205 found.
 glDisablei @ 206 found.
 glIsEnabledi @ 207 found.
 glBeginTransformFeedback @ 208 found.
 glEndTransformFeedback @ 209 found.
 glBindBufferRange @ 210 found.
 glBindBufferBase @ 211 found.
 glTransformFeedbackVaryings @ 212 found.
 glGetTransformFeedbackVarying @ 213 found.
 glClampColor @ 214 found.
 glBeginConditionalRender @ 215 found.
 glEndConditionalRender @ 216 found.
 glVertexAttribIPointer @ 217 found.
 glGetVertexAttribIiv @ 218 found.
 glGetVertexAttribIuiv @ 219 found.
 glVertexAttribI1i @ 220 found.
 glVertexAttribI2i @ 221 found.
 glVertexAttribI3i @ 222 found.
 glVertexAttribI4i @ 223 found.
 glVertexAttribI1ui @ 224 found.
 glVertexAttribI2ui @ 225 found.
 glVertexAttribI3ui @ 226 found.
 glVertexAttribI4ui @ 227 found.
 glVertexAttribI1iv @ 228 found.
 glVertexAttribI2iv @ 229 found.
 glVertexAttribI3iv @ 230 found.
 glVertexAttribI4iv @ 231 found.
 glVertexAttribI1uiv @ 232 found.
 glVertexAttribI2uiv @ 233 found.
 glVertexAttribI3uiv @ 234 found.
 glVertexAttribI4uiv @ 235 found.
 glVertexAttribI4bv @ 236 found.
 glVertexAttribI4sv @ 237 found.
 glVertexAttribI4ubv @ 238 found.
 glVertexAttribI4usv @ 239 found.
 glGetUniformuiv @ 240 found.
 glBindFragDataLocation @ 241 found.
 glGetFragDataLocation @ 242 found.
 glUniform1ui @ 243 found.
 glUniform2ui @ 244 found.
 glUniform3ui @ 245 found.
 glUniform4ui @ 246 found.
 glUniform1uiv @ 247 found.
 glUniform2uiv @ 248 found.
 glUniform3uiv @ 249 found.
 glUniform4uiv @ 250 found.
 glTexParameterIiv @ 251 found.
 glTexParameterIuiv @ 252 found.
 glGetTexParameterIiv @ 253 found.
 glGetTexParameterIuiv @ 254 found.
 glClearBufferiv @ 255 found.
 glClearBufferuiv @ 256 found.
 glClearBufferfv @ 257 found.
 glClearBufferfi @ 258 found.
 glGetStringi @ 259 found.
 glIsRenderbuffer @ 260 found.
 glBindRenderbuffer @ 261 found.
 glDeleteRenderbuffers @ 262 found.
 glGenRenderbuffers @ 263 found.
 glRenderbufferStorage @ 264 found.
 glGetRenderbufferParameteriv @ 265 found.
 glIsFramebuffer @ 266 found.
 glBindFramebuffer @ 267 found.
 glDeleteFramebuffers @ 268 found.
 glGenFramebuffers @ 269 found.
 glCheckFramebufferStatus @ 270 found.
 glFramebufferTexture1D @ 271 found.
 glFramebufferTexture2D @ 272 found.
 glFramebufferTexture3D @ 273 found.
 glFramebufferRenderbuffer @ 274 found.
 glGetFramebufferAttachmentParameteriv @ 275 found.
 glGenerateMipmap @ 276 found.
 glBlitFramebuffer @ 277 found.
 glRenderbufferStorageMultisample @ 278 found.
 glFramebufferTextureLayer @ 279 found.
 glMapBufferRange @ 280 found.
 glFlushMappedBufferRange @ 281 found.
 glBindVertexArray @ 282 found.
 glDeleteVertexArrays @ 283 found.
 glGenVertexArrays @ 284 found.
 glIsVertexArray @ 285 found.
 glDrawArraysInstanced @ 286 found.
 glDrawElementsInstanced @ 287 found.
 glTexBuffer @ 288 found.
 glPrimitiveRestartIndex @ 289 found.
 glCopyBufferSubData @ 290 found.
 glGetUniformIndices @ 291 found.
 glGetActiveUniformsiv @ 292 found.
 glGetActiveUniformName @ 293 found.
 glGetUniformBlockIndex @ 294 found.
 glGetActiveUniformBlockiv @ 295 found.
 glGetActiveUniformBlockName @ 296 found.
 glUniformBlockBinding @ 297 found.
 glDrawElementsBaseVertex @ 298 found.
 glDrawRangeElementsBaseVertex @ 299 found.
 glDrawElementsInstancedBaseVertex @ 300 found.
 glMultiDrawElementsBaseVertex @ 301 found.
 glProvokingVertex @ 302 found.
 glFenceSync @ 303 found.
 glIsSync @ 304 found.
 glDeleteSync @ 305 found.
 glClientWaitSync @ 306 found.
 glWaitSync @ 307 found.
 glGetInteger64v @ 308 found.
 glGetSynciv @ 309 found.
 glGetInteger64i_v @ 310 found.
 glGetBufferParameteri64v @ 311 found.
 glFramebufferTexture @ 312 found.
 glTexImage2DMultisample @ 313 found.
 glTexImage3DMultisample @ 314 found.
 glGetMultisamplefv @ 315 found.
 glSampleMaski @ 316 found.
 glBindFragDataLocationIndexed @ 317 found.
 glGetFragDataIndex @ 318 found.
 glGenSamplers @ 319 found.
 glDeleteSamplers @ 320 found.
 glIsSampler @ 321 found.
 glBindSampler @ 322 found.
 glSamplerParameteri @ 323 found.
 glSamplerParameteriv @ 324 found.
 glSamplerParameterf @ 325 found.
 glSamplerParameterfv @ 326 found.
 glSamplerParameterIiv @ 327 found.
 glSamplerParameterIuiv @ 328 found.
 glGetSamplerParameteriv @ 329 found.
 glGetSamplerParameterIiv @ 330 found.
 glGetSamplerParameterfv @ 331 found.
 glGetSamplerParameterIuiv @ 332 found.
 glQueryCounter @ 333 found.
 glGetQueryObjecti64v @ 334 found.
 glGetQueryObjectui64v @ 335 found.
 glVertexAttribDivisor @ 336 found.
 glVertexAttribP1ui @ 337 found.
 glVertexAttribP1uiv @ 338 found.
 glVertexAttribP2ui @ 339 found.
 glVertexAttribP2uiv @ 340 found.
 glVertexAttribP3ui @ 341 found.
 glVertexAttribP3uiv @ 342 found.
 glVertexAttribP4ui @ 343 found.
 glVertexAttribP4uiv @ 344 found.
 glMinSampleShading @ 345 found.
 glBlendEquationi @ 346 found.
 glBlendEquationSeparatei @ 347 found.
 glBlendFunci @ 348 found.
 glBlendFuncSeparatei @ 349 found.
 glDrawArraysIndirect @ 350 found.
 glDrawElementsIndirect @ 351 found.
 glUniform1d @ 352 found.
 glUniform2d @ 353 found.
 glUniform3d @ 354 found.
 glUniform4d @ 355 found.
 glUniform1dv @ 356 found.
 glUniform2dv @ 357 found.
 glUniform3dv @ 358 found.
 glUniform4dv @ 359 found.
 glUniformMatrix2dv @ 360 found.
 glUniformMatrix3dv @ 361 found.
 glUniformMatrix4dv @ 362 found.
 glUniformMatrix2x3dv @ 363 found.
 glUniformMatrix2x4dv @ 364 found.
 glUniformMatrix3x2dv @ 365 found.
 glUniformMatrix3x4dv @ 366 found.
 glUniformMatrix4x2dv @ 367 found.
 glUniformMatrix4x3dv @ 368 found.
 glGetUniformdv @ 369 found.
 glGetSubroutineUniformLocation @ 370 found.
 glGetSubroutineIndex @ 371 found.
 glGetActiveSubroutineUniformiv @ 372 found.
 glGetActiveSubroutineUniformName @ 373 found.
 glGetActiveSubroutineName @ 374 found.
 glUniformSubroutinesuiv @ 375 found.
 glGetUniformSubroutineuiv @ 376 found.
 glGetProgramStageiv @ 377 found.
 glPatchParameteri @ 378 found.
 glPatchParameterfv @ 379 found.
 glBindTransformFeedback @ 380 found.
 glDeleteTransformFeedbacks @ 381 found.
 glGenTransformFeedbacks @ 382 found.
 glIsTransformFeedback @ 383 found.
 glPauseTransformFeedback @ 384 found.
 glResumeTransformFeedback @ 385 found.
 glDrawTransformFeedback @ 386 found.
 glDrawTransformFeedbackStream @ 387 found.
 glBeginQueryIndexed @ 388 found.
 glEndQueryIndexed @ 389 found.
 glGetQueryIndexediv @ 390 found.
 glReleaseShaderCompiler @ 391 found.
 glShaderBinary @ 392 found.
 glGetShaderPrecisionFormat @ 393 found.
 glDepthRangef @ 394 found.
 glClearDepthf @ 395 found.
 glGetProgramBinary @ 396 found.
 glProgramBinary @ 397 found.
 glProgramParameteri @ 398 found.
 glUseProgramStages @ 399 found.
 glActiveShaderProgram @ 400 found.
 glCreateShaderProgramv @ 401 found.
 glBindProgramPipeline @ 402 found.
 glDeleteProgramPipelines @ 403 found.
 glGenProgramPipelines @ 404 found.
 glIsProgramPipeline @ 405 found.
 glGetProgramPipelineiv @ 406 found.
 glProgramUniform1i @ 407 found.
 glProgramUniform1iv @ 408 found.
 glProgramUniform1f @ 409 found.
 glProgramUniform1fv @ 410 found.
 glProgramUniform1d @ 411 found.
 glProgramUniform1dv @ 412 found.
 glProgramUniform1ui @ 413 found.
 glProgramUniform1uiv @ 414 found.
 glProgramUniform2i @ 415 found.
 glProgramUniform2iv @ 416 found.
 glProgramUniform2f @ 417 found.
 glProgramUniform2fv @ 418 found.
 glProgramUniform2d @ 419 found.
 glProgramUniform2dv @ 420 found.
 glProgramUniform2ui @ 421 found.
 glProgramUniform2uiv @ 422 found.
 glProgramUniform3i @ 423 found.
 glProgramUniform3iv @ 424 found.
 glProgramUniform3f @ 425 found.
 glProgramUniform3fv @ 426 found.
 glProgramUniform3d @ 427 found.
 glProgramUniform3dv @ 428 found.
 glProgramUniform3ui @ 429 found.
 glProgramUniform3uiv @ 430 found.
 glProgramUniform4i @ 431 found.
 glProgramUniform4iv @ 432 found.
 glProgramUniform4f @ 433 found.
 glProgramUniform4fv @ 434 found.
 glProgramUniform4d @ 435 found.
 glProgramUniform4dv @ 436 found.
 glProgramUniform4ui @ 437 found.
 glProgramUniform4uiv @ 438 found.
 glProgramUniformMatrix2fv @ 439 found.
 glProgramUniformMatrix3fv @ 440 found.
 glProgramUniformMatrix4fv @ 441 found.
 glProgramUniformMatrix2dv @ 442 found.
 glProgramUniformMatrix3dv @ 443 found.
 glProgramUniformMatrix4dv @ 444 found.
 glProgramUniformMatrix2x3fv @ 445 found.
 glProgramUniformMatrix3x2fv @ 446 found.
 glProgramUniformMatrix2x4fv @ 447 found.
 glProgramUniformMatrix4x2fv @ 448 found.
 glProgramUniformMatrix3x4fv @ 449 found.
 glProgramUniformMatrix4x3fv @ 450 found.
 glProgramUniformMatrix2x3dv @ 451 found.
 glProgramUniformMatrix3x2dv @ 452 found.
 glProgramUniformMatrix2x4dv @ 453 found.
 glProgramUniformMatrix4x2dv @ 454 found.
 glProgramUniformMatrix3x4dv @ 455 found.
 glProgramUniformMatrix4x3dv @ 456 found.
 glValidateProgramPipeline @ 457 found.
 glGetProgramPipelineInfoLog @ 458 found.
 glVertexAttribL1d @ 459 found.
 glVertexAttribL2d @ 460 found.
 glVertexAttribL3d @ 461 found.
 glVertexAttribL4d @ 462 found.
 glVertexAttribL1dv @ 463 found.
 glVertexAttribL2dv @ 464 found.
 glVertexAttribL3dv @ 465 found.
 glVertexAttribL4dv @ 466 found.
 glVertexAttribLPointer @ 467 found.
 glGetVertexAttribLdv @ 468 found.
 glViewportArrayv @ 469 found.
 glViewportIndexedf @ 470 found.
 glViewportIndexedfv @ 471 found.
 glScissorArrayv @ 472 found.
 glScissorIndexed @ 473 found.
 glScissorIndexedv @ 474 found.
 glDepthRangeArrayv @ 475 found.
 glDepthRangeIndexed @ 476 found.
 glGetFloati_v @ 477 found.
 glGetDoublei_v @ 478 found.
 glDrawArraysInstancedBaseInstance @ 479 found.
 glDrawElementsInstancedBaseInstance @ 480 found.
 glDrawElementsInstancedBaseVertexBaseInstance @ 481 found.
 glGetInternalformativ @ 482 found.
 glGetActiveAtomicCounterBufferiv @ 483 found.
 glBindImageTexture @ 484 found.
 glMemoryBarrier @ 485 found.
 glTexStorage1D @ 486 found.
 glTexStorage2D @ 487 found.
 glTexStorage3D @ 488 found.
 glDrawTransformFeedbackInstanced @ 489 found.
 glDrawTransformFeedbackStreamInstanced @ 490 found.
 glDispatchCompute @ 493 found.
 glDispatchComputeIndirect @ 494 found.
 glFramebufferParameteri @ 496 found.
 glGetFramebufferParameteriv @ 497 found.
 glGetInternalformati64v @ 498 found.
 glInvalidateFramebuffer @ 503 found.
 glInvalidateSubFramebuffer @ 504 found.
 glMultiDrawArraysIndirect @ 505 found.
 glMultiDrawElementsIndirect @ 506 found.
 glGetProgramInterfaceiv @ 507 found.
 glGetProgramResourceIndex @ 508 found.
 glGetProgramResourceName @ 509 found.
 glGetProgramResourceiv @ 510 found.
 glGetProgramResourceLocation @ 511 found.
 glGetProgramResourceLocationIndex @ 512 found.
 glShaderStorageBlockBinding @ 513 found.
 glTexBufferRange @ 514 found.
 glTexStorage2DMultisample @ 515 found.
 glTexStorage3DMultisample @ 516 found.
 glBindVertexBuffer @ 518 found.
 glVertexAttribFormat @ 519 found.
 glVertexAttribIFormat @ 520 found.
 glVertexAttribLFormat @ 521 found.
 glVertexAttribBinding @ 522 found.
 glVertexBindingDivisor @ 523 found.
 glDebugMessageControl @ 524 found.
 glDebugMessageInsert @ 525 found.
 glDebugMessageCallback @ 526 found.
 glGetDebugMessageLog @ 527 found.
 glPushDebugGroup @ 528 found.
 glPopDebugGroup @ 529 found.
 glObjectLabel @ 530 found.
 glGetObjectLabel @ 531 found.
 glObjectPtrLabel @ 532 found.
 glGetObjectPtrLabel @ 533 found.
 glBufferStorage @ 534 found.
 glClipControl @ 543 found.
 glNamedBufferStorage @ 551 found.
 glTextureBufferRange @ 589 found.
 glTextureParameteri @ 606 found.
 glMemoryBarrierByRegion @ 641 found.
 glGetGraphicsResetStatus @ 644 found.
 glGetnCompressedTexImage @ 645 found.
 glGetnTexImage @ 646 found.
 glGetnUniformdv @ 647 found.
 glGetnUniformfv @ 648 found.
 glGetnUniformiv @ 649 found.
 glGetnUniformuiv @ 650 found.
 glReadnPixels @ 651 found.
New draw driver registered.
Name: 4DGL
Author: SIGMA Technology Group
Version: 0.7.2
Note: 
     .::::         :::::::::         ::::::::        :::        
    :+:+:+         :+:    :+:       :+:    :+:       :+:        
   +:+ +:+         +:+    +:+       +:+              +:+        
  +#+  +:+         +#+    +:+       :#:              +#+        
 +#+#+#+#+#+       +#+    +#+       +#+   +#+#       +#+        
       #+#         #+#    #+#       #+#    #+#       #+#        
       ###         #########         ########        ########## 
 Loading draw ICDs...
 afxModule.c:62?AfxAcquireModule(uri=e2draw.icd)
 afxModule.c:62?AfxAcquireModule(uri=e2newton.icd)
 afxClass<afxModule>::AllocateObjects(1, 0032e73c, 0032e770)
 afxClass<afxModule>::BuildObjects(1, 0032e73c, 0032e814)
 afxClass<afxModule>::ConstructObject(02e56270)
 afxModule.c:130?_AfxMdleCtor(uri:e2newton.icd)
 afxDrawContext.c:303?AfxAcquireDrawContext(spec=0032ee70)
 afxClass<afxDrawContext>::AllocateObjects(1, 0032ed9c, 0032edac)
 afxClass<afxDrawContext>::BuildObjects(1, 0032ed9c, 0032ee70)
 afxClass<afxDrawContext>::ConstructObject(02d78410)
 afxDrawContext.c:394?_AfxDctxCtor(dctx=02d78410)
 afxArena.c:751?AfxAcquireArena(aren=02d78e2c)
 afxArena.c:752?AfxAcquireArena(spec=00000000,hint="afxDrawContext.c:413!_AfxDctxCtor")
 afxClass<afxDrawQueue>::Mount(02d78828, 02d78454, 00000000, 0032ea00)
 afxClass<afxCanvas>::Mount(02d78528, 02d78454, 00000000, 77ce37f4)
 afxClass<afxPipeline>::Mount(02d785e8, 02d78454, 00000000, 77ce4bb0)
 afxClass<afxDrawOperation>::Mount(02d78768, 02d78454, 00000000, 77ce3c60)
 afxClass<afxLego>::Mount(02d786a8, 02d78454, 00000000, 77ce4958)
 afxClass<afxDrawScript>::Mount(02d78468, 02d78454, 00000000, 77ce43d0)
 afxClass<afxBuffer>::Mount(02d788e8, 02d78454, 00000000, 77ce505c)
 afxClass<afxVertexBuffer>::Mount(02d789a8, 02d78454, 02d788e8, 77ce6850)
 afxClass<afxIndexBuffer>::Mount(02d78a68, 02d78454, 02d788e8, 77ce5348)
 afxClass<afxSampler>::Mount(02d78b28, 02d78454, 00000000, 77ce5748)
 afxClass<afxTexture>::Mount(02d78be8, 02d78454, 00000000, 77ce5ee4)
 afxClass<afxSurface>::Mount(02d78ca8, 02d78454, 02d78be8, 77ce5d90)
 afxClass<afxShader>::Mount(02d78d68, 02d78454, 00000000, 77ce5968)
 sglDrawContext.c:230?_SglDdrvVmtDctxCb(dctx=02d78410)
 afxDrawQueue.c:25?AfxAcquireDrawQueue(dctx=02d78410)
 afxClass<afxDrawQueue>::AllocateObjects(1, 0032e8dc, 0032e8f8)
 afxClass<afxDrawQueue>::BuildObjects(1, 0032e8dc, 0032e9ec)
 afxClass<afxDrawQueue>::ConstructObject(0078ff90)
 afxDrawQueue.c:71?_AfxDqueCtor(dque=0078ff90)
 sglDrawQueue.c:1847?_SglDctxVmtDqueCb(dque=0078ff90)
 Uploading draw operation 'data/pipeline/rgbaToRgba.xml'
 afxXml.c:960?AfxLoadXml(uri:data/pipeline/rgbaToRgba.xml)
 afxFile.c:328?AfxOpenFile(00000001,data/pipeline/rgbaToRgba.xml)
 afxClass<afxFile>::AllocateObjects(1, 0032dcc4, 0032dcd4)
 afxClass<afxFile>::BuildObjects(1, 0032dcc4, 0032dcbc)
 afxClass<afxFile>::ConstructObject(02507570)
 afxStream.c:590?AfxAcquireStream(ios=025075a4,flags=1,start=00000000,len=0)
 afxClass<afxFile>::DismantleObjects(1, 0032dd14)
 Destructing instance 02507570 of afxFile class.
 afxClass<afxFile>::DeallocateObjects(1, 0032dd14)
 afxClass<afxDrawOperation>::AllocateObjects(1, 02e6b060, 0032dd0c)
 afxClass<afxDrawOperation>::BuildObjects(1, 02e6b060, 0032df90)
 afxClass<afxDrawOperation>::ConstructObject(02def0e0)
 afxDrawOperation.c:667?_AfxDopCtor(dop=02def0e0)
 afxPipeline.c:365?AfxBuildPipelines(dctx=02d78410)
 afxClass<afxPipeline>::AllocateObjects(1, 02dee3d8, 0032d6c0)
 afxClass<afxPipeline>::BuildObjects(1, 02dee3d8, 0032d7ac)
 afxClass<afxPipeline>::ConstructObject(02ea3c10)
 afxPipeline.c:437?_AfxPipCtor(pip=02ea3c10)
 afxShader.c:535?AfxAcquireShaders(cnt=1,uri=02def210,shd=0032d14c)
 Uploading shader 'data/pipeline/rgbaToRgba.xml?vs'
 afxXml.c:960?AfxLoadXml(uri:data/pipeline/rgbaToRgba.xml)
 afxFile.c:328?AfxOpenFile(00000001,data/pipeline/rgbaToRgba.xml)
 afxClass<afxFile>::AllocateObjects(1, 0032c9e0, 0032c9f0)
 afxClass<afxFile>::BuildObjects(1, 0032c9e0, 0032c9d8)
 afxClass<afxFile>::ConstructObject(02ea3ee0)
 afxStream.c:590?AfxAcquireStream(ios=02ea3f14,flags=1,start=00000000,len=0)
 afxClass<afxFile>::DismantleObjects(1, 0032ca30)
 Destructing instance 02ea3ee0 of afxFile class.
 afxClass<afxFile>::DeallocateObjects(1, 0032ca30)
 afxFile.c:348?AfxOpenReadableFile(data/pipeline/stdEnv.inc)
 afxClass<afxFile>::AllocateObjects(1, 0032c7cc, 0032c7dc)
 afxClass<afxFile>::BuildObjects(1, 0032c7cc, 0032c7c4)
 afxClass<afxFile>::ConstructObject(02ea3ee0)
 afxStream.c:590?AfxAcquireStream(ios=02ea3f14,flags=5,start=00000000,len=0)
 afxClass<afxFile>::DismantleObjects(1, 0032c81c)
 Destructing instance 02ea3ee0 of afxFile class.
 afxClass<afxFile>::DeallocateObjects(1, 0032c81c)
 afxShader.c:382?AfxBuildShaders(cnt=1,blueprint=0032cd2c,shd=0032d14c)
 afxClass<afxShader>::AllocateObjects(1, 0032d14c, 0032ca28)
 afxClass<afxShader>::BuildObjects(1, 0032d14c, 0032cd2c)
 afxClass<afxShader>::ConstructObject(02ea3ee0)
 afxShader.c:642?_AfxShdCtor(shd=02ea3ee0)
 #version 330 core // QWADRO. Engineered by SIGMA Technology Group.

#define afxInt int
#define afxNat uint

#define afxReal float

#define afxV2d vec2
#define afxV3d vec3
#define afxV4d vec4

#define afxM2d mat2
#define afxM3d mat3
#define afxM4d mat4

        
        layout(location = 0) in vec2 a_xy;

        out block
        {
            vec2 uv0;
        } sgl_v;

        void main()
        {
            gl_Position = vec4(a_xy, 0.0, 1.0);
            sgl_v.uv0 = vec2(gl_Position.xy * 0.5 + 0.5).xy;
        }
       
 sglShader.c:134?_AfxShdCtor(shd=02ea3ee0)
 afxObject<02ea3ee0>::InstallEventFilter(02ea3c10)
 afxShader.c:535?AfxAcquireShaders(cnt=1,uri=02def2a0,shd=0032d14c)
 Uploading shader 'data/pipeline/rgbaToRgba.xml?fs'
 afxXml.c:960?AfxLoadXml(uri:data/pipeline/rgbaToRgba.xml)
 afxFile.c:328?AfxOpenFile(00000001,data/pipeline/rgbaToRgba.xml)
 afxClass<afxFile>::AllocateObjects(1, 0032c9e0, 0032c9f0)
 afxClass<afxFile>::BuildObjects(1, 0032c9e0, 0032c9d8)
 afxClass<afxFile>::ConstructObject(02dccde0)
 afxStream.c:590?AfxAcquireStream(ios=02dcce14,flags=1,start=00000000,len=0)
 afxClass<afxFile>::DismantleObjects(1, 0032ca30)
 Destructing instance 02dccde0 of afxFile class.
 afxClass<afxFile>::DeallocateObjects(1, 0032ca30)
 afxFile.c:348?AfxOpenReadableFile(data/pipeline/stdEnv.inc)
 afxClass<afxFile>::AllocateObjects(1, 0032c7cc, 0032c7dc)
 afxClass<afxFile>::BuildObjects(1, 0032c7cc, 0032c7c4)
 afxClass<afxFile>::ConstructObject(00788770)
 afxStream.c:590?AfxAcquireStream(ios=007887a4,flags=5,start=00000000,len=0)
 afxClass<afxFile>::DismantleObjects(1, 0032c81c)
 Destructing instance 00788770 of afxFile class.
 afxClass<afxFile>::DeallocateObjects(1, 0032c81c)
 afxShader.c:382?AfxBuildShaders(cnt=1,blueprint=0032cd2c,shd=0032d14c)
 afxClass<afxShader>::AllocateObjects(1, 0032d14c, 0032ca28)
 afxClass<afxShader>::BuildObjects(1, 0032d14c, 0032cd2c)
 afxClass<afxShader>::ConstructObject(00788770)
 afxShader.c:642?_AfxShdCtor(shd=00788770)
 #version 330 core // QWADRO. Engineered by SIGMA Technology Group.

#define afxInt int
#define afxNat uint

#define afxReal float

#define afxV2d vec2
#define afxV3d vec3
#define afxV4d vec4

#define afxM2d mat2
#define afxM3d mat3
#define afxM4d mat4

        
        uniform sampler2D samp;

        in block
        {
            vec2 uv0;
        } sgl_v;

        out vec4 sgl_rgba;

        void main()
        {
            sgl_rgba = texture(samp, sgl_v.uv0);
        }
       
 sglShader.c:134?_AfxShdCtor(shd=00788770)
 afxObject<00788770>::InstallEventFilter(02ea3c10)
 afxLego.c:202?AfxBuildLegos(dctx=02d78410)
 ERR afxDrawContext.c:107?AfxGetLegoClass
    
 ERR afxDrawContext.c:107?AfxGetLegoClass
    (var_)
    Invalid
 afxClass<afxLego>::AllocateObjects(1, 02e13c74, 0032cfa8)
 afxClass<afxLego>::BuildObjects(1, 02e13c74, 0032d2e4)
 afxClass<afxLego>::ConstructObject(02def470)
 afxLego.c:259?_AfxLegtCtor(legt=02def470)
 afxPipeline.c:365?AfxBuildPipelines(dctx=02d78410)
 afxClass<afxPipeline>::AllocateObjects(1, 02dee438, 0032d6c0)
 afxClass<afxPipeline>::BuildObjects(1, 02dee438, 0032d7ac)
 afxClass<afxPipeline>::ConstructObject(02d78f00)
 afxPipeline.c:437?_AfxPipCtor(pip=02d78f00)
 afxShader.c:535?AfxAcquireShaders(cnt=1,uri=02d79d40,shd=0032d14c)
 Uploading shader 'data/pipeline/rgbaToRgba.xml?vsFlippedY'
 afxXml.c:960?AfxLoadXml(uri:data/pipeline/rgbaToRgba.xml)
 afxFile.c:328?AfxOpenFile(00000001,data/pipeline/rgbaToRgba.xml)
 afxClass<afxFile>::AllocateObjects(1, 0032c9e0, 0032c9f0)
 afxClass<afxFile>::BuildObjects(1, 0032c9e0, 0032c9d8)
 afxClass<afxFile>::ConstructObject(02dccde0)
 afxStream.c:590?AfxAcquireStream(ios=02dcce14,flags=1,start=00000000,len=0)
 afxClass<afxFile>::DismantleObjects(1, 0032ca30)
 Destructing instance 02dccde0 of afxFile class.
 afxClass<afxFile>::DeallocateObjects(1, 0032ca30)
 afxFile.c:348?AfxOpenReadableFile(data/pipeline/stdEnv.inc)
 afxClass<afxFile>::AllocateObjects(1, 0032c7cc, 0032c7dc)
 afxClass<afxFile>::BuildObjects(1, 0032c7cc, 0032c7c4)
 afxClass<afxFile>::ConstructObject(02dccde0)
 afxStream.c:590?AfxAcquireStream(ios=02dcce14,flags=5,start=00000000,len=0)
 afxClass<afxFile>::DismantleObjects(1, 0032c81c)
 Destructing instance 02dccde0 of afxFile class.
 afxClass<afxFile>::DeallocateObjects(1, 0032c81c)
 afxShader.c:382?AfxBuildShaders(cnt=1,blueprint=0032cd2c,shd=0032d14c)
 afxClass<afxShader>::AllocateObjects(1, 0032d14c, 0032ca28)
 afxClass<afxShader>::BuildObjects(1, 0032d14c, 0032cd2c)
 afxClass<afxShader>::ConstructObject(02dccde0)
 afxShader.c:642?_AfxShdCtor(shd=02dccde0)
 #version 330 core // QWADRO. Engineered by SIGMA Technology Group.

#define afxInt int
#define afxNat uint

#define afxReal float

#define afxV2d vec2
#define afxV3d vec3
#define afxV4d vec4

#define afxM2d mat2
#define afxM3d mat3
#define afxM4d mat4

        
        const mat4 m = mat4(1, 0, 0, 0, 0, -1, 0, 0, 0, 0, 1, 0, 0, 0, 0, 1);
        
        layout(location = 0) in vec2 a_xy;
        
        out block
        {
            vec2 uv0;
        } sgl_v;

        void main()
        {
            gl_Position = vec4(a_xy, 0.0, 1.0);
            sgl_v.uv0 = vec2(m * vec4(gl_Position.xy * 0.5 + 0.5, 0, 1)).xy;
        }
       
 sglShader.c:134?_AfxShdCtor(shd=02dccde0)
 afxObject<02dccde0>::InstallEventFilter(02d78f00)
 afxShader.c:535?AfxAcquireShaders(cnt=1,uri=02def2a0,shd=0032d14c)
 Uploading shader 'data/pipeline/rgbaToRgba.xml?fs'
 afxXml.c:960?AfxLoadXml(uri:data/pipeline/rgbaToRgba.xml)
 afxFile.c:328?AfxOpenFile(00000001,data/pipeline/rgbaToRgba.xml)
 afxClass<afxFile>::AllocateObjects(1, 0032c9e0, 0032c9f0)
 afxClass<afxFile>::BuildObjects(1, 0032c9e0, 0032c9d8)
 afxClass<afxFile>::ConstructObject(02dcce90)
 afxStream.c:590?AfxAcquireStream(ios=02dccec4,flags=1,start=00000000,len=0)
 afxClass<afxFile>::DismantleObjects(1, 0032ca30)
 Destructing instance 02dcce90 of afxFile class.
 afxClass<afxFile>::DeallocateObjects(1, 0032ca30)
 afxFile.c:348?AfxOpenReadableFile(data/pipeline/stdEnv.inc)
 afxClass<afxFile>::AllocateObjects(1, 0032c7cc, 0032c7dc)
 afxClass<afxFile>::BuildObjects(1, 0032c7cc, 0032c7c4)
 afxClass<afxFile>::ConstructObject(02dcce90)
 afxStream.c:590?AfxAcquireStream(ios=02dccec4,flags=5,start=00000000,len=0)
 afxClass<afxFile>::DismantleObjects(1, 0032c81c)
 Destructing instance 02dcce90 of afxFile class.
 afxClass<afxFile>::DeallocateObjects(1, 0032c81c)
 afxShader.c:382?AfxBuildShaders(cnt=1,blueprint=0032cd2c,shd=0032d14c)
 afxClass<afxShader>::AllocateObjects(1, 0032d14c, 0032ca28)
 afxClass<afxShader>::BuildObjects(1, 0032d14c, 0032cd2c)
 afxClass<afxShader>::ConstructObject(02dcce90)
 afxShader.c:642?_AfxShdCtor(shd=02dcce90)
 #version 330 core // QWADRO. Engineered by SIGMA Technology Group.

#define afxInt int
#define afxNat uint

#define afxReal float

#define afxV2d vec2
#define afxV3d vec3
#define afxV4d vec4

#define afxM2d mat2
#define afxM3d mat3
#define afxM4d mat4

        
        uniform sampler2D samp;

        in block
        {
            vec2 uv0;
        } sgl_v;

        out vec4 sgl_rgba;

        void main()
        {
            sgl_rgba = texture(samp, sgl_v.uv0);
        }
       
 sglShader.c:134?_AfxShdCtor(shd=02dcce90)
 afxObject<02dcce90>::InstallEventFilter(02d78f00)
 afxLego.c:202?AfxBuildLegos(dctx=02d78410)
 ERR afxDrawContext.c:107?AfxGetLegoClass
    
 ERR afxDrawContext.c:107?AfxGetLegoClass
    (var_)
    Invalid
 afxClass<afxLego>::AllocateObjects(1, 02e13194, 0032cfa8)
 afxClass<afxLego>::BuildObjects(1, 02e13194, 0032d2e4)
 afxClass<afxLego>::ConstructObject(02def500)
 afxLego.c:259?_AfxLegtCtor(legt=02def500)
 afxSampler.c:37?AfxAcquireSamplers(cnt=1,spec=0032e4f0,spec=02e6b064)
 afxClass<afxSampler>::AllocateObjects(1, 02e6b064, 0032e1c0)
 afxClass<afxSampler>::BuildObjects(1, 02e6b064, 0032e4f0)
 afxClass<afxSampler>::ConstructObject(02e6c510)
 afxSampler.c:95?_AfxSampCtor(samp=02e6c510)
 sglSampler.c:143?_AfxSmpCtor(smp=02e6c510)
 afxClass<afxVertexBuffer>::AllocateObjects(1, 02e6b068, 0032e214)
 afxClass<afxVertexBuffer>::BuildObjects(1, 02e6b068, 0032e1ec)
 afxClass<afxVertexBuffer, afxBuffer>ConstructingObject(02507570)
 afxClass<afxBuffer>::ConstructObject(02507570)
 afxBuffer.c:231?_AfxBufCtor(buf=02507570)
 sglBuffer.c:327?_SglBufCtor(buf=02507570)
 afxClass<afxVertexBuffer>::ConstructObject(02507570)
 afxVertexBuffer.c:404?_AfxVbufCtor(vbuf=02507570)
 afxApplication.c:370?AfxAcquireApplication(sys=02d78410,spec=00000000)
 afxClass<afxApplication>::AllocateObjects(1, 0032edac, 0032edbc)
 afxClass<afxApplication>::BuildObjects(1, 0032edac, 0032ee40)
 afxClass<afxApplication>::ConstructObject(02e6b5e0)
 afxApplication.c:421?_AfxAppCtor(app=02e6b5e0)
 afxMouse.c:240?AfxAcquireMouse(port=0)
 afxClass<afxMouse>::AllocateObjects(1, 0032e9bc, 0032e9cc)
 afxClass<afxMouse>::BuildObjects(1, 0032e9bc, 0032e9b8)
 afxClass<afxMouse, afxHid>ConstructingObject(02e56320)
 afxClass<afxHid>::ConstructObject(02e56320)
 afxHid.c:66?_AfxHidCtor(hid=02e56320)
 afxClass<afxMouse>::ConstructObject(02e56320)
 afxMouse.c:295?_AfxMseCtor(mse=02e56320)
 afxDrawInput.c:453?AfxAcquireDrawInput(spec=0032ea60)
 afxClass<afxDrawInput>::AllocateObjects(1, 0032e9ac, 0032e9c8)
 afxClass<afxDrawInput>::BuildObjects(1, 0032e9ac, 0032ea60)
 afxClass<afxDrawInput>::ConstructObject(02e6b8a0)
 afxDrawInput.c:514?_AfxDinCtor(din=02e6b8a0)
 afxArena.c:751?AfxAcquireArena(aren=02e6b8ec)
 afxArena.c:752?AfxAcquireArena(spec=00000000,hint="afxDrawInput.c:533!_AfxDinCtor")
 sglDrawInput.c:78?_SglDdrvVmtDinCb(din=02e6b8a0,uri=obj)
 afxClass<afxWidget>::Mount(02e6b6b8, 02e6b614, 00000000, 77ce8410)
 afxClass<afxSimulation>::Mount(02e6b778, 02e6b614, 00000000, 77ce8cb4)
 afxApplication.c:322?AfxApplicationExecute(app=02e6b5e0)
 mmplayer.c:97?AfxEnterApplication(app=02e6b5e0)
 Uploading texture 'art/world.tga'
 afxFile.c:328?AfxOpenFile(00000001,art/world.tga)
 afxClass<afxFile>::AllocateObjects(1, 0032e340, 0032e350)
 afxClass<afxFile>::BuildObjects(1, 0032e340, 0032e338)
 afxClass<afxFile>::ConstructObject(02e1d710)
 afxStream.c:590?AfxAcquireStream(ios=02e1d744,flags=1,start=00000000,len=0)
 ADV afxTexture.c:53?AfxAcquireTextureBlueprint
    texb->fcc == AFX_FCC_TEXB
 afxTexture.c:787?AfxBuildTextures(cnt=1,blueprint=0032e410,tex=00885028)
 afxClass<afxTexture>::AllocateObjects(1, 00885028, 0032e318)
 afxClass<afxTexture>::BuildObjects(1, 00885028, 0032e410)
 afxClass<afxTexture>::ConstructObject(02e563f0)
 afxTexture.c:979?_AfxTexCtor(tex=02e563f0)