
 afxDebug.c:363?AfxAttachDebugTerminal()
      ::::::::  :::       :::     :::     :::::::::  :::::::::   ::::::::      
     :+:    :+: :+:       :+:   :+: :+:   :+:    :+: :+:    :+: :+:    :+:     
     +:+    +:+ +:+       +:+  +:+   +:+  +:+    +:+ +:+    +:+ +:+    +:+     
     +#+    +:+ +#+  +:+  +#+ +#++:++#++: +#+    +:+ +#++:++#:  +#+    +:+     
     +#+  # +#+ +#+ +#+#+ +#+ +#+     +#+ +#+    +#+ +#+    +#+ +#+    +#+     
     #+#   +#+   #+#+# #+#+#  #+#     #+# #+#    #+# #+#    #+# #+#    #+#     
      ###### ###  ###   ###   ###     ### #########  ###    ###  ########      
                                                                               
             S I G M A   C O . ,   T E C H N O L O G Y   G R O U P             
                                                                             
                                    4D AFX                                   
                              Public Test Build                              
                     (c) 2017 SIGMA Co., Technology Group                    
                               www.sigmaco.org                               
                                                                             
                                                                             
 afxClass<afxSystem>::Mount(50520e00, 00000000, 00000000, 504ff5f0)
 afxClass<afxSystem>::AllocateObjects(1, 0034f034, 0034f044)
 afxClass<afxSystem>::BuildObjects(1, 0034f034, 00000000)
 afxClass<afxSystem>::ConstructObject(0053f080)
 afxSystem.c:814?_AfxSysCtor(sys=0053f080)
 ADV afxSystem.c:829?_AfxSysCtor
    Memoy page size: 4096
 ADV afxSystem.c:830?_AfxSysCtor
    Logical processor count: 2
 afxClass<afxMemory>::Mount(0053f0cc, 0053f0b4, 00000000, 50503ab0)
 afxClass<Memory Arena>::Mount(0053f18c, 0053f0b4, 0053f0cc, 50503430)
 afxMemory.c:259?AfxSystemAcquireMemory(sys=0053f080,strategy=0034e098,hint="afxSystem.c:848!_AfxSysCtor")
 afxClass<afxMemory>::AllocateObjects(1, 0034df40, 0034df50)
 afxClass<afxMemory>::BuildObjects(1, 0034df40, 0034df34)
 afxClass<afxMemory>::ConstructObject(0053f8c0)
 afxMemory.c:317?_AfxMemCtor(mem=0053f8c0)
 afxClass<afxThread>::Mount(0053f24c, 0053f0b4, 00000000, 504ffcc0)
 afxClass<afxFileSystem>::Mount(0053f30c, 0053f0b4, 00000000, 5050117c)
 afxFileSystem.c:594?AfxSystemAcquireFileSystem(Afx.System.AcquireFileSystem(0053f080,6,0034e250))
 afxClass<afxFileSystem>::AllocateObjects(1, 0034df28, 0034df38)
 afxClass<afxFileSystem>::BuildObjects(1, 0034df28, 0034e05c)
 afxClass<afxFileSystem>::ConstructObject(0053ff00)
 afxFileSystem.c:653?_AfxFsysCtor(fsys=0053ff00)
 afxClass<afxStream>::Mount(0053ff50, 0053ff38, 00000000, 5050259c)
 afxClass<afxFile>::Mount(00540010, 0053ff38, 0053ff50, 50500ef8)
 afxClass<afxArchive>::Mount(005400d0, 0053ff38, 00540010, 5050089c)
 afxClass<afxResource>::Mount(00540310, 0053ff38, 00000000, 505023fc)
 afxClass<afxXml>::Mount(00540190, 0053ff38, 00000000, 50502a94)
 afxClass<afxUrd>::Mount(00540250, 0053ff38, 00000000, 505029b4)
 afxFileSystem.c:396?AfxFileSystemMountStoragePoints(Afx.FileSystem.MountStoragePoints(0053ff00,6,0034e250))
 Point "." 5 mounted -> "E:/qwadro/afx".
 Point "system" 5 mounted -> "E:/qwadro/afx/system32".
 Point "sound" 5 mounted -> "E:/qwadro/afx/sound".
 Point "tmp" 7 mounted -> "E:/qwadro/afx/tmp".
 Point "data" 5 mounted -> "E:/qwadro/afx/data".
 Point "art" 5 mounted -> "E:/qwadro/afx/art".
 afxClass<afxModule>::Mount(0053f3cc, 0053f0b4, 00000000, 504fdf08)
 afxModule.c:71?AfxSystemAcquireModule(sys=0053f080,uri=system/e2coree.dll)
 afxClass<afxModule>::AllocateObjects(1, 0034dee8, 0034df28)
 afxClass<afxModule>::BuildObjects(1, 0034dee8, 0034e17c)
 afxClass<afxModule>::ConstructObject(00543bb0)
 afxModule.c:140?_AfxMdleCtor(uri:system/e2coree.dll)
 afxClass<afxHid>::Mount(0053f48c, 0053f0b4, 00000000, 50501694)
 afxClass<afxKeyboard>::Mount(0053f54c, 0053f0b4, 0053f48c, 50501f94)
 afxClass<afxMouse>::Mount(0053f60c, 0053f0b4, 0053f48c, 50502154)
 afxClass<afxDrawSystem>::Mount(0053f6cc, 0053f0b4, 00000000, 505072b0)
 afxClass<afxApplication>::Mount(0053f78c, 0053f0b4, 00000000, 504fd000)
 afxKeyboard.c:165?AfxSystemAcquireKeyboard(sys=0053f080,port=0)
 afxClass<afxKeyboard>::AllocateObjects(1, 0034df4c, 0034df5c)
 afxClass<afxKeyboard>::BuildObjects(1, 0034df4c, 0034df44)
 afxClass<afxKeyboard, afxHid>ConstructingObject(00541c60)
 afxClass<afxHid>::ConstructObject(00541c60)
 afxHid.c:75?_AfxHidCtor(hid=00541c60)
 afxClass<afxKeyboard>::ConstructObject(00541c60)
 afxKeyboard.c:221?_AfxKbdCtor(kbd=00541c60)
 afxDrawSystem.c:317?AfxSystemAcquireDrawSystem(sys=0053f080)
 afxClass<afxDrawSystem>::AllocateObjects(1, 0034f030, 0034f040)
 afxClass<afxDrawSystem>::BuildObjects(1, 0034f030, 0034f12c)
 afxClass<afxDrawSystem>::ConstructObject(00542500)
 afxDrawSystem.c:415?_AfxDsysCtor(dsys=00542500)
 afxClass<afxDrawDriver>::Mount(00542548, 00542534, 00000000, 50505df0)
New texture codec registered.
Name: SIGGL
Author: SIGMA Technology Group
Version: 0.5.1
Note: 
    :::::::::::     :::     :::::::::   ::::::::      :::        
        :+:       :+: :+:   :+:    :+: :+:    :+:   :+: :+:      
        +:+      +:+   +:+  +:+    +:+ +:+         +:+   +:+     
        +#+     +#++:++#++: +#++:++#:  :#:        +#++:++#++:    
        +#+     +#+     +#+ +#+    +#+ +#+   +#+# +#+     +#+    
        #+#     #+#     #+# #+#    #+# #+#    #+# #+#     #+#    
        ###     ###     ### ###    ###  ########  ###     ###    
                                                                 
                      SIGMA Technology Group                     
 Truecolor Targa texture serializer installed!
 afxModule.c:71?AfxSystemAcquireModule(sys=0053f080,uri=e2draw.icd)
 afxClass<afxModule>::AllocateObjects(1, 0034eb4c, 0034eb8c)
 afxClass<afxModule>::BuildObjects(1, 0034eb4c, 0034ec6c)
 afxClass<afxModule>::ConstructObject(00542730)
 afxModule.c:140?_AfxMdleCtor(uri:e2draw.icd)
 Listing mem available display devices...

 #0 = Intel(R) HD Graphics (\\.\DISPLAY1) 8000005
 #1 = RDPDD Chained DD (\\.\DISPLAYV1) 200008
 #2 = RDP Encoder Mirror Driver (\\.\DISPLAYV2) 200008
 #3 = RDP Reflector Display Driver (\\.\DISPLAYV3) 200008
 sglDriver.c:1281?_SglCreateCombinedDeviceContext(oglWndClss=00544b40,shareCtx=00000000,phwnd=00544b70,phdc=00544b74,phrc=00544b7c)
 sglDriver.c:786?_SglLoadVmt(vmt=00544b80,verMajor=1,verMinor=0)
 glCullFace @ 0 found.
 glFrontFace @ 1 found.
 glHint @ 2 found.
 glLineWidth @ 3 found.
 glPointSize @ 4 found.
 glPolygonMode @ 5 found.
 glScissor @ 6 found.
 glTexParameterf @ 7 found.
 glTexParameterfv @ 8 found.
 glTexParameteri @ 9 found.
 glTexParameteriv @ 10 found.
 glTexImage1D @ 11 found.
 glTexImage2D @ 12 found.
 glDrawBuffer @ 13 found.
 glClear @ 14 found.
 glClearColor @ 15 found.
 glClearStencil @ 16 found.
 glClearDepth @ 17 found.
 glStencilMask @ 18 found.
 glColorMask @ 19 found.
 glDepthMask @ 20 found.
 glDisable @ 21 found.
 glEnable @ 22 found.
 glFinish @ 23 found.
 glFlush @ 24 found.
 glBlendFunc @ 25 found.
 glLogicOp @ 26 found.
 glStencilFunc @ 27 found.
 glStencilOp @ 28 found.
 glDepthFunc @ 29 found.
 glPixelStoref @ 30 found.
 glPixelStorei @ 31 found.
 glReadBuffer @ 32 found.
 glReadPixels @ 33 found.
 glGetBooleanv @ 34 found.
 glGetDoublev @ 35 found.
 glGetError @ 36 found.
 glGetFloatv @ 37 found.
 glGetIntegerv @ 38 found.
 glGetString @ 39 found.
 glGetTexImage @ 40 found.
 glGetTexParameterfv @ 41 found.
 glGetTexParameteriv @ 42 found.
 glGetTexLevelParameterfv @ 43 found.
 glGetTexLevelParameteriv @ 44 found.
 glIsEnabled @ 45 found.
 glDepthRange @ 46 found.
 glViewport @ 47 found.
 sglDriver.c:786?_SglLoadVmt(vmt=00544b80,verMajor=4,verMinor=6)
 glCullFace @ 0 found.
 glFrontFace @ 1 found.
 glHint @ 2 found.
 glLineWidth @ 3 found.
 glPointSize @ 4 found.
 glPolygonMode @ 5 found.
 glScissor @ 6 found.
 glTexParameterf @ 7 found.
 glTexParameterfv @ 8 found.
 glTexParameteri @ 9 found.
 glTexParameteriv @ 10 found.
 glTexImage1D @ 11 found.
 glTexImage2D @ 12 found.
 glDrawBuffer @ 13 found.
 glClear @ 14 found.
 glClearColor @ 15 found.
 glClearStencil @ 16 found.
 glClearDepth @ 17 found.
 glStencilMask @ 18 found.
 glColorMask @ 19 found.
 glDepthMask @ 20 found.
 glDisable @ 21 found.
 glEnable @ 22 found.
 glFinish @ 23 found.
 glFlush @ 24 found.
 glBlendFunc @ 25 found.
 glLogicOp @ 26 found.
 glStencilFunc @ 27 found.
 glStencilOp @ 28 found.
 glDepthFunc @ 29 found.
 glPixelStoref @ 30 found.
 glPixelStorei @ 31 found.
 glReadBuffer @ 32 found.
 glReadPixels @ 33 found.
 glGetBooleanv @ 34 found.
 glGetDoublev @ 35 found.
 glGetError @ 36 found.
 glGetFloatv @ 37 found.
 glGetIntegerv @ 38 found.
 glGetString @ 39 found.
 glGetTexImage @ 40 found.
 glGetTexParameterfv @ 41 found.
 glGetTexParameteriv @ 42 found.
 glGetTexLevelParameterfv @ 43 found.
 glGetTexLevelParameteriv @ 44 found.
 glIsEnabled @ 45 found.
 glDepthRange @ 46 found.
 glViewport @ 47 found.
 glDrawArrays @ 48 found.
 glDrawElements @ 49 found.
 glGetPointerv @ 50 found.
 glPolygonOffset @ 51 found.
 glCopyTexImage1D @ 52 found.
 glCopyTexImage2D @ 53 found.
 glCopyTexSubImage1D @ 54 found.
 glCopyTexSubImage2D @ 55 found.
 glTexSubImage1D @ 56 found.
 glTexSubImage2D @ 57 found.
 glBindTexture @ 58 found.
 glDeleteTextures @ 59 found.
 glGenTextures @ 60 found.
 glIsTexture @ 61 found.
 glDrawRangeElements @ 62 found.
 glTexImage3D @ 63 found.
 glTexSubImage3D @ 64 found.
 glCopyTexSubImage3D @ 65 found.
 glActiveTexture @ 66 found.
 glSampleCoverage @ 67 found.
 glCompressedTexImage3D @ 68 found.
 glCompressedTexImage2D @ 69 found.
 glCompressedTexImage1D @ 70 found.
 glCompressedTexSubImage3D @ 71 found.
 glCompressedTexSubImage2D @ 72 found.
 glCompressedTexSubImage1D @ 73 found.
 glGetCompressedTexImage @ 74 found.
 glBlendFuncSeparate @ 75 found.
 glMultiDrawArrays @ 76 found.
 glMultiDrawElements @ 77 found.
 glPointParameterf @ 78 found.
 glPointParameterfv @ 79 found.
 glPointParameteri @ 80 found.
 glPointParameteriv @ 81 found.
 glBlendColor @ 82 found.
 glBlendEquation @ 83 found.
 glGenQueries @ 84 found.
 glDeleteQueries @ 85 found.
 glIsQuery @ 86 found.
 glBeginQuery @ 87 found.
 glEndQuery @ 88 found.
 glGetQueryiv @ 89 found.
 glGetQueryObjectiv @ 90 found.
 glGetQueryObjectuiv @ 91 found.
 glBindBuffer @ 92 found.
 glDeleteBuffers @ 93 found.
 glGenBuffers @ 94 found.
 glIsBuffer @ 95 found.
 glBufferData @ 96 found.
 glBufferSubData @ 97 found.
 glGetBufferSubData @ 98 found.
 glMapBuffer @ 99 found.
 glUnmapBuffer @ 100 found.
 glGetBufferParameteriv @ 101 found.
 glGetBufferPointerv @ 102 found.
 glBlendEquationSeparate @ 103 found.
 glDrawBuffers @ 104 found.
 glStencilOpSeparate @ 105 found.
 glStencilFuncSeparate @ 106 found.
 glStencilMaskSeparate @ 107 found.
 glAttachShader @ 108 found.
 glBindAttribLocation @ 109 found.
 glCompileShader @ 110 found.
 glCreateProgram @ 111 found.
 glCreateShader @ 112 found.
 glDeleteProgram @ 113 found.
 glDeleteShader @ 114 found.
 glDetachShader @ 115 found.
 glDisableVertexAttribArray @ 116 found.
 glEnableVertexAttribArray @ 117 found.
 glGetActiveAttrib @ 118 found.
 glGetActiveUniform @ 119 found.
 glGetAttachedShaders @ 120 found.
 glGetAttribLocation @ 121 found.
 glGetProgramiv @ 122 found.
 glGetProgramInfoLog @ 123 found.
 glGetShaderiv @ 124 found.
 glGetShaderInfoLog @ 125 found.
 glGetShaderSource @ 126 found.
 glGetUniformLocation @ 127 found.
 glGetUniformfv @ 128 found.
 glGetUniformiv @ 129 found.
 glGetVertexAttribdv @ 130 found.
 glGetVertexAttribfv @ 131 found.
 glGetVertexAttribiv @ 132 found.
 glGetVertexAttribPointerv @ 133 found.
 glIsProgram @ 134 found.
 glIsShader @ 135 found.
 glLinkProgram @ 136 found.
 glShaderSource @ 137 found.
 glUseProgram @ 138 found.
 glUniform1f @ 139 found.
 glUniform2f @ 140 found.
 glUniform3f @ 141 found.
 glUniform4f @ 142 found.
 glUniform1i @ 143 found.
 glUniform2i @ 144 found.
 glUniform3i @ 145 found.
 glUniform4i @ 146 found.
 glUniform1fv @ 147 found.
 glUniform2fv @ 148 found.
 glUniform3fv @ 149 found.
 glUniform4fv @ 150 found.
 glUniform1iv @ 151 found.
 glUniform2iv @ 152 found.
 glUniform3iv @ 153 found.
 glUniform4iv @ 154 found.
 glUniformMatrix2fv @ 155 found.
 glUniformMatrix3fv @ 156 found.
 glUniformMatrix4fv @ 157 found.
 glValidateProgram @ 158 found.
 glVertexAttrib1d @ 159 found.
 glVertexAttrib1dv @ 160 found.
 glVertexAttrib1f @ 161 found.
 glVertexAttrib1fv @ 162 found.
 glVertexAttrib1s @ 163 found.
 glVertexAttrib1sv @ 164 found.
 glVertexAttrib2d @ 165 found.
 glVertexAttrib2dv @ 166 found.
 glVertexAttrib2f @ 167 found.
 glVertexAttrib2fv @ 168 found.
 glVertexAttrib2s @ 169 found.
 glVertexAttrib2sv @ 170 found.
 glVertexAttrib3d @ 171 found.
 glVertexAttrib3dv @ 172 found.
 glVertexAttrib3f @ 173 found.
 glVertexAttrib3fv @ 174 found.
 glVertexAttrib3s @ 175 found.
 glVertexAttrib3sv @ 176 found.
 glVertexAttrib4Nbv @ 177 found.
 glVertexAttrib4Niv @ 178 found.
 glVertexAttrib4Nsv @ 179 found.
 glVertexAttrib4Nub @ 180 found.
 glVertexAttrib4Nubv @ 181 found.
 glVertexAttrib4Nuiv @ 182 found.
 glVertexAttrib4Nusv @ 183 found.
 glVertexAttrib4bv @ 184 found.
 glVertexAttrib4d @ 185 found.
 glVertexAttrib4dv @ 186 found.
 glVertexAttrib4f @ 187 found.
 glVertexAttrib4fv @ 188 found.
 glVertexAttrib4iv @ 189 found.
 glVertexAttrib4s @ 190 found.
 glVertexAttrib4sv @ 191 found.
 glVertexAttrib4ubv @ 192 found.
 glVertexAttrib4uiv @ 193 found.
 glVertexAttrib4usv @ 194 found.
 glVertexAttribPointer @ 195 found.
 glUniformMatrix2x3fv @ 196 found.
 glUniformMatrix3x2fv @ 197 found.
 glUniformMatrix2x4fv @ 198 found.
 glUniformMatrix4x2fv @ 199 found.
 glUniformMatrix3x4fv @ 200 found.
 glUniformMatrix4x3fv @ 201 found.
 glColorMaski @ 202 found.
 glGetBooleani_v @ 203 found.
 glGetIntegeri_v @ 204 found.
 glEnablei @ 205 found.
 glDisablei @ 206 found.
 glIsEnabledi @ 207 found.
 glBeginTransformFeedback @ 208 found.
 glEndTransformFeedback @ 209 found.
 glBindBufferRange @ 210 found.
 glBindBufferBase @ 211 found.
 glTransformFeedbackVaryings @ 212 found.
 glGetTransformFeedbackVarying @ 213 found.
 glClampColor @ 214 found.
 glBeginConditionalRender @ 215 found.
 glEndConditionalRender @ 216 found.
 glVertexAttribIPointer @ 217 found.
 glGetVertexAttribIiv @ 218 found.
 glGetVertexAttribIuiv @ 219 found.
 glVertexAttribI1i @ 220 found.
 glVertexAttribI2i @ 221 found.
 glVertexAttribI3i @ 222 found.
 glVertexAttribI4i @ 223 found.
 glVertexAttribI1ui @ 224 found.
 glVertexAttribI2ui @ 225 found.
 glVertexAttribI3ui @ 226 found.
 glVertexAttribI4ui @ 227 found.
 glVertexAttribI1iv @ 228 found.
 glVertexAttribI2iv @ 229 found.
 glVertexAttribI3iv @ 230 found.
 glVertexAttribI4iv @ 231 found.
 glVertexAttribI1uiv @ 232 found.
 glVertexAttribI2uiv @ 233 found.
 glVertexAttribI3uiv @ 234 found.
 glVertexAttribI4uiv @ 235 found.
 glVertexAttribI4bv @ 236 found.
 glVertexAttribI4sv @ 237 found.
 glVertexAttribI4ubv @ 238 found.
 glVertexAttribI4usv @ 239 found.
 glGetUniformuiv @ 240 found.
 glBindFragDataLocation @ 241 found.
 glGetFragDataLocation @ 242 found.
 glUniform1ui @ 243 found.
 glUniform2ui @ 244 found.
 glUniform3ui @ 245 found.
 glUniform4ui @ 246 found.
 glUniform1uiv @ 247 found.
 glUniform2uiv @ 248 found.
 glUniform3uiv @ 249 found.
 glUniform4uiv @ 250 found.
 glTexParameterIiv @ 251 found.
 glTexParameterIuiv @ 252 found.
 glGetTexParameterIiv @ 253 found.
 glGetTexParameterIuiv @ 254 found.
 glClearBufferiv @ 255 found.
 glClearBufferuiv @ 256 found.
 glClearBufferfv @ 257 found.
 glClearBufferfi @ 258 found.
 glGetStringi @ 259 found.
 glIsRenderbuffer @ 260 found.
 glBindRenderbuffer @ 261 found.
 glDeleteRenderbuffers @ 262 found.
 glGenRenderbuffers @ 263 found.
 glRenderbufferStorage @ 264 found.
 glGetRenderbufferParameteriv @ 265 found.
 glIsFramebuffer @ 266 found.
 glBindFramebuffer @ 267 found.
 glDeleteFramebuffers @ 268 found.
 glGenFramebuffers @ 269 found.
 glCheckFramebufferStatus @ 270 found.
 glFramebufferTexture1D @ 271 found.
 glFramebufferTexture2D @ 272 found.
 glFramebufferTexture3D @ 273 found.
 glFramebufferRenderbuffer @ 274 found.
 glGetFramebufferAttachmentParameteriv @ 275 found.
 glGenerateMipmap @ 276 found.
 glBlitFramebuffer @ 277 found.
 glRenderbufferStorageMultisample @ 278 found.
 glFramebufferTextureLayer @ 279 found.
 glMapBufferRange @ 280 found.
 glFlushMappedBufferRange @ 281 found.
 glBindVertexArray @ 282 found.
 glDeleteVertexArrays @ 283 found.
 glGenVertexArrays @ 284 found.
 glIsVertexArray @ 285 found.
 glDrawArraysInstanced @ 286 found.
 glDrawElementsInstanced @ 287 found.
 glTexBuffer @ 288 found.
 glPrimitiveRestartIndex @ 289 found.
 glCopyBufferSubData @ 290 found.
 glGetUniformIndices @ 291 found.
 glGetActiveUniformsiv @ 292 found.
 glGetActiveUniformName @ 293 found.
 glGetUniformBlockIndex @ 294 found.
 glGetActiveUniformBlockiv @ 295 found.
 glGetActiveUniformBlockName @ 296 found.
 glUniformBlockBinding @ 297 found.
 glDrawElementsBaseVertex @ 298 found.
 glDrawRangeElementsBaseVertex @ 299 found.
 glDrawElementsInstancedBaseVertex @ 300 found.
 glMultiDrawElementsBaseVertex @ 301 found.
 glProvokingVertex @ 302 found.
 glFenceSync @ 303 found.
 glIsSync @ 304 found.
 glDeleteSync @ 305 found.
 glClientWaitSync @ 306 found.
 glWaitSync @ 307 found.
 glGetInteger64v @ 308 found.
 glGetSynciv @ 309 found.
 glGetInteger64i_v @ 310 found.
 glGetBufferParameteri64v @ 311 found.
 glFramebufferTexture @ 312 found.
 glTexImage2DMultisample @ 313 found.
 glTexImage3DMultisample @ 314 found.
 glGetMultisamplefv @ 315 found.
 glSampleMaski @ 316 found.
 glBindFragDataLocationIndexed @ 317 found.
 glGetFragDataIndex @ 318 found.
 glGenSamplers @ 319 found.
 glDeleteSamplers @ 320 found.
 glIsSampler @ 321 found.
 glBindSampler @ 322 found.
 glSamplerParameteri @ 323 found.
 glSamplerParameteriv @ 324 found.
 glSamplerParameterf @ 325 found.
 glSamplerParameterfv @ 326 found.
 glSamplerParameterIiv @ 327 found.
 glSamplerParameterIuiv @ 328 found.
 glGetSamplerParameteriv @ 329 found.
 glGetSamplerParameterIiv @ 330 found.
 glGetSamplerParameterfv @ 331 found.
 glGetSamplerParameterIuiv @ 332 found.
 glQueryCounter @ 333 found.
 glGetQueryObjecti64v @ 334 found.
 glGetQueryObjectui64v @ 335 found.
 glVertexAttribDivisor @ 336 found.
 glVertexAttribP1ui @ 337 found.
 glVertexAttribP1uiv @ 338 found.
 glVertexAttribP2ui @ 339 found.
 glVertexAttribP2uiv @ 340 found.
 glVertexAttribP3ui @ 341 found.
 glVertexAttribP3uiv @ 342 found.
 glVertexAttribP4ui @ 343 found.
 glVertexAttribP4uiv @ 344 found.
 glMinSampleShading @ 345 found.
 glBlendEquationi @ 346 found.
 glBlendEquationSeparatei @ 347 found.
 glBlendFunci @ 348 found.
 glBlendFuncSeparatei @ 349 found.
 glDrawArraysIndirect @ 350 found.
 glDrawElementsIndirect @ 351 found.
 glUniform1d @ 352 found.
 glUniform2d @ 353 found.
 glUniform3d @ 354 found.
 glUniform4d @ 355 found.
 glUniform1dv @ 356 found.
 glUniform2dv @ 357 found.
 glUniform3dv @ 358 found.
 glUniform4dv @ 359 found.
 glUniformMatrix2dv @ 360 found.
 glUniformMatrix3dv @ 361 found.
 glUniformMatrix4dv @ 362 found.
 glUniformMatrix2x3dv @ 363 found.
 glUniformMatrix2x4dv @ 364 found.
 glUniformMatrix3x2dv @ 365 found.
 glUniformMatrix3x4dv @ 366 found.
 glUniformMatrix4x2dv @ 367 found.
 glUniformMatrix4x3dv @ 368 found.
 glGetUniformdv @ 369 found.
 glGetSubroutineUniformLocation @ 370 found.
 glGetSubroutineIndex @ 371 found.
 glGetActiveSubroutineUniformiv @ 372 found.
 glGetActiveSubroutineUniformName @ 373 found.
 glGetActiveSubroutineName @ 374 found.
 glUniformSubroutinesuiv @ 375 found.
 glGetUniformSubroutineuiv @ 376 found.
 glGetProgramStageiv @ 377 found.
 glPatchParameteri @ 378 found.
 glPatchParameterfv @ 379 found.
 glBindTransformFeedback @ 380 found.
 glDeleteTransformFeedbacks @ 381 found.
 glGenTransformFeedbacks @ 382 found.
 glIsTransformFeedback @ 383 found.
 glPauseTransformFeedback @ 384 found.
 glResumeTransformFeedback @ 385 found.
 glDrawTransformFeedback @ 386 found.
 glDrawTransformFeedbackStream @ 387 found.
 glBeginQueryIndexed @ 388 found.
 glEndQueryIndexed @ 389 found.
 glGetQueryIndexediv @ 390 found.
 glReleaseShaderCompiler @ 391 found.
 glShaderBinary @ 392 found.
 glGetShaderPrecisionFormat @ 393 found.
 glDepthRangef @ 394 found.
 glClearDepthf @ 395 found.
 glGetProgramBinary @ 396 found.
 glProgramBinary @ 397 found.
 glProgramParameteri @ 398 found.
 glUseProgramStages @ 399 found.
 glActiveShaderProgram @ 400 found.
 glCreateShaderProgramv @ 401 found.
 glBindProgramPipeline @ 402 found.
 glDeleteProgramPipelines @ 403 found.
 glGenProgramPipelines @ 404 found.
 glIsProgramPipeline @ 405 found.
 glGetProgramPipelineiv @ 406 found.
 glProgramUniform1i @ 407 found.
 glProgramUniform1iv @ 408 found.
 glProgramUniform1f @ 409 found.
 glProgramUniform1fv @ 410 found.
 glProgramUniform1d @ 411 found.
 glProgramUniform1dv @ 412 found.
 glProgramUniform1ui @ 413 found.
 glProgramUniform1uiv @ 414 found.
 glProgramUniform2i @ 415 found.
 glProgramUniform2iv @ 416 found.
 glProgramUniform2f @ 417 found.
 glProgramUniform2fv @ 418 found.
 glProgramUniform2d @ 419 found.
 glProgramUniform2dv @ 420 found.
 glProgramUniform2ui @ 421 found.
 glProgramUniform2uiv @ 422 found.
 glProgramUniform3i @ 423 found.
 glProgramUniform3iv @ 424 found.
 glProgramUniform3f @ 425 found.
 glProgramUniform3fv @ 426 found.
 glProgramUniform3d @ 427 found.
 glProgramUniform3dv @ 428 found.
 glProgramUniform3ui @ 429 found.
 glProgramUniform3uiv @ 430 found.
 glProgramUniform4i @ 431 found.
 glProgramUniform4iv @ 432 found.
 glProgramUniform4f @ 433 found.
 glProgramUniform4fv @ 434 found.
 glProgramUniform4d @ 435 found.
 glProgramUniform4dv @ 436 found.
 glProgramUniform4ui @ 437 found.
 glProgramUniform4uiv @ 438 found.
 glProgramUniformMatrix2fv @ 439 found.
 glProgramUniformMatrix3fv @ 440 found.
 glProgramUniformMatrix4fv @ 441 found.
 glProgramUniformMatrix2dv @ 442 found.
 glProgramUniformMatrix3dv @ 443 found.
 glProgramUniformMatrix4dv @ 444 found.
 glProgramUniformMatrix2x3fv @ 445 found.
 glProgramUniformMatrix3x2fv @ 446 found.
 glProgramUniformMatrix2x4fv @ 447 found.
 glProgramUniformMatrix4x2fv @ 448 found.
 glProgramUniformMatrix3x4fv @ 449 found.
 glProgramUniformMatrix4x3fv @ 450 found.
 glProgramUniformMatrix2x3dv @ 451 found.
 glProgramUniformMatrix3x2dv @ 452 found.
 glProgramUniformMatrix2x4dv @ 453 found.
 glProgramUniformMatrix4x2dv @ 454 found.
 glProgramUniformMatrix3x4dv @ 455 found.
 glProgramUniformMatrix4x3dv @ 456 found.
 glValidateProgramPipeline @ 457 found.
 glGetProgramPipelineInfoLog @ 458 found.
 glVertexAttribL1d @ 459 found.
 glVertexAttribL2d @ 460 found.
 glVertexAttribL3d @ 461 found.
 glVertexAttribL4d @ 462 found.
 glVertexAttribL1dv @ 463 found.
 glVertexAttribL2dv @ 464 found.
 glVertexAttribL3dv @ 465 found.
 glVertexAttribL4dv @ 466 found.
 glVertexAttribLPointer @ 467 found.
 glGetVertexAttribLdv @ 468 found.
 glViewportArrayv @ 469 found.
 glViewportIndexedf @ 470 found.
 glViewportIndexedfv @ 471 found.
 glScissorArrayv @ 472 found.
 glScissorIndexed @ 473 found.
 glScissorIndexedv @ 474 found.
 glDepthRangeArrayv @ 475 found.
 glDepthRangeIndexed @ 476 found.
 glGetFloati_v @ 477 found.
 glGetDoublei_v @ 478 found.
 glDrawArraysInstancedBaseInstance @ 479 found.
 glDrawElementsInstancedBaseInstance @ 480 found.
 glDrawElementsInstancedBaseVertexBaseInstance @ 481 found.
 glGetInternalformativ @ 482 found.
 glGetActiveAtomicCounterBufferiv @ 483 found.
 glBindImageTexture @ 484 found.
 glMemoryBarrier @ 485 found.
 glTexStorage1D @ 486 found.
 glTexStorage2D @ 487 found.
 glTexStorage3D @ 488 found.
 glDrawTransformFeedbackInstanced @ 489 found.
 glDrawTransformFeedbackStreamInstanced @ 490 found.
 glDispatchCompute @ 493 found.
 glDispatchComputeIndirect @ 494 found.
 glFramebufferParameteri @ 496 found.
 glGetFramebufferParameteriv @ 497 found.
 glGetInternalformati64v @ 498 found.
 glInvalidateFramebuffer @ 503 found.
 glInvalidateSubFramebuffer @ 504 found.
 glMultiDrawArraysIndirect @ 505 found.
 glMultiDrawElementsIndirect @ 506 found.
 glGetProgramInterfaceiv @ 507 found.
 glGetProgramResourceIndex @ 508 found.
 glGetProgramResourceName @ 509 found.
 glGetProgramResourceiv @ 510 found.
 glGetProgramResourceLocation @ 511 found.
 glGetProgramResourceLocationIndex @ 512 found.
 glShaderStorageBlockBinding @ 513 found.
 glTexBufferRange @ 514 found.
 glTexStorage2DMultisample @ 515 found.
 glTexStorage3DMultisample @ 516 found.
 glBindVertexBuffer @ 518 found.
 glVertexAttribFormat @ 519 found.
 glVertexAttribIFormat @ 520 found.
 glVertexAttribLFormat @ 521 found.
 glVertexAttribBinding @ 522 found.
 glVertexBindingDivisor @ 523 found.
 glDebugMessageControl @ 524 found.
 glDebugMessageInsert @ 525 found.
 glDebugMessageCallback @ 526 found.
 glGetDebugMessageLog @ 527 found.
 glPushDebugGroup @ 528 found.
 glPopDebugGroup @ 529 found.
 glObjectLabel @ 530 found.
 glGetObjectLabel @ 531 found.
 glObjectPtrLabel @ 532 found.
 glGetObjectPtrLabel @ 533 found.
 glBufferStorage @ 534 found.
 glClipControl @ 543 found.
 glNamedBufferStorage @ 551 found.
 glTextureBufferRange @ 589 found.
 glTextureParameteri @ 606 found.
 glMemoryBarrierByRegion @ 641 found.
 glGetGraphicsResetStatus @ 644 found.
 glGetnCompressedTexImage @ 645 found.
 glGetnTexImage @ 646 found.
 glGetnUniformdv @ 647 found.
 glGetnUniformfv @ 648 found.
 glGetnUniformiv @ 649 found.
 glGetnUniformuiv @ 650 found.
 glReadnPixels @ 651 found.
 afxDrawDriver.c:77?AfxDrawSystemRegisterDriver(dsys=00542500,mdle=00542730,spec=0034e860)
 afxClass<afxDrawDriver>::AllocateObjects(1, 0034e760, 0034e770)
 afxClass<afxDrawDriver>::BuildObjects(1, 0034e760, 0034e754)
 afxClass<afxDrawDriver>::ConstructObject(00609c70)
 afxDrawDriver.c:138?_AfxDdrvCtor(ddrv=00609c70)
 afxClass<Draw Context>::Mount(00609cb8, 00609ca4, 00000000, 0034e3d4)
New draw driver registered.
Name: 4DGL
Author: SIGMA Technology Group
Version: 0.7.2
Note: 
     .::::         :::::::::         ::::::::        :::        
    :+:+:+         :+:    :+:       :+:    :+:       :+:        
   +:+ +:+         +:+    +:+       +:+              +:+        
  +#+  +:+         +#+    +:+       :#:              +#+        
 +#+#+#+#+#+       +#+    +#+       +#+   +#+#       +#+        
       #+#         #+#    #+#       #+#    #+#       #+#        
       ###         #########         ########        ########## 
 Loading draw ICDs...
 afxModule.c:71?AfxSystemAcquireModule(sys=0053f080,uri=e2draw.icd)
 afxModule.c:71?AfxSystemAcquireModule(sys=0053f080,uri=e2newton.icd)
 afxClass<afxModule>::AllocateObjects(1, 0034e954, 0034e994)
 afxClass<afxModule>::BuildObjects(1, 0034e954, 0034ea44)
 afxClass<afxModule>::ConstructObject(02a55d40)
 afxModule.c:140?_AfxMdleCtor(uri:e2newton.icd)
 afxDrawContext.c:309?AfxDrawSystemAcquireContext(dsys=00542500,spec=0034f0f0)
 afxClass<Draw Context>::AllocateObjects(1, 0034effc, 0034f00c)
 afxClass<Draw Context>::BuildObjects(1, 0034effc, 0034eff4)
 afxClass<Draw Context>::ConstructObject(02f80b90)
 sglDrawContext.c:258?_AfxDctxCtor(dctx=02f80b90)
 afxClass<afxDrawScript>::Mount(02f81418, 02f80bc4, 00000000, 520cfe18)
 afxClass<afxDrawInput>::Mount(02f814d8, 02f80bc4, 00000000, 520cf6ec)
 afxClass<afxDrawQueue>::Mount(02f81598, 02f80bc4, 00000000, 0034ec50)
 afxClass<afxBuffer>::Mount(02f80bd8, 02f80bc4, 00000000, 520ce020)
 afxClass<afxVertexBuffer>::Mount(02f80c98, 02f80bc4, 02f80bd8, 0034ec50)
 afxClass<afxIndexBuffer>::Mount(02f80d58, 02f80bc4, 02f80bd8, 0034ec50)
 afxClass<afxSampler>::Mount(02f80e18, 02f80bc4, 00000000, 520d4608)
 afxClass<afxTexture>::Mount(02f80ed8, 02f80bc4, 00000000, 520d4ab8)
 afxClass<afxSurface>::Mount(02f80f98, 02f80bc4, 02f80ed8, 520d4780)
 afxClass<afxCanvas>::Mount(02f81058, 02f80bc4, 00000000, 520ce334)
 afxClass<afxShader>::Mount(02f81118, 02f80bc4, 00000000, 520d43cc)
 afxClass<afxPipeline>::Mount(02f811d8, 02f80bc4, 00000000, 520d3fe0)
 afxClass<afxDrawOperation>::Mount(02f81358, 02f80bc4, 00000000, 50506078)
 afxClass<afxLego>::Mount(02f81298, 02f80bc4, 00000000, 520d3e24)
 afxClass<afxDrawOutput>::Mount(02f81658, 02f80bc4, 00000000, 520cfa1c)
 afxDrawQueue.c:47?AfxDrawContextAcquireQueue(dctx=02f80b90)
 afxClass<afxDrawQueue>::AllocateObjects(1, 0034eb2c, 0034eb48)
 afxClass<afxDrawQueue>::BuildObjects(1, 0034eb2c, 0034ec48)
 afxClass<afxDrawQueue>::ConstructObject(02ef8e60)
 sglDrawQueue.c:1835?_AfxDqueCtor(dque=02ef8e60)
 Uploading draw operation 'data/pipeline/rgbaToRgba.xml'
 afxXml.c:1047?AfxFileSystemLoadXml(uri=data/pipeline/rgbaToRgba.xml)
 afxClass<afxXml>::AllocateObjects(1, 0034dfa8, 0034dfb8)
 afxClass<afxXml>::BuildObjects(1, 0034dfa8, 0034dfa0)
 afxClass<afxXml>::ConstructObject(02f9d040)
 afxXml.c:1006?_AfxXmlCtor(uri:data/pipeline/rgbaToRgba.xml)
 afxFile.c:279?AfxFileSystemOpenFile(Afx.FileSystem.OpenFile(0053ff00,00000001,data/pipeline/rgbaToRgba.xml))
 afxClass<afxFile>::AllocateObjects(1, 0034dc18, 0034dc28)
 afxClass<afxFile>::BuildObjects(1, 0034dc18, 0034dc04)
 afxClass<afxFile, afxStream>ConstructingObject(02f9f240)
 afxClass<afxStream>::ConstructObject(02f9f240)
 afxClass<afxFile>::ConstructObject(02f9f240)
 afxClass<afxFile>::DismantleObjects(1, 0034dc7c)
 Destructing instance 02f9f240 of afxFile class.
 Destructing instance 02f9f240 of afxFile : afxStream class.
 Destructing instance 02f9f240 of afxStream class.
 afxClass<afxFile>::DeallocateObjects(1, 0034dc7c)
 afxClass<afxDrawOperation>::AllocateObjects(1, 02efa4d8, 0034df94)
 afxClass<afxDrawOperation>::BuildObjects(1, 02efa4d8, 0034e244)
 afxClass<afxDrawOperation>::ConstructObject(02a56530)
 afxDrawOperation.c:657?_AfxDopCtor(dop=02a56530)
 afxPipeline.c:341?AfxDrawContextBuildPipelines(dctx=02f80b90)
 afxClass<afxPipeline>::AllocateObjects(1, 02f13ba8, 0034d93c)
 afxClass<afxPipeline>::BuildObjects(1, 02f13ba8, 0034da28)
 afxClass<afxPipeline>::ConstructObject(006086c0)
 sglPipeline.c:517?_AfxPipCtor(pip=006086c0)
 afxShader.c:536?AfxDrawContextAcquireShaders(dctx=02f80b90,cnt=1,uri=02f80180,shd=0034d3b8)
 Uploading shader 'data/pipeline/rgbaToRgba.xml?vs'
 afxXml.c:1047?AfxFileSystemLoadXml(uri=data/pipeline/rgbaToRgba.xml)
 afxClass<afxXml>::AllocateObjects(1, 0034cc18, 0034cc28)
 afxClass<afxXml>::BuildObjects(1, 0034cc18, 0034cc10)
 afxClass<afxXml>::ConstructObject(02f802d0)
 afxXml.c:1006?_AfxXmlCtor(uri:data/pipeline/rgbaToRgba.xml)
 afxFile.c:279?AfxFileSystemOpenFile(Afx.FileSystem.OpenFile(0053ff00,00000001,data/pipeline/rgbaToRgba.xml))
 afxClass<afxFile>::AllocateObjects(1, 0034c888, 0034c898)
 afxClass<afxFile>::BuildObjects(1, 0034c888, 0034c874)
 afxClass<afxFile, afxStream>ConstructingObject(02a500b0)
 afxClass<afxStream>::ConstructObject(02a500b0)
 afxClass<afxFile>::ConstructObject(02a500b0)
 afxClass<afxFile>::DismantleObjects(1, 0034c8ec)
 Destructing instance 02a500b0 of afxFile class.
 Destructing instance 02a500b0 of afxFile : afxStream class.
 Destructing instance 02a500b0 of afxStream class.
 afxClass<afxFile>::DeallocateObjects(1, 0034c8ec)
 afxFile.c:300?AfxFileSystemOpenReadableFile(Afx.FileSystem.OpenReadableFile(0053ff00,data/pipeline/stdEnv.inc))
 afxClass<afxFile>::AllocateObjects(1, 0034c964, 0034c974)
 afxClass<afxFile>::BuildObjects(1, 0034c964, 0034c950)
 afxClass<afxFile, afxStream>ConstructingObject(02a500b0)
 afxClass<afxStream>::ConstructObject(02a500b0)
 afxClass<afxFile>::ConstructObject(02a500b0)
 afxClass<afxFile>::DismantleObjects(1, 0034c9c4)
 Destructing instance 02a500b0 of afxFile class.
 Destructing instance 02a500b0 of afxFile : afxStream class.
 Destructing instance 02a500b0 of afxStream class.
 afxClass<afxFile>::DeallocateObjects(1, 0034c9c4)
 afxShader.c:375?AfxDrawContextBuildShaders(dctx=02f80b90,cnt=1,blueprint=0034cf3c,shd=0034d3b8)
 afxClass<afxShader>::AllocateObjects(1, 0034d3b8, 0034cbf8)
 afxClass<afxShader>::BuildObjects(1, 0034d3b8, 0034cf3c)
 afxClass<afxShader>::ConstructObject(02a500b0)
 sglShader.c:272?_AfxShdCtor(shd=02a500b0)
 #version 330 core // QWADRO. Engineered by SIGMA Technology Group.

#define afxInt int
#define afxNat uint

#define afxReal float

#define afxV2d vec2
#define afxV3d vec3
#define afxV4d vec4

#define afxM2d mat2
#define afxM3d mat3
#define afxM4d mat4

        
        layout(location = 0) in vec2 a_xy;

        out block
        {
            vec2 uv0;
        } sgl_v;

        void main()
        {
            gl_Position = vec4(a_xy, 0.0, 1.0);
            sgl_v.uv0 = vec2(gl_Position.xy * 0.5 + 0.5).xy;
        }
       
 afxClass<afxXml>::DismantleObjects(1, 0034cc7c)
 Destructing instance 02f802d0 of afxXml class.
 afxXml.c:983?_AfxXmlDtor(xml=02f802d0)
 afxClass<afxXml>::DeallocateObjects(1, 0034cc7c)
 afxObject<02a500b0>::InstallEventFilter(006086c0)
 afxShader.c:536?AfxDrawContextAcquireShaders(dctx=02f80b90,cnt=1,uri=02f80230,shd=0034d3b8)
 Uploading shader 'data/pipeline/rgbaToRgba.xml?fs'
 afxXml.c:1047?AfxFileSystemLoadXml(uri=data/pipeline/rgbaToRgba.xml)
 afxClass<afxXml>::AllocateObjects(1, 0034cc18, 0034cc28)
 afxClass<afxXml>::BuildObjects(1, 0034cc18, 0034cc10)
 afxClass<afxXml>::ConstructObject(02f802d0)
 afxXml.c:1006?_AfxXmlCtor(uri:data/pipeline/rgbaToRgba.xml)
 afxFile.c:279?AfxFileSystemOpenFile(Afx.FileSystem.OpenFile(0053ff00,00000001,data/pipeline/rgbaToRgba.xml))
 afxClass<afxFile>::AllocateObjects(1, 0034c888, 0034c898)
 afxClass<afxFile>::BuildObjects(1, 0034c888, 0034c874)
 afxClass<afxFile, afxStream>ConstructingObject(02a50220)
 afxClass<afxStream>::ConstructObject(02a50220)
 afxClass<afxFile>::ConstructObject(02a50220)
 afxClass<afxFile>::DismantleObjects(1, 0034c8ec)
 Destructing instance 02a50220 of afxFile class.
 Destructing instance 02a50220 of afxFile : afxStream class.
 Destructing instance 02a50220 of afxStream class.
 afxClass<afxFile>::DeallocateObjects(1, 0034c8ec)
 afxFile.c:300?AfxFileSystemOpenReadableFile(Afx.FileSystem.OpenReadableFile(0053ff00,data/pipeline/stdEnv.inc))
 afxClass<afxFile>::AllocateObjects(1, 0034c964, 0034c974)
 afxClass<afxFile>::BuildObjects(1, 0034c964, 0034c950)
 afxClass<afxFile, afxStream>ConstructingObject(02a50220)
 afxClass<afxStream>::ConstructObject(02a50220)
 afxClass<afxFile>::ConstructObject(02a50220)
 afxClass<afxFile>::DismantleObjects(1, 0034c9c4)
 Destructing instance 02a50220 of afxFile class.
 Destructing instance 02a50220 of afxFile : afxStream class.
 Destructing instance 02a50220 of afxStream class.
 afxClass<afxFile>::DeallocateObjects(1, 0034c9c4)
 afxShader.c:375?AfxDrawContextBuildShaders(dctx=02f80b90,cnt=1,blueprint=0034cf3c,shd=0034d3b8)
 afxClass<afxShader>::AllocateObjects(1, 0034d3b8, 0034cbf8)
 afxClass<afxShader>::BuildObjects(1, 0034d3b8, 0034cf3c)
 afxClass<afxShader>::ConstructObject(02a50220)
 sglShader.c:272?_AfxShdCtor(shd=02a50220)
 #version 330 core // QWADRO. Engineered by SIGMA Technology Group.

#define afxInt int
#define afxNat uint

#define afxReal float

#define afxV2d vec2
#define afxV3d vec3
#define afxV4d vec4

#define afxM2d mat2
#define afxM3d mat3
#define afxM4d mat4

        
        uniform sampler2D samp;

        in block
        {
            vec2 uv0;
        } sgl_v;

        out vec4 sgl_rgba;

        void main()
        {
            sgl_rgba = texture(samp, sgl_v.uv0);
        }
       
 afxClass<afxXml>::DismantleObjects(1, 0034cc7c)
 Destructing instance 02f802d0 of afxXml class.
 afxXml.c:983?_AfxXmlDtor(xml=02f802d0)
 afxClass<afxXml>::DeallocateObjects(1, 0034cc7c)
 afxObject<02a50220>::InstallEventFilter(006086c0)
 afxLego.c:179?AfxDrawContextBuildLegos(dctx=02f80b90)
 afxClass<afxLego>::AllocateObjects(1, 02f10854, 0034d214)
 afxClass<afxLego>::BuildObjects(1, 02f10854, 0034d550)
 afxClass<afxLego>::ConstructObject(00608be0)
 sglLego.c:294?_AfxLegtCtor(legt=00608be0)
 afxPipeline.c:341?AfxDrawContextBuildPipelines(dctx=02f80b90)
 afxClass<afxPipeline>::AllocateObjects(1, 02f13c08, 0034d93c)
 afxClass<afxPipeline>::BuildObjects(1, 02f13c08, 0034da28)
 afxClass<afxPipeline>::ConstructObject(02efb2b0)
 sglPipeline.c:517?_AfxPipCtor(pip=02efb2b0)
 afxShader.c:536?AfxDrawContextAcquireShaders(dctx=02f80b90,cnt=1,uri=02f80180,shd=0034d3b8)
 Uploading shader 'data/pipeline/rgbaToRgba.xml?vsFlippedY'
 afxXml.c:1047?AfxFileSystemLoadXml(uri=data/pipeline/rgbaToRgba.xml)
 afxClass<afxXml>::AllocateObjects(1, 0034cc18, 0034cc28)
 afxClass<afxXml>::BuildObjects(1, 0034cc18, 0034cc10)
 afxClass<afxXml>::ConstructObject(02f802e0)
 afxXml.c:1006?_AfxXmlCtor(uri:data/pipeline/rgbaToRgba.xml)
 afxFile.c:279?AfxFileSystemOpenFile(Afx.FileSystem.OpenFile(0053ff00,00000001,data/pipeline/rgbaToRgba.xml))
 afxClass<afxFile>::AllocateObjects(1, 0034c888, 0034c898)
 afxClass<afxFile>::BuildObjects(1, 0034c888, 0034c874)
 afxClass<afxFile, afxStream>ConstructingObject(02efb580)
 afxClass<afxStream>::ConstructObject(02efb580)
 afxClass<afxFile>::ConstructObject(02efb580)
 afxClass<afxFile>::DismantleObjects(1, 0034c8ec)
 Destructing instance 02efb580 of afxFile class.
 Destructing instance 02efb580 of afxFile : afxStream class.
 Destructing instance 02efb580 of afxStream class.
 afxClass<afxFile>::DeallocateObjects(1, 0034c8ec)
 afxFile.c:300?AfxFileSystemOpenReadableFile(Afx.FileSystem.OpenReadableFile(0053ff00,data/pipeline/stdEnv.inc))
 afxClass<afxFile>::AllocateObjects(1, 0034c964, 0034c974)
 afxClass<afxFile>::BuildObjects(1, 0034c964, 0034c950)
 afxClass<afxFile, afxStream>ConstructingObject(02efb580)
 afxClass<afxStream>::ConstructObject(02efb580)
 afxClass<afxFile>::ConstructObject(02efb580)
 afxClass<afxFile>::DismantleObjects(1, 0034c9c4)
 Destructing instance 02efb580 of afxFile class.
 Destructing instance 02efb580 of afxFile : afxStream class.
 Destructing instance 02efb580 of afxStream class.
 afxClass<afxFile>::DeallocateObjects(1, 0034c9c4)
 afxShader.c:375?AfxDrawContextBuildShaders(dctx=02f80b90,cnt=1,blueprint=0034cf3c,shd=0034d3b8)
 afxClass<afxShader>::AllocateObjects(1, 0034d3b8, 0034cbf8)
 afxClass<afxShader>::BuildObjects(1, 0034d3b8, 0034cf3c)
 afxClass<afxShader>::ConstructObject(02efb580)
 sglShader.c:272?_AfxShdCtor(shd=02efb580)
 #version 330 core // QWADRO. Engineered by SIGMA Technology Group.

#define afxInt int
#define afxNat uint

#define afxReal float

#define afxV2d vec2
#define afxV3d vec3
#define afxV4d vec4

#define afxM2d mat2
#define afxM3d mat3
#define afxM4d mat4

        
        const mat4 m = mat4(1, 0, 0, 0, 0, -1, 0, 0, 0, 0, 1, 0, 0, 0, 0, 1);
        
        layout(location = 0) in vec2 a_xy;
        
        out block
        {
            vec2 uv0;
        } sgl_v;

        void main()
        {
            gl_Position = vec4(a_xy, 0.0, 1.0);
            sgl_v.uv0 = vec2(m * vec4(gl_Position.xy * 0.5 + 0.5, 0, 1)).xy;
        }
       
 afxClass<afxXml>::DismantleObjects(1, 0034cc7c)
 Destructing instance 02f802e0 of afxXml class.
 afxXml.c:983?_AfxXmlDtor(xml=02f802e0)
 afxClass<afxXml>::DeallocateObjects(1, 0034cc7c)
 afxObject<02efb580>::InstallEventFilter(02efb2b0)
 afxShader.c:536?AfxDrawContextAcquireShaders(dctx=02f80b90,cnt=1,uri=02f80230,shd=0034d3b8)
 Uploading shader 'data/pipeline/rgbaToRgba.xml?fs'
 afxXml.c:1047?AfxFileSystemLoadXml(uri=data/pipeline/rgbaToRgba.xml)
 afxClass<afxXml>::AllocateObjects(1, 0034cc18, 0034cc28)
 afxClass<afxXml>::BuildObjects(1, 0034cc18, 0034cc10)
 afxClass<afxXml>::ConstructObject(02f81df0)
 afxXml.c:1006?_AfxXmlCtor(uri:data/pipeline/rgbaToRgba.xml)
 afxFile.c:279?AfxFileSystemOpenFile(Afx.FileSystem.OpenFile(0053ff00,00000001,data/pipeline/rgbaToRgba.xml))
 afxClass<afxFile>::AllocateObjects(1, 0034c888, 0034c898)
 afxClass<afxFile>::BuildObjects(1, 0034c888, 0034c874)
 afxClass<afxFile, afxStream>ConstructingObject(02f802e0)
 afxClass<afxStream>::ConstructObject(02f802e0)
 afxClass<afxFile>::ConstructObject(02f802e0)
 afxClass<afxFile>::DismantleObjects(1, 0034c8ec)
 Destructing instance 02f802e0 of afxFile class.
 Destructing instance 02f802e0 of afxFile : afxStream class.
 Destructing instance 02f802e0 of afxStream class.
 afxClass<afxFile>::DeallocateObjects(1, 0034c8ec)
 afxFile.c:300?AfxFileSystemOpenReadableFile(Afx.FileSystem.OpenReadableFile(0053ff00,data/pipeline/stdEnv.inc))
 afxClass<afxFile>::AllocateObjects(1, 0034c964, 0034c974)
 afxClass<afxFile>::BuildObjects(1, 0034c964, 0034c950)
 afxClass<afxFile, afxStream>ConstructingObject(02f802e0)
 afxClass<afxStream>::ConstructObject(02f802e0)
 afxClass<afxFile>::ConstructObject(02f802e0)
 afxClass<afxFile>::DismantleObjects(1, 0034c9c4)
 Destructing instance 02f802e0 of afxFile class.
 Destructing instance 02f802e0 of afxFile : afxStream class.
 Destructing instance 02f802e0 of afxStream class.
 afxClass<afxFile>::DeallocateObjects(1, 0034c9c4)
 afxShader.c:375?AfxDrawContextBuildShaders(dctx=02f80b90,cnt=1,blueprint=0034cf3c,shd=0034d3b8)
 afxClass<afxShader>::AllocateObjects(1, 0034d3b8, 0034cbf8)
 afxClass<afxShader>::BuildObjects(1, 0034d3b8, 0034cf3c)
 afxClass<afxShader>::ConstructObject(02efa550)
 sglShader.c:272?_AfxShdCtor(shd=02efa550)
 #version 330 core // QWADRO. Engineered by SIGMA Technology Group.

#define afxInt int
#define afxNat uint

#define afxReal float

#define afxV2d vec2
#define afxV3d vec3
#define afxV4d vec4

#define afxM2d mat2
#define afxM3d mat3
#define afxM4d mat4

        
        uniform sampler2D samp;

        in block
        {
            vec2 uv0;
        } sgl_v;

        out vec4 sgl_rgba;

        void main()
        {
            sgl_rgba = texture(samp, sgl_v.uv0);
        }
       
 afxClass<afxXml>::DismantleObjects(1, 0034cc7c)
 Destructing instance 02f81df0 of afxXml class.
 afxXml.c:983?_AfxXmlDtor(xml=02f81df0)
 afxClass<afxXml>::DeallocateObjects(1, 0034cc7c)
 afxObject<02efa550>::InstallEventFilter(02efb2b0)
 afxLego.c:179?AfxDrawContextBuildLegos(dctx=02f80b90)
 afxClass<afxLego>::AllocateObjects(1, 02f10a94, 0034d214)
 afxClass<afxLego>::BuildObjects(1, 02f10a94, 0034d550)
 afxClass<afxLego>::ConstructObject(02f81df0)
 sglLego.c:294?_AfxLegtCtor(legt=02f81df0)
 afxClass<afxXml>::DismantleObjects(1, 0034e00c)
 Destructing instance 02f9d040 of afxXml class.
 afxXml.c:983?_AfxXmlDtor(xml=02f9d040)
 afxClass<afxXml>::DeallocateObjects(1, 0034e00c)
 afxSampler.c:47?AfxDrawContextAcquireSamplers(dctx=02f80b90,spec=0034e7e0)
 afxClass<afxSampler>::AllocateObjects(1, 02efa4dc, 0034e494)
 afxClass<afxSampler>::BuildObjects(1, 02efa4dc, 0034e7e0)
 afxClass<afxSampler>::ConstructObject(02f9d040)
 sglSampler.c:184?_AfxSmpCtor(smp=02f9d040)
 afxClass<afxVertexBuffer>::AllocateObjects(1, 02efa4e0, 0034e4e8)
 afxClass<afxVertexBuffer>::BuildObjects(1, 02efa4e0, 0034e4c0)
 afxClass<afxVertexBuffer, afxBuffer>ConstructingObject(02f9f240)
 afxClass<afxBuffer>::ConstructObject(02f9f240)
 sglBuffer.c:454?_AfxBufCtor(buf=02f9f240)
 afxClass<afxVertexBuffer>::ConstructObject(02f9f240)
 afxVertexBuffer.c:350?_AfxVbufCtor(vbuf=02f9f240)
 afxApplication.c:372?AfxSystemAcquireApplication(sys=0034f0f0,spec=02f80b90)
 afxClass<afxApplication>::AllocateObjects(1, 0034f028, 0034f038)
 afxClass<afxApplication>::BuildObjects(1, 0034f028, 0034f0c0)
 afxClass<afxApplication>::ConstructObject(02f81790)
 afxApplication.c:422?_AfxAppCtor(app=02f81790)
 afxMouse.c:249?AfxSystemAcquireMouse(sys=0053f080,port=0)
 afxClass<afxMouse>::AllocateObjects(1, 0034ec10, 0034ec20)
 afxClass<afxMouse>::BuildObjects(1, 0034ec10, 0034ec08)
 afxClass<afxMouse, afxHid>ConstructingObject(02f88690)
 afxClass<afxHid>::ConstructObject(02f88690)
 afxHid.c:75?_AfxHidCtor(hid=02f88690)
 afxClass<afxMouse>::ConstructObject(02f88690)
 afxMouse.c:304?_AfxMseCtor(mse=02f88690)
 afxDrawInput.c:102?AfxDrawContextAcquireInput(dctx=02f80b90,spec=0034ece4)
 afxClass<afxDrawInput>::AllocateObjects(1, 0034ebf8, 0034ec14)
 afxClass<afxDrawInput>::BuildObjects(1, 0034ebf8, 0034ece4)
 afxClass<afxDrawInput>::ConstructObject(02f9ebb0)
 sglDrawInput.c:321?_AfxDinCtor(din=02f9ebb0)
 afxArena.c:822?AfxSystemAcquireArena(sys=0053f080,strategy=0034e870,hint="sglDrawInput.c:357!_AfxDinCtor")
 afxClass<Memory Arena>::AllocateObjects(1, 0034e7bc, 0034e7cc)
 afxClass<Memory Arena>::BuildObjects(1, 0034e7bc, 0034e7b0)
 afxClass<Memory Arena, afxMemory>ConstructingObject(02efa860)
 afxClass<afxMemory>::ConstructObject(02efa860)
 afxMemory.c:317?_AfxMemCtor(mem=02efa860)
 afxClass<Memory Arena>::ConstructObject(02efa860)
 afxArena.c:799?_AfxArenCtor(aren=02efa860)
 afxClass<afxWidget>::Mount(02f81868, 02f817c4, 00000000, 5050b900)
 afxClass<afxSimulation>::Mount(02f81928, 02f817c4, 00000000, 5050c3b8)
 afxApplication.c:322?AfxApplicationExecute(app=02f81790)
 mmplayer.c:95?AfxEnterApplication(app=02f81790)
 Uploading texture 'art/world.tga'
 afxFile.c:279?AfxFileSystemOpenFile(Afx.FileSystem.OpenFile(0053ff00,00000001,art/world.tga))
 afxClass<afxFile>::AllocateObjects(1, 0034e41c, 0034e42c)
 afxClass<afxFile>::BuildObjects(1, 0034e41c, 0034e408)
 afxClass<afxFile, afxStream>ConstructingObject(02a50550)
 afxClass<afxStream>::ConstructObject(02a50550)
 afxClass<afxFile>::ConstructObject(02a50550)
 ADV afxTexture.c:52?AfxTextureBlueprintBegin
    texb->fcc == AFX_FCC_TEXB
 afxTexture.c:442?AfxDrawContextBuildTextures(dctx=02f80b90,cnt=1,blueprint=0034e510,tex=00d25028)
 afxClass<afxTexture>::AllocateObjects(1, 00d25028, 0034e3fc)
 afxClass<afxTexture>::BuildObjects(1, 00d25028, 0034e510)
 afxClass<afxTexture>::ConstructObject(02f80180)
 sglTexture.c:1027?_AfxTexCtor(tex=02f80180)
 afxClass<afxFile>::DismantleObjects(1, 0034e480)
 Destructing instance 02a50550 of afxFile class.
 Destructing instance 02a50550 of afxFile : afxStream class.
 Destructing instance 02a50550 of afxStream class.
 afxClass<afxFile>::DeallocateObjects(1, 0034e480)
 afxFile.c:279?AfxFileSystemOpenFile(Afx.FileSystem.OpenFile(0053ff00,00000002,tmp/world2.tga))
 afxClass<afxFile>::AllocateObjects(1, 0034ec2c, 0034ec3c)
 afxClass<afxFile>::BuildObjects(1, 0034ec2c, 0034ec18)
 afxClass<afxFile, afxStream>ConstructingObject(02a50550)
 afxClass<afxStream>::ConstructObject(02a50550)
 afxClass<afxFile>::ConstructObject(02a50550)
 afxClass<afxFile>::DismantleObjects(1, 0034ec90)
 Destructing instance 02a50550 of afxFile class.
 Destructing instance 02a50550 of afxFile : afxStream class.
 Destructing instance 02a50550 of afxStream class.
 afxClass<afxFile>::DeallocateObjects(1, 0034ec90)
 afxClass<afxTexture>::DismantleObjects(1, 0034ee20)
 Destructing instance 02f80180 of afxTexture class.
 sglTexture.c:981?_AfxTexDtor(tex=02f80180)
 afxClass<afxTexture>::DeallocateObjects(1, 0034ee20)
 afxDrawOutput.c:137?AfxDrawContextAcquireOutput(dctx=02f80b90,spec=0034ef60)
 afxClass<afxDrawOutput>::AllocateObjects(1, 0034edc8, 0034ede4)
 afxClass<afxDrawOutput>::BuildObjects(1, 0034edc8, 0034ef60)
 afxClass<afxDrawOutput>::ConstructObject(02f366d0)
 sglDrawOutput.c:524?_AfxDoutCtor(dout=02f366d0)
 afxSurface.c:12?AfxDrawContextAcquireSurface(dctx=02f80b90,fmt=4,whd=[1280,720,1],usage=16)
 ADV afxTexture.c:52?AfxTextureBlueprintBegin
    texb->fcc == AFX_FCC_TEXB
 afxClass<afxSurface>::AllocateObjects(1, 0034e498, 0034e4b4)
 afxClass<afxSurface>::BuildObjects(1, 0034e498, 0034e4c0)
 afxClass<afxSurface, afxTexture>ConstructingObject(02a50550)
 afxClass<afxTexture>::ConstructObject(02a50550)
 sglTexture.c:1027?_AfxTexCtor(tex=02a50550)
 afxClass<afxSurface>::ConstructObject(02a50550)
 sglSurface.c:131?_AfxSurfCtor(surf=02a50550)
 afxSurface.c:12?AfxDrawContextAcquireSurface(dctx=02f80b90,fmt=4,whd=[1280,720,1],usage=16)
 ADV afxTexture.c:52?AfxTextureBlueprintBegin
    texb->fcc == AFX_FCC_TEXB
 afxClass<afxSurface>::AllocateObjects(1, 0034e498, 0034e4b4)
 afxClass<afxSurface>::BuildObjects(1, 0034e498, 0034e4c0)
 afxClass<afxSurface, afxTexture>ConstructingObject(02a748a0)
 afxClass<afxTexture>::ConstructObject(02a748a0)
 sglTexture.c:1027?_AfxTexCtor(tex=02a748a0)
 afxClass<afxSurface>::ConstructObject(02a748a0)
 sglSurface.c:131?_AfxSurfCtor(surf=02a748a0)
 sglDrawOutput.c:476?_AfxStdDoutImplCtor(dout=02f366d0,uri=window)
 sglDrawOutput.c:324?_AfxStdDoutImplCtorWnd(dout=02f366d0)
 Extent readjusted. (dout)02f366d0 -> 1272, 0.000000 of 4245461302; 693 0.000001 of 652274931
 afxCanvas.c:156?AfxDrawContextBuildCanvases(dctx=02f80b90,cnt=1,blueprint=0034ed00,canv=00d25048)
 afxClass<afxCanvas>::AllocateObjects(1, 00d25048, 0034ebfc)
 afxClass<afxCanvas>::BuildObjects(1, 00d25048, 0034ed00)
 afxClass<afxCanvas>::ConstructObject(02ef8180)
 sglCanvas.c:399?_AfxCanvCtor(canv=02ef8180)
 afxSurface.c:12?AfxDrawContextAcquireSurface(dctx=02f80b90,fmt=22,whd=[1272,693,1],usage=32)
 ADV afxTexture.c:52?AfxTextureBlueprintBegin
    texb->fcc == AFX_FCC_TEXB
 afxClass<afxSurface>::AllocateObjects(1, 0034e1c8, 0034e1e4)
 afxClass<afxSurface>::BuildObjects(1, 0034e1c8, 0034e1f0)
 afxClass<afxSurface, afxTexture>ConstructingObject(02ef8260)
 afxClass<afxTexture>::ConstructObject(02ef8260)
 sglTexture.c:1027?_AfxTexCtor(tex=02ef8260)
 afxClass<afxSurface>::ConstructObject(02ef8260)
 sglSurface.c:131?_AfxSurfCtor(surf=02ef8260)
 afxCanvas.c:156?AfxDrawContextBuildCanvases(dctx=02f80b90,cnt=1,blueprint=0034ed00,canv=00d2504c)
 afxClass<afxCanvas>::AllocateObjects(1, 00d2504c, 0034ebfc)
 afxClass<afxCanvas>::BuildObjects(1, 00d2504c, 0034ed00)
 afxClass<afxCanvas>::ConstructObject(02ef8380)
 sglCanvas.c:399?_AfxCanvCtor(canv=02ef8380)
 afxSurface.c:12?AfxDrawContextAcquireSurface(dctx=02f80b90,fmt=22,whd=[1272,693,1],usage=32)
 ADV afxTexture.c:52?AfxTextureBlueprintBegin
    texb->fcc == AFX_FCC_TEXB
 afxClass<afxSurface>::AllocateObjects(1, 0034e1c8, 0034e1e4)
 afxClass<afxSurface>::BuildObjects(1, 0034e1c8, 0034e1f0)
 afxClass<afxSurface, afxTexture>ConstructingObject(02ef8460)
 afxClass<afxTexture>::ConstructObject(02ef8460)
 sglTexture.c:1027?_AfxTexCtor(tex=02ef8460)
 afxClass<afxSurface>::ConstructObject(02ef8460)
 sglSurface.c:131?_AfxSurfCtor(surf=02ef8460)
 afxDrawInput.c:102?AfxDrawContextAcquireInput(dctx=02f80b90,spec=0034eef8)
 afxClass<afxDrawInput>::AllocateObjects(1, 0034edb0, 0034edcc)
 afxClass<afxDrawInput>::BuildObjects(1, 0034edb0, 0034eef8)
 afxClass<afxDrawInput>::ConstructObject(02ef8570)
 sglDrawInput.c:321?_AfxDinCtor(din=02ef8570)
 afxArena.c:822?AfxSystemAcquireArena(sys=0053f080,strategy=0034ea28,hint="sglDrawInput.c:357!_AfxDinCtor")
 afxClass<Memory Arena>::AllocateObjects(1, 0034e974, 0034e984)
 afxClass<Memory Arena>::BuildObjects(1, 0034e974, 0034e968)
 afxClass<Memory Arena, afxMemory>ConstructingObject(02ef86d0)
 afxClass<afxMemory>::ConstructObject(02ef86d0)
 afxMemory.c:317?_AfxMemCtor(mem=02ef86d0)
 afxClass<Memory Arena>::ConstructObject(02ef86d0)
 afxArena.c:799?_AfxArenCtor(aren=02ef86d0)
 afxModule.c:71?AfxSystemAcquireModule(sys=0053f080,uri=binkw32.dll)
 afxClass<afxModule>::AllocateObjects(1, 0034ea94, 0034ead4)
 afxClass<afxModule>::BuildObjects(1, 0034ea94, 0034ebc8)
 afxClass<afxModule>::ConstructObject(02ef89c0)
 afxModule.c:140?_AfxMdleCtor(uri:binkw32.dll)
 afxSampler.c:47?AfxDrawContextAcquireSamplers(dctx=02f80b90,spec=0034eda0)
 afxClass<afxSampler>::AllocateObjects(1, 00d2516c, 0034ea54)
 afxClass<afxSampler>::BuildObjects(1, 00d2516c, 0034eda0)
 afxClass<afxSampler>::ConstructObject(02f54220)
 sglSampler.c:184?_AfxSmpCtor(smp=02f54220)
 Uploading draw operation 'data/pipeline/yv12ToRgba.xml'
 afxXml.c:1047?AfxFileSystemLoadXml(uri=data/pipeline/yv12ToRgba.xml)
 afxClass<afxXml>::AllocateObjects(1, 0034e568, 0034e578)
 afxClass<afxXml>::BuildObjects(1, 0034e568, 0034e560)
 afxClass<afxXml>::ConstructObject(02f54300)
 afxXml.c:1006?_AfxXmlCtor(uri:data/pipeline/yv12ToRgba.xml)
 afxFile.c:279?AfxFileSystemOpenFile(Afx.FileSystem.OpenFile(0053ff00,00000001,data/pipeline/yv12ToRgba.xml))
 afxClass<afxFile>::AllocateObjects(1, 0034e1d8, 0034e1e8)
 afxClass<afxFile>::BuildObjects(1, 0034e1d8, 0034e1c4)
 afxClass<afxFile, afxStream>ConstructingObject(02f57ed0)
 afxClass<afxStream>::ConstructObject(02f57ed0)
 afxClass<afxFile>::ConstructObject(02f57ed0)
 afxClass<afxFile>::DismantleObjects(1, 0034e23c)
 Destructing instance 02f57ed0 of afxFile class.
 Destructing instance 02f57ed0 of afxFile : afxStream class.
 Destructing instance 02f57ed0 of afxStream class.
 afxClass<afxFile>::DeallocateObjects(1, 0034e23c)
 afxClass<afxDrawOperation>::AllocateObjects(1, 00d25168, 0034e554)
 afxClass<afxDrawOperation>::BuildObjects(1, 00d25168, 0034e804)
 afxClass<afxDrawOperation>::ConstructObject(02f52190)
 afxDrawOperation.c:657?_AfxDopCtor(dop=02f52190)
 afxPipeline.c:341?AfxDrawContextBuildPipelines(dctx=02f80b90)
 afxClass<afxPipeline>::AllocateObjects(1, 02f10bb8, 0034defc)
 afxClass<afxPipeline>::BuildObjects(1, 02f10bb8, 0034dfe8)
 afxClass<afxPipeline>::ConstructObject(02ef7010)
 sglPipeline.c:517?_AfxPipCtor(pip=02ef7010)
 afxShader.c:536?AfxDrawContextAcquireShaders(dctx=02f80b90,cnt=1,uri=02f4f100,shd=0034d978)
 Uploading shader 'data/pipeline/yv12ToRgba.xml?vs'
 afxXml.c:1047?AfxFileSystemLoadXml(uri=data/pipeline/yv12ToRgba.xml)
 afxClass<afxXml>::AllocateObjects(1, 0034d1d8, 0034d1e8)
 afxClass<afxXml>::BuildObjects(1, 0034d1d8, 0034d1d0)
 afxClass<afxXml>::ConstructObject(02f4f4f0)
 afxXml.c:1006?_AfxXmlCtor(uri:data/pipeline/yv12ToRgba.xml)
 afxFile.c:279?AfxFileSystemOpenFile(Afx.FileSystem.OpenFile(0053ff00,00000001,data/pipeline/yv12ToRgba.xml))
 afxClass<afxFile>::AllocateObjects(1, 0034ce48, 0034ce58)
 afxClass<afxFile>::BuildObjects(1, 0034ce48, 0034ce34)
 afxClass<afxFile, afxStream>ConstructingObject(02f4f580)
 afxClass<afxStream>::ConstructObject(02f4f580)
 afxClass<afxFile>::ConstructObject(02f4f580)
 afxClass<afxFile>::DismantleObjects(1, 0034ceac)
 Destructing instance 02f4f580 of afxFile class.
 Destructing instance 02f4f580 of afxFile : afxStream class.
 Destructing instance 02f4f580 of afxStream class.
 afxClass<afxFile>::DeallocateObjects(1, 0034ceac)
 afxFile.c:300?AfxFileSystemOpenReadableFile(Afx.FileSystem.OpenReadableFile(0053ff00,data/pipeline/stdEnv.inc))
 afxClass<afxFile>::AllocateObjects(1, 0034cf24, 0034cf34)
 afxClass<afxFile>::BuildObjects(1, 0034cf24, 0034cf10)
 afxClass<afxFile, afxStream>ConstructingObject(02f4f580)
 afxClass<afxStream>::ConstructObject(02f4f580)
 afxClass<afxFile>::ConstructObject(02f4f580)
 afxClass<afxFile>::DismantleObjects(1, 0034cf84)
 Destructing instance 02f4f580 of afxFile class.
 Destructing instance 02f4f580 of afxFile : afxStream class.
 Destructing instance 02f4f580 of afxStream class.
 afxClass<afxFile>::DeallocateObjects(1, 0034cf84)
 afxShader.c:375?AfxDrawContextBuildShaders(dctx=02f80b90,cnt=1,blueprint=0034d4fc,shd=0034d978)
 afxClass<afxShader>::AllocateObjects(1, 0034d978, 0034d1b8)
 afxClass<afxShader>::BuildObjects(1, 0034d978, 0034d4fc)
 afxClass<afxShader>::ConstructObject(02f4f580)
 sglShader.c:272?_AfxShdCtor(shd=02f4f580)
 #version 330 core // QWADRO. Engineered by SIGMA Technology Group.

#define afxInt int
#define afxNat uint

#define afxReal float

#define afxV2d vec2
#define afxV3d vec3
#define afxV4d vec4

#define afxM2d mat2
#define afxM3d mat3
#define afxM4d mat4

        
        layout(location = 0) in vec2 a_xy;

        out block
        {
            vec2 uv0;
        } sgl_v;

        void main()
        {
            gl_Position = vec4(a_xy, 0.0, 1.0);
            sgl_v.uv0 = vec2(gl_Position.xy * 0.5 + 0.5).xy;
        }
       
 afxClass<afxXml>::DismantleObjects(1, 0034d23c)
 Destructing instance 02f4f4f0 of afxXml class.
 afxXml.c:983?_AfxXmlDtor(xml=02f4f4f0)
 afxClass<afxXml>::DeallocateObjects(1, 0034d23c)
 afxObject<02f4f580>::InstallEventFilter(02ef7010)
 afxShader.c:536?AfxDrawContextAcquireShaders(dctx=02f80b90,cnt=1,uri=02f4f1a0,shd=0034d978)
 Uploading shader 'data/pipeline/yv12ToRgba.xml?fsSigma'
 afxXml.c:1047?AfxFileSystemLoadXml(uri=data/pipeline/yv12ToRgba.xml)
 afxClass<afxXml>::AllocateObjects(1, 0034d1d8, 0034d1e8)
 afxClass<afxXml>::BuildObjects(1, 0034d1d8, 0034d1d0)
 afxClass<afxXml>::ConstructObject(02f4f4f0)
 afxXml.c:1006?_AfxXmlCtor(uri:data/pipeline/yv12ToRgba.xml)
 afxFile.c:279?AfxFileSystemOpenFile(Afx.FileSystem.OpenFile(0053ff00,00000001,data/pipeline/yv12ToRgba.xml))
 afxClass<afxFile>::AllocateObjects(1, 0034ce48, 0034ce58)
 afxClass<afxFile>::BuildObjects(1, 0034ce48, 0034ce34)
 afxClass<afxFile, afxStream>ConstructingObject(02f4f700)
 afxClass<afxStream>::ConstructObject(02f4f700)
 afxClass<afxFile>::ConstructObject(02f4f700)
 afxClass<afxFile>::DismantleObjects(1, 0034ceac)
 Destructing instance 02f4f700 of afxFile class.
 Destructing instance 02f4f700 of afxFile : afxStream class.
 Destructing instance 02f4f700 of afxStream class.
 afxClass<afxFile>::DeallocateObjects(1, 0034ceac)
 afxFile.c:300?AfxFileSystemOpenReadableFile(Afx.FileSystem.OpenReadableFile(0053ff00,data/pipeline/stdEnv.inc))
 afxClass<afxFile>::AllocateObjects(1, 0034cf24, 0034cf34)
 afxClass<afxFile>::BuildObjects(1, 0034cf24, 0034cf10)
 afxClass<afxFile, afxStream>ConstructingObject(02f4f700)
 afxClass<afxStream>::ConstructObject(02f4f700)
 afxClass<afxFile>::ConstructObject(02f4f700)
 afxClass<afxFile>::DismantleObjects(1, 0034cf84)
 Destructing instance 02f4f700 of afxFile class.
 Destructing instance 02f4f700 of afxFile : afxStream class.
 Destructing instance 02f4f700 of afxStream class.
 afxClass<afxFile>::DeallocateObjects(1, 0034cf84)
 afxShader.c:375?AfxDrawContextBuildShaders(dctx=02f80b90,cnt=1,blueprint=0034d4fc,shd=0034d978)
 afxClass<afxShader>::AllocateObjects(1, 0034d978, 0034d1b8)
 afxClass<afxShader>::BuildObjects(1, 0034d978, 0034d4fc)
 afxClass<afxShader>::ConstructObject(02f4f700)
 sglShader.c:272?_AfxShdCtor(shd=02f4f700)
 #version 330 core // QWADRO. Engineered by SIGMA Technology Group.

#define afxInt int
#define afxNat uint

#define afxReal float

#define afxV2d vec2
#define afxV3d vec3
#define afxV4d vec4

#define afxM2d mat2
#define afxM3d mat3
#define afxM4d mat4

        
        uniform sampler2D samp0;
        uniform sampler2D samp1;
        uniform sampler2D samp2;
        
        in block
        {
            vec2 uv0;
        } sgl_v;

        out vec4 sgl_rgba;

        void main()
        {
            vec3 yuv;
            yuv.x = texture(samp0, sgl_v.uv0).r;
            yuv.y = texture(samp2, sgl_v.uv0).r - 0.5;
            yuv.z = texture(samp1, sgl_v.uv0).r - 0.5;
            
            vec3 rgb = mat3( 1, 1, 1, 0, -0.34414, 1.772, 1.402, -0.71414, 0) * yuv;
            sgl_rgba = vec4(rgb, 1);
        }
       
 afxClass<afxXml>::DismantleObjects(1, 0034d23c)
 Destructing instance 02f4f4f0 of afxXml class.
 afxXml.c:983?_AfxXmlDtor(xml=02f4f4f0)
 afxClass<afxXml>::DeallocateObjects(1, 0034d23c)
 afxObject<02f4f700>::InstallEventFilter(02ef7010)
 afxLego.c:179?AfxDrawContextBuildLegos(dctx=02f80b90)
 afxClass<afxLego>::AllocateObjects(1, 030487c4, 0034d7d4)
 afxClass<afxLego>::BuildObjects(1, 030487c4, 0034db10)
 afxClass<afxLego>::ConstructObject(02f57950)
 sglLego.c:294?_AfxLegtCtor(legt=02f57950)
 afxClass<afxXml>::DismantleObjects(1, 0034e5cc)
 Destructing instance 02f54300 of afxXml class.
 afxXml.c:983?_AfxXmlDtor(xml=02f54300)
 afxClass<afxXml>::DeallocateObjects(1, 0034e5cc)
 afxClass<afxVertexBuffer>::AllocateObjects(1, 00d25170, 0034eaa8)
 afxClass<afxVertexBuffer>::BuildObjects(1, 00d25170, 0034ea80)
 afxClass<afxVertexBuffer, afxBuffer>ConstructingObject(02f57ed0)
 afxClass<afxBuffer>::ConstructObject(02f57ed0)
 sglBuffer.c:454?_AfxBufCtor(buf=02f57ed0)
 afxClass<afxVertexBuffer>::ConstructObject(02f57ed0)
 afxVertexBuffer.c:350?_AfxVbufCtor(vbuf=02f57ed0)
 afxSurface.c:12?AfxDrawContextAcquireSurface(dctx=02f80b90,fmt=1,whd=[688,384,1],usage=16)
 ADV afxTexture.c:52?AfxTextureBlueprintBegin
    texb->fcc == AFX_FCC_TEXB
 afxClass<afxSurface>::AllocateObjects(1, 0034dd98, 0034ddb4)
 afxClass<afxSurface>::BuildObjects(1, 0034dd98, 0034ddc0)
 afxClass<afxSurface, afxTexture>ConstructingObject(03049dc0)
 afxClass<afxTexture>::ConstructObject(03049dc0)
 sglTexture.c:1027?_AfxTexCtor(tex=03049dc0)
 afxClass<afxSurface>::ConstructObject(03049dc0)
 sglSurface.c:131?_AfxSurfCtor(surf=03049dc0)
 afxSurface.c:12?AfxDrawContextAcquireSurface(dctx=02f80b90,fmt=1,whd=[344,192,1],usage=16)
 ADV afxTexture.c:52?AfxTextureBlueprintBegin
    texb->fcc == AFX_FCC_TEXB
 afxClass<afxSurface>::AllocateObjects(1, 0034dd98, 0034ddb4)
 afxClass<afxSurface>::BuildObjects(1, 0034dd98, 0034ddc0)
 afxClass<afxSurface, afxTexture>ConstructingObject(02f4cab0)
 afxClass<afxTexture>::ConstructObject(02f4cab0)
 sglTexture.c:1027?_AfxTexCtor(tex=02f4cab0)
 afxClass<afxSurface>::ConstructObject(02f4cab0)
 sglSurface.c:131?_AfxSurfCtor(surf=02f4cab0)
 afxSurface.c:12?AfxDrawContextAcquireSurface(dctx=02f80b90,fmt=1,whd=[344,192,1],usage=16)
 ADV afxTexture.c:52?AfxTextureBlueprintBegin
    texb->fcc == AFX_FCC_TEXB
 afxClass<afxSurface>::AllocateObjects(1, 0034dd98, 0034ddb4)
 afxClass<afxSurface>::BuildObjects(1, 0034dd98, 0034ddc0)
 afxClass<afxSurface, afxTexture>ConstructingObject(02f4cbc0)
 afxClass<afxTexture>::ConstructObject(02f4cbc0)
 sglTexture.c:1027?_AfxTexCtor(tex=02f4cbc0)
 afxClass<afxSurface>::ConstructObject(02f4cbc0)
 sglSurface.c:131?_AfxSurfCtor(surf=02f4cbc0)
 afxCanvas.c:156?AfxDrawContextBuildCanvases(dctx=02f80b90,cnt=1,blueprint=0034e3c0,canv=00d25120)
 afxClass<afxCanvas>::AllocateObjects(1, 00d25120, 0034e2dc)
 afxClass<afxCanvas>::BuildObjects(1, 00d25120, 0034e3c0)
 afxClass<afxCanvas>::ConstructObject(02f4cce0)
 sglCanvas.c:399?_AfxCanvCtor(canv=02f4cce0)
 afxSurface.c:12?AfxDrawContextAcquireSurface(dctx=02f80b90,fmt=4,whd=[688,384,1],usage=16)
 ADV afxTexture.c:52?AfxTextureBlueprintBegin
    texb->fcc == AFX_FCC_TEXB
 afxClass<afxSurface>::AllocateObjects(1, 0034d8a8, 0034d8c4)
 afxClass<afxSurface>::BuildObjects(1, 0034d8a8, 0034d8d0)
 afxClass<afxSurface, afxTexture>ConstructingObject(02f4cdc0)
 afxClass<afxTexture>::ConstructObject(02f4cdc0)
 sglTexture.c:1027?_AfxTexCtor(tex=02f4cdc0)
 afxClass<afxSurface>::ConstructObject(02f4cdc0)
 sglSurface.c:131?_AfxSurfCtor(surf=02f4cdc0)
 afxSurface.c:12?AfxDrawContextAcquireSurface(dctx=02f80b90,fmt=1,whd=[688,384,1],usage=16)
 ADV afxTexture.c:52?AfxTextureBlueprintBegin
    texb->fcc == AFX_FCC_TEXB
 afxClass<afxSurface>::AllocateObjects(1, 0034dd98, 0034ddb4)
 afxClass<afxSurface>::BuildObjects(1, 0034dd98, 0034ddc0)
 afxClass<afxSurface, afxTexture>ConstructingObject(0309f490)
 afxClass<afxTexture>::ConstructObject(0309f490)
 sglTexture.c:1027?_AfxTexCtor(tex=0309f490)
 afxClass<afxSurface>::ConstructObject(0309f490)
 sglSurface.c:131?_AfxSurfCtor(surf=0309f490)
 afxSurface.c:12?AfxDrawContextAcquireSurface(dctx=02f80b90,fmt=1,whd=[344,192,1],usage=16)
 ADV afxTexture.c:52?AfxTextureBlueprintBegin
    texb->fcc == AFX_FCC_TEXB
 afxClass<afxSurface>::AllocateObjects(1, 0034dd98, 0034ddb4)
 afxClass<afxSurface>::BuildObjects(1, 0034dd98, 0034ddc0)
 afxClass<afxSurface, afxTexture>ConstructingObject(0309f5b0)
 afxClass<afxTexture>::ConstructObject(0309f5b0)
 sglTexture.c:1027?_AfxTexCtor(tex=0309f5b0)
 afxClass<afxSurface>::ConstructObject(0309f5b0)
 sglSurface.c:131?_AfxSurfCtor(surf=0309f5b0)
 afxSurface.c:12?AfxDrawContextAcquireSurface(dctx=02f80b90,fmt=1,whd=[344,192,1],usage=16)
 ADV afxTexture.c:52?AfxTextureBlueprintBegin
    texb->fcc == AFX_FCC_TEXB
 afxClass<afxSurface>::AllocateObjects(1, 0034dd98, 0034ddb4)
 afxClass<afxSurface>::BuildObjects(1, 0034dd98, 0034ddc0)
 afxClass<afxSurface, afxTexture>ConstructingObject(0309f6c0)
 afxClass<afxTexture>::ConstructObject(0309f6c0)
 sglTexture.c:1027?_AfxTexCtor(tex=0309f6c0)
 afxClass<afxSurface>::ConstructObject(0309f6c0)
 sglSurface.c:131?_AfxSurfCtor(surf=0309f6c0)
 afxCanvas.c:156?AfxDrawContextBuildCanvases(dctx=02f80b90,cnt=1,blueprint=0034e3c0,canv=00d25124)
 afxClass<afxCanvas>::AllocateObjects(1, 00d25124, 0034e2dc)
 afxClass<afxCanvas>::BuildObjects(1, 00d25124, 0034e3c0)
 afxClass<afxCanvas>::ConstructObject(0309f7e0)
 sglCanvas.c:399?_AfxCanvCtor(canv=0309f7e0)
 afxSurface.c:12?AfxDrawContextAcquireSurface(dctx=02f80b90,fmt=4,whd=[688,384,1],usage=16)
 ADV afxTexture.c:52?AfxTextureBlueprintBegin
    texb->fcc == AFX_FCC_TEXB
 afxClass<afxSurface>::AllocateObjects(1, 0034d8a8, 0034d8c4)
 afxClass<afxSurface>::BuildObjects(1, 0034d8a8, 0034d8d0)
 afxClass<afxSurface, afxTexture>ConstructingObject(0309f8c0)
 afxClass<afxTexture>::ConstructObject(0309f8c0)
 sglTexture.c:1027?_AfxTexCtor(tex=0309f8c0)
 afxClass<afxSurface>::ConstructObject(0309f8c0)
 sglSurface.c:131?_AfxSurfCtor(surf=0309f8c0)
 Extent readjusted. (dout)02f366d0 -> 1366, Inf of 0; 768 Inf of 0
 afxDrawScript.c:298?AfxDrawInputAcquireScript(din=02ef8570)
 afxClass<afxDrawScript>::AllocateObjects(1, 0034eb6c, 0034eb7c)
 afxClass<afxDrawScript>::BuildObjects(1, 0034eb6c, 0034ebd4)
 afxClass<afxDrawScript>::ConstructObject(00546500)
 sglDrawScript.c:464?_AfxDscrCtor(dscr=00546500)
 afxTexture 02a50550 hardware-side data instanced.
 afxSurface 02a50550 hardware-side data instanced.
 afxTexture 02ef8260 hardware-side data instanced.
 afxSurface 02ef8260 hardware-side data instanced.
 afxCanvas 02ef8180 hardware-side data instanced.
 afxShader 02f4f580 hardware-side data instanced.
 afxShader 02f4f700 hardware-side data instanced.
 afxPipeline 02ef7010 hardware-side data instanced.