
 afxDebug.c:373?AfxAttachDebugTerminal()
      ::::::::  :::       :::     :::     :::::::::  :::::::::   ::::::::      
     :+:    :+: :+:       :+:   :+: :+:   :+:    :+: :+:    :+: :+:    :+:     
     +:+    +:+ +:+       +:+  +:+   +:+  +:+    +:+ +:+    +:+ +:+    +:+     
     +#+    +:+ +#+  +:+  +#+ +#++:++#++: +#+    +:+ +#++:++#:  +#+    +:+     
     +#+  # +#+ +#+ +#+#+ +#+ +#+     +#+ +#+    +#+ +#+    +#+ +#+    +#+     
     #+#   +#+   #+#+# #+#+#  #+#     #+# #+#    #+# #+#    #+# #+#    #+#     
      ###### ###  ###   ###   ###     ### #########  ###    ###  ########      
                                                                               
                  S I G M A   T E C H N O L O G Y   G R O U P                  
                                                                               
                               Public Test Build                               
                           (c) 2017 Federacao SIGMA                            
                                www.sigmaco.org                                
                                                                               
 afxClass<afxSystem>::Mount(77c0fc00, 00000000, 00000000, 77bed64c)
 afxClass<afxSystem>::AllocateObjects(1, 0043f31c, 0043f32c)
 afxClass<afxSystem>::BuildObjects(1, 0043f31c, 00000000)
 afxClass<afxSystem>::ConstructObject(0072f0f0)
 afxSystem.c:893?_AfxSysCtor(sys=0072f0f0)
 ADV afxSystem.c:916?_AfxSysCtor
    Memoy page size: 4096
 ADV afxSystem.c:917?_AfxSysCtor
    Logical processor count: 2
 afxClass<afxMemory>::Mount(0072f13c, 0072f124, 00000000, 77bf1a08)
 afxMemory.c:128?AfxAcquireMemory(strategy=0043e434,hint="afxSystem.c:933!_AfxSysCtor")
 afxClass<afxMemory>::AllocateObjects(1, 0043e2f4, 0043e304)
 afxClass<afxMemory>::BuildObjects(1, 0043e2f4, 0043e2ec)
 afxClass<afxMemory>::ConstructObject(0072f8b0)
 afxMemory.c:182?_AfxMemCtor(mem=0072f8b0)
 afxClass<afxThread>::Mount(0072f1fc, 0072f124, 00000000, 77bedcf8)
 afxClass<afxIoSystem>::Mount(0072f2bc, 0072f124, 00000000, 77bef420)
 afxClass<afxIoSystem>::AllocateObjects(1, 0043e2d8, 0043e2e8)
 afxClass<afxIoSystem>::BuildObjects(1, 0043e2d8, 0043e400)
 afxClass<afxIoSystem>::ConstructObject(0072fe90)
 afxIoSystem.c:683?_AfxIoCtor(io=0072fe90)
 afxArena.c:751?AfxAcquireArena(aren=0072fedc)
 afxArena.c:752?AfxAcquireArena(spec=00000000,hint="afxIoSystem.c:699!_AfxIoCtor")
 afxClass<afxFile>::Mount(0072ff34, 0072fec4, 00000000, 77bef160)
 afxClass<afxArchive>::Mount(0072fff4, 0072fec4, 0072ff34, 77beeafc)
 afxClass<afxResource>::Mount(00730174, 0072fec4, 00000000, 77bf0430)
 afxClass<afxUrd>::Mount(007300b4, 0072fec4, 00000000, 77bf0a10)
 afxIoSystem.c:384?AfxMountStoragePoints(0072fe90,6,0043e5e0)
 Point "." 5 mounted -> "E:/qwadro/afx".
 Point "system" 5 mounted -> "E:/qwadro/afx/system32".
 Point "sound" 5 mounted -> "E:/qwadro/afx/sound".
 Point "tmp" 7 mounted -> "E:/qwadro/afx/tmp".
 Point "data" 5 mounted -> "E:/qwadro/afx/data".
 Point "art" 5 mounted -> "E:/qwadro/afx/art".
 afxClass<afxModule>::Mount(0072f37c, 0072f124, 00000000, 77bebf4c)
 afxModule.c:62?AfxAcquireModule(uri=system/e2coree.dll)
 afxClass<afxModule>::AllocateObjects(1, 0043e2a8, 0043e2dc)
 afxClass<afxModule>::BuildObjects(1, 0043e2a8, 0043e518)
 afxClass<afxModule>::ConstructObject(00734550)
 afxModule.c:130?_AfxMdleCtor(uri:system/e2coree.dll)
 afxClass<afxHid>::Mount(0072f43c, 0072f124, 00000000, 77bef784)
 afxClass<afxKeyboard>::Mount(0072f4fc, 0072f124, 0072f43c, 77bf006c)
 afxClass<afxMouse>::Mount(0072f5bc, 0072f124, 0072f43c, 77bf01ec)
 afxClass<afxDrawSystem>::Mount(0072f67c, 0072f124, 00000000, 77bf48ac)
 afxClass<afxApplication>::Mount(0072f73c, 0072f124, 00000000, 77beb000)
 afxKeyboard.c:156?AfxAcquireKeyboard(port=0)
 afxClass<afxKeyboard>::AllocateObjects(1, 0043e2fc, 0043e30c)
 afxClass<afxKeyboard>::BuildObjects(1, 0043e2fc, 0043e2f8)
 afxClass<afxKeyboard, afxHid>ConstructingObject(00734680)
 afxClass<afxHid>::ConstructObject(00734680)
 afxHid.c:66?_AfxHidCtor(hid=00734680)
 afxClass<afxKeyboard>::ConstructObject(00734680)
 afxKeyboard.c:212?_AfxKbdCtor(kbd=00734680)
 afxClass<afxDrawSystem>::AllocateObjects(1, 0043f31c, 0043f32c)
 afxClass<afxDrawSystem>::BuildObjects(1, 0043f31c, 0043f408)
 afxClass<afxDrawSystem>::ConstructObject(00734f10)
 afxDrawSystem.c:407?_AfxDsysCtor(dsys=00734f10)
 afxClass<afxDrawDriver>::Mount(00734f58, 00734f44, 00000000, 77bf35b0)
New texture codec registered.
Name: SIGGL
Author: SIGMA Technology Group
Version: 0.5.1
Note: 
    :::::::::::     :::     :::::::::   ::::::::      :::        
        :+:       :+: :+:   :+:    :+: :+:    :+:   :+: :+:      
        +:+      +:+   +:+  +:+    +:+ +:+         +:+   +:+     
        +#+     +#++:++#++: +#++:++#:  :#:        +#++:++#++:    
        +#+     +#+     +#+ +#+    +#+ +#+   +#+# +#+     +#+    
        #+#     #+#     #+# #+#    #+# #+#    #+# #+#     #+#    
        ###     ###     ### ###    ###  ########  ###     ###    
                                                                 
                      SIGMA Technology Group                     
 Truecolor Targa texture serializer installed!
 afxModule.c:62?AfxAcquireModule(uri=e2draw.icd)
 afxClass<afxModule>::AllocateObjects(1, 0043ee8c, 0043eec0)
 afxClass<afxModule>::BuildObjects(1, 0043ee8c, 0043ef8c)
 afxClass<afxModule>::ConstructObject(007351a0)
 afxModule.c:130?_AfxMdleCtor(uri:e2draw.icd)
 afxDrawDriver.c:155?AfxRegisterDrawDriver(spec=77e57c40)
 afxClass<afxDrawDriver>::AllocateObjects(1, 0043ee8c, 0043ee9c)
 afxClass<afxDrawDriver>::BuildObjects(1, 0043ee8c, 77e57c40)
 afxClass<afxDrawDriver>::ConstructObject(00736890)
 afxDrawDriver.c:206?_AfxDdrvCtor(ddrv=00736890)
 afxClass<afxDrawThread>::Mount(007368e0, 007368cc, 00000000, 77bf4bd0)
 afxClass<afxDrawContext>::Mount(007369a0, 007368cc, 00000000, 77bf2114)
 afxClass<afxDrawOutput>::Mount(00736a60, 007368cc, 00000000, 77bf3a7c)
 afxClass<afxDrawInput>::Mount(00736b20, 007368cc, 00000000, 77bf3884)
 Listing mem available display devices...

 #0 = Intel(R) HD Graphics (\\.\DISPLAY1) 8000005
 #1 = RDPDD Chained DD (\\.\DISPLAYV1) 200008
 #2 = RDP Encoder Mirror Driver (\\.\DISPLAYV2) 200008
 #3 = RDP Reflector Display Driver (\\.\DISPLAYV3) 200008
 afxDrawThread.c:26?_AfxAcquireDrawThread(ddrv=00736890)
 afxClass<afxDrawThread>::AllocateObjects(1, 0043e7f4, 0043e810)
 afxClass<afxDrawThread>::BuildObjects(1, 0043e7f4, 0043e894)
 afxClass<afxDrawThread>::ConstructObject(0073b780)
 afxDrawThread.c:72?_AfxDthrCtor(dthr=0073b780)
 sglDrawThread.c:210?_SglDdrvVmtDthrCb(dthr=0073b780)
 sglDrawDriver.c:1285?_SglCreateCombinedDeviceContext(oglWndClss=00736cf0,shareCtx=00000000,phwnd=0073b880,phdc=0073b884,phrc=0073b88c)
 sglDrawDriver.c:787?_SglLoadVmt(vmt=0073b890,verMajor=1,verMinor=0)
 glCullFace @ 0 found.
 glFrontFace @ 1 found.
 glHint @ 2 found.
 glLineWidth @ 3 found.
 glPointSize @ 4 found.
 glPolygonMode @ 5 found.
 glScissor @ 6 found.
 glTexParameterf @ 7 found.
 glTexParameterfv @ 8 found.
 glTexParameteri @ 9 found.
 glTexParameteriv @ 10 found.
 glTexImage1D @ 11 found.
 glTexImage2D @ 12 found.
 glDrawBuffer @ 13 found.
 glClear @ 14 found.
 glClearColor @ 15 found.
 glClearStencil @ 16 found.
 glClearDepth @ 17 found.
 glStencilMask @ 18 found.
 glColorMask @ 19 found.
 glDepthMask @ 20 found.
 glDisable @ 21 found.
 glEnable @ 22 found.
 glFinish @ 23 found.
 glFlush @ 24 found.
 glBlendFunc @ 25 found.
 glLogicOp @ 26 found.
 glStencilFunc @ 27 found.
 glStencilOp @ 28 found.
 glDepthFunc @ 29 found.
 glPixelStoref @ 30 found.
 glPixelStorei @ 31 found.
 glReadBuffer @ 32 found.
 glReadPixels @ 33 found.
 glGetBooleanv @ 34 found.
 glGetDoublev @ 35 found.
 glGetError @ 36 found.
 glGetFloatv @ 37 found.
 glGetIntegerv @ 38 found.
 glGetString @ 39 found.
 glGetTexImage @ 40 found.
 glGetTexParameterfv @ 41 found.
 glGetTexParameteriv @ 42 found.
 glGetTexLevelParameterfv @ 43 found.
 glGetTexLevelParameteriv @ 44 found.
 glIsEnabled @ 45 found.
 glDepthRange @ 46 found.
 glViewport @ 47 found.
 sglDrawDriver.c:787?_SglLoadVmt(vmt=0073b890,verMajor=4,verMinor=6)
 glCullFace @ 0 found.
 glFrontFace @ 1 found.
 glHint @ 2 found.
 glLineWidth @ 3 found.
 glPointSize @ 4 found.
 glPolygonMode @ 5 found.
 glScissor @ 6 found.
 glTexParameterf @ 7 found.
 glTexParameterfv @ 8 found.
 glTexParameteri @ 9 found.
 glTexParameteriv @ 10 found.
 glTexImage1D @ 11 found.
 glTexImage2D @ 12 found.
 glDrawBuffer @ 13 found.
 glClear @ 14 found.
 glClearColor @ 15 found.
 glClearStencil @ 16 found.
 glClearDepth @ 17 found.
 glStencilMask @ 18 found.
 glColorMask @ 19 found.
 glDepthMask @ 20 found.
 glDisable @ 21 found.
 glEnable @ 22 found.
 glFinish @ 23 found.
 glFlush @ 24 found.
 glBlendFunc @ 25 found.
 glLogicOp @ 26 found.
 glStencilFunc @ 27 found.
 glStencilOp @ 28 found.
 glDepthFunc @ 29 found.
 glPixelStoref @ 30 found.
 glPixelStorei @ 31 found.
 glReadBuffer @ 32 found.
 glReadPixels @ 33 found.
 glGetBooleanv @ 34 found.
 glGetDoublev @ 35 found.
 glGetError @ 36 found.
 glGetFloatv @ 37 found.
 glGetIntegerv @ 38 found.
 glGetString @ 39 found.
 glGetTexImage @ 40 found.
 glGetTexParameterfv @ 41 found.
 glGetTexParameteriv @ 42 found.
 glGetTexLevelParameterfv @ 43 found.
 glGetTexLevelParameteriv @ 44 found.
 glIsEnabled @ 45 found.
 glDepthRange @ 46 found.
 glViewport @ 47 found.
 glDrawArrays @ 48 found.
 glDrawElements @ 49 found.
 glGetPointerv @ 50 found.
 glPolygonOffset @ 51 found.
 glCopyTexImage1D @ 52 found.
 glCopyTexImage2D @ 53 found.
 glCopyTexSubImage1D @ 54 found.
 glCopyTexSubImage2D @ 55 found.
 glTexSubImage1D @ 56 found.
 glTexSubImage2D @ 57 found.
 glBindTexture @ 58 found.
 glDeleteTextures @ 59 found.
 glGenTextures @ 60 found.
 glIsTexture @ 61 found.
 glDrawRangeElements @ 62 found.
 glTexImage3D @ 63 found.
 glTexSubImage3D @ 64 found.
 glCopyTexSubImage3D @ 65 found.
 glActiveTexture @ 66 found.
 glSampleCoverage @ 67 found.
 glCompressedTexImage3D @ 68 found.
 glCompressedTexImage2D @ 69 found.
 glCompressedTexImage1D @ 70 found.
 glCompressedTexSubImage3D @ 71 found.
 glCompressedTexSubImage2D @ 72 found.
 glCompressedTexSubImage1D @ 73 found.
 glGetCompressedTexImage @ 74 found.
 glBlendFuncSeparate @ 75 found.
 glMultiDrawArrays @ 76 found.
 glMultiDrawElements @ 77 found.
 glPointParameterf @ 78 found.
 glPointParameterfv @ 79 found.
 glPointParameteri @ 80 found.
 glPointParameteriv @ 81 found.
 glBlendColor @ 82 found.
 glBlendEquation @ 83 found.
 glGenQueries @ 84 found.
 glDeleteQueries @ 85 found.
 glIsQuery @ 86 found.
 glBeginQuery @ 87 found.
 glEndQuery @ 88 found.
 glGetQueryiv @ 89 found.
 glGetQueryObjectiv @ 90 found.
 glGetQueryObjectuiv @ 91 found.
 glBindBuffer @ 92 found.
 glDeleteBuffers @ 93 found.
 glGenBuffers @ 94 found.
 glIsBuffer @ 95 found.
 glBufferData @ 96 found.
 glBufferSubData @ 97 found.
 glGetBufferSubData @ 98 found.
 glMapBuffer @ 99 found.
 glUnmapBuffer @ 100 found.
 glGetBufferParameteriv @ 101 found.
 glGetBufferPointerv @ 102 found.
 glBlendEquationSeparate @ 103 found.
 glDrawBuffers @ 104 found.
 glStencilOpSeparate @ 105 found.
 glStencilFuncSeparate @ 106 found.
 glStencilMaskSeparate @ 107 found.
 glAttachShader @ 108 found.
 glBindAttribLocation @ 109 found.
 glCompileShader @ 110 found.
 glCreateProgram @ 111 found.
 glCreateShader @ 112 found.
 glDeleteProgram @ 113 found.
 glDeleteShader @ 114 found.
 glDetachShader @ 115 found.
 glDisableVertexAttribArray @ 116 found.
 glEnableVertexAttribArray @ 117 found.
 glGetActiveAttrib @ 118 found.
 glGetActiveUniform @ 119 found.
 glGetAttachedShaders @ 120 found.
 glGetAttribLocation @ 121 found.
 glGetProgramiv @ 122 found.
 glGetProgramInfoLog @ 123 found.
 glGetShaderiv @ 124 found.
 glGetShaderInfoLog @ 125 found.
 glGetShaderSource @ 126 found.
 glGetUniformLocation @ 127 found.
 glGetUniformfv @ 128 found.
 glGetUniformiv @ 129 found.
 glGetVertexAttribdv @ 130 found.
 glGetVertexAttribfv @ 131 found.
 glGetVertexAttribiv @ 132 found.
 glGetVertexAttribPointerv @ 133 found.
 glIsProgram @ 134 found.
 glIsShader @ 135 found.
 glLinkProgram @ 136 found.
 glShaderSource @ 137 found.
 glUseProgram @ 138 found.
 glUniform1f @ 139 found.
 glUniform2f @ 140 found.
 glUniform3f @ 141 found.
 glUniform4f @ 142 found.
 glUniform1i @ 143 found.
 glUniform2i @ 144 found.
 glUniform3i @ 145 found.
 glUniform4i @ 146 found.
 glUniform1fv @ 147 found.
 glUniform2fv @ 148 found.
 glUniform3fv @ 149 found.
 glUniform4fv @ 150 found.
 glUniform1iv @ 151 found.
 glUniform2iv @ 152 found.
 glUniform3iv @ 153 found.
 glUniform4iv @ 154 found.
 glUniformMatrix2fv @ 155 found.
 glUniformMatrix3fv @ 156 found.
 glUniformMatrix4fv @ 157 found.
 glValidateProgram @ 158 found.
 glVertexAttrib1d @ 159 found.
 glVertexAttrib1dv @ 160 found.
 glVertexAttrib1f @ 161 found.
 glVertexAttrib1fv @ 162 found.
 glVertexAttrib1s @ 163 found.
 glVertexAttrib1sv @ 164 found.
 glVertexAttrib2d @ 165 found.
 glVertexAttrib2dv @ 166 found.
 glVertexAttrib2f @ 167 found.
 glVertexAttrib2fv @ 168 found.
 glVertexAttrib2s @ 169 found.
 glVertexAttrib2sv @ 170 found.
 glVertexAttrib3d @ 171 found.
 glVertexAttrib3dv @ 172 found.
 glVertexAttrib3f @ 173 found.
 glVertexAttrib3fv @ 174 found.
 glVertexAttrib3s @ 175 found.
 glVertexAttrib3sv @ 176 found.
 glVertexAttrib4Nbv @ 177 found.
 glVertexAttrib4Niv @ 178 found.
 glVertexAttrib4Nsv @ 179 found.
 glVertexAttrib4Nub @ 180 found.
 glVertexAttrib4Nubv @ 181 found.
 glVertexAttrib4Nuiv @ 182 found.
 glVertexAttrib4Nusv @ 183 found.
 glVertexAttrib4bv @ 184 found.
 glVertexAttrib4d @ 185 found.
 glVertexAttrib4dv @ 186 found.
 glVertexAttrib4f @ 187 found.
 glVertexAttrib4fv @ 188 found.
 glVertexAttrib4iv @ 189 found.
 glVertexAttrib4s @ 190 found.
 glVertexAttrib4sv @ 191 found.
 glVertexAttrib4ubv @ 192 found.
 glVertexAttrib4uiv @ 193 found.
 glVertexAttrib4usv @ 194 found.
 glVertexAttribPointer @ 195 found.
 glUniformMatrix2x3fv @ 196 found.
 glUniformMatrix3x2fv @ 197 found.
 glUniformMatrix2x4fv @ 198 found.
 glUniformMatrix4x2fv @ 199 found.
 glUniformMatrix3x4fv @ 200 found.
 glUniformMatrix4x3fv @ 201 found.
 glColorMaski @ 202 found.
 glGetBooleani_v @ 203 found.
 glGetIntegeri_v @ 204 found.
 glEnablei @ 205 found.
 glDisablei @ 206 found.
 glIsEnabledi @ 207 found.
 glBeginTransformFeedback @ 208 found.
 glEndTransformFeedback @ 209 found.
 glBindBufferRange @ 210 found.
 glBindBufferBase @ 211 found.
 glTransformFeedbackVaryings @ 212 found.
 glGetTransformFeedbackVarying @ 213 found.
 glClampColor @ 214 found.
 glBeginConditionalRender @ 215 found.
 glEndConditionalRender @ 216 found.
 glVertexAttribIPointer @ 217 found.
 glGetVertexAttribIiv @ 218 found.
 glGetVertexAttribIuiv @ 219 found.
 glVertexAttribI1i @ 220 found.
 glVertexAttribI2i @ 221 found.
 glVertexAttribI3i @ 222 found.
 glVertexAttribI4i @ 223 found.
 glVertexAttribI1ui @ 224 found.
 glVertexAttribI2ui @ 225 found.
 glVertexAttribI3ui @ 226 found.
 glVertexAttribI4ui @ 227 found.
 glVertexAttribI1iv @ 228 found.
 glVertexAttribI2iv @ 229 found.
 glVertexAttribI3iv @ 230 found.
 glVertexAttribI4iv @ 231 found.
 glVertexAttribI1uiv @ 232 found.
 glVertexAttribI2uiv @ 233 found.
 glVertexAttribI3uiv @ 234 found.
 glVertexAttribI4uiv @ 235 found.
 glVertexAttribI4bv @ 236 found.
 glVertexAttribI4sv @ 237 found.
 glVertexAttribI4ubv @ 238 found.
 glVertexAttribI4usv @ 239 found.
 glGetUniformuiv @ 240 found.
 glBindFragDataLocation @ 241 found.
 glGetFragDataLocation @ 242 found.
 glUniform1ui @ 243 found.
 glUniform2ui @ 244 found.
 glUniform3ui @ 245 found.
 glUniform4ui @ 246 found.
 glUniform1uiv @ 247 found.
 glUniform2uiv @ 248 found.
 glUniform3uiv @ 249 found.
 glUniform4uiv @ 250 found.
 glTexParameterIiv @ 251 found.
 glTexParameterIuiv @ 252 found.
 glGetTexParameterIiv @ 253 found.
 glGetTexParameterIuiv @ 254 found.
 glClearBufferiv @ 255 found.
 glClearBufferuiv @ 256 found.
 glClearBufferfv @ 257 found.
 glClearBufferfi @ 258 found.
 glGetStringi @ 259 found.
 glIsRenderbuffer @ 260 found.
 glBindRenderbuffer @ 261 found.
 glDeleteRenderbuffers @ 262 found.
 glGenRenderbuffers @ 263 found.
 glRenderbufferStorage @ 264 found.
 glGetRenderbufferParameteriv @ 265 found.
 glIsFramebuffer @ 266 found.
 glBindFramebuffer @ 267 found.
 glDeleteFramebuffers @ 268 found.
 glGenFramebuffers @ 269 found.
 glCheckFramebufferStatus @ 270 found.
 glFramebufferTexture1D @ 271 found.
 glFramebufferTexture2D @ 272 found.
 glFramebufferTexture3D @ 273 found.
 glFramebufferRenderbuffer @ 274 found.
 glGetFramebufferAttachmentParameteriv @ 275 found.
 glGenerateMipmap @ 276 found.
 glBlitFramebuffer @ 277 found.
 glRenderbufferStorageMultisample @ 278 found.
 glFramebufferTextureLayer @ 279 found.
 glMapBufferRange @ 280 found.
 glFlushMappedBufferRange @ 281 found.
 glBindVertexArray @ 282 found.
 glDeleteVertexArrays @ 283 found.
 glGenVertexArrays @ 284 found.
 glIsVertexArray @ 285 found.
 glDrawArraysInstanced @ 286 found.
 glDrawElementsInstanced @ 287 found.
 glTexBuffer @ 288 found.
 glPrimitiveRestartIndex @ 289 found.
 glCopyBufferSubData @ 290 found.
 glGetUniformIndices @ 291 found.
 glGetActiveUniformsiv @ 292 found.
 glGetActiveUniformName @ 293 found.
 glGetUniformBlockIndex @ 294 found.
 glGetActiveUniformBlockiv @ 295 found.
 glGetActiveUniformBlockName @ 296 found.
 glUniformBlockBinding @ 297 found.
 glDrawElementsBaseVertex @ 298 found.
 glDrawRangeElementsBaseVertex @ 299 found.
 glDrawElementsInstancedBaseVertex @ 300 found.
 glMultiDrawElementsBaseVertex @ 301 found.
 glProvokingVertex @ 302 found.
 glFenceSync @ 303 found.
 glIsSync @ 304 found.
 glDeleteSync @ 305 found.
 glClientWaitSync @ 306 found.
 glWaitSync @ 307 found.
 glGetInteger64v @ 308 found.
 glGetSynciv @ 309 found.
 glGetInteger64i_v @ 310 found.
 glGetBufferParameteri64v @ 311 found.
 glFramebufferTexture @ 312 found.
 glTexImage2DMultisample @ 313 found.
 glTexImage3DMultisample @ 314 found.
 glGetMultisamplefv @ 315 found.
 glSampleMaski @ 316 found.
 glBindFragDataLocationIndexed @ 317 found.
 glGetFragDataIndex @ 318 found.
 glGenSamplers @ 319 found.
 glDeleteSamplers @ 320 found.
 glIsSampler @ 321 found.
 glBindSampler @ 322 found.
 glSamplerParameteri @ 323 found.
 glSamplerParameteriv @ 324 found.
 glSamplerParameterf @ 325 found.
 glSamplerParameterfv @ 326 found.
 glSamplerParameterIiv @ 327 found.
 glSamplerParameterIuiv @ 328 found.
 glGetSamplerParameteriv @ 329 found.
 glGetSamplerParameterIiv @ 330 found.
 glGetSamplerParameterfv @ 331 found.
 glGetSamplerParameterIuiv @ 332 found.
 glQueryCounter @ 333 found.
 glGetQueryObjecti64v @ 334 found.
 glGetQueryObjectui64v @ 335 found.
 glVertexAttribDivisor @ 336 found.
 glVertexAttribP1ui @ 337 found.
 glVertexAttribP1uiv @ 338 found.
 glVertexAttribP2ui @ 339 found.
 glVertexAttribP2uiv @ 340 found.
 glVertexAttribP3ui @ 341 found.
 glVertexAttribP3uiv @ 342 found.
 glVertexAttribP4ui @ 343 found.
 glVertexAttribP4uiv @ 344 found.
 glMinSampleShading @ 345 found.
 glBlendEquationi @ 346 found.
 glBlendEquationSeparatei @ 347 found.
 glBlendFunci @ 348 found.
 glBlendFuncSeparatei @ 349 found.
 glDrawArraysIndirect @ 350 found.
 glDrawElementsIndirect @ 351 found.
 glUniform1d @ 352 found.
 glUniform2d @ 353 found.
 glUniform3d @ 354 found.
 glUniform4d @ 355 found.
 glUniform1dv @ 356 found.
 glUniform2dv @ 357 found.
 glUniform3dv @ 358 found.
 glUniform4dv @ 359 found.
 glUniformMatrix2dv @ 360 found.
 glUniformMatrix3dv @ 361 found.
 glUniformMatrix4dv @ 362 found.
 glUniformMatrix2x3dv @ 363 found.
 glUniformMatrix2x4dv @ 364 found.
 glUniformMatrix3x2dv @ 365 found.
 glUniformMatrix3x4dv @ 366 found.
 glUniformMatrix4x2dv @ 367 found.
 glUniformMatrix4x3dv @ 368 found.
 glGetUniformdv @ 369 found.
 glGetSubroutineUniformLocation @ 370 found.
 glGetSubroutineIndex @ 371 found.
 glGetActiveSubroutineUniformiv @ 372 found.
 glGetActiveSubroutineUniformName @ 373 found.
 glGetActiveSubroutineName @ 374 found.
 glUniformSubroutinesuiv @ 375 found.
 glGetUniformSubroutineuiv @ 376 found.
 glGetProgramStageiv @ 377 found.
 glPatchParameteri @ 378 found.
 glPatchParameterfv @ 379 found.
 glBindTransformFeedback @ 380 found.
 glDeleteTransformFeedbacks @ 381 found.
 glGenTransformFeedbacks @ 382 found.
 glIsTransformFeedback @ 383 found.
 glPauseTransformFeedback @ 384 found.
 glResumeTransformFeedback @ 385 found.
 glDrawTransformFeedback @ 386 found.
 glDrawTransformFeedbackStream @ 387 found.
 glBeginQueryIndexed @ 388 found.
 glEndQueryIndexed @ 389 found.
 glGetQueryIndexediv @ 390 found.
 glReleaseShaderCompiler @ 391 found.
 glShaderBinary @ 392 found.
 glGetShaderPrecisionFormat @ 393 found.
 glDepthRangef @ 394 found.
 glClearDepthf @ 395 found.
 glGetProgramBinary @ 396 found.
 glProgramBinary @ 397 found.
 glProgramParameteri @ 398 found.
 glUseProgramStages @ 399 found.
 glActiveShaderProgram @ 400 found.
 glCreateShaderProgramv @ 401 found.
 glBindProgramPipeline @ 402 found.
 glDeleteProgramPipelines @ 403 found.
 glGenProgramPipelines @ 404 found.
 glIsProgramPipeline @ 405 found.
 glGetProgramPipelineiv @ 406 found.
 glProgramUniform1i @ 407 found.
 glProgramUniform1iv @ 408 found.
 glProgramUniform1f @ 409 found.
 glProgramUniform1fv @ 410 found.
 glProgramUniform1d @ 411 found.
 glProgramUniform1dv @ 412 found.
 glProgramUniform1ui @ 413 found.
 glProgramUniform1uiv @ 414 found.
 glProgramUniform2i @ 415 found.
 glProgramUniform2iv @ 416 found.
 glProgramUniform2f @ 417 found.
 glProgramUniform2fv @ 418 found.
 glProgramUniform2d @ 419 found.
 glProgramUniform2dv @ 420 found.
 glProgramUniform2ui @ 421 found.
 glProgramUniform2uiv @ 422 found.
 glProgramUniform3i @ 423 found.
 glProgramUniform3iv @ 424 found.
 glProgramUniform3f @ 425 found.
 glProgramUniform3fv @ 426 found.
 glProgramUniform3d @ 427 found.
 glProgramUniform3dv @ 428 found.
 glProgramUniform3ui @ 429 found.
 glProgramUniform3uiv @ 430 found.
 glProgramUniform4i @ 431 found.
 glProgramUniform4iv @ 432 found.
 glProgramUniform4f @ 433 found.
 glProgramUniform4fv @ 434 found.
 glProgramUniform4d @ 435 found.
 glProgramUniform4dv @ 436 found.
 glProgramUniform4ui @ 437 found.
 glProgramUniform4uiv @ 438 found.
 glProgramUniformMatrix2fv @ 439 found.
 glProgramUniformMatrix3fv @ 440 found.
 glProgramUniformMatrix4fv @ 441 found.
 glProgramUniformMatrix2dv @ 442 found.
 glProgramUniformMatrix3dv @ 443 found.
 glProgramUniformMatrix4dv @ 444 found.
 glProgramUniformMatrix2x3fv @ 445 found.
 glProgramUniformMatrix3x2fv @ 446 found.
 glProgramUniformMatrix2x4fv @ 447 found.
 glProgramUniformMatrix4x2fv @ 448 found.
 glProgramUniformMatrix3x4fv @ 449 found.
 glProgramUniformMatrix4x3fv @ 450 found.
 glProgramUniformMatrix2x3dv @ 451 found.
 glProgramUniformMatrix3x2dv @ 452 found.
 glProgramUniformMatrix2x4dv @ 453 found.
 glProgramUniformMatrix4x2dv @ 454 found.
 glProgramUniformMatrix3x4dv @ 455 found.
 glProgramUniformMatrix4x3dv @ 456 found.
 glValidateProgramPipeline @ 457 found.
 glGetProgramPipelineInfoLog @ 458 found.
 glVertexAttribL1d @ 459 found.
 glVertexAttribL2d @ 460 found.
 glVertexAttribL3d @ 461 found.
 glVertexAttribL4d @ 462 found.
 glVertexAttribL1dv @ 463 found.
 glVertexAttribL2dv @ 464 found.
 glVertexAttribL3dv @ 465 found.
 glVertexAttribL4dv @ 466 found.
 glVertexAttribLPointer @ 467 found.
 glGetVertexAttribLdv @ 468 found.
 glViewportArrayv @ 469 found.
 glViewportIndexedf @ 470 found.
 glViewportIndexedfv @ 471 found.
 glScissorArrayv @ 472 found.
 glScissorIndexed @ 473 found.
 glScissorIndexedv @ 474 found.
 glDepthRangeArrayv @ 475 found.
 glDepthRangeIndexed @ 476 found.
 glGetFloati_v @ 477 found.
 glGetDoublei_v @ 478 found.
 glDrawArraysInstancedBaseInstance @ 479 found.
 glDrawElementsInstancedBaseInstance @ 480 found.
 glDrawElementsInstancedBaseVertexBaseInstance @ 481 found.
 glGetInternalformativ @ 482 found.
 glGetActiveAtomicCounterBufferiv @ 483 found.
 glBindImageTexture @ 484 found.
 glMemoryBarrier @ 485 found.
 glTexStorage1D @ 486 found.
 glTexStorage2D @ 487 found.
 glTexStorage3D @ 488 found.
 glDrawTransformFeedbackInstanced @ 489 found.
 glDrawTransformFeedbackStreamInstanced @ 490 found.
 glDispatchCompute @ 493 found.
 glDispatchComputeIndirect @ 494 found.
 glFramebufferParameteri @ 496 found.
 glGetFramebufferParameteriv @ 497 found.
 glGetInternalformati64v @ 498 found.
 glInvalidateFramebuffer @ 503 found.
 glInvalidateSubFramebuffer @ 504 found.
 glMultiDrawArraysIndirect @ 505 found.
 glMultiDrawElementsIndirect @ 506 found.
 glGetProgramInterfaceiv @ 507 found.
 glGetProgramResourceIndex @ 508 found.
 glGetProgramResourceName @ 509 found.
 glGetProgramResourceiv @ 510 found.
 glGetProgramResourceLocation @ 511 found.
 glGetProgramResourceLocationIndex @ 512 found.
 glShaderStorageBlockBinding @ 513 found.
 glTexBufferRange @ 514 found.
 glTexStorage2DMultisample @ 515 found.
 glTexStorage3DMultisample @ 516 found.
 glBindVertexBuffer @ 518 found.
 glVertexAttribFormat @ 519 found.
 glVertexAttribIFormat @ 520 found.
 glVertexAttribLFormat @ 521 found.
 glVertexAttribBinding @ 522 found.
 glVertexBindingDivisor @ 523 found.
 glDebugMessageControl @ 524 found.
 glDebugMessageInsert @ 525 found.
 glDebugMessageCallback @ 526 found.
 glGetDebugMessageLog @ 527 found.
 glPushDebugGroup @ 528 found.
 glPopDebugGroup @ 529 found.
 glObjectLabel @ 530 found.
 glGetObjectLabel @ 531 found.
 glObjectPtrLabel @ 532 found.
 glGetObjectPtrLabel @ 533 found.
 glBufferStorage @ 534 found.
 glClipControl @ 543 found.
 glNamedBufferStorage @ 551 found.
 glTextureBufferRange @ 589 found.
 glTextureParameteri @ 606 found.
 glMemoryBarrierByRegion @ 641 found.
 glGetGraphicsResetStatus @ 644 found.
 glGetnCompressedTexImage @ 645 found.
 glGetnTexImage @ 646 found.
 glGetnUniformdv @ 647 found.
 glGetnUniformfv @ 648 found.
 glGetnUniformiv @ 649 found.
 glGetnUniformuiv @ 650 found.
 glReadnPixels @ 651 found.
New draw driver registered.
Name: 4DGL
Author: SIGMA Technology Group
Version: 0.7.2
Note: 
     .::::         :::::::::         ::::::::        :::        
    :+:+:+         :+:    :+:       :+:    :+:       :+:        
   +:+ +:+         +:+    +:+       +:+              +:+        
  +#+  +:+         +#+    +:+       :#:              +#+        
 +#+#+#+#+#+       +#+    +#+       +#+   +#+#       +#+        
       #+#         #+#    #+#       #+#    #+#       #+#        
       ###         #########         ########        ########## 
 Loading draw ICDs...
 afxModule.c:62?AfxAcquireModule(uri=e2draw.icd)
 afxModule.c:62?AfxAcquireModule(uri=e2newton.icd)
 afxClass<afxModule>::AllocateObjects(1, 0043ecac, 0043ece0)
 afxClass<afxModule>::BuildObjects(1, 0043ecac, 0043ed84)
 afxClass<afxModule>::ConstructObject(006b7650)
 afxModule.c:130?_AfxMdleCtor(uri:e2newton.icd)
 afxDrawContext.c:524?AfxAcquireDrawContext(spec=0043f3d4)
 afxClass<afxDrawContext>::AllocateObjects(1, 0043f2f4, 0043f304)
 afxClass<afxDrawContext>::BuildObjects(1, 0043f2f4, 0043f3d4)
 afxClass<afxDrawContext>::ConstructObject(006de280)
 afxDrawContext.c:580?_AfxDctxCtor(dctx=006de280)
 afxArena.c:751?AfxAcquireArena(aren=006dec98)
 afxArena.c:752?AfxAcquireArena(spec=00000000,hint="afxDrawContext.c:599!_AfxDctxCtor")
 afxClass<afxBuffer>::Mount(006de754, 006de2c0, 00000000, 77bf6168)
 afxClass<afxVertexBuffer>::Mount(006de814, 006de2c0, 006de754, 77bf7910)
 afxClass<afxIndexBuffer>::Mount(006de8d4, 006de2c0, 006de754, 77bf643c)
 afxClass<afxSampler>::Mount(006de994, 006de2c0, 00000000, 77bf683c)
 afxClass<afxTexture>::Mount(006dea54, 006de2c0, 00000000, 77bf7000)
 afxClass<afxSurface>::Mount(006deb14, 006de2c0, 006dea54, 77bf6e84)
 afxClass<afxShader>::Mount(006debd4, 006de2c0, 00000000, 77bf6a5c)
 afxClass<afxCanvas>::Mount(006de454, 006de2c0, 00000000, 77bf4fa0)
 afxClass<afxPipeline>::Mount(006de514, 006de2c0, 00000000, 77bf5cb0)
 afxClass<afxDrawOperation>::Mount(006de694, 006de2c0, 00000000, 77bf5408)
 afxClass<afxLego>::Mount(006de5d4, 006de2c0, 00000000, 77bf5a5c)
 afxClass<afxDrawScript>::Mount(006de394, 006de2c0, 00000000, 77bf4070)
 afxClass<afxDrawQueue>::Mount(006de2d4, 006de2c0, 00000000, 77bf3f68)
 afxArena.c:751?AfxAcquireArena(aren=02e90320)
 afxArena.c:752?AfxAcquireArena(spec=00000000,hint="afxDrawContext.c:662!_AfxDctxCtor")
 sglDrawContext.c:271?_SglDdrvVmtDctxCb(dctx=006de280)
 Uploading draw operation 'data/pipeline/rgbaToRgba.xml'
 afxXml.c:960?AfxLoadXml(uri:data/pipeline/rgbaToRgba.xml)
 afxFile.c:328?AfxOpenFile(00000001,data/pipeline/rgbaToRgba.xml)
 afxClass<afxFile>::AllocateObjects(1, 0043e584, 0043e594)
 afxClass<afxFile>::BuildObjects(1, 0043e584, 0043e57c)
 afxClass<afxFile>::ConstructObject(02ed6be0)
 afxStream.c:590?AfxAcquireStream(ios=02ed6c14,flags=1,start=00000000,len=0)
 afxClass<afxFile>::DismantleObjects(1, 0043e5d4)
 Destructing instance 02ed6be0 of afxFile class.
 afxClass<afxFile>::DeallocateObjects(1, 0043e5d4)
 afxClass<afxDrawOperation>::AllocateObjects(1, 006d4e00, 0043e5cc)
 afxClass<afxDrawOperation>::BuildObjects(1, 006d4e00, 0043e850)
 afxClass<afxDrawOperation>::ConstructObject(02ef43c0)
 afxDrawOperation.c:667?_AfxDopCtor(dop=02ef43c0)
 afxPipeline.c:365?AfxBuildPipelines(dctx=006de280)
 afxClass<afxPipeline>::AllocateObjects(1, 02ef3838, 0043df78)
 afxClass<afxPipeline>::BuildObjects(1, 02ef3838, 0043e06c)
 afxClass<afxPipeline>::ConstructObject(02fb3b30)
 afxPipeline.c:437?_AfxPipCtor(pip=02fb3b30)
 afxShader.c:535?AfxAcquireShaders(cnt=1,uri=02ef44f0,shd=0043d9e0)
 Uploading shader 'data/pipeline/rgbaToRgba.xml?vs'
 afxXml.c:960?AfxLoadXml(uri:data/pipeline/rgbaToRgba.xml)
 afxFile.c:328?AfxOpenFile(00000001,data/pipeline/rgbaToRgba.xml)
 afxClass<afxFile>::AllocateObjects(1, 0043d260, 0043d270)
 afxClass<afxFile>::BuildObjects(1, 0043d260, 0043d258)
 afxClass<afxFile>::ConstructObject(007ffa80)
 afxStream.c:590?AfxAcquireStream(ios=007ffab4,flags=1,start=00000000,len=0)
 afxClass<afxFile>::DismantleObjects(1, 0043d2b0)
 Destructing instance 007ffa80 of afxFile class.
 afxClass<afxFile>::DeallocateObjects(1, 0043d2b0)
 afxFile.c:348?AfxOpenReadableFile(data/pipeline/stdEnv.inc)
 afxClass<afxFile>::AllocateObjects(1, 0043d04c, 0043d05c)
 afxClass<afxFile>::BuildObjects(1, 0043d04c, 0043d044)
 afxClass<afxFile>::ConstructObject(007ffa80)
 afxStream.c:590?AfxAcquireStream(ios=007ffab4,flags=5,start=00000000,len=0)
 afxClass<afxFile>::DismantleObjects(1, 0043d09c)
 Destructing instance 007ffa80 of afxFile class.
 afxClass<afxFile>::DeallocateObjects(1, 0043d09c)
 afxShader.c:382?AfxBuildShaders(cnt=1,blueprint=0043d5ac,shd=0043d9e0)
 afxClass<afxShader>::AllocateObjects(1, 0043d9e0, 0043d2a8)
 afxClass<afxShader>::BuildObjects(1, 0043d9e0, 0043d5ac)
 afxClass<afxShader>::ConstructObject(02ed66b0)
 afxShader.c:645?_AfxShdCtor(shd=02ed66b0)
 #version 330 core // QWADRO. Engineered by SIGMA Technology Group.

#define afxInt int
#define afxNat uint

#define afxReal float

#define afxV2d vec2
#define afxV3d vec3
#define afxV4d vec4

#define afxM2d mat2
#define afxM3d mat3
#define afxM4d mat4

        
        layout(location = 0) in vec2 a_xy;

        out block
        {
            vec2 uv0;
        } sgl_v;

        void main()
        {
            gl_Position = vec4(a_xy, 0.0, 1.0);
            sgl_v.uv0 = vec2(gl_Position.xy * 0.5 + 0.5).xy;
        }
       
 sglShader.c:136?_AfxShdCtor(shd=02ed66b0)
 afxObject<02ed66b0>::InstallEventFilter(02fb3b30)
 afxShader.c:535?AfxAcquireShaders(cnt=1,uri=02ef4580,shd=0043d9e0)
 Uploading shader 'data/pipeline/rgbaToRgba.xml?fs'
 afxXml.c:960?AfxLoadXml(uri:data/pipeline/rgbaToRgba.xml)
 afxFile.c:328?AfxOpenFile(00000001,data/pipeline/rgbaToRgba.xml)
 afxClass<afxFile>::AllocateObjects(1, 0043d260, 0043d270)
 afxClass<afxFile>::BuildObjects(1, 0043d260, 0043d258)
 afxClass<afxFile>::ConstructObject(007f8810)
 afxStream.c:590?AfxAcquireStream(ios=007f8844,flags=1,start=00000000,len=0)
 afxClass<afxFile>::DismantleObjects(1, 0043d2b0)
 Destructing instance 007f8810 of afxFile class.
 afxClass<afxFile>::DeallocateObjects(1, 0043d2b0)
 afxFile.c:348?AfxOpenReadableFile(data/pipeline/stdEnv.inc)
 afxClass<afxFile>::AllocateObjects(1, 0043d04c, 0043d05c)
 afxClass<afxFile>::BuildObjects(1, 0043d04c, 0043d044)
 afxClass<afxFile>::ConstructObject(007f8810)
 afxStream.c:590?AfxAcquireStream(ios=007f8844,flags=5,start=00000000,len=0)
 afxClass<afxFile>::DismantleObjects(1, 0043d09c)
 Destructing instance 007f8810 of afxFile class.
 afxClass<afxFile>::DeallocateObjects(1, 0043d09c)
 afxShader.c:382?AfxBuildShaders(cnt=1,blueprint=0043d5ac,shd=0043d9e0)
 afxClass<afxShader>::AllocateObjects(1, 0043d9e0, 0043d2a8)
 afxClass<afxShader>::BuildObjects(1, 0043d9e0, 0043d5ac)
 afxClass<afxShader>::ConstructObject(02f613a0)
 afxShader.c:645?_AfxShdCtor(shd=02f613a0)
 #version 330 core // QWADRO. Engineered by SIGMA Technology Group.

#define afxInt int
#define afxNat uint

#define afxReal float

#define afxV2d vec2
#define afxV3d vec3
#define afxV4d vec4

#define afxM2d mat2
#define afxM3d mat3
#define afxM4d mat4

        
        uniform sampler2D samp;

        in block
        {
            vec2 uv0;
        } sgl_v;

        out vec4 sgl_rgba;

        void main()
        {
            sgl_rgba = texture(samp, sgl_v.uv0);
        }
       
 sglShader.c:136?_AfxShdCtor(shd=02f613a0)
 afxObject<02f613a0>::InstallEventFilter(02fb3b30)
 afxLego.c:202?AfxBuildLegos(dctx=006de280)
 ERR afxDrawContext.c:171?AfxGetLegoClass
    
 ERR afxDrawContext.c:171?AfxGetLegoClass
    (var_)
    Invalid
 afxClass<afxLego>::AllocateObjects(1, 02efb994, 0043d828)
 afxClass<afxLego>::BuildObjects(1, 02efb994, 0043db9c)
 afxClass<afxLego>::ConstructObject(02ef4750)
 afxLego.c:259?_AfxLegtCtor(legt=02ef4750)
 sglPipeline.c:295?_AfxPipCtor(pip=02fb3b30)
 afxPipeline.c:365?AfxBuildPipelines(dctx=006de280)
 afxClass<afxPipeline>::AllocateObjects(1, 02ef3898, 0043df78)
 afxClass<afxPipeline>::BuildObjects(1, 02ef3898, 0043e06c)
 afxClass<afxPipeline>::ConstructObject(02edf420)
 afxPipeline.c:437?_AfxPipCtor(pip=02edf420)
 afxShader.c:535?AfxAcquireShaders(cnt=1,uri=02ed5e90,shd=0043d9e0)
 Uploading shader 'data/pipeline/rgbaToRgba.xml?vsFlippedY'
 afxXml.c:960?AfxLoadXml(uri:data/pipeline/rgbaToRgba.xml)
 afxFile.c:328?AfxOpenFile(00000001,data/pipeline/rgbaToRgba.xml)
 afxClass<afxFile>::AllocateObjects(1, 0043d260, 0043d270)
 afxClass<afxFile>::BuildObjects(1, 0043d260, 0043d258)
 afxClass<afxFile>::ConstructObject(007f8810)
 afxStream.c:590?AfxAcquireStream(ios=007f8844,flags=1,start=00000000,len=0)
 afxClass<afxFile>::DismantleObjects(1, 0043d2b0)
 Destructing instance 007f8810 of afxFile class.
 afxClass<afxFile>::DeallocateObjects(1, 0043d2b0)
 afxFile.c:348?AfxOpenReadableFile(data/pipeline/stdEnv.inc)
 afxClass<afxFile>::AllocateObjects(1, 0043d04c, 0043d05c)
 afxClass<afxFile>::BuildObjects(1, 0043d04c, 0043d044)
 afxClass<afxFile>::ConstructObject(007f8810)
 afxStream.c:590?AfxAcquireStream(ios=007f8844,flags=5,start=00000000,len=0)
 afxClass<afxFile>::DismantleObjects(1, 0043d09c)
 Destructing instance 007f8810 of afxFile class.
 afxClass<afxFile>::DeallocateObjects(1, 0043d09c)
 afxShader.c:382?AfxBuildShaders(cnt=1,blueprint=0043d5ac,shd=0043d9e0)
 afxClass<afxShader>::AllocateObjects(1, 0043d9e0, 0043d2a8)
 afxClass<afxShader>::BuildObjects(1, 0043d9e0, 0043d5ac)
 afxClass<afxShader>::ConstructObject(007f8810)
 afxShader.c:645?_AfxShdCtor(shd=007f8810)
 #version 330 core // QWADRO. Engineered by SIGMA Technology Group.

#define afxInt int
#define afxNat uint

#define afxReal float

#define afxV2d vec2
#define afxV3d vec3
#define afxV4d vec4

#define afxM2d mat2
#define afxM3d mat3
#define afxM4d mat4

        
        const mat4 m = mat4(1, 0, 0, 0, 0, -1, 0, 0, 0, 0, 1, 0, 0, 0, 0, 1);
        
        layout(location = 0) in vec2 a_xy;
        
        out block
        {
            vec2 uv0;
        } sgl_v;

        void main()
        {
            gl_Position = vec4(a_xy, 0.0, 1.0);
            sgl_v.uv0 = vec2(m * vec4(gl_Position.xy * 0.5 + 0.5, 0, 1)).xy;
        }
       
 sglShader.c:136?_AfxShdCtor(shd=007f8810)
 afxObject<007f8810>::InstallEventFilter(02edf420)
 afxShader.c:535?AfxAcquireShaders(cnt=1,uri=02ef4580,shd=0043d9e0)
 Uploading shader 'data/pipeline/rgbaToRgba.xml?fs'
 afxXml.c:960?AfxLoadXml(uri:data/pipeline/rgbaToRgba.xml)
 afxFile.c:328?AfxOpenFile(00000001,data/pipeline/rgbaToRgba.xml)
 afxClass<afxFile>::AllocateObjects(1, 0043d260, 0043d270)
 afxClass<afxFile>::BuildObjects(1, 0043d260, 0043d258)
 afxClass<afxFile>::ConstructObject(007ffa80)
 afxStream.c:590?AfxAcquireStream(ios=007ffab4,flags=1,start=00000000,len=0)
 afxClass<afxFile>::DismantleObjects(1, 0043d2b0)
 Destructing instance 007ffa80 of afxFile class.
 afxClass<afxFile>::DeallocateObjects(1, 0043d2b0)
 afxFile.c:348?AfxOpenReadableFile(data/pipeline/stdEnv.inc)
 afxClass<afxFile>::AllocateObjects(1, 0043d04c, 0043d05c)
 afxClass<afxFile>::BuildObjects(1, 0043d04c, 0043d044)
 afxClass<afxFile>::ConstructObject(007ffa80)
 afxStream.c:590?AfxAcquireStream(ios=007ffab4,flags=5,start=00000000,len=0)
 afxClass<afxFile>::DismantleObjects(1, 0043d09c)
 Destructing instance 007ffa80 of afxFile class.
 afxClass<afxFile>::DeallocateObjects(1, 0043d09c)
 afxShader.c:382?AfxBuildShaders(cnt=1,blueprint=0043d5ac,shd=0043d9e0)
 afxClass<afxShader>::AllocateObjects(1, 0043d9e0, 0043d2a8)
 afxClass<afxShader>::BuildObjects(1, 0043d9e0, 0043d5ac)
 afxClass<afxShader>::ConstructObject(007ffa80)
 afxShader.c:645?_AfxShdCtor(shd=007ffa80)
 #version 330 core // QWADRO. Engineered by SIGMA Technology Group.

#define afxInt int
#define afxNat uint

#define afxReal float

#define afxV2d vec2
#define afxV3d vec3
#define afxV4d vec4

#define afxM2d mat2
#define afxM3d mat3
#define afxM4d mat4

        
        uniform sampler2D samp;

        in block
        {
            vec2 uv0;
        } sgl_v;

        out vec4 sgl_rgba;

        void main()
        {
            sgl_rgba = texture(samp, sgl_v.uv0);
        }
       
 sglShader.c:136?_AfxShdCtor(shd=007ffa80)
 afxObject<007ffa80>::InstallEventFilter(02edf420)
 afxLego.c:202?AfxBuildLegos(dctx=006de280)
 ERR afxDrawContext.c:171?AfxGetLegoClass
    
 ERR afxDrawContext.c:171?AfxGetLegoClass
    (var_)
    Invalid
 afxClass<afxLego>::AllocateObjects(1, 02efb034, 0043d828)
 afxClass<afxLego>::BuildObjects(1, 02efb034, 0043db9c)
 afxClass<afxLego>::ConstructObject(02ef47e0)
 afxLego.c:259?_AfxLegtCtor(legt=02ef47e0)
 sglPipeline.c:295?_AfxPipCtor(pip=02edf420)
 afxSampler.c:37?AfxAcquireSamplers(cnt=1,spec=0043ed90,spec=006d4e04)
 afxClass<afxSampler>::AllocateObjects(1, 006d4e04, 0043ea80)
 afxClass<afxSampler>::BuildObjects(1, 006d4e04, 0043ed90)
 afxClass<afxSampler>::ConstructObject(02ed6be0)
 afxSampler.c:95?_AfxSampCtor(samp=02ed6be0)
 sglSampler.c:145?_AfxSmpCtor(smp=02ed6be0)
 afxClass<afxVertexBuffer>::AllocateObjects(1, 006d4e08, 0043ead4)
 afxClass<afxVertexBuffer>::BuildObjects(1, 006d4e08, 0043eaac)
 afxClass<afxVertexBuffer, afxBuffer>ConstructingObject(007ffb30)
 afxClass<afxBuffer>::ConstructObject(007ffb30)
 afxBuffer.c:231?_AfxBufCtor(buf=007ffb30)
 sglBuffer.c:329?_SglBufCtor(buf=007ffb30)
 afxClass<afxVertexBuffer>::ConstructObject(007ffb30)
 afxVertexBuffer.c:404?_AfxVbufCtor(vbuf=007ffb30)
 afxDrawQueue.c:301?_AfxAcquireDrawQueue(dctx=006de280)
 afxClass<afxDrawQueue>::AllocateObjects(1, 0043ee0c, 0043ee28)
 afxClass<afxDrawQueue>::BuildObjects(1, 0043ee0c, 0043ef34)
 afxClass<afxDrawQueue>::ConstructObject(007f9de0)
 afxDrawQueue.c:352?_AfxDqueCtor(dque=007f9de0)
 sglDrawQueue.c:1716?_SglDctxVmtDqueCb(dque=007f9de0)
 afxApplication.c:370?AfxAcquireApplication(sys=0043f304,spec=0101b856)
 afxClass<afxApplication>::AllocateObjects(1, 0043f310, 0043f320)
 afxClass<afxApplication>::BuildObjects(1, 0043f310, 0043f3a4)
 afxClass<afxApplication>::ConstructObject(02ef7f50)
 afxApplication.c:421?_AfxAppCtor(app=02ef7f50)
 afxMouse.c:240?AfxAcquireMouse(port=0)
 afxClass<afxMouse>::AllocateObjects(1, 0043ef20, 0043ef30)
 afxClass<afxMouse>::BuildObjects(1, 0043ef20, 0043ef1c)
 afxClass<afxMouse, afxHid>ConstructingObject(02f66440)
 afxClass<afxHid>::ConstructObject(02f66440)
 afxHid.c:66?_AfxHidCtor(hid=02f66440)
 afxClass<afxMouse>::ConstructObject(02f66440)
 afxMouse.c:295?_AfxMseCtor(mse=02f66440)
 afxDrawInput.c:214?AfxAcquireDrawInput(spec=0043efc4)
 afxClass<afxDrawInput>::AllocateObjects(1, 0043ef04, 0043ef20)
 afxClass<afxDrawInput>::BuildObjects(1, 0043ef04, 0043efc4)
 afxClass<afxDrawInput>::ConstructObject(006dd180)
 afxDrawInput.c:276?_AfxDinCtor(din=006dd180)
 afxClass<afxWidget>::Mount(02ef8028, 02ef7f84, 00000000, 77bf94d0)
 afxClass<afxSimulation>::Mount(02ef80e8, 02ef7f84, 00000000, 77bf9d74)
 afxApplication.c:322?AfxApplicationExecute(app=02ef7f50)
 mmplayer.c:96?AfxEnterApplication(app=02ef7f50)
 Uploading texture 'art/world.tga'
 afxFile.c:328?AfxOpenFile(00000001,art/world.tga)
 afxClass<afxFile>::AllocateObjects(1, 0043e8b0, 0043e8c0)
 afxClass<afxFile>::BuildObjects(1, 0043e8b0, 0043e8a8)
 afxClass<afxFile>::ConstructObject(006dd240)
 afxStream.c:590?AfxAcquireStream(ios=006dd274,flags=1,start=00000000,len=0)
 ADV afxTexture.c:53?AfxAcquireTextureBlueprint
    texb->fcc == AFX_FCC_TEXB
 afxTexture.c:829?AfxBuildTextures(cnt=1,blueprint=0043e980,tex=012e5028)
 afxClass<afxTexture>::AllocateObjects(1, 012e5028, 0043e888)
 afxClass<afxTexture>::BuildObjects(1, 012e5028, 0043e980)
 afxClass<afxTexture>::ConstructObject(03033df0)
 afxTexture.c:1021?_AfxTexCtor(tex=03033df0)
 sglTexture.c:989?_SglTexCtor(tex=03033df0)
 afxClass<afxFile>::DismantleObjects(1, 0043e900)
 Destructing instance 006dd240 of afxFile class.
 afxClass<afxFile>::DeallocateObjects(1, 0043e900)
 afxFile.c:328?AfxOpenFile(00000002,tmp/world2.tga)
 afxClass<afxFile>::AllocateObjects(1, 0043ed30, 0043ed40)
 afxClass<afxFile>::BuildObjects(1, 0043ed30, 0043ed28)
 afxClass<afxFile>::ConstructObject(006dd240)
 afxStream.c:590?AfxAcquireStream(ios=006dd274,flags=2,start=00000000,len=0)
 afxClass<afxFile>::DismantleObjects(1, 0043ed80)
 Destructing instance 006dd240 of afxFile class.
 afxClass<afxFile>::DeallocateObjects(1, 0043ed80)
 afxClass<afxTexture>::DismantleObjects(1, 0043f140)
 Destructing instance 03033df0 of afxTexture class.
 afxTexture.c:997?_AfxTexDtor(tex=03033df0)
 sglTexture.c:956?_SglTexDtor(img=03033df0)
 afxClass<afxTexture>::DeallocateObjects(1, 0043f140)
 afxDrawOutput.c:445?AfxAcquireDrawOutput(spec=0043f240)
 afxClass<afxDrawOutput>::AllocateObjects(1, 0043f0f0, 0043f10c)
 afxClass<afxDrawOutput>::BuildObjects(1, 0043f0f0, 0043f240)
 afxClass<afxDrawOutput>::ConstructObject(03033df0)
 afxDrawOutput.c:511?_AfxDoutCtor(dout=03033df0)
 sglDrawOutput.c:348?_SglDdrvVmtDoutCb(dout=03033df0,uri=window)
 sglDrawOutput.c:198?_AfxStdDoutImplCtorWnd(dout=03033df0)
 afxDrawOutput.c:303?AfxRegenerateDrawOuputBuffers(dout=03033df0)
 afxSurface.c:36?AfxAcquireSurface(fmt=4,whd=[1280,720,1],usage=16)
 ADV afxTexture.c:53?AfxAcquireTextureBlueprint
    texb->fcc == AFX_FCC_TEXB
 afxClass<afxSurface>::AllocateObjects(1, 0043eb08, 0043eb24)
 afxClass<afxSurface>::BuildObjects(1, 0043eb08, 0043eb30)
 afxClass<afxSurface, afxTexture>ConstructingObject(02ef15f0)
 afxClass<afxTexture>::ConstructObject(02ef15f0)
 afxTexture.c:1021?_AfxTexCtor(tex=02ef15f0)
 sglTexture.c:989?_SglTexCtor(tex=02ef15f0)
 afxClass<afxSurface>::ConstructObject(02ef15f0)
 afxSurface.c:114?_AfxSurfCtor(surf=02ef15f0)
 sglSurface.c:116?_AfxSurfCtor(surf=02ef15f0)
 afxSurface.c:36?AfxAcquireSurface(fmt=4,whd=[1280,720,1],usage=16)
 ADV afxTexture.c:53?AfxAcquireTextureBlueprint
    texb->fcc == AFX_FCC_TEXB
 afxClass<afxSurface>::AllocateObjects(1, 0043eb08, 0043eb24)
 afxClass<afxSurface>::BuildObjects(1, 0043eb08, 0043eb30)
 afxClass<afxSurface, afxTexture>ConstructingObject(02ef16e0)
 afxClass<afxTexture>::ConstructObject(02ef16e0)
 afxTexture.c:1021?_AfxTexCtor(tex=02ef16e0)
 sglTexture.c:989?_SglTexCtor(tex=02ef16e0)
 afxClass<afxSurface>::ConstructObject(02ef16e0)
 afxSurface.c:114?_AfxSurfCtor(surf=02ef16e0)
 sglSurface.c:116?_AfxSurfCtor(surf=02ef16e0)
 afxCanvas.c:207?AfxBuildCanvases(dctx=006de280,cnt=1,blueprint=0043f000,canv=012e5048)
 afxClass<afxCanvas>::AllocateObjects(1, 012e5048, 0043eeec)
 afxClass<afxCanvas>::BuildObjects(1, 012e5048, 0043f000)
 afxClass<afxCanvas>::ConstructObject(03033f70)
 afxCanvas.c:264?_AfxCanvCtor(canv=03033f70)
 afxSurface.c:36?AfxAcquireSurface(fmt=21,whd=[1280,720,1],usage=32)
 ADV afxTexture.c:53?AfxAcquireTextureBlueprint
    texb->fcc == AFX_FCC_TEXB
 afxClass<afxSurface>::AllocateObjects(1, 0043e4d8, 0043e4f4)
 afxClass<afxSurface>::BuildObjects(1, 0043e4d8, 0043e500)
 afxClass<afxSurface, afxTexture>ConstructingObject(02ef17c0)
 afxClass<afxTexture>::ConstructObject(02ef17c0)
 afxTexture.c:1021?_AfxTexCtor(tex=02ef17c0)
 sglTexture.c:989?_SglTexCtor(tex=02ef17c0)
 afxClass<afxSurface>::ConstructObject(02ef17c0)
 afxSurface.c:114?_AfxSurfCtor(surf=02ef17c0)
 sglSurface.c:116?_AfxSurfCtor(surf=02ef17c0)
 sglCanvas.c:354?_AfxCanvCtor(canv=03033f70)
 afxCanvas.c:207?AfxBuildCanvases(dctx=006de280,cnt=1,blueprint=0043f000,canv=012e504c)
 afxClass<afxCanvas>::AllocateObjects(1, 012e504c, 0043eeec)
 afxClass<afxCanvas>::BuildObjects(1, 012e504c, 0043f000)
 afxClass<afxCanvas>::ConstructObject(02ef8c00)
 afxCanvas.c:264?_AfxCanvCtor(canv=02ef8c00)
 afxSurface.c:36?AfxAcquireSurface(fmt=21,whd=[1280,720,1],usage=32)
 ADV afxTexture.c:53?AfxAcquireTextureBlueprint
    texb->fcc == AFX_FCC_TEXB
 afxClass<afxSurface>::AllocateObjects(1, 0043e4d8, 0043e4f4)
 afxClass<afxSurface>::BuildObjects(1, 0043e4d8, 0043e500)
 afxClass<afxSurface, afxTexture>ConstructingObject(02ef18b0)
 afxClass<afxTexture>::ConstructObject(02ef18b0)
 afxTexture.c:1021?_AfxTexCtor(tex=02ef18b0)
 sglTexture.c:989?_SglTexCtor(tex=02ef18b0)
 afxClass<afxSurface>::ConstructObject(02ef18b0)
 afxSurface.c:114?_AfxSurfCtor(surf=02ef18b0)
 sglSurface.c:116?_AfxSurfCtor(surf=02ef18b0)
 sglCanvas.c:354?_AfxCanvCtor(canv=02ef8c00)
 afxDrawInput.c:214?AfxAcquireDrawInput(spec=0043f1b0)
 afxClass<afxDrawInput>::AllocateObjects(1, 0043f0d4, 0043f0f0)
 afxClass<afxDrawInput>::BuildObjects(1, 0043f0d4, 0043f1b0)
 afxClass<afxDrawInput>::ConstructObject(02ef70b0)
 afxDrawInput.c:276?_AfxDinCtor(din=02ef70b0)
 afxModule.c:62?AfxAcquireModule(uri=binkw32.dll)
 afxClass<afxModule>::AllocateObjects(1, 0043edec, 0043ee20)
 afxClass<afxModule>::BuildObjects(1, 0043edec, 0043eef4)
 afxClass<afxModule>::ConstructObject(02ef4320)
 afxModule.c:130?_AfxMdleCtor(uri:binkw32.dll)
 afxSampler.c:37?AfxAcquireSamplers(cnt=1,spec=0043f0c0,spec=012e516c)
 afxClass<afxSampler>::AllocateObjects(1, 012e516c, 0043eda0)
 afxClass<afxSampler>::BuildObjects(1, 012e516c, 0043f0c0)
 afxClass<afxSampler>::ConstructObject(02f18d90)
 afxSampler.c:95?_AfxSampCtor(samp=02f18d90)
 sglSampler.c:145?_AfxSmpCtor(smp=02f18d90)
 Uploading draw operation 'data/pipeline/yv12ToRgba.xml'
 afxXml.c:960?AfxLoadXml(uri:data/pipeline/yv12ToRgba.xml)
 afxFile.c:328?AfxOpenFile(00000001,data/pipeline/yv12ToRgba.xml)
 afxClass<afxFile>::AllocateObjects(1, 0043e8a4, 0043e8b4)
 afxClass<afxFile>::BuildObjects(1, 0043e8a4, 0043e89c)
 afxClass<afxFile>::ConstructObject(02f35f60)
 afxStream.c:590?AfxAcquireStream(ios=02f35f94,flags=1,start=00000000,len=0)
 afxClass<afxFile>::DismantleObjects(1, 0043e8f4)
 Destructing instance 02f35f60 of afxFile class.
 afxClass<afxFile>::DeallocateObjects(1, 0043e8f4)
 afxClass<afxDrawOperation>::AllocateObjects(1, 012e5168, 0043e8ec)
 afxClass<afxDrawOperation>::BuildObjects(1, 012e5168, 0043eb70)
 afxClass<afxDrawOperation>::ConstructObject(02ef4580)
 afxDrawOperation.c:667?_AfxDopCtor(dop=02ef4580)
 afxPipeline.c:365?AfxBuildPipelines(dctx=006de280)
 afxClass<afxPipeline>::AllocateObjects(1, 02efbab8, 0043e298)
 afxClass<afxPipeline>::BuildObjects(1, 02efbab8, 0043e38c)
 afxClass<afxPipeline>::ConstructObject(02ef0230)
 afxPipeline.c:437?_AfxPipCtor(pip=02ef0230)
 afxShader.c:535?AfxAcquireShaders(cnt=1,uri=02ef4910,shd=0043dd00)
 Uploading shader 'data/pipeline/yv12ToRgba.xml?vs'
 afxXml.c:960?AfxLoadXml(uri:data/pipeline/yv12ToRgba.xml)
 afxFile.c:328?AfxOpenFile(00000001,data/pipeline/yv12ToRgba.xml)
 afxClass<afxFile>::AllocateObjects(1, 0043d580, 0043d590)
 afxClass<afxFile>::BuildObjects(1, 0043d580, 0043d578)
 afxClass<afxFile>::ConstructObject(02f19070)
 afxStream.c:590?AfxAcquireStream(ios=02f190a4,flags=1,start=00000000,len=0)
 afxClass<afxFile>::DismantleObjects(1, 0043d5d0)
 Destructing instance 02f19070 of afxFile class.
 afxClass<afxFile>::DeallocateObjects(1, 0043d5d0)
 afxFile.c:348?AfxOpenReadableFile(data/pipeline/stdEnv.inc)
 afxClass<afxFile>::AllocateObjects(1, 0043d36c, 0043d37c)
 afxClass<afxFile>::BuildObjects(1, 0043d36c, 0043d364)
 afxClass<afxFile>::ConstructObject(02ef0750)
 afxStream.c:590?AfxAcquireStream(ios=02ef0784,flags=5,start=00000000,len=0)
 afxClass<afxFile>::DismantleObjects(1, 0043d3bc)
 Destructing instance 02ef0750 of afxFile class.
 afxClass<afxFile>::DeallocateObjects(1, 0043d3bc)
 afxShader.c:382?AfxBuildShaders(cnt=1,blueprint=0043d8cc,shd=0043dd00)
 afxClass<afxShader>::AllocateObjects(1, 0043dd00, 0043d5c8)
 afxClass<afxShader>::BuildObjects(1, 0043dd00, 0043d8cc)
 afxClass<afxShader>::ConstructObject(02ef0750)
 afxShader.c:645?_AfxShdCtor(shd=02ef0750)
 #version 330 core // QWADRO. Engineered by SIGMA Technology Group.

#define afxInt int
#define afxNat uint

#define afxReal float

#define afxV2d vec2
#define afxV3d vec3
#define afxV4d vec4

#define afxM2d mat2
#define afxM3d mat3
#define afxM4d mat4

        
        layout(location = 0) in vec2 a_xy;

        out block
        {
            vec2 uv0;
        } sgl_v;

        void main()
        {
            gl_Position = vec4(a_xy, 0.0, 1.0);
            sgl_v.uv0 = vec2(gl_Position.xy * 0.5 + 0.5).xy;
        }
       
 sglShader.c:136?_AfxShdCtor(shd=02ef0750)
 afxObject<02ef0750>::InstallEventFilter(02ef0230)
 afxShader.c:535?AfxAcquireShaders(cnt=1,uri=02f320b0,shd=0043dd00)
 Uploading shader 'data/pipeline/yv12ToRgba.xml?fsSigma'
 afxXml.c:960?AfxLoadXml(uri:data/pipeline/yv12ToRgba.xml)
 afxFile.c:328?AfxOpenFile(00000001,data/pipeline/yv12ToRgba.xml)
 afxClass<afxFile>::AllocateObjects(1, 0043d580, 0043d590)
 afxClass<afxFile>::BuildObjects(1, 0043d580, 0043d578)
 afxClass<afxFile>::ConstructObject(02f19070)
 afxStream.c:590?AfxAcquireStream(ios=02f190a4,flags=1,start=00000000,len=0)
 afxClass<afxFile>::DismantleObjects(1, 0043d5d0)
 Destructing instance 02f19070 of afxFile class.
 afxClass<afxFile>::DeallocateObjects(1, 0043d5d0)
 afxFile.c:348?AfxOpenReadableFile(data/pipeline/stdEnv.inc)
 afxClass<afxFile>::AllocateObjects(1, 0043d36c, 0043d37c)
 afxClass<afxFile>::BuildObjects(1, 0043d36c, 0043d364)
 afxClass<afxFile>::ConstructObject(02f19070)
 afxStream.c:590?AfxAcquireStream(ios=02f190a4,flags=5,start=00000000,len=0)
 afxClass<afxFile>::DismantleObjects(1, 0043d3bc)
 Destructing instance 02f19070 of afxFile class.
 afxClass<afxFile>::DeallocateObjects(1, 0043d3bc)
 afxShader.c:382?AfxBuildShaders(cnt=1,blueprint=0043d8cc,shd=0043dd00)
 afxClass<afxShader>::AllocateObjects(1, 0043dd00, 0043d5c8)
 afxClass<afxShader>::BuildObjects(1, 0043dd00, 0043d8cc)
 afxClass<afxShader>::ConstructObject(02f19070)
 afxShader.c:645?_AfxShdCtor(shd=02f19070)
 #version 330 core // QWADRO. Engineered by SIGMA Technology Group.

#define afxInt int
#define afxNat uint

#define afxReal float

#define afxV2d vec2
#define afxV3d vec3
#define afxV4d vec4

#define afxM2d mat2
#define afxM3d mat3
#define afxM4d mat4

        
        uniform sampler2D samp0;
        uniform sampler2D samp1;
        uniform sampler2D samp2;
        
        in block
        {
            vec2 uv0;
        } sgl_v;

        out vec4 sgl_rgba;

        void main()
        {
            vec3 yuv;
            yuv.x = texture(samp0, sgl_v.uv0).r;
            yuv.y = texture(samp2, sgl_v.uv0).r - 0.5;
            yuv.z = texture(samp1, sgl_v.uv0).r - 0.5;
            
            vec3 rgb = mat3( 1, 1, 1, 0, -0.34414, 1.772, 1.402, -0.71414, 0) * yuv;
            sgl_rgba = vec4(rgb, 1);
        }
       
 sglShader.c:136?_AfxShdCtor(shd=02f19070)
 afxObject<02f19070>::InstallEventFilter(02ef0230)
 afxLego.c:202?AfxBuildLegos(dctx=006de280)
 ERR afxDrawContext.c:171?AfxGetLegoClass
    
 ERR afxDrawContext.c:171?AfxGetLegoClass
    (var_)
    Invalid
 afxClass<afxLego>::AllocateObjects(1, 02f2ecb4, 0043db48)
 afxClass<afxLego>::BuildObjects(1, 02f2ecb4, 0043debc)
 afxClass<afxLego>::ConstructObject(02ef4a40)
 afxLego.c:259?_AfxLegtCtor(legt=02ef4a40)
 sglPipeline.c:295?_AfxPipCtor(pip=02ef0230)
 afxClass<afxVertexBuffer>::AllocateObjects(1, 012e5170, 0043edf4)
 afxClass<afxVertexBuffer>::BuildObjects(1, 012e5170, 0043edcc)
 afxClass<afxVertexBuffer, afxBuffer>ConstructingObject(02f320b0)
 afxClass<afxBuffer>::ConstructObject(02f320b0)
 afxBuffer.c:231?_AfxBufCtor(buf=02f320b0)
 sglBuffer.c:329?_SglBufCtor(buf=02f320b0)
 afxClass<afxVertexBuffer>::ConstructObject(02f320b0)
 afxVertexBuffer.c:404?_AfxVbufCtor(vbuf=02f320b0)
 afxSurface.c:36?AfxAcquireSurface(fmt=1,whd=[688,384,1],usage=16)
 ADV afxTexture.c:53?AfxAcquireTextureBlueprint
    texb->fcc == AFX_FCC_TEXB
 afxClass<afxSurface>::AllocateObjects(1, 0043e178, 0043e194)
 afxClass<afxSurface>::BuildObjects(1, 0043e178, 0043e1a0)
 afxClass<afxSurface, afxTexture>ConstructingObject(02f15c00)
 afxClass<afxTexture>::ConstructObject(02f15c00)
 afxTexture.c:1021?_AfxTexCtor(tex=02f15c00)
 sglTexture.c:989?_SglTexCtor(tex=02f15c00)
 afxClass<afxSurface>::ConstructObject(02f15c00)
 afxSurface.c:114?_AfxSurfCtor(surf=02f15c00)
 sglSurface.c:116?_AfxSurfCtor(surf=02f15c00)
 afxSurface.c:36?AfxAcquireSurface(fmt=1,whd=[344,192,1],usage=16)
 ADV afxTexture.c:53?AfxAcquireTextureBlueprint
    texb->fcc == AFX_FCC_TEXB
 afxClass<afxSurface>::AllocateObjects(1, 0043e178, 0043e194)
 afxClass<afxSurface>::BuildObjects(1, 0043e178, 0043e1a0)
 afxClass<afxSurface, afxTexture>ConstructingObject(02f14930)
 afxClass<afxTexture>::ConstructObject(02f14930)
 afxTexture.c:1021?_AfxTexCtor(tex=02f14930)
 sglTexture.c:989?_SglTexCtor(tex=02f14930)
 afxClass<afxSurface>::ConstructObject(02f14930)
 afxSurface.c:114?_AfxSurfCtor(surf=02f14930)
 sglSurface.c:116?_AfxSurfCtor(surf=02f14930)
 afxSurface.c:36?AfxAcquireSurface(fmt=1,whd=[344,192,1],usage=16)
 ADV afxTexture.c:53?AfxAcquireTextureBlueprint
    texb->fcc == AFX_FCC_TEXB
 afxClass<afxSurface>::AllocateObjects(1, 0043e178, 0043e194)
 afxClass<afxSurface>::BuildObjects(1, 0043e178, 0043e1a0)
 afxClass<afxSurface, afxTexture>ConstructingObject(02f257e0)
 afxClass<afxTexture>::ConstructObject(02f257e0)
 afxTexture.c:1021?_AfxTexCtor(tex=02f257e0)
 sglTexture.c:989?_SglTexCtor(tex=02f257e0)
 afxClass<afxSurface>::ConstructObject(02f257e0)
 afxSurface.c:114?_AfxSurfCtor(surf=02f257e0)
 sglSurface.c:116?_AfxSurfCtor(surf=02f257e0)
 afxCanvas.c:207?AfxBuildCanvases(dctx=006de280,cnt=1,blueprint=0043e6e0,canv=012e5120)
 afxClass<afxCanvas>::AllocateObjects(1, 012e5120, 0043e60c)
 afxClass<afxCanvas>::BuildObjects(1, 012e5120, 0043e6e0)
 afxClass<afxCanvas>::ConstructObject(02f24610)
 afxCanvas.c:264?_AfxCanvCtor(canv=02f24610)
 afxSurface.c:36?AfxAcquireSurface(fmt=4,whd=[688,384,1],usage=16)
 ADV afxTexture.c:53?AfxAcquireTextureBlueprint
    texb->fcc == AFX_FCC_TEXB
 afxClass<afxSurface>::AllocateObjects(1, 0043dbf8, 0043dc14)
 afxClass<afxSurface>::BuildObjects(1, 0043dbf8, 0043dc20)
 afxClass<afxSurface, afxTexture>ConstructingObject(02f246d0)
 afxClass<afxTexture>::ConstructObject(02f246d0)
 afxTexture.c:1021?_AfxTexCtor(tex=02f246d0)
 sglTexture.c:989?_SglTexCtor(tex=02f246d0)
 afxClass<afxSurface>::ConstructObject(02f246d0)
 afxSurface.c:114?_AfxSurfCtor(surf=02f246d0)
 sglSurface.c:116?_AfxSurfCtor(surf=02f246d0)
 sglCanvas.c:354?_AfxCanvCtor(canv=02f24610)
 afxSurface.c:36?AfxAcquireSurface(fmt=1,whd=[688,384,1],usage=16)
 ADV afxTexture.c:53?AfxAcquireTextureBlueprint
    texb->fcc == AFX_FCC_TEXB
 afxClass<afxSurface>::AllocateObjects(1, 0043e178, 0043e194)
 afxClass<afxSurface>::BuildObjects(1, 0043e178, 0043e1a0)
 afxClass<afxSurface, afxTexture>ConstructingObject(05c70b30)
 afxClass<afxTexture>::ConstructObject(05c70b30)
 afxTexture.c:1021?_AfxTexCtor(tex=05c70b30)
 sglTexture.c:989?_SglTexCtor(tex=05c70b30)
 afxClass<afxSurface>::ConstructObject(05c70b30)
 afxSurface.c:114?_AfxSurfCtor(surf=05c70b30)
 sglSurface.c:116?_AfxSurfCtor(surf=05c70b30)
 afxSurface.c:36?AfxAcquireSurface(fmt=1,whd=[344,192,1],usage=16)
 ADV afxTexture.c:53?AfxAcquireTextureBlueprint
    texb->fcc == AFX_FCC_TEXB
 afxClass<afxSurface>::AllocateObjects(1, 0043e178, 0043e194)
 afxClass<afxSurface>::BuildObjects(1, 0043e178, 0043e1a0)
 afxClass<afxSurface, afxTexture>ConstructingObject(05cb1470)
 afxClass<afxTexture>::ConstructObject(05cb1470)
 afxTexture.c:1021?_AfxTexCtor(tex=05cb1470)
 sglTexture.c:989?_SglTexCtor(tex=05cb1470)
 afxClass<afxSurface>::ConstructObject(05cb1470)
 afxSurface.c:114?_AfxSurfCtor(surf=05cb1470)
 sglSurface.c:116?_AfxSurfCtor(surf=05cb1470)
 afxSurface.c:36?AfxAcquireSurface(fmt=1,whd=[344,192,1],usage=16)
 ADV afxTexture.c:53?AfxAcquireTextureBlueprint
    texb->fcc == AFX_FCC_TEXB
 afxClass<afxSurface>::AllocateObjects(1, 0043e178, 0043e194)
 afxClass<afxSurface>::BuildObjects(1, 0043e178, 0043e1a0)
 afxClass<afxSurface, afxTexture>ConstructingObject(03077f70)
 afxClass<afxTexture>::ConstructObject(03077f70)
 afxTexture.c:1021?_AfxTexCtor(tex=03077f70)
 sglTexture.c:989?_SglTexCtor(tex=03077f70)
 afxClass<afxSurface>::ConstructObject(03077f70)
 afxSurface.c:114?_AfxSurfCtor(surf=03077f70)
 sglSurface.c:116?_AfxSurfCtor(surf=03077f70)
 afxCanvas.c:207?AfxBuildCanvases(dctx=006de280,cnt=1,blueprint=0043e6e0,canv=012e5124)
 afxClass<afxCanvas>::AllocateObjects(1, 012e5124, 0043e60c)
 afxClass<afxCanvas>::BuildObjects(1, 012e5124, 0043e6e0)
 afxClass<afxCanvas>::ConstructObject(03078060)
 afxCanvas.c:264?_AfxCanvCtor(canv=03078060)
 afxSurface.c:36?AfxAcquireSurface(fmt=4,whd=[688,384,1],usage=16)
 ADV afxTexture.c:53?AfxAcquireTextureBlueprint
    texb->fcc == AFX_FCC_TEXB
 afxClass<afxSurface>::AllocateObjects(1, 0043dbf8, 0043dc14)
 afxClass<afxSurface>::BuildObjects(1, 0043dbf8, 0043dc20)
 afxClass<afxSurface, afxTexture>ConstructingObject(03078110)
 afxClass<afxTexture>::ConstructObject(03078110)
 afxTexture.c:1021?_AfxTexCtor(tex=03078110)
 sglTexture.c:989?_SglTexCtor(tex=03078110)
 afxClass<afxSurface>::ConstructObject(03078110)
 afxSurface.c:114?_AfxSurfCtor(surf=03078110)
 sglSurface.c:116?_AfxSurfCtor(surf=03078110)
 sglCanvas.c:354?_AfxCanvCtor(canv=03078060)
 afxDrawScript.c:334?AfxAcquireDrawScript(dctx=006de280)
 afxClass<afxDrawScript>::AllocateObjects(1, 0043eec4, 0043eed4)
 afxClass<afxDrawScript>::BuildObjects(1, 0043eec4, 0043ef3c)
 afxClass<afxDrawScript>::ConstructObject(03078200)
 afxDrawScript.c:395?_AfxDscrCtor(dscr=03078200)
 afxArena.c:751?AfxAcquireArena(aren=030783a4)
 afxArena.c:752?AfxAcquireArena(spec=00000000,hint="sglDrawScript.c:516!_SglDctxVmtDscrCb")
 sglCanvas.c:56?_SglCanvReinstantiateIdd(canv=03033f70)
 sglTexture.c:756?_SglTexReinstantiateIdd(tex=02ef15f0)
 afxTexture 02ef15f0 hardware-side data instanced.
 afxSurface 02ef15f0 hardware-side data instanced.
 sglTexture.c:756?_SglTexReinstantiateIdd(tex=02ef17c0)
 afxTexture 02ef17c0 hardware-side data instanced.
 afxSurface 02ef17c0 hardware-side data instanced.
 afxCanvas 03033f70 hardware-side data instanced.
 afxCanvas 03033f70 hardware-side data instanced.
 afxShader 02ef0750 hardware-side data instanced.
 afxShader 02f19070 hardware-side data instanced.
 afxPipeline 02ef0230 hardware-side data instanced.
 afxBuffer 02f320b0 hardware-side data instanced.
 sglTexture.c:756?_SglTexReinstantiateIdd(tex=02f15c00)
 afxTexture 02f15c00 hardware-side data instanced.
 afxSampler 02f18d90 hardware-side data instanced.
 sglTexture.c:756?_SglTexReinstantiateIdd(tex=02f14930)
 afxTexture 02f14930 hardware-side data instanced.
 sglTexture.c:756?_SglTexReinstantiateIdd(tex=02f257e0)
 afxTexture 02f257e0 hardware-side data instanced.
 afxShader 007f8810 hardware-side data instanced.
 afxShader 007ffa80 hardware-side data instanced.
 afxPipeline 02edf420 hardware-side data instanced.
 afxBuffer 007ffb30 hardware-side data instanced.
 afxSampler 02ed6be0 hardware-side data instanced.
 sglCanvas.c:56?_SglCanvReinstantiateIdd(canv=02ef8c00)
 sglTexture.c:756?_SglTexReinstantiateIdd(tex=02ef16e0)
 afxTexture 02ef16e0 hardware-side data instanced.
 afxSurface 02ef16e0 hardware-side data instanced.
 sglTexture.c:756?_SglTexReinstantiateIdd(tex=02ef18b0)
 afxTexture 02ef18b0 hardware-side data instanced.
 afxSurface 02ef18b0 hardware-side data instanced.
 afxCanvas 02ef8c00 hardware-side data instanced.
 afxCanvas 02ef8c00 hardware-side data instanced.
 sglTexture.c:756?_SglTexReinstantiateIdd(tex=05c70b30)
 afxTexture 05c70b30 hardware-side data instanced.
 sglTexture.c:756?_SglTexReinstantiateIdd(tex=05cb1470)
 afxTexture 05cb1470 hardware-side data instanced.
 sglTexture.c:756?_SglTexReinstantiateIdd(tex=03077f70)
 afxTexture 03077f70 hardware-side data instanced.
 ADV afxSystem.c:652?AfxProcessSystem
    User input requested application break.
 afxApplication.c:293?AfxApplicationExit(app=02ef7f50)
 mmplayer.c:214?AfxLeaveApplication(app=02ef7f50)
 aaaaaaaaaaaa
 afxClass<afxDrawInput>::DismantleObjects(1, 0043f2a0)
 Destructing instance 02ef70b0 of afxDrawInput class.
 afxDrawInput.c:251?_AfxDinDtor(din=02ef70b0)
 afxClass<afxDrawInput>::DeallocateObjects(1, 0043f2a0)
 afxClass<afxCanvas>::DismantleObjects(1, 0043f228)
 Destructing instance 02f24610 of afxCanvas class.
 afxCanvas.c:241?_AfxCanvDtor(canv=02f24610)
 afxCanvas.c:60?_AfxCanvDropAllSurfaces(canv=02f24610)
 afxClass<afxSurface>::DismantleObjects(1, 0043ee58)
 Destructing instance 02f246d0 of afxSurface class.
 afxSurface.c:81?_AfxSurfDtor(surf=02f246d0)
 sglSurface.c:86?_AfxSurfDtor(surf=02f246d0)
 Destructing instance 02f246d0 of afxSurface : afxTexture class.
 Destructing instance 02f246d0 of afxTexture class.
 afxTexture.c:997?_AfxTexDtor(tex=02f246d0)
 sglTexture.c:956?_SglTexDtor(img=02f246d0)
 afxClass<afxSurface>::DeallocateObjects(1, 0043ee58)
 sglCanvas.c:319?_AfxCanvDtor(canv=02f24610)
 sglCanvas.c:296?_AfxCanvDropAllSurfaces(canv=02f24610)
 afxClass<afxCanvas>::DeallocateObjects(1, 0043f228)
 afxClass<afxSurface>::DismantleObjects(1, 0043f228)
 Destructing instance 02f15c00 of afxSurface class.
 afxSurface.c:81?_AfxSurfDtor(surf=02f15c00)
 sglSurface.c:86?_AfxSurfDtor(surf=02f15c00)
 Destructing instance 02f15c00 of afxSurface : afxTexture class.
 Destructing instance 02f15c00 of afxTexture class.
 afxTexture.c:997?_AfxTexDtor(tex=02f15c00)
 sglTexture.c:956?_SglTexDtor(img=02f15c00)
 sglDrawContext.c:35?_SglEnqueueGlResourceDeletion(dctx=006de280)
 afxClass<afxSurface>::DeallocateObjects(1, 0043f228)
 afxClass<afxSurface>::DismantleObjects(1, 0043f228)
 Destructing instance 02f14930 of afxSurface class.
 afxSurface.c:81?_AfxSurfDtor(surf=02f14930)
 sglSurface.c:86?_AfxSurfDtor(surf=02f14930)
 Destructing instance 02f14930 of afxSurface : afxTexture class.
 Destructing instance 02f14930 of afxTexture class.
 afxTexture.c:997?_AfxTexDtor(tex=02f14930)
 sglTexture.c:956?_SglTexDtor(img=02f14930)
 sglDrawContext.c:35?_SglEnqueueGlResourceDeletion(dctx=006de280)
 afxClass<afxSurface>::DeallocateObjects(1, 0043f228)
 afxClass<afxSurface>::DismantleObjects(1, 0043f228)
 Destructing instance 02f257e0 of afxSurface class.
 afxSurface.c:81?_AfxSurfDtor(surf=02f257e0)
 sglSurface.c:86?_AfxSurfDtor(surf=02f257e0)
 Destructing instance 02f257e0 of afxSurface : afxTexture class.
 Destructing instance 02f257e0 of afxTexture class.
 afxTexture.c:997?_AfxTexDtor(tex=02f257e0)
 sglTexture.c:956?_SglTexDtor(img=02f257e0)
 sglDrawContext.c:35?_SglEnqueueGlResourceDeletion(dctx=006de280)
 afxClass<afxSurface>::DeallocateObjects(1, 0043f228)
 afxClass<afxCanvas>::DismantleObjects(1, 0043f228)
 Destructing instance 03078060 of afxCanvas class.
 afxCanvas.c:241?_AfxCanvDtor(canv=03078060)
 afxCanvas.c:60?_AfxCanvDropAllSurfaces(canv=03078060)
 afxClass<afxSurface>::DismantleObjects(1, 0043ee58)
 Destructing instance 03078110 of afxSurface class.
 afxSurface.c:81?_AfxSurfDtor(surf=03078110)
 sglSurface.c:86?_AfxSurfDtor(surf=03078110)
 Destructing instance 03078110 of afxSurface : afxTexture class.
 Destructing instance 03078110 of afxTexture class.
 afxTexture.c:997?_AfxTexDtor(tex=03078110)
 sglTexture.c:956?_SglTexDtor(img=03078110)
 afxClass<afxSurface>::DeallocateObjects(1, 0043ee58)
 sglCanvas.c:319?_AfxCanvDtor(canv=03078060)
 sglCanvas.c:296?_AfxCanvDropAllSurfaces(canv=03078060)
 afxClass<afxCanvas>::DeallocateObjects(1, 0043f228)
 afxClass<afxSurface>::DismantleObjects(1, 0043f228)
 Destructing instance 05c70b30 of afxSurface class.
 afxSurface.c:81?_AfxSurfDtor(surf=05c70b30)
 sglSurface.c:86?_AfxSurfDtor(surf=05c70b30)
 Destructing instance 05c70b30 of afxSurface : afxTexture class.
 Destructing instance 05c70b30 of afxTexture class.
 afxTexture.c:997?_AfxTexDtor(tex=05c70b30)
 sglTexture.c:956?_SglTexDtor(img=05c70b30)
 sglDrawContext.c:35?_SglEnqueueGlResourceDeletion(dctx=006de280)
 afxClass<afxSurface>::DeallocateObjects(1, 0043f228)
 afxClass<afxSurface>::DismantleObjects(1, 0043f228)
 Destructing instance 05cb1470 of afxSurface class.
 afxSurface.c:81?_AfxSurfDtor(surf=05cb1470)
 sglSurface.c:86?_AfxSurfDtor(surf=05cb1470)
 Destructing instance 05cb1470 of afxSurface : afxTexture class.
 Destructing instance 05cb1470 of afxTexture class.
 afxTexture.c:997?_AfxTexDtor(tex=05cb1470)
 sglTexture.c:956?_SglTexDtor(img=05cb1470)
 sglDrawContext.c:35?_SglEnqueueGlResourceDeletion(dctx=006de280)
 afxClass<afxSurface>::DeallocateObjects(1, 0043f228)
 afxClass<afxSurface>::DismantleObjects(1, 0043f228)
 Destructing instance 03077f70 of afxSurface class.
 afxSurface.c:81?_AfxSurfDtor(surf=03077f70)
 sglSurface.c:86?_AfxSurfDtor(surf=03077f70)
 Destructing instance 03077f70 of afxSurface : afxTexture class.
 Destructing instance 03077f70 of afxTexture class.
 afxTexture.c:997?_AfxTexDtor(tex=03077f70)
 sglTexture.c:956?_SglTexDtor(img=03077f70)
 sglDrawContext.c:35?_SglEnqueueGlResourceDeletion(dctx=006de280)
 afxClass<afxSurface>::DeallocateObjects(1, 0043f228)
 afxClass<afxModule>::DismantleObjects(1, 0043f288)
 Destructing instance 02ef4320 of afxModule class.
 afxModule.c:107?_AfxMdleDtor(mdle=02ef4320)
 afxClass<afxModule>::DeallocateObjects(1, 0043f288)
 afxClass<afxSampler>::DismantleObjects(1, 0043f288)
 Destructing instance 02f18d90 of afxSampler class.
 afxSampler.c:78?_AfxSampDtor(samp=02f18d90)
 sglSampler.c:119?_AfxSmpDtor(smp=02f18d90)
 sglDrawContext.c:35?_SglEnqueueGlResourceDeletion(dctx=006de280)
 afxClass<afxSampler>::DeallocateObjects(1, 0043f288)
 afxClass<afxDrawOperation>::DismantleObjects(1, 0043f288)
 Destructing instance 02ef4580 of afxDrawOperation class.
 afxDrawOperation.c:629?_AfxDopDtor(dop=02ef4580)
 afxClass<afxPipeline>::DismantleObjects(1, 0043ef04)
 afxObject<02f19070>::RemoveEventFilter(02ef0230)
 afxObject<02ef0750>::RemoveEventFilter(02ef0230)
 Destructing instance 02ef0230 of afxPipeline class.
 afxPipeline.c:397?_AfxPipDtor(pip=02ef0230)
 afxClass<afxLego>::DismantleObjects(1, 0043eb90)
 Destructing instance 02ef4a40 of afxLego class.
 afxLego.c:234?_AfxLegtDtor(legt=02ef4a40)
 afxClass<afxLego>::DeallocateObjects(1, 0043eb90)
 afxClass<afxPipeline>::DeallocateObjects(1, 0043ef04)
 afxClass<afxDrawOperation>::DeallocateObjects(1, 0043f288)
 afxClass<afxVertexBuffer>::DismantleObjects(1, 0043f288)
 Destructing instance 02f320b0 of afxVertexBuffer class.
 afxVertexBuffer.c:382?_AfxVbufDtor(vbuf=02f320b0)
 Destructing instance 02f320b0 of afxVertexBuffer : afxBuffer class.
 Destructing instance 02f320b0 of afxBuffer class.
 afxBuffer.c:216?_AfxBufDtor(buf=02f320b0)
 afxClass<afxVertexBuffer>::DeallocateObjects(1, 0043f288)
 afxClass<afxApplication>::DismantleObjects(1, 0043f354)
 Destructing instance 02ef7f50 of afxApplication class.
 afxApplication.c:404?_AfxAppDtor(app=02ef7f50)
 afxClass<afxSimulation>::Dismount(02ef80e8)
 afxClass<afxWidget>::Dismount(02ef8028)
 afxClass<afxDrawInput>::DismantleObjects(1, 0043f024)
 Destructing instance 006dd180 of afxDrawInput class.
 afxDrawInput.c:251?_AfxDinDtor(din=006dd180)
 afxClass<afxDrawInput>::DeallocateObjects(1, 0043f024)
 afxClass<afxMouse>::DismantleObjects(1, 0043f024)
 Destructing instance 02f66440 of afxMouse class.
 afxMouse.c:286?_AfxMseDtor(mse=02f66440)
 Destructing instance 02f66440 of afxMouse : afxHid class.
 Destructing instance 02f66440 of afxHid class.
 afxHid.c:57?_AfxHidDtor(hid=02f66440)
 afxClass<afxMouse>::DeallocateObjects(1, 0043f024)
 afxClass<afxApplication>::DeallocateObjects(1, 0043f354)
 afxClass<afxDrawContext>::DismantleObjects(1, 0043f354)
 Destructing instance 006de280 of afxDrawContext class.
 afxDrawContext.c:559?_AfxDctxDtor(dctx=006de280)
 afxDrawOutput.c:303?AfxRegenerateDrawOuputBuffers(dout=03033df0)
 afxClass<afxDrawQueue>::DismantleObjects(1, 0043efdc)
 Destructing instance 007f9de0 of afxDrawQueue class.
 afxDrawQueue.c:333?_AfxDqueDtor(dque=007f9de0)
 sglDrawQueue.c:1683?_SglDqueVmtDtorCb(dque=007f9de0)
 afxClass<afxDrawQueue>::DeallocateObjects(1, 0043efdc)
 afxClass<afxDrawQueue>::Dismount(006de2d4)
 afxClass<afxDrawScript>::Dismount(006de394)
 afxClass<afxDrawScript>::DismantleObjects(1, 0043eefc)
 Destructing instance 03078200 of afxDrawScript class.
 afxDrawScript.c:363?_AfxDscrDtor(dscr=03078200)
 afxArena.c:742?AfxReleaseArena(aren=030783a4)
 afxClass<afxDrawScript>::DeallocateObjects(1, 0043eefc)
 afxClass<afxLego>::Dismount(006de5d4)
 afxClass<afxLego>::DismantleObjects(1, 0043eefc)
 Destructing instance 02ef47e0 of afxLego class.
 afxLego.c:234?_AfxLegtDtor(legt=02ef47e0)
 afxClass<afxLego>::DeallocateObjects(1, 0043eefc)
 afxClass<afxLego>::DismantleObjects(1, 0043eefc)
 Destructing instance 02ef4750 of afxLego class.
 afxLego.c:234?_AfxLegtDtor(legt=02ef4750)
 afxClass<afxLego>::DeallocateObjects(1, 0043eefc)
 afxClass<afxDrawOperation>::Dismount(006de694)
 afxClass<afxDrawOperation>::DismantleObjects(1, 0043eefc)
 Destructing instance 02ef43c0 of afxDrawOperation class.
 afxDrawOperation.c:629?_AfxDopDtor(dop=02ef43c0)
 afxClass<afxPipeline>::DismantleObjects(1, 0043eb78)
 afxObject<02f613a0>::RemoveEventFilter(02fb3b30)
 afxObject<02ed66b0>::RemoveEventFilter(02fb3b30)
 Destructing instance 02fb3b30 of afxPipeline class.
 afxPipeline.c:397?_AfxPipDtor(pip=02fb3b30)
 ERR afxObject.c:572?AfxReleaseObject
    
 ERR afxObject.c:572?AfxReleaseObject
    (obj)
    Invalid
 afxClass<afxPipeline>::DeallocateObjects(1, 0043eb78)
 afxClass<afxPipeline>::DismantleObjects(1, 0043eb78)
 afxObject<007ffa80>::RemoveEventFilter(02edf420)
 afxObject<007f8810>::RemoveEventFilter(02edf420)
 Destructing instance 02edf420 of afxPipeline class.
 afxPipeline.c:397?_AfxPipDtor(pip=02edf420)
 ERR afxObject.c:572?AfxReleaseObject
    
 ERR afxObject.c:572?AfxReleaseObject
    (obj)
    Invalid
 afxClass<afxPipeline>::DeallocateObjects(1, 0043eb78)
 afxClass<afxDrawOperation>::DeallocateObjects(1, 0043eefc)
 afxClass<afxPipeline>::Dismount(006de514)
 afxClass<afxCanvas>::Dismount(006de454)
 afxClass<afxCanvas>::DismantleObjects(1, 0043eefc)
 Destructing instance 02ef8c00 of afxCanvas class.
 afxCanvas.c:241?_AfxCanvDtor(canv=02ef8c00)
 afxCanvas.c:60?_AfxCanvDropAllSurfaces(canv=02ef8c00)
 afxClass<afxSurface>::DismantleObjects(1, 0043eb2c)
 Destructing instance 02ef16e0 of afxSurface class.
 afxSurface.c:81?_AfxSurfDtor(surf=02ef16e0)
 sglSurface.c:86?_AfxSurfDtor(surf=02ef16e0)
 sglDrawContext.c:35?_SglEnqueueGlResourceDeletion(dctx=006de280)
 Destructing instance 02ef16e0 of afxSurface : afxTexture class.
 Destructing instance 02ef16e0 of afxTexture class.
 afxTexture.c:997?_AfxTexDtor(tex=02ef16e0)
 sglTexture.c:956?_SglTexDtor(img=02ef16e0)
 sglDrawContext.c:35?_SglEnqueueGlResourceDeletion(dctx=006de280)
 afxClass<afxSurface>::DeallocateObjects(1, 0043eb2c)
 afxClass<afxSurface>::DismantleObjects(1, 0043eb2c)
 Destructing instance 02ef18b0 of afxSurface class.
 afxSurface.c:81?_AfxSurfDtor(surf=02ef18b0)
 sglSurface.c:86?_AfxSurfDtor(surf=02ef18b0)
 sglDrawContext.c:35?_SglEnqueueGlResourceDeletion(dctx=006de280)
 Destructing instance 02ef18b0 of afxSurface : afxTexture class.
 Destructing instance 02ef18b0 of afxTexture class.
 afxTexture.c:997?_AfxTexDtor(tex=02ef18b0)
 sglTexture.c:956?_SglTexDtor(img=02ef18b0)
 sglDrawContext.c:35?_SglEnqueueGlResourceDeletion(dctx=006de280)
 afxClass<afxSurface>::DeallocateObjects(1, 0043eb2c)
 sglCanvas.c:319?_AfxCanvDtor(canv=02ef8c00)
 sglCanvas.c:296?_AfxCanvDropAllSurfaces(canv=02ef8c00)
 sglDrawContext.c:35?_SglEnqueueGlResourceDeletion(dctx=006de280)
 afxClass<afxCanvas>::DeallocateObjects(1, 0043eefc)
 afxClass<afxCanvas>::DismantleObjects(1, 0043eefc)
 Destructing instance 03033f70 of afxCanvas class.
 afxCanvas.c:241?_AfxCanvDtor(canv=03033f70)
 afxCanvas.c:60?_AfxCanvDropAllSurfaces(canv=03033f70)
 afxClass<afxSurface>::DismantleObjects(1, 0043eb2c)
 Destructing instance 02ef15f0 of afxSurface class.
 afxSurface.c:81?_AfxSurfDtor(surf=02ef15f0)
 sglSurface.c:86?_AfxSurfDtor(surf=02ef15f0)
 sglDrawContext.c:35?_SglEnqueueGlResourceDeletion(dctx=006de280)
 Destructing instance 02ef15f0 of afxSurface : afxTexture class.
 Destructing instance 02ef15f0 of afxTexture class.
 afxTexture.c:997?_AfxTexDtor(tex=02ef15f0)
 sglTexture.c:956?_SglTexDtor(img=02ef15f0)
 sglDrawContext.c:35?_SglEnqueueGlResourceDeletion(dctx=006de280)
 afxClass<afxSurface>::DeallocateObjects(1, 0043eb2c)
 afxClass<afxSurface>::DismantleObjects(1, 0043eb2c)
 Destructing instance 02ef17c0 of afxSurface class.
 afxSurface.c:81?_AfxSurfDtor(surf=02ef17c0)
 sglSurface.c:86?_AfxSurfDtor(surf=02ef17c0)
 sglDrawContext.c:35?_SglEnqueueGlResourceDeletion(dctx=006de280)
 Destructing instance 02ef17c0 of afxSurface : afxTexture class.
 Destructing instance 02ef17c0 of afxTexture class.
 afxTexture.c:997?_AfxTexDtor(tex=02ef17c0)
 sglTexture.c:956?_SglTexDtor(img=02ef17c0)
 sglDrawContext.c:35?_SglEnqueueGlResourceDeletion(dctx=006de280)
 afxClass<afxSurface>::DeallocateObjects(1, 0043eb2c)
 sglCanvas.c:319?_AfxCanvDtor(canv=03033f70)
 sglCanvas.c:296?_AfxCanvDropAllSurfaces(canv=03033f70)
 sglDrawContext.c:35?_SglEnqueueGlResourceDeletion(dctx=006de280)
 afxClass<afxCanvas>::DeallocateObjects(1, 0043eefc)
 afxClass<afxShader>::Dismount(006debd4)
 afxClass<afxShader>::DismantleObjects(1, 0043eefc)
 Destructing instance 02f19070 of afxShader class.
 sglDrawContext.c:35?_SglEnqueueGlResourceDeletion(dctx=006de280)
 afxClass<afxShader>::DeallocateObjects(1, 0043eefc)
 afxClass<afxShader>::DismantleObjects(1, 0043eefc)
 Destructing instance 02ef0750 of afxShader class.
 sglDrawContext.c:35?_SglEnqueueGlResourceDeletion(dctx=006de280)
 afxClass<afxShader>::DeallocateObjects(1, 0043eefc)
 afxClass<afxShader>::DismantleObjects(1, 0043eefc)
 Destructing instance 007ffa80 of afxShader class.
 sglDrawContext.c:35?_SglEnqueueGlResourceDeletion(dctx=006de280)
 afxClass<afxShader>::DeallocateObjects(1, 0043eefc)
 afxClass<afxShader>::DismantleObjects(1, 0043eefc)
 Destructing instance 007f8810 of afxShader class.
 sglDrawContext.c:35?_SglEnqueueGlResourceDeletion(dctx=006de280)
 afxClass<afxShader>::DeallocateObjects(1, 0043eefc)
 afxClass<afxShader>::DismantleObjects(1, 0043eefc)
 Destructing instance 02f613a0 of afxShader class.
 afxClass<afxShader>::DeallocateObjects(1, 0043eefc)
 afxClass<afxShader>::DismantleObjects(1, 0043eefc)
 Destructing instance 02ed66b0 of afxShader class.
 afxClass<afxShader>::DeallocateObjects(1, 0043eefc)
 afxClass<afxSurface>::Dismount(006deb14)
 afxClass<afxTexture>::Dismount(006dea54)
 afxClass<afxSampler>::Dismount(006de994)
 afxClass<afxSampler>::DismantleObjects(1, 0043eefc)
 Destructing instance 02ed6be0 of afxSampler class.
 afxSampler.c:78?_AfxSampDtor(samp=02ed6be0)
 sglSampler.c:119?_AfxSmpDtor(smp=02ed6be0)
 sglDrawContext.c:35?_SglEnqueueGlResourceDeletion(dctx=006de280)
 afxClass<afxSampler>::DeallocateObjects(1, 0043eefc)
 afxClass<afxIndexBuffer>::Dismount(006de8d4)
 afxClass<afxVertexBuffer>::Dismount(006de814)
 afxClass<afxVertexBuffer>::DismantleObjects(1, 0043eefc)
 Destructing instance 007ffb30 of afxVertexBuffer class.
 afxVertexBuffer.c:382?_AfxVbufDtor(vbuf=007ffb30)
 Destructing instance 007ffb30 of afxVertexBuffer : afxBuffer class.
 Destructing instance 007ffb30 of afxBuffer class.
 afxBuffer.c:216?_AfxBufDtor(buf=007ffb30)
 afxClass<afxVertexBuffer>::DeallocateObjects(1, 0043eefc)
 afxClass<afxBuffer>::Dismount(006de754)
 afxArena.c:742?AfxReleaseArena(aren=006dec98)
 afxClass<afxDrawContext>::DeallocateObjects(1, 0043f354)
 afxClass<afxDrawSystem>::DismantleObjects(1, 0043f32c)
 Destructing instance 00734f10 of afxDrawSystem class.
 afxDrawSystem.c:340?_AfxDsysDtor(dsys=00734f10)
 afxClass<afxDrawDriver>::Dismount(00734f58)
 afxClass<afxDrawDriver>::DismantleObjects(1, 0043eeb4)
 Destructing instance 00736890 of afxDrawDriver class.
 afxDrawDriver.c:186?_AfxDdrvDtor(ddrv=00736890)
 afxClass<afxDrawInput>::Dismount(00736b20)
 afxClass<afxDrawOutput>::Dismount(00736a60)
 afxClass<afxDrawOutput>::DismantleObjects(1, 0043ea3c)
 Destructing instance 03033df0 of afxDrawOutput class.
 afxDrawOutput.c:481?_AfxDoutDtor(dout=03033df0)
 afxDrawOutput.c:303?AfxRegenerateDrawOuputBuffers(dout=03033df0)
 afxDrawOutput.c:86?_AfxDoutFreeAllBuffers(dout=03033df0)
 sglDrawOutput.c:162?_SglDoutVmtDtorCb(dout=03033df0)
 afxClass<afxDrawOutput>::DeallocateObjects(1, 0043ea3c)
 afxClass<afxDrawContext>::Dismount(007369a0)
 afxClass<afxDrawThread>::Dismount(007368e0)
 afxClass<afxDrawThread>::DismantleObjects(1, 0043ea3c)
 Destructing instance 0073b780 of afxDrawThread class.
 afxDrawThread.c:58?_AfxDthrDtor(dthr=0073b780)
 sglDrawThread.c:177?_SglDthrVmtDtorCb(dthr=0073b780)
 afxClass<afxDrawThread>::DeallocateObjects(1, 0043ea3c)
 afxClass<afxDrawDriver>::DeallocateObjects(1, 0043eeb4)
 afxClass<afxDrawSystem>::DeallocateObjects(1, 0043f32c)
 afxClass<afxSystem>::DismantleObjects(1, 0043f328)
 Destructing instance 0072f0f0 of afxSystem class.
 afxSystem.c:870?_AfxSysDtor(sys=0072f0f0)
 afxClass<afxApplication>::Dismount(0072f73c)
 afxClass<afxDrawSystem>::Dismount(0072f67c)
 afxClass<afxMouse>::Dismount(0072f5bc)
 afxClass<afxKeyboard>::Dismount(0072f4fc)
 afxClass<afxKeyboard>::DismantleObjects(1, 0043eedc)
 Destructing instance 00734680 of afxKeyboard class.
 afxKeyboard.c:202?_AfxKbdDtor(kbd=00734680)
 Destructing instance 00734680 of afxKeyboard : afxHid class.
 Destructing instance 00734680 of afxHid class.
 afxHid.c:57?_AfxHidDtor(hid=00734680)
 afxClass<afxKeyboard>::DeallocateObjects(1, 0043eedc)
 afxClass<afxHid>::Dismount(0072f43c)
 afxClass<afxModule>::Dismount(0072f37c)
 afxClass<afxModule>::DismantleObjects(1, 0043eedc)
 Destructing instance 006b7650 of afxModule class.
 afxModule.c:107?_AfxMdleDtor(mdle=006b7650)
 afxClass<afxModule>::DeallocateObjects(1, 0043eedc)
 afxClass<afxModule>::DismantleObjects(1, 0043eedc)
 Destructing instance 007351a0 of afxModule class.
 afxModule.c:107?_AfxMdleDtor(mdle=007351a0)
 afxClass<afxModule>::DeallocateObjects(1, 0043eedc)
 afxClass<afxModule>::DismantleObjects(1, 0043eedc)
 Destructing instance 00734550 of afxModule class.
 afxModule.c:107?_AfxMdleDtor(mdle=00734550)
 afxClass<afxModule>::DeallocateObjects(1, 0043eedc)
 afxClass<afxIoSystem>::Dismount(0072f2bc)
 afxClass<afxIoSystem>::DismantleObjects(1, 0043eedc)
 Destructing instance 0072fe90 of afxIoSystem class.
 afxIoSystem.c:650?_AfxIoDtor(io=0072fe90)
 afxIoSystem.c:336?AfxDismountStoragePoints(0072fe90,1,0043eb88)
 Point "art" 5 unmounted -> "E:/qwadro/afx/art".
 afxIoSystem.c:336?AfxDismountStoragePoints(0072fe90,1,0043eb88)
 Point "data" 5 unmounted -> "E:/qwadro/afx/data".
 afxIoSystem.c:336?AfxDismountStoragePoints(0072fe90,1,0043eb88)
 Point "tmp" 7 unmounted -> "E:/qwadro/afx/tmp".
 afxIoSystem.c:336?AfxDismountStoragePoints(0072fe90,1,0043eb88)
 Point "sound" 5 unmounted -> "E:/qwadro/afx/sound".
 afxIoSystem.c:336?AfxDismountStoragePoints(0072fe90,1,0043eb88)
 Point "system" 5 unmounted -> "E:/qwadro/afx/system32".
 afxIoSystem.c:336?AfxDismountStoragePoints(0072fe90,1,0043eb88)
 Point "." 5 unmounted -> "E:/qwadro/afx".
 afxClass<afxUrd>::Dismount(007300b4)
 afxClass<afxResource>::Dismount(00730174)
 afxClass<afxArchive>::Dismount(0072fff4)
 afxClass<afxFile>::Dismount(0072ff34)
 afxArena.c:742?AfxReleaseArena(aren=0072fedc)
 afxClass<afxIoSystem>::DeallocateObjects(1, 0043eedc)
 afxClass<afxThread>::Dismount(0072f1fc)
 afxClass<afxMemory>::Dismount(0072f13c)
 afxClass<afxMemory>::DismantleObjects(1, 0043eedc)
 Destructing instance 0072f8b0 of afxMemory class.
 afxMemory.c:166?_AfxMemDtor(mem=0072f8b0)
 afxClass<afxMemory>::DeallocateObjects(1, 0043eedc)
 afxClass<afxSystem>::DeallocateObjects(1, 0043f328)
 afxDebug.c:460?AfxDetachDebugger()
 afxDebug.c:343?AfxDetachDebugTerminal()