
 afxDebug.c:370?AfxAttachDebugTerminal()
      ::::::::  :::       :::     :::     :::::::::  :::::::::   ::::::::      
     :+:    :+: :+:       :+:   :+: :+:   :+:    :+: :+:    :+: :+:    :+:     
     +:+    +:+ +:+       +:+  +:+   +:+  +:+    +:+ +:+    +:+ +:+    +:+     
     +#+    +:+ +#+  +:+  +#+ +#++:++#++: +#+    +:+ +#++:++#:  +#+    +:+     
     +#+  # +#+ +#+ +#+#+ +#+ +#+     +#+ +#+    +#+ +#+    +#+ +#+    +#+     
     #+#   +#+   #+#+# #+#+#  #+#     #+# #+#    #+# #+#    #+# #+#    #+#     
      ###### ###  ###   ###   ###     ### #########  ###    ###  ########      
                                                                               
                  S I G M A   T E C H N O L O G Y   G R O U P                  
                                                                               
                               Public Test Build                               
                           (c) 2017 Federacao SIGMA                            
                                www.sigmaco.org                                
                                                                               
 afxClass<afxSystem>::Mount(77a80c10, 00000000, 00000000, 77a5e664)
 afxClass<afxSystem>::AllocateObjects(1, 003ff540, 003ff550)
 afxClass<afxSystem>::BuildObjects(1, 003ff540, 00000000)
 afxClass<afxSystem>::ConstructObject(007ef0f0)
 afxSystem.c:893?_AfxSysCtor(sys=007ef0f0)
 ADV afxSystem.c:916?_AfxSysCtor
    Memoy page size: 4096
 ADV afxSystem.c:917?_AfxSysCtor
    Logical processor count: 2
 afxClass<afxMemory>::Mount(007ef13c, 007ef124, 00000000, 77a629d0)
 afxMemory.c:128?AfxAcquireMemory(strategy=003fe658,hint="afxSystem.c:933!_AfxSysCtor")
 afxClass<afxMemory>::AllocateObjects(1, 003fe518, 003fe528)
 afxClass<afxMemory>::BuildObjects(1, 003fe518, 003fe510)
 afxClass<afxMemory>::ConstructObject(007ef8b0)
 afxMemory.c:182?_AfxMemCtor(mem=007ef8b0)
 afxClass<afxThread>::Mount(007ef1fc, 007ef124, 00000000, 77a5ed10)
 afxClass<afxIoSystem>::Mount(007ef2bc, 007ef124, 00000000, 77a60438)
 afxClass<afxIoSystem>::AllocateObjects(1, 003fe4fc, 003fe50c)
 afxClass<afxIoSystem>::BuildObjects(1, 003fe4fc, 003fe624)
 afxClass<afxIoSystem>::ConstructObject(007efe90)
 afxIoSystem.c:683?_AfxIoCtor(io=007efe90)
 afxArena.c:751?AfxAcquireArena(aren=007efedc)
 afxArena.c:752?AfxAcquireArena(spec=00000000,hint="afxIoSystem.c:699!_AfxIoCtor")
 afxClass<afxFile>::Mount(007eff34, 007efec4, 00000000, 77a6017c)
 afxClass<afxArchive>::Mount(007efff4, 007efec4, 007eff34, 77a5fb18)
 afxClass<afxResource>::Mount(007f0174, 007efec4, 00000000, 77a61448)
 afxClass<afxUrd>::Mount(007f00b4, 007efec4, 00000000, 77a61a28)
 afxIoSystem.c:384?AfxMountStoragePoints(007efe90,6,003fe804)
 Point "." 5 mounted -> "E:/qwadro/afx".
 Point "system" 5 mounted -> "E:/qwadro/afx/system32".
 Point "sound" 5 mounted -> "E:/qwadro/afx/sound".
 Point "tmp" 7 mounted -> "E:/qwadro/afx/tmp".
 Point "data" 5 mounted -> "E:/qwadro/afx/data".
 Point "art" 5 mounted -> "E:/qwadro/afx/art".
 afxClass<afxModule>::Mount(007ef37c, 007ef124, 00000000, 77a5cf4c)
 afxModule.c:62?AfxAcquireModule(uri=system/e2coree.dll)
 afxClass<afxModule>::AllocateObjects(1, 003fe4cc, 003fe500)
 afxClass<afxModule>::BuildObjects(1, 003fe4cc, 003fe73c)
 afxClass<afxModule>::ConstructObject(007f4550)
 afxModule.c:130?_AfxMdleCtor(uri:system/e2coree.dll)
 afxClass<afxHid>::Mount(007ef43c, 007ef124, 00000000, 77a6079c)
 afxClass<afxKeyboard>::Mount(007ef4fc, 007ef124, 007ef43c, 77a61084)
 afxClass<afxMouse>::Mount(007ef5bc, 007ef124, 007ef43c, 77a61204)
 afxClass<afxDrawSystem>::Mount(007ef67c, 007ef124, 00000000, 77a6597c)
 afxClass<afxApplication>::Mount(007ef73c, 007ef124, 00000000, 77a5c000)
 afxKeyboard.c:156?AfxAcquireKeyboard(port=0)
 afxClass<afxKeyboard>::AllocateObjects(1, 003fe520, 003fe530)
 afxClass<afxKeyboard>::BuildObjects(1, 003fe520, 003fe51c)
 afxClass<afxKeyboard, afxHid>ConstructingObject(007f4680)
 afxClass<afxHid>::ConstructObject(007f4680)
 afxHid.c:66?_AfxHidCtor(hid=007f4680)
 afxClass<afxKeyboard>::ConstructObject(007f4680)
 afxKeyboard.c:212?_AfxKbdCtor(kbd=007f4680)
 afxClass<afxDrawSystem>::AllocateObjects(1, 003ff540, 003ff550)
 afxClass<afxDrawSystem>::BuildObjects(1, 003ff540, 003ff62c)
 afxClass<afxDrawSystem>::ConstructObject(007f4f10)
 afxDrawSystem.c:407?_AfxDsysCtor(dsys=007f4f10)
 afxClass<afxDrawDriver>::Mount(007f4f58, 007f4f44, 00000000, 77a64684)
New texture codec registered.
Name: SIGGL
Author: SIGMA Technology Group
Version: 0.5.1
Note: 
    :::::::::::     :::     :::::::::   ::::::::      :::        
        :+:       :+: :+:   :+:    :+: :+:    :+:   :+: :+:      
        +:+      +:+   +:+  +:+    +:+ +:+         +:+   +:+     
        +#+     +#++:++#++: +#++:++#:  :#:        +#++:++#++:    
        +#+     +#+     +#+ +#+    +#+ +#+   +#+# +#+     +#+    
        #+#     #+#     #+# #+#    #+# #+#    #+# #+#     #+#    
        ###     ###     ### ###    ###  ########  ###     ###    
                                                                 
                      SIGMA Technology Group                     
 Truecolor Targa texture serializer installed!
 afxModule.c:62?AfxAcquireModule(uri=e2draw.icd)
 afxClass<afxModule>::AllocateObjects(1, 003ff0b0, 003ff0e4)
 afxClass<afxModule>::BuildObjects(1, 003ff0b0, 003ff1b0)
 afxClass<afxModule>::ConstructObject(007f51a0)
 afxModule.c:130?_AfxMdleCtor(uri:e2draw.icd)
 afxDrawDriver.c:155?AfxRegisterDrawDriver(spec=50147c40)
 afxClass<afxDrawDriver>::AllocateObjects(1, 003ff0b0, 003ff0c0)
 afxClass<afxDrawDriver>::BuildObjects(1, 003ff0b0, 50147c40)
 afxClass<afxDrawDriver>::ConstructObject(007f6890)
 afxDrawDriver.c:206?_AfxDdrvCtor(ddrv=007f6890)
 afxClass<afxDrawThread>::Mount(007f68e0, 007f68cc, 00000000, 77a65ca0)
 afxClass<afxDrawContext>::Mount(007f69a0, 007f68cc, 00000000, 77a63194)
 afxClass<afxDrawOutput>::Mount(007f6a60, 007f68cc, 00000000, 77a64b50)
 afxClass<afxDrawInput>::Mount(007f6b20, 007f68cc, 00000000, 77a64958)
 Listing mem available display devices...

 #0 = Intel(R) HD Graphics (\\.\DISPLAY1) 8000005
 #1 = RDPDD Chained DD (\\.\DISPLAYV1) 200008
 #2 = RDP Encoder Mirror Driver (\\.\DISPLAYV2) 200008
 #3 = RDP Reflector Display Driver (\\.\DISPLAYV3) 200008
 afxDrawThread.c:26?_AfxAcquireDrawThread(ddrv=007f6890)
 afxClass<afxDrawThread>::AllocateObjects(1, 003fea18, 003fea34)
 afxClass<afxDrawThread>::BuildObjects(1, 003fea18, 003feab8)
 afxClass<afxDrawThread>::ConstructObject(007fb780)
 afxDrawThread.c:72?_AfxDthrCtor(dthr=007fb780)
 sglDrawThread.c:210?_SglDdrvVmtDthrCb(dthr=007fb780)
 sglDrawDriver.c:1285?_SglCreateCombinedDeviceContext(oglWndClss=007f6cf0,shareCtx=00000000,phwnd=007fb880,phdc=007fb884,phrc=007fb88c)
 sglDrawDriver.c:787?_SglLoadVmt(vmt=007fb890,verMajor=1,verMinor=0)
 glCullFace @ 0 found.
 glFrontFace @ 1 found.
 glHint @ 2 found.
 glLineWidth @ 3 found.
 glPointSize @ 4 found.
 glPolygonMode @ 5 found.
 glScissor @ 6 found.
 glTexParameterf @ 7 found.
 glTexParameterfv @ 8 found.
 glTexParameteri @ 9 found.
 glTexParameteriv @ 10 found.
 glTexImage1D @ 11 found.
 glTexImage2D @ 12 found.
 glDrawBuffer @ 13 found.
 glClear @ 14 found.
 glClearColor @ 15 found.
 glClearStencil @ 16 found.
 glClearDepth @ 17 found.
 glStencilMask @ 18 found.
 glColorMask @ 19 found.
 glDepthMask @ 20 found.
 glDisable @ 21 found.
 glEnable @ 22 found.
 glFinish @ 23 found.
 glFlush @ 24 found.
 glBlendFunc @ 25 found.
 glLogicOp @ 26 found.
 glStencilFunc @ 27 found.
 glStencilOp @ 28 found.
 glDepthFunc @ 29 found.
 glPixelStoref @ 30 found.
 glPixelStorei @ 31 found.
 glReadBuffer @ 32 found.
 glReadPixels @ 33 found.
 glGetBooleanv @ 34 found.
 glGetDoublev @ 35 found.
 glGetError @ 36 found.
 glGetFloatv @ 37 found.
 glGetIntegerv @ 38 found.
 glGetString @ 39 found.
 glGetTexImage @ 40 found.
 glGetTexParameterfv @ 41 found.
 glGetTexParameteriv @ 42 found.
 glGetTexLevelParameterfv @ 43 found.
 glGetTexLevelParameteriv @ 44 found.
 glIsEnabled @ 45 found.
 glDepthRange @ 46 found.
 glViewport @ 47 found.
 sglDrawDriver.c:787?_SglLoadVmt(vmt=007fb890,verMajor=4,verMinor=6)
 glCullFace @ 0 found.
 glFrontFace @ 1 found.
 glHint @ 2 found.
 glLineWidth @ 3 found.
 glPointSize @ 4 found.
 glPolygonMode @ 5 found.
 glScissor @ 6 found.
 glTexParameterf @ 7 found.
 glTexParameterfv @ 8 found.
 glTexParameteri @ 9 found.
 glTexParameteriv @ 10 found.
 glTexImage1D @ 11 found.
 glTexImage2D @ 12 found.
 glDrawBuffer @ 13 found.
 glClear @ 14 found.
 glClearColor @ 15 found.
 glClearStencil @ 16 found.
 glClearDepth @ 17 found.
 glStencilMask @ 18 found.
 glColorMask @ 19 found.
 glDepthMask @ 20 found.
 glDisable @ 21 found.
 glEnable @ 22 found.
 glFinish @ 23 found.
 glFlush @ 24 found.
 glBlendFunc @ 25 found.
 glLogicOp @ 26 found.
 glStencilFunc @ 27 found.
 glStencilOp @ 28 found.
 glDepthFunc @ 29 found.
 glPixelStoref @ 30 found.
 glPixelStorei @ 31 found.
 glReadBuffer @ 32 found.
 glReadPixels @ 33 found.
 glGetBooleanv @ 34 found.
 glGetDoublev @ 35 found.
 glGetError @ 36 found.
 glGetFloatv @ 37 found.
 glGetIntegerv @ 38 found.
 glGetString @ 39 found.
 glGetTexImage @ 40 found.
 glGetTexParameterfv @ 41 found.
 glGetTexParameteriv @ 42 found.
 glGetTexLevelParameterfv @ 43 found.
 glGetTexLevelParameteriv @ 44 found.
 glIsEnabled @ 45 found.
 glDepthRange @ 46 found.
 glViewport @ 47 found.
 glDrawArrays @ 48 found.
 glDrawElements @ 49 found.
 glGetPointerv @ 50 found.
 glPolygonOffset @ 51 found.
 glCopyTexImage1D @ 52 found.
 glCopyTexImage2D @ 53 found.
 glCopyTexSubImage1D @ 54 found.
 glCopyTexSubImage2D @ 55 found.
 glTexSubImage1D @ 56 found.
 glTexSubImage2D @ 57 found.
 glBindTexture @ 58 found.
 glDeleteTextures @ 59 found.
 glGenTextures @ 60 found.
 glIsTexture @ 61 found.
 glDrawRangeElements @ 62 found.
 glTexImage3D @ 63 found.
 glTexSubImage3D @ 64 found.
 glCopyTexSubImage3D @ 65 found.
 glActiveTexture @ 66 found.
 glSampleCoverage @ 67 found.
 glCompressedTexImage3D @ 68 found.
 glCompressedTexImage2D @ 69 found.
 glCompressedTexImage1D @ 70 found.
 glCompressedTexSubImage3D @ 71 found.
 glCompressedTexSubImage2D @ 72 found.
 glCompressedTexSubImage1D @ 73 found.
 glGetCompressedTexImage @ 74 found.
 glBlendFuncSeparate @ 75 found.
 glMultiDrawArrays @ 76 found.
 glMultiDrawElements @ 77 found.
 glPointParameterf @ 78 found.
 glPointParameterfv @ 79 found.
 glPointParameteri @ 80 found.
 glPointParameteriv @ 81 found.
 glBlendColor @ 82 found.
 glBlendEquation @ 83 found.
 glGenQueries @ 84 found.
 glDeleteQueries @ 85 found.
 glIsQuery @ 86 found.
 glBeginQuery @ 87 found.
 glEndQuery @ 88 found.
 glGetQueryiv @ 89 found.
 glGetQueryObjectiv @ 90 found.
 glGetQueryObjectuiv @ 91 found.
 glBindBuffer @ 92 found.
 glDeleteBuffers @ 93 found.
 glGenBuffers @ 94 found.
 glIsBuffer @ 95 found.
 glBufferData @ 96 found.
 glBufferSubData @ 97 found.
 glGetBufferSubData @ 98 found.
 glMapBuffer @ 99 found.
 glUnmapBuffer @ 100 found.
 glGetBufferParameteriv @ 101 found.
 glGetBufferPointerv @ 102 found.
 glBlendEquationSeparate @ 103 found.
 glDrawBuffers @ 104 found.
 glStencilOpSeparate @ 105 found.
 glStencilFuncSeparate @ 106 found.
 glStencilMaskSeparate @ 107 found.
 glAttachShader @ 108 found.
 glBindAttribLocation @ 109 found.
 glCompileShader @ 110 found.
 glCreateProgram @ 111 found.
 glCreateShader @ 112 found.
 glDeleteProgram @ 113 found.
 glDeleteShader @ 114 found.
 glDetachShader @ 115 found.
 glDisableVertexAttribArray @ 116 found.
 glEnableVertexAttribArray @ 117 found.
 glGetActiveAttrib @ 118 found.
 glGetActiveUniform @ 119 found.
 glGetAttachedShaders @ 120 found.
 glGetAttribLocation @ 121 found.
 glGetProgramiv @ 122 found.
 glGetProgramInfoLog @ 123 found.
 glGetShaderiv @ 124 found.
 glGetShaderInfoLog @ 125 found.
 glGetShaderSource @ 126 found.
 glGetUniformLocation @ 127 found.
 glGetUniformfv @ 128 found.
 glGetUniformiv @ 129 found.
 glGetVertexAttribdv @ 130 found.
 glGetVertexAttribfv @ 131 found.
 glGetVertexAttribiv @ 132 found.
 glGetVertexAttribPointerv @ 133 found.
 glIsProgram @ 134 found.
 glIsShader @ 135 found.
 glLinkProgram @ 136 found.
 glShaderSource @ 137 found.
 glUseProgram @ 138 found.
 glUniform1f @ 139 found.
 glUniform2f @ 140 found.
 glUniform3f @ 141 found.
 glUniform4f @ 142 found.
 glUniform1i @ 143 found.
 glUniform2i @ 144 found.
 glUniform3i @ 145 found.
 glUniform4i @ 146 found.
 glUniform1fv @ 147 found.
 glUniform2fv @ 148 found.
 glUniform3fv @ 149 found.
 glUniform4fv @ 150 found.
 glUniform1iv @ 151 found.
 glUniform2iv @ 152 found.
 glUniform3iv @ 153 found.
 glUniform4iv @ 154 found.
 glUniformMatrix2fv @ 155 found.
 glUniformMatrix3fv @ 156 found.
 glUniformMatrix4fv @ 157 found.
 glValidateProgram @ 158 found.
 glVertexAttrib1d @ 159 found.
 glVertexAttrib1dv @ 160 found.
 glVertexAttrib1f @ 161 found.
 glVertexAttrib1fv @ 162 found.
 glVertexAttrib1s @ 163 found.
 glVertexAttrib1sv @ 164 found.
 glVertexAttrib2d @ 165 found.
 glVertexAttrib2dv @ 166 found.
 glVertexAttrib2f @ 167 found.
 glVertexAttrib2fv @ 168 found.
 glVertexAttrib2s @ 169 found.
 glVertexAttrib2sv @ 170 found.
 glVertexAttrib3d @ 171 found.
 glVertexAttrib3dv @ 172 found.
 glVertexAttrib3f @ 173 found.
 glVertexAttrib3fv @ 174 found.
 glVertexAttrib3s @ 175 found.
 glVertexAttrib3sv @ 176 found.
 glVertexAttrib4Nbv @ 177 found.
 glVertexAttrib4Niv @ 178 found.
 glVertexAttrib4Nsv @ 179 found.
 glVertexAttrib4Nub @ 180 found.
 glVertexAttrib4Nubv @ 181 found.
 glVertexAttrib4Nuiv @ 182 found.
 glVertexAttrib4Nusv @ 183 found.
 glVertexAttrib4bv @ 184 found.
 glVertexAttrib4d @ 185 found.
 glVertexAttrib4dv @ 186 found.
 glVertexAttrib4f @ 187 found.
 glVertexAttrib4fv @ 188 found.
 glVertexAttrib4iv @ 189 found.
 glVertexAttrib4s @ 190 found.
 glVertexAttrib4sv @ 191 found.
 glVertexAttrib4ubv @ 192 found.
 glVertexAttrib4uiv @ 193 found.
 glVertexAttrib4usv @ 194 found.
 glVertexAttribPointer @ 195 found.
 glUniformMatrix2x3fv @ 196 found.
 glUniformMatrix3x2fv @ 197 found.
 glUniformMatrix2x4fv @ 198 found.
 glUniformMatrix4x2fv @ 199 found.
 glUniformMatrix3x4fv @ 200 found.
 glUniformMatrix4x3fv @ 201 found.
 glColorMaski @ 202 found.
 glGetBooleani_v @ 203 found.
 glGetIntegeri_v @ 204 found.
 glEnablei @ 205 found.
 glDisablei @ 206 found.
 glIsEnabledi @ 207 found.
 glBeginTransformFeedback @ 208 found.
 glEndTransformFeedback @ 209 found.
 glBindBufferRange @ 210 found.
 glBindBufferBase @ 211 found.
 glTransformFeedbackVaryings @ 212 found.
 glGetTransformFeedbackVarying @ 213 found.
 glClampColor @ 214 found.
 glBeginConditionalRender @ 215 found.
 glEndConditionalRender @ 216 found.
 glVertexAttribIPointer @ 217 found.
 glGetVertexAttribIiv @ 218 found.
 glGetVertexAttribIuiv @ 219 found.
 glVertexAttribI1i @ 220 found.
 glVertexAttribI2i @ 221 found.
 glVertexAttribI3i @ 222 found.
 glVertexAttribI4i @ 223 found.
 glVertexAttribI1ui @ 224 found.
 glVertexAttribI2ui @ 225 found.
 glVertexAttribI3ui @ 226 found.
 glVertexAttribI4ui @ 227 found.
 glVertexAttribI1iv @ 228 found.
 glVertexAttribI2iv @ 229 found.
 glVertexAttribI3iv @ 230 found.
 glVertexAttribI4iv @ 231 found.
 glVertexAttribI1uiv @ 232 found.
 glVertexAttribI2uiv @ 233 found.
 glVertexAttribI3uiv @ 234 found.
 glVertexAttribI4uiv @ 235 found.
 glVertexAttribI4bv @ 236 found.
 glVertexAttribI4sv @ 237 found.
 glVertexAttribI4ubv @ 238 found.
 glVertexAttribI4usv @ 239 found.
 glGetUniformuiv @ 240 found.
 glBindFragDataLocation @ 241 found.
 glGetFragDataLocation @ 242 found.
 glUniform1ui @ 243 found.
 glUniform2ui @ 244 found.
 glUniform3ui @ 245 found.
 glUniform4ui @ 246 found.
 glUniform1uiv @ 247 found.
 glUniform2uiv @ 248 found.
 glUniform3uiv @ 249 found.
 glUniform4uiv @ 250 found.
 glTexParameterIiv @ 251 found.
 glTexParameterIuiv @ 252 found.
 glGetTexParameterIiv @ 253 found.
 glGetTexParameterIuiv @ 254 found.
 glClearBufferiv @ 255 found.
 glClearBufferuiv @ 256 found.
 glClearBufferfv @ 257 found.
 glClearBufferfi @ 258 found.
 glGetStringi @ 259 found.
 glIsRenderbuffer @ 260 found.
 glBindRenderbuffer @ 261 found.
 glDeleteRenderbuffers @ 262 found.
 glGenRenderbuffers @ 263 found.
 glRenderbufferStorage @ 264 found.
 glGetRenderbufferParameteriv @ 265 found.
 glIsFramebuffer @ 266 found.
 glBindFramebuffer @ 267 found.
 glDeleteFramebuffers @ 268 found.
 glGenFramebuffers @ 269 found.
 glCheckFramebufferStatus @ 270 found.
 glFramebufferTexture1D @ 271 found.
 glFramebufferTexture2D @ 272 found.
 glFramebufferTexture3D @ 273 found.
 glFramebufferRenderbuffer @ 274 found.
 glGetFramebufferAttachmentParameteriv @ 275 found.
 glGenerateMipmap @ 276 found.
 glBlitFramebuffer @ 277 found.
 glRenderbufferStorageMultisample @ 278 found.
 glFramebufferTextureLayer @ 279 found.
 glMapBufferRange @ 280 found.
 glFlushMappedBufferRange @ 281 found.
 glBindVertexArray @ 282 found.
 glDeleteVertexArrays @ 283 found.
 glGenVertexArrays @ 284 found.
 glIsVertexArray @ 285 found.
 glDrawArraysInstanced @ 286 found.
 glDrawElementsInstanced @ 287 found.
 glTexBuffer @ 288 found.
 glPrimitiveRestartIndex @ 289 found.
 glCopyBufferSubData @ 290 found.
 glGetUniformIndices @ 291 found.
 glGetActiveUniformsiv @ 292 found.
 glGetActiveUniformName @ 293 found.
 glGetUniformBlockIndex @ 294 found.
 glGetActiveUniformBlockiv @ 295 found.
 glGetActiveUniformBlockName @ 296 found.
 glUniformBlockBinding @ 297 found.
 glDrawElementsBaseVertex @ 298 found.
 glDrawRangeElementsBaseVertex @ 299 found.
 glDrawElementsInstancedBaseVertex @ 300 found.
 glMultiDrawElementsBaseVertex @ 301 found.
 glProvokingVertex @ 302 found.
 glFenceSync @ 303 found.
 glIsSync @ 304 found.
 glDeleteSync @ 305 found.
 glClientWaitSync @ 306 found.
 glWaitSync @ 307 found.
 glGetInteger64v @ 308 found.
 glGetSynciv @ 309 found.
 glGetInteger64i_v @ 310 found.
 glGetBufferParameteri64v @ 311 found.
 glFramebufferTexture @ 312 found.
 glTexImage2DMultisample @ 313 found.
 glTexImage3DMultisample @ 314 found.
 glGetMultisamplefv @ 315 found.
 glSampleMaski @ 316 found.
 glBindFragDataLocationIndexed @ 317 found.
 glGetFragDataIndex @ 318 found.
 glGenSamplers @ 319 found.
 glDeleteSamplers @ 320 found.
 glIsSampler @ 321 found.
 glBindSampler @ 322 found.
 glSamplerParameteri @ 323 found.
 glSamplerParameteriv @ 324 found.
 glSamplerParameterf @ 325 found.
 glSamplerParameterfv @ 326 found.
 glSamplerParameterIiv @ 327 found.
 glSamplerParameterIuiv @ 328 found.
 glGetSamplerParameteriv @ 329 found.
 glGetSamplerParameterIiv @ 330 found.
 glGetSamplerParameterfv @ 331 found.
 glGetSamplerParameterIuiv @ 332 found.
 glQueryCounter @ 333 found.
 glGetQueryObjecti64v @ 334 found.
 glGetQueryObjectui64v @ 335 found.
 glVertexAttribDivisor @ 336 found.
 glVertexAttribP1ui @ 337 found.
 glVertexAttribP1uiv @ 338 found.
 glVertexAttribP2ui @ 339 found.
 glVertexAttribP2uiv @ 340 found.
 glVertexAttribP3ui @ 341 found.
 glVertexAttribP3uiv @ 342 found.
 glVertexAttribP4ui @ 343 found.
 glVertexAttribP4uiv @ 344 found.
 glMinSampleShading @ 345 found.
 glBlendEquationi @ 346 found.
 glBlendEquationSeparatei @ 347 found.
 glBlendFunci @ 348 found.
 glBlendFuncSeparatei @ 349 found.
 glDrawArraysIndirect @ 350 found.
 glDrawElementsIndirect @ 351 found.
 glUniform1d @ 352 found.
 glUniform2d @ 353 found.
 glUniform3d @ 354 found.
 glUniform4d @ 355 found.
 glUniform1dv @ 356 found.
 glUniform2dv @ 357 found.
 glUniform3dv @ 358 found.
 glUniform4dv @ 359 found.
 glUniformMatrix2dv @ 360 found.
 glUniformMatrix3dv @ 361 found.
 glUniformMatrix4dv @ 362 found.
 glUniformMatrix2x3dv @ 363 found.
 glUniformMatrix2x4dv @ 364 found.
 glUniformMatrix3x2dv @ 365 found.
 glUniformMatrix3x4dv @ 366 found.
 glUniformMatrix4x2dv @ 367 found.
 glUniformMatrix4x3dv @ 368 found.
 glGetUniformdv @ 369 found.
 glGetSubroutineUniformLocation @ 370 found.
 glGetSubroutineIndex @ 371 found.
 glGetActiveSubroutineUniformiv @ 372 found.
 glGetActiveSubroutineUniformName @ 373 found.
 glGetActiveSubroutineName @ 374 found.
 glUniformSubroutinesuiv @ 375 found.
 glGetUniformSubroutineuiv @ 376 found.
 glGetProgramStageiv @ 377 found.
 glPatchParameteri @ 378 found.
 glPatchParameterfv @ 379 found.
 glBindTransformFeedback @ 380 found.
 glDeleteTransformFeedbacks @ 381 found.
 glGenTransformFeedbacks @ 382 found.
 glIsTransformFeedback @ 383 found.
 glPauseTransformFeedback @ 384 found.
 glResumeTransformFeedback @ 385 found.
 glDrawTransformFeedback @ 386 found.
 glDrawTransformFeedbackStream @ 387 found.
 glBeginQueryIndexed @ 388 found.
 glEndQueryIndexed @ 389 found.
 glGetQueryIndexediv @ 390 found.
 glReleaseShaderCompiler @ 391 found.
 glShaderBinary @ 392 found.
 glGetShaderPrecisionFormat @ 393 found.
 glDepthRangef @ 394 found.
 glClearDepthf @ 395 found.
 glGetProgramBinary @ 396 found.
 glProgramBinary @ 397 found.
 glProgramParameteri @ 398 found.
 glUseProgramStages @ 399 found.
 glActiveShaderProgram @ 400 found.
 glCreateShaderProgramv @ 401 found.
 glBindProgramPipeline @ 402 found.
 glDeleteProgramPipelines @ 403 found.
 glGenProgramPipelines @ 404 found.
 glIsProgramPipeline @ 405 found.
 glGetProgramPipelineiv @ 406 found.
 glProgramUniform1i @ 407 found.
 glProgramUniform1iv @ 408 found.
 glProgramUniform1f @ 409 found.
 glProgramUniform1fv @ 410 found.
 glProgramUniform1d @ 411 found.
 glProgramUniform1dv @ 412 found.
 glProgramUniform1ui @ 413 found.
 glProgramUniform1uiv @ 414 found.
 glProgramUniform2i @ 415 found.
 glProgramUniform2iv @ 416 found.
 glProgramUniform2f @ 417 found.
 glProgramUniform2fv @ 418 found.
 glProgramUniform2d @ 419 found.
 glProgramUniform2dv @ 420 found.
 glProgramUniform2ui @ 421 found.
 glProgramUniform2uiv @ 422 found.
 glProgramUniform3i @ 423 found.
 glProgramUniform3iv @ 424 found.
 glProgramUniform3f @ 425 found.
 glProgramUniform3fv @ 426 found.
 glProgramUniform3d @ 427 found.
 glProgramUniform3dv @ 428 found.
 glProgramUniform3ui @ 429 found.
 glProgramUniform3uiv @ 430 found.
 glProgramUniform4i @ 431 found.
 glProgramUniform4iv @ 432 found.
 glProgramUniform4f @ 433 found.
 glProgramUniform4fv @ 434 found.
 glProgramUniform4d @ 435 found.
 glProgramUniform4dv @ 436 found.
 glProgramUniform4ui @ 437 found.
 glProgramUniform4uiv @ 438 found.
 glProgramUniformMatrix2fv @ 439 found.
 glProgramUniformMatrix3fv @ 440 found.
 glProgramUniformMatrix4fv @ 441 found.
 glProgramUniformMatrix2dv @ 442 found.
 glProgramUniformMatrix3dv @ 443 found.
 glProgramUniformMatrix4dv @ 444 found.
 glProgramUniformMatrix2x3fv @ 445 found.
 glProgramUniformMatrix3x2fv @ 446 found.
 glProgramUniformMatrix2x4fv @ 447 found.
 glProgramUniformMatrix4x2fv @ 448 found.
 glProgramUniformMatrix3x4fv @ 449 found.
 glProgramUniformMatrix4x3fv @ 450 found.
 glProgramUniformMatrix2x3dv @ 451 found.
 glProgramUniformMatrix3x2dv @ 452 found.
 glProgramUniformMatrix2x4dv @ 453 found.
 glProgramUniformMatrix4x2dv @ 454 found.
 glProgramUniformMatrix3x4dv @ 455 found.
 glProgramUniformMatrix4x3dv @ 456 found.
 glValidateProgramPipeline @ 457 found.
 glGetProgramPipelineInfoLog @ 458 found.
 glVertexAttribL1d @ 459 found.
 glVertexAttribL2d @ 460 found.
 glVertexAttribL3d @ 461 found.
 glVertexAttribL4d @ 462 found.
 glVertexAttribL1dv @ 463 found.
 glVertexAttribL2dv @ 464 found.
 glVertexAttribL3dv @ 465 found.
 glVertexAttribL4dv @ 466 found.
 glVertexAttribLPointer @ 467 found.
 glGetVertexAttribLdv @ 468 found.
 glViewportArrayv @ 469 found.
 glViewportIndexedf @ 470 found.
 glViewportIndexedfv @ 471 found.
 glScissorArrayv @ 472 found.
 glScissorIndexed @ 473 found.
 glScissorIndexedv @ 474 found.
 glDepthRangeArrayv @ 475 found.
 glDepthRangeIndexed @ 476 found.
 glGetFloati_v @ 477 found.
 glGetDoublei_v @ 478 found.
 glDrawArraysInstancedBaseInstance @ 479 found.
 glDrawElementsInstancedBaseInstance @ 480 found.
 glDrawElementsInstancedBaseVertexBaseInstance @ 481 found.
 glGetInternalformativ @ 482 found.
 glGetActiveAtomicCounterBufferiv @ 483 found.
 glBindImageTexture @ 484 found.
 glMemoryBarrier @ 485 found.
 glTexStorage1D @ 486 found.
 glTexStorage2D @ 487 found.
 glTexStorage3D @ 488 found.
 glDrawTransformFeedbackInstanced @ 489 found.
 glDrawTransformFeedbackStreamInstanced @ 490 found.
 glDispatchCompute @ 493 found.
 glDispatchComputeIndirect @ 494 found.
 glFramebufferParameteri @ 496 found.
 glGetFramebufferParameteriv @ 497 found.
 glGetInternalformati64v @ 498 found.
 glInvalidateFramebuffer @ 503 found.
 glInvalidateSubFramebuffer @ 504 found.
 glMultiDrawArraysIndirect @ 505 found.
 glMultiDrawElementsIndirect @ 506 found.
 glGetProgramInterfaceiv @ 507 found.
 glGetProgramResourceIndex @ 508 found.
 glGetProgramResourceName @ 509 found.
 glGetProgramResourceiv @ 510 found.
 glGetProgramResourceLocation @ 511 found.
 glGetProgramResourceLocationIndex @ 512 found.
 glShaderStorageBlockBinding @ 513 found.
 glTexBufferRange @ 514 found.
 glTexStorage2DMultisample @ 515 found.
 glTexStorage3DMultisample @ 516 found.
 glBindVertexBuffer @ 518 found.
 glVertexAttribFormat @ 519 found.
 glVertexAttribIFormat @ 520 found.
 glVertexAttribLFormat @ 521 found.
 glVertexAttribBinding @ 522 found.
 glVertexBindingDivisor @ 523 found.
 glDebugMessageControl @ 524 found.
 glDebugMessageInsert @ 525 found.
 glDebugMessageCallback @ 526 found.
 glGetDebugMessageLog @ 527 found.
 glPushDebugGroup @ 528 found.
 glPopDebugGroup @ 529 found.
 glObjectLabel @ 530 found.
 glGetObjectLabel @ 531 found.
 glObjectPtrLabel @ 532 found.
 glGetObjectPtrLabel @ 533 found.
 glBufferStorage @ 534 found.
 glClipControl @ 543 found.
 glNamedBufferStorage @ 551 found.
 glTextureBufferRange @ 589 found.
 glTextureParameteri @ 606 found.
 glMemoryBarrierByRegion @ 641 found.
 glGetGraphicsResetStatus @ 644 found.
 glGetnCompressedTexImage @ 645 found.
 glGetnTexImage @ 646 found.
 glGetnUniformdv @ 647 found.
 glGetnUniformfv @ 648 found.
 glGetnUniformiv @ 649 found.
 glGetnUniformuiv @ 650 found.
 glReadnPixels @ 651 found.
New draw driver registered.
Name: 4DGL
Author: SIGMA Technology Group
Version: 0.7.2
Note: 
     .::::         :::::::::         ::::::::        :::        
    :+:+:+         :+:    :+:       :+:    :+:       :+:        
   +:+ +:+         +:+    +:+       +:+              +:+        
  +#+  +:+         +#+    +:+       :#:              +#+        
 +#+#+#+#+#+       +#+    +#+       +#+   +#+#       +#+        
       #+#         #+#    #+#       #+#    #+#       #+#        
       ###         #########         ########        ########## 
 Loading draw ICDs...
 afxModule.c:62?AfxAcquireModule(uri=e2draw.icd)
 afxModule.c:62?AfxAcquireModule(uri=e2newton.icd)
 afxClass<afxModule>::AllocateObjects(1, 003feed0, 003fef04)
 afxClass<afxModule>::BuildObjects(1, 003feed0, 003fefa8)
 afxClass<afxModule>::ConstructObject(01071ba0)
 afxModule.c:130?_AfxMdleCtor(uri:e2newton.icd)
 afxDrawContext.c:524?AfxAcquireDrawContext(spec=003ff5f8)
 afxClass<afxDrawContext>::AllocateObjects(1, 003ff518, 003ff528)
 afxClass<afxDrawContext>::BuildObjects(1, 003ff518, 003ff5f8)
 afxClass<afxDrawContext>::ConstructObject(02ea7000)
 afxDrawContext.c:580?_AfxDctxCtor(dctx=02ea7000)
 afxArena.c:751?AfxAcquireArena(aren=02ea7a18)
 afxArena.c:752?AfxAcquireArena(spec=00000000,hint="afxDrawContext.c:599!_AfxDctxCtor")
 afxClass<afxBuffer>::Mount(02ea74d4, 02ea7040, 00000000, 77a67238)
 afxClass<afxVertexBuffer>::Mount(02ea7594, 02ea7040, 02ea74d4, 77a68978)
 afxClass<afxIndexBuffer>::Mount(02ea7654, 02ea7040, 02ea74d4, 77a67504)
 afxClass<afxSampler>::Mount(02ea7714, 02ea7040, 00000000, 77a67904)
 afxClass<afxTexture>::Mount(02ea77d4, 02ea7040, 00000000, 77a680c8)
 afxClass<afxSurface>::Mount(02ea7894, 02ea7040, 02ea77d4, 77a67f4c)
 afxClass<afxShader>::Mount(02ea7954, 02ea7040, 00000000, 77a67b24)
 afxClass<afxCanvas>::Mount(02ea71d4, 02ea7040, 00000000, 77a66070)
 afxClass<afxPipeline>::Mount(02ea7294, 02ea7040, 00000000, 77a66d80)
 afxClass<afxDrawOperation>::Mount(02ea7414, 02ea7040, 00000000, 77a664d8)
 afxClass<afxLego>::Mount(02ea7354, 02ea7040, 00000000, 77a66b2c)
 afxClass<afxDrawScript>::Mount(02ea7114, 02ea7040, 00000000, 77a65140)
 afxClass<afxDrawQueue>::Mount(02ea7054, 02ea7040, 00000000, 77a65038)
 afxArena.c:751?AfxAcquireArena(aren=0108aad0)
 afxArena.c:752?AfxAcquireArena(spec=00000000,hint="afxDrawContext.c:662!_AfxDctxCtor")
 sglDrawContext.c:271?_SglDdrvVmtDctxCb(dctx=02ea7000)
 Uploading draw operation 'data/pipeline/rgbaToRgba.xml'
 afxXml.c:960?AfxLoadXml(uri:data/pipeline/rgbaToRgba.xml)
 afxFile.c:328?AfxOpenFile(00000001,data/pipeline/rgbaToRgba.xml)
 afxClass<afxFile>::AllocateObjects(1, 003fe7b4, 003fe7c4)
 afxClass<afxFile>::BuildObjects(1, 003fe7b4, 003fe7ac)
 afxClass<afxFile>::ConstructObject(02f2e260)
 afxStream.c:585?AfxAcquireStream(ios=02f2e294,flags=1,start=00000000,len=0)
 afxClass<afxFile>::DismantleObjects(1, 003fe804)
 Destructing instance 02f2e260 of afxFile class.
 afxClass<afxFile>::DeallocateObjects(1, 003fe804)
 afxClass<afxDrawOperation>::AllocateObjects(1, 010a28b0, 003fe7fc)
 afxClass<afxDrawOperation>::BuildObjects(1, 010a28b0, 003fea80)
 afxClass<afxDrawOperation>::ConstructObject(01099fe0)
 afxDrawOperation.c:667?_AfxDopCtor(dop=01099fe0)
 afxPipeline.c:365?AfxBuildPipelines(dctx=02ea7000)
 afxClass<afxPipeline>::AllocateObjects(1, 02ec7658, 003fe1a8)
 afxClass<afxPipeline>::BuildObjects(1, 02ec7658, 003fe29c)
 afxClass<afxPipeline>::ConstructObject(02eb3310)
 afxPipeline.c:437?_AfxPipCtor(pip=02eb3310)
 afxShader.c:535?AfxAcquireShaders(cnt=1,uri=010afe60,shd=003fdc10)
 Uploading shader 'data/pipeline/rgbaToRgba.xml?vs'
 afxXml.c:960?AfxLoadXml(uri:data/pipeline/rgbaToRgba.xml)
 afxFile.c:328?AfxOpenFile(00000001,data/pipeline/rgbaToRgba.xml)
 afxClass<afxFile>::AllocateObjects(1, 003fd490, 003fd4a0)
 afxClass<afxFile>::BuildObjects(1, 003fd490, 003fd488)
 afxClass<afxFile>::ConstructObject(02e5f610)
 afxStream.c:585?AfxAcquireStream(ios=02e5f644,flags=1,start=00000000,len=0)
 afxClass<afxFile>::DismantleObjects(1, 003fd4e0)
 Destructing instance 02e5f610 of afxFile class.
 afxClass<afxFile>::DeallocateObjects(1, 003fd4e0)
 afxFile.c:348?AfxOpenReadableFile(data/pipeline/stdEnv.inc)
 afxClass<afxFile>::AllocateObjects(1, 003fd27c, 003fd28c)
 afxClass<afxFile>::BuildObjects(1, 003fd27c, 003fd274)
 afxClass<afxFile>::ConstructObject(02e5f610)
 afxStream.c:585?AfxAcquireStream(ios=02e5f644,flags=5,start=00000000,len=0)
 afxClass<afxFile>::DismantleObjects(1, 003fd2cc)
 Destructing instance 02e5f610 of afxFile class.
 afxClass<afxFile>::DeallocateObjects(1, 003fd2cc)
 afxShader.c:382?AfxBuildShaders(cnt=1,blueprint=003fd7dc,shd=003fdc10)
 afxClass<afxShader>::AllocateObjects(1, 003fdc10, 003fd4d8)
 afxClass<afxShader>::BuildObjects(1, 003fdc10, 003fd7dc)
 afxClass<afxShader>::ConstructObject(008b9c10)
 afxShader.c:645?_AfxShdCtor(shd=008b9c10)
 #version 330 core // QWADRO. Engineered by SIGMA Technology Group.

#define afxInt int
#define afxNat uint

#define afxReal float

#define afxV2d vec2
#define afxV3d vec3
#define afxV4d vec4

#define afxM2d mat2
#define afxM3d mat3
#define afxM4d mat4

        
        layout(location = 0) in vec2 a_xy;

        out block
        {
            vec2 uv0;
        } sgl_v;

        void main()
        {
            gl_Position = vec4(a_xy, 0.0, 1.0);
            sgl_v.uv0 = vec2(gl_Position.xy * 0.5 + 0.5).xy;
        }
       
 sglShader.c:136?_AfxShdCtor(shd=008b9c10)
 afxObject<008b9c10>::InstallEventFilter(02eb3310)
 afxShader.c:535?AfxAcquireShaders(cnt=1,uri=008b9b70,shd=003fdc10)
 Uploading shader 'data/pipeline/rgbaToRgba.xml?fs'
 afxXml.c:960?AfxLoadXml(uri:data/pipeline/rgbaToRgba.xml)
 afxFile.c:328?AfxOpenFile(00000001,data/pipeline/rgbaToRgba.xml)
 afxClass<afxFile>::AllocateObjects(1, 003fd490, 003fd4a0)
 afxClass<afxFile>::BuildObjects(1, 003fd490, 003fd488)
 afxClass<afxFile>::ConstructObject(02ea6c50)
 afxStream.c:585?AfxAcquireStream(ios=02ea6c84,flags=1,start=00000000,len=0)
 afxClass<afxFile>::DismantleObjects(1, 003fd4e0)
 Destructing instance 02ea6c50 of afxFile class.
 afxClass<afxFile>::DeallocateObjects(1, 003fd4e0)
 afxFile.c:348?AfxOpenReadableFile(data/pipeline/stdEnv.inc)
 afxClass<afxFile>::AllocateObjects(1, 003fd27c, 003fd28c)
 afxClass<afxFile>::BuildObjects(1, 003fd27c, 003fd274)
 afxClass<afxFile>::ConstructObject(02ea6c50)
 afxStream.c:585?AfxAcquireStream(ios=02ea6c84,flags=5,start=00000000,len=0)
 afxClass<afxFile>::DismantleObjects(1, 003fd2cc)
 Destructing instance 02ea6c50 of afxFile class.
 afxClass<afxFile>::DeallocateObjects(1, 003fd2cc)
 afxShader.c:382?AfxBuildShaders(cnt=1,blueprint=003fd7dc,shd=003fdc10)
 afxClass<afxShader>::AllocateObjects(1, 003fdc10, 003fd4d8)
 afxClass<afxShader>::BuildObjects(1, 003fdc10, 003fd7dc)
 afxClass<afxShader>::ConstructObject(02ea6c50)
 afxShader.c:645?_AfxShdCtor(shd=02ea6c50)
 #version 330 core // QWADRO. Engineered by SIGMA Technology Group.

#define afxInt int
#define afxNat uint

#define afxReal float

#define afxV2d vec2
#define afxV3d vec3
#define afxV4d vec4

#define afxM2d mat2
#define afxM3d mat3
#define afxM4d mat4

        
        uniform sampler2D samp;

        in block
        {
            vec2 uv0;
        } sgl_v;

        out vec4 sgl_rgba;

        void main()
        {
            sgl_rgba = texture(samp, sgl_v.uv0);
        }
       
 sglShader.c:136?_AfxShdCtor(shd=02ea6c50)
 afxObject<02ea6c50>::InstallEventFilter(02eb3310)
 afxLego.c:202?AfxBuildLegos(dctx=02ea7000)
 ERR afxDrawContext.c:171?AfxGetLegoClass
    
 ERR afxDrawContext.c:171?AfxGetLegoClass
    (var_)
    Invalid
 afxClass<afxLego>::AllocateObjects(1, 02ee57b4, 003fda58)
 afxClass<afxLego>::BuildObjects(1, 02ee57b4, 003fddcc)
 afxClass<afxLego>::ConstructObject(02e5f6b0)
 afxLego.c:259?_AfxLegtCtor(legt=02e5f6b0)
 sglPipeline.c:295?_AfxPipCtor(pip=02eb3310)
 afxPipeline.c:365?AfxBuildPipelines(dctx=02ea7000)
 afxClass<afxPipeline>::AllocateObjects(1, 02ec76b8, 003fe1a8)
 afxClass<afxPipeline>::BuildObjects(1, 02ec76b8, 003fe29c)
 afxClass<afxPipeline>::ConstructObject(02ee0890)
 afxPipeline.c:437?_AfxPipCtor(pip=02ee0890)
 afxShader.c:535?AfxAcquireShaders(cnt=1,uri=010afe60,shd=003fdc10)
 Uploading shader 'data/pipeline/rgbaToRgba.xml?vsFlippedY'
 afxXml.c:960?AfxLoadXml(uri:data/pipeline/rgbaToRgba.xml)
 afxFile.c:328?AfxOpenFile(00000001,data/pipeline/rgbaToRgba.xml)
 afxClass<afxFile>::AllocateObjects(1, 003fd490, 003fd4a0)
 afxClass<afxFile>::BuildObjects(1, 003fd490, 003fd488)
 afxClass<afxFile>::ConstructObject(02e5f740)
 afxStream.c:585?AfxAcquireStream(ios=02e5f774,flags=1,start=00000000,len=0)
 afxClass<afxFile>::DismantleObjects(1, 003fd4e0)
 Destructing instance 02e5f740 of afxFile class.
 afxClass<afxFile>::DeallocateObjects(1, 003fd4e0)
 afxFile.c:348?AfxOpenReadableFile(data/pipeline/stdEnv.inc)
 afxClass<afxFile>::AllocateObjects(1, 003fd27c, 003fd28c)
 afxClass<afxFile>::BuildObjects(1, 003fd27c, 003fd274)
 afxClass<afxFile>::ConstructObject(02e5f740)
 afxStream.c:585?AfxAcquireStream(ios=02e5f774,flags=5,start=00000000,len=0)
 afxClass<afxFile>::DismantleObjects(1, 003fd2cc)
 Destructing instance 02e5f740 of afxFile class.
 afxClass<afxFile>::DeallocateObjects(1, 003fd2cc)
 afxShader.c:382?AfxBuildShaders(cnt=1,blueprint=003fd7dc,shd=003fdc10)
 afxClass<afxShader>::AllocateObjects(1, 003fdc10, 003fd4d8)
 afxClass<afxShader>::BuildObjects(1, 003fdc10, 003fd7dc)
 afxClass<afxShader>::ConstructObject(02e5f740)
 afxShader.c:645?_AfxShdCtor(shd=02e5f740)
 #version 330 core // QWADRO. Engineered by SIGMA Technology Group.

#define afxInt int
#define afxNat uint

#define afxReal float

#define afxV2d vec2
#define afxV3d vec3
#define afxV4d vec4

#define afxM2d mat2
#define afxM3d mat3
#define afxM4d mat4

        
        const mat4 m = mat4(1, 0, 0, 0, 0, -1, 0, 0, 0, 0, 1, 0, 0, 0, 0, 1);
        
        layout(location = 0) in vec2 a_xy;
        
        out block
        {
            vec2 uv0;
        } sgl_v;

        void main()
        {
            gl_Position = vec4(a_xy, 0.0, 1.0);
            sgl_v.uv0 = vec2(m * vec4(gl_Position.xy * 0.5 + 0.5, 0, 1)).xy;
        }
       
 sglShader.c:136?_AfxShdCtor(shd=02e5f740)
 afxObject<02e5f740>::InstallEventFilter(02ee0890)
 afxShader.c:535?AfxAcquireShaders(cnt=1,uri=008b9b70,shd=003fdc10)
 Uploading shader 'data/pipeline/rgbaToRgba.xml?fs'
 afxXml.c:960?AfxLoadXml(uri:data/pipeline/rgbaToRgba.xml)
 afxFile.c:328?AfxOpenFile(00000001,data/pipeline/rgbaToRgba.xml)
 afxClass<afxFile>::AllocateObjects(1, 003fd490, 003fd4a0)
 afxClass<afxFile>::BuildObjects(1, 003fd490, 003fd488)
 afxClass<afxFile>::ConstructObject(02ea9690)
 afxStream.c:585?AfxAcquireStream(ios=02ea96c4,flags=1,start=00000000,len=0)
 afxClass<afxFile>::DismantleObjects(1, 003fd4e0)
 Destructing instance 02ea9690 of afxFile class.
 afxClass<afxFile>::DeallocateObjects(1, 003fd4e0)
 afxFile.c:348?AfxOpenReadableFile(data/pipeline/stdEnv.inc)
 afxClass<afxFile>::AllocateObjects(1, 003fd27c, 003fd28c)
 afxClass<afxFile>::BuildObjects(1, 003fd27c, 003fd274)
 afxClass<afxFile>::ConstructObject(02ea9690)
 afxStream.c:585?AfxAcquireStream(ios=02ea96c4,flags=5,start=00000000,len=0)
 afxClass<afxFile>::DismantleObjects(1, 003fd2cc)
 Destructing instance 02ea9690 of afxFile class.
 afxClass<afxFile>::DeallocateObjects(1, 003fd2cc)
 afxShader.c:382?AfxBuildShaders(cnt=1,blueprint=003fd7dc,shd=003fdc10)
 afxClass<afxShader>::AllocateObjects(1, 003fdc10, 003fd4d8)
 afxClass<afxShader>::BuildObjects(1, 003fdc10, 003fd7dc)
 afxClass<afxShader>::ConstructObject(02ee1830)
 afxShader.c:645?_AfxShdCtor(shd=02ee1830)
 #version 330 core // QWADRO. Engineered by SIGMA Technology Group.

#define afxInt int
#define afxNat uint

#define afxReal float

#define afxV2d vec2
#define afxV3d vec3
#define afxV4d vec4

#define afxM2d mat2
#define afxM3d mat3
#define afxM4d mat4

        
        uniform sampler2D samp;

        in block
        {
            vec2 uv0;
        } sgl_v;

        out vec4 sgl_rgba;

        void main()
        {
            sgl_rgba = texture(samp, sgl_v.uv0);
        }
       
 sglShader.c:136?_AfxShdCtor(shd=02ee1830)
 afxObject<02ee1830>::InstallEventFilter(02ee0890)
 afxLego.c:202?AfxBuildLegos(dctx=02ea7000)
 ERR afxDrawContext.c:171?AfxGetLegoClass
    
 ERR afxDrawContext.c:171?AfxGetLegoClass
    (var_)
    Invalid
 afxClass<afxLego>::AllocateObjects(1, 02ee4e54, 003fda58)
 afxClass<afxLego>::BuildObjects(1, 02ee4e54, 003fddcc)
 afxClass<afxLego>::ConstructObject(02ea9690)
 afxLego.c:259?_AfxLegtCtor(legt=02ea9690)
 sglPipeline.c:295?_AfxPipCtor(pip=02ee0890)
 afxSampler.c:37?AfxAcquireSamplers(cnt=1,spec=003fefc0,spec=010a28b4)
 afxClass<afxSampler>::AllocateObjects(1, 010a28b4, 003fecb0)
 afxClass<afxSampler>::BuildObjects(1, 010a28b4, 003fefc0)
 afxClass<afxSampler>::ConstructObject(010afe60)
 afxSampler.c:95?_AfxSampCtor(samp=010afe60)
 sglSampler.c:145?_AfxSmpCtor(smp=010afe60)
 afxClass<afxVertexBuffer>::AllocateObjects(1, 010a28b8, 003fed04)
 afxClass<afxVertexBuffer>::BuildObjects(1, 010a28b8, 003fecdc)
 afxClass<afxVertexBuffer, afxBuffer>ConstructingObject(02f3a9f0)
 afxClass<afxBuffer>::ConstructObject(02f3a9f0)
 afxBuffer.c:231?_AfxBufCtor(buf=02f3a9f0)
 sglBuffer.c:331?_SglBufCtor(buf=02f3a9f0)
 afxClass<afxVertexBuffer>::ConstructObject(02f3a9f0)
 afxVertexBuffer.c:431?_AfxVbufCtor(vbuf=02f3a9f0)
 afxDrawQueue.c:301?_AfxAcquireDrawQueue(dctx=02ea7000)
 afxClass<afxDrawQueue>::AllocateObjects(1, 003ff030, 003ff04c)
 afxClass<afxDrawQueue>::BuildObjects(1, 003ff030, 003ff158)
 afxClass<afxDrawQueue>::ConstructObject(008bcf20)
 afxDrawQueue.c:352?_AfxDqueCtor(dque=008bcf20)
 sglDrawQueue.c:1717?_SglDctxVmtDqueCb(dque=008bcf20)
 afxApplication.c:370?AfxAcquireApplication(sys=003ff528,spec=0101c8b6)
 afxClass<afxApplication>::AllocateObjects(1, 003ff534, 003ff544)
 afxClass<afxApplication>::BuildObjects(1, 003ff534, 003ff5c8)
 afxClass<afxApplication>::ConstructObject(02ee2960)
 afxApplication.c:421?_AfxAppCtor(app=02ee2960)
 afxMouse.c:240?AfxAcquireMouse(port=0)
 afxClass<afxMouse>::AllocateObjects(1, 003ff144, 003ff154)
 afxClass<afxMouse>::BuildObjects(1, 003ff144, 003ff140)
 afxClass<afxMouse, afxHid>ConstructingObject(02f358d0)
 afxClass<afxHid>::ConstructObject(02f358d0)
 afxHid.c:66?_AfxHidCtor(hid=02f358d0)
 afxClass<afxMouse>::ConstructObject(02f358d0)
 afxMouse.c:295?_AfxMseCtor(mse=02f358d0)
 afxDrawInput.c:214?AfxAcquireDrawInput(spec=003ff1e8)
 afxClass<afxDrawInput>::AllocateObjects(1, 003ff128, 003ff144)
 afxClass<afxDrawInput>::BuildObjects(1, 003ff128, 003ff1e8)
 afxClass<afxDrawInput>::ConstructObject(02f2e260)
 afxDrawInput.c:276?_AfxDinCtor(din=02f2e260)
 afxClass<afxWidget>::Mount(02ee2a38, 02ee2994, 00000000, 77a6a530)
 afxClass<afxSimulation>::Mount(02ee2af8, 02ee2994, 00000000, 77a6adc8)
 afxApplication.c:322?AfxApplicationExecute(app=02ee2960)
 mmplayer.c:96?AfxEnterApplication(app=02ee2960)
 Uploading texture 'art/world.tga'
 afxFile.c:328?AfxOpenFile(00000001,art/world.tga)
 afxClass<afxFile>::AllocateObjects(1, 003fead0, 003feae0)
 afxClass<afxFile>::BuildObjects(1, 003fead0, 003feac8)
 afxClass<afxFile>::ConstructObject(02ea9730)
 afxStream.c:585?AfxAcquireStream(ios=02ea9764,flags=1,start=00000000,len=0)
 ADV afxTexture.c:53?AfxAcquireTextureBlueprint
    texb->fcc == AFX_FCC_TEXB
 afxTexture.c:829?AfxBuildTextures(cnt=1,blueprint=003feba0,tex=01345028)
 afxClass<afxTexture>::AllocateObjects(1, 01345028, 003feaa8)
 afxClass<afxTexture>::BuildObjects(1, 01345028, 003feba0)
 afxClass<afxTexture>::ConstructObject(02ee1980)
 afxTexture.c:1023?_AfxTexCtor(tex=02ee1980)
 sglTexture.c:989?_SglTexCtor(tex=02ee1980)
 afxClass<afxFile>::DismantleObjects(1, 003feb20)
 Destructing instance 02ea9730 of afxFile class.
 afxClass<afxFile>::DeallocateObjects(1, 003feb20)
 afxFile.c:328?AfxOpenFile(00000002,tmp/world2.tga)
 afxClass<afxFile>::AllocateObjects(1, 003fef50, 003fef60)
 afxClass<afxFile>::BuildObjects(1, 003fef50, 003fef48)
 afxClass<afxFile>::ConstructObject(02ea9730)
 afxStream.c:585?AfxAcquireStream(ios=02ea9764,flags=2,start=00000000,len=0)
 afxClass<afxFile>::DismantleObjects(1, 003fefa0)
 Destructing instance 02ea9730 of afxFile class.
 afxClass<afxFile>::DeallocateObjects(1, 003fefa0)
 afxClass<afxTexture>::DismantleObjects(1, 003ff360)
 Destructing instance 02ee1980 of afxTexture class.
 afxTexture.c:999?_AfxTexDtor(tex=02ee1980)
 sglTexture.c:956?_SglTexDtor(img=02ee1980)
 afxClass<afxTexture>::DeallocateObjects(1, 003ff360)
 afxDrawOutput.c:445?AfxAcquireDrawOutput(spec=003ff460)
 afxClass<afxDrawOutput>::AllocateObjects(1, 003ff310, 003ff32c)
 afxClass<afxDrawOutput>::BuildObjects(1, 003ff310, 003ff460)
 afxClass<afxDrawOutput>::ConstructObject(02ee30e0)
 afxDrawOutput.c:511?_AfxDoutCtor(dout=02ee30e0)
 sglDrawOutput.c:348?_SglDdrvVmtDoutCb(dout=02ee30e0,uri=window)
 sglDrawOutput.c:198?_AfxStdDoutImplCtorWnd(dout=02ee30e0)
 afxDrawOutput.c:303?AfxRegenerateDrawOuputBuffers(dout=02ee30e0)
 afxSurface.c:36?AfxAcquireSurface(fmt=4,whd=[1280,720,1],usage=16)
 ADV afxTexture.c:53?AfxAcquireTextureBlueprint
    texb->fcc == AFX_FCC_TEXB
 afxClass<afxSurface>::AllocateObjects(1, 003fed28, 003fed44)
 afxClass<afxSurface>::BuildObjects(1, 003fed28, 003fed50)
 afxClass<afxSurface, afxTexture>ConstructingObject(02f4cb40)
 afxClass<afxTexture>::ConstructObject(02f4cb40)
 afxTexture.c:1023?_AfxTexCtor(tex=02f4cb40)
 sglTexture.c:989?_SglTexCtor(tex=02f4cb40)
 afxClass<afxSurface>::ConstructObject(02f4cb40)
 afxSurface.c:114?_AfxSurfCtor(surf=02f4cb40)
 sglSurface.c:116?_AfxSurfCtor(surf=02f4cb40)
 afxSurface.c:36?AfxAcquireSurface(fmt=4,whd=[1280,720,1],usage=16)
 ADV afxTexture.c:53?AfxAcquireTextureBlueprint
    texb->fcc == AFX_FCC_TEXB
 afxClass<afxSurface>::AllocateObjects(1, 003fed28, 003fed44)
 afxClass<afxSurface>::BuildObjects(1, 003fed28, 003fed50)
 afxClass<afxSurface, afxTexture>ConstructingObject(02f4ca40)
 afxClass<afxTexture>::ConstructObject(02f4ca40)
 afxTexture.c:1023?_AfxTexCtor(tex=02f4ca40)
 sglTexture.c:989?_SglTexCtor(tex=02f4ca40)
 afxClass<afxSurface>::ConstructObject(02f4ca40)
 afxSurface.c:114?_AfxSurfCtor(surf=02f4ca40)
 sglSurface.c:116?_AfxSurfCtor(surf=02f4ca40)
 afxCanvas.c:207?AfxBuildCanvases(dctx=02ea7000,cnt=1,blueprint=003ff220,canv=01345048)
 afxClass<afxCanvas>::AllocateObjects(1, 01345048, 003ff10c)
 afxClass<afxCanvas>::BuildObjects(1, 01345048, 003ff220)
 afxClass<afxCanvas>::ConstructObject(02ee1ae0)
 afxCanvas.c:264?_AfxCanvCtor(canv=02ee1ae0)
 afxSurface.c:36?AfxAcquireSurface(fmt=21,whd=[1280,720,1],usage=32)
 ADV afxTexture.c:53?AfxAcquireTextureBlueprint
    texb->fcc == AFX_FCC_TEXB
 afxClass<afxSurface>::AllocateObjects(1, 003fe6f8, 003fe714)
 afxClass<afxSurface>::BuildObjects(1, 003fe6f8, 003fe720)
 afxClass<afxSurface, afxTexture>ConstructingObject(02f4c620)
 afxClass<afxTexture>::ConstructObject(02f4c620)
 afxTexture.c:1023?_AfxTexCtor(tex=02f4c620)
 sglTexture.c:989?_SglTexCtor(tex=02f4c620)
 afxClass<afxSurface>::ConstructObject(02f4c620)
 afxSurface.c:114?_AfxSurfCtor(surf=02f4c620)
 sglSurface.c:116?_AfxSurfCtor(surf=02f4c620)
 sglCanvas.c:354?_AfxCanvCtor(canv=02ee1ae0)
 afxCanvas.c:207?AfxBuildCanvases(dctx=02ea7000,cnt=1,blueprint=003ff220,canv=0134504c)
 afxClass<afxCanvas>::AllocateObjects(1, 0134504c, 003ff10c)
 afxClass<afxCanvas>::BuildObjects(1, 0134504c, 003ff220)
 afxClass<afxCanvas>::ConstructObject(02ec5b70)
 afxCanvas.c:264?_AfxCanvCtor(canv=02ec5b70)
 afxSurface.c:36?AfxAcquireSurface(fmt=21,whd=[1280,720,1],usage=32)
 ADV afxTexture.c:53?AfxAcquireTextureBlueprint
    texb->fcc == AFX_FCC_TEXB
 afxClass<afxSurface>::AllocateObjects(1, 003fe6f8, 003fe714)
 afxClass<afxSurface>::BuildObjects(1, 003fe6f8, 003fe720)
 afxClass<afxSurface, afxTexture>ConstructingObject(02f4c720)
 afxClass<afxTexture>::ConstructObject(02f4c720)
 afxTexture.c:1023?_AfxTexCtor(tex=02f4c720)
 sglTexture.c:989?_SglTexCtor(tex=02f4c720)
 afxClass<afxSurface>::ConstructObject(02f4c720)
 afxSurface.c:114?_AfxSurfCtor(surf=02f4c720)
 sglSurface.c:116?_AfxSurfCtor(surf=02f4c720)
 sglCanvas.c:354?_AfxCanvCtor(canv=02ec5b70)
 afxDrawInput.c:214?AfxAcquireDrawInput(spec=003ff3d0)
 afxClass<afxDrawInput>::AllocateObjects(1, 003ff2f4, 003ff310)
 afxClass<afxDrawInput>::BuildObjects(1, 003ff2f4, 003ff3d0)
 afxClass<afxDrawInput>::ConstructObject(02ec5c30)
 afxDrawInput.c:276?_AfxDinCtor(din=02ec5c30)
 afxModule.c:62?AfxAcquireModule(uri=binkw32.dll)
 afxClass<afxModule>::AllocateObjects(1, 003ff00c, 003ff040)
 afxClass<afxModule>::BuildObjects(1, 003ff00c, 003ff114)
 afxClass<afxModule>::ConstructObject(008b9b70)
 afxModule.c:130?_AfxMdleCtor(uri:binkw32.dll)
 afxSampler.c:37?AfxAcquireSamplers(cnt=1,spec=003ff2e0,spec=0134516c)
 afxClass<afxSampler>::AllocateObjects(1, 0134516c, 003fefc0)
 afxClass<afxSampler>::BuildObjects(1, 0134516c, 003ff2e0)
 afxClass<afxSampler>::ConstructObject(02ec5e10)
 afxSampler.c:95?_AfxSampCtor(samp=02ec5e10)
 sglSampler.c:145?_AfxSmpCtor(smp=02ec5e10)
 Uploading draw operation 'data/pipeline/yv12ToRgba.xml'
 afxXml.c:960?AfxLoadXml(uri:data/pipeline/yv12ToRgba.xml)
 afxFile.c:328?AfxOpenFile(00000001,data/pipeline/yv12ToRgba.xml)
 afxClass<afxFile>::AllocateObjects(1, 003feac4, 003fead4)
 afxClass<afxFile>::BuildObjects(1, 003feac4, 003feabc)
 afxClass<afxFile>::ConstructObject(02eecc80)
 afxStream.c:585?AfxAcquireStream(ios=02eeccb4,flags=1,start=00000000,len=0)
 afxClass<afxFile>::DismantleObjects(1, 003feb14)
 Destructing instance 02eecc80 of afxFile class.
 afxClass<afxFile>::DeallocateObjects(1, 003feb14)
 afxClass<afxDrawOperation>::AllocateObjects(1, 01345168, 003feb0c)
 afxClass<afxDrawOperation>::BuildObjects(1, 01345168, 003fed90)
 afxClass<afxDrawOperation>::ConstructObject(02ef5a30)
 afxDrawOperation.c:667?_AfxDopCtor(dop=02ef5a30)
 afxPipeline.c:365?AfxBuildPipelines(dctx=02ea7000)
 afxClass<afxPipeline>::AllocateObjects(1, 02ee58d8, 003fe4b8)
 afxClass<afxPipeline>::BuildObjects(1, 02ee58d8, 003fe5ac)
 afxClass<afxPipeline>::ConstructObject(02f04740)
 afxPipeline.c:437?_AfxPipCtor(pip=02f04740)
 afxShader.c:535?AfxAcquireShaders(cnt=1,uri=02ef3810,shd=003fdf20)
 Uploading shader 'data/pipeline/yv12ToRgba.xml?vs'
 afxXml.c:960?AfxLoadXml(uri:data/pipeline/yv12ToRgba.xml)
 afxFile.c:328?AfxOpenFile(00000001,data/pipeline/yv12ToRgba.xml)
 afxClass<afxFile>::AllocateObjects(1, 003fd7a0, 003fd7b0)
 afxClass<afxFile>::BuildObjects(1, 003fd7a0, 003fd798)
 afxClass<afxFile>::ConstructObject(02ef3940)
 afxStream.c:585?AfxAcquireStream(ios=02ef3974,flags=1,start=00000000,len=0)
 afxClass<afxFile>::DismantleObjects(1, 003fd7f0)
 Destructing instance 02ef3940 of afxFile class.
 afxClass<afxFile>::DeallocateObjects(1, 003fd7f0)
 afxFile.c:348?AfxOpenReadableFile(data/pipeline/stdEnv.inc)
 afxClass<afxFile>::AllocateObjects(1, 003fd58c, 003fd59c)
 afxClass<afxFile>::BuildObjects(1, 003fd58c, 003fd584)
 afxClass<afxFile>::ConstructObject(02ef3940)
 afxStream.c:585?AfxAcquireStream(ios=02ef3974,flags=5,start=00000000,len=0)
 afxClass<afxFile>::DismantleObjects(1, 003fd5dc)
 Destructing instance 02ef3940 of afxFile class.
 afxClass<afxFile>::DeallocateObjects(1, 003fd5dc)
 afxShader.c:382?AfxBuildShaders(cnt=1,blueprint=003fdaec,shd=003fdf20)
 afxClass<afxShader>::AllocateObjects(1, 003fdf20, 003fd7e8)
 afxClass<afxShader>::BuildObjects(1, 003fdf20, 003fdaec)
 afxClass<afxShader>::ConstructObject(02efe440)
 afxShader.c:645?_AfxShdCtor(shd=02efe440)
 #version 330 core // QWADRO. Engineered by SIGMA Technology Group.

#define afxInt int
#define afxNat uint

#define afxReal float

#define afxV2d vec2
#define afxV3d vec3
#define afxV4d vec4

#define afxM2d mat2
#define afxM3d mat3
#define afxM4d mat4

        
        layout(location = 0) in vec2 a_xy;

        out block
        {
            vec2 uv0;
        } sgl_v;

        void main()
        {
            gl_Position = vec4(a_xy, 0.0, 1.0);
            sgl_v.uv0 = vec2(gl_Position.xy * 0.5 + 0.5).xy;
        }
       
 sglShader.c:136?_AfxShdCtor(shd=02efe440)
 afxObject<02efe440>::InstallEventFilter(02f04740)
 afxShader.c:535?AfxAcquireShaders(cnt=1,uri=02ef38a0,shd=003fdf20)
 Uploading shader 'data/pipeline/yv12ToRgba.xml?fsSigma'
 afxXml.c:960?AfxLoadXml(uri:data/pipeline/yv12ToRgba.xml)
 afxFile.c:328?AfxOpenFile(00000001,data/pipeline/yv12ToRgba.xml)
 afxClass<afxFile>::AllocateObjects(1, 003fd7a0, 003fd7b0)
 afxClass<afxFile>::BuildObjects(1, 003fd7a0, 003fd798)
 afxClass<afxFile>::ConstructObject(02f04a00)
 afxStream.c:585?AfxAcquireStream(ios=02f04a34,flags=1,start=00000000,len=0)
 afxClass<afxFile>::DismantleObjects(1, 003fd7f0)
 Destructing instance 02f04a00 of afxFile class.
 afxClass<afxFile>::DeallocateObjects(1, 003fd7f0)
 afxFile.c:348?AfxOpenReadableFile(data/pipeline/stdEnv.inc)
 afxClass<afxFile>::AllocateObjects(1, 003fd58c, 003fd59c)
 afxClass<afxFile>::BuildObjects(1, 003fd58c, 003fd584)
 afxClass<afxFile>::ConstructObject(02f04a00)
 afxStream.c:585?AfxAcquireStream(ios=02f04a34,flags=5,start=00000000,len=0)
 afxClass<afxFile>::DismantleObjects(1, 003fd5dc)
 Destructing instance 02f04a00 of afxFile class.
 afxClass<afxFile>::DeallocateObjects(1, 003fd5dc)
 afxShader.c:382?AfxBuildShaders(cnt=1,blueprint=003fdaec,shd=003fdf20)
 afxClass<afxShader>::AllocateObjects(1, 003fdf20, 003fd7e8)
 afxClass<afxShader>::BuildObjects(1, 003fdf20, 003fdaec)
 afxClass<afxShader>::ConstructObject(02f04a00)
 afxShader.c:645?_AfxShdCtor(shd=02f04a00)
 #version 330 core // QWADRO. Engineered by SIGMA Technology Group.

#define afxInt int
#define afxNat uint

#define afxReal float

#define afxV2d vec2
#define afxV3d vec3
#define afxV4d vec4

#define afxM2d mat2
#define afxM3d mat3
#define afxM4d mat4

        
        uniform sampler2D samp0;
        uniform sampler2D samp1;
        uniform sampler2D samp2;
        
        in block
        {
            vec2 uv0;
        } sgl_v;

        out vec4 sgl_rgba;

        void main()
        {
            vec3 yuv;
            yuv.x = texture(samp0, sgl_v.uv0).r;
            yuv.y = texture(samp2, sgl_v.uv0).r - 0.5;
            yuv.z = texture(samp1, sgl_v.uv0).r - 0.5;
            
            vec3 rgb = mat3( 1, 1, 1, 0, -0.34414, 1.772, 1.402, -0.71414, 0) * yuv;
            sgl_rgba = vec4(rgb, 1);
        }
       
 sglShader.c:136?_AfxShdCtor(shd=02f04a00)
 afxObject<02f04a00>::InstallEventFilter(02f04740)
 afxLego.c:202?AfxBuildLegos(dctx=02ea7000)
 ERR afxDrawContext.c:171?AfxGetLegoClass
    
 ERR afxDrawContext.c:171?AfxGetLegoClass
    (var_)
    Invalid
 afxClass<afxLego>::AllocateObjects(1, 02fdff44, 003fdd68)
 afxClass<afxLego>::BuildObjects(1, 02fdff44, 003fe0dc)
 afxClass<afxLego>::ConstructObject(02efe090)
 afxLego.c:259?_AfxLegtCtor(legt=02efe090)
 sglPipeline.c:295?_AfxPipCtor(pip=02f04740)
 afxClass<afxVertexBuffer>::AllocateObjects(1, 01345170, 003ff014)
 afxClass<afxVertexBuffer>::BuildObjects(1, 01345170, 003fefec)
 afxClass<afxVertexBuffer, afxBuffer>ConstructingObject(02ef3810)
 afxClass<afxBuffer>::ConstructObject(02ef3810)
 afxBuffer.c:231?_AfxBufCtor(buf=02ef3810)
 sglBuffer.c:331?_SglBufCtor(buf=02ef3810)
 afxClass<afxVertexBuffer>::ConstructObject(02ef3810)
 afxVertexBuffer.c:431?_AfxVbufCtor(vbuf=02ef3810)
 afxSurface.c:36?AfxAcquireSurface(fmt=1,whd=[688,384,1],usage=16)
 ADV afxTexture.c:53?AfxAcquireTextureBlueprint
    texb->fcc == AFX_FCC_TEXB
 afxClass<afxSurface>::AllocateObjects(1, 003fe398, 003fe3b4)
 afxClass<afxSurface>::BuildObjects(1, 003fe398, 003fe3c0)
 afxClass<afxSurface, afxTexture>ConstructingObject(02f4c930)
 afxClass<afxTexture>::ConstructObject(02f4c930)
 afxTexture.c:1023?_AfxTexCtor(tex=02f4c930)
 sglTexture.c:989?_SglTexCtor(tex=02f4c930)
 afxClass<afxSurface>::ConstructObject(02f4c930)
 afxSurface.c:114?_AfxSurfCtor(surf=02f4c930)
 sglSurface.c:116?_AfxSurfCtor(surf=02f4c930)
 afxSurface.c:36?AfxAcquireSurface(fmt=1,whd=[344,192,1],usage=16)
 ADV afxTexture.c:53?AfxAcquireTextureBlueprint
    texb->fcc == AFX_FCC_TEXB
 afxClass<afxSurface>::AllocateObjects(1, 003fe398, 003fe3b4)
 afxClass<afxSurface>::BuildObjects(1, 003fe398, 003fe3c0)
 afxClass<afxSurface, afxTexture>ConstructingObject(02f4c410)
 afxClass<afxTexture>::ConstructObject(02f4c410)
 afxTexture.c:1023?_AfxTexCtor(tex=02f4c410)
 sglTexture.c:989?_SglTexCtor(tex=02f4c410)
 afxClass<afxSurface>::ConstructObject(02f4c410)
 afxSurface.c:114?_AfxSurfCtor(surf=02f4c410)
 sglSurface.c:116?_AfxSurfCtor(surf=02f4c410)
 afxSurface.c:36?AfxAcquireSurface(fmt=1,whd=[344,192,1],usage=16)
 ADV afxTexture.c:53?AfxAcquireTextureBlueprint
    texb->fcc == AFX_FCC_TEXB
 afxClass<afxSurface>::AllocateObjects(1, 003fe398, 003fe3b4)
 afxClass<afxSurface>::BuildObjects(1, 003fe398, 003fe3c0)
 afxClass<afxSurface, afxTexture>ConstructingObject(02f4c510)
 afxClass<afxTexture>::ConstructObject(02f4c510)
 afxTexture.c:1023?_AfxTexCtor(tex=02f4c510)
 sglTexture.c:989?_SglTexCtor(tex=02f4c510)
 afxClass<afxSurface>::ConstructObject(02f4c510)
 afxSurface.c:114?_AfxSurfCtor(surf=02f4c510)
 sglSurface.c:116?_AfxSurfCtor(surf=02f4c510)
 afxCanvas.c:207?AfxBuildCanvases(dctx=02ea7000,cnt=1,blueprint=003fe900,canv=01345120)
 afxClass<afxCanvas>::AllocateObjects(1, 01345120, 003fe82c)
 afxClass<afxCanvas>::BuildObjects(1, 01345120, 003fe900)
 afxClass<afxCanvas>::ConstructObject(02eeb840)
 afxCanvas.c:264?_AfxCanvCtor(canv=02eeb840)
 afxSurface.c:36?AfxAcquireSurface(fmt=4,whd=[688,384,1],usage=16)
 ADV afxTexture.c:53?AfxAcquireTextureBlueprint
    texb->fcc == AFX_FCC_TEXB
 afxClass<afxSurface>::AllocateObjects(1, 003fde18, 003fde34)
 afxClass<afxSurface>::BuildObjects(1, 003fde18, 003fde40)
 afxClass<afxSurface, afxTexture>ConstructingObject(02f4cc50)
 afxClass<afxTexture>::ConstructObject(02f4cc50)
 afxTexture.c:1023?_AfxTexCtor(tex=02f4cc50)
 sglTexture.c:989?_SglTexCtor(tex=02f4cc50)
 afxClass<afxSurface>::ConstructObject(02f4cc50)
 afxSurface.c:114?_AfxSurfCtor(surf=02f4cc50)
 sglSurface.c:116?_AfxSurfCtor(surf=02f4cc50)
 sglCanvas.c:354?_AfxCanvCtor(canv=02eeb840)
 afxSurface.c:36?AfxAcquireSurface(fmt=1,whd=[688,384,1],usage=16)
 ADV afxTexture.c:53?AfxAcquireTextureBlueprint
    texb->fcc == AFX_FCC_TEXB
 afxClass<afxSurface>::AllocateObjects(1, 003fe398, 003fe3b4)
 afxClass<afxSurface>::BuildObjects(1, 003fe398, 003fe3c0)
 afxClass<afxSurface, afxTexture>ConstructingObject(02f4cd50)
 afxClass<afxTexture>::ConstructObject(02f4cd50)
 afxTexture.c:1023?_AfxTexCtor(tex=02f4cd50)
 sglTexture.c:989?_SglTexCtor(tex=02f4cd50)
 afxClass<afxSurface>::ConstructObject(02f4cd50)
 afxSurface.c:114?_AfxSurfCtor(surf=02f4cd50)
 sglSurface.c:116?_AfxSurfCtor(surf=02f4cd50)
 afxSurface.c:36?AfxAcquireSurface(fmt=1,whd=[344,192,1],usage=16)
 ADV afxTexture.c:53?AfxAcquireTextureBlueprint
    texb->fcc == AFX_FCC_TEXB
 afxClass<afxSurface>::AllocateObjects(1, 003fe398, 003fe3b4)
 afxClass<afxSurface>::BuildObjects(1, 003fe398, 003fe3c0)
 afxClass<afxSurface, afxTexture>ConstructingObject(02f4ce60)
 afxClass<afxTexture>::ConstructObject(02f4ce60)
 afxTexture.c:1023?_AfxTexCtor(tex=02f4ce60)
 sglTexture.c:989?_SglTexCtor(tex=02f4ce60)
 afxClass<afxSurface>::ConstructObject(02f4ce60)
 afxSurface.c:114?_AfxSurfCtor(surf=02f4ce60)
 sglSurface.c:116?_AfxSurfCtor(surf=02f4ce60)
 afxSurface.c:36?AfxAcquireSurface(fmt=1,whd=[344,192,1],usage=16)
 ADV afxTexture.c:53?AfxAcquireTextureBlueprint
    texb->fcc == AFX_FCC_TEXB
 afxClass<afxSurface>::AllocateObjects(1, 003fe398, 003fe3b4)
 afxClass<afxSurface>::BuildObjects(1, 003fe398, 003fe3c0)
 afxClass<afxSurface, afxTexture>ConstructingObject(02f4cf60)
 afxClass<afxTexture>::ConstructObject(02f4cf60)
 afxTexture.c:1023?_AfxTexCtor(tex=02f4cf60)
 sglTexture.c:989?_SglTexCtor(tex=02f4cf60)
 afxClass<afxSurface>::ConstructObject(02f4cf60)
 afxSurface.c:114?_AfxSurfCtor(surf=02f4cf60)
 sglSurface.c:116?_AfxSurfCtor(surf=02f4cf60)
 afxCanvas.c:207?AfxBuildCanvases(dctx=02ea7000,cnt=1,blueprint=003fe900,canv=01345124)
 afxClass<afxCanvas>::AllocateObjects(1, 01345124, 003fe82c)
 afxClass<afxCanvas>::BuildObjects(1, 01345124, 003fe900)
 afxClass<afxCanvas>::ConstructObject(02ef8280)
 afxCanvas.c:264?_AfxCanvCtor(canv=02ef8280)
 afxSurface.c:36?AfxAcquireSurface(fmt=4,whd=[688,384,1],usage=16)
 ADV afxTexture.c:53?AfxAcquireTextureBlueprint
    texb->fcc == AFX_FCC_TEXB
 afxClass<afxSurface>::AllocateObjects(1, 003fde18, 003fde34)
 afxClass<afxSurface>::BuildObjects(1, 003fde18, 003fde40)
 afxClass<afxSurface, afxTexture>ConstructingObject(02f4d280)
 afxClass<afxTexture>::ConstructObject(02f4d280)
 afxTexture.c:1023?_AfxTexCtor(tex=02f4d280)
 sglTexture.c:989?_SglTexCtor(tex=02f4d280)
 afxClass<afxSurface>::ConstructObject(02f4d280)
 afxSurface.c:114?_AfxSurfCtor(surf=02f4d280)
 sglSurface.c:116?_AfxSurfCtor(surf=02f4d280)
 sglCanvas.c:354?_AfxCanvCtor(canv=02ef8280)
 afxDrawScript.c:334?AfxAcquireDrawScript(dctx=02ea7000)
 afxClass<afxDrawScript>::AllocateObjects(1, 003ff0ec, 003ff0fc)
 afxClass<afxDrawScript>::BuildObjects(1, 003ff0ec, 003ff164)
 afxClass<afxDrawScript>::ConstructObject(03037d30)
 afxDrawScript.c:395?_AfxDscrCtor(dscr=03037d30)
 afxArena.c:751?AfxAcquireArena(aren=02ef70f4)
 afxArena.c:752?AfxAcquireArena(spec=00000000,hint="sglDrawScript.c:516!_SglDctxVmtDscrCb")
 sglCanvas.c:56?_SglCanvReinstantiateIdd(canv=02ee1ae0)
 sglTexture.c:756?_SglTexReinstantiateIdd(tex=02f4cb40)
 afxTexture 02f4cb40 hardware-side data instanced.
 afxSurface 02f4cb40 hardware-side data instanced.
 sglTexture.c:756?_SglTexReinstantiateIdd(tex=02f4c620)
 afxTexture 02f4c620 hardware-side data instanced.
 afxSurface 02f4c620 hardware-side data instanced.
 afxCanvas 02ee1ae0 hardware-side data instanced.
 afxCanvas 02ee1ae0 hardware-side data instanced.
 afxShader 02efe440 hardware-side data instanced.
 afxShader 02f04a00 hardware-side data instanced.
 afxPipeline 02f04740 hardware-side data instanced.
 afxBuffer 02ef3810 hardware-side data instanced.
 sglTexture.c:756?_SglTexReinstantiateIdd(tex=02f4c930)
 afxTexture 02f4c930 hardware-side data instanced.
 afxSampler 02ec5e10 hardware-side data instanced.
 sglTexture.c:756?_SglTexReinstantiateIdd(tex=02f4c410)
 afxTexture 02f4c410 hardware-side data instanced.
 sglTexture.c:756?_SglTexReinstantiateIdd(tex=02f4c510)
 afxTexture 02f4c510 hardware-side data instanced.
 afxShader 02e5f740 hardware-side data instanced.
 afxShader 02ee1830 hardware-side data instanced.
 afxPipeline 02ee0890 hardware-side data instanced.
 afxBuffer 02f3a9f0 hardware-side data instanced.
 afxSampler 010afe60 hardware-side data instanced.
 sglCanvas.c:56?_SglCanvReinstantiateIdd(canv=02ec5b70)
 sglTexture.c:756?_SglTexReinstantiateIdd(tex=02f4ca40)
 afxTexture 02f4ca40 hardware-side data instanced.
 afxSurface 02f4ca40 hardware-side data instanced.
 sglTexture.c:756?_SglTexReinstantiateIdd(tex=02f4c720)
 afxTexture 02f4c720 hardware-side data instanced.
 afxSurface 02f4c720 hardware-side data instanced.
 afxCanvas 02ec5b70 hardware-side data instanced.
 afxCanvas 02ec5b70 hardware-side data instanced.
 sglTexture.c:756?_SglTexReinstantiateIdd(tex=02f4cd50)
 afxTexture 02f4cd50 hardware-side data instanced.
 sglTexture.c:756?_SglTexReinstantiateIdd(tex=02f4ce60)
 afxTexture 02f4ce60 hardware-side data instanced.
 sglTexture.c:756?_SglTexReinstantiateIdd(tex=02f4cf60)
 afxTexture 02f4cf60 hardware-side data instanced.
 ADV afxSystem.c:652?AfxProcessSystem
    User input requested application break.
 afxApplication.c:293?AfxApplicationExit(app=02ee2960)
 mmplayer.c:214?AfxLeaveApplication(app=02ee2960)
 aaaaaaaaaaaa
 afxClass<afxDrawInput>::DismantleObjects(1, 003ff4c4)
 Destructing instance 02ec5c30 of afxDrawInput class.
 afxDrawInput.c:251?_AfxDinDtor(din=02ec5c30)
 afxClass<afxDrawInput>::DeallocateObjects(1, 003ff4c4)
 afxClass<afxCanvas>::DismantleObjects(1, 003ff44c)
 Destructing instance 02eeb840 of afxCanvas class.
 afxCanvas.c:241?_AfxCanvDtor(canv=02eeb840)
 afxCanvas.c:60?_AfxCanvDropAllSurfaces(canv=02eeb840)
 afxClass<afxSurface>::DismantleObjects(1, 003ff080)
 Destructing instance 02f4cc50 of afxSurface class.
 afxSurface.c:81?_AfxSurfDtor(surf=02f4cc50)
 sglSurface.c:86?_AfxSurfDtor(surf=02f4cc50)
 Destructing instance 02f4cc50 of afxSurface : afxTexture class.
 Destructing instance 02f4cc50 of afxTexture class.
 afxTexture.c:999?_AfxTexDtor(tex=02f4cc50)
 sglTexture.c:956?_SglTexDtor(img=02f4cc50)
 afxClass<afxSurface>::DeallocateObjects(1, 003ff080)
 sglCanvas.c:319?_AfxCanvDtor(canv=02eeb840)
 sglCanvas.c:296?_AfxCanvDropAllSurfaces(canv=02eeb840)
 afxClass<afxCanvas>::DeallocateObjects(1, 003ff44c)
 afxClass<afxSurface>::DismantleObjects(1, 003ff44c)
 Destructing instance 02f4c930 of afxSurface class.
 afxSurface.c:81?_AfxSurfDtor(surf=02f4c930)
 sglSurface.c:86?_AfxSurfDtor(surf=02f4c930)
 Destructing instance 02f4c930 of afxSurface : afxTexture class.
 Destructing instance 02f4c930 of afxTexture class.
 afxTexture.c:999?_AfxTexDtor(tex=02f4c930)
 sglTexture.c:956?_SglTexDtor(img=02f4c930)
 sglDrawContext.c:35?_SglEnqueueGlResourceDeletion(dctx=02ea7000)
 afxClass<afxSurface>::DeallocateObjects(1, 003ff44c)
 afxClass<afxSurface>::DismantleObjects(1, 003ff44c)
 Destructing instance 02f4c410 of afxSurface class.
 afxSurface.c:81?_AfxSurfDtor(surf=02f4c410)
 sglSurface.c:86?_AfxSurfDtor(surf=02f4c410)
 Destructing instance 02f4c410 of afxSurface : afxTexture class.
 Destructing instance 02f4c410 of afxTexture class.
 afxTexture.c:999?_AfxTexDtor(tex=02f4c410)
 sglTexture.c:956?_SglTexDtor(img=02f4c410)
 sglDrawContext.c:35?_SglEnqueueGlResourceDeletion(dctx=02ea7000)
 afxClass<afxSurface>::DeallocateObjects(1, 003ff44c)
 afxClass<afxSurface>::DismantleObjects(1, 003ff44c)
 Destructing instance 02f4c510 of afxSurface class.
 afxSurface.c:81?_AfxSurfDtor(surf=02f4c510)
 sglSurface.c:86?_AfxSurfDtor(surf=02f4c510)
 Destructing instance 02f4c510 of afxSurface : afxTexture class.
 Destructing instance 02f4c510 of afxTexture class.
 afxTexture.c:999?_AfxTexDtor(tex=02f4c510)
 sglTexture.c:956?_SglTexDtor(img=02f4c510)
 sglDrawContext.c:35?_SglEnqueueGlResourceDeletion(dctx=02ea7000)
 afxClass<afxSurface>::DeallocateObjects(1, 003ff44c)
 afxClass<afxCanvas>::DismantleObjects(1, 003ff44c)
 Destructing instance 02ef8280 of afxCanvas class.
 afxCanvas.c:241?_AfxCanvDtor(canv=02ef8280)
 afxCanvas.c:60?_AfxCanvDropAllSurfaces(canv=02ef8280)
 afxClass<afxSurface>::DismantleObjects(1, 003ff080)
 Destructing instance 02f4d280 of afxSurface class.
 afxSurface.c:81?_AfxSurfDtor(surf=02f4d280)
 sglSurface.c:86?_AfxSurfDtor(surf=02f4d280)
 Destructing instance 02f4d280 of afxSurface : afxTexture class.
 Destructing instance 02f4d280 of afxTexture class.
 afxTexture.c:999?_AfxTexDtor(tex=02f4d280)
 sglTexture.c:956?_SglTexDtor(img=02f4d280)
 afxClass<afxSurface>::DeallocateObjects(1, 003ff080)
 sglCanvas.c:319?_AfxCanvDtor(canv=02ef8280)
 sglCanvas.c:296?_AfxCanvDropAllSurfaces(canv=02ef8280)
 afxClass<afxCanvas>::DeallocateObjects(1, 003ff44c)
 afxClass<afxSurface>::DismantleObjects(1, 003ff44c)
 Destructing instance 02f4cd50 of afxSurface class.
 afxSurface.c:81?_AfxSurfDtor(surf=02f4cd50)
 sglSurface.c:86?_AfxSurfDtor(surf=02f4cd50)
 Destructing instance 02f4cd50 of afxSurface : afxTexture class.
 Destructing instance 02f4cd50 of afxTexture class.
 afxTexture.c:999?_AfxTexDtor(tex=02f4cd50)
 sglTexture.c:956?_SglTexDtor(img=02f4cd50)
 sglDrawContext.c:35?_SglEnqueueGlResourceDeletion(dctx=02ea7000)
 afxClass<afxSurface>::DeallocateObjects(1, 003ff44c)
 afxClass<afxSurface>::DismantleObjects(1, 003ff44c)
 Destructing instance 02f4ce60 of afxSurface class.
 afxSurface.c:81?_AfxSurfDtor(surf=02f4ce60)
 sglSurface.c:86?_AfxSurfDtor(surf=02f4ce60)
 Destructing instance 02f4ce60 of afxSurface : afxTexture class.
 Destructing instance 02f4ce60 of afxTexture class.
 afxTexture.c:999?_AfxTexDtor(tex=02f4ce60)
 sglTexture.c:956?_SglTexDtor(img=02f4ce60)
 sglDrawContext.c:35?_SglEnqueueGlResourceDeletion(dctx=02ea7000)
 afxClass<afxSurface>::DeallocateObjects(1, 003ff44c)
 afxClass<afxSurface>::DismantleObjects(1, 003ff44c)
 Destructing instance 02f4cf60 of afxSurface class.
 afxSurface.c:81?_AfxSurfDtor(surf=02f4cf60)
 sglSurface.c:86?_AfxSurfDtor(surf=02f4cf60)
 Destructing instance 02f4cf60 of afxSurface : afxTexture class.
 Destructing instance 02f4cf60 of afxTexture class.
 afxTexture.c:999?_AfxTexDtor(tex=02f4cf60)
 sglTexture.c:956?_SglTexDtor(img=02f4cf60)
 sglDrawContext.c:35?_SglEnqueueGlResourceDeletion(dctx=02ea7000)
 afxClass<afxSurface>::DeallocateObjects(1, 003ff44c)
 afxClass<afxModule>::DismantleObjects(1, 003ff4ac)
 Destructing instance 008b9b70 of afxModule class.
 afxModule.c:107?_AfxMdleDtor(mdle=008b9b70)
 afxClass<afxModule>::DeallocateObjects(1, 003ff4ac)
 afxClass<afxSampler>::DismantleObjects(1, 003ff4ac)
 Destructing instance 02ec5e10 of afxSampler class.
 afxSampler.c:78?_AfxSampDtor(samp=02ec5e10)
 sglSampler.c:119?_AfxSmpDtor(smp=02ec5e10)
 sglDrawContext.c:35?_SglEnqueueGlResourceDeletion(dctx=02ea7000)
 afxClass<afxSampler>::DeallocateObjects(1, 003ff4ac)
 afxClass<afxDrawOperation>::DismantleObjects(1, 003ff4ac)
 Destructing instance 02ef5a30 of afxDrawOperation class.
 afxDrawOperation.c:629?_AfxDopDtor(dop=02ef5a30)
 afxClass<afxPipeline>::DismantleObjects(1, 003ff12c)
 afxObject<02f04a00>::RemoveEventFilter(02f04740)
 afxObject<02efe440>::RemoveEventFilter(02f04740)
 Destructing instance 02f04740 of afxPipeline class.
 afxPipeline.c:397?_AfxPipDtor(pip=02f04740)
 afxClass<afxLego>::DismantleObjects(1, 003fedbc)
 Destructing instance 02efe090 of afxLego class.
 afxLego.c:234?_AfxLegtDtor(legt=02efe090)
 afxClass<afxLego>::DeallocateObjects(1, 003fedbc)
 afxClass<afxPipeline>::DeallocateObjects(1, 003ff12c)
 afxClass<afxDrawOperation>::DeallocateObjects(1, 003ff4ac)
 afxClass<afxVertexBuffer>::DismantleObjects(1, 003ff4ac)
 Destructing instance 02ef3810 of afxVertexBuffer class.
 afxVertexBuffer.c:409?_AfxVbufDtor(vbuf=02ef3810)
 Destructing instance 02ef3810 of afxVertexBuffer : afxBuffer class.
 Destructing instance 02ef3810 of afxBuffer class.
 afxBuffer.c:216?_AfxBufDtor(buf=02ef3810)
 afxClass<afxVertexBuffer>::DeallocateObjects(1, 003ff4ac)
 afxClass<afxApplication>::DismantleObjects(1, 003ff578)
 Destructing instance 02ee2960 of afxApplication class.
 afxApplication.c:404?_AfxAppDtor(app=02ee2960)
 afxClass<afxSimulation>::Dismount(02ee2af8)
 afxClass<afxWidget>::Dismount(02ee2a38)
 afxClass<afxDrawInput>::DismantleObjects(1, 003ff24c)
 Destructing instance 02f2e260 of afxDrawInput class.
 afxDrawInput.c:251?_AfxDinDtor(din=02f2e260)
 afxClass<afxDrawInput>::DeallocateObjects(1, 003ff24c)
 afxClass<afxMouse>::DismantleObjects(1, 003ff24c)
 Destructing instance 02f358d0 of afxMouse class.
 afxMouse.c:286?_AfxMseDtor(mse=02f358d0)
 Destructing instance 02f358d0 of afxMouse : afxHid class.
 Destructing instance 02f358d0 of afxHid class.
 afxHid.c:57?_AfxHidDtor(hid=02f358d0)
 afxClass<afxMouse>::DeallocateObjects(1, 003ff24c)
 afxClass<afxApplication>::DeallocateObjects(1, 003ff578)
 afxClass<afxDrawContext>::DismantleObjects(1, 003ff578)
 Destructing instance 02ea7000 of afxDrawContext class.
 afxDrawContext.c:559?_AfxDctxDtor(dctx=02ea7000)
 afxDrawOutput.c:303?AfxRegenerateDrawOuputBuffers(dout=02ee30e0)
 afxClass<afxDrawQueue>::Dismount(02ea7054)
 afxClass<afxDrawQueue>::DismantleObjects(1, 003ff124)
 Destructing instance 008bcf20 of afxDrawQueue class.
 afxDrawQueue.c:333?_AfxDqueDtor(dque=008bcf20)
 sglDrawQueue.c:1684?_SglDqueVmtDtorCb(dque=008bcf20)
 afxClass<afxDrawQueue>::DeallocateObjects(1, 003ff124)
 afxClass<afxDrawScript>::Dismount(02ea7114)
 afxClass<afxDrawScript>::DismantleObjects(1, 003ff124)
 Destructing instance 03037d30 of afxDrawScript class.
 afxDrawScript.c:363?_AfxDscrDtor(dscr=03037d30)
 afxArena.c:742?AfxReleaseArena(aren=02ef70f4)
 afxClass<afxDrawScript>::DeallocateObjects(1, 003ff124)
 afxClass<afxLego>::Dismount(02ea7354)
 afxClass<afxLego>::DismantleObjects(1, 003ff124)
 Destructing instance 02ea9690 of afxLego class.
 afxLego.c:234?_AfxLegtDtor(legt=02ea9690)
 afxClass<afxLego>::DeallocateObjects(1, 003ff124)
 afxClass<afxLego>::DismantleObjects(1, 003ff124)
 Destructing instance 02e5f6b0 of afxLego class.
 afxLego.c:234?_AfxLegtDtor(legt=02e5f6b0)
 afxClass<afxLego>::DeallocateObjects(1, 003ff124)
 afxClass<afxDrawOperation>::Dismount(02ea7414)
 afxClass<afxDrawOperation>::DismantleObjects(1, 003ff124)
 Destructing instance 01099fe0 of afxDrawOperation class.
 afxDrawOperation.c:629?_AfxDopDtor(dop=01099fe0)
 afxClass<afxPipeline>::DismantleObjects(1, 003feda4)
 afxObject<02ea6c50>::RemoveEventFilter(02eb3310)
 afxObject<008b9c10>::RemoveEventFilter(02eb3310)
 Destructing instance 02eb3310 of afxPipeline class.
 afxPipeline.c:397?_AfxPipDtor(pip=02eb3310)
 ERR afxObject.c:606?AfxReleaseObject
    
 ERR afxObject.c:606?AfxReleaseObject
    (obj)
    Invalid
 afxClass<afxPipeline>::DeallocateObjects(1, 003feda4)
 afxClass<afxPipeline>::DismantleObjects(1, 003feda4)
 afxObject<02ee1830>::RemoveEventFilter(02ee0890)
 afxObject<02e5f740>::RemoveEventFilter(02ee0890)
 Destructing instance 02ee0890 of afxPipeline class.
 afxPipeline.c:397?_AfxPipDtor(pip=02ee0890)
 ERR afxObject.c:606?AfxReleaseObject
    
 ERR afxObject.c:606?AfxReleaseObject
    (obj)
    Invalid
 afxClass<afxPipeline>::DeallocateObjects(1, 003feda4)
 afxClass<afxDrawOperation>::DeallocateObjects(1, 003ff124)
 afxClass<afxPipeline>::Dismount(02ea7294)
 afxClass<afxCanvas>::Dismount(02ea71d4)
 afxClass<afxCanvas>::DismantleObjects(1, 003ff124)
 Destructing instance 02ec5b70 of afxCanvas class.
 afxCanvas.c:241?_AfxCanvDtor(canv=02ec5b70)
 afxCanvas.c:60?_AfxCanvDropAllSurfaces(canv=02ec5b70)
 afxClass<afxSurface>::DismantleObjects(1, 003fed58)
 Destructing instance 02f4ca40 of afxSurface class.
 afxSurface.c:81?_AfxSurfDtor(surf=02f4ca40)
 sglSurface.c:86?_AfxSurfDtor(surf=02f4ca40)
 sglDrawContext.c:35?_SglEnqueueGlResourceDeletion(dctx=02ea7000)
 Destructing instance 02f4ca40 of afxSurface : afxTexture class.
 Destructing instance 02f4ca40 of afxTexture class.
 afxTexture.c:999?_AfxTexDtor(tex=02f4ca40)
 sglTexture.c:956?_SglTexDtor(img=02f4ca40)
 sglDrawContext.c:35?_SglEnqueueGlResourceDeletion(dctx=02ea7000)
 afxClass<afxSurface>::DeallocateObjects(1, 003fed58)
 afxClass<afxSurface>::DismantleObjects(1, 003fed58)
 Destructing instance 02f4c720 of afxSurface class.
 afxSurface.c:81?_AfxSurfDtor(surf=02f4c720)
 sglSurface.c:86?_AfxSurfDtor(surf=02f4c720)
 sglDrawContext.c:35?_SglEnqueueGlResourceDeletion(dctx=02ea7000)
 Destructing instance 02f4c720 of afxSurface : afxTexture class.
 Destructing instance 02f4c720 of afxTexture class.
 afxTexture.c:999?_AfxTexDtor(tex=02f4c720)
 sglTexture.c:956?_SglTexDtor(img=02f4c720)
 sglDrawContext.c:35?_SglEnqueueGlResourceDeletion(dctx=02ea7000)
 afxClass<afxSurface>::DeallocateObjects(1, 003fed58)
 sglCanvas.c:319?_AfxCanvDtor(canv=02ec5b70)
 sglCanvas.c:296?_AfxCanvDropAllSurfaces(canv=02ec5b70)
 sglDrawContext.c:35?_SglEnqueueGlResourceDeletion(dctx=02ea7000)
 afxClass<afxCanvas>::DeallocateObjects(1, 003ff124)
 afxClass<afxCanvas>::DismantleObjects(1, 003ff124)
 Destructing instance 02ee1ae0 of afxCanvas class.
 afxCanvas.c:241?_AfxCanvDtor(canv=02ee1ae0)
 afxCanvas.c:60?_AfxCanvDropAllSurfaces(canv=02ee1ae0)
 afxClass<afxSurface>::DismantleObjects(1, 003fed58)
 Destructing instance 02f4cb40 of afxSurface class.
 afxSurface.c:81?_AfxSurfDtor(surf=02f4cb40)
 sglSurface.c:86?_AfxSurfDtor(surf=02f4cb40)
 sglDrawContext.c:35?_SglEnqueueGlResourceDeletion(dctx=02ea7000)
 Destructing instance 02f4cb40 of afxSurface : afxTexture class.
 Destructing instance 02f4cb40 of afxTexture class.
 afxTexture.c:999?_AfxTexDtor(tex=02f4cb40)
 sglTexture.c:956?_SglTexDtor(img=02f4cb40)
 sglDrawContext.c:35?_SglEnqueueGlResourceDeletion(dctx=02ea7000)
 afxClass<afxSurface>::DeallocateObjects(1, 003fed58)
 afxClass<afxSurface>::DismantleObjects(1, 003fed58)
 Destructing instance 02f4c620 of afxSurface class.
 afxSurface.c:81?_AfxSurfDtor(surf=02f4c620)
 sglSurface.c:86?_AfxSurfDtor(surf=02f4c620)
 sglDrawContext.c:35?_SglEnqueueGlResourceDeletion(dctx=02ea7000)
 Destructing instance 02f4c620 of afxSurface : afxTexture class.
 Destructing instance 02f4c620 of afxTexture class.
 afxTexture.c:999?_AfxTexDtor(tex=02f4c620)
 sglTexture.c:956?_SglTexDtor(img=02f4c620)
 sglDrawContext.c:35?_SglEnqueueGlResourceDeletion(dctx=02ea7000)
 afxClass<afxSurface>::DeallocateObjects(1, 003fed58)
 sglCanvas.c:319?_AfxCanvDtor(canv=02ee1ae0)
 sglCanvas.c:296?_AfxCanvDropAllSurfaces(canv=02ee1ae0)
 sglDrawContext.c:35?_SglEnqueueGlResourceDeletion(dctx=02ea7000)
 afxClass<afxCanvas>::DeallocateObjects(1, 003ff124)
 afxClass<afxShader>::Dismount(02ea7954)
 afxClass<afxShader>::DismantleObjects(1, 003ff124)
 Destructing instance 02f04a00 of afxShader class.
 sglDrawContext.c:35?_SglEnqueueGlResourceDeletion(dctx=02ea7000)
 afxClass<afxShader>::DeallocateObjects(1, 003ff124)
 afxClass<afxShader>::DismantleObjects(1, 003ff124)
 Destructing instance 02efe440 of afxShader class.
 sglDrawContext.c:35?_SglEnqueueGlResourceDeletion(dctx=02ea7000)
 afxClass<afxShader>::DeallocateObjects(1, 003ff124)
 afxClass<afxShader>::DismantleObjects(1, 003ff124)
 Destructing instance 02ee1830 of afxShader class.
 sglDrawContext.c:35?_SglEnqueueGlResourceDeletion(dctx=02ea7000)
 afxClass<afxShader>::DeallocateObjects(1, 003ff124)
 afxClass<afxShader>::DismantleObjects(1, 003ff124)
 Destructing instance 02e5f740 of afxShader class.
 sglDrawContext.c:35?_SglEnqueueGlResourceDeletion(dctx=02ea7000)
 afxClass<afxShader>::DeallocateObjects(1, 003ff124)
 afxClass<afxShader>::DismantleObjects(1, 003ff124)
 Destructing instance 02ea6c50 of afxShader class.
 afxClass<afxShader>::DeallocateObjects(1, 003ff124)
 afxClass<afxShader>::DismantleObjects(1, 003ff124)
 Destructing instance 008b9c10 of afxShader class.
 afxClass<afxShader>::DeallocateObjects(1, 003ff124)
 afxClass<afxSurface>::Dismount(02ea7894)
 afxClass<afxTexture>::Dismount(02ea77d4)
 afxClass<afxSampler>::Dismount(02ea7714)
 afxClass<afxSampler>::DismantleObjects(1, 003ff124)
 Destructing instance 010afe60 of afxSampler class.
 afxSampler.c:78?_AfxSampDtor(samp=010afe60)
 sglSampler.c:119?_AfxSmpDtor(smp=010afe60)
 sglDrawContext.c:35?_SglEnqueueGlResourceDeletion(dctx=02ea7000)
 afxClass<afxSampler>::DeallocateObjects(1, 003ff124)
 afxClass<afxIndexBuffer>::Dismount(02ea7654)
 afxClass<afxVertexBuffer>::Dismount(02ea7594)
 afxClass<afxVertexBuffer>::DismantleObjects(1, 003ff124)
 Destructing instance 02f3a9f0 of afxVertexBuffer class.
 afxVertexBuffer.c:409?_AfxVbufDtor(vbuf=02f3a9f0)
 Destructing instance 02f3a9f0 of afxVertexBuffer : afxBuffer class.
 Destructing instance 02f3a9f0 of afxBuffer class.
 afxBuffer.c:216?_AfxBufDtor(buf=02f3a9f0)
 afxClass<afxVertexBuffer>::DeallocateObjects(1, 003ff124)
 afxClass<afxBuffer>::Dismount(02ea74d4)
 ERR afxObject.c:606?AfxReleaseObject
    
 ERR afxObject.c:606?AfxReleaseObject
    (obj)
    Invalid
 afxArena.c:742?AfxReleaseArena(aren=02ea7a18)
 afxClass<afxDrawContext>::DeallocateObjects(1, 003ff578)
 afxClass<afxDrawSystem>::DismantleObjects(1, 003ff550)
 Destructing instance 007f4f10 of afxDrawSystem class.
 afxDrawSystem.c:340?_AfxDsysDtor(dsys=007f4f10)
 afxClass<afxDrawDriver>::Dismount(007f4f58)
 afxClass<afxDrawDriver>::DismantleObjects(1, 003ff0dc)
 Destructing instance 007f6890 of afxDrawDriver class.
 afxDrawDriver.c:186?_AfxDdrvDtor(ddrv=007f6890)
 afxClass<afxDrawInput>::Dismount(007f6b20)
 afxClass<afxDrawOutput>::Dismount(007f6a60)
 afxClass<afxDrawOutput>::DismantleObjects(1, 003fec68)
 Destructing instance 02ee30e0 of afxDrawOutput class.
 afxDrawOutput.c:481?_AfxDoutDtor(dout=02ee30e0)
 afxDrawOutput.c:303?AfxRegenerateDrawOuputBuffers(dout=02ee30e0)
 afxDrawOutput.c:86?_AfxDoutFreeAllBuffers(dout=02ee30e0)
 sglDrawOutput.c:162?_SglDoutVmtDtorCb(dout=02ee30e0)
 afxClass<afxDrawOutput>::DeallocateObjects(1, 003fec68)
 afxClass<afxDrawContext>::Dismount(007f69a0)
 afxClass<afxDrawThread>::Dismount(007f68e0)
 afxClass<afxDrawThread>::DismantleObjects(1, 003fec68)
 Destructing instance 007fb780 of afxDrawThread class.
 afxDrawThread.c:58?_AfxDthrDtor(dthr=007fb780)
 sglDrawThread.c:177?_SglDthrVmtDtorCb(dthr=007fb780)
 afxClass<afxDrawThread>::DeallocateObjects(1, 003fec68)
 afxClass<afxDrawDriver>::DeallocateObjects(1, 003ff0dc)
 afxClass<afxDrawSystem>::DeallocateObjects(1, 003ff550)
 afxClass<afxSystem>::DismantleObjects(1, 003ff54c)
 Destructing instance 007ef0f0 of afxSystem class.
 afxSystem.c:870?_AfxSysDtor(sys=007ef0f0)
 afxClass<afxApplication>::Dismount(007ef73c)
 afxClass<afxDrawSystem>::Dismount(007ef67c)
 afxClass<afxMouse>::Dismount(007ef5bc)
 afxClass<afxKeyboard>::Dismount(007ef4fc)
 afxClass<afxKeyboard>::DismantleObjects(1, 003ff104)
 Destructing instance 007f4680 of afxKeyboard class.
 afxKeyboard.c:202?_AfxKbdDtor(kbd=007f4680)
 Destructing instance 007f4680 of afxKeyboard : afxHid class.
 Destructing instance 007f4680 of afxHid class.
 afxHid.c:57?_AfxHidDtor(hid=007f4680)
 afxClass<afxKeyboard>::DeallocateObjects(1, 003ff104)
 afxClass<afxHid>::Dismount(007ef43c)
 afxClass<afxModule>::Dismount(007ef37c)
 afxClass<afxModule>::DismantleObjects(1, 003ff104)
 Destructing instance 01071ba0 of afxModule class.
 afxModule.c:107?_AfxMdleDtor(mdle=01071ba0)
 afxClass<afxModule>::DeallocateObjects(1, 003ff104)
 afxClass<afxModule>::DismantleObjects(1, 003ff104)
 Destructing instance 007f51a0 of afxModule class.
 afxModule.c:107?_AfxMdleDtor(mdle=007f51a0)
 afxClass<afxModule>::DeallocateObjects(1, 003ff104)
 afxClass<afxModule>::DismantleObjects(1, 003ff104)
 Destructing instance 007f4550 of afxModule class.
 afxModule.c:107?_AfxMdleDtor(mdle=007f4550)
 afxClass<afxModule>::DeallocateObjects(1, 003ff104)
 afxClass<afxIoSystem>::Dismount(007ef2bc)
 afxClass<afxIoSystem>::DismantleObjects(1, 003ff104)
 Destructing instance 007efe90 of afxIoSystem class.
 afxIoSystem.c:650?_AfxIoDtor(io=007efe90)
 afxIoSystem.c:336?AfxDismountStoragePoints(007efe90,1,003fedb4)
 Point "art" 5 unmounted -> "E:/qwadro/afx/art".
 afxIoSystem.c:336?AfxDismountStoragePoints(007efe90,1,003fedb4)
 Point "data" 5 unmounted -> "E:/qwadro/afx/data".
 afxIoSystem.c:336?AfxDismountStoragePoints(007efe90,1,003fedb4)
 Point "tmp" 7 unmounted -> "E:/qwadro/afx/tmp".
 afxIoSystem.c:336?AfxDismountStoragePoints(007efe90,1,003fedb4)
 Point "sound" 5 unmounted -> "E:/qwadro/afx/sound".
 afxIoSystem.c:336?AfxDismountStoragePoints(007efe90,1,003fedb4)
 Point "system" 5 unmounted -> "E:/qwadro/afx/system32".
 afxIoSystem.c:336?AfxDismountStoragePoints(007efe90,1,003fedb4)
 Point "." 5 unmounted -> "E:/qwadro/afx".
 afxClass<afxUrd>::Dismount(007f00b4)
 afxClass<afxResource>::Dismount(007f0174)
 afxClass<afxArchive>::Dismount(007efff4)
 afxClass<afxFile>::Dismount(007eff34)
 afxArena.c:742?AfxReleaseArena(aren=007efedc)
 afxClass<afxIoSystem>::DeallocateObjects(1, 003ff104)
 afxClass<afxThread>::Dismount(007ef1fc)
 afxClass<afxMemory>::Dismount(007ef13c)
 afxClass<afxMemory>::DismantleObjects(1, 003ff104)
 Destructing instance 007ef8b0 of afxMemory class.
 afxMemory.c:166?_AfxMemDtor(mem=007ef8b0)
 afxClass<afxMemory>::DeallocateObjects(1, 003ff104)
 afxClass<afxSystem>::DeallocateObjects(1, 003ff54c)
 afxDebug.c:457?AfxDetachDebugger()
 afxDebug.c:340?AfxDetachDebugTerminal()