
 afxDebug.c:370?AfxAttachDebugTerminal()
      ::::::::  :::       :::     :::     :::::::::  :::::::::   ::::::::      
     :+:    :+: :+:       :+:   :+: :+:   :+:    :+: :+:    :+: :+:    :+:     
     +:+    +:+ +:+       +:+  +:+   +:+  +:+    +:+ +:+    +:+ +:+    +:+     
     +#+    +:+ +#+  +:+  +#+ +#++:++#++: +#+    +:+ +#++:++#:  +#+    +:+     
     +#+  # +#+ +#+ +#+#+ +#+ +#+     +#+ +#+    +#+ +#+    +#+ +#+    +#+     
     #+#   +#+   #+#+# #+#+#  #+#     #+# #+#    #+# #+#    #+# #+#    #+#     
      ###### ###  ###   ###   ###     ### #########  ###    ###  ########      
                                                                               
                  S I G M A   T E C H N O L O G Y   G R O U P                  
                                                                               
                               Public Test Build                               
                           (c) 2017 Federacao SIGMA                            
                                www.sigmaco.org                                
                                                                               
 afxClass<afxSystem>::Mount(77a80c10, 00000000, 00000000, 77a5e664)
 afxClass<afxSystem>::AllocateObjects(1, 0035eea8, 0035eeb8)
 afxClass<afxSystem>::BuildObjects(1, 0035eea8, 00000000)
 afxClass<afxSystem>::ConstructObject(0056f0f0)
 afxSystem.c:893?_AfxSysCtor(sys=0056f0f0)
 ADV afxSystem.c:916?_AfxSysCtor
    Memoy page size: 4096
 ADV afxSystem.c:917?_AfxSysCtor
    Logical processor count: 2
 afxClass<afxMemory>::Mount(0056f13c, 0056f124, 00000000, 77a629d0)
 afxMemory.c:128?AfxAcquireMemory(strategy=0035dfc0,hint="afxSystem.c:933!_AfxSysCtor")
 afxClass<afxMemory>::AllocateObjects(1, 0035de80, 0035de90)
 afxClass<afxMemory>::BuildObjects(1, 0035de80, 0035de78)
 afxClass<afxMemory>::ConstructObject(0056f8b0)
 afxMemory.c:182?_AfxMemCtor(mem=0056f8b0)
 afxClass<afxThread>::Mount(0056f1fc, 0056f124, 00000000, 77a5ed10)
 afxClass<afxIoSystem>::Mount(0056f2bc, 0056f124, 00000000, 77a60438)
 afxClass<afxIoSystem>::AllocateObjects(1, 0035de64, 0035de74)
 afxClass<afxIoSystem>::BuildObjects(1, 0035de64, 0035df8c)
 afxClass<afxIoSystem>::ConstructObject(0056fe90)
 afxIoSystem.c:683?_AfxIoCtor(io=0056fe90)
 afxArena.c:751?AfxAcquireArena(aren=0056fedc)
 afxArena.c:752?AfxAcquireArena(spec=00000000,hint="afxIoSystem.c:699!_AfxIoCtor")
 ERR afxIoSystem.c:702?_AfxIoCtor
    
 afxArena.c:742?AfxReleaseArena(aren=0056fedc)
 ERR afxClass.c:529?_AfxClsRunSubsetCtor
    
 ERR afxClass.c:569?AfxClassBuildObjects
    
 ERR afxClass.c:715?AfxClassAcquireObjects
    
 ERR afxIoSystem.c:612?AfxBootUpIoSystem
    
 afxClass<afxModule>::Mount(0056f37c, 0056f124, 00000000, 77a5cf4c)
 afxModule.c:62?AfxAcquireModule(uri=system/e2coree.dll)
 afxClass<afxModule>::AllocateObjects(1, 0035de34, 0035de68)
 afxClass<afxModule>::BuildObjects(1, 0035de34, 0035e0a4)
 afxClass<afxModule>::ConstructObject(00543760)
 afxModule.c:130?_AfxMdleCtor(uri:system/e2coree.dll)
 ERR afxObject.c:313?AfxObjectAssert
    
 ERR afxObject.c:313?AfxObjectAssert
    (obj)
    Invalid
 ERR afxObject.c:191?AfxObjectTestFcc
    
 ERR afxObject.c:191?AfxObjectTestFcc
    (obj)
    Invalid
 ERR afxObject.c:238?AfxObjectGetClass
    
 ERR afxObject.c:238?AfxObjectGetClass
    (obj)
    Invalid