
 afxDebug.c:386?AfxAttachDebugTerminal()
      ::::::::  :::       :::     :::     :::::::::  :::::::::   ::::::::      
     :+:    :+: :+:       :+:   :+: :+:   :+:    :+: :+:    :+: :+:    :+:     
     +:+    +:+ +:+       +:+  +:+   +:+  +:+    +:+ +:+    +:+ +:+    +:+     
     +#+    +:+ +#+  +:+  +#+ +#++:++#++: +#+    +:+ +#++:++#:  +#+    +:+     
     +#+  # +#+ +#+ +#+#+ +#+ +#+     +#+ +#+    +#+ +#+    +#+ +#+    +#+     
     #+#   +#+   #+#+# #+#+#  #+#     #+# #+#    #+# #+#    #+# #+#    #+#     
      ###### ###  ###   ###   ###     ### #########  ###    ###  ########      
                                                                               
                  S I G M A   T E C H N O L O G Y   G R O U P                  
                                                                               
                               Public Test Build                               
                           (c) 2017 Federacao SIGMA                            
                                www.sigmaco.org                                
                                                                               
 afxClass<afxSystem>::Mount(77e01c10, 00000000, 00000000, 77de0294)
 afxClass<afxSystem>::AllocateObjects(1, 002cee54, 002cee64)
 afxClass<afxSystem>::BuildObjects(1, 002cee54, 00000000)
 afxClass<afxSystem>::ConstructObject(006df0f0)
 afxSystem.c:840?_AfxSysCtor(sys=006df0f0)
 ADV afxSystem.c:860?_AfxSysCtor
    Memoy page size: 4096
 ADV afxSystem.c:861?_AfxSysCtor
    Logical processor count: 2
 afxClass<afxMemory>::Mount(006df13c, 006df124, 00000000, 77de4a48)
 afxMemory.c:144?AfxAcquireMemory(strategy=002cdf5c,hint="afxSystem.c:882!_AfxSysCtor")
 afxClass<afxMemory>::AllocateObjects(1, 002cddf8, 002cde08)
 afxClass<afxMemory>::BuildObjects(1, 002cddf8, 002cddf0)
 afxClass<afxMemory>::ConstructObject(006df950)
 afxMemory.c:198?_AfxMemCtor(mem=006df950)
 afxClass<afxThread>::Mount(006df1fc, 006df124, 00000000, 77de0900)
 afxClass<afxIoSystem>::Mount(006df2bc, 006df124, 00000000, 77de2048)
 afxClass<afxIoSystem>::AllocateObjects(1, 002cdddc, 002cddec)
 afxClass<afxIoSystem>::BuildObjects(1, 002cdddc, 002cdf28)
 afxClass<afxIoSystem>::ConstructObject(006dff30)
 afxIoSystem.c:699?_AfxIoCtor(io=006dff30)
 afxArena.c:767?AfxAcquireArena(aren=006dff7c)
 afxArena.c:768?AfxAcquireArena(spec=00000000,hint="afxIoSystem.c:715!_AfxIoCtor")
 afxClass<afxFile>::Mount(006dffd4, 006dff64, 00000000, 77de1d8c)
 afxClass<afxArchive>::Mount(006e0094, 006dff64, 006dffd4, 77de1728)
 afxClass<afxResource>::Mount(006e0214, 006dff64, 00000000, 77de34d8)
 afxClass<afxUrd>::Mount(006e0154, 006dff64, 00000000, 77de3ab8)
 afxIoSystem.c:400?AfxMountStoragePoints(006dff30,6,002ce114)
 Point "." 5 mounted -> "E:/qwadro/afx".
 Point "system" 5 mounted -> "E:/qwadro/afx/system32".
 Point "sound" 5 mounted -> "E:/qwadro/afx/sound".
 Point "tmp" 7 mounted -> "E:/qwadro/afx/tmp".
 Point "data" 5 mounted -> "E:/qwadro/afx/data".
 Point "art" 5 mounted -> "E:/qwadro/afx/art".
 afxClass<afxModule>::Mount(006df37c, 006df124, 00000000, 77ddef70)
 afxModule.c:78?AfxAcquireModule(uri=system/e2coree.dll)
 afxClass<afxModule>::AllocateObjects(1, 002cddac, 002cdde0)
 afxClass<afxModule>::BuildObjects(1, 002cddac, 002ce04c)
 afxClass<afxModule>::ConstructObject(006e45f0)
 afxModule.c:146?_AfxMdleCtor(uri:system/e2coree.dll)
 afxClass<afxHid>::Mount(006df43c, 006df124, 00000000, 77de27c8)
 afxClass<afxKeyboard>::Mount(006df4fc, 006df124, 006df43c, 77de3114)
 afxClass<afxMouse>::Mount(006df5bc, 006df124, 006df43c, 77de3294)
 afxClass<afxDrawSystem>::Mount(006df67c, 006df124, 00000000, 77de7904)
 afxClass<afxApplication>::Mount(006df73c, 006df124, 006df1fc, 77dde000)
 afxKeyboard.c:172?AfxAcquireKeyboard(port=0)
 afxClass<afxKeyboard>::AllocateObjects(1, 002cde00, 002cde10)
 afxClass<afxKeyboard>::BuildObjects(1, 002cde00, 002cddfc)
 afxClass<afxKeyboard, afxHid>ConstructingObject(006e4720)
 afxClass<afxHid>::ConstructObject(006e4720)
 afxHid.c:226?_AfxHidCtor(hid=006e4720)
 afxClass<afxKeyboard>::ConstructObject(006e4720)
 afxKeyboard.c:228?_AfxKbdCtor(kbd=006e4720)
 afxClass<afxDrawSystem>::AllocateObjects(1, 0038501c, 002cee64)
 afxClass<afxDrawSystem>::BuildObjects(1, 0038501c, 002cef3c)
 afxClass<afxDrawSystem>::ConstructObject(006e4fb0)
 afxDrawSystem.c:449?_AfxDsysCtor(dsys=006e4fb0)
 afxClass<afxDrawDriver>::Mount(006e4ff8, 006e4fe4, 00000000, 77de66c4)
 afxClass<afxDrawThread>::Mount(006e50b8, 006e4fe4, 006df1fc, 77de7c48)
New texture codec registered.
Name: SIGGL
Author: SIGMA Technology Group
Version: 0.5.1
Note: 
 Truecolor Targa texture serializer installed!
 afxModule.c:78?AfxAcquireModule(uri=e2draw.icd)
 afxClass<afxModule>::AllocateObjects(1, 002ce958, 002ce98c)
 afxClass<afxModule>::BuildObjects(1, 002ce958, 002cea74)
 afxClass<afxModule>::ConstructObject(006e5fd0)
 afxModule.c:146?_AfxMdleCtor(uri:e2draw.icd)
 afxDrawDriver.c:215?AfxRegisterDrawDriver(spec=51187c38)
 afxClass<afxDrawDriver>::AllocateObjects(1, 002ce9c4, 002ce964)
 afxClass<afxDrawDriver>::BuildObjects(1, 002ce9c4, 51187c38)
 afxClass<afxDrawDriver>::ConstructObject(006e76c0)
 afxDrawDriver.c:271?_AfxDdrvCtor(ddrv=006e76c0)
 afxClass<afxDrawScript>::Mount(006e7710, 006e76fc, 00000000, 77de7364)
 afxClass<afxDrawQueue>::Mount(006e77d0, 006e76fc, 00000000, 77de7224)
 afxClass<afxDrawContext>::Mount(006e7890, 006e76fc, 00000000, 77de5204)
 afxClass<afxDrawOutput>::Mount(006e7950, 006e76fc, 00000000, 77de6c60)
 afxClass<afxDrawInput>::Mount(006e7a10, 006e76fc, 00000000, 77de6a40)
 Listing mem available display devices...

 #0 = Intel(R) HD Graphics (\\.\DISPLAY1) 8000005
 #1 = RDPDD Chained DD (\\.\DISPLAYV1) 200008
 #2 = RDP Encoder Mirror Driver (\\.\DISPLAYV2) 200008
 #3 = RDP Reflector Display Driver (\\.\DISPLAYV3) 200008
 sglDrawDriver.c:1302?_SglCreateCombinedDeviceContext(oglWndClss=006e7be0,shareCtx=00000000,phwnd=006ec680,phdc=006ec684,phrc=006ec68c)
 ADV sglDrawDriver.c:1641?_SglBuildDpu
    677 381 1920 1080 96 96 32 1 36 36 51 60 1 
 ERR sglDrawDriver.c:1088?SglGetPixelFormat
    
 ERR sglDrawDriver.c:1088?SglGetPixelFormat
    
 ERR sglDrawDriver.c:1076?SglDescribePixelFormat
    
 ERR sglDrawDriver.c:1076?SglDescribePixelFormat
    
 sglDrawDriver.c:790?_SglLoadVmt(vmt=006ec690,verMajor=1,verMinor=0)
 glCullFace @ 0 found.
 glFrontFace @ 1 found.
 glHint @ 2 found.
 glLineWidth @ 3 found.
 glPointSize @ 4 found.
 glPolygonMode @ 5 found.
 glScissor @ 6 found.
 glTexParameterf @ 7 found.
 glTexParameterfv @ 8 found.
 glTexParameteri @ 9 found.
 glTexParameteriv @ 10 found.
 glTexImage1D @ 11 found.
 glTexImage2D @ 12 found.
 glDrawBuffer @ 13 found.
 glClear @ 14 found.
 glClearColor @ 15 found.
 glClearStencil @ 16 found.
 glClearDepth @ 17 found.
 glStencilMask @ 18 found.
 glColorMask @ 19 found.
 glDepthMask @ 20 found.
 glDisable @ 21 found.
 glEnable @ 22 found.
 glFinish @ 23 found.
 glFlush @ 24 found.
 glBlendFunc @ 25 found.
 glLogicOp @ 26 found.
 glStencilFunc @ 27 found.
 glStencilOp @ 28 found.
 glDepthFunc @ 29 found.
 glPixelStoref @ 30 found.
 glPixelStorei @ 31 found.
 glReadBuffer @ 32 found.
 glReadPixels @ 33 found.
 glGetBooleanv @ 34 found.
 glGetDoublev @ 35 found.
 glGetError @ 36 found.
 glGetFloatv @ 37 found.
 glGetIntegerv @ 38 found.
 glGetString @ 39 found.
 glGetTexImage @ 40 found.
 glGetTexParameterfv @ 41 found.
 glGetTexParameteriv @ 42 found.
 glGetTexLevelParameterfv @ 43 found.
 glGetTexLevelParameteriv @ 44 found.
 glIsEnabled @ 45 found.
 glDepthRange @ 46 found.
 glViewport @ 47 found.
 sglDrawDriver.c:790?_SglLoadVmt(vmt=006ec690,verMajor=4,verMinor=6)
 glCullFace @ 0 found.
 glFrontFace @ 1 found.
 glHint @ 2 found.
 glLineWidth @ 3 found.
 glPointSize @ 4 found.
 glPolygonMode @ 5 found.
 glScissor @ 6 found.
 glTexParameterf @ 7 found.
 glTexParameterfv @ 8 found.
 glTexParameteri @ 9 found.
 glTexParameteriv @ 10 found.
 glTexImage1D @ 11 found.
 glTexImage2D @ 12 found.
 glDrawBuffer @ 13 found.
 glClear @ 14 found.
 glClearColor @ 15 found.
 glClearStencil @ 16 found.
 glClearDepth @ 17 found.
 glStencilMask @ 18 found.
 glColorMask @ 19 found.
 glDepthMask @ 20 found.
 glDisable @ 21 found.
 glEnable @ 22 found.
 glFinish @ 23 found.
 glFlush @ 24 found.
 glBlendFunc @ 25 found.
 glLogicOp @ 26 found.
 glStencilFunc @ 27 found.
 glStencilOp @ 28 found.
 glDepthFunc @ 29 found.
 glPixelStoref @ 30 found.
 glPixelStorei @ 31 found.
 glReadBuffer @ 32 found.
 glReadPixels @ 33 found.
 glGetBooleanv @ 34 found.
 glGetDoublev @ 35 found.
 glGetError @ 36 found.
 glGetFloatv @ 37 found.
 glGetIntegerv @ 38 found.
 glGetString @ 39 found.
 glGetTexImage @ 40 found.
 glGetTexParameterfv @ 41 found.
 glGetTexParameteriv @ 42 found.
 glGetTexLevelParameterfv @ 43 found.
 glGetTexLevelParameteriv @ 44 found.
 glIsEnabled @ 45 found.
 glDepthRange @ 46 found.
 glViewport @ 47 found.
 glDrawArrays @ 48 found.
 glDrawElements @ 49 found.
 glGetPointerv @ 50 found.
 glPolygonOffset @ 51 found.
 glCopyTexImage1D @ 52 found.
 glCopyTexImage2D @ 53 found.
 glCopyTexSubImage1D @ 54 found.
 glCopyTexSubImage2D @ 55 found.
 glTexSubImage1D @ 56 found.
 glTexSubImage2D @ 57 found.
 glBindTexture @ 58 found.
 glDeleteTextures @ 59 found.
 glGenTextures @ 60 found.
 glIsTexture @ 61 found.
 glDrawRangeElements @ 62 found.
 glTexImage3D @ 63 found.
 glTexSubImage3D @ 64 found.
 glCopyTexSubImage3D @ 65 found.
 glActiveTexture @ 66 found.
 glSampleCoverage @ 67 found.
 glCompressedTexImage3D @ 68 found.
 glCompressedTexImage2D @ 69 found.
 glCompressedTexImage1D @ 70 found.
 glCompressedTexSubImage3D @ 71 found.
 glCompressedTexSubImage2D @ 72 found.
 glCompressedTexSubImage1D @ 73 found.
 glGetCompressedTexImage @ 74 found.
 glBlendFuncSeparate @ 75 found.
 glMultiDrawArrays @ 76 found.
 glMultiDrawElements @ 77 found.
 glPointParameterf @ 78 found.
 glPointParameterfv @ 79 found.
 glPointParameteri @ 80 found.
 glPointParameteriv @ 81 found.
 glBlendColor @ 82 found.
 glBlendEquation @ 83 found.
 glGenQueries @ 84 found.
 glDeleteQueries @ 85 found.
 glIsQuery @ 86 found.
 glBeginQuery @ 87 found.
 glEndQuery @ 88 found.
 glGetQueryiv @ 89 found.
 glGetQueryObjectiv @ 90 found.
 glGetQueryObjectuiv @ 91 found.
 glBindBuffer @ 92 found.
 glDeleteBuffers @ 93 found.
 glGenBuffers @ 94 found.
 glIsBuffer @ 95 found.
 glBufferData @ 96 found.
 glBufferSubData @ 97 found.
 glGetBufferSubData @ 98 found.
 glMapBuffer @ 99 found.
 glUnmapBuffer @ 100 found.
 glGetBufferParameteriv @ 101 found.
 glGetBufferPointerv @ 102 found.
 glBlendEquationSeparate @ 103 found.
 glDrawBuffers @ 104 found.
 glStencilOpSeparate @ 105 found.
 glStencilFuncSeparate @ 106 found.
 glStencilMaskSeparate @ 107 found.
 glAttachShader @ 108 found.
 glBindAttribLocation @ 109 found.
 glCompileShader @ 110 found.
 glCreateProgram @ 111 found.
 glCreateShader @ 112 found.
 glDeleteProgram @ 113 found.
 glDeleteShader @ 114 found.
 glDetachShader @ 115 found.
 glDisableVertexAttribArray @ 116 found.
 glEnableVertexAttribArray @ 117 found.
 glGetActiveAttrib @ 118 found.
 glGetActiveUniform @ 119 found.
 glGetAttachedShaders @ 120 found.
 glGetAttribLocation @ 121 found.
 glGetProgramiv @ 122 found.
 glGetProgramInfoLog @ 123 found.
 glGetShaderiv @ 124 found.
 glGetShaderInfoLog @ 125 found.
 glGetShaderSource @ 126 found.
 glGetUniformLocation @ 127 found.
 glGetUniformfv @ 128 found.
 glGetUniformiv @ 129 found.
 glGetVertexAttribdv @ 130 found.
 glGetVertexAttribfv @ 131 found.
 glGetVertexAttribiv @ 132 found.
 glGetVertexAttribPointerv @ 133 found.
 glIsProgram @ 134 found.
 glIsShader @ 135 found.
 glLinkProgram @ 136 found.
 glShaderSource @ 137 found.
 glUseProgram @ 138 found.
 glUniform1f @ 139 found.
 glUniform2f @ 140 found.
 glUniform3f @ 141 found.
 glUniform4f @ 142 found.
 glUniform1i @ 143 found.
 glUniform2i @ 144 found.
 glUniform3i @ 145 found.
 glUniform4i @ 146 found.
 glUniform1fv @ 147 found.
 glUniform2fv @ 148 found.
 glUniform3fv @ 149 found.
 glUniform4fv @ 150 found.
 glUniform1iv @ 151 found.
 glUniform2iv @ 152 found.
 glUniform3iv @ 153 found.
 glUniform4iv @ 154 found.
 glUniformMatrix2fv @ 155 found.
 glUniformMatrix3fv @ 156 found.
 glUniformMatrix4fv @ 157 found.
 glValidateProgram @ 158 found.
 glVertexAttrib1d @ 159 found.
 glVertexAttrib1dv @ 160 found.
 glVertexAttrib1f @ 161 found.
 glVertexAttrib1fv @ 162 found.
 glVertexAttrib1s @ 163 found.
 glVertexAttrib1sv @ 164 found.
 glVertexAttrib2d @ 165 found.
 glVertexAttrib2dv @ 166 found.
 glVertexAttrib2f @ 167 found.
 glVertexAttrib2fv @ 168 found.
 glVertexAttrib2s @ 169 found.
 glVertexAttrib2sv @ 170 found.
 glVertexAttrib3d @ 171 found.
 glVertexAttrib3dv @ 172 found.
 glVertexAttrib3f @ 173 found.
 glVertexAttrib3fv @ 174 found.
 glVertexAttrib3s @ 175 found.
 glVertexAttrib3sv @ 176 found.
 glVertexAttrib4Nbv @ 177 found.
 glVertexAttrib4Niv @ 178 found.
 glVertexAttrib4Nsv @ 179 found.
 glVertexAttrib4Nub @ 180 found.
 glVertexAttrib4Nubv @ 181 found.
 glVertexAttrib4Nuiv @ 182 found.
 glVertexAttrib4Nusv @ 183 found.
 glVertexAttrib4bv @ 184 found.
 glVertexAttrib4d @ 185 found.
 glVertexAttrib4dv @ 186 found.
 glVertexAttrib4f @ 187 found.
 glVertexAttrib4fv @ 188 found.
 glVertexAttrib4iv @ 189 found.
 glVertexAttrib4s @ 190 found.
 glVertexAttrib4sv @ 191 found.
 glVertexAttrib4ubv @ 192 found.
 glVertexAttrib4uiv @ 193 found.
 glVertexAttrib4usv @ 194 found.
 glVertexAttribPointer @ 195 found.
 glUniformMatrix2x3fv @ 196 found.
 glUniformMatrix3x2fv @ 197 found.
 glUniformMatrix2x4fv @ 198 found.
 glUniformMatrix4x2fv @ 199 found.
 glUniformMatrix3x4fv @ 200 found.
 glUniformMatrix4x3fv @ 201 found.
 glColorMaski @ 202 found.
 glGetBooleani_v @ 203 found.
 glGetIntegeri_v @ 204 found.
 glEnablei @ 205 found.
 glDisablei @ 206 found.
 glIsEnabledi @ 207 found.
 glBeginTransformFeedback @ 208 found.
 glEndTransformFeedback @ 209 found.
 glBindBufferRange @ 210 found.
 glBindBufferBase @ 211 found.
 glTransformFeedbackVaryings @ 212 found.
 glGetTransformFeedbackVarying @ 213 found.
 glClampColor @ 214 found.
 glBeginConditionalRender @ 215 found.
 glEndConditionalRender @ 216 found.
 glVertexAttribIPointer @ 217 found.
 glGetVertexAttribIiv @ 218 found.
 glGetVertexAttribIuiv @ 219 found.
 glVertexAttribI1i @ 220 found.
 glVertexAttribI2i @ 221 found.
 glVertexAttribI3i @ 222 found.
 glVertexAttribI4i @ 223 found.
 glVertexAttribI1ui @ 224 found.
 glVertexAttribI2ui @ 225 found.
 glVertexAttribI3ui @ 226 found.
 glVertexAttribI4ui @ 227 found.
 glVertexAttribI1iv @ 228 found.
 glVertexAttribI2iv @ 229 found.
 glVertexAttribI3iv @ 230 found.
 glVertexAttribI4iv @ 231 found.
 glVertexAttribI1uiv @ 232 found.
 glVertexAttribI2uiv @ 233 found.
 glVertexAttribI3uiv @ 234 found.
 glVertexAttribI4uiv @ 235 found.
 glVertexAttribI4bv @ 236 found.
 glVertexAttribI4sv @ 237 found.
 glVertexAttribI4ubv @ 238 found.
 glVertexAttribI4usv @ 239 found.
 glGetUniformuiv @ 240 found.
 glBindFragDataLocation @ 241 found.
 glGetFragDataLocation @ 242 found.
 glUniform1ui @ 243 found.
 glUniform2ui @ 244 found.
 glUniform3ui @ 245 found.
 glUniform4ui @ 246 found.
 glUniform1uiv @ 247 found.
 glUniform2uiv @ 248 found.
 glUniform3uiv @ 249 found.
 glUniform4uiv @ 250 found.
 glTexParameterIiv @ 251 found.
 glTexParameterIuiv @ 252 found.
 glGetTexParameterIiv @ 253 found.
 glGetTexParameterIuiv @ 254 found.
 glClearBufferiv @ 255 found.
 glClearBufferuiv @ 256 found.
 glClearBufferfv @ 257 found.
 glClearBufferfi @ 258 found.
 glGetStringi @ 259 found.
 glIsRenderbuffer @ 260 found.
 glBindRenderbuffer @ 261 found.
 glDeleteRenderbuffers @ 262 found.
 glGenRenderbuffers @ 263 found.
 glRenderbufferStorage @ 264 found.
 glGetRenderbufferParameteriv @ 265 found.
 glIsFramebuffer @ 266 found.
 glBindFramebuffer @ 267 found.
 glDeleteFramebuffers @ 268 found.
 glGenFramebuffers @ 269 found.
 glCheckFramebufferStatus @ 270 found.
 glFramebufferTexture1D @ 271 found.
 glFramebufferTexture2D @ 272 found.
 glFramebufferTexture3D @ 273 found.
 glFramebufferRenderbuffer @ 274 found.
 glGetFramebufferAttachmentParameteriv @ 275 found.
 glGenerateMipmap @ 276 found.
 glBlitFramebuffer @ 277 found.
 glRenderbufferStorageMultisample @ 278 found.
 glFramebufferTextureLayer @ 279 found.
 glMapBufferRange @ 280 found.
 glFlushMappedBufferRange @ 281 found.
 glBindVertexArray @ 282 found.
 glDeleteVertexArrays @ 283 found.
 glGenVertexArrays @ 284 found.
 glIsVertexArray @ 285 found.
 glDrawArraysInstanced @ 286 found.
 glDrawElementsInstanced @ 287 found.
 glTexBuffer @ 288 found.
 glPrimitiveRestartIndex @ 289 found.
 glCopyBufferSubData @ 290 found.
 glGetUniformIndices @ 291 found.
 glGetActiveUniformsiv @ 292 found.
 glGetActiveUniformName @ 293 found.
 glGetUniformBlockIndex @ 294 found.
 glGetActiveUniformBlockiv @ 295 found.
 glGetActiveUniformBlockName @ 296 found.
 glUniformBlockBinding @ 297 found.
 glDrawElementsBaseVertex @ 298 found.
 glDrawRangeElementsBaseVertex @ 299 found.
 glDrawElementsInstancedBaseVertex @ 300 found.
 glMultiDrawElementsBaseVertex @ 301 found.
 glProvokingVertex @ 302 found.
 glFenceSync @ 303 found.
 glIsSync @ 304 found.
 glDeleteSync @ 305 found.
 glClientWaitSync @ 306 found.
 glWaitSync @ 307 found.
 glGetInteger64v @ 308 found.
 glGetSynciv @ 309 found.
 glGetInteger64i_v @ 310 found.
 glGetBufferParameteri64v @ 311 found.
 glFramebufferTexture @ 312 found.
 glTexImage2DMultisample @ 313 found.
 glTexImage3DMultisample @ 314 found.
 glGetMultisamplefv @ 315 found.
 glSampleMaski @ 316 found.
 glBindFragDataLocationIndexed @ 317 found.
 glGetFragDataIndex @ 318 found.
 glGenSamplers @ 319 found.
 glDeleteSamplers @ 320 found.
 glIsSampler @ 321 found.
 glBindSampler @ 322 found.
 glSamplerParameteri @ 323 found.
 glSamplerParameteriv @ 324 found.
 glSamplerParameterf @ 325 found.
 glSamplerParameterfv @ 326 found.
 glSamplerParameterIiv @ 327 found.
 glSamplerParameterIuiv @ 328 found.
 glGetSamplerParameteriv @ 329 found.
 glGetSamplerParameterIiv @ 330 found.
 glGetSamplerParameterfv @ 331 found.
 glGetSamplerParameterIuiv @ 332 found.
 glQueryCounter @ 333 found.
 glGetQueryObjecti64v @ 334 found.
 glGetQueryObjectui64v @ 335 found.
 glVertexAttribDivisor @ 336 found.
 glVertexAttribP1ui @ 337 found.
 glVertexAttribP1uiv @ 338 found.
 glVertexAttribP2ui @ 339 found.
 glVertexAttribP2uiv @ 340 found.
 glVertexAttribP3ui @ 341 found.
 glVertexAttribP3uiv @ 342 found.
 glVertexAttribP4ui @ 343 found.
 glVertexAttribP4uiv @ 344 found.
 glMinSampleShading @ 345 found.
 glBlendEquationi @ 346 found.
 glBlendEquationSeparatei @ 347 found.
 glBlendFunci @ 348 found.
 glBlendFuncSeparatei @ 349 found.
 glDrawArraysIndirect @ 350 found.
 glDrawElementsIndirect @ 351 found.
 glUniform1d @ 352 found.
 glUniform2d @ 353 found.
 glUniform3d @ 354 found.
 glUniform4d @ 355 found.
 glUniform1dv @ 356 found.
 glUniform2dv @ 357 found.
 glUniform3dv @ 358 found.
 glUniform4dv @ 359 found.
 glUniformMatrix2dv @ 360 found.
 glUniformMatrix3dv @ 361 found.
 glUniformMatrix4dv @ 362 found.
 glUniformMatrix2x3dv @ 363 found.
 glUniformMatrix2x4dv @ 364 found.
 glUniformMatrix3x2dv @ 365 found.
 glUniformMatrix3x4dv @ 366 found.
 glUniformMatrix4x2dv @ 367 found.
 glUniformMatrix4x3dv @ 368 found.
 glGetUniformdv @ 369 found.
 glGetSubroutineUniformLocation @ 370 found.
 glGetSubroutineIndex @ 371 found.
 glGetActiveSubroutineUniformiv @ 372 found.
 glGetActiveSubroutineUniformName @ 373 found.
 glGetActiveSubroutineName @ 374 found.
 glUniformSubroutinesuiv @ 375 found.
 glGetUniformSubroutineuiv @ 376 found.
 glGetProgramStageiv @ 377 found.
 glPatchParameteri @ 378 found.
 glPatchParameterfv @ 379 found.
 glBindTransformFeedback @ 380 found.
 glDeleteTransformFeedbacks @ 381 found.
 glGenTransformFeedbacks @ 382 found.
 glIsTransformFeedback @ 383 found.
 glPauseTransformFeedback @ 384 found.
 glResumeTransformFeedback @ 385 found.
 glDrawTransformFeedback @ 386 found.
 glDrawTransformFeedbackStream @ 387 found.
 glBeginQueryIndexed @ 388 found.
 glEndQueryIndexed @ 389 found.
 glGetQueryIndexediv @ 390 found.
 glReleaseShaderCompiler @ 391 found.
 glShaderBinary @ 392 found.
 glGetShaderPrecisionFormat @ 393 found.
 glDepthRangef @ 394 found.
 glClearDepthf @ 395 found.
 glGetProgramBinary @ 396 found.
 glProgramBinary @ 397 found.
 glProgramParameteri @ 398 found.
 glUseProgramStages @ 399 found.
 glActiveShaderProgram @ 400 found.
 glCreateShaderProgramv @ 401 found.
 glBindProgramPipeline @ 402 found.
 glDeleteProgramPipelines @ 403 found.
 glGenProgramPipelines @ 404 found.
 glIsProgramPipeline @ 405 found.
 glGetProgramPipelineiv @ 406 found.
 glProgramUniform1i @ 407 found.
 glProgramUniform1iv @ 408 found.
 glProgramUniform1f @ 409 found.
 glProgramUniform1fv @ 410 found.
 glProgramUniform1d @ 411 found.
 glProgramUniform1dv @ 412 found.
 glProgramUniform1ui @ 413 found.
 glProgramUniform1uiv @ 414 found.
 glProgramUniform2i @ 415 found.
 glProgramUniform2iv @ 416 found.
 glProgramUniform2f @ 417 found.
 glProgramUniform2fv @ 418 found.
 glProgramUniform2d @ 419 found.
 glProgramUniform2dv @ 420 found.
 glProgramUniform2ui @ 421 found.
 glProgramUniform2uiv @ 422 found.
 glProgramUniform3i @ 423 found.
 glProgramUniform3iv @ 424 found.
 glProgramUniform3f @ 425 found.
 glProgramUniform3fv @ 426 found.
 glProgramUniform3d @ 427 found.
 glProgramUniform3dv @ 428 found.
 glProgramUniform3ui @ 429 found.
 glProgramUniform3uiv @ 430 found.
 glProgramUniform4i @ 431 found.
 glProgramUniform4iv @ 432 found.
 glProgramUniform4f @ 433 found.
 glProgramUniform4fv @ 434 found.
 glProgramUniform4d @ 435 found.
 glProgramUniform4dv @ 436 found.
 glProgramUniform4ui @ 437 found.
 glProgramUniform4uiv @ 438 found.
 glProgramUniformMatrix2fv @ 439 found.
 glProgramUniformMatrix3fv @ 440 found.
 glProgramUniformMatrix4fv @ 441 found.
 glProgramUniformMatrix2dv @ 442 found.
 glProgramUniformMatrix3dv @ 443 found.
 glProgramUniformMatrix4dv @ 444 found.
 glProgramUniformMatrix2x3fv @ 445 found.
 glProgramUniformMatrix3x2fv @ 446 found.
 glProgramUniformMatrix2x4fv @ 447 found.
 glProgramUniformMatrix4x2fv @ 448 found.
 glProgramUniformMatrix3x4fv @ 449 found.
 glProgramUniformMatrix4x3fv @ 450 found.
 glProgramUniformMatrix2x3dv @ 451 found.
 glProgramUniformMatrix3x2dv @ 452 found.
 glProgramUniformMatrix2x4dv @ 453 found.
 glProgramUniformMatrix4x2dv @ 454 found.
 glProgramUniformMatrix3x4dv @ 455 found.
 glProgramUniformMatrix4x3dv @ 456 found.
 glValidateProgramPipeline @ 457 found.
 glGetProgramPipelineInfoLog @ 458 found.
 glVertexAttribL1d @ 459 found.
 glVertexAttribL2d @ 460 found.
 glVertexAttribL3d @ 461 found.
 glVertexAttribL4d @ 462 found.
 glVertexAttribL1dv @ 463 found.
 glVertexAttribL2dv @ 464 found.
 glVertexAttribL3dv @ 465 found.
 glVertexAttribL4dv @ 466 found.
 glVertexAttribLPointer @ 467 found.
 glGetVertexAttribLdv @ 468 found.
 glViewportArrayv @ 469 found.
 glViewportIndexedf @ 470 found.
 glViewportIndexedfv @ 471 found.
 glScissorArrayv @ 472 found.
 glScissorIndexed @ 473 found.
 glScissorIndexedv @ 474 found.
 glDepthRangeArrayv @ 475 found.
 glDepthRangeIndexed @ 476 found.
 glGetFloati_v @ 477 found.
 glGetDoublei_v @ 478 found.
 glDrawArraysInstancedBaseInstance @ 479 found.
 glDrawElementsInstancedBaseInstance @ 480 found.
 glDrawElementsInstancedBaseVertexBaseInstance @ 481 found.
 glGetInternalformativ @ 482 found.
 glGetActiveAtomicCounterBufferiv @ 483 found.
 glBindImageTexture @ 484 found.
 glMemoryBarrier @ 485 found.
 glTexStorage1D @ 486 found.
 glTexStorage2D @ 487 found.
 glTexStorage3D @ 488 found.
 glDrawTransformFeedbackInstanced @ 489 found.
 glDrawTransformFeedbackStreamInstanced @ 490 found.
 glDispatchCompute @ 493 found.
 glDispatchComputeIndirect @ 494 found.
 glFramebufferParameteri @ 496 found.
 glGetFramebufferParameteriv @ 497 found.
 glGetInternalformati64v @ 498 found.
 glInvalidateFramebuffer @ 503 found.
 glInvalidateSubFramebuffer @ 504 found.
 glMultiDrawArraysIndirect @ 505 found.
 glMultiDrawElementsIndirect @ 506 found.
 glGetProgramInterfaceiv @ 507 found.
 glGetProgramResourceIndex @ 508 found.
 glGetProgramResourceName @ 509 found.
 glGetProgramResourceiv @ 510 found.
 glGetProgramResourceLocation @ 511 found.
 glGetProgramResourceLocationIndex @ 512 found.
 glShaderStorageBlockBinding @ 513 found.
 glTexBufferRange @ 514 found.
 glTexStorage2DMultisample @ 515 found.
 glTexStorage3DMultisample @ 516 found.
 glBindVertexBuffer @ 518 found.
 glVertexAttribFormat @ 519 found.
 glVertexAttribIFormat @ 520 found.
 glVertexAttribLFormat @ 521 found.
 glVertexAttribBinding @ 522 found.
 glVertexBindingDivisor @ 523 found.
 glDebugMessageControl @ 524 found.
 glDebugMessageInsert @ 525 found.
 glDebugMessageCallback @ 526 found.
 glGetDebugMessageLog @ 527 found.
 glPushDebugGroup @ 528 found.
 glPopDebugGroup @ 529 found.
 glObjectLabel @ 530 found.
 glGetObjectLabel @ 531 found.
 glObjectPtrLabel @ 532 found.
 glGetObjectPtrLabel @ 533 found.
 glBufferStorage @ 534 found.
 glClipControl @ 543 found.
 glNamedBufferStorage @ 551 found.
 glTextureBufferRange @ 589 found.
 glTextureParameteri @ 606 found.
 glMemoryBarrierByRegion @ 641 found.
 glGetGraphicsResetStatus @ 644 found.
 glGetnCompressedTexImage @ 645 found.
 glGetnTexImage @ 646 found.
 glGetnUniformdv @ 647 found.
 glGetnUniformfv @ 648 found.
 glGetnUniformiv @ 649 found.
 glGetnUniformuiv @ 650 found.
 glReadnPixels @ 651 found.
New draw driver registered.
Name: Truecolor Advanced Raster Graphics Automation
Author: SIGMA Technology Group
Version: 0.7.2
Note: 
           :::::::::::     :::     :::::::::   ::::::::      :::               
               :+:       :+: :+:   :+:    :+: :+:    :+:   :+: :+:             
               +:+      +:+   +:+  +:+    +:+ +:+         +:+   +:+            
               +#+     +#++:++#++: +#++:++#:  :#:        +#++:++#++:           
               +#+     +#+     +#+ +#+    +#+ +#+   +#+# +#+     +#+           
               #+#     #+#     #+# #+#    #+# #+#    #+# #+#     #+#           
               ###     ###     ### ###    ###  ########  ###     ###           
                                                                               
                  S I G M A   T E C H N O L O G Y   G R O U P                  
                                                                               
                               Public Test Build                               
                           (c) 2017 Federacao SIGMA                            
                                www.sigmaco.org                                
                                                                               
 Loading draw ICDs...
 afxModule.c:78?AfxAcquireModule(uri=e2draw.icd)
 afxModule.c:78?AfxAcquireModule(uri=e2newton.icd)
 afxClass<afxModule>::AllocateObjects(1, 002ce778, 002ce7ac)
 afxClass<afxModule>::BuildObjects(1, 002ce778, 002ce850)
 afxClass<afxModule>::ConstructObject(0267d7c0)
 afxModule.c:146?_AfxMdleCtor(uri:e2newton.icd)
 afxDrawThread.c:52?AfxAcquireDrawThreads(spec=00000000,cnt=2)
 afxClass<afxDrawThread>::AllocateObjects(1, 002ceaf8, 002ce9cc)
 afxClass<afxDrawThread>::BuildObjects(1, 002ceaf8, 00000000)
 afxClass<afxDrawThread, afxThread>ConstructingObject(025fc5c0)
 afxClass<afxThread>::ConstructObject(025fc5c0)
 afxThread.c:1114?_AfxThrCtor(025fc5c0)
 afxClass<afxDrawThread>::ConstructObject(025fc5c0)
 afxDrawThread.c:145?_AfxDthrCtor(dthr=025fc5c0)
 afxClass<afxDrawThread>::AllocateObjects(1, 002ceafc, 002ce9cc)
 afxClass<afxDrawThread>::BuildObjects(1, 002ceafc, 00000000)
 afxClass<afxDrawThread, afxThread>ConstructingObject(02f114a0)
 afxClass<afxThread>::ConstructObject(02f114a0)
 afxThread.c:1114?_AfxThrCtor(02f114a0)
 afxClass<afxDrawThread>::ConstructObject(02f114a0)
 afxDrawThread.c:145?_AfxDthrCtor(dthr=02f114a0)
 afxThread.c:1021?AfxRunThread(thr=025fc5c0)
 afxThread.c:1021?AfxRunThread(thr=02f114a0)
 afxDrawContext.c:550?AfxAcquireDrawContexts(spec=002cef08,cnt=1)
 afxClass<afxDrawContext>::AllocateObjects(1, 00385044, 002cee44)
 afxClass<afxDrawContext>::BuildObjects(1, 00385044, 002cef08)
 afxClass<afxDrawContext>::ConstructObject(02e88e30)
 afxDrawContext.c:629?_AfxDctxCtor(dctx=02e88e30)
 afxArena.c:767?AfxAcquireArena(aren=02e896c8)
 afxArena.c:768?AfxAcquireArena(spec=00000000,hint="afxDrawContext.c:648!_AfxDctxCtor")
 afxClass<afxBuffer>::Mount(02e89184, 02e88e70, 00000000, 77de9204)
 afxClass<afxVertexBuffer>::Mount(02e89244, 02e88e70, 02e89184, 77dea8b8)
 afxClass<afxIndexBuffer>::Mount(02e89304, 02e88e70, 02e89184, 77de94d0)
 afxClass<afxSampler>::Mount(02e893c4, 02e88e70, 00000000, 77de98d0)
 afxClass<afxTexture>::Mount(02e89484, 02e88e70, 00000000, 77dea094)
 afxClass<afxSurface>::Mount(02e89544, 02e88e70, 02e89484, 77de9f18)
 afxClass<afxShader>::Mount(02e89604, 02e88e70, 00000000, 77de9af0)
 afxClass<afxCanvas>::Mount(02e88e84, 02e88e70, 00000000, 77de805c)
 afxClass<afxPipeline>::Mount(02e88f44, 02e88e70, 00000000, 77de8d4c)
 afxClass<afxDrawOperation>::Mount(02e890c4, 02e88e70, 00000000, 77de84dc)
 afxClass<afxLego>::Mount(02e89004, 02e88e70, 00000000, 77de8af8)
 sglDrawContext.c:272?_SglDdrvVmtDctxCb(dctx=02e88e30)
 Uploading draw operation 'data/pipeline/rgbaToRgba.xml'
 afxXml.c:976?AfxLoadXml(uri:data/pipeline/rgbaToRgba.xml)
 afxFile.c:344?AfxOpenFile(00000001,data/pipeline/rgbaToRgba.xml)
 afxClass<afxFile>::AllocateObjects(1, 002ce0e4, 002ce0f4)
 afxClass<afxFile>::BuildObjects(1, 002ce0e4, 002ce0dc)
 afxClass<afxFile>::ConstructObject(025f04c0)
 afxStream.c:600?AfxAcquireStream(ios=025f04f4,flags=1,start=00000000,len=0)
 afxClass<afxFile>::DismantleObjects(1, 002ce134)
 Destructing instance 025f04c0 of afxFile class.
 afxClass<afxFile>::DeallocateObjects(1, 002ce134)
 afxClass<afxDrawOperation>::AllocateObjects(1, 007a9a28, 002ce12c)
 afxClass<afxDrawOperation>::BuildObjects(1, 007a9a28, 002ce3b0)
 afxClass<afxDrawOperation>::ConstructObject(02e8b630)
 afxDrawOperation.c:659?_AfxDopCtor(dop=02e8b630)
 afxPipeline.c:380?AfxBuildPipelines(dctx=02e88e30)
 afxClass<afxPipeline>::AllocateObjects(1, 02f2a6e8, 002cdad4)
 afxClass<afxPipeline>::BuildObjects(1, 02f2a6e8, 002cdbc8)
 afxClass<afxPipeline>::ConstructObject(02f64c80)
 afxPipeline.c:452?_AfxPipCtor(pip=02f64c80)
 afxShader.c:550?AfxAcquireShaders(cnt=1,uri=02e8b760,shd=002cd538)
 Uploading shader 'data/pipeline/rgbaToRgba.xml?vs'
 afxXml.c:976?AfxLoadXml(uri:data/pipeline/rgbaToRgba.xml)
 afxFile.c:344?AfxOpenFile(00000001,data/pipeline/rgbaToRgba.xml)
 afxClass<afxFile>::AllocateObjects(1, 002ccdb8, 002ccdc8)
 afxClass<afxFile>::BuildObjects(1, 002ccdb8, 002ccdb0)
 afxClass<afxFile>::ConstructObject(02f64f40)
 afxStream.c:600?AfxAcquireStream(ios=02f64f74,flags=1,start=00000000,len=0)
 afxClass<afxFile>::DismantleObjects(1, 002cce08)
 Destructing instance 02f64f40 of afxFile class.
 afxClass<afxFile>::DeallocateObjects(1, 002cce08)
 afxFile.c:364?AfxOpenReadableFile(data/pipeline/stdEnv.inc)
 afxClass<afxFile>::AllocateObjects(1, 002ccba4, 002ccbb4)
 afxClass<afxFile>::BuildObjects(1, 002ccba4, 002ccb9c)
 afxClass<afxFile>::ConstructObject(02f64f40)
 afxStream.c:600?AfxAcquireStream(ios=02f64f74,flags=5,start=00000000,len=0)
 afxClass<afxFile>::DismantleObjects(1, 002ccbf4)
 Destructing instance 02f64f40 of afxFile class.
 afxClass<afxFile>::DeallocateObjects(1, 002ccbf4)
 afxShader.c:397?AfxBuildShaders(cnt=1,blueprint=002cd104,shd=002cd538)
 afxClass<afxShader>::AllocateObjects(1, 002cd538, 002cce00)
 afxClass<afxShader>::BuildObjects(1, 002cd538, 002cd104)
 afxClass<afxShader>::ConstructObject(02f64f40)
 afxShader.c:660?_AfxShdCtor(shd=02f64f40)
 #version 330 core // QWADRO. Engineered by SIGMA Technology Group.

#define afxInt int
#define afxNat uint

#define afxReal float

#define afxV2d vec2
#define afxV3d vec3
#define afxV4d vec4

#define afxM2d mat2
#define afxM3d mat3
#define afxM4d mat4

        
        layout(location = 0) in vec2 a_xy;

        out block
        {
            vec2 uv0;
        } sgl_v;

        void main()
        {
            gl_Position = vec4(a_xy, 0.0, 1.0);
            sgl_v.uv0 = vec2(gl_Position.xy * 0.5 + 0.5).xy;
        }
       
 sglShader.c:134?_AfxShdCtor(shd=02f64f40)
 afxObject<02f64f40>::InstallEventFilter(02f64c80)
 afxShader.c:550?AfxAcquireShaders(cnt=1,uri=02e8b800,shd=002cd538)
 Uploading shader 'data/pipeline/rgbaToRgba.xml?fs'
 afxXml.c:976?AfxLoadXml(uri:data/pipeline/rgbaToRgba.xml)
 afxFile.c:344?AfxOpenFile(00000001,data/pipeline/rgbaToRgba.xml)
 afxClass<afxFile>::AllocateObjects(1, 002ccdb8, 002ccdc8)
 afxClass<afxFile>::BuildObjects(1, 002ccdb8, 002ccdb0)
 afxClass<afxFile>::ConstructObject(007a9780)
 afxStream.c:600?AfxAcquireStream(ios=007a97b4,flags=1,start=00000000,len=0)
 afxClass<afxFile>::DismantleObjects(1, 002cce08)
 Destructing instance 007a9780 of afxFile class.
 afxClass<afxFile>::DeallocateObjects(1, 002cce08)
 afxFile.c:364?AfxOpenReadableFile(data/pipeline/stdEnv.inc)
 afxClass<afxFile>::AllocateObjects(1, 002ccba4, 002ccbb4)
 afxClass<afxFile>::BuildObjects(1, 002ccba4, 002ccb9c)
 afxClass<afxFile>::ConstructObject(007a9780)
 afxStream.c:600?AfxAcquireStream(ios=007a97b4,flags=5,start=00000000,len=0)
 afxClass<afxFile>::DismantleObjects(1, 002ccbf4)
 Destructing instance 007a9780 of afxFile class.
 afxClass<afxFile>::DeallocateObjects(1, 002ccbf4)
 afxShader.c:397?AfxBuildShaders(cnt=1,blueprint=002cd104,shd=002cd538)
 afxClass<afxShader>::AllocateObjects(1, 002cd538, 002cce00)
 afxClass<afxShader>::BuildObjects(1, 002cd538, 002cd104)
 afxClass<afxShader>::ConstructObject(007aab60)
 afxShader.c:660?_AfxShdCtor(shd=007aab60)
 #version 330 core // QWADRO. Engineered by SIGMA Technology Group.

#define afxInt int
#define afxNat uint

#define afxReal float

#define afxV2d vec2
#define afxV3d vec3
#define afxV4d vec4

#define afxM2d mat2
#define afxM3d mat3
#define afxM4d mat4

        
        uniform sampler2D samp;

        in block
        {
            vec2 uv0;
        } sgl_v;

        out vec4 sgl_rgba;

        void main()
        {
            sgl_rgba = texture(samp, sgl_v.uv0);
        }
       
 sglShader.c:134?_AfxShdCtor(shd=007aab60)
 afxObject<007aab60>::InstallEventFilter(02f64c80)
 afxLego.c:218?AfxBuildLegos(dctx=02e88e30)
 ERR afxDrawContext.c:184?AfxGetLegoClass
    
 ERR afxDrawContext.c:184?AfxGetLegoClass
    (var_)
    Invalid
 afxClass<afxLego>::AllocateObjects(1, 02ecafd4, 002cd380)
 afxClass<afxLego>::BuildObjects(1, 02ecafd4, 002cd6f4)
 afxClass<afxLego>::ConstructObject(02e8b100)
 afxLego.c:275?_AfxLegtCtor(legt=02e8b100)
 sglPipeline.c:293?_AfxPipCtor(pip=02f64c80)
 afxPipeline.c:380?AfxBuildPipelines(dctx=02e88e30)
 afxClass<afxPipeline>::AllocateObjects(1, 02f2a748, 002cdad4)
 afxClass<afxPipeline>::BuildObjects(1, 02f2a748, 002cdbc8)
 afxClass<afxPipeline>::ConstructObject(02e9dd30)
 afxPipeline.c:452?_AfxPipCtor(pip=02e9dd30)
 afxShader.c:550?AfxAcquireShaders(cnt=1,uri=02e8b760,shd=002cd538)
 Uploading shader 'data/pipeline/rgbaToRgba.xml?vsFlippedY'
 afxXml.c:976?AfxLoadXml(uri:data/pipeline/rgbaToRgba.xml)
 afxFile.c:344?AfxOpenFile(00000001,data/pipeline/rgbaToRgba.xml)
 afxClass<afxFile>::AllocateObjects(1, 002ccdb8, 002ccdc8)
 afxClass<afxFile>::BuildObjects(1, 002ccdb8, 002ccdb0)
 afxClass<afxFile>::ConstructObject(02e8b1a0)
 afxStream.c:600?AfxAcquireStream(ios=02e8b1d4,flags=1,start=00000000,len=0)
 afxClass<afxFile>::DismantleObjects(1, 002cce08)
 Destructing instance 02e8b1a0 of afxFile class.
 afxClass<afxFile>::DeallocateObjects(1, 002cce08)
 afxFile.c:364?AfxOpenReadableFile(data/pipeline/stdEnv.inc)
 afxClass<afxFile>::AllocateObjects(1, 002ccba4, 002ccbb4)
 afxClass<afxFile>::BuildObjects(1, 002ccba4, 002ccb9c)
 afxClass<afxFile>::ConstructObject(02e8b1a0)
 afxStream.c:600?AfxAcquireStream(ios=02e8b1d4,flags=5,start=00000000,len=0)
 afxClass<afxFile>::DismantleObjects(1, 002ccbf4)
 Destructing instance 02e8b1a0 of afxFile class.
 afxClass<afxFile>::DeallocateObjects(1, 002ccbf4)
 afxShader.c:397?AfxBuildShaders(cnt=1,blueprint=002cd104,shd=002cd538)
 afxClass<afxShader>::AllocateObjects(1, 002cd538, 002cce00)
 afxClass<afxShader>::BuildObjects(1, 002cd538, 002cd104)
 afxClass<afxShader>::ConstructObject(02e9dff0)
 afxShader.c:660?_AfxShdCtor(shd=02e9dff0)
 #version 330 core // QWADRO. Engineered by SIGMA Technology Group.

#define afxInt int
#define afxNat uint

#define afxReal float

#define afxV2d vec2
#define afxV3d vec3
#define afxV4d vec4

#define afxM2d mat2
#define afxM3d mat3
#define afxM4d mat4

        
        const mat4 m = mat4(1, 0, 0, 0, 0, -1, 0, 0, 0, 0, 1, 0, 0, 0, 0, 1);
        
        layout(location = 0) in vec2 a_xy;
        
        out block
        {
            vec2 uv0;
        } sgl_v;

        void main()
        {
            gl_Position = vec4(a_xy, 0.0, 1.0);
            sgl_v.uv0 = vec2(m * vec4(gl_Position.xy * 0.5 + 0.5, 0, 1)).xy;
        }
       
 sglShader.c:134?_AfxShdCtor(shd=02e9dff0)
 afxObject<02e9dff0>::InstallEventFilter(02e9dd30)
 afxShader.c:550?AfxAcquireShaders(cnt=1,uri=02e8b800,shd=002cd538)
 Uploading shader 'data/pipeline/rgbaToRgba.xml?fs'
 afxXml.c:976?AfxLoadXml(uri:data/pipeline/rgbaToRgba.xml)
 afxFile.c:344?AfxOpenFile(00000001,data/pipeline/rgbaToRgba.xml)
 afxClass<afxFile>::AllocateObjects(1, 002ccdb8, 002ccdc8)
 afxClass<afxFile>::BuildObjects(1, 002ccdb8, 002ccdb0)
 afxClass<afxFile>::ConstructObject(02e8b240)
 afxStream.c:600?AfxAcquireStream(ios=02e8b274,flags=1,start=00000000,len=0)
 afxClass<afxFile>::DismantleObjects(1, 002cce08)
 Destructing instance 02e8b240 of afxFile class.
 afxClass<afxFile>::DeallocateObjects(1, 002cce08)
 afxFile.c:364?AfxOpenReadableFile(data/pipeline/stdEnv.inc)
 afxClass<afxFile>::AllocateObjects(1, 002ccba4, 002ccbb4)
 afxClass<afxFile>::BuildObjects(1, 002ccba4, 002ccb9c)
 afxClass<afxFile>::ConstructObject(02e8b240)
 afxStream.c:600?AfxAcquireStream(ios=02e8b274,flags=5,start=00000000,len=0)
 afxClass<afxFile>::DismantleObjects(1, 002ccbf4)
 Destructing instance 02e8b240 of afxFile class.
 afxClass<afxFile>::DeallocateObjects(1, 002ccbf4)
 afxShader.c:397?AfxBuildShaders(cnt=1,blueprint=002cd104,shd=002cd538)
 afxClass<afxShader>::AllocateObjects(1, 002cd538, 002cce00)
 afxClass<afxShader>::BuildObjects(1, 002cd538, 002cd104)
 afxClass<afxShader>::ConstructObject(02e8b240)
 afxShader.c:660?_AfxShdCtor(shd=02e8b240)
 #version 330 core // QWADRO. Engineered by SIGMA Technology Group.

#define afxInt int
#define afxNat uint

#define afxReal float

#define afxV2d vec2
#define afxV3d vec3
#define afxV4d vec4

#define afxM2d mat2
#define afxM3d mat3
#define afxM4d mat4

        
        uniform sampler2D samp;

        in block
        {
            vec2 uv0;
        } sgl_v;

        out vec4 sgl_rgba;

        void main()
        {
            sgl_rgba = texture(samp, sgl_v.uv0);
        }
       
 sglShader.c:134?_AfxShdCtor(shd=02e8b240)
 afxObject<02e8b240>::InstallEventFilter(02e9dd30)
 afxLego.c:218?AfxBuildLegos(dctx=02e88e30)
 ERR afxDrawContext.c:184?AfxGetLegoClass
    
 ERR afxDrawContext.c:184?AfxGetLegoClass
    (var_)
    Invalid
 afxClass<afxLego>::AllocateObjects(1, 02eca6d4, 002cd380)
 afxClass<afxLego>::BuildObjects(1, 02eca6d4, 002cd6f4)
 afxClass<afxLego>::ConstructObject(02e9d940)
 afxLego.c:275?_AfxLegtCtor(legt=02e9d940)
 sglPipeline.c:293?_AfxPipCtor(pip=02e9dd30)
 afxSampler.c:53?AfxAcquireSamplers(cnt=1,spec=002ce8e0,spec=007a9a2c)
 afxClass<afxSampler>::AllocateObjects(1, 007a9a2c, 002ce5e0)
 afxClass<afxSampler>::BuildObjects(1, 007a9a2c, 002ce8e0)
 afxClass<afxSampler>::ConstructObject(026489b0)
 afxSampler.c:111?_AfxSampCtor(samp=026489b0)
 sglSampler.c:143?_AfxSmpCtor(smp=026489b0)
 afxClass<afxVertexBuffer>::AllocateObjects(1, 007a9a30, 002ce634)
 afxClass<afxVertexBuffer>::BuildObjects(1, 007a9a30, 002ce60c)
 afxClass<afxVertexBuffer, afxBuffer>ConstructingObject(025f04c0)
 afxClass<afxBuffer>::ConstructObject(025f04c0)
 afxBuffer.c:247?_AfxBufCtor(buf=025f04c0)
 sglBuffer.c:329?_SglBufCtor(buf=025f04c0)
 afxClass<afxVertexBuffer>::ConstructObject(025f04c0)
 afxVertexBuffer.c:446?_AfxVbufCtor(vbuf=025f04c0)
 afxDrawQueue.c:314?AfxAcquireDrawQueues(ddrv=006e76c0,spec=002cea54,cnt=1)
 afxClass<afxDrawQueue>::AllocateObjects(1, 02644850, 002ce954)
 afxClass<afxDrawQueue>::BuildObjects(1, 02644850, 002cea54)
 afxClass<afxDrawQueue>::ConstructObject(02e8b760)
 afxDrawQueue.c:385?_AfxDqueCtor(dque=02e8b760)
 afxArena.c:767?AfxAcquireArena(aren=02e8b7e4)
 afxArena.c:768?AfxAcquireArena(spec=00000000,hint="afxDrawQueue.c:404!_AfxDqueCtor")
 sglDrawQueue.c:1699?_SglDdrvVmtDqueCb(dque=02e8b760)
 afxApplication.c:232?AfxAcquireApplication(sys=77de56d1,spec=002cef3c)
 afxClass<afxApplication>::AllocateObjects(1, 002cee54, 002cee64)
 afxClass<afxApplication>::BuildObjects(1, 002cee54, 00000000)
 afxClass<afxApplication, afxThread>ConstructingObject(02ec8f90)
 afxClass<afxThread>::ConstructObject(02ec8f90)
 afxThread.c:1114?_AfxThrCtor(02ec8f90)
 afxClass<afxApplication>::ConstructObject(02ec8f90)
 afxApplication.c:311?_AfxAppCtor(app=02ec8f90)
 afxMouse.c:256?AfxAcquireMouse(port=0)
 afxClass<afxMouse>::AllocateObjects(1, 002cea60, 002cea70)
 afxClass<afxMouse>::BuildObjects(1, 002cea60, 002cea5c)
 afxClass<afxMouse, afxHid>ConstructingObject(02f17340)
 afxClass<afxHid>::ConstructObject(02f17340)
 afxHid.c:226?_AfxHidCtor(hid=02f17340)
 afxClass<afxMouse>::ConstructObject(02f17340)
 afxMouse.c:311?_AfxMseCtor(mse=02f17340)
 afxDrawInput.c:252?AfxAcquireDrawInputs(spec=002ceb08,cnt=1)
 afxClass<afxDrawInput>::AllocateObjects(1, 02ec9214, 002cea68)
 afxClass<afxDrawInput>::BuildObjects(1, 02ec9214, 002ceb08)
 afxClass<afxDrawInput>::ConstructObject(02e9d9e0)
 afxDrawInput.c:336?_AfxDinCtor(din=02e9d9e0)
 afxClass<afxWidget>::Mount(02ec906c, 02ec9058, 00000000, 77dec470)
 afxClass<afxSimulation>::Mount(02ec912c, 02ec9058, 00000000, 77decd08)
 afxApplication.c:194?AfxRunApplication(app=02ec8f90)
 afxThread.c:1021?AfxRunThread(thr=02ec8f90)
 mmplayer.c:98?AfxEnterApplication(app=02ec8f90)
 Uploading texture 'art/world.tga'
 afxFile.c:344?AfxOpenFile(00000001,art/world.tga)
 afxClass<afxFile>::AllocateObjects(1, 002ce230, 002ce240)
 afxClass<afxFile>::BuildObjects(1, 002ce230, 002ce228)
 afxClass<afxFile>::ConstructObject(02ec8c30)
 afxStream.c:600?AfxAcquireStream(ios=02ec8c64,flags=1,start=00000000,len=0)
 ADV afxTexture.c:69?AfxAcquireTextureBlueprint
    texb->fcc == AFX_FCC_TEXB
 afxTexture.c:832?AfxBuildTextures(cnt=1,blueprint=002ce300,tex=00385028)
 afxClass<afxTexture>::AllocateObjects(1, 00385028, 002ce208)
 afxClass<afxTexture>::BuildObjects(1, 00385028, 002ce300)
 afxClass<afxTexture>::ConstructObject(02f17420)
 afxTexture.c:1023?_AfxTexCtor(tex=02f17420)
 sglTexture.c:987?_SglTexCtor(tex=02f17420)
 afxClass<afxFile>::DismantleObjects(1, 002ce280)
 Destructing instance 02ec8c30 of afxFile class.
 afxClass<afxFile>::DeallocateObjects(1, 002ce280)
 afxFile.c:344?AfxOpenFile(00000002,tmp/world2.tga)
 afxClass<afxFile>::AllocateObjects(1, 002ce6b0, 002ce6c0)
 afxClass<afxFile>::BuildObjects(1, 002ce6b0, 002ce6a8)
 afxClass<afxFile>::ConstructObject(02ec8c30)
 afxStream.c:600?AfxAcquireStream(ios=02ec8c64,flags=2,start=00000000,len=0)
 afxClass<afxFile>::DismantleObjects(1, 002ce700)
 Destructing instance 02ec8c30 of afxFile class.
 afxClass<afxFile>::DeallocateObjects(1, 002ce700)
 afxClass<afxTexture>::DismantleObjects(1, 002ceac0)
 Destructing instance 02f17420 of afxTexture class.
 afxTexture.c:1002?_AfxTexDtor(tex=02f17420)
 sglTexture.c:954?_SglTexDtor(img=02f17420)
 afxClass<afxTexture>::DeallocateObjects(1, 002ceac0)
 afxDrawOutput.c:460?AfxAcquireDrawOutputs(spec=002cebc0,cnt=1)
 afxClass<afxDrawOutput>::AllocateObjects(1, 0038502c, 002cea78)
 afxClass<afxDrawOutput>::BuildObjects(1, 0038502c, 002cebc0)
 afxClass<afxDrawOutput>::ConstructObject(02ed9bb0)
 afxDrawOutput.c:548?_AfxDoutCtor(dout=02ed9bb0)
 sglDrawOutput.c:235?_SglDdrvVmtDoutCb(dout=02ed9bb0,uri=)
 afxDrawOutput.c:304?AfxRegenerateDrawOutputBuffers(dout=02ed9bb0)
 Draw output (02ed9bb0) extent readjusted to 960x540; 0.500000%:0.500000% of 1920x1080.
 afxDrawOutput.c:304?AfxRegenerateDrawOutputBuffers(dout=02ed9bb0)
 Draw output (02ed9bb0) extent readjusted to 952x513; 0.495833%:0.475000% of 1920x1080.
 afxDrawOutput.c:304?AfxRegenerateDrawOutputBuffers(dout=02ed9bb0)
 afxSurface.c:52?AfxAcquireSurface(fmt=12,whd=[952,513,1],usage=16)
 ADV afxTexture.c:69?AfxAcquireTextureBlueprint
    texb->fcc == AFX_FCC_TEXB
 afxClass<afxSurface>::AllocateObjects(1, 002ce468, 002ce484)
 afxClass<afxSurface>::BuildObjects(1, 002ce468, 002ce490)
 afxClass<afxSurface, afxTexture>ConstructingObject(02f10410)
 afxClass<afxTexture>::ConstructObject(02f10410)
 afxTexture.c:1023?_AfxTexCtor(tex=02f10410)
 sglTexture.c:987?_SglTexCtor(tex=02f10410)
 afxClass<afxSurface>::ConstructObject(02f10410)
 afxSurface.c:130?_AfxSurfCtor(surf=02f10410)
 sglSurface.c:114?_AfxSurfCtor(surf=02f10410)
 afxSurface.c:52?AfxAcquireSurface(fmt=12,whd=[952,513,1],usage=16)
 ADV afxTexture.c:69?AfxAcquireTextureBlueprint
    texb->fcc == AFX_FCC_TEXB
 afxClass<afxSurface>::AllocateObjects(1, 002ce468, 002ce484)
 afxClass<afxSurface>::BuildObjects(1, 002ce468, 002ce490)
 afxClass<afxSurface, afxTexture>ConstructingObject(02f10500)
 afxClass<afxTexture>::ConstructObject(02f10500)
 afxTexture.c:1023?_AfxTexCtor(tex=02f10500)
 sglTexture.c:987?_SglTexCtor(tex=02f10500)
 afxClass<afxSurface>::ConstructObject(02f10500)
 afxSurface.c:130?_AfxSurfCtor(surf=02f10500)
 sglSurface.c:114?_AfxSurfCtor(surf=02f10500)
 afxCanvas.c:253?AfxBuildCanvases(dctx=02e88e30,cnt=1,blueprint=002ce980,canv=00385048)
 afxClass<afxCanvas>::AllocateObjects(1, 00385048, 002ce86c)
 afxClass<afxCanvas>::BuildObjects(1, 00385048, 002ce980)
 afxClass<afxCanvas>::ConstructObject(02f10600)
 afxCanvas.c:365?_AfxCanvCtor(canv=02f10600)
 sglCanvas.c:356?_AfxCanvCtor(canv=02f10600)
 afxObject<02f10410>::InstallEventFilter(02f10600)
 afxObject<02ed9bb0>::InstallEventFilter(02f10600)
 afxCanvas.c:253?AfxBuildCanvases(dctx=02e88e30,cnt=1,blueprint=002ce980,canv=0038504c)
 afxClass<afxCanvas>::AllocateObjects(1, 0038504c, 002ce86c)
 afxClass<afxCanvas>::BuildObjects(1, 0038504c, 002ce980)
 afxClass<afxCanvas>::ConstructObject(02f106b0)
 afxCanvas.c:365?_AfxCanvCtor(canv=02f106b0)
 sglCanvas.c:356?_AfxCanvCtor(canv=02f106b0)
 afxObject<02f10500>::InstallEventFilter(02f106b0)
 afxObject<02ed9bb0>::InstallEventFilter(02f106b0)
 afxDrawInput.c:252?AfxAcquireDrawInputs(spec=002ceb30,cnt=1)
 afxClass<afxDrawInput>::AllocateObjects(1, 00385038, 002cea78)
 afxClass<afxDrawInput>::BuildObjects(1, 00385038, 002ceb30)
 afxClass<afxDrawInput>::ConstructObject(02edd930)
 afxDrawInput.c:336?_AfxDinCtor(din=02edd930)
 afxModule.c:78?AfxAcquireModule(uri=binkw32.dll)
 afxClass<afxModule>::AllocateObjects(1, 002ce76c, 002ce7a0)
 afxClass<afxModule>::BuildObjects(1, 002ce76c, 002ce874)
 afxClass<afxModule>::ConstructObject(02e8b590)
 afxModule.c:146?_AfxMdleCtor(uri:binkw32.dll)
 afxSampler.c:53?AfxAcquireSamplers(cnt=1,spec=002cea40,spec=0038516c)
 afxClass<afxSampler>::AllocateObjects(1, 0038516c, 002ce720)
 afxClass<afxSampler>::BuildObjects(1, 0038516c, 002cea40)
 afxClass<afxSampler>::ConstructObject(02ee41f0)
 afxSampler.c:111?_AfxSampCtor(samp=02ee41f0)
 sglSampler.c:143?_AfxSmpCtor(smp=02ee41f0)
 Uploading draw operation 'data/pipeline/yv12ToRgba.xml'
 afxXml.c:976?AfxLoadXml(uri:data/pipeline/yv12ToRgba.xml)
 afxFile.c:344?AfxOpenFile(00000001,data/pipeline/yv12ToRgba.xml)
 afxClass<afxFile>::AllocateObjects(1, 002ce224, 002ce234)
 afxClass<afxFile>::BuildObjects(1, 002ce224, 002ce21c)
 afxClass<afxFile>::ConstructObject(0300be40)
 afxStream.c:600?AfxAcquireStream(ios=0300be74,flags=1,start=00000000,len=0)
 afxClass<afxFile>::DismantleObjects(1, 002ce274)
 Destructing instance 0300be40 of afxFile class.
 afxClass<afxFile>::DeallocateObjects(1, 002ce274)
 afxClass<afxDrawOperation>::AllocateObjects(1, 00385168, 002ce26c)
 afxClass<afxDrawOperation>::BuildObjects(1, 00385168, 002ce4f0)
 afxClass<afxDrawOperation>::ConstructObject(02ee3340)
 afxDrawOperation.c:659?_AfxDopCtor(dop=02ee3340)
 afxPipeline.c:380?AfxBuildPipelines(dctx=02e88e30)
 afxClass<afxPipeline>::AllocateObjects(1, 02ecb098, 002cdc14)
 afxClass<afxPipeline>::BuildObjects(1, 02ecb098, 002cdd08)
 afxClass<afxPipeline>::ConstructObject(05390080)
 afxPipeline.c:452?_AfxPipCtor(pip=05390080)
 afxShader.c:550?AfxAcquireShaders(cnt=1,uri=02eddbb0,shd=002cd678)
 Uploading shader 'data/pipeline/yv12ToRgba.xml?vs'
 afxXml.c:976?AfxLoadXml(uri:data/pipeline/yv12ToRgba.xml)
 afxFile.c:344?AfxOpenFile(00000001,data/pipeline/yv12ToRgba.xml)
 afxClass<afxFile>::AllocateObjects(1, 002ccef8, 002ccf08)
 afxClass<afxFile>::BuildObjects(1, 002ccef8, 002ccef0)
 afxClass<afxFile>::ConstructObject(0300d660)
 afxStream.c:600?AfxAcquireStream(ios=0300d694,flags=1,start=00000000,len=0)
 afxClass<afxFile>::DismantleObjects(1, 002ccf48)
 Destructing instance 0300d660 of afxFile class.
 afxClass<afxFile>::DeallocateObjects(1, 002ccf48)
 afxFile.c:364?AfxOpenReadableFile(data/pipeline/stdEnv.inc)
 afxClass<afxFile>::AllocateObjects(1, 002ccce4, 002cccf4)
 afxClass<afxFile>::BuildObjects(1, 002ccce4, 002cccdc)
 afxClass<afxFile>::ConstructObject(03006000)
 afxStream.c:600?AfxAcquireStream(ios=03006034,flags=5,start=00000000,len=0)
 afxClass<afxFile>::DismantleObjects(1, 002ccd34)
 Destructing instance 03006000 of afxFile class.
 afxClass<afxFile>::DeallocateObjects(1, 002ccd34)
 afxShader.c:397?AfxBuildShaders(cnt=1,blueprint=002cd244,shd=002cd678)
 afxClass<afxShader>::AllocateObjects(1, 002cd678, 002ccf40)
 afxClass<afxShader>::BuildObjects(1, 002cd678, 002cd244)
 afxClass<afxShader>::ConstructObject(05394f30)
 afxShader.c:660?_AfxShdCtor(shd=05394f30)
 #version 330 core // QWADRO. Engineered by SIGMA Technology Group.

#define afxInt int
#define afxNat uint

#define afxReal float

#define afxV2d vec2
#define afxV3d vec3
#define afxV4d vec4

#define afxM2d mat2
#define afxM3d mat3
#define afxM4d mat4

        
        layout(location = 0) in vec2 a_xy;

        out block
        {
            vec2 uv0;
        } sgl_v;

        void main()
        {
            gl_Position = vec4(a_xy, 0.0, 1.0);
            sgl_v.uv0 = vec2(gl_Position.xy * 0.5 + 0.5).xy;
        }
       
 sglShader.c:134?_AfxShdCtor(shd=05394f30)
 afxObject<05394f30>::InstallEventFilter(05390080)
 afxShader.c:550?AfxAcquireShaders(cnt=1,uri=02eddc50,shd=002cd678)
 Uploading shader 'data/pipeline/yv12ToRgba.xml?fsSigma'
 afxXml.c:976?AfxLoadXml(uri:data/pipeline/yv12ToRgba.xml)
 afxFile.c:344?AfxOpenFile(00000001,data/pipeline/yv12ToRgba.xml)
 afxClass<afxFile>::AllocateObjects(1, 002ccef8, 002ccf08)
 afxClass<afxFile>::BuildObjects(1, 002ccef8, 002ccef0)
 afxClass<afxFile>::ConstructObject(03006000)
 afxStream.c:600?AfxAcquireStream(ios=03006034,flags=1,start=00000000,len=0)
 afxClass<afxFile>::DismantleObjects(1, 002ccf48)
 Destructing instance 03006000 of afxFile class.
 afxClass<afxFile>::DeallocateObjects(1, 002ccf48)
 afxFile.c:364?AfxOpenReadableFile(data/pipeline/stdEnv.inc)
 afxClass<afxFile>::AllocateObjects(1, 002ccce4, 002cccf4)
 afxClass<afxFile>::BuildObjects(1, 002ccce4, 002cccdc)
 afxClass<afxFile>::ConstructObject(03006000)
 afxStream.c:600?AfxAcquireStream(ios=03006034,flags=5,start=00000000,len=0)
 afxClass<afxFile>::DismantleObjects(1, 002ccd34)
 Destructing instance 03006000 of afxFile class.
 afxClass<afxFile>::DeallocateObjects(1, 002ccd34)
 afxShader.c:397?AfxBuildShaders(cnt=1,blueprint=002cd244,shd=002cd678)
 afxClass<afxShader>::AllocateObjects(1, 002cd678, 002ccf40)
 afxClass<afxShader>::BuildObjects(1, 002cd678, 002cd244)
 afxClass<afxShader>::ConstructObject(03006000)
 afxShader.c:660?_AfxShdCtor(shd=03006000)
 #version 330 core // QWADRO. Engineered by SIGMA Technology Group.

#define afxInt int
#define afxNat uint

#define afxReal float

#define afxV2d vec2
#define afxV3d vec3
#define afxV4d vec4

#define afxM2d mat2
#define afxM3d mat3
#define afxM4d mat4

        
        uniform sampler2D samp0;
        uniform sampler2D samp1;
        uniform sampler2D samp2;
        
        in block
        {
            vec2 uv0;
        } sgl_v;

        out vec4 sgl_rgba;

        void main()
        {
            vec3 yuv;
            yuv.x = texture(samp0, sgl_v.uv0).r;
            yuv.y = texture(samp2, sgl_v.uv0).r - 0.5;
            yuv.z = texture(samp1, sgl_v.uv0).r - 0.5;
            
            vec3 rgb = mat3( 1, 1, 1, 0, -0.34414, 1.772, 1.402, -0.71414, 0) * yuv;
            sgl_rgba = vec4(rgb, 1);
        }
       
 sglShader.c:134?_AfxShdCtor(shd=03006000)
 afxObject<03006000>::InstallEventFilter(05390080)
 afxLego.c:218?AfxBuildLegos(dctx=02e88e30)
 ERR afxDrawContext.c:184?AfxGetLegoClass
    
 ERR afxDrawContext.c:184?AfxGetLegoClass
    (var_)
    Invalid
 afxClass<afxLego>::AllocateObjects(1, 03005f74, 002cd4c0)
 afxClass<afxLego>::BuildObjects(1, 03005f74, 002cd834)
 afxClass<afxLego>::ConstructObject(0302ef90)
 afxLego.c:275?_AfxLegtCtor(legt=0302ef90)
 sglPipeline.c:293?_AfxPipCtor(pip=05390080)
 afxClass<afxVertexBuffer>::AllocateObjects(1, 00385170, 002ce774)
 afxClass<afxVertexBuffer>::BuildObjects(1, 00385170, 002ce74c)
 afxClass<afxVertexBuffer, afxBuffer>ConstructingObject(02ee06f0)
 afxClass<afxBuffer>::ConstructObject(02ee06f0)
 afxBuffer.c:247?_AfxBufCtor(buf=02ee06f0)
 sglBuffer.c:329?_SglBufCtor(buf=02ee06f0)
 afxClass<afxVertexBuffer>::ConstructObject(02ee06f0)
 afxVertexBuffer.c:446?_AfxVbufCtor(vbuf=02ee06f0)
 afxSurface.c:52?AfxAcquireSurface(fmt=1,whd=[1920,1080,1],usage=16)
 ADV afxTexture.c:69?AfxAcquireTextureBlueprint
    texb->fcc == AFX_FCC_TEXB
 afxClass<afxSurface>::AllocateObjects(1, 002cdaf8, 002cdb14)
 afxClass<afxSurface>::BuildObjects(1, 002cdaf8, 002cdb20)
 afxClass<afxSurface, afxTexture>ConstructingObject(02eddbb0)
 afxClass<afxTexture>::ConstructObject(02eddbb0)
 afxTexture.c:1023?_AfxTexCtor(tex=02eddbb0)
 sglTexture.c:987?_SglTexCtor(tex=02eddbb0)
 afxClass<afxSurface>::ConstructObject(02eddbb0)
 afxSurface.c:130?_AfxSurfCtor(surf=02eddbb0)
 sglSurface.c:114?_AfxSurfCtor(surf=02eddbb0)
 afxSurface.c:52?AfxAcquireSurface(fmt=1,whd=[960,544,1],usage=16)
 ADV afxTexture.c:69?AfxAcquireTextureBlueprint
    texb->fcc == AFX_FCC_TEXB
 afxClass<afxSurface>::AllocateObjects(1, 002cdaf8, 002cdb14)
 afxClass<afxSurface>::BuildObjects(1, 002cdaf8, 002cdb20)
 afxClass<afxSurface, afxTexture>ConstructingObject(0300be40)
 afxClass<afxTexture>::ConstructObject(0300be40)
 afxTexture.c:1023?_AfxTexCtor(tex=0300be40)
 sglTexture.c:987?_SglTexCtor(tex=0300be40)
 afxClass<afxSurface>::ConstructObject(0300be40)
 afxSurface.c:130?_AfxSurfCtor(surf=0300be40)
 sglSurface.c:114?_AfxSurfCtor(surf=0300be40)
 afxSurface.c:52?AfxAcquireSurface(fmt=1,whd=[960,544,1],usage=16)
 ADV afxTexture.c:69?AfxAcquireTextureBlueprint
    texb->fcc == AFX_FCC_TEXB
 afxClass<afxSurface>::AllocateObjects(1, 002cdaf8, 002cdb14)
 afxClass<afxSurface>::BuildObjects(1, 002cdaf8, 002cdb20)
 afxClass<afxSurface, afxTexture>ConstructingObject(0300ac80)
 afxClass<afxTexture>::ConstructObject(0300ac80)
 afxTexture.c:1023?_AfxTexCtor(tex=0300ac80)
 sglTexture.c:987?_SglTexCtor(tex=0300ac80)
 afxClass<afxSurface>::ConstructObject(0300ac80)
 afxSurface.c:130?_AfxSurfCtor(surf=0300ac80)
 sglSurface.c:114?_AfxSurfCtor(surf=0300ac80)
 afxCanvas.c:253?AfxBuildCanvases(dctx=02e88e30,cnt=1,blueprint=002ce060,canv=00385120)
 afxClass<afxCanvas>::AllocateObjects(1, 00385120, 002cdf8c)
 afxClass<afxCanvas>::BuildObjects(1, 00385120, 002ce060)
 afxClass<afxCanvas>::ConstructObject(02edd6e0)
 afxCanvas.c:365?_AfxCanvCtor(canv=02edd6e0)
 afxSurface.c:52?AfxAcquireSurface(fmt=4,whd=[1920,1080,1],usage=16)
 ADV afxTexture.c:69?AfxAcquireTextureBlueprint
    texb->fcc == AFX_FCC_TEXB
 afxClass<afxSurface>::AllocateObjects(1, 002cd568, 002cd584)
 afxClass<afxSurface>::BuildObjects(1, 002cd568, 002cd590)
 afxClass<afxSurface, afxTexture>ConstructingObject(02edd7a0)
 afxClass<afxTexture>::ConstructObject(02edd7a0)
 afxTexture.c:1023?_AfxTexCtor(tex=02edd7a0)
 sglTexture.c:987?_SglTexCtor(tex=02edd7a0)
 afxClass<afxSurface>::ConstructObject(02edd7a0)
 afxSurface.c:130?_AfxSurfCtor(surf=02edd7a0)
 sglSurface.c:114?_AfxSurfCtor(surf=02edd7a0)
 sglCanvas.c:356?_AfxCanvCtor(canv=02edd6e0)
 afxObject<02edd7a0>::InstallEventFilter(02edd6e0)
 afxSurface.c:52?AfxAcquireSurface(fmt=1,whd=[1920,1080,1],usage=16)
 ADV afxTexture.c:69?AfxAcquireTextureBlueprint
    texb->fcc == AFX_FCC_TEXB
 afxClass<afxSurface>::AllocateObjects(1, 002cdaf8, 002cdb14)
 afxClass<afxSurface>::BuildObjects(1, 002cdaf8, 002cdb20)
 afxClass<afxSurface, afxTexture>ConstructingObject(05394cc0)
 afxClass<afxTexture>::ConstructObject(05394cc0)
 afxTexture.c:1023?_AfxTexCtor(tex=05394cc0)
 sglTexture.c:987?_SglTexCtor(tex=05394cc0)
 afxClass<afxSurface>::ConstructObject(05394cc0)
 afxSurface.c:130?_AfxSurfCtor(surf=05394cc0)
 sglSurface.c:114?_AfxSurfCtor(surf=05394cc0)
 afxSurface.c:52?AfxAcquireSurface(fmt=1,whd=[960,544,1],usage=16)
 ADV afxTexture.c:69?AfxAcquireTextureBlueprint
    texb->fcc == AFX_FCC_TEXB
 afxClass<afxSurface>::AllocateObjects(1, 002cdaf8, 002cdb14)
 afxClass<afxSurface>::BuildObjects(1, 002cdaf8, 002cdb20)
 afxClass<afxSurface, afxTexture>ConstructingObject(05394dc0)
 afxClass<afxTexture>::ConstructObject(05394dc0)
 afxTexture.c:1023?_AfxTexCtor(tex=05394dc0)
 sglTexture.c:987?_SglTexCtor(tex=05394dc0)
 afxClass<afxSurface>::ConstructObject(05394dc0)
 afxSurface.c:130?_AfxSurfCtor(surf=05394dc0)
 sglSurface.c:114?_AfxSurfCtor(surf=05394dc0)
 afxSurface.c:52?AfxAcquireSurface(fmt=1,whd=[960,544,1],usage=16)
 ADV afxTexture.c:69?AfxAcquireTextureBlueprint
    texb->fcc == AFX_FCC_TEXB
 afxClass<afxSurface>::AllocateObjects(1, 002cdaf8, 002cdb14)
 afxClass<afxSurface>::BuildObjects(1, 002cdaf8, 002cdb20)
 afxClass<afxSurface, afxTexture>ConstructingObject(053abd10)
 afxClass<afxTexture>::ConstructObject(053abd10)
 afxTexture.c:1023?_AfxTexCtor(tex=053abd10)
 sglTexture.c:987?_SglTexCtor(tex=053abd10)
 afxClass<afxSurface>::ConstructObject(053abd10)
 afxSurface.c:130?_AfxSurfCtor(surf=053abd10)
 sglSurface.c:114?_AfxSurfCtor(surf=053abd10)
 afxCanvas.c:253?AfxBuildCanvases(dctx=02e88e30,cnt=1,blueprint=002ce060,canv=00385124)
 afxClass<afxCanvas>::AllocateObjects(1, 00385124, 002cdf8c)
 afxClass<afxCanvas>::BuildObjects(1, 00385124, 002ce060)
 afxClass<afxCanvas>::ConstructObject(053abe10)
 afxCanvas.c:365?_AfxCanvCtor(canv=053abe10)
 afxSurface.c:52?AfxAcquireSurface(fmt=4,whd=[1920,1080,1],usage=16)
 ADV afxTexture.c:69?AfxAcquireTextureBlueprint
    texb->fcc == AFX_FCC_TEXB
 afxClass<afxSurface>::AllocateObjects(1, 002cd568, 002cd584)
 afxClass<afxSurface>::BuildObjects(1, 002cd568, 002cd590)
 afxClass<afxSurface, afxTexture>ConstructingObject(053abec0)
 afxClass<afxTexture>::ConstructObject(053abec0)
 afxTexture.c:1023?_AfxTexCtor(tex=053abec0)
 sglTexture.c:987?_SglTexCtor(tex=053abec0)
 afxClass<afxSurface>::ConstructObject(053abec0)
 afxSurface.c:130?_AfxSurfCtor(surf=053abec0)
 sglSurface.c:114?_AfxSurfCtor(surf=053abec0)
 sglCanvas.c:356?_AfxCanvCtor(canv=053abe10)
 afxObject<053abec0>::InstallEventFilter(053abe10)
 afxDrawOutput.c:304?AfxRegenerateDrawOutputBuffers(dout=02ed9bb0)
 afxSurface.c:52?AfxAcquireSurface(fmt=12,whd=[1920,1080,1],usage=16)
 ADV afxTexture.c:69?AfxAcquireTextureBlueprint
    texb->fcc == AFX_FCC_TEXB
 afxClass<afxSurface>::AllocateObjects(1, 002ce3c8, 002ce3e4)
 afxClass<afxSurface>::BuildObjects(1, 002ce3c8, 002ce3f0)
 afxClass<afxSurface, afxTexture>ConstructingObject(02ee5550)
 afxClass<afxTexture>::ConstructObject(02ee5550)
 afxTexture.c:1023?_AfxTexCtor(tex=02ee5550)
 sglTexture.c:987?_SglTexCtor(tex=02ee5550)
 afxClass<afxSurface>::ConstructObject(02ee5550)
 afxSurface.c:130?_AfxSurfCtor(surf=02ee5550)
 sglSurface.c:114?_AfxSurfCtor(surf=02ee5550)
 ERR afxCanvas.c:330?_AfxCanvEventFilter
    
 afxSurface.c:52?AfxAcquireSurface(fmt=12,whd=[1920,1080,1],usage=16)
 ADV afxTexture.c:69?AfxAcquireTextureBlueprint
    texb->fcc == AFX_FCC_TEXB
 afxClass<afxSurface>::AllocateObjects(1, 002ce3c8, 002ce3e4)
 afxClass<afxSurface>::BuildObjects(1, 002ce3c8, 002ce3f0)
 afxClass<afxSurface, afxTexture>ConstructingObject(02ee5650)
 afxClass<afxTexture>::ConstructObject(02ee5650)
 afxTexture.c:1023?_AfxTexCtor(tex=02ee5650)
 sglTexture.c:987?_SglTexCtor(tex=02ee5650)
 afxClass<afxSurface>::ConstructObject(02ee5650)
 afxSurface.c:130?_AfxSurfCtor(surf=02ee5650)
 sglSurface.c:114?_AfxSurfCtor(surf=02ee5650)
 ERR afxCanvas.c:330?_AfxCanvEventFilter
    
 Draw output (02ed9bb0) extent readjusted to 1920x1080; 1.000000%:1.000000% of 1920x1080.
 afxDrawScript.c:369?AfxAcquireDrawScripts(ddrv=006e76c0)
 afxClass<afxDrawScript>::AllocateObjects(1, 002ce268, 002ce1b0)
 afxClass<afxDrawScript>::BuildObjects(1, 002ce268, 002ce19c)
 afxClass<afxDrawScript>::ConstructObject(02ee5740)
 afxDrawScript.c:453?_AfxDscrCtor(dscr=02ee5740)
 afxArena.c:767?AfxAcquireArena(aren=02ee578c)
 afxArena.c:768?AfxAcquireArena(spec=00000000,hint="afxDrawScript.c:467!_AfxDscrCtor")
 sglCanvas.c:55?_SglCanvReinstantiateIdd(canv=02f10600)
 sglTexture.c:756?_SglTexReinstantiateIdd(tex=02ee5550)
 afxTexture 02ee5550 hardware-side data instanced.
 afxSurface 02ee5550 hardware-side data instanced.
 afxCanvas 02f10600 hardware-side data instanced.
 afxCanvas 02f10600 hardware-side data instanced.
 afxShader 05394f30 hardware-side data instanced.
 afxShader 03006000 hardware-side data instanced.
 afxPipeline 05390080 hardware-side data instanced.
 afxBuffer 02ee06f0 hardware-side data instanced.
 sglTexture.c:756?_SglTexReinstantiateIdd(tex=05394cc0)
 afxTexture 05394cc0 hardware-side data instanced.
 afxSampler 02ee41f0 hardware-side data instanced.
 sglTexture.c:756?_SglTexReinstantiateIdd(tex=05394dc0)
 afxTexture 05394dc0 hardware-side data instanced.
 sglTexture.c:756?_SglTexReinstantiateIdd(tex=053abd10)
 afxTexture 053abd10 hardware-side data instanced.
 afxShader 02e9dff0 hardware-side data instanced.
 afxShader 02e8b240 hardware-side data instanced.
 afxPipeline 02e9dd30 hardware-side data instanced.
 afxBuffer 025f04c0 hardware-side data instanced.
 afxSampler 026489b0 hardware-side data instanced.
 sglCanvas.c:55?_SglCanvReinstantiateIdd(canv=02f106b0)
 sglTexture.c:756?_SglTexReinstantiateIdd(tex=02ee5650)
 afxTexture 02ee5650 hardware-side data instanced.
 afxSurface 02ee5650 hardware-side data instanced.
 afxCanvas 02f106b0 hardware-side data instanced.
 afxCanvas 02f106b0 hardware-side data instanced.
 sglTexture.c:756?_SglTexReinstantiateIdd(tex=02eddbb0)
 afxTexture 02eddbb0 hardware-side data instanced.
 sglTexture.c:756?_SglTexReinstantiateIdd(tex=0300be40)
 afxTexture 0300be40 hardware-side data instanced.
 sglTexture.c:756?_SglTexReinstantiateIdd(tex=0300ac80)
 afxTexture 0300ac80 hardware-side data instanced.
 afxDrawOutput.c:304?AfxRegenerateDrawOutputBuffers(dout=02ed9bb0)
 afxClass<afxSurface>::DismantleObjects(1, 002cd6a4)
 Destructing instance 02ee5550 of afxSurface class.
 afxSurface.c:97?_AfxSurfDtor(surf=02ee5550)
 sglSurface.c:84?_AfxSurfDtor(surf=02ee5550)
 sglDrawDriver.c:1594?_SglDeleteGlRes(dctx=02e88e30)
 Destructing instance 02ee5550 of afxSurface : afxTexture class.
 Destructing instance 02ee5550 of afxTexture class.
 afxTexture.c:1002?_AfxTexDtor(tex=02ee5550)
 sglTexture.c:954?_SglTexDtor(img=02ee5550)
 sglDrawDriver.c:1594?_SglDeleteGlRes(dctx=02e88e30)
 afxClass<afxSurface>::DeallocateObjects(1, 002cd6a4)
 afxSurface.c:52?AfxAcquireSurface(fmt=12,whd=[1920,1017,1],usage=16)
 ADV afxTexture.c:69?AfxAcquireTextureBlueprint
    texb->fcc == AFX_FCC_TEXB
 afxClass<afxSurface>::AllocateObjects(1, 002cd198, 002cd1b4)
 afxClass<afxSurface>::BuildObjects(1, 002cd198, 002cd1c0)
 afxClass<afxSurface, afxTexture>ConstructingObject(02ed78e0)
 afxClass<afxTexture>::ConstructObject(02ed78e0)
 afxTexture.c:1023?_AfxTexCtor(tex=02ed78e0)
 sglTexture.c:987?_SglTexCtor(tex=02ed78e0)
 afxClass<afxSurface>::ConstructObject(02ed78e0)
 afxSurface.c:130?_AfxSurfCtor(surf=02ed78e0)
 sglSurface.c:114?_AfxSurfCtor(surf=02ed78e0)
 ERR afxObject.c:333?AfxObjectAssert
    
 ERR afxObject.c:333?AfxObjectAssert
    (obj)
    Invalid
 ERR afxObject.c:206?AfxObjectTestFcc
    
 ERR afxObject.c:206?AfxObjectTestFcc
    (obj)
    Invalid
 ERR afxObject.c:258?AfxObjectGetClass
    
 ERR afxObject.c:258?AfxObjectGetClass
    (obj)
    Invalid