
 afxDebug.c:386?AfxAttachDebugTerminal()
      ::::::::  :::       :::     :::     :::::::::  :::::::::   ::::::::      
     :+:    :+: :+:       :+:   :+: :+:   :+:    :+: :+:    :+: :+:    :+:     
     +:+    +:+ +:+       +:+  +:+   +:+  +:+    +:+ +:+    +:+ +:+    +:+     
     +#+    +:+ +#+  +:+  +#+ +#++:++#++: +#+    +:+ +#++:++#:  +#+    +:+     
     +#+  # +#+ +#+ +#+#+ +#+ +#+     +#+ +#+    +#+ +#+    +#+ +#+    +#+     
     #+#   +#+   #+#+# #+#+#  #+#     #+# #+#    #+# #+#    #+# #+#    #+#     
      ###### ###  ###   ###   ###     ### #########  ###    ###  ########      
                                                                               
                  S I G M A   T E C H N O L O G Y   G R O U P                  
                                                                               
                               Public Test Build                               
                           (c) 2017 Federacao SIGMA                            
                                www.sigmaco.org                                
                                                                               
 afxClass<afxSystem>::Mount(77fe1c10, 00000000, 00000000, 77fc02e4)
 afxClass<afxSystem>::AllocateObjects(1, 003af094, 003aefac)
 afxClass<afxSystem>::BuildObjects(1, 003af094, 00000000)
 afxClass<afxSystem>::ConstructObject(006ff0f0)
 afxSystem.c:887?_AfxSysCtor(sys=006ff0f0)
 ADV afxSystem.c:907?_AfxSysCtor
    Memoy page size: 4096
 ADV afxSystem.c:908?_AfxSysCtor
    Logical processor count: 2
 afxClass<afxMemory>::Mount(006ff13c, 006ff124, 00000000, 77fc4b3c)
 afxMemory.c:144?AfxAcquireMemory(strategy=003ae098,hint="afxSystem.c:929!_AfxSysCtor")
 afxClass<afxMemory>::AllocateObjects(1, 003adf34, 003adf44)
 afxClass<afxMemory>::BuildObjects(1, 003adf34, 003adf2c)
 afxClass<afxMemory>::ConstructObject(006ff950)
 afxMemory.c:198?_AfxMemCtor(mem=006ff950)
 afxClass<afxThread>::Mount(006ff1fc, 006ff124, 00000000, 77fc0950)
 afxClass<afxIoSystem>::Mount(006ff2bc, 006ff124, 00000000, 77fc2110)
 afxClass<afxIoSystem>::AllocateObjects(1, 003ae060, 003adf34)
 afxClass<afxIoSystem>::BuildObjects(1, 003ae060, 003ae064)
 afxClass<afxIoSystem>::ConstructObject(006fff30)
 afxIoSystem.c:706?_AfxIoCtor(io=006fff30)
 afxArena.c:767?AfxAcquireArena(aren=006fff7c)
 afxArena.c:768?AfxAcquireArena(spec=00000000,hint="afxIoSystem.c:722!_AfxIoCtor")
 afxClass<afxFile>::Mount(006fffd4, 006fff64, 00000000, 77fc1e54)
 afxClass<afxArchive>::Mount(00700094, 006fff64, 006fffd4, 77fc17d4)
 afxClass<afxResource>::Mount(00700214, 006fff64, 00000000, 77fc35cc)
 afxClass<afxUrd>::Mount(00700154, 006fff64, 00000000, 77fc3bac)
 afxIoSystem.c:412?AfxMountStoragePoints(006fff30,6,003ae25c)
 Point "." 5 mounted -> "E:/qwadro/afx".
 Point "system" 5 mounted -> "E:/qwadro/afx/system32".
 Point "sound" 5 mounted -> "E:/qwadro/afx/sound".
 Point "tmp" 7 mounted -> "E:/qwadro/afx/tmp".
 Point "data" 5 mounted -> "E:/qwadro/afx/data".
 Point "art" 5 mounted -> "E:/qwadro/afx/art".
 afxClass<afxModule>::Mount(006ff37c, 006ff124, 00000000, 77fbef90)
 afxModule.c:93?AfxAcquireModules(uri=system/e2coree.dll)
 afxClass<afxModule>::AllocateObjects(1, 006ff8e0, 003adf18)
 afxClass<afxModule>::BuildObjects(1, 006ff8e0, 003ae188)
 afxClass<afxModule>::ConstructObject(007045f0)
 afxModule.c:170?_AfxMdleCtor(uri:system/e2coree.dll)
 afxClass<afxHid>::Mount(006ff43c, 006ff124, 00000000, 77fc287c)
 afxClass<afxKeyboard>::Mount(006ff4fc, 006ff124, 006ff43c, 77fc31c8)
 afxClass<afxMouse>::Mount(006ff5bc, 006ff124, 006ff43c, 77fc3368)
 afxClass<afxDrawSystem>::Mount(006ff67c, 006ff124, 00000000, 77fc79e4)
 afxClass<afxApplication>::Mount(006ff73c, 006ff124, 006ff1fc, 77fbe000)
 afxKeyboard.c:189?AfxAcquireKeyboards(port=0)
 afxClass<afxKeyboard>::AllocateObjects(1, 006ff8e4, 003adf4c)
 afxClass<afxKeyboard>::BuildObjects(1, 006ff8e4, 003adf3c)
 afxClass<afxKeyboard, afxHid>ConstructingObject(00704720)
 afxClass<afxHid>::ConstructObject(00704720)
 afxHid.c:226?_AfxHidCtor(hid=00704720)
 afxClass<afxKeyboard>::ConstructObject(00704720)
 afxKeyboard.c:252?_AfxKbdCtor(kbd=00704720)
 afxClass<afxDrawSystem>::AllocateObjects(1, 003af090, 003aefac)
 afxClass<afxDrawSystem>::BuildObjects(1, 003af090, 003af08c)
 afxClass<afxDrawSystem>::ConstructObject(00704fb0)
 afxDrawSystem.c:461?_AfxDsysCtor(dsys=00704fb0)
 afxClass<afxDrawDriver>::Mount(00704ff8, 00704fe4, 00000000, 77fc67a4)
 afxClass<afxDrawThread>::Mount(007050b8, 00704fe4, 006ff1fc, 77fc7d14)
New texture codec registered.
Name: SIGGL
Author: SIGMA Technology Group
Version: 0.5.1
Note: 
 Truecolor Targa texture serializer installed!
 afxModule.c:93?AfxAcquireModules(uri=e2draw.icd)
 afxClass<afxModule>::AllocateObjects(1, 007051e4, 003aead0)
 afxClass<afxModule>::BuildObjects(1, 007051e4, 003aebbc)
 afxClass<afxModule>::ConstructObject(00705fd0)
 afxModule.c:170?_AfxMdleCtor(uri:e2draw.icd)
 afxDrawDriver.c:215?AfxRegisterDrawDriver(spec=77d97c38)
 afxClass<afxDrawDriver>::AllocateObjects(1, 003aeb0c, 003aeaac)
 afxClass<afxDrawDriver>::BuildObjects(1, 003aeb0c, 77d97c38)
 afxClass<afxDrawDriver>::ConstructObject(007076c0)
 afxDrawDriver.c:271?_AfxDdrvCtor(ddrv=007076c0)
 afxClass<afxDrawScript>::Mount(00707710, 007076fc, 00000000, 77fc7444)
 afxClass<afxDrawQueue>::Mount(007077d0, 007076fc, 00000000, 77fc7304)
 afxClass<afxDrawContext>::Mount(00707890, 007076fc, 00000000, 77fc52f4)
 afxClass<afxDrawOutput>::Mount(00707950, 007076fc, 00000000, 77fc6d40)
 afxClass<afxDrawInput>::Mount(00707a10, 007076fc, 00000000, 77fc6b20)
 Listing mem available display devices...

 #0 = Intel(R) HD Graphics (\\.\DISPLAY1) 8000005
 #1 = RDPDD Chained DD (\\.\DISPLAYV1) 200008
 #2 = RDP Encoder Mirror Driver (\\.\DISPLAYV2) 200008
 #3 = RDP Reflector Display Driver (\\.\DISPLAYV3) 200008
 sglDrawDriver.c:1302?_SglCreateCombinedDeviceContext(oglWndClss=00707be0,shareCtx=00000000,phwnd=0070c680,phdc=0070c684,phrc=0070c68c)
 ADV sglDrawDriver.c:1641?_SglBuildDpu
    677 381 1920 1080 96 96 32 1 36 36 51 60 1 
 ERR sglDrawDriver.c:1088?SglGetPixelFormat
    
 ERR sglDrawDriver.c:1088?SglGetPixelFormat
    
 ERR sglDrawDriver.c:1076?SglDescribePixelFormat
    
 ERR sglDrawDriver.c:1076?SglDescribePixelFormat
    
 sglDrawDriver.c:790?_SglLoadVmt(vmt=0070c690,verMajor=1,verMinor=0)
 glCullFace @ 0 found.
 glFrontFace @ 1 found.
 glHint @ 2 found.
 glLineWidth @ 3 found.
 glPointSize @ 4 found.
 glPolygonMode @ 5 found.
 glScissor @ 6 found.
 glTexParameterf @ 7 found.
 glTexParameterfv @ 8 found.
 glTexParameteri @ 9 found.
 glTexParameteriv @ 10 found.
 glTexImage1D @ 11 found.
 glTexImage2D @ 12 found.
 glDrawBuffer @ 13 found.
 glClear @ 14 found.
 glClearColor @ 15 found.
 glClearStencil @ 16 found.
 glClearDepth @ 17 found.
 glStencilMask @ 18 found.
 glColorMask @ 19 found.
 glDepthMask @ 20 found.
 glDisable @ 21 found.
 glEnable @ 22 found.
 glFinish @ 23 found.
 glFlush @ 24 found.
 glBlendFunc @ 25 found.
 glLogicOp @ 26 found.
 glStencilFunc @ 27 found.
 glStencilOp @ 28 found.
 glDepthFunc @ 29 found.
 glPixelStoref @ 30 found.
 glPixelStorei @ 31 found.
 glReadBuffer @ 32 found.
 glReadPixels @ 33 found.
 glGetBooleanv @ 34 found.
 glGetDoublev @ 35 found.
 glGetError @ 36 found.
 glGetFloatv @ 37 found.
 glGetIntegerv @ 38 found.
 glGetString @ 39 found.
 glGetTexImage @ 40 found.
 glGetTexParameterfv @ 41 found.
 glGetTexParameteriv @ 42 found.
 glGetTexLevelParameterfv @ 43 found.
 glGetTexLevelParameteriv @ 44 found.
 glIsEnabled @ 45 found.
 glDepthRange @ 46 found.
 glViewport @ 47 found.
 sglDrawDriver.c:790?_SglLoadVmt(vmt=0070c690,verMajor=4,verMinor=6)
 glCullFace @ 0 found.
 glFrontFace @ 1 found.
 glHint @ 2 found.
 glLineWidth @ 3 found.
 glPointSize @ 4 found.
 glPolygonMode @ 5 found.
 glScissor @ 6 found.
 glTexParameterf @ 7 found.
 glTexParameterfv @ 8 found.
 glTexParameteri @ 9 found.
 glTexParameteriv @ 10 found.
 glTexImage1D @ 11 found.
 glTexImage2D @ 12 found.
 glDrawBuffer @ 13 found.
 glClear @ 14 found.
 glClearColor @ 15 found.
 glClearStencil @ 16 found.
 glClearDepth @ 17 found.
 glStencilMask @ 18 found.
 glColorMask @ 19 found.
 glDepthMask @ 20 found.
 glDisable @ 21 found.
 glEnable @ 22 found.
 glFinish @ 23 found.
 glFlush @ 24 found.
 glBlendFunc @ 25 found.
 glLogicOp @ 26 found.
 glStencilFunc @ 27 found.
 glStencilOp @ 28 found.
 glDepthFunc @ 29 found.
 glPixelStoref @ 30 found.
 glPixelStorei @ 31 found.
 glReadBuffer @ 32 found.
 glReadPixels @ 33 found.
 glGetBooleanv @ 34 found.
 glGetDoublev @ 35 found.
 glGetError @ 36 found.
 glGetFloatv @ 37 found.
 glGetIntegerv @ 38 found.
 glGetString @ 39 found.
 glGetTexImage @ 40 found.
 glGetTexParameterfv @ 41 found.
 glGetTexParameteriv @ 42 found.
 glGetTexLevelParameterfv @ 43 found.
 glGetTexLevelParameteriv @ 44 found.
 glIsEnabled @ 45 found.
 glDepthRange @ 46 found.
 glViewport @ 47 found.
 glDrawArrays @ 48 found.
 glDrawElements @ 49 found.
 glGetPointerv @ 50 found.
 glPolygonOffset @ 51 found.
 glCopyTexImage1D @ 52 found.
 glCopyTexImage2D @ 53 found.
 glCopyTexSubImage1D @ 54 found.
 glCopyTexSubImage2D @ 55 found.
 glTexSubImage1D @ 56 found.
 glTexSubImage2D @ 57 found.
 glBindTexture @ 58 found.
 glDeleteTextures @ 59 found.
 glGenTextures @ 60 found.
 glIsTexture @ 61 found.
 glDrawRangeElements @ 62 found.
 glTexImage3D @ 63 found.
 glTexSubImage3D @ 64 found.
 glCopyTexSubImage3D @ 65 found.
 glActiveTexture @ 66 found.
 glSampleCoverage @ 67 found.
 glCompressedTexImage3D @ 68 found.
 glCompressedTexImage2D @ 69 found.
 glCompressedTexImage1D @ 70 found.
 glCompressedTexSubImage3D @ 71 found.
 glCompressedTexSubImage2D @ 72 found.
 glCompressedTexSubImage1D @ 73 found.
 glGetCompressedTexImage @ 74 found.
 glBlendFuncSeparate @ 75 found.
 glMultiDrawArrays @ 76 found.
 glMultiDrawElements @ 77 found.
 glPointParameterf @ 78 found.
 glPointParameterfv @ 79 found.
 glPointParameteri @ 80 found.
 glPointParameteriv @ 81 found.
 glBlendColor @ 82 found.
 glBlendEquation @ 83 found.
 glGenQueries @ 84 found.
 glDeleteQueries @ 85 found.
 glIsQuery @ 86 found.
 glBeginQuery @ 87 found.
 glEndQuery @ 88 found.
 glGetQueryiv @ 89 found.
 glGetQueryObjectiv @ 90 found.
 glGetQueryObjectuiv @ 91 found.
 glBindBuffer @ 92 found.
 glDeleteBuffers @ 93 found.
 glGenBuffers @ 94 found.
 glIsBuffer @ 95 found.
 glBufferData @ 96 found.
 glBufferSubData @ 97 found.
 glGetBufferSubData @ 98 found.
 glMapBuffer @ 99 found.
 glUnmapBuffer @ 100 found.
 glGetBufferParameteriv @ 101 found.
 glGetBufferPointerv @ 102 found.
 glBlendEquationSeparate @ 103 found.
 glDrawBuffers @ 104 found.
 glStencilOpSeparate @ 105 found.
 glStencilFuncSeparate @ 106 found.
 glStencilMaskSeparate @ 107 found.
 glAttachShader @ 108 found.
 glBindAttribLocation @ 109 found.
 glCompileShader @ 110 found.
 glCreateProgram @ 111 found.
 glCreateShader @ 112 found.
 glDeleteProgram @ 113 found.
 glDeleteShader @ 114 found.
 glDetachShader @ 115 found.
 glDisableVertexAttribArray @ 116 found.
 glEnableVertexAttribArray @ 117 found.
 glGetActiveAttrib @ 118 found.
 glGetActiveUniform @ 119 found.
 glGetAttachedShaders @ 120 found.
 glGetAttribLocation @ 121 found.
 glGetProgramiv @ 122 found.
 glGetProgramInfoLog @ 123 found.
 glGetShaderiv @ 124 found.
 glGetShaderInfoLog @ 125 found.
 glGetShaderSource @ 126 found.
 glGetUniformLocation @ 127 found.
 glGetUniformfv @ 128 found.
 glGetUniformiv @ 129 found.
 glGetVertexAttribdv @ 130 found.
 glGetVertexAttribfv @ 131 found.
 glGetVertexAttribiv @ 132 found.
 glGetVertexAttribPointerv @ 133 found.
 glIsProgram @ 134 found.
 glIsShader @ 135 found.
 glLinkProgram @ 136 found.
 glShaderSource @ 137 found.
 glUseProgram @ 138 found.
 glUniform1f @ 139 found.
 glUniform2f @ 140 found.
 glUniform3f @ 141 found.
 glUniform4f @ 142 found.
 glUniform1i @ 143 found.
 glUniform2i @ 144 found.
 glUniform3i @ 145 found.
 glUniform4i @ 146 found.
 glUniform1fv @ 147 found.
 glUniform2fv @ 148 found.
 glUniform3fv @ 149 found.
 glUniform4fv @ 150 found.
 glUniform1iv @ 151 found.
 glUniform2iv @ 152 found.
 glUniform3iv @ 153 found.
 glUniform4iv @ 154 found.
 glUniformMatrix2fv @ 155 found.
 glUniformMatrix3fv @ 156 found.
 glUniformMatrix4fv @ 157 found.
 glValidateProgram @ 158 found.
 glVertexAttrib1d @ 159 found.
 glVertexAttrib1dv @ 160 found.
 glVertexAttrib1f @ 161 found.
 glVertexAttrib1fv @ 162 found.
 glVertexAttrib1s @ 163 found.
 glVertexAttrib1sv @ 164 found.
 glVertexAttrib2d @ 165 found.
 glVertexAttrib2dv @ 166 found.
 glVertexAttrib2f @ 167 found.
 glVertexAttrib2fv @ 168 found.
 glVertexAttrib2s @ 169 found.
 glVertexAttrib2sv @ 170 found.
 glVertexAttrib3d @ 171 found.
 glVertexAttrib3dv @ 172 found.
 glVertexAttrib3f @ 173 found.
 glVertexAttrib3fv @ 174 found.
 glVertexAttrib3s @ 175 found.
 glVertexAttrib3sv @ 176 found.
 glVertexAttrib4Nbv @ 177 found.
 glVertexAttrib4Niv @ 178 found.
 glVertexAttrib4Nsv @ 179 found.
 glVertexAttrib4Nub @ 180 found.
 glVertexAttrib4Nubv @ 181 found.
 glVertexAttrib4Nuiv @ 182 found.
 glVertexAttrib4Nusv @ 183 found.
 glVertexAttrib4bv @ 184 found.
 glVertexAttrib4d @ 185 found.
 glVertexAttrib4dv @ 186 found.
 glVertexAttrib4f @ 187 found.
 glVertexAttrib4fv @ 188 found.
 glVertexAttrib4iv @ 189 found.
 glVertexAttrib4s @ 190 found.
 glVertexAttrib4sv @ 191 found.
 glVertexAttrib4ubv @ 192 found.
 glVertexAttrib4uiv @ 193 found.
 glVertexAttrib4usv @ 194 found.
 glVertexAttribPointer @ 195 found.
 glUniformMatrix2x3fv @ 196 found.
 glUniformMatrix3x2fv @ 197 found.
 glUniformMatrix2x4fv @ 198 found.
 glUniformMatrix4x2fv @ 199 found.
 glUniformMatrix3x4fv @ 200 found.
 glUniformMatrix4x3fv @ 201 found.
 glColorMaski @ 202 found.
 glGetBooleani_v @ 203 found.
 glGetIntegeri_v @ 204 found.
 glEnablei @ 205 found.
 glDisablei @ 206 found.
 glIsEnabledi @ 207 found.
 glBeginTransformFeedback @ 208 found.
 glEndTransformFeedback @ 209 found.
 glBindBufferRange @ 210 found.
 glBindBufferBase @ 211 found.
 glTransformFeedbackVaryings @ 212 found.
 glGetTransformFeedbackVarying @ 213 found.
 glClampColor @ 214 found.
 glBeginConditionalRender @ 215 found.
 glEndConditionalRender @ 216 found.
 glVertexAttribIPointer @ 217 found.
 glGetVertexAttribIiv @ 218 found.
 glGetVertexAttribIuiv @ 219 found.
 glVertexAttribI1i @ 220 found.
 glVertexAttribI2i @ 221 found.
 glVertexAttribI3i @ 222 found.
 glVertexAttribI4i @ 223 found.
 glVertexAttribI1ui @ 224 found.
 glVertexAttribI2ui @ 225 found.
 glVertexAttribI3ui @ 226 found.
 glVertexAttribI4ui @ 227 found.
 glVertexAttribI1iv @ 228 found.
 glVertexAttribI2iv @ 229 found.
 glVertexAttribI3iv @ 230 found.
 glVertexAttribI4iv @ 231 found.
 glVertexAttribI1uiv @ 232 found.
 glVertexAttribI2uiv @ 233 found.
 glVertexAttribI3uiv @ 234 found.
 glVertexAttribI4uiv @ 235 found.
 glVertexAttribI4bv @ 236 found.
 glVertexAttribI4sv @ 237 found.
 glVertexAttribI4ubv @ 238 found.
 glVertexAttribI4usv @ 239 found.
 glGetUniformuiv @ 240 found.
 glBindFragDataLocation @ 241 found.
 glGetFragDataLocation @ 242 found.
 glUniform1ui @ 243 found.
 glUniform2ui @ 244 found.
 glUniform3ui @ 245 found.
 glUniform4ui @ 246 found.
 glUniform1uiv @ 247 found.
 glUniform2uiv @ 248 found.
 glUniform3uiv @ 249 found.
 glUniform4uiv @ 250 found.
 glTexParameterIiv @ 251 found.
 glTexParameterIuiv @ 252 found.
 glGetTexParameterIiv @ 253 found.
 glGetTexParameterIuiv @ 254 found.
 glClearBufferiv @ 255 found.
 glClearBufferuiv @ 256 found.
 glClearBufferfv @ 257 found.
 glClearBufferfi @ 258 found.
 glGetStringi @ 259 found.
 glIsRenderbuffer @ 260 found.
 glBindRenderbuffer @ 261 found.
 glDeleteRenderbuffers @ 262 found.
 glGenRenderbuffers @ 263 found.
 glRenderbufferStorage @ 264 found.
 glGetRenderbufferParameteriv @ 265 found.
 glIsFramebuffer @ 266 found.
 glBindFramebuffer @ 267 found.
 glDeleteFramebuffers @ 268 found.
 glGenFramebuffers @ 269 found.
 glCheckFramebufferStatus @ 270 found.
 glFramebufferTexture1D @ 271 found.
 glFramebufferTexture2D @ 272 found.
 glFramebufferTexture3D @ 273 found.
 glFramebufferRenderbuffer @ 274 found.
 glGetFramebufferAttachmentParameteriv @ 275 found.
 glGenerateMipmap @ 276 found.
 glBlitFramebuffer @ 277 found.
 glRenderbufferStorageMultisample @ 278 found.
 glFramebufferTextureLayer @ 279 found.
 glMapBufferRange @ 280 found.
 glFlushMappedBufferRange @ 281 found.
 glBindVertexArray @ 282 found.
 glDeleteVertexArrays @ 283 found.
 glGenVertexArrays @ 284 found.
 glIsVertexArray @ 285 found.
 glDrawArraysInstanced @ 286 found.
 glDrawElementsInstanced @ 287 found.
 glTexBuffer @ 288 found.
 glPrimitiveRestartIndex @ 289 found.
 glCopyBufferSubData @ 290 found.
 glGetUniformIndices @ 291 found.
 glGetActiveUniformsiv @ 292 found.
 glGetActiveUniformName @ 293 found.
 glGetUniformBlockIndex @ 294 found.
 glGetActiveUniformBlockiv @ 295 found.
 glGetActiveUniformBlockName @ 296 found.
 glUniformBlockBinding @ 297 found.
 glDrawElementsBaseVertex @ 298 found.
 glDrawRangeElementsBaseVertex @ 299 found.
 glDrawElementsInstancedBaseVertex @ 300 found.
 glMultiDrawElementsBaseVertex @ 301 found.
 glProvokingVertex @ 302 found.
 glFenceSync @ 303 found.
 glIsSync @ 304 found.
 glDeleteSync @ 305 found.
 glClientWaitSync @ 306 found.
 glWaitSync @ 307 found.
 glGetInteger64v @ 308 found.
 glGetSynciv @ 309 found.
 glGetInteger64i_v @ 310 found.
 glGetBufferParameteri64v @ 311 found.
 glFramebufferTexture @ 312 found.
 glTexImage2DMultisample @ 313 found.
 glTexImage3DMultisample @ 314 found.
 glGetMultisamplefv @ 315 found.
 glSampleMaski @ 316 found.
 glBindFragDataLocationIndexed @ 317 found.
 glGetFragDataIndex @ 318 found.
 glGenSamplers @ 319 found.
 glDeleteSamplers @ 320 found.
 glIsSampler @ 321 found.
 glBindSampler @ 322 found.
 glSamplerParameteri @ 323 found.
 glSamplerParameteriv @ 324 found.
 glSamplerParameterf @ 325 found.
 glSamplerParameterfv @ 326 found.
 glSamplerParameterIiv @ 327 found.
 glSamplerParameterIuiv @ 328 found.
 glGetSamplerParameteriv @ 329 found.
 glGetSamplerParameterIiv @ 330 found.
 glGetSamplerParameterfv @ 331 found.
 glGetSamplerParameterIuiv @ 332 found.
 glQueryCounter @ 333 found.
 glGetQueryObjecti64v @ 334 found.
 glGetQueryObjectui64v @ 335 found.
 glVertexAttribDivisor @ 336 found.
 glVertexAttribP1ui @ 337 found.
 glVertexAttribP1uiv @ 338 found.
 glVertexAttribP2ui @ 339 found.
 glVertexAttribP2uiv @ 340 found.
 glVertexAttribP3ui @ 341 found.
 glVertexAttribP3uiv @ 342 found.
 glVertexAttribP4ui @ 343 found.
 glVertexAttribP4uiv @ 344 found.
 glMinSampleShading @ 345 found.
 glBlendEquationi @ 346 found.
 glBlendEquationSeparatei @ 347 found.
 glBlendFunci @ 348 found.
 glBlendFuncSeparatei @ 349 found.
 glDrawArraysIndirect @ 350 found.
 glDrawElementsIndirect @ 351 found.
 glUniform1d @ 352 found.
 glUniform2d @ 353 found.
 glUniform3d @ 354 found.
 glUniform4d @ 355 found.
 glUniform1dv @ 356 found.
 glUniform2dv @ 357 found.
 glUniform3dv @ 358 found.
 glUniform4dv @ 359 found.
 glUniformMatrix2dv @ 360 found.
 glUniformMatrix3dv @ 361 found.
 glUniformMatrix4dv @ 362 found.
 glUniformMatrix2x3dv @ 363 found.
 glUniformMatrix2x4dv @ 364 found.
 glUniformMatrix3x2dv @ 365 found.
 glUniformMatrix3x4dv @ 366 found.
 glUniformMatrix4x2dv @ 367 found.
 glUniformMatrix4x3dv @ 368 found.
 glGetUniformdv @ 369 found.
 glGetSubroutineUniformLocation @ 370 found.
 glGetSubroutineIndex @ 371 found.
 glGetActiveSubroutineUniformiv @ 372 found.
 glGetActiveSubroutineUniformName @ 373 found.
 glGetActiveSubroutineName @ 374 found.
 glUniformSubroutinesuiv @ 375 found.
 glGetUniformSubroutineuiv @ 376 found.
 glGetProgramStageiv @ 377 found.
 glPatchParameteri @ 378 found.
 glPatchParameterfv @ 379 found.
 glBindTransformFeedback @ 380 found.
 glDeleteTransformFeedbacks @ 381 found.
 glGenTransformFeedbacks @ 382 found.
 glIsTransformFeedback @ 383 found.
 glPauseTransformFeedback @ 384 found.
 glResumeTransformFeedback @ 385 found.
 glDrawTransformFeedback @ 386 found.
 glDrawTransformFeedbackStream @ 387 found.
 glBeginQueryIndexed @ 388 found.
 glEndQueryIndexed @ 389 found.
 glGetQueryIndexediv @ 390 found.
 glReleaseShaderCompiler @ 391 found.
 glShaderBinary @ 392 found.
 glGetShaderPrecisionFormat @ 393 found.
 glDepthRangef @ 394 found.
 glClearDepthf @ 395 found.
 glGetProgramBinary @ 396 found.
 glProgramBinary @ 397 found.
 glProgramParameteri @ 398 found.
 glUseProgramStages @ 399 found.
 glActiveShaderProgram @ 400 found.
 glCreateShaderProgramv @ 401 found.
 glBindProgramPipeline @ 402 found.
 glDeleteProgramPipelines @ 403 found.
 glGenProgramPipelines @ 404 found.
 glIsProgramPipeline @ 405 found.
 glGetProgramPipelineiv @ 406 found.
 glProgramUniform1i @ 407 found.
 glProgramUniform1iv @ 408 found.
 glProgramUniform1f @ 409 found.
 glProgramUniform1fv @ 410 found.
 glProgramUniform1d @ 411 found.
 glProgramUniform1dv @ 412 found.
 glProgramUniform1ui @ 413 found.
 glProgramUniform1uiv @ 414 found.
 glProgramUniform2i @ 415 found.
 glProgramUniform2iv @ 416 found.
 glProgramUniform2f @ 417 found.
 glProgramUniform2fv @ 418 found.
 glProgramUniform2d @ 419 found.
 glProgramUniform2dv @ 420 found.
 glProgramUniform2ui @ 421 found.
 glProgramUniform2uiv @ 422 found.
 glProgramUniform3i @ 423 found.
 glProgramUniform3iv @ 424 found.
 glProgramUniform3f @ 425 found.
 glProgramUniform3fv @ 426 found.
 glProgramUniform3d @ 427 found.
 glProgramUniform3dv @ 428 found.
 glProgramUniform3ui @ 429 found.
 glProgramUniform3uiv @ 430 found.
 glProgramUniform4i @ 431 found.
 glProgramUniform4iv @ 432 found.
 glProgramUniform4f @ 433 found.
 glProgramUniform4fv @ 434 found.
 glProgramUniform4d @ 435 found.
 glProgramUniform4dv @ 436 found.
 glProgramUniform4ui @ 437 found.
 glProgramUniform4uiv @ 438 found.
 glProgramUniformMatrix2fv @ 439 found.
 glProgramUniformMatrix3fv @ 440 found.
 glProgramUniformMatrix4fv @ 441 found.
 glProgramUniformMatrix2dv @ 442 found.
 glProgramUniformMatrix3dv @ 443 found.
 glProgramUniformMatrix4dv @ 444 found.
 glProgramUniformMatrix2x3fv @ 445 found.
 glProgramUniformMatrix3x2fv @ 446 found.
 glProgramUniformMatrix2x4fv @ 447 found.
 glProgramUniformMatrix4x2fv @ 448 found.
 glProgramUniformMatrix3x4fv @ 449 found.
 glProgramUniformMatrix4x3fv @ 450 found.
 glProgramUniformMatrix2x3dv @ 451 found.
 glProgramUniformMatrix3x2dv @ 452 found.
 glProgramUniformMatrix2x4dv @ 453 found.
 glProgramUniformMatrix4x2dv @ 454 found.
 glProgramUniformMatrix3x4dv @ 455 found.
 glProgramUniformMatrix4x3dv @ 456 found.
 glValidateProgramPipeline @ 457 found.
 glGetProgramPipelineInfoLog @ 458 found.
 glVertexAttribL1d @ 459 found.
 glVertexAttribL2d @ 460 found.
 glVertexAttribL3d @ 461 found.
 glVertexAttribL4d @ 462 found.
 glVertexAttribL1dv @ 463 found.
 glVertexAttribL2dv @ 464 found.
 glVertexAttribL3dv @ 465 found.
 glVertexAttribL4dv @ 466 found.
 glVertexAttribLPointer @ 467 found.
 glGetVertexAttribLdv @ 468 found.
 glViewportArrayv @ 469 found.
 glViewportIndexedf @ 470 found.
 glViewportIndexedfv @ 471 found.
 glScissorArrayv @ 472 found.
 glScissorIndexed @ 473 found.
 glScissorIndexedv @ 474 found.
 glDepthRangeArrayv @ 475 found.
 glDepthRangeIndexed @ 476 found.
 glGetFloati_v @ 477 found.
 glGetDoublei_v @ 478 found.
 glDrawArraysInstancedBaseInstance @ 479 found.
 glDrawElementsInstancedBaseInstance @ 480 found.
 glDrawElementsInstancedBaseVertexBaseInstance @ 481 found.
 glGetInternalformativ @ 482 found.
 glGetActiveAtomicCounterBufferiv @ 483 found.
 glBindImageTexture @ 484 found.
 glMemoryBarrier @ 485 found.
 glTexStorage1D @ 486 found.
 glTexStorage2D @ 487 found.
 glTexStorage3D @ 488 found.
 glDrawTransformFeedbackInstanced @ 489 found.
 glDrawTransformFeedbackStreamInstanced @ 490 found.
 glDispatchCompute @ 493 found.
 glDispatchComputeIndirect @ 494 found.
 glFramebufferParameteri @ 496 found.
 glGetFramebufferParameteriv @ 497 found.
 glGetInternalformati64v @ 498 found.
 glInvalidateFramebuffer @ 503 found.
 glInvalidateSubFramebuffer @ 504 found.
 glMultiDrawArraysIndirect @ 505 found.
 glMultiDrawElementsIndirect @ 506 found.
 glGetProgramInterfaceiv @ 507 found.
 glGetProgramResourceIndex @ 508 found.
 glGetProgramResourceName @ 509 found.
 glGetProgramResourceiv @ 510 found.
 glGetProgramResourceLocation @ 511 found.
 glGetProgramResourceLocationIndex @ 512 found.
 glShaderStorageBlockBinding @ 513 found.
 glTexBufferRange @ 514 found.
 glTexStorage2DMultisample @ 515 found.
 glTexStorage3DMultisample @ 516 found.
 glBindVertexBuffer @ 518 found.
 glVertexAttribFormat @ 519 found.
 glVertexAttribIFormat @ 520 found.
 glVertexAttribLFormat @ 521 found.
 glVertexAttribBinding @ 522 found.
 glVertexBindingDivisor @ 523 found.
 glDebugMessageControl @ 524 found.
 glDebugMessageInsert @ 525 found.
 glDebugMessageCallback @ 526 found.
 glGetDebugMessageLog @ 527 found.
 glPushDebugGroup @ 528 found.
 glPopDebugGroup @ 529 found.
 glObjectLabel @ 530 found.
 glGetObjectLabel @ 531 found.
 glObjectPtrLabel @ 532 found.
 glGetObjectPtrLabel @ 533 found.
 glBufferStorage @ 534 found.
 glClipControl @ 543 found.
 glNamedBufferStorage @ 551 found.
 glTextureBufferRange @ 589 found.
 glTextureParameteri @ 606 found.
 glMemoryBarrierByRegion @ 641 found.
 glGetGraphicsResetStatus @ 644 found.
 glGetnCompressedTexImage @ 645 found.
 glGetnTexImage @ 646 found.
 glGetnUniformdv @ 647 found.
 glGetnUniformfv @ 648 found.
 glGetnUniformiv @ 649 found.
 glGetnUniformuiv @ 650 found.
 glReadnPixels @ 651 found.
New draw driver registered.
Name: Truecolor Advanced Raster Graphics Automation
Author: SIGMA Technology Group
Version: 0.7.2
Note: 
           :::::::::::     :::     :::::::::   ::::::::      :::               
               :+:       :+: :+:   :+:    :+: :+:    :+:   :+: :+:             
               +:+      +:+   +:+  +:+    +:+ +:+         +:+   +:+            
               +#+     +#++:++#++: +#++:++#:  :#:        +#++:++#++:           
               +#+     +#+     +#+ +#+    +#+ +#+   +#+# +#+     +#+           
               #+#     #+#     #+# #+#    #+# #+#    #+# #+#     #+#           
               ###     ###     ### ###    ###  ########  ###     ###           
                                                                               
                  S I G M A   T E C H N O L O G Y   G R O U P                  
                                                                               
                               Public Test Build                               
                           (c) 2017 Federacao SIGMA                            
                                www.sigmaco.org                                
                                                                               
 Loading draw ICDs...
 afxModule.c:93?AfxAcquireModules(uri=e2draw.icd)
 afxModule.c:93?AfxAcquireModules(uri=e2newton.icd)
 afxClass<afxModule>::AllocateObjects(1, 003ae994, 003ae8f0)
 afxClass<afxModule>::BuildObjects(1, 003ae994, 003ae998)
 afxClass<afxModule>::ConstructObject(02f5f400)
 afxModule.c:170?_AfxMdleCtor(uri:e2newton.icd)
 afxDrawThread.c:63?AfxAcquireDrawThreads(spec=00000000,cnt=2)
 afxClass<afxDrawThread>::AllocateObjects(1, 003aec40, 003aeb14)
 afxClass<afxDrawThread>::BuildObjects(1, 003aec40, 00000000)
 afxClass<afxDrawThread, afxThread>ConstructingObject(007ca860)
 afxClass<afxThread>::ConstructObject(007ca860)
 afxThread.c:1181?_AfxThrCtor(007ca860)
 afxClass<afxDrawThread>::ConstructObject(007ca860)
 afxDrawThread.c:156?_AfxDthrCtor(dthr=007ca860)
 afxClass<afxDrawThread>::AllocateObjects(1, 003aec44, 003aeb14)
 afxClass<afxDrawThread>::BuildObjects(1, 003aec44, 00000000)
 afxClass<afxDrawThread, afxThread>ConstructingObject(007ca9a0)
 afxClass<afxThread>::ConstructObject(007ca9a0)
 afxThread.c:1181?_AfxThrCtor(007ca9a0)
 afxClass<afxDrawThread>::ConstructObject(007ca9a0)
 afxDrawThread.c:156?_AfxDthrCtor(dthr=007ca9a0)
 afxThread.c:1067?AfxRunThread(thr=007ca860)
 afxThread.c:1067?AfxRunThread(thr=007ca9a0)
 afxDrawContext.c:550?AfxAcquireDrawContexts(spec=003af058,cnt=1)
 afxClass<afxDrawContext>::AllocateObjects(1, 01225038, 003aef8c)
 afxClass<afxDrawContext>::BuildObjects(1, 01225038, 003af058)
 afxClass<afxDrawContext>::ConstructObject(02f6b0c0)
 afxDrawContext.c:629?_AfxDctxCtor(dctx=02f6b0c0)
 afxArena.c:767?AfxAcquireArena(aren=02f6b958)
 afxArena.c:768?AfxAcquireArena(spec=00000000,hint="afxDrawContext.c:648!_AfxDctxCtor")
 afxClass<afxBuffer>::Mount(02f6b414, 02f6b100, 00000000, 77fc92c0)
 afxClass<afxVertexBuffer>::Mount(02f6b4d4, 02f6b100, 02f6b414, 77fca974)
 afxClass<afxIndexBuffer>::Mount(02f6b594, 02f6b100, 02f6b414, 77fc958c)
 afxClass<afxSampler>::Mount(02f6b654, 02f6b100, 00000000, 77fc998c)
 afxClass<afxTexture>::Mount(02f6b714, 02f6b100, 00000000, 77fca150)
 afxClass<afxSurface>::Mount(02f6b7d4, 02f6b100, 02f6b714, 77fc9fd4)
 afxClass<afxShader>::Mount(02f6b894, 02f6b100, 00000000, 77fc9bac)
 afxClass<afxLego>::Mount(02f6b294, 02f6b100, 00000000, 77fc8bb4)
 afxClass<afxCanvas>::Mount(02f6b114, 02f6b100, 00000000, 77fc8130)
 afxClass<afxPipeline>::Mount(02f6b1d4, 02f6b100, 00000000, 77fc8e08)
 afxClass<afxDrawOperation>::Mount(02f6b354, 02f6b100, 00000000, 77fc85b0)
 sglDrawContext.c:272?_SglDdrvVmtDctxCb(dctx=02f6b0c0)
 Uploading draw operation 'data/pipeline/rgbaToRgba.xml'
 afxXml.c:976?AfxLoadXml(uri:data/pipeline/rgbaToRgba.xml)
 afxFile.c:344?AfxOpenFile(00000001,data/pipeline/rgbaToRgba.xml)
 afxClass<afxFile>::AllocateObjects(1, 003ae224, 003ae234)
 afxClass<afxFile>::BuildObjects(1, 003ae224, 003ae21c)
 afxClass<afxFile>::ConstructObject(02e82540)
 afxStream.c:600?AfxAcquireStream(ios=02e82574,flags=1,start=00000000,len=0)
 afxClass<afxFile>::DismantleObjects(1, 003ae274)
 Destructing instance 02e82540 of afxFile class.
 afxClass<afxFile>::DeallocateObjects(1, 003ae274)
 afxClass<afxDrawOperation>::AllocateObjects(1, 007c9a28, 003ae26c)
 afxClass<afxDrawOperation>::BuildObjects(1, 007c9a28, 003ae4f0)
 afxClass<afxDrawOperation>::ConstructObject(02f6ac70)
 afxDrawOperation.c:659?_AfxDopCtor(dop=02f6ac70)
 afxPipeline.c:380?AfxBuildPipelines(dctx=02f6b0c0)
 afxClass<afxPipeline>::AllocateObjects(1, 02ee3168, 003adc14)
 afxClass<afxPipeline>::BuildObjects(1, 02ee3168, 003add08)
 afxClass<afxPipeline>::ConstructObject(02f6bac0)
 afxPipeline.c:452?_AfxPipCtor(pip=02f6bac0)
 afxShader.c:550?AfxAcquireShaders(cnt=1,uri=02f6ada0,shd=003ad678)
 Uploading shader 'data/pipeline/rgbaToRgba.xml?vs'
 afxXml.c:976?AfxLoadXml(uri:data/pipeline/rgbaToRgba.xml)
 afxFile.c:344?AfxOpenFile(00000001,data/pipeline/rgbaToRgba.xml)
 afxClass<afxFile>::AllocateObjects(1, 003acef8, 003acf08)
 afxClass<afxFile>::BuildObjects(1, 003acef8, 003acef0)
 afxClass<afxFile>::ConstructObject(02f6bd80)
 afxStream.c:600?AfxAcquireStream(ios=02f6bdb4,flags=1,start=00000000,len=0)
 afxClass<afxFile>::DismantleObjects(1, 003acf48)
 Destructing instance 02f6bd80 of afxFile class.
 afxClass<afxFile>::DeallocateObjects(1, 003acf48)
 afxFile.c:364?AfxOpenReadableFile(data/pipeline/stdEnv.inc)
 afxClass<afxFile>::AllocateObjects(1, 003acce4, 003accf4)
 afxClass<afxFile>::BuildObjects(1, 003acce4, 003accdc)
 afxClass<afxFile>::ConstructObject(02ecab10)
 afxStream.c:600?AfxAcquireStream(ios=02ecab44,flags=5,start=00000000,len=0)
 afxClass<afxFile>::DismantleObjects(1, 003acd34)
 Destructing instance 02ecab10 of afxFile class.
 afxClass<afxFile>::DeallocateObjects(1, 003acd34)
 afxShader.c:397?AfxBuildShaders(cnt=1,blueprint=003ad244,shd=003ad678)
 afxClass<afxShader>::AllocateObjects(1, 003ad678, 003acf40)
 afxClass<afxShader>::BuildObjects(1, 003ad678, 003ad244)
 afxClass<afxShader>::ConstructObject(007c9770)
 afxShader.c:660?_AfxShdCtor(shd=007c9770)
 #version 330 core // QWADRO. Engineered by SIGMA Technology Group.

#define afxInt int
#define afxNat uint

#define afxReal float

#define afxV2d vec2
#define afxV3d vec3
#define afxV4d vec4

#define afxM2d mat2
#define afxM3d mat3
#define afxM4d mat4

        
        layout(location = 0) in vec2 a_xy;

        out block
        {
            vec2 uv0;
        } sgl_v;

        void main()
        {
            gl_Position = vec4(a_xy, 0.0, 1.0);
            sgl_v.uv0 = vec2(gl_Position.xy * 0.5 + 0.5).xy;
        }
       
 sglShader.c:134?_AfxShdCtor(shd=007c9770)
 afxObject<007c9770>::InstallEventFilter(02f6bac0)
 afxShader.c:550?AfxAcquireShaders(cnt=1,uri=02f6ba20,shd=003ad678)
 Uploading shader 'data/pipeline/rgbaToRgba.xml?fs'
 afxXml.c:976?AfxLoadXml(uri:data/pipeline/rgbaToRgba.xml)
 afxFile.c:344?AfxOpenFile(00000001,data/pipeline/rgbaToRgba.xml)
 afxClass<afxFile>::AllocateObjects(1, 003acef8, 003acf08)
 afxClass<afxFile>::BuildObjects(1, 003acef8, 003acef0)
 afxClass<afxFile>::ConstructObject(02f6bd80)
 afxStream.c:600?AfxAcquireStream(ios=02f6bdb4,flags=1,start=00000000,len=0)
 afxClass<afxFile>::DismantleObjects(1, 003acf48)
 Destructing instance 02f6bd80 of afxFile class.
 afxClass<afxFile>::DeallocateObjects(1, 003acf48)
 afxFile.c:364?AfxOpenReadableFile(data/pipeline/stdEnv.inc)
 afxClass<afxFile>::AllocateObjects(1, 003acce4, 003accf4)
 afxClass<afxFile>::BuildObjects(1, 003acce4, 003accdc)
 afxClass<afxFile>::ConstructObject(02f6bd80)
 afxStream.c:600?AfxAcquireStream(ios=02f6bdb4,flags=5,start=00000000,len=0)
 afxClass<afxFile>::DismantleObjects(1, 003acd34)
 Destructing instance 02f6bd80 of afxFile class.
 afxClass<afxFile>::DeallocateObjects(1, 003acd34)
 afxShader.c:397?AfxBuildShaders(cnt=1,blueprint=003ad244,shd=003ad678)
 afxClass<afxShader>::AllocateObjects(1, 003ad678, 003acf40)
 afxClass<afxShader>::BuildObjects(1, 003ad678, 003ad244)
 afxClass<afxShader>::ConstructObject(02f50470)
 afxShader.c:660?_AfxShdCtor(shd=02f50470)
 #version 330 core // QWADRO. Engineered by SIGMA Technology Group.

#define afxInt int
#define afxNat uint

#define afxReal float

#define afxV2d vec2
#define afxV3d vec3
#define afxV4d vec4

#define afxM2d mat2
#define afxM3d mat3
#define afxM4d mat4

        
        uniform sampler2D samp;

        in block
        {
            vec2 uv0;
        } sgl_v;

        out vec4 sgl_rgba;

        void main()
        {
            sgl_rgba = texture(samp, sgl_v.uv0);
        }
       
 sglShader.c:134?_AfxShdCtor(shd=02f50470)
 afxObject<02f50470>::InstallEventFilter(02f6bac0)
 afxLego.c:218?AfxBuildLegos(dctx=02f6b0c0)
 ERR afxDrawContext.c:184?AfxGetLegoClass
    
 ERR afxDrawContext.c:184?AfxGetLegoClass
    (var_)
    Invalid
 afxClass<afxLego>::AllocateObjects(1, 02ec9d64, 003ad4c0)
 afxClass<afxLego>::BuildObjects(1, 02ec9d64, 003ad834)
 afxClass<afxLego>::ConstructObject(02f6bd80)
 afxLego.c:275?_AfxLegtCtor(legt=02f6bd80)
 sglPipeline.c:293?_AfxPipCtor(pip=02f6bac0)
 afxPipeline.c:380?AfxBuildPipelines(dctx=02f6b0c0)
 afxClass<afxPipeline>::AllocateObjects(1, 02ee31c8, 003adc14)
 afxClass<afxPipeline>::BuildObjects(1, 02ee31c8, 003add08)
 afxClass<afxPipeline>::ConstructObject(02ee0f00)
 afxPipeline.c:452?_AfxPipCtor(pip=02ee0f00)
 afxShader.c:550?AfxAcquireShaders(cnt=1,uri=02f6ada0,shd=003ad678)
 Uploading shader 'data/pipeline/rgbaToRgba.xml?vsFlippedY'
 afxXml.c:976?AfxLoadXml(uri:data/pipeline/rgbaToRgba.xml)
 afxFile.c:344?AfxOpenFile(00000001,data/pipeline/rgbaToRgba.xml)
 afxClass<afxFile>::AllocateObjects(1, 003acef8, 003acf08)
 afxClass<afxFile>::BuildObjects(1, 003acef8, 003acef0)
 afxClass<afxFile>::ConstructObject(02f6be20)
 afxStream.c:600?AfxAcquireStream(ios=02f6be54,flags=1,start=00000000,len=0)
 afxClass<afxFile>::DismantleObjects(1, 003acf48)
 Destructing instance 02f6be20 of afxFile class.
 afxClass<afxFile>::DeallocateObjects(1, 003acf48)
 afxFile.c:364?AfxOpenReadableFile(data/pipeline/stdEnv.inc)
 afxClass<afxFile>::AllocateObjects(1, 003acce4, 003accf4)
 afxClass<afxFile>::BuildObjects(1, 003acce4, 003accdc)
 afxClass<afxFile>::ConstructObject(02f6be20)
 afxStream.c:600?AfxAcquireStream(ios=02f6be54,flags=5,start=00000000,len=0)
 afxClass<afxFile>::DismantleObjects(1, 003acd34)
 Destructing instance 02f6be20 of afxFile class.
 afxClass<afxFile>::DeallocateObjects(1, 003acd34)
 afxShader.c:397?AfxBuildShaders(cnt=1,blueprint=003ad244,shd=003ad678)
 afxClass<afxShader>::AllocateObjects(1, 003ad678, 003acf40)
 afxClass<afxShader>::BuildObjects(1, 003ad678, 003ad244)
 afxClass<afxShader>::ConstructObject(02f6be20)
 afxShader.c:660?_AfxShdCtor(shd=02f6be20)
 #version 330 core // QWADRO. Engineered by SIGMA Technology Group.

#define afxInt int
#define afxNat uint

#define afxReal float

#define afxV2d vec2
#define afxV3d vec3
#define afxV4d vec4

#define afxM2d mat2
#define afxM3d mat3
#define afxM4d mat4

        
        const mat4 m = mat4(1, 0, 0, 0, 0, -1, 0, 0, 0, 0, 1, 0, 0, 0, 0, 1);
        
        layout(location = 0) in vec2 a_xy;
        
        out block
        {
            vec2 uv0;
        } sgl_v;

        void main()
        {
            gl_Position = vec4(a_xy, 0.0, 1.0);
            sgl_v.uv0 = vec2(m * vec4(gl_Position.xy * 0.5 + 0.5, 0, 1)).xy;
        }
       
 sglShader.c:134?_AfxShdCtor(shd=02f6be20)
 afxObject<02f6be20>::InstallEventFilter(02ee0f00)
 afxShader.c:550?AfxAcquireShaders(cnt=1,uri=02f6ba20,shd=003ad678)
 Uploading shader 'data/pipeline/rgbaToRgba.xml?fs'
 afxXml.c:976?AfxLoadXml(uri:data/pipeline/rgbaToRgba.xml)
 afxFile.c:344?AfxOpenFile(00000001,data/pipeline/rgbaToRgba.xml)
 afxClass<afxFile>::AllocateObjects(1, 003acef8, 003acf08)
 afxClass<afxFile>::BuildObjects(1, 003acef8, 003acef0)
 afxClass<afxFile>::ConstructObject(02f50660)
 afxStream.c:600?AfxAcquireStream(ios=02f50694,flags=1,start=00000000,len=0)
 afxClass<afxFile>::DismantleObjects(1, 003acf48)
 Destructing instance 02f50660 of afxFile class.
 afxClass<afxFile>::DeallocateObjects(1, 003acf48)
 afxFile.c:364?AfxOpenReadableFile(data/pipeline/stdEnv.inc)
 afxClass<afxFile>::AllocateObjects(1, 003acce4, 003accf4)
 afxClass<afxFile>::BuildObjects(1, 003acce4, 003accdc)
 afxClass<afxFile>::ConstructObject(02f50660)
 afxStream.c:600?AfxAcquireStream(ios=02f50694,flags=5,start=00000000,len=0)
 afxClass<afxFile>::DismantleObjects(1, 003acd34)
 Destructing instance 02f50660 of afxFile class.
 afxClass<afxFile>::DeallocateObjects(1, 003acd34)
 afxShader.c:397?AfxBuildShaders(cnt=1,blueprint=003ad244,shd=003ad678)
 afxClass<afxShader>::AllocateObjects(1, 003ad678, 003acf40)
 afxClass<afxShader>::BuildObjects(1, 003ad678, 003ad244)
 afxClass<afxShader>::ConstructObject(02ee1c30)
 afxShader.c:660?_AfxShdCtor(shd=02ee1c30)
 #version 330 core // QWADRO. Engineered by SIGMA Technology Group.

#define afxInt int
#define afxNat uint

#define afxReal float

#define afxV2d vec2
#define afxV3d vec3
#define afxV4d vec4

#define afxM2d mat2
#define afxM3d mat3
#define afxM4d mat4

        
        uniform sampler2D samp;

        in block
        {
            vec2 uv0;
        } sgl_v;

        out vec4 sgl_rgba;

        void main()
        {
            sgl_rgba = texture(samp, sgl_v.uv0);
        }
       
 sglShader.c:134?_AfxShdCtor(shd=02ee1c30)
 afxObject<02ee1c30>::InstallEventFilter(02ee0f00)
 afxLego.c:218?AfxBuildLegos(dctx=02f6b0c0)
 ERR afxDrawContext.c:184?AfxGetLegoClass
    
 ERR afxDrawContext.c:184?AfxGetLegoClass
    (var_)
    Invalid
 afxClass<afxLego>::AllocateObjects(1, 02ec9fa4, 003ad4c0)
 afxClass<afxLego>::BuildObjects(1, 02ec9fa4, 003ad834)
 afxClass<afxLego>::ConstructObject(02f50660)
 afxLego.c:275?_AfxLegtCtor(legt=02f50660)
 sglPipeline.c:293?_AfxPipCtor(pip=02ee0f00)
 afxSampler.c:53?AfxAcquireSamplers(cnt=1,spec=003aea20,spec=007c9a2c)
 afxClass<afxSampler>::AllocateObjects(1, 007c9a2c, 003ae720)
 afxClass<afxSampler>::BuildObjects(1, 007c9a2c, 003aea20)
 afxClass<afxSampler>::ConstructObject(01144400)
 afxSampler.c:111?_AfxSampCtor(samp=01144400)
 sglSampler.c:143?_AfxSmpCtor(smp=01144400)
 afxClass<afxVertexBuffer>::AllocateObjects(1, 007c9a30, 003ae774)
 afxClass<afxVertexBuffer>::BuildObjects(1, 007c9a30, 003ae74c)
 afxClass<afxVertexBuffer, afxBuffer>ConstructingObject(011105e0)
 afxClass<afxBuffer>::ConstructObject(011105e0)
 afxBuffer.c:247?_AfxBufCtor(buf=011105e0)
 sglBuffer.c:329?_SglBufCtor(buf=011105e0)
 afxClass<afxVertexBuffer>::ConstructObject(011105e0)
 afxVertexBuffer.c:446?_AfxVbufCtor(vbuf=011105e0)
 afxDrawQueue.c:314?AfxAcquireDrawQueues(ddrv=007076c0,spec=003aeb9c,cnt=1)
 afxClass<afxDrawQueue>::AllocateObjects(1, 0111b840, 003aea9c)
 afxClass<afxDrawQueue>::BuildObjects(1, 0111b840, 003aeb9c)
 afxClass<afxDrawQueue>::ConstructObject(02ee2200)
 afxDrawQueue.c:385?_AfxDqueCtor(dque=02ee2200)
 afxArena.c:767?AfxAcquireArena(aren=02ee2284)
 afxArena.c:768?AfxAcquireArena(spec=00000000,hint="afxDrawQueue.c:404!_AfxDqueCtor")
 sglDrawQueue.c:1706?_SglDdrvVmtDqueCb(dque=02ee2200)
 afxApplication.c:243?AfxAcquireApplications(spec=003af034,cnt=1)
 afxClass<afxApplication>::AllocateObjects(1, 003af054, 003aefa4)
 afxClass<afxApplication>::BuildObjects(1, 003af054, 003af034)
 afxClass<afxApplication, afxThread>ConstructingObject(02ed3b90)
 afxClass<afxThread>::ConstructObject(02ed3b90)
 afxThread.c:1181?_AfxThrCtor(02ed3b90)
 afxClass<afxApplication>::ConstructObject(02ed3b90)
 afxApplication.c:331?_AfxAppCtor(app=02ed3b90)
 afxMouse.c:273?AfxAcquireMouses(port=0)
 afxClass<afxMouse>::AllocateObjects(1, 02ed3df0, 003aeb94)
 afxClass<afxMouse>::BuildObjects(1, 02ed3df0, 003aeb84)
 afxClass<afxMouse, afxHid>ConstructingObject(02f57340)
 afxClass<afxHid>::ConstructObject(02f57340)
 afxHid.c:226?_AfxHidCtor(hid=02f57340)
 afxClass<afxMouse>::ConstructObject(02f57340)
 afxMouse.c:335?_AfxMseCtor(mse=02f57340)
 afxDrawInput.c:252?AfxAcquireDrawInputs(spec=003aec30,cnt=1)
 afxClass<afxDrawInput>::AllocateObjects(1, 02ed3e14, 003aeb8c)
 afxClass<afxDrawInput>::BuildObjects(1, 02ed3e14, 003aec30)
 afxClass<afxDrawInput>::ConstructObject(010b2a20)
 afxDrawInput.c:336?_AfxDinCtor(din=010b2a20)
 afxClass<afxWidget>::Mount(02ed3c6c, 02ed3c58, 00000000, 77fcc520)
 afxClass<afxSimulation>::Mount(02ed3d2c, 02ed3c58, 00000000, 77fccdb8)
 afxApplication.c:194?AfxRunApplication(app=02ed3b90)
 afxThread.c:1067?AfxRunThread(thr=02ed3b90)
 mmplayer.c:96?AfxEnterApplication(app=02ed3b90)
 Uploading texture 'art/world.tga'
 afxFile.c:344?AfxOpenFile(00000001,art/world.tga)
 afxClass<afxFile>::AllocateObjects(1, 003ae390, 003ae3a0)
 afxClass<afxFile>::BuildObjects(1, 003ae390, 003ae388)
 afxClass<afxFile>::ConstructObject(02e82540)
 afxStream.c:600?AfxAcquireStream(ios=02e82574,flags=1,start=00000000,len=0)
 ADV afxTexture.c:69?AfxAcquireTextureBlueprint
    texb->fcc == AFX_FCC_TEXB
 afxTexture.c:832?AfxBuildTextures(cnt=1,blueprint=003ae460,tex=0122501c)
 afxClass<afxTexture>::AllocateObjects(1, 0122501c, 003ae368)
 afxClass<afxTexture>::BuildObjects(1, 0122501c, 003ae460)
 afxClass<afxTexture>::ConstructObject(02f57420)
 afxTexture.c:1023?_AfxTexCtor(tex=02f57420)
 sglTexture.c:987?_SglTexCtor(tex=02f57420)
 afxClass<afxFile>::DismantleObjects(1, 003ae3e0)
 Destructing instance 02e82540 of afxFile class.
 afxClass<afxFile>::DeallocateObjects(1, 003ae3e0)
 afxFile.c:344?AfxOpenFile(00000002,tmp/world2.tga)
 afxClass<afxFile>::AllocateObjects(1, 003ae810, 003ae820)
 afxClass<afxFile>::BuildObjects(1, 003ae810, 003ae808)
 afxClass<afxFile>::ConstructObject(02e82540)
 afxStream.c:600?AfxAcquireStream(ios=02e82574,flags=2,start=00000000,len=0)
 afxClass<afxFile>::DismantleObjects(1, 003ae860)
 Destructing instance 02e82540 of afxFile class.
 afxClass<afxFile>::DeallocateObjects(1, 003ae860)
 afxClass<afxTexture>::DismantleObjects(1, 003aec20)
 Destructing instance 02f57420 of afxTexture class.
 afxTexture.c:1002?_AfxTexDtor(tex=02f57420)
 sglTexture.c:954?_SglTexDtor(img=02f57420)
 afxClass<afxTexture>::DeallocateObjects(1, 003aec20)
 afxDrawOutput.c:462?AfxAcquireDrawOutputs(spec=003aed20,cnt=1)
 afxClass<afxDrawOutput>::AllocateObjects(1, 01225020, 003aebd8)
 afxClass<afxDrawOutput>::BuildObjects(1, 01225020, 003aed20)
 afxClass<afxDrawOutput>::ConstructObject(02ed8320)
 afxDrawOutput.c:550?_AfxDoutCtor(dout=02ed8320)
 sglDrawOutput.c:235?_SglDdrvVmtDoutCb(dout=02ed8320,uri=)
 afxDrawOutput.c:307?AfxRegenerateDrawOutputBuffers(dout=02ed8320)
 Draw output (02ed8320) extent readjusted to 960x540; 0.500000%:0.500000% of 1920x1080.
 afxDrawOutput.c:307?AfxRegenerateDrawOutputBuffers(dout=02ed8320)
 Draw output (02ed8320) extent readjusted to 952x513; 0.495833%:0.475000% of 1920x1080.
 afxDrawOutput.c:307?AfxRegenerateDrawOutputBuffers(dout=02ed8320)
 afxSurface.c:52?AfxAcquireSurface(fmt=3,whd=[952,513,1],usage=16)
 ADV afxTexture.c:69?AfxAcquireTextureBlueprint
    texb->fcc == AFX_FCC_TEXB
 afxClass<afxSurface>::AllocateObjects(1, 003ae5c8, 003ae5e4)
 afxClass<afxSurface>::BuildObjects(1, 003ae5c8, 003ae5f0)
 afxClass<afxSurface, afxTexture>ConstructingObject(02f17a20)
 afxClass<afxTexture>::ConstructObject(02f17a20)
 afxTexture.c:1023?_AfxTexCtor(tex=02f17a20)
 sglTexture.c:987?_SglTexCtor(tex=02f17a20)
 afxClass<afxSurface>::ConstructObject(02f17a20)
 afxSurface.c:130?_AfxSurfCtor(surf=02f17a20)
 sglSurface.c:114?_AfxSurfCtor(surf=02f17a20)
 afxSurface.c:52?AfxAcquireSurface(fmt=3,whd=[952,513,1],usage=16)
 ADV afxTexture.c:69?AfxAcquireTextureBlueprint
    texb->fcc == AFX_FCC_TEXB
 afxClass<afxSurface>::AllocateObjects(1, 003ae5c8, 003ae5e4)
 afxClass<afxSurface>::BuildObjects(1, 003ae5c8, 003ae5f0)
 afxClass<afxSurface, afxTexture>ConstructingObject(02f17b10)
 afxClass<afxTexture>::ConstructObject(02f17b10)
 afxTexture.c:1023?_AfxTexCtor(tex=02f17b10)
 sglTexture.c:987?_SglTexCtor(tex=02f17b10)
 afxClass<afxSurface>::ConstructObject(02f17b10)
 afxSurface.c:130?_AfxSurfCtor(surf=02f17b10)
 sglSurface.c:114?_AfxSurfCtor(surf=02f17b10)
 afxCanvas.c:253?AfxBuildCanvases(dctx=02f6b0c0,cnt=1,blueprint=003aeae0,canv=0122503c)
 afxClass<afxCanvas>::AllocateObjects(1, 0122503c, 003ae9cc)
 afxClass<afxCanvas>::BuildObjects(1, 0122503c, 003aeae0)
 afxClass<afxCanvas>::ConstructObject(02f17c10)
 afxCanvas.c:379?_AfxCanvCtor(canv=02f17c10)
 sglCanvas.c:356?_AfxCanvCtor(canv=02f17c10)
 afxObject<02f17a20>::InstallEventFilter(02f17c10)
 afxObject<02ed8320>::InstallEventFilter(02f17c10)
 afxCanvas.c:253?AfxBuildCanvases(dctx=02f6b0c0,cnt=1,blueprint=003aeae0,canv=01225040)
 afxClass<afxCanvas>::AllocateObjects(1, 01225040, 003ae9cc)
 afxClass<afxCanvas>::BuildObjects(1, 01225040, 003aeae0)
 afxClass<afxCanvas>::ConstructObject(02f17cd0)
 afxCanvas.c:379?_AfxCanvCtor(canv=02f17cd0)
 sglCanvas.c:356?_AfxCanvCtor(canv=02f17cd0)
 afxObject<02f17b10>::InstallEventFilter(02f17cd0)
 afxObject<02ed8320>::InstallEventFilter(02f17cd0)
 afxDrawInput.c:252?AfxAcquireDrawInputs(spec=003aec90,cnt=1)
 afxClass<afxDrawInput>::AllocateObjects(1, 0122502c, 003aebd8)
 afxClass<afxDrawInput>::BuildObjects(1, 0122502c, 003aec90)
 afxClass<afxDrawInput>::ConstructObject(02f17d90)
 afxDrawInput.c:336?_AfxDinCtor(din=02f17d90)
 afxModule.c:93?AfxAcquireModules(uri=binkw32.dll)
 afxClass<afxModule>::AllocateObjects(1, 01225084, 003ae8fc)
 afxClass<afxModule>::BuildObjects(1, 01225084, 003ae9d4)
 afxClass<afxModule>::ConstructObject(02f6ba20)
 afxModule.c:170?_AfxMdleCtor(uri:binkw32.dll)
 afxSampler.c:53?AfxAcquireSamplers(cnt=1,spec=003aeba0,spec=0122515c)
 afxClass<afxSampler>::AllocateObjects(1, 0122515c, 003ae880)
 afxClass<afxSampler>::BuildObjects(1, 0122515c, 003aeba0)
 afxClass<afxSampler>::ConstructObject(02f1f2e0)
 afxSampler.c:111?_AfxSampCtor(samp=02f1f2e0)
 sglSampler.c:143?_AfxSmpCtor(smp=02f1f2e0)
 Uploading draw operation 'data/pipeline/yv12ToRgba.xml'
 afxXml.c:976?AfxLoadXml(uri:data/pipeline/yv12ToRgba.xml)
 afxFile.c:344?AfxOpenFile(00000001,data/pipeline/yv12ToRgba.xml)
 afxClass<afxFile>::AllocateObjects(1, 003ae384, 003ae394)
 afxClass<afxFile>::BuildObjects(1, 003ae384, 003ae37c)
 afxClass<afxFile>::ConstructObject(02f19680)
 afxStream.c:600?AfxAcquireStream(ios=02f196b4,flags=1,start=00000000,len=0)
 afxClass<afxFile>::DismantleObjects(1, 003ae3d4)
 Destructing instance 02f19680 of afxFile class.
 afxClass<afxFile>::DeallocateObjects(1, 003ae3d4)
 afxClass<afxDrawOperation>::AllocateObjects(1, 01225158, 003ae3cc)
 afxClass<afxDrawOperation>::BuildObjects(1, 01225158, 003ae650)
 afxClass<afxDrawOperation>::ConstructObject(02f16bc0)
 afxDrawOperation.c:659?_AfxDopCtor(dop=02f16bc0)
 afxPipeline.c:380?AfxBuildPipelines(dctx=02f6b0c0)
 afxClass<afxPipeline>::AllocateObjects(1, 02edacb8, 003add74)
 afxClass<afxPipeline>::BuildObjects(1, 02edacb8, 003ade68)
 afxClass<afxPipeline>::ConstructObject(02f19a50)
 afxPipeline.c:452?_AfxPipCtor(pip=02f19a50)
 afxShader.c:550?AfxAcquireShaders(cnt=1,uri=02f1e3a0,shd=003ad7d8)
 Uploading shader 'data/pipeline/yv12ToRgba.xml?vs'
 afxXml.c:976?AfxLoadXml(uri:data/pipeline/yv12ToRgba.xml)
 afxFile.c:344?AfxOpenFile(00000001,data/pipeline/yv12ToRgba.xml)
 afxClass<afxFile>::AllocateObjects(1, 003ad058, 003ad068)
 afxClass<afxFile>::BuildObjects(1, 003ad058, 003ad050)
 afxClass<afxFile>::ConstructObject(02f17f80)
 afxStream.c:600?AfxAcquireStream(ios=02f17fb4,flags=1,start=00000000,len=0)
 afxClass<afxFile>::DismantleObjects(1, 003ad0a8)
 Destructing instance 02f17f80 of afxFile class.
 afxClass<afxFile>::DeallocateObjects(1, 003ad0a8)
 afxFile.c:364?AfxOpenReadableFile(data/pipeline/stdEnv.inc)
 afxClass<afxFile>::AllocateObjects(1, 003ace44, 003ace54)
 afxClass<afxFile>::BuildObjects(1, 003ace44, 003ace3c)
 afxClass<afxFile>::ConstructObject(02f18bb0)
 afxStream.c:600?AfxAcquireStream(ios=02f18be4,flags=5,start=00000000,len=0)
 afxClass<afxFile>::DismantleObjects(1, 003ace94)
 Destructing instance 02f18bb0 of afxFile class.
 afxClass<afxFile>::DeallocateObjects(1, 003ace94)
 afxShader.c:397?AfxBuildShaders(cnt=1,blueprint=003ad3a4,shd=003ad7d8)
 afxClass<afxShader>::AllocateObjects(1, 003ad7d8, 003ad0a0)
 afxClass<afxShader>::BuildObjects(1, 003ad7d8, 003ad3a4)
 afxClass<afxShader>::ConstructObject(02f18bb0)
 afxShader.c:660?_AfxShdCtor(shd=02f18bb0)
 #version 330 core // QWADRO. Engineered by SIGMA Technology Group.

#define afxInt int
#define afxNat uint

#define afxReal float

#define afxV2d vec2
#define afxV3d vec3
#define afxV4d vec4

#define afxM2d mat2
#define afxM3d mat3
#define afxM4d mat4

        
        layout(location = 0) in vec2 a_xy;

        out block
        {
            vec2 uv0;
        } sgl_v;

        void main()
        {
            gl_Position = vec4(a_xy, 0.0, 1.0);
            sgl_v.uv0 = vec2(gl_Position.xy * 0.5 + 0.5).xy;
        }
       
 sglShader.c:134?_AfxShdCtor(shd=02f18bb0)
 afxObject<02f18bb0>::InstallEventFilter(02f19a50)
 afxShader.c:550?AfxAcquireShaders(cnt=1,uri=02f1e430,shd=003ad7d8)
 Uploading shader 'data/pipeline/yv12ToRgba.xml?fsSigma'
 afxXml.c:976?AfxLoadXml(uri:data/pipeline/yv12ToRgba.xml)
 afxFile.c:344?AfxOpenFile(00000001,data/pipeline/yv12ToRgba.xml)
 afxClass<afxFile>::AllocateObjects(1, 003ad058, 003ad068)
 afxClass<afxFile>::BuildObjects(1, 003ad058, 003ad050)
 afxClass<afxFile>::ConstructObject(02f18010)
 afxStream.c:600?AfxAcquireStream(ios=02f18044,flags=1,start=00000000,len=0)
 afxClass<afxFile>::DismantleObjects(1, 003ad0a8)
 Destructing instance 02f18010 of afxFile class.
 afxClass<afxFile>::DeallocateObjects(1, 003ad0a8)
 afxFile.c:364?AfxOpenReadableFile(data/pipeline/stdEnv.inc)
 afxClass<afxFile>::AllocateObjects(1, 003ace44, 003ace54)
 afxClass<afxFile>::BuildObjects(1, 003ace44, 003ace3c)
 afxClass<afxFile>::ConstructObject(02f18010)
 afxStream.c:600?AfxAcquireStream(ios=02f18044,flags=5,start=00000000,len=0)
 afxClass<afxFile>::DismantleObjects(1, 003ace94)
 Destructing instance 02f18010 of afxFile class.
 afxClass<afxFile>::DeallocateObjects(1, 003ace94)
 afxShader.c:397?AfxBuildShaders(cnt=1,blueprint=003ad3a4,shd=003ad7d8)
 afxClass<afxShader>::AllocateObjects(1, 003ad7d8, 003ad0a0)
 afxClass<afxShader>::BuildObjects(1, 003ad7d8, 003ad3a4)
 afxClass<afxShader>::ConstructObject(02f18010)
 afxShader.c:660?_AfxShdCtor(shd=02f18010)
 #version 330 core // QWADRO. Engineered by SIGMA Technology Group.

#define afxInt int
#define afxNat uint

#define afxReal float

#define afxV2d vec2
#define afxV3d vec3
#define afxV4d vec4

#define afxM2d mat2
#define afxM3d mat3
#define afxM4d mat4

        
        uniform sampler2D samp0;
        uniform sampler2D samp1;
        uniform sampler2D samp2;
        
        in block
        {
            vec2 uv0;
        } sgl_v;

        out vec4 sgl_rgba;

        void main()
        {
            vec3 yuv;
            yuv.x = texture(samp0, sgl_v.uv0).r;
            yuv.y = texture(samp2, sgl_v.uv0).r - 0.5;
            yuv.z = texture(samp1, sgl_v.uv0).r - 0.5;
            
            vec3 rgb = mat3( 1, 1, 1, 0, -0.34414, 1.772, 1.402, -0.71414, 0) * yuv;
            sgl_rgba = vec4(rgb, 1);
        }
       
 sglShader.c:134?_AfxShdCtor(shd=02f18010)
 afxObject<02f18010>::InstallEventFilter(02f19a50)
 afxLego.c:218?AfxBuildLegos(dctx=02f6b0c0)
 ERR afxDrawContext.c:184?AfxGetLegoClass
    
 ERR afxDrawContext.c:184?AfxGetLegoClass
    (var_)
    Invalid
 afxClass<afxLego>::AllocateObjects(1, 02edb254, 003ad620)
 afxClass<afxLego>::BuildObjects(1, 02edb254, 003ad994)
 afxClass<afxLego>::ConstructObject(02f1c2b0)
 afxLego.c:275?_AfxLegtCtor(legt=02f1c2b0)
 sglPipeline.c:293?_AfxPipCtor(pip=02f19a50)
 afxClass<afxVertexBuffer>::AllocateObjects(1, 01225160, 003ae8d4)
 afxClass<afxVertexBuffer>::BuildObjects(1, 01225160, 003ae8ac)
 afxClass<afxVertexBuffer, afxBuffer>ConstructingObject(02f19680)
 afxClass<afxBuffer>::ConstructObject(02f19680)
 afxBuffer.c:247?_AfxBufCtor(buf=02f19680)
 sglBuffer.c:329?_SglBufCtor(buf=02f19680)
 afxClass<afxVertexBuffer>::ConstructObject(02f19680)
 afxVertexBuffer.c:446?_AfxVbufCtor(vbuf=02f19680)
 afxSurface.c:52?AfxAcquireSurface(fmt=1,whd=[1280,720,1],usage=16)
 ADV afxTexture.c:69?AfxAcquireTextureBlueprint
    texb->fcc == AFX_FCC_TEXB
 afxClass<afxSurface>::AllocateObjects(1, 003adc58, 003adc74)
 afxClass<afxSurface>::BuildObjects(1, 003adc58, 003adc80)
 afxClass<afxSurface, afxTexture>ConstructingObject(030011a0)
 afxClass<afxTexture>::ConstructObject(030011a0)
 afxTexture.c:1023?_AfxTexCtor(tex=030011a0)
 sglTexture.c:987?_SglTexCtor(tex=030011a0)
 afxClass<afxSurface>::ConstructObject(030011a0)
 afxSurface.c:130?_AfxSurfCtor(surf=030011a0)
 sglSurface.c:114?_AfxSurfCtor(surf=030011a0)
 afxSurface.c:52?AfxAcquireSurface(fmt=1,whd=[640,360,1],usage=16)
 ADV afxTexture.c:69?AfxAcquireTextureBlueprint
    texb->fcc == AFX_FCC_TEXB
 afxClass<afxSurface>::AllocateObjects(1, 003adc58, 003adc74)
 afxClass<afxSurface>::BuildObjects(1, 003adc58, 003adc80)
 afxClass<afxSurface, afxTexture>ConstructingObject(02edd0f0)
 afxClass<afxTexture>::ConstructObject(02edd0f0)
 afxTexture.c:1023?_AfxTexCtor(tex=02edd0f0)
 sglTexture.c:987?_SglTexCtor(tex=02edd0f0)
 afxClass<afxSurface>::ConstructObject(02edd0f0)
 afxSurface.c:130?_AfxSurfCtor(surf=02edd0f0)
 sglSurface.c:114?_AfxSurfCtor(surf=02edd0f0)
 afxSurface.c:52?AfxAcquireSurface(fmt=1,whd=[640,360,1],usage=16)
 ADV afxTexture.c:69?AfxAcquireTextureBlueprint
    texb->fcc == AFX_FCC_TEXB
 afxClass<afxSurface>::AllocateObjects(1, 003adc58, 003adc74)
 afxClass<afxSurface>::BuildObjects(1, 003adc58, 003adc80)
 afxClass<afxSurface, afxTexture>ConstructingObject(0305d260)
 afxClass<afxTexture>::ConstructObject(0305d260)
 afxTexture.c:1023?_AfxTexCtor(tex=0305d260)
 sglTexture.c:987?_SglTexCtor(tex=0305d260)
 afxClass<afxSurface>::ConstructObject(0305d260)
 afxSurface.c:130?_AfxSurfCtor(surf=0305d260)
 sglSurface.c:114?_AfxSurfCtor(surf=0305d260)
 afxCanvas.c:253?AfxBuildCanvases(dctx=02f6b0c0,cnt=1,blueprint=003ae1c0,canv=01225110)
 afxClass<afxCanvas>::AllocateObjects(1, 01225110, 003ae0ec)
 afxClass<afxCanvas>::BuildObjects(1, 01225110, 003ae1c0)
 afxClass<afxCanvas>::ConstructObject(0306ff50)
 afxCanvas.c:379?_AfxCanvCtor(canv=0306ff50)
 afxSurface.c:52?AfxAcquireSurface(fmt=4,whd=[1280,720,1],usage=16)
 ADV afxTexture.c:69?AfxAcquireTextureBlueprint
    texb->fcc == AFX_FCC_TEXB
 afxClass<afxSurface>::AllocateObjects(1, 003ad6c8, 003ad6e4)
 afxClass<afxSurface>::BuildObjects(1, 003ad6c8, 003ad6f0)
 afxClass<afxSurface, afxTexture>ConstructingObject(054aa950)
 afxClass<afxTexture>::ConstructObject(054aa950)
 afxTexture.c:1023?_AfxTexCtor(tex=054aa950)
 sglTexture.c:987?_SglTexCtor(tex=054aa950)
 afxClass<afxSurface>::ConstructObject(054aa950)
 afxSurface.c:130?_AfxSurfCtor(surf=054aa950)
 sglSurface.c:114?_AfxSurfCtor(surf=054aa950)
 sglCanvas.c:356?_AfxCanvCtor(canv=0306ff50)
 afxObject<054aa950>::InstallEventFilter(0306ff50)
 afxSurface.c:52?AfxAcquireSurface(fmt=1,whd=[1280,720,1],usage=16)
 ADV afxTexture.c:69?AfxAcquireTextureBlueprint
    texb->fcc == AFX_FCC_TEXB
 afxClass<afxSurface>::AllocateObjects(1, 003adc58, 003adc74)
 afxClass<afxSurface>::BuildObjects(1, 003adc58, 003adc80)
 afxClass<afxSurface, afxTexture>ConstructingObject(054aaa40)
 afxClass<afxTexture>::ConstructObject(054aaa40)
 afxTexture.c:1023?_AfxTexCtor(tex=054aaa40)
 sglTexture.c:987?_SglTexCtor(tex=054aaa40)
 afxClass<afxSurface>::ConstructObject(054aaa40)
 afxSurface.c:130?_AfxSurfCtor(surf=054aaa40)
 sglSurface.c:114?_AfxSurfCtor(surf=054aaa40)
 afxSurface.c:52?AfxAcquireSurface(fmt=1,whd=[640,360,1],usage=16)
 ADV afxTexture.c:69?AfxAcquireTextureBlueprint
    texb->fcc == AFX_FCC_TEXB
 afxClass<afxSurface>::AllocateObjects(1, 003adc58, 003adc74)
 afxClass<afxSurface>::BuildObjects(1, 003adc58, 003adc80)
 afxClass<afxSurface, afxTexture>ConstructingObject(054aab40)
 afxClass<afxTexture>::ConstructObject(054aab40)
 afxTexture.c:1023?_AfxTexCtor(tex=054aab40)
 sglTexture.c:987?_SglTexCtor(tex=054aab40)
 afxClass<afxSurface>::ConstructObject(054aab40)
 afxSurface.c:130?_AfxSurfCtor(surf=054aab40)
 sglSurface.c:114?_AfxSurfCtor(surf=054aab40)
 afxSurface.c:52?AfxAcquireSurface(fmt=1,whd=[640,360,1],usage=16)
 ADV afxTexture.c:69?AfxAcquireTextureBlueprint
    texb->fcc == AFX_FCC_TEXB
 afxClass<afxSurface>::AllocateObjects(1, 003adc58, 003adc74)
 afxClass<afxSurface>::BuildObjects(1, 003adc58, 003adc80)
 afxClass<afxSurface, afxTexture>ConstructingObject(054e3090)
 afxClass<afxTexture>::ConstructObject(054e3090)
 afxTexture.c:1023?_AfxTexCtor(tex=054e3090)
 sglTexture.c:987?_SglTexCtor(tex=054e3090)
 afxClass<afxSurface>::ConstructObject(054e3090)
 afxSurface.c:130?_AfxSurfCtor(surf=054e3090)
 sglSurface.c:114?_AfxSurfCtor(surf=054e3090)
 afxCanvas.c:253?AfxBuildCanvases(dctx=02f6b0c0,cnt=1,blueprint=003ae1c0,canv=01225114)
 afxClass<afxCanvas>::AllocateObjects(1, 01225114, 003ae0ec)
 afxClass<afxCanvas>::BuildObjects(1, 01225114, 003ae1c0)
 afxClass<afxCanvas>::ConstructObject(02fffaa0)
 afxCanvas.c:379?_AfxCanvCtor(canv=02fffaa0)
 afxSurface.c:52?AfxAcquireSurface(fmt=4,whd=[1280,720,1],usage=16)
 ADV afxTexture.c:69?AfxAcquireTextureBlueprint
    texb->fcc == AFX_FCC_TEXB
 afxClass<afxSurface>::AllocateObjects(1, 003ad6c8, 003ad6e4)
 afxClass<afxSurface>::BuildObjects(1, 003ad6c8, 003ad6f0)
 afxClass<afxSurface, afxTexture>ConstructingObject(0551b5e0)
 afxClass<afxTexture>::ConstructObject(0551b5e0)
 afxTexture.c:1023?_AfxTexCtor(tex=0551b5e0)
 sglTexture.c:987?_SglTexCtor(tex=0551b5e0)
 afxClass<afxSurface>::ConstructObject(0551b5e0)
 afxSurface.c:130?_AfxSurfCtor(surf=0551b5e0)
 sglSurface.c:114?_AfxSurfCtor(surf=0551b5e0)
 sglCanvas.c:356?_AfxCanvCtor(canv=02fffaa0)
 afxObject<0551b5e0>::InstallEventFilter(02fffaa0)
 afxDrawOutput.c:307?AfxRegenerateDrawOutputBuffers(dout=02ed8320)
 afxSurface.c:52?AfxAcquireSurface(fmt=3,whd=[1280,720,1],usage=16)
 ADV afxTexture.c:69?AfxAcquireTextureBlueprint
    texb->fcc == AFX_FCC_TEXB
 afxClass<afxSurface>::AllocateObjects(1, 003ae528, 003ae544)
 afxClass<afxSurface>::BuildObjects(1, 003ae528, 003ae550)
 afxClass<afxSurface, afxTexture>ConstructingObject(0551b6d0)
 afxClass<afxTexture>::ConstructObject(0551b6d0)
 afxTexture.c:1023?_AfxTexCtor(tex=0551b6d0)
 sglTexture.c:987?_SglTexCtor(tex=0551b6d0)
 afxClass<afxSurface>::ConstructObject(0551b6d0)
 afxSurface.c:130?_AfxSurfCtor(surf=0551b6d0)
 sglSurface.c:114?_AfxSurfCtor(surf=0551b6d0)
 afxObject<02f17a20>::RemoveEventFilter(02f17c10)
 afxClass<afxSurface>::DismantleObjects(1, 003ae8b0)
 Destructing instance 02f17a20 of afxSurface class.
 afxSurface.c:97?_AfxSurfDtor(surf=02f17a20)
 sglSurface.c:84?_AfxSurfDtor(surf=02f17a20)
 Destructing instance 02f17a20 of afxSurface : afxTexture class.
 Destructing instance 02f17a20 of afxTexture class.
 afxTexture.c:1002?_AfxTexDtor(tex=02f17a20)
 sglTexture.c:954?_SglTexDtor(img=02f17a20)
 afxClass<afxSurface>::DeallocateObjects(1, 003ae8b0)
 afxObject<0551b6d0>::InstallEventFilter(02f17c10)
 afxSurface.c:52?AfxAcquireSurface(fmt=3,whd=[1280,720,1],usage=16)
 ADV afxTexture.c:69?AfxAcquireTextureBlueprint
    texb->fcc == AFX_FCC_TEXB
 afxClass<afxSurface>::AllocateObjects(1, 003ae528, 003ae544)
 afxClass<afxSurface>::BuildObjects(1, 003ae528, 003ae550)
 afxClass<afxSurface, afxTexture>ConstructingObject(02f17a20)
 afxClass<afxTexture>::ConstructObject(02f17a20)
 afxTexture.c:1023?_AfxTexCtor(tex=02f17a20)
 sglTexture.c:987?_SglTexCtor(tex=02f17a20)
 afxClass<afxSurface>::ConstructObject(02f17a20)
 afxSurface.c:130?_AfxSurfCtor(surf=02f17a20)
 sglSurface.c:114?_AfxSurfCtor(surf=02f17a20)
 afxObject<02f17b10>::RemoveEventFilter(02f17cd0)
 afxClass<afxSurface>::DismantleObjects(1, 003ae8b0)
 Destructing instance 02f17b10 of afxSurface class.
 afxSurface.c:97?_AfxSurfDtor(surf=02f17b10)
 sglSurface.c:84?_AfxSurfDtor(surf=02f17b10)
 Destructing instance 02f17b10 of afxSurface : afxTexture class.
 Destructing instance 02f17b10 of afxTexture class.
 afxTexture.c:1002?_AfxTexDtor(tex=02f17b10)
 sglTexture.c:954?_SglTexDtor(img=02f17b10)
 afxClass<afxSurface>::DeallocateObjects(1, 003ae8b0)
 afxObject<0551b6d0>::InstallEventFilter(02f17cd0)
 Draw output (02ed8320) extent readjusted to 1280x720; 0.666667%:0.666667% of 1920x1080.
 afxDrawScript.c:369?AfxAcquireDrawScripts(ddrv=007076c0)
 afxClass<afxDrawScript>::AllocateObjects(1, 003ae3a8, 003ae2ec)
 afxClass<afxDrawScript>::BuildObjects(1, 003ae3a8, 003ae2d8)
 afxClass<afxDrawScript>::ConstructObject(0551b7d0)
 afxDrawScript.c:453?_AfxDscrCtor(dscr=0551b7d0)
 afxArena.c:767?AfxAcquireArena(aren=0551b81c)
 afxArena.c:768?AfxAcquireArena(spec=00000000,hint="afxDrawScript.c:467!_AfxDscrCtor")
 sglCanvas.c:55?_SglCanvReinstantiateIdd(canv=02f17c10)
 sglTexture.c:756?_SglTexReinstantiateIdd(tex=0551b6d0)
 afxTexture 0551b6d0 hardware-side data instanced.
 afxSurface 0551b6d0 hardware-side data instanced.
 afxCanvas 02f17c10 hardware-side data instanced.
 afxCanvas 02f17c10 hardware-side data instanced.
 afxShader 02f18bb0 hardware-side data instanced.
 afxShader 02f18010 hardware-side data instanced.
 afxPipeline 02f19a50 hardware-side data instanced.
 afxBuffer 02f19680 hardware-side data instanced.
 sglTexture.c:756?_SglTexReinstantiateIdd(tex=054aaa40)
 afxTexture 054aaa40 hardware-side data instanced.
 afxSampler 02f1f2e0 hardware-side data instanced.
 sglTexture.c:756?_SglTexReinstantiateIdd(tex=054aab40)
 afxTexture 054aab40 hardware-side data instanced.
 sglTexture.c:756?_SglTexReinstantiateIdd(tex=054e3090)
 afxTexture 054e3090 hardware-side data instanced.
 afxShader 02f6be20 hardware-side data instanced.
 afxShader 02ee1c30 hardware-side data instanced.
 afxPipeline 02ee0f00 hardware-side data instanced.
 afxBuffer 011105e0 hardware-side data instanced.
 afxSampler 01144400 hardware-side data instanced.
 sglCanvas.c:55?_SglCanvReinstantiateIdd(canv=02f17cd0)
 afxCanvas 02f17cd0 hardware-side data instanced.
 afxCanvas 02f17cd0 hardware-side data instanced.
 sglTexture.c:756?_SglTexReinstantiateIdd(tex=02f17a20)
 afxTexture 02f17a20 hardware-side data instanced.
 sglTexture.c:756?_SglTexReinstantiateIdd(tex=030011a0)
 afxTexture 030011a0 hardware-side data instanced.
 sglTexture.c:756?_SglTexReinstantiateIdd(tex=02edd0f0)
 afxTexture 02edd0f0 hardware-side data instanced.
 sglTexture.c:756?_SglTexReinstantiateIdd(tex=0305d260)
 afxTexture 0305d260 hardware-side data instanced.
 afxDrawOutput.c:307?AfxRegenerateDrawOutputBuffers(dout=02ed8320)
 afxSurface.c:52?AfxAcquireSurface(fmt=3,whd=[1920,1017,1],usage=16)
 ADV afxTexture.c:69?AfxAcquireTextureBlueprint
    texb->fcc == AFX_FCC_TEXB
 afxClass<afxSurface>::AllocateObjects(1, 003ad2d8, 003ad2f4)
 afxClass<afxSurface>::BuildObjects(1, 003ad2d8, 003ad300)
 afxClass<afxSurface, afxTexture>ConstructingObject(0562ba30)
 afxClass<afxTexture>::ConstructObject(0562ba30)
 afxTexture.c:1023?_AfxTexCtor(tex=0562ba30)
 sglTexture.c:987?_SglTexCtor(tex=0562ba30)
 afxClass<afxSurface>::ConstructObject(0562ba30)
 afxSurface.c:130?_AfxSurfCtor(surf=0562ba30)
 sglSurface.c:114?_AfxSurfCtor(surf=0562ba30)
 afxObject<0551b6d0>::RemoveEventFilter(02f17c10)
 afxObject<0562ba30>::InstallEventFilter(02f17c10)
 afxClass<afxSurface>::DismantleObjects(1, 003ad7e4)
 Destructing instance 02f17a20 of afxSurface class.
 afxSurface.c:97?_AfxSurfDtor(surf=02f17a20)
 sglSurface.c:84?_AfxSurfDtor(surf=02f17a20)
 Destructing instance 02f17a20 of afxSurface : afxTexture class.
 Destructing instance 02f17a20 of afxTexture class.
 afxTexture.c:1002?_AfxTexDtor(tex=02f17a20)
 sglTexture.c:954?_SglTexDtor(img=02f17a20)
 sglDrawDriver.c:1594?_SglDeleteGlRes(dctx=02f6b0c0)
 afxClass<afxSurface>::DeallocateObjects(1, 003ad7e4)
 afxSurface.c:52?AfxAcquireSurface(fmt=3,whd=[1920,1017,1],usage=16)
 ADV afxTexture.c:69?AfxAcquireTextureBlueprint
    texb->fcc == AFX_FCC_TEXB
 afxClass<afxSurface>::AllocateObjects(1, 003ad2d8, 003ad2f4)
 afxClass<afxSurface>::BuildObjects(1, 003ad2d8, 003ad300)
 afxClass<afxSurface, afxTexture>ConstructingObject(0562bb30)
 afxClass<afxTexture>::ConstructObject(0562bb30)
 afxTexture.c:1023?_AfxTexCtor(tex=0562bb30)
 sglTexture.c:987?_SglTexCtor(tex=0562bb30)
 afxClass<afxSurface>::ConstructObject(0562bb30)
 afxSurface.c:130?_AfxSurfCtor(surf=0562bb30)
 sglSurface.c:114?_AfxSurfCtor(surf=0562bb30)
 afxObject<0551b6d0>::RemoveEventFilter(02f17cd0)
 afxClass<afxSurface>::DismantleObjects(1, 003ad660)
 Destructing instance 0551b6d0 of afxSurface class.
 afxSurface.c:97?_AfxSurfDtor(surf=0551b6d0)
 sglSurface.c:84?_AfxSurfDtor(surf=0551b6d0)
 sglDrawDriver.c:1594?_SglDeleteGlRes(dctx=02f6b0c0)
 Destructing instance 0551b6d0 of afxSurface : afxTexture class.
 Destructing instance 0551b6d0 of afxTexture class.
 afxTexture.c:1002?_AfxTexDtor(tex=0551b6d0)
 sglTexture.c:954?_SglTexDtor(img=0551b6d0)
 sglDrawDriver.c:1594?_SglDeleteGlRes(dctx=02f6b0c0)
 afxClass<afxSurface>::DeallocateObjects(1, 003ad660)
 afxObject<0562ba30>::InstallEventFilter(02f17cd0)
 Draw output (02ed8320) extent readjusted to 1920x1017; 1.000000%:0.941667% of 1920x1080.
 sglCanvas.c:55?_SglCanvReinstantiateIdd(canv=02f17c10)
 sglTexture.c:756?_SglTexReinstantiateIdd(tex=0562ba30)
 afxTexture 0562ba30 hardware-side data instanced.
 afxSurface 0562ba30 hardware-side data instanced.
 afxCanvas 02f17c10 hardware-side data instanced.
 afxCanvas 02f17c10 hardware-side data instanced.
 sglCanvas.c:55?_SglCanvReinstantiateIdd(canv=02f17cd0)
 afxCanvas 02f17cd0 hardware-side data instanced.
 afxCanvas 02f17cd0 hardware-side data instanced.
 sglTexture.c:756?_SglTexReinstantiateIdd(tex=0562bb30)
 afxTexture 0562bb30 hardware-side data instanced.