
 afxDebug.c:386?AfxAttachDebugTerminal()
      ::::::::  :::       :::     :::     :::::::::  :::::::::   ::::::::      
     :+:    :+: :+:       :+:   :+: :+:   :+:    :+: :+:    :+: :+:    :+:     
     +:+    +:+ +:+       +:+  +:+   +:+  +:+    +:+ +:+    +:+ +:+    +:+     
     +#+    +:+ +#+  +:+  +#+ +#++:++#++: +#+    +:+ +#++:++#:  +#+    +:+     
     +#+  # +#+ +#+ +#+#+ +#+ +#+     +#+ +#+    +#+ +#+    +#+ +#+    +#+     
     #+#   +#+   #+#+# #+#+#  #+#     #+# #+#    #+# #+#    #+# #+#    #+#     
      ###### ###  ###   ###   ###     ### #########  ###    ###  ########      
                                                                               
                  S I G M A   T E C H N O L O G Y   G R O U P                  
                                                                               
                               Public Test Build                               
                           (c) 2017 Federacao SIGMA                            
                                www.sigmaco.org                                
                                                                               
 afxClass<afxSystem>::Mount(77e91c10, 00000000, 00000000, 77e702e4)
 afxClass<afxSystem>::AllocateObjects(1, 003ef2b4, 003ef1cc)
 afxClass<afxSystem>::BuildObjects(1, 003ef2b4, 00000000)
 afxClass<afxSystem>::ConstructObject(001ef0f0)
 afxSystem.c:885?_AfxSysCtor(sys=001ef0f0)
 ADV afxSystem.c:905?_AfxSysCtor
    Memoy page size: 4096
 ADV afxSystem.c:906?_AfxSysCtor
    Logical processor count: 2
 afxClass<afxMemory>::Mount(001ef13c, 001ef124, 00000000, 77e74b1c)
 afxMemory.c:144?AfxAcquireMemory(strategy=003ee2b8,hint="afxSystem.c:927!_AfxSysCtor")
 afxClass<afxMemory>::AllocateObjects(1, 003ee154, 003ee164)
 afxClass<afxMemory>::BuildObjects(1, 003ee154, 003ee14c)
 afxClass<afxMemory>::ConstructObject(001ef950)
 afxMemory.c:198?_AfxMemCtor(mem=001ef950)
 afxClass<afxThread>::Mount(001ef1fc, 001ef124, 00000000, 77e70950)
 afxClass<afxIoSystem>::Mount(001ef2bc, 001ef124, 00000000, 77e720f0)
 afxClass<afxIoSystem>::AllocateObjects(1, 003ee280, 003ee154)
 afxClass<afxIoSystem>::BuildObjects(1, 003ee280, 003ee284)
 afxClass<afxIoSystem>::ConstructObject(001eff30)
 afxIoSystem.c:706?_AfxIoCtor(io=001eff30)
 afxArena.c:767?AfxAcquireArena(aren=001eff7c)
 afxArena.c:768?AfxAcquireArena(spec=00000000,hint="afxIoSystem.c:722!_AfxIoCtor")
 afxClass<afxFile>::Mount(001effd4, 001eff64, 00000000, 77e71e34)
 afxClass<afxArchive>::Mount(001f0094, 001eff64, 001effd4, 77e717b4)
 afxClass<afxResource>::Mount(001f0214, 001eff64, 00000000, 77e735ac)
 afxClass<afxUrd>::Mount(001f0154, 001eff64, 00000000, 77e73b8c)
 afxIoSystem.c:412?AfxMountStoragePoints(001eff30,6,003ee47c)
 Point "." 5 mounted -> "E:/qwadro/afx".
 Point "system" 5 mounted -> "E:/qwadro/afx/system32".
 Point "sound" 5 mounted -> "E:/qwadro/afx/sound".
 Point "tmp" 7 mounted -> "E:/qwadro/afx/tmp".
 Point "data" 5 mounted -> "E:/qwadro/afx/data".
 Point "art" 5 mounted -> "E:/qwadro/afx/art".
 afxClass<afxModule>::Mount(001ef37c, 001ef124, 00000000, 77e6ef90)
 afxModule.c:93?AfxAcquireModules(uri=system/e2coree.dll)
 afxClass<afxModule>::AllocateObjects(1, 001ef8e0, 003ee138)
 afxClass<afxModule>::BuildObjects(1, 001ef8e0, 003ee3a8)
 afxClass<afxModule>::ConstructObject(001f45f0)
 afxModule.c:170?_AfxMdleCtor(uri:system/e2coree.dll)
 afxClass<afxHid>::Mount(001ef43c, 001ef124, 00000000, 77e7285c)
 afxClass<afxKeyboard>::Mount(001ef4fc, 001ef124, 001ef43c, 77e731a8)
 afxClass<afxMouse>::Mount(001ef5bc, 001ef124, 001ef43c, 77e73348)
 afxClass<afxDrawSystem>::Mount(001ef67c, 001ef124, 00000000, 77e779c4)
 afxClass<afxApplication>::Mount(001ef73c, 001ef124, 001ef1fc, 77e6e000)
 afxKeyboard.c:189?AfxAcquireKeyboards(port=0)
 afxClass<afxKeyboard>::AllocateObjects(1, 001ef8e4, 003ee16c)
 afxClass<afxKeyboard>::BuildObjects(1, 001ef8e4, 003ee15c)
 afxClass<afxKeyboard, afxHid>ConstructingObject(001f4720)
 afxClass<afxHid>::ConstructObject(001f4720)
 afxHid.c:226?_AfxHidCtor(hid=001f4720)
 afxClass<afxKeyboard>::ConstructObject(001f4720)
 afxKeyboard.c:252?_AfxKbdCtor(kbd=001f4720)
 afxClass<afxDrawSystem>::AllocateObjects(1, 003ef2b0, 003ef1cc)
 afxClass<afxDrawSystem>::BuildObjects(1, 003ef2b0, 003ef2ac)
 afxClass<afxDrawSystem>::ConstructObject(001f4fb0)
 afxDrawSystem.c:461?_AfxDsysCtor(dsys=001f4fb0)
 afxClass<afxDrawDriver>::Mount(001f4ff8, 001f4fe4, 00000000, 77e76784)
 afxClass<afxDrawThread>::Mount(001f50b8, 001f4fe4, 001ef1fc, 77e77cf4)
New texture codec registered.
Name: SIGGL
Author: SIGMA Technology Group
Version: 0.5.1
Note: 
 Truecolor Targa texture serializer installed!
 afxModule.c:93?AfxAcquireModules(uri=e2draw.icd)
 afxClass<afxModule>::AllocateObjects(1, 001f51e4, 003eecf0)
 afxClass<afxModule>::BuildObjects(1, 001f51e4, 003eeddc)
 afxClass<afxModule>::ConstructObject(001f5fd0)
 afxModule.c:170?_AfxMdleCtor(uri:e2draw.icd)
 afxDrawDriver.c:215?AfxRegisterDrawDriver(spec=509e7c38)
 afxClass<afxDrawDriver>::AllocateObjects(1, 003eed2c, 003eeccc)
 afxClass<afxDrawDriver>::BuildObjects(1, 003eed2c, 509e7c38)
 afxClass<afxDrawDriver>::ConstructObject(001f76c0)
 afxDrawDriver.c:271?_AfxDdrvCtor(ddrv=001f76c0)
 afxClass<afxDrawScript>::Mount(001f7710, 001f76fc, 00000000, 77e77424)
 afxClass<afxDrawQueue>::Mount(001f77d0, 001f76fc, 00000000, 77e772e4)
 afxClass<afxDrawContext>::Mount(001f7890, 001f76fc, 00000000, 77e752d4)
 afxClass<afxDrawOutput>::Mount(001f7950, 001f76fc, 00000000, 77e76d20)
 afxClass<afxDrawInput>::Mount(001f7a10, 001f76fc, 00000000, 77e76b00)
 Listing mem available display devices...

 #0 = Intel(R) HD Graphics (\\.\DISPLAY1) 8000005
 #1 = RDPDD Chained DD (\\.\DISPLAYV1) 200008
 #2 = RDP Encoder Mirror Driver (\\.\DISPLAYV2) 200008
 #3 = RDP Reflector Display Driver (\\.\DISPLAYV3) 200008
 sglDrawDriver.c:1302?_SglCreateCombinedDeviceContext(oglWndClss=001f7be0,shareCtx=00000000,phwnd=001fc680,phdc=001fc684,phrc=001fc68c)
 ADV sglDrawDriver.c:1641?_SglBuildDpu
    677 381 1920 1080 96 96 32 1 36 36 51 60 1 
 ERR sglDrawDriver.c:1088?SglGetPixelFormat
    
 ERR sglDrawDriver.c:1088?SglGetPixelFormat
    
 ERR sglDrawDriver.c:1076?SglDescribePixelFormat
    
 ERR sglDrawDriver.c:1076?SglDescribePixelFormat
    
 sglDrawDriver.c:790?_SglLoadVmt(vmt=001fc690,verMajor=1,verMinor=0)
 glCullFace @ 0 found.
 glFrontFace @ 1 found.
 glHint @ 2 found.
 glLineWidth @ 3 found.
 glPointSize @ 4 found.
 glPolygonMode @ 5 found.
 glScissor @ 6 found.
 glTexParameterf @ 7 found.
 glTexParameterfv @ 8 found.
 glTexParameteri @ 9 found.
 glTexParameteriv @ 10 found.
 glTexImage1D @ 11 found.
 glTexImage2D @ 12 found.
 glDrawBuffer @ 13 found.
 glClear @ 14 found.
 glClearColor @ 15 found.
 glClearStencil @ 16 found.
 glClearDepth @ 17 found.
 glStencilMask @ 18 found.
 glColorMask @ 19 found.
 glDepthMask @ 20 found.
 glDisable @ 21 found.
 glEnable @ 22 found.
 glFinish @ 23 found.
 glFlush @ 24 found.
 glBlendFunc @ 25 found.
 glLogicOp @ 26 found.
 glStencilFunc @ 27 found.
 glStencilOp @ 28 found.
 glDepthFunc @ 29 found.
 glPixelStoref @ 30 found.
 glPixelStorei @ 31 found.
 glReadBuffer @ 32 found.
 glReadPixels @ 33 found.
 glGetBooleanv @ 34 found.
 glGetDoublev @ 35 found.
 glGetError @ 36 found.
 glGetFloatv @ 37 found.
 glGetIntegerv @ 38 found.
 glGetString @ 39 found.
 glGetTexImage @ 40 found.
 glGetTexParameterfv @ 41 found.
 glGetTexParameteriv @ 42 found.
 glGetTexLevelParameterfv @ 43 found.
 glGetTexLevelParameteriv @ 44 found.
 glIsEnabled @ 45 found.
 glDepthRange @ 46 found.
 glViewport @ 47 found.
 sglDrawDriver.c:790?_SglLoadVmt(vmt=001fc690,verMajor=4,verMinor=6)
 glCullFace @ 0 found.
 glFrontFace @ 1 found.
 glHint @ 2 found.
 glLineWidth @ 3 found.
 glPointSize @ 4 found.
 glPolygonMode @ 5 found.
 glScissor @ 6 found.
 glTexParameterf @ 7 found.
 glTexParameterfv @ 8 found.
 glTexParameteri @ 9 found.
 glTexParameteriv @ 10 found.
 glTexImage1D @ 11 found.
 glTexImage2D @ 12 found.
 glDrawBuffer @ 13 found.
 glClear @ 14 found.
 glClearColor @ 15 found.
 glClearStencil @ 16 found.
 glClearDepth @ 17 found.
 glStencilMask @ 18 found.
 glColorMask @ 19 found.
 glDepthMask @ 20 found.
 glDisable @ 21 found.
 glEnable @ 22 found.
 glFinish @ 23 found.
 glFlush @ 24 found.
 glBlendFunc @ 25 found.
 glLogicOp @ 26 found.
 glStencilFunc @ 27 found.
 glStencilOp @ 28 found.
 glDepthFunc @ 29 found.
 glPixelStoref @ 30 found.
 glPixelStorei @ 31 found.
 glReadBuffer @ 32 found.
 glReadPixels @ 33 found.
 glGetBooleanv @ 34 found.
 glGetDoublev @ 35 found.
 glGetError @ 36 found.
 glGetFloatv @ 37 found.
 glGetIntegerv @ 38 found.
 glGetString @ 39 found.
 glGetTexImage @ 40 found.
 glGetTexParameterfv @ 41 found.
 glGetTexParameteriv @ 42 found.
 glGetTexLevelParameterfv @ 43 found.
 glGetTexLevelParameteriv @ 44 found.
 glIsEnabled @ 45 found.
 glDepthRange @ 46 found.
 glViewport @ 47 found.
 glDrawArrays @ 48 found.
 glDrawElements @ 49 found.
 glGetPointerv @ 50 found.
 glPolygonOffset @ 51 found.
 glCopyTexImage1D @ 52 found.
 glCopyTexImage2D @ 53 found.
 glCopyTexSubImage1D @ 54 found.
 glCopyTexSubImage2D @ 55 found.
 glTexSubImage1D @ 56 found.
 glTexSubImage2D @ 57 found.
 glBindTexture @ 58 found.
 glDeleteTextures @ 59 found.
 glGenTextures @ 60 found.
 glIsTexture @ 61 found.
 glDrawRangeElements @ 62 found.
 glTexImage3D @ 63 found.
 glTexSubImage3D @ 64 found.
 glCopyTexSubImage3D @ 65 found.
 glActiveTexture @ 66 found.
 glSampleCoverage @ 67 found.
 glCompressedTexImage3D @ 68 found.
 glCompressedTexImage2D @ 69 found.
 glCompressedTexImage1D @ 70 found.
 glCompressedTexSubImage3D @ 71 found.
 glCompressedTexSubImage2D @ 72 found.
 glCompressedTexSubImage1D @ 73 found.
 glGetCompressedTexImage @ 74 found.
 glBlendFuncSeparate @ 75 found.
 glMultiDrawArrays @ 76 found.
 glMultiDrawElements @ 77 found.
 glPointParameterf @ 78 found.
 glPointParameterfv @ 79 found.
 glPointParameteri @ 80 found.
 glPointParameteriv @ 81 found.
 glBlendColor @ 82 found.
 glBlendEquation @ 83 found.
 glGenQueries @ 84 found.
 glDeleteQueries @ 85 found.
 glIsQuery @ 86 found.
 glBeginQuery @ 87 found.
 glEndQuery @ 88 found.
 glGetQueryiv @ 89 found.
 glGetQueryObjectiv @ 90 found.
 glGetQueryObjectuiv @ 91 found.
 glBindBuffer @ 92 found.
 glDeleteBuffers @ 93 found.
 glGenBuffers @ 94 found.
 glIsBuffer @ 95 found.
 glBufferData @ 96 found.
 glBufferSubData @ 97 found.
 glGetBufferSubData @ 98 found.
 glMapBuffer @ 99 found.
 glUnmapBuffer @ 100 found.
 glGetBufferParameteriv @ 101 found.
 glGetBufferPointerv @ 102 found.
 glBlendEquationSeparate @ 103 found.
 glDrawBuffers @ 104 found.
 glStencilOpSeparate @ 105 found.
 glStencilFuncSeparate @ 106 found.
 glStencilMaskSeparate @ 107 found.
 glAttachShader @ 108 found.
 glBindAttribLocation @ 109 found.
 glCompileShader @ 110 found.
 glCreateProgram @ 111 found.
 glCreateShader @ 112 found.
 glDeleteProgram @ 113 found.
 glDeleteShader @ 114 found.
 glDetachShader @ 115 found.
 glDisableVertexAttribArray @ 116 found.
 glEnableVertexAttribArray @ 117 found.
 glGetActiveAttrib @ 118 found.
 glGetActiveUniform @ 119 found.
 glGetAttachedShaders @ 120 found.
 glGetAttribLocation @ 121 found.
 glGetProgramiv @ 122 found.
 glGetProgramInfoLog @ 123 found.
 glGetShaderiv @ 124 found.
 glGetShaderInfoLog @ 125 found.
 glGetShaderSource @ 126 found.
 glGetUniformLocation @ 127 found.
 glGetUniformfv @ 128 found.
 glGetUniformiv @ 129 found.
 glGetVertexAttribdv @ 130 found.
 glGetVertexAttribfv @ 131 found.
 glGetVertexAttribiv @ 132 found.
 glGetVertexAttribPointerv @ 133 found.
 glIsProgram @ 134 found.
 glIsShader @ 135 found.
 glLinkProgram @ 136 found.
 glShaderSource @ 137 found.
 glUseProgram @ 138 found.
 glUniform1f @ 139 found.
 glUniform2f @ 140 found.
 glUniform3f @ 141 found.
 glUniform4f @ 142 found.
 glUniform1i @ 143 found.
 glUniform2i @ 144 found.
 glUniform3i @ 145 found.
 glUniform4i @ 146 found.
 glUniform1fv @ 147 found.
 glUniform2fv @ 148 found.
 glUniform3fv @ 149 found.
 glUniform4fv @ 150 found.
 glUniform1iv @ 151 found.
 glUniform2iv @ 152 found.
 glUniform3iv @ 153 found.
 glUniform4iv @ 154 found.
 glUniformMatrix2fv @ 155 found.
 glUniformMatrix3fv @ 156 found.
 glUniformMatrix4fv @ 157 found.
 glValidateProgram @ 158 found.
 glVertexAttrib1d @ 159 found.
 glVertexAttrib1dv @ 160 found.
 glVertexAttrib1f @ 161 found.
 glVertexAttrib1fv @ 162 found.
 glVertexAttrib1s @ 163 found.
 glVertexAttrib1sv @ 164 found.
 glVertexAttrib2d @ 165 found.
 glVertexAttrib2dv @ 166 found.
 glVertexAttrib2f @ 167 found.
 glVertexAttrib2fv @ 168 found.
 glVertexAttrib2s @ 169 found.
 glVertexAttrib2sv @ 170 found.
 glVertexAttrib3d @ 171 found.
 glVertexAttrib3dv @ 172 found.
 glVertexAttrib3f @ 173 found.
 glVertexAttrib3fv @ 174 found.
 glVertexAttrib3s @ 175 found.
 glVertexAttrib3sv @ 176 found.
 glVertexAttrib4Nbv @ 177 found.
 glVertexAttrib4Niv @ 178 found.
 glVertexAttrib4Nsv @ 179 found.
 glVertexAttrib4Nub @ 180 found.
 glVertexAttrib4Nubv @ 181 found.
 glVertexAttrib4Nuiv @ 182 found.
 glVertexAttrib4Nusv @ 183 found.
 glVertexAttrib4bv @ 184 found.
 glVertexAttrib4d @ 185 found.
 glVertexAttrib4dv @ 186 found.
 glVertexAttrib4f @ 187 found.
 glVertexAttrib4fv @ 188 found.
 glVertexAttrib4iv @ 189 found.
 glVertexAttrib4s @ 190 found.
 glVertexAttrib4sv @ 191 found.
 glVertexAttrib4ubv @ 192 found.
 glVertexAttrib4uiv @ 193 found.
 glVertexAttrib4usv @ 194 found.
 glVertexAttribPointer @ 195 found.
 glUniformMatrix2x3fv @ 196 found.
 glUniformMatrix3x2fv @ 197 found.
 glUniformMatrix2x4fv @ 198 found.
 glUniformMatrix4x2fv @ 199 found.
 glUniformMatrix3x4fv @ 200 found.
 glUniformMatrix4x3fv @ 201 found.
 glColorMaski @ 202 found.
 glGetBooleani_v @ 203 found.
 glGetIntegeri_v @ 204 found.
 glEnablei @ 205 found.
 glDisablei @ 206 found.
 glIsEnabledi @ 207 found.
 glBeginTransformFeedback @ 208 found.
 glEndTransformFeedback @ 209 found.
 glBindBufferRange @ 210 found.
 glBindBufferBase @ 211 found.
 glTransformFeedbackVaryings @ 212 found.
 glGetTransformFeedbackVarying @ 213 found.
 glClampColor @ 214 found.
 glBeginConditionalRender @ 215 found.
 glEndConditionalRender @ 216 found.
 glVertexAttribIPointer @ 217 found.
 glGetVertexAttribIiv @ 218 found.
 glGetVertexAttribIuiv @ 219 found.
 glVertexAttribI1i @ 220 found.
 glVertexAttribI2i @ 221 found.
 glVertexAttribI3i @ 222 found.
 glVertexAttribI4i @ 223 found.
 glVertexAttribI1ui @ 224 found.
 glVertexAttribI2ui @ 225 found.
 glVertexAttribI3ui @ 226 found.
 glVertexAttribI4ui @ 227 found.
 glVertexAttribI1iv @ 228 found.
 glVertexAttribI2iv @ 229 found.
 glVertexAttribI3iv @ 230 found.
 glVertexAttribI4iv @ 231 found.
 glVertexAttribI1uiv @ 232 found.
 glVertexAttribI2uiv @ 233 found.
 glVertexAttribI3uiv @ 234 found.
 glVertexAttribI4uiv @ 235 found.
 glVertexAttribI4bv @ 236 found.
 glVertexAttribI4sv @ 237 found.
 glVertexAttribI4ubv @ 238 found.
 glVertexAttribI4usv @ 239 found.
 glGetUniformuiv @ 240 found.
 glBindFragDataLocation @ 241 found.
 glGetFragDataLocation @ 242 found.
 glUniform1ui @ 243 found.
 glUniform2ui @ 244 found.
 glUniform3ui @ 245 found.
 glUniform4ui @ 246 found.
 glUniform1uiv @ 247 found.
 glUniform2uiv @ 248 found.
 glUniform3uiv @ 249 found.
 glUniform4uiv @ 250 found.
 glTexParameterIiv @ 251 found.
 glTexParameterIuiv @ 252 found.
 glGetTexParameterIiv @ 253 found.
 glGetTexParameterIuiv @ 254 found.
 glClearBufferiv @ 255 found.
 glClearBufferuiv @ 256 found.
 glClearBufferfv @ 257 found.
 glClearBufferfi @ 258 found.
 glGetStringi @ 259 found.
 glIsRenderbuffer @ 260 found.
 glBindRenderbuffer @ 261 found.
 glDeleteRenderbuffers @ 262 found.
 glGenRenderbuffers @ 263 found.
 glRenderbufferStorage @ 264 found.
 glGetRenderbufferParameteriv @ 265 found.
 glIsFramebuffer @ 266 found.
 glBindFramebuffer @ 267 found.
 glDeleteFramebuffers @ 268 found.
 glGenFramebuffers @ 269 found.
 glCheckFramebufferStatus @ 270 found.
 glFramebufferTexture1D @ 271 found.
 glFramebufferTexture2D @ 272 found.
 glFramebufferTexture3D @ 273 found.
 glFramebufferRenderbuffer @ 274 found.
 glGetFramebufferAttachmentParameteriv @ 275 found.
 glGenerateMipmap @ 276 found.
 glBlitFramebuffer @ 277 found.
 glRenderbufferStorageMultisample @ 278 found.
 glFramebufferTextureLayer @ 279 found.
 glMapBufferRange @ 280 found.
 glFlushMappedBufferRange @ 281 found.
 glBindVertexArray @ 282 found.
 glDeleteVertexArrays @ 283 found.
 glGenVertexArrays @ 284 found.
 glIsVertexArray @ 285 found.
 glDrawArraysInstanced @ 286 found.
 glDrawElementsInstanced @ 287 found.
 glTexBuffer @ 288 found.
 glPrimitiveRestartIndex @ 289 found.
 glCopyBufferSubData @ 290 found.
 glGetUniformIndices @ 291 found.
 glGetActiveUniformsiv @ 292 found.
 glGetActiveUniformName @ 293 found.
 glGetUniformBlockIndex @ 294 found.
 glGetActiveUniformBlockiv @ 295 found.
 glGetActiveUniformBlockName @ 296 found.
 glUniformBlockBinding @ 297 found.
 glDrawElementsBaseVertex @ 298 found.
 glDrawRangeElementsBaseVertex @ 299 found.
 glDrawElementsInstancedBaseVertex @ 300 found.
 glMultiDrawElementsBaseVertex @ 301 found.
 glProvokingVertex @ 302 found.
 glFenceSync @ 303 found.
 glIsSync @ 304 found.
 glDeleteSync @ 305 found.
 glClientWaitSync @ 306 found.
 glWaitSync @ 307 found.
 glGetInteger64v @ 308 found.
 glGetSynciv @ 309 found.
 glGetInteger64i_v @ 310 found.
 glGetBufferParameteri64v @ 311 found.
 glFramebufferTexture @ 312 found.
 glTexImage2DMultisample @ 313 found.
 glTexImage3DMultisample @ 314 found.
 glGetMultisamplefv @ 315 found.
 glSampleMaski @ 316 found.
 glBindFragDataLocationIndexed @ 317 found.
 glGetFragDataIndex @ 318 found.
 glGenSamplers @ 319 found.
 glDeleteSamplers @ 320 found.
 glIsSampler @ 321 found.
 glBindSampler @ 322 found.
 glSamplerParameteri @ 323 found.
 glSamplerParameteriv @ 324 found.
 glSamplerParameterf @ 325 found.
 glSamplerParameterfv @ 326 found.
 glSamplerParameterIiv @ 327 found.
 glSamplerParameterIuiv @ 328 found.
 glGetSamplerParameteriv @ 329 found.
 glGetSamplerParameterIiv @ 330 found.
 glGetSamplerParameterfv @ 331 found.
 glGetSamplerParameterIuiv @ 332 found.
 glQueryCounter @ 333 found.
 glGetQueryObjecti64v @ 334 found.
 glGetQueryObjectui64v @ 335 found.
 glVertexAttribDivisor @ 336 found.
 glVertexAttribP1ui @ 337 found.
 glVertexAttribP1uiv @ 338 found.
 glVertexAttribP2ui @ 339 found.
 glVertexAttribP2uiv @ 340 found.
 glVertexAttribP3ui @ 341 found.
 glVertexAttribP3uiv @ 342 found.
 glVertexAttribP4ui @ 343 found.
 glVertexAttribP4uiv @ 344 found.
 glMinSampleShading @ 345 found.
 glBlendEquationi @ 346 found.
 glBlendEquationSeparatei @ 347 found.
 glBlendFunci @ 348 found.
 glBlendFuncSeparatei @ 349 found.
 glDrawArraysIndirect @ 350 found.
 glDrawElementsIndirect @ 351 found.
 glUniform1d @ 352 found.
 glUniform2d @ 353 found.
 glUniform3d @ 354 found.
 glUniform4d @ 355 found.
 glUniform1dv @ 356 found.
 glUniform2dv @ 357 found.
 glUniform3dv @ 358 found.
 glUniform4dv @ 359 found.
 glUniformMatrix2dv @ 360 found.
 glUniformMatrix3dv @ 361 found.
 glUniformMatrix4dv @ 362 found.
 glUniformMatrix2x3dv @ 363 found.
 glUniformMatrix2x4dv @ 364 found.
 glUniformMatrix3x2dv @ 365 found.
 glUniformMatrix3x4dv @ 366 found.
 glUniformMatrix4x2dv @ 367 found.
 glUniformMatrix4x3dv @ 368 found.
 glGetUniformdv @ 369 found.
 glGetSubroutineUniformLocation @ 370 found.
 glGetSubroutineIndex @ 371 found.
 glGetActiveSubroutineUniformiv @ 372 found.
 glGetActiveSubroutineUniformName @ 373 found.
 glGetActiveSubroutineName @ 374 found.
 glUniformSubroutinesuiv @ 375 found.
 glGetUniformSubroutineuiv @ 376 found.
 glGetProgramStageiv @ 377 found.
 glPatchParameteri @ 378 found.
 glPatchParameterfv @ 379 found.
 glBindTransformFeedback @ 380 found.
 glDeleteTransformFeedbacks @ 381 found.
 glGenTransformFeedbacks @ 382 found.
 glIsTransformFeedback @ 383 found.
 glPauseTransformFeedback @ 384 found.
 glResumeTransformFeedback @ 385 found.
 glDrawTransformFeedback @ 386 found.
 glDrawTransformFeedbackStream @ 387 found.
 glBeginQueryIndexed @ 388 found.
 glEndQueryIndexed @ 389 found.
 glGetQueryIndexediv @ 390 found.
 glReleaseShaderCompiler @ 391 found.
 glShaderBinary @ 392 found.
 glGetShaderPrecisionFormat @ 393 found.
 glDepthRangef @ 394 found.
 glClearDepthf @ 395 found.
 glGetProgramBinary @ 396 found.
 glProgramBinary @ 397 found.
 glProgramParameteri @ 398 found.
 glUseProgramStages @ 399 found.
 glActiveShaderProgram @ 400 found.
 glCreateShaderProgramv @ 401 found.
 glBindProgramPipeline @ 402 found.
 glDeleteProgramPipelines @ 403 found.
 glGenProgramPipelines @ 404 found.
 glIsProgramPipeline @ 405 found.
 glGetProgramPipelineiv @ 406 found.
 glProgramUniform1i @ 407 found.
 glProgramUniform1iv @ 408 found.
 glProgramUniform1f @ 409 found.
 glProgramUniform1fv @ 410 found.
 glProgramUniform1d @ 411 found.
 glProgramUniform1dv @ 412 found.
 glProgramUniform1ui @ 413 found.
 glProgramUniform1uiv @ 414 found.
 glProgramUniform2i @ 415 found.
 glProgramUniform2iv @ 416 found.
 glProgramUniform2f @ 417 found.
 glProgramUniform2fv @ 418 found.
 glProgramUniform2d @ 419 found.
 glProgramUniform2dv @ 420 found.
 glProgramUniform2ui @ 421 found.
 glProgramUniform2uiv @ 422 found.
 glProgramUniform3i @ 423 found.
 glProgramUniform3iv @ 424 found.
 glProgramUniform3f @ 425 found.
 glProgramUniform3fv @ 426 found.
 glProgramUniform3d @ 427 found.
 glProgramUniform3dv @ 428 found.
 glProgramUniform3ui @ 429 found.
 glProgramUniform3uiv @ 430 found.
 glProgramUniform4i @ 431 found.
 glProgramUniform4iv @ 432 found.
 glProgramUniform4f @ 433 found.
 glProgramUniform4fv @ 434 found.
 glProgramUniform4d @ 435 found.
 glProgramUniform4dv @ 436 found.
 glProgramUniform4ui @ 437 found.
 glProgramUniform4uiv @ 438 found.
 glProgramUniformMatrix2fv @ 439 found.
 glProgramUniformMatrix3fv @ 440 found.
 glProgramUniformMatrix4fv @ 441 found.
 glProgramUniformMatrix2dv @ 442 found.
 glProgramUniformMatrix3dv @ 443 found.
 glProgramUniformMatrix4dv @ 444 found.
 glProgramUniformMatrix2x3fv @ 445 found.
 glProgramUniformMatrix3x2fv @ 446 found.
 glProgramUniformMatrix2x4fv @ 447 found.
 glProgramUniformMatrix4x2fv @ 448 found.
 glProgramUniformMatrix3x4fv @ 449 found.
 glProgramUniformMatrix4x3fv @ 450 found.
 glProgramUniformMatrix2x3dv @ 451 found.
 glProgramUniformMatrix3x2dv @ 452 found.
 glProgramUniformMatrix2x4dv @ 453 found.
 glProgramUniformMatrix4x2dv @ 454 found.
 glProgramUniformMatrix3x4dv @ 455 found.
 glProgramUniformMatrix4x3dv @ 456 found.
 glValidateProgramPipeline @ 457 found.
 glGetProgramPipelineInfoLog @ 458 found.
 glVertexAttribL1d @ 459 found.
 glVertexAttribL2d @ 460 found.
 glVertexAttribL3d @ 461 found.
 glVertexAttribL4d @ 462 found.
 glVertexAttribL1dv @ 463 found.
 glVertexAttribL2dv @ 464 found.
 glVertexAttribL3dv @ 465 found.
 glVertexAttribL4dv @ 466 found.
 glVertexAttribLPointer @ 467 found.
 glGetVertexAttribLdv @ 468 found.
 glViewportArrayv @ 469 found.
 glViewportIndexedf @ 470 found.
 glViewportIndexedfv @ 471 found.
 glScissorArrayv @ 472 found.
 glScissorIndexed @ 473 found.
 glScissorIndexedv @ 474 found.
 glDepthRangeArrayv @ 475 found.
 glDepthRangeIndexed @ 476 found.
 glGetFloati_v @ 477 found.
 glGetDoublei_v @ 478 found.
 glDrawArraysInstancedBaseInstance @ 479 found.
 glDrawElementsInstancedBaseInstance @ 480 found.
 glDrawElementsInstancedBaseVertexBaseInstance @ 481 found.
 glGetInternalformativ @ 482 found.
 glGetActiveAtomicCounterBufferiv @ 483 found.
 glBindImageTexture @ 484 found.
 glMemoryBarrier @ 485 found.
 glTexStorage1D @ 486 found.
 glTexStorage2D @ 487 found.
 glTexStorage3D @ 488 found.
 glDrawTransformFeedbackInstanced @ 489 found.
 glDrawTransformFeedbackStreamInstanced @ 490 found.
 glDispatchCompute @ 493 found.
 glDispatchComputeIndirect @ 494 found.
 glFramebufferParameteri @ 496 found.
 glGetFramebufferParameteriv @ 497 found.
 glGetInternalformati64v @ 498 found.
 glInvalidateFramebuffer @ 503 found.
 glInvalidateSubFramebuffer @ 504 found.
 glMultiDrawArraysIndirect @ 505 found.
 glMultiDrawElementsIndirect @ 506 found.
 glGetProgramInterfaceiv @ 507 found.
 glGetProgramResourceIndex @ 508 found.
 glGetProgramResourceName @ 509 found.
 glGetProgramResourceiv @ 510 found.
 glGetProgramResourceLocation @ 511 found.
 glGetProgramResourceLocationIndex @ 512 found.
 glShaderStorageBlockBinding @ 513 found.
 glTexBufferRange @ 514 found.
 glTexStorage2DMultisample @ 515 found.
 glTexStorage3DMultisample @ 516 found.
 glBindVertexBuffer @ 518 found.
 glVertexAttribFormat @ 519 found.
 glVertexAttribIFormat @ 520 found.
 glVertexAttribLFormat @ 521 found.
 glVertexAttribBinding @ 522 found.
 glVertexBindingDivisor @ 523 found.
 glDebugMessageControl @ 524 found.
 glDebugMessageInsert @ 525 found.
 glDebugMessageCallback @ 526 found.
 glGetDebugMessageLog @ 527 found.
 glPushDebugGroup @ 528 found.
 glPopDebugGroup @ 529 found.
 glObjectLabel @ 530 found.
 glGetObjectLabel @ 531 found.
 glObjectPtrLabel @ 532 found.
 glGetObjectPtrLabel @ 533 found.
 glBufferStorage @ 534 found.
 glClipControl @ 543 found.
 glNamedBufferStorage @ 551 found.
 glTextureBufferRange @ 589 found.
 glTextureParameteri @ 606 found.
 glMemoryBarrierByRegion @ 641 found.
 glGetGraphicsResetStatus @ 644 found.
 glGetnCompressedTexImage @ 645 found.
 glGetnTexImage @ 646 found.
 glGetnUniformdv @ 647 found.
 glGetnUniformfv @ 648 found.
 glGetnUniformiv @ 649 found.
 glGetnUniformuiv @ 650 found.
 glReadnPixels @ 651 found.
New draw driver registered.
Name: Truecolor Advanced Raster Graphics Automation
Author: SIGMA Technology Group
Version: 0.7.2
Note: 
           :::::::::::     :::     :::::::::   ::::::::      :::               
               :+:       :+: :+:   :+:    :+: :+:    :+:   :+: :+:             
               +:+      +:+   +:+  +:+    +:+ +:+         +:+   +:+            
               +#+     +#++:++#++: +#++:++#:  :#:        +#++:++#++:           
               +#+     +#+     +#+ +#+    +#+ +#+   +#+# +#+     +#+           
               #+#     #+#     #+# #+#    #+# #+#    #+# #+#     #+#           
               ###     ###     ### ###    ###  ########  ###     ###           
                                                                               
                  S I G M A   T E C H N O L O G Y   G R O U P                  
                                                                               
                               Public Test Build                               
                           (c) 2017 Federacao SIGMA                            
                                www.sigmaco.org                                
                                                                               
 Loading draw ICDs...
 afxModule.c:93?AfxAcquireModules(uri=e2draw.icd)
 afxModule.c:93?AfxAcquireModules(uri=e2newton.icd)
 afxClass<afxModule>::AllocateObjects(1, 003eebb4, 003eeb10)
 afxClass<afxModule>::BuildObjects(1, 003eebb4, 003eebb8)
 afxClass<afxModule>::ConstructObject(002be820)
 afxModule.c:170?_AfxMdleCtor(uri:e2newton.icd)
 afxDrawThread.c:63?AfxAcquireDrawThreads(spec=00000000,cnt=2)
 afxClass<afxDrawThread>::AllocateObjects(1, 003eee60, 003eed34)
 afxClass<afxDrawThread>::BuildObjects(1, 003eee60, 00000000)
 afxClass<afxDrawThread, afxThread>ConstructingObject(02a0b600)
 afxClass<afxThread>::ConstructObject(02a0b600)
 afxThread.c:1164?_AfxThrCtor(02a0b600)
 afxClass<afxDrawThread>::ConstructObject(02a0b600)
 afxDrawThread.c:156?_AfxDthrCtor(dthr=02a0b600)
 afxClass<afxDrawThread>::AllocateObjects(1, 003eee64, 003eed34)
 afxClass<afxDrawThread>::BuildObjects(1, 003eee64, 00000000)
 afxClass<afxDrawThread, afxThread>ConstructingObject(02a8fe90)
 afxClass<afxThread>::ConstructObject(02a8fe90)
 afxThread.c:1164?_AfxThrCtor(02a8fe90)
 afxClass<afxDrawThread>::ConstructObject(02a8fe90)
 afxDrawThread.c:156?_AfxDthrCtor(dthr=02a8fe90)
 afxThread.c:1050?AfxRunThread(thr=02a0b600)
 afxThread.c:1050?AfxRunThread(thr=02a8fe90)
 afxDrawContext.c:550?AfxAcquireDrawContexts(spec=003ef278,cnt=1)
 afxClass<afxDrawContext>::AllocateObjects(1, 00f55038, 003ef1ac)
 afxClass<afxDrawContext>::BuildObjects(1, 00f55038, 003ef278)
 afxClass<afxDrawContext>::ConstructObject(0306dfa0)
 afxDrawContext.c:629?_AfxDctxCtor(dctx=0306dfa0)
 afxArena.c:767?AfxAcquireArena(aren=0306e838)
 afxArena.c:768?AfxAcquireArena(spec=00000000,hint="afxDrawContext.c:648!_AfxDctxCtor")
 afxClass<afxBuffer>::Mount(0306e2f4, 0306dfe0, 00000000, 77e792a0)
 afxClass<afxVertexBuffer>::Mount(0306e3b4, 0306dfe0, 0306e2f4, 77e7a954)
 afxClass<afxIndexBuffer>::Mount(0306e474, 0306dfe0, 0306e2f4, 77e7956c)
 afxClass<afxSampler>::Mount(0306e534, 0306dfe0, 00000000, 77e7996c)
 afxClass<afxTexture>::Mount(0306e5f4, 0306dfe0, 00000000, 77e7a130)
 afxClass<afxSurface>::Mount(0306e6b4, 0306dfe0, 0306e5f4, 77e79fb4)
 afxClass<afxShader>::Mount(0306e774, 0306dfe0, 00000000, 77e79b8c)
 afxClass<afxLego>::Mount(0306e174, 0306dfe0, 00000000, 77e78b94)
 afxClass<afxCanvas>::Mount(0306dff4, 0306dfe0, 00000000, 77e78110)
 afxClass<afxPipeline>::Mount(0306e0b4, 0306dfe0, 00000000, 77e78de8)
 afxClass<afxDrawOperation>::Mount(0306e234, 0306dfe0, 00000000, 77e78590)
 sglDrawContext.c:272?_SglDdrvVmtDctxCb(dctx=0306dfa0)
 Uploading draw operation 'data/pipeline/rgbaToRgba.xml'
 afxXml.c:976?AfxLoadXml(uri:data/pipeline/rgbaToRgba.xml)
 afxFile.c:344?AfxOpenFile(00000001,data/pipeline/rgbaToRgba.xml)
 afxClass<afxFile>::AllocateObjects(1, 003ee444, 003ee454)
 afxClass<afxFile>::BuildObjects(1, 003ee444, 003ee43c)
 afxClass<afxFile>::ConstructObject(029f5910)
 afxStream.c:600?AfxAcquireStream(ios=029f5944,flags=1,start=00000000,len=0)
 afxClass<afxFile>::DismantleObjects(1, 003ee494)
 Destructing instance 029f5910 of afxFile class.
 afxClass<afxFile>::DeallocateObjects(1, 003ee494)
 afxClass<afxDrawOperation>::AllocateObjects(1, 002b99b8, 003ee48c)
 afxClass<afxDrawOperation>::BuildObjects(1, 002b99b8, 003ee710)
 afxClass<afxDrawOperation>::ConstructObject(02fa1240)
 afxDrawOperation.c:659?_AfxDopCtor(dop=02fa1240)
 afxPipeline.c:380?AfxBuildPipelines(dctx=0306dfa0)
 afxClass<afxPipeline>::AllocateObjects(1, 02ffb3b8, 003ede34)
 afxClass<afxPipeline>::BuildObjects(1, 02ffb3b8, 003edf28)
 afxClass<afxPipeline>::ConstructObject(02ffbd90)
 afxPipeline.c:452?_AfxPipCtor(pip=02ffbd90)
 afxShader.c:550?AfxAcquireShaders(cnt=1,uri=002bff60,shd=003ed898)
 Uploading shader 'data/pipeline/rgbaToRgba.xml?vs'
 afxXml.c:976?AfxLoadXml(uri:data/pipeline/rgbaToRgba.xml)
 afxFile.c:344?AfxOpenFile(00000001,data/pipeline/rgbaToRgba.xml)
 afxClass<afxFile>::AllocateObjects(1, 003ed118, 003ed128)
 afxClass<afxFile>::BuildObjects(1, 003ed118, 003ed110)
 afxClass<afxFile>::ConstructObject(002bad40)
 afxStream.c:600?AfxAcquireStream(ios=002bad74,flags=1,start=00000000,len=0)
 afxClass<afxFile>::DismantleObjects(1, 003ed168)
 Destructing instance 002bad40 of afxFile class.
 afxClass<afxFile>::DeallocateObjects(1, 003ed168)
 afxFile.c:364?AfxOpenReadableFile(data/pipeline/stdEnv.inc)
 afxClass<afxFile>::AllocateObjects(1, 003ecf04, 003ecf14)
 afxClass<afxFile>::BuildObjects(1, 003ecf04, 003ecefc)
 afxClass<afxFile>::ConstructObject(002bad40)
 afxStream.c:600?AfxAcquireStream(ios=002bad74,flags=5,start=00000000,len=0)
 afxClass<afxFile>::DismantleObjects(1, 003ecf54)
 Destructing instance 002bad40 of afxFile class.
 afxClass<afxFile>::DeallocateObjects(1, 003ecf54)
 afxShader.c:397?AfxBuildShaders(cnt=1,blueprint=003ed464,shd=003ed898)
 afxClass<afxShader>::AllocateObjects(1, 003ed898, 003ed160)
 afxClass<afxShader>::BuildObjects(1, 003ed898, 003ed464)
 afxClass<afxShader>::ConstructObject(02ffc060)
 afxShader.c:660?_AfxShdCtor(shd=02ffc060)
 #version 330 core // QWADRO. Engineered by SIGMA Technology Group.

#define afxInt int
#define afxNat uint

#define afxReal float

#define afxV2d vec2
#define afxV3d vec3
#define afxV4d vec4

#define afxM2d mat2
#define afxM3d mat3
#define afxM4d mat4

        
        layout(location = 0) in vec2 a_xy;

        out block
        {
            vec2 uv0;
        } sgl_v;

        void main()
        {
            gl_Position = vec4(a_xy, 0.0, 1.0);
            sgl_v.uv0 = vec2(gl_Position.xy * 0.5 + 0.5).xy;
        }
       
 sglShader.c:134?_AfxShdCtor(shd=02ffc060)
 afxObject<02ffc060>::InstallEventFilter(02ffbd90)
 afxShader.c:550?AfxAcquireShaders(cnt=1,uri=0307faa0,shd=003ed898)
 Uploading shader 'data/pipeline/rgbaToRgba.xml?fs'
 afxXml.c:976?AfxLoadXml(uri:data/pipeline/rgbaToRgba.xml)
 afxFile.c:344?AfxOpenFile(00000001,data/pipeline/rgbaToRgba.xml)
 afxClass<afxFile>::AllocateObjects(1, 003ed118, 003ed128)
 afxClass<afxFile>::BuildObjects(1, 003ed118, 003ed110)
 afxClass<afxFile>::ConstructObject(002b9780)
 afxStream.c:600?AfxAcquireStream(ios=002b97b4,flags=1,start=00000000,len=0)
 afxClass<afxFile>::DismantleObjects(1, 003ed168)
 Destructing instance 002b9780 of afxFile class.
 afxClass<afxFile>::DeallocateObjects(1, 003ed168)
 afxFile.c:364?AfxOpenReadableFile(data/pipeline/stdEnv.inc)
 afxClass<afxFile>::AllocateObjects(1, 003ecf04, 003ecf14)
 afxClass<afxFile>::BuildObjects(1, 003ecf04, 003ecefc)
 afxClass<afxFile>::ConstructObject(002b9780)
 afxStream.c:600?AfxAcquireStream(ios=002b97b4,flags=5,start=00000000,len=0)
 afxClass<afxFile>::DismantleObjects(1, 003ecf54)
 Destructing instance 002b9780 of afxFile class.
 afxClass<afxFile>::DeallocateObjects(1, 003ecf54)
 afxShader.c:397?AfxBuildShaders(cnt=1,blueprint=003ed464,shd=003ed898)
 afxClass<afxShader>::AllocateObjects(1, 003ed898, 003ed160)
 afxClass<afxShader>::BuildObjects(1, 003ed898, 003ed464)
 afxClass<afxShader>::ConstructObject(002b9780)
 afxShader.c:660?_AfxShdCtor(shd=002b9780)
 #version 330 core // QWADRO. Engineered by SIGMA Technology Group.

#define afxInt int
#define afxNat uint

#define afxReal float

#define afxV2d vec2
#define afxV3d vec3
#define afxV4d vec4

#define afxM2d mat2
#define afxM3d mat3
#define afxM4d mat4

        
        uniform sampler2D samp;

        in block
        {
            vec2 uv0;
        } sgl_v;

        out vec4 sgl_rgba;

        void main()
        {
            sgl_rgba = texture(samp, sgl_v.uv0);
        }
       
 sglShader.c:134?_AfxShdCtor(shd=002b9780)
 afxObject<002b9780>::InstallEventFilter(02ffbd90)
 afxLego.c:218?AfxBuildLegos(dctx=0306dfa0)
 ERR afxDrawContext.c:184?AfxGetLegoClass
    
 ERR afxDrawContext.c:184?AfxGetLegoClass
    (var_)
    Invalid
 afxClass<afxLego>::AllocateObjects(1, 02ff3ba4, 003ed6e0)
 afxClass<afxLego>::BuildObjects(1, 02ff3ba4, 003eda54)
 afxClass<afxLego>::ConstructObject(002baac0)
 afxLego.c:275?_AfxLegtCtor(legt=002baac0)
 sglPipeline.c:293?_AfxPipCtor(pip=02ffbd90)
 afxPipeline.c:380?AfxBuildPipelines(dctx=0306dfa0)
 afxClass<afxPipeline>::AllocateObjects(1, 02ffb418, 003ede34)
 afxClass<afxPipeline>::BuildObjects(1, 02ffb418, 003edf28)
 afxClass<afxPipeline>::ConstructObject(02fe9b20)
 afxPipeline.c:452?_AfxPipCtor(pip=02fe9b20)
 afxShader.c:550?AfxAcquireShaders(cnt=1,uri=002bff60,shd=003ed898)
 Uploading shader 'data/pipeline/rgbaToRgba.xml?vsFlippedY'
 afxXml.c:976?AfxLoadXml(uri:data/pipeline/rgbaToRgba.xml)
 afxFile.c:344?AfxOpenFile(00000001,data/pipeline/rgbaToRgba.xml)
 afxClass<afxFile>::AllocateObjects(1, 003ed118, 003ed128)
 afxClass<afxFile>::BuildObjects(1, 003ed118, 003ed110)
 afxClass<afxFile>::ConstructObject(02a504e0)
 afxStream.c:600?AfxAcquireStream(ios=02a50514,flags=1,start=00000000,len=0)
 afxClass<afxFile>::DismantleObjects(1, 003ed168)
 Destructing instance 02a504e0 of afxFile class.
 afxClass<afxFile>::DeallocateObjects(1, 003ed168)
 afxFile.c:364?AfxOpenReadableFile(data/pipeline/stdEnv.inc)
 afxClass<afxFile>::AllocateObjects(1, 003ecf04, 003ecf14)
 afxClass<afxFile>::BuildObjects(1, 003ecf04, 003ecefc)
 afxClass<afxFile>::ConstructObject(02a504e0)
 afxStream.c:600?AfxAcquireStream(ios=02a50514,flags=5,start=00000000,len=0)
 afxClass<afxFile>::DismantleObjects(1, 003ecf54)
 Destructing instance 02a504e0 of afxFile class.
 afxClass<afxFile>::DeallocateObjects(1, 003ecf54)
 afxShader.c:397?AfxBuildShaders(cnt=1,blueprint=003ed464,shd=003ed898)
 afxClass<afxShader>::AllocateObjects(1, 003ed898, 003ed160)
 afxClass<afxShader>::BuildObjects(1, 003ed898, 003ed464)
 afxClass<afxShader>::ConstructObject(0307faa0)
 afxShader.c:660?_AfxShdCtor(shd=0307faa0)
 #version 330 core // QWADRO. Engineered by SIGMA Technology Group.

#define afxInt int
#define afxNat uint

#define afxReal float

#define afxV2d vec2
#define afxV3d vec3
#define afxV4d vec4

#define afxM2d mat2
#define afxM3d mat3
#define afxM4d mat4

        
        const mat4 m = mat4(1, 0, 0, 0, 0, -1, 0, 0, 0, 0, 1, 0, 0, 0, 0, 1);
        
        layout(location = 0) in vec2 a_xy;
        
        out block
        {
            vec2 uv0;
        } sgl_v;

        void main()
        {
            gl_Position = vec4(a_xy, 0.0, 1.0);
            sgl_v.uv0 = vec2(m * vec4(gl_Position.xy * 0.5 + 0.5, 0, 1)).xy;
        }
       
 sglShader.c:134?_AfxShdCtor(shd=0307faa0)
 afxObject<0307faa0>::InstallEventFilter(02fe9b20)
 afxShader.c:550?AfxAcquireShaders(cnt=1,uri=002bab60,shd=003ed898)
 Uploading shader 'data/pipeline/rgbaToRgba.xml?fs'
 afxXml.c:976?AfxLoadXml(uri:data/pipeline/rgbaToRgba.xml)
 afxFile.c:344?AfxOpenFile(00000001,data/pipeline/rgbaToRgba.xml)
 afxClass<afxFile>::AllocateObjects(1, 003ed118, 003ed128)
 afxClass<afxFile>::BuildObjects(1, 003ed118, 003ed110)
 afxClass<afxFile>::ConstructObject(029f50c0)
 afxStream.c:600?AfxAcquireStream(ios=029f50f4,flags=1,start=00000000,len=0)
 afxClass<afxFile>::DismantleObjects(1, 003ed168)
 Destructing instance 029f50c0 of afxFile class.
 afxClass<afxFile>::DeallocateObjects(1, 003ed168)
 afxFile.c:364?AfxOpenReadableFile(data/pipeline/stdEnv.inc)
 afxClass<afxFile>::AllocateObjects(1, 003ecf04, 003ecf14)
 afxClass<afxFile>::BuildObjects(1, 003ecf04, 003ecefc)
 afxClass<afxFile>::ConstructObject(029f50c0)
 afxStream.c:600?AfxAcquireStream(ios=029f50f4,flags=5,start=00000000,len=0)
 afxClass<afxFile>::DismantleObjects(1, 003ecf54)
 Destructing instance 029f50c0 of afxFile class.
 afxClass<afxFile>::DeallocateObjects(1, 003ecf54)
 afxShader.c:397?AfxBuildShaders(cnt=1,blueprint=003ed464,shd=003ed898)
 afxClass<afxShader>::AllocateObjects(1, 003ed898, 003ed160)
 afxClass<afxShader>::BuildObjects(1, 003ed898, 003ed464)
 afxClass<afxShader>::ConstructObject(029f50c0)
 afxShader.c:660?_AfxShdCtor(shd=029f50c0)
 #version 330 core // QWADRO. Engineered by SIGMA Technology Group.

#define afxInt int
#define afxNat uint

#define afxReal float

#define afxV2d vec2
#define afxV3d vec3
#define afxV4d vec4

#define afxM2d mat2
#define afxM3d mat3
#define afxM4d mat4

        
        uniform sampler2D samp;

        in block
        {
            vec2 uv0;
        } sgl_v;

        out vec4 sgl_rgba;

        void main()
        {
            sgl_rgba = texture(samp, sgl_v.uv0);
        }
       
 sglShader.c:134?_AfxShdCtor(shd=029f50c0)
 afxObject<029f50c0>::InstallEventFilter(02fe9b20)
 afxLego.c:218?AfxBuildLegos(dctx=0306dfa0)
 ERR afxDrawContext.c:184?AfxGetLegoClass
    
 ERR afxDrawContext.c:184?AfxGetLegoClass
    (var_)
    Invalid
 afxClass<afxLego>::AllocateObjects(1, 02ff32a4, 003ed6e0)
 afxClass<afxLego>::BuildObjects(1, 02ff32a4, 003eda54)
 afxClass<afxLego>::ConstructObject(030712d0)
 afxLego.c:275?_AfxLegtCtor(legt=030712d0)
 sglPipeline.c:293?_AfxPipCtor(pip=02fe9b20)
 afxSampler.c:53?AfxAcquireSamplers(cnt=1,spec=003eec40,spec=002b99bc)
 afxClass<afxSampler>::AllocateObjects(1, 002b99bc, 003ee940)
 afxClass<afxSampler>::BuildObjects(1, 002b99bc, 003eec40)
 afxClass<afxSampler>::ConstructObject(0308e040)
 afxSampler.c:111?_AfxSampCtor(samp=0308e040)
 sglSampler.c:143?_AfxSmpCtor(smp=0308e040)
 afxClass<afxVertexBuffer>::AllocateObjects(1, 002b99c0, 003ee994)
 afxClass<afxVertexBuffer>::BuildObjects(1, 002b99c0, 003ee96c)
 afxClass<afxVertexBuffer, afxBuffer>ConstructingObject(002bab60)
 afxClass<afxBuffer>::ConstructObject(002bab60)
 afxBuffer.c:247?_AfxBufCtor(buf=002bab60)
 sglBuffer.c:329?_SglBufCtor(buf=002bab60)
 afxClass<afxVertexBuffer>::ConstructObject(002bab60)
 afxVertexBuffer.c:446?_AfxVbufCtor(vbuf=002bab60)
 afxDrawQueue.c:314?AfxAcquireDrawQueues(ddrv=001f76c0,spec=003eedbc,cnt=1)
 afxClass<afxDrawQueue>::AllocateObjects(1, 02a54710, 003eecbc)
 afxClass<afxDrawQueue>::BuildObjects(1, 02a54710, 003eedbc)
 afxClass<afxDrawQueue>::ConstructObject(02a504e0)
 afxDrawQueue.c:385?_AfxDqueCtor(dque=02a504e0)
 afxArena.c:767?AfxAcquireArena(aren=02a50564)
 afxArena.c:768?AfxAcquireArena(spec=00000000,hint="afxDrawQueue.c:404!_AfxDqueCtor")
 sglDrawQueue.c:1703?_SglDdrvVmtDqueCb(dque=02a504e0)
 afxApplication.c:243?AfxAcquireApplications(spec=003ef254,cnt=1)
 afxClass<afxApplication>::AllocateObjects(1, 003ef274, 003ef1c4)
 afxClass<afxApplication>::BuildObjects(1, 003ef274, 003ef254)
 afxClass<afxApplication, afxThread>ConstructingObject(02ff9540)
 afxClass<afxThread>::ConstructObject(02ff9540)
 afxThread.c:1164?_AfxThrCtor(02ff9540)
 afxClass<afxApplication>::ConstructObject(02ff9540)
 afxApplication.c:331?_AfxAppCtor(app=02ff9540)
 afxMouse.c:273?AfxAcquireMouses(port=0)
 afxClass<afxMouse>::AllocateObjects(1, 02ff97a0, 003eedb4)
 afxClass<afxMouse>::BuildObjects(1, 02ff97a0, 003eeda4)
 afxClass<afxMouse, afxHid>ConstructingObject(03077340)
 afxClass<afxHid>::ConstructObject(03077340)
 afxHid.c:226?_AfxHidCtor(hid=03077340)
 afxClass<afxMouse>::ConstructObject(03077340)
 afxMouse.c:335?_AfxMseCtor(mse=03077340)
 afxDrawInput.c:252?AfxAcquireDrawInputs(spec=003eee50,cnt=1)
 afxClass<afxDrawInput>::AllocateObjects(1, 02ff97c4, 003eedac)
 afxClass<afxDrawInput>::BuildObjects(1, 02ff97c4, 003eee50)
 afxClass<afxDrawInput>::ConstructObject(02a50610)
 afxDrawInput.c:336?_AfxDinCtor(din=02a50610)
 afxClass<afxWidget>::Mount(02ff961c, 02ff9608, 00000000, 77e7c500)
 afxClass<afxSimulation>::Mount(02ff96dc, 02ff9608, 00000000, 77e7cd98)
 afxApplication.c:194?AfxRunApplication(app=02ff9540)
 afxThread.c:1050?AfxRunThread(thr=02ff9540)
 mmplayer.c:96?AfxEnterApplication(app=02ff9540)
 Uploading texture 'art/world.tga'
 afxFile.c:344?AfxOpenFile(00000001,art/world.tga)
 afxClass<afxFile>::AllocateObjects(1, 003ee5b0, 003ee5c0)
 afxClass<afxFile>::BuildObjects(1, 003ee5b0, 003ee5a8)
 afxClass<afxFile>::ConstructObject(029f5910)
 afxStream.c:600?AfxAcquireStream(ios=029f5944,flags=1,start=00000000,len=0)
 ADV afxTexture.c:69?AfxAcquireTextureBlueprint
    texb->fcc == AFX_FCC_TEXB
 afxTexture.c:832?AfxBuildTextures(cnt=1,blueprint=003ee680,tex=00f5501c)
 afxClass<afxTexture>::AllocateObjects(1, 00f5501c, 003ee588)
 afxClass<afxTexture>::BuildObjects(1, 00f5501c, 003ee680)
 afxClass<afxTexture>::ConstructObject(03077420)
 afxTexture.c:1023?_AfxTexCtor(tex=03077420)
 sglTexture.c:987?_SglTexCtor(tex=03077420)
 afxClass<afxFile>::DismantleObjects(1, 003ee600)
 Destructing instance 029f5910 of afxFile class.
 afxClass<afxFile>::DeallocateObjects(1, 003ee600)
 afxFile.c:344?AfxOpenFile(00000002,tmp/world2.tga)
 afxClass<afxFile>::AllocateObjects(1, 003eea30, 003eea40)
 afxClass<afxFile>::BuildObjects(1, 003eea30, 003eea28)
 afxClass<afxFile>::ConstructObject(029f5910)
 afxStream.c:600?AfxAcquireStream(ios=029f5944,flags=2,start=00000000,len=0)
 afxClass<afxFile>::DismantleObjects(1, 003eea80)
 Destructing instance 029f5910 of afxFile class.
 afxClass<afxFile>::DeallocateObjects(1, 003eea80)
 afxClass<afxTexture>::DismantleObjects(1, 003eee40)
 Destructing instance 03077420 of afxTexture class.
 afxTexture.c:1002?_AfxTexDtor(tex=03077420)
 sglTexture.c:954?_SglTexDtor(img=03077420)
 afxClass<afxTexture>::DeallocateObjects(1, 003eee40)
 afxDrawOutput.c:462?AfxAcquireDrawOutputs(spec=003eef40,cnt=1)
 afxClass<afxDrawOutput>::AllocateObjects(1, 00f55020, 003eedf8)
 afxClass<afxDrawOutput>::BuildObjects(1, 00f55020, 003eef40)
 afxClass<afxDrawOutput>::ConstructObject(03070e50)
 afxDrawOutput.c:550?_AfxDoutCtor(dout=03070e50)
 sglDrawOutput.c:235?_SglDdrvVmtDoutCb(dout=03070e50,uri=)
 afxDrawOutput.c:307?AfxRegenerateDrawOutputBuffers(dout=03070e50)
 Draw output (03070e50) extent readjusted to 960x540; 0.500000%:0.500000% of 1920x1080.
 afxDrawOutput.c:307?AfxRegenerateDrawOutputBuffers(dout=03070e50)
 Draw output (03070e50) extent readjusted to 952x513; 0.495833%:0.475000% of 1920x1080.
 afxDrawOutput.c:307?AfxRegenerateDrawOutputBuffers(dout=03070e50)
 afxSurface.c:52?AfxAcquireSurface(fmt=3,whd=[952,513,1],usage=16)
 ADV afxTexture.c:69?AfxAcquireTextureBlueprint
    texb->fcc == AFX_FCC_TEXB
 afxClass<afxSurface>::AllocateObjects(1, 003ee7e8, 003ee804)
 afxClass<afxSurface>::BuildObjects(1, 003ee7e8, 003ee810)
 afxClass<afxSurface, afxTexture>ConstructingObject(03042840)
 afxClass<afxTexture>::ConstructObject(03042840)
 afxTexture.c:1023?_AfxTexCtor(tex=03042840)
 sglTexture.c:987?_SglTexCtor(tex=03042840)
 afxClass<afxSurface>::ConstructObject(03042840)
 afxSurface.c:130?_AfxSurfCtor(surf=03042840)
 sglSurface.c:114?_AfxSurfCtor(surf=03042840)
 afxSurface.c:52?AfxAcquireSurface(fmt=3,whd=[952,513,1],usage=16)
 ADV afxTexture.c:69?AfxAcquireTextureBlueprint
    texb->fcc == AFX_FCC_TEXB
 afxClass<afxSurface>::AllocateObjects(1, 003ee7e8, 003ee804)
 afxClass<afxSurface>::BuildObjects(1, 003ee7e8, 003ee810)
 afxClass<afxSurface, afxTexture>ConstructingObject(03042940)
 afxClass<afxTexture>::ConstructObject(03042940)
 afxTexture.c:1023?_AfxTexCtor(tex=03042940)
 sglTexture.c:987?_SglTexCtor(tex=03042940)
 afxClass<afxSurface>::ConstructObject(03042940)
 afxSurface.c:130?_AfxSurfCtor(surf=03042940)
 sglSurface.c:114?_AfxSurfCtor(surf=03042940)
 afxCanvas.c:253?AfxBuildCanvases(dctx=0306dfa0,cnt=1,blueprint=003eed00,canv=00f5503c)
 afxClass<afxCanvas>::AllocateObjects(1, 00f5503c, 003eebec)
 afxClass<afxCanvas>::BuildObjects(1, 00f5503c, 003eed00)
 afxClass<afxCanvas>::ConstructObject(03070fc0)
 afxCanvas.c:379?_AfxCanvCtor(canv=03070fc0)
 sglCanvas.c:356?_AfxCanvCtor(canv=03070fc0)
 afxObject<03042840>::InstallEventFilter(03070fc0)
 afxObject<03070e50>::InstallEventFilter(03070fc0)
 afxCanvas.c:253?AfxBuildCanvases(dctx=0306dfa0,cnt=1,blueprint=003eed00,canv=00f55040)
 afxClass<afxCanvas>::AllocateObjects(1, 00f55040, 003eebec)
 afxClass<afxCanvas>::BuildObjects(1, 00f55040, 003eed00)
 afxClass<afxCanvas>::ConstructObject(03042a30)
 afxCanvas.c:379?_AfxCanvCtor(canv=03042a30)
 sglCanvas.c:356?_AfxCanvCtor(canv=03042a30)
 afxObject<03042940>::InstallEventFilter(03042a30)
 afxObject<03070e50>::InstallEventFilter(03042a30)
 afxDrawInput.c:252?AfxAcquireDrawInputs(spec=003eeeb0,cnt=1)
 afxClass<afxDrawInput>::AllocateObjects(1, 00f5502c, 003eedf8)
 afxClass<afxDrawInput>::BuildObjects(1, 00f5502c, 003eeeb0)
 afxClass<afxDrawInput>::ConstructObject(03042af0)
 afxDrawInput.c:336?_AfxDinCtor(din=03042af0)
 afxModule.c:93?AfxAcquireModules(uri=binkw32.dll)
 afxClass<afxModule>::AllocateObjects(1, 00f55084, 003eeb1c)
 afxClass<afxModule>::BuildObjects(1, 00f55084, 003eebf4)
 afxClass<afxModule>::ConstructObject(02f9c6f0)
 afxModule.c:170?_AfxMdleCtor(uri:binkw32.dll)
 afxSampler.c:53?AfxAcquireSamplers(cnt=1,spec=003eedc0,spec=00f5515c)
 afxClass<afxSampler>::AllocateObjects(1, 00f5515c, 003eeaa0)
 afxClass<afxSampler>::BuildObjects(1, 00f5515c, 003eedc0)
 afxClass<afxSampler>::ConstructObject(030fb380)
 afxSampler.c:111?_AfxSampCtor(samp=030fb380)
 sglSampler.c:143?_AfxSmpCtor(smp=030fb380)
 Uploading draw operation 'data/pipeline/yv12ToRgba.xml'
 afxXml.c:976?AfxLoadXml(uri:data/pipeline/yv12ToRgba.xml)
 afxFile.c:344?AfxOpenFile(00000001,data/pipeline/yv12ToRgba.xml)
 afxClass<afxFile>::AllocateObjects(1, 003ee5a4, 003ee5b4)
 afxClass<afxFile>::BuildObjects(1, 003ee5a4, 003ee59c)
 afxClass<afxFile>::ConstructObject(03105020)
 afxStream.c:600?AfxAcquireStream(ios=03105054,flags=1,start=00000000,len=0)
 afxClass<afxFile>::DismantleObjects(1, 003ee5f4)
 Destructing instance 03105020 of afxFile class.
 afxClass<afxFile>::DeallocateObjects(1, 003ee5f4)
 afxClass<afxDrawOperation>::AllocateObjects(1, 00f55158, 003ee5ec)
 afxClass<afxDrawOperation>::BuildObjects(1, 00f55158, 003ee870)
 afxClass<afxDrawOperation>::ConstructObject(03119040)
 afxDrawOperation.c:659?_AfxDopCtor(dop=03119040)
 afxPipeline.c:380?AfxBuildPipelines(dctx=0306dfa0)
 afxClass<afxPipeline>::AllocateObjects(1, 02ff3c68, 003edf94)
 afxClass<afxPipeline>::BuildObjects(1, 02ff3c68, 003ee088)
 afxClass<afxPipeline>::ConstructObject(0310f130)
 afxPipeline.c:452?_AfxPipCtor(pip=0310f130)
 afxShader.c:550?AfxAcquireShaders(cnt=1,uri=03119170,shd=003ed9f8)
 Uploading shader 'data/pipeline/yv12ToRgba.xml?vs'
 afxXml.c:976?AfxLoadXml(uri:data/pipeline/yv12ToRgba.xml)
 afxFile.c:344?AfxOpenFile(00000001,data/pipeline/yv12ToRgba.xml)
 afxClass<afxFile>::AllocateObjects(1, 003ed278, 003ed288)
 afxClass<afxFile>::BuildObjects(1, 003ed278, 003ed270)
 afxClass<afxFile>::ConstructObject(030f6020)
 afxStream.c:600?AfxAcquireStream(ios=030f6054,flags=1,start=00000000,len=0)
 afxClass<afxFile>::DismantleObjects(1, 003ed2c8)
 Destructing instance 030f6020 of afxFile class.
 afxClass<afxFile>::DeallocateObjects(1, 003ed2c8)
 afxFile.c:364?AfxOpenReadableFile(data/pipeline/stdEnv.inc)
 afxClass<afxFile>::AllocateObjects(1, 003ed064, 003ed074)
 afxClass<afxFile>::BuildObjects(1, 003ed064, 003ed05c)
 afxClass<afxFile>::ConstructObject(030f6020)
 afxStream.c:600?AfxAcquireStream(ios=030f6054,flags=5,start=00000000,len=0)
 afxClass<afxFile>::DismantleObjects(1, 003ed0b4)
 Destructing instance 030f6020 of afxFile class.
 afxClass<afxFile>::DeallocateObjects(1, 003ed0b4)
 afxShader.c:397?AfxBuildShaders(cnt=1,blueprint=003ed5c4,shd=003ed9f8)
 afxClass<afxShader>::AllocateObjects(1, 003ed9f8, 003ed2c0)
 afxClass<afxShader>::BuildObjects(1, 003ed9f8, 003ed5c4)
 afxClass<afxShader>::ConstructObject(030f6020)
 afxShader.c:660?_AfxShdCtor(shd=030f6020)
 #version 330 core // QWADRO. Engineered by SIGMA Technology Group.

#define afxInt int
#define afxNat uint

#define afxReal float

#define afxV2d vec2
#define afxV3d vec3
#define afxV4d vec4

#define afxM2d mat2
#define afxM3d mat3
#define afxM4d mat4

        
        layout(location = 0) in vec2 a_xy;

        out block
        {
            vec2 uv0;
        } sgl_v;

        void main()
        {
            gl_Position = vec4(a_xy, 0.0, 1.0);
            sgl_v.uv0 = vec2(gl_Position.xy * 0.5 + 0.5).xy;
        }
       
 sglShader.c:134?_AfxShdCtor(shd=030f6020)
 afxObject<030f6020>::InstallEventFilter(0310f130)
 afxShader.c:550?AfxAcquireShaders(cnt=1,uri=031050c0,shd=003ed9f8)
 Uploading shader 'data/pipeline/yv12ToRgba.xml?fsSigma'
 afxXml.c:976?AfxLoadXml(uri:data/pipeline/yv12ToRgba.xml)
 afxFile.c:344?AfxOpenFile(00000001,data/pipeline/yv12ToRgba.xml)
 afxClass<afxFile>::AllocateObjects(1, 003ed278, 003ed288)
 afxClass<afxFile>::BuildObjects(1, 003ed278, 003ed270)
 afxClass<afxFile>::ConstructObject(03041920)
 afxStream.c:600?AfxAcquireStream(ios=03041954,flags=1,start=00000000,len=0)
 afxClass<afxFile>::DismantleObjects(1, 003ed2c8)
 Destructing instance 03041920 of afxFile class.
 afxClass<afxFile>::DeallocateObjects(1, 003ed2c8)
 afxFile.c:364?AfxOpenReadableFile(data/pipeline/stdEnv.inc)
 afxClass<afxFile>::AllocateObjects(1, 003ed064, 003ed074)
 afxClass<afxFile>::BuildObjects(1, 003ed064, 003ed05c)
 afxClass<afxFile>::ConstructObject(03041920)
 afxStream.c:600?AfxAcquireStream(ios=03041954,flags=5,start=00000000,len=0)
 afxClass<afxFile>::DismantleObjects(1, 003ed0b4)
 Destructing instance 03041920 of afxFile class.
 afxClass<afxFile>::DeallocateObjects(1, 003ed0b4)
 afxShader.c:397?AfxBuildShaders(cnt=1,blueprint=003ed5c4,shd=003ed9f8)
 afxClass<afxShader>::AllocateObjects(1, 003ed9f8, 003ed2c0)
 afxClass<afxShader>::BuildObjects(1, 003ed9f8, 003ed5c4)
 afxClass<afxShader>::ConstructObject(03041920)
 afxShader.c:660?_AfxShdCtor(shd=03041920)
 #version 330 core // QWADRO. Engineered by SIGMA Technology Group.

#define afxInt int
#define afxNat uint

#define afxReal float

#define afxV2d vec2
#define afxV3d vec3
#define afxV4d vec4

#define afxM2d mat2
#define afxM3d mat3
#define afxM4d mat4

        
        uniform sampler2D samp0;
        uniform sampler2D samp1;
        uniform sampler2D samp2;
        
        in block
        {
            vec2 uv0;
        } sgl_v;

        out vec4 sgl_rgba;

        void main()
        {
            vec3 yuv;
            yuv.x = texture(samp0, sgl_v.uv0).r;
            yuv.y = texture(samp2, sgl_v.uv0).r - 0.5;
            yuv.z = texture(samp1, sgl_v.uv0).r - 0.5;
            
            vec3 rgb = mat3( 1, 1, 1, 0, -0.34414, 1.772, 1.402, -0.71414, 0) * yuv;
            sgl_rgba = vec4(rgb, 1);
        }
       
 sglShader.c:134?_AfxShdCtor(shd=03041920)
 afxObject<03041920>::InstallEventFilter(0310f130)
 afxLego.c:218?AfxBuildLegos(dctx=0306dfa0)
 ERR afxDrawContext.c:184?AfxGetLegoClass
    
 ERR afxDrawContext.c:184?AfxGetLegoClass
    (var_)
    Invalid
 afxClass<afxLego>::AllocateObjects(1, 03123fa4, 003ed840)
 afxClass<afxLego>::BuildObjects(1, 03123fa4, 003edbb4)
 afxClass<afxLego>::ConstructObject(031192a0)
 afxLego.c:275?_AfxLegtCtor(legt=031192a0)
 sglPipeline.c:293?_AfxPipCtor(pip=0310f130)
 afxClass<afxVertexBuffer>::AllocateObjects(1, 00f55160, 003eeaf4)
 afxClass<afxVertexBuffer>::BuildObjects(1, 00f55160, 003eeacc)
 afxClass<afxVertexBuffer, afxBuffer>ConstructingObject(03105020)
 afxClass<afxBuffer>::ConstructObject(03105020)
 afxBuffer.c:247?_AfxBufCtor(buf=03105020)
 sglBuffer.c:329?_SglBufCtor(buf=03105020)
 afxClass<afxVertexBuffer>::ConstructObject(03105020)
 afxVertexBuffer.c:446?_AfxVbufCtor(vbuf=03105020)
 afxSurface.c:52?AfxAcquireSurface(fmt=1,whd=[1280,720,1],usage=16)
 ADV afxTexture.c:69?AfxAcquireTextureBlueprint
    texb->fcc == AFX_FCC_TEXB
 afxClass<afxSurface>::AllocateObjects(1, 003ede78, 003ede94)
 afxClass<afxSurface>::BuildObjects(1, 003ede78, 003edea0)
 afxClass<afxSurface, afxTexture>ConstructingObject(0303f5e0)
 afxClass<afxTexture>::ConstructObject(0303f5e0)
 afxTexture.c:1023?_AfxTexCtor(tex=0303f5e0)
 sglTexture.c:987?_SglTexCtor(tex=0303f5e0)
 afxClass<afxSurface>::ConstructObject(0303f5e0)
 afxSurface.c:130?_AfxSurfCtor(surf=0303f5e0)
 sglSurface.c:114?_AfxSurfCtor(surf=0303f5e0)
 afxSurface.c:52?AfxAcquireSurface(fmt=1,whd=[640,360,1],usage=16)
 ADV afxTexture.c:69?AfxAcquireTextureBlueprint
    texb->fcc == AFX_FCC_TEXB
 afxClass<afxSurface>::AllocateObjects(1, 003ede78, 003ede94)
 afxClass<afxSurface>::BuildObjects(1, 003ede78, 003edea0)
 afxClass<afxSurface, afxTexture>ConstructingObject(0317b0f0)
 afxClass<afxTexture>::ConstructObject(0317b0f0)
 afxTexture.c:1023?_AfxTexCtor(tex=0317b0f0)
 sglTexture.c:987?_SglTexCtor(tex=0317b0f0)
 afxClass<afxSurface>::ConstructObject(0317b0f0)
 afxSurface.c:130?_AfxSurfCtor(surf=0317b0f0)
 sglSurface.c:114?_AfxSurfCtor(surf=0317b0f0)
 afxSurface.c:52?AfxAcquireSurface(fmt=1,whd=[640,360,1],usage=16)
 ADV afxTexture.c:69?AfxAcquireTextureBlueprint
    texb->fcc == AFX_FCC_TEXB
 afxClass<afxSurface>::AllocateObjects(1, 003ede78, 003ede94)
 afxClass<afxSurface>::BuildObjects(1, 003ede78, 003edea0)
 afxClass<afxSurface, afxTexture>ConstructingObject(05d484e0)
 afxClass<afxTexture>::ConstructObject(05d484e0)
 afxTexture.c:1023?_AfxTexCtor(tex=05d484e0)
 sglTexture.c:987?_SglTexCtor(tex=05d484e0)
 afxClass<afxSurface>::ConstructObject(05d484e0)
 afxSurface.c:130?_AfxSurfCtor(surf=05d484e0)
 sglSurface.c:114?_AfxSurfCtor(surf=05d484e0)
 afxCanvas.c:253?AfxBuildCanvases(dctx=0306dfa0,cnt=1,blueprint=003ee3e0,canv=00f55110)
 afxClass<afxCanvas>::AllocateObjects(1, 00f55110, 003ee30c)
 afxClass<afxCanvas>::BuildObjects(1, 00f55110, 003ee3e0)
 afxClass<afxCanvas>::ConstructObject(03044110)
 afxCanvas.c:379?_AfxCanvCtor(canv=03044110)
 afxSurface.c:52?AfxAcquireSurface(fmt=4,whd=[1280,720,1],usage=16)
 ADV afxTexture.c:69?AfxAcquireTextureBlueprint
    texb->fcc == AFX_FCC_TEXB
 afxClass<afxSurface>::AllocateObjects(1, 003ed8e8, 003ed904)
 afxClass<afxSurface>::BuildObjects(1, 003ed8e8, 003ed910)
 afxClass<afxSurface, afxTexture>ConstructingObject(0317b1f0)
 afxClass<afxTexture>::ConstructObject(0317b1f0)
 afxTexture.c:1023?_AfxTexCtor(tex=0317b1f0)
 sglTexture.c:987?_SglTexCtor(tex=0317b1f0)
 afxClass<afxSurface>::ConstructObject(0317b1f0)
 afxSurface.c:130?_AfxSurfCtor(surf=0317b1f0)
 sglSurface.c:114?_AfxSurfCtor(surf=0317b1f0)
 sglCanvas.c:356?_AfxCanvCtor(canv=03044110)
 afxObject<0317b1f0>::InstallEventFilter(03044110)
 afxSurface.c:52?AfxAcquireSurface(fmt=1,whd=[1280,720,1],usage=16)
 ADV afxTexture.c:69?AfxAcquireTextureBlueprint
    texb->fcc == AFX_FCC_TEXB
 afxClass<afxSurface>::AllocateObjects(1, 003ede78, 003ede94)
 afxClass<afxSurface>::BuildObjects(1, 003ede78, 003edea0)
 afxClass<afxSurface, afxTexture>ConstructingObject(0317b2e0)
 afxClass<afxTexture>::ConstructObject(0317b2e0)
 afxTexture.c:1023?_AfxTexCtor(tex=0317b2e0)
 sglTexture.c:987?_SglTexCtor(tex=0317b2e0)
 afxClass<afxSurface>::ConstructObject(0317b2e0)
 afxSurface.c:130?_AfxSurfCtor(surf=0317b2e0)
 sglSurface.c:114?_AfxSurfCtor(surf=0317b2e0)
 afxSurface.c:52?AfxAcquireSurface(fmt=1,whd=[640,360,1],usage=16)
 ADV afxTexture.c:69?AfxAcquireTextureBlueprint
    texb->fcc == AFX_FCC_TEXB
 afxClass<afxSurface>::AllocateObjects(1, 003ede78, 003ede94)
 afxClass<afxSurface>::BuildObjects(1, 003ede78, 003edea0)
 afxClass<afxSurface, afxTexture>ConstructingObject(0317b3e0)
 afxClass<afxTexture>::ConstructObject(0317b3e0)
 afxTexture.c:1023?_AfxTexCtor(tex=0317b3e0)
 sglTexture.c:987?_SglTexCtor(tex=0317b3e0)
 afxClass<afxSurface>::ConstructObject(0317b3e0)
 afxSurface.c:130?_AfxSurfCtor(surf=0317b3e0)
 sglSurface.c:114?_AfxSurfCtor(surf=0317b3e0)
 afxSurface.c:52?AfxAcquireSurface(fmt=1,whd=[640,360,1],usage=16)
 ADV afxTexture.c:69?AfxAcquireTextureBlueprint
    texb->fcc == AFX_FCC_TEXB
 afxClass<afxSurface>::AllocateObjects(1, 003ede78, 003ede94)
 afxClass<afxSurface>::BuildObjects(1, 003ede78, 003edea0)
 afxClass<afxSurface, afxTexture>ConstructingObject(0317b4d0)
 afxClass<afxTexture>::ConstructObject(0317b4d0)
 afxTexture.c:1023?_AfxTexCtor(tex=0317b4d0)
 sglTexture.c:987?_SglTexCtor(tex=0317b4d0)
 afxClass<afxSurface>::ConstructObject(0317b4d0)
 afxSurface.c:130?_AfxSurfCtor(surf=0317b4d0)
 sglSurface.c:114?_AfxSurfCtor(surf=0317b4d0)
 afxCanvas.c:253?AfxBuildCanvases(dctx=0306dfa0,cnt=1,blueprint=003ee3e0,canv=00f55114)
 afxClass<afxCanvas>::AllocateObjects(1, 00f55114, 003ee30c)
 afxClass<afxCanvas>::BuildObjects(1, 00f55114, 003ee3e0)
 afxClass<afxCanvas>::ConstructObject(0317b5d0)
 afxCanvas.c:379?_AfxCanvCtor(canv=0317b5d0)
 afxSurface.c:52?AfxAcquireSurface(fmt=4,whd=[1280,720,1],usage=16)
 ADV afxTexture.c:69?AfxAcquireTextureBlueprint
    texb->fcc == AFX_FCC_TEXB
 afxClass<afxSurface>::AllocateObjects(1, 003ed8e8, 003ed904)
 afxClass<afxSurface>::BuildObjects(1, 003ed8e8, 003ed910)
 afxClass<afxSurface, afxTexture>ConstructingObject(0317b690)
 afxClass<afxTexture>::ConstructObject(0317b690)
 afxTexture.c:1023?_AfxTexCtor(tex=0317b690)
 sglTexture.c:987?_SglTexCtor(tex=0317b690)
 afxClass<afxSurface>::ConstructObject(0317b690)
 afxSurface.c:130?_AfxSurfCtor(surf=0317b690)
 sglSurface.c:114?_AfxSurfCtor(surf=0317b690)
 sglCanvas.c:356?_AfxCanvCtor(canv=0317b5d0)
 afxObject<0317b690>::InstallEventFilter(0317b5d0)
 afxDrawOutput.c:307?AfxRegenerateDrawOutputBuffers(dout=03070e50)
 afxSurface.c:52?AfxAcquireSurface(fmt=3,whd=[1280,720,1],usage=16)
 ADV afxTexture.c:69?AfxAcquireTextureBlueprint
    texb->fcc == AFX_FCC_TEXB
 afxClass<afxSurface>::AllocateObjects(1, 003ee748, 003ee764)
 afxClass<afxSurface>::BuildObjects(1, 003ee748, 003ee770)
 afxClass<afxSurface, afxTexture>ConstructingObject(0317b780)
 afxClass<afxTexture>::ConstructObject(0317b780)
 afxTexture.c:1023?_AfxTexCtor(tex=0317b780)
 sglTexture.c:987?_SglTexCtor(tex=0317b780)
 afxClass<afxSurface>::ConstructObject(0317b780)
 afxSurface.c:130?_AfxSurfCtor(surf=0317b780)
 sglSurface.c:114?_AfxSurfCtor(surf=0317b780)
 afxObject<03042840>::RemoveEventFilter(03070fc0)
 afxClass<afxSurface>::DismantleObjects(1, 003eead0)
 Destructing instance 03042840 of afxSurface class.
 afxSurface.c:97?_AfxSurfDtor(surf=03042840)
 sglSurface.c:84?_AfxSurfDtor(surf=03042840)
 Destructing instance 03042840 of afxSurface : afxTexture class.
 Destructing instance 03042840 of afxTexture class.
 afxTexture.c:1002?_AfxTexDtor(tex=03042840)
 sglTexture.c:954?_SglTexDtor(img=03042840)
 afxClass<afxSurface>::DeallocateObjects(1, 003eead0)
 afxObject<0317b780>::InstallEventFilter(03070fc0)
 afxSurface.c:52?AfxAcquireSurface(fmt=3,whd=[1280,720,1],usage=16)
 ADV afxTexture.c:69?AfxAcquireTextureBlueprint
    texb->fcc == AFX_FCC_TEXB
 afxClass<afxSurface>::AllocateObjects(1, 003ee748, 003ee764)
 afxClass<afxSurface>::BuildObjects(1, 003ee748, 003ee770)
 afxClass<afxSurface, afxTexture>ConstructingObject(03042840)
 afxClass<afxTexture>::ConstructObject(03042840)
 afxTexture.c:1023?_AfxTexCtor(tex=03042840)
 sglTexture.c:987?_SglTexCtor(tex=03042840)
 afxClass<afxSurface>::ConstructObject(03042840)
 afxSurface.c:130?_AfxSurfCtor(surf=03042840)
 sglSurface.c:114?_AfxSurfCtor(surf=03042840)
 afxObject<03042940>::RemoveEventFilter(03042a30)
 afxClass<afxSurface>::DismantleObjects(1, 003eead0)
 Destructing instance 03042940 of afxSurface class.
 afxSurface.c:97?_AfxSurfDtor(surf=03042940)
 sglSurface.c:84?_AfxSurfDtor(surf=03042940)
 Destructing instance 03042940 of afxSurface : afxTexture class.
 Destructing instance 03042940 of afxTexture class.
 afxTexture.c:1002?_AfxTexDtor(tex=03042940)
 sglTexture.c:954?_SglTexDtor(img=03042940)
 afxClass<afxSurface>::DeallocateObjects(1, 003eead0)
 afxObject<0317b780>::InstallEventFilter(03042a30)
 Draw output (03070e50) extent readjusted to 1280x720; 0.666667%:0.666667% of 1920x1080.
 afxDrawScript.c:369?AfxAcquireDrawScripts(ddrv=001f76c0)
 afxClass<afxDrawScript>::AllocateObjects(1, 003ee5c8, 003ee50c)
 afxClass<afxDrawScript>::BuildObjects(1, 003ee5c8, 003ee4f8)
 afxClass<afxDrawScript>::ConstructObject(0317b880)
 afxDrawScript.c:453?_AfxDscrCtor(dscr=0317b880)
 afxArena.c:767?AfxAcquireArena(aren=0317b8cc)
 afxArena.c:768?AfxAcquireArena(spec=00000000,hint="afxDrawScript.c:467!_AfxDscrCtor")
 sglCanvas.c:55?_SglCanvReinstantiateIdd(canv=03070fc0)
 sglTexture.c:756?_SglTexReinstantiateIdd(tex=0317b780)
 afxTexture 0317b780 hardware-side data instanced.
 afxSurface 0317b780 hardware-side data instanced.
 afxCanvas 03070fc0 hardware-side data instanced.
 afxCanvas 03070fc0 hardware-side data instanced.
 afxShader 030f6020 hardware-side data instanced.
 afxShader 03041920 hardware-side data instanced.
 afxPipeline 0310f130 hardware-side data instanced.
 afxBuffer 03105020 hardware-side data instanced.
 sglTexture.c:756?_SglTexReinstantiateIdd(tex=0317b2e0)
 afxTexture 0317b2e0 hardware-side data instanced.
 afxSampler 030fb380 hardware-side data instanced.
 sglTexture.c:756?_SglTexReinstantiateIdd(tex=0317b3e0)
 afxTexture 0317b3e0 hardware-side data instanced.
 sglTexture.c:756?_SglTexReinstantiateIdd(tex=0317b4d0)
 afxTexture 0317b4d0 hardware-side data instanced.
 afxShader 0307faa0 hardware-side data instanced.
 afxShader 029f50c0 hardware-side data instanced.
 afxPipeline 02fe9b20 hardware-side data instanced.
 afxBuffer 002bab60 hardware-side data instanced.
 afxSampler 0308e040 hardware-side data instanced.
 sglCanvas.c:55?_SglCanvReinstantiateIdd(canv=03042a30)
 afxCanvas 03042a30 hardware-side data instanced.
 afxCanvas 03042a30 hardware-side data instanced.
 sglTexture.c:756?_SglTexReinstantiateIdd(tex=03042840)
 afxTexture 03042840 hardware-side data instanced.
 sglTexture.c:756?_SglTexReinstantiateIdd(tex=0303f5e0)
 afxTexture 0303f5e0 hardware-side data instanced.
 sglTexture.c:756?_SglTexReinstantiateIdd(tex=0317b0f0)
 afxTexture 0317b0f0 hardware-side data instanced.
 sglTexture.c:756?_SglTexReinstantiateIdd(tex=05d484e0)
 afxTexture 05d484e0 hardware-side data instanced.