
 afxDebug.c:386?AfxAttachDebugTerminal()
      ::::::::  :::       :::     :::     :::::::::  :::::::::   ::::::::      
     :+:    :+: :+:       :+:   :+: :+:   :+:    :+: :+:    :+: :+:    :+:     
     +:+    +:+ +:+       +:+  +:+   +:+  +:+    +:+ +:+    +:+ +:+    +:+     
     +#+    +:+ +#+  +:+  +#+ +#++:++#++: +#+    +:+ +#++:++#:  +#+    +:+     
     +#+  # +#+ +#+ +#+#+ +#+ +#+     +#+ +#+    +#+ +#+    +#+ +#+    +#+     
     #+#   +#+   #+#+# #+#+#  #+#     #+# #+#    #+# #+#    #+# #+#    #+#     
      ###### ###  ###   ###   ###     ### #########  ###    ###  ########      
                                                                               
                  S I G M A   T E C H N O L O G Y   G R O U P                  
                                                                               
                               Public Test Build                               
                           (c) 2017 Federacao SIGMA                            
                                www.sigmaco.org                                
                                                                               
 afxClass<afxSystem>::Mount(77fe1c10, 00000000, 00000000, 77fc02e4)
 afxClass<afxSystem>::AllocateObjects(1, 0047ef64, 0047ee7c)
 afxClass<afxSystem>::BuildObjects(1, 0047ef64, 00000000)
 afxClass<afxSystem>::ConstructObject(008cf0f0)
 afxSystem.c:887?_AfxSysCtor(sys=008cf0f0)
 ADV afxSystem.c:907?_AfxSysCtor
    Memoy page size: 4096
 ADV afxSystem.c:908?_AfxSysCtor
    Logical processor count: 2
 afxClass<afxMemory>::Mount(008cf13c, 008cf124, 00000000, 77fc4b3c)
 afxMemory.c:144?AfxAcquireMemory(strategy=0047df68,hint="afxSystem.c:929!_AfxSysCtor")
 afxClass<afxMemory>::AllocateObjects(1, 0047de04, 0047de14)
 afxClass<afxMemory>::BuildObjects(1, 0047de04, 0047ddfc)
 afxClass<afxMemory>::ConstructObject(008cf950)
 afxMemory.c:198?_AfxMemCtor(mem=008cf950)
 afxClass<afxThread>::Mount(008cf1fc, 008cf124, 00000000, 77fc0950)
 afxClass<afxIoSystem>::Mount(008cf2bc, 008cf124, 00000000, 77fc2110)
 afxClass<afxIoSystem>::AllocateObjects(1, 0047df30, 0047de04)
 afxClass<afxIoSystem>::BuildObjects(1, 0047df30, 0047df34)
 afxClass<afxIoSystem>::ConstructObject(008cff30)
 afxIoSystem.c:706?_AfxIoCtor(io=008cff30)
 afxArena.c:767?AfxAcquireArena(aren=008cff7c)
 afxArena.c:768?AfxAcquireArena(spec=00000000,hint="afxIoSystem.c:722!_AfxIoCtor")
 afxClass<afxFile>::Mount(008cffd4, 008cff64, 00000000, 77fc1e54)
 afxClass<afxArchive>::Mount(008d0094, 008cff64, 008cffd4, 77fc17d4)
 afxClass<afxResource>::Mount(008d0214, 008cff64, 00000000, 77fc35cc)
 afxClass<afxUrd>::Mount(008d0154, 008cff64, 00000000, 77fc3bac)
 afxIoSystem.c:412?AfxMountStoragePoints(008cff30,6,0047e12c)
 Point "." 5 mounted -> "E:/qwadro/afx".
 Point "system" 5 mounted -> "E:/qwadro/afx/system32".
 Point "sound" 5 mounted -> "E:/qwadro/afx/sound".
 Point "tmp" 7 mounted -> "E:/qwadro/afx/tmp".
 Point "data" 5 mounted -> "E:/qwadro/afx/data".
 Point "art" 5 mounted -> "E:/qwadro/afx/art".
 afxClass<afxModule>::Mount(008cf37c, 008cf124, 00000000, 77fbef90)
 afxModule.c:93?AfxAcquireModules(uri=system/e2coree.dll)
 afxClass<afxModule>::AllocateObjects(1, 008cf8e0, 0047dde8)
 afxClass<afxModule>::BuildObjects(1, 008cf8e0, 0047e058)
 afxClass<afxModule>::ConstructObject(008d45f0)
 afxModule.c:170?_AfxMdleCtor(uri:system/e2coree.dll)
 afxClass<afxHid>::Mount(008cf43c, 008cf124, 00000000, 77fc287c)
 afxClass<afxKeyboard>::Mount(008cf4fc, 008cf124, 008cf43c, 77fc31c8)
 afxClass<afxMouse>::Mount(008cf5bc, 008cf124, 008cf43c, 77fc3368)
 afxClass<afxDrawSystem>::Mount(008cf67c, 008cf124, 00000000, 77fc79e4)
 afxClass<afxApplication>::Mount(008cf73c, 008cf124, 008cf1fc, 77fbe000)
 afxKeyboard.c:189?AfxAcquireKeyboards(port=0)
 afxClass<afxKeyboard>::AllocateObjects(1, 008cf8e4, 0047de1c)
 afxClass<afxKeyboard>::BuildObjects(1, 008cf8e4, 0047de0c)
 afxClass<afxKeyboard, afxHid>ConstructingObject(008d4720)
 afxClass<afxHid>::ConstructObject(008d4720)
 afxHid.c:226?_AfxHidCtor(hid=008d4720)
 afxClass<afxKeyboard>::ConstructObject(008d4720)
 afxKeyboard.c:252?_AfxKbdCtor(kbd=008d4720)
 afxClass<afxDrawSystem>::AllocateObjects(1, 0047ef60, 0047ee7c)
 afxClass<afxDrawSystem>::BuildObjects(1, 0047ef60, 0047ef5c)
 afxClass<afxDrawSystem>::ConstructObject(008d4fb0)
 afxDrawSystem.c:461?_AfxDsysCtor(dsys=008d4fb0)
 afxClass<afxDrawDriver>::Mount(008d4ff8, 008d4fe4, 00000000, 77fc67a4)
 afxClass<afxDrawThread>::Mount(008d50b8, 008d4fe4, 008cf1fc, 77fc7d14)
New texture codec registered.
Name: SIGGL
Author: SIGMA Technology Group
Version: 0.5.1
Note: 
 Truecolor Targa texture serializer installed!
 afxModule.c:93?AfxAcquireModules(uri=e2draw.icd)
 afxClass<afxModule>::AllocateObjects(1, 008d51e4, 0047e9a0)
 afxClass<afxModule>::BuildObjects(1, 008d51e4, 0047ea8c)
 afxClass<afxModule>::ConstructObject(008d5fd0)
 afxModule.c:170?_AfxMdleCtor(uri:e2draw.icd)
 afxDrawDriver.c:215?AfxRegisterDrawDriver(spec=510e7c38)
 afxClass<afxDrawDriver>::AllocateObjects(1, 0047e9dc, 0047e97c)
 afxClass<afxDrawDriver>::BuildObjects(1, 0047e9dc, 510e7c38)
 afxClass<afxDrawDriver>::ConstructObject(008d76c0)
 afxDrawDriver.c:271?_AfxDdrvCtor(ddrv=008d76c0)
 afxClass<afxDrawScript>::Mount(008d7710, 008d76fc, 00000000, 77fc7444)
 afxClass<afxDrawQueue>::Mount(008d77d0, 008d76fc, 00000000, 77fc7304)
 afxClass<afxDrawContext>::Mount(008d7890, 008d76fc, 00000000, 77fc52f4)
 afxClass<afxDrawOutput>::Mount(008d7950, 008d76fc, 00000000, 77fc6d40)
 afxClass<afxDrawInput>::Mount(008d7a10, 008d76fc, 00000000, 77fc6b20)
 Listing mem available display devices...

 #0 = Intel(R) HD Graphics (\\.\DISPLAY1) 8000005
 #1 = RDPDD Chained DD (\\.\DISPLAYV1) 200008
 #2 = RDP Encoder Mirror Driver (\\.\DISPLAYV2) 200008
 #3 = RDP Reflector Display Driver (\\.\DISPLAYV3) 200008
 sglDrawDriver.c:1304?_SglCreateCombinedDeviceContext(oglWndClss=008d7be0,shareCtx=00000000,phwnd=008dc680,phdc=008dc684,phrc=008dc68c)
 ADV sglDrawDriver.c:1643?_SglBuildDpu
    677 381 1920 1080 96 96 32 1 36 36 51 60 1 
 ERR sglDrawDriver.c:1088?SglGetPixelFormat
    
 ERR sglDrawDriver.c:1088?SglGetPixelFormat
    
 ERR sglDrawDriver.c:1076?SglDescribePixelFormat
    
 ERR sglDrawDriver.c:1076?SglDescribePixelFormat
    
 sglDrawDriver.c:790?_SglLoadVmt(vmt=008dc690,verMajor=1,verMinor=0)
 glCullFace @ 0 found.
 glFrontFace @ 1 found.
 glHint @ 2 found.
 glLineWidth @ 3 found.
 glPointSize @ 4 found.
 glPolygonMode @ 5 found.
 glScissor @ 6 found.
 glTexParameterf @ 7 found.
 glTexParameterfv @ 8 found.
 glTexParameteri @ 9 found.
 glTexParameteriv @ 10 found.
 glTexImage1D @ 11 found.
 glTexImage2D @ 12 found.
 glDrawBuffer @ 13 found.
 glClear @ 14 found.
 glClearColor @ 15 found.
 glClearStencil @ 16 found.
 glClearDepth @ 17 found.
 glStencilMask @ 18 found.
 glColorMask @ 19 found.
 glDepthMask @ 20 found.
 glDisable @ 21 found.
 glEnable @ 22 found.
 glFinish @ 23 found.
 glFlush @ 24 found.
 glBlendFunc @ 25 found.
 glLogicOp @ 26 found.
 glStencilFunc @ 27 found.
 glStencilOp @ 28 found.
 glDepthFunc @ 29 found.
 glPixelStoref @ 30 found.
 glPixelStorei @ 31 found.
 glReadBuffer @ 32 found.
 glReadPixels @ 33 found.
 glGetBooleanv @ 34 found.
 glGetDoublev @ 35 found.
 glGetError @ 36 found.
 glGetFloatv @ 37 found.
 glGetIntegerv @ 38 found.
 glGetString @ 39 found.
 glGetTexImage @ 40 found.
 glGetTexParameterfv @ 41 found.
 glGetTexParameteriv @ 42 found.
 glGetTexLevelParameterfv @ 43 found.
 glGetTexLevelParameteriv @ 44 found.
 glIsEnabled @ 45 found.
 glDepthRange @ 46 found.
 glViewport @ 47 found.
 sglDrawDriver.c:790?_SglLoadVmt(vmt=008dc690,verMajor=4,verMinor=6)
 glCullFace @ 0 found.
 glFrontFace @ 1 found.
 glHint @ 2 found.
 glLineWidth @ 3 found.
 glPointSize @ 4 found.
 glPolygonMode @ 5 found.
 glScissor @ 6 found.
 glTexParameterf @ 7 found.
 glTexParameterfv @ 8 found.
 glTexParameteri @ 9 found.
 glTexParameteriv @ 10 found.
 glTexImage1D @ 11 found.
 glTexImage2D @ 12 found.
 glDrawBuffer @ 13 found.
 glClear @ 14 found.
 glClearColor @ 15 found.
 glClearStencil @ 16 found.
 glClearDepth @ 17 found.
 glStencilMask @ 18 found.
 glColorMask @ 19 found.
 glDepthMask @ 20 found.
 glDisable @ 21 found.
 glEnable @ 22 found.
 glFinish @ 23 found.
 glFlush @ 24 found.
 glBlendFunc @ 25 found.
 glLogicOp @ 26 found.
 glStencilFunc @ 27 found.
 glStencilOp @ 28 found.
 glDepthFunc @ 29 found.
 glPixelStoref @ 30 found.
 glPixelStorei @ 31 found.
 glReadBuffer @ 32 found.
 glReadPixels @ 33 found.
 glGetBooleanv @ 34 found.
 glGetDoublev @ 35 found.
 glGetError @ 36 found.
 glGetFloatv @ 37 found.
 glGetIntegerv @ 38 found.
 glGetString @ 39 found.
 glGetTexImage @ 40 found.
 glGetTexParameterfv @ 41 found.
 glGetTexParameteriv @ 42 found.
 glGetTexLevelParameterfv @ 43 found.
 glGetTexLevelParameteriv @ 44 found.
 glIsEnabled @ 45 found.
 glDepthRange @ 46 found.
 glViewport @ 47 found.
 glDrawArrays @ 48 found.
 glDrawElements @ 49 found.
 glGetPointerv @ 50 found.
 glPolygonOffset @ 51 found.
 glCopyTexImage1D @ 52 found.
 glCopyTexImage2D @ 53 found.
 glCopyTexSubImage1D @ 54 found.
 glCopyTexSubImage2D @ 55 found.
 glTexSubImage1D @ 56 found.
 glTexSubImage2D @ 57 found.
 glBindTexture @ 58 found.
 glDeleteTextures @ 59 found.
 glGenTextures @ 60 found.
 glIsTexture @ 61 found.
 glDrawRangeElements @ 62 found.
 glTexImage3D @ 63 found.
 glTexSubImage3D @ 64 found.
 glCopyTexSubImage3D @ 65 found.
 glActiveTexture @ 66 found.
 glSampleCoverage @ 67 found.
 glCompressedTexImage3D @ 68 found.
 glCompressedTexImage2D @ 69 found.
 glCompressedTexImage1D @ 70 found.
 glCompressedTexSubImage3D @ 71 found.
 glCompressedTexSubImage2D @ 72 found.
 glCompressedTexSubImage1D @ 73 found.
 glGetCompressedTexImage @ 74 found.
 glBlendFuncSeparate @ 75 found.
 glMultiDrawArrays @ 76 found.
 glMultiDrawElements @ 77 found.
 glPointParameterf @ 78 found.
 glPointParameterfv @ 79 found.
 glPointParameteri @ 80 found.
 glPointParameteriv @ 81 found.
 glBlendColor @ 82 found.
 glBlendEquation @ 83 found.
 glGenQueries @ 84 found.
 glDeleteQueries @ 85 found.
 glIsQuery @ 86 found.
 glBeginQuery @ 87 found.
 glEndQuery @ 88 found.
 glGetQueryiv @ 89 found.
 glGetQueryObjectiv @ 90 found.
 glGetQueryObjectuiv @ 91 found.
 glBindBuffer @ 92 found.
 glDeleteBuffers @ 93 found.
 glGenBuffers @ 94 found.
 glIsBuffer @ 95 found.
 glBufferData @ 96 found.
 glBufferSubData @ 97 found.
 glGetBufferSubData @ 98 found.
 glMapBuffer @ 99 found.
 glUnmapBuffer @ 100 found.
 glGetBufferParameteriv @ 101 found.
 glGetBufferPointerv @ 102 found.
 glBlendEquationSeparate @ 103 found.
 glDrawBuffers @ 104 found.
 glStencilOpSeparate @ 105 found.
 glStencilFuncSeparate @ 106 found.
 glStencilMaskSeparate @ 107 found.
 glAttachShader @ 108 found.
 glBindAttribLocation @ 109 found.
 glCompileShader @ 110 found.
 glCreateProgram @ 111 found.
 glCreateShader @ 112 found.
 glDeleteProgram @ 113 found.
 glDeleteShader @ 114 found.
 glDetachShader @ 115 found.
 glDisableVertexAttribArray @ 116 found.
 glEnableVertexAttribArray @ 117 found.
 glGetActiveAttrib @ 118 found.
 glGetActiveUniform @ 119 found.
 glGetAttachedShaders @ 120 found.
 glGetAttribLocation @ 121 found.
 glGetProgramiv @ 122 found.
 glGetProgramInfoLog @ 123 found.
 glGetShaderiv @ 124 found.
 glGetShaderInfoLog @ 125 found.
 glGetShaderSource @ 126 found.
 glGetUniformLocation @ 127 found.
 glGetUniformfv @ 128 found.
 glGetUniformiv @ 129 found.
 glGetVertexAttribdv @ 130 found.
 glGetVertexAttribfv @ 131 found.
 glGetVertexAttribiv @ 132 found.
 glGetVertexAttribPointerv @ 133 found.
 glIsProgram @ 134 found.
 glIsShader @ 135 found.
 glLinkProgram @ 136 found.
 glShaderSource @ 137 found.
 glUseProgram @ 138 found.
 glUniform1f @ 139 found.
 glUniform2f @ 140 found.
 glUniform3f @ 141 found.
 glUniform4f @ 142 found.
 glUniform1i @ 143 found.
 glUniform2i @ 144 found.
 glUniform3i @ 145 found.
 glUniform4i @ 146 found.
 glUniform1fv @ 147 found.
 glUniform2fv @ 148 found.
 glUniform3fv @ 149 found.
 glUniform4fv @ 150 found.
 glUniform1iv @ 151 found.
 glUniform2iv @ 152 found.
 glUniform3iv @ 153 found.
 glUniform4iv @ 154 found.
 glUniformMatrix2fv @ 155 found.
 glUniformMatrix3fv @ 156 found.
 glUniformMatrix4fv @ 157 found.
 glValidateProgram @ 158 found.
 glVertexAttrib1d @ 159 found.
 glVertexAttrib1dv @ 160 found.
 glVertexAttrib1f @ 161 found.
 glVertexAttrib1fv @ 162 found.
 glVertexAttrib1s @ 163 found.
 glVertexAttrib1sv @ 164 found.
 glVertexAttrib2d @ 165 found.
 glVertexAttrib2dv @ 166 found.
 glVertexAttrib2f @ 167 found.
 glVertexAttrib2fv @ 168 found.
 glVertexAttrib2s @ 169 found.
 glVertexAttrib2sv @ 170 found.
 glVertexAttrib3d @ 171 found.
 glVertexAttrib3dv @ 172 found.
 glVertexAttrib3f @ 173 found.
 glVertexAttrib3fv @ 174 found.
 glVertexAttrib3s @ 175 found.
 glVertexAttrib3sv @ 176 found.
 glVertexAttrib4Nbv @ 177 found.
 glVertexAttrib4Niv @ 178 found.
 glVertexAttrib4Nsv @ 179 found.
 glVertexAttrib4Nub @ 180 found.
 glVertexAttrib4Nubv @ 181 found.
 glVertexAttrib4Nuiv @ 182 found.
 glVertexAttrib4Nusv @ 183 found.
 glVertexAttrib4bv @ 184 found.
 glVertexAttrib4d @ 185 found.
 glVertexAttrib4dv @ 186 found.
 glVertexAttrib4f @ 187 found.
 glVertexAttrib4fv @ 188 found.
 glVertexAttrib4iv @ 189 found.
 glVertexAttrib4s @ 190 found.
 glVertexAttrib4sv @ 191 found.
 glVertexAttrib4ubv @ 192 found.
 glVertexAttrib4uiv @ 193 found.
 glVertexAttrib4usv @ 194 found.
 glVertexAttribPointer @ 195 found.
 glUniformMatrix2x3fv @ 196 found.
 glUniformMatrix3x2fv @ 197 found.
 glUniformMatrix2x4fv @ 198 found.
 glUniformMatrix4x2fv @ 199 found.
 glUniformMatrix3x4fv @ 200 found.
 glUniformMatrix4x3fv @ 201 found.
 glColorMaski @ 202 found.
 glGetBooleani_v @ 203 found.
 glGetIntegeri_v @ 204 found.
 glEnablei @ 205 found.
 glDisablei @ 206 found.
 glIsEnabledi @ 207 found.
 glBeginTransformFeedback @ 208 found.
 glEndTransformFeedback @ 209 found.
 glBindBufferRange @ 210 found.
 glBindBufferBase @ 211 found.
 glTransformFeedbackVaryings @ 212 found.
 glGetTransformFeedbackVarying @ 213 found.
 glClampColor @ 214 found.
 glBeginConditionalRender @ 215 found.
 glEndConditionalRender @ 216 found.
 glVertexAttribIPointer @ 217 found.
 glGetVertexAttribIiv @ 218 found.
 glGetVertexAttribIuiv @ 219 found.
 glVertexAttribI1i @ 220 found.
 glVertexAttribI2i @ 221 found.
 glVertexAttribI3i @ 222 found.
 glVertexAttribI4i @ 223 found.
 glVertexAttribI1ui @ 224 found.
 glVertexAttribI2ui @ 225 found.
 glVertexAttribI3ui @ 226 found.
 glVertexAttribI4ui @ 227 found.
 glVertexAttribI1iv @ 228 found.
 glVertexAttribI2iv @ 229 found.
 glVertexAttribI3iv @ 230 found.
 glVertexAttribI4iv @ 231 found.
 glVertexAttribI1uiv @ 232 found.
 glVertexAttribI2uiv @ 233 found.
 glVertexAttribI3uiv @ 234 found.
 glVertexAttribI4uiv @ 235 found.
 glVertexAttribI4bv @ 236 found.
 glVertexAttribI4sv @ 237 found.
 glVertexAttribI4ubv @ 238 found.
 glVertexAttribI4usv @ 239 found.
 glGetUniformuiv @ 240 found.
 glBindFragDataLocation @ 241 found.
 glGetFragDataLocation @ 242 found.
 glUniform1ui @ 243 found.
 glUniform2ui @ 244 found.
 glUniform3ui @ 245 found.
 glUniform4ui @ 246 found.
 glUniform1uiv @ 247 found.
 glUniform2uiv @ 248 found.
 glUniform3uiv @ 249 found.
 glUniform4uiv @ 250 found.
 glTexParameterIiv @ 251 found.
 glTexParameterIuiv @ 252 found.
 glGetTexParameterIiv @ 253 found.
 glGetTexParameterIuiv @ 254 found.
 glClearBufferiv @ 255 found.
 glClearBufferuiv @ 256 found.
 glClearBufferfv @ 257 found.
 glClearBufferfi @ 258 found.
 glGetStringi @ 259 found.
 glIsRenderbuffer @ 260 found.
 glBindRenderbuffer @ 261 found.
 glDeleteRenderbuffers @ 262 found.
 glGenRenderbuffers @ 263 found.
 glRenderbufferStorage @ 264 found.
 glGetRenderbufferParameteriv @ 265 found.
 glIsFramebuffer @ 266 found.
 glBindFramebuffer @ 267 found.
 glDeleteFramebuffers @ 268 found.
 glGenFramebuffers @ 269 found.
 glCheckFramebufferStatus @ 270 found.
 glFramebufferTexture1D @ 271 found.
 glFramebufferTexture2D @ 272 found.
 glFramebufferTexture3D @ 273 found.
 glFramebufferRenderbuffer @ 274 found.
 glGetFramebufferAttachmentParameteriv @ 275 found.
 glGenerateMipmap @ 276 found.
 glBlitFramebuffer @ 277 found.
 glRenderbufferStorageMultisample @ 278 found.
 glFramebufferTextureLayer @ 279 found.
 glMapBufferRange @ 280 found.
 glFlushMappedBufferRange @ 281 found.
 glBindVertexArray @ 282 found.
 glDeleteVertexArrays @ 283 found.
 glGenVertexArrays @ 284 found.
 glIsVertexArray @ 285 found.
 glDrawArraysInstanced @ 286 found.
 glDrawElementsInstanced @ 287 found.
 glTexBuffer @ 288 found.
 glPrimitiveRestartIndex @ 289 found.
 glCopyBufferSubData @ 290 found.
 glGetUniformIndices @ 291 found.
 glGetActiveUniformsiv @ 292 found.
 glGetActiveUniformName @ 293 found.
 glGetUniformBlockIndex @ 294 found.
 glGetActiveUniformBlockiv @ 295 found.
 glGetActiveUniformBlockName @ 296 found.
 glUniformBlockBinding @ 297 found.
 glDrawElementsBaseVertex @ 298 found.
 glDrawRangeElementsBaseVertex @ 299 found.
 glDrawElementsInstancedBaseVertex @ 300 found.
 glMultiDrawElementsBaseVertex @ 301 found.
 glProvokingVertex @ 302 found.
 glFenceSync @ 303 found.
 glIsSync @ 304 found.
 glDeleteSync @ 305 found.
 glClientWaitSync @ 306 found.
 glWaitSync @ 307 found.
 glGetInteger64v @ 308 found.
 glGetSynciv @ 309 found.
 glGetInteger64i_v @ 310 found.
 glGetBufferParameteri64v @ 311 found.
 glFramebufferTexture @ 312 found.
 glTexImage2DMultisample @ 313 found.
 glTexImage3DMultisample @ 314 found.
 glGetMultisamplefv @ 315 found.
 glSampleMaski @ 316 found.
 glBindFragDataLocationIndexed @ 317 found.
 glGetFragDataIndex @ 318 found.
 glGenSamplers @ 319 found.
 glDeleteSamplers @ 320 found.
 glIsSampler @ 321 found.
 glBindSampler @ 322 found.
 glSamplerParameteri @ 323 found.
 glSamplerParameteriv @ 324 found.
 glSamplerParameterf @ 325 found.
 glSamplerParameterfv @ 326 found.
 glSamplerParameterIiv @ 327 found.
 glSamplerParameterIuiv @ 328 found.
 glGetSamplerParameteriv @ 329 found.
 glGetSamplerParameterIiv @ 330 found.
 glGetSamplerParameterfv @ 331 found.
 glGetSamplerParameterIuiv @ 332 found.
 glQueryCounter @ 333 found.
 glGetQueryObjecti64v @ 334 found.
 glGetQueryObjectui64v @ 335 found.
 glVertexAttribDivisor @ 336 found.
 glVertexAttribP1ui @ 337 found.
 glVertexAttribP1uiv @ 338 found.
 glVertexAttribP2ui @ 339 found.
 glVertexAttribP2uiv @ 340 found.
 glVertexAttribP3ui @ 341 found.
 glVertexAttribP3uiv @ 342 found.
 glVertexAttribP4ui @ 343 found.
 glVertexAttribP4uiv @ 344 found.
 glMinSampleShading @ 345 found.
 glBlendEquationi @ 346 found.
 glBlendEquationSeparatei @ 347 found.
 glBlendFunci @ 348 found.
 glBlendFuncSeparatei @ 349 found.
 glDrawArraysIndirect @ 350 found.
 glDrawElementsIndirect @ 351 found.
 glUniform1d @ 352 found.
 glUniform2d @ 353 found.
 glUniform3d @ 354 found.
 glUniform4d @ 355 found.
 glUniform1dv @ 356 found.
 glUniform2dv @ 357 found.
 glUniform3dv @ 358 found.
 glUniform4dv @ 359 found.
 glUniformMatrix2dv @ 360 found.
 glUniformMatrix3dv @ 361 found.
 glUniformMatrix4dv @ 362 found.
 glUniformMatrix2x3dv @ 363 found.
 glUniformMatrix2x4dv @ 364 found.
 glUniformMatrix3x2dv @ 365 found.
 glUniformMatrix3x4dv @ 366 found.
 glUniformMatrix4x2dv @ 367 found.
 glUniformMatrix4x3dv @ 368 found.
 glGetUniformdv @ 369 found.
 glGetSubroutineUniformLocation @ 370 found.
 glGetSubroutineIndex @ 371 found.
 glGetActiveSubroutineUniformiv @ 372 found.
 glGetActiveSubroutineUniformName @ 373 found.
 glGetActiveSubroutineName @ 374 found.
 glUniformSubroutinesuiv @ 375 found.
 glGetUniformSubroutineuiv @ 376 found.
 glGetProgramStageiv @ 377 found.
 glPatchParameteri @ 378 found.
 glPatchParameterfv @ 379 found.
 glBindTransformFeedback @ 380 found.
 glDeleteTransformFeedbacks @ 381 found.
 glGenTransformFeedbacks @ 382 found.
 glIsTransformFeedback @ 383 found.
 glPauseTransformFeedback @ 384 found.
 glResumeTransformFeedback @ 385 found.
 glDrawTransformFeedback @ 386 found.
 glDrawTransformFeedbackStream @ 387 found.
 glBeginQueryIndexed @ 388 found.
 glEndQueryIndexed @ 389 found.
 glGetQueryIndexediv @ 390 found.
 glReleaseShaderCompiler @ 391 found.
 glShaderBinary @ 392 found.
 glGetShaderPrecisionFormat @ 393 found.
 glDepthRangef @ 394 found.
 glClearDepthf @ 395 found.
 glGetProgramBinary @ 396 found.
 glProgramBinary @ 397 found.
 glProgramParameteri @ 398 found.
 glUseProgramStages @ 399 found.
 glActiveShaderProgram @ 400 found.
 glCreateShaderProgramv @ 401 found.
 glBindProgramPipeline @ 402 found.
 glDeleteProgramPipelines @ 403 found.
 glGenProgramPipelines @ 404 found.
 glIsProgramPipeline @ 405 found.
 glGetProgramPipelineiv @ 406 found.
 glProgramUniform1i @ 407 found.
 glProgramUniform1iv @ 408 found.
 glProgramUniform1f @ 409 found.
 glProgramUniform1fv @ 410 found.
 glProgramUniform1d @ 411 found.
 glProgramUniform1dv @ 412 found.
 glProgramUniform1ui @ 413 found.
 glProgramUniform1uiv @ 414 found.
 glProgramUniform2i @ 415 found.
 glProgramUniform2iv @ 416 found.
 glProgramUniform2f @ 417 found.
 glProgramUniform2fv @ 418 found.
 glProgramUniform2d @ 419 found.
 glProgramUniform2dv @ 420 found.
 glProgramUniform2ui @ 421 found.
 glProgramUniform2uiv @ 422 found.
 glProgramUniform3i @ 423 found.
 glProgramUniform3iv @ 424 found.
 glProgramUniform3f @ 425 found.
 glProgramUniform3fv @ 426 found.
 glProgramUniform3d @ 427 found.
 glProgramUniform3dv @ 428 found.
 glProgramUniform3ui @ 429 found.
 glProgramUniform3uiv @ 430 found.
 glProgramUniform4i @ 431 found.
 glProgramUniform4iv @ 432 found.
 glProgramUniform4f @ 433 found.
 glProgramUniform4fv @ 434 found.
 glProgramUniform4d @ 435 found.
 glProgramUniform4dv @ 436 found.
 glProgramUniform4ui @ 437 found.
 glProgramUniform4uiv @ 438 found.
 glProgramUniformMatrix2fv @ 439 found.
 glProgramUniformMatrix3fv @ 440 found.
 glProgramUniformMatrix4fv @ 441 found.
 glProgramUniformMatrix2dv @ 442 found.
 glProgramUniformMatrix3dv @ 443 found.
 glProgramUniformMatrix4dv @ 444 found.
 glProgramUniformMatrix2x3fv @ 445 found.
 glProgramUniformMatrix3x2fv @ 446 found.
 glProgramUniformMatrix2x4fv @ 447 found.
 glProgramUniformMatrix4x2fv @ 448 found.
 glProgramUniformMatrix3x4fv @ 449 found.
 glProgramUniformMatrix4x3fv @ 450 found.
 glProgramUniformMatrix2x3dv @ 451 found.
 glProgramUniformMatrix3x2dv @ 452 found.
 glProgramUniformMatrix2x4dv @ 453 found.
 glProgramUniformMatrix4x2dv @ 454 found.
 glProgramUniformMatrix3x4dv @ 455 found.
 glProgramUniformMatrix4x3dv @ 456 found.
 glValidateProgramPipeline @ 457 found.
 glGetProgramPipelineInfoLog @ 458 found.
 glVertexAttribL1d @ 459 found.
 glVertexAttribL2d @ 460 found.
 glVertexAttribL3d @ 461 found.
 glVertexAttribL4d @ 462 found.
 glVertexAttribL1dv @ 463 found.
 glVertexAttribL2dv @ 464 found.
 glVertexAttribL3dv @ 465 found.
 glVertexAttribL4dv @ 466 found.
 glVertexAttribLPointer @ 467 found.
 glGetVertexAttribLdv @ 468 found.
 glViewportArrayv @ 469 found.
 glViewportIndexedf @ 470 found.
 glViewportIndexedfv @ 471 found.
 glScissorArrayv @ 472 found.
 glScissorIndexed @ 473 found.
 glScissorIndexedv @ 474 found.
 glDepthRangeArrayv @ 475 found.
 glDepthRangeIndexed @ 476 found.
 glGetFloati_v @ 477 found.
 glGetDoublei_v @ 478 found.
 glDrawArraysInstancedBaseInstance @ 479 found.
 glDrawElementsInstancedBaseInstance @ 480 found.
 glDrawElementsInstancedBaseVertexBaseInstance @ 481 found.
 glGetInternalformativ @ 482 found.
 glGetActiveAtomicCounterBufferiv @ 483 found.
 glBindImageTexture @ 484 found.
 glMemoryBarrier @ 485 found.
 glTexStorage1D @ 486 found.
 glTexStorage2D @ 487 found.
 glTexStorage3D @ 488 found.
 glDrawTransformFeedbackInstanced @ 489 found.
 glDrawTransformFeedbackStreamInstanced @ 490 found.
 glDispatchCompute @ 493 found.
 glDispatchComputeIndirect @ 494 found.
 glFramebufferParameteri @ 496 found.
 glGetFramebufferParameteriv @ 497 found.
 glGetInternalformati64v @ 498 found.
 glInvalidateFramebuffer @ 503 found.
 glInvalidateSubFramebuffer @ 504 found.
 glMultiDrawArraysIndirect @ 505 found.
 glMultiDrawElementsIndirect @ 506 found.
 glGetProgramInterfaceiv @ 507 found.
 glGetProgramResourceIndex @ 508 found.
 glGetProgramResourceName @ 509 found.
 glGetProgramResourceiv @ 510 found.
 glGetProgramResourceLocation @ 511 found.
 glGetProgramResourceLocationIndex @ 512 found.
 glShaderStorageBlockBinding @ 513 found.
 glTexBufferRange @ 514 found.
 glTexStorage2DMultisample @ 515 found.
 glTexStorage3DMultisample @ 516 found.
 glBindVertexBuffer @ 518 found.
 glVertexAttribFormat @ 519 found.
 glVertexAttribIFormat @ 520 found.
 glVertexAttribLFormat @ 521 found.
 glVertexAttribBinding @ 522 found.
 glVertexBindingDivisor @ 523 found.
 glDebugMessageControl @ 524 found.
 glDebugMessageInsert @ 525 found.
 glDebugMessageCallback @ 526 found.
 glGetDebugMessageLog @ 527 found.
 glPushDebugGroup @ 528 found.
 glPopDebugGroup @ 529 found.
 glObjectLabel @ 530 found.
 glGetObjectLabel @ 531 found.
 glObjectPtrLabel @ 532 found.
 glGetObjectPtrLabel @ 533 found.
 glBufferStorage @ 534 found.
 glClipControl @ 543 found.
 glNamedBufferStorage @ 551 found.
 glTextureBufferRange @ 589 found.
 glTextureParameteri @ 606 found.
 glMemoryBarrierByRegion @ 641 found.
 glGetGraphicsResetStatus @ 644 found.
 glGetnCompressedTexImage @ 645 found.
 glGetnTexImage @ 646 found.
 glGetnUniformdv @ 647 found.
 glGetnUniformfv @ 648 found.
 glGetnUniformiv @ 649 found.
 glGetnUniformuiv @ 650 found.
 glReadnPixels @ 651 found.
New draw driver registered.
Name: Truecolor Advanced Raster Graphics Automation
Author: SIGMA Technology Group
Version: 0.7.2
Note: 
           :::::::::::     :::     :::::::::   ::::::::      :::               
               :+:       :+: :+:   :+:    :+: :+:    :+:   :+: :+:             
               +:+      +:+   +:+  +:+    +:+ +:+         +:+   +:+            
               +#+     +#++:++#++: +#++:++#:  :#:        +#++:++#++:           
               +#+     +#+     +#+ +#+    +#+ +#+   +#+# +#+     +#+           
               #+#     #+#     #+# #+#    #+# #+#    #+# #+#     #+#           
               ###     ###     ### ###    ###  ########  ###     ###           
                                                                               
                  S I G M A   T E C H N O L O G Y   G R O U P                  
                                                                               
                               Public Test Build                               
                           (c) 2017 Federacao SIGMA                            
                                www.sigmaco.org                                
                                                                               
 Loading draw ICDs...
 afxModule.c:93?AfxAcquireModules(uri=e2draw.icd)
 afxModule.c:93?AfxAcquireModules(uri=e2newton.icd)
 afxClass<afxModule>::AllocateObjects(1, 0047e864, 0047e7c0)
 afxClass<afxModule>::BuildObjects(1, 0047e864, 0047e868)
 afxClass<afxModule>::ConstructObject(0099ad40)
 afxModule.c:170?_AfxMdleCtor(uri:e2newton.icd)
 afxDrawThread.c:63?AfxAcquireDrawThreads(spec=00000000,cnt=2)
 afxClass<afxDrawThread>::AllocateObjects(1, 0047eb10, 0047e9e4)
 afxClass<afxDrawThread>::BuildObjects(1, 0047eb10, 00000000)
 afxClass<afxDrawThread, afxThread>ConstructingObject(02361150)
 afxClass<afxThread>::ConstructObject(02361150)
 afxThread.c:1181?_AfxThrCtor(02361150)
 afxClass<afxDrawThread>::ConstructObject(02361150)
 afxDrawThread.c:156?_AfxDthrCtor(dthr=02361150)
 afxClass<afxDrawThread>::AllocateObjects(1, 0047eb14, 0047e9e4)
 afxClass<afxDrawThread>::BuildObjects(1, 0047eb14, 00000000)
 afxClass<afxDrawThread, afxThread>ConstructingObject(022f7ad0)
 afxClass<afxThread>::ConstructObject(022f7ad0)
 afxThread.c:1181?_AfxThrCtor(022f7ad0)
 afxClass<afxDrawThread>::ConstructObject(022f7ad0)
 afxDrawThread.c:156?_AfxDthrCtor(dthr=022f7ad0)
 afxThread.c:1056?AfxSetThreadAffinity(thr=02361150)
 afxThread.c:1067?AfxRunThread(thr=02361150)
 afxThread.c:1056?AfxSetThreadAffinity(thr=022f7ad0)
 afxThread.c:1067?AfxRunThread(thr=022f7ad0)
 afxDrawContext.c:550?AfxAcquireDrawContexts(spec=0047ef28,cnt=1)
 afxClass<afxDrawContext>::AllocateObjects(1, 00045038, 0047ee5c)
 afxClass<afxDrawContext>::BuildObjects(1, 00045038, 0047ef28)
 afxClass<afxDrawContext>::ConstructObject(02f03d00)
 afxDrawContext.c:629?_AfxDctxCtor(dctx=02f03d00)
 afxArena.c:767?AfxAcquireArena(aren=02f04598)
 afxArena.c:768?AfxAcquireArena(spec=00000000,hint="afxDrawContext.c:648!_AfxDctxCtor")
 afxClass<afxBuffer>::Mount(02f04054, 02f03d40, 00000000, 77fc92c0)
 afxClass<afxVertexBuffer>::Mount(02f04114, 02f03d40, 02f04054, 77fca974)
 afxClass<afxIndexBuffer>::Mount(02f041d4, 02f03d40, 02f04054, 77fc958c)
 afxClass<afxSampler>::Mount(02f04294, 02f03d40, 00000000, 77fc998c)
 afxClass<afxTexture>::Mount(02f04354, 02f03d40, 00000000, 77fca150)
 afxClass<afxSurface>::Mount(02f04414, 02f03d40, 02f04354, 77fc9fd4)
 afxClass<afxShader>::Mount(02f044d4, 02f03d40, 00000000, 77fc9bac)
 afxClass<afxLego>::Mount(02f03ed4, 02f03d40, 00000000, 77fc8bb4)
 afxClass<afxCanvas>::Mount(02f03d54, 02f03d40, 00000000, 77fc8130)
 afxClass<afxPipeline>::Mount(02f03e14, 02f03d40, 00000000, 77fc8e08)
 afxClass<afxDrawOperation>::Mount(02f03f94, 02f03d40, 00000000, 77fc85b0)
 sglDrawContext.c:272?_SglDdrvVmtDctxCb(dctx=02f03d00)
 Uploading draw operation 'data/pipeline/rgbaToRgba.xml'
 afxXml.c:976?AfxLoadXml(uri:data/pipeline/rgbaToRgba.xml)
 afxFile.c:344?AfxOpenFile(00000001,data/pipeline/rgbaToRgba.xml)
 afxClass<afxFile>::AllocateObjects(1, 0047e0f4, 0047e104)
 afxClass<afxFile>::BuildObjects(1, 0047e0f4, 0047e0ec)
 afxClass<afxFile>::ConstructObject(02309320)
 afxStream.c:600?AfxAcquireStream(ios=02309354,flags=1,start=00000000,len=0)
 afxClass<afxFile>::DismantleObjects(1, 0047e144)
 Destructing instance 02309320 of afxFile class.
 afxClass<afxFile>::DeallocateObjects(1, 0047e144)
 afxClass<afxDrawOperation>::AllocateObjects(1, 00999a28, 0047e13c)
 afxClass<afxDrawOperation>::BuildObjects(1, 00999a28, 0047e3c0)
 afxClass<afxDrawOperation>::ConstructObject(02ef8970)
 afxDrawOperation.c:659?_AfxDopCtor(dop=02ef8970)
 afxPipeline.c:380?AfxBuildPipelines(dctx=02f03d00)
 afxClass<afxPipeline>::AllocateObjects(1, 02f064a8, 0047dae4)
 afxClass<afxPipeline>::BuildObjects(1, 02f064a8, 0047dbd8)
 afxClass<afxPipeline>::ConstructObject(0099a860)
 afxPipeline.c:452?_AfxPipCtor(pip=0099a860)
 afxShader.c:550?AfxAcquireShaders(cnt=1,uri=02f05400,shd=0047d548)
 Uploading shader 'data/pipeline/rgbaToRgba.xml?vs'
 afxXml.c:976?AfxLoadXml(uri:data/pipeline/rgbaToRgba.xml)
 afxFile.c:344?AfxOpenFile(00000001,data/pipeline/rgbaToRgba.xml)
 afxClass<afxFile>::AllocateObjects(1, 0047cdc8, 0047cdd8)
 afxClass<afxFile>::BuildObjects(1, 0047cdc8, 0047cdc0)
 afxClass<afxFile>::ConstructObject(0099ab30)
 afxStream.c:600?AfxAcquireStream(ios=0099ab64,flags=1,start=00000000,len=0)
 afxClass<afxFile>::DismantleObjects(1, 0047ce18)
 Destructing instance 0099ab30 of afxFile class.
 afxClass<afxFile>::DeallocateObjects(1, 0047ce18)
 afxFile.c:364?AfxOpenReadableFile(data/pipeline/stdEnv.inc)
 afxClass<afxFile>::AllocateObjects(1, 0047cbb4, 0047cbc4)
 afxClass<afxFile>::BuildObjects(1, 0047cbb4, 0047cbac)
 afxClass<afxFile>::ConstructObject(0099ab30)
 afxStream.c:600?AfxAcquireStream(ios=0099ab64,flags=5,start=00000000,len=0)
 afxClass<afxFile>::DismantleObjects(1, 0047cc04)
 Destructing instance 0099ab30 of afxFile class.
 afxClass<afxFile>::DeallocateObjects(1, 0047cc04)
 afxShader.c:397?AfxBuildShaders(cnt=1,blueprint=0047d114,shd=0047d548)
 afxClass<afxShader>::AllocateObjects(1, 0047d548, 0047ce10)
 afxClass<afxShader>::BuildObjects(1, 0047d548, 0047d114)
 afxClass<afxShader>::ConstructObject(0099ab30)
 afxShader.c:660?_AfxShdCtor(shd=0099ab30)
 #version 330 core // QWADRO. Engineered by SIGMA Technology Group.

#define afxInt int
#define afxNat uint

#define afxReal float

#define afxV2d vec2
#define afxV3d vec3
#define afxV4d vec4

#define afxM2d mat2
#define afxM3d mat3
#define afxM4d mat4

        
        layout(location = 0) in vec2 a_xy;

        out block
        {
            vec2 uv0;
        } sgl_v;

        void main()
        {
            gl_Position = vec4(a_xy, 0.0, 1.0);
            sgl_v.uv0 = vec2(gl_Position.xy * 0.5 + 0.5).xy;
        }
       
 sglShader.c:134?_AfxShdCtor(shd=0099ab30)
 afxObject<0099ab30>::InstallEventFilter(0099a860)
 afxShader.c:550?AfxAcquireShaders(cnt=1,uri=02f05490,shd=0047d548)
 Uploading shader 'data/pipeline/rgbaToRgba.xml?fs'
 afxXml.c:976?AfxLoadXml(uri:data/pipeline/rgbaToRgba.xml)
 afxFile.c:344?AfxOpenFile(00000001,data/pipeline/rgbaToRgba.xml)
 afxClass<afxFile>::AllocateObjects(1, 0047cdc8, 0047cdd8)
 afxClass<afxFile>::BuildObjects(1, 0047cdc8, 0047cdc0)
 afxClass<afxFile>::ConstructObject(02f05530)
 afxStream.c:600?AfxAcquireStream(ios=02f05564,flags=1,start=00000000,len=0)
 afxClass<afxFile>::DismantleObjects(1, 0047ce18)
 Destructing instance 02f05530 of afxFile class.
 afxClass<afxFile>::DeallocateObjects(1, 0047ce18)
 afxFile.c:364?AfxOpenReadableFile(data/pipeline/stdEnv.inc)
 afxClass<afxFile>::AllocateObjects(1, 0047cbb4, 0047cbc4)
 afxClass<afxFile>::BuildObjects(1, 0047cbb4, 0047cbac)
 afxClass<afxFile>::ConstructObject(02efb380)
 afxStream.c:600?AfxAcquireStream(ios=02efb3b4,flags=5,start=00000000,len=0)
 afxClass<afxFile>::DismantleObjects(1, 0047cc04)
 Destructing instance 02efb380 of afxFile class.
 afxClass<afxFile>::DeallocateObjects(1, 0047cc04)
 afxShader.c:397?AfxBuildShaders(cnt=1,blueprint=0047d114,shd=0047d548)
 afxClass<afxShader>::AllocateObjects(1, 0047d548, 0047ce10)
 afxClass<afxShader>::BuildObjects(1, 0047d548, 0047d114)
 afxClass<afxShader>::ConstructObject(02efb380)
 afxShader.c:660?_AfxShdCtor(shd=02efb380)
 #version 330 core // QWADRO. Engineered by SIGMA Technology Group.

#define afxInt int
#define afxNat uint

#define afxReal float

#define afxV2d vec2
#define afxV3d vec3
#define afxV4d vec4

#define afxM2d mat2
#define afxM3d mat3
#define afxM4d mat4

        
        uniform sampler2D samp;

        in block
        {
            vec2 uv0;
        } sgl_v;

        out vec4 sgl_rgba;

        void main()
        {
            sgl_rgba = texture(samp, sgl_v.uv0);
        }
       
 sglShader.c:134?_AfxShdCtor(shd=02efb380)
 afxObject<02efb380>::InstallEventFilter(0099a860)
 afxLego.c:218?AfxBuildLegos(dctx=02f03d00)
 ERR afxDrawContext.c:184?AfxGetLegoClass
    
 ERR afxDrawContext.c:184?AfxGetLegoClass
    (var_)
    Invalid
 afxClass<afxLego>::AllocateObjects(1, 02efa114, 0047d390)
 afxClass<afxLego>::BuildObjects(1, 02efa114, 0047d704)
 afxClass<afxLego>::ConstructObject(02f05530)
 afxLego.c:275?_AfxLegtCtor(legt=02f05530)
 sglPipeline.c:293?_AfxPipCtor(pip=0099a860)
 afxPipeline.c:380?AfxBuildPipelines(dctx=02f03d00)
 afxClass<afxPipeline>::AllocateObjects(1, 02f06508, 0047dae4)
 afxClass<afxPipeline>::BuildObjects(1, 02f06508, 0047dbd8)
 afxClass<afxPipeline>::ConstructObject(02f809d0)
 afxPipeline.c:452?_AfxPipCtor(pip=02f809d0)
 afxShader.c:550?AfxAcquireShaders(cnt=1,uri=02f05400,shd=0047d548)
 Uploading shader 'data/pipeline/rgbaToRgba.xml?vsFlippedY'
 afxXml.c:976?AfxLoadXml(uri:data/pipeline/rgbaToRgba.xml)
 afxFile.c:344?AfxOpenFile(00000001,data/pipeline/rgbaToRgba.xml)
 afxClass<afxFile>::AllocateObjects(1, 0047cdc8, 0047cdd8)
 afxClass<afxFile>::BuildObjects(1, 0047cdc8, 0047cdc0)
 afxClass<afxFile>::ConstructObject(009995b0)
 afxStream.c:600?AfxAcquireStream(ios=009995e4,flags=1,start=00000000,len=0)
 afxClass<afxFile>::DismantleObjects(1, 0047ce18)
 Destructing instance 009995b0 of afxFile class.
 afxClass<afxFile>::DeallocateObjects(1, 0047ce18)
 afxFile.c:364?AfxOpenReadableFile(data/pipeline/stdEnv.inc)
 afxClass<afxFile>::AllocateObjects(1, 0047cbb4, 0047cbc4)
 afxClass<afxFile>::BuildObjects(1, 0047cbb4, 0047cbac)
 afxClass<afxFile>::ConstructObject(009995b0)
 afxStream.c:600?AfxAcquireStream(ios=009995e4,flags=5,start=00000000,len=0)
 afxClass<afxFile>::DismantleObjects(1, 0047cc04)
 Destructing instance 009995b0 of afxFile class.
 afxClass<afxFile>::DeallocateObjects(1, 0047cc04)
 afxShader.c:397?AfxBuildShaders(cnt=1,blueprint=0047d114,shd=0047d548)
 afxClass<afxShader>::AllocateObjects(1, 0047d548, 0047ce10)
 afxClass<afxShader>::BuildObjects(1, 0047d548, 0047d114)
 afxClass<afxShader>::ConstructObject(02f80ef0)
 afxShader.c:660?_AfxShdCtor(shd=02f80ef0)
 #version 330 core // QWADRO. Engineered by SIGMA Technology Group.

#define afxInt int
#define afxNat uint

#define afxReal float

#define afxV2d vec2
#define afxV3d vec3
#define afxV4d vec4

#define afxM2d mat2
#define afxM3d mat3
#define afxM4d mat4

        
        const mat4 m = mat4(1, 0, 0, 0, 0, -1, 0, 0, 0, 0, 1, 0, 0, 0, 0, 1);
        
        layout(location = 0) in vec2 a_xy;
        
        out block
        {
            vec2 uv0;
        } sgl_v;

        void main()
        {
            gl_Position = vec4(a_xy, 0.0, 1.0);
            sgl_v.uv0 = vec2(m * vec4(gl_Position.xy * 0.5 + 0.5, 0, 1)).xy;
        }
       
 sglShader.c:134?_AfxShdCtor(shd=02f80ef0)
 afxObject<02f80ef0>::InstallEventFilter(02f809d0)
 afxShader.c:550?AfxAcquireShaders(cnt=1,uri=02f055c0,shd=0047d548)
 Uploading shader 'data/pipeline/rgbaToRgba.xml?fs'
 afxXml.c:976?AfxLoadXml(uri:data/pipeline/rgbaToRgba.xml)
 afxFile.c:344?AfxOpenFile(00000001,data/pipeline/rgbaToRgba.xml)
 afxClass<afxFile>::AllocateObjects(1, 0047cdc8, 0047cdd8)
 afxClass<afxFile>::BuildObjects(1, 0047cdc8, 0047cdc0)
 afxClass<afxFile>::ConstructObject(009995b0)
 afxStream.c:600?AfxAcquireStream(ios=009995e4,flags=1,start=00000000,len=0)
 afxClass<afxFile>::DismantleObjects(1, 0047ce18)
 Destructing instance 009995b0 of afxFile class.
 afxClass<afxFile>::DeallocateObjects(1, 0047ce18)
 afxFile.c:364?AfxOpenReadableFile(data/pipeline/stdEnv.inc)
 afxClass<afxFile>::AllocateObjects(1, 0047cbb4, 0047cbc4)
 afxClass<afxFile>::BuildObjects(1, 0047cbb4, 0047cbac)
 afxClass<afxFile>::ConstructObject(009995b0)
 afxStream.c:600?AfxAcquireStream(ios=009995e4,flags=5,start=00000000,len=0)
 afxClass<afxFile>::DismantleObjects(1, 0047cc04)
 Destructing instance 009995b0 of afxFile class.
 afxClass<afxFile>::DeallocateObjects(1, 0047cc04)
 afxShader.c:397?AfxBuildShaders(cnt=1,blueprint=0047d114,shd=0047d548)
 afxClass<afxShader>::AllocateObjects(1, 0047d548, 0047ce10)
 afxClass<afxShader>::BuildObjects(1, 0047d548, 0047d114)
 afxClass<afxShader>::ConstructObject(02f050d0)
 afxShader.c:660?_AfxShdCtor(shd=02f050d0)
 #version 330 core // QWADRO. Engineered by SIGMA Technology Group.

#define afxInt int
#define afxNat uint

#define afxReal float

#define afxV2d vec2
#define afxV3d vec3
#define afxV4d vec4

#define afxM2d mat2
#define afxM3d mat3
#define afxM4d mat4

        
        uniform sampler2D samp;

        in block
        {
            vec2 uv0;
        } sgl_v;

        out vec4 sgl_rgba;

        void main()
        {
            sgl_rgba = texture(samp, sgl_v.uv0);
        }
       
 sglShader.c:134?_AfxShdCtor(shd=02f050d0)
 afxObject<02f050d0>::InstallEventFilter(02f809d0)
 afxLego.c:218?AfxBuildLegos(dctx=02f03d00)
 ERR afxDrawContext.c:184?AfxGetLegoClass
    
 ERR afxDrawContext.c:184?AfxGetLegoClass
    (var_)
    Invalid
 afxClass<afxLego>::AllocateObjects(1, 02efa354, 0047d390)
 afxClass<afxLego>::BuildObjects(1, 02efa354, 0047d704)
 afxClass<afxLego>::ConstructObject(00999640)
 afxLego.c:275?_AfxLegtCtor(legt=00999640)
 sglPipeline.c:293?_AfxPipCtor(pip=02f809d0)
 afxSampler.c:53?AfxAcquireSamplers(cnt=1,spec=0047e8f0,spec=00999a2c)
 afxClass<afxSampler>::AllocateObjects(1, 00999a2c, 0047e5f0)
 afxClass<afxSampler>::BuildObjects(1, 00999a2c, 0047e8f0)
 afxClass<afxSampler>::ConstructObject(02f05400)
 afxSampler.c:111?_AfxSampCtor(samp=02f05400)
 sglSampler.c:143?_AfxSmpCtor(smp=02f05400)
 afxClass<afxVertexBuffer>::AllocateObjects(1, 00999a30, 0047e644)
 afxClass<afxVertexBuffer>::BuildObjects(1, 00999a30, 0047e61c)
 afxClass<afxVertexBuffer, afxBuffer>ConstructingObject(02309320)
 afxClass<afxBuffer>::ConstructObject(02309320)
 afxBuffer.c:247?_AfxBufCtor(buf=02309320)
 sglBuffer.c:329?_SglBufCtor(buf=02309320)
 afxClass<afxVertexBuffer>::ConstructObject(02309320)
 afxVertexBuffer.c:446?_AfxVbufCtor(vbuf=02309320)
 afxDrawQueue.c:314?AfxAcquireDrawQueues(ddrv=008d76c0,spec=0047ea6c,cnt=1)
 afxClass<afxDrawQueue>::AllocateObjects(1, 0235c840, 0047e96c)
 afxClass<afxDrawQueue>::BuildObjects(1, 0235c840, 0047ea6c)
 afxClass<afxDrawQueue>::ConstructObject(009996e0)
 afxDrawQueue.c:385?_AfxDqueCtor(dque=009996e0)
 afxArena.c:767?AfxAcquireArena(aren=00999764)
 afxArena.c:768?AfxAcquireArena(spec=00000000,hint="afxDrawQueue.c:404!_AfxDqueCtor")
 sglDrawQueue.c:1707?_SglDdrvVmtDqueCb(dque=009996e0)
 afxApplication.c:243?AfxAcquireApplications(spec=0047ef04,cnt=1)
 afxClass<afxApplication>::AllocateObjects(1, 0047ef24, 0047ee74)
 afxClass<afxApplication>::BuildObjects(1, 0047ef24, 0047ef04)
 afxClass<afxApplication, afxThread>ConstructingObject(03035fa0)
 afxClass<afxThread>::ConstructObject(03035fa0)
 afxThread.c:1181?_AfxThrCtor(03035fa0)
 afxClass<afxApplication>::ConstructObject(03035fa0)
 afxApplication.c:331?_AfxAppCtor(app=03035fa0)
 afxMouse.c:273?AfxAcquireMouses(port=0)
 afxClass<afxMouse>::AllocateObjects(1, 03036200, 0047ea64)
 afxClass<afxMouse>::BuildObjects(1, 03036200, 0047ea54)
 afxClass<afxMouse, afxHid>ConstructingObject(02f87340)
 afxClass<afxHid>::ConstructObject(02f87340)
 afxHid.c:226?_AfxHidCtor(hid=02f87340)
 afxClass<afxMouse>::ConstructObject(02f87340)
 afxMouse.c:335?_AfxMseCtor(mse=02f87340)
 afxDrawInput.c:252?AfxAcquireDrawInputs(spec=0047eb00,cnt=1)
 afxClass<afxDrawInput>::AllocateObjects(1, 03036224, 0047ea5c)
 afxClass<afxDrawInput>::BuildObjects(1, 03036224, 0047eb00)
 afxClass<afxDrawInput>::ConstructObject(02f9be40)
 afxDrawInput.c:336?_AfxDinCtor(din=02f9be40)
 afxClass<afxWidget>::Mount(0303607c, 03036068, 00000000, 77fcc520)
 afxClass<afxSimulation>::Mount(0303613c, 03036068, 00000000, 77fccdb8)
 afxApplication.c:194?AfxRunApplication(app=03035fa0)
 afxThread.c:1067?AfxRunThread(thr=03035fa0)
 mmplayer.c:99?AfxEnterApplication(app=03035fa0)
 Uploading texture 'art/world.tga'
 afxFile.c:344?AfxOpenFile(00000001,art/world.tga)
 afxClass<afxFile>::AllocateObjects(1, 0047e260, 0047e270)
 afxClass<afxFile>::BuildObjects(1, 0047e260, 0047e258)
 afxClass<afxFile>::ConstructObject(030362b0)
 afxStream.c:600?AfxAcquireStream(ios=030362e4,flags=1,start=00000000,len=0)
 ADV afxTexture.c:69?AfxAcquireTextureBlueprint
    texb->fcc == AFX_FCC_TEXB
 afxTexture.c:832?AfxBuildTextures(cnt=1,blueprint=0047e330,tex=0004501c)
 afxClass<afxTexture>::AllocateObjects(1, 0004501c, 0047e238)
 afxClass<afxTexture>::BuildObjects(1, 0004501c, 0047e330)
 afxClass<afxTexture>::ConstructObject(02f87420)
 afxTexture.c:1023?_AfxTexCtor(tex=02f87420)
 sglTexture.c:987?_SglTexCtor(tex=02f87420)
 afxClass<afxFile>::DismantleObjects(1, 0047e2b0)
 Destructing instance 030362b0 of afxFile class.
 afxClass<afxFile>::DeallocateObjects(1, 0047e2b0)
 afxFile.c:344?AfxOpenFile(00000002,tmp/world2.tga)
 afxClass<afxFile>::AllocateObjects(1, 0047e6e0, 0047e6f0)
 afxClass<afxFile>::BuildObjects(1, 0047e6e0, 0047e6d8)
 afxClass<afxFile>::ConstructObject(030362b0)
 afxStream.c:600?AfxAcquireStream(ios=030362e4,flags=2,start=00000000,len=0)
 afxClass<afxFile>::DismantleObjects(1, 0047e730)
 Destructing instance 030362b0 of afxFile class.
 afxClass<afxFile>::DeallocateObjects(1, 0047e730)
 afxClass<afxTexture>::DismantleObjects(1, 0047eaf0)
 Destructing instance 02f87420 of afxTexture class.
 afxTexture.c:1002?_AfxTexDtor(tex=02f87420)
 sglTexture.c:954?_SglTexDtor(img=02f87420)
 afxClass<afxTexture>::DeallocateObjects(1, 0047eaf0)
 afxDrawOutput.c:462?AfxAcquireDrawOutputs(spec=0047ebf0,cnt=1)
 afxClass<afxDrawOutput>::AllocateObjects(1, 00045020, 0047eaa8)
 afxClass<afxDrawOutput>::BuildObjects(1, 00045020, 0047ebf0)
 afxClass<afxDrawOutput>::ConstructObject(030362b0)
 afxDrawOutput.c:550?_AfxDoutCtor(dout=030362b0)
 sglDrawOutput.c:235?_SglDdrvVmtDoutCb(dout=030362b0,uri=)
 afxDrawOutput.c:307?AfxRegenerateDrawOutputBuffers(dout=030362b0)
 Draw output (030362b0) extent readjusted to 960x540; 0.500000%:0.500000% of 1920x1080.
 afxDrawOutput.c:307?AfxRegenerateDrawOutputBuffers(dout=030362b0)
 Draw output (030362b0) extent readjusted to 952x513; 0.495833%:0.475000% of 1920x1080.
 afxDrawOutput.c:307?AfxRegenerateDrawOutputBuffers(dout=030362b0)
 afxSurface.c:52?AfxAcquireSurface(fmt=12,whd=[952,513,1],usage=16)
 ADV afxTexture.c:69?AfxAcquireTextureBlueprint
    texb->fcc == AFX_FCC_TEXB
 afxClass<afxSurface>::AllocateObjects(1, 0047e498, 0047e4b4)
 afxClass<afxSurface>::BuildObjects(1, 0047e498, 0047e4c0)
 afxClass<afxSurface, afxTexture>ConstructingObject(02f7f600)
 afxClass<afxTexture>::ConstructObject(02f7f600)
 afxTexture.c:1023?_AfxTexCtor(tex=02f7f600)
 sglTexture.c:987?_SglTexCtor(tex=02f7f600)
 afxClass<afxSurface>::ConstructObject(02f7f600)
 afxSurface.c:130?_AfxSurfCtor(surf=02f7f600)
 sglSurface.c:114?_AfxSurfCtor(surf=02f7f600)
 afxSurface.c:52?AfxAcquireSurface(fmt=12,whd=[952,513,1],usage=16)
 ADV afxTexture.c:69?AfxAcquireTextureBlueprint
    texb->fcc == AFX_FCC_TEXB
 afxClass<afxSurface>::AllocateObjects(1, 0047e498, 0047e4b4)
 afxClass<afxSurface>::BuildObjects(1, 0047e498, 0047e4c0)
 afxClass<afxSurface, afxTexture>ConstructingObject(02f7f6f0)
 afxClass<afxTexture>::ConstructObject(02f7f6f0)
 afxTexture.c:1023?_AfxTexCtor(tex=02f7f6f0)
 sglTexture.c:987?_SglTexCtor(tex=02f7f6f0)
 afxClass<afxSurface>::ConstructObject(02f7f6f0)
 afxSurface.c:130?_AfxSurfCtor(surf=02f7f6f0)
 sglSurface.c:114?_AfxSurfCtor(surf=02f7f6f0)
 afxCanvas.c:253?AfxBuildCanvases(dctx=02f03d00,cnt=1,blueprint=0047e9b0,canv=0004503c)
 afxClass<afxCanvas>::AllocateObjects(1, 0004503c, 0047e89c)
 afxClass<afxCanvas>::BuildObjects(1, 0004503c, 0047e9b0)
 afxClass<afxCanvas>::ConstructObject(02f7f7f0)
 afxCanvas.c:379?_AfxCanvCtor(canv=02f7f7f0)
 sglCanvas.c:372?_AfxCanvCtor(canv=02f7f7f0)
 afxObject<02f7f600>::InstallEventFilter(02f7f7f0)
 afxObject<030362b0>::InstallEventFilter(02f7f7f0)
 afxCanvas.c:253?AfxBuildCanvases(dctx=02f03d00,cnt=1,blueprint=0047e9b0,canv=00045040)
 afxClass<afxCanvas>::AllocateObjects(1, 00045040, 0047e89c)
 afxClass<afxCanvas>::BuildObjects(1, 00045040, 0047e9b0)
 afxClass<afxCanvas>::ConstructObject(02f7f8b0)
 afxCanvas.c:379?_AfxCanvCtor(canv=02f7f8b0)
 sglCanvas.c:372?_AfxCanvCtor(canv=02f7f8b0)
 afxObject<02f7f6f0>::InstallEventFilter(02f7f8b0)
 afxObject<030362b0>::InstallEventFilter(02f7f8b0)
 afxDrawInput.c:252?AfxAcquireDrawInputs(spec=0047eb60,cnt=1)
 afxClass<afxDrawInput>::AllocateObjects(1, 0004502c, 0047eaa8)
 afxClass<afxDrawInput>::BuildObjects(1, 0004502c, 0047eb60)
 afxClass<afxDrawInput>::ConstructObject(02f7f970)
 afxDrawInput.c:336?_AfxDinCtor(din=02f7f970)
 afxModule.c:93?AfxAcquireModules(uri=binkw32.dll)
 afxClass<afxModule>::AllocateObjects(1, 00045334, 0047e7cc)
 afxClass<afxModule>::BuildObjects(1, 00045334, 0047e8a4)
 afxClass<afxModule>::ConstructObject(02f055c0)
 afxModule.c:170?_AfxMdleCtor(uri:binkw32.dll)
 afxSampler.c:53?AfxAcquireSamplers(cnt=1,spec=0047ea70,spec=0004540c)
 afxClass<afxSampler>::AllocateObjects(1, 0004540c, 0047e750)
 afxClass<afxSampler>::BuildObjects(1, 0004540c, 0047ea70)
 afxClass<afxSampler>::ConstructObject(02f7fb60)
 afxSampler.c:111?_AfxSampCtor(samp=02f7fb60)
 sglSampler.c:143?_AfxSmpCtor(smp=02f7fb60)
 Uploading draw operation 'data/pipeline/yv12ToRgba.xml'
 afxXml.c:976?AfxLoadXml(uri:data/pipeline/yv12ToRgba.xml)
 afxFile.c:344?AfxOpenFile(00000001,data/pipeline/yv12ToRgba.xml)
 afxClass<afxFile>::AllocateObjects(1, 0047e254, 0047e264)
 afxClass<afxFile>::BuildObjects(1, 0047e254, 0047e24c)
 afxClass<afxFile>::ConstructObject(030640e0)
 afxStream.c:600?AfxAcquireStream(ios=03064114,flags=1,start=00000000,len=0)
 afxClass<afxFile>::DismantleObjects(1, 0047e2a4)
 Destructing instance 030640e0 of afxFile class.
 afxClass<afxFile>::DeallocateObjects(1, 0047e2a4)
 afxClass<afxDrawOperation>::AllocateObjects(1, 00045408, 0047e29c)
 afxClass<afxDrawOperation>::BuildObjects(1, 00045408, 0047e520)
 afxClass<afxDrawOperation>::ConstructObject(0305f420)
 afxDrawOperation.c:659?_AfxDopCtor(dop=0305f420)
 afxPipeline.c:380?AfxBuildPipelines(dctx=02f03d00)
 afxClass<afxPipeline>::AllocateObjects(1, 030357a8, 0047dc44)
 afxClass<afxPipeline>::BuildObjects(1, 030357a8, 0047dd38)
 afxClass<afxPipeline>::ConstructObject(0305b6c0)
 afxPipeline.c:452?_AfxPipCtor(pip=0305b6c0)
 afxShader.c:550?AfxAcquireShaders(cnt=1,uri=030631a0,shd=0047d6a8)
 Uploading shader 'data/pipeline/yv12ToRgba.xml?vs'
 afxXml.c:976?AfxLoadXml(uri:data/pipeline/yv12ToRgba.xml)
 afxFile.c:344?AfxOpenFile(00000001,data/pipeline/yv12ToRgba.xml)
 afxClass<afxFile>::AllocateObjects(1, 0047cf28, 0047cf38)
 afxClass<afxFile>::BuildObjects(1, 0047cf28, 0047cf20)
 afxClass<afxFile>::ConstructObject(0305edf0)
 afxStream.c:600?AfxAcquireStream(ios=0305ee24,flags=1,start=00000000,len=0)
 afxClass<afxFile>::DismantleObjects(1, 0047cf78)
 Destructing instance 0305edf0 of afxFile class.
 afxClass<afxFile>::DeallocateObjects(1, 0047cf78)
 afxFile.c:364?AfxOpenReadableFile(data/pipeline/stdEnv.inc)
 afxClass<afxFile>::AllocateObjects(1, 0047cd14, 0047cd24)
 afxClass<afxFile>::BuildObjects(1, 0047cd14, 0047cd0c)
 afxClass<afxFile>::ConstructObject(0305bfe0)
 afxStream.c:600?AfxAcquireStream(ios=0305c014,flags=5,start=00000000,len=0)
 afxClass<afxFile>::DismantleObjects(1, 0047cd64)
 Destructing instance 0305bfe0 of afxFile class.
 afxClass<afxFile>::DeallocateObjects(1, 0047cd64)
 afxShader.c:397?AfxBuildShaders(cnt=1,blueprint=0047d274,shd=0047d6a8)
 afxClass<afxShader>::AllocateObjects(1, 0047d6a8, 0047cf70)
 afxClass<afxShader>::BuildObjects(1, 0047d6a8, 0047d274)
 afxClass<afxShader>::ConstructObject(0305bfe0)
 afxShader.c:660?_AfxShdCtor(shd=0305bfe0)
 #version 330 core // QWADRO. Engineered by SIGMA Technology Group.

#define afxInt int
#define afxNat uint

#define afxReal float

#define afxV2d vec2
#define afxV3d vec3
#define afxV4d vec4

#define afxM2d mat2
#define afxM3d mat3
#define afxM4d mat4

        
        layout(location = 0) in vec2 a_xy;

        out block
        {
            vec2 uv0;
        } sgl_v;

        void main()
        {
            gl_Position = vec4(a_xy, 0.0, 1.0);
            sgl_v.uv0 = vec2(gl_Position.xy * 0.5 + 0.5).xy;
        }
       
 sglShader.c:134?_AfxShdCtor(shd=0305bfe0)
 afxObject<0305bfe0>::InstallEventFilter(0305b6c0)
 afxShader.c:550?AfxAcquireShaders(cnt=1,uri=03063230,shd=0047d6a8)
 Uploading shader 'data/pipeline/yv12ToRgba.xml?fsSigma'
 afxXml.c:976?AfxLoadXml(uri:data/pipeline/yv12ToRgba.xml)
 afxFile.c:344?AfxOpenFile(00000001,data/pipeline/yv12ToRgba.xml)
 afxClass<afxFile>::AllocateObjects(1, 0047cf28, 0047cf38)
 afxClass<afxFile>::BuildObjects(1, 0047cf28, 0047cf20)
 afxClass<afxFile>::ConstructObject(0305edf0)
 afxStream.c:600?AfxAcquireStream(ios=0305ee24,flags=1,start=00000000,len=0)
 afxClass<afxFile>::DismantleObjects(1, 0047cf78)
 Destructing instance 0305edf0 of afxFile class.
 afxClass<afxFile>::DeallocateObjects(1, 0047cf78)
 afxFile.c:364?AfxOpenReadableFile(data/pipeline/stdEnv.inc)
 afxClass<afxFile>::AllocateObjects(1, 0047cd14, 0047cd24)
 afxClass<afxFile>::BuildObjects(1, 0047cd14, 0047cd0c)
 afxClass<afxFile>::ConstructObject(0305edf0)
 afxStream.c:600?AfxAcquireStream(ios=0305ee24,flags=5,start=00000000,len=0)
 afxClass<afxFile>::DismantleObjects(1, 0047cd64)
 Destructing instance 0305edf0 of afxFile class.
 afxClass<afxFile>::DeallocateObjects(1, 0047cd64)
 afxShader.c:397?AfxBuildShaders(cnt=1,blueprint=0047d274,shd=0047d6a8)
 afxClass<afxShader>::AllocateObjects(1, 0047d6a8, 0047cf70)
 afxClass<afxShader>::BuildObjects(1, 0047d6a8, 0047d274)
 afxClass<afxShader>::ConstructObject(0305edf0)
 afxShader.c:660?_AfxShdCtor(shd=0305edf0)
 #version 330 core // QWADRO. Engineered by SIGMA Technology Group.

#define afxInt int
#define afxNat uint

#define afxReal float

#define afxV2d vec2
#define afxV3d vec3
#define afxV4d vec4

#define afxM2d mat2
#define afxM3d mat3
#define afxM4d mat4

        
        uniform sampler2D samp0;
        uniform sampler2D samp1;
        uniform sampler2D samp2;
        
        in block
        {
            vec2 uv0;
        } sgl_v;

        out vec4 sgl_rgba;

        void main()
        {
            vec3 yuv;
            yuv.x = texture(samp0, sgl_v.uv0).r;
            yuv.y = texture(samp2, sgl_v.uv0).r - 0.5;
            yuv.z = texture(samp1, sgl_v.uv0).r - 0.5;
            
            vec3 rgb = mat3( 1, 1, 1, 0, -0.34414, 1.772, 1.402, -0.71414, 0) * yuv;
            sgl_rgba = vec4(rgb, 1);
        }
       
 sglShader.c:134?_AfxShdCtor(shd=0305edf0)
 afxObject<0305edf0>::InstallEventFilter(0305b6c0)
 afxLego.c:218?AfxBuildLegos(dctx=02f03d00)
 ERR afxDrawContext.c:184?AfxGetLegoClass
    
 ERR afxDrawContext.c:184?AfxGetLegoClass
    (var_)
    Invalid
 afxClass<afxLego>::AllocateObjects(1, 03035d44, 0047d4f0)
 afxClass<afxLego>::BuildObjects(1, 03035d44, 0047d864)
 afxClass<afxLego>::ConstructObject(0305b330)
 afxLego.c:275?_AfxLegtCtor(legt=0305b330)
 sglPipeline.c:293?_AfxPipCtor(pip=0305b6c0)
 afxClass<afxVertexBuffer>::AllocateObjects(1, 00045410, 0047e7a4)
 afxClass<afxVertexBuffer>::BuildObjects(1, 00045410, 0047e77c)
 afxClass<afxVertexBuffer, afxBuffer>ConstructingObject(030640e0)
 afxClass<afxBuffer>::ConstructObject(030640e0)
 afxBuffer.c:247?_AfxBufCtor(buf=030640e0)
 sglBuffer.c:329?_SglBufCtor(buf=030640e0)
 afxClass<afxVertexBuffer>::ConstructObject(030640e0)
 afxVertexBuffer.c:446?_AfxVbufCtor(vbuf=030640e0)
 afxSurface.c:52?AfxAcquireSurface(fmt=1,whd=[1280,720,1],usage=16)
 ADV afxTexture.c:69?AfxAcquireTextureBlueprint
    texb->fcc == AFX_FCC_TEXB
 afxClass<afxSurface>::AllocateObjects(1, 0047db28, 0047db44)
 afxClass<afxSurface>::BuildObjects(1, 0047db28, 0047db50)
 afxClass<afxSurface, afxTexture>ConstructingObject(0308cad0)
 afxClass<afxTexture>::ConstructObject(0308cad0)
 afxTexture.c:1023?_AfxTexCtor(tex=0308cad0)
 sglTexture.c:987?_SglTexCtor(tex=0308cad0)
 afxClass<afxSurface>::ConstructObject(0308cad0)
 afxSurface.c:130?_AfxSurfCtor(surf=0308cad0)
 sglSurface.c:114?_AfxSurfCtor(surf=0308cad0)
 afxSurface.c:52?AfxAcquireSurface(fmt=1,whd=[640,360,1],usage=16)
 ADV afxTexture.c:69?AfxAcquireTextureBlueprint
    texb->fcc == AFX_FCC_TEXB
 afxClass<afxSurface>::AllocateObjects(1, 0047db28, 0047db44)
 afxClass<afxSurface>::BuildObjects(1, 0047db28, 0047db50)
 afxClass<afxSurface, afxTexture>ConstructingObject(03077c10)
 afxClass<afxTexture>::ConstructObject(03077c10)
 afxTexture.c:1023?_AfxTexCtor(tex=03077c10)
 sglTexture.c:987?_SglTexCtor(tex=03077c10)
 afxClass<afxSurface>::ConstructObject(03077c10)
 afxSurface.c:130?_AfxSurfCtor(surf=03077c10)
 sglSurface.c:114?_AfxSurfCtor(surf=03077c10)
 afxSurface.c:52?AfxAcquireSurface(fmt=1,whd=[640,360,1],usage=16)
 ADV afxTexture.c:69?AfxAcquireTextureBlueprint
    texb->fcc == AFX_FCC_TEXB
 afxClass<afxSurface>::AllocateObjects(1, 0047db28, 0047db44)
 afxClass<afxSurface>::BuildObjects(1, 0047db28, 0047db50)
 afxClass<afxSurface, afxTexture>ConstructingObject(0308d320)
 afxClass<afxTexture>::ConstructObject(0308d320)
 afxTexture.c:1023?_AfxTexCtor(tex=0308d320)
 sglTexture.c:987?_SglTexCtor(tex=0308d320)
 afxClass<afxSurface>::ConstructObject(0308d320)
 afxSurface.c:130?_AfxSurfCtor(surf=0308d320)
 sglSurface.c:114?_AfxSurfCtor(surf=0308d320)
 afxCanvas.c:253?AfxBuildCanvases(dctx=02f03d00,cnt=1,blueprint=0047e090,canv=000453c0)
 afxClass<afxCanvas>::AllocateObjects(1, 000453c0, 0047dfbc)
 afxClass<afxCanvas>::BuildObjects(1, 000453c0, 0047e090)
 afxClass<afxCanvas>::ConstructObject(0306cca0)
 afxCanvas.c:379?_AfxCanvCtor(canv=0306cca0)
 afxSurface.c:52?AfxAcquireSurface(fmt=4,whd=[1280,720,1],usage=16)
 ADV afxTexture.c:69?AfxAcquireTextureBlueprint
    texb->fcc == AFX_FCC_TEXB
 afxClass<afxSurface>::AllocateObjects(1, 0047d598, 0047d5b4)
 afxClass<afxSurface>::BuildObjects(1, 0047d598, 0047d5c0)
 afxClass<afxSurface, afxTexture>ConstructingObject(03076040)
 afxClass<afxTexture>::ConstructObject(03076040)
 afxTexture.c:1023?_AfxTexCtor(tex=03076040)
 sglTexture.c:987?_SglTexCtor(tex=03076040)
 afxClass<afxSurface>::ConstructObject(03076040)
 afxSurface.c:130?_AfxSurfCtor(surf=03076040)
 sglSurface.c:114?_AfxSurfCtor(surf=03076040)
 sglCanvas.c:372?_AfxCanvCtor(canv=0306cca0)
 afxObject<03076040>::InstallEventFilter(0306cca0)
 afxSurface.c:52?AfxAcquireSurface(fmt=1,whd=[1280,720,1],usage=16)
 ADV afxTexture.c:69?AfxAcquireTextureBlueprint
    texb->fcc == AFX_FCC_TEXB
 afxClass<afxSurface>::AllocateObjects(1, 0047db28, 0047db44)
 afxClass<afxSurface>::BuildObjects(1, 0047db28, 0047db50)
 afxClass<afxSurface, afxTexture>ConstructingObject(055eac60)
 afxClass<afxTexture>::ConstructObject(055eac60)
 afxTexture.c:1023?_AfxTexCtor(tex=055eac60)
 sglTexture.c:987?_SglTexCtor(tex=055eac60)
 afxClass<afxSurface>::ConstructObject(055eac60)
 afxSurface.c:130?_AfxSurfCtor(surf=055eac60)
 sglSurface.c:114?_AfxSurfCtor(surf=055eac60)
 afxSurface.c:52?AfxAcquireSurface(fmt=1,whd=[640,360,1],usage=16)
 ADV afxTexture.c:69?AfxAcquireTextureBlueprint
    texb->fcc == AFX_FCC_TEXB
 afxClass<afxSurface>::AllocateObjects(1, 0047db28, 0047db44)
 afxClass<afxSurface>::BuildObjects(1, 0047db28, 0047db50)
 afxClass<afxSurface, afxTexture>ConstructingObject(055ead60)
 afxClass<afxTexture>::ConstructObject(055ead60)
 afxTexture.c:1023?_AfxTexCtor(tex=055ead60)
 sglTexture.c:987?_SglTexCtor(tex=055ead60)
 afxClass<afxSurface>::ConstructObject(055ead60)
 afxSurface.c:130?_AfxSurfCtor(surf=055ead60)
 sglSurface.c:114?_AfxSurfCtor(surf=055ead60)
 afxSurface.c:52?AfxAcquireSurface(fmt=1,whd=[640,360,1],usage=16)
 ADV afxTexture.c:69?AfxAcquireTextureBlueprint
    texb->fcc == AFX_FCC_TEXB
 afxClass<afxSurface>::AllocateObjects(1, 0047db28, 0047db44)
 afxClass<afxSurface>::BuildObjects(1, 0047db28, 0047db50)
 afxClass<afxSurface, afxTexture>ConstructingObject(056232b0)
 afxClass<afxTexture>::ConstructObject(056232b0)
 afxTexture.c:1023?_AfxTexCtor(tex=056232b0)
 sglTexture.c:987?_SglTexCtor(tex=056232b0)
 afxClass<afxSurface>::ConstructObject(056232b0)
 afxSurface.c:130?_AfxSurfCtor(surf=056232b0)
 sglSurface.c:114?_AfxSurfCtor(surf=056232b0)
 afxCanvas.c:253?AfxBuildCanvases(dctx=02f03d00,cnt=1,blueprint=0047e090,canv=000453c4)
 afxClass<afxCanvas>::AllocateObjects(1, 000453c4, 0047dfbc)
 afxClass<afxCanvas>::BuildObjects(1, 000453c4, 0047e090)
 afxClass<afxCanvas>::ConstructObject(0305af40)
 afxCanvas.c:379?_AfxCanvCtor(canv=0305af40)
 afxSurface.c:52?AfxAcquireSurface(fmt=4,whd=[1280,720,1],usage=16)
 ADV afxTexture.c:69?AfxAcquireTextureBlueprint
    texb->fcc == AFX_FCC_TEXB
 afxClass<afxSurface>::AllocateObjects(1, 0047d598, 0047d5b4)
 afxClass<afxSurface>::BuildObjects(1, 0047d598, 0047d5c0)
 afxClass<afxSurface, afxTexture>ConstructingObject(0565b800)
 afxClass<afxTexture>::ConstructObject(0565b800)
 afxTexture.c:1023?_AfxTexCtor(tex=0565b800)
 sglTexture.c:987?_SglTexCtor(tex=0565b800)
 afxClass<afxSurface>::ConstructObject(0565b800)
 afxSurface.c:130?_AfxSurfCtor(surf=0565b800)
 sglSurface.c:114?_AfxSurfCtor(surf=0565b800)
 sglCanvas.c:372?_AfxCanvCtor(canv=0305af40)
 afxObject<0565b800>::InstallEventFilter(0305af40)
 afxDrawOutput.c:307?AfxRegenerateDrawOutputBuffers(dout=030362b0)
 afxSurface.c:52?AfxAcquireSurface(fmt=12,whd=[1280,720,1],usage=16)
 ADV afxTexture.c:69?AfxAcquireTextureBlueprint
    texb->fcc == AFX_FCC_TEXB
 afxClass<afxSurface>::AllocateObjects(1, 0047e3f8, 0047e414)
 afxClass<afxSurface>::BuildObjects(1, 0047e3f8, 0047e420)
 afxClass<afxSurface, afxTexture>ConstructingObject(0565b8f0)
 afxClass<afxTexture>::ConstructObject(0565b8f0)
 afxTexture.c:1023?_AfxTexCtor(tex=0565b8f0)
 sglTexture.c:987?_SglTexCtor(tex=0565b8f0)
 afxClass<afxSurface>::ConstructObject(0565b8f0)
 afxSurface.c:130?_AfxSurfCtor(surf=0565b8f0)
 sglSurface.c:114?_AfxSurfCtor(surf=0565b8f0)
 afxObject<02f7f600>::RemoveEventFilter(02f7f7f0)
 afxClass<afxSurface>::DismantleObjects(1, 0047e780)
 Destructing instance 02f7f600 of afxSurface class.
 afxSurface.c:97?_AfxSurfDtor(surf=02f7f600)
 sglSurface.c:84?_AfxSurfDtor(surf=02f7f600)
 Destructing instance 02f7f600 of afxSurface : afxTexture class.
 Destructing instance 02f7f600 of afxTexture class.
 afxTexture.c:1002?_AfxTexDtor(tex=02f7f600)
 sglTexture.c:954?_SglTexDtor(img=02f7f600)
 afxClass<afxSurface>::DeallocateObjects(1, 0047e780)
 afxObject<0565b8f0>::InstallEventFilter(02f7f7f0)
 afxSurface.c:52?AfxAcquireSurface(fmt=12,whd=[1280,720,1],usage=16)
 ADV afxTexture.c:69?AfxAcquireTextureBlueprint
    texb->fcc == AFX_FCC_TEXB
 afxClass<afxSurface>::AllocateObjects(1, 0047e3f8, 0047e414)
 afxClass<afxSurface>::BuildObjects(1, 0047e3f8, 0047e420)
 afxClass<afxSurface, afxTexture>ConstructingObject(02f7f600)
 afxClass<afxTexture>::ConstructObject(02f7f600)
 afxTexture.c:1023?_AfxTexCtor(tex=02f7f600)
 sglTexture.c:987?_SglTexCtor(tex=02f7f600)
 afxClass<afxSurface>::ConstructObject(02f7f600)
 afxSurface.c:130?_AfxSurfCtor(surf=02f7f600)
 sglSurface.c:114?_AfxSurfCtor(surf=02f7f600)
 afxObject<02f7f6f0>::RemoveEventFilter(02f7f8b0)
 afxClass<afxSurface>::DismantleObjects(1, 0047e780)
 Destructing instance 02f7f6f0 of afxSurface class.
 afxSurface.c:97?_AfxSurfDtor(surf=02f7f6f0)
 sglSurface.c:84?_AfxSurfDtor(surf=02f7f6f0)
 Destructing instance 02f7f6f0 of afxSurface : afxTexture class.
 Destructing instance 02f7f6f0 of afxTexture class.
 afxTexture.c:1002?_AfxTexDtor(tex=02f7f6f0)
 sglTexture.c:954?_SglTexDtor(img=02f7f6f0)
 afxClass<afxSurface>::DeallocateObjects(1, 0047e780)
 afxObject<0565b8f0>::InstallEventFilter(02f7f8b0)
 Draw output (030362b0) extent readjusted to 1280x720; 0.666667%:0.666667% of 1920x1080.
 afxDrawScript.c:369?AfxAcquireDrawScripts(ddrv=008d76c0)
 afxClass<afxDrawScript>::AllocateObjects(1, 0047e278, 0047e1c4)
 afxClass<afxDrawScript>::BuildObjects(1, 0047e278, 0047e1b0)
 afxClass<afxDrawScript>::ConstructObject(0565b9f0)
 afxDrawScript.c:453?_AfxDscrCtor(dscr=0565b9f0)
 afxArena.c:767?AfxAcquireArena(aren=0565ba3c)
 afxArena.c:768?AfxAcquireArena(spec=00000000,hint="afxDrawScript.c:467!_AfxDscrCtor")
 sglCanvas.c:55?_SglCanvReinstantiateIdd(canv=02f7f7f0)
 sglTexture.c:756?_SglTexReinstantiateIdd(tex=0565b8f0)
 afxTexture 0565b8f0 hardware-side data instanced.
 afxSurface 0565b8f0 hardware-side data instanced.
 afxCanvas 02f7f7f0 hardware-side data instanced.
 afxCanvas 02f7f7f0 hardware-side data instanced.
 afxShader 0305bfe0 hardware-side data instanced.
 afxShader 0305edf0 hardware-side data instanced.
 afxPipeline 0305b6c0 hardware-side data instanced.
 afxBuffer 030640e0 hardware-side data instanced.
 sglTexture.c:756?_SglTexReinstantiateIdd(tex=055eac60)
 afxTexture 055eac60 hardware-side data instanced.
 afxSampler 02f7fb60 hardware-side data instanced.
 sglTexture.c:756?_SglTexReinstantiateIdd(tex=055ead60)
 afxTexture 055ead60 hardware-side data instanced.
 sglTexture.c:756?_SglTexReinstantiateIdd(tex=056232b0)
 afxTexture 056232b0 hardware-side data instanced.
 afxShader 02f80ef0 hardware-side data instanced.
 afxShader 02f050d0 hardware-side data instanced.
 afxPipeline 02f809d0 hardware-side data instanced.
 afxBuffer 02309320 hardware-side data instanced.
 afxSampler 02f05400 hardware-side data instanced.
 sglCanvas.c:55?_SglCanvReinstantiateIdd(canv=02f7f8b0)
 afxCanvas 02f7f8b0 hardware-side data instanced.
 afxCanvas 02f7f8b0 hardware-side data instanced.
 sglTexture.c:756?_SglTexReinstantiateIdd(tex=02f7f600)
 afxTexture 02f7f600 hardware-side data instanced.
 sglTexture.c:756?_SglTexReinstantiateIdd(tex=0308cad0)
 afxTexture 0308cad0 hardware-side data instanced.
 sglTexture.c:756?_SglTexReinstantiateIdd(tex=03077c10)
 afxTexture 03077c10 hardware-side data instanced.
 sglTexture.c:756?_SglTexReinstantiateIdd(tex=0308d320)
 afxTexture 0308d320 hardware-side data instanced.