
 afxDebug.c:386?AfxAttachDebugTerminal()
      ::::::::  :::       :::     :::     :::::::::  :::::::::   ::::::::      
     :+:    :+: :+:       :+:   :+: :+:   :+:    :+: :+:    :+: :+:    :+:     
     +:+    +:+ +:+       +:+  +:+   +:+  +:+    +:+ +:+    +:+ +:+    +:+     
     +#+    +:+ +#+  +:+  +#+ +#++:++#++: +#+    +:+ +#++:++#:  +#+    +:+     
     +#+  # +#+ +#+ +#+#+ +#+ +#+     +#+ +#+    +#+ +#+    +#+ +#+    +#+     
     #+#   +#+   #+#+# #+#+#  #+#     #+# #+#    #+# #+#    #+# #+#    #+#     
      ###### ###  ###   ###   ###     ### #########  ###    ###  ########      
                                                                               
                  S I G M A   T E C H N O L O G Y   G R O U P                  
                                                                               
                               Public Test Build                               
                           (c) 2017 Federacao SIGMA                            
                                www.sigmaco.org                                
                                                                               
 afxClass<afxSystem>::Mount(77ec1c10, 00000000, 00000000, 77ea02e4)
 afxClass<afxSystem>::AllocateObjects(1, 0026f30c, 0026f224)
 afxClass<afxSystem>::BuildObjects(1, 0026f30c, 00000000)
 afxClass<afxSystem>::ConstructObject(0043f0f0)
 afxSystem.c:887?_AfxSysCtor(sys=0043f0f0)
 ADV afxSystem.c:907?_AfxSysCtor
    Memoy page size: 4096
 ADV afxSystem.c:908?_AfxSysCtor
    Logical processor count: 2
 afxClass<afxMemory>::Mount(0043f13c, 0043f124, 00000000, 77ea4b3c)
 afxMemory.c:144?AfxAcquireMemory(strategy=0026e310,hint="afxSystem.c:929!_AfxSysCtor")
 afxClass<afxMemory>::AllocateObjects(1, 0026e1ac, 0026e1bc)
 afxClass<afxMemory>::BuildObjects(1, 0026e1ac, 0026e1a4)
 afxClass<afxMemory>::ConstructObject(0043f950)
 afxMemory.c:198?_AfxMemCtor(mem=0043f950)
 afxClass<afxThread>::Mount(0043f1fc, 0043f124, 00000000, 77ea0950)
 afxClass<afxIoSystem>::Mount(0043f2bc, 0043f124, 00000000, 77ea2110)
 afxClass<afxIoSystem>::AllocateObjects(1, 0026e2d8, 0026e1ac)
 afxClass<afxIoSystem>::BuildObjects(1, 0026e2d8, 0026e2dc)
 afxClass<afxIoSystem>::ConstructObject(0043ff30)
 afxIoSystem.c:706?_AfxIoCtor(io=0043ff30)
 afxArena.c:767?AfxAcquireArena(aren=0043ff7c)
 afxArena.c:768?AfxAcquireArena(spec=00000000,hint="afxIoSystem.c:722!_AfxIoCtor")
 afxClass<afxFile>::Mount(0043ffd4, 0043ff64, 00000000, 77ea1e54)
 afxClass<afxArchive>::Mount(00440094, 0043ff64, 0043ffd4, 77ea17d4)
 afxClass<afxResource>::Mount(00440214, 0043ff64, 00000000, 77ea35cc)
 afxClass<afxUrd>::Mount(00440154, 0043ff64, 00000000, 77ea3bac)
 afxIoSystem.c:412?AfxMountStoragePoints(0043ff30,6,0026e4d4)
 Point "." 5 mounted -> "E:/qwadro/afx".
 Point "system" 5 mounted -> "E:/qwadro/afx/system32".
 Point "sound" 5 mounted -> "E:/qwadro/afx/sound".
 Point "tmp" 7 mounted -> "E:/qwadro/afx/tmp".
 Point "data" 5 mounted -> "E:/qwadro/afx/data".
 Point "art" 5 mounted -> "E:/qwadro/afx/art".
 afxClass<afxModule>::Mount(0043f37c, 0043f124, 00000000, 77e9ef90)
 afxModule.c:93?AfxAcquireModules(uri=system/e2coree.dll)
 afxClass<afxModule>::AllocateObjects(1, 0043f8e0, 0026e190)
 afxClass<afxModule>::BuildObjects(1, 0043f8e0, 0026e400)
 afxClass<afxModule>::ConstructObject(004445f0)
 afxModule.c:170?_AfxMdleCtor(uri:system/e2coree.dll)
 afxClass<afxHid>::Mount(0043f43c, 0043f124, 00000000, 77ea287c)
 afxClass<afxKeyboard>::Mount(0043f4fc, 0043f124, 0043f43c, 77ea31c8)
 afxClass<afxMouse>::Mount(0043f5bc, 0043f124, 0043f43c, 77ea3368)
 afxClass<afxDrawSystem>::Mount(0043f67c, 0043f124, 00000000, 77ea79e4)
 afxClass<afxApplication>::Mount(0043f73c, 0043f124, 0043f1fc, 77e9e000)
 afxKeyboard.c:189?AfxAcquireKeyboards(port=0)
 afxClass<afxKeyboard>::AllocateObjects(1, 0043f8e4, 0026e1c4)
 afxClass<afxKeyboard>::BuildObjects(1, 0043f8e4, 0026e1b4)
 afxClass<afxKeyboard, afxHid>ConstructingObject(00444720)
 afxClass<afxHid>::ConstructObject(00444720)
 afxHid.c:226?_AfxHidCtor(hid=00444720)
 afxClass<afxKeyboard>::ConstructObject(00444720)
 afxKeyboard.c:252?_AfxKbdCtor(kbd=00444720)
 afxClass<afxDrawSystem>::AllocateObjects(1, 0026f308, 0026f224)
 afxClass<afxDrawSystem>::BuildObjects(1, 0026f308, 0026f304)
 afxClass<afxDrawSystem>::ConstructObject(00445c80)
 afxDrawSystem.c:461?_AfxDsysCtor(dsys=00445c80)
 afxClass<afxDrawDriver>::Mount(00445cc8, 00445cb4, 00000000, 77ea67a4)
 afxClass<afxDrawThread>::Mount(00445d88, 00445cb4, 0043f1fc, 77ea7d14)
New texture codec registered.
Name: SIGGL
Author: SIGMA Technology Group
Version: 0.5.1
Note: 
 Truecolor Targa texture serializer installed!
 afxModule.c:93?AfxAcquireModules(uri=e2draw.icd)
 afxClass<afxModule>::AllocateObjects(1, 00445eb4, 0026ed48)
 afxClass<afxModule>::BuildObjects(1, 00445eb4, 0026ee34)
 afxClass<afxModule>::ConstructObject(00445fd0)
 afxModule.c:170?_AfxMdleCtor(uri:e2draw.icd)
 afxDrawDriver.c:215?AfxRegisterDrawDriver(spec=510e7c38)
 afxClass<afxDrawDriver>::AllocateObjects(1, 0026ed84, 0026ed24)
 afxClass<afxDrawDriver>::BuildObjects(1, 0026ed84, 510e7c38)
 afxClass<afxDrawDriver>::ConstructObject(004476c0)
 afxDrawDriver.c:271?_AfxDdrvCtor(ddrv=004476c0)
 afxClass<afxDrawScript>::Mount(00447710, 004476fc, 00000000, 77ea7444)
 afxClass<afxDrawQueue>::Mount(004477d0, 004476fc, 00000000, 77ea7304)
 afxClass<afxDrawContext>::Mount(00447890, 004476fc, 00000000, 77ea52f4)
 afxClass<afxDrawOutput>::Mount(00447950, 004476fc, 00000000, 77ea6d40)
 afxClass<afxDrawInput>::Mount(00447a10, 004476fc, 00000000, 77ea6b20)
 Listing mem available display devices...

 #0 = Intel(R) HD Graphics (\\.\DISPLAY1) 8000005
 #1 = RDPDD Chained DD (\\.\DISPLAYV1) 200008
 #2 = RDP Encoder Mirror Driver (\\.\DISPLAYV2) 200008
 #3 = RDP Reflector Display Driver (\\.\DISPLAYV3) 200008
 sglDrawDriver.c:1304?_SglCreateCombinedDeviceContext(oglWndClss=00447be0,shareCtx=00000000,phwnd=0044c680,phdc=0044c684,phrc=0044c68c)
 ADV sglDrawDriver.c:1643?_SglBuildDpu
    677 381 1920 1080 96 96 32 1 36 36 51 60 1 
 ERR sglDrawDriver.c:1088?SglGetPixelFormat
    
 ERR sglDrawDriver.c:1088?SglGetPixelFormat
    
 ERR sglDrawDriver.c:1076?SglDescribePixelFormat
    
 ERR sglDrawDriver.c:1076?SglDescribePixelFormat
    
 sglDrawDriver.c:790?_SglLoadVmt(vmt=0044c690,verMajor=1,verMinor=0)
 glCullFace @ 0 found.
 glFrontFace @ 1 found.
 glHint @ 2 found.
 glLineWidth @ 3 found.
 glPointSize @ 4 found.
 glPolygonMode @ 5 found.
 glScissor @ 6 found.
 glTexParameterf @ 7 found.
 glTexParameterfv @ 8 found.
 glTexParameteri @ 9 found.
 glTexParameteriv @ 10 found.
 glTexImage1D @ 11 found.
 glTexImage2D @ 12 found.
 glDrawBuffer @ 13 found.
 glClear @ 14 found.
 glClearColor @ 15 found.
 glClearStencil @ 16 found.
 glClearDepth @ 17 found.
 glStencilMask @ 18 found.
 glColorMask @ 19 found.
 glDepthMask @ 20 found.
 glDisable @ 21 found.
 glEnable @ 22 found.
 glFinish @ 23 found.
 glFlush @ 24 found.
 glBlendFunc @ 25 found.
 glLogicOp @ 26 found.
 glStencilFunc @ 27 found.
 glStencilOp @ 28 found.
 glDepthFunc @ 29 found.
 glPixelStoref @ 30 found.
 glPixelStorei @ 31 found.
 glReadBuffer @ 32 found.
 glReadPixels @ 33 found.
 glGetBooleanv @ 34 found.
 glGetDoublev @ 35 found.
 glGetError @ 36 found.
 glGetFloatv @ 37 found.
 glGetIntegerv @ 38 found.
 glGetString @ 39 found.
 glGetTexImage @ 40 found.
 glGetTexParameterfv @ 41 found.
 glGetTexParameteriv @ 42 found.
 glGetTexLevelParameterfv @ 43 found.
 glGetTexLevelParameteriv @ 44 found.
 glIsEnabled @ 45 found.
 glDepthRange @ 46 found.
 glViewport @ 47 found.
 sglDrawDriver.c:790?_SglLoadVmt(vmt=0044c690,verMajor=4,verMinor=6)
 glCullFace @ 0 found.
 glFrontFace @ 1 found.
 glHint @ 2 found.
 glLineWidth @ 3 found.
 glPointSize @ 4 found.
 glPolygonMode @ 5 found.
 glScissor @ 6 found.
 glTexParameterf @ 7 found.
 glTexParameterfv @ 8 found.
 glTexParameteri @ 9 found.
 glTexParameteriv @ 10 found.
 glTexImage1D @ 11 found.
 glTexImage2D @ 12 found.
 glDrawBuffer @ 13 found.
 glClear @ 14 found.
 glClearColor @ 15 found.
 glClearStencil @ 16 found.
 glClearDepth @ 17 found.
 glStencilMask @ 18 found.
 glColorMask @ 19 found.
 glDepthMask @ 20 found.
 glDisable @ 21 found.
 glEnable @ 22 found.
 glFinish @ 23 found.
 glFlush @ 24 found.
 glBlendFunc @ 25 found.
 glLogicOp @ 26 found.
 glStencilFunc @ 27 found.
 glStencilOp @ 28 found.
 glDepthFunc @ 29 found.
 glPixelStoref @ 30 found.
 glPixelStorei @ 31 found.
 glReadBuffer @ 32 found.
 glReadPixels @ 33 found.
 glGetBooleanv @ 34 found.
 glGetDoublev @ 35 found.
 glGetError @ 36 found.
 glGetFloatv @ 37 found.
 glGetIntegerv @ 38 found.
 glGetString @ 39 found.
 glGetTexImage @ 40 found.
 glGetTexParameterfv @ 41 found.
 glGetTexParameteriv @ 42 found.
 glGetTexLevelParameterfv @ 43 found.
 glGetTexLevelParameteriv @ 44 found.
 glIsEnabled @ 45 found.
 glDepthRange @ 46 found.
 glViewport @ 47 found.
 glDrawArrays @ 48 found.
 glDrawElements @ 49 found.
 glGetPointerv @ 50 found.
 glPolygonOffset @ 51 found.
 glCopyTexImage1D @ 52 found.
 glCopyTexImage2D @ 53 found.
 glCopyTexSubImage1D @ 54 found.
 glCopyTexSubImage2D @ 55 found.
 glTexSubImage1D @ 56 found.
 glTexSubImage2D @ 57 found.
 glBindTexture @ 58 found.
 glDeleteTextures @ 59 found.
 glGenTextures @ 60 found.
 glIsTexture @ 61 found.
 glDrawRangeElements @ 62 found.
 glTexImage3D @ 63 found.
 glTexSubImage3D @ 64 found.
 glCopyTexSubImage3D @ 65 found.
 glActiveTexture @ 66 found.
 glSampleCoverage @ 67 found.
 glCompressedTexImage3D @ 68 found.
 glCompressedTexImage2D @ 69 found.
 glCompressedTexImage1D @ 70 found.
 glCompressedTexSubImage3D @ 71 found.
 glCompressedTexSubImage2D @ 72 found.
 glCompressedTexSubImage1D @ 73 found.
 glGetCompressedTexImage @ 74 found.
 glBlendFuncSeparate @ 75 found.
 glMultiDrawArrays @ 76 found.
 glMultiDrawElements @ 77 found.
 glPointParameterf @ 78 found.
 glPointParameterfv @ 79 found.
 glPointParameteri @ 80 found.
 glPointParameteriv @ 81 found.
 glBlendColor @ 82 found.
 glBlendEquation @ 83 found.
 glGenQueries @ 84 found.
 glDeleteQueries @ 85 found.
 glIsQuery @ 86 found.
 glBeginQuery @ 87 found.
 glEndQuery @ 88 found.
 glGetQueryiv @ 89 found.
 glGetQueryObjectiv @ 90 found.
 glGetQueryObjectuiv @ 91 found.
 glBindBuffer @ 92 found.
 glDeleteBuffers @ 93 found.
 glGenBuffers @ 94 found.
 glIsBuffer @ 95 found.
 glBufferData @ 96 found.
 glBufferSubData @ 97 found.
 glGetBufferSubData @ 98 found.
 glMapBuffer @ 99 found.
 glUnmapBuffer @ 100 found.
 glGetBufferParameteriv @ 101 found.
 glGetBufferPointerv @ 102 found.
 glBlendEquationSeparate @ 103 found.
 glDrawBuffers @ 104 found.
 glStencilOpSeparate @ 105 found.
 glStencilFuncSeparate @ 106 found.
 glStencilMaskSeparate @ 107 found.
 glAttachShader @ 108 found.
 glBindAttribLocation @ 109 found.
 glCompileShader @ 110 found.
 glCreateProgram @ 111 found.
 glCreateShader @ 112 found.
 glDeleteProgram @ 113 found.
 glDeleteShader @ 114 found.
 glDetachShader @ 115 found.
 glDisableVertexAttribArray @ 116 found.
 glEnableVertexAttribArray @ 117 found.
 glGetActiveAttrib @ 118 found.
 glGetActiveUniform @ 119 found.
 glGetAttachedShaders @ 120 found.
 glGetAttribLocation @ 121 found.
 glGetProgramiv @ 122 found.
 glGetProgramInfoLog @ 123 found.
 glGetShaderiv @ 124 found.
 glGetShaderInfoLog @ 125 found.
 glGetShaderSource @ 126 found.
 glGetUniformLocation @ 127 found.
 glGetUniformfv @ 128 found.
 glGetUniformiv @ 129 found.
 glGetVertexAttribdv @ 130 found.
 glGetVertexAttribfv @ 131 found.
 glGetVertexAttribiv @ 132 found.
 glGetVertexAttribPointerv @ 133 found.
 glIsProgram @ 134 found.
 glIsShader @ 135 found.
 glLinkProgram @ 136 found.
 glShaderSource @ 137 found.
 glUseProgram @ 138 found.
 glUniform1f @ 139 found.
 glUniform2f @ 140 found.
 glUniform3f @ 141 found.
 glUniform4f @ 142 found.
 glUniform1i @ 143 found.
 glUniform2i @ 144 found.
 glUniform3i @ 145 found.
 glUniform4i @ 146 found.
 glUniform1fv @ 147 found.
 glUniform2fv @ 148 found.
 glUniform3fv @ 149 found.
 glUniform4fv @ 150 found.
 glUniform1iv @ 151 found.
 glUniform2iv @ 152 found.
 glUniform3iv @ 153 found.
 glUniform4iv @ 154 found.
 glUniformMatrix2fv @ 155 found.
 glUniformMatrix3fv @ 156 found.
 glUniformMatrix4fv @ 157 found.
 glValidateProgram @ 158 found.
 glVertexAttrib1d @ 159 found.
 glVertexAttrib1dv @ 160 found.
 glVertexAttrib1f @ 161 found.
 glVertexAttrib1fv @ 162 found.
 glVertexAttrib1s @ 163 found.
 glVertexAttrib1sv @ 164 found.
 glVertexAttrib2d @ 165 found.
 glVertexAttrib2dv @ 166 found.
 glVertexAttrib2f @ 167 found.
 glVertexAttrib2fv @ 168 found.
 glVertexAttrib2s @ 169 found.
 glVertexAttrib2sv @ 170 found.
 glVertexAttrib3d @ 171 found.
 glVertexAttrib3dv @ 172 found.
 glVertexAttrib3f @ 173 found.
 glVertexAttrib3fv @ 174 found.
 glVertexAttrib3s @ 175 found.
 glVertexAttrib3sv @ 176 found.
 glVertexAttrib4Nbv @ 177 found.
 glVertexAttrib4Niv @ 178 found.
 glVertexAttrib4Nsv @ 179 found.
 glVertexAttrib4Nub @ 180 found.
 glVertexAttrib4Nubv @ 181 found.
 glVertexAttrib4Nuiv @ 182 found.
 glVertexAttrib4Nusv @ 183 found.
 glVertexAttrib4bv @ 184 found.
 glVertexAttrib4d @ 185 found.
 glVertexAttrib4dv @ 186 found.
 glVertexAttrib4f @ 187 found.
 glVertexAttrib4fv @ 188 found.
 glVertexAttrib4iv @ 189 found.
 glVertexAttrib4s @ 190 found.
 glVertexAttrib4sv @ 191 found.
 glVertexAttrib4ubv @ 192 found.
 glVertexAttrib4uiv @ 193 found.
 glVertexAttrib4usv @ 194 found.
 glVertexAttribPointer @ 195 found.
 glUniformMatrix2x3fv @ 196 found.
 glUniformMatrix3x2fv @ 197 found.
 glUniformMatrix2x4fv @ 198 found.
 glUniformMatrix4x2fv @ 199 found.
 glUniformMatrix3x4fv @ 200 found.
 glUniformMatrix4x3fv @ 201 found.
 glColorMaski @ 202 found.
 glGetBooleani_v @ 203 found.
 glGetIntegeri_v @ 204 found.
 glEnablei @ 205 found.
 glDisablei @ 206 found.
 glIsEnabledi @ 207 found.
 glBeginTransformFeedback @ 208 found.
 glEndTransformFeedback @ 209 found.
 glBindBufferRange @ 210 found.
 glBindBufferBase @ 211 found.
 glTransformFeedbackVaryings @ 212 found.
 glGetTransformFeedbackVarying @ 213 found.
 glClampColor @ 214 found.
 glBeginConditionalRender @ 215 found.
 glEndConditionalRender @ 216 found.
 glVertexAttribIPointer @ 217 found.
 glGetVertexAttribIiv @ 218 found.
 glGetVertexAttribIuiv @ 219 found.
 glVertexAttribI1i @ 220 found.
 glVertexAttribI2i @ 221 found.
 glVertexAttribI3i @ 222 found.
 glVertexAttribI4i @ 223 found.
 glVertexAttribI1ui @ 224 found.
 glVertexAttribI2ui @ 225 found.
 glVertexAttribI3ui @ 226 found.
 glVertexAttribI4ui @ 227 found.
 glVertexAttribI1iv @ 228 found.
 glVertexAttribI2iv @ 229 found.
 glVertexAttribI3iv @ 230 found.
 glVertexAttribI4iv @ 231 found.
 glVertexAttribI1uiv @ 232 found.
 glVertexAttribI2uiv @ 233 found.
 glVertexAttribI3uiv @ 234 found.
 glVertexAttribI4uiv @ 235 found.
 glVertexAttribI4bv @ 236 found.
 glVertexAttribI4sv @ 237 found.
 glVertexAttribI4ubv @ 238 found.
 glVertexAttribI4usv @ 239 found.
 glGetUniformuiv @ 240 found.
 glBindFragDataLocation @ 241 found.
 glGetFragDataLocation @ 242 found.
 glUniform1ui @ 243 found.
 glUniform2ui @ 244 found.
 glUniform3ui @ 245 found.
 glUniform4ui @ 246 found.
 glUniform1uiv @ 247 found.
 glUniform2uiv @ 248 found.
 glUniform3uiv @ 249 found.
 glUniform4uiv @ 250 found.
 glTexParameterIiv @ 251 found.
 glTexParameterIuiv @ 252 found.
 glGetTexParameterIiv @ 253 found.
 glGetTexParameterIuiv @ 254 found.
 glClearBufferiv @ 255 found.
 glClearBufferuiv @ 256 found.
 glClearBufferfv @ 257 found.
 glClearBufferfi @ 258 found.
 glGetStringi @ 259 found.
 glIsRenderbuffer @ 260 found.
 glBindRenderbuffer @ 261 found.
 glDeleteRenderbuffers @ 262 found.
 glGenRenderbuffers @ 263 found.
 glRenderbufferStorage @ 264 found.
 glGetRenderbufferParameteriv @ 265 found.
 glIsFramebuffer @ 266 found.
 glBindFramebuffer @ 267 found.
 glDeleteFramebuffers @ 268 found.
 glGenFramebuffers @ 269 found.
 glCheckFramebufferStatus @ 270 found.
 glFramebufferTexture1D @ 271 found.
 glFramebufferTexture2D @ 272 found.
 glFramebufferTexture3D @ 273 found.
 glFramebufferRenderbuffer @ 274 found.
 glGetFramebufferAttachmentParameteriv @ 275 found.
 glGenerateMipmap @ 276 found.
 glBlitFramebuffer @ 277 found.
 glRenderbufferStorageMultisample @ 278 found.
 glFramebufferTextureLayer @ 279 found.
 glMapBufferRange @ 280 found.
 glFlushMappedBufferRange @ 281 found.
 glBindVertexArray @ 282 found.
 glDeleteVertexArrays @ 283 found.
 glGenVertexArrays @ 284 found.
 glIsVertexArray @ 285 found.
 glDrawArraysInstanced @ 286 found.
 glDrawElementsInstanced @ 287 found.
 glTexBuffer @ 288 found.
 glPrimitiveRestartIndex @ 289 found.
 glCopyBufferSubData @ 290 found.
 glGetUniformIndices @ 291 found.
 glGetActiveUniformsiv @ 292 found.
 glGetActiveUniformName @ 293 found.
 glGetUniformBlockIndex @ 294 found.
 glGetActiveUniformBlockiv @ 295 found.
 glGetActiveUniformBlockName @ 296 found.
 glUniformBlockBinding @ 297 found.
 glDrawElementsBaseVertex @ 298 found.
 glDrawRangeElementsBaseVertex @ 299 found.
 glDrawElementsInstancedBaseVertex @ 300 found.
 glMultiDrawElementsBaseVertex @ 301 found.
 glProvokingVertex @ 302 found.
 glFenceSync @ 303 found.
 glIsSync @ 304 found.
 glDeleteSync @ 305 found.
 glClientWaitSync @ 306 found.
 glWaitSync @ 307 found.
 glGetInteger64v @ 308 found.
 glGetSynciv @ 309 found.
 glGetInteger64i_v @ 310 found.
 glGetBufferParameteri64v @ 311 found.
 glFramebufferTexture @ 312 found.
 glTexImage2DMultisample @ 313 found.
 glTexImage3DMultisample @ 314 found.
 glGetMultisamplefv @ 315 found.
 glSampleMaski @ 316 found.
 glBindFragDataLocationIndexed @ 317 found.
 glGetFragDataIndex @ 318 found.
 glGenSamplers @ 319 found.
 glDeleteSamplers @ 320 found.
 glIsSampler @ 321 found.
 glBindSampler @ 322 found.
 glSamplerParameteri @ 323 found.
 glSamplerParameteriv @ 324 found.
 glSamplerParameterf @ 325 found.
 glSamplerParameterfv @ 326 found.
 glSamplerParameterIiv @ 327 found.
 glSamplerParameterIuiv @ 328 found.
 glGetSamplerParameteriv @ 329 found.
 glGetSamplerParameterIiv @ 330 found.
 glGetSamplerParameterfv @ 331 found.
 glGetSamplerParameterIuiv @ 332 found.
 glQueryCounter @ 333 found.
 glGetQueryObjecti64v @ 334 found.
 glGetQueryObjectui64v @ 335 found.
 glVertexAttribDivisor @ 336 found.
 glVertexAttribP1ui @ 337 found.
 glVertexAttribP1uiv @ 338 found.
 glVertexAttribP2ui @ 339 found.
 glVertexAttribP2uiv @ 340 found.
 glVertexAttribP3ui @ 341 found.
 glVertexAttribP3uiv @ 342 found.
 glVertexAttribP4ui @ 343 found.
 glVertexAttribP4uiv @ 344 found.
 glMinSampleShading @ 345 found.
 glBlendEquationi @ 346 found.
 glBlendEquationSeparatei @ 347 found.
 glBlendFunci @ 348 found.
 glBlendFuncSeparatei @ 349 found.
 glDrawArraysIndirect @ 350 found.
 glDrawElementsIndirect @ 351 found.
 glUniform1d @ 352 found.
 glUniform2d @ 353 found.
 glUniform3d @ 354 found.
 glUniform4d @ 355 found.
 glUniform1dv @ 356 found.
 glUniform2dv @ 357 found.
 glUniform3dv @ 358 found.
 glUniform4dv @ 359 found.
 glUniformMatrix2dv @ 360 found.
 glUniformMatrix3dv @ 361 found.
 glUniformMatrix4dv @ 362 found.
 glUniformMatrix2x3dv @ 363 found.
 glUniformMatrix2x4dv @ 364 found.
 glUniformMatrix3x2dv @ 365 found.
 glUniformMatrix3x4dv @ 366 found.
 glUniformMatrix4x2dv @ 367 found.
 glUniformMatrix4x3dv @ 368 found.
 glGetUniformdv @ 369 found.
 glGetSubroutineUniformLocation @ 370 found.
 glGetSubroutineIndex @ 371 found.
 glGetActiveSubroutineUniformiv @ 372 found.
 glGetActiveSubroutineUniformName @ 373 found.
 glGetActiveSubroutineName @ 374 found.
 glUniformSubroutinesuiv @ 375 found.
 glGetUniformSubroutineuiv @ 376 found.
 glGetProgramStageiv @ 377 found.
 glPatchParameteri @ 378 found.
 glPatchParameterfv @ 379 found.
 glBindTransformFeedback @ 380 found.
 glDeleteTransformFeedbacks @ 381 found.
 glGenTransformFeedbacks @ 382 found.
 glIsTransformFeedback @ 383 found.
 glPauseTransformFeedback @ 384 found.
 glResumeTransformFeedback @ 385 found.
 glDrawTransformFeedback @ 386 found.
 glDrawTransformFeedbackStream @ 387 found.
 glBeginQueryIndexed @ 388 found.
 glEndQueryIndexed @ 389 found.
 glGetQueryIndexediv @ 390 found.
 glReleaseShaderCompiler @ 391 found.
 glShaderBinary @ 392 found.
 glGetShaderPrecisionFormat @ 393 found.
 glDepthRangef @ 394 found.
 glClearDepthf @ 395 found.
 glGetProgramBinary @ 396 found.
 glProgramBinary @ 397 found.
 glProgramParameteri @ 398 found.
 glUseProgramStages @ 399 found.
 glActiveShaderProgram @ 400 found.
 glCreateShaderProgramv @ 401 found.
 glBindProgramPipeline @ 402 found.
 glDeleteProgramPipelines @ 403 found.
 glGenProgramPipelines @ 404 found.
 glIsProgramPipeline @ 405 found.
 glGetProgramPipelineiv @ 406 found.
 glProgramUniform1i @ 407 found.
 glProgramUniform1iv @ 408 found.
 glProgramUniform1f @ 409 found.
 glProgramUniform1fv @ 410 found.
 glProgramUniform1d @ 411 found.
 glProgramUniform1dv @ 412 found.
 glProgramUniform1ui @ 413 found.
 glProgramUniform1uiv @ 414 found.
 glProgramUniform2i @ 415 found.
 glProgramUniform2iv @ 416 found.
 glProgramUniform2f @ 417 found.
 glProgramUniform2fv @ 418 found.
 glProgramUniform2d @ 419 found.
 glProgramUniform2dv @ 420 found.
 glProgramUniform2ui @ 421 found.
 glProgramUniform2uiv @ 422 found.
 glProgramUniform3i @ 423 found.
 glProgramUniform3iv @ 424 found.
 glProgramUniform3f @ 425 found.
 glProgramUniform3fv @ 426 found.
 glProgramUniform3d @ 427 found.
 glProgramUniform3dv @ 428 found.
 glProgramUniform3ui @ 429 found.
 glProgramUniform3uiv @ 430 found.
 glProgramUniform4i @ 431 found.
 glProgramUniform4iv @ 432 found.
 glProgramUniform4f @ 433 found.
 glProgramUniform4fv @ 434 found.
 glProgramUniform4d @ 435 found.
 glProgramUniform4dv @ 436 found.
 glProgramUniform4ui @ 437 found.
 glProgramUniform4uiv @ 438 found.
 glProgramUniformMatrix2fv @ 439 found.
 glProgramUniformMatrix3fv @ 440 found.
 glProgramUniformMatrix4fv @ 441 found.
 glProgramUniformMatrix2dv @ 442 found.
 glProgramUniformMatrix3dv @ 443 found.
 glProgramUniformMatrix4dv @ 444 found.
 glProgramUniformMatrix2x3fv @ 445 found.
 glProgramUniformMatrix3x2fv @ 446 found.
 glProgramUniformMatrix2x4fv @ 447 found.
 glProgramUniformMatrix4x2fv @ 448 found.
 glProgramUniformMatrix3x4fv @ 449 found.
 glProgramUniformMatrix4x3fv @ 450 found.
 glProgramUniformMatrix2x3dv @ 451 found.
 glProgramUniformMatrix3x2dv @ 452 found.
 glProgramUniformMatrix2x4dv @ 453 found.
 glProgramUniformMatrix4x2dv @ 454 found.
 glProgramUniformMatrix3x4dv @ 455 found.
 glProgramUniformMatrix4x3dv @ 456 found.
 glValidateProgramPipeline @ 457 found.
 glGetProgramPipelineInfoLog @ 458 found.
 glVertexAttribL1d @ 459 found.
 glVertexAttribL2d @ 460 found.
 glVertexAttribL3d @ 461 found.
 glVertexAttribL4d @ 462 found.
 glVertexAttribL1dv @ 463 found.
 glVertexAttribL2dv @ 464 found.
 glVertexAttribL3dv @ 465 found.
 glVertexAttribL4dv @ 466 found.
 glVertexAttribLPointer @ 467 found.
 glGetVertexAttribLdv @ 468 found.
 glViewportArrayv @ 469 found.
 glViewportIndexedf @ 470 found.
 glViewportIndexedfv @ 471 found.
 glScissorArrayv @ 472 found.
 glScissorIndexed @ 473 found.
 glScissorIndexedv @ 474 found.
 glDepthRangeArrayv @ 475 found.
 glDepthRangeIndexed @ 476 found.
 glGetFloati_v @ 477 found.
 glGetDoublei_v @ 478 found.
 glDrawArraysInstancedBaseInstance @ 479 found.
 glDrawElementsInstancedBaseInstance @ 480 found.
 glDrawElementsInstancedBaseVertexBaseInstance @ 481 found.
 glGetInternalformativ @ 482 found.
 glGetActiveAtomicCounterBufferiv @ 483 found.
 glBindImageTexture @ 484 found.
 glMemoryBarrier @ 485 found.
 glTexStorage1D @ 486 found.
 glTexStorage2D @ 487 found.
 glTexStorage3D @ 488 found.
 glDrawTransformFeedbackInstanced @ 489 found.
 glDrawTransformFeedbackStreamInstanced @ 490 found.
 glDispatchCompute @ 493 found.
 glDispatchComputeIndirect @ 494 found.
 glFramebufferParameteri @ 496 found.
 glGetFramebufferParameteriv @ 497 found.
 glGetInternalformati64v @ 498 found.
 glInvalidateFramebuffer @ 503 found.
 glInvalidateSubFramebuffer @ 504 found.
 glMultiDrawArraysIndirect @ 505 found.
 glMultiDrawElementsIndirect @ 506 found.
 glGetProgramInterfaceiv @ 507 found.
 glGetProgramResourceIndex @ 508 found.
 glGetProgramResourceName @ 509 found.
 glGetProgramResourceiv @ 510 found.
 glGetProgramResourceLocation @ 511 found.
 glGetProgramResourceLocationIndex @ 512 found.
 glShaderStorageBlockBinding @ 513 found.
 glTexBufferRange @ 514 found.
 glTexStorage2DMultisample @ 515 found.
 glTexStorage3DMultisample @ 516 found.
 glBindVertexBuffer @ 518 found.
 glVertexAttribFormat @ 519 found.
 glVertexAttribIFormat @ 520 found.
 glVertexAttribLFormat @ 521 found.
 glVertexAttribBinding @ 522 found.
 glVertexBindingDivisor @ 523 found.
 glDebugMessageControl @ 524 found.
 glDebugMessageInsert @ 525 found.
 glDebugMessageCallback @ 526 found.
 glGetDebugMessageLog @ 527 found.
 glPushDebugGroup @ 528 found.
 glPopDebugGroup @ 529 found.
 glObjectLabel @ 530 found.
 glGetObjectLabel @ 531 found.
 glObjectPtrLabel @ 532 found.
 glGetObjectPtrLabel @ 533 found.
 glBufferStorage @ 534 found.
 glClipControl @ 543 found.
 glNamedBufferStorage @ 551 found.
 glTextureBufferRange @ 589 found.
 glTextureParameteri @ 606 found.
 glMemoryBarrierByRegion @ 641 found.
 glGetGraphicsResetStatus @ 644 found.
 glGetnCompressedTexImage @ 645 found.
 glGetnTexImage @ 646 found.
 glGetnUniformdv @ 647 found.
 glGetnUniformfv @ 648 found.
 glGetnUniformiv @ 649 found.
 glGetnUniformuiv @ 650 found.
 glReadnPixels @ 651 found.
New draw driver registered.
Name: Truecolor Advanced Raster Graphics Automation
Author: SIGMA Technology Group
Version: 0.7.2
Note: 
           :::::::::::     :::     :::::::::   ::::::::      :::               
               :+:       :+: :+:   :+:    :+: :+:    :+:   :+: :+:             
               +:+      +:+   +:+  +:+    +:+ +:+         +:+   +:+            
               +#+     +#++:++#++: +#++:++#:  :#:        +#++:++#++:           
               +#+     +#+     +#+ +#+    +#+ +#+   +#+# +#+     +#+           
               #+#     #+#     #+# #+#    #+# #+#    #+# #+#     #+#           
               ###     ###     ### ###    ###  ########  ###     ###           
                                                                               
                  S I G M A   T E C H N O L O G Y   G R O U P                  
                                                                               
                               Public Test Build                               
                           (c) 2017 Federacao SIGMA                            
                                www.sigmaco.org                                
                                                                               
 Loading draw ICDs...
 afxModule.c:93?AfxAcquireModules(uri=e2draw.icd)
 afxModule.c:93?AfxAcquireModules(uri=e2newton.icd)
 afxClass<afxModule>::AllocateObjects(1, 0026ec0c, 0026eb68)
 afxClass<afxModule>::BuildObjects(1, 0026ec0c, 0026ec10)
 afxClass<afxModule>::ConstructObject(02acbdb0)
 afxModule.c:170?_AfxMdleCtor(uri:e2newton.icd)
 afxDrawThread.c:63?AfxAcquireDrawThreads(spec=00000000,cnt=2)
 afxClass<afxDrawThread>::AllocateObjects(1, 0026eeb8, 0026ed8c)
 afxClass<afxDrawThread>::BuildObjects(1, 0026eeb8, 00000000)
 afxClass<afxDrawThread, afxThread>ConstructingObject(02b21160)
 afxClass<afxThread>::ConstructObject(02b21160)
 afxThread.c:1181?_AfxThrCtor(02b21160)
 afxClass<afxDrawThread>::ConstructObject(02b21160)
 afxDrawThread.c:156?_AfxDthrCtor(dthr=02b21160)
 afxClass<afxDrawThread>::AllocateObjects(1, 0026eebc, 0026ed8c)
 afxClass<afxDrawThread>::BuildObjects(1, 0026eebc, 00000000)
 afxClass<afxDrawThread, afxThread>ConstructingObject(005092b0)
 afxClass<afxThread>::ConstructObject(005092b0)
 afxThread.c:1181?_AfxThrCtor(005092b0)
 afxClass<afxDrawThread>::ConstructObject(005092b0)
 afxDrawThread.c:156?_AfxDthrCtor(dthr=005092b0)
 afxThread.c:1056?AfxSetThreadAffinity(thr=02b21160)
 afxThread.c:1067?AfxRunThread(thr=02b21160)
 afxThread.c:1056?AfxSetThreadAffinity(thr=005092b0)
 afxThread.c:1067?AfxRunThread(thr=005092b0)
 afxDrawContext.c:550?AfxAcquireDrawContexts(spec=0026f2d0,cnt=1)
 afxClass<afxDrawContext>::AllocateObjects(1, 00ca5038, 0026f204)
 afxClass<afxDrawContext>::BuildObjects(1, 00ca5038, 0026f2d0)
 afxClass<afxDrawContext>::ConstructObject(02b4f320)
 afxDrawContext.c:629?_AfxDctxCtor(dctx=02b4f320)
 afxArena.c:767?AfxAcquireArena(aren=02b4fbb8)
 afxArena.c:768?AfxAcquireArena(spec=00000000,hint="afxDrawContext.c:648!_AfxDctxCtor")
 afxClass<afxBuffer>::Mount(02b4f674, 02b4f360, 00000000, 77ea92c0)
 afxClass<afxVertexBuffer>::Mount(02b4f734, 02b4f360, 02b4f674, 77eaa974)
 afxClass<afxIndexBuffer>::Mount(02b4f7f4, 02b4f360, 02b4f674, 77ea958c)
 afxClass<afxSampler>::Mount(02b4f8b4, 02b4f360, 00000000, 77ea998c)
 afxClass<afxTexture>::Mount(02b4f974, 02b4f360, 00000000, 77eaa150)
 afxClass<afxSurface>::Mount(02b4fa34, 02b4f360, 02b4f974, 77ea9fd4)
 afxClass<afxShader>::Mount(02b4faf4, 02b4f360, 00000000, 77ea9bac)
 afxClass<afxLego>::Mount(02b4f4f4, 02b4f360, 00000000, 77ea8bb4)
 afxClass<afxCanvas>::Mount(02b4f374, 02b4f360, 00000000, 77ea8130)
 afxClass<afxPipeline>::Mount(02b4f434, 02b4f360, 00000000, 77ea8e08)
 afxClass<afxDrawOperation>::Mount(02b4f5b4, 02b4f360, 00000000, 77ea85b0)
 sglDrawContext.c:272?_SglDdrvVmtDctxCb(dctx=02b4f320)
 Uploading draw operation 'data/pipeline/rgbaToRgba.xml'
 afxXml.c:976?AfxLoadXml(uri:data/pipeline/rgbaToRgba.xml)
 afxFile.c:344?AfxOpenFile(00000001,data/pipeline/rgbaToRgba.xml)
 afxClass<afxFile>::AllocateObjects(1, 0026e4a4, 0026e4b4)
 afxClass<afxFile>::BuildObjects(1, 0026e4a4, 0026e49c)
 afxClass<afxFile>::ConstructObject(02fa24f0)
 afxStream.c:600?AfxAcquireStream(ios=02fa2524,flags=1,start=00000000,len=0)
 afxClass<afxFile>::DismantleObjects(1, 0026e4f4)
 Destructing instance 02fa24f0 of afxFile class.
 afxClass<afxFile>::DeallocateObjects(1, 0026e4f4)
 afxClass<afxDrawOperation>::AllocateObjects(1, 005099b8, 0026e4ec)
 afxClass<afxDrawOperation>::BuildObjects(1, 005099b8, 0026e770)
 afxClass<afxDrawOperation>::ConstructObject(00509600)
 afxDrawOperation.c:659?_AfxDopCtor(dop=00509600)
 afxPipeline.c:380?AfxBuildPipelines(dctx=02b4f320)
 afxClass<afxPipeline>::AllocateObjects(1, 0306e368, 0026de94)
 afxClass<afxPipeline>::BuildObjects(1, 0306e368, 0026df88)
 afxClass<afxPipeline>::ConstructObject(02f9c1e0)
 afxPipeline.c:452?_AfxPipCtor(pip=02f9c1e0)
 afxShader.c:550?AfxAcquireShaders(cnt=1,uri=00509730,shd=0026d8f8)
 Uploading shader 'data/pipeline/rgbaToRgba.xml?vs'
 afxXml.c:976?AfxLoadXml(uri:data/pipeline/rgbaToRgba.xml)
 afxFile.c:344?AfxOpenFile(00000001,data/pipeline/rgbaToRgba.xml)
 afxClass<afxFile>::AllocateObjects(1, 0026d178, 0026d188)
 afxClass<afxFile>::BuildObjects(1, 0026d178, 0026d170)
 afxClass<afxFile>::ConstructObject(02f9c4a0)
 afxStream.c:600?AfxAcquireStream(ios=02f9c4d4,flags=1,start=00000000,len=0)
 afxClass<afxFile>::DismantleObjects(1, 0026d1c8)
 Destructing instance 02f9c4a0 of afxFile class.
 afxClass<afxFile>::DeallocateObjects(1, 0026d1c8)
 afxFile.c:364?AfxOpenReadableFile(data/pipeline/stdEnv.inc)
 afxClass<afxFile>::AllocateObjects(1, 0026cf64, 0026cf74)
 afxClass<afxFile>::BuildObjects(1, 0026cf64, 0026cf5c)
 afxClass<afxFile>::ConstructObject(03070d40)
 afxStream.c:600?AfxAcquireStream(ios=03070d74,flags=5,start=00000000,len=0)
 afxClass<afxFile>::DismantleObjects(1, 0026cfb4)
 Destructing instance 03070d40 of afxFile class.
 afxClass<afxFile>::DeallocateObjects(1, 0026cfb4)
 afxShader.c:397?AfxBuildShaders(cnt=1,blueprint=0026d4c4,shd=0026d8f8)
 afxClass<afxShader>::AllocateObjects(1, 0026d8f8, 0026d1c0)
 afxClass<afxShader>::BuildObjects(1, 0026d8f8, 0026d4c4)
 afxClass<afxShader>::ConstructObject(030dc400)
 afxShader.c:660?_AfxShdCtor(shd=030dc400)
 #version 330 core // QWADRO. Engineered by SIGMA Technology Group.

#define afxInt int
#define afxNat uint

#define afxReal float

#define afxV2d vec2
#define afxV3d vec3
#define afxV4d vec4

#define afxM2d mat2
#define afxM3d mat3
#define afxM4d mat4

        
        layout(location = 0) in vec2 a_xy;

        out block
        {
            vec2 uv0;
        } sgl_v;

        void main()
        {
            gl_Position = vec4(a_xy, 0.0, 1.0);
            sgl_v.uv0 = vec2(gl_Position.xy * 0.5 + 0.5).xy;
        }
       
 sglShader.c:134?_AfxShdCtor(shd=030dc400)
 afxObject<030dc400>::InstallEventFilter(02f9c1e0)
 afxShader.c:550?AfxAcquireShaders(cnt=1,uri=005097d0,shd=0026d8f8)
 Uploading shader 'data/pipeline/rgbaToRgba.xml?fs'
 afxXml.c:976?AfxLoadXml(uri:data/pipeline/rgbaToRgba.xml)
 afxFile.c:344?AfxOpenFile(00000001,data/pipeline/rgbaToRgba.xml)
 afxClass<afxFile>::AllocateObjects(1, 0026d178, 0026d188)
 afxClass<afxFile>::BuildObjects(1, 0026d178, 0026d170)
 afxClass<afxFile>::ConstructObject(03070d40)
 afxStream.c:600?AfxAcquireStream(ios=03070d74,flags=1,start=00000000,len=0)
 afxClass<afxFile>::DismantleObjects(1, 0026d1c8)
 Destructing instance 03070d40 of afxFile class.
 afxClass<afxFile>::DeallocateObjects(1, 0026d1c8)
 afxFile.c:364?AfxOpenReadableFile(data/pipeline/stdEnv.inc)
 afxClass<afxFile>::AllocateObjects(1, 0026cf64, 0026cf74)
 afxClass<afxFile>::BuildObjects(1, 0026cf64, 0026cf5c)
 afxClass<afxFile>::ConstructObject(03070d40)
 afxStream.c:600?AfxAcquireStream(ios=03070d74,flags=5,start=00000000,len=0)
 afxClass<afxFile>::DismantleObjects(1, 0026cfb4)
 Destructing instance 03070d40 of afxFile class.
 afxClass<afxFile>::DeallocateObjects(1, 0026cfb4)
 afxShader.c:397?AfxBuildShaders(cnt=1,blueprint=0026d4c4,shd=0026d8f8)
 afxClass<afxShader>::AllocateObjects(1, 0026d8f8, 0026d1c0)
 afxClass<afxShader>::BuildObjects(1, 0026d8f8, 0026d4c4)
 afxClass<afxShader>::ConstructObject(030df200)
 afxShader.c:660?_AfxShdCtor(shd=030df200)
 #version 330 core // QWADRO. Engineered by SIGMA Technology Group.

#define afxInt int
#define afxNat uint

#define afxReal float

#define afxV2d vec2
#define afxV3d vec3
#define afxV4d vec4

#define afxM2d mat2
#define afxM3d mat3
#define afxM4d mat4

        
        uniform sampler2D samp;

        in block
        {
            vec2 uv0;
        } sgl_v;

        out vec4 sgl_rgba;

        void main()
        {
            sgl_rgba = texture(samp, sgl_v.uv0);
        }
       
 sglShader.c:134?_AfxShdCtor(shd=030df200)
 afxObject<030df200>::InstallEventFilter(02f9c1e0)
 afxLego.c:218?AfxBuildLegos(dctx=02b4f320)
 ERR afxDrawContext.c:184?AfxGetLegoClass
    
 ERR afxDrawContext.c:184?AfxGetLegoClass
    (var_)
    Invalid
 afxClass<afxLego>::AllocateObjects(1, 030d90d4, 0026d740)
 afxClass<afxLego>::BuildObjects(1, 030d90d4, 0026dab4)
 afxClass<afxLego>::ConstructObject(03070de0)
 afxLego.c:275?_AfxLegtCtor(legt=03070de0)
 sglPipeline.c:293?_AfxPipCtor(pip=02f9c1e0)
 afxPipeline.c:380?AfxBuildPipelines(dctx=02b4f320)
 afxClass<afxPipeline>::AllocateObjects(1, 0306e3c8, 0026de94)
 afxClass<afxPipeline>::BuildObjects(1, 0306e3c8, 0026df88)
 afxClass<afxPipeline>::ConstructObject(030dc7b0)
 afxPipeline.c:452?_AfxPipCtor(pip=030dc7b0)
 afxShader.c:550?AfxAcquireShaders(cnt=1,uri=00509730,shd=0026d8f8)
 Uploading shader 'data/pipeline/rgbaToRgba.xml?vsFlippedY'
 afxXml.c:976?AfxLoadXml(uri:data/pipeline/rgbaToRgba.xml)
 afxFile.c:344?AfxOpenFile(00000001,data/pipeline/rgbaToRgba.xml)
 afxClass<afxFile>::AllocateObjects(1, 0026d178, 0026d188)
 afxClass<afxFile>::BuildObjects(1, 0026d178, 0026d170)
 afxClass<afxFile>::ConstructObject(03004f90)
 afxStream.c:600?AfxAcquireStream(ios=03004fc4,flags=1,start=00000000,len=0)
 afxClass<afxFile>::DismantleObjects(1, 0026d1c8)
 Destructing instance 03004f90 of afxFile class.
 afxClass<afxFile>::DeallocateObjects(1, 0026d1c8)
 afxFile.c:364?AfxOpenReadableFile(data/pipeline/stdEnv.inc)
 afxClass<afxFile>::AllocateObjects(1, 0026cf64, 0026cf74)
 afxClass<afxFile>::BuildObjects(1, 0026cf64, 0026cf5c)
 afxClass<afxFile>::ConstructObject(03004f90)
 afxStream.c:600?AfxAcquireStream(ios=03004fc4,flags=5,start=00000000,len=0)
 afxClass<afxFile>::DismantleObjects(1, 0026cfb4)
 Destructing instance 03004f90 of afxFile class.
 afxClass<afxFile>::DeallocateObjects(1, 0026cfb4)
 afxShader.c:397?AfxBuildShaders(cnt=1,blueprint=0026d4c4,shd=0026d8f8)
 afxClass<afxShader>::AllocateObjects(1, 0026d8f8, 0026d1c0)
 afxClass<afxShader>::BuildObjects(1, 0026d8f8, 0026d4c4)
 afxClass<afxShader>::ConstructObject(03004f90)
 afxShader.c:660?_AfxShdCtor(shd=03004f90)
 #version 330 core // QWADRO. Engineered by SIGMA Technology Group.

#define afxInt int
#define afxNat uint

#define afxReal float

#define afxV2d vec2
#define afxV3d vec3
#define afxV4d vec4

#define afxM2d mat2
#define afxM3d mat3
#define afxM4d mat4

        
        const mat4 m = mat4(1, 0, 0, 0, 0, -1, 0, 0, 0, 0, 1, 0, 0, 0, 0, 1);
        
        layout(location = 0) in vec2 a_xy;
        
        out block
        {
            vec2 uv0;
        } sgl_v;

        void main()
        {
            gl_Position = vec4(a_xy, 0.0, 1.0);
            sgl_v.uv0 = vec2(m * vec4(gl_Position.xy * 0.5 + 0.5, 0, 1)).xy;
        }
       
 sglShader.c:134?_AfxShdCtor(shd=03004f90)
 afxObject<03004f90>::InstallEventFilter(030dc7b0)
 afxShader.c:550?AfxAcquireShaders(cnt=1,uri=03070e70,shd=0026d8f8)
 Uploading shader 'data/pipeline/rgbaToRgba.xml?fs'
 afxXml.c:976?AfxLoadXml(uri:data/pipeline/rgbaToRgba.xml)
 afxFile.c:344?AfxOpenFile(00000001,data/pipeline/rgbaToRgba.xml)
 afxClass<afxFile>::AllocateObjects(1, 0026d178, 0026d188)
 afxClass<afxFile>::BuildObjects(1, 0026d178, 0026d170)
 afxClass<afxFile>::ConstructObject(03005050)
 afxStream.c:600?AfxAcquireStream(ios=03005084,flags=1,start=00000000,len=0)
 afxClass<afxFile>::DismantleObjects(1, 0026d1c8)
 Destructing instance 03005050 of afxFile class.
 afxClass<afxFile>::DeallocateObjects(1, 0026d1c8)
 afxFile.c:364?AfxOpenReadableFile(data/pipeline/stdEnv.inc)
 afxClass<afxFile>::AllocateObjects(1, 0026cf64, 0026cf74)
 afxClass<afxFile>::BuildObjects(1, 0026cf64, 0026cf5c)
 afxClass<afxFile>::ConstructObject(03005050)
 afxStream.c:600?AfxAcquireStream(ios=03005084,flags=5,start=00000000,len=0)
 afxClass<afxFile>::DismantleObjects(1, 0026cfb4)
 Destructing instance 03005050 of afxFile class.
 afxClass<afxFile>::DeallocateObjects(1, 0026cfb4)
 afxShader.c:397?AfxBuildShaders(cnt=1,blueprint=0026d4c4,shd=0026d8f8)
 afxClass<afxShader>::AllocateObjects(1, 0026d8f8, 0026d1c0)
 afxClass<afxShader>::BuildObjects(1, 0026d8f8, 0026d4c4)
 afxClass<afxShader>::ConstructObject(03124780)
 afxShader.c:660?_AfxShdCtor(shd=03124780)
 #version 330 core // QWADRO. Engineered by SIGMA Technology Group.

#define afxInt int
#define afxNat uint

#define afxReal float

#define afxV2d vec2
#define afxV3d vec3
#define afxV4d vec4

#define afxM2d mat2
#define afxM3d mat3
#define afxM4d mat4

        
        uniform sampler2D samp;

        in block
        {
            vec2 uv0;
        } sgl_v;

        out vec4 sgl_rgba;

        void main()
        {
            sgl_rgba = texture(samp, sgl_v.uv0);
        }
       
 sglShader.c:134?_AfxShdCtor(shd=03124780)
 afxObject<03124780>::InstallEventFilter(030dc7b0)
 afxLego.c:218?AfxBuildLegos(dctx=02b4f320)
 ERR afxDrawContext.c:184?AfxGetLegoClass
    
 ERR afxDrawContext.c:184?AfxGetLegoClass
    (var_)
    Invalid
 afxClass<afxLego>::AllocateObjects(1, 030d87d4, 0026d740)
 afxClass<afxLego>::BuildObjects(1, 030d87d4, 0026dab4)
 afxClass<afxLego>::ConstructObject(03005050)
 afxLego.c:275?_AfxLegtCtor(legt=03005050)
 sglPipeline.c:293?_AfxPipCtor(pip=030dc7b0)
 afxSampler.c:53?AfxAcquireSamplers(cnt=1,spec=0026eca0,spec=005099bc)
 afxClass<afxSampler>::AllocateObjects(1, 005099bc, 0026e9a0)
 afxClass<afxSampler>::BuildObjects(1, 005099bc, 0026eca0)
 afxClass<afxSampler>::ConstructObject(02fa24f0)
 afxSampler.c:111?_AfxSampCtor(samp=02fa24f0)
 sglSampler.c:143?_AfxSmpCtor(smp=02fa24f0)
 afxClass<afxVertexBuffer>::AllocateObjects(1, 005099c0, 0026e9f4)
 afxClass<afxVertexBuffer>::BuildObjects(1, 005099c0, 0026e9cc)
 afxClass<afxVertexBuffer, afxBuffer>ConstructingObject(02acb820)
 afxClass<afxBuffer>::ConstructObject(02acb820)
 afxBuffer.c:247?_AfxBufCtor(buf=02acb820)
 sglBuffer.c:329?_SglBufCtor(buf=02acb820)
 afxClass<afxVertexBuffer>::ConstructObject(02acb820)
 afxVertexBuffer.c:446?_AfxVbufCtor(vbuf=02acb820)
 afxDrawQueue.c:314?AfxAcquireDrawQueues(ddrv=004476c0,spec=0026ee14,cnt=1)
 afxClass<afxDrawQueue>::AllocateObjects(1, 02b1c850, 0026ed14)
 afxClass<afxDrawQueue>::BuildObjects(1, 02b1c850, 0026ee14)
 afxClass<afxDrawQueue>::ConstructObject(00509730)
 afxDrawQueue.c:385?_AfxDqueCtor(dque=00509730)
 afxArena.c:767?AfxAcquireArena(aren=005097b4)
 afxArena.c:768?AfxAcquireArena(spec=00000000,hint="afxDrawQueue.c:404!_AfxDqueCtor")
 sglDrawQueue.c:1707?_SglDdrvVmtDqueCb(dque=00509730)
 afxApplication.c:243?AfxAcquireApplications(spec=0026f2ac,cnt=1)
 afxClass<afxApplication>::AllocateObjects(1, 0026f2cc, 0026f21c)
 afxClass<afxApplication>::BuildObjects(1, 0026f2cc, 0026f2ac)
 afxClass<afxApplication, afxThread>ConstructingObject(030de0a0)
 afxClass<afxThread>::ConstructObject(030de0a0)
 afxThread.c:1181?_AfxThrCtor(030de0a0)
 afxClass<afxApplication>::ConstructObject(030de0a0)
 afxApplication.c:331?_AfxAppCtor(app=030de0a0)
 afxMouse.c:273?AfxAcquireMouses(port=0)
 afxClass<afxMouse>::AllocateObjects(1, 030de300, 0026ee0c)
 afxClass<afxMouse>::BuildObjects(1, 030de300, 0026edfc)
 afxClass<afxMouse, afxHid>ConstructingObject(03077340)
 afxClass<afxHid>::ConstructObject(03077340)
 afxHid.c:226?_AfxHidCtor(hid=03077340)
 afxClass<afxMouse>::ConstructObject(03077340)
 afxMouse.c:335?_AfxMseCtor(mse=03077340)
 afxDrawInput.c:252?AfxAcquireDrawInputs(spec=0026eea8,cnt=1)
 afxClass<afxDrawInput>::AllocateObjects(1, 030de324, 0026ee04)
 afxClass<afxDrawInput>::BuildObjects(1, 030de324, 0026eea8)
 afxClass<afxDrawInput>::ConstructObject(02b105e0)
 afxDrawInput.c:336?_AfxDinCtor(din=02b105e0)
 afxClass<afxWidget>::Mount(030de17c, 030de168, 00000000, 77eac520)
 afxClass<afxSimulation>::Mount(030de23c, 030de168, 00000000, 77eacdb8)
 afxApplication.c:194?AfxRunApplication(app=030de0a0)
 afxThread.c:1067?AfxRunThread(thr=030de0a0)
 mmplayer.c:101?AfxEnterApplication(app=030de0a0)
 Uploading texture 'art/world.tga'
 afxFile.c:344?AfxOpenFile(00000001,art/world.tga)
 afxClass<afxFile>::AllocateObjects(1, 0026e600, 0026e610)
 afxClass<afxFile>::BuildObjects(1, 0026e600, 0026e5f8)
 afxClass<afxFile>::ConstructObject(030050e0)
 afxStream.c:600?AfxAcquireStream(ios=03005114,flags=1,start=00000000,len=0)
 ADV afxTexture.c:69?AfxAcquireTextureBlueprint
    texb->fcc == AFX_FCC_TEXB
 afxTexture.c:832?AfxBuildTextures(cnt=1,blueprint=0026e6d0,tex=00ca501c)
 afxClass<afxTexture>::AllocateObjects(1, 00ca501c, 0026e5d8)
 afxClass<afxTexture>::BuildObjects(1, 00ca501c, 0026e6d0)
 afxClass<afxTexture>::ConstructObject(03077420)
 afxTexture.c:1023?_AfxTexCtor(tex=03077420)
 sglTexture.c:987?_SglTexCtor(tex=03077420)
 afxClass<afxFile>::DismantleObjects(1, 0026e650)
 Destructing instance 030050e0 of afxFile class.
 afxClass<afxFile>::DeallocateObjects(1, 0026e650)
 afxFile.c:344?AfxOpenFile(00000002,tmp/world2.tga)
 afxClass<afxFile>::AllocateObjects(1, 0026ea80, 0026ea90)
 afxClass<afxFile>::BuildObjects(1, 0026ea80, 0026ea78)
 afxClass<afxFile>::ConstructObject(030050e0)
 afxStream.c:600?AfxAcquireStream(ios=03005114,flags=2,start=00000000,len=0)
 afxClass<afxFile>::DismantleObjects(1, 0026ead0)
 Destructing instance 030050e0 of afxFile class.
 afxClass<afxFile>::DeallocateObjects(1, 0026ead0)
 afxClass<afxTexture>::DismantleObjects(1, 0026ee90)
 Destructing instance 03077420 of afxTexture class.
 afxTexture.c:1002?_AfxTexDtor(tex=03077420)
 sglTexture.c:954?_SglTexDtor(img=03077420)
 afxClass<afxTexture>::DeallocateObjects(1, 0026ee90)
 afxDrawOutput.c:462?AfxAcquireDrawOutputs(spec=0026ef90,cnt=1)
 afxClass<afxDrawOutput>::AllocateObjects(1, 00ca5020, 0026ee48)
 afxClass<afxDrawOutput>::BuildObjects(1, 00ca5020, 0026ef90)
 afxClass<afxDrawOutput>::ConstructObject(031248d0)
 afxDrawOutput.c:550?_AfxDoutCtor(dout=031248d0)
 sglDrawOutput.c:235?_SglDdrvVmtDoutCb(dout=031248d0,uri=)
 afxDrawOutput.c:307?AfxRegenerateDrawOutputBuffers(dout=031248d0)
 Draw output (031248d0) extent readjusted to 960x540; 0.500000%:0.500000% of 1920x1080.
 afxDrawOutput.c:307?AfxRegenerateDrawOutputBuffers(dout=031248d0)
 Draw output (031248d0) extent readjusted to 952x513; 0.495833%:0.475000% of 1920x1080.
 afxDrawOutput.c:307?AfxRegenerateDrawOutputBuffers(dout=031248d0)
 afxSurface.c:52?AfxAcquireSurface(fmt=12,whd=[952,513,1],usage=16)
 ADV afxTexture.c:69?AfxAcquireTextureBlueprint
    texb->fcc == AFX_FCC_TEXB
 afxClass<afxSurface>::AllocateObjects(1, 0026e838, 0026e854)
 afxClass<afxSurface>::BuildObjects(1, 0026e838, 0026e860)
 afxClass<afxSurface, afxTexture>ConstructingObject(030d6450)
 afxClass<afxTexture>::ConstructObject(030d6450)
 afxTexture.c:1023?_AfxTexCtor(tex=030d6450)
 sglTexture.c:987?_SglTexCtor(tex=030d6450)
 afxClass<afxSurface>::ConstructObject(030d6450)
 afxSurface.c:130?_AfxSurfCtor(surf=030d6450)
 sglSurface.c:114?_AfxSurfCtor(surf=030d6450)
 afxSurface.c:52?AfxAcquireSurface(fmt=12,whd=[952,513,1],usage=16)
 ADV afxTexture.c:69?AfxAcquireTextureBlueprint
    texb->fcc == AFX_FCC_TEXB
 afxClass<afxSurface>::AllocateObjects(1, 0026e838, 0026e854)
 afxClass<afxSurface>::BuildObjects(1, 0026e838, 0026e860)
 afxClass<afxSurface, afxTexture>ConstructingObject(030d6550)
 afxClass<afxTexture>::ConstructObject(030d6550)
 afxTexture.c:1023?_AfxTexCtor(tex=030d6550)
 sglTexture.c:987?_SglTexCtor(tex=030d6550)
 afxClass<afxSurface>::ConstructObject(030d6550)
 afxSurface.c:130?_AfxSurfCtor(surf=030d6550)
 sglSurface.c:114?_AfxSurfCtor(surf=030d6550)
 afxCanvas.c:253?AfxBuildCanvases(dctx=02b4f320,cnt=1,blueprint=0026ed50,canv=00ca503c)
 afxClass<afxCanvas>::AllocateObjects(1, 00ca503c, 0026ec3c)
 afxClass<afxCanvas>::BuildObjects(1, 00ca503c, 0026ed50)
 afxClass<afxCanvas>::ConstructObject(030d6640)
 afxCanvas.c:379?_AfxCanvCtor(canv=030d6640)
 sglCanvas.c:372?_AfxCanvCtor(canv=030d6640)
 afxObject<030d6450>::InstallEventFilter(030d6640)
 afxObject<031248d0>::InstallEventFilter(030d6640)
 afxCanvas.c:253?AfxBuildCanvases(dctx=02b4f320,cnt=1,blueprint=0026ed50,canv=00ca5040)
 afxClass<afxCanvas>::AllocateObjects(1, 00ca5040, 0026ec3c)
 afxClass<afxCanvas>::BuildObjects(1, 00ca5040, 0026ed50)
 afxClass<afxCanvas>::ConstructObject(030d6700)
 afxCanvas.c:379?_AfxCanvCtor(canv=030d6700)
 sglCanvas.c:372?_AfxCanvCtor(canv=030d6700)
 afxObject<030d6550>::InstallEventFilter(030d6700)
 afxObject<031248d0>::InstallEventFilter(030d6700)
 afxDrawInput.c:252?AfxAcquireDrawInputs(spec=0026ef00,cnt=1)
 afxClass<afxDrawInput>::AllocateObjects(1, 00ca502c, 0026ee48)
 afxClass<afxDrawInput>::BuildObjects(1, 00ca502c, 0026ef00)
 afxClass<afxDrawInput>::ConstructObject(030d67c0)
 afxDrawInput.c:336?_AfxDinCtor(din=030d67c0)
 afxModule.c:93?AfxAcquireModules(uri=binkw32.dll)
 afxClass<afxModule>::AllocateObjects(1, 00ca5334, 0026eb6c)
 afxClass<afxModule>::BuildObjects(1, 00ca5334, 0026ec44)
 afxClass<afxModule>::ConstructObject(03070e70)
 afxModule.c:170?_AfxMdleCtor(uri:binkw32.dll)
 afxSampler.c:53?AfxAcquireSamplers(cnt=1,spec=0026ee10,spec=00ca540c)
 afxClass<afxSampler>::AllocateObjects(1, 00ca540c, 0026eaf0)
 afxClass<afxSampler>::BuildObjects(1, 00ca540c, 0026ee10)
 afxClass<afxSampler>::ConstructObject(030409f0)
 afxSampler.c:111?_AfxSampCtor(samp=030409f0)
 sglSampler.c:143?_AfxSmpCtor(smp=030409f0)
 Uploading draw operation 'data/pipeline/yv12ToRgba.xml'
 afxXml.c:976?AfxLoadXml(uri:data/pipeline/yv12ToRgba.xml)
 afxFile.c:344?AfxOpenFile(00000001,data/pipeline/yv12ToRgba.xml)
 afxClass<afxFile>::AllocateObjects(1, 0026e5f4, 0026e604)
 afxClass<afxFile>::BuildObjects(1, 0026e5f4, 0026e5ec)
 afxClass<afxFile>::ConstructObject(03045b40)
 afxStream.c:600?AfxAcquireStream(ios=03045b74,flags=1,start=00000000,len=0)
 afxClass<afxFile>::DismantleObjects(1, 0026e644)
 Destructing instance 03045b40 of afxFile class.
 afxClass<afxFile>::DeallocateObjects(1, 0026e644)
 afxClass<afxDrawOperation>::AllocateObjects(1, 00ca5408, 0026e63c)
 afxClass<afxDrawOperation>::BuildObjects(1, 00ca5408, 0026e8c0)
 afxClass<afxDrawOperation>::ConstructObject(030d69b0)
 afxDrawOperation.c:659?_AfxDopCtor(dop=030d69b0)
 afxPipeline.c:380?AfxBuildPipelines(dctx=02b4f320)
 afxClass<afxPipeline>::AllocateObjects(1, 030d9198, 0026dfe4)
 afxClass<afxPipeline>::BuildObjects(1, 030d9198, 0026e0d8)
 afxClass<afxPipeline>::ConstructObject(030d5450)
 afxPipeline.c:452?_AfxPipCtor(pip=030d5450)
 afxShader.c:550?AfxAcquireShaders(cnt=1,uri=030d6ae0,shd=0026da48)
 Uploading shader 'data/pipeline/yv12ToRgba.xml?vs'
 afxXml.c:976?AfxLoadXml(uri:data/pipeline/yv12ToRgba.xml)
 afxFile.c:344?AfxOpenFile(00000001,data/pipeline/yv12ToRgba.xml)
 afxClass<afxFile>::AllocateObjects(1, 0026d2c8, 0026d2d8)
 afxClass<afxFile>::BuildObjects(1, 0026d2c8, 0026d2c0)
 afxClass<afxFile>::ConstructObject(0303d920)
 afxStream.c:600?AfxAcquireStream(ios=0303d954,flags=1,start=00000000,len=0)
 afxClass<afxFile>::DismantleObjects(1, 0026d318)
 Destructing instance 0303d920 of afxFile class.
 afxClass<afxFile>::DeallocateObjects(1, 0026d318)
 afxFile.c:364?AfxOpenReadableFile(data/pipeline/stdEnv.inc)
 afxClass<afxFile>::AllocateObjects(1, 0026d0b4, 0026d0c4)
 afxClass<afxFile>::BuildObjects(1, 0026d0b4, 0026d0ac)
 afxClass<afxFile>::ConstructObject(0303d920)
 afxStream.c:600?AfxAcquireStream(ios=0303d954,flags=5,start=00000000,len=0)
 afxClass<afxFile>::DismantleObjects(1, 0026d104)
 Destructing instance 0303d920 of afxFile class.
 afxClass<afxFile>::DeallocateObjects(1, 0026d104)
 afxShader.c:397?AfxBuildShaders(cnt=1,blueprint=0026d614,shd=0026da48)
 afxClass<afxShader>::AllocateObjects(1, 0026da48, 0026d310)
 afxClass<afxShader>::BuildObjects(1, 0026da48, 0026d614)
 afxClass<afxShader>::ConstructObject(0303d920)
 afxShader.c:660?_AfxShdCtor(shd=0303d920)
 #version 330 core // QWADRO. Engineered by SIGMA Technology Group.

#define afxInt int
#define afxNat uint

#define afxReal float

#define afxV2d vec2
#define afxV3d vec3
#define afxV4d vec4

#define afxM2d mat2
#define afxM3d mat3
#define afxM4d mat4

        
        layout(location = 0) in vec2 a_xy;

        out block
        {
            vec2 uv0;
        } sgl_v;

        void main()
        {
            gl_Position = vec4(a_xy, 0.0, 1.0);
            sgl_v.uv0 = vec2(gl_Position.xy * 0.5 + 0.5).xy;
        }
       
 sglShader.c:134?_AfxShdCtor(shd=0303d920)
 afxObject<0303d920>::InstallEventFilter(030d5450)
 afxShader.c:550?AfxAcquireShaders(cnt=1,uri=0303d880,shd=0026da48)
 Uploading shader 'data/pipeline/yv12ToRgba.xml?fsSigma'
 afxXml.c:976?AfxLoadXml(uri:data/pipeline/yv12ToRgba.xml)
 afxFile.c:344?AfxOpenFile(00000001,data/pipeline/yv12ToRgba.xml)
 afxClass<afxFile>::AllocateObjects(1, 0026d2c8, 0026d2d8)
 afxClass<afxFile>::BuildObjects(1, 0026d2c8, 0026d2c0)
 afxClass<afxFile>::ConstructObject(03041d50)
 afxStream.c:600?AfxAcquireStream(ios=03041d84,flags=1,start=00000000,len=0)
 afxClass<afxFile>::DismantleObjects(1, 0026d318)
 Destructing instance 03041d50 of afxFile class.
 afxClass<afxFile>::DeallocateObjects(1, 0026d318)
 afxFile.c:364?AfxOpenReadableFile(data/pipeline/stdEnv.inc)
 afxClass<afxFile>::AllocateObjects(1, 0026d0b4, 0026d0c4)
 afxClass<afxFile>::BuildObjects(1, 0026d0b4, 0026d0ac)
 afxClass<afxFile>::ConstructObject(03041d50)
 afxStream.c:600?AfxAcquireStream(ios=03041d84,flags=5,start=00000000,len=0)
 afxClass<afxFile>::DismantleObjects(1, 0026d104)
 Destructing instance 03041d50 of afxFile class.
 afxClass<afxFile>::DeallocateObjects(1, 0026d104)
 afxShader.c:397?AfxBuildShaders(cnt=1,blueprint=0026d614,shd=0026da48)
 afxClass<afxShader>::AllocateObjects(1, 0026da48, 0026d310)
 afxClass<afxShader>::BuildObjects(1, 0026da48, 0026d614)
 afxClass<afxShader>::ConstructObject(03041d50)
 afxShader.c:660?_AfxShdCtor(shd=03041d50)
 #version 330 core // QWADRO. Engineered by SIGMA Technology Group.

#define afxInt int
#define afxNat uint

#define afxReal float

#define afxV2d vec2
#define afxV3d vec3
#define afxV4d vec4

#define afxM2d mat2
#define afxM3d mat3
#define afxM4d mat4

        
        uniform sampler2D samp0;
        uniform sampler2D samp1;
        uniform sampler2D samp2;
        
        in block
        {
            vec2 uv0;
        } sgl_v;

        out vec4 sgl_rgba;

        void main()
        {
            vec3 yuv;
            yuv.x = texture(samp0, sgl_v.uv0).r;
            yuv.y = texture(samp2, sgl_v.uv0).r - 0.5;
            yuv.z = texture(samp1, sgl_v.uv0).r - 0.5;
            
            vec3 rgb = mat3( 1, 1, 1, 0, -0.34414, 1.772, 1.402, -0.71414, 0) * yuv;
            sgl_rgba = vec4(rgb, 1);
        }
       
 sglShader.c:134?_AfxShdCtor(shd=03041d50)
 afxObject<03041d50>::InstallEventFilter(030d5450)
 afxLego.c:218?AfxBuildLegos(dctx=02b4f320)
 ERR afxDrawContext.c:184?AfxGetLegoClass
    
 ERR afxDrawContext.c:184?AfxGetLegoClass
    (var_)
    Invalid
 afxClass<afxLego>::AllocateObjects(1, 03044614, 0026d890)
 afxClass<afxLego>::BuildObjects(1, 03044614, 0026dc04)
 afxClass<afxLego>::ConstructObject(03041f40)
 afxLego.c:275?_AfxLegtCtor(legt=03041f40)
 sglPipeline.c:293?_AfxPipCtor(pip=030d5450)
 afxClass<afxVertexBuffer>::AllocateObjects(1, 00ca5410, 0026eb44)
 afxClass<afxVertexBuffer>::BuildObjects(1, 00ca5410, 0026eb1c)
 afxClass<afxVertexBuffer, afxBuffer>ConstructingObject(03045b40)
 afxClass<afxBuffer>::ConstructObject(03045b40)
 afxBuffer.c:247?_AfxBufCtor(buf=03045b40)
 sglBuffer.c:329?_SglBufCtor(buf=03045b40)
 afxClass<afxVertexBuffer>::ConstructObject(03045b40)
 afxVertexBuffer.c:446?_AfxVbufCtor(vbuf=03045b40)
 afxSurface.c:52?AfxAcquireSurface(fmt=1,whd=[1280,720,1],usage=16)
 ADV afxTexture.c:69?AfxAcquireTextureBlueprint
    texb->fcc == AFX_FCC_TEXB
 afxClass<afxSurface>::AllocateObjects(1, 0026dec8, 0026dee4)
 afxClass<afxSurface>::BuildObjects(1, 0026dec8, 0026def0)
 afxClass<afxSurface, afxTexture>ConstructingObject(0318fed0)
 afxClass<afxTexture>::ConstructObject(0318fed0)
 afxTexture.c:1023?_AfxTexCtor(tex=0318fed0)
 sglTexture.c:987?_SglTexCtor(tex=0318fed0)
 afxClass<afxSurface>::ConstructObject(0318fed0)
 afxSurface.c:130?_AfxSurfCtor(surf=0318fed0)
 sglSurface.c:114?_AfxSurfCtor(surf=0318fed0)
 afxSurface.c:52?AfxAcquireSurface(fmt=1,whd=[640,360,1],usage=16)
 ADV afxTexture.c:69?AfxAcquireTextureBlueprint
    texb->fcc == AFX_FCC_TEXB
 afxClass<afxSurface>::AllocateObjects(1, 0026dec8, 0026dee4)
 afxClass<afxSurface>::BuildObjects(1, 0026dec8, 0026def0)
 afxClass<afxSurface, afxTexture>ConstructingObject(0312f0b0)
 afxClass<afxTexture>::ConstructObject(0312f0b0)
 afxTexture.c:1023?_AfxTexCtor(tex=0312f0b0)
 sglTexture.c:987?_SglTexCtor(tex=0312f0b0)
 afxClass<afxSurface>::ConstructObject(0312f0b0)
 afxSurface.c:130?_AfxSurfCtor(surf=0312f0b0)
 sglSurface.c:114?_AfxSurfCtor(surf=0312f0b0)
 afxSurface.c:52?AfxAcquireSurface(fmt=1,whd=[640,360,1],usage=16)
 ADV afxTexture.c:69?AfxAcquireTextureBlueprint
    texb->fcc == AFX_FCC_TEXB
 afxClass<afxSurface>::AllocateObjects(1, 0026dec8, 0026dee4)
 afxClass<afxSurface>::BuildObjects(1, 0026dec8, 0026def0)
 afxClass<afxSurface, afxTexture>ConstructingObject(0317a470)
 afxClass<afxTexture>::ConstructObject(0317a470)
 afxTexture.c:1023?_AfxTexCtor(tex=0317a470)
 sglTexture.c:987?_SglTexCtor(tex=0317a470)
 afxClass<afxSurface>::ConstructObject(0317a470)
 afxSurface.c:130?_AfxSurfCtor(surf=0317a470)
 sglSurface.c:114?_AfxSurfCtor(surf=0317a470)
 afxCanvas.c:253?AfxBuildCanvases(dctx=02b4f320,cnt=1,blueprint=0026e430,canv=00ca53c0)
 afxClass<afxCanvas>::AllocateObjects(1, 00ca53c0, 0026e35c)
 afxClass<afxCanvas>::BuildObjects(1, 00ca53c0, 0026e430)
 afxClass<afxCanvas>::ConstructObject(0317a560)
 afxCanvas.c:379?_AfxCanvCtor(canv=0317a560)
 afxSurface.c:52?AfxAcquireSurface(fmt=4,whd=[1280,720,1],usage=16)
 ADV afxTexture.c:69?AfxAcquireTextureBlueprint
    texb->fcc == AFX_FCC_TEXB
 afxClass<afxSurface>::AllocateObjects(1, 0026d938, 0026d954)
 afxClass<afxSurface>::BuildObjects(1, 0026d938, 0026d960)
 afxClass<afxSurface, afxTexture>ConstructingObject(0317a1d0)
 afxClass<afxTexture>::ConstructObject(0317a1d0)
 afxTexture.c:1023?_AfxTexCtor(tex=0317a1d0)
 sglTexture.c:987?_SglTexCtor(tex=0317a1d0)
 afxClass<afxSurface>::ConstructObject(0317a1d0)
 afxSurface.c:130?_AfxSurfCtor(surf=0317a1d0)
 sglSurface.c:114?_AfxSurfCtor(surf=0317a1d0)
 sglCanvas.c:372?_AfxCanvCtor(canv=0317a560)
 afxObject<0317a1d0>::InstallEventFilter(0317a560)
 afxSurface.c:52?AfxAcquireSurface(fmt=1,whd=[1280,720,1],usage=16)
 ADV afxTexture.c:69?AfxAcquireTextureBlueprint
    texb->fcc == AFX_FCC_TEXB
 afxClass<afxSurface>::AllocateObjects(1, 0026dec8, 0026dee4)
 afxClass<afxSurface>::BuildObjects(1, 0026dec8, 0026def0)
 afxClass<afxSurface, afxTexture>ConstructingObject(03036d70)
 afxClass<afxTexture>::ConstructObject(03036d70)
 afxTexture.c:1023?_AfxTexCtor(tex=03036d70)
 sglTexture.c:987?_SglTexCtor(tex=03036d70)
 afxClass<afxSurface>::ConstructObject(03036d70)
 afxSurface.c:130?_AfxSurfCtor(surf=03036d70)
 sglSurface.c:114?_AfxSurfCtor(surf=03036d70)
 afxSurface.c:52?AfxAcquireSurface(fmt=1,whd=[640,360,1],usage=16)
 ADV afxTexture.c:69?AfxAcquireTextureBlueprint
    texb->fcc == AFX_FCC_TEXB
 afxClass<afxSurface>::AllocateObjects(1, 0026dec8, 0026dee4)
 afxClass<afxSurface>::BuildObjects(1, 0026dec8, 0026def0)
 afxClass<afxSurface, afxTexture>ConstructingObject(05582250)
 afxClass<afxTexture>::ConstructObject(05582250)
 afxTexture.c:1023?_AfxTexCtor(tex=05582250)
 sglTexture.c:987?_SglTexCtor(tex=05582250)
 afxClass<afxSurface>::ConstructObject(05582250)
 afxSurface.c:130?_AfxSurfCtor(surf=05582250)
 sglSurface.c:114?_AfxSurfCtor(surf=05582250)
 afxSurface.c:52?AfxAcquireSurface(fmt=1,whd=[640,360,1],usage=16)
 ADV afxTexture.c:69?AfxAcquireTextureBlueprint
    texb->fcc == AFX_FCC_TEXB
 afxClass<afxSurface>::AllocateObjects(1, 0026dec8, 0026dee4)
 afxClass<afxSurface>::BuildObjects(1, 0026dec8, 0026def0)
 afxClass<afxSurface, afxTexture>ConstructingObject(05582340)
 afxClass<afxTexture>::ConstructObject(05582340)
 afxTexture.c:1023?_AfxTexCtor(tex=05582340)
 sglTexture.c:987?_SglTexCtor(tex=05582340)
 afxClass<afxSurface>::ConstructObject(05582340)
 afxSurface.c:130?_AfxSurfCtor(surf=05582340)
 sglSurface.c:114?_AfxSurfCtor(surf=05582340)
 afxCanvas.c:253?AfxBuildCanvases(dctx=02b4f320,cnt=1,blueprint=0026e430,canv=00ca53c4)
 afxClass<afxCanvas>::AllocateObjects(1, 00ca53c4, 0026e35c)
 afxClass<afxCanvas>::BuildObjects(1, 00ca53c4, 0026e430)
 afxClass<afxCanvas>::ConstructObject(03036e60)
 afxCanvas.c:379?_AfxCanvCtor(canv=03036e60)
 afxSurface.c:52?AfxAcquireSurface(fmt=4,whd=[1280,720,1],usage=16)
 ADV afxTexture.c:69?AfxAcquireTextureBlueprint
    texb->fcc == AFX_FCC_TEXB
 afxClass<afxSurface>::AllocateObjects(1, 0026d938, 0026d954)
 afxClass<afxSurface>::BuildObjects(1, 0026d938, 0026d960)
 afxClass<afxSurface, afxTexture>ConstructingObject(05582440)
 afxClass<afxTexture>::ConstructObject(05582440)
 afxTexture.c:1023?_AfxTexCtor(tex=05582440)
 sglTexture.c:987?_SglTexCtor(tex=05582440)
 afxClass<afxSurface>::ConstructObject(05582440)
 afxSurface.c:130?_AfxSurfCtor(surf=05582440)
 sglSurface.c:114?_AfxSurfCtor(surf=05582440)
 sglCanvas.c:372?_AfxCanvCtor(canv=03036e60)
 afxObject<05582440>::InstallEventFilter(03036e60)
 afxDrawOutput.c:307?AfxRegenerateDrawOutputBuffers(dout=031248d0)
 afxSurface.c:52?AfxAcquireSurface(fmt=12,whd=[1280,720,1],usage=16)
 ADV afxTexture.c:69?AfxAcquireTextureBlueprint
    texb->fcc == AFX_FCC_TEXB
 afxClass<afxSurface>::AllocateObjects(1, 0026e798, 0026e7b4)
 afxClass<afxSurface>::BuildObjects(1, 0026e798, 0026e7c0)
 afxClass<afxSurface, afxTexture>ConstructingObject(05689bb0)
 afxClass<afxTexture>::ConstructObject(05689bb0)
 afxTexture.c:1023?_AfxTexCtor(tex=05689bb0)
 sglTexture.c:987?_SglTexCtor(tex=05689bb0)
 afxClass<afxSurface>::ConstructObject(05689bb0)
 afxSurface.c:130?_AfxSurfCtor(surf=05689bb0)
 sglSurface.c:114?_AfxSurfCtor(surf=05689bb0)
 afxObject<030d6450>::RemoveEventFilter(030d6640)
 afxClass<afxSurface>::DismantleObjects(1, 0026eb20)
 Destructing instance 030d6450 of afxSurface class.
 afxSurface.c:97?_AfxSurfDtor(surf=030d6450)
 sglSurface.c:84?_AfxSurfDtor(surf=030d6450)
 Destructing instance 030d6450 of afxSurface : afxTexture class.
 Destructing instance 030d6450 of afxTexture class.
 afxTexture.c:1002?_AfxTexDtor(tex=030d6450)
 sglTexture.c:954?_SglTexDtor(img=030d6450)
 afxClass<afxSurface>::DeallocateObjects(1, 0026eb20)
 afxObject<05689bb0>::InstallEventFilter(030d6640)
 afxSurface.c:52?AfxAcquireSurface(fmt=12,whd=[1280,720,1],usage=16)
 ADV afxTexture.c:69?AfxAcquireTextureBlueprint
    texb->fcc == AFX_FCC_TEXB
 afxClass<afxSurface>::AllocateObjects(1, 0026e798, 0026e7b4)
 afxClass<afxSurface>::BuildObjects(1, 0026e798, 0026e7c0)
 afxClass<afxSurface, afxTexture>ConstructingObject(030d6450)
 afxClass<afxTexture>::ConstructObject(030d6450)
 afxTexture.c:1023?_AfxTexCtor(tex=030d6450)
 sglTexture.c:987?_SglTexCtor(tex=030d6450)
 afxClass<afxSurface>::ConstructObject(030d6450)
 afxSurface.c:130?_AfxSurfCtor(surf=030d6450)
 sglSurface.c:114?_AfxSurfCtor(surf=030d6450)
 afxObject<030d6550>::RemoveEventFilter(030d6700)
 afxClass<afxSurface>::DismantleObjects(1, 0026eb20)
 Destructing instance 030d6550 of afxSurface class.
 afxSurface.c:97?_AfxSurfDtor(surf=030d6550)
 sglSurface.c:84?_AfxSurfDtor(surf=030d6550)
 Destructing instance 030d6550 of afxSurface : afxTexture class.
 Destructing instance 030d6550 of afxTexture class.
 afxTexture.c:1002?_AfxTexDtor(tex=030d6550)
 sglTexture.c:954?_SglTexDtor(img=030d6550)
 afxClass<afxSurface>::DeallocateObjects(1, 0026eb20)
 afxObject<05689bb0>::InstallEventFilter(030d6700)
 Draw output (031248d0) extent readjusted to 1280x720; 0.666667%:0.666667% of 1920x1080.
 afxDrawScript.c:369?AfxAcquireDrawScripts(ddrv=004476c0)
 afxClass<afxDrawScript>::AllocateObjects(1, 0026e620, 0026e564)
 afxClass<afxDrawScript>::BuildObjects(1, 0026e620, 0026e550)
 afxClass<afxDrawScript>::ConstructObject(05689cb0)
 afxDrawScript.c:453?_AfxDscrCtor(dscr=05689cb0)
 afxArena.c:767?AfxAcquireArena(aren=05689cfc)
 afxArena.c:768?AfxAcquireArena(spec=00000000,hint="afxDrawScript.c:467!_AfxDscrCtor")
 sglCanvas.c:55?_SglCanvReinstantiateIdd(canv=030d6640)
 sglTexture.c:756?_SglTexReinstantiateIdd(tex=05689bb0)
 afxTexture 05689bb0 hardware-side data instanced.
 afxSurface 05689bb0 hardware-side data instanced.
 afxCanvas 030d6640 hardware-side data instanced.
 afxCanvas 030d6640 hardware-side data instanced.
 afxShader 0303d920 hardware-side data instanced.
 afxShader 03041d50 hardware-side data instanced.
 afxPipeline 030d5450 hardware-side data instanced.
 afxBuffer 03045b40 hardware-side data instanced.
 sglTexture.c:756?_SglTexReinstantiateIdd(tex=03036d70)
 afxTexture 03036d70 hardware-side data instanced.
 afxSampler 030409f0 hardware-side data instanced.
 sglTexture.c:756?_SglTexReinstantiateIdd(tex=05582250)
 afxTexture 05582250 hardware-side data instanced.
 sglTexture.c:756?_SglTexReinstantiateIdd(tex=05582340)
 afxTexture 05582340 hardware-side data instanced.
 afxShader 03004f90 hardware-side data instanced.
 afxShader 03124780 hardware-side data instanced.
 afxPipeline 030dc7b0 hardware-side data instanced.
 afxBuffer 02acb820 hardware-side data instanced.
 afxSampler 02fa24f0 hardware-side data instanced.
 sglCanvas.c:55?_SglCanvReinstantiateIdd(canv=030d6700)
 afxCanvas 030d6700 hardware-side data instanced.
 afxCanvas 030d6700 hardware-side data instanced.
 sglTexture.c:756?_SglTexReinstantiateIdd(tex=030d6450)
 afxTexture 030d6450 hardware-side data instanced.
 sglTexture.c:756?_SglTexReinstantiateIdd(tex=0318fed0)
 afxTexture 0318fed0 hardware-side data instanced.
 sglTexture.c:756?_SglTexReinstantiateIdd(tex=0312f0b0)
 afxTexture 0312f0b0 hardware-side data instanced.
 sglTexture.c:756?_SglTexReinstantiateIdd(tex=0317a470)
 afxTexture 0317a470 hardware-side data instanced.
 afxDrawOutput.c:307?AfxRegenerateDrawOutputBuffers(dout=031248d0)
 afxSurface.c:52?AfxAcquireSurface(fmt=12,whd=[1920,1017,1],usage=16)
 ADV afxTexture.c:69?AfxAcquireTextureBlueprint
    texb->fcc == AFX_FCC_TEXB
 afxClass<afxSurface>::AllocateObjects(1, 0026d558, 0026d574)
 afxClass<afxSurface>::BuildObjects(1, 0026d558, 0026d580)
 afxClass<afxSurface, afxTexture>ConstructingObject(05785150)
 afxClass<afxTexture>::ConstructObject(05785150)
 afxTexture.c:1023?_AfxTexCtor(tex=05785150)
 sglTexture.c:987?_SglTexCtor(tex=05785150)
 afxClass<afxSurface>::ConstructObject(05785150)
 afxSurface.c:130?_AfxSurfCtor(surf=05785150)
 sglSurface.c:114?_AfxSurfCtor(surf=05785150)
 afxObject<05689bb0>::RemoveEventFilter(030d6640)
 afxObject<05785150>::InstallEventFilter(030d6640)
 afxClass<afxSurface>::DismantleObjects(1, 0026da64)
 Destructing instance 030d6450 of afxSurface class.
 afxSurface.c:97?_AfxSurfDtor(surf=030d6450)
 sglSurface.c:84?_AfxSurfDtor(surf=030d6450)
 Destructing instance 030d6450 of afxSurface : afxTexture class.
 Destructing instance 030d6450 of afxTexture class.
 afxTexture.c:1002?_AfxTexDtor(tex=030d6450)
 sglTexture.c:954?_SglTexDtor(img=030d6450)
 sglDrawDriver.c:1596?_SglDeleteGlRes(dctx=02b4f320)
 afxClass<afxSurface>::DeallocateObjects(1, 0026da64)
 afxSurface.c:52?AfxAcquireSurface(fmt=12,whd=[1920,1017,1],usage=16)
 ADV afxTexture.c:69?AfxAcquireTextureBlueprint
    texb->fcc == AFX_FCC_TEXB
 afxClass<afxSurface>::AllocateObjects(1, 0026d558, 0026d574)
 afxClass<afxSurface>::BuildObjects(1, 0026d558, 0026d580)
 afxClass<afxSurface, afxTexture>ConstructingObject(05785250)
 afxClass<afxTexture>::ConstructObject(05785250)
 afxTexture.c:1023?_AfxTexCtor(tex=05785250)
 sglTexture.c:987?_SglTexCtor(tex=05785250)
 afxClass<afxSurface>::ConstructObject(05785250)
 afxSurface.c:130?_AfxSurfCtor(surf=05785250)
 sglSurface.c:114?_AfxSurfCtor(surf=05785250)
 afxObject<05689bb0>::RemoveEventFilter(030d6700)
 afxClass<afxSurface>::DismantleObjects(1, 0026d8e0)
 Destructing instance 05689bb0 of afxSurface class.
 afxSurface.c:97?_AfxSurfDtor(surf=05689bb0)
 sglSurface.c:84?_AfxSurfDtor(surf=05689bb0)
 sglDrawDriver.c:1596?_SglDeleteGlRes(dctx=02b4f320)
 Destructing instance 05689bb0 of afxSurface : afxTexture class.
 Destructing instance 05689bb0 of afxTexture class.
 afxTexture.c:1002?_AfxTexDtor(tex=05689bb0)
 sglTexture.c:954?_SglTexDtor(img=05689bb0)
 sglDrawDriver.c:1596?_SglDeleteGlRes(dctx=02b4f320)
 afxClass<afxSurface>::DeallocateObjects(1, 0026d8e0)
 afxObject<05785150>::InstallEventFilter(030d6700)
 Draw output (031248d0) extent readjusted to 1920x1017; 1.000000%:0.941667% of 1920x1080.
 sglCanvas.c:55?_SglCanvReinstantiateIdd(canv=030d6700)
 sglTexture.c:756?_SglTexReinstantiateIdd(tex=05785150)
 afxTexture 05785150 hardware-side data instanced.
 afxSurface 05785150 hardware-side data instanced.
 afxCanvas 030d6700 hardware-side data instanced.
 afxCanvas 030d6700 hardware-side data instanced.
 sglTexture.c:756?_SglTexReinstantiateIdd(tex=05785250)
 afxTexture 05785250 hardware-side data instanced.
 sglCanvas.c:55?_SglCanvReinstantiateIdd(canv=030d6640)
 afxCanvas 030d6640 hardware-side data instanced.
 afxCanvas 030d6640 hardware-side data instanced.
 afxDrawOutput.c:307?AfxRegenerateDrawOutputBuffers(dout=031248d0)
 afxSurface.c:52?AfxAcquireSurface(fmt=12,whd=[952,513,1],usage=16)
 ADV afxTexture.c:69?AfxAcquireTextureBlueprint
    texb->fcc == AFX_FCC_TEXB
 afxClass<afxSurface>::AllocateObjects(1, 0026d558, 0026d574)
 afxClass<afxSurface>::BuildObjects(1, 0026d558, 0026d580)
 afxClass<afxSurface, afxTexture>ConstructingObject(05785340)
 afxClass<afxTexture>::ConstructObject(05785340)
 afxTexture.c:1023?_AfxTexCtor(tex=05785340)
 sglTexture.c:987?_SglTexCtor(tex=05785340)
 afxClass<afxSurface>::ConstructObject(05785340)
 afxSurface.c:130?_AfxSurfCtor(surf=05785340)
 sglSurface.c:114?_AfxSurfCtor(surf=05785340)
 afxObject<05785150>::RemoveEventFilter(030d6640)
 afxObject<05785340>::InstallEventFilter(030d6640)
 afxClass<afxSurface>::DismantleObjects(1, 0026da64)
 Destructing instance 05785250 of afxSurface class.
 afxSurface.c:97?_AfxSurfDtor(surf=05785250)
 sglSurface.c:84?_AfxSurfDtor(surf=05785250)
 Destructing instance 05785250 of afxSurface : afxTexture class.
 Destructing instance 05785250 of afxTexture class.
 afxTexture.c:1002?_AfxTexDtor(tex=05785250)
 sglTexture.c:954?_SglTexDtor(img=05785250)
 sglDrawDriver.c:1596?_SglDeleteGlRes(dctx=02b4f320)
 afxClass<afxSurface>::DeallocateObjects(1, 0026da64)
 afxSurface.c:52?AfxAcquireSurface(fmt=12,whd=[952,513,1],usage=16)
 ADV afxTexture.c:69?AfxAcquireTextureBlueprint
    texb->fcc == AFX_FCC_TEXB
 afxClass<afxSurface>::AllocateObjects(1, 0026d558, 0026d574)
 afxClass<afxSurface>::BuildObjects(1, 0026d558, 0026d580)
 afxClass<afxSurface, afxTexture>ConstructingObject(05785250)
 afxClass<afxTexture>::ConstructObject(05785250)
 afxTexture.c:1023?_AfxTexCtor(tex=05785250)
 sglTexture.c:987?_SglTexCtor(tex=05785250)
 afxClass<afxSurface>::ConstructObject(05785250)
 afxSurface.c:130?_AfxSurfCtor(surf=05785250)
 sglSurface.c:114?_AfxSurfCtor(surf=05785250)
 afxObject<05785150>::RemoveEventFilter(030d6700)
 afxClass<afxSurface>::DismantleObjects(1, 0026d8e0)
 Destructing instance 05785150 of afxSurface class.
 afxSurface.c:97?_AfxSurfDtor(surf=05785150)
 sglSurface.c:84?_AfxSurfDtor(surf=05785150)
 sglDrawDriver.c:1596?_SglDeleteGlRes(dctx=02b4f320)
 Destructing instance 05785150 of afxSurface : afxTexture class.
 Destructing instance 05785150 of afxTexture class.
 afxTexture.c:1002?_AfxTexDtor(tex=05785150)
 sglTexture.c:954?_SglTexDtor(img=05785150)
 sglDrawDriver.c:1596?_SglDeleteGlRes(dctx=02b4f320)
 afxClass<afxSurface>::DeallocateObjects(1, 0026d8e0)
 afxObject<05785340>::InstallEventFilter(030d6700)
 Draw output (031248d0) extent readjusted to 952x513; 0.495833%:0.475000% of 1920x1080.
 sglCanvas.c:55?_SglCanvReinstantiateIdd(canv=030d6640)
 sglTexture.c:756?_SglTexReinstantiateIdd(tex=05785340)
 afxTexture 05785340 hardware-side data instanced.
 afxSurface 05785340 hardware-side data instanced.
 afxCanvas 030d6640 hardware-side data instanced.
 afxCanvas 030d6640 hardware-side data instanced.
 sglCanvas.c:55?_SglCanvReinstantiateIdd(canv=030d6700)
 afxCanvas 030d6700 hardware-side data instanced.
 afxCanvas 030d6700 hardware-side data instanced.
 sglTexture.c:756?_SglTexReinstantiateIdd(tex=05785250)
 afxTexture 05785250 hardware-side data instanced.