
 afxDebug.c:363?AfxAttachDebugTerminal()
      ::::::::  :::       :::     :::     :::::::::  :::::::::   ::::::::      
     :+:    :+: :+:       :+:   :+: :+:   :+:    :+: :+:    :+: :+:    :+:     
     +:+    +:+ +:+       +:+  +:+   +:+  +:+    +:+ +:+    +:+ +:+    +:+     
     +#+    +:+ +#+  +:+  +#+ +#++:++#++: +#+    +:+ +#++:++#:  +#+    +:+     
     +#+  # +#+ +#+ +#+#+ +#+ +#+     +#+ +#+    +#+ +#+    +#+ +#+    +#+     
     #+#   +#+   #+#+# #+#+#  #+#     #+# #+#    #+# #+#    #+# #+#    #+#     
      ###### ###  ###   ###   ###     ### #########  ###    ###  ########      
                                                                               
             S I G M A   C O . ,   T E C H N O L O G Y   G R O U P             
                                                                             
                                    4D AFX                                   
                              Public Test Build                              
                     (c) 2017 SIGMA Co., Technology Group                    
                               www.sigmaco.org                               
                                                                             
                                                                             
 Core Execution System class registered.
 Class[Core Execution System].ConstructInstances(1, 002ee8e4, 002ee944)
 Constructing instance 004ff080 of Core Execution System.
 afxSystem.c:802?_AfxSysCtor(sys=004ff080)
 ADV afxSystem.c:818?_AfxSysCtor
    Memoy page size: 4096
 ADV afxSystem.c:819?_AfxSysCtor
    Logical processor count: 2
 Memory Context class registered.
 Memory Arena class registered.
 afxMemory.c:259?AfxSystemAcquireMemory(sys=004ff080,strategy=002ed4e0,hint="afxSystem.c:837!_AfxSysCtor")
 Class[Memory Context].ConstructInstances(1, 002ed2a8, 002ed308)
 Constructing instance 00500790 of Memory Context.
 afxMemory.c:298?_AfxMemCtor(mem=00500790)
 Instance 00500790[mem]^1 built.
 Thread class registered.
 File System class registered.
 afxFileSystem.c:545?AfxSystemAcquireFileSystem(Afx.System.AcquireFileSystem(004ff080,5,002ed6a4))
 Class[File System].ConstructInstances(1, 002ed29c, 002ed2fc)
 Constructing instance 00500dc0 of File System.
 afxFileSystem.c:593?_AfxFsysCtor(fsys=00500dc0)
 I/O Stream class registered.
 File class registered.
 ZIP-compatible Archive class registered.
 Resource class registered.
 Uniform Resource Dictionary class registered.
 afxFileSystem.c:376?AfxFileSystemMountStoragePoints(Afx.FileSystem.MountStoragePoints(00500dc0,5,002ed6a4))
 Point "." 5 mounted -> "E:/qwadro/afx".
 Point "system" 7 mounted -> "E:/qwadro/afx/system32".
 Point "art" 5 mounted -> "E:/qwadro/afx/art".
 Point "data" 5 mounted -> "E:/qwadro/afx/data".
 Point "sound" 5 mounted -> "E:/qwadro/afx/sound".
 Instance 00500dc0[fsys]^1 built.
 Module class registered.
 afxModule.c:72?AfxSystemAcquireModule(sys=004ff080,uri=system/e2coree.dll)
 Class[Module].ConstructInstances(1, 002ed240, 002ed2a0)
 Constructing instance 00504040 of Module.
 afxModule.c:123?_AfxMdleCtor(uri:system/e2coree.dll)
 Instance 00504040[mdle]^1 built.
 HID class registered.
 Keyboard class registered.
 Mouse class registered.
 Draw System class registered.
 Application class registered.
 afxKeyboard.c:163?AfxSystemAcquireKeyboard(sys=004ff080,port=0)
 Class[Keyboard].ConstructInstances(1, 002ed2c0, 002ed320)
 Constructing instance 00502370 of Keyboard : HID.
 Constructing instance 00502370 of HID.
 afxHid.c:56?_AfxHidCtor(hid=00502370)
 Constructing instance 00502370 of Keyboard.
 afxKeyboard.c:203?_AfxKbdCtor(kbd=00502370)
 Instance 00502370[kbd]^1 built.
 Instance 004ff080[sys]^1 built.
 afxDrawSystem.c:320?AfxSystemAcquireDrawSystem(sys=004ff080)
 Class[Draw System].ConstructInstances(1, 002ee8e4, 002ee944)
 Constructing instance 00502c00 of Draw System.
 afxDrawSystem.c:399?_AfxDsysCtor(dsys=00502c00)
 Draw Driver class registered.
New texture codec registered.
Name: SIGGL
Author: SIGMA Technology Group
Version: 0.5.1
Note: 
    :::::::::::     :::     :::::::::   ::::::::      :::        
        :+:       :+: :+:   :+:    :+: :+:    :+:   :+: :+:      
        +:+      +:+   +:+  +:+    +:+ +:+         +:+   +:+     
        +#+     +#++:++#++: +#++:++#:  :#:        +#++:++#++:    
        +#+     +#+     +#+ +#+    +#+ +#+   +#+# +#+     +#+    
        #+#     #+#     #+# #+#    #+# #+#    #+# #+#     #+#    
        ###     ###     ### ###    ###  ########  ###     ###    
                                                                 
                      SIGMA Technology Group                     
 Truecolor Targa texture serializer installed!
 afxModule.c:72?AfxSystemAcquireModule(sys=004ff080,uri=e2draw.icd)
 Class[Module].ConstructInstances(1, 002ee390, 002ee3f0)
 Constructing instance 00504100 of Module.
 afxModule.c:123?_AfxMdleCtor(uri:e2draw.icd)
 Instance 00504100[mdle]^1 built.
 Listing mem available display devices...

 #0 = Intel(R) HD Graphics (\\.\DISPLAY1) 8000005
 #1 = RDPDD Chained DD (\\.\DISPLAYV1) 200008
 #2 = RDP Encoder Mirror Driver (\\.\DISPLAYV2) 200008
 #3 = RDP Reflector Display Driver (\\.\DISPLAYV3) 200008
 sglDriver.c:1268?_SglCreateCombinedDeviceContext(oglWndClss=00508190,shareCtx=00000000,phwnd=005081c0,phdc=005081c4,phrc=005081cc)
 sglDriver.c:786?_SglLoadVmt(vmt=005081d0,verMajor=1,verMinor=0)
 glCullFace @ 0 found.
 glFrontFace @ 1 found.
 glHint @ 2 found.
 glLineWidth @ 3 found.
 glPointSize @ 4 found.
 glPolygonMode @ 5 found.
 glScissor @ 6 found.
 glTexParameterf @ 7 found.
 glTexParameterfv @ 8 found.
 glTexParameteri @ 9 found.
 glTexParameteriv @ 10 found.
 glTexImage1D @ 11 found.
 glTexImage2D @ 12 found.
 glDrawBuffer @ 13 found.
 glClear @ 14 found.
 glClearColor @ 15 found.
 glClearStencil @ 16 found.
 glClearDepth @ 17 found.
 glStencilMask @ 18 found.
 glColorMask @ 19 found.
 glDepthMask @ 20 found.
 glDisable @ 21 found.
 glEnable @ 22 found.
 glFinish @ 23 found.
 glFlush @ 24 found.
 glBlendFunc @ 25 found.
 glLogicOp @ 26 found.
 glStencilFunc @ 27 found.
 glStencilOp @ 28 found.
 glDepthFunc @ 29 found.
 glPixelStoref @ 30 found.
 glPixelStorei @ 31 found.
 glReadBuffer @ 32 found.
 glReadPixels @ 33 found.
 glGetBooleanv @ 34 found.
 glGetDoublev @ 35 found.
 glGetError @ 36 found.
 glGetFloatv @ 37 found.
 glGetIntegerv @ 38 found.
 glGetString @ 39 found.
 glGetTexImage @ 40 found.
 glGetTexParameterfv @ 41 found.
 glGetTexParameteriv @ 42 found.
 glGetTexLevelParameterfv @ 43 found.
 glGetTexLevelParameteriv @ 44 found.
 glIsEnabled @ 45 found.
 glDepthRange @ 46 found.
 glViewport @ 47 found.
 sglDriver.c:786?_SglLoadVmt(vmt=005081d0,verMajor=4,verMinor=6)
 glCullFace @ 0 found.
 glFrontFace @ 1 found.
 glHint @ 2 found.
 glLineWidth @ 3 found.
 glPointSize @ 4 found.
 glPolygonMode @ 5 found.
 glScissor @ 6 found.
 glTexParameterf @ 7 found.
 glTexParameterfv @ 8 found.
 glTexParameteri @ 9 found.
 glTexParameteriv @ 10 found.
 glTexImage1D @ 11 found.
 glTexImage2D @ 12 found.
 glDrawBuffer @ 13 found.
 glClear @ 14 found.
 glClearColor @ 15 found.
 glClearStencil @ 16 found.
 glClearDepth @ 17 found.
 glStencilMask @ 18 found.
 glColorMask @ 19 found.
 glDepthMask @ 20 found.
 glDisable @ 21 found.
 glEnable @ 22 found.
 glFinish @ 23 found.
 glFlush @ 24 found.
 glBlendFunc @ 25 found.
 glLogicOp @ 26 found.
 glStencilFunc @ 27 found.
 glStencilOp @ 28 found.
 glDepthFunc @ 29 found.
 glPixelStoref @ 30 found.
 glPixelStorei @ 31 found.
 glReadBuffer @ 32 found.
 glReadPixels @ 33 found.
 glGetBooleanv @ 34 found.
 glGetDoublev @ 35 found.
 glGetError @ 36 found.
 glGetFloatv @ 37 found.
 glGetIntegerv @ 38 found.
 glGetString @ 39 found.
 glGetTexImage @ 40 found.
 glGetTexParameterfv @ 41 found.
 glGetTexParameteriv @ 42 found.
 glGetTexLevelParameterfv @ 43 found.
 glGetTexLevelParameteriv @ 44 found.
 glIsEnabled @ 45 found.
 glDepthRange @ 46 found.
 glViewport @ 47 found.
 glDrawArrays @ 48 found.
 glDrawElements @ 49 found.
 glGetPointerv @ 50 found.
 glPolygonOffset @ 51 found.
 glCopyTexImage1D @ 52 found.
 glCopyTexImage2D @ 53 found.
 glCopyTexSubImage1D @ 54 found.
 glCopyTexSubImage2D @ 55 found.
 glTexSubImage1D @ 56 found.
 glTexSubImage2D @ 57 found.
 glBindTexture @ 58 found.
 glDeleteTextures @ 59 found.
 glGenTextures @ 60 found.
 glIsTexture @ 61 found.
 glDrawRangeElements @ 62 found.
 glTexImage3D @ 63 found.
 glTexSubImage3D @ 64 found.
 glCopyTexSubImage3D @ 65 found.
 glActiveTexture @ 66 found.
 glSampleCoverage @ 67 found.
 glCompressedTexImage3D @ 68 found.
 glCompressedTexImage2D @ 69 found.
 glCompressedTexImage1D @ 70 found.
 glCompressedTexSubImage3D @ 71 found.
 glCompressedTexSubImage2D @ 72 found.
 glCompressedTexSubImage1D @ 73 found.
 glGetCompressedTexImage @ 74 found.
 glBlendFuncSeparate @ 75 found.
 glMultiDrawArrays @ 76 found.
 glMultiDrawElements @ 77 found.
 glPointParameterf @ 78 found.
 glPointParameterfv @ 79 found.
 glPointParameteri @ 80 found.
 glPointParameteriv @ 81 found.
 glBlendColor @ 82 found.
 glBlendEquation @ 83 found.
 glGenQueries @ 84 found.
 glDeleteQueries @ 85 found.
 glIsQuery @ 86 found.
 glBeginQuery @ 87 found.
 glEndQuery @ 88 found.
 glGetQueryiv @ 89 found.
 glGetQueryObjectiv @ 90 found.
 glGetQueryObjectuiv @ 91 found.
 glBindBuffer @ 92 found.
 glDeleteBuffers @ 93 found.
 glGenBuffers @ 94 found.
 glIsBuffer @ 95 found.
 glBufferData @ 96 found.
 glBufferSubData @ 97 found.
 glGetBufferSubData @ 98 found.
 glMapBuffer @ 99 found.
 glUnmapBuffer @ 100 found.
 glGetBufferParameteriv @ 101 found.
 glGetBufferPointerv @ 102 found.
 glBlendEquationSeparate @ 103 found.
 glDrawBuffers @ 104 found.
 glStencilOpSeparate @ 105 found.
 glStencilFuncSeparate @ 106 found.
 glStencilMaskSeparate @ 107 found.
 glAttachShader @ 108 found.
 glBindAttribLocation @ 109 found.
 glCompileShader @ 110 found.
 glCreateProgram @ 111 found.
 glCreateShader @ 112 found.
 glDeleteProgram @ 113 found.
 glDeleteShader @ 114 found.
 glDetachShader @ 115 found.
 glDisableVertexAttribArray @ 116 found.
 glEnableVertexAttribArray @ 117 found.
 glGetActiveAttrib @ 118 found.
 glGetActiveUniform @ 119 found.
 glGetAttachedShaders @ 120 found.
 glGetAttribLocation @ 121 found.
 glGetProgramiv @ 122 found.
 glGetProgramInfoLog @ 123 found.
 glGetShaderiv @ 124 found.
 glGetShaderInfoLog @ 125 found.
 glGetShaderSource @ 126 found.
 glGetUniformLocation @ 127 found.
 glGetUniformfv @ 128 found.
 glGetUniformiv @ 129 found.
 glGetVertexAttribdv @ 130 found.
 glGetVertexAttribfv @ 131 found.
 glGetVertexAttribiv @ 132 found.
 glGetVertexAttribPointerv @ 133 found.
 glIsProgram @ 134 found.
 glIsShader @ 135 found.
 glLinkProgram @ 136 found.
 glShaderSource @ 137 found.
 glUseProgram @ 138 found.
 glUniform1f @ 139 found.
 glUniform2f @ 140 found.
 glUniform3f @ 141 found.
 glUniform4f @ 142 found.
 glUniform1i @ 143 found.
 glUniform2i @ 144 found.
 glUniform3i @ 145 found.
 glUniform4i @ 146 found.
 glUniform1fv @ 147 found.
 glUniform2fv @ 148 found.
 glUniform3fv @ 149 found.
 glUniform4fv @ 150 found.
 glUniform1iv @ 151 found.
 glUniform2iv @ 152 found.
 glUniform3iv @ 153 found.
 glUniform4iv @ 154 found.
 glUniformMatrix2fv @ 155 found.
 glUniformMatrix3fv @ 156 found.
 glUniformMatrix4fv @ 157 found.
 glValidateProgram @ 158 found.
 glVertexAttrib1d @ 159 found.
 glVertexAttrib1dv @ 160 found.
 glVertexAttrib1f @ 161 found.
 glVertexAttrib1fv @ 162 found.
 glVertexAttrib1s @ 163 found.
 glVertexAttrib1sv @ 164 found.
 glVertexAttrib2d @ 165 found.
 glVertexAttrib2dv @ 166 found.
 glVertexAttrib2f @ 167 found.
 glVertexAttrib2fv @ 168 found.
 glVertexAttrib2s @ 169 found.
 glVertexAttrib2sv @ 170 found.
 glVertexAttrib3d @ 171 found.
 glVertexAttrib3dv @ 172 found.
 glVertexAttrib3f @ 173 found.
 glVertexAttrib3fv @ 174 found.
 glVertexAttrib3s @ 175 found.
 glVertexAttrib3sv @ 176 found.
 glVertexAttrib4Nbv @ 177 found.
 glVertexAttrib4Niv @ 178 found.
 glVertexAttrib4Nsv @ 179 found.
 glVertexAttrib4Nub @ 180 found.
 glVertexAttrib4Nubv @ 181 found.
 glVertexAttrib4Nuiv @ 182 found.
 glVertexAttrib4Nusv @ 183 found.
 glVertexAttrib4bv @ 184 found.
 glVertexAttrib4d @ 185 found.
 glVertexAttrib4dv @ 186 found.
 glVertexAttrib4f @ 187 found.
 glVertexAttrib4fv @ 188 found.
 glVertexAttrib4iv @ 189 found.
 glVertexAttrib4s @ 190 found.
 glVertexAttrib4sv @ 191 found.
 glVertexAttrib4ubv @ 192 found.
 glVertexAttrib4uiv @ 193 found.
 glVertexAttrib4usv @ 194 found.
 glVertexAttribPointer @ 195 found.
 glUniformMatrix2x3fv @ 196 found.
 glUniformMatrix3x2fv @ 197 found.
 glUniformMatrix2x4fv @ 198 found.
 glUniformMatrix4x2fv @ 199 found.
 glUniformMatrix3x4fv @ 200 found.
 glUniformMatrix4x3fv @ 201 found.
 glColorMaski @ 202 found.
 glGetBooleani_v @ 203 found.
 glGetIntegeri_v @ 204 found.
 glEnablei @ 205 found.
 glDisablei @ 206 found.
 glIsEnabledi @ 207 found.
 glBeginTransformFeedback @ 208 found.
 glEndTransformFeedback @ 209 found.
 glBindBufferRange @ 210 found.
 glBindBufferBase @ 211 found.
 glTransformFeedbackVaryings @ 212 found.
 glGetTransformFeedbackVarying @ 213 found.
 glClampColor @ 214 found.
 glBeginConditionalRender @ 215 found.
 glEndConditionalRender @ 216 found.
 glVertexAttribIPointer @ 217 found.
 glGetVertexAttribIiv @ 218 found.
 glGetVertexAttribIuiv @ 219 found.
 glVertexAttribI1i @ 220 found.
 glVertexAttribI2i @ 221 found.
 glVertexAttribI3i @ 222 found.
 glVertexAttribI4i @ 223 found.
 glVertexAttribI1ui @ 224 found.
 glVertexAttribI2ui @ 225 found.
 glVertexAttribI3ui @ 226 found.
 glVertexAttribI4ui @ 227 found.
 glVertexAttribI1iv @ 228 found.
 glVertexAttribI2iv @ 229 found.
 glVertexAttribI3iv @ 230 found.
 glVertexAttribI4iv @ 231 found.
 glVertexAttribI1uiv @ 232 found.
 glVertexAttribI2uiv @ 233 found.
 glVertexAttribI3uiv @ 234 found.
 glVertexAttribI4uiv @ 235 found.
 glVertexAttribI4bv @ 236 found.
 glVertexAttribI4sv @ 237 found.
 glVertexAttribI4ubv @ 238 found.
 glVertexAttribI4usv @ 239 found.
 glGetUniformuiv @ 240 found.
 glBindFragDataLocation @ 241 found.
 glGetFragDataLocation @ 242 found.
 glUniform1ui @ 243 found.
 glUniform2ui @ 244 found.
 glUniform3ui @ 245 found.
 glUniform4ui @ 246 found.
 glUniform1uiv @ 247 found.
 glUniform2uiv @ 248 found.
 glUniform3uiv @ 249 found.
 glUniform4uiv @ 250 found.
 glTexParameterIiv @ 251 found.
 glTexParameterIuiv @ 252 found.
 glGetTexParameterIiv @ 253 found.
 glGetTexParameterIuiv @ 254 found.
 glClearBufferiv @ 255 found.
 glClearBufferuiv @ 256 found.
 glClearBufferfv @ 257 found.
 glClearBufferfi @ 258 found.
 glGetStringi @ 259 found.
 glIsRenderbuffer @ 260 found.
 glBindRenderbuffer @ 261 found.
 glDeleteRenderbuffers @ 262 found.
 glGenRenderbuffers @ 263 found.
 glRenderbufferStorage @ 264 found.
 glGetRenderbufferParameteriv @ 265 found.
 glIsFramebuffer @ 266 found.
 glBindFramebuffer @ 267 found.
 glDeleteFramebuffers @ 268 found.
 glGenFramebuffers @ 269 found.
 glCheckFramebufferStatus @ 270 found.
 glFramebufferTexture1D @ 271 found.
 glFramebufferTexture2D @ 272 found.
 glFramebufferTexture3D @ 273 found.
 glFramebufferRenderbuffer @ 274 found.
 glGetFramebufferAttachmentParameteriv @ 275 found.
 glGenerateMipmap @ 276 found.
 glBlitFramebuffer @ 277 found.
 glRenderbufferStorageMultisample @ 278 found.
 glFramebufferTextureLayer @ 279 found.
 glMapBufferRange @ 280 found.
 glFlushMappedBufferRange @ 281 found.
 glBindVertexArray @ 282 found.
 glDeleteVertexArrays @ 283 found.
 glGenVertexArrays @ 284 found.
 glIsVertexArray @ 285 found.
 glDrawArraysInstanced @ 286 found.
 glDrawElementsInstanced @ 287 found.
 glTexBuffer @ 288 found.
 glPrimitiveRestartIndex @ 289 found.
 glCopyBufferSubData @ 290 found.
 glGetUniformIndices @ 291 found.
 glGetActiveUniformsiv @ 292 found.
 glGetActiveUniformName @ 293 found.
 glGetUniformBlockIndex @ 294 found.
 glGetActiveUniformBlockiv @ 295 found.
 glGetActiveUniformBlockName @ 296 found.
 glUniformBlockBinding @ 297 found.
 glDrawElementsBaseVertex @ 298 found.
 glDrawRangeElementsBaseVertex @ 299 found.
 glDrawElementsInstancedBaseVertex @ 300 found.
 glMultiDrawElementsBaseVertex @ 301 found.
 glProvokingVertex @ 302 found.
 glFenceSync @ 303 found.
 glIsSync @ 304 found.
 glDeleteSync @ 305 found.
 glClientWaitSync @ 306 found.
 glWaitSync @ 307 found.
 glGetInteger64v @ 308 found.
 glGetSynciv @ 309 found.
 glGetInteger64i_v @ 310 found.
 glGetBufferParameteri64v @ 311 found.
 glFramebufferTexture @ 312 found.
 glTexImage2DMultisample @ 313 found.
 glTexImage3DMultisample @ 314 found.
 glGetMultisamplefv @ 315 found.
 glSampleMaski @ 316 found.
 glBindFragDataLocationIndexed @ 317 found.
 glGetFragDataIndex @ 318 found.
 glGenSamplers @ 319 found.
 glDeleteSamplers @ 320 found.
 glIsSampler @ 321 found.
 glBindSampler @ 322 found.
 glSamplerParameteri @ 323 found.
 glSamplerParameteriv @ 324 found.
 glSamplerParameterf @ 325 found.
 glSamplerParameterfv @ 326 found.
 glSamplerParameterIiv @ 327 found.
 glSamplerParameterIuiv @ 328 found.
 glGetSamplerParameteriv @ 329 found.
 glGetSamplerParameterIiv @ 330 found.
 glGetSamplerParameterfv @ 331 found.
 glGetSamplerParameterIuiv @ 332 found.
 glQueryCounter @ 333 found.
 glGetQueryObjecti64v @ 334 found.
 glGetQueryObjectui64v @ 335 found.
 glVertexAttribDivisor @ 336 found.
 glVertexAttribP1ui @ 337 found.
 glVertexAttribP1uiv @ 338 found.
 glVertexAttribP2ui @ 339 found.
 glVertexAttribP2uiv @ 340 found.
 glVertexAttribP3ui @ 341 found.
 glVertexAttribP3uiv @ 342 found.
 glVertexAttribP4ui @ 343 found.
 glVertexAttribP4uiv @ 344 found.
 glMinSampleShading @ 345 found.
 glBlendEquationi @ 346 found.
 glBlendEquationSeparatei @ 347 found.
 glBlendFunci @ 348 found.
 glBlendFuncSeparatei @ 349 found.
 glDrawArraysIndirect @ 350 found.
 glDrawElementsIndirect @ 351 found.
 glUniform1d @ 352 found.
 glUniform2d @ 353 found.
 glUniform3d @ 354 found.
 glUniform4d @ 355 found.
 glUniform1dv @ 356 found.
 glUniform2dv @ 357 found.
 glUniform3dv @ 358 found.
 glUniform4dv @ 359 found.
 glUniformMatrix2dv @ 360 found.
 glUniformMatrix3dv @ 361 found.
 glUniformMatrix4dv @ 362 found.
 glUniformMatrix2x3dv @ 363 found.
 glUniformMatrix2x4dv @ 364 found.
 glUniformMatrix3x2dv @ 365 found.
 glUniformMatrix3x4dv @ 366 found.
 glUniformMatrix4x2dv @ 367 found.
 glUniformMatrix4x3dv @ 368 found.
 glGetUniformdv @ 369 found.
 glGetSubroutineUniformLocation @ 370 found.
 glGetSubroutineIndex @ 371 found.
 glGetActiveSubroutineUniformiv @ 372 found.
 glGetActiveSubroutineUniformName @ 373 found.
 glGetActiveSubroutineName @ 374 found.
 glUniformSubroutinesuiv @ 375 found.
 glGetUniformSubroutineuiv @ 376 found.
 glGetProgramStageiv @ 377 found.
 glPatchParameteri @ 378 found.
 glPatchParameterfv @ 379 found.
 glBindTransformFeedback @ 380 found.
 glDeleteTransformFeedbacks @ 381 found.
 glGenTransformFeedbacks @ 382 found.
 glIsTransformFeedback @ 383 found.
 glPauseTransformFeedback @ 384 found.
 glResumeTransformFeedback @ 385 found.
 glDrawTransformFeedback @ 386 found.
 glDrawTransformFeedbackStream @ 387 found.
 glBeginQueryIndexed @ 388 found.
 glEndQueryIndexed @ 389 found.
 glGetQueryIndexediv @ 390 found.
 glReleaseShaderCompiler @ 391 found.
 glShaderBinary @ 392 found.
 glGetShaderPrecisionFormat @ 393 found.
 glDepthRangef @ 394 found.
 glClearDepthf @ 395 found.
 glGetProgramBinary @ 396 found.
 glProgramBinary @ 397 found.
 glProgramParameteri @ 398 found.
 glUseProgramStages @ 399 found.
 glActiveShaderProgram @ 400 found.
 glCreateShaderProgramv @ 401 found.
 glBindProgramPipeline @ 402 found.
 glDeleteProgramPipelines @ 403 found.
 glGenProgramPipelines @ 404 found.
 glIsProgramPipeline @ 405 found.
 glGetProgramPipelineiv @ 406 found.
 glProgramUniform1i @ 407 found.
 glProgramUniform1iv @ 408 found.
 glProgramUniform1f @ 409 found.
 glProgramUniform1fv @ 410 found.
 glProgramUniform1d @ 411 found.
 glProgramUniform1dv @ 412 found.
 glProgramUniform1ui @ 413 found.
 glProgramUniform1uiv @ 414 found.
 glProgramUniform2i @ 415 found.
 glProgramUniform2iv @ 416 found.
 glProgramUniform2f @ 417 found.
 glProgramUniform2fv @ 418 found.
 glProgramUniform2d @ 419 found.
 glProgramUniform2dv @ 420 found.
 glProgramUniform2ui @ 421 found.
 glProgramUniform2uiv @ 422 found.
 glProgramUniform3i @ 423 found.
 glProgramUniform3iv @ 424 found.
 glProgramUniform3f @ 425 found.
 glProgramUniform3fv @ 426 found.
 glProgramUniform3d @ 427 found.
 glProgramUniform3dv @ 428 found.
 glProgramUniform3ui @ 429 found.
 glProgramUniform3uiv @ 430 found.
 glProgramUniform4i @ 431 found.
 glProgramUniform4iv @ 432 found.
 glProgramUniform4f @ 433 found.
 glProgramUniform4fv @ 434 found.
 glProgramUniform4d @ 435 found.
 glProgramUniform4dv @ 436 found.
 glProgramUniform4ui @ 437 found.
 glProgramUniform4uiv @ 438 found.
 glProgramUniformMatrix2fv @ 439 found.
 glProgramUniformMatrix3fv @ 440 found.
 glProgramUniformMatrix4fv @ 441 found.
 glProgramUniformMatrix2dv @ 442 found.
 glProgramUniformMatrix3dv @ 443 found.
 glProgramUniformMatrix4dv @ 444 found.
 glProgramUniformMatrix2x3fv @ 445 found.
 glProgramUniformMatrix3x2fv @ 446 found.
 glProgramUniformMatrix2x4fv @ 447 found.
 glProgramUniformMatrix4x2fv @ 448 found.
 glProgramUniformMatrix3x4fv @ 449 found.
 glProgramUniformMatrix4x3fv @ 450 found.
 glProgramUniformMatrix2x3dv @ 451 found.
 glProgramUniformMatrix3x2dv @ 452 found.
 glProgramUniformMatrix2x4dv @ 453 found.
 glProgramUniformMatrix4x2dv @ 454 found.
 glProgramUniformMatrix3x4dv @ 455 found.
 glProgramUniformMatrix4x3dv @ 456 found.
 glValidateProgramPipeline @ 457 found.
 glGetProgramPipelineInfoLog @ 458 found.
 glVertexAttribL1d @ 459 found.
 glVertexAttribL2d @ 460 found.
 glVertexAttribL3d @ 461 found.
 glVertexAttribL4d @ 462 found.
 glVertexAttribL1dv @ 463 found.
 glVertexAttribL2dv @ 464 found.
 glVertexAttribL3dv @ 465 found.
 glVertexAttribL4dv @ 466 found.
 glVertexAttribLPointer @ 467 found.
 glGetVertexAttribLdv @ 468 found.
 glViewportArrayv @ 469 found.
 glViewportIndexedf @ 470 found.
 glViewportIndexedfv @ 471 found.
 glScissorArrayv @ 472 found.
 glScissorIndexed @ 473 found.
 glScissorIndexedv @ 474 found.
 glDepthRangeArrayv @ 475 found.
 glDepthRangeIndexed @ 476 found.
 glGetFloati_v @ 477 found.
 glGetDoublei_v @ 478 found.
 glDrawArraysInstancedBaseInstance @ 479 found.
 glDrawElementsInstancedBaseInstance @ 480 found.
 glDrawElementsInstancedBaseVertexBaseInstance @ 481 found.
 glGetInternalformativ @ 482 found.
 glGetActiveAtomicCounterBufferiv @ 483 found.
 glBindImageTexture @ 484 found.
 glMemoryBarrier @ 485 found.
 glTexStorage1D @ 486 found.
 glTexStorage2D @ 487 found.
 glTexStorage3D @ 488 found.
 glDrawTransformFeedbackInstanced @ 489 found.
 glDrawTransformFeedbackStreamInstanced @ 490 found.
 glDispatchCompute @ 493 found.
 glDispatchComputeIndirect @ 494 found.
 glFramebufferParameteri @ 496 found.
 glGetFramebufferParameteriv @ 497 found.
 glGetInternalformati64v @ 498 found.
 glInvalidateFramebuffer @ 503 found.
 glInvalidateSubFramebuffer @ 504 found.
 glMultiDrawArraysIndirect @ 505 found.
 glMultiDrawElementsIndirect @ 506 found.
 glGetProgramInterfaceiv @ 507 found.
 glGetProgramResourceIndex @ 508 found.
 glGetProgramResourceName @ 509 found.
 glGetProgramResourceiv @ 510 found.
 glGetProgramResourceLocation @ 511 found.
 glGetProgramResourceLocationIndex @ 512 found.
 glShaderStorageBlockBinding @ 513 found.
 glTexBufferRange @ 514 found.
 glTexStorage2DMultisample @ 515 found.
 glTexStorage3DMultisample @ 516 found.
 glBindVertexBuffer @ 518 found.
 glVertexAttribFormat @ 519 found.
 glVertexAttribIFormat @ 520 found.
 glVertexAttribLFormat @ 521 found.
 glVertexAttribBinding @ 522 found.
 glVertexBindingDivisor @ 523 found.
 glDebugMessageControl @ 524 found.
 glDebugMessageInsert @ 525 found.
 glDebugMessageCallback @ 526 found.
 glGetDebugMessageLog @ 527 found.
 glPushDebugGroup @ 528 found.
 glPopDebugGroup @ 529 found.
 glObjectLabel @ 530 found.
 glGetObjectLabel @ 531 found.
 glObjectPtrLabel @ 532 found.
 glGetObjectPtrLabel @ 533 found.
 glBufferStorage @ 534 found.
 glClipControl @ 543 found.
 glNamedBufferStorage @ 551 found.
 glTextureBufferRange @ 589 found.
 glTextureParameteri @ 606 found.
 glMemoryBarrierByRegion @ 641 found.
 glGetGraphicsResetStatus @ 644 found.
 glGetnCompressedTexImage @ 645 found.
 glGetnTexImage @ 646 found.
 glGetnUniformdv @ 647 found.
 glGetnUniformfv @ 648 found.
 glGetnUniformiv @ 649 found.
 glGetnUniformuiv @ 650 found.
 glReadnPixels @ 651 found.
 afxDrawDriver.c:77?AfxDrawSystemRegisterDriver(dsys=00502c00,mdle=00504100,spec=002ee168)
 Class[Draw Driver].ConstructInstances(1, 002edfe4, 002ee044)
 Constructing instance 029cde00 of Draw Driver.
 afxDrawDriver.c:119?_AfxDdrvCtor(ddrv=029cde00)
 Draw Context class registered.
New draw driver registered.
Name: SIGGL
Author: SIGMA Technology Group
Version: 0.7.2
Note: 
 ad88888ba   88    ,ad8888ba,     ,ad8888ba,   88           
d8"     "8b  88   d8"'    `"8b   d8"'    `"8b  88           
Y8,          88  d8'            d8'            88           
`Y8aaaaa,    88  88             88             88           
  `"""""8b,  88  88      88888  88      88888  88
        `8b  88  Y8,        88  Y8,        88  88           
Y8a     a8P  88   Y8a.    .a88   Y8a.    .a88  88           
 "Y88888P"   88    `"Y88888P"     `"Y88888P"   88888888888  
 Instance 029cde00[ddrv]^1 built.
 Loading draw ICDs...
 afxModule.c:72?AfxSystemAcquireModule(sys=004ff080,uri=e2draw.icd)
 afxModule.c:72?AfxSystemAcquireModule(sys=004ff080,uri=e2newton.icd)
 Class[Module].ConstructInstances(1, 002ee17c, 002ee1dc)
 Constructing instance 00504340 of Module.
 afxModule.c:123?_AfxMdleCtor(uri:e2newton.icd)
 Instance 00504340[mdle]^1 built.
 Instance 00502c00[dsys]^1 built.
 afxDrawContext.c:285?AfxDrawSystemAcquireContext(dsys=00502c00,spec=002eea24)
 Class[Draw Context].ConstructInstances(1, 002ee89c, 002ee8fc)
 Constructing instance 00eba740 of Draw Context.
 sglDrawContext.c:435?_AfxDctxCtor(dctx=00eba740)
 Draw Script class registered.
 Draw Input class registered.
 Draw Queue class registered.
 Buffer class registered.
 Vertex Buffer class registered.
 Index Buffer class registered.
 Sampler class registered.
 Texture class registered.
 Surface class registered.
 Canvas class registered.
 Shader class registered.
 Pipeline Rig class registered.
 Pipeline class registered.
 Draw Operation class registered.
 Lego Template class registered.
 Lego class registered.
 Draw Output class registered.
 sglDrawQueue.c:1835?_AfxDrawContextAcquireQueue(dctx=00eba740)
 Class[Draw Queue].ConstructInstances(1, 002ee3e8, 002ee448)
 Constructing instance 00ebb260 of Draw Queue.
 sglDrawQueue.c:1886?_AfxDqueCtor(dque=00ebb260)
 Uploading draw operation 'data/pipeline/rgbaToRgba.urd'
 afxDrawOperation.c:628?_AfxDrawContextUploadOperationsUrd(dctx=00eba740)
 afxUrd.c:980?AfxFileSystemLoadUrd(uri=data/pipeline/rgbaToRgba.urdp)
 Class[Uniform Resource Dictionary].ConstructInstances(1, 002e038c, 002e03ec)
 Constructing instance 00f345d0 of Uniform Resource Dictionary.
 afxUrd.c:939?_AfxUrdCtor(uri:data/pipeline/rgbaToRgba.urd)
 afxFile.c:253?AfxFileSystemOpenFile(Afx.FileSystem.OpenFile(00500dc0,00000001,data/pipeline/rgbaToRgba.urd))
 Class[File].ConstructInstances(1, 002e0014, 002e0074)
 Constructing instance 02a4dd40 of File : I/O Stream.
 Constructing instance 02a4dd40 of I/O Stream.
 Constructing instance 02a4dd40 of File.
 Instance 02a4dd40[file]^1 built.
 Class[File].DestructInstances(1, 002e0134, 00000008)
 Destructing instance 02a4dd40 of File class.
 Destructing instance 02a4dd40 of File : I/O Stream class.
 Destructing instance 02a4dd40 of I/O Stream class.
 Instance 02a4dd40[file]^0 destroyed.
 Instance 00f345d0[urd]^1 built.
 afxShader.c:443?AfxDrawContextBuildShaders(dctx=00eba740,cnt=1,blueprint=002e054c,shd=002e0520)
 sglShader.c:405?_AfxDrawContextBuildShaders(dctx=00eba740,cnt=1,blueprint=002e054c,shd=002e0520)
 Building draw operation 'rgbaToRgbaVs'
 Class[Shader].ConstructInstances(1, 002e0240, 002e02a0)
 Constructing instance 00f04310 of Shader.
 sglShader.c:216?_AfxShdCtor(shd=00f04310)
 
        #version 330 core

        // QWADRO. Engineered by SIGMA Technology Group.

        layout(location = 0) in vec2 a_xy;

        out block
        {
            vec2 uv0;
        } sgl_v;

        void main()
        {
            gl_Position = vec4(a_xy, 0.0, 1.0);
            sgl_v.uv0 = vec2(gl_Position.xy * 0.5 + 0.5).xy;
        }
       
 Instance 00f04310[shd]^1 built.
 afxShader.c:443?AfxDrawContextBuildShaders(dctx=00eba740,cnt=1,blueprint=002e054c,shd=002e0520)
 sglShader.c:405?_AfxDrawContextBuildShaders(dctx=00eba740,cnt=1,blueprint=002e054c,shd=002e0520)
 Building draw operation 'rgbaToRgbaFs'
 Class[Shader].ConstructInstances(1, 002e0240, 002e02a0)
 Constructing instance 005bcbf0 of Shader.
 sglShader.c:216?_AfxShdCtor(shd=005bcbf0)
 
        #version 330 core

        // QWADRO. Engineered by SIGMA Technology Group.

        uniform sampler2D samp;

        in block
        {
            vec2 uv0;
        } sgl_v;

        out vec4 sgl_rgba;

        void main()
        {
            sgl_rgba = texture(samp, sgl_v.uv0);
        }
       
 Class[Lego Template].ConstructInstances(1, 002dfbbc, 002dfc1c)
 Constructing instance 005bb680 of Lego Template.
 sglLego.c:260?_AfxLegtCtor(legt=005bb680)
 Instance 005bb680[legt]^1 built.
 Instance 005bcbf0[shd]^1 built.
 Building draw operation 'rgbaToRgba'
 Class[Draw Operation].ConstructInstances(1, 002e0318, 002e0378)
 Constructing instance 00504400 of Draw Operation.
 afxDrawOperation.c:474?_AfxDopCtor(dop=00504400)
 afxPipeline.c:204?AfxDrawContextBuildPipeline(dctx=00eba740)
 sglPipeline.c:983?_AfxDrawContextBuildPipeline(dctx=00eba740)
 Class[Pipeline].ConstructInstances(1, 002d7984, 002d79e4)
 Constructing instance 00ebc830 of Pipeline : Resource.
 Constructing instance 00ebc830 of Resource.
 afxResource.c:99?_AfxResCtor(res=00ebc830)
 Constructing instance 00ebc830 of Pipeline.
 sglPipeline.c:665?_AfxPipCtor(pip=00ebc830)
 afxShader.c:690?AfxDrawContextAcquireShaders(dctx=00eba740,cnt=1,uri=002d7b78,shd=002d6cb8)
 Taking connection 00ebc954 connecting 00f04310?shd#2 to holder 00ebc830?pip#1.
 afxShader.c:690?AfxDrawContextAcquireShaders(dctx=00eba740,cnt=1,uri=002d8b90,shd=002d6cb8)
 Taking connection 00ebc988 connecting 005bcbf0?shd#2 to holder 00ebc830?pip#1.
 Class[Lego Template].ConstructInstances(1, 002d6a38, 002d6a98)
 Constructing instance 02a4fe20 of Lego Template.
 sglLego.c:260?_AfxLegtCtor(legt=02a4fe20)
 Instance 02a4fe20[legt]^1 built.
 Class[Pipeline Rig].ConstructInstances(1, 002d6b0c, 002d6b6c)
 Constructing instance 02a573f0 of Pipeline Rig.
 sglPipelineRig.c:76?_AfxPiprCtor(pipr=02a573f0)
 Instance 02a573f0[pipa]^1 built.
 Instance 00ebc830[pip]^1 built.
 Instance 00504400[dop]^1 built.
 Class[Uniform Resource Dictionary].DestructInstances(1, 002e0488, 00000000)
 Destructing instance 00f345d0 of Uniform Resource Dictionary class.
 afxUrd.c:918?_AfxUrdDtor(urd=00f345d0)
 Instance 00f345d0[urd]^0 destroyed.
 sglSampler.c:137?_AfxDrawContextAcquireSampler(dctx=00eba740,spec=002ee150)
 Class[Sampler].ConstructInstances(1, 002edcdc, 002edd3c)
 Constructing instance 029cf1f0 of Sampler.
 sglSampler.c:184?_AfxSmpCtor(smp=029cf1f0)
 Instance 029cf1f0[smp]^1 built.
 Class[Lego].ConstructInstances(1, 002edc80, 002edce0)
 Constructing instance 00efd020 of Lego.
 sglLego.c:333?_AfxLegoCtor(lego=00efd020)
 Instance 00efd020[lego]^1 built.
 Class[Vertex Buffer].ConstructInstances(1, 002edd18, 002edd78)
 Constructing instance 00f11430 of Vertex Buffer : Buffer.
 Constructing instance 00f11430 of Buffer.
 sglBuffer.c:455?_AfxBufCtor(buf=00f11430)
 Constructing instance 00f11430 of Vertex Buffer.
 afxVertexBuffer.c:303?_AfxVbufCtor(vbuf=00f11430)
 Instance 00f11430[vbuf]^1 built.
 Instance 00ebb260[dque]^1 built.
 Instance 00eba740[dctx]^1 built.
 afxApplication.c:368?AfxSystemAcquireApplication(sys=0f9c9789,spec=0fa3538e)
 Class[Application].ConstructInstances(1, 002ee8d8, 002ee938)
 Constructing instance 02a500a0 of Application.
 afxApplication.c:399?_AfxAppCtor(app=02a500a0)
 afxMouse.c:232?AfxSystemAcquireMouse(sys=004ff080,port=0)
 Class[Mouse].ConstructInstances(1, 002ee4cc, 002ee52c)
 Constructing instance 02a574d0 of Mouse : HID.
 Constructing instance 02a574d0 of HID.
 afxHid.c:56?_AfxHidCtor(hid=02a574d0)
 Constructing instance 02a574d0 of Mouse.
 afxMouse.c:270?_AfxMseCtor(mse=02a574d0)
 Instance 02a574d0[mse]^1 built.
 sglDrawInput.c:219?_AfxDrawContextAcquireInput(dctx=00eba740,spec=002ee620)
 Class[Draw Input].ConstructInstances(1, 002ee490, 002ee4f0)
 Constructing instance 00eab650 of Draw Input.
 sglDrawInput.c:268?_AfxDinCtor(din=00eab650)
 afxArena.c:802?AfxSystemAcquireArena(sys=004ff080,strategy=002ee1b8,hint="sglDrawInput.c:303!_AfxDinCtor")
 Class[Memory Arena].ConstructInstances(1, 002ee058, 002ee0b8)
 Constructing instance 02a50700 of Memory Arena : Memory Context.
 Constructing instance 02a50700 of Memory Context.
 afxMemory.c:298?_AfxMemCtor(mem=02a50700)
 Constructing instance 02a50700 of Memory Arena.
 afxArena.c:780?_AfxArenCtor(aren=02a50700)
 Instance 02a50700[aren]^1 built.
 Instance 00eab650[din]^1 built.
 Widget class registered.
 Simulation class registered.
 Instance 02a500a0[app]^1 built.
 afxApplication.c:320?AfxApplicationExecute(app=02a500a0)
 mmplayer.c:94?AfxEnterApplication(app=02a500a0)
 afxFile.c:253?AfxFileSystemOpenFile(Afx.FileSystem.OpenFile(00500dc0,00000001,art/world.tga))
 Class[File].ConstructInstances(1, 002edcd0, 002edd30)
 Constructing instance 029daa90 of File : I/O Stream.
 Constructing instance 029daa90 of I/O Stream.
 Constructing instance 029daa90 of File.
 Instance 029daa90[file]^1 built.
 ADV afxTexture.c:15?AfxTextureBlueprintReset
    texb->fcc == AFX_FCC_TEXB
 sglTexture.c:1153?_AfxDrawContextBuildTextures(dctx=00eba740,cnt=1,blueprint=002ede80,tex=00f85030)
 Class[Texture].ConstructInstances(1, 002edbd4, 002edc34)
 Constructing instance 029dbb70 of Texture : Resource.
 Constructing instance 029dbb70 of Resource.
 afxResource.c:99?_AfxResCtor(res=029dbb70)
 Constructing instance 029dbb70 of Texture.
 sglTexture.c:1000?_AfxTexCtor(tex=029dbb70)
 Instance 029dbb70[tex]^1 built.
 Class[File].DestructInstances(1, 002eddf0, 002edcec)
 Destructing instance 029daa90 of File class.
 Destructing instance 029daa90 of File : I/O Stream class.
 Destructing instance 029daa90 of I/O Stream class.
 Instance 029daa90[file]^0 destroyed.
 afxFile.c:253?AfxFileSystemOpenFile(Afx.FileSystem.OpenFile(00500dc0,00000002,system/world2.tga))
 Class[File].ConstructInstances(1, 002ee490, 002ee4f0)
 Constructing instance 029daa90 of File : I/O Stream.
 Constructing instance 029daa90 of I/O Stream.
 Constructing instance 029daa90 of File.
 Instance 029daa90[file]^1 built.
 Class[File].DestructInstances(1, 002ee5b0, 002ee4ac)
 Destructing instance 029daa90 of File class.
 Destructing instance 029daa90 of File : I/O Stream class.
 Destructing instance 029daa90 of I/O Stream class.
 Instance 029daa90[file]^0 destroyed.
 Class[Texture].DestructInstances(1, 002ee750, 002ee624)
 Destructing instance 029dbb70 of Texture class.
 sglTexture.c:955?_AfxTexDtor(tex=029dbb70)
 Destructing instance 029dbb70 of Texture : Resource class.
 Destructing instance 029dbb70 of Resource class.
 afxResource.c:88?_AfxResDtor(res=029dbb70)
 Instance 029dbb70[tex]^0 destroyed.
 afxDrawOutput.c:127?AfxDrawContextAcquireOutput(dctx=00eba740,extent=002ee8d0,spec=002ee7ec)
 sglDrawOutput.c:271?_AfxDrawContextAcquireOutput(dctx=00eba740,extent=002ee8d0,spec=002ee7ec)
 Class[Draw Output].ConstructInstances(1, 002ee5f4, 002ee654)
 Constructing instance 029daa90 of Draw Output.
 sglDrawOutput.c:525?_AfxDoutCtor(dout=029daa90)
 sglSurface.c:91?_AfxDrawContextAcquireSurface(dctx=00eba740,fmt=4,whd=[1280,720,1],usage=16)
 ADV afxTexture.c:15?AfxTextureBlueprintReset
    texb->fcc == AFX_FCC_TEXB
 Class[Surface].ConstructInstances(1, 002edb44, 002edba4)
 Constructing instance 02a50940 of Surface : Texture.
 Constructing instance 02a50940 of Texture : Resource.
 Constructing instance 02a50940 of Resource.
 afxResource.c:99?_AfxResCtor(res=02a50940)
 Constructing instance 02a50940 of Texture.
 sglTexture.c:1000?_AfxTexCtor(tex=02a50940)
 Constructing instance 02a50940 of Surface.
 sglSurface.c:154?_AfxSurfCtor(surf=02a50940)
 Instance 02a50940[surf]^1 built.
 sglSurface.c:91?_AfxDrawContextAcquireSurface(dctx=00eba740,fmt=4,whd=[1280,720,1],usage=16)
 ADV afxTexture.c:15?AfxTextureBlueprintReset
    texb->fcc == AFX_FCC_TEXB
 Class[Surface].ConstructInstances(1, 002edb44, 002edba4)
 Constructing instance 029db000 of Surface : Texture.
 Constructing instance 029db000 of Texture : Resource.
 Constructing instance 029db000 of Resource.
 afxResource.c:99?_AfxResCtor(res=029db000)
 Constructing instance 029db000 of Texture.
 sglTexture.c:1000?_AfxTexCtor(tex=029db000)
 Constructing instance 029db000 of Surface.
 sglSurface.c:154?_AfxSurfCtor(surf=029db000)
 Instance 029db000[surf]^1 built.
 sglDrawOutput.c:478?_AfxStdDoutImplCtor(dout=029daa90,uri=window)
 sglDrawOutput.c:329?_AfxStdDoutImplCtorWnd(dout=029daa90)
 Extent readjusted. (dout)029daa90 -> 1272, 0.000000 of 3707695277; 693 0.000041 of 16842985
 Instance 029daa90[dout]^1 built.
 sglCanvas.c:322?_AfxDrawContextBuildCanvases(dctx=00eba740,cnt=1,blueprint=002ee630,canv=00f85050)
 Class[Canvas].ConstructInstances(1, 002ee3a4, 002ee404)
 Constructing instance 029e0a80 of Canvas.
 sglCanvas.c:414?_AfxCanvCtor(canv=029e0a80)
 sglSurface.c:91?_AfxDrawContextAcquireSurface(dctx=00eba740,fmt=22,whd=[1272,693,1],usage=32)
 ADV afxTexture.c:15?AfxTextureBlueprintReset
    texb->fcc == AFX_FCC_TEXB
 Class[Surface].ConstructInstances(1, 002ed824, 002ed884)
 Constructing instance 029e0b60 of Surface : Texture.
 Constructing instance 029e0b60 of Texture : Resource.
 Constructing instance 029e0b60 of Resource.
 afxResource.c:99?_AfxResCtor(res=029e0b60)
 Constructing instance 029e0b60 of Texture.
 sglTexture.c:1000?_AfxTexCtor(tex=029e0b60)
 Constructing instance 029e0b60 of Surface.
 sglSurface.c:154?_AfxSurfCtor(surf=029e0b60)
 Instance 029e0b60[surf]^1 built.
 Instance 029e0a80[canv]^1 built.
 sglCanvas.c:322?_AfxDrawContextBuildCanvases(dctx=00eba740,cnt=1,blueprint=002ee630,canv=00f85054)
 Class[Canvas].ConstructInstances(1, 002ee3a4, 002ee404)
 Constructing instance 029e0d60 of Canvas.
 sglCanvas.c:414?_AfxCanvCtor(canv=029e0d60)
 sglSurface.c:91?_AfxDrawContextAcquireSurface(dctx=00eba740,fmt=22,whd=[1272,693,1],usage=32)
 ADV afxTexture.c:15?AfxTextureBlueprintReset
    texb->fcc == AFX_FCC_TEXB
 Class[Surface].ConstructInstances(1, 002ed824, 002ed884)
 Constructing instance 029e0e40 of Surface : Texture.
 Constructing instance 029e0e40 of Texture : Resource.
 Constructing instance 029e0e40 of Resource.
 afxResource.c:99?_AfxResCtor(res=029e0e40)
 Constructing instance 029e0e40 of Texture.
 sglTexture.c:1000?_AfxTexCtor(tex=029e0e40)
 Constructing instance 029e0e40 of Surface.
 sglSurface.c:154?_AfxSurfCtor(surf=029e0e40)
 Instance 029e0e40[surf]^1 built.
 Instance 029e0d60[canv]^1 built.
 sglDrawInput.c:219?_AfxDrawContextAcquireInput(dctx=00eba740,spec=002ee7d0)
 Class[Draw Input].ConstructInstances(1, 002ee61c, 002ee67c)
 Constructing instance 029e1030 of Draw Input.
 sglDrawInput.c:268?_AfxDinCtor(din=029e1030)
 afxArena.c:802?AfxSystemAcquireArena(sys=004ff080,strategy=002ee344,hint="sglDrawInput.c:303!_AfxDinCtor")
 Class[Memory Arena].ConstructInstances(1, 002ee1e4, 002ee244)
 Constructing instance 029e1180 of Memory Arena : Memory Context.
 Constructing instance 029e1180 of Memory Context.
 afxMemory.c:298?_AfxMemCtor(mem=029e1180)
 Constructing instance 029e1180 of Memory Arena.
 afxArena.c:780?_AfxArenCtor(aren=029e1180)
 Instance 029e1180[aren]^1 built.
 Instance 029e1030[din]^1 built.
 afxModule.c:72?AfxSystemAcquireModule(sys=004ff080,uri=binkw32.dll)
 Class[Module].ConstructInstances(1, 002ee2f8, 002ee358)
 Constructing instance 005044c0 of Module.
 afxModule.c:123?_AfxMdleCtor(uri:binkw32.dll)
 Instance 005044c0[mdle]^1 built.
 sglSampler.c:137?_AfxDrawContextAcquireSampler(dctx=00eba740,spec=002ee6d0)
 Class[Sampler].ConstructInstances(1, 002ee2ac, 002ee30c)
 Constructing instance 029ff780 of Sampler.
 sglSampler.c:184?_AfxSmpCtor(smp=029ff780)
 Instance 029ff780[smp]^1 built.
 Uploading draw operation 'data/pipeline/yv12ToRgba.urd'
 afxDrawOperation.c:628?_AfxDrawContextUploadOperationsUrd(dctx=00eba740)
 afxUrd.c:980?AfxFileSystemLoadUrd(uri=data/pipeline/yv12ToRgba.urdp)
 Class[Uniform Resource Dictionary].ConstructInstances(1, 002e095c, 002e09bc)
 Constructing instance 02a10390 of Uniform Resource Dictionary.
 afxUrd.c:939?_AfxUrdCtor(uri:data/pipeline/yv12ToRgba.urd)
 afxFile.c:253?AfxFileSystemOpenFile(Afx.FileSystem.OpenFile(00500dc0,00000001,data/pipeline/yv12ToRgba.urd))
 Class[File].ConstructInstances(1, 002e05e4, 002e0644)
 Constructing instance 02a118e0 of File : I/O Stream.
 Constructing instance 02a118e0 of I/O Stream.
 Constructing instance 02a118e0 of File.
 Instance 02a118e0[file]^1 built.
 Class[File].DestructInstances(1, 002e0704, 00000008)
 Destructing instance 02a118e0 of File class.
 Destructing instance 02a118e0 of File : I/O Stream class.
 Destructing instance 02a118e0 of I/O Stream class.
 Instance 02a118e0[file]^0 destroyed.
 Instance 02a10390[urd]^1 built.
 afxShader.c:443?AfxDrawContextBuildShaders(dctx=00eba740,cnt=1,blueprint=002e0b1c,shd=002e0af0)
 sglShader.c:405?_AfxDrawContextBuildShaders(dctx=00eba740,cnt=1,blueprint=002e0b1c,shd=002e0af0)
 Building draw operation 'yv12ToRgbaVs'
 Class[Shader].ConstructInstances(1, 002e0810, 002e0870)
 Constructing instance 029ff030 of Shader.
 sglShader.c:216?_AfxShdCtor(shd=029ff030)
 
        #version 330 core

        // QWADRO. Engineered by SIGMA Technology Group.

        layout(location = 0) in vec2 a_xy;

        out block
        {
            vec2 uv0;
        } sgl_v;

        void main()
        {
            gl_Position = vec4(a_xy, 0.0, 1.0);
            sgl_v.uv0 = vec2(gl_Position.xy * 0.5 + 0.5).xy;
        }
       
 Instance 029ff030[shd]^1 built.
 afxShader.c:443?AfxDrawContextBuildShaders(dctx=00eba740,cnt=1,blueprint=002e0b1c,shd=002e0af0)
 sglShader.c:405?_AfxDrawContextBuildShaders(dctx=00eba740,cnt=1,blueprint=002e0b1c,shd=002e0af0)
 Building draw operation 'yv12ToRgbaFsSigma'
 Class[Shader].ConstructInstances(1, 002e0810, 002e0870)
 Constructing instance 029e6c20 of Shader.
 sglShader.c:216?_AfxShdCtor(shd=029e6c20)
 
        #version 330 core

        // QWADRO. Engineered by SIGMA Technology Group.

        uniform sampler2D samp0;
        uniform sampler2D samp1;
        uniform sampler2D samp2;
        
        in block
        {
            vec2 uv0;
        } sgl_v;

        out vec4 sgl_rgba;

        void main()
        {
            vec3 yuv;
            yuv.x = texture(samp0, sgl_v.uv0).r;
            yuv.y = texture(samp2, sgl_v.uv0).r - 0.5;
            yuv.z = texture(samp1, sgl_v.uv0).r - 0.5;
            
            vec3 rgb = mat3( 1, 1, 1, 0, -0.34414, 1.772, 1.402, -0.71414, 0) * yuv;
            sgl_rgba = vec4(rgb, 1);
        }
       
 Class[Lego Template].ConstructInstances(1, 002e018c, 002e01ec)
 Constructing instance 02a08210 of Lego Template.
 sglLego.c:260?_AfxLegtCtor(legt=02a08210)
 Instance 02a08210[legt]^1 built.
 Instance 029e6c20[shd]^1 built.
 Building draw operation 'yv12ToRgba'
 Class[Draw Operation].ConstructInstances(1, 002e08e8, 002e0948)
 Constructing instance 00504580 of Draw Operation.
 afxDrawOperation.c:474?_AfxDopCtor(dop=00504580)
 afxPipeline.c:204?AfxDrawContextBuildPipeline(dctx=00eba740)
 sglPipeline.c:983?_AfxDrawContextBuildPipeline(dctx=00eba740)
 Class[Pipeline].ConstructInstances(1, 002d7f54, 002d7fb4)
 Constructing instance 02a02590 of Pipeline : Resource.
 Constructing instance 02a02590 of Resource.
 afxResource.c:99?_AfxResCtor(res=02a02590)
 Constructing instance 02a02590 of Pipeline.
 sglPipeline.c:665?_AfxPipCtor(pip=02a02590)
 afxShader.c:690?AfxDrawContextAcquireShaders(dctx=00eba740,cnt=1,uri=002d8148,shd=002d7288)
 Taking connection 02a026b4 connecting 029ff030?shd#2 to holder 02a02590?pip#1.
 afxShader.c:690?AfxDrawContextAcquireShaders(dctx=00eba740,cnt=1,uri=002d9160,shd=002d7288)
 Taking connection 02a026e8 connecting 029e6c20?shd#2 to holder 02a02590?pip#1.
 Class[Lego Template].ConstructInstances(1, 002d7008, 002d7068)
 Constructing instance 02a02d30 of Lego Template.
 sglLego.c:260?_AfxLegtCtor(legt=02a02d30)
 Instance 02a02d30[legt]^1 built.
 Class[Pipeline Rig].ConstructInstances(1, 002d70dc, 002d713c)
 Constructing instance 029faca0 of Pipeline Rig.
 sglPipelineRig.c:76?_AfxPiprCtor(pipr=029faca0)
 Instance 029faca0[pipa]^1 built.
 Instance 02a02590[pip]^1 built.
 Instance 00504580[dop]^1 built.
 Class[Uniform Resource Dictionary].DestructInstances(1, 002e0a58, 00000000)
 Destructing instance 02a10390 of Uniform Resource Dictionary class.
 afxUrd.c:918?_AfxUrdDtor(urd=02a10390)
 Instance 02a10390[urd]^0 destroyed.
 Class[Vertex Buffer].ConstructInstances(1, 002ee2e8, 002ee348)
 Constructing instance 029faf00 of Vertex Buffer : Buffer.
 Constructing instance 029faf00 of Buffer.
 sglBuffer.c:455?_AfxBufCtor(buf=029faf00)
 Constructing instance 029faf00 of Vertex Buffer.
 afxVertexBuffer.c:303?_AfxVbufCtor(vbuf=029faf00)
 Instance 029faf00[vbuf]^1 built.
 sglSurface.c:91?_AfxDrawContextAcquireSurface(dctx=00eba740,fmt=1,whd=[688,384,1],usage=16)
 ADV afxTexture.c:15?AfxTextureBlueprintReset
    texb->fcc == AFX_FCC_TEXB
 Class[Surface].ConstructInstances(1, 002ecc44, 002ecca4)
 Constructing instance 02aecdf0 of Surface : Texture.
 Constructing instance 02aecdf0 of Texture : Resource.
 Constructing instance 02aecdf0 of Resource.
 afxResource.c:99?_AfxResCtor(res=02aecdf0)
 Constructing instance 02aecdf0 of Texture.
 sglTexture.c:1000?_AfxTexCtor(tex=02aecdf0)
 Constructing instance 02aecdf0 of Surface.
 sglSurface.c:154?_AfxSurfCtor(surf=02aecdf0)
 Instance 02aecdf0[surf]^1 built.
 sglSurface.c:91?_AfxDrawContextAcquireSurface(dctx=00eba740,fmt=1,whd=[344,192,1],usage=16)
 ADV afxTexture.c:15?AfxTextureBlueprintReset
    texb->fcc == AFX_FCC_TEXB
 Class[Surface].ConstructInstances(1, 002ecc44, 002ecca4)
 Constructing instance 02b2d840 of Surface : Texture.
 Constructing instance 02b2d840 of Texture : Resource.
 Constructing instance 02b2d840 of Resource.
 afxResource.c:99?_AfxResCtor(res=02b2d840)
 Constructing instance 02b2d840 of Texture.
 sglTexture.c:1000?_AfxTexCtor(tex=02b2d840)
 Constructing instance 02b2d840 of Surface.
 sglSurface.c:154?_AfxSurfCtor(surf=02b2d840)
 Instance 02b2d840[surf]^1 built.
 sglSurface.c:91?_AfxDrawContextAcquireSurface(dctx=00eba740,fmt=1,whd=[344,192,1],usage=16)
 ADV afxTexture.c:15?AfxTextureBlueprintReset
    texb->fcc == AFX_FCC_TEXB
 Class[Surface].ConstructInstances(1, 002ecc44, 002ecca4)
 Constructing instance 02b3dc90 of Surface : Texture.
 Constructing instance 02b3dc90 of Texture : Resource.
 Constructing instance 02b3dc90 of Resource.
 afxResource.c:99?_AfxResCtor(res=02b3dc90)
 Constructing instance 02b3dc90 of Texture.
 sglTexture.c:1000?_AfxTexCtor(tex=02b3dc90)
 Constructing instance 02b3dc90 of Surface.
 sglSurface.c:154?_AfxSurfCtor(surf=02b3dc90)
 Instance 02b3dc90[surf]^1 built.
 Class[Lego].ConstructInstances(1, 002ed220, 002ed280)
 Constructing instance 02a1fec0 of Lego.
 sglLego.c:333?_AfxLegoCtor(lego=02a1fec0)
 Instance 02a1fec0[lego]^1 built.
 sglCanvas.c:322?_AfxDrawContextBuildCanvases(dctx=00eba740,cnt=1,blueprint=002ed4b0,canv=00f85128)
 Class[Canvas].ConstructInstances(1, 002ed234, 002ed294)
 Constructing instance 02a12d50 of Canvas.
 sglCanvas.c:414?_AfxCanvCtor(canv=02a12d50)
 sglSurface.c:91?_AfxDrawContextAcquireSurface(dctx=00eba740,fmt=4,whd=[688,384,1],usage=16)
 ADV afxTexture.c:15?AfxTextureBlueprintReset
    texb->fcc == AFX_FCC_TEXB
 Class[Surface].ConstructInstances(1, 002ec6b4, 002ec714)
 Constructing instance 02b4e0e0 of Surface : Texture.
 Constructing instance 02b4e0e0 of Texture : Resource.
 Constructing instance 02b4e0e0 of Resource.
 afxResource.c:99?_AfxResCtor(res=02b4e0e0)
 Constructing instance 02b4e0e0 of Texture.
 sglTexture.c:1000?_AfxTexCtor(tex=02b4e0e0)
 Constructing instance 02b4e0e0 of Surface.
 sglSurface.c:154?_AfxSurfCtor(surf=02b4e0e0)
 Instance 02b4e0e0[surf]^1 built.
 Instance 02a12d50[canv]^1 built.
 sglSurface.c:91?_AfxDrawContextAcquireSurface(dctx=00eba740,fmt=1,whd=[688,384,1],usage=16)
 ADV afxTexture.c:15?AfxTextureBlueprintReset
    texb->fcc == AFX_FCC_TEXB
 Class[Surface].ConstructInstances(1, 002ecc44, 002ecca4)
 Constructing instance 02b4e2e0 of Surface : Texture.
 Constructing instance 02b4e2e0 of Texture : Resource.
 Constructing instance 02b4e2e0 of Resource.
 afxResource.c:99?_AfxResCtor(res=02b4e2e0)
 Constructing instance 02b4e2e0 of Texture.
 sglTexture.c:1000?_AfxTexCtor(tex=02b4e2e0)
 Constructing instance 02b4e2e0 of Surface.
 sglSurface.c:154?_AfxSurfCtor(surf=02b4e2e0)
 Instance 02b4e2e0[surf]^1 built.
 sglSurface.c:91?_AfxDrawContextAcquireSurface(dctx=00eba740,fmt=1,whd=[344,192,1],usage=16)
 ADV afxTexture.c:15?AfxTextureBlueprintReset
    texb->fcc == AFX_FCC_TEXB
 Class[Surface].ConstructInstances(1, 002ecc44, 002ecca4)
 Constructing instance 06cf08e0 of Surface : Texture.
 Constructing instance 06cf08e0 of Texture : Resource.
 Constructing instance 06cf08e0 of Resource.
 afxResource.c:99?_AfxResCtor(res=06cf08e0)
 Constructing instance 06cf08e0 of Texture.
 sglTexture.c:1000?_AfxTexCtor(tex=06cf08e0)
 Constructing instance 06cf08e0 of Surface.
 sglSurface.c:154?_AfxSurfCtor(surf=06cf08e0)
 Instance 06cf08e0[surf]^1 built.
 sglSurface.c:91?_AfxDrawContextAcquireSurface(dctx=00eba740,fmt=1,whd=[344,192,1],usage=16)
 ADV afxTexture.c:15?AfxTextureBlueprintReset
    texb->fcc == AFX_FCC_TEXB
 Class[Surface].ConstructInstances(1, 002ecc44, 002ecca4)
 Constructing instance 06cf0ad0 of Surface : Texture.
 Constructing instance 06cf0ad0 of Texture : Resource.
 Constructing instance 06cf0ad0 of Resource.
 afxResource.c:99?_AfxResCtor(res=06cf0ad0)
 Constructing instance 06cf0ad0 of Texture.
 sglTexture.c:1000?_AfxTexCtor(tex=06cf0ad0)
 Constructing instance 06cf0ad0 of Surface.
 sglSurface.c:154?_AfxSurfCtor(surf=06cf0ad0)
 Instance 06cf0ad0[surf]^1 built.
 Class[Lego].ConstructInstances(1, 002ed220, 002ed280)
 Constructing instance 029de740 of Lego.
 sglLego.c:333?_AfxLegoCtor(lego=029de740)
 Instance 029de740[lego]^1 built.
 sglCanvas.c:322?_AfxDrawContextBuildCanvases(dctx=00eba740,cnt=1,blueprint=002ed4b0,canv=00f8512c)
 Class[Canvas].ConstructInstances(1, 002ed234, 002ed294)
 Constructing instance 06d00f20 of Canvas.
 sglCanvas.c:414?_AfxCanvCtor(canv=06d00f20)
 sglSurface.c:91?_AfxDrawContextAcquireSurface(dctx=00eba740,fmt=4,whd=[688,384,1],usage=16)
 ADV afxTexture.c:15?AfxTextureBlueprintReset
    texb->fcc == AFX_FCC_TEXB
 Class[Surface].ConstructInstances(1, 002ec6b4, 002ec714)
 Constructing instance 06d01000 of Surface : Texture.
 Constructing instance 06d01000 of Texture : Resource.
 Constructing instance 06d01000 of Resource.
 afxResource.c:99?_AfxResCtor(res=06d01000)
 Constructing instance 06d01000 of Texture.
 sglTexture.c:1000?_AfxTexCtor(tex=06d01000)
 Constructing instance 06d01000 of Surface.
 sglSurface.c:154?_AfxSurfCtor(surf=06d01000)
 Instance 06d01000[surf]^1 built.
 Instance 06d00f20[canv]^1 built.
 Extent readjusted. (dout)029daa90 -> 1366, Inf of 0; 768 Inf of 0
 sglDrawScript.c:439?_AfxDrawInputAcquireScript(din=029e1030)
 Class[Draw Script].ConstructInstances(1, 002ee3cc, 002ee42c)
 Constructing instance 02a129a0 of Draw Script.
 sglDrawScript.c:483?_AfxDscrCtor(dscr=02a129a0)
 Instance 02a129a0[dscr]^1 built.
 afxTexture 02a50940 hardware-side data instanced.
 afxSurface 02a50940 hardware-side data instanced.
 afxTexture 029e0b60 hardware-side data instanced.
 afxSurface 029e0b60 hardware-side data instanced.
 afxCanvas 029e0a80 hardware-side data instanced.
 afxShader 029ff030 hardware-side data instanced.
 afxShader 029e6c20 hardware-side data instanced.
 afxPipeline 02a02590 hardware-side data instanced.
 afxBuffer 029faf00 hardware-side data instanced.
 afxTexture 02aecdf0 hardware-side data instanced.
 afxSampler 029ff780 hardware-side data instanced.
 afxTexture 02b2d840 hardware-side data instanced.
 afxTexture 02b3dc90 hardware-side data instanced.
 afxShader 00f04310 hardware-side data instanced.
 afxShader 005bcbf0 hardware-side data instanced.
 afxPipeline 00ebc830 hardware-side data instanced.
 afxBuffer 00f11430 hardware-side data instanced.
 afxSampler 029cf1f0 hardware-side data instanced.
 afxTexture 029db000 hardware-side data instanced.
 afxSurface 029db000 hardware-side data instanced.
 afxTexture 029e0e40 hardware-side data instanced.
 afxSurface 029e0e40 hardware-side data instanced.
 afxCanvas 029e0d60 hardware-side data instanced.
 afxTexture 02b4e2e0 hardware-side data instanced.
 afxTexture 06cf08e0 hardware-side data instanced.
 afxTexture 06cf0ad0 hardware-side data instanced.
 ADV afxSystem.c:574?AfxSystemProcess
    User input requested application break.
 afxApplication.c:293?AfxApplicationExit(app=02a500a0)
 mmplayer.c:211?AfxLeaveApplication(app=02a500a0)
 aaaaaaaaaaaa
 Class[Draw Input].DestructInstances(1, 002ee8fc, 00707061)
 Destructing instance 029e1030 of Draw Input class.
 sglDrawInput.c:231?_AfxDinDtor(din=029e1030)
 Instance 029e1030[din]^0 destroyed.
 Class[Canvas].DestructInstances(1, 002ee888, 002ee78c)
 Destructing instance 02a12d50 of Canvas class.
 sglCanvas.c:392?_AfxCanvDtor(canv=02a12d50)
 sglCanvas.c:361?_AfxCanvDropAllSurfaces(canv=02a12d50)
 Class[Surface].DestructInstances(1, 002ee598, 002ee6e4)
 Destructing instance 02b4e0e0 of Surface class.
 sglSurface.c:121?_AfxSurfDtor(surf=02b4e0e0)
 Destructing instance 02b4e0e0 of Surface : Texture class.
 Destructing instance 02b4e0e0 of Texture class.
 sglTexture.c:955?_AfxTexDtor(tex=02b4e0e0)
 Destructing instance 02b4e0e0 of Texture : Resource class.
 Destructing instance 02b4e0e0 of Resource class.
 afxResource.c:88?_AfxResDtor(res=02b4e0e0)
 Instance 02b4e0e0[surf]^0 destroyed.
 Instance 02a12d50[canv]^0 destroyed.
 Class[Lego].DestructInstances(1, 002ee888, 0067e424)
 Destructing instance 02a1fec0 of Lego class.
 sglLego.c:220?_AfxLegoDtor(lego=02a1fec0)
 Instance 02a1fec0[lego]^0 destroyed.
 Class[Surface].DestructInstances(1, 002ee888, 0067e424)
 Destructing instance 02aecdf0 of Surface class.
 sglSurface.c:121?_AfxSurfDtor(surf=02aecdf0)
 Destructing instance 02aecdf0 of Surface : Texture class.
 Destructing instance 02aecdf0 of Texture class.
 sglTexture.c:955?_AfxTexDtor(tex=02aecdf0)
 Destructing instance 02aecdf0 of Texture : Resource class.
 Destructing instance 02aecdf0 of Resource class.
 afxResource.c:88?_AfxResDtor(res=02aecdf0)
 Instance 02aecdf0[surf]^0 destroyed.
 Class[Surface].DestructInstances(1, 002ee888, 0067e424)
 Destructing instance 02b2d840 of Surface class.
 sglSurface.c:121?_AfxSurfDtor(surf=02b2d840)
 Destructing instance 02b2d840 of Surface : Texture class.
 Destructing instance 02b2d840 of Texture class.
 sglTexture.c:955?_AfxTexDtor(tex=02b2d840)
 Destructing instance 02b2d840 of Texture : Resource class.
 Destructing instance 02b2d840 of Resource class.
 afxResource.c:88?_AfxResDtor(res=02b2d840)
 Instance 02b2d840[surf]^0 destroyed.
 Class[Surface].DestructInstances(1, 002ee888, 0067e424)
 Destructing instance 02b3dc90 of Surface class.
 sglSurface.c:121?_AfxSurfDtor(surf=02b3dc90)
 Destructing instance 02b3dc90 of Surface : Texture class.
 Destructing instance 02b3dc90 of Texture class.
 sglTexture.c:955?_AfxTexDtor(tex=02b3dc90)
 Destructing instance 02b3dc90 of Texture : Resource class.
 Destructing instance 02b3dc90 of Resource class.
 afxResource.c:88?_AfxResDtor(res=02b3dc90)
 Instance 02b3dc90[surf]^0 destroyed.
 Class[Canvas].DestructInstances(1, 002ee888, 0067e424)
 Destructing instance 06d00f20 of Canvas class.
 sglCanvas.c:392?_AfxCanvDtor(canv=06d00f20)
 sglCanvas.c:361?_AfxCanvDropAllSurfaces(canv=06d00f20)
 Class[Surface].DestructInstances(1, 002ee598, 67010023)
 Destructing instance 06d01000 of Surface class.
 sglSurface.c:121?_AfxSurfDtor(surf=06d01000)
 Destructing instance 06d01000 of Surface : Texture class.
 Destructing instance 06d01000 of Texture class.
 sglTexture.c:955?_AfxTexDtor(tex=06d01000)
 Destructing instance 06d01000 of Texture : Resource class.
 Destructing instance 06d01000 of Resource class.
 afxResource.c:88?_AfxResDtor(res=06d01000)
 Instance 06d01000[surf]^0 destroyed.
 Instance 06d00f20[canv]^0 destroyed.
 Class[Lego].DestructInstances(1, 002ee888, 0067e424)
 Destructing instance 029de740 of Lego class.
 sglLego.c:220?_AfxLegoDtor(lego=029de740)
 Instance 029de740[lego]^0 destroyed.
 Class[Surface].DestructInstances(1, 002ee888, 0067e424)
 Destructing instance 02b4e2e0 of Surface class.
 sglSurface.c:121?_AfxSurfDtor(surf=02b4e2e0)
 Destructing instance 02b4e2e0 of Surface : Texture class.
 Destructing instance 02b4e2e0 of Texture class.
 sglTexture.c:955?_AfxTexDtor(tex=02b4e2e0)
 Destructing instance 02b4e2e0 of Texture : Resource class.
 Destructing instance 02b4e2e0 of Resource class.
 afxResource.c:88?_AfxResDtor(res=02b4e2e0)
 Instance 02b4e2e0[surf]^0 destroyed.
 Class[Surface].DestructInstances(1, 002ee888, 0067e424)
 Destructing instance 06cf08e0 of Surface class.
 sglSurface.c:121?_AfxSurfDtor(surf=06cf08e0)
 Destructing instance 06cf08e0 of Surface : Texture class.
 Destructing instance 06cf08e0 of Texture class.
 sglTexture.c:955?_AfxTexDtor(tex=06cf08e0)
 Destructing instance 06cf08e0 of Texture : Resource class.
 Destructing instance 06cf08e0 of Resource class.
 afxResource.c:88?_AfxResDtor(res=06cf08e0)
 Instance 06cf08e0[surf]^0 destroyed.
 Class[Surface].DestructInstances(1, 002ee888, 0067e424)
 Destructing instance 06cf0ad0 of Surface class.
 sglSurface.c:121?_AfxSurfDtor(surf=06cf0ad0)
 Destructing instance 06cf0ad0 of Surface : Texture class.
 Destructing instance 06cf0ad0 of Texture class.
 sglTexture.c:955?_AfxTexDtor(tex=06cf0ad0)
 Destructing instance 06cf0ad0 of Texture : Resource class.
 Destructing instance 06cf0ad0 of Resource class.
 afxResource.c:88?_AfxResDtor(res=06cf0ad0)
 Instance 06cf0ad0[surf]^0 destroyed.
 Class[Module].DestructInstances(1, 002ee8e4, 002ee6e4)
 Destructing instance 005044c0 of Module class.
 afxModule.c:107?_AfxMdleDtor(mdle=005044c0)
 Instance 005044c0[mdle]^0 destroyed.
 Class[Sampler].DestructInstances(1, 002ee8e4, 0067e424)
 Destructing instance 029ff780 of Sampler class.
 sglSampler.c:157?_AfxSmpDtor(smp=029ff780)
 Instance 029ff780[smp]^0 destroyed.
 Class[Draw Operation].DestructInstances(1, 002ee8e4, 0067e424)
 Destructing instance 00504580 of Draw Operation class.
 afxDrawOperation.c:465?_AfxDopDtor(dop=00504580)
 Instance 00504580[dop]^0 destroyed.
 Class[Vertex Buffer].DestructInstances(1, 002ee8e4, 0067e424)
 Destructing instance 029faf00 of Vertex Buffer class.
 afxVertexBuffer.c:285?_AfxVbufDtor(vbuf=029faf00)
 Destructing instance 029faf00 of Vertex Buffer : Buffer class.
 Destructing instance 029faf00 of Buffer class.
 sglBuffer.c:416?_AfxBufDtor(buf=029faf00)
 Instance 029faf00[vbuf]^0 destroyed.
 Class[Application].DestructInstances(1, 002ee9a0, 6701b643)
 Destructing instance 02a500a0 of Application class.
 afxApplication.c:382?_AfxAppDtor(app=02a500a0)
 Deregistering Simulation class...
 Simulation class deregistered.
 Deregistering Widget class...
 Widget class deregistered.
 Class[Draw Input].DestructInstances(1, 002ee714, 0fa35781)
 Destructing instance 00eab650 of Draw Input class.
 sglDrawInput.c:231?_AfxDinDtor(din=00eab650)
 Instance 00eab650[din]^0 destroyed.
 Class[Mouse].DestructInstances(1, 002ee714, 0067e424)
 Destructing instance 02a574d0 of Mouse class.
 afxMouse.c:261?_AfxMseDtor(mse=02a574d0)
 Destructing instance 02a574d0 of Mouse : HID class.
 Destructing instance 02a574d0 of HID class.
 afxHid.c:47?_AfxHidDtor(hid=02a574d0)
 Instance 02a574d0[mse]^0 destroyed.
 Instance 02a500a0[app]^0 destroyed.
 Class[Draw Context].DestructInstances(1, 002ee9a0, 0067e424)
 Destructing instance 00eba740 of Draw Context class.
 sglDrawContext.c:355?_AfxDctxDtor(dctx=00eba740)
 Deregistering Draw Output class...
 Class[Draw Output].DestructInstances(1, 002ee5e8, 004d0000)
 Destructing instance 029daa90 of Draw Output class.
 sglDrawOutput.c:291?_AfxDoutDtor(dout=029daa90)
 Extent readjusted. (dout)029daa90 -> 1272, Inf of 0; 693 0.000000 of 4240956769
 sglDrawOutput.c:245?_AfxDoutDropAllSurfaces(dout=029daa90)
 Instance 029daa90[dout]^0 destroyed.
 Draw Output class deregistered.
 Deregistering Lego class...
 Class[Lego].DestructInstances(1, 002ee5e8, 0067e424)
 Destructing instance 00efd020 of Lego class.
 sglLego.c:220?_AfxLegoDtor(lego=00efd020)
 Instance 00efd020[lego]^0 destroyed.
 Lego class deregistered.
 Deregistering Lego Template class...
 Class[Lego Template].DestructInstances(1, 002ee5e8, 0067e424)
 Destructing instance 02a02d30 of Lego Template class.
 sglLego.c:234?_AfxLegtDtor(legt=02a02d30)
 Instance 02a02d30[legt]^0 destroyed.
 Class[Lego Template].DestructInstances(1, 002ee5e8, 0067e424)
 Destructing instance 02a08210 of Lego Template class.
 sglLego.c:234?_AfxLegtDtor(legt=02a08210)
 Instance 02a08210[legt]^0 destroyed.
 Class[Lego Template].DestructInstances(1, 002ee5e8, 0067e424)
 Destructing instance 02a4fe20 of Lego Template class.
 sglLego.c:234?_AfxLegtDtor(legt=02a4fe20)
 Instance 02a4fe20[legt]^0 destroyed.
 Class[Lego Template].DestructInstances(1, 002ee5e8, 0067e424)
 Destructing instance 005bb680 of Lego Template class.
 sglLego.c:234?_AfxLegtDtor(legt=005bb680)
 Instance 005bb680[legt]^0 destroyed.
 Lego Template class deregistered.
 Deregistering Draw Operation class...
 Class[Draw Operation].DestructInstances(1, 002ee5e8, 0067e424)
 Destructing instance 00504400 of Draw Operation class.
 afxDrawOperation.c:465?_AfxDopDtor(dop=00504400)
 Instance 00504400[dop]^0 destroyed.
 Draw Operation class deregistered.
 Deregistering Pipeline class...
 Class[Pipeline].DestructInstances(1, 002ee5e8, 0067e424)
 Dropping connection 02a026e8 from 029e6c20?shd#3 to holder 02a02590?pip#0.
 Dropping connection 02a026b4 from 029ff030?shd#3 to holder 02a02590?pip#0.
 Destructing instance 02a02590 of Pipeline class.
 sglPipeline.c:602?_AfxPipDtor(pip=02a02590)
 Class[Pipeline Rig].DestructInstances(1, 002ee31c, 00000000)
 Destructing instance 029faca0 of Pipeline Rig class.
 sglPipelineRig.c:58?_AfxPiprDtor(pipr=029faca0)
 Instance 029faca0[pipa]^0 destroyed.
 Destructing instance 02a02590 of Pipeline : Resource class.
 Destructing instance 02a02590 of Resource class.
 afxResource.c:88?_AfxResDtor(res=02a02590)
 Instance 02a02590[pip]^0 destroyed.
 Class[Pipeline].DestructInstances(1, 002ee5e8, 0067e424)
 Dropping connection 00ebc988 from 005bcbf0?shd#3 to holder 00ebc830?pip#0.
 Dropping connection 00ebc954 from 00f04310?shd#3 to holder 00ebc830?pip#0.
 Destructing instance 00ebc830 of Pipeline class.
 sglPipeline.c:602?_AfxPipDtor(pip=00ebc830)
 Class[Pipeline Rig].DestructInstances(1, 002ee31c, 00000000)
 Destructing instance 02a573f0 of Pipeline Rig class.
 sglPipelineRig.c:58?_AfxPiprDtor(pipr=02a573f0)
 Instance 02a573f0[pipa]^0 destroyed.
 Destructing instance 00ebc830 of Pipeline : Resource class.
 Destructing instance 00ebc830 of Resource class.
 afxResource.c:88?_AfxResDtor(res=00ebc830)
 Instance 00ebc830[pip]^0 destroyed.
 Pipeline class deregistered.
 Deregistering Pipeline Rig class...
 Pipeline Rig class deregistered.
 Deregistering Shader class...
 Class[Shader].DestructInstances(1, 002ee5e8, 0067e424)
 Destructing instance 029e6c20 of Shader class.
 ERR afxObject.c:276?AfxObjectAssert
    
 ERR afxObject.c:276?AfxObjectAssert
    (obj)
    Invalid
 ERR afxObject.c:157?AfxObjectTestFcc
    
 ERR afxObject.c:157?AfxObjectTestFcc
    (obj)
    Invalid
 ERR afxObject.c:204?AfxObjectGetClass
    
 ERR afxObject.c:204?AfxObjectGetClass
    (obj)
    Invalid