
 afxDebug.c:386?AfxAttachDebugTerminal()
      ::::::::  :::       :::     :::     :::::::::  :::::::::   ::::::::      
     :+:    :+: :+:       :+:   :+: :+:   :+:    :+: :+:    :+: :+:    :+:     
     +:+    +:+ +:+       +:+  +:+   +:+  +:+    +:+ +:+    +:+ +:+    +:+     
     +#+    +:+ +#+  +:+  +#+ +#++:++#++: +#+    +:+ +#++:++#:  +#+    +:+     
     +#+  # +#+ +#+ +#+#+ +#+ +#+     +#+ +#+    +#+ +#+    +#+ +#+    +#+     
     #+#   +#+   #+#+# #+#+#  #+#     #+# #+#    #+# #+#    #+# #+#    #+#     
      ###### ###  ###   ###   ###     ### #########  ###    ###  ########      
                                                                               
          T H E   Q W A D R O   E X E C U T I O N   E C O S Y S T E M          
                                                                               
                               Public Test Build                               
              (c) 2017 SIGMA Technology Group --- Federacao SIGMA              
                                www.sigmaco.org                                
                                                                               
 Installing Basic I/O System at 503ff7cc by 00000000 over 00000000 with 503fd1c0)
 ERR afxPool.c:273?AfxOccupyPoolUnit
    
 ERR afxPool.c:273?AfxOccupyPoolUnit
    (AfxGetPoolUnit(pool, idx, 0))
    Invalid
 ERR afxPool.c:436?AfxAllocatePoolUnit
    
 ERR afxClass.c:663?AfxAcquireObjects
    
 ERR afxSystem.c:1262?AfxBootUpBasicIoSystem
    
 ERR afxClass.c:775?_AfxAssertObjects
    
 ERR mmplayer.c:278?main
    
 ERR mmplayer.c:278?main
    (((afxResult)(1)) == _AfxAssertObjects((1), (afxHandle const*)(&sys),(AFX_FCC_SYS)))
    Invalid