
 afxDebug.c:391
	AfxAttachDebugTerminal()
      ::::::::  :::       :::     :::     :::::::::  :::::::::   ::::::::      
     :+:    :+: :+:       :+:   :+: :+:   :+:    :+: :+:    :+: :+:    :+:     
     +:+    +:+ +:+       +:+  +:+   +:+  +:+    +:+ +:+    +:+ +:+    +:+     
     +#+    +:+ +#+  +:+  +#+ +#++:++#++: +#+    +:+ +#++:++#:  +#+    +:+     
     +#+  # +#+ +#+ +#+#+ +#+ +#+     +#+ +#+    +#+ +#+    +#+ +#+    +#+     
     #+#   +#+   #+#+# #+#+#  #+#     #+# #+#    #+# #+#    #+# #+#    #+#     
      ###### ###  ###   ###   ###     ### #########  ###    ###  ########      
                                                                               
          T H E   Q W A D R O   E X E C U T I O N   E C O S Y S T E M          
                                                                               
                               Public Test Build                               
              (c) 2017 SIGMA Technology Group --- Federacao SIGMA              
                                www.sigmaco.org                                
                                                                               
 Installing Basic I/O System at 77fe17dc by 00000000 over 00000000 with 77fdf1c0)
 afxClass<Basic I/O System>::ConstructObject(00508090)
 afxSystem.c:1006
	_AfxSysCtor(sys=00508090)
 Installing Context at 005080cc by 005080b8 over 00000000 with 77fdf7a4)
 Installing Module at 0050818c by 005080b8 over 00000000 with 77fdf080)
 Installing Thread at 005083cc by 005080b8 over 00000000 with 77fdf1f0)
 Installing File at 0050854c by 005080b8 over 00000000 with 77fdf314)
 Installing Archive at 0050860c by 005080b8 over 00000000 with 77fdf2e4)
 Installing Application at 0050848c by 005080b8 over 00000000 with 77fdf000)
 Installing Keyboard at 0050824c by 005080b8 over 00000000 with 77fdf344)
 Installing Mouse at 0050830c by 005080b8 over 00000000 with 77fdf374)
 Installing Draw System at 005086cc by 005080b8 over 00000000 with 77fe0074)
 ADV afxSystem.c:1090?_AfxSysCtor
    Memory page size: 4096
 ADV afxSystem.c:1091?_AfxSysCtor
    Logical processor count: 2
 afxContext.c:202
	AfxAcquireContexts(cnt=1,app=0050878c,strategy=0040e460)
 afxClass<Context>::ConstructObject(005088f0)
 afxContext.c:166
	_AfxCtxCtor(ctx=005088f0)
 afxArena.c:767
	AfxAcquireArena(aren=005087e8)
 afxArena.c:768
	AfxAcquireArena(spec=00000000,hint="afxSystem.c:1143!_AfxSysCtor")
 afxSystem.c:751
	AfxMountStoragePoints(6,0040e5b8)
 Point "." 5 mounted -> "E:/qwadro/afx".
 Point "system" 5 mounted -> "E:/qwadro/afx/system32".
 Point "sound" 5 mounted -> "E:/qwadro/afx/sound".
 Point "data" 5 mounted -> "E:/qwadro/afx/data".
 Point "art" 5 mounted -> "E:/qwadro/afx/art".
 Point "tmp" 7 mounted -> "E:/qwadro/afx/tmp".
 afxModule.c:169
	AfxAcquireModules(cnt=1,mdle=005087b8,uri=0040e4f0)
 afxClass<Module>::ConstructObject(0050d560)
 afxModule.c:125
	_AfxMdleCtor(uri:system/e2coree.dll)
 E:/qwadro/afx/system32/e2coree.dll
 afxKeyboard.c:317
	AfxAcquireKeyboards(cnt=1,kbd=005087bc,port=0040e438)
 afxClass<Keyboard>::ConstructObject(0050d660)
 afxKeyboard.c:281
	_AfxKbdCtor(kbd=0050d660)
 Entering the Threading Execution Environment  0
 afxClass<Draw System>::ConstructObject(0050e060)
 afxDrawSystem.c:635
	_AfxDsysCtor(dsys=0050e060)
 Installing Draw Thread at 0050e48c by 0050e0b8 over 00000000 with 0040ef14)
 Installing Installable Client (Draw) Driver at 0050e0cc by 0050e0b8 over 00000000 with 0040eee4)
 Installing Draw Device at 0050e18c by 0050e0b8 over 00000000 with 0040eeb4)
 Installing Draw Context at 0050e24c by 0050e0b8 over 00000000 with 0040ee84)
 Entering the Threading Execution Environment  1
 afxSystem.c:987
	startCbOnSysProcUnit(Threading Execution Environment 1 started)
 Entering the Threading Execution Environment  0
 Installing Draw Output at 0050e30c by 0050e0b8 over 00000000 with 0040ee54)
 Installing Draw Input at 0050e3cc by 0050e0b8 over 00000000 with 0040ee24)
New texture codec registered.
Name: SIGGL
Author: SIGMA Technology Group
Version: 0.5.1
Note: 
 Truecolor Targa texture serializer installed!
 afxModule.c:169
	AfxAcquireModules(cnt=1,mdle=0050e560,uri=0040edac)
 afxClass<Module>::ConstructObject(0050ffe0)
 afxModule.c:125
	_AfxMdleCtor(uri:e2draw.icd)
 afxClass<Installable Client (Draw) Driver>::ConstructObject(00510aa0)
 afxDrawSystem.c:261
	_AfxDdrvCtor(ddrv=00510aa0)
 Installing Draw Device at 00510ab4 by 00510aa0 over 0050e18c with 0040ec78)
New installable client driver registered.
Name: OpenGL/Vulkan Continuous Integration
Author: SIGMA Technology Group
Version: 0.7.2
Note: 
           :::::::::::     :::     :::::::::   ::::::::      :::               
               :+:       :+: :+:   :+:    :+: :+:    :+:   :+: :+:             
               +:+      +:+   +:+  +:+    +:+ +:+         +:+   +:+            
               +#+     +#++:++#++: +#++:++#:  :#:        +#++:++#++:           
               +#+     +#+     +#+ +#+    +#+ +#+   +#+# +#+     +#+           
               #+#     #+#     #+# #+#    #+# #+#    #+# #+#     #+#           
               ###     ###     ### ###    ###  ########  ###     ###           
                                                                               
          T H E   Q W A D R O   E X E C U T I O N   E C O S Y S T E M          
                                                                               
                               Public Test Build                               
              (c) 2017 SIGMA Technology Group --- Federacao SIGMA              
                                www.sigmaco.org                                
                                                                               
 afxClass<Draw Device, Draw Device>ConstructingObject(00510c40)
 afxClass<Draw Device>::ConstructObject(00510c40)
 afxClass<Draw Device>::ConstructObject(00510c40)
 sglDrawDriver.c:1896
	_SglDdevCtor(ddev=00510c40)
 Installing Draw Context at 00510c58 by 00510c44 over 0050e24c with 518080cc)
 Installing Draw Output at 00510d18 by 00510c44 over 0050e30c with 518081c8)
 Installing Draw Input at 00510dd8 by 00510c44 over 0050e3cc with 51808180)