
 afxDebug.c:391
  AfxAttachDebugTerminal()
      ::::::::  :::       :::     :::     :::::::::  :::::::::   ::::::::      
     :+:    :+: :+:       :+:   :+: :+:   :+:    :+: :+:    :+: :+:    :+:     
     +:+    +:+ +:+       +:+  +:+   +:+  +:+    +:+ +:+    +:+ +:+    +:+     
     +#+    +:+ +#+  +:+  +#+ +#++:++#++: +#+    +:+ +#++:++#:  +#+    +:+     
     +#+  # +#+ +#+ +#+#+ +#+ +#+     +#+ +#+    +#+ +#+    +#+ +#+    +#+     
     #+#   +#+   #+#+# #+#+#  #+#     #+# #+#    #+# #+#    #+# #+#    #+#     
      ###### ###  ###   ###   ###     ### #########  ###    ###  ########      
                                                                               
          T H E   Q W A D R O   E X E C U T I O N   E C O S Y S T E M          
                                                                               
                               Public Test Build                               
              (c) 2017 SIGMA Technology Group --- Federacao SIGMA              
                                www.sigmaco.org                                
                                                                               
 Installing Basic I/O System at 511d17dc by 00000000 over 00000000 with 511cf1c0)
 afxClass<Basic I/O System>::ConstructObject(004b8090)
 afxSystem.c:1007
  _AfxSysCtor(sys=004b8090)
 Installing Context at 004b80cc by 004b80b8 over 00000000 with 511cf7a4)
 Installing Module at 004b818c by 004b80b8 over 00000000 with 511cf080)
 Installing Thread at 004b83cc by 004b80b8 over 00000000 with 511cf1f0)
 Installing File at 004b854c by 004b80b8 over 00000000 with 511cf314)
 Installing Archive at 004b860c by 004b80b8 over 00000000 with 511cf2e4)
 Installing Application at 004b848c by 004b80b8 over 00000000 with 511cf000)
 Installing Keyboard at 004b824c by 004b80b8 over 00000000 with 511cf344)
 Installing Mouse at 004b830c by 004b80b8 over 00000000 with 511cf374)
 Installing Draw System at 004b86cc by 004b80b8 over 00000000 with 511d0074)
 [!] afxSystem.c:1091?_AfxSysCtor
  Memory page size: 4096
 [!] afxSystem.c:1092?_AfxSysCtor
  Logical processor count: 2
 afxContext.c:202
  AfxAcquireContexts(cnt=1,app=004b878c,strategy=003ee0b4)
 afxClass<Context>::ConstructObject(004b88f0)
 afxContext.c:166
  _AfxCtxCtor(ctx=004b88f0)
 afxArena.c:767
  AfxAcquireArena(aren=004b87e8)
 afxArena.c:768
  AfxAcquireArena(spec=00000000,hint="afxSystem.c:1144!_AfxSysCtor")
 afxSystem.c:752
  AfxMountStoragePoints(6,003ee20c)
 Point "." 5 mounted -> "E:/qwadro/afx".
 Point "system" 5 mounted -> "E:/qwadro/afx/system32".
 Point "sound" 5 mounted -> "E:/qwadro/afx/sound".
 Point "data" 5 mounted -> "E:/qwadro/afx/data".
 Point "art" 5 mounted -> "E:/qwadro/afx/art".
 Point "tmp" 7 mounted -> "E:/qwadro/afx/tmp".
 afxModule.c:169
  AfxAcquireModules(cnt=1,mdle=004b87b8,uri=003ee144)
 afxClass<Module>::ConstructObject(004bd560)
 afxModule.c:125
  _AfxMdleCtor(uri:system/e2coree.dll)
 E:/qwadro/afx/system32/e2coree.dll
 afxKeyboard.c:317
  AfxAcquireKeyboards(cnt=1,kbd=004b87bc,port=003ee08c)
 afxClass<Keyboard>::ConstructObject(004bd660)
 afxKeyboard.c:281
  _AfxKbdCtor(kbd=004bd660)
 Entering the Threading Execution Environment  0
 afxClass<Draw System>::ConstructObject(004be060)
 afxDrawSystem.c:763
  _AfxDsysCtor(dsys=004be060)
 Installing Draw Thread at 004be48c by 004be0b8 over 00000000 with 003eeb80)
 Installing Installable Client (Draw) Driver at 004be0cc by 004be0b8 over 00000000 with 003eeb50)
 Installing Draw Device at 004be18c by 004be0b8 over 00000000 with 003eeb20)
 Installing Draw Context at 004be24c by 004be0b8 over 00000000 with 003eeaf0)
 Installing Draw Output at 004be30c by 004be0b8 over 00000000 with 003eeac0)
 Installing Draw Input at 004be3cc by 004be0b8 over 00000000 with 003eea90)
New texture codec registered.
Name: SIGGL
Author: SIGMA Technology Group
Version: 0.5.1
Note: 
 Truecolor Targa texture serializer installed!
 Loading draw ICD system/e2draw.icd
 afxModule.c:169
  AfxAcquireModules(cnt=1,mdle=003ee8bc,uri=003ee8c4)
 afxClass<Module>::ConstructObject(004bffe0)
 afxModule.c:125
  _AfxMdleCtor(uri:e2draw.icd)
 Entering the Threading Execution Environment  1
 afxSystem.c:988
  startCbOnSysProcUnit(Threading Execution Environment 1 started)
 Entering the Threading Execution Environment  0
 afxClass<Installable Client (Draw) Driver>::ConstructObject(004c0aa0)
 afxDrawSystem.c:323
  _AfxDdrvCtor(ddrv=004c0aa0)
Installing 'e2draw.icd' ICD on draw system 004be060...
	OpenGL/Vulkan Continuous Integration 0.7.2
	Vendor: SIGMA Technology Group <www.sigmaco.org>
	Note: 
       ::::::::    :::::::::::    ::::::::    ::::     ::::       :::          
      :+:    :+:       :+:       :+:    :+:   +:+:+: :+:+:+     :+: :+:        
      +:+              +:+       +:+          +:+ +:+:+ +:+    +:+   +:+       
      +#++:++#++       +#+       :#:          +#+  +:+  +#+   +#++:++#++:      
             +#+       +#+       +#+   +#+#   +#+       +#+   +#+     +#+      
      #+#    #+#       #+#       #+#    #+#   #+#       #+#   #+#     #+#      
       ########    ###########    ########    ###       ###   ###     ###      
                                                                               
          T H E   Q W A D R O   E X E C U T I O N   E C O S Y S T E M          
                                                                               
                               Public Test Build                               
              (c) 2017 SIGMA Technology Group --- Federacao SIGMA              
                                www.sigmaco.org                                
                                                                               
 Installing Draw Device at 004c0ab4 by 004c0aa0 over 004be18c with 003ee0c4)
 afxClass<Draw Device, Draw Device>ConstructingObject(004c0c30)
 afxClass<Draw Device>::ConstructObject(004c0c30)
 afxDrawSystem.c:263
  _AfxDdevCtor(ddev=004c0c30)
 Installing Draw Context at 004c0c48 by 004c0c34 over 004be24c with 50b390c0)
 Installing Draw Output at 004c0d08 by 004c0c34 over 004be30c with 50b391a8)
 Installing Draw Input at 004c0dc8 by 004c0c34 over 004be3cc with 50b39160)
 afxClass<Draw Device>::ConstructObject(004c0c30)
 sglDrawDriver.c:1912
  _SglDdevCtor(ddev=004c0c30)
 Listing mem available display devices...

 #0 = Intel(R) HD Graphics (\\.\DISPLAY1) 8000005
 #1 = RDPDD Chained DD (\\.\DISPLAYV1) 200008
 #2 = RDP Encoder Mirror Driver (\\.\DISPLAYV2) 200008
 #3 = RDP Reflector Display Driver (\\.\DISPLAYV3) 200008
 Creating temp OpenGL context
 Creating definitive OpenGL context
 wglChoosePixelFormatARB @ 0 found.
 wglMakeContextCurrentARB @ 1 found.
 wglGetCurrentReadDCARB @ 2 found.
 wglCreateContextAttribsARB @ 3 found.
 wglGetExtensionsStringARB @ 4 found.
 wglSwapIntervalEXT @ 5 found.
 glCullFace @ 0 found.
 glFrontFace @ 1 found.
 glHint @ 2 found.
 glLineWidth @ 3 found.
 glPointSize @ 4 found.
 glPolygonMode @ 5 found.
 glScissor @ 6 found.
 glTexParameterf @ 7 found.
 glTexParameterfv @ 8 found.
 glTexParameteri @ 9 found.
 glTexParameteriv @ 10 found.
 glTexImage1D @ 11 found.
 glTexImage2D @ 12 found.
 glDrawBuffer @ 13 found.
 glClear @ 14 found.
 glClearColor @ 15 found.
 glClearStencil @ 16 found.
 glClearDepth @ 17 found.
 glStencilMask @ 18 found.
 glColorMask @ 19 found.
 glDepthMask @ 20 found.
 glDisable @ 21 found.
 glEnable @ 22 found.
 glFinish @ 23 found.
 glFlush @ 24 found.
 glBlendFunc @ 25 found.
 glLogicOp @ 26 found.
 glStencilFunc @ 27 found.
 glStencilOp @ 28 found.
 glDepthFunc @ 29 found.
 glPixelStoref @ 30 found.
 glPixelStorei @ 31 found.
 glReadBuffer @ 32 found.
 glReadPixels @ 33 found.
 glGetBooleanv @ 34 found.
 glGetDoublev @ 35 found.
 glGetError @ 36 found.
 glGetFloatv @ 37 found.
 glGetIntegerv @ 38 found.
 glGetString @ 39 found.
 glGetTexImage @ 40 found.
 glGetTexParameterfv @ 41 found.
 glGetTexParameteriv @ 42 found.
 glGetTexLevelParameterfv @ 43 found.
 glGetTexLevelParameteriv @ 44 found.
 glIsEnabled @ 45 found.
 glDepthRange @ 46 found.
 glViewport @ 47 found.
 glDrawArrays @ 48 found.
 glDrawElements @ 49 found.
 glGetPointerv @ 50 found.
 glPolygonOffset @ 51 found.
 glCopyTexImage1D @ 52 found.
 glCopyTexImage2D @ 53 found.
 glCopyTexSubImage1D @ 54 found.
 glCopyTexSubImage2D @ 55 found.
 glTexSubImage1D @ 56 found.
 glTexSubImage2D @ 57 found.
 glBindTexture @ 58 found.
 glDeleteTextures @ 59 found.
 glGenTextures @ 60 found.
 glIsTexture @ 61 found.
 glDrawRangeElements @ 62 found.
 glTexImage3D @ 63 found.
 glTexSubImage3D @ 64 found.
 glCopyTexSubImage3D @ 65 found.
 glActiveTexture @ 66 found.
 glSampleCoverage @ 67 found.
 glCompressedTexImage3D @ 68 found.
 glCompressedTexImage2D @ 69 found.
 glCompressedTexImage1D @ 70 found.
 glCompressedTexSubImage3D @ 71 found.
 glCompressedTexSubImage2D @ 72 found.
 glCompressedTexSubImage1D @ 73 found.
 glGetCompressedTexImage @ 74 found.
 glBlendFuncSeparate @ 75 found.
 glMultiDrawArrays @ 76 found.
 glMultiDrawElements @ 77 found.
 glPointParameterf @ 78 found.
 glPointParameterfv @ 79 found.
 glPointParameteri @ 80 found.
 glPointParameteriv @ 81 found.
 glBlendColor @ 82 found.
 glBlendEquation @ 83 found.
 glGenQueries @ 84 found.
 glDeleteQueries @ 85 found.
 glIsQuery @ 86 found.
 glBeginQuery @ 87 found.
 glEndQuery @ 88 found.
 glGetQueryiv @ 89 found.
 glGetQueryObjectiv @ 90 found.
 glGetQueryObjectuiv @ 91 found.
 glBindBuffer @ 92 found.
 glDeleteBuffers @ 93 found.
 glGenBuffers @ 94 found.
 glIsBuffer @ 95 found.
 glBufferData @ 96 found.
 glBufferSubData @ 97 found.
 glGetBufferSubData @ 98 found.
 glMapBuffer @ 99 found.
 glUnmapBuffer @ 100 found.
 glGetBufferParameteriv @ 101 found.
 glGetBufferPointerv @ 102 found.
 glBlendEquationSeparate @ 103 found.
 glDrawBuffers @ 104 found.
 glStencilOpSeparate @ 105 found.
 glStencilFuncSeparate @ 106 found.
 glStencilMaskSeparate @ 107 found.
 glAttachShader @ 108 found.
 glBindAttribLocation @ 109 found.
 glCompileShader @ 110 found.
 glCreateProgram @ 111 found.
 glCreateShader @ 112 found.
 glDeleteProgram @ 113 found.
 glDeleteShader @ 114 found.
 glDetachShader @ 115 found.
 glDisableVertexAttribArray @ 116 found.
 glEnableVertexAttribArray @ 117 found.
 glGetActiveAttrib @ 118 found.
 glGetActiveUniform @ 119 found.
 glGetAttachedShaders @ 120 found.
 glGetAttribLocation @ 121 found.
 glGetProgramiv @ 122 found.
 glGetProgramInfoLog @ 123 found.
 glGetShaderiv @ 124 found.
 glGetShaderInfoLog @ 125 found.
 glGetShaderSource @ 126 found.
 glGetUniformLocation @ 127 found.
 glGetUniformfv @ 128 found.
 glGetUniformiv @ 129 found.
 glGetVertexAttribdv @ 130 found.
 glGetVertexAttribfv @ 131 found.
 glGetVertexAttribiv @ 132 found.
 glGetVertexAttribPointerv @ 133 found.
 glIsProgram @ 134 found.
 glIsShader @ 135 found.
 glLinkProgram @ 136 found.
 glShaderSource @ 137 found.
 glUseProgram @ 138 found.
 glUniform1f @ 139 found.
 glUniform2f @ 140 found.
 glUniform3f @ 141 found.
 glUniform4f @ 142 found.
 glUniform1i @ 143 found.
 glUniform2i @ 144 found.
 glUniform3i @ 145 found.
 glUniform4i @ 146 found.
 glUniform1fv @ 147 found.
 glUniform2fv @ 148 found.
 glUniform3fv @ 149 found.
 glUniform4fv @ 150 found.
 glUniform1iv @ 151 found.
 glUniform2iv @ 152 found.
 glUniform3iv @ 153 found.
 glUniform4iv @ 154 found.
 glUniformMatrix2fv @ 155 found.
 glUniformMatrix3fv @ 156 found.
 glUniformMatrix4fv @ 157 found.
 glValidateProgram @ 158 found.
 glVertexAttrib1d @ 159 found.
 glVertexAttrib1dv @ 160 found.
 glVertexAttrib1f @ 161 found.
 glVertexAttrib1fv @ 162 found.
 glVertexAttrib1s @ 163 found.
 glVertexAttrib1sv @ 164 found.
 glVertexAttrib2d @ 165 found.
 glVertexAttrib2dv @ 166 found.
 glVertexAttrib2f @ 167 found.
 glVertexAttrib2fv @ 168 found.
 glVertexAttrib2s @ 169 found.
 glVertexAttrib2sv @ 170 found.
 glVertexAttrib3d @ 171 found.
 glVertexAttrib3dv @ 172 found.
 glVertexAttrib3f @ 173 found.
 glVertexAttrib3fv @ 174 found.
 glVertexAttrib3s @ 175 found.
 glVertexAttrib3sv @ 176 found.
 glVertexAttrib4Nbv @ 177 found.
 glVertexAttrib4Niv @ 178 found.
 glVertexAttrib4Nsv @ 179 found.
 glVertexAttrib4Nub @ 180 found.
 glVertexAttrib4Nubv @ 181 found.
 glVertexAttrib4Nuiv @ 182 found.
 glVertexAttrib4Nusv @ 183 found.
 glVertexAttrib4bv @ 184 found.
 glVertexAttrib4d @ 185 found.
 glVertexAttrib4dv @ 186 found.
 glVertexAttrib4f @ 187 found.
 glVertexAttrib4fv @ 188 found.
 glVertexAttrib4iv @ 189 found.
 glVertexAttrib4s @ 190 found.
 glVertexAttrib4sv @ 191 found.
 glVertexAttrib4ubv @ 192 found.
 glVertexAttrib4uiv @ 193 found.
 glVertexAttrib4usv @ 194 found.
 glVertexAttribPointer @ 195 found.
 glUniformMatrix2x3fv @ 196 found.
 glUniformMatrix3x2fv @ 197 found.
 glUniformMatrix2x4fv @ 198 found.
 glUniformMatrix4x2fv @ 199 found.
 glUniformMatrix3x4fv @ 200 found.
 glUniformMatrix4x3fv @ 201 found.
 glColorMaski @ 202 found.
 glGetBooleani_v @ 203 found.
 glGetIntegeri_v @ 204 found.
 glEnablei @ 205 found.
 glDisablei @ 206 found.
 glIsEnabledi @ 207 found.
 glBeginTransformFeedback @ 208 found.
 glEndTransformFeedback @ 209 found.
 glBindBufferRange @ 210 found.
 glBindBufferBase @ 211 found.
 glTransformFeedbackVaryings @ 212 found.
 glGetTransformFeedbackVarying @ 213 found.
 glClampColor @ 214 found.
 glBeginConditionalRender @ 215 found.
 glEndConditionalRender @ 216 found.
 glVertexAttribIPointer @ 217 found.
 glGetVertexAttribIiv @ 218 found.
 glGetVertexAttribIuiv @ 219 found.
 glVertexAttribI1i @ 220 found.
 glVertexAttribI2i @ 221 found.
 glVertexAttribI3i @ 222 found.
 glVertexAttribI4i @ 223 found.
 glVertexAttribI1ui @ 224 found.
 glVertexAttribI2ui @ 225 found.
 glVertexAttribI3ui @ 226 found.
 glVertexAttribI4ui @ 227 found.
 glVertexAttribI1iv @ 228 found.
 glVertexAttribI2iv @ 229 found.
 glVertexAttribI3iv @ 230 found.
 glVertexAttribI4iv @ 231 found.
 glVertexAttribI1uiv @ 232 found.
 glVertexAttribI2uiv @ 233 found.
 glVertexAttribI3uiv @ 234 found.
 glVertexAttribI4uiv @ 235 found.
 glVertexAttribI4bv @ 236 found.
 glVertexAttribI4sv @ 237 found.
 glVertexAttribI4ubv @ 238 found.
 glVertexAttribI4usv @ 239 found.
 glGetUniformuiv @ 240 found.
 glBindFragDataLocation @ 241 found.
 glGetFragDataLocation @ 242 found.
 glUniform1ui @ 243 found.
 glUniform2ui @ 244 found.
 glUniform3ui @ 245 found.
 glUniform4ui @ 246 found.
 glUniform1uiv @ 247 found.
 glUniform2uiv @ 248 found.
 glUniform3uiv @ 249 found.
 glUniform4uiv @ 250 found.
 glTexParameterIiv @ 251 found.
 glTexParameterIuiv @ 252 found.
 glGetTexParameterIiv @ 253 found.
 glGetTexParameterIuiv @ 254 found.
 glClearBufferiv @ 255 found.
 glClearBufferuiv @ 256 found.
 glClearBufferfv @ 257 found.
 glClearBufferfi @ 258 found.
 glGetStringi @ 259 found.
 glIsRenderbuffer @ 260 found.
 glBindRenderbuffer @ 261 found.
 glDeleteRenderbuffers @ 262 found.
 glGenRenderbuffers @ 263 found.
 glRenderbufferStorage @ 264 found.
 glGetRenderbufferParameteriv @ 265 found.
 glIsFramebuffer @ 266 found.
 glBindFramebuffer @ 267 found.
 glDeleteFramebuffers @ 268 found.
 glGenFramebuffers @ 269 found.
 glCheckFramebufferStatus @ 270 found.
 glFramebufferTexture1D @ 271 found.
 glFramebufferTexture2D @ 272 found.
 glFramebufferTexture3D @ 273 found.
 glFramebufferRenderbuffer @ 274 found.
 glGetFramebufferAttachmentParameteriv @ 275 found.
 glGenerateMipmap @ 276 found.
 glBlitFramebuffer @ 277 found.
 glRenderbufferStorageMultisample @ 278 found.
 glFramebufferTextureLayer @ 279 found.
 glMapBufferRange @ 280 found.
 glFlushMappedBufferRange @ 281 found.
 glBindVertexArray @ 282 found.
 glDeleteVertexArrays @ 283 found.
 glGenVertexArrays @ 284 found.
 glIsVertexArray @ 285 found.
 glDrawArraysInstanced @ 286 found.
 glDrawElementsInstanced @ 287 found.
 glTexBuffer @ 288 found.
 glPrimitiveRestartIndex @ 289 found.
 glCopyBufferSubData @ 290 found.
 glGetUniformIndices @ 291 found.
 glGetActiveUniformsiv @ 292 found.
 glGetActiveUniformName @ 293 found.
 glGetUniformBlockIndex @ 294 found.
 glGetActiveUniformBlockiv @ 295 found.
 glGetActiveUniformBlockName @ 296 found.
 glUniformBlockBinding @ 297 found.
 glDrawElementsBaseVertex @ 298 found.
 glDrawRangeElementsBaseVertex @ 299 found.
 glDrawElementsInstancedBaseVertex @ 300 found.
 glMultiDrawElementsBaseVertex @ 301 found.
 glProvokingVertex @ 302 found.
 glFenceSync @ 303 found.
 glIsSync @ 304 found.
 glDeleteSync @ 305 found.
 glClientWaitSync @ 306 found.
 glWaitSync @ 307 found.
 glGetInteger64v @ 308 found.
 glGetSynciv @ 309 found.
 glGetInteger64i_v @ 310 found.
 glGetBufferParameteri64v @ 311 found.
 glFramebufferTexture @ 312 found.
 glTexImage2DMultisample @ 313 found.
 glTexImage3DMultisample @ 314 found.
 glGetMultisamplefv @ 315 found.
 glSampleMaski @ 316 found.
 glBindFragDataLocationIndexed @ 317 found.
 glGetFragDataIndex @ 318 found.
 glGenSamplers @ 319 found.
 glDeleteSamplers @ 320 found.
 glIsSampler @ 321 found.
 glBindSampler @ 322 found.
 glSamplerParameteri @ 323 found.
 glSamplerParameteriv @ 324 found.
 glSamplerParameterf @ 325 found.
 glSamplerParameterfv @ 326 found.
 glSamplerParameterIiv @ 327 found.
 glSamplerParameterIuiv @ 328 found.
 glGetSamplerParameteriv @ 329 found.
 glGetSamplerParameterIiv @ 330 found.
 glGetSamplerParameterfv @ 331 found.
 glGetSamplerParameterIuiv @ 332 found.
 glQueryCounter @ 333 found.
 glGetQueryObjecti64v @ 334 found.
 glGetQueryObjectui64v @ 335 found.
 glVertexAttribDivisor @ 336 found.
 glVertexAttribP1ui @ 337 found.
 glVertexAttribP1uiv @ 338 found.
 glVertexAttribP2ui @ 339 found.
 glVertexAttribP2uiv @ 340 found.
 glVertexAttribP3ui @ 341 found.
 glVertexAttribP3uiv @ 342 found.
 glVertexAttribP4ui @ 343 found.
 glVertexAttribP4uiv @ 344 found.
 glMinSampleShading @ 345 found.
 glBlendEquationi @ 346 found.
 glBlendEquationSeparatei @ 347 found.
 glBlendFunci @ 348 found.
 glBlendFuncSeparatei @ 349 found.
 glDrawArraysIndirect @ 350 found.
 glDrawElementsIndirect @ 351 found.
 glUniform1d @ 352 found.
 glUniform2d @ 353 found.
 glUniform3d @ 354 found.
 glUniform4d @ 355 found.
 glUniform1dv @ 356 found.
 glUniform2dv @ 357 found.
 glUniform3dv @ 358 found.
 glUniform4dv @ 359 found.
 glUniformMatrix2dv @ 360 found.
 glUniformMatrix3dv @ 361 found.
 glUniformMatrix4dv @ 362 found.
 glUniformMatrix2x3dv @ 363 found.
 glUniformMatrix2x4dv @ 364 found.
 glUniformMatrix3x2dv @ 365 found.
 glUniformMatrix3x4dv @ 366 found.
 glUniformMatrix4x2dv @ 367 found.
 glUniformMatrix4x3dv @ 368 found.
 glGetUniformdv @ 369 found.
 glGetSubroutineUniformLocation @ 370 found.
 glGetSubroutineIndex @ 371 found.
 glGetActiveSubroutineUniformiv @ 372 found.
 glGetActiveSubroutineUniformName @ 373 found.
 glGetActiveSubroutineName @ 374 found.
 glUniformSubroutinesuiv @ 375 found.
 glGetUniformSubroutineuiv @ 376 found.
 glGetProgramStageiv @ 377 found.
 glPatchParameteri @ 378 found.
 glPatchParameterfv @ 379 found.
 glBindTransformFeedback @ 380 found.
 glDeleteTransformFeedbacks @ 381 found.
 glGenTransformFeedbacks @ 382 found.
 glIsTransformFeedback @ 383 found.
 glPauseTransformFeedback @ 384 found.
 glResumeTransformFeedback @ 385 found.
 glDrawTransformFeedback @ 386 found.
 glDrawTransformFeedbackStream @ 387 found.
 glBeginQueryIndexed @ 388 found.
 glEndQueryIndexed @ 389 found.
 glGetQueryIndexediv @ 390 found.
 glReleaseShaderCompiler @ 391 found.
 glShaderBinary @ 392 found.
 glGetShaderPrecisionFormat @ 393 found.
 glDepthRangef @ 394 found.
 glClearDepthf @ 395 found.
 glGetProgramBinary @ 396 found.
 glProgramBinary @ 397 found.
 glProgramParameteri @ 398 found.
 [!] sglDrawDriver.c:1768?_SglBuildDpu
  677 381 1920 1080 96 96 32 1 36 36 51 60 1 
 Opening the Drawing Execution Port 00
	Intel(R) HD Graphics 3.3.0 - Build 9.17.10.4229
 [$] sglDrawDriver.c:1798?_SglBuildDpu
  WGL_EXT_depth_float WGL_ARB_buffer_region WGL_ARB_extensions_string WGL_ARB_make_current_read WGL_ARB_pixel_format WGL_ARB_pbuffer WGL_EXT_extensions_string WGL_EXT_swap_control WGL_EXT_swap_control_tear WGL_ARB_multisample WGL_ARB_pixel_format_float WGL_ARB_framebuffer_sRGB WGL_ARB_create_context WGL_ARB_create_context_profile WGL_EXT_pixel_format_packed_float WGL_EXT_create_context_es2_profile 
 Creating temp OpenGL context
 Creating definitive OpenGL context
 [!] sglDrawDriver.c:1768?_SglBuildDpu
  677 381 1920 1080 96 96 32 1 36 36 51 60 1 
 Opening the Drawing Execution Port 01
	Intel(R) HD Graphics 3.3.0 - Build 9.17.10.4229
 [$] sglDrawDriver.c:1798?_SglBuildDpu
  WGL_EXT_depth_float WGL_ARB_buffer_region WGL_ARB_extensions_string WGL_ARB_make_current_read WGL_ARB_pixel_format WGL_ARB_pbuffer WGL_EXT_extensions_string WGL_EXT_swap_control WGL_EXT_swap_control_tear WGL_ARB_multisample WGL_ARB_pixel_format_float WGL_ARB_framebuffer_sRGB WGL_ARB_create_context WGL_ARB_create_context_profile WGL_EXT_pixel_format_packed_float WGL_EXT_create_context_es2_profile 
Draw device '
           :::::::::::     :::     :::::::::   ::::::::      :::               
               :+:       :+: :+:   :+:    :+: :+:    :+:   :+: :+:             
               +:+      +:+   +:+  +:+    +:+ +:+         +:+   +:+            
               +#+     +#++:++#++: +#++:++#:  :#:        +#++:++#++:           
               +#+     +#+     +#+ +#+    +#+ +#+   +#+# +#+     +#+           
               #+#     #+#     #+# #+#    #+# #+#    #+# #+#     #+#           
               ###     ###     ### ###    ###  ########  ###     ###           
                                                                               
          T H E   Q W A D R O   E X E C U T I O N   E C O S Y S T E M          
                                                                               
                               Public Test Build                               
              (c) 2017 SIGMA Technology Group --- Federacao SIGMA              
                                www.sigmaco.org                                
                                                                               ' <'targa'> discovered on draw system 004be060.
 E:/qwadro/afx/system32/*.icd
 ERR afxSystem.c:672?AfxResolveUris
  
 ERR afxSystem.c:692?AfxResolveUri
  
 Loading draw ICD e2newton.icd
 afxModule.c:169
  AfxAcquireModules(cnt=1,mdle=003edea0,uri=003edea8)
 afxClass<Module>::ConstructObject(01248c30)
 afxModule.c:125
  _AfxMdleCtor(uri:e2newton.icd)
 afxClass<Module>::DismantleObjects(1, 003edecc)
 Destructing instance 01248c30 of Module class.
 afxModule.c:104
  _AfxMdleDtor(mdle=01248c30)
 afxDrawThread.c:163
  AfxAcquireDrawThreads(cnt=1,dthr=003eebe0,config=00000000)
 afxClass<Draw Thread>::ConstructObject(03354f00)
 afxDrawThread.c:139
  _AfxDthrCtor(dthr=03354f00)
 afxThread.c:1228
  AfxAcquireThreads(cnt=1,thr=03354f00,config=003ee694,hint="afxDrawThread.c:155!_AfxDthrCtor")
 afxClass<Thread>::ConstructObject(03869170)
 afxThread.c:1173
  _AfxThrCtor(03869170)
 afxThread.c:1079
  AfxSetThreadAffinity(thr=03869170)
 afxThread.c:1090
  AfxRunThread(thr=03869170)
 afxDrawContext.c:282
  AfxAcquireDrawContexts(cnt=1,config=003eefd8)
 afxClass<Draw Context, Draw Context>ConstructingObject(039b84e0)
 afxClass<Draw Context>::ConstructObject(039b84e0)
 afxClass<Draw Context>::ConstructObject(039b84e0)
 sglDrawContext.c:355
  _SglDctxCtor(dctx=039b84e0)
 afxArena.c:767
  AfxAcquireArena(aren=039b8500)
 afxArena.c:768
  AfxAcquireArena(spec=00000000,hint="sglDrawContext.c:378!_SglDctxCtor")
 Installing Buffer at 039b8638 by 039b84e8 over 00000000 with 003ee938)
 Installing Vertex Buffer at 039b86f8 by 039b84e8 over 00000000 with 003ee938)
 Installing Index Buffer at 039b87b8 by 039b84e8 over 00000000 with 003ee938)
 Installing Texture at 039b8578 by 039b84e8 over 00000000 with 003ee938)
 Installing Surface at 039b8878 by 039b84e8 over 00000000 with 003ee938)
 Installing Sampler at 039b8c38 by 039b84e8 over 00000000 with 003ee938)
 Installing Canvas at 039b8b78 by 039b84e8 over 00000000 with 003ee938)
 Installing Lego at 039b8ab8 by 039b84e8 over 00000000 with 003ee938)
 Installing Shader at 039b8938 by 039b84e8 over 00000000 with 003ee938)
 Installing Pipeline at 039b89f8 by 039b84e8 over 00000000 with 003ee938)
 Installing Draw Queue at 03358fe4 by 039b84e8 over 00000000 with 50b39130)
 Installing Draw Script at 033590a4 by 039b84e8 over 00000000 with 50b3922c)
 afxClass<Draw Queue>::ConstructObject(03336b80)
 sglDrawQueue.c:1596
  _SglDqueCtor(dque=03336b80)
 afxArena.c:767
  AfxAcquireArena(aren=03336bc8)
 afxArena.c:768
  AfxAcquireArena(spec=00000000,hint="sglDrawQueue.c:1613!_SglDqueCtor")
 afxClass<Draw Queue>::ConstructObject(03336c4c)
 sglDrawQueue.c:1596
  _SglDqueCtor(dque=03336c4c)
 afxArena.c:767
  AfxAcquireArena(aren=03336c94)
 afxArena.c:768
  AfxAcquireArena(spec=00000000,hint="sglDrawQueue.c:1613!_SglDqueCtor")
 Installing Draw Queue at 03359168 by 039b84e8 over 00000000 with 50b39130)
 Installing Draw Script at 03359228 by 039b84e8 over 00000000 with 50b3922c)
 afxClass<Draw Queue>::ConstructObject(0055bf70)
 sglDrawQueue.c:1596
  _SglDqueCtor(dque=0055bf70)
 afxArena.c:767
  AfxAcquireArena(aren=0055bfb8)
 afxArena.c:768
  AfxAcquireArena(spec=00000000,hint="sglDrawQueue.c:1613!_SglDqueCtor")
 afxClass<Draw Queue>::ConstructObject(0055c03c)
 sglDrawQueue.c:1596
  _SglDqueCtor(dque=0055c03c)
 afxArena.c:767
  AfxAcquireArena(aren=0055c084)
 afxArena.c:768
  AfxAcquireArena(spec=00000000,hint="sglDrawQueue.c:1613!_SglDqueCtor")
 Uploading pipeline 'data/pipeline/rgbaToRgba/rgbaToRgbaPip.xml?yFlipped'
 afxXml.c:993
  AfxLoadXml(uri:data/pipeline/rgbaToRgba/rgbaToRgbaPip.xml)
 afxFile.c:340
  AfxOpenFiles(cnt=1,file=003ee1e0,uri=003ee314,flags=3ee1e8)
 afxClass<File>::ConstructObject(0058e800)
 E:/qwadro/afx/data/pipeline/rgbaToRgba/rgbaToRgbaPip.xml
 afxStream.c:600
  AfxAcquireStream(ios=0058e800,flags=1,start=00000000,len=0)
 afxClass<File>::DismantleObjects(1, 003ee1e4)
 Destructing instance 0058e800 of File class.
 afxClass<Pipeline>::ConstructObject(00550f70)
 sglPipeline.c:300
  _SglPipCtor(pip=00550f70)
 afxShader.c:544
  AfxAcquireShaders(cnt=1,uri=004bd530,shd=003edcbc)
 Uploading shader 'data/pipeline/rgbaToRgba/rgbaToRgbaShdVtx.xml?vsFlippedY'
 afxXml.c:993
  AfxLoadXml(uri:data/pipeline/rgbaToRgba/rgbaToRgbaShdVtx.xml)
 afxFile.c:340
  AfxOpenFiles(cnt=1,file=003ed568,uri=003ed6b4,flags=3ed570)
 afxClass<File>::ConstructObject(0058e800)
 E:/qwadro/afx/data/pipeline/rgbaToRgba/rgbaToRgbaShdVtx.xml
 afxStream.c:600
  AfxAcquireStream(ios=0058e800,flags=1,start=00000000,len=0)
 afxClass<File>::DismantleObjects(1, 003ed56c)
 Destructing instance 0058e800 of File class.
 afxFile.c:340
  AfxOpenFiles(cnt=1,file=003ed350,uri=003ed4c0,flags=3ed35c)
 afxClass<File>::ConstructObject(0058e800)
 E:/qwadro/afx/data/pipeline/stdEnv.inc
 afxStream.c:600
  AfxAcquireStream(ios=0058e800,flags=5,start=00000000,len=0)
 afxClass<File>::DismantleObjects(1, 003ed358)
 Destructing instance 0058e800 of File class.
 afxShader.c:396
  AfxBuildShaders(cnt=1,shd=003edcbc,blueprint=003ed860)
 afxClass<Shader>::ConstructObject(0344e340)
 sglShader.c:149
  _SglShdCtor(shd=0344e340)
 #version 330 core // QWADRO. Engineered by SIGMA Technology Group.

#define afxInt int
#define afxNat uint

#define afxReal float

#define afxV2d vec2
#define afxV3d vec3
#define afxV4d vec4

#define afxM2d mat2
#define afxM3d mat3
#define afxM4d mat4

        
        const mat4 m = mat4(1, 0, 0, 0, 0, -1, 0, 0, 0, 0, 1, 0, 0, 0, 0, 1);
        
        layout(location = 0) in vec2 a_xy;
        
        out block
        {
            vec2 uv0;
        } sgl_v;

        void main()
        {
            gl_Position = vec4(a_xy, 0.0, 1.0);
            sgl_v.uv0 = vec2(m * vec4(gl_Position.xy * 0.5 + 0.5, 0, 1)).xy;
        }
       
 afxShader.c:544
  AfxAcquireShaders(cnt=1,uri=004bd554,shd=003edcbc)
 Uploading shader 'data/pipeline/rgbaToRgba/rgbaToRgbaShdFrg.xml?fs'
 afxXml.c:993
  AfxLoadXml(uri:data/pipeline/rgbaToRgba/rgbaToRgbaShdFrg.xml)
 afxFile.c:340
  AfxOpenFiles(cnt=1,file=003ed568,uri=003ed6b4,flags=3ed570)
 afxClass<File>::ConstructObject(0058e800)
 E:/qwadro/afx/data/pipeline/rgbaToRgba/rgbaToRgbaShdFrg.xml
 afxStream.c:600
  AfxAcquireStream(ios=0058e800,flags=1,start=00000000,len=0)
 afxClass<File>::DismantleObjects(1, 003ed56c)
 Destructing instance 0058e800 of File class.
 afxFile.c:340
  AfxOpenFiles(cnt=1,file=003ed350,uri=003ed4c0,flags=3ed35c)
 afxClass<File>::ConstructObject(0058e800)
 E:/qwadro/afx/data/pipeline/stdEnv.inc
 afxStream.c:600
  AfxAcquireStream(ios=0058e800,flags=5,start=00000000,len=0)
 afxClass<File>::DismantleObjects(1, 003ed358)
 Destructing instance 0058e800 of File class.
 afxShader.c:396
  AfxBuildShaders(cnt=1,shd=003edcbc,blueprint=003ed860)
 afxClass<Shader>::ConstructObject(0344e3d4)
 sglShader.c:149
  _SglShdCtor(shd=0344e3d4)
 #version 330 core // QWADRO. Engineered by SIGMA Technology Group.

#define afxInt int
#define afxNat uint

#define afxReal float

#define afxV2d vec2
#define afxV3d vec3
#define afxV4d vec4

#define afxM2d mat2
#define afxM3d mat3
#define afxM4d mat4

        
        uniform sampler2D samp;

        in block
        {
            vec2 uv0;
        } sgl_v;

        out vec4 sgl_rgba;

        void main()
        {
            sgl_rgba = texture(samp, sgl_v.uv0);
        }
       
 afxClass<Lego>::ConstructObject(0335d5b0)
 sglLego.c:280
  _SglLegoCtor(lego=0335d5b0)
 afxSampler.c:47
  AfxAcquireSamplers(cnt=1,samp=039b8d04,config=003eeb30)
 afxClass<Sampler>::ConstructObject(00551e00)
 sglSampler.c:129
  _SglSampCtor(samp=00551e00)
 afxClass<Vertex Buffer>::ConstructObject(004bd560)
 sglBuffer.c:374
  _SglVbufCtor(vbuf=004bd560)
 afxClass<Buffer>::ConstructObject(03767520)
 sglBuffer.c:313
  _SglBufCtor(buf=03767520)
 ERR sglDrawContext.c:533?_SglDctxCtor
  
 ERR sglDrawContext.c:533?_SglDctxCtor
  (dctx->base.vmt)
    Invalid
 afxClass<Draw Queue>::Dismount(03358fe4)